#                                                                                          --- full sequence --- -------------- this domain -------------   hmm coord   ali coord   env coord
# target name                      accession   tlen query name           accession   qlen   E-value  score  bias   #  of  c-Evalue  i-Evalue  score  bias  from    to  from    to  from    to  acc description of target
#              ------------------- ---------- ----- -------------------- ---------- ----- --------- ------ ----- --- --- --------- --------- ------ ----- ----- ----- ----- ----- ----- ----- ---- ---------------------
TRINITY_DN497_c0_g1_i1:0-815       -            272 1518at3041           -            351  9.9e-143  471.8   3.0   1   1  1.6e-143  4.6e-142  469.6   3.0     1   236     8   272     8   272 0.93 -
TRINITY_DN5121_c0_g2_i1:24-989     -            322 1518at3041           -            351   1.4e-95  316.7   0.5   1   1   6.1e-97   1.7e-95  316.4   0.5    57   338    18   311     6   320 0.92 -
TRINITY_DN4381_c0_g2_i1:129-1058   -            310 1518at3041           -            351   4.2e-95  315.1   0.2   1   1   1.8e-96     5e-95  314.9   0.2    70   340    26   308    13   310 0.93 -
TRINITY_DN1572_c0_g3_i3:0-926      -            309 1518at3041           -            351   2.4e-82  273.2   0.4   1   1   1.3e-83   3.6e-82  272.6   0.4    69   280    83   299     4   309 0.86 -
TRINITY_DN1572_c0_g5_i3:963-1748   -            262 1518at3041           -            351   7.3e-63  209.1   0.3   1   1     3e-64   8.4e-63  208.9   0.3   100   335     1   247     1   259 0.89 -
TRINITY_DN1572_c0_g5_i2:582-1361   -            260 1518at3041           -            351   7.4e-63  209.1   0.4   1   1   3.1e-64   8.7e-63  208.8   0.4   100   334     1   246     1   258 0.89 -
TRINITY_DN1572_c0_g5_i3:969-1748   -            260 1518at3041           -            351   7.4e-63  209.1   0.4   1   1   3.1e-64   8.7e-63  208.8   0.4   100   334     1   246     1   258 0.89 -
TRINITY_DN4381_c0_g3_i3:429-1601   -            391 1518at3041           -            351   1.4e-56  188.5   0.1   1   1   6.5e-58   1.8e-56  188.1   0.1    95   331   137   386   129   391 0.90 -
TRINITY_DN1572_c0_g2_i1:149-769    -            207 1518at3041           -            351   1.5e-56  188.3   0.0   1   1   5.9e-58   1.7e-56  188.2   0.0   101   287     7   201     1   206 0.90 -
TRINITY_DN198_c0_g1_i3:263-1327    -            355 1518at3041           -            351   4.5e-56  186.8   0.1   1   1     2e-57   5.5e-56  186.5   0.1    99   323   116   351   110   355 0.91 -
TRINITY_DN44306_c0_g1_i1:58-735    -            226 1518at3041           -            351   1.2e-55  185.4   0.1   1   1   4.6e-57   1.3e-55  185.3   0.1   107   319     3   226     1   226 0.92 -
TRINITY_DN24721_c0_g1_i1:0-356     -            119 1518at3041           -            351   7.3e-55  182.8   0.1   1   1   2.8e-56     8e-55  182.7   0.1   134   247     2   119     1   119 0.97 -
TRINITY_DN198_c0_g1_i2:263-1342    -            360 1518at3041           -            351   1.2e-54  182.0   0.0   1   1   5.5e-56   1.5e-54  181.7   0.0    99   331   116   359   110   360 0.89 -
TRINITY_DN2064_c0_g1_i1:880-1740   -            287 1518at3041           -            351   2.4e-52  174.5   0.1   1   1   1.1e-53   3.1e-52  174.1   0.1   106   335    42   282    33   285 0.88 -
TRINITY_DN4381_c0_g5_i1:6-608      -            201 1518at3041           -            351   3.5e-52  174.0   0.0   1   1   1.3e-53   3.7e-52  173.9   0.0   103   289     3   196     1   201 0.92 -
TRINITY_DN2064_c0_g4_i1:619-1470   -            284 1518at3041           -            351   1.5e-51  171.9   0.0   1   1   6.3e-53   1.8e-51  171.6   0.0   106   338    42   282    33   284 0.89 -
TRINITY_DN1197_c0_g1_i1:1-600      -            200 1518at3041           -            351   1.6e-49  165.2   0.0   1   1   6.4e-51   1.8e-49  165.0   0.0   131   320     1   200     1   200 0.93 -
TRINITY_DN3866_c1_g1_i1:191-919    -            243 1518at3041           -            351   2.9e-49  164.4   0.0   1   1   1.2e-50   3.4e-49  164.1   0.0   107   338     2   240     1   242 0.92 -
TRINITY_DN198_c0_g1_i1:263-1282    -            340 1518at3041           -            351   3.6e-49  164.1   0.1   1   1   2.7e-50   7.5e-49  163.0   0.1    99   276   116   297   110   339 0.89 -
TRINITY_DN4381_c0_g3_i2:95-697     -            201 1518at3041           -            351   2.2e-47  158.2   0.1   1   1   8.4e-49   2.4e-47  158.1   0.1   148   331     2   196     1   201 0.91 -
TRINITY_DN1572_c0_g2_i2:50-640     -            197 1518at3041           -            351   4.1e-47  157.3   0.0   1   1   1.6e-48   4.4e-47  157.2   0.0   139   288     2   159     1   193 0.89 -
TRINITY_DN1572_c0_g9_i1:348-1067   -            240 1518at3041           -            351   1.5e-46  155.4   0.1   1   1   5.8e-48   1.6e-46  155.3   0.1   107   333     3   238     1   240 0.91 -
TRINITY_DN4381_c0_g2_i3:12-413     -            134 1518at3041           -            351     9e-46  152.9   0.4   1   1   3.5e-47     1e-45  152.7   0.4   200   322     1   134     1   134 0.89 -
TRINITY_DN1572_c0_g1_i2:16-615     -            200 1518at3041           -            351     2e-44  148.5   0.0   1   1   7.9e-46   2.2e-44  148.3   0.0   119   296    16   199     3   200 0.91 -
TRINITY_DN1572_c0_g3_i2:86-1039    -            318 1518at3041           -            351   1.1e-42  142.8   0.1   1   2   2.9e-38   8.3e-37  123.4   0.0   103   238    17   154     3   162 0.88 -
TRINITY_DN1572_c0_g3_i2:86-1039    -            318 1518at3041           -            351   1.1e-42  142.8   0.1   2   2   4.6e-06   0.00013   17.5   0.0   243   321   178   261   167   283 0.82 -
TRINITY_DN1572_c0_g10_i1:13-954    -            314 1518at3041           -            351   1.2e-40  136.1   0.0   1   1   5.4e-42   1.5e-40  135.7   0.0   103   285     6   190     2   233 0.89 -
TRINITY_DN5187_c0_g1_i1:162-1004   -            281 1518at3041           -            351   1.3e-40  135.9   0.0   1   1   5.4e-42   1.5e-40  135.7   0.0   107   277     4   175     1   229 0.82 -
TRINITY_DN43620_c0_g1_i1:154-837   -            228 1518at3041           -            351   4.2e-39  130.9   0.1   1   1   1.8e-40   4.9e-39  130.7   0.1    65   176   116   228    67   228 0.88 -
TRINITY_DN1572_c0_g2_i3:44-640     -            199 1518at3041           -            351   8.2e-36  120.1   0.0   1   1   3.1e-37   8.7e-36  120.0   0.0   141   289     4   160     1   197 0.89 -
TRINITY_DN4381_c0_g3_i1:429-1292   -            288 1518at3041           -            351   3.8e-33  111.3   0.0   1   1   1.9e-34   5.4e-33  110.9   0.0    95   239   137   287   129   288 0.90 -
TRINITY_DN2451_c0_g2_i3:60-473     -            138 1518at3041           -            351   6.7e-32  107.3   0.0   1   1   2.7e-33   7.7e-32  107.1   0.0   107   236     2   133     1   137 0.91 -
TRINITY_DN832_c1_g1_i1:305-1167    -            249 1518at3041           -            351   2.2e-30  102.3   0.1   1   1     1e-31   2.8e-30  101.9   0.1    70   165   151   247   131   249 0.94 -
TRINITY_DN832_c1_g1_i2:305-1051    -            249 1518at3041           -            351   2.2e-30  102.3   0.1   1   1     1e-31   2.8e-30  101.9   0.1    70   165   151   247   131   249 0.94 -
TRINITY_DN22533_c0_g1_i1:1-306     -            102 1518at3041           -            351   1.6e-28   96.1   0.0   1   1   6.4e-30   1.8e-28   96.0   0.0   107   207     1   102     1   102 0.98 -
TRINITY_DN2451_c0_g2_i2:259-561    -            101 1518at3041           -            351   7.3e-26   87.4   0.0   1   1   2.8e-27   7.9e-26   87.3   0.0   109   206     3   101     1   101 0.95 -
TRINITY_DN2451_c0_g2_i4:60-437     -            126 1518at3041           -            351     4e-24   81.7   0.0   1   1   1.7e-25   4.8e-24   81.4   0.0   127   236    11   121     2   125 0.90 -
TRINITY_DN1572_c0_g1_i3:16-348     -            111 1518at3041           -            351   7.6e-24   80.8   0.0   1   1   2.9e-25   8.2e-24   80.7   0.0   120   214    15   109     3   111 0.94 -
TRINITY_DN29891_c0_g1_i1:2-301     -            100 1518at3041           -            351   8.5e-24   80.6   0.0   1   1   3.1e-25   8.8e-24   80.6   0.0   120   207    13   100     1   100 0.91 -
TRINITY_DN3247_c0_g1_i1:618-1196   -            193 1518at3041           -            351   2.1e-19   66.2   0.0   1   1   8.7e-21   2.4e-19   65.9   0.0   110   243    46   193    31   193 0.81 -
TRINITY_DN198_c2_g1_i1:0-473       -            158 1518at3041           -            351   1.6e-18   63.2   0.0   1   1   7.5e-20   2.1e-18   62.9   0.0    99   186    71   158    65   158 0.90 -
TRINITY_DN5294_c0_g1_i1:982-1536   -            185 1518at3041           -            351   1.4e-12   43.7   0.0   1   1     6e-14   1.7e-12   43.4   0.0   142   278    44   179    32   185 0.85 -
TRINITY_DN5294_c0_g1_i2:982-1536   -            185 1518at3041           -            351   1.4e-12   43.7   0.0   1   1     6e-14   1.7e-12   43.4   0.0   142   278    44   179    32   185 0.85 -
TRINITY_DN4381_c0_g1_i3:830-1288   -            153 1518at3041           -            351   5.4e-09   31.9   0.0   1   1   2.2e-10   6.2e-09   31.7   0.0   121   177    38    94    22   148 0.77 -
TRINITY_DN2073_c0_g1_i3:272-652    -            127 1518at3041           -            351   1.4e-07   27.2   0.0   1   1   5.7e-09   1.6e-07   27.1   0.0   138   214    30   113     2   124 0.70 -
TRINITY_DN2073_c0_g1_i4:2958-3338  -            127 1518at3041           -            351   1.4e-07   27.2   0.0   1   1   5.7e-09   1.6e-07   27.1   0.0   138   214    30   113     2   124 0.70 -
TRINITY_DN2073_c0_g1_i1:3069-3377  -            103 1518at3041           -            351   5.6e-07   25.3   0.0   1   1   2.1e-08   5.8e-07   25.2   0.0   144   214     1    77     1   102 0.75 -
TRINITY_DN21991_c0_g1_i1:1121-1501 -            127 1518at3041           -            351   8.5e-07   24.7   0.0   1   1   3.2e-08   8.9e-07   24.6   0.0   139   213    46   125    10   127 0.75 -
TRINITY_DN28617_c0_g1_i1:201-788   -            196 1518at3041           -            351   1.1e-06   24.3   0.0   1   1   5.1e-08   1.4e-06   23.9   0.0   137   231    53   152    37   163 0.70 -
TRINITY_DN10790_c0_g1_i1:186-533   -            116 1518at3041           -            351   1.8e-06   23.6   0.0   1   1   6.5e-08   1.8e-06   23.6   0.0   141   210    35   114    15   116 0.67 -
TRINITY_DN46132_c0_g1_i1:51-362    -            104 1518at3041           -            351   3.3e-06   22.7   0.0   1   1   1.3e-07   3.6e-06   22.6   0.0   145   219     2    82     1   103 0.73 -
TRINITY_DN2073_c0_g1_i1:5203-5637  -            145 1518at3041           -            351   9.4e-06   21.3   0.0   1   1   3.9e-07   1.1e-05   21.0   0.0   145   219    38   120    18   137 0.72 -
TRINITY_DN35906_c0_g1_i1:610-1017  -            136 1518at3041           -            351   0.00019   17.0   0.0   1   1   7.8e-06   0.00022   16.8   0.0   143   180    19    55     8    83 0.84 -
TRINITY_DN2064_c0_g3_i2:210-1481   -            424 1518at3041           -            351    0.0099   11.3   0.0   1   1   0.00044     0.012   11.0   0.0   127   165     2    40     1   131 0.89 -
TRINITY_DN44711_c0_g1_i1:247-915   -            223 1518at3041           -            351     0.018   10.5   0.0   1   2     0.037         1    4.7   0.0   144   168     3    27     1    40 0.82 -
TRINITY_DN44711_c0_g1_i1:247-915   -            223 1518at3041           -            351     0.018   10.5   0.0   2   2     0.064       1.8    3.9   0.0   195   287    87   178    76   194 0.86 -
#
# Program:         hmmsearch
# Version:         3.2.1 (June 2018)
# Pipeline mode:   SEARCH
# Query file:      /sw/bioinfo/BUSCO/v5_lineage_sets/lineages/chlorophyta_odb10/hmms/1518at3041.hmm
# Target file:     /crex/proj/snic2022-23-81/expression_algae/code/busco/trinity_VA-3180-Osg03Mul/run_chlorophyta_odb10/metaeuk_output/rerun_results/trinity_VA-3180-Osg03Mul.Trinity.fasta.modified.fas
# Option settings: hmmsearch --domtblout /crex/proj/snic2022-23-81/expression_algae/code/busco/trinity_VA-3180-Osg03Mul/run_chlorophyta_odb10/hmmer_output/rerun_results/1518at3041.out --cpu 1 /sw/bioinfo/BUSCO/v5_lineage_sets/lineages/chlorophyta_odb10/hmms/1518at3041.hmm /crex/proj/snic2022-23-81/expression_algae/code/busco/trinity_VA-3180-Osg03Mul/run_chlorophyta_odb10/metaeuk_output/rerun_results/trinity_VA-3180-Osg03Mul.Trinity.fasta.modified.fas 
# Current dir:     /crex/proj/snic2022-23-81/expression_algae/code/busco
# Date:            Fri Sep 23 10:13:08 2022
# [ok]
