#                                                                                          --- full sequence --- -------------- this domain -------------   hmm coord   ali coord   env coord
# target name                      accession   tlen query name           accession   qlen   E-value  score  bias   #  of  c-Evalue  i-Evalue  score  bias  from    to  from    to  from    to  acc description of target
#              ------------------- ---------- ----- -------------------- ---------- ----- --------- ------ ----- --- --- --------- --------- ------ ----- ----- ----- ----- ----- ----- ----- ---- ---------------------
TRINITY_DN11305_c0_g1_i2:5-628     -            208 3106at3041           -            251  2.4e-106  351.0   0.1   1   1  5.3e-107    3e-106  350.7   0.1     1   182    15   208    15   208 0.98 -
TRINITY_DN670_c0_g1_i13:264-1241   -            326 3106at3041           -            251   1.2e-79  263.5   0.0   1   2   7.7e-79   4.3e-78  258.4   0.0    12   226     1   234     1   244 0.91 -
TRINITY_DN670_c0_g1_i13:264-1241   -            326 3106at3041           -            251   1.2e-79  263.5   0.0   2   2      0.62       3.5    3.2   0.0   222   249   267   297   246   299 0.80 -
TRINITY_DN1369_c0_g1_i2:776-1645   -            290 3106at3041           -            251   1.4e-79  263.3   0.0   1   1   1.5e-78   8.7e-78  257.4   0.0     4   251     2   285     1   285 0.84 -
TRINITY_DN670_c0_g1_i22:264-1220   -            319 3106at3041           -            251   1.9e-79  262.9   0.0   1   2   7.1e-79     4e-78  258.5   0.0    12   226     1   234     1   251 0.91 -
TRINITY_DN670_c0_g1_i22:264-1220   -            319 3106at3041           -            251   1.9e-79  262.9   0.0   2   2      0.96       5.4    2.6   0.0   225   249   263   290   251   292 0.86 -
TRINITY_DN670_c0_g1_i5:264-1220    -            319 3106at3041           -            251   1.9e-79  262.9   0.0   1   2   7.1e-79     4e-78  258.5   0.0    12   226     1   234     1   251 0.91 -
TRINITY_DN670_c0_g1_i5:264-1220    -            319 3106at3041           -            251   1.9e-79  262.9   0.0   2   2      0.96       5.4    2.6   0.0   225   249   263   290   251   292 0.86 -
TRINITY_DN1369_c0_g1_i1:776-1636   -            287 3106at3041           -            251   7.1e-79  261.0   0.0   1   2   3.7e-77   2.1e-76  252.9   0.0     6   224     1   232     1   241 0.92 -
TRINITY_DN1369_c0_g1_i1:776-1636   -            287 3106at3041           -            251   7.1e-79  261.0   0.0   2   2     0.066      0.37    6.4   0.0   225   251   253   282   242   282 0.91 -
TRINITY_DN3298_c0_g1_i1:510-1361   -            284 3106at3041           -            251   3.4e-57  190.0   0.2   1   2   4.8e-57   2.7e-56  187.0   0.0     7   219     1   227     1   238 0.91 -
TRINITY_DN3298_c0_g1_i1:510-1361   -            284 3106at3041           -            251   3.4e-57  190.0   0.2   2   2       2.8        16    1.0   0.0   229   251   259   284   245   284 0.83 -
TRINITY_DN670_c2_g1_i1:200-1099    -            300 3106at3041           -            251   6.6e-56  185.8   0.0   1   2   2.7e-55   1.5e-54  181.3   0.0     7   218     1   226     1   241 0.89 -
TRINITY_DN670_c2_g1_i1:200-1099    -            300 3106at3041           -            251   6.6e-56  185.8   0.0   2   2      0.79       4.4    2.9   0.0   213   251   242   284   229   284 0.83 -
TRINITY_DN670_c0_g1_i1:219-791     -            156 3106at3041           -            251   6.2e-54  179.3   0.0   1   1   1.2e-54     7e-54  179.1   0.0    13   167     1   156     1   156 0.94 -
TRINITY_DN670_c0_g1_i14:264-867    -            185 3106at3041           -            251   1.9e-53  177.7   0.3   1   2   8.4e-28   4.7e-27   91.2   0.1    12    99     1    94     1   105 0.88 -
TRINITY_DN670_c0_g1_i14:264-867    -            185 3106at3041           -            251   1.9e-53  177.7   0.3   2   2   6.3e-26   3.5e-25   85.1   0.0    96   167   113   185   102   185 0.93 -
TRINITY_DN670_c1_g2_i1:523-1494    -            324 3106at3041           -            251   1.7e-52  174.6   0.0   1   2   7.2e-52   4.1e-51  170.1   0.0     7   215    12   243     8   256 0.86 -
TRINITY_DN670_c1_g2_i1:523-1494    -            324 3106at3041           -            251   1.7e-52  174.6   0.0   2   2      0.86       4.8    2.7   0.0   213   251   262   304   245   304 0.83 -
TRINITY_DN2161_c0_g5_i1:266-1162   -            299 3106at3041           -            251     9e-49  162.4   0.0   1   1   3.1e-49   1.7e-48  161.5   0.0     5   212     7   228     4   237 0.87 -
TRINITY_DN36322_c0_g1_i1:298-1146  -            283 3106at3041           -            251   6.5e-48  159.6   0.0   1   1   1.9e-48   1.1e-47  158.9   0.0     5   223     2   228     1   280 0.88 -
TRINITY_DN670_c4_g2_i1:2-547       -            182 3106at3041           -            251   9.6e-47  155.7   0.1   1   1   2.2e-47   1.3e-46  155.4   0.1     4   170     2   182     1   182 0.88 -
TRINITY_DN2161_c0_g1_i1:298-897    -            200 3106at3041           -            251   3.1e-43  144.2   0.4   1   1   6.2e-44   3.5e-43  144.1   0.4     7   192     1   200     1   200 0.87 -
TRINITY_DN1210_c0_g1_i3:100-1014   -            305 3106at3041           -            251   1.8e-41  138.5   0.0   1   1     4e-42   2.3e-41  138.1   0.0     3   212     5   232     3   244 0.86 -
TRINITY_DN44505_c0_g1_i1:182-916   -            245 3106at3041           -            251   4.5e-40  133.9   0.1   1   1     9e-41   5.1e-40  133.7   0.1    10   219     4   224     1   237 0.84 -
TRINITY_DN119_c0_g1_i1:1001-1852   -            284 3106at3041           -            251   3.4e-38  127.7   0.2   1   1     7e-38   3.9e-37  124.3   0.2    13   217     7   224     1   281 0.83 -
TRINITY_DN119_c0_g1_i3:1001-1852   -            284 3106at3041           -            251   3.4e-38  127.7   0.2   1   1     7e-38   3.9e-37  124.3   0.2    13   217     7   224     1   281 0.83 -
TRINITY_DN119_c0_g1_i4:1001-1852   -            284 3106at3041           -            251   3.4e-38  127.7   0.2   1   1     7e-38   3.9e-37  124.3   0.2    13   217     7   224     1   281 0.83 -
TRINITY_DN3642_c0_g1_i1:50-613     -            188 3106at3041           -            251   2.2e-36  121.8   0.0   1   1   4.3e-37   2.4e-36  121.7   0.0    42   211     4   188     1   188 0.83 -
TRINITY_DN3826_c0_g1_i1:229-1011   -            261 3106at3041           -            251   4.5e-35  117.5   0.1   1   1   9.8e-36   5.5e-35  117.2   0.1     4   192     9   202     6   226 0.87 -
TRINITY_DN8508_c0_g1_i1:256-957    -            234 3106at3041           -            251   1.3e-34  116.0   0.0   1   1   2.8e-35   1.6e-34  115.7   0.0    29   212    36   234     1   234 0.83 -
TRINITY_DN1017_c0_g2_i4:177-887    -            237 3106at3041           -            251   3.5e-34  114.6   0.0   1   1   8.2e-35   4.6e-34  114.2   0.0     3   203     1   210     1   227 0.86 -
TRINITY_DN1017_c0_g3_i1:118-729    -            204 3106at3041           -            251   1.3e-33  112.7   0.0   1   1   2.7e-34   1.5e-33  112.5   0.0     2   191     4   203     3   204 0.88 -
TRINITY_DN1017_c0_g2_i3:70-663     -            198 3106at3041           -            251   4.7e-33  110.9   0.0   1   1     1e-33   5.9e-33  110.6   0.0     3   191     1   198     1   198 0.88 -
TRINITY_DN709_c0_g1_i1:226-1185    -            320 3106at3041           -            251   6.1e-31  104.0   0.2   1   2   5.4e-30     3e-29   98.4   0.0     5   212     1   220     1   236 0.83 -
TRINITY_DN709_c0_g1_i1:226-1185    -            320 3106at3041           -            251   6.1e-31  104.0   0.2   2   2      0.34       1.9    4.1   0.0   227   251   263   290   222   290 0.84 -
TRINITY_DN709_c0_g2_i4:323-1195    -            291 3106at3041           -            251   1.7e-30  102.5   0.1   1   2   2.3e-29   1.3e-28   96.3   0.1     5   214     1   217     1   229 0.87 -
TRINITY_DN709_c0_g2_i4:323-1195    -            291 3106at3041           -            251   1.7e-30  102.5   0.1   2   2      0.24       1.4    4.5   0.0   208   251   235   285   226   285 0.79 -
TRINITY_DN1017_c0_g2_i1:70-627     -            186 3106at3041           -            251   2.5e-30  101.9   0.0   1   1   5.7e-31   3.2e-30  101.6   0.0    16   191     2   186     1   186 0.87 -
TRINITY_DN763_c0_g1_i5:61-1036     -            212 3106at3041           -            251   3.9e-30  101.3   0.0   1   1   8.2e-31   4.6e-30  101.1   0.0     3   193     2   200     1   209 0.86 -
TRINITY_DN763_c0_g1_i2:61-657      -            199 3106at3041           -            251   1.2e-29   99.8   0.0   1   1   2.3e-30   1.3e-29   99.6   0.0     3   192     2   199     1   199 0.86 -
TRINITY_DN670_c5_g1_i1:359-907     -            183 3106at3041           -            251   5.6e-29   97.5   0.1   1   1   1.2e-29   6.6e-29   97.3   0.1     7   147    35   183    30   183 0.86 -
TRINITY_DN2161_c0_g1_i3:316-807    -            164 3106at3041           -            251   6.1e-29   97.4   0.4   1   1   1.2e-29   6.7e-29   97.3   0.4    15   152     3   145     1   163 0.88 -
TRINITY_DN37083_c0_g1_i1:7-471     -            155 3106at3041           -            251     2e-28   95.7   0.1   1   1   1.3e-27   7.5e-27   90.6   0.1    50   171     1   150     1   154 0.78 -
TRINITY_DN709_c0_g2_i2:409-1299    -            297 3106at3041           -            251   6.7e-28   94.0   0.2   1   2   1.3e-27   7.2e-27   90.6   0.1     8   214     2   217     1   231 0.78 -
TRINITY_DN709_c0_g2_i2:409-1299    -            297 3106at3041           -            251   6.7e-28   94.0   0.2   2   2       1.5       8.6    1.9   0.0   201   251   230   285   218   285 0.72 -
TRINITY_DN1723_c1_g1_i1:348-983    -            212 3106at3041           -            251   2.7e-27   92.0   0.0   1   1   5.5e-28   3.1e-27   91.8   0.0    13   192    10   194     1   202 0.83 -
TRINITY_DN9549_c0_g1_i1:1-429      -            143 3106at3041           -            251   4.8e-27   91.2   0.0   1   1     1e-27   5.7e-27   91.0   0.0    63   191     1   140     1   142 0.81 -
TRINITY_DN2968_c0_g1_i3:13-831     -            273 3106at3041           -            251   9.3e-27   90.3   0.0   1   1   2.1e-27   1.2e-26   89.9   0.0     6   201    15   220    12   251 0.84 -
TRINITY_DN41071_c0_g1_i1:21-518    -            166 3106at3041           -            251   4.2e-26   88.1   0.0   1   1   9.4e-27   5.3e-26   87.8   0.0   102   212    26   150    16   158 0.83 -
TRINITY_DN5_c2_g1_i1:617-1393      -            259 3106at3041           -            251   1.5e-25   86.3   0.0   1   1     3e-26   1.7e-25   86.1   0.0    12   251     7   257     1   257 0.85 -
TRINITY_DN5_c2_g1_i3:878-1654      -            259 3106at3041           -            251   1.5e-25   86.3   0.0   1   1     3e-26   1.7e-25   86.1   0.0    12   251     7   257     1   257 0.85 -
TRINITY_DN415_c0_g2_i1:10-639      -            210 3106at3041           -            251   1.4e-24   83.1   0.1   1   1   2.8e-25   1.6e-24   83.0   0.1    81   218    52   198    34   210 0.80 -
TRINITY_DN2561_c0_g1_i2:745-1581   -            279 3106at3041           -            251   3.4e-24   81.9   0.0   1   1   7.6e-25   4.3e-24   81.5   0.0    12   251    19   275     9   275 0.78 -
TRINITY_DN28964_c0_g1_i1:10-435    -            142 3106at3041           -            251   4.1e-24   81.6   0.0   1   1     9e-25   5.1e-24   81.3   0.0     4   132     6   141     3   142 0.86 -
TRINITY_DN1348_c0_g1_i1:99-893     -            265 3106at3041           -            251   6.3e-24   81.0   0.0   1   1   1.5e-24   8.3e-24   80.6   0.0     9   200     3   206     1   223 0.83 -
TRINITY_DN43225_c0_g1_i1:271-822   -            184 3106at3041           -            251   8.6e-24   80.5   0.0   1   1   1.8e-24     1e-23   80.3   0.0    12   170     8   184     1   184 0.79 -
TRINITY_DN2561_c0_g1_i1:751-1509   -            253 3106at3041           -            251   2.3e-23   79.2   0.0   1   1   4.5e-24   2.5e-23   79.0   0.0    44   251    33   251     1   251 0.77 -
TRINITY_DN272_c0_g1_i1:1877-2758   -            294 3106at3041           -            251     4e-23   78.3   0.6   1   1   7.9e-23   4.5e-22   74.9   0.6    12   195    33   236    24   257 0.81 -
TRINITY_DN272_c0_g1_i2:1369-2250   -            294 3106at3041           -            251     4e-23   78.3   0.6   1   1   7.9e-23   4.5e-22   74.9   0.6    12   195    33   236    24   257 0.81 -
TRINITY_DN4718_c0_g1_i1:303-1049   -            249 3106at3041           -            251     4e-23   78.3   0.0   1   1   9.4e-24   5.3e-23   78.0   0.0    13   191     4   192     2   200 0.83 -
TRINITY_DN421_c0_g1_i1:621-1490    -            290 3106at3041           -            251   6.8e-23   77.6   0.0   1   1   1.5e-23   8.6e-23   77.3   0.0     9   251    35   288    29   288 0.75 -
TRINITY_DN30301_c0_g1_i1:40-516    -            159 3106at3041           -            251   8.2e-23   77.3   0.0   1   1   1.6e-23   9.1e-23   77.2   0.0    98   213    39   159    14   159 0.87 -
TRINITY_DN1634_c2_g1_i5:483-1391   -            303 3106at3041           -            251   4.2e-22   75.0   0.0   1   1   8.9e-23     5e-22   74.8   0.0     6   246     2   257     1   262 0.74 -
TRINITY_DN1844_c0_g1_i1:322-846    -            175 3106at3041           -            251   4.5e-22   74.9   0.0   1   1   9.8e-23   5.5e-22   74.6   0.0     8   172     2   171     1   173 0.84 -
TRINITY_DN415_c0_g1_i3:363-1230    -            235 3106at3041           -            251   7.4e-22   74.2   0.0   1   2   4.6e-11   2.6e-10   36.4   0.0     6   136    17   151    14   157 0.80 -
TRINITY_DN415_c0_g1_i3:363-1230    -            235 3106at3041           -            251   7.4e-22   74.2   0.0   2   2   7.7e-11   4.3e-10   35.7   0.0   137   193   175   230   172   233 0.81 -
TRINITY_DN2839_c0_g1_i1:58-510     -            151 3106at3041           -            251   1.2e-21   73.5   0.0   1   1   2.6e-22   1.4e-21   73.3   0.0     7   147     2   149     1   151 0.87 -
TRINITY_DN897_c0_g1_i4:1592-2461   -            290 3106at3041           -            251   1.4e-21   73.3   0.0   1   1     3e-22   1.7e-21   73.0   0.0     7   251    30   285    24   285 0.80 -
TRINITY_DN897_c0_g1_i5:1695-2564   -            290 3106at3041           -            251   1.4e-21   73.3   0.0   1   1     3e-22   1.7e-21   73.0   0.0     7   251    30   285    24   285 0.80 -
TRINITY_DN31716_c0_g1_i1:10-936    -            309 3106at3041           -            251   1.8e-21   73.0   0.0   1   1   3.7e-22   2.1e-21   72.8   0.0    53   250    25   232     1   233 0.73 -
TRINITY_DN411_c0_g1_i1:2-979       -            326 3106at3041           -            251   2.3e-21   72.6   0.0   1   1   8.9e-22     5e-21   71.5   0.0    45   188   114   269    97   297 0.83 -
TRINITY_DN3434_c0_g1_i2:51-704     -            218 3106at3041           -            251   2.3e-21   72.6   0.1   1   1   1.1e-21   6.3e-21   71.2   0.1    15   192    18   208     7   215 0.72 -
TRINITY_DN5_c1_g1_i1:29-517        -            163 3106at3041           -            251   2.5e-21   72.5   0.0   1   1   5.5e-22   3.1e-21   72.2   0.0   102   241    16   156     7   162 0.92 -
TRINITY_DN1844_c0_g1_i3:84-602     -            173 3106at3041           -            251   2.6e-21   72.4   0.0   1   1   5.6e-22   3.1e-21   72.2   0.0    15   172     2   164     1   170 0.84 -
TRINITY_DN826_c0_g1_i4:232-975     -            248 3106at3041           -            251   2.7e-21   72.3   0.2   1   1     6e-22   3.4e-21   72.0   0.2    16   192     3   186     1   207 0.86 -
TRINITY_DN1356_c0_g1_i4:234-1076   -            281 3106at3041           -            251   2.9e-21   72.3   1.9   1   1     1e-20   5.9e-20   68.0   1.9     4   196     7   219     5   245 0.77 -
TRINITY_DN931_c0_g1_i1:603-1532    -            310 3106at3041           -            251   4.4e-21   71.7   0.6   1   1   1.2e-20   6.9e-20   67.8   0.6     5   195    32   243    29   257 0.77 -
TRINITY_DN931_c0_g1_i2:901-1830    -            310 3106at3041           -            251   4.4e-21   71.7   0.6   1   1   1.2e-20   6.9e-20   67.8   0.6     5   195    32   243    29   257 0.77 -
TRINITY_DN3040_c0_g1_i2:489-1334   -            282 3106at3041           -            251   5.8e-21   71.3   0.2   1   1   1.2e-21   6.7e-21   71.1   0.2     5   251     2   266     1   266 0.74 -
TRINITY_DN415_c0_g1_i2:363-1079    -            239 3106at3041           -            251   5.8e-21   71.3   0.2   1   2   3.7e-10   2.1e-09   33.4   0.1     6   136    17   155    14   161 0.81 -
TRINITY_DN415_c0_g1_i2:363-1079    -            239 3106at3041           -            251   5.8e-21   71.3   0.2   2   2   7.9e-11   4.4e-10   35.6   0.0   137   193   179   234   176   237 0.81 -
TRINITY_DN904_c0_g1_i1:240-1070    -            277 3106at3041           -            251     1e-20   70.4   0.0   1   1   2.5e-21   1.4e-20   70.0   0.0    46   251    54   272     2   272 0.74 -
TRINITY_DN820_c0_g2_i1:9-578       -            190 3106at3041           -            251   1.2e-20   70.2   0.4   1   1   2.6e-20   1.5e-19   66.7   0.4    21   187     1   187     1   190 0.79 -
TRINITY_DN415_c0_g1_i4:99-794      -            232 3106at3041           -            251   1.2e-20   70.2   0.1   1   2   3.1e-09   1.7e-08   30.4   0.0    10   136     2   136     1   142 0.81 -
TRINITY_DN415_c0_g1_i4:99-794      -            232 3106at3041           -            251   1.2e-20   70.2   0.1   2   2   1.9e-11   1.1e-10   37.7   0.0   137   199   160   224   157   232 0.75 -
TRINITY_DN28289_c0_g1_i1:1638-2654 -            339 3106at3041           -            251   1.4e-20   70.0   0.0   1   1   9.4e-21   5.3e-20   68.1   0.0     9   195     7   214     2   229 0.78 -
TRINITY_DN1939_c0_g1_i1:531-1346   -            272 3106at3041           -            251   1.6e-20   69.8   0.0   1   1   3.5e-21     2e-20   69.6   0.0    11   249    12   268     2   270 0.79 -
TRINITY_DN1939_c0_g1_i4:618-1433   -            272 3106at3041           -            251   1.6e-20   69.8   0.0   1   1   3.5e-21     2e-20   69.6   0.0    11   249    12   268     2   270 0.79 -
TRINITY_DN899_c0_g1_i1:899-1921    -            341 3106at3041           -            251   1.9e-20   69.6   0.3   1   1   6.6e-21   3.7e-20   68.6   0.1     7   211    41   258    37   264 0.75 -
TRINITY_DN899_c0_g1_i4:899-1921    -            341 3106at3041           -            251   1.9e-20   69.6   0.3   1   1   6.6e-21   3.7e-20   68.6   0.1     7   211    41   258    37   264 0.75 -
TRINITY_DN897_c0_g1_i1:1701-2462   -            254 3106at3041           -            251   2.1e-20   69.5   0.0   1   1   4.5e-21   2.5e-20   69.2   0.0    24   251    13   251     5   251 0.80 -
TRINITY_DN43271_c0_g1_i1:14-721    -            236 3106at3041           -            251   2.5e-20   69.2   0.3   1   2   1.1e-15   6.3e-15   51.5   0.1    13   148     2   142     1   148 0.84 -
TRINITY_DN43271_c0_g1_i1:14-721    -            236 3106at3041           -            251   2.5e-20   69.2   0.3   2   2     8e-05   0.00045   15.9   0.0   160   193   190   225   176   231 0.87 -
TRINITY_DN41063_c0_g1_i1:166-1143  -            326 3106at3041           -            251   2.7e-20   69.1   0.0   1   1   6.3e-21   3.6e-20   68.7   0.0     4   191    17   218    14   237 0.82 -
TRINITY_DN1975_c0_g1_i2:929-1786   -            286 3106at3041           -            251   3.1e-20   68.9   0.4   1   1     6e-20   3.3e-19   65.5   0.4     6   195     3   212     1   216 0.79 -
TRINITY_DN830_c0_g1_i3:2261-3184   -            308 3106at3041           -            251   4.9e-20   68.2   0.1   1   2   1.2e-17   6.9e-17   57.9   0.1     6   172     3   176     1   180 0.83 -
TRINITY_DN830_c0_g1_i3:2261-3184   -            308 3106at3041           -            251   4.9e-20   68.2   0.1   2   2     0.016      0.09    8.4   0.0   170   220   194   244   191   274 0.77 -
TRINITY_DN7791_c0_g1_i4:202-783    -            194 3106at3041           -            251     5e-20   68.2   0.0   1   1   1.3e-20   7.2e-20   67.7   0.0    29   149    61   187    57   192 0.85 -
TRINITY_DN5_c3_g1_i1:100-726       -            209 3106at3041           -            251   8.4e-20   67.5   0.0   1   1   1.8e-20     1e-19   67.2   0.0   102   251     2   161     1   161 0.78 -
TRINITY_DN2161_c0_g2_i1:1455-1976  -            174 3106at3041           -            251   8.8e-20   67.4   1.5   1   1   1.8e-20   9.9e-20   67.2   1.5     6   172     3   173     1   174 0.85 -
TRINITY_DN1634_c2_g1_i3:166-699    -            178 3106at3041           -            251   1.2e-19   67.0   0.0   1   1   2.6e-20   1.5e-19   66.7   0.0     7   173     1   169     1   175 0.81 -
TRINITY_DN1147_c0_g2_i1:16-657     -            214 3106at3041           -            251   1.6e-19   66.6   0.0   1   1   3.9e-20   2.2e-19   66.1   0.0    50   192     3   154     2   174 0.82 -
TRINITY_DN1425_c0_g1_i1:549-1469   -            307 3106at3041           -            251   1.6e-19   66.6   0.0   1   1   5.8e-20   3.3e-19   65.6   0.0    53   188    97   242    85   304 0.75 -
TRINITY_DN4376_c0_g1_i2:29-592     -            188 3106at3041           -            251   1.8e-19   66.4   0.3   1   1   4.9e-19   2.7e-18   62.5   0.3    42   191    17   187     1   188 0.74 -
TRINITY_DN1348_c0_g1_i2:45-758     -            238 3106at3041           -            251   1.8e-19   66.4   0.0   1   1   4.2e-20   2.4e-19   66.0   0.0    52   201     1   162     1   179 0.80 -
TRINITY_DN3527_c0_g1_i2:240-1115   -            292 3106at3041           -            251   2.5e-19   65.9   0.0   1   1   4.9e-20   2.7e-19   65.8   0.0     6   192    25   225    21   287 0.78 -
TRINITY_DN30344_c0_g1_i1:857-1576  -            240 3106at3041           -            251   4.6e-19   65.1   0.0   1   1   1.2e-19   6.6e-19   64.5   0.0    53   191    30   177     1   185 0.72 -
TRINITY_DN1243_c0_g5_i1:393-1187   -            265 3106at3041           -            251   4.7e-19   65.0   0.0   1   1   7.3e-19   4.1e-18   61.9   0.0    10   172     2   168     1   223 0.82 -
TRINITY_DN1019_c0_g2_i1:120-797    -            226 3106at3041           -            251   5.4e-19   64.8   0.0   1   1   2.7e-19   1.5e-18   63.3   0.0    53   192    70   220    62   223 0.83 -
TRINITY_DN3527_c0_g1_i1:240-1040   -            267 3106at3041           -            251   6.2e-19   64.6   0.0   1   1   1.2e-19   6.5e-19   64.6   0.0     7   192     1   200     1   262 0.77 -
TRINITY_DN2444_c0_g1_i3:1067-1831  -            255 3106at3041           -            251   6.4e-19   64.6   0.1   1   1   1.6e-19   8.8e-19   64.1   0.1    12   194    12   197     4   217 0.79 -
TRINITY_DN2149_c0_g1_i3:142-1095   -            318 3106at3041           -            251   7.4e-19   64.4   0.0   1   2   7.8e-11   4.4e-10   35.6   0.0     6   118     3   116     1   119 0.83 -
TRINITY_DN2149_c0_g1_i3:142-1095   -            318 3106at3041           -            251   7.4e-19   64.4   0.0   2   2   3.5e-08     2e-07   27.0   0.0   120   192   147   222   142   285 0.67 -
TRINITY_DN1147_c0_g1_i1:199-843    -            215 3106at3041           -            251   1.2e-18   63.7   0.0   1   1   2.8e-19   1.5e-18   63.3   0.0    15   193     2   191     1   195 0.76 -
TRINITY_DN9803_c0_g1_i1:2-493      -            164 3106at3041           -            251   2.6e-18   62.6   0.0   1   1   5.3e-19     3e-18   62.4   0.0    97   195    43   142     1   160 0.72 -
TRINITY_DN3965_c0_g1_i1:668-1771   -            368 3106at3041           -            251   3.5e-18   62.2   0.0   1   1     3e-18   1.7e-17   59.9   0.0    14   196     8   215     1   221 0.69 -
TRINITY_DN3994_c0_g1_i1:257-1222   -            322 3106at3041           -            251   3.6e-18   62.1   0.0   1   1   2.6e-18   1.5e-17   60.1   0.0    14   192     8   210     1   218 0.76 -
TRINITY_DN1210_c0_g1_i2:97-615     -            173 3106at3041           -            251   4.2e-18   61.9   0.0   1   1   9.3e-19   5.2e-18   61.6   0.0   124   212     1   101     1   114 0.82 -
TRINITY_DN3734_c0_g1_i2:1-585      -            195 3106at3041           -            251   9.6e-18   60.7   0.0   1   1     2e-18   1.1e-17   60.5   0.0    13   172    10   178     4   195 0.82 -
TRINITY_DN40969_c0_g1_i1:76-786    -            237 3106at3041           -            251   1.1e-17   60.5   0.0   1   1   2.5e-18   1.4e-17   60.2   0.0    51   190    19   170     6   191 0.83 -
TRINITY_DN38963_c0_g1_i1:6-518     -            171 3106at3041           -            251   1.1e-17   60.5   0.0   1   1   2.5e-18   1.4e-17   60.2   0.0    54   193     1   150     1   153 0.84 -
TRINITY_DN4718_c0_g1_i2:190-810    -            207 3106at3041           -            251   2.1e-17   59.6   0.0   1   1   4.1e-18   2.3e-17   59.5   0.0    78   191    28   150     1   159 0.77 -
TRINITY_DN1634_c1_g1_i1:147-998    -            284 3106at3041           -            251   2.6e-17   59.3   0.0   1   2   1.3e-10   7.1e-10   35.0   0.0    53   136    41   130    34   135 0.85 -
TRINITY_DN1634_c1_g1_i1:147-998    -            284 3106at3041           -            251   2.6e-17   59.3   0.0   2   2   8.8e-07   4.9e-06   22.4   0.0   138   251   152   276   149   276 0.78 -
TRINITY_DN1634_c1_g1_i2:147-998    -            284 3106at3041           -            251   2.6e-17   59.3   0.0   1   2   1.3e-10   7.1e-10   35.0   0.0    53   136    41   130    34   135 0.85 -
TRINITY_DN1634_c1_g1_i2:147-998    -            284 3106at3041           -            251   2.6e-17   59.3   0.0   2   2   8.8e-07   4.9e-06   22.4   0.0   138   251   152   276   149   276 0.78 -
TRINITY_DN38735_c0_g1_i1:101-313   -             71 3106at3041           -            251   2.9e-17   59.1   0.0   1   1   5.7e-18   3.2e-17   59.0   0.0   123   191     1    71     1    71 0.96 -
TRINITY_DN1975_c0_g1_i1:926-1711   -            262 3106at3041           -            251   7.2e-17   57.9   0.5   1   1   1.4e-16     8e-16   54.4   0.5    52   195    24   187     1   191 0.75 -
TRINITY_DN3622_c0_g3_i2:1388-2143  -            252 3106at3041           -            251   7.4e-17   57.8   0.0   1   1   1.5e-17   8.5e-17   57.6   0.0    64   191    51   187     1   208 0.75 -
TRINITY_DN1579_c0_g1_i1:357-1124   -            256 3106at3041           -            251   7.6e-17   57.8   0.1   1   1   2.5e-17   1.4e-16   56.9   0.1    16   176     3   172     1   204 0.67 -
TRINITY_DN1183_c0_g1_i3:1436-2281  -            282 3106at3041           -            251   1.1e-16   57.3   0.0   1   1   6.3e-17   3.5e-16   55.6   0.0   108   242   127   265   109   274 0.86 -
TRINITY_DN4523_c0_g1_i2:204-1028   -            275 3106at3041           -            251   1.1e-16   57.2   0.2   1   1   7.1e-17     4e-16   55.4   0.2    13   192    22   207    12   216 0.79 -
TRINITY_DN99_c0_g1_i5:122-886      -            255 3106at3041           -            251   1.2e-16   57.1   0.0   1   1   2.9e-17   1.6e-16   56.7   0.0    15   204     4   205     2   228 0.76 -
TRINITY_DN7160_c0_g1_i1:10-531     -            174 3106at3041           -            251     2e-16   56.4   0.1   1   1   3.9e-17   2.2e-16   56.3   0.1    12   172     6   174     1   174 0.83 -
TRINITY_DN931_c0_g1_i9:1233-1940   -            236 3106at3041           -            251   2.8e-16   55.9   0.1   1   1   8.3e-16   4.6e-15   51.9   0.1    53   195     6   169     1   184 0.73 -
TRINITY_DN2444_c0_g1_i2:298-750    -            151 3106at3041           -            251   5.4e-16   55.0   0.0   1   1   1.2e-16   6.7e-16   54.7   0.0   107   194     5    93     2   113 0.86 -
TRINITY_DN2149_c0_g1_i1:63-596     -            178 3106at3041           -            251   6.4e-16   54.8   0.0   1   2   1.8e-11     1e-10   37.7   0.0     6   118     3   116     1   119 0.83 -
TRINITY_DN2149_c0_g1_i1:63-596     -            178 3106at3041           -            251   6.4e-16   54.8   0.0   2   2   0.00013   0.00073   15.3   0.0   120   147   147   176   142   178 0.81 -
TRINITY_DN2430_c4_g1_i2:50-490     -            147 3106at3041           -            251   6.4e-16   54.8   0.0   1   1   1.3e-16   7.5e-16   54.5   0.0   102   193    12   108     8   128 0.90 -
TRINITY_DN31356_c0_g1_i1:64-534    -            157 3106at3041           -            251   7.3e-16   54.6   0.3   1   2   7.5e-13   4.2e-12   42.2   0.1   183   225     1    47     1    55 0.89 -
TRINITY_DN31356_c0_g1_i1:64-534    -            157 3106at3041           -            251   7.3e-16   54.6   0.3   2   2    0.0028     0.016   10.9   0.0   225   251    74   103    56   103 0.89 -
TRINITY_DN470_c0_g1_i3:340-1191    -            284 3106at3041           -            251   9.4e-16   54.2   0.0   1   1   2.6e-16   1.5e-15   53.6   0.0    53   192    82   230    73   239 0.77 -
TRINITY_DN7366_c0_g3_i1:77-943     -            289 3106at3041           -            251   1.1e-15   54.0   0.0   1   1   2.5e-16   1.4e-15   53.7   0.0    53   193    75   231    60   263 0.81 -
TRINITY_DN3734_c0_g1_i1:321-779    -            153 3106at3041           -            251   2.5e-15   52.8   0.0   1   1   5.4e-16     3e-15   52.5   0.0    13   148    10   153     4   153 0.82 -
TRINITY_DN470_c0_g1_i2:337-999     -            221 3106at3041           -            251   3.1e-15   52.5   0.0   1   1     8e-16   4.5e-15   52.0   0.0    53   170    83   205    73   220 0.76 -
TRINITY_DN2854_c0_g1_i1:59-589     -            177 3106at3041           -            251   3.3e-15   52.4   0.0   1   1     8e-16   4.5e-15   52.0   0.0   139   212     5    88     3   105 0.82 -
TRINITY_DN771_c0_g1_i1:49-717      -            223 3106at3041           -            251   3.4e-15   52.4   0.0   1   1   8.5e-15   4.8e-14   48.6   0.0    31   190    29   213     1   219 0.70 -
TRINITY_DN6985_c1_g5_i1:2-754      -            251 3106at3041           -            251   3.9e-15   52.2   0.0   1   1   8.6e-16   4.8e-15   51.9   0.0    49   193    50   203    31   227 0.81 -
TRINITY_DN2149_c0_g1_i2:142-1023   -            294 3106at3041           -            251   4.9e-15   51.9   0.0   1   2     6e-07   3.4e-06   22.9   0.0    29   118     2    92     1    95 0.75 -
TRINITY_DN2149_c0_g1_i2:142-1023   -            294 3106at3041           -            251   4.9e-15   51.9   0.0   2   2   2.9e-08   1.6e-07   27.2   0.0   120   196   123   203   118   261 0.66 -
TRINITY_DN387_c0_g1_i2:6-680       -            225 3106at3041           -            251   5.3e-15   51.8   0.1   1   2   3.1e-10   1.7e-09   33.7   0.0    79   175    13   115     3   122 0.74 -
TRINITY_DN387_c0_g1_i2:6-680       -            225 3106at3041           -            251   5.3e-15   51.8   0.1   2   2   6.1e-05   0.00034   16.3   0.0   166   201   129   164   114   179 0.76 -
TRINITY_DN4854_c0_g1_i1:86-850     -            255 3106at3041           -            251   6.2e-15   51.5   0.0   1   1   1.5e-15   8.4e-15   51.1   0.0    11   194    11   201     5   219 0.75 -
TRINITY_DN99_c0_g1_i4:451-1005     -            185 3106at3041           -            251   6.5e-15   51.5   0.0   1   1   1.5e-15   8.3e-15   51.1   0.0    15   185     4   185     2   185 0.75 -
TRINITY_DN826_c0_g1_i2:581-1042    -            154 3106at3041           -            251     7e-15   51.4   0.0   1   1   1.5e-15   8.5e-15   51.1   0.0   104   192     7    96     2   117 0.87 -
TRINITY_DN3136_c0_g1_i1:0-551      -            184 3106at3041           -            251   7.5e-15   51.3   0.0   1   1   1.7e-15   9.3e-15   51.0   0.0    56   195     2   155     1   175 0.83 -
TRINITY_DN3136_c0_g1_i2:0-638      -            213 3106at3041           -            251   1.3e-14   50.5   0.1   1   1   2.9e-15   1.6e-14   50.2   0.1    56   195     2   155     1   171 0.83 -
TRINITY_DN43004_c0_g1_i1:18-425    -            136 3106at3041           -            251   1.9e-14   49.9   0.0   1   1   3.9e-15   2.2e-14   49.7   0.0    10   132     5   135     1   136 0.87 -
TRINITY_DN99_c0_g1_i6:1-552        -            184 3106at3041           -            251     2e-14   49.9   0.0   1   1   4.4e-15   2.5e-14   49.6   0.0    15   182     4   182     2   184 0.73 -
TRINITY_DN207_c0_g1_i5:8-775       -            256 3106at3041           -            251   2.5e-14   49.5   0.9   1   1   4.1e-14   2.3e-13   46.4   0.9    49   195    17   183     1   190 0.70 -
TRINITY_DN7366_c0_g2_i1:1807-2586  -            260 3106at3041           -            251     3e-14   49.3   0.0   1   1     1e-14   5.7e-14   48.4   0.0    53   193    41   199     3   216 0.81 -
TRINITY_DN99_c0_g1_i1:47-589       -            181 3106at3041           -            251   3.7e-14   49.0   0.0   1   1   7.8e-15   4.4e-14   48.8   0.0    54   194    19   168    14   181 0.78 -
TRINITY_DN934_c0_g2_i2:190-1002    -            271 3106at3041           -            251   5.5e-14   48.4   0.0   1   1   1.1e-14   6.3e-14   48.2   0.0     5   196     2   210     1   269 0.77 -
TRINITY_DN22287_c0_g1_i1:21-491    -            157 3106at3041           -            251   8.2e-14   47.9   0.0   1   1   1.8e-14   9.9e-14   47.6   0.0     5   131    25   157    22   157 0.85 -
TRINITY_DN207_c0_g1_i6:68-787      -            240 3106at3041           -            251   9.3e-14   47.7   0.4   1   1   1.4e-13   7.9e-13   44.6   0.4   101   195    55   163     1   169 0.70 -
TRINITY_DN2430_c1_g1_i3:1025-1919  -            222 3106at3041           -            251   1.2e-13   47.3   0.0   1   1   2.7e-14   1.5e-13   47.0   0.0    50   171    82   203    75   222 0.78 -
TRINITY_DN30007_c0_g1_i1:28-495    -            156 3106at3041           -            251   1.2e-13   47.3   0.0   1   1   2.7e-14   1.5e-13   47.0   0.0   106   248     2   146     1   149 0.70 -
TRINITY_DN207_c0_g3_i2:632-1153    -            174 3106at3041           -            251   1.3e-13   47.2   0.2   1   1   2.8e-14   1.5e-13   47.0   0.2     7   152     4   155     1   172 0.79 -
TRINITY_DN7481_c0_g1_i1:3-872      -            290 3106at3041           -            251   1.4e-13   47.1   0.1   1   2     5e-05   0.00028   16.6   0.0    13    77     4    65     1    77 0.81 -
TRINITY_DN7481_c0_g1_i1:3-872      -            290 3106at3041           -            251   1.4e-13   47.1   0.1   2   2   1.1e-08   5.9e-08   28.7   0.1   105   193   141   238   103   258 0.79 -
TRINITY_DN4161_c0_g1_i2:1-522      -            174 3106at3041           -            251   2.2e-13   46.5   0.3   1   1   4.9e-13   2.8e-12   42.9   0.3   101   192    63   168     4   171 0.70 -
TRINITY_DN7160_c0_g1_i2:10-441     -            144 3106at3041           -            251   2.4e-13   46.4   0.0   1   1   5.1e-14   2.9e-13   46.1   0.0    53   172    18   144    13   144 0.83 -
TRINITY_DN1968_c3_g3_i1:12-539     -            176 3106at3041           -            251   2.5e-13   46.3   0.1   1   1   6.7e-14   3.7e-13   45.7   0.1   107   192    67   159     5   174 0.83 -
TRINITY_DN3958_c0_g1_i2:769-1164   -            132 3106at3041           -            251   3.4e-13   45.8   0.1   1   1   6.9e-14   3.9e-13   45.7   0.1     7   132     1   131     1   132 0.81 -
TRINITY_DN3958_c0_g1_i3:469-864    -            132 3106at3041           -            251   3.4e-13   45.8   0.1   1   1   6.9e-14   3.9e-13   45.7   0.1     7   132     1   131     1   132 0.81 -
TRINITY_DN5387_c0_g1_i1:2-832      -            277 3106at3041           -            251   3.6e-13   45.8   0.0   1   1   1.3e-13   7.1e-13   44.8   0.0    97   193   105   207    42   215 0.68 -
TRINITY_DN4878_c0_g1_i2:537-1013   -            159 3106at3041           -            251   5.8e-13   45.1   0.0   1   1   1.1e-13   6.3e-13   45.0   0.0    13   148     9   157     1   159 0.79 -
TRINITY_DN4107_c0_g1_i1:846-1844   -            333 3106at3041           -            251     7e-13   44.8   0.0   1   1   1.3e-12   7.6e-12   41.4   0.0    11   148     5   160     2   174 0.70 -
TRINITY_DN2046_c0_g2_i1:1351-2244  -            298 3106at3041           -            251   8.4e-13   44.5   0.1   1   2   2.4e-09   1.4e-08   30.8   0.2     7   149     4   153     1   167 0.75 -
TRINITY_DN2046_c0_g2_i1:1351-2244  -            298 3106at3041           -            251   8.4e-13   44.5   0.1   2   2    0.0013    0.0075   11.9   0.0   152   193   210   253   205   298 0.69 -
TRINITY_DN2046_c0_g2_i2:1385-2278  -            298 3106at3041           -            251   8.4e-13   44.5   0.1   1   2   2.4e-09   1.4e-08   30.8   0.2     7   149     4   153     1   167 0.75 -
TRINITY_DN2046_c0_g2_i2:1385-2278  -            298 3106at3041           -            251   8.4e-13   44.5   0.1   2   2    0.0013    0.0075   11.9   0.0   152   193   210   253   205   298 0.69 -
TRINITY_DN30103_c0_g1_i1:2-460     -            153 3106at3041           -            251   8.8e-13   44.5   0.0   1   1   3.3e-13   1.9e-12   43.4   0.0   107   191     2    99     1   118 0.79 -
TRINITY_DN81_c0_g1_i3:524-1375     -            284 3106at3041           -            251   1.3e-12   43.9   0.0   1   1   6.2e-13   3.5e-12   42.5   0.0    25   148     5   131     1   141 0.83 -
TRINITY_DN81_c0_g1_i5:524-1375     -            284 3106at3041           -            251   1.3e-12   43.9   0.0   1   1   6.2e-13   3.5e-12   42.5   0.0    25   148     5   131     1   141 0.83 -
TRINITY_DN1183_c0_g1_i1:1436-2041  -            202 3106at3041           -            251   1.5e-12   43.7   0.2   1   2         6        34   -0.0   0.0    18    66     9    56     4   103 0.68 -
TRINITY_DN1183_c0_g1_i1:1436-2041  -            202 3106at3041           -            251   1.5e-12   43.7   0.2   2   2   1.2e-12   6.7e-12   41.6   0.0   108   182   127   202   109   202 0.89 -
TRINITY_DN9410_c0_g1_i1:269-781    -            171 3106at3041           -            251     2e-12   43.3   0.0   1   1   4.1e-13   2.3e-12   43.1   0.0    17   170     7   168     3   171 0.70 -
TRINITY_DN37472_c0_g1_i1:110-634   -            175 3106at3041           -            251   2.4e-12   43.1   0.0   1   1   5.7e-13   3.2e-12   42.6   0.0   100   192     9   104     3   125 0.87 -
TRINITY_DN228_c0_g1_i2:105-695     -            197 3106at3041           -            251   3.7e-12   42.4   0.0   1   1   7.9e-13   4.4e-12   42.2   0.0    95   190    50   157    14   175 0.73 -
TRINITY_DN228_c0_g1_i1:1413-1943   -            177 3106at3041           -            251   4.1e-12   42.3   0.2   1   1   2.2e-12   1.3e-11   40.7   0.2    76   155    69   157     3   173 0.71 -
TRINITY_DN228_c0_g1_i3:1579-2109   -            177 3106at3041           -            251   4.1e-12   42.3   0.2   1   1   2.2e-12   1.3e-11   40.7   0.2    76   155    69   157     3   173 0.71 -
TRINITY_DN228_c0_g1_i4:1709-2239   -            177 3106at3041           -            251   4.1e-12   42.3   0.2   1   1   2.2e-12   1.3e-11   40.7   0.2    76   155    69   157     3   173 0.71 -
TRINITY_DN228_c0_g1_i7:297-827     -            177 3106at3041           -            251   4.1e-12   42.3   0.2   1   1   2.2e-12   1.3e-11   40.7   0.2    76   155    69   157     3   173 0.71 -
TRINITY_DN1019_c0_g3_i1:14-535     -            174 3106at3041           -            251   4.8e-12   42.1   0.0   1   1   1.1e-12     6e-12   41.8   0.0    53   153    40   151    29   172 0.81 -
TRINITY_DN1243_c0_g2_i4:23-994     -            324 3106at3041           -            251   5.4e-12   41.9   0.4   1   2   0.00017   0.00094   14.9   0.0    10    71    23    81    17    90 0.84 -
TRINITY_DN1243_c0_g2_i4:23-994     -            324 3106at3041           -            251   5.4e-12   41.9   0.4   2   2   1.3e-07   7.1e-07   25.1   0.1   104   192   161   259   121   267 0.77 -
TRINITY_DN15433_c0_g1_i1:170-679   -            170 3106at3041           -            251   6.9e-12   41.5   0.0   1   1   1.5e-12   8.7e-12   41.2   0.0   108   192     6    99     2   122 0.81 -
TRINITY_DN31059_c0_g1_i1:170-733   -            188 3106at3041           -            251   7.7e-12   41.4   0.0   1   1   2.7e-12   1.5e-11   40.4   0.0    14   135     8   134     3   138 0.80 -
TRINITY_DN228_c0_g1_i5:997-1578    -            194 3106at3041           -            251   7.9e-12   41.4   0.0   1   1   1.6e-12   8.8e-12   41.2   0.0    96   190    20   126     1   145 0.77 -
TRINITY_DN1362_c0_g1_i1:1370-2512  -            381 3106at3041           -            251   9.4e-12   41.1   0.0   1   2      0.35         2    4.0   0.0     9    71    52   114    46   121 0.77 -
TRINITY_DN1362_c0_g1_i1:1370-2512  -            381 3106at3041           -            251   9.4e-12   41.1   0.0   2   2   1.2e-10     7e-10   35.0   0.0   105   192   212   312   192   335 0.80 -
TRINITY_DN1362_c0_g1_i3:1305-2447  -            381 3106at3041           -            251   9.4e-12   41.1   0.0   1   2      0.35         2    4.0   0.0     9    71    52   114    46   121 0.77 -
TRINITY_DN1362_c0_g1_i3:1305-2447  -            381 3106at3041           -            251   9.4e-12   41.1   0.0   2   2   1.2e-10     7e-10   35.0   0.0   105   192   212   312   192   335 0.80 -
TRINITY_DN1362_c0_g1_i4:1371-2513  -            381 3106at3041           -            251   9.4e-12   41.1   0.0   1   2      0.35         2    4.0   0.0     9    71    52   114    46   121 0.77 -
TRINITY_DN1362_c0_g1_i4:1371-2513  -            381 3106at3041           -            251   9.4e-12   41.1   0.0   2   2   1.2e-10     7e-10   35.0   0.0   105   192   212   312   192   335 0.80 -
TRINITY_DN1243_c0_g2_i2:23-943     -            307 3106at3041           -            251   1.1e-11   40.9   0.5   1   2   0.00033    0.0018   13.9   0.1    11    71     7    64     1    73 0.82 -
TRINITY_DN1243_c0_g2_i2:23-943     -            307 3106at3041           -            251   1.1e-11   40.9   0.5   2   2   1.1e-07   6.2e-07   25.3   0.1   104   192   144   242   103   250 0.77 -
TRINITY_DN37161_c0_g1_i1:262-822   -            187 3106at3041           -            251   1.4e-11   40.6   0.6   1   1     3e-11   1.7e-10   37.0   0.6    15   148     3   147     1   186 0.76 -
TRINITY_DN2466_c0_g2_i1:1327-1923  -            199 3106at3041           -            251   1.7e-11   40.3   0.0   1   1   3.8e-12   2.1e-11   40.0   0.0    95   155    89   152    63   195 0.82 -
TRINITY_DN4107_c0_g1_i2:85-1062    -            326 3106at3041           -            251   1.7e-11   40.2   0.1   1   1   3.3e-11   1.8e-10   36.9   0.0    15   148     2   153     1   164 0.69 -
TRINITY_DN2466_c0_g2_i3:1132-1737  -            202 3106at3041           -            251   1.8e-11   40.2   0.0   1   1   3.9e-12   2.2e-11   39.9   0.0    95   156    27    91     4   137 0.81 -
TRINITY_DN207_c0_g1_i4:36-515      -            160 3106at3041           -            251     2e-11   40.0   0.1   1   1     4e-11   2.3e-10   36.6   0.1   115   195     1    95     1   102 0.80 -
TRINITY_DN1891_c0_g1_i2:1-876      -            292 3106at3041           -            251   2.8e-11   39.6   0.0   1   2     0.044      0.25    7.0   0.0    15    68     2    56     1    63 0.80 -
TRINITY_DN1891_c0_g1_i2:1-876      -            292 3106at3041           -            251   2.8e-11   39.6   0.0   2   2   2.7e-09   1.5e-08   30.6   0.0   107   192   139   233   131   241 0.81 -
TRINITY_DN5094_c0_g1_i1:130-369    -             80 3106at3041           -            251   3.4e-11   39.3   0.0   1   1   7.3e-12   4.1e-11   39.0   0.0   123   192     1    78     1    79 0.85 -
TRINITY_DN8513_c0_g1_i1:110-607    -            166 3106at3041           -            251   3.5e-11   39.2   0.0   1   1   7.3e-12   4.1e-11   39.0   0.0   108   193    16   109     6   139 0.85 -
TRINITY_DN1563_c0_g1_i1:101-1075   -            325 3106at3041           -            251   4.1e-11   39.0   0.1   1   2    0.0037     0.021   10.5   0.0    15    71    10    64     4    80 0.84 -
TRINITY_DN1563_c0_g1_i1:101-1075   -            325 3106at3041           -            251   4.1e-11   39.0   0.1   2   2   5.1e-08   2.9e-07   26.4   0.0   104   192   163   265   153   286 0.75 -
TRINITY_DN38765_c0_g1_i1:2-361     -            120 3106at3041           -            251   6.6e-11   38.3   0.0   1   2   9.2e-10   5.2e-09   32.1   0.0   179   218     1    44     1    66 0.89 -
TRINITY_DN38765_c0_g1_i1:2-361     -            120 3106at3041           -            251   6.6e-11   38.3   0.0   2   2      0.18         1    5.0   0.0   225   251    73   102    50   102 0.86 -
TRINITY_DN2430_c2_g1_i2:0-491      -            164 3106at3041           -            251   8.5e-11   38.0   0.0   1   2   2.4e-07   1.4e-06   24.2   0.0     7    90     2    83     1    92 0.92 -
TRINITY_DN2430_c2_g1_i2:0-491      -            164 3106at3041           -            251   8.5e-11   38.0   0.0   2   2    0.0012    0.0065   12.1   0.0   103   147   114   164   103   164 0.74 -
TRINITY_DN2968_c0_g2_i1:3-443      -            147 3106at3041           -            251   1.1e-10   37.6   0.0   1   1   2.3e-11   1.3e-10   37.4   0.0   108   192    45   140    21   145 0.77 -
TRINITY_DN7481_c0_g1_i2:9-827      -            273 3106at3041           -            251   1.2e-10   37.5   0.1   1   2     0.054       0.3    6.7   0.0    30    78     4    51     2    62 0.78 -
TRINITY_DN7481_c0_g1_i2:9-827      -            273 3106at3041           -            251   1.2e-10   37.5   0.1   2   2   9.1e-09   5.1e-08   28.9   0.1   105   193   126   223    88   243 0.79 -
TRINITY_DN2910_c0_g1_i1:168-1112   -            315 3106at3041           -            251   1.6e-10   37.1   0.0   1   1   4.7e-11   2.7e-10   36.4   0.0   107   195   164   257   103   286 0.80 -
TRINITY_DN2910_c0_g1_i2:168-1112   -            315 3106at3041           -            251   1.6e-10   37.1   0.0   1   1   4.7e-11   2.7e-10   36.4   0.0   107   195   164   257   103   286 0.80 -
TRINITY_DN1968_c3_g2_i1:128-1042   -            305 3106at3041           -            251   1.9e-10   36.9   0.0   1   1   1.2e-10   6.8e-10   35.0   0.0   107   191   151   244   129   281 0.80 -
TRINITY_DN2430_c1_g1_i5:1033-1839  -            269 3106at3041           -            251   1.9e-10   36.8   0.0   1   2     0.021      0.12    8.0   0.0    50    97    82   127    75   133 0.79 -
TRINITY_DN2430_c1_g1_i5:1033-1839  -            269 3106at3041           -            251   1.9e-10   36.8   0.0   2   2     4e-08   2.3e-07   26.8   0.0   100   171   176   250   170   269 0.74 -
TRINITY_DN5241_c0_g1_i1:4-858      -            285 3106at3041           -            251   3.3e-10   36.0   0.0   1   1   1.1e-10   6.4e-10   35.1   0.0    12   251    16   281     7   281 0.73 -
TRINITY_DN392_c0_g1_i5:7-939       -            311 3106at3041           -            251   4.7e-10   35.6   0.1   1   2       0.8       4.5    2.8   0.0    16    69    18    72     9    82 0.77 -
TRINITY_DN392_c0_g1_i5:7-939       -            311 3106at3041           -            251   4.7e-10   35.6   0.1   2   2   2.6e-09   1.4e-08   30.7   0.0   108   193   162   256   122   262 0.81 -
TRINITY_DN8089_c0_g1_i1:8-517      -            170 3106at3041           -            251   6.5e-10   35.1   0.0   1   1   1.5e-10   8.3e-10   34.7   0.0   105   205    11   121     3   131 0.78 -
TRINITY_DN23057_c0_g1_i1:2-439     -            146 3106at3041           -            251   8.6e-10   34.7   0.0   1   1   1.6e-10   8.8e-10   34.7   0.0   116   238     1   126     1   142 0.74 -
TRINITY_DN392_c0_g1_i2:1756-2724   -            323 3106at3041           -            251   8.8e-10   34.7   0.0   1   2       7.2        41   -0.3   0.0    49    69    52    72    12    80 0.69 -
TRINITY_DN392_c0_g1_i2:1756-2724   -            323 3106at3041           -            251   8.8e-10   34.7   0.0   2   2   7.5e-10   4.2e-09   32.4   0.0   108   193   162   256   122   262 0.81 -
TRINITY_DN207_c0_g1_i1:36-515      -            160 3106at3041           -            251     1e-09   34.5   0.1   1   1   1.9e-09     1e-08   31.1   0.1   115   195     1    95     1   101 0.77 -
TRINITY_DN2046_c0_g2_i3:49-606     -            186 3106at3041           -            251   1.1e-09   34.3   0.0   1   2   5.7e-06   3.2e-05   19.7   0.0   108   149     2    43     1    57 0.88 -
TRINITY_DN2046_c0_g2_i3:49-606     -            186 3106at3041           -            251   1.1e-09   34.3   0.0   2   2    0.0007    0.0039   12.9   0.0   152   193   100   143    95   186 0.74 -
TRINITY_DN1968_c3_g4_i2:103-600    -            166 3106at3041           -            251   1.2e-09   34.2   0.0   1   1   2.6e-10   1.5e-09   33.9   0.0   108   193    16   109     6   132 0.82 -
TRINITY_DN1968_c3_g4_i3:103-600    -            166 3106at3041           -            251   1.5e-09   33.9   0.0   1   1   3.2e-10   1.8e-09   33.6   0.0   108   193    16   109     6   132 0.82 -
TRINITY_DN2852_c0_g2_i1:173-1234   -            354 3106at3041           -            251   1.6e-09   33.8   0.1   1   2     1e-07   5.9e-07   25.4   0.0    33   147    37   176     2   185 0.63 -
TRINITY_DN2852_c0_g2_i1:173-1234   -            354 3106at3041           -            251   1.6e-09   33.8   0.1   2   2     0.089       0.5    6.0   0.0   165   196   257   290   246   303 0.84 -
TRINITY_DN8416_c0_g1_i2:84-479     -            132 3106at3041           -            251   1.7e-09   33.7   0.0   1   1   3.5e-10     2e-09   33.5   0.0    11   132     5   132     1   132 0.83 -
TRINITY_DN3079_c0_g1_i1:2-379      -            126 3106at3041           -            251   1.9e-09   33.6   0.0   1   1   3.9e-10   2.2e-09   33.4   0.0    14   132     3   126     1   126 0.78 -
TRINITY_DN1284_c0_g2_i1:2395-2880  -            162 3106at3041           -            251     2e-09   33.5   0.0   1   1   4.4e-10   2.5e-09   33.2   0.0   109   190     4    97     1   119 0.84 -
TRINITY_DN1284_c0_g2_i2:332-817    -            162 3106at3041           -            251     2e-09   33.5   0.0   1   1   4.4e-10   2.5e-09   33.2   0.0   109   190     4    97     1   119 0.84 -
TRINITY_DN1284_c0_g2_i4:2080-2565  -            162 3106at3041           -            251     2e-09   33.5   0.0   1   1   4.4e-10   2.5e-09   33.2   0.0   109   190     4    97     1   119 0.84 -
TRINITY_DN1869_c0_g4_i1:811-1314   -            168 3106at3041           -            251   3.4e-09   32.7   0.0   1   1   8.4e-10   4.7e-09   32.3   0.0    33   146    31   168    24   168 0.66 -
TRINITY_DN1891_c0_g1_i3:200-658    -            153 3106at3041           -            251   3.8e-09   32.6   0.0   1   1   8.2e-10   4.6e-09   32.3   0.0   108   193     3    97     1   104 0.81 -
TRINITY_DN12804_c0_g1_i2:17-853    -            279 3106at3041           -            251   5.4e-09   32.1   0.0   1   1   2.3e-09   1.3e-08   30.9   0.0    50   210    49   233     4   255 0.62 -
TRINITY_DN36001_c0_g1_i1:0-875     -            292 3106at3041           -            251   5.6e-09   32.0   0.2   1   2     0.061      0.35    6.5   0.0     8    69     5    67     1    80 0.79 -
TRINITY_DN36001_c0_g1_i1:0-875     -            292 3106at3041           -            251   5.6e-09   32.0   0.2   2   2   3.1e-07   1.7e-06   23.9   0.1   109   187   201   289   161   292 0.80 -
TRINITY_DN5363_c0_g1_i1:784-1311   -            176 3106at3041           -            251   8.7e-09   31.4   0.0   1   1     2e-09   1.1e-08   31.1   0.0    80   192    20   133    13   146 0.82 -
TRINITY_DN3723_c0_g1_i1:1184-1990  -            269 3106at3041           -            251   1.2e-08   30.9   0.0   1   1   3.9e-09   2.2e-08   30.1   0.0    80   193    92   207    84   258 0.79 -
TRINITY_DN2030_c0_g1_i1:5-517      -            171 3106at3041           -            251   1.3e-08   30.8   0.0   1   1     3e-09   1.7e-08   30.5   0.0   110   192    24   115    15   120 0.80 -
TRINITY_DN1968_c3_g6_i2:1-444      -            148 3106at3041           -            251   1.7e-08   30.5   0.0   1   1   3.4e-09   1.9e-08   30.3   0.0   107   191    55   145    14   147 0.79 -
TRINITY_DN2030_c0_g1_i2:5-499      -            165 3106at3041           -            251   1.9e-08   30.3   0.0   1   1   4.3e-09   2.4e-08   30.0   0.0   111   192    19   109     7   114 0.80 -
TRINITY_DN1968_c3_g6_i1:4-591      -            196 3106at3041           -            251   2.4e-08   30.0   0.0   1   1   5.9e-09   3.3e-08   29.5   0.0   107   191   104   194    60   196 0.75 -
TRINITY_DN2430_c1_g2_i8:23-511     -            163 3106at3041           -            251   2.9e-08   29.7   0.0   1   1   6.3e-09   3.6e-08   29.4   0.0   101   193    14   113     7   131 0.79 -
TRINITY_DN35676_c0_g1_i1:5-469     -            155 3106at3041           -            251     4e-08   29.2   0.1   1   1   1.8e-08     1e-07   27.9   0.0   140   193     3    55     1    91 0.83 -
TRINITY_DN947_c0_g1_i2:121-582     -            154 3106at3041           -            251   4.1e-08   29.2   0.0   1   1   8.5e-09   4.8e-08   29.0   0.0   112   194     7   104     1   116 0.79 -
TRINITY_DN2909_c0_g2_i1:171-695    -            175 3106at3041           -            251   4.1e-08   29.2   0.0   1   1   1.4e-08   7.7e-08   28.3   0.0    32   148    32   174     7   175 0.66 -
TRINITY_DN2430_c1_g2_i1:29-571     -            181 3106at3041           -            251   5.1e-08   28.9   0.0   1   1   1.4e-07   7.9e-07   25.0   0.0   101   192    12   122     5   132 0.78 -
TRINITY_DN2430_c1_g2_i5:29-571     -            181 3106at3041           -            251   5.1e-08   28.9   0.0   1   1   1.4e-07   7.9e-07   25.0   0.0   101   192    12   122     5   132 0.78 -
TRINITY_DN7875_c0_g1_i2:478-981    -            168 3106at3041           -            251   1.4e-07   27.4   0.5   1   1   1.4e-07   7.9e-07   25.0   0.5    28   147    23   167     1   168 0.61 -
TRINITY_DN4905_c0_g1_i1:144-572    -            143 3106at3041           -            251   1.4e-07   27.4   0.0   1   1     3e-08   1.7e-07   27.2   0.0     9   131    13   138     7   142 0.77 -
TRINITY_DN2655_c0_g1_i1:1882-2748  -            289 3106at3041           -            251   1.6e-07   27.3   0.0   1   1   1.7e-07   9.8e-07   24.7   0.0    14   251    14   283     6   283 0.70 -
TRINITY_DN947_c0_g2_i1:368-1216    -            283 3106at3041           -            251   1.9e-07   27.0   0.1   1   2       1.1       6.1    2.4   0.1    54    70    29    45    23    59 0.79 -
TRINITY_DN947_c0_g2_i1:368-1216    -            283 3106at3041           -            251   1.9e-07   27.0   0.1   2   2   8.4e-07   4.7e-06   22.4   0.0   110   194   135   234   122   245 0.75 -
TRINITY_DN4395_c0_g1_i2:7-552      -            182 3106at3041           -            251     2e-07   26.9   0.0   1   1   5.6e-07   3.1e-06   23.0   0.0   110   192    23   123    14   130 0.77 -
TRINITY_DN1968_c0_g2_i1:885-1529   -            215 3106at3041           -            251     2e-07   26.9   0.0   1   1     5e-08   2.8e-07   26.5   0.0    83   193    11   148     8   154 0.73 -
TRINITY_DN35008_c0_g1_i1:135-770   -            212 3106at3041           -            251   3.8e-07   26.0   0.0   1   2    0.0012    0.0068   12.1   0.0   107   134     5    32     2    36 0.87 -
TRINITY_DN35008_c0_g1_i1:135-770   -            212 3106at3041           -            251   3.8e-07   26.0   0.0   2   2    0.0014    0.0077   11.9   0.0   140   189    94   146    90   172 0.83 -
TRINITY_DN5052_c0_g1_i1:106-558    -            151 3106at3041           -            251   4.5e-07   25.8   0.0   1   1   8.6e-08   4.9e-07   25.7   0.0   110   191     8    97     3   143 0.74 -
TRINITY_DN5278_c0_g1_i1:1-498      -            166 3106at3041           -            251   6.4e-07   25.3   0.0   1   1   1.4e-07   7.7e-07   25.0   0.0   106   192    20   115    13   141 0.79 -
TRINITY_DN34873_c0_g1_i1:47-670    -            208 3106at3041           -            251   6.5e-07   25.3   0.0   1   2      0.75       4.2    2.9   0.0    14    68    34    87    25    95 0.78 -
TRINITY_DN34873_c0_g1_i1:47-670    -            208 3106at3041           -            251   6.5e-07   25.3   0.0   2   2     3e-06   1.7e-05   20.6   0.0   104   146   159   207    87   208 0.68 -
TRINITY_DN2968_c0_g3_i1:309-839    -            177 3106at3041           -            251   8.5e-07   24.9   0.0   1   1   2.1e-07   1.2e-06   24.4   0.0   108   193    14   106     6   113 0.82 -
TRINITY_DN2430_c1_g2_i3:19-474     -            152 3106at3041           -            251   9.1e-07   24.8   0.0   1   1   2.1e-07   1.2e-06   24.4   0.0   112   193     4    92     1   102 0.78 -
TRINITY_DN947_c0_g1_i3:159-617     -            153 3106at3041           -            251   1.1e-06   24.5   0.0   1   1   2.5e-07   1.4e-06   24.2   0.0   112   194     7   104     1   115 0.73 -
TRINITY_DN4323_c0_g1_i1:265-837    -            191 3106at3041           -            251   1.2e-06   24.4   0.0   1   1     3e-07   1.7e-06   23.9   0.0   108   192    23   122     9   127 0.73 -
TRINITY_DN11812_c0_g1_i1:261-815   -            185 3106at3041           -            251   1.4e-06   24.2   0.0   1   1     3e-07   1.7e-06   23.9   0.0   104   192    36   133    22   156 0.78 -
TRINITY_DN2594_c0_g1_i1:436-1263   -            276 3106at3041           -            251   1.4e-06   24.1   0.0   1   2   7.7e-05   0.00043   16.0   0.0   102   152    32    84    22    92 0.80 -
TRINITY_DN2594_c0_g1_i1:436-1263   -            276 3106at3041           -            251   1.4e-06   24.1   0.0   2   2     0.085      0.48    6.0   0.0   140   191   165   219   154   225 0.81 -
TRINITY_DN2594_c0_g1_i2:312-1139   -            276 3106at3041           -            251   1.4e-06   24.1   0.0   1   2   7.7e-05   0.00043   16.0   0.0   102   152    32    84    22    92 0.80 -
TRINITY_DN2594_c0_g1_i2:312-1139   -            276 3106at3041           -            251   1.4e-06   24.1   0.0   2   2     0.085      0.48    6.0   0.0   140   191   165   219   154   225 0.81 -
TRINITY_DN1401_c0_g1_i2:9-902      -            298 3106at3041           -            251   1.9e-06   23.7   0.1   1   2       8.2        46   -0.5   0.0    10    41     5    34     2    42 0.74 -
TRINITY_DN1401_c0_g1_i2:9-902      -            298 3106at3041           -            251   1.9e-06   23.7   0.1   2   2   2.4e-06   1.3e-05   21.0   0.0   108   191   145   241   135   262 0.81 -
TRINITY_DN947_c0_g2_i2:231-905     -            225 3106at3041           -            251   1.9e-06   23.7   0.0   1   1   4.8e-07   2.7e-06   23.2   0.0   110   194    62   161    49   173 0.76 -
TRINITY_DN1305_c0_g2_i1:10-528     -            173 3106at3041           -            251   2.1e-06   23.6   0.0   1   1   5.1e-07   2.9e-06   23.1   0.0   107   193     6   100     2   107 0.83 -
TRINITY_DN2655_c0_g1_i2:1894-2892  -            267 3106at3041           -            251   2.4e-06   23.4   0.0   1   1   2.4e-06   1.3e-05   21.0   0.0    79   251    63   265    10   265 0.67 -
TRINITY_DN1401_c0_g1_i1:6-566      -            187 3106at3041           -            251   2.9e-06   23.1   0.0   1   1   7.4e-07   4.2e-06   22.6   0.0   108   191    33   129    23   152 0.81 -
TRINITY_DN2570_c0_g3_i1:300-863    -            188 3106at3041           -            251   5.3e-06   22.3   0.0   1   1   1.2e-06   6.9e-06   21.9   0.0   103   192    45   143    38   149 0.79 -
TRINITY_DN43244_c0_g1_i1:33-548    -            172 3106at3041           -            251   8.7e-06   21.6   0.1   1   1   9.5e-06   5.3e-05   19.0   0.1   103   148   121   172     6   172 0.56 -
TRINITY_DN3895_c0_g1_i1:278-1300   -            341 3106at3041           -            251   8.8e-06   21.5   0.0   1   1   8.6e-06   4.8e-05   19.1   0.0   102   149   134   182   129   193 0.86 -
TRINITY_DN3895_c0_g1_i2:405-938    -            178 3106at3041           -            251   2.1e-05   20.3   0.1   1   1     7e-06   3.9e-05   19.4   0.0   102   147   131   177   126   178 0.86 -
TRINITY_DN1133_c0_g1_i1:181-783    -            201 3106at3041           -            251   3.1e-05   19.8   0.0   1   1   9.8e-06   5.5e-05   18.9   0.0     6   133    54   194    51   197 0.77 -
TRINITY_DN1305_c0_g1_i1:130-525    -            132 3106at3041           -            251   3.5e-05   19.6   0.8   1   1   1.2e-05   6.9e-05   18.6   0.8    15   134     3   130     1   132 0.70 -
TRINITY_DN23705_c0_g1_i1:56-607    -            184 3106at3041           -            251   5.9e-05   18.8   0.0   1   1   1.3e-05   7.4e-05   18.5   0.0   106   190    16   109     8   115 0.73 -
TRINITY_DN5845_c0_g1_i1:616-1236   -            207 3106at3041           -            251   6.5e-05   18.7   0.0   1   2    0.0001   0.00056   15.6   0.0   109   171     3    67     1    74 0.78 -
TRINITY_DN5845_c0_g1_i1:616-1236   -            207 3106at3041           -            251   6.5e-05   18.7   0.0   2   2       3.9        22    0.6   0.0   228   246   161   179    97   182 0.64 -
TRINITY_DN5241_c0_g1_i2:234-710    -            159 3106at3041           -            251   6.7e-05   18.7   0.0   1   1   1.6e-05   8.9e-05   18.3   0.0   117   251     1   154     1   154 0.65 -
TRINITY_DN2570_c0_g1_i1:1450-2040  -            197 3106at3041           -            251   0.00012   17.8   0.0   1   2       1.4       7.6    2.1   0.0    15    68     4    54     2    60 0.79 -
TRINITY_DN2570_c0_g1_i1:1450-2040  -            197 3106at3041           -            251   0.00012   17.8   0.0   2   2   0.00046    0.0026   13.5   0.0   102   147   135   186   127   193 0.77 -
TRINITY_DN151_c0_g1_i3:1317-1889   -            191 3106at3041           -            251    0.0002   17.1   0.0   1   1   3.6e-05    0.0002   17.1   0.0    75   152    78   166    13   175 0.85 -
TRINITY_DN151_c0_g1_i4:1317-1889   -            191 3106at3041           -            251    0.0002   17.1   0.0   1   1   3.6e-05    0.0002   17.1   0.0    75   152    78   166    13   175 0.85 -
TRINITY_DN207_c0_g2_i2:691-1377    -            229 3106at3041           -            251    0.0002   17.1   0.1   1   2     0.016     0.088    8.4   0.0   113   172   116   174    63   182 0.82 -
TRINITY_DN207_c0_g2_i2:691-1377    -            229 3106at3041           -            251    0.0002   17.1   0.1   2   2     0.052      0.29    6.7   0.0   168   194   192   218   176   223 0.83 -
TRINITY_DN8416_c0_g1_i4:20-322     -            101 3106at3041           -            251   0.00023   16.9   0.0   1   1     5e-05   0.00028   16.6   0.0    43   124    14   101     2   101 0.73 -
TRINITY_DN3624_c0_g2_i1:28-456     -            143 3106at3041           -            251   0.00029   16.6   0.0   1   1   5.7e-05   0.00032   16.4   0.0   123   193     1    81     1   108 0.74 -
TRINITY_DN947_c0_g3_i4:80-568      -            163 3106at3041           -            251   0.00035   16.3   0.0   1   1   8.9e-05    0.0005   15.8   0.0   113   196     6   104     2   125 0.68 -
TRINITY_DN207_c0_g2_i1:607-1548    -            314 3106at3041           -            251   0.00045   16.0   0.1   1   1      0.01     0.058    9.0   0.1   115   172   146   202    28   255 0.75 -
TRINITY_DN1634_c0_g1_i1:184-429    -             82 3106at3041           -            251    0.0016   14.1   0.0   1   1    0.0003    0.0017   14.1   0.0   196   251    23    81     1    81 0.75 -
TRINITY_DN1401_c0_g1_i3:134-733    -            200 3106at3041           -            251    0.0028   13.3   0.0   1   2       3.9        22    0.6   0.0     9    41     5    35     2    45 0.75 -
TRINITY_DN1401_c0_g1_i3:134-733    -            200 3106at3041           -            251    0.0028   13.3   0.0   2   2    0.0065     0.036    9.7   0.0   108   148   146   197   136   200 0.67 -
TRINITY_DN996_c0_g1_i1:389-913     -            175 3106at3041           -            251    0.0031   13.2   0.0   1   1    0.0011    0.0063   12.2   0.0   138   202    52   119    39   146 0.82 -
TRINITY_DN81_c0_g1_i4:1198-1737    -            180 3106at3041           -            251    0.0036   13.0   0.0   1   2    0.0029     0.016   10.9   0.0   123   148     1    27     1    37 0.85 -
TRINITY_DN81_c0_g1_i4:1198-1737    -            180 3106at3041           -            251    0.0036   13.0   0.0   2   2       5.9        33    0.0   0.0   179   193   105   119    79   178 0.66 -
TRINITY_DN151_c0_g2_i1:1302-1733   -            144 3106at3041           -            251    0.0064   12.2   0.1   1   1    0.0018      0.01   11.5   0.0    75   137    74   142    64   143 0.79 -
TRINITY_DN2569_c0_g1_i2:155-736    -            194 3106at3041           -            251    0.0076   11.9   0.1   1   1    0.0069     0.039    9.6   0.1    96   133   154   193    78   194 0.61 -
#
# Program:         hmmsearch
# Version:         3.2.1 (June 2018)
# Pipeline mode:   SEARCH
# Query file:      /sw/bioinfo/BUSCO/v5_lineage_sets/lineages/chlorophyta_odb10/hmms/3106at3041.hmm
# Target file:     /crex/proj/snic2022-23-81/expression_algae/code/busco/trinity_VA-3180-Osg03Mul/run_chlorophyta_odb10/metaeuk_output/rerun_results/trinity_VA-3180-Osg03Mul.Trinity.fasta.modified.fas
# Option settings: hmmsearch --domtblout /crex/proj/snic2022-23-81/expression_algae/code/busco/trinity_VA-3180-Osg03Mul/run_chlorophyta_odb10/hmmer_output/rerun_results/3106at3041.out --cpu 1 /sw/bioinfo/BUSCO/v5_lineage_sets/lineages/chlorophyta_odb10/hmms/3106at3041.hmm /crex/proj/snic2022-23-81/expression_algae/code/busco/trinity_VA-3180-Osg03Mul/run_chlorophyta_odb10/metaeuk_output/rerun_results/trinity_VA-3180-Osg03Mul.Trinity.fasta.modified.fas 
# Current dir:     /crex/proj/snic2022-23-81/expression_algae/code/busco
# Date:            Fri Sep 23 10:13:08 2022
# [ok]
