#                                                                                        --- full sequence --- -------------- this domain -------------   hmm coord   ali coord   env coord
# target name                    accession   tlen query name           accession   qlen   E-value  score  bias   #  of  c-Evalue  i-Evalue  score  bias  from    to  from    to  from    to  acc description of target
#            ------------------- ---------- ----- -------------------- ---------- ----- --------- ------ ----- --- --- --------- --------- ------ ----- ----- ----- ----- ----- ----- ----- ---- ---------------------
TRINITY_DN13612_c0_g1_i1:3-260   -             86 346at3041            -            880   1.4e-50  168.6   0.5   1   1   6.9e-53   1.5e-50  168.5   0.5    26   111     1    86     1    86 0.99 -
TRINITY_DN38541_c0_g1_i1:62-613  -            184 346at3041            -            880   7.8e-21   70.2   0.0   1   1   4.5e-23   9.8e-21   69.8   0.0   698   858    12   179     2   182 0.87 -
TRINITY_DN21450_c0_g1_i1:3-188   -             62 346at3041            -            880   1.2e-12   43.1   0.2   1   1   5.8e-15   1.2e-12   43.0   0.2   834   880     1    60     1    60 0.84 -
TRINITY_DN5132_c0_g1_i1:4-369    -            122 346at3041            -            880   3.7e-07   24.9   0.0   1   1     2e-09   4.3e-07   24.7   0.0    26   133     9   122     3   122 0.88 -
TRINITY_DN29723_c0_g1_i1:2-244   -             81 346at3041            -            880   0.00011   16.7   0.0   1   1   5.7e-07   0.00012   16.6   0.0     3    57     9    68     7    75 0.73 -
TRINITY_DN42307_c0_g1_i1:77-337  -             87 346at3041            -            880   0.00041   14.8   0.0   1   1   1.9e-06   0.00041   14.8   0.0   812   870     1    73     1    86 0.72 -
TRINITY_DN813_c0_g1_i1:1349-1810 -            154 346at3041            -            880    0.0082   10.5   0.0   1   1   4.6e-05      0.01   10.3   0.0   791   842    91   138    82   152 0.83 -
#
# Program:         hmmsearch
# Version:         3.2.1 (June 2018)
# Pipeline mode:   SEARCH
# Query file:      /sw/bioinfo/BUSCO/v5_lineage_sets/lineages/chlorophyta_odb10/hmms/346at3041.hmm
# Target file:     /crex/proj/snic2022-23-81/expression_algae/code/busco/trinity_VA-3180-Osg03Mul/run_chlorophyta_odb10/metaeuk_output/rerun_results/trinity_VA-3180-Osg03Mul.Trinity.fasta.modified.fas
# Option settings: hmmsearch --domtblout /crex/proj/snic2022-23-81/expression_algae/code/busco/trinity_VA-3180-Osg03Mul/run_chlorophyta_odb10/hmmer_output/rerun_results/346at3041.out --cpu 1 /sw/bioinfo/BUSCO/v5_lineage_sets/lineages/chlorophyta_odb10/hmms/346at3041.hmm /crex/proj/snic2022-23-81/expression_algae/code/busco/trinity_VA-3180-Osg03Mul/run_chlorophyta_odb10/metaeuk_output/rerun_results/trinity_VA-3180-Osg03Mul.Trinity.fasta.modified.fas 
# Current dir:     /crex/proj/snic2022-23-81/expression_algae/code/busco
# Date:            Fri Sep 23 10:13:06 2022
# [ok]
