#                                                                                          --- full sequence --- -------------- this domain -------------   hmm coord   ali coord   env coord
# target name                      accession   tlen query name           accession   qlen   E-value  score  bias   #  of  c-Evalue  i-Evalue  score  bias  from    to  from    to  from    to  acc description of target
#              ------------------- ---------- ----- -------------------- ---------- ----- --------- ------ ----- --- --- --------- --------- ------ ----- ----- ----- ----- ----- ----- ----- ---- ---------------------
TRINITY_DN2444_c0_g1_i3:1067-1831  -            255 4257at3041           -            355   4.2e-31  104.5   0.4   1   1   3.7e-31     2e-30  102.3   0.4     7   217    26   250    21   254 0.78 -
TRINITY_DN4854_c0_g1_i1:86-850     -            255 4257at3041           -            355   1.9e-27   92.5   0.0   1   1   5.7e-28     3e-27   91.8   0.0     7   218    26   255    20   255 0.78 -
TRINITY_DN794_c0_g1_i1:172-747     -            192 4257at3041           -            355   4.4e-26   88.0   2.3   1   1   1.2e-26   6.1e-26   87.5   2.3   219   353    36   189    25   191 0.80 -
TRINITY_DN1445_c0_g1_i1:88-645     -            186 4257at3041           -            355   1.1e-25   86.7   3.4   1   1   2.8e-26   1.5e-25   86.3   3.4   214   353    31   186    16   186 0.80 -
TRINITY_DN1445_c0_g1_i2:88-645     -            186 4257at3041           -            355   1.1e-25   86.7   3.4   1   1   2.8e-26   1.5e-25   86.3   3.4   214   353    31   186    16   186 0.80 -
TRINITY_DN1147_c0_g2_i1:16-657     -            214 4257at3041           -            355   4.9e-24   81.3   0.0   1   1   1.8e-24   9.3e-24   80.3   0.0    30   218     6   214     1   214 0.73 -
TRINITY_DN6985_c1_g5_i1:2-754      -            251 4257at3041           -            355   5.7e-24   81.1   0.1   1   1   1.5e-24     8e-24   80.6   0.1     2   164    25   208    24   221 0.79 -
TRINITY_DN2968_c0_g1_i3:13-831     -            273 4257at3041           -            355   1.7e-23   79.5   0.0   1   1   4.4e-24   2.3e-23   79.1   0.0    14   171    47   221    36   232 0.82 -
TRINITY_DN3527_c0_g1_i1:240-1040   -            267 4257at3041           -            355   5.2e-23   77.9   0.0   1   1   1.5e-23   7.7e-23   77.3   0.0     6   218    21   259    16   264 0.75 -
TRINITY_DN30344_c0_g1_i1:857-1576  -            240 4257at3041           -            355   5.3e-23   77.9   0.0   1   1   1.2e-23   6.4e-23   77.6   0.0    10   168     2   188     1   236 0.72 -
TRINITY_DN3527_c0_g1_i2:240-1115   -            292 4257at3041           -            355   7.1e-23   77.5   0.0   1   1     2e-23   1.1e-22   76.9   0.0     6   218    46   284    41   289 0.75 -
TRINITY_DN470_c0_g1_i3:340-1191    -            284 4257at3041           -            355   7.7e-23   77.3   0.0   1   1   2.2e-23   1.2e-22   76.7   0.0    18   166    70   238    68   254 0.83 -
TRINITY_DN4718_c0_g1_i1:303-1049   -            249 4257at3041           -            355   2.4e-22   75.7   0.0   1   1   8.1e-23   4.3e-22   74.9   0.0     7   165    19   200    14   204 0.78 -
TRINITY_DN1210_c0_g1_i3:100-1014   -            305 4257at3041           -            355   3.7e-22   75.1   0.0   1   1   1.2e-22   6.4e-22   74.3   0.0     8   169    31   219    27   247 0.73 -
TRINITY_DN2444_c0_g1_i2:298-750    -            151 4257at3041           -            355   6.1e-22   74.4   0.4   1   1     7e-22   3.7e-21   71.8   0.4    79   218     5   147     1   150 0.79 -
TRINITY_DN296_c1_g1_i1:1081-1959   -            293 4257at3041           -            355   1.2e-21   73.4   0.1   1   1   3.8e-22     2e-21   72.7   0.1   220   321   172   291   157   292 0.80 -
TRINITY_DN3136_c0_g1_i2:0-638      -            213 4257at3041           -            355   2.4e-21   72.4   0.2   1   1   8.9e-22   4.7e-21   71.5   0.2    33   218     2   213     1   213 0.76 -
TRINITY_DN4107_c0_g1_i2:85-1062    -            326 4257at3041           -            355   5.1e-21   71.3   0.1   1   2   3.7e-15   1.9e-14   49.7   0.0     7   105    13   123     7   129 0.84 -
TRINITY_DN4107_c0_g1_i2:85-1062    -            326 4257at3041           -            355   5.1e-21   71.3   0.1   2   2   8.6e-06   4.5e-05   18.9   0.0   127   221   225   323   216   325 0.76 -
TRINITY_DN794_c0_g1_i2:175-729     -            142 4257at3041           -            355   5.3e-21   71.3   1.8   1   1   1.3e-21   7.1e-21   70.9   1.8   227   353     1   140     1   142 0.80 -
TRINITY_DN4107_c0_g1_i1:846-1844   -            333 4257at3041           -            355   5.6e-21   71.2   0.1   1   2   3.9e-15     2e-14   49.6   0.0     7   105    20   130    14   136 0.84 -
TRINITY_DN4107_c0_g1_i1:846-1844   -            333 4257at3041           -            355   5.6e-21   71.2   0.1   2   2     9e-06   4.7e-05   18.8   0.0   127   221   232   330   223   332 0.76 -
TRINITY_DN1356_c0_g1_i4:234-1076   -            281 4257at3041           -            355   5.7e-21   71.2   0.6   1   2   1.5e-18   7.7e-18   60.9   0.2     8   139    32   180    26   186 0.77 -
TRINITY_DN1356_c0_g1_i4:234-1076   -            281 4257at3041           -            355   5.7e-21   71.2   0.6   2   2     0.015     0.079    8.2   0.0   136   209   193   275   188   279 0.77 -
TRINITY_DN15464_c0_g1_i2:0-635     -            212 4257at3041           -            355   5.9e-21   71.1   1.6   1   1   1.5e-21   7.7e-21   70.8   1.6   219   353    54   207    30   209 0.80 -
TRINITY_DN3826_c0_g1_i1:229-1011   -            261 4257at3041           -            355   6.9e-21   70.9   0.0   1   1   1.8e-21   9.6e-21   70.4   0.0    20   165    48   209    25   223 0.79 -
TRINITY_DN4718_c0_g1_i2:190-810    -            207 4257at3041           -            355   1.7e-20   69.7   0.0   1   1   4.5e-21   2.3e-20   69.2   0.0    78   165    60   158    42   163 0.87 -
TRINITY_DN1019_c0_g2_i1:120-797    -            226 4257at3041           -            355   1.7e-20   69.7   0.0   1   1   5.9e-21   3.1e-20   68.8   0.0    28   164    68   226    61   226 0.79 -
TRINITY_DN7481_c0_g1_i1:3-872      -            290 4257at3041           -            355   1.8e-20   69.6   0.3   1   2      0.22       1.1    4.4   0.0     6    48    16    59    11    73 0.67 -
TRINITY_DN7481_c0_g1_i1:3-872      -            290 4257at3041           -            355   1.8e-20   69.6   0.3   2   2   2.4e-18   1.3e-17   60.2   0.1    63   167   126   246   118   289 0.75 -
TRINITY_DN2968_c0_g3_i1:309-839    -            177 4257at3041           -            355   1.8e-20   69.6   0.0   1   1   5.4e-21   2.8e-20   68.9   0.0    76   221    10   173     5   177 0.80 -
TRINITY_DN7481_c0_g1_i2:9-827      -            273 4257at3041           -            355   2.7e-20   69.0   0.1   1   2      0.36       1.9    3.7   0.0    29    48    25    44     1    58 0.70 -
TRINITY_DN7481_c0_g1_i2:9-827      -            273 4257at3041           -            355   2.7e-20   69.0   0.1   2   2   2.2e-18   1.2e-17   60.3   0.1    63   167   111   231   103   271 0.75 -
TRINITY_DN7366_c0_g3_i1:77-943     -            289 4257at3041           -            355   3.4e-20   68.6   0.1   1   1     1e-20   5.5e-20   67.9   0.1    26   168    71   240    57   289 0.74 -
TRINITY_DN31716_c0_g1_i1:10-936    -            309 4257at3041           -            355   3.8e-20   68.5   0.0   1   1   1.1e-20   5.6e-20   67.9   0.0    14   167     9   181     2   199 0.81 -
TRINITY_DN947_c0_g2_i1:368-1216    -            283 4257at3041           -            355   5.8e-20   67.9   1.2   1   2     0.035      0.19    7.0   0.0    26    51    24    49    18    66 0.87 -
TRINITY_DN947_c0_g2_i1:368-1216    -            283 4257at3041           -            355   5.8e-20   67.9   1.2   2   2   5.1e-18   2.7e-17   59.1   0.2    68   169   121   243   115   250 0.79 -
TRINITY_DN1579_c0_g1_i1:357-1124   -            256 4257at3041           -            355   1.3e-19   66.7   0.1   1   1   5.4e-20   2.8e-19   65.6   0.1     7   165    13   207     6   255 0.76 -
TRINITY_DN884_c0_g1_i2:372-815     -            148 4257at3041           -            355   1.9e-19   66.2   0.9   1   1   4.1e-20   2.2e-19   66.0   0.9   228   353     1   146     1   148 0.77 -
TRINITY_DN1968_c3_g3_i1:12-539     -            176 4257at3041           -            355   1.9e-19   66.2   0.0   1   1   6.1e-20   3.2e-19   65.4   0.0    66   165    51   166    45   173 0.84 -
TRINITY_DN38963_c0_g1_i1:6-518     -            171 4257at3041           -            355     2e-19   66.1   0.1   1   1   5.2e-20   2.7e-19   65.7   0.1    31   169     1   160     1   170 0.78 -
TRINITY_DN1844_c0_g1_i3:84-602     -            173 4257at3041           -            355   2.1e-19   66.0   0.0   1   1   7.2e-20   3.8e-19   65.2   0.0     8   143    16   169    11   173 0.77 -
TRINITY_DN8508_c0_g1_i1:256-957    -            234 4257at3041           -            355   2.3e-19   65.9   0.0   1   1   6.2e-20   3.3e-19   65.4   0.0    10   160    38   212    33   222 0.77 -
TRINITY_DN2161_c0_g5_i1:266-1162   -            299 4257at3041           -            355   2.7e-19   65.7   0.0   1   1   7.2e-20   3.8e-19   65.2   0.0    11   167    34   213    27   248 0.70 -
TRINITY_DN2161_c0_g2_i1:1455-1976  -            174 4257at3041           -            355   3.2e-19   65.4   0.5   1   1   7.2e-20   3.8e-19   65.2   0.5    10   138    28   173    13   174 0.78 -
TRINITY_DN763_c0_g1_i5:61-1036     -            212 4257at3041           -            355   3.8e-19   65.2   0.0   1   1   9.8e-20   5.2e-19   64.7   0.0     5   166    25   207    21   211 0.77 -
TRINITY_DN99_c0_g1_i5:122-886      -            255 4257at3041           -            355   4.7e-19   64.9   0.0   1   1   1.3e-19   6.8e-19   64.4   0.0    21   218    35   249    18   252 0.74 -
TRINITY_DN1844_c0_g1_i1:322-846    -            175 4257at3041           -            355   4.8e-19   64.8   0.0   1   1   1.6e-19   8.3e-19   64.1   0.0     8   138    23   171    17   175 0.78 -
TRINITY_DN99_c0_g1_i1:47-589       -            181 4257at3041           -            355   5.7e-19   64.6   0.0   1   1   1.3e-19     7e-19   64.3   0.0    23   169    11   177     1   181 0.75 -
TRINITY_DN1147_c0_g1_i1:199-843    -            215 4257at3041           -            355     6e-19   64.5   0.0   1   1   1.7e-19   8.7e-19   64.0   0.0     7   165    13   198     6   209 0.75 -
TRINITY_DN1563_c0_g1_i1:101-1075   -            325 4257at3041           -            355   6.3e-19   64.5   0.2   1   2      0.19      0.98    4.6   0.1    25    51    41    67    18   127 0.72 -
TRINITY_DN1563_c0_g1_i1:101-1075   -            325 4257at3041           -            355   6.3e-19   64.5   0.2   2   2   1.3e-17   6.8e-17   57.8   0.0    73   172   163   279   127   323 0.81 -
TRINITY_DN12804_c0_g1_i2:17-853    -            279 4257at3041           -            355   7.3e-19   64.3   0.1   1   1   2.8e-19   1.5e-18   63.3   0.1     8   218    24   279    20   279 0.73 -
TRINITY_DN1723_c1_g1_i1:348-983    -            212 4257at3041           -            355   7.8e-19   64.2   0.0   1   1   2.1e-19   1.1e-18   63.7   0.0    16   164    37   200    23   208 0.80 -
TRINITY_DN1305_c0_g2_i1:10-528     -            173 4257at3041           -            355   8.5e-19   64.0   0.0   1   1     3e-19   1.6e-18   63.1   0.0    77   219     4   165     1   169 0.79 -
TRINITY_DN3136_c0_g1_i1:0-551      -            184 4257at3041           -            355   1.1e-18   63.7   0.2   1   1   4.4e-19   2.3e-18   62.6   0.2    33   166     2   160     1   169 0.76 -
TRINITY_DN1348_c0_g1_i1:99-893     -            265 4257at3041           -            355   1.4e-18   63.3   0.1   1   1     6e-19   3.1e-18   62.2   0.1     8   168    23   205    18   259 0.79 -
TRINITY_DN9803_c0_g1_i1:2-493      -            164 4257at3041           -            355   1.4e-18   63.3   0.0   1   1   3.4e-19   1.8e-18   63.0   0.0    78   165    52   146    39   156 0.86 -
TRINITY_DN670_c2_g1_i1:200-1099    -            300 4257at3041           -            355   1.5e-18   63.2   0.0   1   1     4e-19   2.1e-18   62.7   0.0     8   159    23   197    17   215 0.80 -
TRINITY_DN5_c2_g1_i1:617-1393      -            259 4257at3041           -            355   1.6e-18   63.1   0.0   1   1   4.4e-19   2.3e-18   62.6   0.0    13   166    32   204    21   215 0.84 -
TRINITY_DN5_c2_g1_i3:878-1654      -            259 4257at3041           -            355   1.6e-18   63.1   0.0   1   1   4.4e-19   2.3e-18   62.6   0.0    13   166    32   204    21   215 0.84 -
TRINITY_DN272_c0_g1_i1:1877-2758   -            294 4257at3041           -            355   1.6e-18   63.1   0.1   1   1   1.4e-18   7.6e-18   60.9   0.1     8   208    50   292    37   294 0.72 -
TRINITY_DN272_c0_g1_i2:1369-2250   -            294 4257at3041           -            355   1.6e-18   63.1   0.1   1   1   1.4e-18   7.6e-18   60.9   0.1     8   208    50   292    37   294 0.72 -
TRINITY_DN2030_c0_g1_i1:5-517      -            171 4257at3041           -            355   1.7e-18   63.1   1.1   1   1   8.2e-19   4.3e-18   61.7   0.5    79   165    21   122    10   126 0.81 -
TRINITY_DN2594_c0_g1_i1:436-1263   -            276 4257at3041           -            355   1.7e-18   63.0   0.0   1   2   2.9e-08   1.5e-07   27.0   0.0    62   112    19    70    12    83 0.83 -
TRINITY_DN2594_c0_g1_i1:436-1263   -            276 4257at3041           -            355   1.7e-18   63.0   0.0   2   2   2.3e-10   1.2e-09   33.9   0.0   104   167   162   229   157   275 0.86 -
TRINITY_DN2594_c0_g1_i2:312-1139   -            276 4257at3041           -            355   1.7e-18   63.0   0.0   1   2   2.9e-08   1.5e-07   27.0   0.0    62   112    19    70    12    83 0.83 -
TRINITY_DN2594_c0_g1_i2:312-1139   -            276 4257at3041           -            355   1.7e-18   63.0   0.0   2   2   2.3e-10   1.2e-09   33.9   0.0   104   167   162   229   157   275 0.86 -
TRINITY_DN2030_c0_g1_i2:5-499      -            165 4257at3041           -            355   1.8e-18   63.0   1.4   1   1   8.8e-19   4.6e-18   61.6   0.6    78   165    14   116     6   119 0.81 -
TRINITY_DN2910_c0_g1_i1:168-1112   -            315 4257at3041           -            355   1.9e-18   62.9   0.0   1   2       3.5        18    0.5   0.0     6    52    13    59     7    71 0.74 -
TRINITY_DN2910_c0_g1_i1:168-1112   -            315 4257at3041           -            355   1.9e-18   62.9   0.0   2   2   3.4e-18   1.8e-17   59.7   0.0    77   169   162   265   137   272 0.83 -
TRINITY_DN2910_c0_g1_i2:168-1112   -            315 4257at3041           -            355   1.9e-18   62.9   0.0   1   2       3.5        18    0.5   0.0     6    52    13    59     7    71 0.74 -
TRINITY_DN2910_c0_g1_i2:168-1112   -            315 4257at3041           -            355   1.9e-18   62.9   0.0   2   2   3.4e-18   1.8e-17   59.7   0.0    77   169   162   265   137   272 0.83 -
TRINITY_DN421_c0_g1_i1:621-1490    -            290 4257at3041           -            355   2.2e-18   62.7   0.0   1   1   6.8e-19   3.6e-18   62.0   0.0    10   170    57   239    52   248 0.82 -
TRINITY_DN3622_c0_g3_i2:1388-2143  -            252 4257at3041           -            355   3.1e-18   62.2   0.0   1   1   7.7e-19     4e-18   61.8   0.0     9   171    18   201     7   248 0.75 -
TRINITY_DN3734_c0_g1_i2:1-585      -            195 4257at3041           -            355   3.7e-18   61.9   0.0   1   1   9.2e-19   4.9e-18   61.5   0.0     6   138    22   178    18   195 0.74 -
TRINITY_DN4523_c0_g1_i2:204-1028   -            275 4257at3041           -            355   4.6e-18   61.6   0.0   1   1   1.3e-18   6.7e-18   61.1   0.0    14   167    47   216    37   223 0.80 -
TRINITY_DN392_c0_g1_i2:1756-2724   -            323 4257at3041           -            355   4.9e-18   61.5   1.0   1   2      0.29       1.5    4.0   0.0     6    46    27    72    22    98 0.76 -
TRINITY_DN392_c0_g1_i2:1756-2724   -            323 4257at3041           -            355   4.9e-18   61.5   1.0   2   2   1.4e-16   7.5e-16   54.4   0.7    77   169   159   266   141   315 0.83 -
TRINITY_DN947_c0_g2_i2:231-905     -            225 4257at3041           -            355   5.9e-18   61.3   0.7   1   1   2.8e-18   1.5e-17   59.9   0.7    68   170    48   171    43   221 0.83 -
TRINITY_DN392_c0_g1_i5:7-939       -            311 4257at3041           -            355   8.1e-18   60.8   0.1   1   2      0.58       3.1    3.0   0.0     6    46    27    72    23    99 0.75 -
TRINITY_DN392_c0_g1_i5:7-939       -            311 4257at3041           -            355   8.1e-18   60.8   0.1   2   2   6.9e-17   3.6e-16   55.4   0.1    77   169   159   266   141   284 0.81 -
TRINITY_DN470_c0_g1_i2:337-999     -            221 4257at3041           -            355   8.3e-18   60.8   0.0   1   1   2.2e-18   1.1e-17   60.3   0.0    18   136    71   205    69   221 0.82 -
TRINITY_DN7366_c0_g2_i1:1807-2586  -            260 4257at3041           -            355   9.8e-18   60.5   0.0   1   1   4.2e-18   2.2e-17   59.4   0.0    23   165    34   205     7   218 0.74 -
TRINITY_DN4376_c0_g1_i2:29-592     -            188 4257at3041           -            355   1.1e-17   60.4   0.4   1   1   4.4e-18   2.3e-17   59.3   0.4    21   139    17   152     2   188 0.75 -
TRINITY_DN2430_c1_g1_i3:1025-1919  -            222 4257at3041           -            355   1.2e-17   60.2   0.0   1   1   3.1e-18   1.6e-17   59.8   0.0    19   151    73   221    62   222 0.77 -
TRINITY_DN670_c0_g1_i13:264-1241   -            326 4257at3041           -            355   1.4e-17   60.0   0.0   1   1   8.4e-18   4.4e-17   58.4   0.0    10   178    20   218     5   231 0.70 -
TRINITY_DN8513_c0_g1_i1:110-607    -            166 4257at3041           -            355   2.3e-17   59.4   0.0   1   1   7.5e-18   3.9e-17   58.6   0.0    77   168    13   118     2   131 0.84 -
TRINITY_DN1369_c0_g1_i1:776-1636   -            287 4257at3041           -            355   2.4e-17   59.3   0.0   1   1   6.2e-18   3.3e-17   58.8   0.0     7   158    23   196    14   209 0.77 -
TRINITY_DN1369_c0_g1_i2:776-1645   -            290 4257at3041           -            355   2.4e-17   59.2   0.0   1   1   6.4e-18   3.4e-17   58.8   0.0     7   158    26   199    17   212 0.77 -
TRINITY_DN820_c0_g2_i1:9-578       -            190 4257at3041           -            355   2.5e-17   59.2   0.0   1   1     7e-18   3.7e-17   58.7   0.0     9   138    10   156     4   165 0.80 -
TRINITY_DN670_c0_g1_i22:264-1220   -            319 4257at3041           -            355     3e-17   59.0   0.0   1   1   1.7e-17   9.1e-17   57.4   0.0    10   164    20   202     5   224 0.70 -
TRINITY_DN670_c0_g1_i5:264-1220    -            319 4257at3041           -            355     3e-17   59.0   0.0   1   1   1.7e-17   9.1e-17   57.4   0.0    10   164    20   202     5   224 0.70 -
TRINITY_DN1362_c0_g1_i1:1370-2512  -            381 4257at3041           -            355     3e-17   59.0   0.2   1   1   1.4e-17   7.5e-17   57.6   0.2    73   168   207   322   198   376 0.77 -
TRINITY_DN1362_c0_g1_i3:1305-2447  -            381 4257at3041           -            355     3e-17   59.0   0.2   1   1   1.4e-17   7.5e-17   57.6   0.2    73   168   207   322   198   376 0.77 -
TRINITY_DN1362_c0_g1_i4:1371-2513  -            381 4257at3041           -            355     3e-17   59.0   0.2   1   1   1.4e-17   7.5e-17   57.6   0.2    73   168   207   322   198   376 0.77 -
TRINITY_DN15433_c0_g1_i1:170-679   -            170 4257at3041           -            355   3.2e-17   58.8   0.0   1   1     9e-18   4.8e-17   58.3   0.0    76   228     2   166     1   169 0.82 -
TRINITY_DN763_c0_g1_i2:61-657      -            199 4257at3041           -            355   3.6e-17   58.7   0.0   1   1   8.8e-18   4.6e-17   58.3   0.0     5   156    25   197    21   199 0.76 -
TRINITY_DN1348_c0_g1_i2:45-758     -            238 4257at3041           -            355   4.1e-17   58.5   0.1   1   1   1.8e-17   9.4e-17   57.3   0.1    31   169     3   161     1   217 0.79 -
TRINITY_DN1017_c0_g2_i4:177-887    -            237 4257at3041           -            355   7.3e-17   57.7   0.0   1   1   7.5e-17   3.9e-16   55.3   0.0    12   165    31   206    24   210 0.72 -
TRINITY_DN904_c0_g1_i1:240-1070    -            277 4257at3041           -            355   8.4e-17   57.5   0.0   1   1   3.1e-17   1.6e-16   56.5   0.0    23   165    55   220    48   226 0.77 -
TRINITY_DN43271_c0_g1_i1:14-721    -            236 4257at3041           -            355   1.4e-16   56.7   0.0   1   2   9.1e-12   4.8e-11   38.5   0.0    14   114    27   141    16   145 0.79 -
TRINITY_DN43271_c0_g1_i1:14-721    -            236 4257at3041           -            355   1.4e-16   56.7   0.0   2   2     6e-05   0.00031   16.1   0.0   126   164   190   230   183   235 0.85 -
TRINITY_DN2161_c0_g1_i1:298-897    -            200 4257at3041           -            355   1.4e-16   56.7   0.1   1   1   3.5e-17   1.8e-16   56.4   0.1    11   157    26   199    13   200 0.73 -
TRINITY_DN1243_c0_g5_i1:393-1187   -            265 4257at3041           -            355   1.5e-16   56.6   0.0   1   1     6e-17   3.2e-16   55.6   0.0    10   138    23   168     8   224 0.78 -
TRINITY_DN9549_c0_g1_i1:1-429      -            143 4257at3041           -            355   2.9e-16   55.7   0.0   1   1   6.2e-17   3.3e-16   55.5   0.0    40   160     1   143     1   143 0.70 -
TRINITY_DN36001_c0_g1_i1:0-875     -            292 4257at3041           -            355   4.5e-16   55.1   0.9   1   2      0.19      0.99    4.6   0.0     6    46    22    67    19    81 0.74 -
TRINITY_DN36001_c0_g1_i1:0-875     -            292 4257at3041           -            355   4.5e-16   55.1   0.9   2   2   7.8e-15   4.1e-14   48.6   0.3    78   155   198   291   189   292 0.80 -
TRINITY_DN30007_c0_g1_i1:28-495    -            156 4257at3041           -            355   5.6e-16   54.8   0.0   1   1   1.1e-16     6e-16   54.7   0.0    79   186     3   119     1   154 0.81 -
TRINITY_DN5278_c0_g1_i1:1-498      -            166 4257at3041           -            355   6.3e-16   54.6   0.4   1   1   1.9e-16     1e-15   53.9   0.4    77   165    19   122    12   137 0.85 -
TRINITY_DN1968_c0_g2_i1:885-1529   -            215 4257at3041           -            355   6.4e-16   54.6   0.0   1   1   2.2e-16   1.1e-15   53.8   0.0    69   170    36   159    29   209 0.73 -
TRINITY_DN1425_c0_g1_i1:549-1469   -            307 4257at3041           -            355   7.2e-16   54.4   0.0   1   1     3e-16   1.6e-15   53.3   0.0    26   167    93   255    86   262 0.78 -
TRINITY_DN2430_c4_g1_i2:50-490     -            147 4257at3041           -            355   7.2e-16   54.4   0.0   1   1   1.7e-16   8.7e-16   54.1   0.0    77   165    15   114     5   125 0.83 -
TRINITY_DN3642_c0_g1_i1:50-613     -            188 4257at3041           -            355     1e-15   53.9   0.0   1   1   2.8e-16   1.5e-15   53.4   0.0    31   161    15   168     3   182 0.66 -
TRINITY_DN2968_c0_g2_i1:3-443      -            147 4257at3041           -            355   1.1e-15   53.8   0.1   1   1   3.2e-16   1.7e-15   53.2   0.1    77   165    42   147    25   147 0.80 -
TRINITY_DN826_c0_g1_i2:581-1042    -            154 4257at3041           -            355   1.2e-15   53.7   0.0   1   1   2.9e-16   1.5e-15   53.3   0.0    78   170     8   107     3   119 0.82 -
TRINITY_DN947_c0_g1_i2:121-582     -            154 4257at3041           -            355   1.3e-15   53.6   0.0   1   1   3.8e-16     2e-15   53.0   0.0    78   172     1   117     1   122 0.80 -
TRINITY_DN37472_c0_g1_i1:110-634   -            175 4257at3041           -            355   1.4e-15   53.4   0.0   1   1   4.4e-16   2.3e-15   52.7   0.0    81   163    18   109     8   114 0.86 -
TRINITY_DN826_c0_g1_i4:232-975     -            248 4257at3041           -            355   1.6e-15   53.3   0.0   1   1   3.7e-16   1.9e-15   53.0   0.0    61   169    80   196    15   209 0.73 -
TRINITY_DN1968_c3_g2_i1:128-1042   -            305 4257at3041           -            355   1.8e-15   53.1   0.4   1   2       1.2       6.1    2.0   0.0    29    49    54    74    41    97 0.78 -
TRINITY_DN1968_c3_g2_i1:128-1042   -            305 4257at3041           -            355   1.8e-15   53.1   0.4   2   2   6.5e-15   3.4e-14   48.9   0.1    70   164   142   251   123   302 0.86 -
TRINITY_DN19228_c0_g1_i1:41-331    -             97 4257at3041           -            355   1.9e-15   53.0   0.3   1   1   3.8e-16     2e-15   52.9   0.3   268   353     4    93     1    95 0.81 -
TRINITY_DN1017_c0_g2_i1:70-627     -            186 4257at3041           -            355   2.1e-15   52.9   0.0   1   1   2.2e-15   1.2e-14   50.4   0.0    12   156    19   185    13   186 0.70 -
TRINITY_DN36322_c0_g1_i1:298-1146  -            283 4257at3041           -            355   2.4e-15   52.7   0.0   1   1   5.3e-16   2.8e-15   52.5   0.0    10   158    28   193    17   273 0.80 -
TRINITY_DN1975_c0_g1_i2:929-1786   -            286 4257at3041           -            355   2.6e-15   52.6   0.3   1   1   1.4e-15   7.5e-15   51.1   0.3     7   137    25   172    13   225 0.73 -
TRINITY_DN41063_c0_g1_i1:166-1143  -            326 4257at3041           -            355   2.7e-15   52.5   0.0   1   1   6.5e-16   3.4e-15   52.2   0.0    59   166   105   227    40   246 0.78 -
TRINITY_DN1017_c0_g2_i3:70-663     -            198 4257at3041           -            355   2.7e-15   52.5   0.0   1   1   2.8e-15   1.5e-14   50.1   0.0    12   156    31   197    25   198 0.70 -
TRINITY_DN1898_c0_g1_i1:84-731     -            216 4257at3041           -            355   3.9e-15   52.0   0.0   1   2     0.063      0.33    6.2   0.0    26    48     4    26     1    31 0.86 -
TRINITY_DN1898_c0_g1_i1:84-731     -            216 4257at3041           -            355   3.9e-15   52.0   0.0   2   2   2.4e-13   1.2e-12   43.8   0.0    66   164    96   216    93   216 0.80 -
TRINITY_DN30103_c0_g1_i1:2-460     -            153 4257at3041           -            355   4.3e-15   51.8   0.0   1   1   1.4e-15   7.3e-15   51.1   0.0    79   168     2   110     1   126 0.81 -
TRINITY_DN43225_c0_g1_i1:271-822   -            184 4257at3041           -            355   4.3e-15   51.8   0.0   1   1   1.3e-15   6.6e-15   51.2   0.0     8   113    25   154    18   159 0.72 -
TRINITY_DN1968_c3_g4_i3:103-600    -            166 4257at3041           -            355   5.2e-15   51.6   0.0   1   1   1.8e-15   9.2e-15   50.8   0.0    72   168     7   118     2   143 0.81 -
TRINITY_DN670_c0_g1_i1:219-791     -            156 4257at3041           -            355   5.5e-15   51.5   0.0   1   1   1.1e-15   5.7e-15   51.4   0.0    10   119    19   140     4   155 0.72 -
TRINITY_DN1975_c0_g1_i1:926-1711   -            262 4257at3041           -            355   6.1e-15   51.4   0.4   1   1   3.7e-15   1.9e-14   49.7   0.4     9   137     2   147     1   201 0.72 -
TRINITY_DN5_c3_g1_i1:100-726       -            209 4257at3041           -            355   6.9e-15   51.2   0.0   1   1     2e-15     1e-14   50.6   0.0    78   172     6   113     2   155 0.84 -
TRINITY_DN2561_c0_g1_i1:751-1509   -            253 4257at3041           -            355   7.1e-15   51.1   0.0   1   1   2.4e-15   1.3e-14   50.3   0.0    31   167    43   200    32   209 0.72 -
TRINITY_DN1968_c3_g4_i2:103-600    -            166 4257at3041           -            355   7.1e-15   51.1   0.0   1   1     3e-15   1.6e-14   50.0   0.0    72   168     7   118     2   134 0.79 -
TRINITY_DN5052_c0_g1_i1:106-558    -            151 4257at3041           -            355     8e-15   51.0   0.0   1   1   2.3e-15   1.2e-14   50.4   0.0    79   173     5   113     1   124 0.82 -
TRINITY_DN2561_c0_g1_i2:745-1581   -            279 4257at3041           -            355   9.3e-15   50.8   0.0   1   1   3.2e-15   1.7e-14   49.9   0.0    31   167    67   224    56   233 0.72 -
TRINITY_DN2430_c1_g1_i5:1033-1839  -            269 4257at3041           -            355     1e-14   50.7   0.0   1   2   5.5e-06   2.9e-05   19.5   0.0    19    63    73   118    62   123 0.82 -
TRINITY_DN2430_c1_g1_i5:1033-1839  -            269 4257at3041           -            355     1e-14   50.7   0.0   2   2   7.1e-09   3.7e-08   29.0   0.0    77   151   181   268   172   269 0.76 -
TRINITY_DN771_c0_g1_i1:49-717      -            223 4257at3041           -            355   1.3e-14   50.3   0.0   1   2   8.5e-07   4.5e-06   22.2   0.0    10   110    29   140    27   143 0.77 -
TRINITY_DN771_c0_g1_i1:49-717      -            223 4257at3041           -            355   1.3e-14   50.3   0.0   2   2   5.7e-08     3e-07   26.1   0.0   104   166   156   223   141   223 0.81 -
TRINITY_DN41071_c0_g1_i1:21-518    -            166 4257at3041           -            355   1.4e-14   50.2   0.0   1   1   3.3e-15   1.7e-14   49.9   0.0    76   164    28   132     8   148 0.75 -
TRINITY_DN3298_c0_g1_i1:510-1361   -            284 4257at3041           -            355   1.5e-14   50.1   0.0   1   1   3.8e-15     2e-14   49.7   0.0    12   158    27   196    19   207 0.77 -
TRINITY_DN5387_c0_g1_i1:2-832      -            277 4257at3041           -            355   1.9e-14   49.8   0.0   1   1   6.9e-15   3.6e-14   48.8   0.0    30   171    50   219    37   276 0.69 -
TRINITY_DN1017_c0_g3_i1:118-729    -            204 4257at3041           -            355     2e-14   49.7   0.0   1   1   7.1e-15   3.7e-14   48.8   0.0    70   157   109   203    30   204 0.76 -
TRINITY_DN7160_c0_g1_i1:10-531     -            174 4257at3041           -            355   2.3e-14   49.4   0.0   1   1   6.3e-15   3.3e-14   48.9   0.0    13   138    31   174    23   174 0.84 -
TRINITY_DN1183_c0_g1_i3:1436-2281  -            282 4257at3041           -            355   2.4e-14   49.4   0.0   1   1   7.3e-15   3.9e-14   48.7   0.0    80   182   127   238   117   241 0.85 -
TRINITY_DN119_c0_g1_i1:1001-1852   -            284 4257at3041           -            355   2.6e-14   49.3   0.1   1   1   1.8e-14   9.2e-14   47.5   0.1     8   161    23   198    13   218 0.73 -
TRINITY_DN119_c0_g1_i3:1001-1852   -            284 4257at3041           -            355   2.6e-14   49.3   0.1   1   1   1.8e-14   9.2e-14   47.5   0.1     8   161    23   198    13   218 0.73 -
TRINITY_DN119_c0_g1_i4:1001-1852   -            284 4257at3041           -            355   2.6e-14   49.3   0.1   1   1   1.8e-14   9.2e-14   47.5   0.1     8   161    23   198    13   218 0.73 -
TRINITY_DN2161_c0_g1_i3:316-807    -            164 4257at3041           -            355   4.5e-14   48.5   0.3   1   1   1.1e-14   5.9e-14   48.1   0.3    11   116    20   142     7   145 0.75 -
TRINITY_DN4323_c0_g1_i1:265-837    -            191 4257at3041           -            355   5.3e-14   48.3   0.2   1   1   3.5e-14   1.8e-13   46.5   0.2    76   171    19   136     4   184 0.71 -
TRINITY_DN830_c0_g1_i3:2261-3184   -            308 4257at3041           -            355   5.3e-14   48.3   0.1   1   2   1.5e-12   8.1e-12   41.1   0.0    81   138   115   176    22   185 0.74 -
TRINITY_DN830_c0_g1_i3:2261-3184   -            308 4257at3041           -            355   5.3e-14   48.3   0.1   2   2      0.13      0.68    5.1   0.0   144   209   202   277   192   281 0.69 -
TRINITY_DN30256_c0_g1_i1:250-822   -            191 4257at3041           -            355   5.8e-14   48.1   0.5   1   1   1.5e-14   7.7e-14   47.7   0.5   220   281   123   190   113   191 0.84 -
TRINITY_DN3734_c0_g1_i1:321-779    -            153 4257at3041           -            355   5.9e-14   48.1   0.0   1   1   1.5e-14   7.7e-14   47.7   0.0     6   114    22   152    17   153 0.76 -
TRINITY_DN207_c0_g1_i5:8-775       -            256 4257at3041           -            355   7.4e-14   47.8   0.3   1   1   2.8e-14   1.5e-13   46.8   0.3    27   164    18   177     1   196 0.72 -
TRINITY_DN897_c0_g1_i1:1701-2462   -            254 4257at3041           -            355   8.6e-14   47.6   0.0   1   1   2.1e-14   1.1e-13   47.2   0.0    30   168    43   200    19   246 0.83 -
TRINITY_DN7160_c0_g1_i2:10-441     -            144 4257at3041           -            355   9.1e-14   47.5   0.0   1   1   2.4e-14   1.3e-13   47.0   0.0    17   138     5   144     2   144 0.84 -
TRINITY_DN931_c0_g1_i1:603-1532    -            310 4257at3041           -            355     1e-13   47.3   0.7   1   1   6.9e-14   3.6e-13   45.5   0.7     4   137    52   203    45   307 0.74 -
TRINITY_DN931_c0_g1_i2:901-1830    -            310 4257at3041           -            355     1e-13   47.3   0.7   1   1   6.9e-14   3.6e-13   45.5   0.7     4   137    52   203    45   307 0.74 -
TRINITY_DN1243_c0_g2_i2:23-943     -            307 4257at3041           -            355   1.1e-13   47.3   0.0   1   2      0.88       4.6    2.4   0.0     7    47    22    63    15    69 0.70 -
TRINITY_DN1243_c0_g2_i2:23-943     -            307 4257at3041           -            355   1.1e-13   47.3   0.0   2   2   5.8e-13   3.1e-12   42.5   0.0    76   215   144   292   126   303 0.79 -
TRINITY_DN1634_c1_g1_i1:147-998    -            284 4257at3041           -            355   1.2e-13   47.1   0.1   1   2   1.2e-05   6.4e-05   18.4   0.0     8   109    20   131    15   142 0.76 -
TRINITY_DN1634_c1_g1_i1:147-998    -            284 4257at3041           -            355   1.2e-13   47.1   0.1   2   2   4.4e-08   2.3e-07   26.4   0.0   104   171   151   224   148   270 0.73 -
TRINITY_DN1634_c1_g1_i2:147-998    -            284 4257at3041           -            355   1.2e-13   47.1   0.1   1   2   1.2e-05   6.4e-05   18.4   0.0     8   109    20   131    15   142 0.76 -
TRINITY_DN1634_c1_g1_i2:147-998    -            284 4257at3041           -            355   1.2e-13   47.1   0.1   2   2   4.4e-08   2.3e-07   26.4   0.0   104   171   151   224   148   270 0.73 -
TRINITY_DN897_c0_g1_i4:1592-2461   -            290 4257at3041           -            355   1.3e-13   47.0   0.0   1   1   3.2e-14   1.7e-13   46.6   0.0    30   168    77   234    53   280 0.83 -
TRINITY_DN897_c0_g1_i5:1695-2564   -            290 4257at3041           -            355   1.3e-13   47.0   0.0   1   1   3.2e-14   1.7e-13   46.6   0.0    30   168    77   234    53   280 0.83 -
TRINITY_DN1243_c0_g2_i4:23-994     -            324 4257at3041           -            355   1.3e-13   47.0   0.0   1   2      0.95         5    2.3   0.0     7    47    39    80    32    86 0.70 -
TRINITY_DN1243_c0_g2_i4:23-994     -            324 4257at3041           -            355   1.3e-13   47.0   0.0   2   2     7e-13   3.7e-12   42.2   0.0    76   215   161   309   143   319 0.79 -
TRINITY_DN947_c0_g3_i4:80-568      -            163 4257at3041           -            355   1.4e-13   46.9   0.0   1   1   2.5e-13   1.3e-12   43.7   0.0    80   174     1   116     1   162 0.77 -
TRINITY_DN1284_c0_g2_i1:2395-2880  -            162 4257at3041           -            355   1.5e-13   46.8   0.2   1   1   2.6e-13   1.4e-12   43.6   0.2    79   170     2   111     1   159 0.78 -
TRINITY_DN1284_c0_g2_i2:332-817    -            162 4257at3041           -            355   1.5e-13   46.8   0.2   1   1   2.6e-13   1.4e-12   43.6   0.2    79   170     2   111     1   159 0.78 -
TRINITY_DN1284_c0_g2_i4:2080-2565  -            162 4257at3041           -            355   1.5e-13   46.8   0.2   1   1   2.6e-13   1.4e-12   43.6   0.2    79   170     2   111     1   159 0.78 -
TRINITY_DN934_c0_g2_i2:190-1002    -            271 4257at3041           -            355   1.6e-13   46.7   0.1   1   1     2e-13   1.1e-12   44.0   0.1    10   217    28   265    22   269 0.69 -
TRINITY_DN40969_c0_g1_i1:76-786    -            237 4257at3041           -            355   1.8e-13   46.5   0.0   1   1   5.1e-14   2.7e-13   45.9   0.0    23   179    14   192     3   195 0.76 -
TRINITY_DN5_c1_g1_i1:29-517        -            163 4257at3041           -            355   1.9e-13   46.5   0.0   1   1   4.2e-14   2.2e-13   46.2   0.0    77   172    19   121     5   131 0.86 -
TRINITY_DN207_c0_g1_i6:68-787      -            240 4257at3041           -            355   1.9e-13   46.4   0.1   1   1     7e-14   3.7e-13   45.5   0.1    31   164     2   157     1   175 0.71 -
TRINITY_DN1401_c0_g1_i1:6-566      -            187 4257at3041           -            355   2.2e-13   46.2   0.0   1   1     9e-13   4.7e-12   41.9   0.0    78   168    31   140    22   186 0.85 -
TRINITY_DN11305_c0_g1_i2:5-628     -            208 4257at3041           -            355   2.8e-13   45.9   0.0   1   1   9.7e-14   5.1e-13   45.0   0.0     9   145    44   202    34   208 0.70 -
TRINITY_DN1968_c3_g6_i2:1-444      -            148 4257at3041           -            355   3.6e-13   45.5   0.0   1   1     1e-13   5.5e-13   44.9   0.0    73   160    48   148    34   148 0.83 -
TRINITY_DN28289_c0_g1_i1:1638-2654 -            339 4257at3041           -            355   3.6e-13   45.5   0.0   1   1   1.3e-13   6.6e-13   44.7   0.0    79   217   119   275   113   281 0.72 -
TRINITY_DN3040_c0_g1_i2:489-1334   -            282 4257at3041           -            355   3.8e-13   45.4   0.1   1   1   9.5e-14     5e-13   45.1   0.1    17   172    32   211    13   253 0.72 -
TRINITY_DN670_c0_g1_i14:264-867    -            185 4257at3041           -            355   4.6e-13   45.2   0.2   1   2     0.002     0.011   11.1   0.0    10    46    20    58     5    71 0.80 -
TRINITY_DN670_c0_g1_i14:264-867    -            185 4257at3041           -            355   4.6e-13   45.2   0.2   2   2   6.5e-10   3.4e-09   32.4   0.0    75   118   120   168   107   184 0.81 -
TRINITY_DN41636_c0_g1_i1:165-641   -            159 4257at3041           -            355   4.8e-13   45.1   1.2   1   1   1.2e-13     6e-13   44.8   1.2   219   337    12   157     4   159 0.69 -
TRINITY_DN35008_c0_g1_i1:135-770   -            212 4257at3041           -            355   5.2e-13   45.0   0.2   1   2     0.001    0.0053   12.1   0.0    79   106     5    32     1    41 0.92 -
TRINITY_DN35008_c0_g1_i1:135-770   -            212 4257at3041           -            355   5.2e-13   45.0   0.2   2   2   2.7e-09   1.4e-08   30.4   0.4   100   166    86   157    70   211 0.85 -
TRINITY_DN8089_c0_g1_i1:8-517      -            170 4257at3041           -            355   7.4e-13   44.5   0.1   1   1   3.3e-13   1.7e-12   43.3   0.1    79   218    13   170     4   170 0.70 -
TRINITY_DN2046_c0_g2_i1:1351-2244  -            298 4257at3041           -            355   8.6e-13   44.3   0.4   1   2   1.6e-06   8.2e-06   21.3   0.2    14   109    35   141    24   156 0.71 -
TRINITY_DN2046_c0_g2_i1:1351-2244  -            298 4257at3041           -            355   8.6e-13   44.3   0.4   2   2   2.4e-06   1.3e-05   20.7   0.0   123   172   215   266   195   273 0.84 -
TRINITY_DN2046_c0_g2_i2:1385-2278  -            298 4257at3041           -            355   8.6e-13   44.3   0.4   1   2   1.6e-06   8.2e-06   21.3   0.2    14   109    35   141    24   156 0.71 -
TRINITY_DN2046_c0_g2_i2:1385-2278  -            298 4257at3041           -            355   8.6e-13   44.3   0.4   2   2   2.4e-06   1.3e-05   20.7   0.0   123   172   215   266   195   273 0.84 -
TRINITY_DN81_c0_g1_i3:524-1375     -            284 4257at3041           -            355   9.6e-13   44.1   0.0   1   2   3.8e-10     2e-09   33.2   0.0    27   114    30   130     6   134 0.81 -
TRINITY_DN81_c0_g1_i3:524-1375     -            284 4257at3041           -            355   9.6e-13   44.1   0.0   2   2    0.0094     0.049    8.9   0.0   128   166   182   230   166   244 0.77 -
TRINITY_DN81_c0_g1_i5:524-1375     -            284 4257at3041           -            355   9.6e-13   44.1   0.0   1   2   3.8e-10     2e-09   33.2   0.0    27   114    30   130     6   134 0.81 -
TRINITY_DN81_c0_g1_i5:524-1375     -            284 4257at3041           -            355   9.6e-13   44.1   0.0   2   2    0.0094     0.049    8.9   0.0   128   166   182   230   166   244 0.77 -
TRINITY_DN1401_c0_g1_i2:9-902      -            298 4257at3041           -            355   9.7e-13   44.1   0.0   1   1   3.9e-12     2e-11   39.8   0.0    78   168   143   252   134   265 0.83 -
TRINITY_DN2430_c1_g2_i8:23-511     -            163 4257at3041           -            355     1e-12   44.0   0.0   1   1     3e-13   1.6e-12   43.4   0.0    74   210    14   161     6   163 0.78 -
TRINITY_DN225_c0_g1_i13:1080-1655  -            192 4257at3041           -            355   1.2e-12   43.8   0.1   1   1   6.7e-13   3.5e-12   42.3   0.1   220   310    75   192    68   192 0.76 -
TRINITY_DN225_c0_g1_i6:1080-1655   -            192 4257at3041           -            355   1.2e-12   43.8   0.1   1   1   6.7e-13   3.5e-12   42.3   0.1   220   310    75   192    68   192 0.76 -
TRINITY_DN2430_c1_g2_i1:29-571     -            181 4257at3041           -            355   1.4e-12   43.6   0.1   1   2   1.6e-05   8.5e-05   18.0   0.0    74   108    12    46     5    54 0.81 -
TRINITY_DN2430_c1_g2_i1:29-571     -            181 4257at3041           -            355   1.4e-12   43.6   0.1   2   2   2.6e-07   1.3e-06   23.9   0.0   106   168    65   132    61   181 0.78 -
TRINITY_DN2430_c1_g2_i5:29-571     -            181 4257at3041           -            355   1.4e-12   43.6   0.1   1   2   1.6e-05   8.5e-05   18.0   0.0    74   108    12    46     5    54 0.81 -
TRINITY_DN2430_c1_g2_i5:29-571     -            181 4257at3041           -            355   1.4e-12   43.6   0.1   2   2   2.6e-07   1.3e-06   23.9   0.0   106   168    65   132    61   181 0.78 -
TRINITY_DN207_c0_g3_i2:632-1153    -            174 4257at3041           -            355   1.5e-12   43.5   0.2   1   1   4.4e-13   2.3e-12   42.9   0.2     4   137    22   172    19   173 0.73 -
TRINITY_DN1968_c3_g6_i1:4-591      -            196 4257at3041           -            355   1.9e-12   43.2   0.0   1   1   5.3e-13   2.8e-12   42.6   0.0    73   158    97   195    80   196 0.83 -
TRINITY_DN2430_c1_g2_i3:19-474     -            152 4257at3041           -            355   2.7e-12   42.7   0.1   1   1   7.4e-13   3.9e-12   42.1   0.1    81   217     1   151     1   152 0.68 -
TRINITY_DN931_c0_g1_i9:1233-1940   -            236 4257at3041           -            355   2.8e-12   42.6   0.2   1   1   2.1e-12   1.1e-11   40.6   0.2    27   137     3   129     2   233 0.71 -
TRINITY_DN947_c0_g1_i3:159-617     -            153 4257at3041           -            355   3.2e-12   42.4   0.0   1   1   9.3e-13   4.9e-12   41.8   0.0    78   168     1   112     1   150 0.82 -
TRINITY_DN31059_c0_g1_i1:170-733   -            188 4257at3041           -            355   3.5e-12   42.3   0.1   1   1   1.1e-12   5.8e-12   41.6   0.1     6   106    21   133    17   136 0.78 -
TRINITY_DN1019_c0_g3_i1:14-535     -            174 4257at3041           -            355   3.6e-12   42.2   0.0   1   1   1.1e-12   5.9e-12   41.5   0.0     5   141    14   171    10   174 0.74 -
TRINITY_DN44505_c0_g1_i1:182-916   -            245 4257at3041           -            355   3.8e-12   42.1   0.0   1   1     1e-12   5.4e-12   41.7   0.0     6   159    21   194    17   218 0.67 -
TRINITY_DN1891_c0_g1_i2:1-876      -            292 4257at3041           -            355   4.6e-12   41.9   0.0   1   2      0.83       4.4    2.5   0.0     7    48    13    59     6    67 0.71 -
TRINITY_DN1891_c0_g1_i2:1-876      -            292 4257at3041           -            355   4.6e-12   41.9   0.0   2   2   2.9e-11   1.5e-10   36.9   0.0    66   164   125   239   115   242 0.77 -
TRINITY_DN4395_c0_g1_i2:7-552      -            182 4257at3041           -            355     5e-12   41.8   0.3   1   1   1.4e-10   7.4e-10   34.6   0.3    75   167    15   132     2   181 0.78 -
TRINITY_DN899_c0_g1_i1:899-1921    -            341 4257at3041           -            355   5.1e-12   41.7   0.0   1   1   1.2e-12   6.3e-12   41.4   0.0    78   168   147   245    74   257 0.82 -
TRINITY_DN899_c0_g1_i4:899-1921    -            341 4257at3041           -            355   5.1e-12   41.7   0.0   1   1   1.2e-12   6.3e-12   41.4   0.0    78   168   147   245    74   257 0.82 -
TRINITY_DN670_c1_g2_i1:523-1494    -            324 4257at3041           -            355   5.8e-12   41.6   0.0   1   1   1.7e-12   9.1e-12   40.9   0.0     8   119    34   165    28   236 0.66 -
TRINITY_DN670_c5_g1_i1:359-907     -            183 4257at3041           -            355   5.8e-12   41.5   0.1   1   1   1.6e-12   8.5e-12   41.0   0.1     7   114    56   183    50   183 0.74 -
TRINITY_DN11812_c0_g1_i1:261-815   -            185 4257at3041           -            355   5.9e-12   41.5   0.0   1   1   1.7e-12   8.9e-12   40.9   0.0    63   162    22   137    14   151 0.83 -
TRINITY_DN2149_c0_g1_i2:142-1023   -            294 4257at3041           -            355   8.5e-12   41.0   0.0   1   2       5.8        30   -0.3   0.0     9    62     3    55     1    59 0.72 -
TRINITY_DN2149_c0_g1_i2:142-1023   -            294 4257at3041           -            355   8.5e-12   41.0   0.0   2   2   7.1e-12   3.7e-11   38.9   0.0    89   172   120   212   108   258 0.81 -
TRINITY_DN7791_c0_g1_i4:202-783    -            194 4257at3041           -            355   8.9e-12   41.0   0.0   1   1   3.3e-12   1.7e-11   40.0   0.0    12   114    65   185    57   190 0.67 -
TRINITY_DN2149_c0_g1_i3:142-1095   -            318 4257at3041           -            355   9.6e-12   40.8   0.0   1   2       6.1        32   -0.4   0.0     9    62    27    79    24    83 0.73 -
TRINITY_DN2149_c0_g1_i3:142-1095   -            318 4257at3041           -            355   9.6e-12   40.8   0.0   2   2   8.4e-12   4.4e-11   38.7   0.0    89   172   144   236   132   282 0.81 -
TRINITY_DN2570_c0_g3_i1:300-863    -            188 4257at3041           -            355   1.1e-11   40.7   0.0   1   1   3.1e-12   1.6e-11   40.1   0.0    80   158    50   143    36   148 0.80 -
TRINITY_DN4161_c0_g1_i2:1-522      -            174 4257at3041           -            355   1.5e-11   40.2   0.0   1   1   6.1e-12   3.2e-11   39.1   0.0    25   138     2   132     1   174 0.65 -
TRINITY_DN2046_c0_g2_i3:49-606     -            186 4257at3041           -            355   2.3e-11   39.6   0.1   1   2   7.1e-05   0.00038   15.9   0.0    80   109     2    31     1    47 0.77 -
TRINITY_DN2046_c0_g2_i3:49-606     -            186 4257at3041           -            355   2.3e-11   39.6   0.1   2   2     1e-06   5.4e-06   21.9   0.0   123   172   105   156    85   163 0.84 -
TRINITY_DN572_c0_g1_i14:1092-1802  -            237 4257at3041           -            355   2.8e-11   39.3   0.0   1   1   6.9e-12   3.6e-11   38.9   0.0   220   353    85   234    72   236 0.75 -
TRINITY_DN572_c0_g1_i4:984-1694    -            237 4257at3041           -            355   2.8e-11   39.3   0.0   1   1   6.9e-12   3.6e-11   38.9   0.0   220   353    85   234    72   236 0.75 -
TRINITY_DN572_c0_g1_i9:844-1554    -            237 4257at3041           -            355   2.8e-11   39.3   0.0   1   1   6.9e-12   3.6e-11   38.9   0.0   220   353    85   234    72   236 0.75 -
TRINITY_DN99_c0_g1_i4:451-1005     -            185 4257at3041           -            355   2.9e-11   39.3   0.0   1   1   7.1e-12   3.7e-11   38.9   0.0    21   150    35   184    17   185 0.70 -
TRINITY_DN1634_c2_g1_i5:483-1391   -            303 4257at3041           -            355   3.8e-11   38.9   0.0   1   1   9.6e-12     5e-11   38.5   0.0    71   173    96   213    25   252 0.68 -
TRINITY_DN2655_c0_g1_i1:1882-2748  -            289 4257at3041           -            355   4.2e-11   38.7   0.0   1   2   4.6e-06   2.4e-05   19.8   0.0     9   105    30   141    24   155 0.80 -
TRINITY_DN2655_c0_g1_i1:1882-2748  -            289 4257at3041           -            355   4.2e-11   38.7   0.0   2   2   3.2e-05   0.00017   17.0   0.0   124   168   180   225   160   235 0.82 -
TRINITY_DN8416_c0_g1_i2:84-479     -            132 4257at3041           -            355   4.5e-11   38.6   0.0   1   1   1.2e-11   6.1e-11   38.2   0.0     3   104    18   132    16   132 0.79 -
TRINITY_DN3965_c0_g1_i1:668-1771   -            368 4257at3041           -            355     5e-11   38.5   0.0   1   1   1.7e-11   9.1e-11   37.6   0.0    78   169   114   221   104   232 0.80 -
TRINITY_DN23705_c0_g1_i1:56-607    -            184 4257at3041           -            355   6.4e-11   38.1   0.0   1   1     2e-11     1e-10   37.4   0.0    70   161     7   114     4   122 0.81 -
TRINITY_DN387_c0_g1_i2:6-680       -            225 4257at3041           -            355   9.4e-11   37.6   0.0   1   2   9.2e-11   4.8e-10   35.2   0.0    85   165    55   139    25   142 0.76 -
TRINITY_DN387_c0_g1_i2:6-680       -            225 4257at3041           -            355   9.4e-11   37.6   0.0   2   2         2        11    1.2   0.0   142   169   139   167   133   175 0.82 -
TRINITY_DN709_c0_g2_i4:323-1195    -            291 4257at3041           -            355   9.5e-11   37.6   0.0   1   1   2.1e-11   1.1e-10   37.4   0.0    21   172    35   203    12   250 0.71 -
TRINITY_DN2839_c0_g1_i1:58-510     -            151 4257at3041           -            355   9.7e-11   37.5   0.1   1   1   5.3e-11   2.8e-10   36.0   0.1    11   115    27   150    19   151 0.72 -
TRINITY_DN207_c0_g1_i4:36-515      -            160 4257at3041           -            355   1.1e-10   37.4   0.0   1   1   4.5e-11   2.4e-10   36.3   0.0    87   164     1    89     1   109 0.75 -
TRINITY_DN709_c0_g1_i1:226-1185    -            320 4257at3041           -            355   1.1e-10   37.3   0.0   1   1   3.2e-11   1.7e-10   36.8   0.0    23   156    42   193    27   205 0.75 -
TRINITY_DN30301_c0_g1_i1:40-516    -            159 4257at3041           -            355   1.6e-10   36.9   0.0   1   1   3.5e-11   1.9e-10   36.6   0.0    59   160    26   136    21   155 0.81 -
TRINITY_DN415_c0_g2_i1:10-639      -            210 4257at3041           -            355   1.6e-10   36.8   0.0   1   1   3.5e-11   1.8e-10   36.6   0.0    79   171    83   182    36   198 0.86 -
TRINITY_DN2852_c0_g2_i1:173-1234   -            354 4257at3041           -            355   2.2e-10   36.4   2.4   1   2   2.6e-05   0.00014   17.3   0.2     7   114    32   176    26   181 0.60 -
TRINITY_DN2852_c0_g2_i1:173-1234   -            354 4257at3041           -            355   2.2e-10   36.4   2.4   2   2   0.00097    0.0051   12.1   0.0   128   159   254   287   249   295 0.86 -
TRINITY_DN3079_c0_g1_i1:2-379      -            126 4257at3041           -            355   2.2e-10   36.4   0.0   1   1   5.5e-11   2.9e-10   36.0   0.0     7   104    15   126     9   126 0.77 -
TRINITY_DN1939_c0_g1_i1:531-1346   -            272 4257at3041           -            355   2.2e-10   36.4   0.0   1   1   5.4e-11   2.8e-10   36.0   0.0    82   173   119   220    44   265 0.80 -
TRINITY_DN1939_c0_g1_i4:618-1433   -            272 4257at3041           -            355   2.2e-10   36.4   0.0   1   1   5.4e-11   2.8e-10   36.0   0.0    82   173   119   220    44   265 0.80 -
TRINITY_DN3994_c0_g1_i1:257-1222   -            322 4257at3041           -            355   2.4e-10   36.2   0.0   1   1   7.3e-11   3.8e-10   35.6   0.0    78   211   113   268   102   281 0.69 -
TRINITY_DN1891_c0_g1_i3:200-658    -            153 4257at3041           -            355   2.5e-10   36.2   0.0   1   1   7.9e-11   4.2e-10   35.5   0.0    80   164     3   102     1   106 0.78 -
TRINITY_DN709_c0_g2_i2:409-1299    -            297 4257at3041           -            355     3e-10   35.9   0.0   1   1   6.9e-11   3.6e-10   35.7   0.0     4   165    13   197    10   218 0.73 -
TRINITY_DN670_c4_g2_i1:2-547       -            182 4257at3041           -            355   3.1e-10   35.9   0.1   1   1   1.2e-10   6.5e-10   34.8   0.1     6   136    25   182    20   182 0.70 -
TRINITY_DN7070_c0_g1_i1:2-499      -            166 4257at3041           -            355   3.4e-10   35.8   0.4   1   2   0.00064    0.0034   12.7   0.0    28    88    46   101    18   110 0.74 -
TRINITY_DN7070_c0_g1_i1:2-499      -            166 4257at3041           -            355   3.4e-10   35.8   0.4   2   2   5.7e-07     3e-06   22.8   0.2    58   115   102   160    93   164 0.81 -
TRINITY_DN207_c0_g2_i1:607-1548    -            314 4257at3041           -            355   3.6e-10   35.6   0.0   1   2   5.3e-08   2.8e-07   26.2   0.0    85   148   144   211   116   229 0.73 -
TRINITY_DN207_c0_g2_i1:607-1548    -            314 4257at3041           -            355   3.6e-10   35.6   0.0   2   2     0.018     0.093    8.0   0.0   133   174   219   261   214   265 0.83 -
TRINITY_DN3723_c0_g1_i1:1184-1990  -            269 4257at3041           -            355   4.1e-10   35.5   0.0   1   1   2.4e-10   1.3e-09   33.9   0.0    76   159   116   207   104   220 0.80 -
TRINITY_DN207_c0_g2_i2:691-1377    -            229 4257at3041           -            355   4.9e-10   35.2   0.0   1   2   2.5e-08   1.3e-07   27.2   0.0    85   148   116   183    88   202 0.72 -
TRINITY_DN207_c0_g2_i2:691-1377    -            229 4257at3041           -            355   4.9e-10   35.2   0.0   2   2     0.038       0.2    6.9   0.0   133   165   191   223   185   229 0.83 -
TRINITY_DN5094_c0_g1_i1:130-369    -             80 4257at3041           -            355   5.2e-10   35.1   0.0   1   1   1.3e-10   6.6e-10   34.8   0.0    95   159     1    79     1    80 0.81 -
TRINITY_DN3624_c0_g2_i1:28-456     -            143 4257at3041           -            355   5.8e-10   35.0   0.1   1   1     5e-10   2.6e-09   32.8   0.1    95   173     1    95     1   143 0.73 -
TRINITY_DN99_c0_g1_i6:1-552        -            184 4257at3041           -            355   5.8e-10   35.0   0.0   1   1   1.4e-10   7.5e-10   34.6   0.0    21   149    35   183    17   184 0.69 -
TRINITY_DN411_c0_g1_i1:2-979       -            326 4257at3041           -            355   6.9e-10   34.7   0.0   1   1   2.4e-10   1.2e-09   33.9   0.0    16   165   109   280    94   318 0.72 -
TRINITY_DN207_c0_g1_i1:36-515      -            160 4257at3041           -            355   7.1e-10   34.7   0.0   1   1   3.1e-10   1.6e-09   33.5   0.0    87   164     1    89     1   108 0.73 -
TRINITY_DN22287_c0_g1_i1:21-491    -            157 4257at3041           -            355   8.6e-10   34.4   0.3   1   1   2.7e-10   1.4e-09   33.7   0.3     8   103    49   157    37   157 0.77 -
TRINITY_DN7752_c0_g1_i1:6-761      -            252 4257at3041           -            355   8.8e-10   34.4   0.0   1   1   4.9e-10   2.6e-09   32.8   0.0   217   312   128   251   115   252 0.70 -
TRINITY_DN28964_c0_g1_i1:10-435    -            142 4257at3041           -            355     9e-10   34.4   0.1   1   1   2.3e-10   1.2e-09   33.9   0.1    10   105    33   142    23   142 0.75 -
TRINITY_DN25388_c0_g1_i1:6-365     -            120 4257at3041           -            355   9.9e-10   34.2   0.1   1   1   2.2e-10   1.2e-09   34.0   0.1     7    96    18   120    11   120 0.78 -
TRINITY_DN38735_c0_g1_i1:101-313   -             71 4257at3041           -            355   1.1e-09   34.0   0.0   1   1   2.3e-10   1.2e-09   33.9   0.0    95   156     1    70     1    71 0.82 -
TRINITY_DN34873_c0_g1_i1:47-670    -            208 4257at3041           -            355   1.3e-09   33.8   0.1   1   2      0.13      0.69    5.1   0.0     5    53    44    95    40    99 0.78 -
TRINITY_DN34873_c0_g1_i1:47-670    -            208 4257at3041           -            355   1.3e-09   33.8   0.1   2   2   3.6e-08   1.9e-07   26.7   0.0    62   107   144   190   138   208 0.80 -
TRINITY_DN1183_c0_g1_i1:1436-2041  -            202 4257at3041           -            355   1.6e-09   33.5   0.0   1   1   5.3e-10   2.8e-09   32.7   0.0    80   144   127   196   117   201 0.88 -
TRINITY_DN37083_c0_g1_i1:7-471     -            155 4257at3041           -            355   2.3e-09   33.0   0.9   1   2     0.022      0.11    7.7   0.0    30    64     4    38     2    45 0.87 -
TRINITY_DN37083_c0_g1_i1:7-471     -            155 4257at3041           -            355   2.3e-09   33.0   0.9   2   2   2.7e-07   1.4e-06   23.9   0.2    70   106    66   102    61   145 0.83 -
TRINITY_DN1210_c0_g1_i2:97-615     -            173 4257at3041           -            355   3.5e-09   32.4   0.0   1   1     1e-09   5.5e-09   31.8   0.0    96   171     1    90     1   121 0.75 -
TRINITY_DN43004_c0_g1_i1:18-425    -            136 4257at3041           -            355   7.1e-09   31.4   1.1   1   1   2.2e-09   1.2e-08   30.7   1.1    11   104    27   135    21   136 0.68 -
TRINITY_DN2909_c0_g2_i1:171-695    -            175 4257at3041           -            355   7.3e-09   31.4   0.3   1   1     8e-08   4.2e-07   25.6   0.3    10   113    31   172    28   175 0.60 -
TRINITY_DN415_c0_g1_i4:99-794      -            232 4257at3041           -            355     1e-08   30.9   0.0   1   2     5e-05   0.00026   16.4   0.0    59   106    85   134    78   147 0.84 -
TRINITY_DN415_c0_g1_i4:99-794      -            232 4257at3041           -            355     1e-08   30.9   0.0   2   2   0.00093    0.0049   12.2   0.0   122   165   176   221   161   230 0.80 -
TRINITY_DN2655_c0_g1_i2:1894-2892  -            267 4257at3041           -            355     2e-08   29.9   0.0   1   2    0.0023     0.012   10.9   0.0    69   105    85   123    32   137 0.75 -
TRINITY_DN2655_c0_g1_i2:1894-2892  -            267 4257at3041           -            355     2e-08   29.9   0.0   2   2   2.7e-05   0.00014   17.2   0.0   124   168   162   207   142   218 0.82 -
TRINITY_DN415_c0_g1_i3:363-1230    -            235 4257at3041           -            355   2.3e-08   29.7   0.0   1   2   3.4e-05   0.00018   16.9   0.0    59   106   100   149    44   162 0.84 -
TRINITY_DN415_c0_g1_i3:363-1230    -            235 4257at3041           -            355   2.3e-08   29.7   0.0   2   2    0.0023     0.012   10.9   0.0   122   162   191   233   176   235 0.79 -
TRINITY_DN5241_c0_g1_i1:4-858      -            285 4257at3041           -            355   2.5e-08   29.6   0.0   1   1   4.8e-08   2.5e-07   26.3   0.0    84   164   123   218   107   221 0.82 -
TRINITY_DN5363_c0_g1_i1:784-1311   -            176 4257at3041           -            355   2.7e-08   29.5   0.0   1   1   6.8e-09   3.6e-08   29.1   0.0    79   166    49   141    39   151 0.85 -
TRINITY_DN1634_c2_g1_i3:166-699    -            178 4257at3041           -            355   2.9e-08   29.4   0.0   1   1   7.2e-09   3.8e-08   29.0   0.0    37   141    51   171    22   177 0.69 -
TRINITY_DN415_c0_g1_i2:363-1079    -            239 4257at3041           -            355     3e-08   29.4   0.0   1   2   5.3e-05   0.00028   16.3   0.0    59   106   104   153    97   166 0.84 -
TRINITY_DN415_c0_g1_i2:363-1079    -            239 4257at3041           -            355     3e-08   29.4   0.0   2   2    0.0024     0.013   10.8   0.0   122   162   195   237   180   239 0.79 -
TRINITY_DN9410_c0_g1_i1:269-781    -            171 4257at3041           -            355   4.5e-08   28.7   0.0   1   1   1.1e-08   5.8e-08   28.4   0.0    35   138    50   170    18   171 0.74 -
TRINITY_DN3434_c0_g1_i2:51-704     -            218 4257at3041           -            355   5.9e-08   28.4   0.0   1   1   1.7e-08   8.8e-08   27.8   0.0    79   162   122   212   111   216 0.79 -
TRINITY_DN996_c0_g1_i1:389-913     -            175 4257at3041           -            355   8.3e-08   27.9   0.1   1   2       2.2        11    1.1   0.0    94   106     1    13     1    15 0.93 -
TRINITY_DN996_c0_g1_i1:389-913     -            175 4257at3041           -            355   8.3e-08   27.9   0.1   2   2   1.7e-07   8.9e-07   24.5   0.0   105   159    52   110    40   130 0.84 -
TRINITY_DN3958_c0_g1_i2:769-1164   -            132 4257at3041           -            355   1.4e-07   27.1   0.0   1   1   3.7e-08   1.9e-07   26.7   0.0    14   105    32   132    15   132 0.78 -
TRINITY_DN3958_c0_g1_i3:469-864    -            132 4257at3041           -            355   1.4e-07   27.1   0.0   1   1   3.7e-08   1.9e-07   26.7   0.0    14   105    32   132    15   132 0.78 -
TRINITY_DN5241_c0_g1_i2:234-710    -            159 4257at3041           -            355   1.8e-07   26.8   0.0   1   1   1.5e-07   7.9e-07   24.7   0.0    93   164    15    91     1    93 0.81 -
TRINITY_DN7875_c0_g1_i2:478-981    -            168 4257at3041           -            355   3.5e-07   25.8   0.1   1   2    0.0027     0.014   10.7   0.0    14    48    30    64    19    74 0.85 -
TRINITY_DN7875_c0_g1_i2:478-981    -            168 4257at3041           -            355   3.5e-07   25.8   0.1   2   2   0.00039     0.002   13.5   0.0    72   106   110   149    88   167 0.74 -
TRINITY_DN2430_c2_g1_i2:0-491      -            164 4257at3041           -            355   3.5e-07   25.8   0.0   1   2      0.68       3.6    2.8   0.0    10    51    26    69    21    92 0.73 -
TRINITY_DN2430_c2_g1_i2:0-491      -            164 4257at3041           -            355   3.5e-07   25.8   0.0   2   2   1.7e-06   9.1e-06   21.2   0.0    76   106   115   145   104   164 0.72 -
TRINITY_DN2570_c0_g1_i1:1450-2040  -            197 4257at3041           -            355   4.7e-07   25.4   0.0   1   2     0.021      0.11    7.8   0.0     7    53    15    62     9    64 0.86 -
TRINITY_DN2570_c0_g1_i1:1450-2040  -            197 4257at3041           -            355   4.7e-07   25.4   0.0   2   2   8.7e-05   0.00046   15.6   0.0    80   107   141   168   126   190 0.77 -
TRINITY_DN4905_c0_g1_i1:144-572    -            143 4257at3041           -            355   8.7e-07   24.5   0.0   1   1   2.3e-07   1.2e-06   24.1   0.0    17   103    40   138    20   141 0.67 -
TRINITY_DN23057_c0_g1_i1:2-439     -            146 4257at3041           -            355   9.5e-07   24.4   0.0   1   1   2.5e-07   1.3e-06   23.9   0.0    88   166     1    88     1    99 0.84 -
TRINITY_DN2569_c0_g1_i2:155-736    -            194 4257at3041           -            355   1.1e-06   24.2   0.0   1   2      0.29       1.5    4.0   0.0    25    53    88   117    77   123 0.79 -
TRINITY_DN2569_c0_g1_i2:155-736    -            194 4257at3041           -            355   1.1e-06   24.2   0.0   2   2   1.2e-05   6.4e-05   18.4   0.1    72   105   158   193   128   194 0.80 -
TRINITY_DN1869_c0_g4_i1:811-1314   -            168 4257at3041           -            355   1.2e-06   24.1   0.1   1   2    0.0098     0.051    8.8   0.0    10    49    29    71    26    80 0.87 -
TRINITY_DN1869_c0_g4_i1:811-1314   -            168 4257at3041           -            355   1.2e-06   24.1   0.1   2   2   0.00035    0.0018   13.6   0.0    79   112   123   167   100   168 0.74 -
TRINITY_DN572_c0_g1_i12:984-1541   -            186 4257at3041           -            355   2.9e-06   22.8   0.0   1   1   7.2e-07   3.8e-06   22.4   0.0   220   308    85   186    72   186 0.77 -
TRINITY_DN4878_c0_g1_i2:537-1013   -            159 4257at3041           -            355   3.3e-06   22.6   0.0   1   1   7.8e-07   4.1e-06   22.3   0.0    20   106    45   140    30   158 0.66 -
TRINITY_DN2466_c0_g2_i3:1132-1737  -            202 4257at3041           -            355   3.4e-06   22.6   0.0   1   1   8.9e-07   4.6e-06   22.1   0.0    72   118    31    86    19   152 0.67 -
TRINITY_DN43244_c0_g1_i1:33-548    -            172 4257at3041           -            355   3.9e-06   22.4   0.1   1   2      0.95         5    2.3   0.0     6    48    21    63    17    73 0.81 -
TRINITY_DN43244_c0_g1_i1:33-548    -            172 4257at3041           -            355   3.9e-06   22.4   0.1   2   2   1.9e-05    0.0001   17.7   0.1    76   106   122   152   109   172 0.76 -
TRINITY_DN3895_c0_g1_i2:405-938    -            178 4257at3041           -            355   6.3e-06   21.7   0.0   1   1   1.5e-06   7.7e-06   21.4   0.0    78   106   135   163   119   178 0.82 -
TRINITY_DN2466_c0_g2_i1:1327-1923  -            199 4257at3041           -            355   8.2e-06   21.3   0.0   1   1   1.8e-06   9.2e-06   21.2   0.0    72   116    93   146    80   191 0.82 -
TRINITY_DN3895_c0_g1_i1:278-1300   -            341 4257at3041           -            355   8.5e-06   21.3   0.0   1   1   3.1e-06   1.6e-05   20.4   0.0    78   106   138   166   125   187 0.79 -
TRINITY_DN2854_c0_g1_i1:59-589     -            177 4257at3041           -            355   1.1e-05   20.9   0.1   1   2   9.4e-06   4.9e-05   18.8   0.0   106   164     5    70     3    82 0.74 -
TRINITY_DN2854_c0_g1_i1:59-589     -            177 4257at3041           -            355   1.1e-05   20.9   0.1   2   2       5.5        29   -0.2   0.1   194   218   141   168   110   171 0.71 -
TRINITY_DN228_c0_g1_i2:105-695     -            197 4257at3041           -            355   1.9e-05   20.1   0.0   1   1   4.3e-06   2.3e-05   19.9   0.0    72   116    54   107    41   175 0.66 -
TRINITY_DN228_c0_g1_i5:997-1578    -            194 4257at3041           -            355     2e-05   20.1   0.0   1   1   4.4e-06   2.3e-05   19.8   0.0    72   116    23    76    13   144 0.66 -
TRINITY_DN392_c0_g1_i7:32-565      -            178 4257at3041           -            355   2.4e-05   19.8   0.5   1   2     0.096       0.5    5.6   0.0     6    46    21    66    16    75 0.72 -
TRINITY_DN392_c0_g1_i7:32-565      -            178 4257at3041           -            355   2.4e-05   19.8   0.5   2   2   0.00067    0.0035   12.7   0.2    74   102   149   178   134   178 0.80 -
TRINITY_DN449_c0_g1_i9:525-944     -            140 4257at3041           -            355   2.6e-05   19.7   0.0   1   1   6.5e-06   3.4e-05   19.3   0.0    79   164    22   123     8   138 0.78 -
TRINITY_DN228_c0_g1_i1:1413-1943   -            177 4257at3041           -            355   3.3e-05   19.4   0.0   1   1   9.6e-06   5.1e-05   18.7   0.0    71   116    97   151    69   160 0.82 -
TRINITY_DN228_c0_g1_i3:1579-2109   -            177 4257at3041           -            355   3.3e-05   19.4   0.0   1   1   9.6e-06   5.1e-05   18.7   0.0    71   116    97   151    69   160 0.82 -
TRINITY_DN228_c0_g1_i4:1709-2239   -            177 4257at3041           -            355   3.3e-05   19.4   0.0   1   1   9.6e-06   5.1e-05   18.7   0.0    71   116    97   151    69   160 0.82 -
TRINITY_DN228_c0_g1_i7:297-827     -            177 4257at3041           -            355   3.3e-05   19.4   0.0   1   1   9.6e-06   5.1e-05   18.7   0.0    71   116    97   151    69   160 0.82 -
TRINITY_DN1401_c0_g1_i3:134-733    -            200 4257at3041           -            355   5.9e-05   18.5   0.0   1   1   2.4e-05   0.00012   17.4   0.0    78   107   144   173   135   198 0.89 -
TRINITY_DN5845_c0_g1_i1:616-1236   -            207 4257at3041           -            355   6.2e-05   18.4   0.0   1   1   1.4e-05   7.3e-05   18.2   0.0    81   114     3    42     1    81 0.71 -
TRINITY_DN81_c0_g1_i4:1198-1737    -            180 4257at3041           -            355   8.5e-05   18.0   0.1   1   2     0.071      0.37    6.0   0.0    95   114     1    26     1    30 0.82 -
TRINITY_DN81_c0_g1_i4:1198-1737    -            180 4257at3041           -            355   8.5e-05   18.0   0.1   2   2    0.0039      0.02   10.2   0.0   128   166    78   126    60   141 0.78 -
TRINITY_DN8416_c0_g1_i4:20-322     -            101 4257at3041           -            355   0.00015   17.2   0.0   1   1   3.7e-05   0.00019   16.8   0.0    12    96     4   101     1   101 0.73 -
TRINITY_DN151_c0_g2_i1:1302-1733   -            144 4257at3041           -            355   0.00045   15.6   0.0   1   1   0.00012   0.00061   15.2   0.0    78   106   111   139    65   142 0.68 -
TRINITY_DN13478_c0_g1_i1:5-781     -            259 4257at3041           -            355   0.00062   15.2   0.8   1   1   0.00017   0.00088   14.7   0.8   219   278   192   259   180   259 0.75 -
TRINITY_DN151_c0_g1_i3:1317-1889   -            191 4257at3041           -            355    0.0011   14.3   0.0   1   1   0.00026    0.0013   14.0   0.0    79   105   116   142    74   173 0.69 -
TRINITY_DN151_c0_g1_i4:1317-1889   -            191 4257at3041           -            355    0.0011   14.3   0.0   1   1   0.00026    0.0013   14.0   0.0    79   105   116   142    74   173 0.69 -
TRINITY_DN10963_c0_g1_i2:149-448   -            100 4257at3041           -            355    0.0025   13.1   0.0   1   1   0.00049    0.0026   13.1   0.0   129   167     2    42     1    97 0.66 -
TRINITY_DN35676_c0_g1_i1:5-469     -            155 4257at3041           -            355    0.0039   12.5   0.0   1   1   0.00097    0.0051   12.1   0.0   126   167    20    63     2    75 0.75 -
TRINITY_DN1133_c0_g1_i1:181-783    -            201 4257at3041           -            355    0.0052   12.1   0.0   1   1    0.0015     0.008   11.5   0.0    79   106   167   195   145   200 0.85 -
TRINITY_DN1305_c0_g1_i1:130-525    -            132 4257at3041           -            355    0.0085   11.4   0.0   1   1    0.0021     0.011   11.0   0.0    79   106   103   130    81   131 0.88 -
#
# Program:         hmmsearch
# Version:         3.2.1 (June 2018)
# Pipeline mode:   SEARCH
# Query file:      /sw/bioinfo/BUSCO/v5_lineage_sets/lineages/chlorophyta_odb10/hmms/4257at3041.hmm
# Target file:     /crex/proj/snic2022-23-81/expression_algae/code/busco/trinity_VA-3180-Osg03Mul/run_chlorophyta_odb10/metaeuk_output/rerun_results/trinity_VA-3180-Osg03Mul.Trinity.fasta.modified.fas
# Option settings: hmmsearch --domtblout /crex/proj/snic2022-23-81/expression_algae/code/busco/trinity_VA-3180-Osg03Mul/run_chlorophyta_odb10/hmmer_output/rerun_results/4257at3041.out --cpu 1 /sw/bioinfo/BUSCO/v5_lineage_sets/lineages/chlorophyta_odb10/hmms/4257at3041.hmm /crex/proj/snic2022-23-81/expression_algae/code/busco/trinity_VA-3180-Osg03Mul/run_chlorophyta_odb10/metaeuk_output/rerun_results/trinity_VA-3180-Osg03Mul.Trinity.fasta.modified.fas 
# Current dir:     /crex/proj/snic2022-23-81/expression_algae/code/busco
# Date:            Fri Sep 23 10:13:06 2022
# [ok]
