#                                                                                         --- full sequence --- -------------- this domain -------------   hmm coord   ali coord   env coord
# target name                     accession   tlen query name           accession   qlen   E-value  score  bias   #  of  c-Evalue  i-Evalue  score  bias  from    to  from    to  from    to  acc description of target
#             ------------------- ---------- ----- -------------------- ---------- ----- --------- ------ ----- --- --- --------- --------- ------ ----- ----- ----- ----- ----- ----- ----- ---- ---------------------
TRINITY_DN21788_c0_g1_i1:0-326    -            109 8406at3041           -            148   1.1e-50  168.2   0.0   1   1   5.8e-52   1.2e-50  168.1   0.0     6   109     3   109     1   109 0.96 -
TRINITY_DN41335_c0_g1_i1:544-1323 -            260 8406at3041           -            148   2.1e-19   66.7   2.2   1   3   0.00068     0.014   12.1   0.0    46   104     5    62     2    65 0.88 -
TRINITY_DN41335_c0_g1_i1:544-1323 -            260 8406at3041           -            148   2.1e-19   66.7   2.2   2   3   1.6e-05   0.00034   17.4   0.0    31    97    79   144    65   152 0.87 -
TRINITY_DN41335_c0_g1_i1:544-1323 -            260 8406at3041           -            148   2.1e-19   66.7   2.2   3   3   2.9e-11   6.2e-10   36.0   0.1    11   104   161   254   151   258 0.88 -
TRINITY_DN4122_c0_g1_i10:991-1623 -            211 8406at3041           -            148     4e-18   62.6   0.1   1   2   2.6e-13   5.5e-12   42.6   0.1    29   116    24   110     5   138 0.87 -
TRINITY_DN4122_c0_g1_i10:991-1623 -            211 8406at3041           -            148     4e-18   62.6   0.1   2   2   7.6e-06   0.00016   18.4   0.0    46   107   145   205   121   210 0.79 -
TRINITY_DN4122_c0_g1_i12:991-1623 -            211 8406at3041           -            148     4e-18   62.6   0.1   1   2   2.6e-13   5.5e-12   42.6   0.1    29   116    24   110     5   138 0.87 -
TRINITY_DN4122_c0_g1_i12:991-1623 -            211 8406at3041           -            148     4e-18   62.6   0.1   2   2   7.6e-06   0.00016   18.4   0.0    46   107   145   205   121   210 0.79 -
TRINITY_DN4122_c0_g1_i2:991-1623  -            211 8406at3041           -            148     4e-18   62.6   0.1   1   2   2.6e-13   5.5e-12   42.6   0.1    29   116    24   110     5   138 0.87 -
TRINITY_DN4122_c0_g1_i2:991-1623  -            211 8406at3041           -            148     4e-18   62.6   0.1   2   2   7.6e-06   0.00016   18.4   0.0    46   107   145   205   121   210 0.79 -
TRINITY_DN4122_c0_g1_i4:991-1623  -            211 8406at3041           -            148     4e-18   62.6   0.1   1   2   2.6e-13   5.5e-12   42.6   0.1    29   116    24   110     5   138 0.87 -
TRINITY_DN4122_c0_g1_i4:991-1623  -            211 8406at3041           -            148     4e-18   62.6   0.1   2   2   7.6e-06   0.00016   18.4   0.0    46   107   145   205   121   210 0.79 -
TRINITY_DN4122_c0_g1_i6:991-1623  -            211 8406at3041           -            148     4e-18   62.6   0.1   1   2   2.6e-13   5.5e-12   42.6   0.1    29   116    24   110     5   138 0.87 -
TRINITY_DN4122_c0_g1_i6:991-1623  -            211 8406at3041           -            148     4e-18   62.6   0.1   2   2   7.6e-06   0.00016   18.4   0.0    46   107   145   205   121   210 0.79 -
TRINITY_DN21513_c0_g1_i1:194-475  -             94 8406at3041           -            148   4.3e-15   52.7   0.1   1   1   2.3e-16   4.9e-15   52.5   0.1    29   105     7    83     2    91 0.96 -
TRINITY_DN1983_c0_g1_i1:104-364   -             87 8406at3041           -            148   2.7e-14   50.1   0.0   1   1   1.4e-15   2.9e-14   50.0   0.0    34   121     1    85     1    87 0.90 -
TRINITY_DN6266_c0_g1_i2:577-831   -             85 8406at3041           -            148   3.6e-14   49.7   0.0   1   1   1.9e-15   3.9e-14   49.6   0.0    30   105     9    84     3    85 0.95 -
TRINITY_DN11842_c0_g1_i1:411-632  -             74 8406at3041           -            148   9.7e-14   48.3   0.1   1   1   4.9e-15     1e-13   48.2   0.1    34   106     2    74     1    74 0.97 -
TRINITY_DN739_c0_g1_i3:142-336    -             65 8406at3041           -            148   3.6e-11   40.0   0.0   1   1   1.7e-12   3.7e-11   40.0   0.0    32    90     4    62     1    65 0.94 -
TRINITY_DN739_c0_g1_i4:222-431    -             70 8406at3041           -            148   4.1e-11   39.8   0.0   1   1   2.1e-12   4.3e-11   39.7   0.0    32    93     4    65     1    69 0.93 -
TRINITY_DN3335_c0_g1_i2:402-620   -             73 8406at3041           -            148   7.4e-11   39.0   0.0   1   1   3.8e-12   7.9e-11   38.9   0.0    30   101     1    72     1    73 0.97 -
TRINITY_DN45566_c0_g1_i1:104-355  -             84 8406at3041           -            148   1.2e-10   38.3   0.0   1   1   6.6e-12   1.4e-10   38.1   0.0    33   106     1    74     1    80 0.96 -
TRINITY_DN4923_c0_g1_i2:85-351    -             89 8406at3041           -            148   1.3e-10   38.2   0.0   1   1   7.2e-12   1.5e-10   38.0   0.0    33   104     2    72     1    77 0.95 -
TRINITY_DN41335_c0_g1_i1:397-1008 -            204 8406at3041           -            148   1.4e-10   38.1   0.3   1   2   1.2e-05   0.00026   17.7   0.1    32   104    40   111    34   115 0.90 -
TRINITY_DN41335_c0_g1_i1:397-1008 -            204 8406at3041           -            148   1.4e-10   38.1   0.3   2   2   1.1e-05   0.00022   18.0   0.0    31    97   128   193   115   200 0.87 -
TRINITY_DN12663_c0_g1_i1:273-491  -             73 8406at3041           -            148   1.7e-10   37.8   0.1   1   1   8.6e-12   1.8e-10   37.7   0.1    33   104     1    72     1    73 0.97 -
TRINITY_DN6266_c0_g1_i1:580-747   -             56 8406at3041           -            148   2.3e-10   37.4   0.0   1   1   1.1e-11   2.4e-10   37.3   0.0    50   104     1    55     1    56 0.95 -
TRINITY_DN5470_c0_g1_i3:581-811   -             77 8406at3041           -            148   2.4e-10   37.3   0.0   1   1   1.2e-11   2.6e-10   37.2   0.0    32   109     1    77     1    77 0.95 -
TRINITY_DN30599_c0_g1_i1:403-609  -             69 8406at3041           -            148     9e-10   35.5   0.1   1   1   4.5e-11   9.5e-10   35.4   0.1    33   102     1    67     1    69 0.93 -
TRINITY_DN44859_c0_g1_i1:92-307   -             72 8406at3041           -            148   2.5e-09   34.0   0.0   1   1   1.3e-10   2.6e-09   33.9   0.0    33   102     3    72     1    72 0.95 -
TRINITY_DN36218_c0_g1_i1:234-419  -             62 8406at3041           -            148   4.2e-09   33.3   0.1   1   1   2.1e-10   4.3e-09   33.2   0.1    34    94     2    62     1    62 0.93 -
TRINITY_DN802_c0_g2_i4:1691-2038  -            116 8406at3041           -            148   4.2e-09   33.3   0.0   1   1   3.2e-10   6.8e-09   32.6   0.0    29   102     2    73     1    80 0.91 -
TRINITY_DN802_c0_g2_i5:1782-2129  -            116 8406at3041           -            148   4.2e-09   33.3   0.0   1   1   3.2e-10   6.8e-09   32.6   0.0    29   102     2    73     1    80 0.91 -
TRINITY_DN802_c0_g2_i3:1982-2194  -             71 8406at3041           -            148     5e-09   33.0   0.0   1   1   2.4e-10     5e-09   33.0   0.0    29    90     2    63     1    71 0.93 -
TRINITY_DN1515_c0_g1_i1:319-531   -             71 8406at3041           -            148   6.1e-09   32.8   0.2   1   1     3e-10   6.3e-09   32.7   0.2    37   104     4    70     1    71 0.91 -
TRINITY_DN32623_c0_g1_i1:5-277    -             91 8406at3041           -            148   1.2e-08   31.8   0.0   1   1   6.9e-10   1.4e-08   31.5   0.0    32    94    11    71     7    80 0.86 -
TRINITY_DN2540_c0_g1_i1:1062-1277 -             72 8406at3041           -            148   1.3e-08   31.7   0.0   1   1   6.6e-10   1.4e-08   31.6   0.0    33   103     1    71     1    72 0.97 -
TRINITY_DN36070_c0_g1_i1:223-447  -             75 8406at3041           -            148   1.4e-08   31.6   0.0   1   1   7.2e-10   1.5e-08   31.5   0.0    31   102     3    74     1    75 0.94 -
TRINITY_DN1835_c0_g1_i3:662-898   -             79 8406at3041           -            148   1.9e-08   31.1   0.0   1   1     1e-09   2.1e-08   31.0   0.0    31   100     3    72     1    78 0.93 -
TRINITY_DN520_c0_g1_i2:140-352    -             71 8406at3041           -            148   3.7e-08   30.2   0.0   1   1   1.9e-09     4e-08   30.1   0.0    33   104     1    71     1    71 0.87 -
TRINITY_DN42272_c0_g1_i1:202-432  -             77 8406at3041           -            148   3.8e-08   30.2   0.0   1   1   1.9e-09     4e-08   30.1   0.0    33    96     1    63     1    75 0.85 -
TRINITY_DN5131_c0_g2_i3:158-388   -             77 8406at3041           -            148   5.6e-08   29.7   0.0   1   1   2.8e-09   5.8e-08   29.6   0.0    31   104     4    77     1    77 0.95 -
TRINITY_DN285_c0_g1_i1:152-367    -             72 8406at3041           -            148   6.1e-08   29.5   0.0   1   1   3.4e-09   7.1e-08   29.3   0.0    33   104     1    69     1    71 0.92 -
TRINITY_DN2278_c0_g1_i2:151-351   -             67 8406at3041           -            148     9e-08   29.0   0.0   1   1   4.3e-09     9e-08   29.0   0.0    43   104     6    67     1    67 0.94 -
TRINITY_DN324_c1_g1_i1:1261-1470  -             70 8406at3041           -            148   2.2e-07   27.7   0.0   1   1   1.1e-08   2.3e-07   27.6   0.0    33   104     1    69     1    70 0.86 -
TRINITY_DN3656_c0_g1_i1:423-641   -             73 8406at3041           -            148   2.3e-07   27.7   0.0   1   1   1.2e-08   2.5e-07   27.5   0.0    34   105     1    72     1    73 0.91 -
TRINITY_DN285_c0_g1_i5:152-397    -             82 8406at3041           -            148   2.5e-07   27.5   0.0   1   1   1.6e-08   3.3e-07   27.2   0.0    33   104     1    79     1    81 0.81 -
TRINITY_DN802_c0_g2_i3:1668-1832  -             55 8406at3041           -            148     4e-07   26.9   0.0   1   1   1.9e-08   4.1e-07   26.8   0.0    33    84     1    52     1    55 0.92 -
TRINITY_DN256_c0_g1_i1:3779-3991  -             71 8406at3041           -            148   4.3e-07   26.8   0.0   1   1   2.2e-08   4.6e-07   26.7   0.0    34   103     1    70     1    71 0.95 -
TRINITY_DN256_c0_g1_i2:3170-3382  -             71 8406at3041           -            148   4.3e-07   26.8   0.0   1   1   2.2e-08   4.6e-07   26.7   0.0    34   103     1    70     1    71 0.95 -
TRINITY_DN284_c0_g1_i1:1488-1658  -             57 8406at3041           -            148     1e-06   25.6   0.0   1   1   5.6e-08   1.2e-06   25.4   0.0    33    94     1    57     1    57 0.95 -
TRINITY_DN15152_c0_g1_i1:184-399  -             72 8406at3041           -            148   1.1e-06   25.4   0.1   1   1   5.5e-08   1.2e-06   25.4   0.1    33   104     1    72     1    72 0.94 -
TRINITY_DN1835_c0_g1_i3:914-1168  -             85 8406at3041           -            148     3e-06   24.0   0.0   1   1   1.5e-07   3.1e-06   24.0   0.0    33    93     4    65     1    81 0.85 -
TRINITY_DN7060_c0_g1_i1:530-745   -             72 8406at3041           -            148   3.5e-06   23.8   0.0   1   1   1.7e-07   3.6e-06   23.8   0.0    34   102     2    69     1    72 0.88 -
TRINITY_DN1138_c0_g1_i1:292-918   -            209 8406at3041           -            148   4.9e-06   23.3   0.0   1   2    0.0064      0.13    8.9   0.0    37    89    26    78    18    93 0.86 -
TRINITY_DN1138_c0_g1_i1:292-918   -            209 8406at3041           -            148   4.9e-06   23.3   0.0   2   2   0.00054     0.011   12.4   0.0    30    96   105   174   102   181 0.83 -
TRINITY_DN1138_c0_g1_i3:292-918   -            209 8406at3041           -            148   4.9e-06   23.3   0.0   1   2    0.0064      0.13    8.9   0.0    37    89    26    78    18    93 0.86 -
TRINITY_DN1138_c0_g1_i3:292-918   -            209 8406at3041           -            148   4.9e-06   23.3   0.0   2   2   0.00054     0.011   12.4   0.0    30    96   105   174   102   181 0.83 -
TRINITY_DN1138_c0_g1_i6:522-1148  -            209 8406at3041           -            148   4.9e-06   23.3   0.0   1   2    0.0064      0.13    8.9   0.0    37    89    26    78    18    93 0.86 -
TRINITY_DN1138_c0_g1_i6:522-1148  -            209 8406at3041           -            148   4.9e-06   23.3   0.0   2   2   0.00054     0.011   12.4   0.0    30    96   105   174   102   181 0.83 -
TRINITY_DN28910_c0_g1_i1:497-712  -             72 8406at3041           -            148   2.6e-05   21.0   0.0   1   1   1.3e-06   2.8e-05   20.9   0.0    33   103     1    71     1    72 0.96 -
TRINITY_DN28910_c0_g1_i1:65-280   -             72 8406at3041           -            148   2.6e-05   21.0   0.0   1   1   1.3e-06   2.8e-05   20.9   0.0    33   103     1    71     1    72 0.96 -
TRINITY_DN28910_c0_g1_i2:497-712  -             72 8406at3041           -            148   2.6e-05   21.0   0.0   1   1   1.3e-06   2.8e-05   20.9   0.0    33   103     1    71     1    72 0.96 -
TRINITY_DN28910_c0_g1_i2:65-280   -             72 8406at3041           -            148   2.6e-05   21.0   0.0   1   1   1.3e-06   2.8e-05   20.9   0.0    33   103     1    71     1    72 0.96 -
TRINITY_DN1138_c0_g1_i4:1105-1371 -             89 8406at3041           -            148   4.4e-05   20.3   0.1   1   1   2.2e-06   4.5e-05   20.2   0.1    33   105     1    73     1    84 0.83 -
TRINITY_DN520_c0_g1_i1:290-424    -             45 8406at3041           -            148   8.3e-05   19.3   0.0   1   1   4.1e-06   8.7e-05   19.3   0.0    36    78     1    43     1    45 0.96 -
TRINITY_DN1138_c0_g1_i1:1654-1827 -             58 8406at3041           -            148   9.8e-05   19.1   0.1   1   1   4.8e-06    0.0001   19.1   0.1    33    87     1    56     1    58 0.89 -
TRINITY_DN1138_c0_g1_i6:1884-2057 -             58 8406at3041           -            148   9.8e-05   19.1   0.1   1   1   4.8e-06    0.0001   19.1   0.1    33    87     1    56     1    58 0.89 -
TRINITY_DN36219_c0_g1_i1:100-318  -             73 8406at3041           -            148   0.00035   17.3   0.0   1   1   1.8e-05   0.00037   17.2   0.0    33   104     1    72     1    73 0.97 -
TRINITY_DN7529_c0_g1_i2:160-360   -             67 8406at3041           -            148   0.00039   17.2   0.0   1   1   1.9e-05    0.0004   17.1   0.0    36    97     4    64     1    67 0.79 -
TRINITY_DN1085_c0_g1_i1:665-883   -             73 8406at3041           -            148   0.00066   16.4   0.0   1   1   3.1e-05   0.00066   16.4   0.0    33   101     1    69     1    73 0.91 -
TRINITY_DN4009_c0_g1_i11:960-1250 -             97 8406at3041           -            148   0.00096   15.9   0.0   1   1   4.8e-05     0.001   15.8   0.0    44    96    28    80    14    93 0.83 -
TRINITY_DN4009_c0_g1_i3:1545-1835 -             97 8406at3041           -            148   0.00096   15.9   0.0   1   1   4.8e-05     0.001   15.8   0.0    44    96    28    80    14    93 0.83 -
TRINITY_DN4009_c0_g1_i4:1545-1835 -             97 8406at3041           -            148   0.00096   15.9   0.0   1   1   4.8e-05     0.001   15.8   0.0    44    96    28    80    14    93 0.83 -
TRINITY_DN24313_c0_g1_i1:194-424  -             77 8406at3041           -            148     0.001   15.8   0.0   1   1   4.9e-05     0.001   15.8   0.0    45   107     4    66     1    76 0.88 -
TRINITY_DN35789_c0_g1_i1:8-166    -             53 8406at3041           -            148    0.0011   15.7   0.0   1   1   6.1e-05    0.0013   15.5   0.0    33    80     1    48     1    52 0.93 -
TRINITY_DN7529_c0_g1_i3:161-328   -             56 8406at3041           -            148    0.0019   14.9   0.0   1   1     9e-05    0.0019   14.9   0.0    73    97    29    53     9    56 0.91 -
TRINITY_DN1546_c0_g1_i1:2637-2915 -             93 8406at3041           -            148    0.0048   13.6   0.0   1   1   0.00029    0.0062   13.3   0.0    30    95     5    64     3    81 0.90 -
TRINITY_DN2255_c0_g1_i1:368-637   -             90 8406at3041           -            148    0.0057   13.4   0.0   1   1   0.00028     0.006   13.3   0.0    37    99     5    67     1    82 0.84 -
TRINITY_DN2255_c0_g1_i2:670-939   -             90 8406at3041           -            148    0.0057   13.4   0.0   1   1   0.00028     0.006   13.3   0.0    37    99     5    67     1    82 0.84 -
TRINITY_DN2255_c0_g1_i3:578-847   -             90 8406at3041           -            148    0.0057   13.4   0.0   1   1   0.00028     0.006   13.3   0.0    37    99     5    67     1    82 0.84 -
TRINITY_DN4203_c0_g1_i2:276-446   -             57 8406at3041           -            148     0.006   13.3   0.0   1   1   0.00029    0.0061   13.3   0.0    32    88     1    57     1    57 0.88 -
TRINITY_DN1796_c0_g1_i2:381-671   -             97 8406at3041           -            148     0.011   12.5   0.0   1   1   0.00061     0.013   12.2   0.0    33   104     4    72     1    76 0.82 -
#
# Program:         hmmsearch
# Version:         3.2.1 (June 2018)
# Pipeline mode:   SEARCH
# Query file:      /sw/bioinfo/BUSCO/v5_lineage_sets/lineages/chlorophyta_odb10/hmms/8406at3041.hmm
# Target file:     /crex/proj/snic2022-23-81/expression_algae/code/busco/trinity_VA-3180-Osg03Mul/run_chlorophyta_odb10/metaeuk_output/rerun_results/trinity_VA-3180-Osg03Mul.Trinity.fasta.modified.fas
# Option settings: hmmsearch --domtblout /crex/proj/snic2022-23-81/expression_algae/code/busco/trinity_VA-3180-Osg03Mul/run_chlorophyta_odb10/hmmer_output/rerun_results/8406at3041.out --cpu 1 /sw/bioinfo/BUSCO/v5_lineage_sets/lineages/chlorophyta_odb10/hmms/8406at3041.hmm /crex/proj/snic2022-23-81/expression_algae/code/busco/trinity_VA-3180-Osg03Mul/run_chlorophyta_odb10/metaeuk_output/rerun_results/trinity_VA-3180-Osg03Mul.Trinity.fasta.modified.fas 
# Current dir:     /crex/proj/snic2022-23-81/expression_algae/code/busco
# Date:            Fri Sep 23 10:13:07 2022
# [ok]
