#                                                                                         --- full sequence --- -------------- this domain -------------   hmm coord   ali coord   env coord
# target name                     accession   tlen query name           accession   qlen   E-value  score  bias   #  of  c-Evalue  i-Evalue  score  bias  from    to  from    to  from    to  acc description of target
#             ------------------- ---------- ----- -------------------- ---------- ----- --------- ------ ----- --- --- --------- --------- ------ ----- ----- ----- ----- ----- ----- ----- ---- ---------------------
TRINITY_DN6323_c0_g1_i1:1-378     -            126 10253at3041          -            164     1e-61  204.0   0.1   1   1   1.6e-63   1.1e-61  203.9   0.1    40   163     1   126     1   126 0.95 -
TRINITY_DN2717_c0_g1_i1:103-384   -             94 10253at3041          -            164   1.8e-14   50.4   0.1   1   1     3e-16     2e-14   50.2   0.1    37   127     3    90     1    93 0.90 -
TRINITY_DN2717_c0_g1_i2:183-464   -             94 10253at3041          -            164   1.8e-14   50.4   0.1   1   1     3e-16     2e-14   50.2   0.1    37   127     3    90     1    93 0.90 -
TRINITY_DN20816_c0_g1_i1:44-289   -             82 10253at3041          -            164   7.2e-12   41.9   0.0   1   1   1.1e-13   7.6e-12   41.8   0.0    37   116     3    79     1    82 0.87 -
TRINITY_DN4392_c0_g1_i1:1-234     -             78 10253at3041          -            164   2.3e-11   40.3   0.0   1   1   3.4e-13   2.4e-11   40.2   0.0    36    98    13    77     1    78 0.83 -
TRINITY_DN32958_c0_g1_i1:120-446  -            109 10253at3041          -            164   4.1e-10   36.2   0.0   1   1   6.7e-12   4.6e-10   36.0   0.0    38   106    21    88     4    97 0.86 -
TRINITY_DN2284_c0_g1_i1:2-256     -             85 10253at3041          -            164   3.5e-09   33.2   0.0   1   1   6.3e-11   4.3e-09   32.9   0.0    44   108    18    80    10    83 0.90 -
TRINITY_DN1325_c0_g1_i4:434-715   -             94 10253at3041          -            164     1e-08   31.6   0.0   1   1   1.6e-10   1.1e-08   31.5   0.0    43   137     3    94     1    94 0.83 -
TRINITY_DN2284_c0_g2_i1:229-501   -             91 10253at3041          -            164   5.7e-08   29.2   0.0   1   1   9.2e-10   6.3e-08   29.1   0.0    35   105    16    87     2    91 0.78 -
TRINITY_DN1325_c0_g1_i1:1751-1969 -             73 10253at3041          -            164     1e-07   28.3   0.0   1   1   1.6e-09   1.1e-07   28.3   0.0    41   104     3    68     1    73 0.85 -
TRINITY_DN1325_c0_g1_i3:271-489   -             73 10253at3041          -            164     1e-07   28.3   0.0   1   1   1.6e-09   1.1e-07   28.3   0.0    41   104     3    68     1    73 0.85 -
TRINITY_DN1325_c0_g1_i4:1538-1756 -             73 10253at3041          -            164     1e-07   28.3   0.0   1   1   1.6e-09   1.1e-07   28.3   0.0    41   104     3    68     1    73 0.85 -
TRINITY_DN14159_c0_g1_i1:474-698  -             75 10253at3041          -            164   1.4e-07   27.9   0.3   1   1   2.2e-09   1.5e-07   27.8   0.3    40   103    14    74     2    75 0.86 -
TRINITY_DN12461_c0_g1_i1:243-482  -             80 10253at3041          -            164   2.3e-07   27.3   0.0   1   1   3.5e-09   2.4e-07   27.2   0.0    32   106     4    77     1    80 0.85 -
TRINITY_DN13053_c0_g1_i1:0-497    -            166 10253at3041          -            164   2.7e-07   27.0   0.0   1   1     5e-09   3.4e-07   26.7   0.0    40   128    24   110     4   120 0.75 -
TRINITY_DN1565_c0_g1_i1:55-474    -            140 10253at3041          -            164   2.9e-07   26.9   0.0   1   1   5.8e-09   3.9e-07   26.5   0.0    35   106    42   117    25   127 0.69 -
TRINITY_DN14260_c0_g1_i1:144-458  -            105 10253at3041          -            164   5.4e-07   26.0   0.0   1   1   9.1e-09   6.2e-07   25.8   0.0    40   116    22    94     9   102 0.84 -
TRINITY_DN2730_c0_g1_i1:34-294    -             87 10253at3041          -            164   2.1e-06   24.1   0.0   1   1   3.6e-08   2.5e-06   23.9   0.0    36   100     1    69     1    80 0.70 -
TRINITY_DN7294_c0_g1_i1:8-244     -             79 10253at3041          -            164   3.5e-06   23.4   0.0   1   1   5.4e-08   3.7e-06   23.3   0.0    22    83     3    63     1    71 0.84 -
TRINITY_DN14857_c0_g1_i1:102-422  -            107 10253at3041          -            164   1.7e-05   21.1   0.0   1   1   2.6e-07   1.8e-05   21.1   0.0    40    83    37    79    12   107 0.72 -
TRINITY_DN10135_c0_g1_i2:887-1189 -            101 10253at3041          -            164     9e-05   18.8   0.0   1   1   1.5e-06    0.0001   18.6   0.0    38    84    10    57     2    89 0.72 -
TRINITY_DN14993_c0_g1_i1:24-272   -             83 10253at3041          -            164   0.00011   18.5   0.1   1   1   1.8e-06   0.00012   18.4   0.1    44    82     2    39     1    77 0.65 -
TRINITY_DN3816_c0_g2_i3:13-282    -             90 10253at3041          -            164     0.011   12.0   0.0   1   1   0.00017     0.012   11.9   0.0    33   100    23    89     7    90 0.82 -
TRINITY_DN9594_c0_g1_i1:68-439    -            124 10253at3041          -            164     0.013   11.8   0.0   1   1   0.00022     0.015   11.6   0.0    43    92     2    53     1    94 0.67 -
#
# Program:         hmmsearch
# Version:         3.2.1 (June 2018)
# Pipeline mode:   SEARCH
# Query file:      /sw/bioinfo/BUSCO/v5_lineage_sets/lineages/chlorophyta_odb10/hmms/10253at3041.hmm
# Target file:     /crex/proj/snic2022-23-81/expression_algae/code/busco/trinity_VA-3180-Osg12Pal/run_chlorophyta_odb10/metaeuk_output/initial_results/trinity_VA-3180-Osg12Pal.Trinity.fasta.modified.fas
# Option settings: hmmsearch --domtblout /crex/proj/snic2022-23-81/expression_algae/code/busco/trinity_VA-3180-Osg12Pal/run_chlorophyta_odb10/hmmer_output/initial_run_results/10253at3041.out --cpu 1 /sw/bioinfo/BUSCO/v5_lineage_sets/lineages/chlorophyta_odb10/hmms/10253at3041.hmm /crex/proj/snic2022-23-81/expression_algae/code/busco/trinity_VA-3180-Osg12Pal/run_chlorophyta_odb10/metaeuk_output/initial_results/trinity_VA-3180-Osg12Pal.Trinity.fasta.modified.fas 
# Current dir:     /crex/proj/snic2022-23-81/expression_algae/code/busco
# Date:            Fri Sep 23 10:11:54 2022
# [ok]
