#                                                                                       --- full sequence --- -------------- this domain -------------   hmm coord   ali coord   env coord
# target name                   accession   tlen query name           accession   qlen   E-value  score  bias   #  of  c-Evalue  i-Evalue  score  bias  from    to  from    to  from    to  acc description of target
#           ------------------- ---------- ----- -------------------- ---------- ----- --------- ------ ----- --- --- --------- --------- ------ ----- ----- ----- ----- ----- ----- ----- ---- ---------------------
TRINITY_DN1618_c0_g1_i4:100-771 -            224 11296at3041          -            188   6.4e-09   32.1   2.6   1   2     0.055        23    1.0   0.2    99   136    52    88    28    98 0.70 -
TRINITY_DN1618_c0_g1_i4:100-771 -            224 11296at3041          -            188   6.4e-09   32.1   2.6   2   2   1.6e-11   6.4e-09   32.1   2.6    93   187   120   214   113   215 0.95 -
TRINITY_DN1618_c0_g1_i1:100-753 -            181 11296at3041          -            188   0.00014   18.0   3.9   1   2     0.045        19    1.3   0.1   100   136    53    88    35    98 0.71 -
TRINITY_DN1618_c0_g1_i1:100-753 -            181 11296at3041          -            188   0.00014   18.0   3.9   2   2   4.3e-07   0.00018   17.7   0.7    93   146   120   173   113   177 0.94 -
TRINITY_DN1618_c0_g1_i3:100-642 -            181 11296at3041          -            188   0.00016   17.8   4.4   1   2     0.037        15    1.6   0.2    99   136    52    88    26    98 0.70 -
TRINITY_DN1618_c0_g1_i3:100-642 -            181 11296at3041          -            188   0.00016   17.8   4.4   2   2   4.3e-07   0.00018   17.7   0.7    93   146   120   173   113   177 0.94 -
TRINITY_DN21330_c0_g1_i1:42-257 -             72 11296at3041          -            188    0.0011   15.1   0.2   1   1   2.9e-06    0.0012   14.9   0.2   126   187     3    64     1    66 0.89 -
#
# Program:         hmmsearch
# Version:         3.2.1 (June 2018)
# Pipeline mode:   SEARCH
# Query file:      /sw/bioinfo/BUSCO/v5_lineage_sets/lineages/chlorophyta_odb10/hmms/11296at3041.hmm
# Target file:     /crex/proj/snic2022-23-81/expression_algae/code/busco/trinity_VA-3180-Osg12Pal/run_chlorophyta_odb10/metaeuk_output/initial_results/trinity_VA-3180-Osg12Pal.Trinity.fasta.modified.fas
# Option settings: hmmsearch --domtblout /crex/proj/snic2022-23-81/expression_algae/code/busco/trinity_VA-3180-Osg12Pal/run_chlorophyta_odb10/hmmer_output/initial_run_results/11296at3041.out --cpu 1 /sw/bioinfo/BUSCO/v5_lineage_sets/lineages/chlorophyta_odb10/hmms/11296at3041.hmm /crex/proj/snic2022-23-81/expression_algae/code/busco/trinity_VA-3180-Osg12Pal/run_chlorophyta_odb10/metaeuk_output/initial_results/trinity_VA-3180-Osg12Pal.Trinity.fasta.modified.fas 
# Current dir:     /crex/proj/snic2022-23-81/expression_algae/code/busco
# Date:            Fri Sep 23 10:11:55 2022
# [ok]
