#                                                                                        --- full sequence --- -------------- this domain -------------   hmm coord   ali coord   env coord
# target name                    accession   tlen query name           accession   qlen   E-value  score  bias   #  of  c-Evalue  i-Evalue  score  bias  from    to  from    to  from    to  acc description of target
#            ------------------- ---------- ----- -------------------- ---------- ----- --------- ------ ----- --- --- --------- --------- ------ ----- ----- ----- ----- ----- ----- ----- ---- ---------------------
TRINITY_DN78_c1_g2_i1:590-1909   -            440 1148at3041           -            345  6.7e-224  738.5   1.0   1   1  1.5e-225  7.9e-224  738.3   1.0     1   345    74   440    74   440 0.97 -
TRINITY_DN78_c1_g1_i1:189-1388   -            400 1148at3041           -            345  2.8e-156  516.2   3.7   1   1  6.2e-158  3.3e-156  516.0   3.7     1   345    34   400    34   400 0.93 -
TRINITY_DN908_c0_g1_i3:401-1705  -            435 1148at3041           -            345   2.5e-65  217.2   0.2   1   1   7.5e-67     4e-65  216.5   0.2     2   324    48   401    47   427 0.84 -
TRINITY_DN704_c0_g4_i3:4-1134    -            377 1148at3041           -            345   4.5e-55  183.4   0.1   1   1   1.1e-56   6.1e-55  183.0   0.1     6   329    15   361    12   374 0.82 -
TRINITY_DN704_c0_g5_i1:6-1223    -            406 1148at3041           -            345   9.2e-54  179.1   0.0   1   1   2.2e-55   1.2e-53  178.8   0.0     3   335    48   401    46   405 0.85 -
TRINITY_DN704_c0_g4_i1:4-1086    -            361 1148at3041           -            345   3.3e-53  177.3   0.1   1   2      0.18       9.8    1.5   0.0   246   265     2    21     1    30 0.79 -
TRINITY_DN704_c0_g4_i1:4-1086    -            361 1148at3041           -            345   3.3e-53  177.3   0.1   2   2   3.1e-54   1.6e-52  175.0   0.1    31   329    24   345    19   358 0.81 -
TRINITY_DN624_c0_g5_i1:496-1485  -            330 1148at3041           -            345   4.6e-50  167.0   0.0   1   1   1.1e-51   5.8e-50  166.6   0.0    14   315     1   329     1   330 0.82 -
TRINITY_DN704_c0_g2_i1:4-1038    -            345 1148at3041           -            345   1.1e-47  159.1   0.0   1   1   2.7e-49   1.4e-47  158.8   0.0    61   325    15   293     4   311 0.86 -
TRINITY_DN6706_c0_g1_i1:58-1245  -            396 1148at3041           -            345   2.2e-46  154.8   0.1   1   2   2.2e-23   1.2e-21   73.6   0.0    19   156    26   179    13   196 0.83 -
TRINITY_DN6706_c0_g1_i1:58-1245  -            396 1148at3041           -            345   2.2e-46  154.8   0.1   2   2   4.5e-25   2.4e-23   79.1   0.0   160   320   220   390   216   395 0.81 -
TRINITY_DN615_c0_g1_i1:6-1694    -            563 1148at3041           -            345   1.8e-43  145.2   0.1   1   1     1e-44   5.5e-43  143.7   0.1    12   328   117   464   109   474 0.84 -
TRINITY_DN1190_c0_g1_i2:133-1356 -            408 1148at3041           -            345   3.8e-39  131.1   0.0   1   1   8.7e-41   4.6e-39  130.8   0.0    15   314     3   323     1   346 0.84 -
TRINITY_DN624_c0_g5_i2:31-1161   -            377 1148at3041           -            345     1e-35  119.8   0.0   1   1   2.6e-37   1.4e-35  119.4   0.0     1   186   143   345   143   358 0.89 -
TRINITY_DN27810_c0_g1_i1:3-620   -            206 1148at3041           -            345   3.9e-32  108.0   0.0   1   1   8.4e-34   4.4e-32  107.8   0.0     1   155    40   204    40   206 0.89 -
TRINITY_DN908_c0_g1_i1:162-881   -            240 1148at3041           -            345   7.6e-32  107.0   0.1   1   1   1.7e-33   8.9e-32  106.8   0.1     2   180    48   239    47   240 0.87 -
TRINITY_DN908_c0_g1_i2:410-997   -            196 1148at3041           -            345   1.7e-28   96.0   0.1   1   1   5.6e-30     3e-28   95.2   0.1   181   325     4   166     1   192 0.78 -
TRINITY_DN5238_c0_g1_i1:82-720   -            213 1148at3041           -            345   3.8e-27   91.6   0.1   1   1   8.3e-29   4.4e-27   91.4   0.1     4   185    15   210    12   213 0.87 -
TRINITY_DN704_c0_g3_i1:973-1338  -            122 1148at3041           -            345   7.2e-23   77.5   0.0   1   1   1.5e-24   8.1e-23   77.4   0.0   222   321    20   120    16   122 0.94 -
TRINITY_DN704_c0_g3_i2:780-1142  -            121 1148at3041           -            345   5.4e-22   74.7   0.0   1   1   1.3e-23   6.6e-22   74.4   0.0   222   319    20   118    16   120 0.94 -
TRINITY_DN19215_c0_g1_i1:4-519   -            172 1148at3041           -            345   1.1e-21   73.6   0.1   1   1   2.5e-23   1.3e-21   73.4   0.1    20   166     6   170     2   172 0.80 -
TRINITY_DN2698_c0_g1_i1:2-874    -            291 1148at3041           -            345   2.5e-21   72.4   0.0   1   1     6e-23   3.2e-21   72.1   0.0    60   307    21   291    11   291 0.78 -
TRINITY_DN11467_c0_g1_i1:340-966 -            209 1148at3041           -            345   4.9e-21   71.5   0.0   1   1   1.1e-22   5.9e-21   71.2   0.0    14   166    34   208    26   209 0.75 -
TRINITY_DN1655_c0_g3_i1:0-578    -            193 1148at3041           -            345   4.3e-20   68.4   0.0   1   1   9.5e-22     5e-20   68.2   0.0   152   329     3   189     1   192 0.87 -
TRINITY_DN704_c0_g1_i1:5-445     -            147 1148at3041           -            345   9.8e-20   67.2   0.1   1   1     2e-21   1.1e-19   67.1   0.1    16   146     3   146     1   147 0.84 -
TRINITY_DN1990_c0_g1_i1:34-987   -            318 1148at3041           -            345   1.2e-16   57.0   0.0   1   2   3.4e-17   1.8e-15   53.2   0.0    30   153    15   157     1   175 0.70 -
TRINITY_DN1990_c0_g1_i1:34-987   -            318 1148at3041           -            345   1.2e-16   57.0   0.0   2   2      0.17         9    1.6   0.0   159   188   220   249   215   264 0.88 -
TRINITY_DN2698_c0_g1_i2:2-706    -            235 1148at3041           -            345   1.9e-15   53.2   0.0   1   1     4e-17   2.1e-15   53.0   0.0    96   307     4   235     1   235 0.78 -
TRINITY_DN624_c0_g4_i2:618-1277  -            220 1148at3041           -            345   4.2e-14   48.7   0.0   1   1   1.1e-15     6e-14   48.2   0.0    12   136    78   219    69   220 0.78 -
TRINITY_DN624_c0_g4_i3:638-1297  -            220 1148at3041           -            345   4.2e-14   48.7   0.0   1   1   1.1e-15     6e-14   48.2   0.0    12   136    78   219    69   220 0.78 -
TRINITY_DN624_c0_g6_i1:26-298    -             91 1148at3041           -            345   1.3e-08   30.7   0.0   1   1     3e-10   1.6e-08   30.4   0.0    17    81     1    77     1    91 0.70 -
TRINITY_DN1271_c0_g1_i1:13-549   -            179 1148at3041           -            345   9.4e-08   27.8   0.1   1   2      0.16       8.6    1.7   0.0   249   277    68    96     8   110 0.69 -
TRINITY_DN1271_c0_g1_i1:13-549   -            179 1148at3041           -            345   9.4e-08   27.8   0.1   2   2   1.8e-08   9.7e-07   24.5   0.1   278   316   141   179   116   179 0.90 -
TRINITY_DN32577_c0_g1_i1:426-692 -             89 1148at3041           -            345   1.1e-07   27.7   0.0   1   1   2.5e-09   1.3e-07   27.4   0.0    19    83     5    77     2    88 0.78 -
TRINITY_DN5196_c0_g1_i1:22-318   -             99 1148at3041           -            345      0.01   11.3   0.1   1   1   0.00025     0.013   10.9   0.1    17    76     1    72     1    99 0.64 -
#
# Program:         hmmsearch
# Version:         3.2.1 (June 2018)
# Pipeline mode:   SEARCH
# Query file:      /sw/bioinfo/BUSCO/v5_lineage_sets/lineages/chlorophyta_odb10/hmms/1148at3041.hmm
# Target file:     /crex/proj/snic2022-23-81/expression_algae/code/busco/trinity_VA-3180-Osg12Pal/run_chlorophyta_odb10/metaeuk_output/initial_results/trinity_VA-3180-Osg12Pal.Trinity.fasta.modified.fas
# Option settings: hmmsearch --domtblout /crex/proj/snic2022-23-81/expression_algae/code/busco/trinity_VA-3180-Osg12Pal/run_chlorophyta_odb10/hmmer_output/initial_run_results/1148at3041.out --cpu 1 /sw/bioinfo/BUSCO/v5_lineage_sets/lineages/chlorophyta_odb10/hmms/1148at3041.hmm /crex/proj/snic2022-23-81/expression_algae/code/busco/trinity_VA-3180-Osg12Pal/run_chlorophyta_odb10/metaeuk_output/initial_results/trinity_VA-3180-Osg12Pal.Trinity.fasta.modified.fas 
# Current dir:     /crex/proj/snic2022-23-81/expression_algae/code/busco
# Date:            Fri Sep 23 10:11:54 2022
# [ok]
