#                                                                                          --- full sequence --- -------------- this domain -------------   hmm coord   ali coord   env coord
# target name                      accession   tlen query name           accession   qlen   E-value  score  bias   #  of  c-Evalue  i-Evalue  score  bias  from    to  from    to  from    to  acc description of target
#              ------------------- ---------- ----- -------------------- ---------- ----- --------- ------ ----- --- --- --------- --------- ------ ----- ----- ----- ----- ----- ----- ----- ---- ---------------------
TRINITY_DN430_c0_g1_i9:246-1226    -            327 2395at3041           -            299  6.5e-206  678.8   2.3   1   1  7.3e-207  7.4e-206  678.7   2.3     1   299     2   300     2   300 1.00 -
TRINITY_DN430_c0_g1_i13:793-1791   -            333 2395at3041           -            299  6.9e-206  678.8   2.3   1   1  7.8e-207  7.9e-206  678.6   2.3     1   299     2   300     2   300 1.00 -
TRINITY_DN430_c0_g1_i4:793-1854    -            323 2395at3041           -            299  4.8e-199  656.3   2.7   1   1  5.4e-200  5.5e-199  656.1   2.7    10   299     1   290     1   290 1.00 -
TRINITY_DN430_c0_g1_i5:1202-1969   -            256 2395at3041           -            299  3.3e-175  578.0   0.7   1   1  3.7e-176  3.7e-175  577.9   0.7     1   255     2   256     2   256 1.00 -
TRINITY_DN1891_c0_g1_i5:555-1370   -            272 2395at3041           -            299  3.2e-167  551.8   0.9   1   1  3.5e-168  3.6e-167  551.6   0.9    40   298     1   259     1   260 0.99 -
TRINITY_DN430_c0_g1_i6:57-779      -            241 2395at3041           -            299  5.2e-164  541.3   0.6   1   1  5.8e-165  5.9e-164  541.1   0.6     1   240     2   241     2   241 1.00 -
TRINITY_DN247_c0_g2_i2:449-1294    -            282 2395at3041           -            299   2.5e-55  184.5   0.0   1   1   3.2e-56   3.3e-55  184.0   0.0    13   274     4   279     1   282 0.88 -
TRINITY_DN247_c0_g2_i1:120-788     -            223 2395at3041           -            299     4e-51  170.6   0.0   1   1   4.3e-52   4.4e-51  170.5   0.0    59   274     5   220     1   223 0.93 -
TRINITY_DN738_c0_g2_i1:109-921     -            271 2395at3041           -            299   4.1e-14   49.1   0.0   1   1   5.2e-15   5.3e-14   48.7   0.0     8   214     2   212     1   228 0.79 -
TRINITY_DN23546_c0_g1_i1:2-526     -            175 2395at3041           -            299   1.7e-12   43.8   0.1   1   1   2.2e-13   2.2e-12   43.4   0.1     8   159     2   151     1   163 0.85 -
TRINITY_DN4192_c0_g1_i1:698-1534   -            279 2395at3041           -            299   2.4e-12   43.3   0.5   1   1   4.9e-13   4.9e-12   42.3   0.5     3   157     7   170     5   221 0.78 -
TRINITY_DN9376_c0_g1_i1:190-792    -            201 2395at3041           -            299   2.8e-12   43.1   0.1   1   1   3.9e-13     4e-12   42.6   0.1     9   162     2   156     1   168 0.79 -
TRINITY_DN18942_c0_g1_i1:419-898   -            160 2395at3041           -            299   1.9e-11   40.4   0.4   1   1   2.5e-12   2.6e-11   39.9   0.4    12   155    13   158     5   160 0.78 -
TRINITY_DN738_c0_g2_i4:109-987     -            293 2395at3041           -            299   2.2e-11   40.2   0.0   1   1   4.5e-12   4.6e-11   39.1   0.0     8   162     2   167     1   176 0.76 -
TRINITY_DN476_c0_g1_i4:211-744     -            178 2395at3041           -            299   2.7e-11   39.9   0.2   1   1   3.4e-12   3.5e-11   39.5   0.2     9   161    18   172    13   176 0.73 -
TRINITY_DN166_c0_g1_i3:326-1186    -            287 2395at3041           -            299   2.7e-11   39.8   1.2   1   1   5.8e-12   5.9e-11   38.7   1.2     9   160     2   149     1   163 0.80 -
TRINITY_DN166_c0_g1_i1:326-1198    -            291 2395at3041           -            299   2.9e-11   39.7   1.2   1   1   6.1e-12   6.2e-11   38.7   1.2     9   160     2   149     1   163 0.81 -
TRINITY_DN130_c0_g1_i7:2-952       -            317 2395at3041           -            299   3.6e-11   39.5   0.4   1   1   6.5e-12   6.6e-11   38.6   0.4     8   160    56   211    51   243 0.72 -
TRINITY_DN130_c0_g1_i11:106-1065   -            320 2395at3041           -            299   3.7e-11   39.4   0.4   1   1   6.7e-12   6.7e-11   38.6   0.4     8   160    56   211    51   243 0.72 -
TRINITY_DN1387_c0_g4_i2:0-641      -            214 2395at3041           -            299   3.8e-11   39.4   0.2   1   1   5.2e-12   5.3e-11   38.9   0.2    10   159     5   159     1   168 0.82 -
TRINITY_DN157_c0_g1_i12:336-788    -            151 2395at3041           -            299   4.8e-11   39.0   0.0   1   1   5.2e-12   5.2e-11   38.9   0.0    10   153     2   150     1   151 0.83 -
TRINITY_DN157_c0_g1_i9:650-1675    -            342 2395at3041           -            299   5.5e-11   38.9   0.0   1   1   7.4e-12   7.4e-11   38.4   0.0    16   216     1   197     1   272 0.79 -
TRINITY_DN130_c0_g1_i10:705-1862   -            386 2395at3041           -            299     6e-11   38.7   0.4   1   1   1.1e-11   1.1e-10   37.9   0.4     8   160    56   211    51   243 0.72 -
TRINITY_DN130_c0_g1_i2:705-1862    -            386 2395at3041           -            299     6e-11   38.7   0.4   1   1   1.1e-11   1.1e-10   37.9   0.4     8   160    56   211    51   243 0.72 -
TRINITY_DN1032_c0_g1_i1:96-530     -            145 2395at3041           -            299   9.8e-11   38.0   0.0   1   1   1.1e-11   1.1e-10   37.8   0.0     6   139     4   142     1   145 0.80 -
TRINITY_DN157_c0_g1_i14:357-1664   -            436 2395at3041           -            299     1e-10   37.9   0.0   1   1   1.4e-11   1.4e-10   37.5   0.0    17   216     2   197     1   271 0.80 -
TRINITY_DN157_c0_g1_i2:650-1957    -            436 2395at3041           -            299     1e-10   37.9   0.0   1   1   1.4e-11   1.4e-10   37.5   0.0    17   216     2   197     1   271 0.80 -
TRINITY_DN157_c0_g1_i5:490-1797    -            436 2395at3041           -            299     1e-10   37.9   0.0   1   1   1.4e-11   1.4e-10   37.5   0.0    17   216     2   197     1   271 0.80 -
TRINITY_DN476_c0_g1_i1:2210-3067   -            286 2395at3041           -            299   1.1e-10   37.9   0.2   1   1   1.5e-11   1.5e-10   37.4   0.2     9   162     5   160     2   167 0.73 -
TRINITY_DN476_c0_g1_i3:2210-3067   -            286 2395at3041           -            299   1.1e-10   37.9   0.2   1   1   1.5e-11   1.5e-10   37.4   0.2     9   162     5   160     2   167 0.73 -
TRINITY_DN644_c0_g1_i3:1-549       -            183 2395at3041           -            299   1.2e-10   37.8   0.2   1   1   1.4e-11   1.4e-10   37.5   0.2    10   156     7   151     1   166 0.70 -
TRINITY_DN644_c0_g1_i4:1-549       -            183 2395at3041           -            299   1.2e-10   37.8   0.2   1   1   1.4e-11   1.4e-10   37.5   0.2    10   156     7   151     1   166 0.70 -
TRINITY_DN1270_c0_g1_i5:0-815      -            272 2395at3041           -            299   1.5e-10   37.4   0.0   1   1   3.6e-11   3.6e-10   36.2   0.0     7   146    35   181    31   266 0.70 -
TRINITY_DN23235_c0_g1_i1:177-680   -            168 2395at3041           -            299   9.2e-10   34.8   0.0   1   1   1.2e-10   1.2e-09   34.5   0.0     7   136    32   168    27   168 0.72 -
TRINITY_DN912_c0_g2_i2:40-672      -            211 2395at3041           -            299   1.3e-09   34.4   0.0   1   1   1.8e-10   1.8e-09   33.9   0.0     9   164     3   170     1   175 0.72 -
TRINITY_DN11367_c0_g1_i1:634-1077  -            148 2395at3041           -            299   1.3e-09   34.3   0.0   1   1   1.6e-10   1.6e-09   34.0   0.0    13   154     5   148     2   148 0.78 -
TRINITY_DN11367_c0_g1_i2:1485-1928 -            148 2395at3041           -            299   1.3e-09   34.3   0.0   1   1   1.6e-10   1.6e-09   34.0   0.0    13   154     5   148     2   148 0.78 -
TRINITY_DN2477_c0_g1_i1:99-806     -            236 2395at3041           -            299   1.5e-09   34.2   0.2   1   1   2.7e-10   2.8e-09   33.3   0.2     9   159     3   155     1   230 0.69 -
TRINITY_DN3689_c0_g1_i1:1-519      -            173 2395at3041           -            299   1.5e-09   34.1   0.0   1   1   1.9e-10   1.9e-09   33.8   0.0    95   220    17   138     7   142 0.83 -
TRINITY_DN1387_c0_g1_i2:0-410      -            137 2395at3041           -            299   1.7e-09   34.0   0.2   1   1   1.9e-10   1.9e-09   33.8   0.2     6   137     2   137     1   137 0.76 -
TRINITY_DN2477_c0_g1_i2:60-902     -            281 2395at3041           -            299   2.5e-09   33.4   0.2   1   1   4.8e-10   4.9e-09   32.5   0.2     9   159     3   155     1   230 0.70 -
TRINITY_DN2225_c0_g1_i1:80-565     -            162 2395at3041           -            299   2.6e-09   33.4   0.1   1   1   4.1e-10   4.2e-09   32.7   0.1    12   154     7   150     2   157 0.69 -
TRINITY_DN33406_c0_g1_i1:18-662    -            215 2395at3041           -            299   3.3e-09   33.0   0.0   1   1   3.4e-10   3.4e-09   33.0   0.0     8   157     2   146     1   202 0.83 -
TRINITY_DN4695_c0_g1_i2:2-523      -            174 2395at3041           -            299   3.7e-09   32.9   0.0   1   1   1.6e-09   1.6e-08   30.8   0.0     9   161     1   152     1   164 0.75 -
TRINITY_DN1479_c0_g2_i1:342-1127   -            262 2395at3041           -            299   4.1e-09   32.7   0.0   1   1   5.3e-10   5.4e-09   32.3   0.0    81   157    45   121    23   140 0.88 -
TRINITY_DN6829_c0_g1_i2:4-1158     -            385 2395at3041           -            299   4.6e-09   32.5   0.1   1   1     7e-10   7.1e-09   31.9   0.1    16   155     1   145     1   208 0.83 -
TRINITY_DN10748_c0_g1_i1:56-445    -            130 2395at3041           -            299   4.8e-09   32.5   0.0   1   1   5.3e-10   5.4e-09   32.3   0.0    80   164    30   116    13   126 0.83 -
TRINITY_DN24108_c0_g1_i1:12-419    -            136 2395at3041           -            299   6.6e-09   32.0   0.0   1   1   7.8e-10   7.9e-09   31.8   0.0   104   215    29   133     7   136 0.88 -
TRINITY_DN3448_c0_g2_i3:105-917    -            271 2395at3041           -            299   7.6e-09   31.8   0.1   1   1     9e-10   9.1e-09   31.6   0.1    10   156     2   149     1   210 0.78 -
TRINITY_DN5610_c0_g1_i1:30-704     -            225 2395at3041           -            299   9.9e-09   31.4   0.0   1   1   1.4e-09   1.4e-08   31.0   0.0     6   209     4   203     2   219 0.70 -
TRINITY_DN1482_c0_g1_i2:1-537      -            179 2395at3041           -            299   1.1e-08   31.2   0.2   1   1   1.4e-09   1.5e-08   30.9   0.2     9   157    12   162     8   171 0.82 -
TRINITY_DN2335_c0_g1_i1:518-1546   -            343 2395at3041           -            299   2.2e-08   30.3   0.1   1   1   3.7e-09   3.8e-08   29.5   0.1     8   158     3   157     2   166 0.79 -
TRINITY_DN2335_c0_g1_i2:64-1095    -            344 2395at3041           -            299   2.3e-08   30.2   0.0   1   1   3.8e-09   3.9e-08   29.5   0.0     8   158     4   158     2   167 0.79 -
TRINITY_DN5610_c0_g1_i3:21-479     -            153 2395at3041           -            299   2.7e-08   30.0   0.0   1   1     4e-09     4e-08   29.4   0.0    80   210     9   129     3   144 0.78 -
TRINITY_DN19599_c0_g1_i1:10-726    -            239 2395at3041           -            299     3e-08   29.9   0.0   1   1   3.6e-09   3.6e-08   29.6   0.0    14   160     8   157     1   197 0.79 -
TRINITY_DN1848_c1_g1_i1:2-766      -            255 2395at3041           -            299   3.5e-08   29.6   0.0   1   1   6.6e-09   6.6e-08   28.7   0.0   110   161    40    88    17   147 0.72 -
TRINITY_DN7528_c0_g1_i3:572-967    -            132 2395at3041           -            299   6.1e-08   28.9   0.0   1   1   6.7e-09   6.8e-08   28.7   0.0    16   138     2   127     1   131 0.72 -
TRINITY_DN2242_c0_g1_i2:43-555     -            171 2395at3041           -            299   8.5e-08   28.4   0.0   1   1   9.4e-09   9.5e-08   28.2   0.0    53   155    27   126     4   142 0.77 -
TRINITY_DN738_c0_g3_i1:2-457       -            152 2395at3041           -            299   8.8e-08   28.3   0.0   1   1   1.6e-08   1.7e-07   27.4   0.0   113   215    43   133    21   152 0.81 -
TRINITY_DN1478_c0_g1_i2:178-888    -            237 2395at3041           -            299   1.1e-07   28.1   0.3   1   1   1.3e-08   1.4e-07   27.7   0.3    12   155    70   215    64   225 0.63 -
TRINITY_DN6829_c0_g1_i1:4-1152     -            383 2395at3041           -            299   1.8e-07   27.3   0.1   1   1   2.7e-08   2.7e-07   26.7   0.1    69   155    55   143     2   207 0.75 -
TRINITY_DN5119_c0_g1_i2:408-884    -            159 2395at3041           -            299   2.5e-07   26.9   0.0   1   1   3.6e-08   3.6e-07   26.3   0.0   117   219     6   103     1   117 0.72 -
TRINITY_DN3829_c0_g1_i1:6-572      -            189 2395at3041           -            299   3.6e-07   26.3   0.1   1   1   1.1e-07   1.1e-06   24.8   0.1   100   163   110   176   102   182 0.86 -
TRINITY_DN7265_c0_g1_i1:648-1514   -            289 2395at3041           -            299   3.7e-07   26.3   0.0   1   2      0.72       7.3    2.3   0.0    15    42     8    35     2    77 0.82 -
TRINITY_DN7265_c0_g1_i1:648-1514   -            289 2395at3041           -            299   3.7e-07   26.3   0.0   2   2   7.4e-07   7.5e-06   22.0   0.0   111   159   117   164   108   216 0.89 -
TRINITY_DN1032_c0_g1_i2:133-504    -            124 2395at3041           -            299   3.8e-07   26.3   0.1   1   2       5.4        54   -0.5   0.0   155   180    16    44     8    81 0.66 -
TRINITY_DN1032_c0_g1_i2:133-504    -            124 2395at3041           -            299   3.8e-07   26.3   0.1   2   2   7.4e-08   7.5e-07   25.3   0.0   106   139    88   121    32   124 0.90 -
TRINITY_DN4669_c0_g2_i2:1-423      -            141 2395at3041           -            299   4.9e-07   25.9   0.1   1   1   6.7e-08   6.7e-07   25.4   0.1     9   138     5   138     2   141 0.64 -
TRINITY_DN18296_c0_g1_i2:167-595   -            143 2395at3041           -            299   5.3e-07   25.8   0.0   1   1     7e-08   7.1e-07   25.3   0.0     8   137     6   139     3   142 0.81 -
TRINITY_DN8040_c0_g1_i3:47-754     -            236 2395at3041           -            299   5.9e-07   25.6   0.0   1   1   1.2e-07   1.2e-06   24.6   0.0   111   223    99   206    87   221 0.74 -
TRINITY_DN644_c0_g1_i2:1-459       -            153 2395at3041           -            299     6e-07   25.6   0.0   1   1   6.8e-08   6.8e-07   25.4   0.0    94   156    60   121    35   136 0.82 -
TRINITY_DN27767_c0_g1_i2:259-1023  -            255 2395at3041           -            299   7.7e-07   25.2   0.1   1   1     2e-07     2e-06   23.9   0.1    11   156     8   154     4   213 0.77 -
TRINITY_DN3448_c0_g1_i3:210-1214   -            335 2395at3041           -            299   9.1e-07   25.0   0.0   1   1   1.4e-07   1.4e-06   24.4   0.0    10   234     2   232     1   240 0.77 -
TRINITY_DN798_c0_g1_i3:231-1109    -            293 2395at3041           -            299   1.3e-06   24.4   0.0   1   1   2.3e-07   2.3e-06   23.7   0.0     7   161     2   167     1   229 0.72 -
TRINITY_DN26611_c0_g1_i1:6-377     -            124 2395at3041           -            299   1.6e-06   24.1   0.0   1   1   1.6e-07   1.6e-06   24.1   0.0    77   157    17    95     5   123 0.80 -
TRINITY_DN5438_c0_g2_i1:27-494     -            156 2395at3041           -            299   2.2e-06   23.7   0.0   1   2       2.7        27    0.4   0.0    16    40     2    24     1    31 0.83 -
TRINITY_DN5438_c0_g2_i1:27-494     -            156 2395at3041           -            299   2.2e-06   23.7   0.0   2   2   1.2e-06   1.2e-05   21.3   0.0    78   155    83   156    59   156 0.87 -
TRINITY_DN7031_c0_g1_i1:8-382      -            125 2395at3041           -            299   2.5e-06   23.6   0.0   1   1   2.6e-07   2.6e-06   23.5   0.0   106   153    80   124    41   125 0.89 -
TRINITY_DN4695_c0_g1_i1:2-475      -            158 2395at3041           -            299   2.6e-06   23.5   0.0   1   1   3.3e-07   3.4e-06   23.1   0.0   101   161    77   136    58   148 0.83 -
TRINITY_DN6421_c0_g1_i1:7-456      -            150 2395at3041           -            299   2.7e-06   23.4   0.0   1   1   3.3e-07   3.3e-06   23.1   0.0    83   155    32   102    22   112 0.79 -
TRINITY_DN1002_c0_g1_i2:163-954    -            264 2395at3041           -            299   3.6e-06   23.0   0.0   1   1   4.3e-07   4.4e-06   22.8   0.0    15   155     2   144     1   238 0.69 -
TRINITY_DN32132_c0_g1_i1:76-522    -            149 2395at3041           -            299   3.7e-06   23.0   0.2   1   1   2.2e-06   2.3e-05   20.4   0.2     9   153     1   148     1   149 0.70 -
TRINITY_DN635_c0_g2_i5:1124-2008   -            295 2395at3041           -            299   3.8e-06   23.0   0.0   1   1   6.8e-07   6.9e-06   22.1   0.0    10   156    14   163    10   172 0.70 -
TRINITY_DN635_c0_g2_i6:967-1851    -            295 2395at3041           -            299   3.8e-06   23.0   0.0   1   1   6.8e-07   6.9e-06   22.1   0.0    10   156    14   163    10   172 0.70 -
TRINITY_DN9851_c0_g1_i1:55-534     -            160 2395at3041           -            299   3.9e-06   22.9   0.0   1   1   7.5e-07   7.6e-06   22.0   0.0   110   217    54   150    42   159 0.80 -
TRINITY_DN19548_c0_g1_i1:46-717    -            224 2395at3041           -            299   3.9e-06   22.9   0.1   1   1   4.8e-07   4.9e-06   22.6   0.1   110   156   115   158     9   171 0.88 -
TRINITY_DN2067_c0_g1_i4:39-464     -            142 2395at3041           -            299   4.2e-06   22.8   0.2   1   1   4.9e-07     5e-06   22.6   0.2     8   137     1   141     1   142 0.81 -
TRINITY_DN130_c0_g1_i1:106-831     -            242 2395at3041           -            299   4.5e-06   22.7   0.0   1   1   5.7e-07   5.8e-06   22.4   0.0    99   161    74   134    42   166 0.77 -
TRINITY_DN11649_c0_g1_i1:1-360     -            120 2395at3041           -            299   5.5e-06   22.4   0.0   1   1   6.2e-07   6.3e-06   22.2   0.0   110   200    14   100     9   116 0.74 -
TRINITY_DN3448_c0_g1_i2:210-1181   -            324 2395at3041           -            299   5.5e-06   22.4   0.0   1   1   1.3e-06   1.3e-05   21.2   0.0    10   229     2   216     1   228 0.70 -
TRINITY_DN5140_c0_g2_i1:197-739    -            181 2395at3041           -            299   6.2e-06   22.3   0.0   1   1   7.9e-07     8e-06   21.9   0.0   108   156   106   151     4   168 0.82 -
TRINITY_DN718_c0_g1_i2:384-1181    -            266 2395at3041           -            299   6.8e-06   22.1   0.5   1   1   8.3e-07   8.3e-06   21.8   0.5    11   160     9   159     4   227 0.77 -
TRINITY_DN738_c0_g1_i2:7-384       -            126 2395at3041           -            299   6.9e-06   22.1   0.0   1   1   7.5e-07   7.6e-06   22.0   0.0    75   169    25   118    11   122 0.75 -
TRINITY_DN28143_c0_g1_i1:124-399   -             92 2395at3041           -            299     8e-06   21.9   0.0   1   1   7.9e-07     8e-06   21.9   0.0   112   169     1    56     1    86 0.85 -
TRINITY_DN130_c0_g1_i4:705-1655    -            317 2395at3041           -            299     8e-06   21.9   0.0   1   1   1.1e-06   1.1e-05   21.5   0.0   101   160    85   142    58   174 0.77 -
TRINITY_DN10083_c0_g2_i1:2-784     -            261 2395at3041           -            299   8.2e-06   21.9   0.8   1   1   1.6e-06   1.6e-05   20.9   0.8     8   137     2   136     1   162 0.77 -
TRINITY_DN24559_c0_g1_i1:15-371    -            119 2395at3041           -            299   8.9e-06   21.7   0.0   1   1   9.7e-07   9.8e-06   21.6   0.0   106   160    17    68     4   101 0.74 -
TRINITY_DN2067_c0_g1_i5:39-461     -            141 2395at3041           -            299   9.1e-06   21.7   0.2   1   1   1.1e-06   1.1e-05   21.5   0.2     9   137     1   140     1   141 0.80 -
TRINITY_DN738_c0_g1_i3:7-384       -            126 2395at3041           -            299   1.1e-05   21.4   0.0   1   1   1.2e-06   1.2e-05   21.3   0.0    75   169    25   118    11   122 0.75 -
TRINITY_DN9192_c0_g2_i1:10-549     -            180 2395at3041           -            299   1.1e-05   21.4   0.0   1   1   2.8e-06   2.8e-05   20.1   0.0   113   155    41    80    32   158 0.85 -
TRINITY_DN1899_c0_g1_i2:7-357      -            117 2395at3041           -            299   1.2e-05   21.3   0.0   1   1   1.6e-06   1.6e-05   20.9   0.0   106   216     3   110     2   115 0.73 -
TRINITY_DN116_c0_g1_i3:16-468      -            151 2395at3041           -            299   1.4e-05   21.1   0.0   1   1   1.7e-06   1.7e-05   20.8   0.0   113   157    40    82    32   109 0.82 -
TRINITY_DN23355_c0_g1_i1:20-346    -            109 2395at3041           -            299   1.8e-05   20.8   0.1   1   1     2e-06     2e-05   20.6   0.1    80   137    47   106    34   109 0.83 -
TRINITY_DN503_c0_g1_i1:276-1133    -            286 2395at3041           -            299   1.8e-05   20.7   0.0   1   1   2.8e-06   2.8e-05   20.1   0.0     8   137     5   141     2   150 0.78 -
TRINITY_DN4917_c0_g1_i2:3-809      -            269 2395at3041           -            299   2.3e-05   20.4   0.0   1   1   3.3e-06   3.3e-05   19.9   0.0     9   156    11   160     5   171 0.65 -
TRINITY_DN12818_c0_g1_i1:71-535    -            155 2395at3041           -            299   2.5e-05   20.3   0.0   1   1   2.8e-06   2.8e-05   20.1   0.0   112   216     2   107     1   117 0.79 -
TRINITY_DN4917_c0_g1_i4:203-1048   -            282 2395at3041           -            299   2.8e-05   20.1   0.0   1   1   3.9e-06     4e-05   19.6   0.0     9   156     7   156     2   167 0.64 -
TRINITY_DN6262_c0_g1_i1:278-1015   -            246 2395at3041           -            299     3e-05   20.0   0.2   1   2       3.5        36    0.1   0.1    15    50     9    42     3   140 0.77 -
TRINITY_DN6262_c0_g1_i1:278-1015   -            246 2395at3041           -            299     3e-05   20.0   0.2   2   2   1.2e-05   0.00013   18.0   0.0   112   160   149   200   132   207 0.75 -
TRINITY_DN756_c0_g2_i3:854-1327    -            158 2395at3041           -            299   3.2e-05   19.9   0.0   1   1   6.5e-06   6.5e-05   18.9   0.0   101   155   103   157    71   158 0.80 -
TRINITY_DN116_c0_g1_i4:1289-2224   -            312 2395at3041           -            299   4.3e-05   19.5   0.0   1   1   6.3e-06   6.4e-05   18.9   0.0   113   156   109   150   100   176 0.83 -
TRINITY_DN116_c0_g1_i7:1289-2224   -            312 2395at3041           -            299   4.3e-05   19.5   0.0   1   1   6.3e-06   6.4e-05   18.9   0.0   113   156   109   150   100   176 0.83 -
TRINITY_DN798_c0_g1_i1:231-761     -            177 2395at3041           -            299   5.7e-05   19.1   0.0   1   1   8.6e-06   8.7e-05   18.5   0.0   112   162     3    52     1   112 0.67 -
TRINITY_DN4917_c0_g3_i2:2-667      -            222 2395at3041           -            299   6.1e-05   19.0   0.0   1   1   6.5e-06   6.6e-05   18.9   0.0   104   154   120   166    18   178 0.83 -
TRINITY_DN10203_c0_g1_i1:14-367    -            112 2395at3041           -            299   8.3e-05   18.6   0.0   1   1   8.2e-06   8.3e-05   18.6   0.0   101   144    23    66     8   109 0.79 -
TRINITY_DN15491_c0_g1_i2:29-508    -            160 2395at3041           -            299   8.8e-05   18.5   0.0   1   1   1.2e-05   0.00013   18.0   0.0   113   163    19    66     6    76 0.79 -
TRINITY_DN294_c0_g1_i3:74-721      -            216 2395at3041           -            299   8.9e-05   18.5   0.0   1   1   1.1e-05   0.00011   18.1   0.0   111   159    66   111    38   163 0.86 -
TRINITY_DN15491_c0_g1_i1:88-546    -            153 2395at3041           -            299     9e-05   18.5   0.0   1   1   1.3e-05   0.00013   17.9   0.0   113   163    12    59     4    70 0.79 -
TRINITY_DN21184_c0_g1_i1:0-245     -             82 2395at3041           -            299   9.3e-05   18.4   0.0   1   1   9.7e-06   9.8e-05   18.3   0.0   126   207     1    79     1    82 0.88 -
TRINITY_DN3448_c0_g2_i1:0-608      -            203 2395at3041           -            299    0.0001   18.3   0.0   1   1   1.2e-05   0.00012   18.0   0.0    89   182    11   111     1   127 0.78 -
TRINITY_DN3059_c0_g2_i1:81-491     -            137 2395at3041           -            299   0.00011   18.2   0.0   1   1   1.4e-05   0.00014   17.8   0.0   105   159    18    68    11    85 0.82 -
TRINITY_DN9339_c0_g2_i1:92-607     -            172 2395at3041           -            299   0.00012   18.0   0.0   1   1   1.5e-05   0.00015   17.7   0.0    98   213     5   119     3   126 0.70 -
TRINITY_DN294_c0_g1_i4:65-895      -            277 2395at3041           -            299   0.00012   18.0   0.0   1   1   1.9e-05   0.00019   17.4   0.0   111   159   124   169   100   221 0.86 -
TRINITY_DN26193_c0_g1_i1:23-265    -             81 2395at3041           -            299   0.00014   17.8   0.0   1   1   1.4e-05   0.00014   17.8   0.0   113   137    49    73     6    80 0.82 -
TRINITY_DN11580_c0_g1_i1:171-677   -            169 2395at3041           -            299   0.00017   17.5   0.0   1   1     2e-05    0.0002   17.3   0.0   105   217     5   114     1   125 0.79 -
TRINITY_DN15362_c0_g1_i1:8-556     -            183 2395at3041           -            299   0.00017   17.5   0.0   1   1   2.2e-05   0.00022   17.2   0.0     9   138    18   152    15   173 0.72 -
TRINITY_DN18238_c0_g1_i1:6-449     -            148 2395at3041           -            299   0.00019   17.3   0.0   1   1     2e-05    0.0002   17.3   0.0   109   137    99   127     3   145 0.65 -
TRINITY_DN635_c0_g2_i1:138-647     -            170 2395at3041           -            299   0.00019   17.3   0.0   1   1   2.4e-05   0.00024   17.0   0.0   118   156     3    38     1    48 0.82 -
TRINITY_DN16233_c0_g1_i1:6-563     -            186 2395at3041           -            299   0.00022   17.2   0.0   1   1   2.8e-05   0.00028   16.8   0.0    76   152   101   186    92   186 0.72 -
TRINITY_DN839_c0_g1_i2:244-1098    -            285 2395at3041           -            299   0.00029   16.8   0.0   1   1   3.8e-05   0.00038   16.4   0.0   107   166   128   190   113   232 0.81 -
TRINITY_DN12520_c0_g1_i1:206-958   -            251 2395at3041           -            299    0.0003   16.7   0.1   1   1     4e-05    0.0004   16.3   0.1    14   157     5   152     1   175 0.70 -
TRINITY_DN3407_c0_g1_i4:179-706    -            176 2395at3041           -            299   0.00033   16.6   0.0   1   1   3.8e-05   0.00038   16.4   0.0   108   156    80   125    58   168 0.80 -
TRINITY_DN33282_c0_g1_i1:1-420     -            140 2395at3041           -            299   0.00045   16.2   0.0   1   1   6.2e-05   0.00062   15.7   0.0    96   137    94   137    79   139 0.83 -
TRINITY_DN22683_c0_g1_i1:332-904   -            191 2395at3041           -            299   0.00051   16.0   0.0   1   1   6.3e-05   0.00064   15.7   0.0   112   213     1   100     1   105 0.70 -
TRINITY_DN691_c0_g1_i2:77-352      -             92 2395at3041           -            299   0.00051   16.0   0.0   1   1   5.8e-05   0.00058   15.8   0.0   118   160     4    49     1    58 0.75 -
TRINITY_DN3190_c1_g1_i1:103-456    -            118 2395at3041           -            299   0.00052   15.9   0.0   1   1   6.1e-05   0.00061   15.7   0.0   111   157    11    54     2   115 0.73 -
TRINITY_DN3095_c0_g1_i1:31-450     -            140 2395at3041           -            299   0.00066   15.6   0.0   1   2       8.3        84   -1.2   0.0    20    41     2    23     1    42 0.82 -
TRINITY_DN3095_c0_g1_i1:31-450     -            140 2395at3041           -            299   0.00066   15.6   0.0   2   2   0.00017    0.0017   14.2   0.0    89   137    80   130    67   139 0.80 -
TRINITY_DN294_c0_g2_i1:10-885      -            292 2395at3041           -            299   0.00087   15.2   0.0   1   1   0.00013    0.0013   14.6   0.0   113   157   126   167   119   226 0.86 -
TRINITY_DN28448_c0_g1_i1:65-523    -            153 2395at3041           -            299   0.00088   15.2   0.0   1   1   0.00012    0.0012   14.8   0.0   113   140     5    32     2    50 0.88 -
TRINITY_DN18324_c0_g1_i1:48-359    -            104 2395at3041           -            299   0.00096   15.1   0.0   1   1    0.0001     0.001   15.0   0.0   107   153    58   101    28   103 0.85 -
TRINITY_DN1525_c0_g2_i1:299-979    -            227 2395at3041           -            299    0.0012   14.8   0.0   1   1   0.00012    0.0012   14.7   0.0    99   169   117   184    55   227 0.80 -
TRINITY_DN3013_c0_g1_i1:44-538     -            165 2395at3041           -            299    0.0013   14.6   0.0   1   1   0.00013    0.0013   14.6   0.0   103   158    95   150    14   160 0.81 -
TRINITY_DN12230_c0_g1_i1:90-605    -            172 2395at3041           -            299    0.0013   14.6   0.0   1   1   0.00016    0.0016   14.4   0.0    71   157    67   152    30   160 0.66 -
TRINITY_DN1848_c0_g2_i1:0-308      -            103 2395at3041           -            299    0.0014   14.6   0.1   1   1   0.00014    0.0014   14.5   0.1    69   136    34   103    13   103 0.76 -
TRINITY_DN808_c0_g1_i1:337-1179    -            281 2395at3041           -            299    0.0014   14.5   0.0   1   1   0.00022    0.0022   13.9   0.0   113   158   122   164   111   217 0.88 -
TRINITY_DN808_c0_g1_i3:64-561      -            166 2395at3041           -            299    0.0015   14.5   0.0   1   1   0.00031    0.0032   13.4   0.0   113   155   126   165   114   166 0.85 -
TRINITY_DN28411_c0_g1_i1:7-456     -            150 2395at3041           -            299    0.0015   14.4   0.0   1   1   0.00022    0.0022   13.9   0.0   113   142   112   141    82   146 0.84 -
TRINITY_DN1343_c0_g1_i1:428-1228   -            267 2395at3041           -            299    0.0015   14.4   0.0   1   1   0.00022    0.0022   13.9   0.0    16   153     1   150     1   155 0.71 -
TRINITY_DN7964_c0_g2_i2:28-432     -            135 2395at3041           -            299    0.0016   14.4   0.0   1   1   0.00017    0.0017   14.2   0.0   112   143    38    69    14    91 0.83 -
TRINITY_DN718_c0_g1_i1:384-1260    -            253 2395at3041           -            299    0.0016   14.3   1.6   1   2       1.6        16    1.2   0.1    12    27    10    25     4    71 0.65 -
TRINITY_DN718_c0_g1_i1:384-1260    -            253 2395at3041           -            299    0.0016   14.3   1.6   2   2   0.00061    0.0062   12.4   0.1   110   160    99   146    88   214 0.73 -
TRINITY_DN8807_c0_g1_i1:35-493     -            153 2395at3041           -            299    0.0017   14.2   0.0   1   1    0.0002     0.002   14.0   0.0   112   161    67   114    28   121 0.82 -
TRINITY_DN2168_c0_g2_i1:1349-1792  -            148 2395at3041           -            299    0.0019   14.1   0.0   1   1   0.00025    0.0026   13.7   0.0    91   151    87   145    65   148 0.75 -
TRINITY_DN1002_c0_g1_i1:193-747    -            185 2395at3041           -            299    0.0023   13.8   0.0   1   1   0.00028    0.0029   13.5   0.0   111   155    34    75    20   169 0.68 -
TRINITY_DN9118_c1_g1_i2:1001-1969  -            323 2395at3041           -            299     0.003   13.4   0.0   1   1   0.00045    0.0046   12.8   0.0   101   216   151   263   126   275 0.73 -
TRINITY_DN9118_c1_g1_i5:1001-1969  -            323 2395at3041           -            299     0.003   13.4   0.0   1   1   0.00045    0.0046   12.8   0.0   101   216   151   263   126   275 0.73 -
TRINITY_DN9118_c1_g1_i7:1001-1969  -            323 2395at3041           -            299     0.003   13.4   0.0   1   1   0.00045    0.0046   12.8   0.0   101   216   151   263   126   275 0.73 -
TRINITY_DN9118_c1_g1_i3:1001-1969  -            323 2395at3041           -            299    0.0031   13.4   0.0   1   1   0.00046    0.0047   12.8   0.0   101   216   151   263   126   275 0.72 -
TRINITY_DN691_c0_g3_i1:13-273      -             87 2395at3041           -            299    0.0033   13.3   0.0   1   1   0.00033    0.0033   13.3   0.0   118   160     2    47     1    86 0.73 -
TRINITY_DN15226_c0_g1_i1:354-1037  -            228 2395at3041           -            299    0.0035   13.2   0.0   1   1   0.00038    0.0038   13.1   0.0    94   155    88   149     3   162 0.76 -
TRINITY_DN5119_c0_g5_i1:132-821    -            230 2395at3041           -            299    0.0048   12.8   0.1   1   1    0.0022     0.022   10.6   0.0   106   143     4    41     1   131 0.69 -
TRINITY_DN4540_c0_g1_i1:8-283      -             92 2395at3041           -            299    0.0067   12.3   0.0   1   1   0.00066    0.0067   12.3   0.0   105   136    60    91     5    92 0.83 -
TRINITY_DN16083_c0_g1_i1:23-310    -             96 2395at3041           -            299    0.0081   12.0   0.0   1   1     0.001      0.01   11.7   0.0   112   136    64    88    55    94 0.89 -
TRINITY_DN34897_c0_g1_i1:2-397     -            132 2395at3041           -            299     0.011   11.6   0.0   1   1     0.001     0.011   11.6   0.0   100   155    74   125    19   131 0.78 -
TRINITY_DN5438_c3_g2_i1:0-638      -            213 2395at3041           -            299     0.015   11.2   0.1   1   1     0.003      0.03   10.1   0.0   102   155   144   197   137   204 0.82 -
TRINITY_DN4424_c0_g1_i2:16-399     -            128 2395at3041           -            299     0.015   11.1   0.0   1   1     0.003     0.031   10.1   0.0   113   142     5    34     1    39 0.84 -
TRINITY_DN9765_c0_g1_i1:7-474      -            156 2395at3041           -            299     0.024   10.5   0.0   1   1    0.0033     0.033   10.0   0.0   118   154     6    45     2    53 0.80 -
#
# Program:         hmmsearch
# Version:         3.2.1 (June 2018)
# Pipeline mode:   SEARCH
# Query file:      /sw/bioinfo/BUSCO/v5_lineage_sets/lineages/chlorophyta_odb10/hmms/2395at3041.hmm
# Target file:     /crex/proj/snic2022-23-81/expression_algae/code/busco/trinity_VA-3180-Osg12Pal/run_chlorophyta_odb10/metaeuk_output/initial_results/trinity_VA-3180-Osg12Pal.Trinity.fasta.modified.fas
# Option settings: hmmsearch --domtblout /crex/proj/snic2022-23-81/expression_algae/code/busco/trinity_VA-3180-Osg12Pal/run_chlorophyta_odb10/hmmer_output/initial_run_results/2395at3041.out --cpu 1 /sw/bioinfo/BUSCO/v5_lineage_sets/lineages/chlorophyta_odb10/hmms/2395at3041.hmm /crex/proj/snic2022-23-81/expression_algae/code/busco/trinity_VA-3180-Osg12Pal/run_chlorophyta_odb10/metaeuk_output/initial_results/trinity_VA-3180-Osg12Pal.Trinity.fasta.modified.fas 
# Current dir:     /crex/proj/snic2022-23-81/expression_algae/code/busco
# Date:            Fri Sep 23 10:11:56 2022
# [ok]
