#                                                                                          --- full sequence --- -------------- this domain -------------   hmm coord   ali coord   env coord
# target name                      accession   tlen query name           accession   qlen   E-value  score  bias   #  of  c-Evalue  i-Evalue  score  bias  from    to  from    to  from    to  acc description of target
#              ------------------- ---------- ----- -------------------- ---------- ----- --------- ------ ----- --- --- --------- --------- ------ ----- ----- ----- ----- ----- ----- ----- ---- ---------------------
TRINITY_DN34431_c0_g1_i1:3-359     -            119 3974at3041           -            233   1.1e-48  162.7   0.1   1   1   8.6e-49   7.5e-48  160.0   0.1   132   227     1   103     1   119 0.86 -
TRINITY_DN3407_c0_g1_i4:179-706    -            176 3974at3041           -            233   1.5e-24   83.8   0.0   1   1   2.2e-25   1.9e-24   83.4   0.0    32   201     2   176     1   176 0.86 -
TRINITY_DN12520_c0_g1_i1:206-958   -            251 3974at3041           -            233   3.8e-24   82.4   0.0   1   1     6e-25   5.2e-24   82.0   0.0     8   203     3   203     1   243 0.82 -
TRINITY_DN294_c0_g1_i4:65-895      -            277 3974at3041           -            233   6.8e-23   78.3   0.0   1   1   1.6e-23   1.4e-22   77.3   0.0     5   213     4   231     2   237 0.75 -
TRINITY_DN1002_c0_g1_i2:163-954    -            264 3974at3041           -            233   8.3e-23   78.0   0.0   1   1   1.2e-23   1.1e-22   77.7   0.0    12   202     3   197     1   212 0.84 -
TRINITY_DN19599_c0_g1_i1:10-726    -            239 3974at3041           -            233     1e-22   77.7   0.0   1   1   1.9e-23   1.7e-22   77.0   0.0     5   203     3   206     2   224 0.76 -
TRINITY_DN24108_c0_g1_i1:12-419    -            136 3974at3041           -            233   1.1e-21   74.3   0.0   1   1   1.5e-22   1.3e-21   74.1   0.0    94   203    28   134    18   136 0.87 -
TRINITY_DN718_c0_g1_i2:384-1181    -            266 3974at3041           -            233   2.5e-21   73.2   0.3   1   1   4.9e-22   4.3e-21   72.4   0.3    10   230    12   247     6   249 0.76 -
TRINITY_DN294_c0_g1_i3:74-721      -            216 3974at3041           -            233   1.7e-20   70.5   0.0   1   1   2.7e-21   2.4e-20   70.0   0.0    93   214    57   174     2   180 0.76 -
TRINITY_DN4669_c0_g2_i2:1-423      -            141 3974at3041           -            233   1.9e-20   70.3   0.1   1   1   2.5e-21   2.2e-20   70.1   0.1     5   128     5   137     2   141 0.86 -
TRINITY_DN718_c0_g1_i1:384-1260    -            253 3974at3041           -            233   2.4e-20   70.0   0.3   1   1   5.1e-21   4.4e-20   69.1   0.3    10   230    12   234     6   236 0.77 -
TRINITY_DN9851_c0_g1_i1:55-534     -            160 3974at3041           -            233   5.4e-20   68.8   0.0   1   1   8.2e-21   7.1e-20   68.4   0.0    99   201    52   147    33   157 0.86 -
TRINITY_DN3190_c1_g1_i1:103-456    -            118 3974at3041           -            233   1.4e-19   67.5   0.0   1   1   1.8e-20   1.6e-19   67.3   0.0    96   202     5   105     1   117 0.83 -
TRINITY_DN10083_c0_g2_i1:2-784     -            261 3974at3041           -            233   4.8e-19   65.7   0.1   1   1   6.6e-20   5.7e-19   65.5   0.1     5   213     3   218     1   236 0.77 -
TRINITY_DN33406_c0_g1_i1:18-662    -            215 3974at3041           -            233   5.9e-19   65.4   0.0   1   1   8.4e-20   7.3e-19   65.1   0.0     6   208     4   210     2   215 0.76 -
TRINITY_DN2477_c0_g1_i1:99-806     -            236 3974at3041           -            233     2e-18   63.7   0.0   1   1   2.7e-19   2.4e-18   63.5   0.0    47   202    41   204     2   225 0.65 -
TRINITY_DN7265_c0_g1_i1:648-1514   -            289 3974at3041           -            233   2.6e-18   63.3   0.0   1   1   5.7e-19   4.9e-18   62.4   0.0    90   202   105   215    89   221 0.91 -
TRINITY_DN2477_c0_g1_i2:60-902     -            281 3974at3041           -            233   3.3e-18   63.0   0.0   1   1   4.7e-19   4.1e-18   62.7   0.0    66   202    65   204     2   226 0.65 -
TRINITY_DN15491_c0_g1_i2:29-508    -            160 3974at3041           -            233   4.3e-18   62.6   0.0   1   1   5.3e-19   4.6e-18   62.5   0.0    95   200     9   109     3   145 0.89 -
TRINITY_DN15491_c0_g1_i1:88-546    -            153 3974at3041           -            233   7.3e-18   61.9   0.0   1   1   8.5e-19   7.4e-18   61.8   0.0    98   200     5   102     1   138 0.89 -
TRINITY_DN9192_c0_g2_i1:10-549     -            180 3974at3041           -            233   7.9e-18   61.8   0.0   1   1   1.2e-18     1e-17   61.4   0.0    99   204    36   135    20   152 0.87 -
TRINITY_DN1002_c0_g1_i1:193-747    -            185 3974at3041           -            233   1.3e-17   61.0   0.0   1   1   1.9e-18   1.7e-17   60.7   0.0   103   202    35   128    15   143 0.90 -
TRINITY_DN1848_c1_g1_i1:2-766      -            255 3974at3041           -            233   1.5e-17   60.8   0.0   1   1   2.5e-18   2.2e-17   60.3   0.0    91   209    30   142     4   153 0.80 -
TRINITY_DN3448_c0_g2_i3:105-917    -            271 3974at3041           -            233   2.1e-17   60.3   0.0   1   1   2.6e-18   2.3e-17   60.2   0.0    92   203    92   203     1   228 0.81 -
TRINITY_DN798_c0_g1_i3:231-1109    -            293 3974at3041           -            233   2.2e-17   60.3   0.0   1   1   8.3e-18   7.2e-17   58.6   0.0    77   203    93   222     3   227 0.86 -
TRINITY_DN1387_c0_g4_i2:0-641      -            214 3974at3041           -            233   2.3e-17   60.2   0.0   1   1   3.9e-18   3.4e-17   59.7   0.0    11   201    10   205     3   211 0.77 -
TRINITY_DN3448_c0_g2_i1:0-608      -            203 3974at3041           -            233     1e-16   58.1   0.0   1   1   1.5e-17   1.3e-16   57.8   0.0    93   203    26   135     4   161 0.82 -
TRINITY_DN5610_c0_g1_i1:30-704     -            225 3974at3041           -            233   1.5e-16   57.6   0.1   1   1   3.2e-17   2.8e-16   56.7   0.1     5   205     7   212     4   222 0.76 -
TRINITY_DN130_c0_g1_i7:2-952       -            317 3974at3041           -            233   1.7e-16   57.4   0.1   1   1   4.6e-17     4e-16   56.2   0.1     6   201    58   258    54   276 0.74 -
TRINITY_DN130_c0_g1_i11:106-1065   -            320 3974at3041           -            233   1.8e-16   57.3   0.1   1   1   4.8e-17   4.2e-16   56.1   0.1     6   201    58   258    54   274 0.74 -
TRINITY_DN166_c0_g1_i3:326-1186    -            287 3974at3041           -            233   1.9e-16   57.2   0.1   1   1   3.5e-17   3.1e-16   56.5   0.1     6   201     3   196     2   200 0.77 -
TRINITY_DN4917_c0_g1_i2:3-809      -            269 3974at3041           -            233     3e-16   56.6   0.0   1   1   5.8e-17     5e-16   55.8   0.0    10   202    16   224    10   226 0.76 -
TRINITY_DN130_c0_g1_i10:705-1862   -            386 3974at3041           -            233   3.1e-16   56.5   0.1   1   1     8e-17     7e-16   55.4   0.1     6   201    58   258    54   274 0.74 -
TRINITY_DN130_c0_g1_i2:705-1862    -            386 3974at3041           -            233   3.1e-16   56.5   0.1   1   1     8e-17     7e-16   55.4   0.1     6   201    58   258    54   274 0.74 -
TRINITY_DN166_c0_g1_i1:326-1198    -            291 3974at3041           -            233   3.7e-16   56.3   0.1   1   1     7e-17   6.1e-16   55.6   0.1     6   201     3   196     2   201 0.77 -
TRINITY_DN635_c0_g2_i5:1124-2008   -            295 3974at3041           -            233   7.6e-16   55.3   0.0   1   1   1.3e-16   1.1e-15   54.7   0.0    13   202    21   227    13   245 0.76 -
TRINITY_DN635_c0_g2_i6:967-1851    -            295 3974at3041           -            233   7.6e-16   55.3   0.0   1   1   1.3e-16   1.1e-15   54.7   0.0    13   202    21   227    13   245 0.76 -
TRINITY_DN130_c0_g1_i1:106-831     -            242 3974at3041           -            233   1.1e-15   54.7   0.0   1   1   1.8e-16   1.5e-15   54.3   0.0    94   201    78   180    12   195 0.87 -
TRINITY_DN21184_c0_g1_i1:0-245     -             82 3974at3041           -            233   1.2e-15   54.6   0.0   1   1   1.8e-16   1.5e-15   54.3   0.0   117   197     1    82     1    82 0.78 -
TRINITY_DN5140_c0_g2_i1:197-739    -            181 3974at3041           -            233   1.3e-15   54.5   0.0   1   1   1.8e-16   1.5e-15   54.3   0.0     6   168     1   175     1   180 0.80 -
TRINITY_DN18942_c0_g1_i1:419-898   -            160 3974at3041           -            233   1.7e-15   54.1   0.6   1   1   2.2e-16   1.9e-15   53.9   0.6     3   142     8   158     6   160 0.82 -
TRINITY_DN4192_c0_g1_i1:698-1534   -            279 3974at3041           -            233   1.8e-15   54.1   0.0   1   1   3.4e-16   2.9e-15   53.3   0.0    25   202    39   221    12   267 0.75 -
TRINITY_DN130_c0_g1_i4:705-1655    -            317 3974at3041           -            233   2.1e-15   53.8   0.0   1   1   3.3e-16   2.9e-15   53.4   0.0    94   201    87   189    25   208 0.87 -
TRINITY_DN22683_c0_g1_i1:332-904   -            191 3974at3041           -            233   6.2e-15   52.3   0.0   1   1   9.3e-16   8.1e-15   51.9   0.0   103   203     1   103     1   107 0.92 -
TRINITY_DN9339_c0_g2_i1:92-607     -            172 3974at3041           -            233   6.7e-15   52.2   0.0   1   1     1e-15   9.1e-15   51.7   0.0   103   205    19   124     8   133 0.77 -
TRINITY_DN2335_c0_g1_i2:64-1095    -            344 3974at3041           -            233   7.3e-15   52.0   0.0   1   1   1.1e-15     1e-14   51.6   0.0     5   214     5   230     1   237 0.72 -
TRINITY_DN26611_c0_g1_i1:6-377     -            124 3974at3041           -            233   7.9e-15   51.9   0.0   1   1     1e-15   8.9e-15   51.8   0.0    69   170    12   121     1   124 0.82 -
TRINITY_DN2335_c0_g1_i1:518-1546   -            343 3974at3041           -            233   8.8e-15   51.8   0.0   1   1   1.4e-15   1.2e-14   51.3   0.0     5   214     4   229     1   236 0.72 -
TRINITY_DN738_c0_g3_i1:2-457       -            152 3974at3041           -            233   9.3e-15   51.7   0.0   1   1   1.4e-15   1.2e-14   51.4   0.0    76   202     9   133     5   146 0.84 -
TRINITY_DN1479_c0_g2_i1:342-1127   -            262 3974at3041           -            233   9.8e-15   51.6   0.0   1   1   1.8e-15   1.5e-14   51.0   0.0    42   201     6   174     3   188 0.74 -
TRINITY_DN738_c0_g2_i1:109-921     -            271 3974at3041           -            233   1.4e-14   51.2   0.0   1   1   2.9e-15   2.5e-14   50.3   0.0     5   209     3   220     2   229 0.76 -
TRINITY_DN798_c0_g1_i1:231-761     -            177 3974at3041           -            233   1.5e-14   51.0   0.0   1   1   3.5e-15   3.1e-14   50.0   0.0   101   203     1   106     1   119 0.93 -
TRINITY_DN4917_c0_g1_i4:203-1048   -            282 3974at3041           -            233   1.6e-14   50.9   0.0   1   1   3.3e-15   2.9e-14   50.1   0.0    10   202    12   220     6   223 0.76 -
TRINITY_DN644_c0_g1_i3:1-549       -            183 3974at3041           -            233   1.9e-14   50.7   0.3   1   1   4.2e-15   3.6e-14   49.8   0.3    12   167    13   174     2   181 0.75 -
TRINITY_DN644_c0_g1_i4:1-549       -            183 3974at3041           -            233   1.9e-14   50.7   0.3   1   1   4.2e-15   3.6e-14   49.8   0.3    12   167    13   174     2   181 0.75 -
TRINITY_DN5119_c0_g1_i2:408-884    -            159 3974at3041           -            233   5.2e-14   49.2   0.0   1   1   7.5e-15   6.5e-14   48.9   0.0   115   210    12   107     1   116 0.83 -
TRINITY_DN1482_c0_g1_i2:1-537      -            179 3974at3041           -            233   7.3e-14   48.8   0.2   1   1   1.1e-14   9.3e-14   48.4   0.2    10   163    17   179    10   179 0.77 -
TRINITY_DN3448_c0_g1_i2:210-1181   -            324 3974at3041           -            233   9.3e-14   48.4   0.0   1   1   1.4e-14   1.2e-13   48.1   0.0    94   202    95   202    39   222 0.86 -
TRINITY_DN23546_c0_g1_i1:2-526     -            175 3974at3041           -            233   1.1e-13   48.2   0.0   1   1   1.5e-14   1.3e-13   48.0   0.0     5   167     3   171     1   174 0.83 -
TRINITY_DN476_c0_g1_i1:2210-3067   -            286 3974at3041           -            233   1.1e-13   48.2   0.0   1   1   1.8e-14   1.5e-13   47.7   0.0    14   202    14   218     4   231 0.74 -
TRINITY_DN476_c0_g1_i3:2210-3067   -            286 3974at3041           -            233   1.1e-13   48.2   0.0   1   1   1.8e-14   1.5e-13   47.7   0.0    14   202    14   218     4   231 0.74 -
TRINITY_DN808_c0_g1_i1:337-1179    -            281 3974at3041           -            233   1.1e-13   48.2   0.0   1   1   2.6e-14   2.2e-13   47.2   0.0    93   203   111   214   102   236 0.81 -
TRINITY_DN738_c0_g2_i4:109-987     -            293 3974at3041           -            233   1.5e-13   47.8   0.0   1   1   4.2e-14   3.6e-13   46.5   0.0     5   209     3   240     2   248 0.71 -
TRINITY_DN24559_c0_g1_i1:15-371    -            119 3974at3041           -            233   1.6e-13   47.7   0.0   1   1   2.2e-14   1.9e-13   47.4   0.0    92   199    12   115     3   118 0.85 -
TRINITY_DN6829_c0_g1_i2:4-1158     -            385 3974at3041           -            233     2e-13   47.3   0.2   1   1   5.4e-14   4.7e-13   46.1   0.0    12   202     1   196     1   214 0.73 -
TRINITY_DN5610_c0_g1_i3:21-479     -            153 3974at3041           -            233   2.3e-13   47.1   0.1   1   1   3.6e-14   3.1e-13   46.7   0.1    99   205    37   137    29   148 0.83 -
TRINITY_DN8040_c0_g1_i3:47-754     -            236 3974at3041           -            233   3.2e-13   46.7   0.0   1   1   5.8e-14   5.1e-13   46.0   0.0   115   209   111   205    97   215 0.86 -
TRINITY_DN1270_c0_g1_i5:0-815      -            272 3974at3041           -            233     5e-13   46.0   0.2   1   2   1.8e-07   1.6e-06   24.7   0.1     6   128    38   172    34   177 0.59 -
TRINITY_DN1270_c0_g1_i5:0-815      -            272 3974at3041           -            233     5e-13   46.0   0.2   2   2   1.4e-05   0.00013   18.6   0.0   132   202   200   260   198   269 0.83 -
TRINITY_DN157_c0_g1_i9:650-1675    -            342 3974at3041           -            233   5.7e-13   45.9   0.2   1   1   3.2e-13   2.8e-12   43.6   0.2    42   203    33   197     1   243 0.69 -
TRINITY_DN4917_c0_g3_i2:2-667      -            222 3974at3041           -            233   5.9e-13   45.8   0.0   1   1   9.3e-14   8.1e-13   45.4   0.0     6   192    20   222    18   222 0.76 -
TRINITY_DN10203_c0_g1_i1:14-367    -            112 3974at3041           -            233   6.3e-13   45.7   0.0   1   1   1.1e-13   9.7e-13   45.1   0.0    98   192    29   112    16   112 0.90 -
TRINITY_DN2242_c0_g1_i2:43-555     -            171 3974at3041           -            233   6.4e-13   45.7   0.0   1   1   9.2e-14     8e-13   45.4   0.0    32   189     7   171     1   171 0.69 -
TRINITY_DN6421_c0_g1_i1:7-456      -            150 3974at3041           -            233     7e-13   45.6   0.0   1   1   9.2e-14     8e-13   45.4   0.0    93   192    51   148     2   150 0.69 -
TRINITY_DN27767_c0_g1_i2:259-1023  -            255 3974at3041           -            233   7.2e-13   45.5   0.0   1   1   1.6e-13   1.4e-12   44.6   0.0    12   204    13   208     8   224 0.76 -
TRINITY_DN294_c0_g2_i1:10-885      -            292 3974at3041           -            233   8.3e-13   45.3   0.0   1   2       4.7        41    0.5   0.0    13    37     2    27     1    39 0.83 -
TRINITY_DN294_c0_g2_i1:10-885      -            292 3974at3041           -            233   8.3e-13   45.3   0.0   2   2   1.1e-12   9.2e-12   41.9   0.0    96   203   118   218   112   266 0.85 -
TRINITY_DN1032_c0_g1_i1:96-530     -            145 3974at3041           -            233   1.1e-12   44.9   0.0   1   1   1.7e-13   1.5e-12   44.5   0.0     5   128     7   140     4   144 0.80 -
TRINITY_DN6829_c0_g1_i1:4-1152     -            383 3974at3041           -            233   1.1e-12   44.9   0.2   1   1   3.3e-13   2.9e-12   43.5   0.0    28   202    16   194     3   212 0.74 -
TRINITY_DN157_c0_g1_i14:357-1664   -            436 3974at3041           -            233   1.2e-12   44.8   0.1   1   1   6.1e-13   5.3e-12   42.7   0.1    42   203    33   197     1   243 0.70 -
TRINITY_DN157_c0_g1_i2:650-1957    -            436 3974at3041           -            233   1.2e-12   44.8   0.1   1   1   6.1e-13   5.3e-12   42.7   0.1    42   203    33   197     1   243 0.70 -
TRINITY_DN157_c0_g1_i5:490-1797    -            436 3974at3041           -            233   1.2e-12   44.8   0.1   1   1   6.1e-13   5.3e-12   42.7   0.1    42   203    33   197     1   243 0.70 -
TRINITY_DN32132_c0_g1_i1:76-522    -            149 3974at3041           -            233   1.2e-12   44.8   0.0   1   1   2.1e-13   1.9e-12   44.2   0.0     5   140     1   148     1   149 0.77 -
TRINITY_DN116_c0_g1_i4:1289-2224   -            312 3974at3041           -            233   2.1e-12   44.0   0.0   1   2   3.3e-09   2.9e-08   30.5   0.0    51   141    51   148    21   160 0.82 -
TRINITY_DN116_c0_g1_i4:1289-2224   -            312 3974at3041           -            233   2.1e-12   44.0   0.0   2   2    0.0019     0.017   11.6   0.0   156   202   200   247   184   265 0.85 -
TRINITY_DN116_c0_g1_i7:1289-2224   -            312 3974at3041           -            233   2.1e-12   44.0   0.0   1   2   3.3e-09   2.9e-08   30.5   0.0    51   141    51   148    21   160 0.82 -
TRINITY_DN116_c0_g1_i7:1289-2224   -            312 3974at3041           -            233   2.1e-12   44.0   0.0   2   2    0.0019     0.017   11.6   0.0   156   202   200   247   184   265 0.85 -
TRINITY_DN19548_c0_g1_i1:46-717    -            224 3974at3041           -            233   2.4e-12   43.8   0.0   1   1   3.8e-13   3.3e-12   43.4   0.0    93   202   107   222    61   224 0.83 -
TRINITY_DN3689_c0_g1_i1:1-519      -            173 3974at3041           -            233   2.9e-12   43.5   0.0   1   1   4.2e-13   3.6e-12   43.2   0.0   111   208    42   139    25   150 0.81 -
TRINITY_DN8807_c0_g1_i1:35-493     -            153 3974at3041           -            233   3.5e-12   43.3   0.0   1   1   5.2e-13   4.5e-12   42.9   0.0    52   174     4   137     2   145 0.74 -
TRINITY_DN1899_c0_g1_i2:7-357      -            117 3974at3041           -            233     5e-12   42.8   0.0   1   1   7.1e-13   6.2e-12   42.5   0.0   115   206    20   113     5   117 0.76 -
TRINITY_DN3448_c0_g1_i3:210-1214   -            335 3974at3041           -            233   8.1e-12   42.1   0.0   1   1   1.3e-12   1.1e-11   41.6   0.0    94   202    95   213    39   233 0.81 -
TRINITY_DN644_c0_g1_i2:1-459       -            153 3974at3041           -            233   9.8e-12   41.8   0.1   1   1   1.8e-12   1.6e-11   41.1   0.1    99   167    76   144    18   151 0.69 -
TRINITY_DN635_c0_g2_i1:138-647     -            170 3974at3041           -            233     1e-11   41.7   0.0   1   1   1.5e-12   1.3e-11   41.4   0.0   108   203     2   103     1   120 0.78 -
TRINITY_DN6262_c0_g1_i1:278-1015   -            246 3974at3041           -            233   1.1e-11   41.6   0.1   1   2     0.016      0.14    8.6   0.0     8    71     6    66     2    72 0.82 -
TRINITY_DN6262_c0_g1_i1:278-1015   -            246 3974at3041           -            233   1.1e-11   41.6   0.1   2   2     2e-09   1.7e-08   31.2   0.0   102   194   148   242   132   246 0.76 -
TRINITY_DN3013_c0_g1_i1:44-538     -            165 3974at3041           -            233   1.8e-11   41.0   0.0   1   1   2.4e-12   2.1e-11   40.7   0.0    13   164     2   165     1   165 0.77 -
TRINITY_DN28143_c0_g1_i1:124-399   -             92 3974at3041           -            233   2.2e-11   40.6   0.0   1   1   2.8e-12   2.4e-11   40.5   0.0   103   197     1    88     1    92 0.83 -
TRINITY_DN1478_c0_g1_i2:178-888    -            237 3974at3041           -            233     3e-11   40.2   0.2   1   1   4.2e-12   3.7e-11   39.9   0.2    52   165   115   236    75   237 0.81 -
TRINITY_DN1032_c0_g1_i2:133-504    -            124 3974at3041           -            233   3.3e-11   40.1   0.0   1   1   4.8e-12   4.2e-11   39.7   0.0    30   128    12   119     3   123 0.79 -
TRINITY_DN15362_c0_g1_i1:8-556     -            183 3974at3041           -            233   3.7e-11   39.9   0.0   1   1   5.4e-12   4.7e-11   39.6   0.0    12   161    25   183    17   183 0.79 -
TRINITY_DN912_c0_g2_i2:40-672      -            211 3974at3041           -            233   5.3e-11   39.4   0.0   1   1   9.8e-12   8.5e-11   38.7   0.0    12   200    10   211     1   211 0.72 -
TRINITY_DN11649_c0_g1_i1:1-360     -            120 3974at3041           -            233   7.8e-11   38.9   0.0   1   1     1e-11   8.9e-11   38.7   0.0    97   203    10   116     4   120 0.83 -
TRINITY_DN9376_c0_g1_i1:190-792    -            201 3974at3041           -            233   9.9e-11   38.5   0.1   1   1   1.9e-11   1.6e-10   37.8   0.1     7   197     4   197     2   201 0.70 -
TRINITY_DN6913_c0_g1_i1:160-645    -            162 3974at3041           -            233   1.7e-10   37.8   0.0   1   1   3.3e-11   2.9e-10   37.0   0.0   104   209     4   113     1   125 0.81 -
TRINITY_DN6913_c0_g1_i2:106-591    -            162 3974at3041           -            233   1.7e-10   37.8   0.0   1   1   3.3e-11   2.9e-10   37.0   0.0   104   209     4   113     1   125 0.81 -
TRINITY_DN503_c0_g1_i1:276-1133    -            286 3974at3041           -            233   2.3e-10   37.3   0.0   1   1   6.5e-10   5.6e-09   32.8   0.0    43   201    48   221    14   223 0.73 -
TRINITY_DN5119_c0_g5_i1:132-821    -            230 3974at3041           -            233   2.4e-10   37.3   0.1   1   2   5.1e-08   4.5e-07   26.6   0.0   111   204    18   122     3   131 0.76 -
TRINITY_DN5119_c0_g5_i1:132-821    -            230 3974at3041           -            233   2.4e-10   37.3   0.1   2   2     0.084      0.73    6.2   0.0   149   207   130   183   124   192 0.73 -
TRINITY_DN18296_c0_g1_i2:167-595   -            143 3974at3041           -            233     4e-10   36.5   0.1   1   1   5.6e-11   4.8e-10   36.3   0.1     5   129     7   140     3   143 0.82 -
TRINITY_DN11580_c0_g1_i1:171-677   -            169 3974at3041           -            233   4.8e-10   36.3   0.0   1   1   7.5e-11   6.5e-10   35.8   0.0   104   201    13   111     5   119 0.82 -
TRINITY_DN3059_c0_g2_i1:81-491     -            137 3974at3041           -            233   4.9e-10   36.3   0.0   1   1   6.9e-11     6e-10   36.0   0.0   115   200    36   116    22   133 0.74 -
TRINITY_DN12818_c0_g1_i1:71-535    -            155 3974at3041           -            233     6e-10   35.9   0.0   1   1   8.6e-11   7.5e-10   35.6   0.0   105   205     4   109     1   119 0.76 -
TRINITY_DN8435_c0_g2_i1:22-288     -             89 3974at3041           -            233   7.4e-10   35.7   0.0   1   1   2.3e-10     2e-09   34.2   0.0   118   197     1    86     1    89 0.71 -
TRINITY_DN2225_c0_g1_i1:80-565     -            162 3974at3041           -            233   1.3e-09   34.9   0.1   1   1   1.8e-10   1.6e-09   34.6   0.1    45   141    46   150     4   161 0.64 -
TRINITY_DN9118_c1_g1_i3:1001-1969  -            323 3974at3041           -            233   1.8e-09   34.4   0.0   1   1     3e-10   2.6e-09   33.9   0.0   103   213   162   274   127   279 0.82 -
TRINITY_DN9118_c1_g1_i2:1001-1969  -            323 3974at3041           -            233   1.8e-09   34.4   0.0   1   1   3.1e-10   2.7e-09   33.8   0.0   103   213   162   274   127   279 0.82 -
TRINITY_DN9118_c1_g1_i5:1001-1969  -            323 3974at3041           -            233   1.8e-09   34.4   0.0   1   1   3.1e-10   2.7e-09   33.8   0.0   103   213   162   274   127   279 0.82 -
TRINITY_DN9118_c1_g1_i7:1001-1969  -            323 3974at3041           -            233   1.8e-09   34.4   0.0   1   1   3.1e-10   2.7e-09   33.8   0.0   103   213   162   274   127   279 0.82 -
TRINITY_DN1387_c0_g1_i2:0-410      -            137 3974at3041           -            233   3.2e-09   33.6   0.5   1   1   4.2e-10   3.7e-09   33.4   0.5     5   128     5   137     2   137 0.79 -
TRINITY_DN2874_c0_g1_i1:278-790    -            171 3974at3041           -            233   5.8e-09   32.7   0.0   1   1   1.6e-09   1.4e-08   31.5   0.0   105   204     8   112     4   124 0.83 -
TRINITY_DN7528_c0_g1_i3:572-967    -            132 3974at3041           -            233   6.3e-09   32.6   0.0   1   1   8.7e-10   7.6e-09   32.4   0.0    12   128     2   126     1   129 0.81 -
TRINITY_DN738_c0_g1_i2:7-384       -            126 3974at3041           -            233   6.6e-09   32.5   0.0   1   1   8.3e-10   7.2e-09   32.4   0.0    61   165    12   125     1   126 0.72 -
TRINITY_DN15977_c0_g1_i1:191-640   -            150 3974at3041           -            233   7.1e-09   32.4   0.0   1   1   1.5e-09   1.3e-08   31.6   0.0   156   215    55   108    50   114 0.90 -
TRINITY_DN1891_c0_g1_i5:555-1370   -            272 3974at3041           -            233   7.6e-09   32.4   0.0   1   1   1.3e-09   1.1e-08   31.8   0.0    99   204    69   178    62   200 0.82 -
TRINITY_DN430_c0_g1_i6:57-779      -            241 3974at3041           -            233   8.3e-09   32.2   0.0   1   1   1.4e-09   1.2e-08   31.6   0.0    99   204   109   218    99   236 0.74 -
TRINITY_DN430_c0_g1_i5:1202-1969   -            256 3974at3041           -            233     9e-09   32.1   0.0   1   1   1.6e-09   1.4e-08   31.5   0.0    99   204   109   218    99   238 0.74 -
TRINITY_DN33282_c0_g1_i1:1-420     -            140 3974at3041           -            233   1.2e-08   31.7   0.0   1   1   1.8e-09   1.5e-08   31.3   0.0    30   128    31   137    27   140 0.83 -
TRINITY_DN738_c0_g1_i3:7-384       -            126 3974at3041           -            233   1.3e-08   31.5   0.0   1   1   1.7e-09   1.5e-08   31.4   0.0    61   165    12   125     1   126 0.71 -
TRINITY_DN430_c0_g1_i4:793-1854    -            323 3974at3041           -            233   1.5e-08   31.4   0.0   1   1   2.8e-09   2.4e-08   30.7   0.0    99   204    99   208    90   227 0.74 -
TRINITY_DN430_c0_g1_i9:246-1226    -            327 3974at3041           -            233   1.6e-08   31.3   0.0   1   1   2.8e-09   2.5e-08   30.7   0.0    99   204   109   218   100   237 0.74 -
TRINITY_DN430_c0_g1_i13:793-1791   -            333 3974at3041           -            233   1.6e-08   31.3   0.0   1   1   2.9e-09   2.6e-08   30.6   0.0    99   204   109   218   100   237 0.74 -
TRINITY_DN691_c0_g1_i2:77-352      -             92 3974at3041           -            233   1.8e-08   31.1   0.0   1   1   2.8e-09   2.4e-08   30.7   0.0   108   195     3    89     1    92 0.81 -
TRINITY_DN1525_c0_g2_i1:299-979    -            227 3974at3041           -            233   1.9e-08   31.0   0.1   1   1     2e-08   1.7e-07   27.9   0.0    42   201    55   226    51   227 0.69 -
TRINITY_DN691_c0_g3_i1:13-273      -             87 3974at3041           -            233   2.5e-08   30.7   0.0   1   1   3.5e-09   3.1e-08   30.4   0.0   109   197     2    87     1    87 0.81 -
TRINITY_DN16967_c0_g1_i1:2-241     -             80 3974at3041           -            233   2.8e-08   30.5   0.0   1   1   4.2e-09   3.7e-08   30.1   0.0   118   197     1    80     1    80 0.78 -
TRINITY_DN18238_c0_g1_i1:6-449     -            148 3974at3041           -            233     3e-08   30.4   0.0   1   1   4.5e-09   3.9e-08   30.0   0.0    14   142     3   142     1   146 0.73 -
TRINITY_DN476_c0_g1_i4:211-744     -            178 3974at3041           -            233   3.6e-08   30.1   0.1   1   1   5.3e-09   4.6e-08   29.8   0.1    14   143    27   167    17   177 0.74 -
TRINITY_DN1525_c0_g1_i1:5-592      -            196 3974at3041           -            233   4.1e-08   30.0   0.0   1   2     0.047      0.41    7.0   0.0   107   129    45    67    35    92 0.85 -
TRINITY_DN1525_c0_g1_i1:5-592      -            196 3974at3041           -            233   4.1e-08   30.0   0.0   2   2   2.3e-06     2e-05   21.1   0.0   133   202   131   194   120   196 0.85 -
TRINITY_DN11367_c0_g1_i1:634-1077  -            148 3974at3041           -            233   4.6e-08   29.8   0.1   1   1   6.2e-09   5.4e-08   29.6   0.1    11   141     9   148     1   148 0.76 -
TRINITY_DN11367_c0_g1_i2:1485-1928 -            148 3974at3041           -            233   4.6e-08   29.8   0.1   1   1   6.2e-09   5.4e-08   29.6   0.1    11   141     9   148     1   148 0.76 -
TRINITY_DN10748_c0_g1_i1:56-445    -            130 3974at3041           -            233   5.2e-08   29.6   0.0   1   1   8.9e-09   7.7e-08   29.1   0.0    50   164     2   130     1   130 0.72 -
TRINITY_DN4424_c0_g1_i2:16-399     -            128 3974at3041           -            233   5.5e-08   29.5   0.0   1   2   0.00012     0.001   15.5   0.0   106   132     7    33     2    57 0.88 -
TRINITY_DN4424_c0_g1_i2:16-399     -            128 3974at3041           -            233   5.5e-08   29.5   0.0   2   2     0.001    0.0088   12.5   0.0   129   197    66   128    55   128 0.83 -
TRINITY_DN12230_c0_g1_i1:90-605    -            172 3974at3041           -            233   9.4e-08   28.8   0.0   1   1   1.3e-08   1.1e-07   28.5   0.0    51   165    47   171    20   172 0.76 -
TRINITY_DN34897_c0_g1_i1:2-397     -            132 3974at3041           -            233   1.1e-07   28.5   0.0   1   1   1.8e-08   1.5e-07   28.1   0.0    46   148    21   131    13   132 0.77 -
TRINITY_DN5438_c0_g2_i1:27-494     -            156 3974at3041           -            233   1.4e-07   28.3   0.0   1   1   2.2e-08   1.9e-07   27.8   0.0    46   142    52   156    45   156 0.74 -
TRINITY_DN4695_c0_g1_i1:2-475      -            158 3974at3041           -            233   1.4e-07   28.2   0.0   1   1   1.7e-08   1.5e-07   28.1   0.0    94   167    79   153    11   157 0.84 -
TRINITY_DN4695_c0_g1_i2:2-523      -            174 3974at3041           -            233   1.5e-07   28.1   0.0   1   1   1.8e-08   1.6e-07   28.0   0.0    94   167    95   169     9   173 0.81 -
TRINITY_DN808_c0_g1_i3:64-561      -            166 3974at3041           -            233   1.8e-07   27.8   0.0   1   1   5.9e-08   5.1e-07   26.4   0.0    93   142   115   165    96   166 0.88 -
TRINITY_DN32150_c0_g1_i1:0-344     -            115 3974at3041           -            233     2e-07   27.7   0.0   1   1   2.8e-08   2.5e-07   27.4   0.0    11    90     2    88     1    93 0.81 -
TRINITY_DN18324_c0_g1_i1:48-359    -            104 3974at3041           -            233   2.7e-07   27.3   0.0   1   1   3.8e-08   3.3e-07   27.0   0.0    99   142    59   103    50   104 0.87 -
TRINITY_DN116_c0_g1_i3:16-468      -            151 3974at3041           -            233   4.6e-07   26.5   0.0   1   1   6.8e-08   5.9e-07   26.2   0.0    76   141     8    79     3    91 0.84 -
TRINITY_DN9765_c0_g1_i1:7-474      -            156 3974at3041           -            233   8.9e-07   25.6   0.0   1   1   1.3e-07   1.1e-06   25.3   0.0   107   204     4   108     1   118 0.78 -
TRINITY_DN30071_c0_g1_i1:3-461     -            153 3974at3041           -            233   9.4e-07   25.5   0.0   1   1   2.4e-07   2.1e-06   24.4   0.0   109   196    69   152    54   153 0.84 -
TRINITY_DN157_c0_g1_i12:336-788    -            151 3974at3041           -            233   1.5e-06   24.8   0.0   1   1   2.2e-07     2e-06   24.5   0.0    11   140     7   150     1   151 0.68 -
TRINITY_DN7031_c0_g1_i1:8-382      -            125 3974at3041           -            233   3.1e-06   23.8   0.0   1   1   4.9e-07   4.2e-06   23.4   0.0    33   140    10   124     3   125 0.74 -
TRINITY_DN19639_c0_g1_i1:23-553    -            177 3974at3041           -            233   3.7e-06   23.6   0.0   1   1   6.7e-07   5.8e-06   22.9   0.0   104   166     4    69     1    83 0.85 -
TRINITY_DN1270_c0_g1_i4:250-480    -             77 3974at3041           -            233   4.4e-06   23.3   0.0   1   1   6.4e-07   5.6e-06   23.0   0.0   132   202     5    65     3    75 0.84 -
TRINITY_DN7964_c0_g2_i2:28-432     -            135 3974at3041           -            233     5e-06   23.1   0.0   1   1   6.6e-07   5.8e-06   22.9   0.0    99   192    34   133     3   135 0.72 -
TRINITY_DN9765_c1_g3_i1:58-381     -            108 3974at3041           -            233     1e-05   22.1   0.0   1   1   2.2e-06   1.9e-05   21.2   0.0   107   174     7    92     2   106 0.67 -
TRINITY_DN418_c0_g2_i3:337-1110    -            258 3974at3041           -            233   1.5e-05   21.6   0.0   1   1   2.4e-06   2.1e-05   21.1   0.0    13   166     5   173     2   218 0.69 -
TRINITY_DN839_c0_g1_i2:244-1098    -            285 3974at3041           -            233   1.8e-05   21.3   0.0   1   1   2.8e-06   2.4e-05   20.9   0.0   109   198   139   229   127   270 0.78 -
TRINITY_DN16083_c0_g1_i1:23-310    -             96 3974at3041           -            233   3.2e-05   20.5   0.0   1   1   8.4e-06   7.3e-05   19.3   0.0    52   127     1    88     1    93 0.70 -
TRINITY_DN5972_c0_g2_i1:126-419    -             98 3974at3041           -            233   3.3e-05   20.5   0.0   1   1   4.2e-06   3.6e-05   20.3   0.0   133   212     4    82     1    93 0.75 -
TRINITY_DN16233_c0_g1_i1:6-563     -            186 3974at3041           -            233   4.6e-05   20.0   0.0   1   2     0.057       0.5    6.8   0.0    12    68     3    56     1    71 0.87 -
TRINITY_DN16233_c0_g1_i1:6-563     -            186 3974at3041           -            233   4.6e-05   20.0   0.0   2   2    0.0022     0.019   11.4   0.0   104   132   144   172   133   186 0.83 -
TRINITY_DN12574_c0_g1_i1:0-233     -             78 3974at3041           -            233   5.5e-05   19.7   0.1   1   1     3e-05   0.00026   17.5   0.1   183   207     2    26     1    69 0.86 -
TRINITY_DN2067_c0_g1_i4:39-464     -            142 3974at3041           -            233   9.5e-05   18.9   0.2   1   1   9.5e-05   0.00083   15.9   0.2     6   128     3   141     1   142 0.59 -
TRINITY_DN2067_c0_g1_i5:39-461     -            141 3974at3041           -            233   0.00011   18.8   0.2   1   1   0.00011   0.00092   15.7   0.2     6   128     2   140     1   141 0.57 -
TRINITY_DN5882_c0_g1_i1:14-517     -            168 3974at3041           -            233   0.00015   18.3   0.0   1   1   2.4e-05   0.00021   17.8   0.0   134   203     2    67     1    88 0.81 -
TRINITY_DN23793_c0_g1_i1:1-456     -            152 3974at3041           -            233   0.00027   17.5   0.0   1   1   3.9e-05   0.00034   17.1   0.0   111   198     1    89     1    97 0.76 -
TRINITY_DN2168_c0_g2_i1:1349-1792  -            148 3974at3041           -            233    0.0003   17.3   0.2   1   1   3.5e-05   0.00031   17.3   0.2    92   139    98   146     8   148 0.81 -
TRINITY_DN4669_c0_g1_i1:5-409      -            135 3974at3041           -            233   0.00046   16.7   0.0   1   1   6.9e-05    0.0006   16.3   0.0   152   198     9    49     5    67 0.82 -
TRINITY_DN28448_c0_g1_i1:65-523    -            153 3974at3041           -            233   0.00057   16.4   0.0   1   1   7.6e-05   0.00066   16.2   0.0   100   195     1    90     1   113 0.79 -
TRINITY_DN9295_c0_g1_i1:56-655     -            200 3974at3041           -            233   0.00063   16.2   0.1   1   1   0.00017    0.0015   15.0   0.0   102   131   151   180   141   199 0.78 -
TRINITY_DN1848_c0_g2_i1:0-308      -            103 3974at3041           -            233   0.00064   16.2   0.0   1   1   7.8e-05   0.00068   16.2   0.0    74   127    44   103    15   103 0.81 -
TRINITY_DN1343_c0_g1_i1:428-1228   -            267 3974at3041           -            233   0.00071   16.1   0.0   1   1   0.00015    0.0013   15.2   0.0   103   202   103   203    69   222 0.80 -
TRINITY_DN3095_c0_g1_i1:31-450     -            140 3974at3041           -            233   0.00078   16.0   0.0   1   1   0.00017    0.0015   15.1   0.0   100   137   102   140    90   140 0.86 -
TRINITY_DN3829_c0_g1_i1:6-572      -            189 3974at3041           -            233   0.00081   15.9   0.0   1   1   0.00014    0.0012   15.3   0.0   104   147   123   173   110   184 0.76 -
TRINITY_DN23085_c0_g1_i1:50-496    -            149 3974at3041           -            233    0.0013   15.3   0.0   1   1   0.00019    0.0017   14.9   0.0   179   203     5    29     2    49 0.89 -
TRINITY_DN33742_c0_g1_i1:26-424    -            133 3974at3041           -            233    0.0015   15.0   0.0   1   1   0.00021    0.0018   14.8   0.0   178   201    17    40     1    67 0.80 -
TRINITY_DN756_c0_g2_i3:854-1327    -            158 3974at3041           -            233    0.0016   14.9   0.0   1   1   0.00064    0.0056   13.2   0.0   106   142   117   157     5   158 0.66 -
TRINITY_DN247_c0_g2_i1:120-788     -            223 3974at3041           -            233    0.0023   14.4   0.0   1   1   0.00036    0.0031   14.0   0.0    96   144    51   105    45   166 0.65 -
TRINITY_DN33742_c0_g1_i2:26-403    -            126 3974at3041           -            233    0.0023   14.4   0.0   1   1   0.00035     0.003   14.0   0.0   178   201    10    33     4    60 0.87 -
TRINITY_DN23235_c0_g1_i1:177-680   -            168 3974at3041           -            233    0.0024   14.4   0.0   1   2       1.4        12    2.3   0.0   193   232    19    61    16    62 0.85 -
TRINITY_DN23235_c0_g1_i1:177-680   -            168 3974at3041           -            233    0.0024   14.4   0.0   2   2     0.005     0.044   10.2   0.1    74   127   110   168    81   168 0.66 -
TRINITY_DN2335_c1_g1_i1:5-454      -            150 3974at3041           -            233    0.0028   14.1   0.0   1   1   0.00039    0.0034   13.8   0.0   133   202     1    76     1    89 0.78 -
TRINITY_DN247_c0_g2_i2:449-1294    -            282 3974at3041           -            233    0.0036   13.8   0.0   1   1    0.0006    0.0052   13.3   0.0    97   144   111   164   104   224 0.66 -
TRINITY_DN1570_c0_g1_i1:3-884      -            294 3974at3041           -            233    0.0045   13.5   0.0   1   1   0.00095    0.0083   12.6   0.0   177   201    32    56     1    77 0.83 -
TRINITY_DN157_c0_g3_i1:100-312     -             71 3974at3041           -            233    0.0046   13.4   0.5   1   1    0.0015     0.013   12.0   0.5   182   202     2    22     1    69 0.69 -
TRINITY_DN23355_c0_g1_i1:20-346    -            109 3974at3041           -            233    0.0048   13.4   0.0   1   1   0.00062    0.0054   13.2   0.0    96   128    74   106    30   108 0.85 -
TRINITY_DN5438_c3_g2_i1:0-638      -            213 3974at3041           -            233    0.0052   13.2   0.0   1   2       2.8        24    1.2   0.0    44    91    47    95    40    99 0.81 -
TRINITY_DN5438_c3_g2_i1:0-638      -            213 3974at3041           -            233    0.0052   13.2   0.0   2   2    0.0068     0.059    9.8   0.0   106   147   157   202   145   212 0.73 -
TRINITY_DN977_c0_g1_i1:1057-1356   -            100 3974at3041           -            233    0.0058   13.1   0.0   1   1   0.00075    0.0065   12.9   0.0   181   209    19    47     8    65 0.85 -
TRINITY_DN27905_c0_g1_i1:62-253    -             64 3974at3041           -            233    0.0089   12.5   0.0   1   1    0.0011    0.0092   12.4   0.0   178   204     4    30     1    45 0.85 -
TRINITY_DN157_c0_g2_i1:49-687      -            213 3974at3041           -            233     0.009   12.5   0.2   1   1    0.0022      0.02   11.4   0.2   180   202    17    39     5    85 0.80 -
TRINITY_DN29050_c0_g1_i1:63-446    -            128 3974at3041           -            233     0.019   11.4   0.0   1   1    0.0024     0.021   11.3   0.0   161   202     7    41     1    69 0.74 -
#
# Program:         hmmsearch
# Version:         3.2.1 (June 2018)
# Pipeline mode:   SEARCH
# Query file:      /sw/bioinfo/BUSCO/v5_lineage_sets/lineages/chlorophyta_odb10/hmms/3974at3041.hmm
# Target file:     /crex/proj/snic2022-23-81/expression_algae/code/busco/trinity_VA-3180-Osg12Pal/run_chlorophyta_odb10/metaeuk_output/initial_results/trinity_VA-3180-Osg12Pal.Trinity.fasta.modified.fas
# Option settings: hmmsearch --domtblout /crex/proj/snic2022-23-81/expression_algae/code/busco/trinity_VA-3180-Osg12Pal/run_chlorophyta_odb10/hmmer_output/initial_run_results/3974at3041.out --cpu 1 /sw/bioinfo/BUSCO/v5_lineage_sets/lineages/chlorophyta_odb10/hmms/3974at3041.hmm /crex/proj/snic2022-23-81/expression_algae/code/busco/trinity_VA-3180-Osg12Pal/run_chlorophyta_odb10/metaeuk_output/initial_results/trinity_VA-3180-Osg12Pal.Trinity.fasta.modified.fas 
# Current dir:     /crex/proj/snic2022-23-81/expression_algae/code/busco
# Date:            Fri Sep 23 10:11:58 2022
# [ok]
