#                                                                                          --- full sequence --- -------------- this domain -------------   hmm coord   ali coord   env coord
# target name                      accession   tlen query name           accession   qlen   E-value  score  bias   #  of  c-Evalue  i-Evalue  score  bias  from    to  from    to  from    to  acc description of target
#              ------------------- ---------- ----- -------------------- ---------- ----- --------- ------ ----- --- --- --------- --------- ------ ----- ----- ----- ----- ----- ----- ----- ---- ---------------------
TRINITY_DN1731_c0_g1_i1:0-1217     -            406 4194at3041           -            374     9e-96  317.9  17.1   1   3   4.1e-37   6.7e-35  117.5   0.0     1    92    67   161    67   169 0.95 -
TRINITY_DN1731_c0_g1_i1:0-1217     -            406 4194at3041           -            374     9e-96  317.9  17.1   2   3   6.4e-06     0.001   14.9   0.0    92   109   180   197   170   209 0.79 -
TRINITY_DN1731_c0_g1_i1:0-1217     -            406 4194at3041           -            374     9e-96  317.9  17.1   3   3   2.1e-57   3.4e-55  184.3  11.4   109   258   227   406   222   406 0.87 -
TRINITY_DN1731_c0_g1_i2:0-1052     -            351 4194at3041           -            374   5.3e-92  305.5  18.6   1   3   1.8e-33   2.9e-31  105.6   0.1     7    92    18   106    14   114 0.93 -
TRINITY_DN1731_c0_g1_i2:0-1052     -            351 4194at3041           -            374   5.3e-92  305.5  18.6   2   3   5.3e-06   0.00088   15.1   0.0    92   109   125   142   115   154 0.79 -
TRINITY_DN1731_c0_g1_i2:0-1052     -            351 4194at3041           -            374   5.3e-92  305.5  18.6   3   3   1.6e-57   2.6e-55  184.7  11.5   109   258   172   351   167   351 0.87 -
TRINITY_DN699_c0_g1_i2:76-828      -            251 4194at3041           -            374   2.5e-21   72.9  10.3   1   3   3.8e-07   6.2e-05   18.9   0.3   219   272     3    61     1    69 0.79 -
TRINITY_DN699_c0_g1_i2:76-828      -            251 4194at3041           -            374   2.5e-21   72.9  10.3   2   3     1e-11   1.7e-09   33.9   0.7   184   235    74   131    65   153 0.77 -
TRINITY_DN699_c0_g1_i2:76-828      -            251 4194at3041           -            374   2.5e-21   72.9  10.3   3   3   4.1e-09   6.7e-07   25.4   0.2   198   275   161   250   154   251 0.77 -
TRINITY_DN1329_c0_g1_i16:1445-2371 -            309 4194at3041           -            374   6.1e-18   61.7  21.1   1   5    0.0013      0.21    7.3   0.3   246   361     3    34     1    41 0.39 -
TRINITY_DN1329_c0_g1_i16:1445-2371 -            309 4194at3041           -            374   6.1e-18   61.7  21.1   2   5   2.6e-06   0.00043   16.2   1.2   184   240    43   101    36   106 0.85 -
TRINITY_DN1329_c0_g1_i16:1445-2371 -            309 4194at3041           -            374   6.1e-18   61.7  21.1   3   5   2.1e-07   3.4e-05   19.8   0.1   288   324   123   163   117   168 0.85 -
TRINITY_DN1329_c0_g1_i16:1445-2371 -            309 4194at3041           -            374   6.1e-18   61.7  21.1   4   5   1.2e-06   0.00019   17.3   0.2    77   116   182   225   178   233 0.87 -
TRINITY_DN1329_c0_g1_i16:1445-2371 -            309 4194at3041           -            374   6.1e-18   61.7  21.1   5   5   1.7e-05    0.0027   13.5   0.3   291   324   252   289   231   300 0.51 -
TRINITY_DN1329_c0_g1_i2:1857-2783  -            309 4194at3041           -            374   6.1e-18   61.7  21.1   1   5    0.0013      0.21    7.3   0.3   246   361     3    34     1    41 0.39 -
TRINITY_DN1329_c0_g1_i2:1857-2783  -            309 4194at3041           -            374   6.1e-18   61.7  21.1   2   5   2.6e-06   0.00043   16.2   1.2   184   240    43   101    36   106 0.85 -
TRINITY_DN1329_c0_g1_i2:1857-2783  -            309 4194at3041           -            374   6.1e-18   61.7  21.1   3   5   2.1e-07   3.4e-05   19.8   0.1   288   324   123   163   117   168 0.85 -
TRINITY_DN1329_c0_g1_i2:1857-2783  -            309 4194at3041           -            374   6.1e-18   61.7  21.1   4   5   1.2e-06   0.00019   17.3   0.2    77   116   182   225   178   233 0.87 -
TRINITY_DN1329_c0_g1_i2:1857-2783  -            309 4194at3041           -            374   6.1e-18   61.7  21.1   5   5   1.7e-05    0.0027   13.5   0.3   291   324   252   289   231   300 0.51 -
TRINITY_DN1329_c0_g1_i9:1538-2464  -            309 4194at3041           -            374   6.1e-18   61.7  21.1   1   5    0.0013      0.21    7.3   0.3   246   361     3    34     1    41 0.39 -
TRINITY_DN1329_c0_g1_i9:1538-2464  -            309 4194at3041           -            374   6.1e-18   61.7  21.1   2   5   2.6e-06   0.00043   16.2   1.2   184   240    43   101    36   106 0.85 -
TRINITY_DN1329_c0_g1_i9:1538-2464  -            309 4194at3041           -            374   6.1e-18   61.7  21.1   3   5   2.1e-07   3.4e-05   19.8   0.1   288   324   123   163   117   168 0.85 -
TRINITY_DN1329_c0_g1_i9:1538-2464  -            309 4194at3041           -            374   6.1e-18   61.7  21.1   4   5   1.2e-06   0.00019   17.3   0.2    77   116   182   225   178   233 0.87 -
TRINITY_DN1329_c0_g1_i9:1538-2464  -            309 4194at3041           -            374   6.1e-18   61.7  21.1   5   5   1.7e-05    0.0027   13.5   0.3   291   324   252   289   231   300 0.51 -
TRINITY_DN1332_c0_g1_i1:413-868    -            152 4194at3041           -            374   1.8e-14   50.3   1.0   1   2   5.5e-08   9.1e-06   21.7   0.0   244   295     1    54     1    73 0.56 -
TRINITY_DN1332_c0_g1_i1:413-868    -            152 4194at3041           -            374   1.8e-14   50.3   1.0   2   2   1.1e-09   1.8e-07   27.3   0.4   201   257    88   152    82   152 0.80 -
TRINITY_DN1332_c0_g1_i2:413-868    -            152 4194at3041           -            374   1.8e-14   50.3   1.0   1   2   5.5e-08   9.1e-06   21.7   0.0   244   295     1    54     1    73 0.56 -
TRINITY_DN1332_c0_g1_i2:413-868    -            152 4194at3041           -            374   1.8e-14   50.3   1.0   2   2   1.1e-09   1.8e-07   27.3   0.4   201   257    88   152    82   152 0.80 -
TRINITY_DN18941_c0_g1_i1:22-300    -             93 4194at3041           -            374   1.6e-10   37.3   0.3   1   2   6.3e-07    0.0001   18.2   0.0   114   142     1    29     1    38 0.90 -
TRINITY_DN18941_c0_g1_i1:22-300    -             93 4194at3041           -            374   1.6e-10   37.3   0.3   2   2   8.6e-07   0.00014   17.7   0.1   109   139    63    93    54    93 0.86 -
TRINITY_DN1332_c0_g1_i3:413-748    -            112 4194at3041           -            374   5.9e-10   35.4   0.7   1   2     3e-08   4.9e-06   22.5   0.1   244   295     1    54     1    70 0.55 -
TRINITY_DN1332_c0_g1_i3:413-748    -            112 4194at3041           -            374   5.9e-10   35.4   0.7   2   2   8.9e-05     0.015   11.1   0.1   107   131    88   112    83   112 0.64 -
#
# Program:         hmmsearch
# Version:         3.2.1 (June 2018)
# Pipeline mode:   SEARCH
# Query file:      /sw/bioinfo/BUSCO/v5_lineage_sets/lineages/chlorophyta_odb10/hmms/4194at3041.hmm
# Target file:     /crex/proj/snic2022-23-81/expression_algae/code/busco/trinity_VA-3180-Osg12Pal/run_chlorophyta_odb10/metaeuk_output/initial_results/trinity_VA-3180-Osg12Pal.Trinity.fasta.modified.fas
# Option settings: hmmsearch --domtblout /crex/proj/snic2022-23-81/expression_algae/code/busco/trinity_VA-3180-Osg12Pal/run_chlorophyta_odb10/hmmer_output/initial_run_results/4194at3041.out --cpu 1 /sw/bioinfo/BUSCO/v5_lineage_sets/lineages/chlorophyta_odb10/hmms/4194at3041.hmm /crex/proj/snic2022-23-81/expression_algae/code/busco/trinity_VA-3180-Osg12Pal/run_chlorophyta_odb10/metaeuk_output/initial_results/trinity_VA-3180-Osg12Pal.Trinity.fasta.modified.fas 
# Current dir:     /crex/proj/snic2022-23-81/expression_algae/code/busco
# Date:            Fri Sep 23 10:11:57 2022
# [ok]
