#                                                                                         --- full sequence --- -------------- this domain -------------   hmm coord   ali coord   env coord
# target name                     accession   tlen query name           accession   qlen   E-value  score  bias   #  of  c-Evalue  i-Evalue  score  bias  from    to  from    to  from    to  acc description of target
#             ------------------- ---------- ----- -------------------- ---------- ----- --------- ------ ----- --- --- --------- --------- ------ ----- ----- ----- ----- ----- ----- ----- ---- ---------------------
TRINITY_DN27404_c0_g1_i1:5-1003   -            333 4202at3041           -            340  9.2e-108  356.5   8.7   1   2  1.8e-108  2.4e-106  351.9   2.9    91   335    16   284     2   289 0.93 -
TRINITY_DN27404_c0_g1_i1:5-1003   -            333 4202at3041           -            340  9.2e-108  356.5   8.7   2   2   0.00052     0.071    8.4   0.3   312   340   302   333   291   333 0.78 -
TRINITY_DN2060_c0_g1_i2:8-706     -            233 4202at3041           -            340   2.6e-38  128.2   0.1   1   3     6e-24   8.2e-22   73.9   0.1     8    82     1    78     1    89 0.90 -
TRINITY_DN2060_c0_g1_i2:8-706     -            233 4202at3041           -            340   2.6e-38  128.2   0.1   2   3   2.3e-05    0.0031   12.9   0.0    86   131   114   160   107   162 0.84 -
TRINITY_DN2060_c0_g1_i2:8-706     -            233 4202at3041           -            340   2.6e-38  128.2   0.1   3   3   3.8e-13   5.2e-11   38.4   0.0   187   257   163   233   158   233 0.92 -
TRINITY_DN511_c0_g1_i2:70-216     -             49 4202at3041           -            340   1.2e-25   86.6   1.0   1   1   9.1e-28   1.2e-25   86.5   1.0     8    56     1    49     1    49 0.99 -
TRINITY_DN15826_c0_g1_i1:18-206   -             63 4202at3041           -            340   1.3e-16   56.9   1.7   1   1     1e-18   1.4e-16   56.8   1.7     8    64     1    63     1    63 0.91 -
TRINITY_DN24400_c0_g1_i1:103-333  -             77 4202at3041           -            340   7.1e-13   44.5   0.0   1   1   1.6e-14   2.3e-12   42.9   0.0     7    67     2    76     1    77 0.84 -
TRINITY_DN18399_c0_g1_i1:173-352  -             60 4202at3041           -            340     1e-12   44.0   0.1   1   1     8e-15   1.1e-12   43.9   0.1     8    64     1    60     1    60 0.94 -
TRINITY_DN961_c0_g1_i2:15-725     -            237 4202at3041           -            340   7.7e-11   37.9   0.1   1   1   8.2e-13   1.1e-10   37.3   0.1     5    73    47   127    43   153 0.71 -
TRINITY_DN28514_c0_g1_i1:21-191   -             57 4202at3041           -            340   1.2e-10   37.3   0.0   1   1   8.8e-13   1.2e-10   37.2   0.0     8    58     1    55     1    57 0.87 -
TRINITY_DN1071_c0_g1_i1:1208-1429 -             74 4202at3041           -            340   1.8e-10   36.6   0.0   1   1   2.8e-12   3.8e-10   35.6   0.0     8    64     1    71     1    73 0.77 -
TRINITY_DN1071_c0_g1_i6:992-1213  -             74 4202at3041           -            340   1.8e-10   36.6   0.0   1   1   2.8e-12   3.8e-10   35.6   0.0     8    64     1    71     1    73 0.77 -
TRINITY_DN30651_c0_g1_i1:63-236   -             58 4202at3041           -            340   6.2e-10   34.9   0.0   1   1   4.8e-12   6.5e-10   34.8   0.0     8    58     4    58     1    58 0.88 -
TRINITY_DN9784_c0_g1_i1:173-349   -             59 4202at3041           -            340   6.8e-07   24.9   0.1   1   1     5e-09   6.8e-07   24.9   0.1    11    61     4    50     1    59 0.72 -
#
# Program:         hmmsearch
# Version:         3.2.1 (June 2018)
# Pipeline mode:   SEARCH
# Query file:      /sw/bioinfo/BUSCO/v5_lineage_sets/lineages/chlorophyta_odb10/hmms/4202at3041.hmm
# Target file:     /crex/proj/snic2022-23-81/expression_algae/code/busco/trinity_VA-3180-Osg12Pal/run_chlorophyta_odb10/metaeuk_output/initial_results/trinity_VA-3180-Osg12Pal.Trinity.fasta.modified.fas
# Option settings: hmmsearch --domtblout /crex/proj/snic2022-23-81/expression_algae/code/busco/trinity_VA-3180-Osg12Pal/run_chlorophyta_odb10/hmmer_output/initial_run_results/4202at3041.out --cpu 1 /sw/bioinfo/BUSCO/v5_lineage_sets/lineages/chlorophyta_odb10/hmms/4202at3041.hmm /crex/proj/snic2022-23-81/expression_algae/code/busco/trinity_VA-3180-Osg12Pal/run_chlorophyta_odb10/metaeuk_output/initial_results/trinity_VA-3180-Osg12Pal.Trinity.fasta.modified.fas 
# Current dir:     /crex/proj/snic2022-23-81/expression_algae/code/busco
# Date:            Fri Sep 23 10:11:57 2022
# [ok]
