#                                                                                         --- full sequence --- -------------- this domain -------------   hmm coord   ali coord   env coord
# target name                     accession   tlen query name           accession   qlen   E-value  score  bias   #  of  c-Evalue  i-Evalue  score  bias  from    to  from    to  from    to  acc description of target
#             ------------------- ---------- ----- -------------------- ---------- ----- --------- ------ ----- --- --- --------- --------- ------ ----- ----- ----- ----- ----- ----- ----- ---- ---------------------
TRINITY_DN4466_c0_g1_i1:0-602     -            201 4308at3041           -            172  6.4e-110  361.3   0.8   1   1  1.1e-111  7.8e-110  361.1   0.8     1   170     6   177     6   179 0.98 -
TRINITY_DN4466_c0_g1_i2:0-566     -            189 4308at3041           -            172  1.3e-104  344.1   1.5   1   1  2.2e-106  1.5e-104  343.8   1.5     8   170     1   165     1   167 0.98 -
TRINITY_DN1086_c0_g1_i2:197-805   -            203 4308at3041           -            172   2.5e-43  144.5   1.1   1   1   4.9e-45   3.3e-43  144.1   1.1     5   163     9   169     7   175 0.96 -
TRINITY_DN13970_c0_g1_i1:323-961  -            213 4308at3041           -            172   1.1e-40  136.0   0.0   1   1     2e-42   1.4e-40  135.6   0.0     5   160     7   164     4   173 0.95 -
TRINITY_DN6320_c0_g2_i1:75-632    -            186 4308at3041           -            172   8.9e-39  129.7   0.0   1   1   1.6e-40   1.1e-38  129.4   0.0     8   166     1   159     1   162 0.95 -
TRINITY_DN1860_c0_g1_i1:83-607    -            175 4308at3041           -            172     7e-36  120.3   0.4   1   1   1.3e-37   8.7e-36  120.0   0.4     6   158    13   169    10   174 0.91 -
TRINITY_DN12291_c0_g1_i1:130-678  -            183 4308at3041           -            172   9.1e-36  119.9   0.1   1   1   1.7e-37   1.2e-35  119.6   0.1     6   160    10   173     6   181 0.87 -
TRINITY_DN12291_c0_g1_i3:130-747  -            206 4308at3041           -            172   9.9e-36  119.8   0.0   1   1   1.9e-37   1.3e-35  119.4   0.0     6   161    10   174     6   185 0.86 -
TRINITY_DN1860_c0_g1_i2:83-583    -            167 4308at3041           -            172     2e-35  118.8   0.4   1   1   3.4e-37   2.4e-35  118.6   0.4     6   153    13   164    10   167 0.91 -
TRINITY_DN14892_c0_g1_i1:2-388    -            129 4308at3041           -            172   2.5e-30  102.2   0.5   1   1     4e-32   2.7e-30  102.1   0.5     6   131     1   127     1   129 0.95 -
TRINITY_DN27804_c0_g1_i1:658-1323 -            222 4308at3041           -            172   4.5e-26   88.3   0.0   1   1   8.5e-28   5.8e-26   88.0   0.0     3   165    13   174    11   182 0.91 -
TRINITY_DN729_c0_g1_i1:70-519     -            150 4308at3041           -            172   4.2e-24   81.9   0.2   1   1   8.3e-26   5.6e-24   81.5   0.2    59   162     1   106     1   115 0.93 -
TRINITY_DN32302_c0_g1_i1:164-613  -            150 4308at3041           -            172   5.8e-23   78.2   0.1   1   1   9.5e-25   6.5e-23   78.1   0.1     6   156     1   150     1   150 0.91 -
TRINITY_DN729_c0_g1_i2:70-599     -            147 4308at3041           -            172     5e-21   71.9   0.2   1   1   9.8e-23   6.7e-21   71.5   0.2    59   162     1   103     1   112 0.91 -
TRINITY_DN4631_c0_g1_i3:2-322     -            107 4308at3041           -            172   9.1e-18   61.3   0.0   1   1   1.5e-19     1e-17   61.1   0.0     4    98    13   107    10   107 0.96 -
TRINITY_DN12291_c0_g1_i4:46-486   -            147 4308at3041           -            172   1.7e-17   60.4   0.0   1   1     3e-19   2.1e-17   60.2   0.0    56   161     1   115     1   126 0.81 -
TRINITY_DN35_c0_g1_i1:166-708     -            181 4308at3041           -            172   8.2e-07   25.7   0.0   1   1   1.5e-08     1e-06   25.3   0.0     6   125    19   134    15   159 0.83 -
TRINITY_DN10005_c0_g1_i2:2-253    -             84 4308at3041           -            172   5.2e-06   23.0   0.0   1   1   7.8e-08   5.3e-06   23.0   0.0    49   107    13    71     7    84 0.85 -
TRINITY_DN12473_c0_g1_i1:311-796  -            162 4308at3041           -            172   1.6e-05   21.5   0.0   1   1   2.9e-07     2e-05   21.2   0.0     6   120     7   117     4   137 0.79 -
TRINITY_DN11934_c0_g1_i1:79-465   -            129 4308at3041           -            172   0.00012   18.6   0.0   1   1   2.3e-06   0.00015   18.2   0.0     7   121    19   129    15   129 0.83 -
TRINITY_DN3489_c0_g2_i2:1-363     -            121 4308at3041           -            172   0.00014   18.4   0.0   1   1   2.3e-06   0.00016   18.2   0.0     6   120    11   121     7   121 0.82 -
TRINITY_DN23027_c0_g1_i1:3-326    -            108 4308at3041           -            172   0.00025   17.6   0.0   1   1   4.9e-06   0.00034   17.2   0.0     5    90    16    98    13   106 0.79 -
TRINITY_DN28729_c0_g1_i1:0-269    -             90 4308at3041           -            172   0.00069   16.1   0.0   1   1   1.1e-05   0.00076   16.0   0.0    55   122     4    72     1    83 0.84 -
TRINITY_DN27441_c0_g1_i1:0-353    -            118 4308at3041           -            172    0.0014   15.2   0.1   1   1   2.2e-05    0.0015   15.0   0.1     6    90     9    88     6   118 0.74 -
#
# Program:         hmmsearch
# Version:         3.2.1 (June 2018)
# Pipeline mode:   SEARCH
# Query file:      /sw/bioinfo/BUSCO/v5_lineage_sets/lineages/chlorophyta_odb10/hmms/4308at3041.hmm
# Target file:     /crex/proj/snic2022-23-81/expression_algae/code/busco/trinity_VA-3180-Osg12Pal/run_chlorophyta_odb10/metaeuk_output/initial_results/trinity_VA-3180-Osg12Pal.Trinity.fasta.modified.fas
# Option settings: hmmsearch --domtblout /crex/proj/snic2022-23-81/expression_algae/code/busco/trinity_VA-3180-Osg12Pal/run_chlorophyta_odb10/hmmer_output/initial_run_results/4308at3041.out --cpu 1 /sw/bioinfo/BUSCO/v5_lineage_sets/lineages/chlorophyta_odb10/hmms/4308at3041.hmm /crex/proj/snic2022-23-81/expression_algae/code/busco/trinity_VA-3180-Osg12Pal/run_chlorophyta_odb10/metaeuk_output/initial_results/trinity_VA-3180-Osg12Pal.Trinity.fasta.modified.fas 
# Current dir:     /crex/proj/snic2022-23-81/expression_algae/code/busco
# Date:            Fri Sep 23 10:11:58 2022
# [ok]
