#                                                                                        --- full sequence --- -------------- this domain -------------   hmm coord   ali coord   env coord
# target name                    accession   tlen query name           accession   qlen   E-value  score  bias   #  of  c-Evalue  i-Evalue  score  bias  from    to  from    to  from    to  acc description of target
#            ------------------- ---------- ----- -------------------- ---------- ----- --------- ------ ----- --- --- --------- --------- ------ ----- ----- ----- ----- ----- ----- ----- ---- ---------------------
TRINITY_DN6706_c0_g1_i1:58-1245  -            396 4431at3041           -            365   5.1e-38  127.7   0.9   1   1   1.4e-36   7.6e-35  117.3   0.9    10   330    12   390     3   394 0.66 -
TRINITY_DN704_c0_g4_i3:4-1134    -            377 4431at3041           -            365   2.7e-37  125.4   0.0   1   1     7e-37   3.7e-35  118.3   0.0    11   329    15   351     4   364 0.71 -
TRINITY_DN1190_c0_g1_i2:133-1356 -            408 4431at3041           -            365   1.4e-34  116.4   0.0   1   2   7.9e-21   4.2e-19   65.5   0.0    20   163     5   163     1   188 0.76 -
TRINITY_DN1190_c0_g1_i2:133-1356 -            408 4431at3041           -            365   1.4e-34  116.4   0.0   2   2   8.7e-16   4.6e-14   48.9   0.0   266   333   259   332   221   349 0.69 -
TRINITY_DN704_c0_g5_i1:6-1223    -            406 4431at3041           -            365   1.6e-34  116.2   0.0   1   2   1.7e-18   8.9e-17   57.8   0.0    21   160    63   217    46   239 0.72 -
TRINITY_DN704_c0_g5_i1:6-1223    -            406 4431at3041           -            365   1.6e-34  116.2   0.0   2   2   5.3e-18   2.8e-16   56.2   0.0   243   330   285   386   276   397 0.81 -
TRINITY_DN704_c0_g4_i1:4-1086    -            361 4431at3041           -            365   3.7e-34  115.0   0.0   1   1   1.1e-33   5.7e-32  107.8   0.0    34   329    25   335    16   348 0.71 -
TRINITY_DN624_c0_g5_i1:496-1485  -            330 4431at3041           -            365   1.4e-33  113.2   0.2   1   2   4.5e-22   2.4e-20   69.6   0.0    21   161     5   162     2   180 0.80 -
TRINITY_DN624_c0_g5_i1:496-1485  -            330 4431at3041           -            365   1.4e-33  113.2   0.2   2   2   1.3e-13   7.1e-12   41.7   0.1   270   326   270   330   230   330 0.80 -
TRINITY_DN704_c0_g2_i1:4-1038    -            345 4431at3041           -            365   7.4e-29   97.6   0.0   1   1   9.6e-29   5.1e-27   91.6   0.0    62   331    10   289     5   293 0.75 -
TRINITY_DN78_c1_g2_i1:590-1909   -            440 4431at3041           -            365   8.9e-29   97.3   0.0   1   2   1.1e-16   5.6e-15   51.9   0.0    13   159    81   239    68   251 0.77 -
TRINITY_DN78_c1_g2_i1:590-1909   -            440 4431at3041           -            365   8.9e-29   97.3   0.0   2   2   4.1e-14   2.2e-12   43.4   0.0   241   332   305   410   278   420 0.75 -
TRINITY_DN615_c0_g1_i1:6-1694    -            563 4431at3041           -            365   9.7e-27   90.6   0.0   1   2   1.3e-15   6.7e-14   48.4   0.0    13   156   113   279   101   291 0.72 -
TRINITY_DN615_c0_g1_i1:6-1694    -            563 4431at3041           -            365   9.7e-27   90.6   0.0   2   2   5.3e-13   2.8e-11   39.8   0.0   244   332   357   458   347   471 0.76 -
TRINITY_DN2698_c0_g1_i1:2-874    -            291 4431at3041           -            365   1.5e-25   86.7   0.0   1   1   6.8e-25   3.6e-23   78.9   0.0    61   317    16   291    10   291 0.77 -
TRINITY_DN624_c0_g5_i2:31-1161   -            377 4431at3041           -            365   1.2e-23   80.5   0.0   1   1   2.9e-25   1.5e-23   80.1   0.0     2   207   138   362   137   369 0.80 -
TRINITY_DN78_c1_g1_i1:189-1388   -            400 4431at3041           -            365   2.4e-23   79.5   0.6   1   2   2.4e-11   1.3e-09   34.3   0.1    12   158    40   198    28   232 0.77 -
TRINITY_DN78_c1_g1_i1:189-1388   -            400 4431at3041           -            365   2.4e-23   79.5   0.6   2   2     3e-14   1.6e-12   43.9   0.1   264   338   295   376   238   385 0.76 -
TRINITY_DN908_c0_g1_i3:401-1705  -            435 4431at3041           -            365   2.5e-23   79.4   0.1   1   1     2e-22     1e-20   70.8   0.1    11   329    52   396    42   413 0.64 -
TRINITY_DN5238_c0_g1_i1:82-720   -            213 4431at3041           -            365   5.8e-22   74.9   0.5   1   1   1.3e-23   6.8e-22   74.7   0.5     8   155    14   177     6   198 0.78 -
TRINITY_DN704_c0_g3_i2:780-1142  -            121 4431at3041           -            365   6.3e-22   74.8   0.0   1   1   1.6e-23   8.5e-22   74.4   0.0   245   331    20   120    16   121 0.84 -
TRINITY_DN2698_c0_g1_i2:2-706    -            235 4431at3041           -            365   7.5e-22   74.6   0.0   1   1   4.2e-21   2.2e-19   66.4   0.0   110   317    15   235     2   235 0.78 -
TRINITY_DN11467_c0_g1_i1:340-966 -            209 4431at3041           -            365   1.9e-21   73.2   0.1   1   1   4.9e-23   2.6e-21   72.8   0.1    20   161    37   198    20   207 0.76 -
TRINITY_DN704_c0_g1_i1:5-445     -            147 4431at3041           -            365   4.5e-21   72.0   0.0   1   1   9.3e-23   4.9e-21   71.9   0.0    20   148     4   145     1   147 0.79 -
TRINITY_DN704_c0_g3_i1:973-1338  -            122 4431at3041           -            365   2.1e-19   66.5   0.1   1   1   5.4e-21   2.9e-19   66.0   0.1   245   328    20   117    16   121 0.83 -
TRINITY_DN1990_c0_g1_i1:34-987   -            318 4431at3041           -            365   3.3e-19   65.8   2.0   1   2   1.3e-20   7.1e-19   64.8   0.0    21   171     3   172     2   180 0.76 -
TRINITY_DN1990_c0_g1_i1:34-987   -            318 4431at3041           -            365   3.3e-19   65.8   2.0   2   2      0.73        38   -0.2   0.7   179   202   218   241   176   316 0.53 -
TRINITY_DN1655_c0_g3_i1:0-578    -            193 4431at3041           -            365   2.4e-18   63.0   0.2   1   1   7.3e-20   3.8e-18   62.3   0.2   279   332   128   181   118   189 0.92 -
TRINITY_DN27810_c0_g1_i1:3-620   -            206 4431at3041           -            365   2.7e-17   59.6   0.1   1   1   6.4e-19   3.4e-17   59.2   0.1    21   154    57   200    42   205 0.83 -
TRINITY_DN19215_c0_g1_i1:4-519   -            172 4431at3041           -            365   1.2e-16   57.4   0.0   1   1   3.1e-18   1.6e-16   57.0   0.0    21   157     4   158     1   167 0.76 -
TRINITY_DN908_c0_g1_i1:162-881   -            240 4431at3041           -            365   1.5e-15   53.8   0.0   1   1   3.7e-17     2e-15   53.4   0.0     7   160    47   213    41   231 0.71 -
TRINITY_DN32577_c0_g1_i1:426-692 -             89 4431at3041           -            365     4e-13   45.8   0.0   1   1   8.2e-15   4.3e-13   45.7   0.0    20    84     3    72     1    82 0.84 -
TRINITY_DN624_c0_g6_i1:26-298    -             91 4431at3041           -            365   7.5e-10   35.1   0.0   1   1   1.6e-11   8.3e-10   34.9   0.0    21    88     2    78     1    88 0.78 -
TRINITY_DN624_c0_g4_i2:618-1277  -            220 4431at3041           -            365   3.5e-09   32.9   0.0   1   1   1.1e-10   5.7e-09   32.2   0.0    15   139    78   219    64   220 0.68 -
TRINITY_DN624_c0_g4_i3:638-1297  -            220 4431at3041           -            365   3.5e-09   32.9   0.0   1   1   1.1e-10   5.7e-09   32.2   0.0    15   139    78   219    64   220 0.68 -
TRINITY_DN908_c0_g1_i2:410-997   -            196 4431at3041           -            365     5e-08   29.1   0.5   1   1   2.3e-09   1.2e-07   27.8   0.5   237   329    39   160     5   176 0.65 -
TRINITY_DN1271_c0_g1_i1:13-549   -            179 4431at3041           -            365   1.6e-07   27.4   0.2   1   1   4.7e-09   2.5e-07   26.8   0.2   288   326   141   179   137   179 0.96 -
TRINITY_DN5196_c0_g1_i1:22-318   -             99 4431at3041           -            365   2.4e-07   26.8   0.0   1   1   4.9e-09   2.6e-07   26.7   0.0    21    87     2    77     1    93 0.77 -
#
# Program:         hmmsearch
# Version:         3.2.1 (June 2018)
# Pipeline mode:   SEARCH
# Query file:      /sw/bioinfo/BUSCO/v5_lineage_sets/lineages/chlorophyta_odb10/hmms/4431at3041.hmm
# Target file:     /crex/proj/snic2022-23-81/expression_algae/code/busco/trinity_VA-3180-Osg12Pal/run_chlorophyta_odb10/metaeuk_output/initial_results/trinity_VA-3180-Osg12Pal.Trinity.fasta.modified.fas
# Option settings: hmmsearch --domtblout /crex/proj/snic2022-23-81/expression_algae/code/busco/trinity_VA-3180-Osg12Pal/run_chlorophyta_odb10/hmmer_output/initial_run_results/4431at3041.out --cpu 1 /sw/bioinfo/BUSCO/v5_lineage_sets/lineages/chlorophyta_odb10/hmms/4431at3041.hmm /crex/proj/snic2022-23-81/expression_algae/code/busco/trinity_VA-3180-Osg12Pal/run_chlorophyta_odb10/metaeuk_output/initial_results/trinity_VA-3180-Osg12Pal.Trinity.fasta.modified.fas 
# Current dir:     /crex/proj/snic2022-23-81/expression_algae/code/busco
# Date:            Fri Sep 23 10:11:57 2022
# [ok]
