#                                                                                        --- full sequence --- -------------- this domain -------------   hmm coord   ali coord   env coord
# target name                    accession   tlen query name           accession   qlen   E-value  score  bias   #  of  c-Evalue  i-Evalue  score  bias  from    to  from    to  from    to  acc description of target
#            ------------------- ---------- ----- -------------------- ---------- ----- --------- ------ ----- --- --- --------- --------- ------ ----- ----- ----- ----- ----- ----- ----- ---- ---------------------
TRINITY_DN4398_c0_g1_i3:3-713    -            237 7470at3041           -            199   1.2e-76  253.2   7.7   1   2   1.1e-28   4.4e-26   88.1   1.3    10    97     5    96     2   111 0.88 -
TRINITY_DN4398_c0_g1_i3:3-713    -            237 7470at3041           -            199   1.2e-76  253.2   7.7   2   2   1.4e-53   5.7e-51  169.3   0.7    90   199   128   237    98   237 0.92 -
TRINITY_DN10890_c0_g1_i2:1-618   -            206 7470at3041           -            199   1.5e-15   53.7   3.7   1   2       0.1        43    0.0   0.0   115   161    37    86     5    89 0.65 -
TRINITY_DN10890_c0_g1_i2:1-618   -            206 7470at3041           -            199   1.5e-15   53.7   3.7   2   2   6.9e-18   2.8e-15   52.8   2.5   106   195   115   204    92   206 0.90 -
TRINITY_DN29418_c0_g1_i1:278-625 -            116 7470at3041           -            199   0.00013   18.0   5.7   1   1   4.1e-07   0.00017   17.7   5.7   111   191    28   108    20   115 0.89 -
TRINITY_DN1618_c0_g1_i4:100-771  -            224 7470at3041           -            199   0.00023   17.2   0.9   1   2     0.015       6.2    2.8   1.0    39    85    30    79    11    92 0.66 -
TRINITY_DN1618_c0_g1_i4:100-771  -            224 7470at3041           -            199   0.00023   17.2   0.9   2   2   5.5e-07   0.00023   17.2   0.9    85   196   109   220    83   223 0.83 -
#
# Program:         hmmsearch
# Version:         3.2.1 (June 2018)
# Pipeline mode:   SEARCH
# Query file:      /sw/bioinfo/BUSCO/v5_lineage_sets/lineages/chlorophyta_odb10/hmms/7470at3041.hmm
# Target file:     /crex/proj/snic2022-23-81/expression_algae/code/busco/trinity_VA-3180-Osg12Pal/run_chlorophyta_odb10/metaeuk_output/initial_results/trinity_VA-3180-Osg12Pal.Trinity.fasta.modified.fas
# Option settings: hmmsearch --domtblout /crex/proj/snic2022-23-81/expression_algae/code/busco/trinity_VA-3180-Osg12Pal/run_chlorophyta_odb10/hmmer_output/initial_run_results/7470at3041.out --cpu 1 /sw/bioinfo/BUSCO/v5_lineage_sets/lineages/chlorophyta_odb10/hmms/7470at3041.hmm /crex/proj/snic2022-23-81/expression_algae/code/busco/trinity_VA-3180-Osg12Pal/run_chlorophyta_odb10/metaeuk_output/initial_results/trinity_VA-3180-Osg12Pal.Trinity.fasta.modified.fas 
# Current dir:     /crex/proj/snic2022-23-81/expression_algae/code/busco
# Date:            Fri Sep 23 10:11:58 2022
# [ok]
