#                                                                                        --- full sequence --- -------------- this domain -------------   hmm coord   ali coord   env coord
# target name                    accession   tlen query name           accession   qlen   E-value  score  bias   #  of  c-Evalue  i-Evalue  score  bias  from    to  from    to  from    to  acc description of target
#            ------------------- ---------- ----- -------------------- ---------- ----- --------- ------ ----- --- --- --------- --------- ------ ----- ----- ----- ----- ----- ----- ----- ---- ---------------------
TRINITY_DN12723_c0_g1_i1:353-907 -            185 7631at3041           -            124   4.4e-56  184.6   0.4   1   1   2.5e-58   5.9e-56  184.2   0.4     7   123    56   176    49   177 0.90 -
TRINITY_DN31638_c0_g1_i1:142-408 -             89 7631at3041           -            124   2.2e-23   79.0   0.5   1   1     1e-25   2.4e-23   78.9   0.5    19   100     9    87     1    89 0.87 -
TRINITY_DN18868_c0_g1_i1:292-600 -            103 7631at3041           -            124   1.2e-22   76.6   0.6   1   1     6e-25   1.4e-22   76.4   0.6     8    94    13    94     7   103 0.86 -
TRINITY_DN12537_c0_g1_i1:11-283  -             91 7631at3041           -            124   6.6e-15   51.6   0.5   1   1   3.8e-17     9e-15   51.2   0.5    17   102     7    88     2    90 0.92 -
TRINITY_DN6969_c0_g2_i1:0-311    -            104 7631at3041           -            124   2.4e-06   24.0   0.2   1   1   1.8e-08   4.2e-06   23.2   0.2    10    78     2    80     1    91 0.83 -
TRINITY_DN34615_c0_g1_i1:2-580   -            193 7631at3041           -            124   2.8e-06   23.8   0.0   1   1   2.1e-08   4.8e-06   23.0   0.0    15    47   160   192   150   193 0.84 -
TRINITY_DN14266_c0_g1_i1:190-633 -            148 7631at3041           -            124    0.0046   13.4   0.6   1   2   2.7e-05    0.0064   12.9   0.1    21    54    22    58    15    70 0.76 -
TRINITY_DN14266_c0_g1_i1:190-633 -            148 7631at3041           -            124    0.0046   13.4   0.6   2   2       3.9   9.1e+02   -3.7   0.1    38    51   107   120   100   122 0.72 -
#
# Program:         hmmsearch
# Version:         3.2.1 (June 2018)
# Pipeline mode:   SEARCH
# Query file:      /sw/bioinfo/BUSCO/v5_lineage_sets/lineages/chlorophyta_odb10/hmms/7631at3041.hmm
# Target file:     /crex/proj/snic2022-23-81/expression_algae/code/busco/trinity_VA-3180-Osg12Pal/run_chlorophyta_odb10/metaeuk_output/initial_results/trinity_VA-3180-Osg12Pal.Trinity.fasta.modified.fas
# Option settings: hmmsearch --domtblout /crex/proj/snic2022-23-81/expression_algae/code/busco/trinity_VA-3180-Osg12Pal/run_chlorophyta_odb10/hmmer_output/initial_run_results/7631at3041.out --cpu 1 /sw/bioinfo/BUSCO/v5_lineage_sets/lineages/chlorophyta_odb10/hmms/7631at3041.hmm /crex/proj/snic2022-23-81/expression_algae/code/busco/trinity_VA-3180-Osg12Pal/run_chlorophyta_odb10/metaeuk_output/initial_results/trinity_VA-3180-Osg12Pal.Trinity.fasta.modified.fas 
# Current dir:     /crex/proj/snic2022-23-81/expression_algae/code/busco
# Date:            Fri Sep 23 10:11:59 2022
# [ok]
