#                                                                                        --- full sequence --- -------------- this domain -------------   hmm coord   ali coord   env coord
# target name                    accession   tlen query name           accession   qlen   E-value  score  bias   #  of  c-Evalue  i-Evalue  score  bias  from    to  from    to  from    to  acc description of target
#            ------------------- ---------- ----- -------------------- ---------- ----- --------- ------ ----- --- --- --------- --------- ------ ----- ----- ----- ----- ----- ----- ----- ---- ---------------------
TRINITY_DN7981_c0_g1_i3:793-2634 -            614 1233at3041           -            417  1.2e-195  647.8  22.9   1   3   9.8e-28   1.2e-24   84.5   2.0     1    77    54   156    54   174 0.83 -
TRINITY_DN7981_c0_g1_i3:793-2634 -            614 1233at3041           -            417  1.2e-195  647.8  22.9   2   3  1.7e-103    2e-100  334.1   0.8    72   285   174   410   167   422 0.89 -
TRINITY_DN7981_c0_g1_i3:793-2634 -            614 1233at3041           -            417  1.2e-195  647.8  22.9   3   3   5.6e-74   6.7e-71  236.9   6.2   284   417   463   606   425   606 0.91 -
TRINITY_DN7981_c0_g1_i1:793-2334 -            514 1233at3041           -            417  3.9e-177  586.8  20.4   1   3   1.8e-08   2.1e-05   21.1   0.6    44    77     4    56     2    73 0.77 -
TRINITY_DN7981_c0_g1_i1:793-2334 -            514 1233at3041           -            417  3.9e-177  586.8  20.4   2   3  1.2e-103  1.4e-100  334.6   0.7    72   284    74   309    69   321 0.89 -
TRINITY_DN7981_c0_g1_i1:793-2334 -            514 1233at3041           -            417  3.9e-177  586.8  20.4   3   3   4.5e-74   5.3e-71  237.2   6.4   284   417   363   506   324   506 0.91 -
TRINITY_DN7981_c0_g1_i2:796-1764 -            323 1233at3041           -            417  3.5e-118  392.6  11.3   1   2   9.4e-50   1.1e-46  157.1   0.2   181   285     1   120     1   133 0.86 -
TRINITY_DN7981_c0_g1_i2:796-1764 -            323 1233at3041           -            417  3.5e-118  392.6  11.3   2   2   1.3e-74   1.5e-71  239.0   5.8   284   417   173   316   153   316 0.92 -
#
# Program:         hmmsearch
# Version:         3.2.1 (June 2018)
# Pipeline mode:   SEARCH
# Query file:      /sw/bioinfo/BUSCO/v5_lineage_sets/lineages/chlorophyta_odb10/hmms/1233at3041.hmm
# Target file:     /crex/proj/snic2022-23-81/expression_algae/code/busco/trinity_VA-3180-Osg11Mul/run_chlorophyta_odb10/metaeuk_output/initial_results/trinity_VA-3180-Osg11Mul.Trinity.fasta.modified.fas
# Option settings: hmmsearch --domtblout /crex/proj/snic2022-23-81/expression_algae/code/busco/trinity_VA-3180-Osg11Mul/run_chlorophyta_odb10/hmmer_output/initial_run_results/1233at3041.out --cpu 1 /sw/bioinfo/BUSCO/v5_lineage_sets/lineages/chlorophyta_odb10/hmms/1233at3041.hmm /crex/proj/snic2022-23-81/expression_algae/code/busco/trinity_VA-3180-Osg11Mul/run_chlorophyta_odb10/metaeuk_output/initial_results/trinity_VA-3180-Osg11Mul.Trinity.fasta.modified.fas 
# Current dir:     /crex/proj/snic2022-23-81/expression_algae/code/busco
# Date:            Fri Sep 23 10:12:16 2022
# [ok]
