#                                                                                         --- full sequence --- -------------- this domain -------------   hmm coord   ali coord   env coord
# target name                     accession   tlen query name           accession   qlen   E-value  score  bias   #  of  c-Evalue  i-Evalue  score  bias  from    to  from    to  from    to  acc description of target
#             ------------------- ---------- ----- -------------------- ---------- ----- --------- ------ ----- --- --- --------- --------- ------ ----- ----- ----- ----- ----- ----- ----- ---- ---------------------
TRINITY_DN15098_c0_g1_i1:368-1912 -            515 1700at3041           -            378  8.3e-194  641.3   0.1   1   2   6.9e-51   4.1e-48  161.8   0.3     1    98    35   138    35   180 0.86 -
TRINITY_DN15098_c0_g1_i1:368-1912 -            515 1700at3041           -            378  8.3e-194  641.3   0.1   2   2  9.3e-147  5.5e-144  477.4   0.0    95   377   192   515   187   515 0.91 -
TRINITY_DN15098_c0_g1_i2:368-1198 -            277 1700at3041           -            378    3e-122  405.8   0.0   1   1  6.2e-125  3.7e-122  405.5   0.0   138   377     1   277     1   277 0.91 -
TRINITY_DN8458_c1_g1_i2:416-1600  -            395 1700at3041           -            378     2e-44  149.7   1.9   1   1   2.2e-46   1.3e-43  147.0   1.9     3   331    11   395     9   395 0.78 -
TRINITY_DN8458_c1_g1_i4:90-1067   -            326 1700at3041           -            378   1.1e-35  120.9   0.3   1   1   1.5e-37   8.7e-35  117.9   0.3    63   331     9   326     5   326 0.76 -
TRINITY_DN8458_c1_g1_i8:27-758    -            244 1700at3041           -            378     4e-24   82.8   0.1   1   1   6.4e-26   3.8e-23   79.6   0.1    63   263     4   244     2   244 0.75 -
TRINITY_DN8458_c1_g1_i3:416-1165  -            250 1700at3041           -            378   7.1e-19   65.6   1.0   1   1   3.8e-21   2.3e-18   63.9   1.0     3   154    11   184     9   250 0.73 -
#
# Program:         hmmsearch
# Version:         3.2.1 (June 2018)
# Pipeline mode:   SEARCH
# Query file:      /sw/bioinfo/BUSCO/v5_lineage_sets/lineages/chlorophyta_odb10/hmms/1700at3041.hmm
# Target file:     /crex/proj/snic2022-23-81/expression_algae/code/busco/trinity_VA-3180-Osg11Mul/run_chlorophyta_odb10/metaeuk_output/initial_results/trinity_VA-3180-Osg11Mul.Trinity.fasta.modified.fas
# Option settings: hmmsearch --domtblout /crex/proj/snic2022-23-81/expression_algae/code/busco/trinity_VA-3180-Osg11Mul/run_chlorophyta_odb10/hmmer_output/initial_run_results/1700at3041.out --cpu 1 /sw/bioinfo/BUSCO/v5_lineage_sets/lineages/chlorophyta_odb10/hmms/1700at3041.hmm /crex/proj/snic2022-23-81/expression_algae/code/busco/trinity_VA-3180-Osg11Mul/run_chlorophyta_odb10/metaeuk_output/initial_results/trinity_VA-3180-Osg11Mul.Trinity.fasta.modified.fas 
# Current dir:     /crex/proj/snic2022-23-81/expression_algae/code/busco
# Date:            Fri Sep 23 10:12:16 2022
# [ok]
