#                                                                                         --- full sequence --- -------------- this domain -------------   hmm coord   ali coord   env coord
# target name                     accession   tlen query name           accession   qlen   E-value  score  bias   #  of  c-Evalue  i-Evalue  score  bias  from    to  from    to  from    to  acc description of target
#             ------------------- ---------- ----- -------------------- ---------- ----- --------- ------ ----- --- --- --------- --------- ------ ----- ----- ----- ----- ----- ----- ----- ---- ---------------------
TRINITY_DN1510_c0_g1_i1:186-428   -             81 2960at3041           -            606   1.7e-45  153.4   0.1   1   1   4.2e-47   1.8e-45  153.3   0.1   513   590     3    80     1    81 0.98 -
TRINITY_DN94_c0_g1_i2:3398-4060   -            221 2960at3041           -            606   1.5e-18   64.4   0.0   1   2   7.4e-13   3.2e-11   40.2   0.0   166   261    12   109     3   113 0.87 -
TRINITY_DN94_c0_g1_i2:3398-4060   -            221 2960at3041           -            606   1.5e-18   64.4   0.0   2   2     2e-07   8.7e-06   22.3   0.0     4   585   151   219   144   221 0.53 -
TRINITY_DN94_c0_g1_i3:3566-4228   -            221 2960at3041           -            606   1.5e-18   64.4   0.0   1   2   7.4e-13   3.2e-11   40.2   0.0   166   261    12   109     3   113 0.87 -
TRINITY_DN94_c0_g1_i3:3566-4228   -            221 2960at3041           -            606   1.5e-18   64.4   0.0   2   2     2e-07   8.7e-06   22.3   0.0     4   585   151   219   144   221 0.53 -
TRINITY_DN13084_c0_g1_i1:66-878   -            271 2960at3041           -            606   2.7e-18   63.6   0.0   1   2   1.7e-10   7.4e-09   32.4   0.0   173   230     9    68     4    77 0.89 -
TRINITY_DN13084_c0_g1_i1:66-878   -            271 2960at3041           -            606   2.7e-18   63.6   0.0   2   2   1.7e-09   7.3e-08   29.1   0.0   426   498   164   243   141   246 0.85 -
TRINITY_DN374_c0_g1_i2:230-727    -            166 2960at3041           -            606   1.1e-17   61.5   0.1   1   2   1.1e-11   4.9e-10   36.3   0.0   173   255     4    91     2    95 0.92 -
TRINITY_DN374_c0_g1_i2:230-727    -            166 2960at3041           -            606   1.1e-17   61.5   0.1   2   2   7.5e-08   3.2e-06   23.7   0.1   429   579    96   158    90   166 0.44 -
TRINITY_DN12166_c0_g1_i1:50-697   -            216 2960at3041           -            606   1.8e-16   57.6   0.1   1   2   7.5e-11   3.3e-09   33.6   0.1   167   253    26   114    18   119 0.89 -
TRINITY_DN12166_c0_g1_i1:50-697   -            216 2960at3041           -            606   1.8e-16   57.6   0.1   2   2   1.1e-07   4.8e-06   23.1   0.0   172   261   118   210   108   215 0.75 -
TRINITY_DN12166_c0_g1_i2:8-790    -            261 2960at3041           -            606   6.5e-16   55.7   0.1   1   2   1.1e-10   4.9e-09   33.0   0.1   167   253    26   114    18   119 0.89 -
TRINITY_DN12166_c0_g1_i2:8-790    -            261 2960at3041           -            606   6.5e-16   55.7   0.1   2   2   5.3e-07   2.3e-05   20.9   0.0     4   251   120   200   117   226 0.51 -
TRINITY_DN5390_c0_g1_i3:281-802   -            174 2960at3041           -            606   3.3e-14   50.1   0.0   1   2   1.9e-08   8.4e-07   25.6   0.0   174   234     1    63     1    68 0.93 -
TRINITY_DN5390_c0_g1_i3:281-802   -            174 2960at3041           -            606   3.3e-14   50.1   0.0   2   2   1.7e-07   7.3e-06   22.5   0.0   173   235    95   159    80   171 0.88 -
TRINITY_DN5390_c0_g1_i1:281-799   -            173 2960at3041           -            606   3.4e-14   50.0   0.0   1   2   1.6e-08   6.9e-07   25.9   0.0   174   234     1    63     1    81 0.90 -
TRINITY_DN5390_c0_g1_i1:281-799   -            173 2960at3041           -            606   3.4e-14   50.0   0.0   2   2   1.7e-07   7.4e-06   22.5   0.0   173   235    95   159    78   170 0.88 -
TRINITY_DN511_c0_g1_i2:145-378    -             78 2960at3041           -            606   1.5e-12   44.6   0.0   1   1   3.5e-14   1.5e-12   44.6   0.0   176   247     1    73     1    78 0.93 -
TRINITY_DN35498_c0_g1_i1:7-216    -             70 2960at3041           -            606   2.1e-12   44.1   0.1   1   1   5.2e-14   2.3e-12   44.0   0.1   174   240     1    69     1    70 0.93 -
TRINITY_DN29508_c0_g1_i1:158-562  -            135 2960at3041           -            606   8.2e-12   42.2   0.0   1   1   2.3e-13   9.8e-12   41.9   0.0   532   593    35    97    19   105 0.89 -
TRINITY_DN112_c0_g1_i1:558-1211   -            218 2960at3041           -            606   1.4e-11   41.4   0.0   1   1   4.9e-13   2.1e-11   40.8   0.0   169   243   136   212   126   217 0.89 -
TRINITY_DN8055_c0_g1_i1:86-610    -            175 2960at3041           -            606     2e-11   40.9   0.0   1   2   1.2e-05   0.00052   16.4   0.0   533   592    16    75     2    81 0.65 -
TRINITY_DN8055_c0_g1_i1:86-610    -            175 2960at3041           -            606     2e-11   40.9   0.0   2   2   1.6e-07     7e-06   22.6   0.0   168   244    95   173    92   175 0.89 -
TRINITY_DN8055_c0_g1_i3:86-610    -            175 2960at3041           -            606     2e-11   40.9   0.0   1   2   1.2e-05   0.00052   16.4   0.0   533   592    16    75     2    81 0.65 -
TRINITY_DN8055_c0_g1_i3:86-610    -            175 2960at3041           -            606     2e-11   40.9   0.0   2   2   1.6e-07     7e-06   22.6   0.0   168   244    95   173    92   175 0.89 -
TRINITY_DN112_c0_g1_i2:558-1397   -            280 2960at3041           -            606   2.1e-11   40.8   0.0   1   1   8.1e-13   3.5e-11   40.1   0.0   169   243   198   274   188   279 0.89 -
TRINITY_DN714_c0_g2_i2:884-1108   -             75 2960at3041           -            606   2.5e-11   40.6   0.1   1   1   5.9e-13   2.6e-11   40.5   0.1   517   585     5    74     1    75 0.62 -
TRINITY_DN13813_c0_g1_i2:453-671  -             73 2960at3041           -            606   1.5e-10   38.1   0.0   1   1   3.9e-12   1.7e-10   37.9   0.0   175   243     1    71     1    72 0.96 -
TRINITY_DN4474_c0_g1_i3:0-611     -            204 2960at3041           -            606   2.7e-10   37.2   0.1   1   1   9.6e-12   4.2e-10   36.6   0.0   166   249    93   176    81   189 0.83 -
TRINITY_DN2162_c0_g1_i2:531-755   -             75 2960at3041           -            606     8e-10   35.6   0.0   1   1   1.8e-11     8e-10   35.6   0.0   174   239     1    67     1    75 0.84 -
TRINITY_DN35053_c0_g1_i1:223-606  -            128 2960at3041           -            606   8.8e-10   35.5   0.0   1   1   2.3e-11     1e-09   35.3   0.0   173   259    20   105     4   113 0.86 -
TRINITY_DN2892_c0_g1_i2:570-755   -             62 2960at3041           -            606   9.8e-10   35.3   0.0   1   1   2.5e-11   1.1e-09   35.2   0.0   193   244     8    59     3    62 0.95 -
TRINITY_DN2892_c0_g1_i3:570-755   -             62 2960at3041           -            606   9.8e-10   35.3   0.0   1   1   2.5e-11   1.1e-09   35.2   0.0   193   244     8    59     3    62 0.95 -
TRINITY_DN374_c0_g1_i1:565-822    -             86 2960at3041           -            606   2.3e-09   34.1   0.0   1   1   5.6e-11   2.4e-09   34.0   0.0   174   255     1    82     1    86 0.83 -
TRINITY_DN374_c0_g1_i2:782-1039   -             86 2960at3041           -            606   2.3e-09   34.1   0.0   1   1   5.6e-11   2.4e-09   34.0   0.0   174   255     1    82     1    86 0.83 -
TRINITY_DN35703_c0_g1_i1:96-665   -            190 2960at3041           -            606   3.2e-09   33.6   0.0   1   2     0.016      0.71    6.1   0.0   211   244    43    75    37    87 0.59 -
TRINITY_DN35703_c0_g1_i1:96-665   -            190 2960at3041           -            606   3.2e-09   33.6   0.0   2   2   1.9e-08   8.1e-07   25.7   0.0   172   244   114   188   106   190 0.93 -
TRINITY_DN2958_c0_g1_i2:41-226    -             62 2960at3041           -            606   3.6e-09   33.4   0.0   1   1   9.1e-11   3.9e-09   33.3   0.0   193   246     8    61     2    62 0.94 -
TRINITY_DN2958_c0_g1_i6:41-226    -             62 2960at3041           -            606   3.6e-09   33.4   0.0   1   1   9.1e-11   3.9e-09   33.3   0.0   193   246     8    61     2    62 0.94 -
TRINITY_DN41327_c0_g1_i1:28-348   -            107 2960at3041           -            606   6.8e-09   32.5   0.0   1   1   1.8e-10   7.6e-09   32.4   0.0   170   244    24   100     9   106 0.87 -
TRINITY_DN7365_c0_g1_i1:230-430   -             67 2960at3041           -            606   7.1e-09   32.5   0.0   1   1   1.7e-10   7.4e-09   32.4   0.0   174   236     1    65     1    67 0.94 -
TRINITY_DN4130_c0_g1_i2:51-497    -            149 2960at3041           -            606   9.5e-09   32.1   0.0   1   1   2.4e-10     1e-08   31.9   0.0   175   591    33   106     7   118 0.62 -
TRINITY_DN6030_c0_g1_i2:207-443   -             79 2960at3041           -            606   1.6e-08   31.3   0.0   1   1   4.2e-10   1.8e-08   31.1   0.0   174   244     4    76     1    79 0.86 -
TRINITY_DN4130_c0_g1_i5:3-854     -            284 2960at3041           -            606   3.1e-08   30.4   0.1   1   1   8.7e-10   3.8e-08   30.1   0.1   174   590   151   224    98   237 0.64 -
TRINITY_DN582_c0_g1_i2:14-232     -             73 2960at3041           -            606   3.2e-08   30.3   0.0   1   1   7.3e-10   3.2e-08   30.3   0.0   174   234     1    63     1    73 0.88 -
TRINITY_DN4485_c0_g1_i4:457-672   -             72 2960at3041           -            606   6.1e-08   29.4   0.0   1   1   1.4e-09   6.1e-08   29.4   0.0   174   241     1    70     1    72 0.89 -
TRINITY_DN6081_c0_g5_i1:0-467     -            156 2960at3041           -            606   6.9e-08   29.2   0.3   1   1   2.2e-09   9.5e-08   28.8   0.2   171   248    16    97     3   111 0.70 -
TRINITY_DN43488_c0_g1_i1:2-241    -             80 2960at3041           -            606   9.8e-08   28.7   0.0   1   1   2.5e-09   1.1e-07   28.6   0.0   174   239     1    68     1    77 0.85 -
TRINITY_DN30632_c0_g1_i1:168-407  -             80 2960at3041           -            606   5.2e-07   26.3   0.0   1   1   1.3e-08   5.4e-07   26.3   0.0   174   245     1    77     1    80 0.79 -
TRINITY_DN42768_c0_g1_i1:574-795  -             74 2960at3041           -            606   7.2e-07   25.9   0.0   1   1   1.7e-08   7.2e-07   25.9   0.0   179   246     3    71     1    74 0.88 -
TRINITY_DN762_c0_g1_i2:2987-3265  -             93 2960at3041           -            606     1e-06   25.4   0.1   1   2    0.0028      0.12    8.6   0.0   172   208     9    47     3    50 0.74 -
TRINITY_DN762_c0_g1_i2:2987-3265  -             93 2960at3041           -            606     1e-06   25.4   0.1   2   2   3.5e-06   0.00015   18.2   0.0   467   511    42    86    37    91 0.92 -
TRINITY_DN762_c0_g1_i9:2987-3265  -             93 2960at3041           -            606     1e-06   25.4   0.1   1   2    0.0028      0.12    8.6   0.0   172   208     9    47     3    50 0.74 -
TRINITY_DN762_c0_g1_i9:2987-3265  -             93 2960at3041           -            606     1e-06   25.4   0.1   2   2   3.5e-06   0.00015   18.2   0.0   467   511    42    86    37    91 0.92 -
TRINITY_DN4481_c0_g1_i10:75-341   -             89 2960at3041           -            606     1e-06   25.4   0.0   1   1   2.5e-08   1.1e-06   25.3   0.0   188   243    22    78     3    87 0.77 -
TRINITY_DN4481_c0_g1_i26:75-341   -             89 2960at3041           -            606     1e-06   25.4   0.0   1   1   2.5e-08   1.1e-06   25.3   0.0   188   243    22    78     3    87 0.77 -
TRINITY_DN4481_c0_g1_i30:75-341   -             89 2960at3041           -            606     1e-06   25.4   0.0   1   1   2.5e-08   1.1e-06   25.3   0.0   188   243    22    78     3    87 0.77 -
TRINITY_DN4481_c0_g1_i46:75-341   -             89 2960at3041           -            606     1e-06   25.4   0.0   1   1   2.5e-08   1.1e-06   25.3   0.0   188   243    22    78     3    87 0.77 -
TRINITY_DN4481_c0_g1_i60:75-341   -             89 2960at3041           -            606     1e-06   25.4   0.0   1   1   2.5e-08   1.1e-06   25.3   0.0   188   243    22    78     3    87 0.77 -
TRINITY_DN4481_c0_g1_i62:75-341   -             89 2960at3041           -            606     1e-06   25.4   0.0   1   1   2.5e-08   1.1e-06   25.3   0.0   188   243    22    78     3    87 0.77 -
TRINITY_DN4481_c0_g1_i63:75-341   -             89 2960at3041           -            606     1e-06   25.4   0.0   1   1   2.5e-08   1.1e-06   25.3   0.0   188   243    22    78     3    87 0.77 -
TRINITY_DN4481_c0_g1_i73:75-341   -             89 2960at3041           -            606     1e-06   25.4   0.0   1   1   2.5e-08   1.1e-06   25.3   0.0   188   243    22    78     3    87 0.77 -
TRINITY_DN762_c0_g1_i3:2987-3277  -             97 2960at3041           -            606     1e-06   25.3   0.1   1   2    0.0032      0.14    8.4   0.0   172   208    13    51     3    53 0.74 -
TRINITY_DN762_c0_g1_i3:2987-3277  -             97 2960at3041           -            606     1e-06   25.3   0.1   2   2   3.6e-06   0.00015   18.2   0.0   467   511    46    90    40    95 0.91 -
TRINITY_DN511_c0_g1_i1:289-423    -             45 2960at3041           -            606   4.3e-06   23.3   0.0   1   1     1e-07   4.5e-06   23.2   0.0   178   218     2    44     1    45 0.95 -
TRINITY_DN1686_c0_g1_i2:1807-2001 -             65 2960at3041           -            606   4.3e-06   23.3   0.0   1   1     1e-07   4.4e-06   23.3   0.0   174   234     3    62     1    65 0.89 -
TRINITY_DN1686_c0_g1_i5:255-449   -             65 2960at3041           -            606   4.3e-06   23.3   0.0   1   1     1e-07   4.4e-06   23.3   0.0   174   234     3    62     1    65 0.89 -
TRINITY_DN1686_c0_g1_i6:1031-1225 -             65 2960at3041           -            606   4.3e-06   23.3   0.0   1   1     1e-07   4.4e-06   23.3   0.0   174   234     3    62     1    65 0.89 -
TRINITY_DN4405_c0_g1_i3:450-641   -             64 2960at3041           -            606   6.1e-06   22.8   0.1   1   1   1.4e-07   6.2e-06   22.8   0.1   173   230     2    62     1    64 0.86 -
TRINITY_DN4405_c0_g1_i4:450-641   -             64 2960at3041           -            606   6.1e-06   22.8   0.1   1   1   1.4e-07   6.2e-06   22.8   0.1   173   230     2    62     1    64 0.86 -
TRINITY_DN36635_c0_g1_i1:70-414   -            115 2960at3041           -            606     7e-06   22.6   0.0   1   1   1.7e-07   7.3e-06   22.5   0.0   174   229    57   114    35   115 0.84 -
TRINITY_DN4405_c0_g1_i3:108-395   -             96 2960at3041           -            606   7.5e-06   22.5   0.0   1   1   1.8e-07   7.9e-06   22.4   0.0   173   249    12    93     2    96 0.84 -
TRINITY_DN4405_c0_g1_i4:108-395   -             96 2960at3041           -            606   7.5e-06   22.5   0.0   1   1   1.8e-07   7.9e-06   22.4   0.0   173   249    12    93     2    96 0.84 -
TRINITY_DN36382_c0_g1_i1:6-170    -             55 2960at3041           -            606   1.1e-05   21.9   0.0   1   1   2.7e-07   1.1e-05   21.9   0.0   174   224     2    54     1    55 0.93 -
TRINITY_DN5390_c0_g1_i2:887-1057  -             57 2960at3041           -            606     2e-05   21.1   0.0   1   1   4.6e-07     2e-05   21.1   0.0   191   579    10    54     1    57 0.59 -
TRINITY_DN100_c0_g1_i11:1161-1334 -             58 2960at3041           -            606   2.8e-05   20.6   0.0   1   1   6.5e-07   2.8e-05   20.6   0.0   194   236    16    58     2    58 0.79 -
TRINITY_DN100_c0_g1_i22:1093-1266 -             58 2960at3041           -            606   2.8e-05   20.6   0.0   1   1   6.5e-07   2.8e-05   20.6   0.0   194   236    16    58     2    58 0.79 -
TRINITY_DN100_c0_g1_i23:1624-1797 -             58 2960at3041           -            606   2.8e-05   20.6   0.0   1   1   6.5e-07   2.8e-05   20.6   0.0   194   236    16    58     2    58 0.79 -
TRINITY_DN100_c0_g1_i2:1129-1302  -             58 2960at3041           -            606   2.8e-05   20.6   0.0   1   1   6.5e-07   2.8e-05   20.6   0.0   194   236    16    58     2    58 0.79 -
TRINITY_DN100_c0_g1_i37:1093-1266 -             58 2960at3041           -            606   2.8e-05   20.6   0.0   1   1   6.5e-07   2.8e-05   20.6   0.0   194   236    16    58     2    58 0.79 -
TRINITY_DN100_c0_g1_i58:1805-1978 -             58 2960at3041           -            606   2.8e-05   20.6   0.0   1   1   6.5e-07   2.8e-05   20.6   0.0   194   236    16    58     2    58 0.79 -
TRINITY_DN100_c0_g1_i5:1374-1547  -             58 2960at3041           -            606   2.8e-05   20.6   0.0   1   1   6.5e-07   2.8e-05   20.6   0.0   194   236    16    58     2    58 0.79 -
TRINITY_DN100_c0_g1_i64:1186-1359 -             58 2960at3041           -            606   2.8e-05   20.6   0.0   1   1   6.5e-07   2.8e-05   20.6   0.0   194   236    16    58     2    58 0.79 -
TRINITY_DN5390_c0_g1_i2:281-421   -             47 2960at3041           -            606   3.3e-05   20.4   0.0   1   1   8.1e-07   3.5e-05   20.3   0.0   174   218     1    47     1    47 0.68 -
TRINITY_DN960_c0_g1_i1:45-224     -             60 2960at3041           -            606   4.9e-05   19.8   0.0   1   1   1.2e-06   5.1e-05   19.7   0.0   353   404     2    56     1    60 0.57 -
TRINITY_DN960_c0_g1_i2:45-224     -             60 2960at3041           -            606   4.9e-05   19.8   0.0   1   1   1.2e-06   5.1e-05   19.7   0.0   353   404     2    56     1    60 0.57 -
TRINITY_DN18643_c0_g1_i1:24-1586  -            521 2960at3041           -            606   0.00011   18.7   0.0   1   1   3.3e-06   0.00014   18.3   0.0   517   590   340   413   331   424 0.82 -
TRINITY_DN762_c0_g1_i2:4016-4249  -             78 2960at3041           -            606    0.0011   15.3   0.0   1   1   2.6e-05    0.0011   15.3   0.0   184   230     2    50     1    75 0.79 -
TRINITY_DN762_c0_g1_i5:4151-4384  -             78 2960at3041           -            606    0.0011   15.3   0.0   1   1   2.6e-05    0.0011   15.3   0.0   184   230     2    50     1    75 0.79 -
TRINITY_DN762_c0_g1_i9:4016-4249  -             78 2960at3041           -            606    0.0011   15.3   0.0   1   1   2.6e-05    0.0011   15.3   0.0   184   230     2    50     1    75 0.79 -
TRINITY_DN97_c0_g2_i4:485-1024    -            180 2960at3041           -            606    0.0018   14.6   0.0   1   1   5.1e-05    0.0022   14.3   0.0   151   228    46   131    30   143 0.62 -
TRINITY_DN35053_c0_g1_i2:41-274   -             78 2960at3041           -            606    0.0037   13.6   0.0   1   1   9.3e-05     0.004   13.5   0.0   206   259     2    55     1    64 0.87 -
TRINITY_DN97_c0_g2_i12:104-1477   -            458 2960at3041           -            606    0.0066   12.8   0.0   1   1   0.00032     0.014   11.7   0.0   193   228    89   126    27   138 0.64 -
TRINITY_DN97_c0_g2_i9:104-1681    -            458 2960at3041           -            606    0.0066   12.8   0.0   1   1   0.00032     0.014   11.7   0.0   193   228    89   126    27   138 0.64 -
TRINITY_DN97_c0_g2_i11:88-1614    -            509 2960at3041           -            606    0.0081   12.5   0.0   1   1   0.00038     0.016   11.5   0.0   193   228    89   126    27   138 0.64 -
TRINITY_DN97_c0_g2_i5:109-2250    -            714 2960at3041           -            606     0.014   11.7   0.0   1   1   0.00064     0.027   10.7   0.0   193   228    89   126    27   137 0.65 -
TRINITY_DN1145_c0_g1_i1:368-586   -             73 2960at3041           -            606     0.042   10.1   0.0   1   1   0.00096     0.042   10.1   0.0   194   238    26    70     2    73 0.67 -
#
# Program:         hmmsearch
# Version:         3.2.1 (June 2018)
# Pipeline mode:   SEARCH
# Query file:      /sw/bioinfo/BUSCO/v5_lineage_sets/lineages/chlorophyta_odb10/hmms/2960at3041.hmm
# Target file:     /crex/proj/snic2022-23-81/expression_algae/code/busco/trinity_VA-3180-Osg11Mul/run_chlorophyta_odb10/metaeuk_output/initial_results/trinity_VA-3180-Osg11Mul.Trinity.fasta.modified.fas
# Option settings: hmmsearch --domtblout /crex/proj/snic2022-23-81/expression_algae/code/busco/trinity_VA-3180-Osg11Mul/run_chlorophyta_odb10/hmmer_output/initial_run_results/2960at3041.out --cpu 1 /sw/bioinfo/BUSCO/v5_lineage_sets/lineages/chlorophyta_odb10/hmms/2960at3041.hmm /crex/proj/snic2022-23-81/expression_algae/code/busco/trinity_VA-3180-Osg11Mul/run_chlorophyta_odb10/metaeuk_output/initial_results/trinity_VA-3180-Osg11Mul.Trinity.fasta.modified.fas 
# Current dir:     /crex/proj/snic2022-23-81/expression_algae/code/busco
# Date:            Fri Sep 23 10:12:18 2022
# [ok]
