#                                                                                         --- full sequence --- -------------- this domain -------------   hmm coord   ali coord   env coord
# target name                     accession   tlen query name           accession   qlen   E-value  score  bias   #  of  c-Evalue  i-Evalue  score  bias  from    to  from    to  from    to  acc description of target
#             ------------------- ---------- ----- -------------------- ---------- ----- --------- ------ ----- --- --- --------- --------- ------ ----- ----- ----- ----- ----- ----- ----- ---- ---------------------
TRINITY_DN10009_c0_g1_i1:73-813   -            247 3587at3041           -            224   1.8e-33  113.7   1.3   1   1   9.4e-35   2.4e-32  110.0   1.3     7   223    32   246    26   247 0.77 -
TRINITY_DN10009_c0_g1_i2:73-819   -            249 3587at3041           -            224   1.9e-33  113.7   1.3   1   1   9.7e-35   2.5e-32  110.0   1.3     7   223    34   248    28   249 0.77 -
TRINITY_DN3373_c0_g4_i7:247-1011  -            255 3587at3041           -            224   5.1e-25   86.1   4.0   1   1   2.6e-25   6.6e-23   79.2   4.0     5   185    29   199    26   255 0.85 -
TRINITY_DN227_c0_g2_i2:509-1621   -            371 3587at3041           -            224   1.3e-23   81.5   6.3   1   2   2.2e-07   5.7e-05   20.5   0.1     6    32    68    94    63   126 0.81 -
TRINITY_DN227_c0_g2_i2:509-1621   -            371 3587at3041           -            224   1.3e-23   81.5   6.3   2   2   5.4e-19   1.4e-16   58.5   2.7    28   223   153   369   131   370 0.69 -
TRINITY_DN13166_c0_g1_i1:329-1078 -            250 3587at3041           -            224   2.7e-21   73.9   0.2   1   1   1.7e-23   4.3e-21   73.2   0.2     3   185    17   197    15   246 0.85 -
TRINITY_DN2718_c0_g2_i4:2570-3145 -            192 3587at3041           -            224   1.5e-20   71.5   4.1   1   1   2.4e-20   6.2e-18   62.9   4.1    58   222    22   189     3   191 0.70 -
TRINITY_DN2718_c0_g2_i5:2534-3109 -            192 3587at3041           -            224   1.5e-20   71.5   4.1   1   1   2.4e-20   6.2e-18   62.9   4.1    58   222    22   189     3   191 0.70 -
TRINITY_DN1417_c0_g1_i2:182-1060  -            293 3587at3041           -            224   1.1e-19   68.7   0.3   1   3    0.0008       0.2    8.9   0.0     6    28    31    53    28    61 0.84 -
TRINITY_DN1417_c0_g1_i2:182-1060  -            293 3587at3041           -            224   1.1e-19   68.7   0.3   2   3       1.7   4.3e+02   -2.0   0.0   185   207   101   123    94   126 0.79 -
TRINITY_DN1417_c0_g1_i2:182-1060  -            293 3587at3041           -            224   1.1e-19   68.7   0.3   3   3   1.8e-18   4.6e-16   56.8   0.0    59   185   158   280   155   286 0.86 -
TRINITY_DN757_c0_g2_i2:936-1604   -            223 3587at3041           -            224   1.1e-13   49.0   0.1   1   1   1.3e-14   3.4e-12   44.1   0.1     6   221     2   220     1   223 0.65 -
TRINITY_DN757_c0_g2_i4:796-1464   -            223 3587at3041           -            224   1.1e-13   49.0   0.1   1   1   1.3e-14   3.4e-12   44.1   0.1     6   221     2   220     1   223 0.65 -
TRINITY_DN24107_c0_g1_i1:56-547   -            164 3587at3041           -            224   4.2e-05   21.0   0.1   1   1     7e-07   0.00018   18.9   0.1    75   220    21   163    17   164 0.72 -
TRINITY_DN640_c0_g1_i3:5-373      -            123 3587at3041           -            224    0.0015   15.9   0.0   1   2    0.0068       1.7    5.9   0.0    76   112     3    43     1    54 0.77 -
TRINITY_DN640_c0_g1_i3:5-373      -            123 3587at3041           -            224    0.0015   15.9   0.0   2   2    0.0012       0.3    8.3   0.0   153   185    80   118    74   122 0.83 -
TRINITY_DN640_c0_g1_i4:5-373      -            123 3587at3041           -            224    0.0015   15.9   0.0   1   2    0.0068       1.7    5.9   0.0    76   112     3    43     1    54 0.77 -
TRINITY_DN640_c0_g1_i4:5-373      -            123 3587at3041           -            224    0.0015   15.9   0.0   2   2    0.0012       0.3    8.3   0.0   153   185    80   118    74   122 0.83 -
TRINITY_DN640_c0_g1_i5:5-373      -            123 3587at3041           -            224    0.0015   15.9   0.0   1   2    0.0068       1.7    5.9   0.0    76   112     3    43     1    54 0.77 -
TRINITY_DN640_c0_g1_i5:5-373      -            123 3587at3041           -            224    0.0015   15.9   0.0   2   2    0.0012       0.3    8.3   0.0   153   185    80   118    74   122 0.83 -
#
# Program:         hmmsearch
# Version:         3.2.1 (June 2018)
# Pipeline mode:   SEARCH
# Query file:      /sw/bioinfo/BUSCO/v5_lineage_sets/lineages/chlorophyta_odb10/hmms/3587at3041.hmm
# Target file:     /crex/proj/snic2022-23-81/expression_algae/code/busco/trinity_VA-3180-Osg11Mul/run_chlorophyta_odb10/metaeuk_output/initial_results/trinity_VA-3180-Osg11Mul.Trinity.fasta.modified.fas
# Option settings: hmmsearch --domtblout /crex/proj/snic2022-23-81/expression_algae/code/busco/trinity_VA-3180-Osg11Mul/run_chlorophyta_odb10/hmmer_output/initial_run_results/3587at3041.out --cpu 1 /sw/bioinfo/BUSCO/v5_lineage_sets/lineages/chlorophyta_odb10/hmms/3587at3041.hmm /crex/proj/snic2022-23-81/expression_algae/code/busco/trinity_VA-3180-Osg11Mul/run_chlorophyta_odb10/metaeuk_output/initial_results/trinity_VA-3180-Osg11Mul.Trinity.fasta.modified.fas 
# Current dir:     /crex/proj/snic2022-23-81/expression_algae/code/busco
# Date:            Fri Sep 23 10:12:19 2022
# [ok]
