#                                                                                         --- full sequence --- -------------- this domain -------------   hmm coord   ali coord   env coord
# target name                     accession   tlen query name           accession   qlen   E-value  score  bias   #  of  c-Evalue  i-Evalue  score  bias  from    to  from    to  from    to  acc description of target
#             ------------------- ---------- ----- -------------------- ---------- ----- --------- ------ ----- --- --- --------- --------- ------ ----- ----- ----- ----- ----- ----- ----- ---- ---------------------
TRINITY_DN2344_c0_g1_i4:145-1002  -            286 3885at3041           -            233   2.9e-39  132.4   2.4   1   3    0.0007       0.1    9.5   0.1     4    35     3    34     1    48 0.88 -
TRINITY_DN2344_c0_g1_i4:145-1002  -            286 3885at3041           -            233   2.9e-39  132.4   2.4   2   3   3.6e-05    0.0054   13.7   0.0   193   226    51    84    44    91 0.86 -
TRINITY_DN2344_c0_g1_i4:145-1002  -            286 3885at3041           -            233   2.9e-39  132.4   2.4   3   3   3.4e-34   5.1e-32  108.7   0.2    61   232    85   274    79   275 0.82 -
TRINITY_DN2344_c0_g1_i1:592-1281  -            230 3885at3041           -            233   1.7e-35  120.1   0.3   1   2   0.00054     0.081    9.9   0.0   199   226     1    28     1    37 0.88 -
TRINITY_DN2344_c0_g1_i1:592-1281  -            230 3885at3041           -            233   1.7e-35  120.1   0.3   2   2   2.3e-34   3.4e-32  109.3   0.2    66   232    34   218    25   219 0.83 -
TRINITY_DN24628_c0_g1_i2:48-1154  -            369 3885at3041           -            233     1e-34  117.5   2.8   1   2   2.2e-10   3.2e-08   30.8   0.2     3    75   106   178   104   185 0.88 -
TRINITY_DN24628_c0_g1_i2:48-1154  -            369 3885at3041           -            233     1e-34  117.5   2.8   2   2   1.1e-26   1.6e-24   84.2   0.2     3   157   194   365   192   369 0.80 -
TRINITY_DN24628_c0_g1_i3:48-1154  -            369 3885at3041           -            233     1e-34  117.5   2.8   1   2   2.2e-10   3.2e-08   30.8   0.2     3    75   106   178   104   185 0.88 -
TRINITY_DN24628_c0_g1_i3:48-1154  -            369 3885at3041           -            233     1e-34  117.5   2.8   2   2   1.1e-26   1.6e-24   84.2   0.2     3   157   194   365   192   369 0.80 -
TRINITY_DN1677_c0_g1_i1:874-1881  -            336 3885at3041           -            233   8.3e-30  101.4   0.6   1   2   2.2e-20   3.3e-18   63.5   0.6     3   190     3   217     1   225 0.77 -
TRINITY_DN1677_c0_g1_i1:874-1881  -            336 3885at3041           -            233   8.3e-30  101.4   0.6   2   2   6.3e-11   9.5e-09   32.5   0.0   189   231   285   327   268   329 0.89 -
TRINITY_DN1694_c0_g1_i4:52-897    -            282 3885at3041           -            233   1.5e-25   87.5   2.8   1   2   1.9e-07   2.8e-05   21.2   0.0     5    60     4    62     1    70 0.71 -
TRINITY_DN1694_c0_g1_i4:52-897    -            282 3885at3041           -            233   1.5e-25   87.5   2.8   2   2     2e-19   2.9e-17   60.4   0.8     3   151    99   270    96   278 0.76 -
TRINITY_DN18394_c0_g1_i1:40-996   -            319 3885at3041           -            233   6.5e-23   78.9   9.2   1   2   3.1e-14   4.7e-12   43.4   3.8     5   168    11   202     7   231 0.73 -
TRINITY_DN18394_c0_g1_i1:40-996   -            319 3885at3041           -            233   6.5e-23   78.9   9.2   2   2   3.8e-12   5.7e-10   36.5   0.2     3    69   241   308   239   318 0.88 -
TRINITY_DN3197_c0_g3_i1:101-997   -            299 3885at3041           -            233   9.7e-22   75.0   0.5   1   1   1.7e-22   2.5e-20   70.4   0.5     3   228    17   287    15   292 0.75 -
TRINITY_DN8206_c0_g1_i1:434-937   -            168 3885at3041           -            233   5.2e-20   69.4   0.2   1   1   1.4e-21   2.1e-19   67.4   0.2     4   139     8   166     5   168 0.80 -
TRINITY_DN5507_c0_g1_i2:2-811     -            270 3885at3041           -            233   1.7e-19   67.7   1.3   1   2   5.9e-17   8.8e-15   52.3   1.3     4   144     3   187     1   200 0.79 -
TRINITY_DN5507_c0_g1_i2:2-811     -            270 3885at3041           -            233   1.7e-19   67.7   1.3   2   2     0.088        13    2.6   0.0     3    36   222   260   220   270 0.68 -
TRINITY_DN32077_c0_g1_i1:3-470    -            156 3885at3041           -            233   7.4e-18   62.3   0.1   1   2   4.2e-16   6.3e-14   49.5   0.0    75   160    15   106     7   114 0.88 -
TRINITY_DN32077_c0_g1_i1:3-470    -            156 3885at3041           -            233   7.4e-18   62.3   0.1   2   2   0.00025     0.038   10.9   0.0     5    34   124   153   118   155 0.91 -
TRINITY_DN315_c0_g1_i2:117-1293   -            306 3885at3041           -            233   4.4e-17   59.8   0.7   1   5      0.47        70    0.3   0.0     3    31    10    38     8    48 0.90 -
TRINITY_DN315_c0_g1_i2:117-1293   -            306 3885at3041           -            233   4.4e-17   59.8   0.7   2   5   0.00017     0.026   11.5   0.0   192   228    55    91    43    96 0.86 -
TRINITY_DN315_c0_g1_i2:117-1293   -            306 3885at3041           -            233   4.4e-17   59.8   0.7   3   5     0.058       8.7    3.2   0.0     2    29   113   140   112   148 0.88 -
TRINITY_DN315_c0_g1_i2:117-1293   -            306 3885at3041           -            233   4.4e-17   59.8   0.7   4   5   2.6e-07   3.8e-05   20.7   0.0   110   188   153   240   150   248 0.76 -
TRINITY_DN315_c0_g1_i2:117-1293   -            306 3885at3041           -            233   4.4e-17   59.8   0.7   5   5     2e-06    0.0003   17.8   0.1   110   157   248   295   241   303 0.92 -
TRINITY_DN315_c0_g1_i4:117-1034   -            306 3885at3041           -            233   4.4e-17   59.8   0.7   1   5      0.47        70    0.3   0.0     3    31    10    38     8    48 0.90 -
TRINITY_DN315_c0_g1_i4:117-1034   -            306 3885at3041           -            233   4.4e-17   59.8   0.7   2   5   0.00017     0.026   11.5   0.0   192   228    55    91    43    96 0.86 -
TRINITY_DN315_c0_g1_i4:117-1034   -            306 3885at3041           -            233   4.4e-17   59.8   0.7   3   5     0.058       8.7    3.2   0.0     2    29   113   140   112   148 0.88 -
TRINITY_DN315_c0_g1_i4:117-1034   -            306 3885at3041           -            233   4.4e-17   59.8   0.7   4   5   2.6e-07   3.8e-05   20.7   0.0   110   188   153   240   150   248 0.76 -
TRINITY_DN315_c0_g1_i4:117-1034   -            306 3885at3041           -            233   4.4e-17   59.8   0.7   5   5     2e-06    0.0003   17.8   0.1   110   157   248   295   241   303 0.92 -
TRINITY_DN40348_c0_g1_i1:721-1755 -            345 3885at3041           -            233   6.5e-17   59.3   0.6   1   2   2.9e-13   4.4e-11   40.2   0.0    86   231    60   232    32   234 0.76 -
TRINITY_DN40348_c0_g1_i1:721-1755 -            345 3885at3041           -            233   6.5e-17   59.3   0.6   2   2   8.8e-06    0.0013   15.7   0.1     3    68   258   325   256   334 0.85 -
TRINITY_DN315_c0_g1_i6:232-1400   -            298 3885at3041           -            233   8.5e-17   58.9   0.7   1   5      0.55        83    0.0   0.0     3    31     2    30     1    39 0.90 -
TRINITY_DN315_c0_g1_i6:232-1400   -            298 3885at3041           -            233   8.5e-17   58.9   0.7   2   5    0.0002      0.03   11.3   0.0   192   228    47    83    43    88 0.88 -
TRINITY_DN315_c0_g1_i6:232-1400   -            298 3885at3041           -            233   8.5e-17   58.9   0.7   3   5      0.12        18    2.2   0.0     3    29   106   132   104   140 0.87 -
TRINITY_DN315_c0_g1_i6:232-1400   -            298 3885at3041           -            233   8.5e-17   58.9   0.7   4   5   2.4e-07   3.6e-05   20.8   0.0   110   188   145   232   142   240 0.76 -
TRINITY_DN315_c0_g1_i6:232-1400   -            298 3885at3041           -            233   8.5e-17   58.9   0.7   5   5   1.9e-06   0.00029   17.9   0.1   110   157   240   287   233   295 0.92 -
TRINITY_DN36443_c0_g1_i1:149-805  -            219 3885at3041           -            233   1.2e-15   55.1   3.1   1   2   7.5e-10   1.1e-07   29.0   0.4    50   158     1   120     1   131 0.81 -
TRINITY_DN36443_c0_g1_i1:149-805  -            219 3885at3041           -            233   1.2e-15   55.1   3.1   2   2   3.2e-09   4.9e-07   26.9   0.1     4    73   136   210   133   218 0.82 -
TRINITY_DN8206_c0_g1_i2:77-541    -            155 3885at3041           -            233   2.3e-14   50.9   0.2   1   2   6.9e-07    0.0001   19.3   0.0   107   137    24    54    17    77 0.84 -
TRINITY_DN8206_c0_g1_i2:77-541    -            155 3885at3041           -            233   2.3e-14   50.9   0.2   2   2   1.5e-09   2.3e-07   28.0   0.0     2    58    88   154    87   155 0.74 -
TRINITY_DN24842_c0_g1_i2:31-516   -            162 3885at3041           -            233   9.5e-11   39.1   0.3   1   1   9.3e-11   1.4e-08   32.0   0.3   122   232     2   136     1   137 0.77 -
TRINITY_DN2680_c0_g1_i2:41-850    -            270 3885at3041           -            233   2.4e-10   37.7   1.0   1   3      0.34        50    0.7   0.0     2    28    13    39    12    42 0.88 -
TRINITY_DN2680_c0_g1_i2:41-850    -            270 3885at3041           -            233   2.4e-10   37.7   1.0   2   3      0.54        80    0.1   0.0   206   223    51    68    46    74 0.85 -
TRINITY_DN2680_c0_g1_i2:41-850    -            270 3885at3041           -            233   2.4e-10   37.7   1.0   3   3   8.2e-11   1.2e-08   32.2   0.1     6   141    97   247    93   255 0.79 -
TRINITY_DN2542_c0_g1_i1:323-877   -            185 3885at3041           -            233   6.8e-10   36.3   0.4   1   3   0.00038     0.057   10.4   0.0   191   230    29    68     2    75 0.79 -
TRINITY_DN2542_c0_g1_i1:323-877   -            185 3885at3041           -            233   6.8e-10   36.3   0.4   2   3   5.6e-06   0.00084   16.4   0.4     4    56    98   162    95   162 0.72 -
TRINITY_DN2542_c0_g1_i1:323-877   -            185 3885at3041           -            233   6.8e-10   36.3   0.4   3   3   0.00017     0.026   11.5   0.1   193   224   143   174   135   183 0.84 -
TRINITY_DN35887_c0_g1_i1:130-255  -             42 3885at3041           -            233   9.8e-09   32.5   0.0   1   1   6.6e-11   9.8e-09   32.5   0.0   193   230     4    41     1    42 0.93 -
TRINITY_DN13530_c0_g1_i1:2-226    -             75 3885at3041           -            233   6.1e-07   26.6   0.2   1   2   4.1e-05    0.0061   13.5   0.0   129   160     1    33     1    44 0.81 -
TRINITY_DN13530_c0_g1_i1:2-226    -             75 3885at3041           -            233   6.1e-07   26.6   0.2   2   2   0.00014     0.021   11.8   0.1     4    30    49    75    46    75 0.91 -
TRINITY_DN1412_c0_g1_i1:158-295   -             46 3885at3041           -            233   1.4e-06   25.5   0.0   1   1   9.8e-09   1.5e-06   25.4   0.0   194   229    11    46     5    46 0.93 -
TRINITY_DN4160_c0_g1_i1:100-234   -             45 3885at3041           -            233   4.6e-06   23.7   0.0   1   1   3.2e-08   4.7e-06   23.7   0.0   193   232     3    42     1    43 0.93 -
#
# Program:         hmmsearch
# Version:         3.2.1 (June 2018)
# Pipeline mode:   SEARCH
# Query file:      /sw/bioinfo/BUSCO/v5_lineage_sets/lineages/chlorophyta_odb10/hmms/3885at3041.hmm
# Target file:     /crex/proj/snic2022-23-81/expression_algae/code/busco/trinity_VA-3180-Osg11Mul/run_chlorophyta_odb10/metaeuk_output/initial_results/trinity_VA-3180-Osg11Mul.Trinity.fasta.modified.fas
# Option settings: hmmsearch --domtblout /crex/proj/snic2022-23-81/expression_algae/code/busco/trinity_VA-3180-Osg11Mul/run_chlorophyta_odb10/hmmer_output/initial_run_results/3885at3041.out --cpu 1 /sw/bioinfo/BUSCO/v5_lineage_sets/lineages/chlorophyta_odb10/hmms/3885at3041.hmm /crex/proj/snic2022-23-81/expression_algae/code/busco/trinity_VA-3180-Osg11Mul/run_chlorophyta_odb10/metaeuk_output/initial_results/trinity_VA-3180-Osg11Mul.Trinity.fasta.modified.fas 
# Current dir:     /crex/proj/snic2022-23-81/expression_algae/code/busco
# Date:            Fri Sep 23 10:12:19 2022
# [ok]
