#                                                                                         --- full sequence --- -------------- this domain -------------   hmm coord   ali coord   env coord
# target name                     accession   tlen query name           accession   qlen   E-value  score  bias   #  of  c-Evalue  i-Evalue  score  bias  from    to  from    to  from    to  acc description of target
#             ------------------- ---------- ----- -------------------- ---------- ----- --------- ------ ----- --- --- --------- --------- ------ ----- ----- ----- ----- ----- ----- ----- ---- ---------------------
TRINITY_DN5648_c0_g1_i1:407-1045  -            213 4012at3041           -            173  5.8e-107  352.6   0.5   1   1  9.5e-109  9.2e-107  352.0   0.5     1   173     4   190     4   190 0.96 -
TRINITY_DN5648_c0_g1_i3:35-508    -            158 4012at3041           -            173   7.4e-98  323.0   0.1   1   1  8.6e-100   8.3e-98  322.8   0.1     1   151     4   158     4   158 0.98 -
TRINITY_DN2293_c0_g1_i2:152-799   -            216 4012at3041           -            173   5.3e-56  186.7   0.8   1   1   7.1e-58   6.9e-56  186.3   0.8     2   155    11   168    10   179 0.95 -
TRINITY_DN1441_c0_g1_i1:851-1459  -            203 4012at3041           -            173   2.5e-55  184.5   0.2   1   1     3e-57   2.9e-55  184.3   0.2     2   158     7   167     6   182 0.94 -
TRINITY_DN1441_c0_g1_i2:970-1578  -            203 4012at3041           -            173   2.5e-55  184.5   0.2   1   1     3e-57   2.9e-55  184.3   0.2     2   158     7   167     6   182 0.94 -
TRINITY_DN2293_c0_g1_i1:152-879   -            213 4012at3041           -            173   1.2e-52  175.8   0.6   1   1   1.5e-54   1.5e-52  175.5   0.6     2   155    11   165    10   176 0.94 -
TRINITY_DN36075_c0_g1_i1:95-652   -            186 4012at3041           -            173   7.3e-49  163.4   0.2   1   1   8.3e-51     8e-49  163.3   0.2     2   155     3   162     2   185 0.90 -
TRINITY_DN1441_c0_g1_i3:238-800   -            137 4012at3041           -            173   4.7e-45  151.0   0.6   1   1   5.5e-47   5.3e-45  150.9   0.6     2   120     7   126     6   136 0.95 -
TRINITY_DN2583_c0_g1_i2:124-729   -            202 4012at3041           -            173   1.4e-41  139.7   0.0   1   1   1.9e-43   1.9e-41  139.3   0.0     5   158    15   170    12   178 0.95 -
TRINITY_DN2388_c0_g1_i1:21-647    -            209 4012at3041           -            173   1.6e-40  136.3   0.5   1   1     2e-42     2e-40  136.0   0.5     4   157    10   167     7   178 0.93 -
TRINITY_DN2388_c0_g1_i2:21-837    -            209 4012at3041           -            173   9.5e-39  130.5   0.4   1   1   1.2e-40   1.2e-38  130.2   0.4     4   157    10   167     7   178 0.93 -
TRINITY_DN819_c0_g1_i5:610-1095   -            162 4012at3041           -            173   6.4e-37  124.6   0.1   1   1   7.7e-39   7.5e-37  124.3   0.1     5   156     1   158     1   161 0.94 -
TRINITY_DN15201_c0_g1_i1:269-886  -            206 4012at3041           -            173   6.3e-36  121.3   0.0   1   1     8e-38   7.8e-36  121.0   0.0     3   165     8   181     6   185 0.90 -
TRINITY_DN29653_c0_g1_i1:1-252    -             84 4012at3041           -            173     2e-32  109.9   0.8   1   1   2.2e-34   2.1e-32  109.8   0.8     5    85     2    83     1    84 0.96 -
TRINITY_DN2040_c0_g1_i1:164-679   -            172 4012at3041           -            173   1.7e-31  106.9   0.0   1   1   2.1e-33   2.1e-31  106.6   0.0     4   153    14   166    10   171 0.94 -
TRINITY_DN256_c0_g1_i2:232-807    -            192 4012at3041           -            173   8.2e-29   98.2   0.9   1   1   1.1e-30   1.1e-28   97.8   0.9     4   162    10   173     8   179 0.89 -
TRINITY_DN8349_c0_g1_i2:7-294     -             96 4012at3041           -            173   1.3e-26   91.0   0.0   1   1   1.5e-28   1.4e-26   90.9   0.0    55   145     1    96     1    96 0.91 -
TRINITY_DN519_c0_g1_i1:877-1542   -            222 4012at3041           -            173   1.4e-24   84.3   0.0   1   1     2e-26   1.9e-24   83.9   0.0     4   158    15   170    13   176 0.91 -
TRINITY_DN519_c0_g1_i2:877-1695   -            222 4012at3041           -            173   1.4e-24   84.3   0.0   1   1     2e-26   1.9e-24   83.9   0.0     4   158    15   170    13   176 0.91 -
TRINITY_DN2040_c0_g1_i2:367-771   -            135 4012at3041           -            173   1.9e-23   80.7   0.0   1   1   2.1e-25     2e-23   80.6   0.0    24   151     3   133     1   135 0.92 -
TRINITY_DN42066_c0_g1_i1:194-643  -            150 4012at3041           -            173     3e-23   80.1   0.0   1   1   3.5e-25   3.4e-23   79.9   0.0     5   153     1   150     1   150 0.88 -
TRINITY_DN8359_c0_g1_i2:313-810   -            166 4012at3041           -            173   6.6e-20   69.2   0.0   1   1   7.5e-22   7.3e-20   69.0   0.0     5   156     1   165     1   166 0.87 -
TRINITY_DN2283_c0_g1_i1:12-530    -            173 4012at3041           -            173   2.1e-06   25.2   0.0   1   1   2.9e-08   2.8e-06   24.8   0.0     4   124    18   135    16   148 0.77 -
TRINITY_DN35747_c0_g1_i1:311-811  -            167 4012at3041           -            173   3.2e-06   24.6   0.0   1   1   4.1e-08   3.9e-06   24.3   0.0    48   124    46   123     5   131 0.77 -
TRINITY_DN10859_c0_g1_i2:5-367    -            121 4012at3041           -            173     7e-06   23.5   0.0   1   1   7.6e-08   7.4e-06   23.4   0.0    49   117    50   119     2   121 0.71 -
TRINITY_DN2283_c0_g1_i2:12-464    -            151 4012at3041           -            173   1.1e-05   22.8   0.0   1   1   1.4e-07   1.3e-05   22.6   0.0    44   124    33   113     4   126 0.77 -
TRINITY_DN13187_c0_g1_i1:233-775  -            181 4012at3041           -            173   4.3e-05   20.9   0.0   1   1   5.3e-07   5.1e-05   20.7   0.0    41    87    51    96    17   129 0.80 -
TRINITY_DN2283_c0_g1_i3:120-437   -            106 4012at3041           -            173   4.7e-05   20.8   0.0   1   1   4.9e-07   4.7e-05   20.8   0.0    43    89    32    77     2   103 0.81 -
TRINITY_DN293_c0_g1_i6:163-627    -            155 4012at3041           -            173   5.7e-05   20.5   0.0   1   1   6.7e-07   6.5e-05   20.3   0.0    44   118    55   129    16   147 0.71 -
TRINITY_DN293_c0_g1_i8:163-724    -            155 4012at3041           -            173   5.7e-05   20.5   0.0   1   1   6.7e-07   6.5e-05   20.3   0.0    44   118    55   129    16   147 0.71 -
TRINITY_DN293_c0_g1_i9:163-705    -            181 4012at3041           -            173   7.8e-05   20.1   0.0   1   1   9.5e-07   9.2e-05   19.8   0.0    45   118    56   129    16   150 0.72 -
TRINITY_DN293_c0_g1_i2:285-827    -            159 4012at3041           -            173   9.7e-05   19.8   0.0   1   1   1.1e-06   0.00011   19.6   0.0    48   118    36   107     9   129 0.78 -
TRINITY_DN293_c0_g1_i3:285-761    -            159 4012at3041           -            173   9.7e-05   19.8   0.0   1   1   1.1e-06   0.00011   19.6   0.0    48   118    36   107     9   129 0.78 -
TRINITY_DN2431_c0_g1_i1:100-627   -            176 4012at3041           -            173   9.8e-05   19.8   0.0   1   1   1.2e-06   0.00012   19.5   0.0    46   119    54   129    17   147 0.70 -
TRINITY_DN2431_c0_g1_i2:305-854   -            160 4012at3041           -            173    0.0001   19.7   0.0   1   1   1.3e-06   0.00013   19.4   0.0    50   119    43   113     3   131 0.74 -
TRINITY_DN10859_c0_g1_i1:145-423  -             93 4012at3041           -            173   0.00014   19.3   0.0   1   1   1.6e-06   0.00015   19.1   0.0    49    91    50    92     2    93 0.71 -
TRINITY_DN42085_c0_g1_i1:741-1292 -            184 4012at3041           -            173   0.00022   18.6   0.0   1   1   2.6e-06   0.00025   18.4   0.0    48    92    57   101    15   153 0.70 -
#
# Program:         hmmsearch
# Version:         3.2.1 (June 2018)
# Pipeline mode:   SEARCH
# Query file:      /sw/bioinfo/BUSCO/v5_lineage_sets/lineages/chlorophyta_odb10/hmms/4012at3041.hmm
# Target file:     /crex/proj/snic2022-23-81/expression_algae/code/busco/trinity_VA-3180-Osg11Mul/run_chlorophyta_odb10/metaeuk_output/initial_results/trinity_VA-3180-Osg11Mul.Trinity.fasta.modified.fas
# Option settings: hmmsearch --domtblout /crex/proj/snic2022-23-81/expression_algae/code/busco/trinity_VA-3180-Osg11Mul/run_chlorophyta_odb10/hmmer_output/initial_run_results/4012at3041.out --cpu 1 /sw/bioinfo/BUSCO/v5_lineage_sets/lineages/chlorophyta_odb10/hmms/4012at3041.hmm /crex/proj/snic2022-23-81/expression_algae/code/busco/trinity_VA-3180-Osg11Mul/run_chlorophyta_odb10/metaeuk_output/initial_results/trinity_VA-3180-Osg11Mul.Trinity.fasta.modified.fas 
# Current dir:     /crex/proj/snic2022-23-81/expression_algae/code/busco
# Date:            Fri Sep 23 10:12:25 2022
# [ok]
