#                                                                                        --- full sequence --- -------------- this domain -------------   hmm coord   ali coord   env coord
# target name                    accession   tlen query name           accession   qlen   E-value  score  bias   #  of  c-Evalue  i-Evalue  score  bias  from    to  from    to  from    to  acc description of target
#            ------------------- ---------- ----- -------------------- ---------- ----- --------- ------ ----- --- --- --------- --------- ------ ----- ----- ----- ----- ----- ----- ----- ---- ---------------------
TRINITY_DN2711_c0_g1_i2:59-2197  -            713 406at3041            -            562         0 1039.2   1.7   1   2  4.4e-170  2.7e-167  555.1   0.7     1   272    56   343    56   354 0.96 -
TRINITY_DN2711_c0_g1_i2:59-2197  -            713 406at3041            -            562         0 1039.2   1.7   2   2  2.5e-148  1.5e-145  483.3   0.0   262   562   357   700   345   700 0.90 -
TRINITY_DN2711_c0_g1_i1:383-1696 -            438 406at3041            -            562  1.9e-175  582.0   0.2   1   2   1.1e-30   6.9e-28   94.9   0.0   213   272     8    68     3    73 0.94 -
TRINITY_DN2711_c0_g1_i1:383-1696 -            438 406at3041            -            562  1.9e-175  582.0   0.2   2   2  6.4e-149  3.8e-146  485.3   0.0   262   562    82   425    71   425 0.90 -
TRINITY_DN190_c0_g1_i1:157-2274  -            706 406at3041            -            562   1.8e-08   30.8   1.1   1   2    0.0011      0.66    5.9   0.0   133   173   191   231   161   251 0.88 -
TRINITY_DN190_c0_g1_i1:157-2274  -            706 406at3041            -            562   1.8e-08   30.8   1.1   2   2   6.6e-09   3.9e-06   23.1   0.2   340   464   413   538   403   602 0.82 -
TRINITY_DN190_c0_g1_i3:157-2274  -            706 406at3041            -            562   1.8e-08   30.8   1.1   1   2    0.0011      0.66    5.9   0.0   133   173   191   231   161   251 0.88 -
TRINITY_DN190_c0_g1_i3:157-2274  -            706 406at3041            -            562   1.8e-08   30.8   1.1   2   2   6.6e-09   3.9e-06   23.1   0.2   340   464   413   538   403   602 0.82 -
TRINITY_DN190_c0_g1_i5:157-2274  -            706 406at3041            -            562   1.8e-08   30.8   1.1   1   2    0.0011      0.66    5.9   0.0   133   173   191   231   161   251 0.88 -
TRINITY_DN190_c0_g1_i5:157-2274  -            706 406at3041            -            562   1.8e-08   30.8   1.1   2   2   6.6e-09   3.9e-06   23.1   0.2   340   464   413   538   403   602 0.82 -
TRINITY_DN190_c0_g1_i2:157-2256  -            700 406at3041            -            562     2e-08   30.7   1.2   1   2    0.0011      0.65    5.9   0.0   133   173   185   225   155   245 0.88 -
TRINITY_DN190_c0_g1_i2:157-2256  -            700 406at3041            -            562     2e-08   30.7   1.2   2   2   6.4e-09   3.8e-06   23.1   0.2   340   464   407   532   396   596 0.82 -
#
# Program:         hmmsearch
# Version:         3.2.1 (June 2018)
# Pipeline mode:   SEARCH
# Query file:      /sw/bioinfo/BUSCO/v5_lineage_sets/lineages/chlorophyta_odb10/hmms/406at3041.hmm
# Target file:     /crex/proj/snic2022-23-81/expression_algae/code/busco/trinity_VA-3180-Osg11Mul/run_chlorophyta_odb10/metaeuk_output/initial_results/trinity_VA-3180-Osg11Mul.Trinity.fasta.modified.fas
# Option settings: hmmsearch --domtblout /crex/proj/snic2022-23-81/expression_algae/code/busco/trinity_VA-3180-Osg11Mul/run_chlorophyta_odb10/hmmer_output/initial_run_results/406at3041.out --cpu 1 /sw/bioinfo/BUSCO/v5_lineage_sets/lineages/chlorophyta_odb10/hmms/406at3041.hmm /crex/proj/snic2022-23-81/expression_algae/code/busco/trinity_VA-3180-Osg11Mul/run_chlorophyta_odb10/metaeuk_output/initial_results/trinity_VA-3180-Osg11Mul.Trinity.fasta.modified.fas 
# Current dir:     /crex/proj/snic2022-23-81/expression_algae/code/busco
# Date:            Fri Sep 23 10:12:20 2022
# [ok]
