#                                                                                         --- full sequence --- -------------- this domain -------------   hmm coord   ali coord   env coord
# target name                     accession   tlen query name           accession   qlen   E-value  score  bias   #  of  c-Evalue  i-Evalue  score  bias  from    to  from    to  from    to  acc description of target
#             ------------------- ---------- ----- -------------------- ---------- ----- --------- ------ ----- --- --- --------- --------- ------ ----- ----- ----- ----- ----- ----- ----- ---- ---------------------
TRINITY_DN12166_c0_g1_i2:8-790    -            261 4072at3041           -            194    7e-116  382.3   1.0   1   1  2.5e-117  1.1e-115  381.6   1.0     1   186    26   216    26   235 0.94 -
TRINITY_DN12166_c0_g1_i1:50-697   -            216 4072at3041           -            194  1.2e-108  358.7   1.3   1   1  3.1e-110  1.3e-108  358.5   1.3     1   181    26   211    26   216 0.95 -
TRINITY_DN374_c0_g1_i2:230-727    -            166 4072at3041           -            194   1.5e-33  113.7   0.1   1   1   3.7e-35   1.6e-33  113.6   0.1     5   158     2   161     1   166 0.89 -
TRINITY_DN8055_c0_g1_i1:86-610    -            175 4072at3041           -            194     1e-15   55.5   0.0   1   2   4.7e-07     2e-05   21.9   0.0    92   161     1    68     1    84 0.86 -
TRINITY_DN8055_c0_g1_i1:86-610    -            175 4072at3041           -            194     1e-15   55.5   0.0   2   2   4.2e-10   1.8e-08   31.8   0.0    89   163    99   172    94   174 0.94 -
TRINITY_DN8055_c0_g1_i3:86-610    -            175 4072at3041           -            194     1e-15   55.5   0.0   1   2   4.7e-07     2e-05   21.9   0.0    92   161     1    68     1    84 0.86 -
TRINITY_DN8055_c0_g1_i3:86-610    -            175 4072at3041           -            194     1e-15   55.5   0.0   2   2   4.2e-10   1.8e-08   31.8   0.0    89   163    99   172    94   174 0.94 -
TRINITY_DN29508_c0_g1_i1:158-562  -            135 4072at3041           -            194   3.7e-15   53.6   0.0   1   1   1.1e-16   4.7e-15   53.3   0.0     3    87    15    99    13   103 0.95 -
TRINITY_DN7365_c0_g1_i1:230-430   -             67 4072at3041           -            194     4e-14   50.3   0.0   1   1   9.6e-16   4.2e-14   50.2   0.0    91   156     1    65     1    67 0.95 -
TRINITY_DN94_c0_g1_i2:3398-4060   -            221 4072at3041           -            194   5.7e-14   49.7   0.0   1   2   6.8e-12   2.9e-10   37.6   0.0    86   167    15    95     4   115 0.87 -
TRINITY_DN94_c0_g1_i2:3398-4060   -            221 4072at3041           -            194   5.7e-14   49.7   0.0   2   2    0.0015     0.066   10.4   0.0   105   157   165   215   140   221 0.74 -
TRINITY_DN94_c0_g1_i3:3566-4228   -            221 4072at3041           -            194   5.7e-14   49.7   0.0   1   2   6.8e-12   2.9e-10   37.6   0.0    86   167    15    95     4   115 0.87 -
TRINITY_DN94_c0_g1_i3:3566-4228   -            221 4072at3041           -            194   5.7e-14   49.7   0.0   2   2    0.0015     0.066   10.4   0.0   105   157   165   215   140   221 0.74 -
TRINITY_DN13813_c0_g1_i2:453-671  -             73 4072at3041           -            194   4.4e-13   46.9   0.0   1   1   1.1e-14   4.7e-13   46.8   0.0     9    80     1    72     1    73 0.98 -
TRINITY_DN41327_c0_g1_i1:28-348   -            107 4072at3041           -            194   2.7e-12   44.3   0.1   1   1   7.5e-14   3.2e-12   44.0   0.1    90   160    27    96    22   104 0.93 -
TRINITY_DN5390_c0_g1_i3:281-802   -            174 4072at3041           -            194   8.1e-12   42.7   0.0   1   2   9.6e-07   4.1e-05   20.8   0.0    91   155     1    64     1    80 0.88 -
TRINITY_DN5390_c0_g1_i3:281-802   -            174 4072at3041           -            194   8.1e-12   42.7   0.0   2   2   1.5e-06   6.6e-05   20.2   0.0    91   158    96   162    75   169 0.85 -
TRINITY_DN5390_c0_g1_i1:281-799   -            173 4072at3041           -            194   1.2e-11   42.2   0.0   1   2   8.8e-07   3.8e-05   21.0   0.0    91   155     1    64     1    82 0.87 -
TRINITY_DN5390_c0_g1_i1:281-799   -            173 4072at3041           -            194   1.2e-11   42.2   0.0   2   2   2.2e-06   9.7e-05   19.6   0.0    91   157    96   161    77   170 0.84 -
TRINITY_DN35498_c0_g1_i1:7-216    -             70 4072at3041           -            194   6.6e-10   36.5   0.0   1   1   1.6e-11   7.1e-10   36.4   0.0     8    76     1    69     1    70 0.94 -
TRINITY_DN112_c0_g1_i1:558-1211   -            218 4072at3041           -            194   9.5e-10   36.0   0.0   1   1   3.4e-11   1.5e-09   35.4   0.0     4    68   137   201   134   215 0.93 -
TRINITY_DN112_c0_g1_i2:558-1397   -            280 4072at3041           -            194   1.4e-09   35.5   0.0   1   1   5.4e-11   2.3e-09   34.7   0.0     4    68   199   263   196   277 0.93 -
TRINITY_DN6081_c0_g5_i1:0-467     -            156 4072at3041           -            194   1.5e-09   35.3   0.0   1   1   5.1e-11   2.2e-09   34.8   0.0    91   161    19    88     8    94 0.91 -
TRINITY_DN582_c0_g1_i2:14-232     -             73 4072at3041           -            194     3e-09   34.3   0.0   1   1   7.5e-11   3.2e-09   34.3   0.0     9    79     2    72     1    73 0.96 -
TRINITY_DN13084_c0_g1_i1:66-878   -            271 4072at3041           -            194   1.1e-08   32.5   0.0   1   2   4.3e-07   1.9e-05   22.0   0.0     5    63     7    65     4    70 0.94 -
TRINITY_DN13084_c0_g1_i1:66-878   -            271 4072at3041           -            194   1.1e-08   32.5   0.0   2   2    0.0066      0.28    8.3   0.0   128   152   218   242   201   263 0.82 -
TRINITY_DN35703_c0_g1_i1:96-665   -            190 4072at3041           -            194   1.5e-08   32.1   0.0   1   2     0.078       3.4    4.8   0.0    31    95    33    90     7   102 0.77 -
TRINITY_DN35703_c0_g1_i1:96-665   -            190 4072at3041           -            194   1.5e-08   32.1   0.0   2   2   3.2e-08   1.4e-06   25.7   0.0    90   161   115   185   103   190 0.77 -
TRINITY_DN4485_c0_g1_i4:457-672   -             72 4072at3041           -            194   5.6e-08   30.2   0.0   1   1   1.3e-09   5.7e-08   30.2   0.0    91   161     1    70     1    72 0.91 -
TRINITY_DN6030_c0_g1_i2:207-443   -             79 4072at3041           -            194   9.5e-08   29.5   0.0   1   1   2.2e-09   9.5e-08   29.5   0.0    14    80    10    76     2    79 0.83 -
TRINITY_DN36635_c0_g1_i1:70-414   -            115 4072at3041           -            194   9.8e-08   29.4   0.1   1   1   3.4e-09   1.5e-07   28.8   0.1     7    64    56   113    52   114 0.95 -
TRINITY_DN2892_c0_g1_i2:570-755   -             62 4072at3041           -            194     1e-07   29.3   0.0   1   1   2.4e-09     1e-07   29.3   0.0    26    80     5    59     1    62 0.92 -
TRINITY_DN2892_c0_g1_i3:570-755   -             62 4072at3041           -            194     1e-07   29.3   0.0   1   1   2.4e-09     1e-07   29.3   0.0    26    80     5    59     1    62 0.92 -
TRINITY_DN2958_c0_g1_i2:41-226    -             62 4072at3041           -            194   1.3e-07   29.0   0.0   1   1   3.1e-09   1.3e-07   29.0   0.0    28    79     7    58     1    62 0.90 -
TRINITY_DN2958_c0_g1_i6:41-226    -             62 4072at3041           -            194   1.3e-07   29.0   0.0   1   1   3.1e-09   1.3e-07   29.0   0.0    28    79     7    58     1    62 0.90 -
TRINITY_DN374_c0_g1_i1:565-822    -             86 4072at3041           -            194   2.7e-07   28.0   0.2   1   1   6.7e-09   2.9e-07   27.9   0.2    91   174     1    80     1    85 0.80 -
TRINITY_DN374_c0_g1_i2:782-1039   -             86 4072at3041           -            194   2.7e-07   28.0   0.2   1   1   6.7e-09   2.9e-07   27.9   0.2    91   174     1    80     1    85 0.80 -
TRINITY_DN762_c0_g1_i3:2987-3277  -             97 4072at3041           -            194     4e-07   27.4   0.0   1   1     1e-08   4.4e-07   27.3   0.0     7    58    14    66     4    92 0.54 -
TRINITY_DN762_c0_g1_i2:2987-3265  -             93 4072at3041           -            194     4e-07   27.4   0.0   1   1   9.8e-09   4.2e-07   27.3   0.0     7    58    10    62     2    88 0.56 -
TRINITY_DN762_c0_g1_i9:2987-3265  -             93 4072at3041           -            194     4e-07   27.4   0.0   1   1   9.8e-09   4.2e-07   27.3   0.0     7    58    10    62     2    88 0.56 -
TRINITY_DN714_c0_g2_i2:884-1108   -             75 4072at3041           -            194   6.2e-07   26.8   0.0   1   1   1.4e-08   6.2e-07   26.8   0.0     7    72     4    69     1    75 0.87 -
TRINITY_DN100_c0_g1_i11:1161-1334 -             58 4072at3041           -            194   6.2e-07   26.8   0.0   1   1   1.4e-08   6.2e-07   26.8   0.0   119   153    21    55     2    58 0.86 -
TRINITY_DN100_c0_g1_i22:1093-1266 -             58 4072at3041           -            194   6.2e-07   26.8   0.0   1   1   1.4e-08   6.2e-07   26.8   0.0   119   153    21    55     2    58 0.86 -
TRINITY_DN100_c0_g1_i23:1624-1797 -             58 4072at3041           -            194   6.2e-07   26.8   0.0   1   1   1.4e-08   6.2e-07   26.8   0.0   119   153    21    55     2    58 0.86 -
TRINITY_DN100_c0_g1_i2:1129-1302  -             58 4072at3041           -            194   6.2e-07   26.8   0.0   1   1   1.4e-08   6.2e-07   26.8   0.0   119   153    21    55     2    58 0.86 -
TRINITY_DN100_c0_g1_i37:1093-1266 -             58 4072at3041           -            194   6.2e-07   26.8   0.0   1   1   1.4e-08   6.2e-07   26.8   0.0   119   153    21    55     2    58 0.86 -
TRINITY_DN100_c0_g1_i58:1805-1978 -             58 4072at3041           -            194   6.2e-07   26.8   0.0   1   1   1.4e-08   6.2e-07   26.8   0.0   119   153    21    55     2    58 0.86 -
TRINITY_DN100_c0_g1_i5:1374-1547  -             58 4072at3041           -            194   6.2e-07   26.8   0.0   1   1   1.4e-08   6.2e-07   26.8   0.0   119   153    21    55     2    58 0.86 -
TRINITY_DN100_c0_g1_i64:1186-1359 -             58 4072at3041           -            194   6.2e-07   26.8   0.0   1   1   1.4e-08   6.2e-07   26.8   0.0   119   153    21    55     2    58 0.86 -
TRINITY_DN1145_c0_g1_i1:368-586   -             73 4072at3041           -            194   8.7e-07   26.3   0.0   1   1   2.2e-08   9.7e-07   26.2   0.0     6    75     2    71     1    73 0.74 -
TRINITY_DN4474_c0_g1_i3:0-611     -            204 4072at3041           -            194   9.6e-07   26.2   0.0   1   1   3.1e-08   1.3e-06   25.7   0.0     7    81   100   172    95   181 0.86 -
TRINITY_DN4405_c0_g1_i3:450-641   -             64 4072at3041           -            194   1.2e-06   25.9   0.0   1   1   2.8e-08   1.2e-06   25.8   0.0    90   148     2    60     1    64 0.92 -
TRINITY_DN4405_c0_g1_i4:450-641   -             64 4072at3041           -            194   1.2e-06   25.9   0.0   1   1   2.8e-08   1.2e-06   25.8   0.0    90   148     2    60     1    64 0.92 -
TRINITY_DN43488_c0_g1_i1:2-241    -             80 4072at3041           -            194   1.4e-06   25.7   0.0   1   1   3.4e-08   1.5e-06   25.6   0.0     8    63     1    56     1    72 0.80 -
TRINITY_DN511_c0_g1_i2:145-378    -             78 4072at3041           -            194   1.6e-06   25.4   0.0   1   1   4.6e-08     2e-06   25.1   0.0    93   157     1    64     1    75 0.66 -
TRINITY_DN2162_c0_g1_i2:531-755   -             75 4072at3041           -            194   2.3e-06   24.9   0.0   1   1   5.4e-08   2.4e-06   24.9   0.0    11   161     4    69     1    75 0.51 -
TRINITY_DN36382_c0_g1_i1:6-170    -             55 4072at3041           -            194     1e-05   22.9   0.0   1   1   2.5e-07   1.1e-05   22.8   0.0     8    61     2    55     1    55 0.96 -
TRINITY_DN4481_c0_g1_i10:75-341   -             89 4072at3041           -            194   3.2e-05   21.2   0.1   1   1   7.4e-07   3.2e-05   21.2   0.1   103   153    20    68     1    83 0.78 -
TRINITY_DN4481_c0_g1_i26:75-341   -             89 4072at3041           -            194   3.2e-05   21.2   0.1   1   1   7.4e-07   3.2e-05   21.2   0.1   103   153    20    68     1    83 0.78 -
TRINITY_DN4481_c0_g1_i30:75-341   -             89 4072at3041           -            194   3.2e-05   21.2   0.1   1   1   7.4e-07   3.2e-05   21.2   0.1   103   153    20    68     1    83 0.78 -
TRINITY_DN4481_c0_g1_i46:75-341   -             89 4072at3041           -            194   3.2e-05   21.2   0.1   1   1   7.4e-07   3.2e-05   21.2   0.1   103   153    20    68     1    83 0.78 -
TRINITY_DN4481_c0_g1_i60:75-341   -             89 4072at3041           -            194   3.2e-05   21.2   0.1   1   1   7.4e-07   3.2e-05   21.2   0.1   103   153    20    68     1    83 0.78 -
TRINITY_DN4481_c0_g1_i62:75-341   -             89 4072at3041           -            194   3.2e-05   21.2   0.1   1   1   7.4e-07   3.2e-05   21.2   0.1   103   153    20    68     1    83 0.78 -
TRINITY_DN4481_c0_g1_i63:75-341   -             89 4072at3041           -            194   3.2e-05   21.2   0.1   1   1   7.4e-07   3.2e-05   21.2   0.1   103   153    20    68     1    83 0.78 -
TRINITY_DN4481_c0_g1_i73:75-341   -             89 4072at3041           -            194   3.2e-05   21.2   0.1   1   1   7.4e-07   3.2e-05   21.2   0.1   103   153    20    68     1    83 0.78 -
TRINITY_DN35053_c0_g1_i1:223-606  -            128 4072at3041           -            194   4.1e-05   20.9   0.0   1   1   1.1e-06     5e-05   20.6   0.0    86   168    16    94     6   118 0.83 -
TRINITY_DN5390_c0_g1_i2:887-1057  -             57 4072at3041           -            194   4.4e-05   20.8   0.0   1   1     1e-06   4.4e-05   20.8   0.0   106   156     6    55     1    57 0.83 -
TRINITY_DN1510_c0_g1_i1:186-428   -             81 4072at3041           -            194   0.00011   19.5   0.0   1   1   2.7e-06   0.00012   19.4   0.0     8    80     7    78     2    81 0.66 -
TRINITY_DN18643_c0_g1_i1:24-1586  -            521 4072at3041           -            194   0.00012   19.3   0.0   1   1   4.5e-06   0.00019   18.7   0.0     6    77   338   408   334   418 0.86 -
TRINITY_DN3473_c0_g1_i1:212-892   -            227 4072at3041           -            194   0.00015   19.0   0.0   1   1   5.6e-06   0.00024   18.3   0.0     8    81   113   184   107   191 0.84 -
TRINITY_DN4130_c0_g1_i2:51-497    -            149 4072at3041           -            194   0.00023   18.4   0.0   1   1   6.9e-06    0.0003   18.0   0.0     7    79    31   102    25   111 0.79 -
TRINITY_DN511_c0_g1_i1:289-423    -             45 4072at3041           -            194   0.00049   17.4   0.0   1   1   1.1e-05   0.00049   17.3   0.0    94   137     1    43     1    45 0.60 -
TRINITY_DN42768_c0_g1_i1:574-795  -             74 4072at3041           -            194   0.00054   17.2   0.0   1   1   1.2e-05   0.00054   17.2   0.0    22    82    12    71     1    74 0.68 -
TRINITY_DN97_c0_g2_i4:485-1024    -            180 4072at3041           -            194   0.00059   17.1   0.0   1   2       2.3     1e+02    0.0   0.0    95   136    47    87    40    97 0.76 -
TRINITY_DN97_c0_g2_i4:485-1024    -            180 4072at3041           -            194   0.00059   17.1   0.0   2   2   6.3e-05    0.0027   14.9   0.0    34    64   101   131    85   146 0.86 -
TRINITY_DN30632_c0_g1_i1:168-407  -             80 4072at3041           -            194    0.0006   17.1   0.0   1   1   1.6e-05    0.0007   16.8   0.0    91   155     1    62     1    69 0.89 -
TRINITY_DN960_c0_g1_i1:45-224     -             60 4072at3041           -            194   0.00061   17.0   0.0   1   1   1.6e-05    0.0007   16.8   0.0     8    65     1    55     1    58 0.93 -
TRINITY_DN960_c0_g1_i2:45-224     -             60 4072at3041           -            194   0.00061   17.0   0.0   1   1   1.6e-05    0.0007   16.8   0.0     8    65     1    55     1    58 0.93 -
TRINITY_DN1686_c0_g1_i2:1807-2001 -             65 4072at3041           -            194   0.00068   16.9   0.0   1   1   1.7e-05   0.00074   16.8   0.0    91   147     3    55     1    64 0.74 -
TRINITY_DN1686_c0_g1_i5:255-449   -             65 4072at3041           -            194   0.00068   16.9   0.0   1   1   1.7e-05   0.00074   16.8   0.0    91   147     3    55     1    64 0.74 -
TRINITY_DN1686_c0_g1_i6:1031-1225 -             65 4072at3041           -            194   0.00068   16.9   0.0   1   1   1.7e-05   0.00074   16.8   0.0    91   147     3    55     1    64 0.74 -
TRINITY_DN4130_c0_g1_i5:3-854     -            284 4072at3041           -            194   0.00077   16.7   0.0   1   1   2.8e-05    0.0012   16.1   0.0     7    79   150   221   144   230 0.78 -
TRINITY_DN5390_c0_g1_i2:281-421   -             47 4072at3041           -            194   0.00093   16.4   0.0   1   1   2.3e-05   0.00098   16.4   0.0    91   138     1    47     1    47 0.88 -
TRINITY_DN762_c0_g1_i2:4016-4249  -             78 4072at3041           -            194    0.0011   16.2   0.0   1   1   2.5e-05    0.0011   16.2   0.0    19    69     3    53     1    74 0.77 -
TRINITY_DN762_c0_g1_i5:4151-4384  -             78 4072at3041           -            194    0.0011   16.2   0.0   1   1   2.5e-05    0.0011   16.2   0.0    19    69     3    53     1    74 0.77 -
TRINITY_DN762_c0_g1_i9:4016-4249  -             78 4072at3041           -            194    0.0011   16.2   0.0   1   1   2.5e-05    0.0011   16.2   0.0    19    69     3    53     1    74 0.77 -
TRINITY_DN4405_c0_g1_i3:108-395   -             96 4072at3041           -            194    0.0013   16.0   0.0   1   1   3.5e-05    0.0015   15.8   0.0    85   163     8    87     2    95 0.77 -
TRINITY_DN4405_c0_g1_i4:108-395   -             96 4072at3041           -            194    0.0013   16.0   0.0   1   1   3.5e-05    0.0015   15.8   0.0    85   163     8    87     2    95 0.77 -
TRINITY_DN97_c0_g2_i12:104-1477   -            458 4072at3041           -            194    0.0041   14.3   0.0   1   2       9.6   4.1e+02   -2.0   0.0    95   136    42    82    35    92 0.75 -
TRINITY_DN97_c0_g2_i12:104-1477   -            458 4072at3041           -            194    0.0041   14.3   0.0   2   2   0.00029     0.012   12.8   0.0    34    64    96   126    80   135 0.87 -
TRINITY_DN97_c0_g2_i9:104-1681    -            458 4072at3041           -            194    0.0041   14.3   0.0   1   2       9.6   4.1e+02   -2.0   0.0    95   136    42    82    35    92 0.75 -
TRINITY_DN97_c0_g2_i9:104-1681    -            458 4072at3041           -            194    0.0041   14.3   0.0   2   2   0.00029     0.012   12.8   0.0    34    64    96   126    80   135 0.87 -
TRINITY_DN97_c0_g2_i11:88-1614    -            509 4072at3041           -            194    0.0049   14.1   0.0   1   1   0.00031     0.013   12.6   0.0    34    64    96   126    80   137 0.87 -
TRINITY_DN97_c0_g2_i5:109-2250    -            714 4072at3041           -            194    0.0082   13.3   0.0   1   1   0.00046      0.02   12.1   0.0    34    64    96   126    79   137 0.87 -
#
# Program:         hmmsearch
# Version:         3.2.1 (June 2018)
# Pipeline mode:   SEARCH
# Query file:      /sw/bioinfo/BUSCO/v5_lineage_sets/lineages/chlorophyta_odb10/hmms/4072at3041.hmm
# Target file:     /crex/proj/snic2022-23-81/expression_algae/code/busco/trinity_VA-3180-Osg11Mul/run_chlorophyta_odb10/metaeuk_output/initial_results/trinity_VA-3180-Osg11Mul.Trinity.fasta.modified.fas
# Option settings: hmmsearch --domtblout /crex/proj/snic2022-23-81/expression_algae/code/busco/trinity_VA-3180-Osg11Mul/run_chlorophyta_odb10/hmmer_output/initial_run_results/4072at3041.out --cpu 1 /sw/bioinfo/BUSCO/v5_lineage_sets/lineages/chlorophyta_odb10/hmms/4072at3041.hmm /crex/proj/snic2022-23-81/expression_algae/code/busco/trinity_VA-3180-Osg11Mul/run_chlorophyta_odb10/metaeuk_output/initial_results/trinity_VA-3180-Osg11Mul.Trinity.fasta.modified.fas 
# Current dir:     /crex/proj/snic2022-23-81/expression_algae/code/busco
# Date:            Fri Sep 23 10:12:20 2022
# [ok]
