#                                                                                          --- full sequence --- -------------- this domain -------------   hmm coord   ali coord   env coord
# target name                      accession   tlen query name           accession   qlen   E-value  score  bias   #  of  c-Evalue  i-Evalue  score  bias  from    to  from    to  from    to  acc description of target
#              ------------------- ---------- ----- -------------------- ---------- ----- --------- ------ ----- --- --- --------- --------- ------ ----- ----- ----- ----- ----- ----- ----- ---- ---------------------
TRINITY_DN5037_c0_g1_i2:57-1448    -            464 4160at3041           -            370  9.1e-158  523.0   9.2   1   1  6.1e-160  1.7e-157  522.1   9.2     2   352    14   413    13   428 0.90 -
TRINITY_DN7476_c0_g1_i4:153-1916   -            588 4160at3041           -            370   6.6e-50  168.0  39.4   1   6   6.9e-08   1.9e-05   21.7   0.1    56   123   179   260   155   269 0.73 -
TRINITY_DN7476_c0_g1_i4:153-1916   -            588 4160at3041           -            370   6.6e-50  168.0  39.4   2   6   2.6e-14   7.3e-12   42.8   0.7    40   123   226   312   213   319 0.87 -
TRINITY_DN7476_c0_g1_i4:153-1916   -            588 4160at3041           -            370   6.6e-50  168.0  39.4   3   6   5.1e-18   1.4e-15   55.1   1.4    35   121   273   362   265   372 0.89 -
TRINITY_DN7476_c0_g1_i4:153-1916   -            588 4160at3041           -            370   6.6e-50  168.0  39.4   4   6   4.4e-14   1.2e-11   42.1   1.6    39   124   391   489   378   491 0.81 -
TRINITY_DN7476_c0_g1_i4:153-1916   -            588 4160at3041           -            370   6.6e-50  168.0  39.4   5   6   1.6e-13   4.3e-11   40.3   3.8    41   125   452   541   443   542 0.84 -
TRINITY_DN7476_c0_g1_i4:153-1916   -            588 4160at3041           -            370   6.6e-50  168.0  39.4   6   6   4.3e-10   1.2e-07   29.0   0.3    41    91   506   556   504   562 0.90 -
TRINITY_DN7476_c0_g1_i7:212-1975   -            588 4160at3041           -            370   6.6e-50  168.0  39.4   1   6   6.9e-08   1.9e-05   21.7   0.1    56   123   179   260   155   269 0.73 -
TRINITY_DN7476_c0_g1_i7:212-1975   -            588 4160at3041           -            370   6.6e-50  168.0  39.4   2   6   2.6e-14   7.3e-12   42.8   0.7    40   123   226   312   213   319 0.87 -
TRINITY_DN7476_c0_g1_i7:212-1975   -            588 4160at3041           -            370   6.6e-50  168.0  39.4   3   6   5.1e-18   1.4e-15   55.1   1.4    35   121   273   362   265   372 0.89 -
TRINITY_DN7476_c0_g1_i7:212-1975   -            588 4160at3041           -            370   6.6e-50  168.0  39.4   4   6   4.4e-14   1.2e-11   42.1   1.6    39   124   391   489   378   491 0.81 -
TRINITY_DN7476_c0_g1_i7:212-1975   -            588 4160at3041           -            370   6.6e-50  168.0  39.4   5   6   1.6e-13   4.3e-11   40.3   3.8    41   125   452   541   443   542 0.84 -
TRINITY_DN7476_c0_g1_i7:212-1975   -            588 4160at3041           -            370   6.6e-50  168.0  39.4   6   6   4.3e-10   1.2e-07   29.0   0.3    41    91   506   556   504   562 0.90 -
TRINITY_DN7476_c0_g1_i3:212-2095   -            628 4160at3041           -            370   1.1e-47  160.7  34.0   1   6   7.1e-08     2e-05   21.7   0.1    56   123   179   260   155   271 0.74 -
TRINITY_DN7476_c0_g1_i3:212-2095   -            628 4160at3041           -            370   1.1e-47  160.7  34.0   2   6   2.8e-14   7.7e-12   42.8   0.7    40   123   226   312   213   320 0.87 -
TRINITY_DN7476_c0_g1_i3:212-2095   -            628 4160at3041           -            370   1.1e-47  160.7  34.0   3   6   5.6e-18   1.6e-15   54.9   1.4    35   121   273   362   265   372 0.89 -
TRINITY_DN7476_c0_g1_i3:212-2095   -            628 4160at3041           -            370   1.1e-47  160.7  34.0   4   6   2.6e-13   7.1e-11   39.6   2.4    39   162   391   528   377   529 0.78 -
TRINITY_DN7476_c0_g1_i3:212-2095   -            628 4160at3041           -            370   1.1e-47  160.7  34.0   5   6   8.9e-13   2.4e-10   37.8   1.0    62   125   516   581   511   582 0.91 -
TRINITY_DN7476_c0_g1_i3:212-2095   -            628 4160at3041           -            370   1.1e-47  160.7  34.0   6   6   1.1e-08   2.9e-06   24.4   0.1    55    91   560   596   558   602 0.93 -
TRINITY_DN35082_c0_g1_i1:19-1014   -            332 4160at3041           -            370     8e-27   92.1  14.2   1   3   4.3e-09   1.2e-06   25.7   4.1    93   222     2   153     1   170 0.70 -
TRINITY_DN35082_c0_g1_i1:19-1014   -            332 4160at3041           -            370     8e-27   92.1  14.2   2   3   3.9e-14   1.1e-11   42.3   0.6    37   123   184   275   172   284 0.82 -
TRINITY_DN35082_c0_g1_i1:19-1014   -            332 4160at3041           -            370     8e-27   92.1  14.2   3   3   1.7e-07   4.8e-05   20.4   0.1    29    73   288   332   277   332 0.77 -
TRINITY_DN3844_c0_g1_i6:36-788     -            251 4160at3041           -            370   5.9e-23   79.3   6.5   1   3   9.4e-09   2.6e-06   24.6   0.3    57   116     3    60     1    69 0.88 -
TRINITY_DN3844_c0_g1_i6:36-788     -            251 4160at3041           -            370   5.9e-23   79.3   6.5   2   3   4.2e-12   1.2e-09   35.6   0.0    67   123    74   131    71   144 0.87 -
TRINITY_DN3844_c0_g1_i6:36-788     -            251 4160at3041           -            370   5.9e-23   79.3   6.5   3   3   6.1e-08   1.7e-05   21.9   0.3    29   120   154   250   136   251 0.83 -
TRINITY_DN3844_c0_g1_i4:36-788     -            251 4160at3041           -            370   8.7e-23   78.8   6.5   1   3   1.4e-08   3.8e-06   24.0   0.3    57   116     3    60     1    69 0.85 -
TRINITY_DN3844_c0_g1_i4:36-788     -            251 4160at3041           -            370   8.7e-23   78.8   6.5   2   3   4.2e-12   1.2e-09   35.6   0.0    67   123    74   131    71   144 0.87 -
TRINITY_DN3844_c0_g1_i4:36-788     -            251 4160at3041           -            370   8.7e-23   78.8   6.5   3   3   6.1e-08   1.7e-05   21.9   0.3    29   120   154   250   136   251 0.83 -
TRINITY_DN3844_c0_g1_i5:333-968    -            212 4160at3041           -            370   5.4e-21   72.9   5.3   1   3   8.1e-09   2.2e-06   24.8   0.4    57   116     4    61     1    70 0.84 -
TRINITY_DN3844_c0_g1_i5:333-968    -            212 4160at3041           -            370   5.4e-21   72.9   5.3   2   3   2.9e-12   7.9e-10   36.1   0.0    67   123    75   132    72   148 0.87 -
TRINITY_DN3844_c0_g1_i5:333-968    -            212 4160at3041           -            370   5.4e-21   72.9   5.3   3   3     2e-05    0.0056   13.6   0.1    80   115   154   192   142   209 0.69 -
TRINITY_DN4424_c0_g1_i24:1211-2107 -            299 4160at3041           -            370   3.3e-17   60.4  18.3   1   4   3.1e-08   8.6e-06   22.8   0.6    44   126     3    97     1   109 0.72 -
TRINITY_DN4424_c0_g1_i24:1211-2107 -            299 4160at3041           -            370   3.3e-17   60.4  18.3   2   4   3.4e-10   9.4e-08   29.3   0.5    28   136    49   172    37   173 0.67 -
TRINITY_DN4424_c0_g1_i24:1211-2107 -            299 4160at3041           -            370   3.3e-17   60.4  18.3   3   4   1.3e-09   3.7e-07   27.4   0.8    21   139   103   240    93   255 0.65 -
TRINITY_DN4424_c0_g1_i24:1211-2107 -            299 4160at3041           -            370   3.3e-17   60.4  18.3   4   4   2.6e-05    0.0073   13.2   0.2    43    78   254   289   247   296 0.60 -
TRINITY_DN3844_c0_g1_i2:69-677     -            203 4160at3041           -            370   5.6e-17   59.7   5.1   1   2   8.6e-13   2.4e-10   37.9   1.4    53   123     9    94     1   111 0.74 -
TRINITY_DN3844_c0_g1_i2:69-677     -            203 4160at3041           -            370   5.6e-17   59.7   5.1   2   2   8.8e-07   0.00024   18.1   0.1    29   110   117   203   107   203 0.78 -
TRINITY_DN4424_c0_g1_i19:1553-2479 -            309 4160at3041           -            370   8.3e-17   59.1  15.4   1   4    0.0033       0.9    6.3   0.5    89   124     1    36     1    52 0.89 -
TRINITY_DN4424_c0_g1_i19:1553-2479 -            309 4160at3041           -            370   8.3e-17   59.1  15.4   2   4   9.6e-06    0.0026   14.7   0.2    36    75    57    97    41   108 0.76 -
TRINITY_DN4424_c0_g1_i19:1553-2479 -            309 4160at3041           -            370   8.3e-17   59.1  15.4   3   4   1.5e-08   4.2e-06   23.9   0.9    41   125   124   220   115   231 0.75 -
TRINITY_DN4424_c0_g1_i19:1553-2479 -            309 4160at3041           -            370   8.3e-17   59.1  15.4   4   4     4e-08   1.1e-05   22.5   0.2    25    85   231   294   217   298 0.66 -
TRINITY_DN4424_c0_g1_i41:1262-1879 -            206 4160at3041           -            370   5.7e-12   43.2   7.4   1   3   4.2e-09   1.2e-06   25.7   0.5     9   135    15    95     1    99 0.46 -
TRINITY_DN4424_c0_g1_i41:1262-1879 -            206 4160at3041           -            370   5.7e-12   43.2   7.4   2   3   9.4e-10   2.6e-07   27.9   1.3    26   140    32   165    21   179 0.65 -
TRINITY_DN4424_c0_g1_i41:1262-1879 -            206 4160at3041           -            370   5.7e-12   43.2   7.4   3   3   0.00039      0.11    9.4   0.2    86   120   172   206   154   206 0.78 -
TRINITY_DN1074_c0_g1_i1:1251-1706  -            152 4160at3041           -            370   6.2e-06   23.3   2.0   1   2   9.7e-07   0.00027   17.9   0.2    41   150     2   111     1   112 0.80 -
TRINITY_DN1074_c0_g1_i1:1251-1706  -            152 4160at3041           -            370   6.2e-06   23.3   2.0   2   2   4.1e-05     0.011   12.6   0.7    39   101    88   151    81   152 0.76 -
#
# Program:         hmmsearch
# Version:         3.2.1 (June 2018)
# Pipeline mode:   SEARCH
# Query file:      /sw/bioinfo/BUSCO/v5_lineage_sets/lineages/chlorophyta_odb10/hmms/4160at3041.hmm
# Target file:     /crex/proj/snic2022-23-81/expression_algae/code/busco/trinity_VA-3180-Osg11Mul/run_chlorophyta_odb10/metaeuk_output/initial_results/trinity_VA-3180-Osg11Mul.Trinity.fasta.modified.fas
# Option settings: hmmsearch --domtblout /crex/proj/snic2022-23-81/expression_algae/code/busco/trinity_VA-3180-Osg11Mul/run_chlorophyta_odb10/hmmer_output/initial_run_results/4160at3041.out --cpu 1 /sw/bioinfo/BUSCO/v5_lineage_sets/lineages/chlorophyta_odb10/hmms/4160at3041.hmm /crex/proj/snic2022-23-81/expression_algae/code/busco/trinity_VA-3180-Osg11Mul/run_chlorophyta_odb10/metaeuk_output/initial_results/trinity_VA-3180-Osg11Mul.Trinity.fasta.modified.fas 
# Current dir:     /crex/proj/snic2022-23-81/expression_algae/code/busco
# Date:            Fri Sep 23 10:12:21 2022
# [ok]
