#                                                                                         --- full sequence --- -------------- this domain -------------   hmm coord   ali coord   env coord
# target name                     accession   tlen query name           accession   qlen   E-value  score  bias   #  of  c-Evalue  i-Evalue  score  bias  from    to  from    to  from    to  acc description of target
#             ------------------- ---------- ----- -------------------- ---------- ----- --------- ------ ----- --- --- --------- --------- ------ ----- ----- ----- ----- ----- ----- ----- ---- ---------------------
TRINITY_DN8711_c0_g2_i1:26-670    -            215 4553at3041           -            176   2.1e-91  302.0   0.1   1   1     2e-93   2.4e-91  301.8   0.1     3   170    28   201    26   212 0.92 -
TRINITY_DN7847_c0_g2_i1:37-633    -            199 4553at3041           -            176   6.2e-61  202.7   0.1   1   1     6e-63   7.1e-61  202.6   0.1     9   169    39   199    26   199 0.94 -
TRINITY_DN1208_c0_g4_i1:74-718    -            215 4553at3041           -            176   1.4e-49  165.7   0.0   1   2   1.9e-33   2.2e-31  106.5   0.0     3   106    18   127    16   136 0.91 -
TRINITY_DN1208_c0_g4_i1:74-718    -            215 4553at3041           -            176   1.4e-49  165.7   0.0   2   2   2.2e-18   2.6e-16   57.4   0.0   114   168   153   206   143   212 0.90 -
TRINITY_DN1208_c0_g2_i2:65-718    -            218 4553at3041           -            176   1.3e-44  149.6   1.1   1   1   2.7e-45   3.2e-43  145.1   1.1     7   169    31   218    20   218 0.83 -
TRINITY_DN1208_c0_g2_i3:202-786   -            195 4553at3041           -            176   1.7e-42  142.7   0.1   1   1   1.2e-42   1.4e-40  136.4   0.1    13   165    15   195     8   195 0.83 -
TRINITY_DN85_c1_g1_i2:426-1100    -            225 4553at3041           -            176   2.2e-41  139.1   0.4   1   1   7.7e-42   9.2e-40  133.8   0.4     3   170    15   218    13   222 0.80 -
TRINITY_DN501_c0_g1_i1:223-828    -            202 4553at3041           -            176   4.7e-39  131.5   0.3   1   1   7.3e-41   8.8e-39  130.6   0.3     9   170    28   200    15   202 0.82 -
TRINITY_DN5724_c1_g1_i2:482-1327  -            282 4553at3041           -            176   1.2e-33  113.8   0.5   1   1   4.9e-33   5.8e-31  105.1   0.5     8   169    64   269    60   273 0.76 -
TRINITY_DN85_c0_g1_i24:387-1016   -            210 4553at3041           -            176   9.6e-32  107.7   0.1   1   1   6.3e-33   7.6e-31  104.8   0.1     8   168    19   207    14   209 0.79 -
TRINITY_DN85_c0_g1_i13:321-950    -            210 4553at3041           -            176   2.7e-31  106.2   0.1   1   1   1.1e-32   1.3e-30  104.0   0.1     8   168    19   207    14   209 0.80 -
TRINITY_DN85_c0_g1_i20:633-1262   -            210 4553at3041           -            176   2.7e-31  106.2   0.1   1   1   1.1e-32   1.3e-30  104.0   0.1     8   168    19   207    14   209 0.80 -
TRINITY_DN85_c0_g1_i22:543-1172   -            210 4553at3041           -            176   2.8e-31  106.2   0.1   1   1   1.2e-32   1.4e-30  103.9   0.1     8   168    19   207    14   209 0.80 -
TRINITY_DN85_c0_g1_i11:281-1000   -            240 4553at3041           -            176   8.5e-31  104.6   0.2   1   1   7.2e-32   8.7e-30  101.3   0.2    10   168    51   237    46   239 0.81 -
TRINITY_DN85_c0_g1_i2:321-1040    -            240 4553at3041           -            176   8.5e-31  104.6   0.2   1   1   7.2e-32   8.7e-30  101.3   0.2    10   168    51   237    46   239 0.81 -
TRINITY_DN85_c0_g1_i8:301-1020    -            240 4553at3041           -            176   8.5e-31  104.6   0.2   1   1   7.2e-32   8.7e-30  101.3   0.2    10   168    51   237    46   239 0.81 -
TRINITY_DN85_c0_g1_i9:633-1352    -            240 4553at3041           -            176   8.5e-31  104.6   0.2   1   1   7.2e-32   8.7e-30  101.3   0.2    10   168    51   237    46   239 0.81 -
TRINITY_DN85_c0_g1_i28:543-1265   -            241 4553at3041           -            176   1.3e-30  104.0   0.3   1   1   1.2e-31   1.4e-29  100.6   0.3    10   168    51   238    46   240 0.80 -
TRINITY_DN85_c0_g1_i16:281-847    -            189 4553at3041           -            176     2e-30  103.4   0.1   1   1   7.9e-32   9.5e-30  101.2   0.1    12   168     2   186     1   188 0.80 -
TRINITY_DN30495_c0_g1_i1:606-1220 -            205 4553at3041           -            176   3.1e-26   89.8   0.1   1   2   4.2e-14   5.1e-12   43.5   0.0    12   108     2   118     1   134 0.81 -
TRINITY_DN30495_c0_g1_i1:606-1220 -            205 4553at3041           -            176   3.1e-26   89.8   0.1   2   2   2.1e-14   2.6e-12   44.4   0.0   109   169   142   203   128   205 0.85 -
TRINITY_DN1208_c0_g2_i4:83-490    -            136 4553at3041           -            176     4e-26   89.4   0.1   1   1   4.1e-28     5e-26   89.1   0.1     7   106    25   130    14   133 0.88 -
TRINITY_DN1208_c0_g3_i1:941-1612  -            224 4553at3041           -            176   1.7e-22   77.6   0.4   1   2   1.3e-13   1.6e-11   41.8   0.2    10   105     9   127     4   132 0.78 -
TRINITY_DN1208_c0_g3_i1:941-1612  -            224 4553at3041           -            176   1.7e-22   77.6   0.4   2   2     8e-11   9.6e-09   32.8   0.0   123   169   172   218   135   221 0.82 -
TRINITY_DN85_c0_g1_i12:296-751    -            152 4553at3041           -            176   8.8e-19   65.5   0.2   1   1   2.1e-20   2.5e-18   64.0   0.2    79   168    45   141     6   148 0.84 -
TRINITY_DN9518_c0_g2_i1:474-1235  -            254 4553at3041           -            176   1.4e-18   64.8   0.0   1   2   0.00011     0.013   12.8   0.0     8    32    44    68    35    95 0.83 -
TRINITY_DN9518_c0_g2_i1:474-1235  -            254 4553at3041           -            176   1.4e-18   64.8   0.0   2   2   3.8e-16   4.5e-14   50.1   0.0    35   157   116   252   101   254 0.83 -
TRINITY_DN1241_c0_g1_i1:218-673   -            152 4553at3041           -            176   1.2e-12   45.5   0.1   1   1   2.6e-13   3.1e-11   40.9   0.1    22   148     1   152     1   152 0.74 -
TRINITY_DN1241_c0_g1_i5:218-673   -            152 4553at3041           -            176   1.2e-12   45.5   0.1   1   1   2.6e-13   3.1e-11   40.9   0.1    22   148     1   152     1   152 0.74 -
TRINITY_DN1241_c0_g1_i6:218-673   -            152 4553at3041           -            176   1.2e-12   45.5   0.1   1   1   2.6e-13   3.1e-11   40.9   0.1    22   148     1   152     1   152 0.74 -
TRINITY_DN175_c0_g1_i2:8-394      -            129 4553at3041           -            176   1.9e-12   44.8   0.0   1   1   2.7e-14   3.2e-12   44.1   0.0     8    71    59   128    54   129 0.87 -
TRINITY_DN1241_c0_g1_i2:225-680   -            152 4553at3041           -            176   2.4e-12   44.5   0.1   1   1     5e-13     6e-11   40.0   0.1    22   148     1   152     1   152 0.74 -
TRINITY_DN175_c0_g1_i8:2-367      -            122 4553at3041           -            176   1.4e-11   42.1   0.0   1   1   2.1e-13   2.5e-11   41.2   0.0     8    63    59   114    54   120 0.94 -
TRINITY_DN1208_c0_g1_i1:7-270     -             88 4553at3041           -            176   7.2e-09   33.2   0.2   1   1   2.1e-09   2.5e-07   28.2   0.2    76   138     3    88     1    88 0.71 -
#
# Program:         hmmsearch
# Version:         3.2.1 (June 2018)
# Pipeline mode:   SEARCH
# Query file:      /sw/bioinfo/BUSCO/v5_lineage_sets/lineages/chlorophyta_odb10/hmms/4553at3041.hmm
# Target file:     /crex/proj/snic2022-23-81/expression_algae/code/busco/trinity_VA-3180-Osg11Mul/run_chlorophyta_odb10/metaeuk_output/initial_results/trinity_VA-3180-Osg11Mul.Trinity.fasta.modified.fas
# Option settings: hmmsearch --domtblout /crex/proj/snic2022-23-81/expression_algae/code/busco/trinity_VA-3180-Osg11Mul/run_chlorophyta_odb10/hmmer_output/initial_run_results/4553at3041.out --cpu 1 /sw/bioinfo/BUSCO/v5_lineage_sets/lineages/chlorophyta_odb10/hmms/4553at3041.hmm /crex/proj/snic2022-23-81/expression_algae/code/busco/trinity_VA-3180-Osg11Mul/run_chlorophyta_odb10/metaeuk_output/initial_results/trinity_VA-3180-Osg11Mul.Trinity.fasta.modified.fas 
# Current dir:     /crex/proj/snic2022-23-81/expression_algae/code/busco
# Date:            Fri Sep 23 10:12:21 2022
# [ok]
