#                                                                                         --- full sequence --- -------------- this domain -------------   hmm coord   ali coord   env coord
# target name                     accession   tlen query name           accession   qlen   E-value  score  bias   #  of  c-Evalue  i-Evalue  score  bias  from    to  from    to  from    to  acc description of target
#             ------------------- ---------- ----- -------------------- ---------- ----- --------- ------ ----- --- --- --------- --------- ------ ----- ----- ----- ----- ----- ----- ----- ---- ---------------------
TRINITY_DN132_c2_g2_i2:91-1290    -            400 5231at3041           -            264    1e-104  347.1   5.4   1   2   2.5e-28   1.8e-25   87.3   0.4     1    75    19    95    19   100 0.94 -
TRINITY_DN132_c2_g2_i2:91-1290    -            400 5231at3041           -            264    1e-104  347.1   5.4   2   2   1.1e-81   8.1e-79  262.2   0.6    71   233   221   391   215   398 0.95 -
TRINITY_DN132_c2_g2_i1:82-1224    -            381 5231at3041           -            264  1.8e-104  346.3   4.9   1   2   6.4e-28   4.6e-25   86.0   0.3     2    75     1    76     1    81 0.94 -
TRINITY_DN132_c2_g2_i1:82-1224    -            381 5231at3041           -            264  1.8e-104  346.3   4.9   2   2     1e-81   7.3e-79  262.4   0.6    71   233   202   372   196   379 0.95 -
TRINITY_DN23986_c0_g1_i2:852-1427 -            192 5231at3041           -            264   2.3e-32  109.9   0.0   1   1   3.6e-35   2.6e-32  109.8   0.0    94   260     2   184     1   188 0.87 -
TRINITY_DN6455_c0_g1_i3:303-1295  -            331 5231at3041           -            264   6.2e-23   79.0   4.8   1   1     2e-24   1.4e-21   74.6   4.8    14   227    38   265    28   322 0.87 -
TRINITY_DN6455_c0_g1_i1:10-1167   -            386 5231at3041           -            264   1.1e-22   78.2   4.7   1   1   3.1e-24   2.2e-21   73.9   4.7    14   227    93   320    83   377 0.87 -
#
# Program:         hmmsearch
# Version:         3.2.1 (June 2018)
# Pipeline mode:   SEARCH
# Query file:      /sw/bioinfo/BUSCO/v5_lineage_sets/lineages/chlorophyta_odb10/hmms/5231at3041.hmm
# Target file:     /crex/proj/snic2022-23-81/expression_algae/code/busco/trinity_VA-3180-Osg11Mul/run_chlorophyta_odb10/metaeuk_output/initial_results/trinity_VA-3180-Osg11Mul.Trinity.fasta.modified.fas
# Option settings: hmmsearch --domtblout /crex/proj/snic2022-23-81/expression_algae/code/busco/trinity_VA-3180-Osg11Mul/run_chlorophyta_odb10/hmmer_output/initial_run_results/5231at3041.out --cpu 1 /sw/bioinfo/BUSCO/v5_lineage_sets/lineages/chlorophyta_odb10/hmms/5231at3041.hmm /crex/proj/snic2022-23-81/expression_algae/code/busco/trinity_VA-3180-Osg11Mul/run_chlorophyta_odb10/metaeuk_output/initial_results/trinity_VA-3180-Osg11Mul.Trinity.fasta.modified.fas 
# Current dir:     /crex/proj/snic2022-23-81/expression_algae/code/busco
# Date:            Fri Sep 23 10:12:25 2022
# [ok]
