#                                                                                         --- full sequence --- -------------- this domain -------------   hmm coord   ali coord   env coord
# target name                     accession   tlen query name           accession   qlen   E-value  score  bias   #  of  c-Evalue  i-Evalue  score  bias  from    to  from    to  from    to  acc description of target
#             ------------------- ---------- ----- -------------------- ---------- ----- --------- ------ ----- --- --- --------- --------- ------ ----- ----- ----- ----- ----- ----- ----- ---- ---------------------
TRINITY_DN4130_c0_g1_i5:3-854     -            284 5364at3041           -            170   1.3e-73  244.4  12.9   1   2   5.7e-05    0.0026   15.5   0.2     8    43    51    86    31   105 0.77 -
TRINITY_DN4130_c0_g1_i5:3-854     -            284 5364at3041           -            170   1.3e-73  244.4  12.9   2   2   3.6e-70   1.6e-68  227.7   8.7    33   170   102   242    91   242 0.92 -
TRINITY_DN4130_c0_g1_i2:51-497    -            149 5364at3041           -            170   4.3e-67  223.1   3.6   1   1   1.1e-68   4.8e-67  223.0   3.6    51   170     4   123     1   123 0.98 -
TRINITY_DN4130_c0_g1_i4:115-678   -            188 5364at3041           -            170   4.2e-36  122.2   7.2   1   2     3e-05    0.0014   16.4   0.1     8    43    50    85    30   101 0.77 -
TRINITY_DN4130_c0_g1_i4:115-678   -            188 5364at3041           -            170   4.2e-36  122.2   7.2   2   2   4.2e-32   1.9e-30  103.9   3.2    33   116   101   187    91   188 0.86 -
TRINITY_DN374_c0_g1_i2:230-727    -            166 5364at3041           -            170   4.3e-22   76.7   0.0   1   2   2.8e-10   1.3e-08   32.8   0.0    78   138     4    65     2    75 0.94 -
TRINITY_DN374_c0_g1_i2:230-727    -            166 5364at3041           -            170   4.3e-22   76.7   0.0   2   2   3.7e-13   1.7e-11   42.2   0.0    66   149    83   166    74   166 0.94 -
TRINITY_DN94_c0_g1_i2:3398-4060   -            221 5364at3041           -            170   7.5e-19   66.1   0.1   1   2   3.9e-11   1.8e-09   35.6   0.0    79   153    20    95    17   103 0.94 -
TRINITY_DN94_c0_g1_i2:3398-4060   -            221 5364at3041           -            170   7.5e-19   66.1   0.1   2   2   5.3e-09   2.4e-07   28.7   0.0    79   149   151   221   139   221 0.93 -
TRINITY_DN94_c0_g1_i3:3566-4228   -            221 5364at3041           -            170   7.5e-19   66.1   0.1   1   2   3.9e-11   1.8e-09   35.6   0.0    79   153    20    95    17   103 0.94 -
TRINITY_DN94_c0_g1_i3:3566-4228   -            221 5364at3041           -            170   7.5e-19   66.1   0.1   2   2   5.3e-09   2.4e-07   28.7   0.0    79   149   151   221   139   221 0.93 -
TRINITY_DN12166_c0_g1_i1:50-697   -            216 5364at3041           -            170   3.4e-18   64.0   0.1   1   2   6.9e-10   3.1e-08   31.5   0.1    77   149    31   104    23   110 0.94 -
TRINITY_DN12166_c0_g1_i1:50-697   -            216 5364at3041           -            170   3.4e-18   64.0   0.1   2   2   1.2e-09   5.3e-08   30.8   0.0    68   149   109   192   103   202 0.89 -
TRINITY_DN12166_c0_g1_i2:8-790    -            261 5364at3041           -            170   6.3e-18   63.1   0.1   1   2     1e-09   4.6e-08   31.0   0.1    77   149    31   104    23   110 0.94 -
TRINITY_DN12166_c0_g1_i2:8-790    -            261 5364at3041           -            170   6.3e-18   63.1   0.1   2   2   1.7e-09   7.9e-08   30.2   0.0    68   149   109   192   103   202 0.89 -
TRINITY_DN8055_c0_g1_i1:86-610    -            175 5364at3041           -            170   8.5e-18   62.7   0.0   1   2     6e-10   2.7e-08   31.7   0.0    81   155     2    76     1    87 0.87 -
TRINITY_DN8055_c0_g1_i1:86-610    -            175 5364at3041           -            170   8.5e-18   62.7   0.0   2   2   3.6e-09   1.6e-07   29.2   0.0    76   149    98   172    90   174 0.93 -
TRINITY_DN8055_c0_g1_i3:86-610    -            175 5364at3041           -            170   8.5e-18   62.7   0.0   1   2     6e-10   2.7e-08   31.7   0.0    81   155     2    76     1    87 0.87 -
TRINITY_DN8055_c0_g1_i3:86-610    -            175 5364at3041           -            170   8.5e-18   62.7   0.0   2   2   3.6e-09   1.6e-07   29.2   0.0    76   149    98   172    90   174 0.93 -
TRINITY_DN5390_c0_g1_i3:281-802   -            174 5364at3041           -            170   7.4e-16   56.4   0.0   1   2   9.3e-10   4.2e-08   31.1   0.0    79   140     1    63     1    76 0.94 -
TRINITY_DN5390_c0_g1_i3:281-802   -            174 5364at3041           -            170   7.4e-16   56.4   0.0   2   2   2.2e-07     1e-05   23.4   0.0    77   144    94   162    86   167 0.93 -
TRINITY_DN5390_c0_g1_i1:281-799   -            173 5364at3041           -            170     1e-15   55.9   0.0   1   2   9.2e-10   4.2e-08   31.1   0.0    79   140     1    63     1    76 0.94 -
TRINITY_DN5390_c0_g1_i1:281-799   -            173 5364at3041           -            170     1e-15   55.9   0.0   2   2   3.1e-07   1.4e-05   22.9   0.0    77   142    94   160    86   167 0.93 -
TRINITY_DN13813_c0_g1_i2:453-671  -             73 5364at3041           -            170   8.9e-15   52.8   0.0   1   1   2.1e-16   9.5e-15   52.8   0.0    80   150     1    72     1    73 0.97 -
TRINITY_DN35498_c0_g1_i1:7-216    -             70 5364at3041           -            170   1.6e-14   52.0   0.1   1   1   3.7e-16   1.7e-14   51.9   0.1    79   147     1    70     1    70 0.97 -
TRINITY_DN13084_c0_g1_i1:66-878   -            271 5364at3041           -            170   8.6e-13   46.4   0.0   1   2   1.1e-12   4.8e-11   40.7   0.0    77   149     8    82     5    86 0.89 -
TRINITY_DN13084_c0_g1_i1:66-878   -            271 5364at3041           -            170   8.6e-13   46.4   0.0   2   2      0.44        20    2.9   0.0   113   135   217   239   176   244 0.83 -
TRINITY_DN1510_c0_g1_i1:186-428   -             81 5364at3041           -            170   1.6e-12   45.5   0.0   1   1   3.7e-14   1.7e-12   45.5   0.0    78   152     6    80     1    81 0.95 -
TRINITY_DN112_c0_g1_i2:558-1397   -            280 5364at3041           -            170   4.7e-12   44.0   0.4   1   2      0.29        13    3.5   0.1    18    59    28    69    19    85 0.84 -
TRINITY_DN112_c0_g1_i2:558-1397   -            280 5364at3041           -            170   4.7e-12   44.0   0.4   2   2   5.6e-12   2.5e-10   38.3   0.0    79   139   203   264   196   275 0.92 -
TRINITY_DN714_c0_g2_i2:884-1108   -             75 5364at3041           -            170   1.1e-11   42.7   0.0   1   1   2.6e-13   1.2e-11   42.7   0.0    77   146     3    73     1    75 0.97 -
TRINITY_DN4474_c0_g1_i3:0-611     -            204 5364at3041           -            170   1.8e-11   42.1   0.1   1   1   8.2e-13   3.7e-11   41.1   0.0    64   153    87   174    73   189 0.86 -
TRINITY_DN29508_c0_g1_i1:158-562  -            135 5364at3041           -            170   2.4e-11   41.7   0.0   1   1   7.4e-13   3.4e-11   41.2   0.0    74   148    15    90    11   102 0.92 -
TRINITY_DN41327_c0_g1_i1:28-348   -            107 5364at3041           -            170   6.5e-11   40.3   0.0   1   1   1.6e-12   7.5e-11   40.1   0.0    78   146    27    96    12   101 0.93 -
TRINITY_DN112_c0_g1_i1:558-1211   -            218 5364at3041           -            170   9.9e-11   39.7   0.5   1   1   3.5e-12   1.6e-10   39.0   0.0    79   139   141   202   134   213 0.92 -
TRINITY_DN6081_c0_g5_i1:0-467     -            156 5364at3041           -            170   1.3e-10   39.3   0.0   1   1   2.9e-12   1.3e-10   39.3   0.0    65   147     5    88     1   101 0.88 -
TRINITY_DN2892_c0_g1_i2:570-755   -             62 5364at3041           -            170   3.6e-10   37.9   0.4   1   1   8.3e-12   3.8e-10   37.8   0.4    93   151     1    60     1    62 0.95 -
TRINITY_DN2892_c0_g1_i3:570-755   -             62 5364at3041           -            170   3.6e-10   37.9   0.4   1   1   8.3e-12   3.8e-10   37.8   0.4    93   151     1    60     1    62 0.95 -
TRINITY_DN582_c0_g1_i2:14-232     -             73 5364at3041           -            170   7.4e-10   36.8   0.0   1   1   1.6e-11   7.4e-10   36.8   0.0    79   145     1    68     1    73 0.88 -
TRINITY_DN2958_c0_g1_i2:41-226    -             62 5364at3041           -            170   1.4e-09   36.0   0.0   1   1     3e-11   1.4e-09   36.0   0.0    93   149     1    58     1    62 0.95 -
TRINITY_DN2958_c0_g1_i6:41-226    -             62 5364at3041           -            170   1.4e-09   36.0   0.0   1   1     3e-11   1.4e-09   36.0   0.0    93   149     1    58     1    62 0.95 -
TRINITY_DN4485_c0_g1_i4:457-672   -             72 5364at3041           -            170   2.3e-09   35.2   0.0   1   1   5.3e-11   2.4e-09   35.2   0.0    79   147     1    70     1    72 0.93 -
TRINITY_DN4405_c0_g1_i3:108-395   -             96 5364at3041           -            170   4.1e-09   34.4   0.0   1   1   9.6e-11   4.3e-09   34.3   0.0    71   150     5    88     1    95 0.86 -
TRINITY_DN4405_c0_g1_i4:108-395   -             96 5364at3041           -            170   4.1e-09   34.4   0.0   1   1   9.6e-11   4.3e-09   34.3   0.0    71   150     5    88     1    95 0.86 -
TRINITY_DN35053_c0_g1_i1:223-606  -            128 5364at3041           -            170     6e-09   33.9   0.1   1   1   2.4e-10   1.1e-08   33.0   0.0    76   149    18    89     5    93 0.90 -
TRINITY_DN4481_c0_g1_i10:75-341   -             89 5364at3041           -            170   9.1e-09   33.3   0.0   1   1     2e-10   9.1e-09   33.3   0.0    90   155    19    84     1    88 0.86 -
TRINITY_DN4481_c0_g1_i26:75-341   -             89 5364at3041           -            170   9.1e-09   33.3   0.0   1   1     2e-10   9.1e-09   33.3   0.0    90   155    19    84     1    88 0.86 -
TRINITY_DN4481_c0_g1_i30:75-341   -             89 5364at3041           -            170   9.1e-09   33.3   0.0   1   1     2e-10   9.1e-09   33.3   0.0    90   155    19    84     1    88 0.86 -
TRINITY_DN4481_c0_g1_i46:75-341   -             89 5364at3041           -            170   9.1e-09   33.3   0.0   1   1     2e-10   9.1e-09   33.3   0.0    90   155    19    84     1    88 0.86 -
TRINITY_DN4481_c0_g1_i60:75-341   -             89 5364at3041           -            170   9.1e-09   33.3   0.0   1   1     2e-10   9.1e-09   33.3   0.0    90   155    19    84     1    88 0.86 -
TRINITY_DN4481_c0_g1_i62:75-341   -             89 5364at3041           -            170   9.1e-09   33.3   0.0   1   1     2e-10   9.1e-09   33.3   0.0    90   155    19    84     1    88 0.86 -
TRINITY_DN4481_c0_g1_i63:75-341   -             89 5364at3041           -            170   9.1e-09   33.3   0.0   1   1     2e-10   9.1e-09   33.3   0.0    90   155    19    84     1    88 0.86 -
TRINITY_DN4481_c0_g1_i73:75-341   -             89 5364at3041           -            170   9.1e-09   33.3   0.0   1   1     2e-10   9.1e-09   33.3   0.0    90   155    19    84     1    88 0.86 -
TRINITY_DN42768_c0_g1_i1:574-795  -             74 5364at3041           -            170   1.4e-08   32.7   0.1   1   1   3.3e-10   1.5e-08   32.6   0.1    84   149     3    68     1    71 0.90 -
TRINITY_DN6030_c0_g1_i2:207-443   -             79 5364at3041           -            170   1.6e-08   32.5   0.0   1   1   3.9e-10   1.8e-08   32.3   0.0    79   149     4    75     1    78 0.92 -
TRINITY_DN36635_c0_g1_i1:70-414   -            115 5364at3041           -            170   2.2e-08   32.1   0.1   1   1   5.3e-10   2.4e-08   31.9   0.1    38   133    14   112     3   115 0.74 -
TRINITY_DN960_c0_g1_i1:45-224     -             60 5364at3041           -            170     5e-08   30.9   0.0   1   1   1.2e-09   5.4e-08   30.8   0.0    79   139     1    59     1    60 0.93 -
TRINITY_DN960_c0_g1_i2:45-224     -             60 5364at3041           -            170     5e-08   30.9   0.0   1   1   1.2e-09   5.4e-08   30.8   0.0    79   139     1    59     1    60 0.93 -
TRINITY_DN1686_c0_g1_i2:1807-2001 -             65 5364at3041           -            170   5.5e-08   30.7   0.0   1   1   1.3e-09   6.1e-08   30.6   0.0    78   135     2    57     1    63 0.87 -
TRINITY_DN1686_c0_g1_i5:255-449   -             65 5364at3041           -            170   5.5e-08   30.7   0.0   1   1   1.3e-09   6.1e-08   30.6   0.0    78   135     2    57     1    63 0.87 -
TRINITY_DN1686_c0_g1_i6:1031-1225 -             65 5364at3041           -            170   5.5e-08   30.7   0.0   1   1   1.3e-09   6.1e-08   30.6   0.0    78   135     2    57     1    63 0.87 -
TRINITY_DN30632_c0_g1_i1:168-407  -             80 5364at3041           -            170   7.9e-08   30.2   0.0   1   1   2.1e-09   9.4e-08   30.0   0.0    79   139     1    60     1    65 0.93 -
TRINITY_DN5390_c0_g1_i2:281-421   -             47 5364at3041           -            170   8.2e-08   30.2   0.0   1   1   1.9e-09   8.7e-08   30.1   0.0    79   124     1    47     1    47 0.97 -
TRINITY_DN2162_c0_g1_i2:531-755   -             75 5364at3041           -            170   1.5e-07   29.4   0.0   1   1   3.4e-09   1.6e-07   29.3   0.0    80   146     2    68     1    74 0.83 -
TRINITY_DN374_c0_g1_i1:565-822    -             86 5364at3041           -            170   2.3e-07   28.7   0.1   1   1   5.7e-09   2.6e-07   28.6   0.1    79   148     1    70     1    83 0.90 -
TRINITY_DN374_c0_g1_i2:782-1039   -             86 5364at3041           -            170   2.3e-07   28.7   0.1   1   1   5.7e-09   2.6e-07   28.6   0.1    79   148     1    70     1    83 0.90 -
TRINITY_DN511_c0_g1_i2:145-378    -             78 5364at3041           -            170   2.5e-07   28.6   0.0   1   1   6.2e-09   2.8e-07   28.4   0.0    81   149     1    69     1    73 0.91 -
TRINITY_DN7365_c0_g1_i1:230-430   -             67 5364at3041           -            170   2.8e-07   28.5   0.0   1   1   6.2e-09   2.8e-07   28.4   0.0    80   140     2    63     1    67 0.93 -
TRINITY_DN762_c0_g1_i3:2987-3277  -             97 5364at3041           -            170   3.2e-07   28.3   0.1   1   1   7.4e-09   3.3e-07   28.2   0.1    78   151    14    88     2    95 0.84 -
TRINITY_DN35703_c0_g1_i1:96-665   -            190 5364at3041           -            170   3.4e-07   28.2   0.0   1   1   2.1e-08   9.5e-07   26.7   0.0    77   129   114   167   105   188 0.83 -
TRINITY_DN762_c0_g1_i2:2987-3265  -             93 5364at3041           -            170   3.5e-07   28.1   0.1   1   1   8.4e-09   3.8e-07   28.0   0.1    79   151    11    84     4    91 0.85 -
TRINITY_DN762_c0_g1_i9:2987-3265  -             93 5364at3041           -            170   3.5e-07   28.1   0.1   1   1   8.4e-09   3.8e-07   28.0   0.1    79   151    11    84     4    91 0.85 -
TRINITY_DN1145_c0_g1_i1:368-586   -             73 5364at3041           -            170   8.4e-06   23.6   0.0   1   1   1.9e-07   8.8e-06   23.6   0.0    77   145     2    71     1    73 0.91 -
TRINITY_DN511_c0_g1_i1:289-423    -             45 5364at3041           -            170   9.6e-06   23.5   0.0   1   1   2.2e-07   9.9e-06   23.4   0.0    83   125     2    45     1    45 0.95 -
TRINITY_DN43488_c0_g1_i1:2-241    -             80 5364at3041           -            170   2.8e-05   21.9   0.0   1   1   6.2e-07   2.8e-05   21.9   0.0    80   149     2    72     1    80 0.90 -
TRINITY_DN36382_c0_g1_i1:6-170    -             55 5364at3041           -            170   5.2e-05   21.1   0.0   1   1   1.2e-06   5.4e-05   21.0   0.0    79   129     2    53     1    55 0.92 -
TRINITY_DN5390_c0_g1_i2:887-1057  -             57 5364at3041           -            170   0.00027   18.7   0.0   1   1   5.9e-06   0.00027   18.7   0.0    91   142     3    55     1    57 0.89 -
TRINITY_DN18643_c0_g1_i1:24-1586  -            521 5364at3041           -            170    0.0014   16.4   0.0   1   1   4.8e-05    0.0022   15.8   0.0    69   135   330   397   284   419 0.83 -
TRINITY_DN100_c0_g1_i11:1161-1334 -             58 5364at3041           -            170     0.002   15.9   0.0   1   1   4.6e-05    0.0021   15.8   0.0    88   136     3    52     1    57 0.88 -
TRINITY_DN100_c0_g1_i22:1093-1266 -             58 5364at3041           -            170     0.002   15.9   0.0   1   1   4.6e-05    0.0021   15.8   0.0    88   136     3    52     1    57 0.88 -
TRINITY_DN100_c0_g1_i23:1624-1797 -             58 5364at3041           -            170     0.002   15.9   0.0   1   1   4.6e-05    0.0021   15.8   0.0    88   136     3    52     1    57 0.88 -
TRINITY_DN100_c0_g1_i2:1129-1302  -             58 5364at3041           -            170     0.002   15.9   0.0   1   1   4.6e-05    0.0021   15.8   0.0    88   136     3    52     1    57 0.88 -
TRINITY_DN100_c0_g1_i37:1093-1266 -             58 5364at3041           -            170     0.002   15.9   0.0   1   1   4.6e-05    0.0021   15.8   0.0    88   136     3    52     1    57 0.88 -
TRINITY_DN100_c0_g1_i58:1805-1978 -             58 5364at3041           -            170     0.002   15.9   0.0   1   1   4.6e-05    0.0021   15.8   0.0    88   136     3    52     1    57 0.88 -
TRINITY_DN100_c0_g1_i5:1374-1547  -             58 5364at3041           -            170     0.002   15.9   0.0   1   1   4.6e-05    0.0021   15.8   0.0    88   136     3    52     1    57 0.88 -
TRINITY_DN100_c0_g1_i64:1186-1359 -             58 5364at3041           -            170     0.002   15.9   0.0   1   1   4.6e-05    0.0021   15.8   0.0    88   136     3    52     1    57 0.88 -
TRINITY_DN4405_c0_g1_i3:450-641   -             64 5364at3041           -            170    0.0032   15.2   0.0   1   1   7.4e-05    0.0034   15.2   0.0    79   131     3    57     1    63 0.83 -
TRINITY_DN4405_c0_g1_i4:450-641   -             64 5364at3041           -            170    0.0032   15.2   0.0   1   1   7.4e-05    0.0034   15.2   0.0    79   131     3    57     1    63 0.83 -
TRINITY_DN762_c0_g1_i2:4016-4249  -             78 5364at3041           -            170    0.0095   13.7   0.0   1   1   0.00022    0.0099   13.6   0.0    88   132     1    46     1    72 0.84 -
TRINITY_DN762_c0_g1_i5:4151-4384  -             78 5364at3041           -            170    0.0095   13.7   0.0   1   1   0.00022    0.0099   13.6   0.0    88   132     1    46     1    72 0.84 -
TRINITY_DN762_c0_g1_i9:4016-4249  -             78 5364at3041           -            170    0.0095   13.7   0.0   1   1   0.00022    0.0099   13.6   0.0    88   132     1    46     1    72 0.84 -
TRINITY_DN14575_c0_g1_i1:15-614   -            200 5364at3041           -            170     0.016   13.0   0.0   1   1   0.00048     0.022   12.5   0.0    58   128    93   153    61   164 0.77 -
#
# Program:         hmmsearch
# Version:         3.2.1 (June 2018)
# Pipeline mode:   SEARCH
# Query file:      /sw/bioinfo/BUSCO/v5_lineage_sets/lineages/chlorophyta_odb10/hmms/5364at3041.hmm
# Target file:     /crex/proj/snic2022-23-81/expression_algae/code/busco/trinity_VA-3180-Osg11Mul/run_chlorophyta_odb10/metaeuk_output/initial_results/trinity_VA-3180-Osg11Mul.Trinity.fasta.modified.fas
# Option settings: hmmsearch --domtblout /crex/proj/snic2022-23-81/expression_algae/code/busco/trinity_VA-3180-Osg11Mul/run_chlorophyta_odb10/hmmer_output/initial_run_results/5364at3041.out --cpu 1 /sw/bioinfo/BUSCO/v5_lineage_sets/lineages/chlorophyta_odb10/hmms/5364at3041.hmm /crex/proj/snic2022-23-81/expression_algae/code/busco/trinity_VA-3180-Osg11Mul/run_chlorophyta_odb10/metaeuk_output/initial_results/trinity_VA-3180-Osg11Mul.Trinity.fasta.modified.fas 
# Current dir:     /crex/proj/snic2022-23-81/expression_algae/code/busco
# Date:            Fri Sep 23 10:12:24 2022
# [ok]
