#                                                                                         --- full sequence --- -------------- this domain -------------   hmm coord   ali coord   env coord
# target name                     accession   tlen query name           accession   qlen   E-value  score  bias   #  of  c-Evalue  i-Evalue  score  bias  from    to  from    to  from    to  acc description of target
#             ------------------- ---------- ----- -------------------- ---------- ----- --------- ------ ----- --- --- --------- --------- ------ ----- ----- ----- ----- ----- ----- ----- ---- ---------------------
TRINITY_DN5723_c0_g2_i1:10-846    -            279 587at3041            -            750   1.3e-86  289.1   2.6   1   2   4.3e-89   2.6e-86  288.1   0.7   538   715     1   195     1   220 0.89 -
TRINITY_DN5723_c0_g2_i1:10-846    -            279 587at3041            -            750   1.3e-86  289.1   2.6   2   2     0.035        21    0.8   0.0   722   737   240   255   236   278 0.68 -
TRINITY_DN3255_c0_g2_i2:459-1193  -            245 587at3041            -            750     2e-21   73.6   0.3   1   1   1.5e-23     9e-21   71.4   0.3     2   187    13   243     9   245 0.72 -
TRINITY_DN3255_c0_g2_i1:459-1106  -            216 587at3041            -            750   3.8e-19   66.0   0.1   1   1     3e-21   1.8e-18   63.8   0.1    21   187     4   214     1   216 0.71 -
TRINITY_DN3255_c0_g2_i3:459-932   -            158 587at3041            -            750   2.2e-13   47.0   0.0   1   1     9e-16   5.4e-13   45.7   0.0    60   187     5   156     2   158 0.71 -
TRINITY_DN1820_c0_g2_i1:1275-3011 -            579 587at3041            -            750   1.9e-05   20.7   0.0   1   1   5.8e-08   3.5e-05   19.9   0.0    36   106     3    75     1    82 0.90 -
TRINITY_DN3187_c0_g1_i6:224-1690  -            489 587at3041            -            750   4.9e-05   19.3   0.5   1   2   2.4e-07   0.00015   17.8   0.3    10   111    22   143     9   150 0.74 -
TRINITY_DN3187_c0_g1_i6:224-1690  -            489 587at3041            -            750   4.9e-05   19.3   0.5   2   2      0.25   1.5e+02   -2.1   0.0   227   266   255   293   246   294 0.77 -
#
# Program:         hmmsearch
# Version:         3.2.1 (June 2018)
# Pipeline mode:   SEARCH
# Query file:      /sw/bioinfo/BUSCO/v5_lineage_sets/lineages/chlorophyta_odb10/hmms/587at3041.hmm
# Target file:     /crex/proj/snic2022-23-81/expression_algae/code/busco/trinity_VA-3180-Osg11Mul/run_chlorophyta_odb10/metaeuk_output/initial_results/trinity_VA-3180-Osg11Mul.Trinity.fasta.modified.fas
# Option settings: hmmsearch --domtblout /crex/proj/snic2022-23-81/expression_algae/code/busco/trinity_VA-3180-Osg11Mul/run_chlorophyta_odb10/hmmer_output/initial_run_results/587at3041.out --cpu 1 /sw/bioinfo/BUSCO/v5_lineage_sets/lineages/chlorophyta_odb10/hmms/587at3041.hmm /crex/proj/snic2022-23-81/expression_algae/code/busco/trinity_VA-3180-Osg11Mul/run_chlorophyta_odb10/metaeuk_output/initial_results/trinity_VA-3180-Osg11Mul.Trinity.fasta.modified.fas 
# Current dir:     /crex/proj/snic2022-23-81/expression_algae/code/busco
# Date:            Fri Sep 23 10:12:23 2022
# [ok]
