#                                                                                        --- full sequence --- -------------- this domain -------------   hmm coord   ali coord   env coord
# target name                    accession   tlen query name           accession   qlen   E-value  score  bias   #  of  c-Evalue  i-Evalue  score  bias  from    to  from    to  from    to  acc description of target
#            ------------------- ---------- ----- -------------------- ---------- ----- --------- ------ ----- --- --- --------- --------- ------ ----- ----- ----- ----- ----- ----- ----- ---- ---------------------
TRINITY_DN2089_c0_g1_i1:220-1716 -            499 878at3041            -            457  8.4e-243  803.5   0.8   1   1  1.2e-244  7.4e-242  800.4   0.8    24   457     1   499     1   499 0.95 -
TRINITY_DN2089_c0_g1_i2:330-1805 -            492 878at3041            -            457  2.5e-240  795.4   1.9   1   1  4.1e-242  2.4e-239  792.1   1.9    32   457     8   492     4   492 0.95 -
TRINITY_DN2089_c0_g1_i3:320-676  -            119 878at3041            -            457   5.7e-67  223.9   0.2   1   1   1.1e-69   6.3e-67  223.7   0.2   344   457     1   119     1   119 0.97 -
TRINITY_DN7460_c0_g1_i2:347-1036 -            230 878at3041            -            457   0.00012   18.4   0.4   1   2    0.0012      0.69    6.0   0.2    63    86   113   136    81   170 0.75 -
TRINITY_DN7460_c0_g1_i2:347-1036 -            230 878at3041            -            457   0.00012   18.4   0.4   2   2   4.2e-05     0.025   10.8   0.0   102   145   176   223   165   229 0.84 -
TRINITY_DN5469_c0_g1_i1:909-1364 -            152 878at3041            -            457     0.021   11.0   0.2   1   1   4.7e-05     0.028   10.6   0.2    63   101    59   100    24   152 0.69 -
TRINITY_DN5469_c0_g1_i2:909-1364 -            152 878at3041            -            457     0.021   11.0   0.2   1   1   4.7e-05     0.028   10.6   0.2    63   101    59   100    24   152 0.69 -
#
# Program:         hmmsearch
# Version:         3.2.1 (June 2018)
# Pipeline mode:   SEARCH
# Query file:      /sw/bioinfo/BUSCO/v5_lineage_sets/lineages/chlorophyta_odb10/hmms/878at3041.hmm
# Target file:     /crex/proj/snic2022-23-81/expression_algae/code/busco/trinity_VA-3180-Osg11Mul/run_chlorophyta_odb10/metaeuk_output/initial_results/trinity_VA-3180-Osg11Mul.Trinity.fasta.modified.fas
# Option settings: hmmsearch --domtblout /crex/proj/snic2022-23-81/expression_algae/code/busco/trinity_VA-3180-Osg11Mul/run_chlorophyta_odb10/hmmer_output/initial_run_results/878at3041.out --cpu 1 /sw/bioinfo/BUSCO/v5_lineage_sets/lineages/chlorophyta_odb10/hmms/878at3041.hmm /crex/proj/snic2022-23-81/expression_algae/code/busco/trinity_VA-3180-Osg11Mul/run_chlorophyta_odb10/metaeuk_output/initial_results/trinity_VA-3180-Osg11Mul.Trinity.fasta.modified.fas 
# Current dir:     /crex/proj/snic2022-23-81/expression_algae/code/busco
# Date:            Fri Sep 23 10:12:26 2022
# [ok]
