#                                                                                         --- full sequence --- -------------- this domain -------------   hmm coord   ali coord   env coord
# target name                     accession   tlen query name           accession   qlen   E-value  score  bias   #  of  c-Evalue  i-Evalue  score  bias  from    to  from    to  from    to  acc description of target
#             ------------------- ---------- ----- -------------------- ---------- ----- --------- ------ ----- --- --- --------- --------- ------ ----- ----- ----- ----- ----- ----- ----- ---- ---------------------
TRINITY_DN43410_c0_g1_i1:37-558   -            174 1094at3041           -            562   1.4e-91  305.4   0.1   1   1   7.4e-94   1.6e-91  305.2   0.1     1   153     3   174     3   174 0.91 -
TRINITY_DN16628_c0_g1_i1:3-1346   -            448 1094at3041           -            562    0.0024   14.1   0.3   1   3      0.12        26    0.8   0.0    21    45     1    25     1    43 0.84 -
TRINITY_DN16628_c0_g1_i1:3-1346   -            448 1094at3041           -            562    0.0024   14.1   0.3   2   3       2.5   5.6e+02   -3.6   0.0   233   252   122   141   121   145 0.87 -
TRINITY_DN16628_c0_g1_i1:3-1346   -            448 1094at3041           -            562    0.0024   14.1   0.3   3   3   0.00013     0.029   10.6   0.1    21    86   195   261   186   321 0.77 -
TRINITY_DN32_c0_g1_i17:400-2097   -            566 1094at3041           -            562    0.0027   13.9   0.1   1   1     2e-05    0.0045   13.2   0.1    21    39    41    59    31    75 0.85 -
TRINITY_DN32_c0_g1_i9:400-2097    -            566 1094at3041           -            562    0.0027   13.9   0.1   1   1     2e-05    0.0045   13.2   0.1    21    39    41    59    31    75 0.85 -
TRINITY_DN41149_c0_g1_i1:974-1144 -             57 1094at3041           -            562    0.0042   13.3   0.0   1   1   1.9e-05    0.0042   13.3   0.0    21    61     1    38     1    55 0.81 -
TRINITY_DN28400_c0_g1_i1:14-178   -             55 1094at3041           -            562     0.011   12.0   0.0   1   1   4.7e-05     0.011   12.0   0.0    21    57     1    34     1    53 0.83 -
TRINITY_DN36582_c0_g1_i1:2-880    -            293 1094at3041           -            562     0.011   11.9   0.0   1   1   7.5e-05     0.017   11.3   0.0     8    64   172   229   166   239 0.74 -
TRINITY_DN833_c0_g1_i1:561-2165   -            535 1094at3041           -            562     0.011   11.9   0.1   1   2      0.02       4.4    3.4   0.0    21    41    28    48    15    60 0.85 -
TRINITY_DN833_c0_g1_i1:561-2165   -            535 1094at3041           -            562     0.011   11.9   0.1   2   2    0.0032      0.72    5.9   0.1    20    41   346   367   344   375 0.91 -
TRINITY_DN19238_c0_g1_i1:15-182   -             56 1094at3041           -            562     0.014   11.6   0.0   1   1   6.3e-05     0.014   11.6   0.0    21    52     1    32     1    42 0.89 -
TRINITY_DN37482_c0_g1_i1:87-620   -            178 1094at3041           -            562     0.017   11.3   0.0   1   1    0.0001     0.023   10.9   0.0    20    40    33    53    25    58 0.90 -
TRINITY_DN36598_c0_g1_i1:432-917  -            162 1094at3041           -            562     0.018   11.2   0.0   1   1   0.00011     0.024   10.8   0.0    20    40    30    50    23    65 0.86 -
TRINITY_DN46357_c0_g1_i1:21-530   -            170 1094at3041           -            562      0.02   11.1   0.0   1   1    0.0001     0.023   10.9   0.0    19    41    37    59    32    94 0.90 -
TRINITY_DN159_c0_g2_i1:1976-2746  -            257 1094at3041           -            562     0.032   10.4   0.0   1   1   0.00021     0.046    9.9   0.0    20    41    44    65    37    81 0.83 -
TRINITY_DN330_c0_g2_i2:1668-2219  -            184 1094at3041           -            562     0.038   10.2   0.0   1   1   0.00023     0.051    9.7   0.0    21    43     3    25     1    31 0.90 -
#
# Program:         hmmsearch
# Version:         3.2.1 (June 2018)
# Pipeline mode:   SEARCH
# Query file:      /sw/bioinfo/BUSCO/v5_lineage_sets/lineages/chlorophyta_odb10/hmms/1094at3041.hmm
# Target file:     /crex/proj/snic2022-23-81/expression_algae/code/busco/trinity_VA-3180-Osg03Mul/run_chlorophyta_odb10/metaeuk_output/initial_results/trinity_VA-3180-Osg03Mul.Trinity.fasta.modified.fas
# Option settings: hmmsearch --domtblout /crex/proj/snic2022-23-81/expression_algae/code/busco/trinity_VA-3180-Osg03Mul/run_chlorophyta_odb10/hmmer_output/initial_run_results/1094at3041.out --cpu 1 /sw/bioinfo/BUSCO/v5_lineage_sets/lineages/chlorophyta_odb10/hmms/1094at3041.hmm /crex/proj/snic2022-23-81/expression_algae/code/busco/trinity_VA-3180-Osg03Mul/run_chlorophyta_odb10/metaeuk_output/initial_results/trinity_VA-3180-Osg03Mul.Trinity.fasta.modified.fas 
# Current dir:     /crex/proj/snic2022-23-81/expression_algae/code/busco
# Date:            Fri Sep 23 10:11:28 2022
# [ok]
