#                                                                                          --- full sequence --- -------------- this domain -------------   hmm coord   ali coord   env coord
# target name                      accession   tlen query name           accession   qlen   E-value  score  bias   #  of  c-Evalue  i-Evalue  score  bias  from    to  from    to  from    to  acc description of target
#              ------------------- ---------- ----- -------------------- ---------- ----- --------- ------ ----- --- --- --------- --------- ------ ----- ----- ----- ----- ----- ----- ----- ---- ---------------------
TRINITY_DN1572_c0_g10_i1:7-1302    -            432 1379at3041           -            361    3e-195  645.8   7.1   1   2   2.9e-25     2e-23   80.5   5.1     1    66     8    76     8    94 0.90 -
TRINITY_DN1572_c0_g10_i1:7-1302    -            432 1379at3041           -            361    3e-195  645.8   7.1   2   2  2.3e-172  1.6e-170  564.5   0.0    61   361   103   432    82   432 0.92 -
TRINITY_DN1572_c0_g5_i3:3-2360     -            786 1379at3041           -            361  5.6e-102  339.0   0.0   1   2   2.6e-50   1.8e-48  163.0   0.0    78   302   209   438   202   457 0.93 -
TRINITY_DN1572_c0_g5_i3:3-2360     -            786 1379at3041           -            361  5.6e-102  339.0   0.0   2   2   1.2e-53   8.4e-52  173.9   0.0    70   355   473   768   452   773 0.86 -
TRINITY_DN5187_c0_g1_i1:225-1064   -            280 1379at3041           -            361   1.3e-87  291.7   0.0   1   1   2.3e-89   1.5e-87  291.5   0.0    74   301    15   247     2   264 0.90 -
TRINITY_DN1572_c0_g5_i2:72-1973    -            634 1379at3041           -            361   9.5e-83  275.7   0.0   1   2   1.7e-50   1.2e-48  163.6   0.0    78   302   209   438   203   457 0.93 -
TRINITY_DN1572_c0_g5_i2:72-1973    -            634 1379at3041           -            361   9.5e-83  275.7   0.0   2   2   3.3e-34   2.2e-32  110.0   0.0    71   222   474   633   459   634 0.88 -
TRINITY_DN1572_c0_g3_i2:89-1045    -            319 1379at3041           -            361     1e-79  265.7   0.1   1   2   1.5e-60     1e-58  196.6   0.0    78   212    20   155     6   158 0.96 -
TRINITY_DN1572_c0_g3_i2:89-1045    -            319 1379at3041           -            361     1e-79  265.7   0.1   2   2   3.7e-21   2.5e-19   67.0   0.0   214   301   179   265   177   319 0.76 -
TRINITY_DN5121_c0_g2_i1:0-1190     -            397 1379at3041           -            361   5.4e-50  167.9   0.3   1   2       1.4        93   -0.6   0.4    18    75     6    64     2    69 0.76 -
TRINITY_DN5121_c0_g2_i1:0-1190     -            397 1379at3041           -            361   5.4e-50  167.9   0.3   2   2   3.5e-51   2.4e-49  165.8   0.0    78   306   132   368   122   386 0.92 -
TRINITY_DN1572_c0_g2_i1:149-769    -            207 1379at3041           -            361   4.2e-47  158.4   0.0   1   1   7.4e-49   5.1e-47  158.2   0.0    78   261    10   203     2   206 0.89 -
TRINITY_DN4381_c0_g2_i1:3-1079     -            359 1379at3041           -            361   6.7e-47  157.8   0.0   1   1   1.3e-48   8.7e-47  157.4   0.0    80   304   104   337    90   351 0.89 -
TRINITY_DN198_c0_g1_i2:275-2008    -            578 1379at3041           -            361   7.5e-45  151.0   0.0   1   1   1.6e-46   1.1e-44  150.5   0.0    77   298   116   344   103   360 0.87 -
TRINITY_DN198_c0_g1_i3:80-1960     -            627 1379at3041           -            361   1.2e-44  150.3   0.0   1   1   2.8e-46   1.9e-44  149.7   0.0    77   294   181   405   168   425 0.86 -
TRINITY_DN1197_c0_g1_i1:1-600      -            200 1379at3041           -            361   8.1e-44  147.6   0.0   1   1   1.4e-45   9.5e-44  147.4   0.0   115   292    11   194     7   200 0.94 -
TRINITY_DN4381_c0_g3_i3:117-2282   -            722 1379at3041           -            361   1.3e-42  143.6   0.0   1   1   3.2e-44   2.2e-42  142.9   0.0    77   293   251   474   239   492 0.85 -
TRINITY_DN2064_c0_g4_i1:40-1515    -            492 1379at3041           -            361   7.1e-42  141.2   0.0   1   1   1.7e-43   1.2e-41  140.5   0.0    77   289    54   270    48   284 0.92 -
TRINITY_DN3866_c1_g1_i1:2-916      -            305 1379at3041           -            361   7.1e-42  141.2   0.0   1   1   1.3e-43     9e-42  140.9   0.0    82   293     2   216     1   227 0.91 -
TRINITY_DN1572_c0_g3_i3:0-926      -            309 1379at3041           -            361     1e-40  137.4   0.0   1   1   2.5e-42   1.7e-40  136.7   0.0    78   255   118   304   107   308 0.91 -
TRINITY_DN1572_c0_g9_i1:6-1505     -            500 1379at3041           -            361   2.6e-40  136.1   0.0   1   1     5e-42   3.4e-40  135.7   0.0    79   303   147   376   113   398 0.89 -
TRINITY_DN44306_c0_g1_i1:49-729    -            227 1379at3041           -            361   6.8e-40  134.7   0.0   1   1   1.2e-41   8.2e-40  134.4   0.0    81   297     1   224     1   226 0.93 -
TRINITY_DN4381_c0_g5_i1:6-608      -            201 1379at3041           -            361   1.4e-38  130.3   0.0   1   1   2.7e-40   1.8e-38  130.0   0.0    78   257     4   192     2   198 0.87 -
TRINITY_DN198_c0_g1_i1:275-1948    -            558 1379at3041           -            361   2.4e-38  129.6   0.0   1   2   2.3e-39   1.6e-37  126.9   0.0    77   249   116   296   103   299 0.86 -
TRINITY_DN198_c0_g1_i1:275-1948    -            558 1379at3041           -            361   2.4e-38  129.6   0.0   2   2      0.51        34    0.8   0.0   272   297   298   323   292   337 0.79 -
TRINITY_DN2064_c0_g1_i1:196-1791   -            532 1379at3041           -            361   4.1e-36  122.3   0.0   1   1   9.2e-38   6.2e-36  121.7   0.0    77   290    56   276    50   292 0.90 -
TRINITY_DN4381_c0_g3_i2:95-1378    -            428 1379at3041           -            361   1.7e-35  120.3   0.0   1   1   3.7e-37   2.5e-35  119.7   0.0   122   293     2   180     1   198 0.85 -
TRINITY_DN1572_c0_g2_i2:50-640     -            197 1379at3041           -            361   7.2e-35  118.2   0.0   1   1   1.1e-36   7.5e-35  118.1   0.0   113   288     2   188     1   197 0.83 -
TRINITY_DN497_c0_g1_i1:0-815       -            272 1379at3041           -            361   6.5e-34  115.0   0.0   1   1   1.3e-35   8.6e-34  114.6   0.0    76   210   129   271   111   272 0.82 -
TRINITY_DN1572_c0_g2_i3:44-640     -            199 1379at3041           -            361   4.7e-32  108.9   0.0   1   1     8e-34   5.4e-32  108.7   0.0   116   296     5   196     2   199 0.83 -
TRINITY_DN1572_c0_g1_i2:16-615     -            200 1379at3041           -            361   8.3e-30  101.5   0.0   1   1   1.5e-31     1e-29  101.3   0.0    79   257     1   188     1   195 0.87 -
TRINITY_DN4381_c0_g3_i1:117-1286   -            390 1379at3041           -            361     1e-26   91.4   0.0   1   1   2.2e-28   1.5e-26   90.8   0.0    77   211   251   388   239   390 0.85 -
TRINITY_DN2451_c0_g2_i3:60-473     -            138 1379at3041           -            361     1e-25   88.1   0.0   1   1   1.7e-27   1.2e-25   87.9   0.0    81   211     2   133     1   136 0.95 -
TRINITY_DN24721_c0_g1_i1:0-356     -            119 1379at3041           -            361   9.9e-25   84.8   0.0   1   1   1.6e-26   1.1e-24   84.7   0.0   116   212    10   109     5   119 0.87 -
TRINITY_DN1572_c0_g1_i3:16-348     -            111 1379at3041           -            361   7.4e-24   81.9   0.0   1   1   1.2e-25   8.1e-24   81.8   0.0    81   190     1   111     1   111 0.95 -
TRINITY_DN29891_c0_g1_i1:2-301     -            100 1379at3041           -            361   7.9e-24   81.9   0.0   1   1   1.3e-25   8.6e-24   81.7   0.0    83   181     1   100     1   100 0.96 -
TRINITY_DN22533_c0_g1_i1:1-834     -            278 1379at3041           -            361   1.1e-23   81.4   0.0   1   1   2.1e-25   1.5e-23   81.0   0.0    79   181   175   278   172   278 0.96 -
TRINITY_DN2451_c0_g2_i4:60-437     -            126 1379at3041           -            361   4.9e-23   79.2   0.0   1   1   8.5e-25   5.8e-23   79.0   0.0   115   211    25   121    10   124 0.95 -
TRINITY_DN2451_c0_g2_i2:259-561    -            101 1379at3041           -            361   1.6e-17   61.1   0.0   1   1   2.5e-19   1.7e-17   61.0   0.0    82   180     2   101     1   101 0.95 -
TRINITY_DN198_c2_g1_i1:0-473       -            158 1379at3041           -            361   1.9e-17   60.9   0.0   1   1   3.7e-19   2.5e-17   60.5   0.0    77   157    75   155    63   157 0.85 -
TRINITY_DN4381_c0_g2_i3:6-473      -            156 1379at3041           -            361     3e-17   60.2   0.1   1   1     5e-19   3.4e-17   60.0   0.1   173   296     2   132     1   148 0.84 -
TRINITY_DN5294_c0_g1_i2:112-1803   -            564 1379at3041           -            361   9.5e-15   52.0   0.0   1   1   1.4e-16   9.5e-15   52.0   0.0   114   257   332   476   326   485 0.87 -
TRINITY_DN5294_c0_g1_i1:112-1932   -            607 1379at3041           -            361   1.1e-14   51.8   0.0   1   1   1.6e-16   1.1e-14   51.8   0.0   114   257   332   476   326   485 0.87 -
TRINITY_DN3247_c0_g1_i1:618-1196   -            193 1379at3041           -            361   7.3e-14   49.1   0.0   1   1   1.4e-15   9.3e-14   48.7   0.0    85   213    47   188    28   191 0.79 -
TRINITY_DN43620_c0_g1_i1:154-837   -            228 1379at3041           -            361   2.8e-12   43.9   0.0   1   2       1.6   1.1e+02   -0.9   0.0   205   246    95   140    92   151 0.73 -
TRINITY_DN43620_c0_g1_i1:154-837   -            228 1379at3041           -            361   2.8e-12   43.9   0.0   2   2   1.3e-13   8.6e-12   42.3   0.0    75   147   150   225   140   228 0.86 -
TRINITY_DN832_c1_g1_i1:481-1167    -            229 1379at3041           -            361   2.1e-11   41.0   0.1   1   2       2.2   1.5e+02   -1.3   0.0    49    96    50    98    42   101 0.77 -
TRINITY_DN832_c1_g1_i1:481-1167    -            229 1379at3041           -            361   2.1e-11   41.0   0.1   2   2   8.6e-13   5.8e-11   39.5   0.0    81   138   168   226   153   229 0.89 -
TRINITY_DN832_c1_g1_i2:305-1051    -            249 1379at3041           -            361   2.6e-11   40.7   0.1   1   2       2.7   1.9e+02   -1.6   0.0    49    96    70   118    62   120 0.76 -
TRINITY_DN832_c1_g1_i2:305-1051    -            249 1379at3041           -            361   2.6e-11   40.7   0.1   2   2     1e-12   6.8e-11   39.3   0.0    81   138   188   246   173   249 0.89 -
TRINITY_DN4381_c0_g1_i3:830-1288   -            153 1379at3041           -            361   2.7e-06   24.2   0.0   1   1     4e-08   2.7e-06   24.2   0.0   116   150    59    93    27   146 0.81 -
TRINITY_DN21991_c0_g1_i1:1121-1501 -            127 1379at3041           -            361   7.1e-06   22.8   0.0   1   1   1.1e-07   7.8e-06   22.7   0.0    84   186    13   124     7   127 0.72 -
TRINITY_DN28617_c0_g1_i1:24-632    -            203 1379at3041           -            361     0.015   11.8   0.0   1   1   0.00031     0.021   11.3   0.0   119   188     9    86     4    97 0.69 -
TRINITY_DN10790_c0_g1_i1:186-533   -            116 1379at3041           -            361     0.021   11.4   0.0   1   1    0.0003     0.021   11.4   0.0   118   148    40    70     5   116 0.80 -
TRINITY_DN35906_c0_g1_i1:190-960   -            257 1379at3041           -            361     0.039   10.5   0.0   1   1   0.00077     0.052   10.1   0.0   118   147     1    30     1    67 0.84 -
#
# Program:         hmmsearch
# Version:         3.2.1 (June 2018)
# Pipeline mode:   SEARCH
# Query file:      /sw/bioinfo/BUSCO/v5_lineage_sets/lineages/chlorophyta_odb10/hmms/1379at3041.hmm
# Target file:     /crex/proj/snic2022-23-81/expression_algae/code/busco/trinity_VA-3180-Osg03Mul/run_chlorophyta_odb10/metaeuk_output/initial_results/trinity_VA-3180-Osg03Mul.Trinity.fasta.modified.fas
# Option settings: hmmsearch --domtblout /crex/proj/snic2022-23-81/expression_algae/code/busco/trinity_VA-3180-Osg03Mul/run_chlorophyta_odb10/hmmer_output/initial_run_results/1379at3041.out --cpu 1 /sw/bioinfo/BUSCO/v5_lineage_sets/lineages/chlorophyta_odb10/hmms/1379at3041.hmm /crex/proj/snic2022-23-81/expression_algae/code/busco/trinity_VA-3180-Osg03Mul/run_chlorophyta_odb10/metaeuk_output/initial_results/trinity_VA-3180-Osg03Mul.Trinity.fasta.modified.fas 
# Current dir:     /crex/proj/snic2022-23-81/expression_algae/code/busco
# Date:            Fri Sep 23 10:11:27 2022
# [ok]
