#                                                                                        --- full sequence --- -------------- this domain -------------   hmm coord   ali coord   env coord
# target name                    accession   tlen query name           accession   qlen   E-value  score  bias   #  of  c-Evalue  i-Evalue  score  bias  from    to  from    to  from    to  acc description of target
#            ------------------- ---------- ----- -------------------- ---------- ----- --------- ------ ----- --- --- --------- --------- ------ ----- ----- ----- ----- ----- ----- ----- ---- ---------------------
TRINITY_DN44064_c0_g1_i1:298-720 -            141 1503at3041           -            416     1e-38  130.7   0.0   1   1     3e-41   1.3e-38  130.3   0.0     1   110     1   135     1   140 0.82 -
TRINITY_DN13103_c0_g1_i1:23-784  -            254 1503at3041           -            416   0.00012   18.5   4.2   1   2   2.6e-07   0.00012   18.5   4.2   280   352     2    75     1    88 0.86 -
TRINITY_DN13103_c0_g1_i1:23-784  -            254 1503at3041           -            416   0.00012   18.5   4.2   2   2       1.5   6.7e+02   -3.8   0.0   135   153   229   247   226   250 0.77 -
TRINITY_DN23639_c0_g1_i1:90-494  -            135 1503at3041           -            416    0.0007   15.9   0.3   1   1   2.3e-06     0.001   15.4   0.3   291   340     7    58     1    64 0.81 -
TRINITY_DN6486_c0_g1_i1:3-581    -            193 1503at3041           -            416    0.0027   14.0   0.1   1   1   7.3e-06    0.0033   13.7   0.1   280   361    16    98    12   140 0.81 -
TRINITY_DN30220_c0_g1_i1:321-662 -            114 1503at3041           -            416     0.011   12.1   0.0   1   1     3e-05     0.014   11.7   0.0   284   321    24    61    21    67 0.90 -
TRINITY_DN15796_c0_g1_i1:2-568   -            189 1503at3041           -            416     0.023   10.9   0.1   1   1   6.9e-05     0.031   10.5   0.1   279   316    64   101    26   132 0.85 -
TRINITY_DN24365_c0_g1_i1:14-532  -            173 1503at3041           -            416     0.054    9.7   0.9   1   2   0.00022       0.1    8.8   0.5   272   305    11    44     7    73 0.80 -
TRINITY_DN24365_c0_g1_i1:14-532  -            173 1503at3041           -            416     0.054    9.7   0.9   2   2      0.32   1.4e+02   -1.6   0.0   231   262    67    98    56   105 0.73 -
#
# Program:         hmmsearch
# Version:         3.2.1 (June 2018)
# Pipeline mode:   SEARCH
# Query file:      /sw/bioinfo/BUSCO/v5_lineage_sets/lineages/chlorophyta_odb10/hmms/1503at3041.hmm
# Target file:     /crex/proj/snic2022-23-81/expression_algae/code/busco/trinity_VA-3180-Osg03Mul/run_chlorophyta_odb10/metaeuk_output/initial_results/trinity_VA-3180-Osg03Mul.Trinity.fasta.modified.fas
# Option settings: hmmsearch --domtblout /crex/proj/snic2022-23-81/expression_algae/code/busco/trinity_VA-3180-Osg03Mul/run_chlorophyta_odb10/hmmer_output/initial_run_results/1503at3041.out --cpu 1 /sw/bioinfo/BUSCO/v5_lineage_sets/lineages/chlorophyta_odb10/hmms/1503at3041.hmm /crex/proj/snic2022-23-81/expression_algae/code/busco/trinity_VA-3180-Osg03Mul/run_chlorophyta_odb10/metaeuk_output/initial_results/trinity_VA-3180-Osg03Mul.Trinity.fasta.modified.fas 
# Current dir:     /crex/proj/snic2022-23-81/expression_algae/code/busco
# Date:            Fri Sep 23 10:11:27 2022
# [ok]
