#                                                                                         --- full sequence --- -------------- this domain -------------   hmm coord   ali coord   env coord
# target name                     accession   tlen query name           accession   qlen   E-value  score  bias   #  of  c-Evalue  i-Evalue  score  bias  from    to  from    to  from    to  acc description of target
#             ------------------- ---------- ----- -------------------- ---------- ----- --------- ------ ----- --- --- --------- --------- ------ ----- ----- ----- ----- ----- ----- ----- ---- ---------------------
TRINITY_DN29109_c0_g1_i1:491-1519 -            343 2130at3041           -            286  3.8e-153  506.0   0.1   1   1  1.3e-155  4.7e-153  505.7   0.1    17   286    24   319    13   319 0.93 -
TRINITY_DN42495_c0_g1_i1:2-562    -            187 2130at3041           -            286   3.3e-55  184.6   0.4   1   2    0.0018      0.61    6.5   0.1     3    15     1    13     1    20 0.87 -
TRINITY_DN42495_c0_g1_i1:2-562    -            187 2130at3041           -            286   3.3e-55  184.6   0.4   2   2   2.8e-55   9.9e-53  176.5   0.0    17   155    35   187    28   187 0.92 -
TRINITY_DN31244_c0_g1_i1:170-730  -            187 2130at3041           -            286   3.3e-53  178.1   0.0   1   1   1.1e-55   3.8e-53  177.9   0.0   140   286     1   165     1   165 0.87 -
TRINITY_DN1734_c0_g3_i1:608-1561  -            318 2130at3041           -            286   1.4e-42  143.2   0.1   1   1   3.1e-44   1.1e-41  140.3   0.1     1   278     7   306     7   318 0.77 -
TRINITY_DN91_c2_g4_i1:15-1010     -            332 2130at3041           -            286   2.1e-41  139.3   0.9   1   2   0.00014      0.05   10.1   0.1     1    18     2    19     2    42 0.76 -
TRINITY_DN91_c2_g4_i1:15-1010     -            332 2130at3041           -            286   2.1e-41  139.3   0.9   2   2   1.9e-40   6.5e-38  127.9   0.1    63   265    90   298    60   305 0.83 -
TRINITY_DN4766_c0_g1_i1:9-821     -            271 2130at3041           -            286   2.2e-40  136.0   0.0   1   1   7.3e-43   2.6e-40  135.8   0.0    61   264    55   270    27   271 0.87 -
TRINITY_DN11161_c0_g1_i1:12-935   -            308 2130at3041           -            286   4.1e-40  135.1   5.0   1   1   2.5e-41   8.6e-39  130.8   5.0     1   275     2   300     2   306 0.72 -
TRINITY_DN43258_c0_g1_i1:154-1155 -            334 2130at3041           -            286   3.5e-39  132.0   0.0   1   2      0.09        31    0.9   0.0     1    14     5    18     5    33 0.82 -
TRINITY_DN43258_c0_g1_i1:154-1155 -            334 2130at3041           -            286   3.5e-39  132.0   0.0   2   2   7.9e-41   2.8e-38  129.1   0.0    30   284    62   332    46   334 0.80 -
TRINITY_DN5768_c0_g1_i2:130-1197  -            356 2130at3041           -            286   1.2e-30  104.0   1.5   1   2   0.00045      0.16    8.5   0.1     1    24    42    65    42    73 0.76 -
TRINITY_DN5768_c0_g1_i2:130-1197  -            356 2130at3041           -            286   1.2e-30  104.0   1.5   2   2   2.1e-30   7.2e-28   94.9   0.1    94   278   154   348   148   355 0.86 -
#
# Program:         hmmsearch
# Version:         3.2.1 (June 2018)
# Pipeline mode:   SEARCH
# Query file:      /sw/bioinfo/BUSCO/v5_lineage_sets/lineages/chlorophyta_odb10/hmms/2130at3041.hmm
# Target file:     /crex/proj/snic2022-23-81/expression_algae/code/busco/trinity_VA-3180-Osg03Mul/run_chlorophyta_odb10/metaeuk_output/initial_results/trinity_VA-3180-Osg03Mul.Trinity.fasta.modified.fas
# Option settings: hmmsearch --domtblout /crex/proj/snic2022-23-81/expression_algae/code/busco/trinity_VA-3180-Osg03Mul/run_chlorophyta_odb10/hmmer_output/initial_run_results/2130at3041.out --cpu 1 /sw/bioinfo/BUSCO/v5_lineage_sets/lineages/chlorophyta_odb10/hmms/2130at3041.hmm /crex/proj/snic2022-23-81/expression_algae/code/busco/trinity_VA-3180-Osg03Mul/run_chlorophyta_odb10/metaeuk_output/initial_results/trinity_VA-3180-Osg03Mul.Trinity.fasta.modified.fas 
# Current dir:     /crex/proj/snic2022-23-81/expression_algae/code/busco
# Date:            Fri Sep 23 10:11:29 2022
# [ok]
