#                                                                                         --- full sequence --- -------------- this domain -------------   hmm coord   ali coord   env coord
# target name                     accession   tlen query name           accession   qlen   E-value  score  bias   #  of  c-Evalue  i-Evalue  score  bias  from    to  from    to  from    to  acc description of target
#             ------------------- ---------- ----- -------------------- ---------- ----- --------- ------ ----- --- --- --------- --------- ------ ----- ----- ----- ----- ----- ----- ----- ---- ---------------------
TRINITY_DN40803_c0_g1_i1:394-1509 -            372 2298at3041           -            236   1.5e-88  293.8   0.8   1   3   2.9e-12   1.8e-09   35.0   0.1     1    36    30    65    30    92 0.89 -
TRINITY_DN40803_c0_g1_i1:394-1509 -            372 2298at3041           -            236   1.5e-88  293.8   0.8   2   3   8.6e-17   5.4e-14   49.8   0.2    32    68    94   132    71   155 0.86 -
TRINITY_DN40803_c0_g1_i1:394-1509 -            372 2298at3041           -            236   1.5e-88  293.8   0.8   3   3   1.9e-64   1.2e-61  205.7   0.0    69   236   156   365   151   365 0.89 -
TRINITY_DN25583_c0_g1_i1:29-640   -            204 2298at3041           -            236     2e-28   97.0   0.0   1   1   2.7e-30   1.7e-27   94.0   0.0     2   142     1   183     1   204 0.74 -
TRINITY_DN641_c1_g2_i1:14-1015    -            334 2298at3041           -            236   8.1e-07   26.3   1.0   1   2      0.13        78    0.1   0.1     1    22     9    30     9    39 0.80 -
TRINITY_DN641_c1_g2_i1:14-1015    -            334 2298at3041           -            236   8.1e-07   26.3   1.0   2   2   6.6e-09   4.1e-06   24.0   0.1    53   124    92   173    61   182 0.77 -
TRINITY_DN11218_c0_g1_i1:17-598   -            194 2298at3041           -            236   8.1e-05   19.7   0.4   1   2     0.012       7.4    3.5   0.0     1    22     3    24     3    36 0.91 -
TRINITY_DN11218_c0_g1_i1:17-598   -            194 2298at3041           -            236   8.1e-05   19.7   0.4   2   2   4.3e-06    0.0027   14.7   0.1    54   122    89   170    67   177 0.74 -
TRINITY_DN38207_c0_g1_i1:11-622   -            204 2298at3041           -            236    0.0083   13.1   1.3   1   2     0.017        11    2.9   0.1     1    22     5    26     5    30 0.92 -
TRINITY_DN38207_c0_g1_i1:11-622   -            204 2298at3041           -            236    0.0083   13.1   1.3   2   2   0.00018      0.11    9.4   0.1    54   121    90   170    33   181 0.69 -
#
# Program:         hmmsearch
# Version:         3.2.1 (June 2018)
# Pipeline mode:   SEARCH
# Query file:      /sw/bioinfo/BUSCO/v5_lineage_sets/lineages/chlorophyta_odb10/hmms/2298at3041.hmm
# Target file:     /crex/proj/snic2022-23-81/expression_algae/code/busco/trinity_VA-3180-Osg03Mul/run_chlorophyta_odb10/metaeuk_output/initial_results/trinity_VA-3180-Osg03Mul.Trinity.fasta.modified.fas
# Option settings: hmmsearch --domtblout /crex/proj/snic2022-23-81/expression_algae/code/busco/trinity_VA-3180-Osg03Mul/run_chlorophyta_odb10/hmmer_output/initial_run_results/2298at3041.out --cpu 1 /sw/bioinfo/BUSCO/v5_lineage_sets/lineages/chlorophyta_odb10/hmms/2298at3041.hmm /crex/proj/snic2022-23-81/expression_algae/code/busco/trinity_VA-3180-Osg03Mul/run_chlorophyta_odb10/metaeuk_output/initial_results/trinity_VA-3180-Osg03Mul.Trinity.fasta.modified.fas 
# Current dir:     /crex/proj/snic2022-23-81/expression_algae/code/busco
# Date:            Fri Sep 23 10:11:31 2022
# [ok]
