#                                                                                        --- full sequence --- -------------- this domain -------------   hmm coord   ali coord   env coord
# target name                    accession   tlen query name           accession   qlen   E-value  score  bias   #  of  c-Evalue  i-Evalue  score  bias  from    to  from    to  from    to  acc description of target
#            ------------------- ---------- ----- -------------------- ---------- ----- --------- ------ ----- --- --- --------- --------- ------ ----- ----- ----- ----- ----- ----- ----- ---- ---------------------
TRINITY_DN43010_c0_g1_i1:2-862   -            287 3012at3041           -            262  1.6e-135  448.1   0.1   1   1  4.3e-138  1.9e-135  447.8   0.1     1   239    25   277    25   282 0.94 -
TRINITY_DN6303_c0_g2_i2:271-1158 -            296 3012at3041           -            262   4.7e-43  144.9   0.0   1   1   1.4e-45   6.4e-43  144.5   0.0    23   242    16   250     8   266 0.79 -
TRINITY_DN6303_c0_g2_i1:114-974  -            287 3012at3041           -            262     5e-43  144.9   0.0   1   1   1.5e-45   6.7e-43  144.5   0.0    24   242     8   241     3   257 0.79 -
TRINITY_DN460_c0_g1_i2:77-1054   -            326 3012at3041           -            262     4e-07   27.2   0.0   1   1   1.4e-09   6.1e-07   26.6   0.0    22   151     9   142     3   251 0.82 -
TRINITY_DN460_c0_g1_i1:77-1164   -            325 3012at3041           -            262   4.1e-06   23.8   0.0   1   1   1.4e-08   6.3e-06   23.2   0.0    22   151     9   141     3   250 0.79 -
TRINITY_DN1502_c0_g1_i3:300-1172 -            291 3012at3041           -            262    0.0018   15.2   0.0   1   1     8e-06    0.0036   14.2   0.0    41   105    27    97     5   127 0.70 -
TRINITY_DN1502_c0_g1_i4:225-1097 -            291 3012at3041           -            262    0.0018   15.2   0.0   1   1     8e-06    0.0036   14.2   0.0    41   105    27    97     5   127 0.70 -
#
# Program:         hmmsearch
# Version:         3.2.1 (June 2018)
# Pipeline mode:   SEARCH
# Query file:      /sw/bioinfo/BUSCO/v5_lineage_sets/lineages/chlorophyta_odb10/hmms/3012at3041.hmm
# Target file:     /crex/proj/snic2022-23-81/expression_algae/code/busco/trinity_VA-3180-Osg03Mul/run_chlorophyta_odb10/metaeuk_output/initial_results/trinity_VA-3180-Osg03Mul.Trinity.fasta.modified.fas
# Option settings: hmmsearch --domtblout /crex/proj/snic2022-23-81/expression_algae/code/busco/trinity_VA-3180-Osg03Mul/run_chlorophyta_odb10/hmmer_output/initial_run_results/3012at3041.out --cpu 1 /sw/bioinfo/BUSCO/v5_lineage_sets/lineages/chlorophyta_odb10/hmms/3012at3041.hmm /crex/proj/snic2022-23-81/expression_algae/code/busco/trinity_VA-3180-Osg03Mul/run_chlorophyta_odb10/metaeuk_output/initial_results/trinity_VA-3180-Osg03Mul.Trinity.fasta.modified.fas 
# Current dir:     /crex/proj/snic2022-23-81/expression_algae/code/busco
# Date:            Fri Sep 23 10:11:32 2022
# [ok]
