#                                                                                       --- full sequence --- -------------- this domain -------------   hmm coord   ali coord   env coord
# target name                   accession   tlen query name           accession   qlen   E-value  score  bias   #  of  c-Evalue  i-Evalue  score  bias  from    to  from    to  from    to  acc description of target
#           ------------------- ---------- ----- -------------------- ---------- ----- --------- ------ ----- --- --- --------- --------- ------ ----- ----- ----- ----- ----- ----- ----- ---- ---------------------
TRINITY_DN13853_c0_g1_i1:13-447 -            145 4101at3041           -            314   6.3e-30  102.1   0.0   1   1   7.6e-33   7.9e-30  101.7   0.0     1    94    36   139    36   143 0.90 -
TRINITY_DN37519_c0_g1_i2:5-1297 -            431 4101at3041           -            314   4.2e-06   23.8   4.2   1   5   0.00096         1    6.1   0.0   265   296    79   110    68   138 0.83 -
TRINITY_DN37519_c0_g1_i2:5-1297 -            431 4101at3041           -            314   4.2e-06   23.8   4.2   2   5    0.0007      0.73    6.6   0.1   169   203   163   197   154   226 0.70 -
TRINITY_DN37519_c0_g1_i2:5-1297 -            431 4101at3041           -            314   4.2e-06   23.8   4.2   3   5    0.0015       1.6    5.5   0.1   256   292   196   232   192   250 0.92 -
TRINITY_DN37519_c0_g1_i2:5-1297 -            431 4101at3041           -            314   4.2e-06   23.8   4.2   4   5    0.0044       4.6    3.9   0.1   129   164   258   301   234   343 0.47 -
TRINITY_DN37519_c0_g1_i2:5-1297 -            431 4101at3041           -            314   4.2e-06   23.8   4.2   5   5     0.044        46    0.7   0.0   262   285   354   377   332   413 0.71 -
TRINITY_DN27222_c0_g1_i1:5-181  -             59 4101at3041           -            314   4.5e-05   20.4   0.0   1   1   4.4e-08   4.5e-05   20.4   0.0    27    77     9    59     1    59 0.90 -
#
# Program:         hmmsearch
# Version:         3.2.1 (June 2018)
# Pipeline mode:   SEARCH
# Query file:      /sw/bioinfo/BUSCO/v5_lineage_sets/lineages/chlorophyta_odb10/hmms/4101at3041.hmm
# Target file:     /crex/proj/snic2022-23-81/expression_algae/code/busco/trinity_VA-3180-Osg03Mul/run_chlorophyta_odb10/metaeuk_output/initial_results/trinity_VA-3180-Osg03Mul.Trinity.fasta.modified.fas
# Option settings: hmmsearch --domtblout /crex/proj/snic2022-23-81/expression_algae/code/busco/trinity_VA-3180-Osg03Mul/run_chlorophyta_odb10/hmmer_output/initial_run_results/4101at3041.out --cpu 1 /sw/bioinfo/BUSCO/v5_lineage_sets/lineages/chlorophyta_odb10/hmms/4101at3041.hmm /crex/proj/snic2022-23-81/expression_algae/code/busco/trinity_VA-3180-Osg03Mul/run_chlorophyta_odb10/metaeuk_output/initial_results/trinity_VA-3180-Osg03Mul.Trinity.fasta.modified.fas 
# Current dir:     /crex/proj/snic2022-23-81/expression_algae/code/busco
# Date:            Fri Sep 23 10:11:32 2022
# [ok]
