#                                                                                          --- full sequence --- -------------- this domain -------------   hmm coord   ali coord   env coord
# target name                      accession   tlen query name           accession   qlen   E-value  score  bias   #  of  c-Evalue  i-Evalue  score  bias  from    to  from    to  from    to  acc description of target
#              ------------------- ---------- ----- -------------------- ---------- ----- --------- ------ ----- --- --- --------- --------- ------ ----- ----- ----- ----- ----- ----- ----- ---- ---------------------
TRINITY_DN7302_c0_g1_i2:250-1503   -            418 4267at3041           -            329   3.9e-55  184.4   6.0   1   1   1.9e-54   7.6e-53  176.9   6.0     2   321    19   416    18   418 0.73 -
TRINITY_DN29466_c0_g1_i1:30-866    -            279 4267at3041           -            329   2.9e-46  155.3   4.6   1   4   1.8e-11   7.4e-10   35.6   0.0   165   202     3    40     1    51 0.91 -
TRINITY_DN29466_c0_g1_i1:30-866    -            279 4267at3041           -            329   2.9e-46  155.3   4.6   2   4   5.8e-09   2.3e-07   27.4   0.1   201   238    71   109    63   112 0.85 -
TRINITY_DN29466_c0_g1_i1:30-866    -            279 4267at3041           -            329   2.9e-46  155.3   4.6   3   4   3.4e-07   1.3e-05   21.6   0.1   225   270   111   160   107   164 0.80 -
TRINITY_DN29466_c0_g1_i1:30-866    -            279 4267at3041           -            329   2.9e-46  155.3   4.6   4   4   4.4e-22   1.8e-20   70.5   0.1   269   329   205   279   201   279 0.83 -
TRINITY_DN12286_c0_g1_i1:324-1235  -            304 4267at3041           -            329   5.4e-22   75.5   0.3   1   3   6.6e-10   2.7e-08   30.5   0.1   128   241     7   138     1   142 0.65 -
TRINITY_DN12286_c0_g1_i1:324-1235  -            304 4267at3041           -            329   5.4e-22   75.5   0.3   2   3   4.8e-10   1.9e-08   31.0   0.0    89   202   101   222    96   244 0.84 -
TRINITY_DN12286_c0_g1_i1:324-1235  -            304 4267at3041           -            329   5.4e-22   75.5   0.3   3   3   1.3e-05   0.00052   16.4   0.0   139   182   248   295   244   304 0.81 -
TRINITY_DN2189_c0_g1_i4:7-477      -            157 4267at3041           -            329     7e-21   71.9   4.1   1   3     1e-10     4e-09   33.2   0.1   140   204     4    71     2    76 0.85 -
TRINITY_DN2189_c0_g1_i4:7-477      -            157 4267at3041           -            329     7e-21   71.9   4.1   2   3   3.6e-08   1.4e-06   24.8   0.1   145   203    51   112    49   113 0.88 -
TRINITY_DN2189_c0_g1_i4:7-477      -            157 4267at3041           -            329     7e-21   71.9   4.1   3   3     1e-08   4.1e-07   26.6   0.1   140   200    88   151    73   155 0.82 -
TRINITY_DN12499_c0_g1_i1:147-902   -            252 4267at3041           -            329   1.3e-19   67.6   1.7   1   3   8.1e-13   3.3e-11   40.1   0.2   134   204     2    81     1    84 0.81 -
TRINITY_DN12499_c0_g1_i1:147-902   -            252 4267at3041           -            329   1.3e-19   67.6   1.7   2   3     2e-08     8e-07   25.6   0.0   133   204    85   165    81   171 0.83 -
TRINITY_DN12499_c0_g1_i1:147-902   -            252 4267at3041           -            329   1.3e-19   67.6   1.7   3   3       1.9        76   -0.6   0.0   176   204   181   208   168   250 0.70 -
TRINITY_DN3168_c0_g1_i2:86-964     -            293 4267at3041           -            329   1.7e-19   67.3   6.6   1   4   2.4e-08   9.7e-07   25.4   0.0   133   202     7    85     3    89 0.77 -
TRINITY_DN3168_c0_g1_i2:86-964     -            293 4267at3041           -            329   1.7e-19   67.3   6.6   2   4     2e-06   8.1e-05   19.1   0.1   132   207    90   174    85   176 0.78 -
TRINITY_DN3168_c0_g1_i2:86-964     -            293 4267at3041           -            329   1.7e-19   67.3   6.6   3   4   4.1e-09   1.6e-07   27.9   0.4   147   239   153   255   151   264 0.74 -
TRINITY_DN3168_c0_g1_i2:86-964     -            293 4267at3041           -            329   1.7e-19   67.3   6.6   4   4      0.56        22    1.2   0.0   237   259   270   292   265   293 0.87 -
TRINITY_DN3168_c0_g1_i3:292-1173   -            294 4267at3041           -            329     2e-19   67.1   6.9   1   3   2.1e-08   8.2e-07   25.6   0.1   132   202     7    86     2    90 0.78 -
TRINITY_DN3168_c0_g1_i3:292-1173   -            294 4267at3041           -            329     2e-19   67.1   6.9   2   3   2.3e-06   9.3e-05   18.8   0.1   132   207    91   175    86   176 0.78 -
TRINITY_DN3168_c0_g1_i3:292-1173   -            294 4267at3041           -            329     2e-19   67.1   6.9   3   3   3.3e-09   1.3e-07   28.2   1.7   147   248   154   265   150   294 0.73 -
TRINITY_DN37419_c0_g1_i1:2-937     -            312 4267at3041           -            329   5.3e-18   62.4   0.5   1   3   9.3e-05    0.0037   13.6   0.0   218   309    32   127    27   130 0.79 -
TRINITY_DN37419_c0_g1_i1:2-937     -            312 4267at3041           -            329   5.3e-18   62.4   0.5   2   3   6.8e-12   2.7e-10   37.0   0.0   150   243   117   223   116   229 0.82 -
TRINITY_DN37419_c0_g1_i1:2-937     -            312 4267at3041           -            329   5.3e-18   62.4   0.5   3   3   0.00032     0.013   11.8   0.1    93   161   231   306   226   310 0.80 -
TRINITY_DN42711_c0_g1_i1:32-751    -            240 4267at3041           -            329   6.9e-17   58.7   6.4   1   3   0.00093     0.038   10.3   0.1   145   178    17    54     1    61 0.57 -
TRINITY_DN42711_c0_g1_i1:32-751    -            240 4267at3041           -            329   6.9e-17   58.7   6.4   2   3   1.8e-12   7.3e-11   38.9   0.8   146   245    60   169    52   171 0.77 -
TRINITY_DN42711_c0_g1_i1:32-751    -            240 4267at3041           -            329   6.9e-17   58.7   6.4   3   3    0.0026       0.1    8.8   0.1   148   193   188   236   175   240 0.70 -
TRINITY_DN28128_c0_g1_i1:152-1057  -            302 4267at3041           -            329   4.9e-16   55.9   3.3   1   3   2.4e-08   9.5e-07   25.4   0.2   106   232    22   122     1   132 0.47 -
TRINITY_DN28128_c0_g1_i1:152-1057  -            302 4267at3041           -            329   4.9e-16   55.9   3.3   2   3   4.2e-07   1.7e-05   21.3   0.1   147   204   157   217   138   223 0.87 -
TRINITY_DN28128_c0_g1_i1:152-1057  -            302 4267at3041           -            329   4.9e-16   55.9   3.3   3   3    0.0059      0.24    7.6   0.0   239   308   226   302   218   302 0.80 -
TRINITY_DN9122_c0_g1_i2:232-666    -            145 4267at3041           -            329   2.2e-15   53.8   0.4   1   2   3.8e-11   1.5e-09   34.6   0.2   168   236     1    81     1    89 0.82 -
TRINITY_DN9122_c0_g1_i2:232-666    -            145 4267at3041           -            329   2.2e-15   53.8   0.4   2   2   1.1e-05   0.00044   16.6   0.0   164   199   109   144   104   145 0.91 -
TRINITY_DN819_c0_g1_i3:1630-2469   -            280 4267at3041           -            329   2.4e-15   53.6   1.3   1   3   6.8e-09   2.7e-07   27.2   0.1   164   310     5   166     2   169 0.73 -
TRINITY_DN819_c0_g1_i3:1630-2469   -            280 4267at3041           -            329   2.4e-15   53.6   1.3   2   3   5.3e-05    0.0021   14.4   0.1   132   232   131   234   125   236 0.70 -
TRINITY_DN819_c0_g1_i3:1630-2469   -            280 4267at3041           -            329   2.4e-15   53.6   1.3   3   3   2.2e-06   8.7e-05   18.9   0.2   132   199   202   280   189   280 0.76 -
TRINITY_DN6773_c0_g1_i2:1176-2042  -            289 4267at3041           -            329   2.9e-15   53.4   0.2   1   3   5.2e-06   0.00021   17.7   0.0   114   203    21   114     4   120 0.82 -
TRINITY_DN6773_c0_g1_i2:1176-2042  -            289 4267at3041           -            329   2.9e-15   53.4   0.2   2   3   5.5e-10   2.2e-08   30.8   0.0   165   248   120   212   114   245 0.63 -
TRINITY_DN6773_c0_g1_i2:1176-2042  -            289 4267at3041           -            329   2.9e-15   53.4   0.2   3   3      0.13       5.1    3.3   0.0   147   170   227   250   216   280 0.76 -
TRINITY_DN6773_c0_g1_i4:1168-2034  -            289 4267at3041           -            329   2.9e-15   53.4   0.2   1   3   5.2e-06   0.00021   17.7   0.0   114   203    21   114     4   120 0.82 -
TRINITY_DN6773_c0_g1_i4:1168-2034  -            289 4267at3041           -            329   2.9e-15   53.4   0.2   2   3   5.5e-10   2.2e-08   30.8   0.0   165   248   120   212   114   245 0.63 -
TRINITY_DN6773_c0_g1_i4:1168-2034  -            289 4267at3041           -            329   2.9e-15   53.4   0.2   3   3      0.13       5.1    3.3   0.0   147   170   227   250   216   280 0.76 -
TRINITY_DN819_c0_g1_i4:1630-2457   -            276 4267at3041           -            329   3.9e-15   53.0   1.2   1   3   1.1e-08   4.5e-07   26.5   0.1   165   310     2   162     1   165 0.70 -
TRINITY_DN819_c0_g1_i4:1630-2457   -            276 4267at3041           -            329   3.9e-15   53.0   1.2   2   3   1.7e-05   0.00068   16.0   0.1   132   235   127   233   120   238 0.60 -
TRINITY_DN819_c0_g1_i4:1630-2457   -            276 4267at3041           -            329   3.9e-15   53.0   1.2   3   3     2e-06     8e-05   19.1   0.2   131   199   197   276   184   276 0.76 -
TRINITY_DN2189_c0_g1_i3:10-369     -            120 4267at3041           -            329   3.6e-14   49.8   1.0   1   2   2.8e-07   1.1e-05   21.9   0.0   140   184     3    51     1    52 0.84 -
TRINITY_DN2189_c0_g1_i3:10-369     -            120 4267at3041           -            329   3.6e-14   49.8   1.0   2   2   3.4e-09   1.4e-07   28.2   0.4   145   204    50   112    48   118 0.82 -
TRINITY_DN23763_c0_g1_i1:68-580    -            171 4267at3041           -            329   9.9e-14   48.3   1.0   1   1   2.9e-13   1.1e-11   41.6   1.1   147   241    16   123    11   163 0.72 -
TRINITY_DN28238_c0_g1_i1:124-711   -            196 4267at3041           -            329   1.7e-13   47.5   0.6   1   1   1.2e-13   4.7e-12   42.8   0.6   153   311     1   179     1   185 0.74 -
TRINITY_DN41480_c0_g1_i4:465-1715  -            417 4267at3041           -            329   3.6e-13   46.5   0.1   1   2     3e-06   0.00012   18.5   0.0   239   310    66   137    59   145 0.76 -
TRINITY_DN41480_c0_g1_i4:465-1715  -            417 4267at3041           -            329   3.6e-13   46.5   0.1   2   2   2.4e-08   9.8e-07   25.4   0.1   155   310   181   358   171   361 0.75 -
TRINITY_DN41480_c0_g1_i2:505-1851  -            449 4267at3041           -            329   4.7e-13   46.1   0.1   1   2   3.4e-06   0.00014   18.3   0.0   239   310    66   137    59   145 0.75 -
TRINITY_DN41480_c0_g1_i2:505-1851  -            449 4267at3041           -            329   4.7e-13   46.1   0.1   2   2   2.7e-08   1.1e-06   25.2   0.1   155   310   181   358   169   363 0.75 -
TRINITY_DN41521_c0_g1_i1:248-937   -            230 4267at3041           -            329   7.2e-13   45.5   0.9   1   3    0.0017     0.069    9.4   0.0   255   314     2    61     1    70 0.80 -
TRINITY_DN41521_c0_g1_i1:248-937   -            230 4267at3041           -            329   7.2e-13   45.5   0.9   2   3   5.2e-09   2.1e-07   27.6   0.1   204   311    27   142    25   161 0.80 -
TRINITY_DN41521_c0_g1_i1:248-937   -            230 4267at3041           -            329   7.2e-13   45.5   0.9   3   3   0.00013    0.0054   13.1   0.3   143   198   172   230   152   230 0.74 -
TRINITY_DN4610_c0_g1_i1:63-674     -            204 4267at3041           -            329   1.9e-12   44.2   1.6   1   2   6.8e-08   2.8e-06   23.9   0.4   148   233    24   119     3   143 0.72 -
TRINITY_DN4610_c0_g1_i1:63-674     -            204 4267at3041           -            329   1.9e-12   44.2   1.6   2   2   2.9e-06   0.00012   18.5   0.0   144   193   148   200   136   204 0.78 -
TRINITY_DN2339_c4_g1_i2:114-3473   -           1120 4267at3041           -            329   2.3e-12   43.9   0.8   1   3      0.59        24    1.1   0.0   206   267    41   103    29   117 0.86 -
TRINITY_DN2339_c4_g1_i2:114-3473   -           1120 4267at3041           -            329   2.3e-12   43.9   0.8   2   3   1.8e-06   7.3e-05   19.2   0.2   165   312   121   260   113   267 0.78 -
TRINITY_DN2339_c4_g1_i2:114-3473   -           1120 4267at3041           -            329   2.3e-12   43.9   0.8   3   3   1.2e-05   0.00047   16.5   0.1   165   214   267   317   261   342 0.83 -
TRINITY_DN43182_c0_g1_i1:1-873     -            291 4267at3041           -            329   3.4e-12   43.3   1.0   1   3   8.5e-06   0.00034   17.0   0.0   145   232    30   128    12   128 0.78 -
TRINITY_DN43182_c0_g1_i1:1-873     -            291 4267at3041           -            329   3.4e-12   43.3   1.0   2   3   0.00016    0.0063   12.8   0.0   144   206   114   179    95   186 0.63 -
TRINITY_DN43182_c0_g1_i1:1-873     -            291 4267at3041           -            329   3.4e-12   43.3   1.0   3   3   2.5e-05     0.001   15.5   0.6   130   221   178   286   152   291 0.65 -
TRINITY_DN4909_c1_g1_i1:2-328      -            109 4267at3041           -            329   9.4e-12   41.9   0.1   1   1     1e-12   4.1e-11   39.7   0.1   147   243     1   107     1   109 0.77 -
TRINITY_DN21592_c0_g1_i1:827-1282  -            152 4267at3041           -            329   1.6e-11   41.0   0.0   1   1   8.5e-13   3.4e-11   40.0   0.0   147   261    13   148     9   152 0.71 -
TRINITY_DN35186_c0_g1_i1:67-738    -            224 4267at3041           -            329   2.5e-11   40.5   0.1   1   3   0.00053     0.021   11.1   0.0   148   204     2    60     1    62 0.79 -
TRINITY_DN35186_c0_g1_i1:67-738    -            224 4267at3041           -            329   2.5e-11   40.5   0.1   2   3    0.0021     0.086    9.1   0.0   166   204    65   102    60   107 0.86 -
TRINITY_DN35186_c0_g1_i1:67-738    -            224 4267at3041           -            329   2.5e-11   40.5   0.1   3   3   5.9e-06   0.00024   17.5   0.0   132   231   105   222   101   224 0.77 -
TRINITY_DN16424_c0_g1_i1:117-989   -            291 4267at3041           -            329     4e-11   39.8   2.1   1   3   7.2e-12   2.9e-10   37.0   0.8   147   303    20   195    11   203 0.74 -
TRINITY_DN16424_c0_g1_i1:117-989   -            291 4267at3041           -            329     4e-11   39.8   2.1   2   3     0.043       1.7    4.8   0.1   238   279   173   214   169   257 0.76 -
TRINITY_DN16424_c0_g1_i1:117-989   -            291 4267at3041           -            329     4e-11   39.8   2.1   3   3         1        42    0.3   0.0   105   124   228   247   216   291 0.59 -
TRINITY_DN7973_c0_g1_i1:0-905      -            302 4267at3041           -            329   8.8e-11   38.7   0.2   1   2     0.025         1    5.6   0.0   163   203    31    70    21    77 0.85 -
TRINITY_DN7973_c0_g1_i1:0-905      -            302 4267at3041           -            329   8.8e-11   38.7   0.2   2   2   5.4e-10   2.2e-08   30.8   0.3   142   237    90   195    75   279 0.81 -
TRINITY_DN3168_c0_g1_i1:198-719    -            174 4267at3041           -            329   2.5e-10   37.2   2.6   1   2   0.00057     0.023   11.0   0.1   163   207    13    56     1    59 0.76 -
TRINITY_DN3168_c0_g1_i1:198-719    -            174 4267at3041           -            329   2.5e-10   37.2   2.6   2   2   7.8e-10   3.2e-08   30.3   1.4   147   248    35   146    33   174 0.74 -
TRINITY_DN30100_c0_g1_i1:113-724   -            204 4267at3041           -            329   2.6e-10   37.1   2.4   1   3    0.0033      0.13    8.5   0.1   136   201    47   119    20   125 0.68 -
TRINITY_DN30100_c0_g1_i1:113-724   -            204 4267at3041           -            329   2.6e-10   37.1   2.4   2   3   1.3e-07   5.3e-06   23.0   0.2   146   201   103   161    66   166 0.78 -
TRINITY_DN30100_c0_g1_i1:113-724   -            204 4267at3041           -            329   2.6e-10   37.1   2.4   3   3     5e-07     2e-05   21.0   0.2   145   202   144   204   142   204 0.87 -
TRINITY_DN3703_c0_g1_i2:882-1748   -            289 4267at3041           -            329     4e-10   36.5   1.2   1   4       0.4        16    1.7   0.0   147   163    22    38    15    49 0.84 -
TRINITY_DN3703_c0_g1_i2:882-1748   -            289 4267at3041           -            329     4e-10   36.5   1.2   2   4   0.00014    0.0055   13.0   0.1   104   164    66   129    60   148 0.83 -
TRINITY_DN3703_c0_g1_i2:882-1748   -            289 4267at3041           -            329     4e-10   36.5   1.2   3   4   0.00045     0.018   11.3   0.1   144   202   151   212   133   220 0.76 -
TRINITY_DN3703_c0_g1_i2:882-1748   -            289 4267at3041           -            329     4e-10   36.5   1.2   4   4    0.0093      0.37    7.0   0.0   141   183   232   278   202   289 0.70 -
TRINITY_DN22065_c0_g1_i1:4-513     -            170 4267at3041           -            329   4.9e-10   36.2   2.0   1   2   0.00018    0.0074   12.6   0.1   166   205     1    39     1    44 0.81 -
TRINITY_DN22065_c0_g1_i1:4-513     -            170 4267at3041           -            329   4.9e-10   36.2   2.0   2   2   3.9e-07   1.6e-05   21.4   0.3   167   245    75   161    66   166 0.63 -
TRINITY_DN3420_c0_g1_i2:312-992    -            227 4267at3041           -            329   9.4e-10   35.3   0.1   1   3       2.9   1.1e+02   -1.2   0.0   175   200     1    24     1    34 0.79 -
TRINITY_DN3420_c0_g1_i2:312-992    -            227 4267at3041           -            329   9.4e-10   35.3   0.1   2   3   1.5e-08     6e-07   26.0   0.1   138   233    43   143    26   158 0.75 -
TRINITY_DN3420_c0_g1_i2:312-992    -            227 4267at3041           -            329   9.4e-10   35.3   0.1   3   3     0.013      0.51    6.6   0.0   207   235   159   187   148   224 0.78 -
TRINITY_DN1091_c0_g1_i4:27-521     -            165 4267at3041           -            329     1e-09   35.1   2.6   1   2   2.3e-07   9.4e-06   22.1   0.2   127   212    14   107     7   112 0.79 -
TRINITY_DN1091_c0_g1_i4:27-521     -            165 4267at3041           -            329     1e-09   35.1   2.6   2   2     8e-05    0.0032   13.8   0.2   168   203   111   146   106   165 0.77 -
TRINITY_DN2817_c0_g1_i2:13-888     -            292 4267at3041           -            329   1.2e-09   34.9   6.9   1   3    0.0021     0.083    9.2   1.7   207   310    15   132     5   144 0.47 -
TRINITY_DN2817_c0_g1_i2:13-888     -            292 4267at3041           -            329   1.2e-09   34.9   6.9   2   3   2.4e-05   0.00095   15.5   0.0   137   201   163   230   142   235 0.81 -
TRINITY_DN2817_c0_g1_i2:13-888     -            292 4267at3041           -            329   1.2e-09   34.9   6.9   3   3   0.00095     0.038   10.3   0.1   137   164   241   274   234   290 0.57 -
TRINITY_DN4426_c0_g1_i1:2-883      -            294 4267at3041           -            329   2.3e-09   34.0   0.1   1   5     0.013      0.53    6.5   0.0   169   200     1    32     1    39 0.92 -
TRINITY_DN4426_c0_g1_i1:2-883      -            294 4267at3041           -            329   2.3e-09   34.0   0.1   2   5   1.3e-07     5e-06   23.0   0.0   148   243    19   127    11   138 0.74 -
TRINITY_DN4426_c0_g1_i1:2-883      -            294 4267at3041           -            329   2.3e-09   34.0   0.1   3   5    0.0041      0.17    8.2   0.1   242   309    91   160    80   167 0.74 -
TRINITY_DN4426_c0_g1_i1:2-883      -            294 4267at3041           -            329   2.3e-09   34.0   0.1   4   5      0.43        17    1.5   0.0   146   194   146   199   140   217 0.57 -
TRINITY_DN4426_c0_g1_i1:2-883      -            294 4267at3041           -            329   2.3e-09   34.0   0.1   5   5      0.35        14    1.8   0.0   236   295   221   280   192   294 0.64 -
TRINITY_DN21723_c0_g1_i1:38-679    -            214 4267at3041           -            329   4.1e-09   33.2   5.0   1   3     4e-05    0.0016   14.8   0.2   114   200     9    95     1    97 0.74 -
TRINITY_DN21723_c0_g1_i1:38-679    -            214 4267at3041           -            329   4.1e-09   33.2   5.0   2   3   2.6e-05     0.001   15.4   0.1   134   202    64   137    62   142 0.77 -
TRINITY_DN21723_c0_g1_i1:38-679    -            214 4267at3041           -            329   4.1e-09   33.2   5.0   3   3   0.00087     0.035   10.4   0.5   132   177   142   195   137   214 0.66 -
TRINITY_DN4909_c0_g4_i1:37-261     -             75 4267at3041           -            329   1.2e-08   31.7   0.2   1   1   3.4e-10   1.4e-08   31.5   0.2   145   201    15    74     2    75 0.83 -
TRINITY_DN41480_c0_g1_i3:505-1671  -            389 4267at3041           -            329   3.4e-08   30.2   0.0   1   2   2.6e-06    0.0001   18.7   0.0   239   310    66   137    59   147 0.76 -
TRINITY_DN41480_c0_g1_i3:505-1671  -            389 4267at3041           -            329   3.4e-08   30.2   0.0   2   2    0.0023     0.092    9.0   0.0   236   310   224   298   168   304 0.70 -
TRINITY_DN40751_c0_g1_i1:146-1846  -            567 4267at3041           -            329   3.8e-08   30.0   2.6   1   3    0.0004     0.016   11.5   0.1   142   205    58   126    29   174 0.74 -
TRINITY_DN40751_c0_g1_i1:146-1846  -            567 4267at3041           -            329   3.8e-08   30.0   2.6   2   3      0.05         2    4.6   0.1   143   200   423   485   407   487 0.59 -
TRINITY_DN40751_c0_g1_i1:146-1846  -            567 4267at3041           -            329   3.8e-08   30.0   2.6   3   3   1.7e-05   0.00067   16.0   0.3   148   232   472   566   467   567 0.71 -
TRINITY_DN819_c0_g1_i3:2023-2499   -            159 4267at3041           -            329     7e-08   29.1   0.0   1   2    0.0045      0.18    8.0   0.0   164   205    15    55     5    63 0.82 -
TRINITY_DN819_c0_g1_i3:2023-2499   -            159 4267at3041           -            329     7e-08   29.1   0.0   2   2   1.7e-06   6.7e-05   19.3   0.0   147   205    78   139    65   153 0.81 -
TRINITY_DN4686_c0_g1_i1:278-991    -            238 4267at3041           -            329   8.6e-08   28.8   1.1   1   3   0.00096     0.039   10.2   0.2   146   204    99   160    43   162 0.84 -
TRINITY_DN4686_c0_g1_i1:278-991    -            238 4267at3041           -            329   8.6e-08   28.8   1.1   2   3     8e-08   3.2e-06   23.7   0.3   143   203   138   202   132   210 0.86 -
TRINITY_DN4686_c0_g1_i1:278-991    -            238 4267at3041           -            329   8.6e-08   28.8   1.1   3   3      0.87        35    0.5   0.0   169   186   216   233   207   237 0.83 -
TRINITY_DN29668_c0_g1_i1:360-1004  -            215 4267at3041           -            329   9.3e-08   28.7   4.5   1   2    0.0097      0.39    6.9   0.1   168   308    31    60    21    65 0.45 -
TRINITY_DN29668_c0_g1_i1:360-1004  -            215 4267at3041           -            329   9.3e-08   28.7   4.5   2   2   2.1e-08   8.5e-07   25.6   3.7   145   239    46   162    40   193 0.80 -
TRINITY_DN2663_c0_g1_i4:495-1409   -            305 4267at3041           -            329     1e-07   28.6   0.2   1   2    0.0036      0.14    8.4   0.0   191   232    78   126    30   136 0.62 -
TRINITY_DN2663_c0_g1_i4:495-1409   -            305 4267at3041           -            329     1e-07   28.6   0.2   2   2   3.5e-06   0.00014   18.2   0.1   164   308   137   294   132   297 0.78 -
TRINITY_DN18823_c0_g1_i1:27-632    -            202 4267at3041           -            329   5.6e-07   26.2   3.2   1   2   5.4e-07   2.2e-05   20.9   1.2   199   299    51   159     9   168 0.71 -
TRINITY_DN18823_c0_g1_i1:27-632    -            202 4267at3041           -            329   5.6e-07   26.2   3.2   2   2      0.17         7    2.8   0.0   147   192   154   202   150   202 0.72 -
TRINITY_DN24995_c0_g1_i1:2-763     -            254 4267at3041           -            329   1.9e-06   24.4   0.0   1   2   0.00011    0.0046   13.3   0.0   215   276    62   123    43   125 0.81 -
TRINITY_DN24995_c0_g1_i1:2-763     -            254 4267at3041           -            329   1.9e-06   24.4   0.0   2   2    0.0027      0.11    8.8   0.0   240   309   128   197   124   210 0.76 -
TRINITY_DN34609_c0_g1_i1:5-529     -            175 4267at3041           -            329   2.7e-06   23.9   0.1   1   2    0.0032      0.13    8.5   0.0   149   204    38    95    11   107 0.58 -
TRINITY_DN34609_c0_g1_i1:5-529     -            175 4267at3041           -            329   2.7e-06   23.9   0.1   2   2   9.1e-05    0.0037   13.6   0.0   162   192   144   174   129   175 0.87 -
TRINITY_DN3703_c0_g2_i1:274-1101   -            276 4267at3041           -            329   4.6e-06   23.2   4.5   1   4   0.00061     0.024   10.9   0.3   146   253    15   133     6   140 0.67 -
TRINITY_DN3703_c0_g2_i1:274-1101   -            276 4267at3041           -            329   4.6e-06   23.2   4.5   2   4   9.5e-06   0.00038   16.8   0.2   208   310    47   158    41   167 0.80 -
TRINITY_DN3703_c0_g2_i1:274-1101   -            276 4267at3041           -            329   4.6e-06   23.2   4.5   3   4    0.0012     0.046   10.0   0.2   142   203   139   204   104   206 0.67 -
TRINITY_DN3703_c0_g2_i1:274-1101   -            276 4267at3041           -            329   4.6e-06   23.2   4.5   4   4     0.044       1.8    4.8   0.1   245   308   179   242   165   246 0.67 -
TRINITY_DN24647_c0_g1_i1:56-1123   -            356 4267at3041           -            329   4.8e-06   23.1   0.1   1   3     0.001      0.04   10.2   0.0   236   309    63   135    55   138 0.77 -
TRINITY_DN24647_c0_g1_i1:56-1123   -            356 4267at3041           -            329   4.8e-06   23.1   0.1   2   3      0.11       4.4    3.5   0.0   235   311   151   229   141   234 0.76 -
TRINITY_DN24647_c0_g1_i1:56-1123   -            356 4267at3041           -            329   4.8e-06   23.1   0.1   3   3    0.0031      0.12    8.6   0.0   148   202   215   271   200   353 0.74 -
TRINITY_DN24129_c0_g1_i1:31-249    -             73 4267at3041           -            329   5.5e-06   22.9   0.1   1   1   1.5e-07   6.1e-06   22.8   0.1   145   200    14    72     4    73 0.85 -
TRINITY_DN36904_c0_g1_i2:65-580    -            172 4267at3041           -            329   6.2e-06   22.7   0.1   1   3       1.6        64   -0.3   0.0   164   184     2    22     1    26 0.83 -
TRINITY_DN36904_c0_g1_i2:65-580    -            172 4267at3041           -            329   6.2e-06   22.7   0.1   2   3    0.0022      0.09    9.0   0.1   146   200    29    92    25    98 0.76 -
TRINITY_DN36904_c0_g1_i2:65-580    -            172 4267at3041           -            329   6.2e-06   22.7   0.1   3   3    0.0007     0.028   10.7   0.0   132   199    97   171    91   172 0.70 -
TRINITY_DN2663_c0_g1_i3:495-1055   -            187 4267at3041           -            329   8.5e-06   22.3   0.0   1   1   2.8e-07   1.1e-05   21.9   0.0   155   308     5   176     1   179 0.76 -
TRINITY_DN9447_c0_g1_i1:158-802    -            215 4267at3041           -            329   1.2e-05   21.7   3.9   1   2      0.33        13    1.9   0.1   290   311    13    34     2    46 0.65 -
TRINITY_DN9447_c0_g1_i1:158-802    -            215 4267at3041           -            329   1.2e-05   21.7   3.9   2   2   1.2e-06   4.7e-05   19.8   0.6   145   203   124   186   111   191 0.82 -
TRINITY_DN7890_c0_g2_i1:250-1125   -            292 4267at3041           -            329   1.6e-05   21.3   0.2   1   2     0.034       1.4    5.2   0.1   223   270   167   215   135   225 0.60 -
TRINITY_DN7890_c0_g2_i1:250-1125   -            292 4267at3041           -            329   1.6e-05   21.3   0.2   2   2   2.6e-06    0.0001   18.7   0.1   109   198   200   292   189   292 0.74 -
TRINITY_DN2817_c0_g1_i1:93-722     -            210 4267at3041           -            329   4.5e-05   19.9   2.2   1   2    0.0011     0.045   10.0   1.7   207   310    15   132     7   142 0.49 -
TRINITY_DN2817_c0_g1_i1:93-722     -            210 4267at3041           -            329   4.5e-05   19.9   2.2   2   2     0.014      0.55    6.5   0.0   137   177   163   207   136   210 0.75 -
TRINITY_DN22110_c0_g1_i1:11-1552   -            514 4267at3041           -            329   8.1e-05   19.0   0.3   1   2      0.29        12    2.1   0.0   244   310   221   294   205   296 0.67 -
TRINITY_DN22110_c0_g1_i1:11-1552   -            514 4267at3041           -            329   8.1e-05   19.0   0.3   2   2   9.9e-05     0.004   13.5   0.2   145   202   321   381   309   388 0.80 -
TRINITY_DN29140_c0_g1_i1:101-781   -            227 4267at3041           -            329   8.6e-05   19.0   0.2   1   3      0.58        23    1.1   0.1   202   227    95   120    29   148 0.55 -
TRINITY_DN29140_c0_g1_i1:101-781   -            227 4267at3041           -            329   8.6e-05   19.0   0.2   2   3      0.65        26    1.0   0.1   206   241    99   134    72   186 0.61 -
TRINITY_DN29140_c0_g1_i1:101-781   -            227 4267at3041           -            329   8.6e-05   19.0   0.2   3   3     4e-05    0.0016   14.8   0.0   167   203   184   220   160   225 0.76 -
TRINITY_DN29323_c0_g1_i1:18-584    -            189 4267at3041           -            329     9e-05   18.9   0.2   1   2   9.5e-05    0.0038   13.6   0.0   252   310     2    60     1    80 0.57 -
TRINITY_DN29323_c0_g1_i1:18-584    -            189 4267at3041           -            329     9e-05   18.9   0.2   2   2      0.11       4.3    3.5   0.1   144   199   128   188    88   189 0.58 -
TRINITY_DN32694_c0_g1_i1:93-380    -             96 4267at3041           -            329   0.00017   18.0   0.0   1   1   9.5e-06   0.00038   16.8   0.0   139   205    16    85     1    92 0.74 -
TRINITY_DN6773_c0_g1_i3:903-1547   -            215 4267at3041           -            329   0.00022   17.6   0.1   1   2    0.0005      0.02   11.2   0.0   204   248     2    47     1    56 0.85 -
TRINITY_DN6773_c0_g1_i3:903-1547   -            215 4267at3041           -            329   0.00022   17.6   0.1   2   2     0.064       2.6    4.3   0.0   147   171    62    86    50   129 0.76 -
TRINITY_DN8094_c0_g2_i12:1569-2705 -            343 4267at3041           -            329   0.00025   17.4   0.1   1   3     0.055       2.2    4.5   0.0   235   272    65   102    50   106 0.81 -
TRINITY_DN8094_c0_g2_i12:1569-2705 -            343 4267at3041           -            329   0.00025   17.4   0.1   2   3    0.0065      0.26    7.5   0.0   155   288   102   228    98   243 0.82 -
TRINITY_DN8094_c0_g2_i12:1569-2705 -            343 4267at3041           -            329   0.00025   17.4   0.1   3   3      0.22         9    2.5   0.0   238   264   315   341   305   343 0.86 -
TRINITY_DN8094_c0_g2_i3:1569-3011  -            451 4267at3041           -            329   0.00026   17.4   0.3   1   4       1.5        60   -0.2   0.0   239   269    79   112    70   121 0.56 -
TRINITY_DN8094_c0_g2_i3:1569-3011  -            451 4267at3041           -            329   0.00026   17.4   0.3   2   4     0.084       3.4    3.9   0.0   236   272   174   210   160   214 0.81 -
TRINITY_DN8094_c0_g2_i3:1569-3011  -            451 4267at3041           -            329   0.00026   17.4   0.3   3   4     0.012       0.5    6.6   0.0   155   288   210   336   206   345 0.81 -
TRINITY_DN8094_c0_g2_i3:1569-3011  -            451 4267at3041           -            329   0.00026   17.4   0.3   4   4      0.32        13    2.0   0.0   238   264   423   449   414   451 0.86 -
TRINITY_DN21721_c0_g1_i2:66-605    -            180 4267at3041           -            329   0.00029   17.3   0.0   1   2   2.8e-05    0.0011   15.3   0.0   165   205    22    62    13    84 0.90 -
TRINITY_DN21721_c0_g1_i2:66-605    -            180 4267at3041           -            329   0.00029   17.3   0.0   2   2       1.5        60   -0.2   0.0   156   203    97   145    81   175 0.63 -
TRINITY_DN15840_c0_g1_i1:285-791   -            169 4267at3041           -            329   0.00034   17.0   0.2   1   2     0.057       2.3    4.4   0.1   188   232     3    60     1    68 0.60 -
TRINITY_DN15840_c0_g1_i1:285-791   -            169 4267at3041           -            329   0.00034   17.0   0.2   2   2   0.00092     0.037   10.3   0.0   142   204    92   158    76   168 0.79 -
TRINITY_DN3187_c0_g1_i1:648-1172   -            175 4267at3041           -            329   0.00042   16.7   0.1   1   2      0.82        33    0.6   0.0   175   208    52    85    10    94 0.72 -
TRINITY_DN3187_c0_g1_i1:648-1172   -            175 4267at3041           -            329   0.00042   16.7   0.1   2   2   9.2e-05    0.0037   13.6   0.1   139   201    97   164    67   171 0.71 -
TRINITY_DN18870_c0_g1_i1:89-451    -            121 4267at3041           -            329   0.00062   16.1   0.0   1   1    0.0002    0.0082   12.5   0.0   167   198    90   120     1   121 0.71 -
TRINITY_DN7811_c0_g1_i1:249-620    -            124 4267at3041           -            329   0.00083   15.7   0.1   1   2     0.029       1.2    5.4   0.0   199   230     4    36     1    53 0.69 -
TRINITY_DN7811_c0_g1_i1:249-620    -            124 4267at3041           -            329   0.00083   15.7   0.1   2   2     0.003      0.12    8.6   0.1   289   316    72   100    59   107 0.82 -
TRINITY_DN3187_c0_g1_i2:411-1166   -            252 4267at3041           -            329    0.0011   15.4   0.1   1   3         2        79   -0.6   0.0   175   208    50    83    13    87 0.73 -
TRINITY_DN3187_c0_g1_i2:411-1166   -            252 4267at3041           -            329    0.0011   15.4   0.1   2   3   0.00017     0.007   12.7   0.1   139   201    95   162    60   170 0.70 -
TRINITY_DN3187_c0_g1_i2:411-1166   -            252 4267at3041           -            329    0.0011   15.4   0.1   3   3       9.9     4e+02   -2.9   0.0   149   268   211   225   182   236 0.59 -
TRINITY_DN4681_c0_g1_i1:23-229     -             69 4267at3041           -            329    0.0021   14.4   0.0   1   1   5.3e-05    0.0021   14.4   0.0   164   204    13    54     1    66 0.75 -
TRINITY_DN8094_c0_g2_i1:87-1358    -            424 4267at3041           -            329    0.0023   14.2   0.2   1   3       1.4        55   -0.1   0.0   239   269   106   139    97   148 0.56 -
TRINITY_DN8094_c0_g2_i1:87-1358    -            424 4267at3041           -            329    0.0023   14.2   0.2   2   3     0.074         3    4.1   0.0   235   272   200   237   185   241 0.81 -
TRINITY_DN8094_c0_g2_i1:87-1358    -            424 4267at3041           -            329    0.0023   14.2   0.2   3   3      0.01       0.4    6.9   0.0   155   288   237   363   233   378 0.82 -
TRINITY_DN8094_c0_g2_i8:81-986     -            302 4267at3041           -            329     0.012   12.0   0.1   1   3      0.83        33    0.6   0.0   239   269   106   139    96   149 0.57 -
TRINITY_DN8094_c0_g2_i8:81-986     -            302 4267at3041           -            329     0.012   12.0   0.1   2   3     0.045       1.8    4.8   0.0   235   272   200   237   184   241 0.81 -
TRINITY_DN8094_c0_g2_i8:81-986     -            302 4267at3041           -            329     0.012   12.0   0.1   3   3     0.091       3.7    3.8   0.0   155   217   237   299   234   302 0.85 -
TRINITY_DN2339_c4_g1_i1:189-2732   -            848 4267at3041           -            329     0.018   11.3   0.1   1   1   0.00078     0.031   10.5   0.1   174   214     4    45     1    82 0.79 -
TRINITY_DN2219_c0_g1_i1:144-1046   -            301 4267at3041           -            329     0.019   11.3   0.0   1   2    0.0016     0.064    9.5   0.1   270   310    15    57     8    65 0.82 -
TRINITY_DN2219_c0_g1_i1:144-1046   -            301 4267at3041           -            329     0.019   11.3   0.0   2   2       3.2   1.3e+02   -1.3   0.0   168   191   124   147    85   163 0.67 -
TRINITY_DN24563_c0_g1_i1:854-1252  -            133 4267at3041           -            329     0.029   10.7   0.0   1   2    0.0017     0.067    9.5   0.0   182   204    15    37     1    43 0.71 -
TRINITY_DN24563_c0_g1_i1:854-1252  -            133 4267at3041           -            329     0.029   10.7   0.0   2   2       3.6   1.4e+02   -1.5   0.0   166   202    96   132    82   133 0.74 -
TRINITY_DN1446_c0_g1_i3:1120-2280  -            387 4267at3041           -            329     0.035   10.4   0.0   1   1    0.0014     0.056    9.7   0.0   164   215   292   350   288   366 0.78 -
TRINITY_DN1446_c0_g1_i4:578-1738   -            387 4267at3041           -            329     0.035   10.4   0.0   1   1    0.0014     0.056    9.7   0.0   164   215   292   350   288   366 0.78 -
TRINITY_DN1446_c0_g1_i5:1212-2372  -            387 4267at3041           -            329     0.035   10.4   0.0   1   1    0.0014     0.056    9.7   0.0   164   215   292   350   288   366 0.78 -
#
# Program:         hmmsearch
# Version:         3.2.1 (June 2018)
# Pipeline mode:   SEARCH
# Query file:      /sw/bioinfo/BUSCO/v5_lineage_sets/lineages/chlorophyta_odb10/hmms/4267at3041.hmm
# Target file:     /crex/proj/snic2022-23-81/expression_algae/code/busco/trinity_VA-3180-Osg03Mul/run_chlorophyta_odb10/metaeuk_output/initial_results/trinity_VA-3180-Osg03Mul.Trinity.fasta.modified.fas
# Option settings: hmmsearch --domtblout /crex/proj/snic2022-23-81/expression_algae/code/busco/trinity_VA-3180-Osg03Mul/run_chlorophyta_odb10/hmmer_output/initial_run_results/4267at3041.out --cpu 1 /sw/bioinfo/BUSCO/v5_lineage_sets/lineages/chlorophyta_odb10/hmms/4267at3041.hmm /crex/proj/snic2022-23-81/expression_algae/code/busco/trinity_VA-3180-Osg03Mul/run_chlorophyta_odb10/metaeuk_output/initial_results/trinity_VA-3180-Osg03Mul.Trinity.fasta.modified.fas 
# Current dir:     /crex/proj/snic2022-23-81/expression_algae/code/busco
# Date:            Fri Sep 23 10:11:33 2022
# [ok]
