#                                                                                         --- full sequence --- -------------- this domain -------------   hmm coord   ali coord   env coord
# target name                     accession   tlen query name           accession   qlen   E-value  score  bias   #  of  c-Evalue  i-Evalue  score  bias  from    to  from    to  from    to  acc description of target
#             ------------------- ---------- ----- -------------------- ---------- ----- --------- ------ ----- --- --- --------- --------- ------ ----- ----- ----- ----- ----- ----- ----- ---- ---------------------
TRINITY_DN4306_c0_g1_i1:1335-1754 -            140 4546at3041           -            570   2.3e-11   40.4   0.2   1   2   2.8e-12     2e-10   37.3   0.0   116   189     1    80     1    94 0.86 -
TRINITY_DN4306_c0_g1_i1:1335-1754 -            140 4546at3041           -            570   2.3e-11   40.4   0.2   2   2      0.21        15    1.4   0.1   242   268   114   140    98   140 0.84 -
TRINITY_DN1572_c0_g5_i2:72-1973   -            634 4546at3041           -            570   7.1e-10   35.5   0.0   1   2   1.6e-06   0.00012   18.3   0.0   114   185   248   319   241   329 0.74 -
TRINITY_DN1572_c0_g5_i2:72-1973   -            634 4546at3041           -            570   7.1e-10   35.5   0.0   2   2   1.8e-05    0.0013   14.9   0.0   114   137   521   544   510   549 0.90 -
TRINITY_DN1572_c0_g5_i3:3-2360    -            786 4546at3041           -            570   1.1e-09   34.8   0.0   1   2   2.2e-06   0.00015   17.9   0.0   114   185   248   319   241   329 0.74 -
TRINITY_DN1572_c0_g5_i3:3-2360    -            786 4546at3041           -            570   1.1e-09   34.8   0.0   2   2   2.3e-05    0.0016   14.5   0.0   114   137   521   544   510   549 0.90 -
TRINITY_DN2451_c0_g2_i4:60-437    -            126 4546at3041           -            570   1.2e-08   31.4   0.0   1   1   2.3e-10   1.6e-08   31.0   0.0   116   185    28    97    22   104 0.76 -
TRINITY_DN2451_c0_g2_i3:60-473    -            138 4546at3041           -            570   1.5e-08   31.1   0.0   1   1   2.9e-10   2.1e-08   30.6   0.0   116   185    40   109    34   116 0.76 -
TRINITY_DN2451_c0_g2_i2:259-561   -            101 4546at3041           -            570   1.2e-07   28.2   0.0   1   1   1.7e-09   1.2e-07   28.1   0.0   116   144    39    67    33    90 0.88 -
TRINITY_DN4381_c0_g5_i1:6-608     -            201 4546at3041           -            570   1.2e-06   24.8   0.0   1   1   2.6e-08   1.8e-06   24.2   0.0   115   184    44   113    22   123 0.77 -
TRINITY_DN5187_c0_g1_i1:225-1064  -            280 4546at3041           -            570   1.8e-06   24.2   0.0   1   1   5.3e-08   3.8e-06   23.2   0.0   116   192    61   137    57   152 0.74 -
TRINITY_DN5456_c0_g1_i1:3-485     -            161 4546at3041           -            570   4.3e-06   23.0   0.0   1   1     1e-07   7.3e-06   22.2   0.0   116   144     6    34     2    36 0.91 -
TRINITY_DN35906_c0_g1_i1:190-960  -            257 4546at3041           -            570   4.7e-06   22.9   0.1   1   1     1e-07   7.5e-06   22.2   0.1   116   138     1    23     1    29 0.89 -
TRINITY_DN4381_c0_g3_i1:117-1286  -            390 4546at3041           -            570   1.9e-05   20.9   0.1   1   1     5e-07   3.5e-05   20.0   0.1   113   184   289   360   273   371 0.72 -
TRINITY_DN497_c0_g1_i1:0-815      -            272 4546at3041           -            570   2.7e-05   20.4   0.0   1   1   5.6e-07     4e-05   19.8   0.0   112   182   171   241   165   255 0.68 -
TRINITY_DN1572_c0_g1_i3:16-348    -            111 4546at3041           -            570   2.9e-05   20.2   0.0   1   1   5.4e-07   3.8e-05   19.9   0.0   116   185    39   108    27   110 0.62 -
TRINITY_DN1572_c0_g3_i3:0-926     -            309 4546at3041           -            570   3.5e-05   20.0   0.0   1   1   8.2e-07   5.8e-05   19.3   0.0   116   184   159   227   143   236 0.72 -
TRINITY_DN4381_c0_g3_i3:117-2282  -            722 4546at3041           -            570   3.9e-05   19.8   0.1   1   1   1.2e-06   8.6e-05   18.7   0.1   113   184   289   360   273   371 0.71 -
TRINITY_DN198_c2_g1_i1:0-473      -            158 4546at3041           -            570   5.4e-05   19.4   0.0   1   1   9.8e-07     7e-05   19.0   0.0   114   148   114   148    93   149 0.83 -
TRINITY_DN1572_c0_g9_i1:6-1505    -            500 4546at3041           -            570   5.9e-05   19.3   0.2   1   1   1.4e-06   9.7e-05   18.5   0.2   116   186   186   256   175   268 0.79 -
TRINITY_DN1197_c0_g1_i1:1-600     -            200 4546at3041           -            570     6e-05   19.2   0.3   1   1   1.3e-06   8.9e-05   18.7   0.3   111   139     9    37     2    45 0.84 -
TRINITY_DN28617_c0_g1_i1:24-632   -            203 4546at3041           -            570   6.6e-05   19.1   0.1   1   2   0.00021     0.015   11.3   0.2   112   131     4    23     2    33 0.81 -
TRINITY_DN28617_c0_g1_i1:24-632   -            203 4546at3041           -            570   6.6e-05   19.1   0.1   2   2    0.0095      0.68    5.8   0.0   174   246    74   146    60   156 0.73 -
TRINITY_DN3866_c1_g1_i1:2-916     -            305 4546at3041           -            570   7.1e-05   19.0   3.5   1   1   2.9e-06    0.0002   17.5   3.5   112   139    34    61    15   112 0.72 -
TRINITY_DN24721_c0_g1_i1:0-356    -            119 4546at3041           -            570   7.2e-05   19.0   0.0   1   1   1.2e-06   8.4e-05   18.7   0.0   115   193    11    89     6   112 0.83 -
TRINITY_DN29891_c0_g1_i1:2-301    -            100 4546at3041           -            570   9.5e-05   18.6   0.0   1   1   1.4e-06    0.0001   18.5   0.0   113   146    34    67    26    86 0.81 -
TRINITY_DN1572_c0_g3_i2:89-1045   -            319 4546at3041           -            570   0.00014   18.0   0.0   1   1     3e-06   0.00022   17.4   0.0   110   138    55    82    51   163 0.78 -
TRINITY_DN22533_c0_g1_i1:1-834    -            278 4546at3041           -            570   0.00015   17.9   0.1   1   1   3.6e-06   0.00026   17.1   0.1   114   145   213   244   208   248 0.82 -
TRINITY_DN10790_c0_g1_i1:186-533  -            116 4546at3041           -            570   0.00017   17.7   0.1   1   1     3e-06   0.00022   17.4   0.1   110   140    34    64    22    71 0.83 -
TRINITY_DN2064_c0_g4_i1:40-1515   -            492 4546at3041           -            570   0.00037   16.6   1.6   1   1   1.2e-05   0.00083   15.5   1.6   114   139    93   118    86   168 0.75 -
TRINITY_DN159_c0_g2_i1:1976-2746  -            257 4546at3041           -            570   0.00075   15.6   0.1   1   1   1.6e-05    0.0011   15.0   0.1   117   143    46    72    41    76 0.92 -
TRINITY_DN1572_c0_g2_i1:149-769   -            207 4546at3041           -            570   0.00083   15.5   0.1   1   2   3.1e-05    0.0022   14.0   0.0   116   135    50    69    44    78 0.91 -
TRINITY_DN1572_c0_g2_i1:149-769   -            207 4546at3041           -            570   0.00083   15.5   0.1   2   2       1.5   1.1e+02   -1.5   0.0   172   185   106   119   100   173 0.86 -
TRINITY_DN4381_c0_g2_i1:3-1079    -            359 4546at3041           -            570   0.00098   15.2   0.0   1   1   2.2e-05    0.0016   14.6   0.0   114   183   141   210   128   214 0.64 -
TRINITY_DN2064_c0_g1_i1:196-1791  -            532 4546at3041           -            570     0.001   15.2   0.1   1   1     2e-05    0.0014   14.7   0.1   114   138    95   119    88   165 0.90 -
TRINITY_DN1572_c0_g10_i1:7-1302   -            432 4546at3041           -            570    0.0012   14.9   0.4   1   2      0.71        51   -0.3   1.4   181   222    74   116    71   119 0.77 -
TRINITY_DN1572_c0_g10_i1:7-1302   -            432 4546at3041           -            570    0.0012   14.9   0.4   2   2   0.00015     0.011   11.8   0.0   116   138   163   185   152   252 0.76 -
TRINITY_DN44306_c0_g1_i1:49-729   -            227 4546at3041           -            570    0.0014   14.7   0.0   1   1   2.9e-05    0.0021   14.1   0.0   116   137    39    60    31   118 0.76 -
TRINITY_DN198_c0_g1_i1:275-1948   -            558 4546at3041           -            570    0.0015   14.6   0.0   1   1   3.4e-05    0.0024   13.9   0.0   113   184   154   225   137   233 0.75 -
TRINITY_DN198_c0_g1_i2:275-2008   -            578 4546at3041           -            570    0.0015   14.6   0.0   1   1   3.7e-05    0.0026   13.8   0.0   113   184   154   225   137   232 0.74 -
TRINITY_DN43620_c0_g1_i1:154-837  -            228 4546at3041           -            570     0.002   14.2   0.1   1   1   4.9e-05    0.0035   13.4   0.1   114   135   194   215   187   218 0.88 -
TRINITY_DN4381_c0_g3_i2:95-1378   -            428 4546at3041           -            570    0.0024   13.9   0.3   1   2   3.4e-05    0.0024   13.9   0.3   120   184     2    66     1    77 0.70 -
TRINITY_DN4381_c0_g3_i2:95-1378   -            428 4546at3041           -            570    0.0024   13.9   0.3   2   2       8.9   6.4e+02   -4.0   0.1   168   194   186   212   168   217 0.67 -
TRINITY_DN4381_c0_g1_i3:830-1288  -            153 4546at3041           -            570    0.0026   13.8   0.0   1   1   4.1e-05    0.0029   13.7   0.0   116   137    61    82    45   113 0.84 -
TRINITY_DN5121_c0_g2_i1:0-1190    -            397 4546at3041           -            570    0.0027   13.8   0.0   1   1   6.6e-05    0.0047   13.0   0.0   115   137   172   194   166   252 0.82 -
TRINITY_DN1572_c0_g2_i3:44-640    -            199 4546at3041           -            570    0.0032   13.5   2.3   1   1   8.4e-05     0.006   12.6   2.3   117   140     8    31     4   192 0.80 -
TRINITY_DN198_c0_g1_i3:80-1960    -            627 4546at3041           -            570    0.0036   13.3   0.0   1   1   8.3e-05    0.0059   12.6   0.0   113   148   219   254   202   301 0.67 -
TRINITY_DN1572_c0_g1_i2:16-615    -            200 4546at3041           -            570     0.012   11.7   0.5   1   2   0.00026     0.018   11.0   0.1   113   136    37    60    27    68 0.84 -
TRINITY_DN1572_c0_g1_i2:16-615    -            200 4546at3041           -            570     0.012   11.7   0.5   2   2       3.8   2.7e+02   -2.8   0.0   175   183    98   107    81   130 0.62 -
TRINITY_DN30082_c0_g1_i1:116-769  -            218 4546at3041           -            570     0.014   11.4   0.6   1   2   0.00028      0.02   10.9   0.1   108   128     4    23     1    33 0.86 -
TRINITY_DN30082_c0_g1_i1:116-769  -            218 4546at3041           -            570     0.014   11.4   0.6   2   2       3.9   2.8e+02   -2.8   0.0   252   291   173   215   166   216 0.56 -
TRINITY_DN1572_c0_g2_i2:50-640    -            197 4546at3041           -            570      0.06    9.3   1.9   1   2    0.0012     0.084    8.8   0.2   116   135     7    26     2    36 0.85 -
TRINITY_DN1572_c0_g2_i2:50-640    -            197 4546at3041           -            570      0.06    9.3   1.9   2   2      0.64        46   -0.2   0.1   173   187    64    78    57   187 0.63 -
TRINITY_DN5962_c1_g1_i1:22-648    -            209 4546at3041           -            570     0.069    9.1   3.7   1   2    0.0011     0.076    9.0   1.3   114   129    41    56    35   138 0.77 -
TRINITY_DN5962_c1_g1_i1:22-648    -            209 4546at3041           -            570     0.069    9.1   3.7   2   2      0.58        41   -0.1   0.0   161   202   157   198   141   202 0.82 -
#
# Program:         hmmsearch
# Version:         3.2.1 (June 2018)
# Pipeline mode:   SEARCH
# Query file:      /sw/bioinfo/BUSCO/v5_lineage_sets/lineages/chlorophyta_odb10/hmms/4546at3041.hmm
# Target file:     /crex/proj/snic2022-23-81/expression_algae/code/busco/trinity_VA-3180-Osg03Mul/run_chlorophyta_odb10/metaeuk_output/initial_results/trinity_VA-3180-Osg03Mul.Trinity.fasta.modified.fas
# Option settings: hmmsearch --domtblout /crex/proj/snic2022-23-81/expression_algae/code/busco/trinity_VA-3180-Osg03Mul/run_chlorophyta_odb10/hmmer_output/initial_run_results/4546at3041.out --cpu 1 /sw/bioinfo/BUSCO/v5_lineage_sets/lineages/chlorophyta_odb10/hmms/4546at3041.hmm /crex/proj/snic2022-23-81/expression_algae/code/busco/trinity_VA-3180-Osg03Mul/run_chlorophyta_odb10/metaeuk_output/initial_results/trinity_VA-3180-Osg03Mul.Trinity.fasta.modified.fas 
# Current dir:     /crex/proj/snic2022-23-81/expression_algae/code/busco
# Date:            Fri Sep 23 10:11:32 2022
# [ok]
