#                                                                                         --- full sequence --- -------------- this domain -------------   hmm coord   ali coord   env coord
# target name                     accession   tlen query name           accession   qlen   E-value  score  bias   #  of  c-Evalue  i-Evalue  score  bias  from    to  from    to  from    to  acc description of target
#             ------------------- ---------- ----- -------------------- ---------- ----- --------- ------ ----- --- --- --------- --------- ------ ----- ----- ----- ----- ----- ----- ----- ---- ---------------------
TRINITY_DN3687_c0_g1_i2:62-1195   -            378 4609at3041           -            344  4.5e-115  381.8   3.4   1   1    6e-116  3.1e-114  379.0   3.4     9   320    15   362     1   368 0.88 -
TRINITY_DN30559_c0_g1_i1:296-1051 -            252 4609at3041           -            344   1.4e-93  311.1   2.0   1   1   1.7e-94   8.9e-93  308.4   2.0   143   343     2   232     1   233 0.91 -
TRINITY_DN30559_c0_g1_i2:296-946  -            217 4609at3041           -            344   1.3e-90  301.3   0.1   1   1     3e-92   1.6e-90  301.1   0.1   163   343     4   197     1   198 0.94 -
TRINITY_DN2368_c0_g1_i1:107-1126  -            340 4609at3041           -            344     6e-76  253.1   0.1   1   1   5.5e-77   2.8e-75  250.9   0.1    11   299     8   336     2   339 0.87 -
TRINITY_DN2280_c0_g1_i3:15-1259   -            415 4609at3041           -            344   3.1e-73  244.2   0.0   1   1   1.3e-73   6.7e-72  239.8   0.0    11   314    57   402    46   409 0.86 -
TRINITY_DN41_c0_g2_i1:194-1249    -            352 4609at3041           -            344   5.5e-72  240.1   0.5   1   1   9.1e-73   4.7e-71  237.0   0.5    10   316     7   351     2   352 0.84 -
TRINITY_DN602_c0_g1_i20:514-1653  -            380 4609at3041           -            344   2.8e-71  237.8   0.1   1   1   4.9e-71   2.5e-69  231.3   0.1    10   309    20   363    13   374 0.79 -
TRINITY_DN37836_c0_g1_i1:5-1030   -            342 4609at3041           -            344   4.9e-71  237.0   4.8   1   1   4.2e-71   2.2e-69  231.5   4.8     8   294    11   342     7   342 0.83 -
TRINITY_DN602_c0_g1_i21:555-1634  -            360 4609at3041           -            344   7.8e-71  236.3   0.1   1   1   1.3e-70   6.8e-69  229.9   0.1    12   309     2   343     1   354 0.79 -
TRINITY_DN602_c0_g1_i15:856-2076  -            407 4609at3041           -            344   1.1e-70  235.8   0.2   1   1   4.4e-71   2.3e-69  231.5   0.2    12   300     7   343     2   348 0.83 -
TRINITY_DN602_c0_g1_i13:37-1569   -            511 4609at3041           -            344   2.3e-70  234.8   0.1   1   2   3.4e-38   1.7e-36  123.3   0.0    13   165   156   332   150   343 0.86 -
TRINITY_DN602_c0_g1_i13:37-1569   -            511 4609at3041           -            344   2.3e-70  234.8   0.1   2   2   6.3e-34   3.2e-32  109.3   0.0   199   316   393   510   390   511 0.98 -
TRINITY_DN602_c0_g1_i6:87-1796    -            570 4609at3041           -            344   6.8e-70  233.2   0.1   1   1   4.4e-70   2.3e-68  228.2   0.1     9   313   174   528   168   547 0.78 -
TRINITY_DN602_c0_g1_i1:87-1920    -            575 4609at3041           -            344     7e-70  233.1   0.1   1   1   4.5e-70   2.3e-68  228.2   0.1     9   313   179   533   173   552 0.78 -
TRINITY_DN602_c0_g1_i3:502-1710   -            403 4609at3041           -            344   5.2e-68  227.0   0.1   1   2   3.6e-38   1.9e-36  123.2   0.0    15   165     3   177     1   188 0.86 -
TRINITY_DN602_c0_g1_i3:502-1710   -            403 4609at3041           -            344   5.2e-68  227.0   0.1   2   2   1.3e-31   6.7e-30  101.7   0.0   199   300   238   339   235   344 0.97 -
TRINITY_DN602_c0_g1_i8:514-1653   -            380 4609at3041           -            344   1.8e-66  222.0   0.3   1   1   3.3e-66   1.7e-64  215.4   0.3    10   302    20   356    13   360 0.79 -
TRINITY_DN1423_c0_g1_i2:385-1524  -            380 4609at3041           -            344     3e-66  221.2   3.3   1   1     6e-67   3.1e-65  217.9   3.3    10   305    27   362    18   374 0.82 -
TRINITY_DN2849_c0_g1_i1:215-1486  -            424 4609at3041           -            344   1.7e-65  218.8   0.2   1   1     7e-66   3.6e-64  214.4   0.2    15   299     4   332     1   347 0.86 -
TRINITY_DN396_c0_g1_i4:2873-4173  -            408 4609at3041           -            344     3e-65  217.9   0.8   1   1   1.8e-66   9.3e-65  216.3   0.8    12   319    53   394    45   406 0.87 -
TRINITY_DN396_c0_g1_i5:2873-4096  -            408 4609at3041           -            344     3e-65  217.9   0.8   1   1   1.8e-66   9.3e-65  216.3   0.8    12   319    53   394    45   406 0.87 -
TRINITY_DN4738_c0_g1_i3:274-1632  -            453 4609at3041           -            344   2.6e-64  214.8   0.1   1   1   1.7e-65   8.5e-64  213.1   0.1    11   301    27   366    19   383 0.81 -
TRINITY_DN396_c0_g1_i3:207-1355   -            383 4609at3041           -            344   5.2e-63  210.6   1.1   1   1   3.3e-64   1.7e-62  208.9   1.1    12   302    53   377    45   382 0.87 -
TRINITY_DN652_c0_g1_i1:401-1705   -            435 4609at3041           -            344   1.5e-60  202.5   0.1   1   1     5e-61   2.5e-59  198.4   0.1    10   313    57   413    50   421 0.82 -
TRINITY_DN652_c0_g1_i7:401-1832   -            435 4609at3041           -            344   1.5e-60  202.5   0.1   1   1     5e-61   2.5e-59  198.4   0.1    10   313    57   413    50   421 0.82 -
TRINITY_DN652_c0_g1_i6:401-1776   -            435 4609at3041           -            344   2.9e-60  201.5   0.1   1   1   9.6e-61   4.9e-59  197.5   0.1    10   313    57   413    50   421 0.82 -
TRINITY_DN107_c0_g1_i3:355-1554   -            400 4609at3041           -            344   5.3e-58  194.1   1.7   1   1   1.3e-58   6.5e-57  190.5   1.7     2   321    29   391    28   399 0.81 -
TRINITY_DN107_c0_g2_i2:626-2651   -            440 4609at3041           -            344     1e-57  193.1   0.6   1   1   7.4e-59   3.8e-57  191.3   0.6    11   320    85   430    68   440 0.83 -
TRINITY_DN107_c0_g2_i1:626-1945   -            440 4609at3041           -            344     1e-57  193.1   0.6   1   1   7.4e-59   3.8e-57  191.3   0.6    11   320    85   430    68   440 0.83 -
TRINITY_DN107_c0_g2_i3:626-2551   -            440 4609at3041           -            344     1e-57  193.1   0.6   1   1   7.4e-59   3.8e-57  191.3   0.6    11   320    85   430    68   440 0.83 -
TRINITY_DN4148_c0_g1_i3:17-1492   -            492 4609at3041           -            344   1.8e-51  172.6   0.1   1   1   6.5e-52   3.4e-50  168.4   0.1     9   317    62   427    47   454 0.79 -
TRINITY_DN152_c0_g1_i1:19-2013    -            665 4609at3041           -            344   2.4e-50  168.9   0.1   1   1   4.7e-50   2.4e-48  162.3   0.1    10   337   116   498   109   505 0.77 -
TRINITY_DN2311_c0_g1_i1:461-1531  -            357 4609at3041           -            344   3.5e-50  168.4   1.3   1   1   2.8e-49   1.4e-47  159.8   1.3    14   304     3   347     1   357 0.79 -
TRINITY_DN2311_c0_g1_i3:600-1670  -            357 4609at3041           -            344   3.5e-50  168.4   1.3   1   1   2.8e-49   1.4e-47  159.8   1.3    14   304     3   347     1   357 0.79 -
TRINITY_DN21842_c0_g1_i1:427-690  -             88 4609at3041           -            344   1.7e-46  156.3   0.4   1   1   3.5e-48   1.8e-46  156.2   0.4    13   100     1    88     1    88 0.99 -
TRINITY_DN9072_c0_g1_i1:248-1759  -            504 4609at3041           -            344   4.3e-40  135.2   0.6   1   1   4.6e-40   2.3e-38  129.5   0.6     6   315   119   481   115   489 0.74 -
TRINITY_DN2311_c0_g1_i4:111-1046  -            312 4609at3041           -            344   5.4e-39  131.6   0.1   1   1   5.6e-38   2.9e-36  122.6   0.1    61   304     8   302     2   312 0.78 -
TRINITY_DN10278_c0_g1_i1:418-1014 -            199 4609at3041           -            344   3.3e-37  125.7   2.1   1   1   1.6e-38     8e-37  124.4   2.1    12   164    19   192     9   197 0.88 -
TRINITY_DN41_c0_g3_i1:4-843       -            280 4609at3041           -            344   3.9e-37  125.5   0.7   1   1   1.7e-38   8.9e-37  124.3   0.7    10   165    19   194    12   205 0.84 -
TRINITY_DN4148_c0_g1_i4:17-1009   -            331 4609at3041           -            344     4e-36  122.1   0.0   1   1   2.2e-36   1.1e-34  117.4   0.0   100   317     4   266     2   294 0.78 -
TRINITY_DN9072_c0_g1_i2:109-1170  -            354 4609at3041           -            344   1.3e-34  117.2   0.6   1   1   1.7e-34   8.9e-33  111.1   0.6    37   315     2   331     1   339 0.72 -
TRINITY_DN7864_c0_g1_i1:0-563     -            188 4609at3041           -            344   1.6e-34  116.9   0.1   1   1   4.6e-36   2.3e-34  116.3   0.1    23   169     2   168     1   178 0.85 -
TRINITY_DN42798_c0_g1_i1:4-621    -            206 4609at3041           -            344   2.5e-32  109.7   0.9   1   1   3.3e-33   1.7e-31  106.9   0.9   120   296    10   206     8   206 0.80 -
TRINITY_DN9887_c0_g1_i1:80-715    -            212 4609at3041           -            344   6.1e-31  105.1   0.0   1   1   1.8e-32   9.3e-31  104.5   0.0     9   149    49   212    45   212 0.88 -
TRINITY_DN652_c0_g1_i5:401-1105   -            235 4609at3041           -            344   2.8e-30  102.9   0.1   1   1   1.6e-31   8.2e-30  101.4   0.1   156   314    39   214     4   221 0.83 -
TRINITY_DN602_c0_g2_i1:48-686     -            213 4609at3041           -            344   4.4e-30  102.3   0.1   1   1   6.2e-31   3.2e-29   99.5   0.1   198   309    74   184     1   197 0.92 -
TRINITY_DN652_c0_g1_i3:410-997    -            196 4609at3041           -            344   6.9e-30  101.6   0.1   1   1   2.5e-31   1.3e-29  100.7   0.1   163   314    10   178     6   186 0.85 -
TRINITY_DN652_c0_g1_i4:404-1033   -            210 4609at3041           -            344   7.4e-30  101.5   0.0   1   1   2.9e-31   1.5e-29  100.5   0.0   163   314    22   190    14   197 0.85 -
TRINITY_DN8276_c0_g1_i1:0-632     -            211 4609at3041           -            344   1.4e-28   97.4   3.5   1   1   2.6e-29   1.3e-27   94.1   3.5    10   165    19   199     3   206 0.80 -
TRINITY_DN396_c0_g1_i1:219-767    -            183 4609at3041           -            344   1.4e-25   87.5   0.2   1   1   3.4e-27   1.8e-25   87.1   0.2    12   119    52   162    44   179 0.92 -
TRINITY_DN797_c0_g1_i2:255-728    -            158 4609at3041           -            344   2.8e-25   86.5   0.2   1   1   8.2e-27   4.2e-25   85.9   0.2    19   150     2   154     1   157 0.82 -
TRINITY_DN2697_c0_g1_i1:15-524    -            170 4609at3041           -            344     2e-23   80.4   0.5   1   1   4.6e-25   2.4e-23   80.1   0.1   168   274    61   169    35   170 0.89 -
TRINITY_DN2311_c0_g1_i2:134-748   -            205 4609at3041           -            344   3.6e-22   76.3   0.0   1   1     5e-23   2.5e-21   73.5   0.0   198   305    88   196     2   205 0.83 -
TRINITY_DN6154_c0_g1_i1:23-445    -            141 4609at3041           -            344   8.1e-20   68.5   0.6   1   2   1.1e-17   5.7e-16   55.9   0.2    59   119    21    84     1    90 0.85 -
TRINITY_DN6154_c0_g1_i1:23-445    -            141 4609at3041           -            344   8.1e-20   68.5   0.6   2   2   0.00036     0.018   11.5   0.0   121   149   111   139   104   141 0.92 -
TRINITY_DN6154_c0_g1_i2:23-391    -            123 4609at3041           -            344   5.1e-17   59.3   1.3   1   2   7.6e-18   3.9e-16   56.4   0.2    59   119    21    84     1    90 0.85 -
TRINITY_DN6154_c0_g1_i2:23-391    -            123 4609at3041           -            344   5.1e-17   59.3   1.3   2   2      0.21        11    2.3   0.1   121   133   111   123   104   123 0.87 -
TRINITY_DN8218_c0_g1_i1:63-419    -            119 4609at3041           -            344   1.5e-16   57.8   0.5   1   1   6.1e-18   3.1e-16   56.7   0.5    64   160     3   119     1   119 0.77 -
TRINITY_DN6337_c0_g1_i1:30-443    -            138 4609at3041           -            344   3.4e-16   56.6   0.8   1   1   1.3e-17   6.6e-16   55.7   0.8    30   144     1   138     1   138 0.80 -
TRINITY_DN1212_c0_g1_i1:1574-2404 -            277 4609at3041           -            344   8.3e-09   32.3   0.0   1   1   2.1e-10   1.1e-08   31.9   0.0    12   120    68   181    63   198 0.81 -
TRINITY_DN1212_c0_g1_i3:147-977   -            277 4609at3041           -            344   8.3e-09   32.3   0.0   1   1   2.1e-10   1.1e-08   31.9   0.0    12   120    68   181    63   198 0.81 -
TRINITY_DN1212_c0_g1_i4:147-977   -            277 4609at3041           -            344   8.3e-09   32.3   0.0   1   1   2.1e-10   1.1e-08   31.9   0.0    12   120    68   181    63   198 0.81 -
TRINITY_DN1212_c0_g1_i3:1338-3386 -            683 4609at3041           -            344   9.5e-05   19.0   0.0   1   2   0.00025     0.013   11.9   0.0    12   119    24   141    21   155 0.80 -
TRINITY_DN1212_c0_g1_i3:1338-3386 -            683 4609at3041           -            344   9.5e-05   19.0   0.0   2   2     0.045       2.3    4.5   0.0   226   269   333   376   305   386 0.89 -
TRINITY_DN1821_c0_g1_i2:833-1138  -            102 4609at3041           -            344   0.00094   15.7   0.1   1   1   3.4e-05    0.0018   14.8   0.0   121   167     2    50     1    61 0.74 -
TRINITY_DN1821_c0_g1_i4:787-1092  -            102 4609at3041           -            344   0.00094   15.7   0.1   1   1   3.4e-05    0.0018   14.8   0.0   121   167     2    50     1    61 0.74 -
#
# Program:         hmmsearch
# Version:         3.2.1 (June 2018)
# Pipeline mode:   SEARCH
# Query file:      /sw/bioinfo/BUSCO/v5_lineage_sets/lineages/chlorophyta_odb10/hmms/4609at3041.hmm
# Target file:     /crex/proj/snic2022-23-81/expression_algae/code/busco/trinity_VA-3180-Osg03Mul/run_chlorophyta_odb10/metaeuk_output/initial_results/trinity_VA-3180-Osg03Mul.Trinity.fasta.modified.fas
# Option settings: hmmsearch --domtblout /crex/proj/snic2022-23-81/expression_algae/code/busco/trinity_VA-3180-Osg03Mul/run_chlorophyta_odb10/hmmer_output/initial_run_results/4609at3041.out --cpu 1 /sw/bioinfo/BUSCO/v5_lineage_sets/lineages/chlorophyta_odb10/hmms/4609at3041.hmm /crex/proj/snic2022-23-81/expression_algae/code/busco/trinity_VA-3180-Osg03Mul/run_chlorophyta_odb10/metaeuk_output/initial_results/trinity_VA-3180-Osg03Mul.Trinity.fasta.modified.fas 
# Current dir:     /crex/proj/snic2022-23-81/expression_algae/code/busco
# Date:            Fri Sep 23 10:11:34 2022
# [ok]
