#                                                                                         --- full sequence --- -------------- this domain -------------   hmm coord   ali coord   env coord
# target name                     accession   tlen query name           accession   qlen   E-value  score  bias   #  of  c-Evalue  i-Evalue  score  bias  from    to  from    to  from    to  acc description of target
#             ------------------- ---------- ----- -------------------- ---------- ----- --------- ------ ----- --- --- --------- --------- ------ ----- ----- ----- ----- ----- ----- ----- ---- ---------------------
TRINITY_DN468_c0_g1_i2:30-731     -            234 4754at3041           -            247   8.1e-98  323.9   3.6   1   2      0.61        56    0.2   0.0     1    14     1    14     1    20 0.82 -
TRINITY_DN468_c0_g1_i2:30-731     -            234 4754at3041           -            247   8.1e-98  323.9   3.6   2   2  9.8e-100     9e-98  323.8   1.2    13   199    39   234    31   234 0.95 -
TRINITY_DN64_c0_g1_i10:38-757     -            240 4754at3041           -            247     1e-61  205.7   0.2   1   1     2e-63   1.9e-61  204.8   0.2    17   233    30   237    21   240 0.92 -
TRINITY_DN64_c0_g1_i13:38-757     -            240 4754at3041           -            247     1e-61  205.7   0.2   1   1     2e-63   1.9e-61  204.8   0.2    17   233    30   237    21   240 0.92 -
TRINITY_DN64_c0_g1_i3:38-757      -            240 4754at3041           -            247   1.1e-61  205.6   0.2   1   1   2.4e-63   2.2e-61  204.6   0.2    17   230    30   234    21   239 0.92 -
TRINITY_DN64_c0_g1_i18:0-659      -            220 4754at3041           -            247   1.6e-60  201.8   0.1   1   1   3.8e-62   3.5e-60  200.7   0.1    17   230    10   214     3   219 0.91 -
TRINITY_DN64_c0_g1_i1:0-659       -            220 4754at3041           -            247   1.6e-60  201.8   0.1   1   1   3.8e-62   3.5e-60  200.7   0.1    17   230    10   214     3   219 0.91 -
TRINITY_DN64_c0_g1_i4:0-659       -            220 4754at3041           -            247   1.6e-60  201.8   0.1   1   1   3.8e-62   3.5e-60  200.7   0.1    17   230    10   214     3   219 0.91 -
TRINITY_DN64_c0_g1_i2:1-507       -            169 4754at3041           -            247     1e-44  150.0   1.0   1   1   2.5e-46   2.3e-44  148.9   1.0    71   234     3   160     1   167 0.89 -
TRINITY_DN2462_c0_g2_i1:575-1249  -            225 4754at3041           -            247   1.4e-44  149.5   0.3   1   1     2e-46   1.8e-44  149.2   0.3    39   236    26   219    20   224 0.83 -
TRINITY_DN127_c0_g1_i1:222-827    -            202 4754at3041           -            247   2.1e-43  145.7   0.3   1   2   1.1e-20   1.1e-18   64.8   0.0    35   147    24   129    17   131 0.94 -
TRINITY_DN127_c0_g1_i1:222-827    -            202 4754at3041           -            247   2.1e-43  145.7   0.3   2   2   2.1e-25   1.9e-23   80.3   0.0   165   236   130   201   124   202 0.96 -
TRINITY_DN2462_c0_g2_i2:196-831   -            212 4754at3041           -            247   3.9e-43  144.8   0.2   1   1   5.3e-45   4.9e-43  144.5   0.2    39   229    26   212    20   212 0.83 -
TRINITY_DN64_c0_g1_i21:6-527      -            174 4754at3041           -            247   5.3e-43  144.4   0.4   1   1   1.1e-44     1e-42  143.4   0.4    18   192     9   174     2   174 0.91 -
TRINITY_DN346_c0_g3_i1:201-785    -            195 4754at3041           -            247     1e-36  123.8   0.2   1   1     2e-38   1.9e-36  122.9   0.2    41   230    12   195     4   195 0.78 -
TRINITY_DN952_c0_g1_i12:155-625   -            157 4754at3041           -            247   5.3e-36  121.5   1.9   1   1   1.3e-37   1.2e-35  120.3   1.9    18   183     1   157     1   157 0.89 -
TRINITY_DN346_c2_g1_i2:612-1226   -            205 4754at3041           -            247   3.6e-35  118.7   0.2   1   1   4.5e-37   4.1e-35  118.5   0.2    41   236     1   205     1   205 0.85 -
TRINITY_DN64_c0_g1_i14:9-431      -            141 4754at3041           -            247   1.1e-33  113.8   0.1   1   1   3.2e-35   2.9e-33  112.5   0.1   101   232     5   129     2   137 0.87 -
TRINITY_DN15010_c0_g1_i1:61-822   -            254 4754at3041           -            247   1.5e-33  113.4   0.3   1   2   4.4e-07   4.1e-05   20.3   0.0    34    63    40    69     9    77 0.80 -
TRINITY_DN15010_c0_g1_i1:61-822   -            254 4754at3041           -            247   1.5e-33  113.4   0.3   2   2   2.5e-27   2.3e-25   86.6   0.1    64   220   115   250   106   254 0.89 -
TRINITY_DN64_c0_g1_i15:9-428      -            140 4754at3041           -            247   1.7e-32  110.0   0.2   1   1   4.4e-34   4.1e-32  108.7   0.2   101   234     5   131     2   138 0.87 -
TRINITY_DN346_c2_g1_i4:612-1262   -            217 4754at3041           -            247   2.7e-31  106.0   0.1   1   1   3.3e-33   3.1e-31  105.9   0.1    29   236     1   217     1   217 0.83 -
TRINITY_DN2838_c0_g1_i1:691-1287  -            199 4754at3041           -            247   4.7e-30  102.0   0.2   1   2   1.1e-17     1e-15   55.0   0.1    39   153    39   139    32   145 0.74 -
TRINITY_DN2838_c0_g1_i1:691-1287  -            199 4754at3041           -            247   4.7e-30  102.0   0.2   2   2   5.1e-15   4.7e-13   46.3   0.0   172   232   142   197   121   199 0.86 -
TRINITY_DN34544_c0_g1_i1:468-1112 -            215 4754at3041           -            247     7e-30  101.4   1.2   1   2   1.8e-16   1.7e-14   51.0   0.3    39    97    39    97    31   142 0.85 -
TRINITY_DN34544_c0_g1_i1:468-1112 -            215 4754at3041           -            247     7e-30  101.4   1.2   2   2   5.4e-16     5e-14   49.5   0.0   173   235   144   201   121   209 0.84 -
TRINITY_DN64_c0_g1_i20:91-483     -            131 4754at3041           -            247   3.8e-29   99.0   0.0   1   1   4.7e-31   4.3e-29   98.8   0.0    18   139     9   131     2   131 0.88 -
TRINITY_DN346_c0_g2_i3:84-623     -            180 4754at3041           -            247   1.1e-28   97.5   0.3   1   1   1.9e-29   1.8e-27   93.5   0.3    39   202    27   180    17   180 0.75 -
TRINITY_DN346_c0_g5_i2:28-462     -            145 4754at3041           -            247   1.8e-23   80.4   0.0   1   1   2.2e-25   2.1e-23   80.2   0.0   128   236    25   139     3   143 0.77 -
TRINITY_DN346_c0_g4_i1:47-454     -            136 4754at3041           -            247   5.3e-19   65.8   0.0   1   1   6.9e-21   6.4e-19   65.5   0.0    38    91    37    90    24   128 0.89 -
TRINITY_DN346_c1_g1_i1:476-931    -            152 4754at3041           -            247   1.6e-18   64.2   0.0   1   1   1.1e-19     1e-17   61.6   0.0    52   212     1   151     1   152 0.81 -
TRINITY_DN346_c1_g1_i6:493-948    -            152 4754at3041           -            247   1.6e-18   64.2   0.0   1   1   1.1e-19     1e-17   61.6   0.0    52   212     1   151     1   152 0.81 -
TRINITY_DN346_c1_g1_i5:883-1338   -            152 4754at3041           -            247   1.7e-18   64.1   0.0   1   1   1.2e-19   1.1e-17   61.5   0.0    52   212     1   151     1   152 0.81 -
TRINITY_DN346_c1_g1_i7:603-1058   -            152 4754at3041           -            247   1.7e-18   64.1   0.0   1   1   1.2e-19   1.1e-17   61.5   0.0    52   212     1   151     1   152 0.81 -
TRINITY_DN346_c1_g1_i8:493-948    -            152 4754at3041           -            247   1.7e-18   64.1   0.0   1   1   1.2e-19   1.1e-17   61.5   0.0    52   212     1   151     1   152 0.81 -
TRINITY_DN2462_c0_g1_i1:493-840   -            116 4754at3041           -            247   5.9e-17   59.1   0.0   1   1   6.9e-19   6.4e-17   59.0   0.0   165   232    43   106     2   114 0.80 -
TRINITY_DN346_c0_g2_i4:163-540    -            126 4754at3041           -            247   6.3e-15   52.4   0.1   1   1   1.1e-15     1e-13   48.5   0.1    67   202     1   126     1   126 0.69 -
TRINITY_DN2838_c0_g1_i2:670-1041  -            124 4754at3041           -            247   1.1e-14   51.6   0.0   1   2      0.29        26    1.3   0.0   128   158    32    62     6    65 0.60 -
TRINITY_DN2838_c0_g1_i2:670-1041  -            124 4754at3041           -            247   1.1e-14   51.6   0.0   2   2   3.4e-16   3.1e-14   50.2   0.0   172   236    60   119    39   124 0.86 -
TRINITY_DN5905_c0_g2_i1:531-923   -            131 4754at3041           -            247   7.5e-14   48.9   0.0   1   1   1.2e-15   1.1e-13   48.4   0.0    36   142    20   131    10   131 0.74 -
#
# Program:         hmmsearch
# Version:         3.2.1 (June 2018)
# Pipeline mode:   SEARCH
# Query file:      /sw/bioinfo/BUSCO/v5_lineage_sets/lineages/chlorophyta_odb10/hmms/4754at3041.hmm
# Target file:     /crex/proj/snic2022-23-81/expression_algae/code/busco/trinity_VA-3180-Osg03Mul/run_chlorophyta_odb10/metaeuk_output/initial_results/trinity_VA-3180-Osg03Mul.Trinity.fasta.modified.fas
# Option settings: hmmsearch --domtblout /crex/proj/snic2022-23-81/expression_algae/code/busco/trinity_VA-3180-Osg03Mul/run_chlorophyta_odb10/hmmer_output/initial_run_results/4754at3041.out --cpu 1 /sw/bioinfo/BUSCO/v5_lineage_sets/lineages/chlorophyta_odb10/hmms/4754at3041.hmm /crex/proj/snic2022-23-81/expression_algae/code/busco/trinity_VA-3180-Osg03Mul/run_chlorophyta_odb10/metaeuk_output/initial_results/trinity_VA-3180-Osg03Mul.Trinity.fasta.modified.fas 
# Current dir:     /crex/proj/snic2022-23-81/expression_algae/code/busco
# Date:            Fri Sep 23 10:11:34 2022
# [ok]
