#                                                                                        --- full sequence --- -------------- this domain -------------   hmm coord   ali coord   env coord
# target name                    accession   tlen query name           accession   qlen   E-value  score  bias   #  of  c-Evalue  i-Evalue  score  bias  from    to  from    to  from    to  acc description of target
#            ------------------- ---------- ----- -------------------- ---------- ----- --------- ------ ----- --- --- --------- --------- ------ ----- ----- ----- ----- ----- ----- ----- ---- ---------------------
TRINITY_DN36605_c0_g1_i1:434-949 -            172 4872at3041           -            185   7.3e-14   49.0   0.1   1   1   2.6e-16   1.6e-13   47.9   0.1    41   167    21   155     9   164 0.72 -
TRINITY_DN26335_c0_g1_i1:245-718 -            158 4872at3041           -            185   7.4e-10   36.0   0.0   1   1   1.4e-12   9.1e-10   35.7   0.0    57   128    12    93     9   152 0.80 -
TRINITY_DN7581_c0_g1_i2:171-698  -            176 4872at3041           -            185   1.1e-09   35.4   0.0   1   2    0.0026       1.6    5.5   0.0     4    38    16    50    13    60 0.83 -
TRINITY_DN7581_c0_g1_i2:171-698  -            176 4872at3041           -            185   1.1e-09   35.4   0.0   2   2   2.9e-10   1.8e-07   28.2   0.0    40   127    77   176    61   176 0.74 -
TRINITY_DN1718_c0_g1_i1:144-1172 -            343 4872at3041           -            185    0.0025   14.7   0.1   1   2   0.00026      0.16    8.8   0.1     2   117    31   169    30   182 0.52 -
TRINITY_DN1718_c0_g1_i1:144-1172 -            343 4872at3041           -            185    0.0025   14.7   0.1   2   2       1.5   9.6e+02   -3.5   0.0   134   161   260   287   258   293 0.81 -
TRINITY_DN9282_c0_g1_i1:314-1543 -            410 4872at3041           -            185    0.0038   14.1   0.1   1   2    0.0015      0.94    6.3   0.1     1    30    84   114    84   125 0.87 -
TRINITY_DN9282_c0_g1_i1:314-1543 -            410 4872at3041           -            185    0.0038   14.1   0.1   2   2    0.0029       1.8    5.4   0.0    41   119   156   236   142   240 0.79 -
#
# Program:         hmmsearch
# Version:         3.2.1 (June 2018)
# Pipeline mode:   SEARCH
# Query file:      /sw/bioinfo/BUSCO/v5_lineage_sets/lineages/chlorophyta_odb10/hmms/4872at3041.hmm
# Target file:     /crex/proj/snic2022-23-81/expression_algae/code/busco/trinity_VA-3180-Osg03Mul/run_chlorophyta_odb10/metaeuk_output/initial_results/trinity_VA-3180-Osg03Mul.Trinity.fasta.modified.fas
# Option settings: hmmsearch --domtblout /crex/proj/snic2022-23-81/expression_algae/code/busco/trinity_VA-3180-Osg03Mul/run_chlorophyta_odb10/hmmer_output/initial_run_results/4872at3041.out --cpu 1 /sw/bioinfo/BUSCO/v5_lineage_sets/lineages/chlorophyta_odb10/hmms/4872at3041.hmm /crex/proj/snic2022-23-81/expression_algae/code/busco/trinity_VA-3180-Osg03Mul/run_chlorophyta_odb10/metaeuk_output/initial_results/trinity_VA-3180-Osg03Mul.Trinity.fasta.modified.fas 
# Current dir:     /crex/proj/snic2022-23-81/expression_algae/code/busco
# Date:            Fri Sep 23 10:11:33 2022
# [ok]
