#                                                                                        --- full sequence --- -------------- this domain -------------   hmm coord   ali coord   env coord
# target name                    accession   tlen query name           accession   qlen   E-value  score  bias   #  of  c-Evalue  i-Evalue  score  bias  from    to  from    to  from    to  acc description of target
#            ------------------- ---------- ----- -------------------- ---------- ----- --------- ------ ----- --- --- --------- --------- ------ ----- ----- ----- ----- ----- ----- ----- ---- ---------------------
TRINITY_DN4316_c0_g1_i1:79-1422  -            448 587at3041            -            750   1.3e-23   80.6   0.0   1   2   2.9e-24     3e-21   72.8   0.1     2   198    13   255     9   261 0.72 -
TRINITY_DN4316_c0_g1_i1:79-1422  -            448 587at3041            -            750   1.3e-23   80.6   0.0   2   2    0.0014       1.5    4.3   0.0   277   353   354   431   340   438 0.85 -
TRINITY_DN2374_c0_g1_i2:261-1727 -            489 587at3041            -            750   4.3e-05   19.3   0.5   1   2   1.2e-07   0.00013   17.8   0.3    10   111    22   143     9   150 0.74 -
TRINITY_DN2374_c0_g1_i2:261-1727 -            489 587at3041            -            750   4.3e-05   19.3   0.5   2   2      0.12   1.3e+02   -2.1   0.0   227   266   255   293   246   294 0.77 -
TRINITY_DN2374_c0_g1_i1:1-2478   -            826 587at3041            -            750   8.7e-05   18.3   0.5   1   3   2.9e-07    0.0003   16.6   0.3    10   111    22   143     9   150 0.74 -
TRINITY_DN2374_c0_g1_i1:1-2478   -            826 587at3041            -            750   8.7e-05   18.3   0.5   2   3      0.26   2.8e+02   -3.2   0.0   229   266   257   293   249   294 0.76 -
TRINITY_DN2374_c0_g1_i1:1-2478   -            826 587at3041            -            750   8.7e-05   18.3   0.5   3   3      0.27   2.9e+02   -3.2   0.0   209   261   472   530   459   550 0.65 -
#
# Program:         hmmsearch
# Version:         3.2.1 (June 2018)
# Pipeline mode:   SEARCH
# Query file:      /sw/bioinfo/BUSCO/v5_lineage_sets/lineages/chlorophyta_odb10/hmms/587at3041.hmm
# Target file:     /crex/proj/snic2022-23-81/expression_algae/code/busco/trinity_VA-3180-Osg03Mul/run_chlorophyta_odb10/metaeuk_output/initial_results/trinity_VA-3180-Osg03Mul.Trinity.fasta.modified.fas
# Option settings: hmmsearch --domtblout /crex/proj/snic2022-23-81/expression_algae/code/busco/trinity_VA-3180-Osg03Mul/run_chlorophyta_odb10/hmmer_output/initial_run_results/587at3041.out --cpu 1 /sw/bioinfo/BUSCO/v5_lineage_sets/lineages/chlorophyta_odb10/hmms/587at3041.hmm /crex/proj/snic2022-23-81/expression_algae/code/busco/trinity_VA-3180-Osg03Mul/run_chlorophyta_odb10/metaeuk_output/initial_results/trinity_VA-3180-Osg03Mul.Trinity.fasta.modified.fas 
# Current dir:     /crex/proj/snic2022-23-81/expression_algae/code/busco
# Date:            Fri Sep 23 10:11:34 2022
# [ok]
