#                                                                                       --- full sequence --- -------------- this domain -------------   hmm coord   ali coord   env coord
# target name                   accession   tlen query name           accession   qlen   E-value  score  bias   #  of  c-Evalue  i-Evalue  score  bias  from    to  from    to  from    to  acc description of target
#           ------------------- ---------- ----- -------------------- ---------- ----- --------- ------ ----- --- --- --------- --------- ------ ----- ----- ----- ----- ----- ----- ----- ---- ---------------------
TRINITY_DN42283_c0_g1_i1:50-853 -            268 6861at3041           -            236   7.3e-39  131.2   0.1   1   2   6.4e-24     5e-21   72.8   0.0     6    66    85   149    77   164 0.86 -
TRINITY_DN42283_c0_g1_i1:50-853 -            268 6861at3041           -            236   7.3e-39  131.2   0.1   2   2   1.5e-17   1.1e-14   52.0   0.3    63   115   199   268   195   268 0.80 -
TRINITY_DN19277_c0_g1_i1:59-514 -            152 6861at3041           -            236   8.3e-30  101.6   5.8   1   2   3.6e-20   2.8e-17   60.6   0.2   131   185     3    61     1    65 0.90 -
TRINITY_DN19277_c0_g1_i1:59-514 -            152 6861at3041           -            236   8.3e-30  101.6   5.8   2   2     4e-15   3.1e-12   44.1   0.5   184   217   113   152   100   152 0.89 -
TRINITY_DN11577_c0_g1_i1:35-958 -            308 6861at3041           -            236    0.0018   15.4   9.1   1   2   3.8e-05      0.03   11.4   0.3    22    83    54   115    48   189 0.72 -
TRINITY_DN11577_c0_g1_i1:35-958 -            308 6861at3041           -            236    0.0018   15.4   9.1   2   2   0.00073      0.57    7.2   3.4   174   212   246   287   192   303 0.69 -
TRINITY_DN2340_c0_g1_i1:79-1116 -            346 6861at3041           -            236    0.0021   15.1   0.7   1   2   1.7e-05     0.013   12.5   0.1    38   122    82   166    42   180 0.80 -
TRINITY_DN2340_c0_g1_i1:79-1116 -            346 6861at3041           -            236    0.0021   15.1   0.7   2   2     0.071        56    0.7   0.1   187   204   290   307   278   331 0.74 -
#
# Program:         hmmsearch
# Version:         3.2.1 (June 2018)
# Pipeline mode:   SEARCH
# Query file:      /sw/bioinfo/BUSCO/v5_lineage_sets/lineages/chlorophyta_odb10/hmms/6861at3041.hmm
# Target file:     /crex/proj/snic2022-23-81/expression_algae/code/busco/trinity_VA-3180-Osg03Mul/run_chlorophyta_odb10/metaeuk_output/initial_results/trinity_VA-3180-Osg03Mul.Trinity.fasta.modified.fas
# Option settings: hmmsearch --domtblout /crex/proj/snic2022-23-81/expression_algae/code/busco/trinity_VA-3180-Osg03Mul/run_chlorophyta_odb10/hmmer_output/initial_run_results/6861at3041.out --cpu 1 /sw/bioinfo/BUSCO/v5_lineage_sets/lineages/chlorophyta_odb10/hmms/6861at3041.hmm /crex/proj/snic2022-23-81/expression_algae/code/busco/trinity_VA-3180-Osg03Mul/run_chlorophyta_odb10/metaeuk_output/initial_results/trinity_VA-3180-Osg03Mul.Trinity.fasta.modified.fas 
# Current dir:     /crex/proj/snic2022-23-81/expression_algae/code/busco
# Date:            Fri Sep 23 10:11:35 2022
# [ok]
