#                                                                                         --- full sequence --- -------------- this domain -------------   hmm coord   ali coord   env coord
# target name                     accession   tlen query name           accession   qlen   E-value  score  bias   #  of  c-Evalue  i-Evalue  score  bias  from    to  from    to  from    to  acc description of target
#             ------------------- ---------- ----- -------------------- ---------- ----- --------- ------ ----- --- --- --------- --------- ------ ----- ----- ----- ----- ----- ----- ----- ---- ---------------------
TRINITY_DN29723_c0_g1_i1:2-244    -             81 776at3041            -            960   3.3e-44  148.7   0.3   1   1     1e-46   3.6e-44  148.5   0.3     1    65     3    67     3    72 0.97 -
TRINITY_DN38541_c0_g1_i1:62-613   -            184 776at3041            -            960   5.7e-40  134.6   0.0   1   1   1.8e-42   6.3e-40  134.5   0.0   761   941     1   184     1   184 0.92 -
TRINITY_DN28938_c0_g1_i1:807-1046 -             80 776at3041            -            960   7.1e-09   31.7   0.0   1   1   2.2e-11   7.7e-09   31.6   0.0     2    65     3    68     2    73 0.89 -
TRINITY_DN518_c0_g1_i3:1672-1908  -             79 776at3041            -            960     1e-05   21.3   0.1   1   1   2.9e-08     1e-05   21.3   0.1    25    57    15    47     2    67 0.81 -
TRINITY_DN6502_c0_g2_i1:81-680    -            200 776at3041            -            960    0.0011   14.5   1.0   1   2   5.6e-06    0.0019   13.7   0.2    26    56    14    44     3    53 0.89 -
TRINITY_DN6502_c0_g2_i1:81-680    -            200 776at3041            -            960    0.0011   14.5   1.0   2   2      0.16        57   -1.1   0.0   866   887   110   131    99   148 0.81 -
TRINITY_DN35003_c0_g1_i1:198-653  -            152 776at3041            -            960    0.0014   14.2   0.3   1   2   0.00042      0.14    7.5   0.0    29    44     6    21     4    32 0.91 -
TRINITY_DN35003_c0_g1_i1:198-653  -            152 776at3041            -            960    0.0014   14.2   0.3   2   2    0.0025      0.85    5.0   0.1   871   923    94   142    86   151 0.79 -
TRINITY_DN833_c0_g1_i1:1485-2168  -            228 776at3041            -            960     0.076    8.4   2.5   1   3    0.0014      0.48    5.8   0.1    29    41    31    43    26    47 0.91 -
TRINITY_DN833_c0_g1_i1:1485-2168  -            228 776at3041            -            960     0.076    8.4   2.5   2   3     0.024       8.3    1.7   0.3   269   326    73   131    60   146 0.73 -
TRINITY_DN833_c0_g1_i1:1485-2168  -            228 776at3041            -            960     0.076    8.4   2.5   3   3      0.27        95   -1.8   0.0   874   919   158   199   155   219 0.67 -
TRINITY_DN7_c0_g1_i5:221-1834     -            538 776at3041            -            960     0.084    8.3   4.9   1   3    0.0023      0.81    5.0   0.1    29    44    52    67    50    68 0.88 -
TRINITY_DN7_c0_g1_i5:221-1834     -            538 776at3041            -            960     0.084    8.3   4.9   2   3      0.94   3.3e+02   -3.6   0.5   142   145   272   275   233   317 0.44 -
TRINITY_DN7_c0_g1_i5:221-1834     -            538 776at3041            -            960     0.084    8.3   4.9   3   3    0.0032       1.1    4.6   0.0    28    41   364   377   359   380 0.89 -
TRINITY_DN7_c0_g1_i17:221-1885    -            555 776at3041            -            960      0.11    8.0   4.3   1   4    0.0024      0.84    5.0   0.1    29    44    52    67    50    68 0.88 -
TRINITY_DN7_c0_g1_i17:221-1885    -            555 776at3041            -            960      0.11    8.0   4.3   2   4      0.23        78   -1.5   0.0   853   924   148   212   141   230 0.67 -
TRINITY_DN7_c0_g1_i17:221-1885    -            555 776at3041            -            960      0.11    8.0   4.3   3   4         1   3.6e+02   -3.7   0.7   699   717   262   280   252   307 0.39 -
TRINITY_DN7_c0_g1_i17:221-1885    -            555 776at3041            -            960      0.11    8.0   4.3   4   4     0.014       4.9    2.5   0.0    28    41   365   378   362   381 0.89 -
#
# Program:         hmmsearch
# Version:         3.2.1 (June 2018)
# Pipeline mode:   SEARCH
# Query file:      /sw/bioinfo/BUSCO/v5_lineage_sets/lineages/chlorophyta_odb10/hmms/776at3041.hmm
# Target file:     /crex/proj/snic2022-23-81/expression_algae/code/busco/trinity_VA-3180-Osg03Mul/run_chlorophyta_odb10/metaeuk_output/initial_results/trinity_VA-3180-Osg03Mul.Trinity.fasta.modified.fas
# Option settings: hmmsearch --domtblout /crex/proj/snic2022-23-81/expression_algae/code/busco/trinity_VA-3180-Osg03Mul/run_chlorophyta_odb10/hmmer_output/initial_run_results/776at3041.out --cpu 1 /sw/bioinfo/BUSCO/v5_lineage_sets/lineages/chlorophyta_odb10/hmms/776at3041.hmm /crex/proj/snic2022-23-81/expression_algae/code/busco/trinity_VA-3180-Osg03Mul/run_chlorophyta_odb10/metaeuk_output/initial_results/trinity_VA-3180-Osg03Mul.Trinity.fasta.modified.fas 
# Current dir:     /crex/proj/snic2022-23-81/expression_algae/code/busco
# Date:            Fri Sep 23 10:11:37 2022
# [ok]
