#                                                                                         --- full sequence --- -------------- this domain -------------   hmm coord   ali coord   env coord
# target name                     accession   tlen query name           accession   qlen   E-value  score  bias   #  of  c-Evalue  i-Evalue  score  bias  from    to  from    to  from    to  acc description of target
#             ------------------- ---------- ----- -------------------- ---------- ----- --------- ------ ----- --- --- --------- --------- ------ ----- ----- ----- ----- ----- ----- ----- ---- ---------------------
TRINITY_DN2189_c0_g1_i4:7-477     -            157 9279at3041           -            248   6.4e-26   88.6   1.4   1   4   8.3e-07   3.1e-05   20.9   0.0    28    59     1    32     1    40 0.87 -
TRINITY_DN2189_c0_g1_i4:7-477     -            157 9279at3041           -            248   6.4e-26   88.6   1.4   2   4   4.9e-08   1.8e-06   24.9   0.1    23    59    38    74    31    81 0.88 -
TRINITY_DN2189_c0_g1_i4:7-477     -            157 9279at3041           -            248   6.4e-26   88.6   1.4   3   4   6.6e-08   2.5e-06   24.5   0.0    24    60    81   117    77   123 0.89 -
TRINITY_DN2189_c0_g1_i4:7-477     -            157 9279at3041           -            248   6.4e-26   88.6   1.4   4   4   1.9e-05   0.00073   16.4   0.0    23    52   122   151   114   155 0.87 -
TRINITY_DN3168_c0_g1_i2:86-964    -            293 9279at3041           -            248     2e-25   87.0   3.2   1   6   4.5e-06   0.00017   18.5   0.0    25    57    14    46     6    55 0.90 -
TRINITY_DN3168_c0_g1_i2:86-964    -            293 9279at3041           -            248     2e-25   87.0   3.2   2   6    0.0043      0.16    8.7   0.0    22    56    53    87    45    97 0.86 -
TRINITY_DN3168_c0_g1_i2:86-964    -            293 9279at3041           -            248     2e-25   87.0   3.2   3   6   0.00016     0.006   13.4   0.0    24    58    97   131    90   138 0.88 -
TRINITY_DN3168_c0_g1_i2:86-964    -            293 9279at3041           -            248     2e-25   87.0   3.2   4   6   8.4e-05    0.0032   14.3   0.0    21    56   136   171   129   177 0.88 -
TRINITY_DN3168_c0_g1_i2:86-964    -            293 9279at3041           -            248     2e-25   87.0   3.2   5   6   5.8e-06   0.00022   18.1   0.0    22    56   179   213   173   224 0.88 -
TRINITY_DN3168_c0_g1_i2:86-964    -            293 9279at3041           -            248     2e-25   87.0   3.2   6   6    0.0012     0.044   10.6   0.0    25    56   224   255   217   275 0.90 -
TRINITY_DN3168_c0_g1_i3:292-1173  -            294 9279at3041           -            248     2e-25   87.0   3.2   1   6   4.6e-06   0.00017   18.5   0.0    25    57    15    47     7    56 0.90 -
TRINITY_DN3168_c0_g1_i3:292-1173  -            294 9279at3041           -            248     2e-25   87.0   3.2   2   6    0.0043      0.16    8.7   0.0    22    56    54    88    46    98 0.86 -
TRINITY_DN3168_c0_g1_i3:292-1173  -            294 9279at3041           -            248     2e-25   87.0   3.2   3   6   0.00016    0.0061   13.4   0.0    24    58    98   132    91   139 0.88 -
TRINITY_DN3168_c0_g1_i3:292-1173  -            294 9279at3041           -            248     2e-25   87.0   3.2   4   6   8.4e-05    0.0032   14.3   0.0    21    56   137   172   130   178 0.88 -
TRINITY_DN3168_c0_g1_i3:292-1173  -            294 9279at3041           -            248     2e-25   87.0   3.2   5   6   5.9e-06   0.00022   18.1   0.0    22    56   180   214   174   225 0.88 -
TRINITY_DN3168_c0_g1_i3:292-1173  -            294 9279at3041           -            248     2e-25   87.0   3.2   6   6    0.0012     0.044   10.6   0.0    25    56   225   256   218   276 0.90 -
TRINITY_DN12286_c0_g1_i1:324-1235 -            304 9279at3041           -            248   4.9e-22   75.9   2.9   1   5   6.4e-06   0.00024   18.0   0.0    25    63    19    57    14    61 0.89 -
TRINITY_DN12286_c0_g1_i1:324-1235 -            304 9279at3041           -            248   4.9e-22   75.9   2.9   2   5   1.8e-05   0.00067   16.5   0.2    25    59    62    96    58   107 0.85 -
TRINITY_DN12286_c0_g1_i1:324-1235 -            304 9279at3041           -            248   4.9e-22   75.9   2.9   3   5    0.0023     0.087    9.6   0.1    26    54   105   134    98   143 0.77 -
TRINITY_DN12286_c0_g1_i1:324-1235 -            304 9279at3041           -            248   4.9e-22   75.9   2.9   4   5   0.00073     0.028   11.2   0.0    23    56   144   177   135   186 0.88 -
TRINITY_DN12286_c0_g1_i1:324-1235 -            304 9279at3041           -            248   4.9e-22   75.9   2.9   5   5    0.0011     0.043   10.6   0.0    31    56   249   274   241   288 0.87 -
TRINITY_DN2189_c0_g1_i3:10-369    -            120 9279at3041           -            248   2.6e-19   67.0   2.2   1   3   1.8e-06   6.7e-05   19.8   0.0    29    59     1    31     1    39 0.86 -
TRINITY_DN2189_c0_g1_i3:10-369    -            120 9279at3041           -            248   2.6e-19   67.0   2.2   2   3   3.3e-08   1.2e-06   25.5   0.1    23    58    37    72    30    80 0.86 -
TRINITY_DN2189_c0_g1_i3:10-369    -            120 9279at3041           -            248   2.6e-19   67.0   2.2   3   3   5.8e-07   2.2e-05   21.4   0.1    24    58    80   114    76   119 0.88 -
TRINITY_DN3703_c0_g2_i1:274-1101  -            276 9279at3041           -            248   4.6e-18   62.9  15.5   1   6   8.9e-05    0.0034   14.2   0.0    25    57     3    35     1    44 0.90 -
TRINITY_DN3703_c0_g2_i1:274-1101  -            276 9279at3041           -            248   4.6e-18   62.9  15.5   2   6   4.3e-05    0.0016   15.3   0.2    25    54    46    75    40    88 0.86 -
TRINITY_DN3703_c0_g2_i1:274-1101  -            276 9279at3041           -            248   4.6e-18   62.9  15.5   3   6     0.015      0.56    6.9   0.0    26    56    89   119    84   125 0.84 -
TRINITY_DN3703_c0_g2_i1:274-1101  -            276 9279at3041           -            248   4.6e-18   62.9  15.5   4   6   2.3e-05   0.00085   16.2   0.3    16    59   122   165   119   175 0.85 -
TRINITY_DN3703_c0_g2_i1:274-1101  -            276 9279at3041           -            248   4.6e-18   62.9  15.5   5   6    0.0031      0.12    9.2   0.0    30    56   179   205   168   213 0.87 -
TRINITY_DN3703_c0_g2_i1:274-1101  -            276 9279at3041           -            248   4.6e-18   62.9  15.5   6   6    0.0023     0.088    9.6   0.1    21    56   213   248   202   262 0.83 -
TRINITY_DN40751_c0_g1_i1:146-1846 -            567 9279at3041           -            248   6.6e-18   62.4   8.8   1   7      0.19       7.2    3.3   0.0    25    55    45    80    41    84 0.77 -
TRINITY_DN40751_c0_g1_i1:146-1846 -            567 9279at3041           -            248   6.6e-18   62.4   8.8   2   7     3e-07   1.1e-05   22.3   0.0     7    61    69   130    63   143 0.80 -
TRINITY_DN40751_c0_g1_i1:146-1846 -            567 9279at3041           -            248   6.6e-18   62.4   8.8   3   7    0.0052       0.2    8.5   0.0     5    51   346   397   342   410 0.77 -
TRINITY_DN40751_c0_g1_i1:146-1846 -            567 9279at3041           -            248   6.6e-18   62.4   8.8   4   7     0.003      0.11    9.2   0.1    21    59   410   448   403   455 0.86 -
TRINITY_DN40751_c0_g1_i1:146-1846 -            567 9279at3041           -            248   6.6e-18   62.4   8.8   5   7    0.0028       0.1    9.3   0.0    25    58   458   491   451   500 0.87 -
TRINITY_DN40751_c0_g1_i1:146-1846 -            567 9279at3041           -            248   6.6e-18   62.4   8.8   6   7    0.0095      0.36    7.6   0.0    26    57   500   531   490   541 0.86 -
TRINITY_DN40751_c0_g1_i1:146-1846 -            567 9279at3041           -            248   6.6e-18   62.4   8.8   7   7     0.099       3.8    4.3   0.0    25    50   542   567   534   567 0.92 -
TRINITY_DN4610_c0_g1_i1:63-674    -            204 9279at3041           -            248   1.8e-17   61.0   4.1   1   4   3.7e-05    0.0014   15.5   0.0    24    56     9    41     3    50 0.89 -
TRINITY_DN4610_c0_g1_i1:63-674    -            204 9279at3041           -            248   1.8e-17   61.0   4.1   2   4   9.6e-08   3.6e-06   23.9   0.1    25    56    52    83    43    93 0.88 -
TRINITY_DN4610_c0_g1_i1:63-674    -            204 9279at3041           -            248   1.8e-17   61.0   4.1   3   4    0.0029      0.11    9.3   0.1    24    57    93   126    85   136 0.88 -
TRINITY_DN4610_c0_g1_i1:63-674    -            204 9279at3041           -            248   1.8e-17   61.0   4.1   4   4   0.00058     0.022   11.6   0.0    24    56   137   169   132   197 0.86 -
TRINITY_DN28128_c0_g1_i1:152-1057 -            302 9279at3041           -            248   4.6e-17   59.7  13.1   1   6     0.028       1.1    6.0   0.0    35    58    19    42     5    51 0.82 -
TRINITY_DN28128_c0_g1_i1:152-1057 -            302 9279at3041           -            248   4.6e-17   59.7  13.1   2   6    0.0011     0.043   10.6   0.1    25    58    56    89    43    97 0.85 -
TRINITY_DN28128_c0_g1_i1:152-1057 -            302 9279at3041           -            248   4.6e-17   59.7  13.1   3   6   6.1e-06   0.00023   18.0   0.1    18    53    91   126    87   140 0.86 -
TRINITY_DN28128_c0_g1_i1:152-1057 -            302 9279at3041           -            248   4.6e-17   59.7  13.1   4   6      0.24         9    3.0   0.1    26    57   143   176   138   186 0.74 -
TRINITY_DN28128_c0_g1_i1:152-1057 -            302 9279at3041           -            248   4.6e-17   59.7  13.1   5   6   9.3e-05    0.0035   14.2   0.0    22    95   183   261   175   267 0.73 -
TRINITY_DN28128_c0_g1_i1:152-1057 -            302 9279at3041           -            248   4.6e-17   59.7  13.1   6   6   7.8e-05     0.003   14.4   0.6    23    50   275   302   239   302 0.61 -
TRINITY_DN30100_c0_g1_i1:113-724  -            204 9279at3041           -            248   4.6e-17   59.6   0.7   1   2   7.4e-14   2.8e-12   44.0   0.0    62   216     8   158     1   164 0.86 -
TRINITY_DN30100_c0_g1_i1:113-724  -            204 9279at3041           -            248   4.6e-17   59.6   0.7   2   2   7.3e-05    0.0028   14.5   0.2    24    52   174   202   162   204 0.91 -
TRINITY_DN22110_c0_g1_i1:11-1552  -            514 9279at3041           -            248   8.5e-17   58.8   1.2   1   5    0.0048      0.18    8.5   0.0    31    56   223   248   213   258 0.88 -
TRINITY_DN22110_c0_g1_i1:11-1552  -            514 9279at3041           -            248   8.5e-17   58.8   1.2   2   5     0.023      0.86    6.4   0.0    20    56   262   298   249   303 0.84 -
TRINITY_DN22110_c0_g1_i1:11-1552  -            514 9279at3041           -            248   8.5e-17   58.8   1.2   3   5   0.00058     0.022   11.6   0.0    24    62   309   346   300   357 0.82 -
TRINITY_DN22110_c0_g1_i1:11-1552  -            514 9279at3041           -            248   8.5e-17   58.8   1.2   4   5   2.5e-05   0.00094   16.1   0.3    26    57   353   384   344   426 0.71 -
TRINITY_DN22110_c0_g1_i1:11-1552  -            514 9279at3041           -            248   8.5e-17   58.8   1.2   5   5   0.00056     0.021   11.6   0.0   113   216   413   512   398   514 0.82 -
TRINITY_DN3187_c0_g1_i2:411-1166  -            252 9279at3041           -            248   5.1e-15   52.9   0.1   1   4   0.00094     0.035   10.9   0.0    26   175     5    75     1    85 0.49 -
TRINITY_DN3187_c0_g1_i2:411-1166  -            252 9279at3041           -            248   5.1e-15   52.9   0.1   2   4   0.00015    0.0056   13.5   0.2     7    56    67   121    58   130 0.81 -
TRINITY_DN3187_c0_g1_i2:411-1166  -            252 9279at3041           -            248   5.1e-15   52.9   0.1   3   4   3.1e-05    0.0012   15.7   0.0    21    56   130   165   124   174 0.86 -
TRINITY_DN3187_c0_g1_i2:411-1166  -            252 9279at3041           -            248   5.1e-15   52.9   0.1   4   4    0.0034      0.13    9.1   0.0    24    54   195   225   184   243 0.63 -
TRINITY_DN21592_c0_g1_i1:827-1282 -            152 9279at3041           -            248   1.6e-14   51.3   1.0   1   4      0.63        24    1.6   0.0    36    67    11    42     5    47 0.85 -
TRINITY_DN21592_c0_g1_i1:827-1282 -            152 9279at3041           -            248   1.6e-14   51.3   1.0   2   4   1.5e-05   0.00057   16.8   0.0    24    56    42    74    35    82 0.86 -
TRINITY_DN21592_c0_g1_i1:827-1282 -            152 9279at3041           -            248   1.6e-14   51.3   1.0   3   4   9.1e-07   3.4e-05   20.8   0.3    25    56    85   116    80   124 0.89 -
TRINITY_DN21592_c0_g1_i1:827-1282 -            152 9279at3041           -            248   1.6e-14   51.3   1.0   4   4     0.003      0.11    9.2   0.1    25    50   127   152   121   152 0.93 -
TRINITY_DN4426_c0_g1_i1:2-883     -            294 9279at3041           -            248   1.8e-14   51.2   0.1   1   4     0.011      0.42    7.4   0.0    33    57    13    37     2    48 0.81 -
TRINITY_DN4426_c0_g1_i1:2-883     -            294 9279at3041           -            248   1.8e-14   51.2   0.1   2   4   4.2e-05    0.0016   15.3   0.0    25    57    48    80    40    94 0.85 -
TRINITY_DN4426_c0_g1_i1:2-883     -            294 9279at3041           -            248   1.8e-14   51.2   0.1   3   4    0.0023     0.088    9.6   0.0     6    51   108   160   103   184 0.75 -
TRINITY_DN4426_c0_g1_i1:2-883     -            294 9279at3041           -            248   1.8e-14   51.2   0.1   4   4     9e-05    0.0034   14.2   0.0   112   216   188   294   174   294 0.72 -
TRINITY_DN12499_c0_g1_i1:147-902  -            252 9279at3041           -            248   1.8e-14   51.2   1.5   1   5   0.00022    0.0081   13.0   0.1    24    60     7    43     4    52 0.86 -
TRINITY_DN12499_c0_g1_i1:147-902  -            252 9279at3041           -            248   1.8e-14   51.2   1.5   2   5    0.0013     0.049   10.4   0.0    23    56    48    81    43    94 0.86 -
TRINITY_DN12499_c0_g1_i1:147-902  -            252 9279at3041           -            248   1.8e-14   51.2   1.5   3   5     0.013       0.5    7.1   0.0    28    56    95   123    87   133 0.84 -
TRINITY_DN12499_c0_g1_i1:147-902  -            252 9279at3041           -            248   1.8e-14   51.2   1.5   4   5   0.00021    0.0079   13.0   0.0    22    56   131   165   125   171 0.89 -
TRINITY_DN12499_c0_g1_i1:147-902  -            252 9279at3041           -            248   1.8e-14   51.2   1.5   5   5      0.26       9.7    2.9   0.0    26    58   178   210   173   245 0.75 -
TRINITY_DN2817_c0_g1_i2:13-888    -            292 9279at3041           -            248     2e-14   51.0   9.6   1   6   3.2e-05    0.0012   15.7   0.7    19    55     9    45     4    57 0.88 -
TRINITY_DN2817_c0_g1_i2:13-888    -            292 9279at3041           -            248     2e-14   51.0   9.6   2   6     0.003      0.11    9.2   0.2    24    65    58    99    50   115 0.88 -
TRINITY_DN2817_c0_g1_i2:13-888    -            292 9279at3041           -            248     2e-14   51.0   9.6   3   6       1.7        64    0.2   0.0    39    58   119   138   106   154 0.76 -
TRINITY_DN2817_c0_g1_i2:13-888    -            292 9279at3041           -            248     2e-14   51.0   9.6   4   6    0.0016      0.06   10.1   0.0    17    56   152   191   148   201 0.86 -
TRINITY_DN2817_c0_g1_i2:13-888    -            292 9279at3041           -            248     2e-14   51.0   9.6   5   6     0.027         1    6.1   0.0    24    54   201   231   194   240 0.86 -
TRINITY_DN2817_c0_g1_i2:13-888    -            292 9279at3041           -            248     2e-14   51.0   9.6   6   6    0.0015     0.057   10.2   0.1    24    60   243   278   239   287 0.83 -
TRINITY_DN3168_c0_g1_i1:198-719   -            174 9279at3041           -            248   4.2e-14   49.9   0.4   1   3   2.5e-05   0.00095   16.0   0.1    20    56    17    53     2    62 0.86 -
TRINITY_DN3168_c0_g1_i1:198-719   -            174 9279at3041           -            248   4.2e-14   49.9   0.4   2   3   2.5e-06   9.5e-05   19.3   0.0    22    56    61    95    54   105 0.87 -
TRINITY_DN3168_c0_g1_i1:198-719   -            174 9279at3041           -            248   4.2e-14   49.9   0.4   3   3   0.00048     0.018   11.8   0.0    25    56   106   137   100   160 0.89 -
TRINITY_DN7973_c0_g1_i1:0-905     -            302 9279at3041           -            248   6.5e-14   49.3   0.0   1   3      0.16       6.2    3.5   0.0    24    54    39    69    30    79 0.81 -
TRINITY_DN7973_c0_g1_i1:0-905     -            302 9279at3041           -            248   6.5e-14   49.3   0.0   2   3   0.00067     0.025   11.4   0.1     9    56    61   113    52   121 0.77 -
TRINITY_DN7973_c0_g1_i1:0-905     -            302 9279at3041           -            248   6.5e-14   49.3   0.0   3   3   1.2e-10   4.7e-09   33.4   0.0    25   199   124   300   114   302 0.80 -
TRINITY_DN22065_c0_g1_i1:4-513    -            170 9279at3041           -            248   1.3e-13   48.4   7.4   1   3   3.2e-05    0.0012   15.7   0.2    25    57     7    39     3    53 0.86 -
TRINITY_DN22065_c0_g1_i1:4-513    -            170 9279at3041           -            248   1.3e-13   48.4   7.4   2   3   2.7e-06    0.0001   19.2   0.3    21    55    76   110    66   121 0.85 -
TRINITY_DN22065_c0_g1_i1:4-513    -            170 9279at3041           -            248   1.3e-13   48.4   7.4   3   3   1.1e-05   0.00041   17.2   0.2    22    56   121   155   111   166 0.85 -
TRINITY_DN3187_c0_g1_i1:648-1172  -            175 9279at3041           -            248   1.4e-12   45.0   0.0   1   3   0.00053      0.02   11.7   0.0    26   175     7    77     3    86 0.49 -
TRINITY_DN3187_c0_g1_i1:648-1172  -            175 9279at3041           -            248   1.4e-12   45.0   0.0   2   3   7.5e-05    0.0028   14.5   0.2     7    56    69   123    60   132 0.81 -
TRINITY_DN3187_c0_g1_i1:648-1172  -            175 9279at3041           -            248   1.4e-12   45.0   0.0   3   3   1.9e-05    0.0007   16.5   0.0    21    56   132   167   125   173 0.86 -
TRINITY_DN41521_c0_g1_i1:248-937  -            230 9279at3041           -            248   1.8e-12   44.6   1.9   1   2   0.00024    0.0092   12.8   0.0     4    54     2    59     1    68 0.70 -
TRINITY_DN41521_c0_g1_i1:248-937  -            230 9279at3041           -            248   1.8e-12   44.6   1.9   2   2   4.8e-08   1.8e-06   25.0   1.1    21   167    67   225    60   230 0.68 -
TRINITY_DN3703_c0_g1_i2:882-1748  -            289 9279at3041           -            248   7.6e-12   42.5   8.4   1   6     0.039       1.5    5.6   0.0    35    56    18    40    13    54 0.81 -
TRINITY_DN3703_c0_g1_i2:882-1748  -            289 9279at3041           -            248   7.6e-12   42.5   8.4   2   6       1.2        45    0.7   0.1    91   121    43    74    30    93 0.70 -
TRINITY_DN3703_c0_g1_i2:882-1748  -            289 9279at3041           -            248   7.6e-12   42.5   8.4   3   6    0.0034      0.13    9.0   0.1    26    58   100   132    79   139 0.83 -
TRINITY_DN3703_c0_g1_i2:882-1748  -            289 9279at3041           -            248   7.6e-12   42.5   8.4   4   6     0.021       0.8    6.5   0.0    25    59   141   175   134   181 0.83 -
TRINITY_DN3703_c0_g1_i2:882-1748  -            289 9279at3041           -            248   7.6e-12   42.5   8.4   5   6   0.00039     0.015   12.1   0.0    22    53   180   211   176   219 0.89 -
TRINITY_DN3703_c0_g1_i2:882-1748  -            289 9279at3041           -            248   7.6e-12   42.5   8.4   6   6    0.0021     0.078    9.8   0.1    25    59   225   259   213   287 0.73 -
TRINITY_DN24129_c0_g1_i1:31-249   -             73 9279at3041           -            248   2.3e-11   41.0   0.9   1   2   1.4e-06   5.2e-05   20.2   0.1    25    59     3    37     1    44 0.87 -
TRINITY_DN24129_c0_g1_i1:31-249   -             73 9279at3041           -            248   2.3e-11   41.0   0.9   2   2   1.1e-06   4.3e-05   20.4   0.1    23    52    43    72    40    73 0.92 -
TRINITY_DN4909_c0_g4_i1:37-261    -             75 9279at3041           -            248   1.5e-10   38.3   0.9   1   2   2.1e-07   7.9e-06   22.9   0.3    25    60     4    39     1    46 0.88 -
TRINITY_DN4909_c0_g4_i1:37-261    -             75 9279at3041           -            248   1.5e-10   38.3   0.9   2   2   3.8e-05    0.0014   15.4   0.1    24    52    45    73    36    75 0.85 -
TRINITY_DN2817_c0_g1_i1:93-722    -            210 9279at3041           -            248   1.8e-10   38.1   5.7   1   4   2.1e-05   0.00079   16.3   0.8    19    55     9    45     4    56 0.88 -
TRINITY_DN2817_c0_g1_i1:93-722    -            210 9279at3041           -            248   1.8e-10   38.1   5.7   2   4    0.0019     0.071    9.9   0.8    24    65    58    99    51   138 0.85 -
TRINITY_DN2817_c0_g1_i1:93-722    -            210 9279at3041           -            248   1.8e-10   38.1   5.7   3   4         1        39    0.9   0.0    39    59   119   139   111   156 0.73 -
TRINITY_DN2817_c0_g1_i1:93-722    -            210 9279at3041           -            248   1.8e-10   38.1   5.7   4   4   0.00093     0.035   10.9   0.0    17    56   152   191   148   202 0.86 -
TRINITY_DN7302_c0_g1_i2:250-1503  -            418 9279at3041           -            248   1.8e-10   38.0   3.0   1   4   1.6e-05    0.0006   16.7   0.0    29    75   184   231   178   235 0.86 -
TRINITY_DN7302_c0_g1_i2:250-1503  -            418 9279at3041           -            248   1.8e-10   38.0   3.0   2   4      0.21         8    3.2   0.1    26    64   231   270   228   284 0.71 -
TRINITY_DN7302_c0_g1_i2:250-1503  -            418 9279at3041           -            248   1.8e-10   38.0   3.0   3   4   4.7e-05    0.0018   15.2   0.0   149   216   278   346   269   354 0.79 -
TRINITY_DN7302_c0_g1_i2:250-1503  -            418 9279at3041           -            248   1.8e-10   38.0   3.0   4   4      0.78        29    1.3   0.1   190   217   376   404   368   413 0.55 -
TRINITY_DN28238_c0_g1_i1:124-711  -            196 9279at3041           -            248   2.2e-10   37.7   1.3   1   4      0.18       6.7    3.4   0.0    22    56    21    55     2    65 0.81 -
TRINITY_DN28238_c0_g1_i1:124-711  -            196 9279at3041           -            248   2.2e-10   37.7   1.3   2   4     2e-05   0.00077   16.3   0.2    10    57    46    98    35   107 0.71 -
TRINITY_DN28238_c0_g1_i1:124-711  -            196 9279at3041           -            248   2.2e-10   37.7   1.3   3   4     8e-05     0.003   14.4   0.1    23    56   106   139   100   146 0.88 -
TRINITY_DN28238_c0_g1_i1:124-711  -            196 9279at3041           -            248   2.2e-10   37.7   1.3   4   4      0.63        24    1.6   0.0    23    54   149   180   146   191 0.81 -
TRINITY_DN41480_c0_g1_i4:465-1715 -            417 9279at3041           -            248   6.5e-10   36.2   1.1   1   4    0.0075      0.28    7.9   0.0    35    56    78    99    60   103 0.78 -
TRINITY_DN41480_c0_g1_i4:465-1715 -            417 9279at3041           -            248   6.5e-10   36.2   1.1   2   4    0.0012     0.044   10.6   0.1    18    53   103   138    99   253 0.74 -
TRINITY_DN41480_c0_g1_i4:465-1715 -            417 9279at3041           -            248   6.5e-10   36.2   1.1   3   4     0.039       1.5    5.6   0.0     9    56   264   319   258   328 0.69 -
TRINITY_DN41480_c0_g1_i4:465-1715 -            417 9279at3041           -            248   6.5e-10   36.2   1.1   4   4     0.012      0.44    7.3   0.0    22    57   328   363   319   374 0.85 -
TRINITY_DN41480_c0_g1_i2:505-1851 -            449 9279at3041           -            248   8.6e-10   35.8   1.0   1   4    0.0046      0.17    8.6   0.1    35    57    78   100    60   109 0.76 -
TRINITY_DN41480_c0_g1_i2:505-1851 -            449 9279at3041           -            248   8.6e-10   35.8   1.0   2   4    0.0014     0.052   10.3   0.1    18    53   103   138    99   251 0.77 -
TRINITY_DN41480_c0_g1_i2:505-1851 -            449 9279at3041           -            248   8.6e-10   35.8   1.0   3   4     0.044       1.7    5.4   0.0     9    55   264   318   257   327 0.69 -
TRINITY_DN41480_c0_g1_i2:505-1851 -            449 9279at3041           -            248   8.6e-10   35.8   1.0   4   4     0.012      0.45    7.3   0.0    22    57   328   363   319   378 0.85 -
TRINITY_DN41480_c0_g1_i3:505-1671 -            389 9279at3041           -            248   9.7e-10   35.7   0.6   1   4    0.0064      0.24    8.2   0.0    35    56    78    99    60   104 0.78 -
TRINITY_DN41480_c0_g1_i3:505-1671 -            389 9279at3041           -            248   9.7e-10   35.7   0.6   2   4     0.002     0.077    9.8   0.0    18    53   103   138    98   152 0.89 -
TRINITY_DN41480_c0_g1_i3:505-1671 -            389 9279at3041           -            248   9.7e-10   35.7   0.6   3   4     0.036       1.4    5.7   0.0     9    55   204   258   197   267 0.69 -
TRINITY_DN41480_c0_g1_i3:505-1671 -            389 9279at3041           -            248   9.7e-10   35.7   0.6   4   4      0.01      0.39    7.5   0.0    22    57   268   303   259   315 0.85 -
TRINITY_DN6773_c0_g1_i2:1176-2042 -            289 9279at3041           -            248   1.1e-09   35.5   2.1   1   3     0.063       2.4    4.9   0.1   197   217     6    26     1    31 0.89 -
TRINITY_DN6773_c0_g1_i2:1176-2042 -            289 9279at3041           -            248   1.1e-09   35.5   2.1   2   3   4.9e-06   0.00018   18.4   0.5    80   216    20   153    19   157 0.80 -
TRINITY_DN6773_c0_g1_i2:1176-2042 -            289 9279at3041           -            248   1.1e-09   35.5   2.1   3   3   0.00034     0.013   12.3   0.0   168   217   192   240   167   277 0.78 -
TRINITY_DN6773_c0_g1_i4:1168-2034 -            289 9279at3041           -            248   1.1e-09   35.5   2.1   1   3     0.063       2.4    4.9   0.1   197   217     6    26     1    31 0.89 -
TRINITY_DN6773_c0_g1_i4:1168-2034 -            289 9279at3041           -            248   1.1e-09   35.5   2.1   2   3   4.9e-06   0.00018   18.4   0.5    80   216    20   153    19   157 0.80 -
TRINITY_DN6773_c0_g1_i4:1168-2034 -            289 9279at3041           -            248   1.1e-09   35.5   2.1   3   3   0.00034     0.013   12.3   0.0   168   217   192   240   167   277 0.78 -
TRINITY_DN42711_c0_g1_i1:32-751   -            240 9279at3041           -            248   1.3e-09   35.2   5.4   1   2   4.5e-05    0.0017   15.2   0.2     6    56    24    79    17    88 0.76 -
TRINITY_DN42711_c0_g1_i1:32-751   -            240 9279at3041           -            248   1.3e-09   35.2   5.4   2   2   2.2e-06   8.4e-05   19.5   1.1    25   162    90   231    84   238 0.71 -
TRINITY_DN16424_c0_g1_i1:117-989  -            291 9279at3041           -            248   7.6e-09   32.7  10.3   1   3   3.5e-09   1.3e-07   28.6   1.2    26   207     8   191     4   201 0.81 -
TRINITY_DN16424_c0_g1_i1:117-989  -            291 9279at3041           -            248   7.6e-09   32.7  10.3   2   3   2.2e-05   0.00083   16.2   2.4    26   216    50   241    49   247 0.66 -
TRINITY_DN16424_c0_g1_i1:117-989  -            291 9279at3041           -            248   7.6e-09   32.7  10.3   3   3      0.61        23    1.7   0.0    22    50   263   291   255   291 0.83 -
TRINITY_DN7890_c0_g2_i1:250-1125  -            292 9279at3041           -            248   8.4e-09   32.6   2.3   1   3       1.1        42    0.8   0.0   182   218   132   168   127   175 0.69 -
TRINITY_DN7890_c0_g2_i1:250-1125  -            292 9279at3041           -            248   8.4e-09   32.6   2.3   2   3     4e-05    0.0015   15.4   1.1    20    57   179   216   153   232 0.72 -
TRINITY_DN7890_c0_g2_i1:250-1125  -            292 9279at3041           -            248   8.4e-09   32.6   2.3   3   3   7.6e-05    0.0029   14.5   0.0    15    50   257   292   251   292 0.92 -
TRINITY_DN23763_c0_g1_i1:68-580   -            171 9279at3041           -            248   1.1e-08   32.2   1.8   1   4   4.1e-06   0.00016   18.6   0.5    26    56     3    34     1    42 0.86 -
TRINITY_DN23763_c0_g1_i1:68-580   -            171 9279at3041           -            248   1.1e-08   32.2   1.8   2   4      0.39        15    2.3   0.0    23    52    43    73    35    87 0.71 -
TRINITY_DN23763_c0_g1_i1:68-580   -            171 9279at3041           -            248   1.1e-08   32.2   1.8   3   4      0.44        17    2.1   0.0    25    56    88   120    81   134 0.67 -
TRINITY_DN23763_c0_g1_i1:68-580   -            171 9279at3041           -            248   1.1e-08   32.2   1.8   4   4      0.03       1.1    6.0   0.0    29    55   138   165   127   170 0.72 -
TRINITY_DN43182_c0_g1_i1:1-873    -            291 9279at3041           -            248   1.1e-08   32.2   0.3   1   3      0.12       4.4    4.0   0.0    22    58    16    52     7    65 0.83 -
TRINITY_DN43182_c0_g1_i1:1-873    -            291 9279at3041           -            248   1.1e-08   32.2   0.3   2   3      0.47        18    2.0   0.0    34    56    71    93    58   101 0.81 -
TRINITY_DN43182_c0_g1_i1:1-873    -            291 9279at3041           -            248   1.1e-08   32.2   0.3   3   3   1.4e-05   0.00052   16.9   0.8    24   207   103   288    96   291 0.78 -
TRINITY_DN24647_c0_g1_i1:56-1123  -            356 9279at3041           -            248   2.7e-08   30.9   0.3   1   4      0.36        14    2.4   1.1    12    64    92   148    80   163 0.67 -
TRINITY_DN24647_c0_g1_i1:56-1123  -            356 9279at3041           -            248   2.7e-08   30.9   0.3   2   4       1.8        68    0.1   0.0    23    56   154   187   135   199 0.69 -
TRINITY_DN24647_c0_g1_i1:56-1123  -            356 9279at3041           -            248   2.7e-08   30.9   0.3   3   4      0.29        11    2.7   0.0    27    63   203   238   199   242 0.81 -
TRINITY_DN24647_c0_g1_i1:56-1123  -            356 9279at3041           -            248   2.7e-08   30.9   0.3   4   4   2.3e-07   8.8e-06   22.7   0.0     8   129   221   354   212   356 0.70 -
TRINITY_DN29668_c0_g1_i1:360-1004 -            215 9279at3041           -            248   2.9e-08   30.8   4.2   1   3   5.8e-08   2.2e-06   24.7   0.3    24    55    34    65    12    89 0.79 -
TRINITY_DN29668_c0_g1_i1:360-1004 -            215 9279at3041           -            248   2.9e-08   30.8   4.2   2   3      0.79        30    1.3   0.0    25    45    84   104    74   131 0.64 -
TRINITY_DN29668_c0_g1_i1:360-1004 -            215 9279at3041           -            248   2.9e-08   30.8   4.2   3   3     0.029       1.1    6.0   0.2    25    56   130   161   108   179 0.76 -
TRINITY_DN29323_c0_g1_i1:18-584   -            189 9279at3041           -            248   3.5e-08   30.5   0.0   1   3     0.026      0.98    6.2   0.0    38    63     3    28     1    36 0.87 -
TRINITY_DN29323_c0_g1_i1:18-584   -            189 9279at3041           -            248   3.5e-08   30.5   0.0   2   3   0.00065     0.024   11.4   0.0   105   179    37   109    29   143 0.78 -
TRINITY_DN29323_c0_g1_i1:18-584   -            189 9279at3041           -            248   3.5e-08   30.5   0.0   3   3    0.0022     0.085    9.6   0.0    23    52   160   189   156   189 0.93 -
TRINITY_DN21723_c0_g1_i1:38-679   -            214 9279at3041           -            248   4.7e-08   30.1   6.0   1   2   5.7e-06   0.00022   18.1   0.4     4    97     4   105     1   116 0.72 -
TRINITY_DN21723_c0_g1_i1:38-679   -            214 9279at3041           -            248   4.7e-08   30.1   6.0   2   2    0.0002    0.0077   13.1   0.9    36   105   119   193   110   214 0.70 -
TRINITY_DN18823_c0_g1_i1:27-632   -            202 9279at3041           -            248   6.3e-08   29.7   7.2   1   4      0.75        28    1.4   0.1    29    56     4    31     1    41 0.82 -
TRINITY_DN18823_c0_g1_i1:27-632   -            202 9279at3041           -            248   6.3e-08   29.7   7.2   2   4    0.0011     0.043   10.6   0.1     7    51    41    85    37    98 0.87 -
TRINITY_DN18823_c0_g1_i1:27-632   -            202 9279at3041           -            248   6.3e-08   29.7   7.2   3   4   5.5e-06   0.00021   18.2   0.1    25    58   100   133    91   175 0.83 -
TRINITY_DN18823_c0_g1_i1:27-632   -            202 9279at3041           -            248   6.3e-08   29.7   7.2   4   4      0.55        21    1.8   0.1    25    44   183   202   175   202 0.89 -
TRINITY_DN819_c0_g1_i3:1630-2469  -            280 9279at3041           -            248   1.1e-07   29.0   5.7   1   5      0.46        18    2.1   0.0   188   216    10    38     3    44 0.83 -
TRINITY_DN819_c0_g1_i3:1630-2469  -            280 9279at3041           -            248   1.1e-07   29.0   5.7   2   5       1.1        41    0.9   0.1    25    51    55    81    25    88 0.67 -
TRINITY_DN819_c0_g1_i3:1630-2469  -            280 9279at3041           -            248   1.1e-07   29.0   5.7   3   5   8.7e-05    0.0033   14.3   0.1     4    55   113   169    97   187 0.79 -
TRINITY_DN819_c0_g1_i3:1630-2469  -            280 9279at3041           -            248   1.1e-07   29.0   5.7   4   5     0.052         2    5.2   0.1   179   224   200   243   196   247 0.85 -
TRINITY_DN819_c0_g1_i3:1630-2469  -            280 9279at3041           -            248   1.1e-07   29.0   5.7   5   5      0.03       1.1    5.9   0.2    23    51   252   280   243   280 0.88 -
TRINITY_DN29466_c0_g1_i1:30-866   -            279 9279at3041           -            248   1.3e-07   28.7   3.6   1   4    0.0021     0.081    9.7   0.1    17    53     2    39     1    55 0.86 -
TRINITY_DN29466_c0_g1_i1:30-866   -            279 9279at3041           -            248   1.3e-07   28.7   3.6   2   4     0.007      0.26    8.0   0.1    24    53    76   106    68   115 0.81 -
TRINITY_DN29466_c0_g1_i1:30-866   -            279 9279at3041           -            248   1.3e-07   28.7   3.6   3   4    0.0019     0.072    9.9   0.1    12    56   115   160   108   173 0.85 -
TRINITY_DN29466_c0_g1_i1:30-866   -            279 9279at3041           -            248   1.3e-07   28.7   3.6   4   4       6.7   2.5e+02   -1.7   0.0   192   212   223   244   219   246 0.81 -
TRINITY_DN819_c0_g1_i4:1630-2457  -            276 9279at3041           -            248   1.4e-07   28.6   5.9   1   5      0.58        22    1.7   0.0   189   216     7    34     2    40 0.83 -
TRINITY_DN819_c0_g1_i4:1630-2457  -            276 9279at3041           -            248   1.4e-07   28.6   5.9   2   5         1        39    0.9   0.0    25    51    51    77    22    86 0.69 -
TRINITY_DN819_c0_g1_i4:1630-2457  -            276 9279at3041           -            248   1.4e-07   28.6   5.9   3   5   8.4e-05    0.0032   14.3   0.1     4    55   109   165    93   183 0.79 -
TRINITY_DN819_c0_g1_i4:1630-2457  -            276 9279at3041           -            248   1.4e-07   28.6   5.9   4   5     0.051       1.9    5.2   0.1   179   224   196   239   192   243 0.85 -
TRINITY_DN819_c0_g1_i4:1630-2457  -            276 9279at3041           -            248   1.4e-07   28.6   5.9   5   5     0.027         1    6.1   0.2    23    51   248   276   238   276 0.86 -
TRINITY_DN4909_c1_g1_i1:2-328     -            109 9279at3041           -            248   3.9e-07   27.1   0.5   1   2   3.8e-06   0.00014   18.7   0.1     3    55     1    60     1    70 0.84 -
TRINITY_DN4909_c1_g1_i1:2-328     -            109 9279at3041           -            248   3.9e-07   27.1   0.5   2   2     0.016      0.61    6.8   0.0    26    51    73    98    67   107 0.89 -
TRINITY_DN949_c0_g1_i5:179-1150   -            324 9279at3041           -            248   4.5e-07   26.9   0.4   1   4       3.3   1.2e+02   -0.7   0.0    25    56    12    43     8    58 0.78 -
TRINITY_DN949_c0_g1_i5:179-1150   -            324 9279at3041           -            248   4.5e-07   26.9   0.4   2   4    0.0064      0.24    8.2   0.0    30    58    61    87    53   113 0.82 -
TRINITY_DN949_c0_g1_i5:179-1150   -            324 9279at3041           -            248   4.5e-07   26.9   0.4   3   4   0.00011    0.0043   13.9   0.2    25   100   148   230   140   253 0.71 -
TRINITY_DN949_c0_g1_i5:179-1150   -            324 9279at3041           -            248   4.5e-07   26.9   0.4   4   4         5   1.9e+02   -1.3   0.0    26    47   288   309   281   314 0.76 -
TRINITY_DN9122_c0_g1_i2:232-666   -            145 9279at3041           -            248   4.6e-07   26.9   1.4   1   3    0.0083      0.31    7.8   0.0    26    59     6    40     2    48 0.70 -
TRINITY_DN9122_c0_g1_i2:232-666   -            145 9279at3041           -            248   4.6e-07   26.9   1.4   2   3    0.0029      0.11    9.3   0.2    24    57    50    84    41    94 0.77 -
TRINITY_DN9122_c0_g1_i2:232-666   -            145 9279at3041           -            248   4.6e-07   26.9   1.4   3   3    0.0068      0.26    8.1   0.0    25    52   117   145   108   145 0.86 -
TRINITY_DN949_c0_g1_i2:107-1030   -            308 9279at3041           -            248   6.4e-07   26.4   0.1   1   3    0.0048      0.18    8.6   0.0    30    58    45    71    34   114 0.84 -
TRINITY_DN949_c0_g1_i2:107-1030   -            308 9279at3041           -            248   6.4e-07   26.4   0.1   2   3    0.0001    0.0039   14.0   0.2    25   100   132   214   124   237 0.71 -
TRINITY_DN949_c0_g1_i2:107-1030   -            308 9279at3041           -            248   6.4e-07   26.4   0.1   3   3       4.7   1.8e+02   -1.2   0.0    26    47   272   293   265   298 0.76 -
TRINITY_DN35186_c0_g1_i1:67-738   -            224 9279at3041           -            248   8.5e-07   26.0   0.1   1   4       0.3        11    2.7   0.0   174   216    14    54     3    56 0.73 -
TRINITY_DN35186_c0_g1_i1:67-738   -            224 9279at3041           -            248   8.5e-07   26.0   0.1   2   4      0.11       4.1    4.1   0.0    29    60    33    64    25    70 0.85 -
TRINITY_DN35186_c0_g1_i1:67-738   -            224 9279at3041           -            248   8.5e-07   26.0   0.1   3   4     0.083       3.1    4.5   0.0    25    59    71   105    67   114 0.86 -
TRINITY_DN35186_c0_g1_i1:67-738   -            224 9279at3041           -            248   8.5e-07   26.0   0.1   4   4   0.00024    0.0089   12.8   0.0    24    54   112   142   108   163 0.87 -
TRINITY_DN2219_c0_g1_i1:144-1046  -            301 9279at3041           -            248   1.2e-06   25.5   0.1   1   3   6.4e-07   2.4e-05   21.3   0.0    24    83    29    88    20    95 0.87 -
TRINITY_DN2219_c0_g1_i1:144-1046  -            301 9279at3041           -            248   1.2e-06   25.5   0.1   2   3       0.9        34    1.1   0.0   190   206   127   143    90   155 0.68 -
TRINITY_DN2219_c0_g1_i1:144-1046  -            301 9279at3041           -            248   1.2e-06   25.5   0.1   3   3         8     3e+02   -2.0   0.1   132   160   261   289   253   296 0.70 -
TRINITY_DN2663_c0_g1_i4:495-1409  -            305 9279at3041           -            248   1.3e-06   25.4   0.0   1   1   6.2e-08   2.3e-06   24.6   0.0    22   216    98   294    73   304 0.76 -
TRINITY_DN9447_c0_g1_i1:158-802   -            215 9279at3041           -            248   1.4e-06   25.3   0.5   1   2      0.52        20    1.9   0.2    27    56     4    37     2    52 0.71 -
TRINITY_DN9447_c0_g1_i1:158-802   -            215 9279at3041           -            248   1.4e-06   25.3   0.5   2   2   5.5e-07   2.1e-05   21.5   0.0    16    97   103   193    73   211 0.76 -
TRINITY_DN949_c0_g1_i4:179-1072   -            298 9279at3041           -            248   1.7e-06   25.1   1.5   1   2    0.0065      0.25    8.1   0.0    30    58    61    87    52   100 0.82 -
TRINITY_DN949_c0_g1_i4:179-1072   -            298 9279at3041           -            248   1.7e-06   25.1   1.5   2   2   9.8e-05    0.0037   14.1   0.2    25   100   148   230   140   253 0.71 -
TRINITY_DN3420_c0_g1_i2:312-992   -            227 9279at3041           -            248   1.7e-06   25.0   0.5   1   3       2.5        94   -0.3   0.0    30    59     3    30     2    44 0.66 -
TRINITY_DN3420_c0_g1_i2:312-992   -            227 9279at3041           -            248   1.7e-06   25.0   0.5   2   3   0.00064     0.024   11.4   0.0    25    51    39    65    13    85 0.85 -
TRINITY_DN3420_c0_g1_i2:312-992   -            227 9279at3041           -            248   1.7e-06   25.0   0.5   3   3    0.0014     0.054   10.3   0.1     3    51    93   144    90   159 0.80 -
TRINITY_DN30946_c0_g1_i1:61-702   -            214 9279at3041           -            248   1.7e-06   25.0   0.9   1   1     2e-06   7.5e-05   19.6   0.9    21   216    10   212     6   213 0.71 -
TRINITY_DN5251_c0_g1_i2:472-1479  -            336 9279at3041           -            248   1.8e-06   25.0   0.2   1   3     0.001     0.038   10.8   0.0    26    53     5    32     3    53 0.85 -
TRINITY_DN5251_c0_g1_i2:472-1479  -            336 9279at3041           -            248   1.8e-06   25.0   0.2   2   3    0.0037      0.14    8.9   0.1   151   216   156   227   126   234 0.51 -
TRINITY_DN5251_c0_g1_i2:472-1479  -            336 9279at3041           -            248   1.8e-06   25.0   0.2   3   3      0.02      0.77    6.5   0.0    23    53   200   230   191   246 0.88 -
TRINITY_DN1510_c0_g1_i2:258-545   -             96 9279at3041           -            248     2e-06   24.8   0.3   1   1   6.3e-08   2.4e-06   24.5   0.3   156   217    21    80    11    94 0.83 -
TRINITY_DN1510_c0_g1_i1:118-441   -            108 9279at3041           -            248   2.3e-06   24.6   0.6   1   2       6.9   2.6e+02   -1.8   0.0    44    58     2    16     1    33 0.74 -
TRINITY_DN1510_c0_g1_i1:118-441   -            108 9279at3041           -            248   2.3e-06   24.6   0.6   2   2     1e-07   3.9e-06   23.9   0.4   156   217    33    92    24   106 0.83 -
TRINITY_DN5251_c0_g1_i3:472-1155  -            228 9279at3041           -            248     3e-06   24.2   0.3   1   2   0.00057     0.021   11.6   0.0    26    53     5    32     3    55 0.84 -
TRINITY_DN5251_c0_g1_i3:472-1155  -            228 9279at3041           -            248     3e-06   24.2   0.3   2   2     0.002     0.076    9.8   0.1   141   216   146   227   105   228 0.56 -
TRINITY_DN1091_c0_g1_i4:27-521    -            165 9279at3041           -            248   3.5e-06   24.0   5.0   1   3   0.00085     0.032   11.0   0.2    25    57    27    58    16    69 0.83 -
TRINITY_DN1091_c0_g1_i4:27-521    -            165 9279at3041           -            248   3.5e-06   24.0   5.0   2   3      0.24       9.1    3.0   0.0   187   212    63    88    57    97 0.81 -
TRINITY_DN1091_c0_g1_i4:27-521    -            165 9279at3041           -            248   3.5e-06   24.0   5.0   3   3   0.00049     0.018   11.8   0.6    25    54   115   145    92   156 0.84 -
TRINITY_DN3703_c0_g1_i2:1437-1754 -            106 9279at3041           -            248   4.6e-06   23.6   0.9   1   2    0.0021      0.08    9.7   0.1    28    53     1    26     1    33 0.89 -
TRINITY_DN3703_c0_g1_i2:1437-1754 -            106 9279at3041           -            248   4.6e-06   23.6   0.9   2   2    0.0002    0.0075   13.1   0.1    25    74    40    95    28   106 0.70 -
TRINITY_DN24995_c0_g1_i1:2-763    -            254 9279at3041           -            248   4.7e-06   23.6   0.0   1   1     2e-07   7.7e-06   22.9   0.0    19   215    36   251    19   254 0.71 -
TRINITY_DN5759_c0_g2_i1:151-897   -            249 9279at3041           -            248   1.4e-05   22.0   0.4   1   2   1.4e-05   0.00052   16.9   0.0    25    57    63    95    55   109 0.88 -
TRINITY_DN5759_c0_g2_i1:151-897   -            249 9279at3041           -            248   1.4e-05   22.0   0.4   2   2      0.36        14    2.4   0.2    27    63   109   145   104   172 0.69 -
TRINITY_DN43164_c0_g1_i1:161-1219 -            353 9279at3041           -            248   1.5e-05   21.9   3.1   1   1     6e-05    0.0023   14.8   3.4    12   218    53   273    43   283 0.54 -
TRINITY_DN15717_c0_g1_i1:2-937    -            312 9279at3041           -            248   1.8e-05   21.7   0.3   1   2    0.0043      0.16    8.7   0.1    63   216    74   230    64   235 0.66 -
TRINITY_DN15717_c0_g1_i1:2-937    -            312 9279at3041           -            248   1.8e-05   21.7   0.3   2   2   0.00087     0.033   11.0   0.0    87   130   248   291   236   309 0.83 -
TRINITY_DN9883_c0_g1_i1:82-492    -            137 9279at3041           -            248     4e-05   20.5   4.4   1   3      0.54        20    1.9   0.1    26    63    20    56    10    61 0.76 -
TRINITY_DN9883_c0_g1_i1:82-492    -            137 9279at3041           -            248     4e-05   20.5   4.4   2   3   0.00014    0.0053   13.6   0.1    24    56    61    93    56   105 0.82 -
TRINITY_DN9883_c0_g1_i1:82-492    -            137 9279at3041           -            248     4e-05   20.5   4.4   3   3     0.021      0.79    6.5   0.2    24    54   103   133    96   136 0.86 -
TRINITY_DN36049_c0_g1_i1:143-1036 -            298 9279at3041           -            248   5.7e-05   20.0   8.7   1   3   5.3e-05     0.002   15.0   0.0   105   210    14   124     7   139 0.78 -
TRINITY_DN36049_c0_g1_i1:143-1036 -            298 9279at3041           -            248   5.7e-05   20.0   8.7   2   3      0.03       1.1    6.0   0.2   182   219   204   243   180   251 0.68 -
TRINITY_DN36049_c0_g1_i1:143-1036 -            298 9279at3041           -            248   5.7e-05   20.0   8.7   3   3      0.43        16    2.2   1.7    24    51   259   286   248   294 0.87 -
TRINITY_DN32694_c0_g1_i1:93-380   -             96 9279at3041           -            248   6.1e-05   19.9   0.2   1   2     0.005      0.19    8.5   0.0    26    56    12    42     6    59 0.81 -
TRINITY_DN32694_c0_g1_i1:93-380   -             96 9279at3041           -            248   6.1e-05   19.9   0.2   2   2    0.0014     0.054   10.3   0.0    28    56    56    84    49    92 0.82 -
TRINITY_DN37419_c0_g1_i1:2-937    -            312 9279at3041           -            248   9.1e-05   19.4  11.5   1   5       0.8        30    1.3   0.0    30    52    59    82    44    93 0.80 -
TRINITY_DN37419_c0_g1_i1:2-937    -            312 9279at3041           -            248   9.1e-05   19.4  11.5   2   5     0.052         2    5.2   0.5    25    52   100   128    91   136 0.86 -
TRINITY_DN37419_c0_g1_i1:2-937    -            312 9279at3041           -            248   9.1e-05   19.4  11.5   3   5     0.026      0.99    6.1   0.0    23    55   141   174   138   191 0.79 -
TRINITY_DN37419_c0_g1_i1:2-937    -            312 9279at3041           -            248   9.1e-05   19.4  11.5   4   5   0.00052     0.019   11.7   0.2     3    63   159   225   158   233 0.72 -
TRINITY_DN37419_c0_g1_i1:2-937    -            312 9279at3041           -            248   9.1e-05   19.4  11.5   5   5      0.42        16    2.2   0.0    25    56   230   262   226   281 0.79 -
TRINITY_DN4686_c0_g1_i1:278-991   -            238 9279at3041           -            248   0.00019   18.3   0.9   1   3     0.035       1.3    5.7   0.0    27    53    89   115    57   127 0.73 -
TRINITY_DN4686_c0_g1_i1:278-991   -            238 9279at3041           -            248   0.00019   18.3   0.9   2   3   3.9e-05    0.0015   15.4   0.2     2    63    99   166    98   182 0.78 -
TRINITY_DN4686_c0_g1_i1:278-991   -            238 9279at3041           -            248   0.00019   18.3   0.9   3   3       3.8   1.4e+02   -0.9   0.0    38    53   185   200   172   206 0.83 -
TRINITY_DN2663_c0_g1_i3:495-1055  -            187 9279at3041           -            248   0.00022   18.1   0.0   1   1   1.1e-05   0.00042   17.2   0.0    73   216    41   176    19   186 0.76 -
TRINITY_DN18870_c0_g1_i1:89-451   -            121 9279at3041           -            248   0.00038   17.3   0.0   1   2   0.00091     0.034   10.9   0.0    25    94     2    81     1    89 0.65 -
TRINITY_DN18870_c0_g1_i1:89-451   -            121 9279at3041           -            248   0.00038   17.3   0.0   2   2       0.1       3.9    4.2   0.0    25    51    95   121    91   121 0.83 -
TRINITY_DN28330_c0_g1_i1:3-1586   -            528 9279at3041           -            248     0.001   15.9   0.2   1   2     0.031       1.2    5.9   0.1    74   184   138   200   125   277 0.58 -
TRINITY_DN28330_c0_g1_i1:3-1586   -            528 9279at3041           -            248     0.001   15.9   0.2   2   2     0.011       0.4    7.4   0.0    18    55   281   318   263   343 0.83 -
TRINITY_DN2339_c4_g1_i2:114-3473  -           1120 9279at3041           -            248    0.0014   15.5  11.6   1   3      0.85        32    1.2   0.0    38    58   142   162   124   169 0.84 -
TRINITY_DN2339_c4_g1_i2:114-3473  -           1120 9279at3041           -            248    0.0014   15.5  11.6   2   3     0.049       1.9    5.2   0.1    26    56   183   214   176   229 0.83 -
TRINITY_DN2339_c4_g1_i2:114-3473  -           1120 9279at3041           -            248    0.0014   15.5  11.6   3   3   0.00041     0.015   12.1   0.1    24    61   273   311   266   319 0.80 -
TRINITY_DN6773_c0_g1_i3:903-1547  -            215 9279at3041           -            248    0.0027   14.5   0.1   1   1   0.00034     0.013   12.3   0.1   169   217    28    75    20    83 0.68 -
TRINITY_DN24563_c0_g1_i1:854-1252 -            133 9279at3041           -            248    0.0049   13.7   0.0   1   2    0.0029      0.11    9.3   0.0    21    56     2    37     1    43 0.88 -
TRINITY_DN24563_c0_g1_i1:854-1252 -            133 9279at3041           -            248    0.0049   13.7   0.0   2   2      0.36        14    2.4   0.0   149   175   104   130    56   133 0.69 -
TRINITY_DN819_c0_g1_i3:2023-2499  -            159 9279at3041           -            248      0.01   12.6   0.9   1   3      0.19       7.1    3.3   0.0   187   216    19    48    12    53 0.83 -
TRINITY_DN819_c0_g1_i3:2023-2499  -            159 9279at3041           -            248      0.01   12.6   0.9   2   3       1.2        46    0.7   0.0    25    51    65    91    58    98 0.82 -
TRINITY_DN819_c0_g1_i3:2023-2499  -            159 9279at3041           -            248      0.01   12.6   0.9   3   3     0.031       1.2    5.9   0.4    10    56    87   138    82   155 0.69 -
TRINITY_DN7811_c0_g1_i1:249-620   -            124 9279at3041           -            248     0.018   11.9   0.2   1   2      0.14       5.1    3.8   0.0    24    47    11    36     3    46 0.74 -
TRINITY_DN7811_c0_g1_i1:249-620   -            124 9279at3041           -            248     0.018   11.9   0.2   2   2     0.024      0.89    6.3   0.1   193   218    68    94    52   109 0.72 -
TRINITY_DN1446_c0_g1_i3:1120-2280 -            387 9279at3041           -            248     0.064   10.0   0.6   1   2    0.0053       0.2    8.4   0.3    34    56   310   332   296   346 0.84 -
TRINITY_DN1446_c0_g1_i3:1120-2280 -            387 9279at3041           -            248     0.064   10.0   0.6   2   2       4.8   1.8e+02   -1.3   0.0   192   214   345   367   338   370 0.67 -
TRINITY_DN1446_c0_g1_i4:578-1738  -            387 9279at3041           -            248     0.064   10.0   0.6   1   2    0.0053       0.2    8.4   0.3    34    56   310   332   296   346 0.84 -
TRINITY_DN1446_c0_g1_i4:578-1738  -            387 9279at3041           -            248     0.064   10.0   0.6   2   2       4.8   1.8e+02   -1.3   0.0   192   214   345   367   338   370 0.67 -
TRINITY_DN1446_c0_g1_i5:1212-2372 -            387 9279at3041           -            248     0.064   10.0   0.6   1   2    0.0053       0.2    8.4   0.3    34    56   310   332   296   346 0.84 -
TRINITY_DN1446_c0_g1_i5:1212-2372 -            387 9279at3041           -            248     0.064   10.0   0.6   2   2       4.8   1.8e+02   -1.3   0.0   192   214   345   367   338   370 0.67 -
TRINITY_DN2339_c4_g1_i1:189-2732  -            848 9279at3041           -            248      0.23    8.2   6.1   1   1   0.00058     0.022   11.6   0.2    26    62     3    40     1    49 0.81 -
#
# Program:         hmmsearch
# Version:         3.2.1 (June 2018)
# Pipeline mode:   SEARCH
# Query file:      /sw/bioinfo/BUSCO/v5_lineage_sets/lineages/chlorophyta_odb10/hmms/9279at3041.hmm
# Target file:     /crex/proj/snic2022-23-81/expression_algae/code/busco/trinity_VA-3180-Osg03Mul/run_chlorophyta_odb10/metaeuk_output/initial_results/trinity_VA-3180-Osg03Mul.Trinity.fasta.modified.fas
# Option settings: hmmsearch --domtblout /crex/proj/snic2022-23-81/expression_algae/code/busco/trinity_VA-3180-Osg03Mul/run_chlorophyta_odb10/hmmer_output/initial_run_results/9279at3041.out --cpu 1 /sw/bioinfo/BUSCO/v5_lineage_sets/lineages/chlorophyta_odb10/hmms/9279at3041.hmm /crex/proj/snic2022-23-81/expression_algae/code/busco/trinity_VA-3180-Osg03Mul/run_chlorophyta_odb10/metaeuk_output/initial_results/trinity_VA-3180-Osg03Mul.Trinity.fasta.modified.fas 
# Current dir:     /crex/proj/snic2022-23-81/expression_algae/code/busco
# Date:            Fri Sep 23 10:11:37 2022
# [ok]
