#                                                                                         --- full sequence --- -------------- this domain -------------   hmm coord   ali coord   env coord
# target name                     accession   tlen query name           accession   qlen   E-value  score  bias   #  of  c-Evalue  i-Evalue  score  bias  from    to  from    to  from    to  acc description of target
#             ------------------- ---------- ----- -------------------- ---------- ----- --------- ------ ----- --- --- --------- --------- ------ ----- ----- ----- ----- ----- ----- ----- ---- ---------------------
TRINITY_DN2590_c0_g1_i4:678-1763  -            362 1089at3041           -            379   2.4e-80  267.0   0.0   1   1   1.4e-82     3e-80  266.7   0.0     1   276    35   334    35   353 0.88 -
TRINITY_DN49477_c0_g1_i1:5-868    -            288 1089at3041           -            379   4.2e-71  236.6   0.0   1   1   2.2e-73   4.7e-71  236.4   0.0     1   231    38   284    38   288 0.91 -
TRINITY_DN2590_c0_g1_i3:2-814     -            271 1089at3041           -            379   9.1e-66  219.0   0.0   1   1   4.8e-68     1e-65  218.8   0.0     1   220    35   270    35   271 0.91 -
TRINITY_DN2590_c0_g1_i5:2-814     -            271 1089at3041           -            379   1.9e-65  217.9   0.0   1   1     1e-67   2.2e-65  217.8   0.0     1   220    35   270    35   271 0.91 -
TRINITY_DN6667_c0_g1_i1:131-1078  -            316 1089at3041           -            379   8.5e-51  169.7   0.0   1   2   1.6e-49   3.4e-47  157.9   0.0   117   276    20   189     2   199 0.86 -
TRINITY_DN6667_c0_g1_i1:131-1078  -            316 1089at3041           -            379   8.5e-51  169.7   0.0   2   2   0.00013     0.028   10.1   0.0   310   373   248   315   206   316 0.65 -
TRINITY_DN34641_c0_g1_i1:847-1518 -            224 1089at3041           -            379   3.1e-19   65.9   0.1   1   1   2.8e-21     6e-19   64.9   0.1     2   203    33   223    32   224 0.83 -
TRINITY_DN927_c0_g1_i1:49-1011    -            321 1089at3041           -            379   1.4e-05   20.9   0.3   1   2   5.5e-07   0.00012   17.9   0.1     3    92    37   123    35   166 0.86 -
TRINITY_DN927_c0_g1_i1:49-1011    -            321 1089at3041           -            379   1.4e-05   20.9   0.3   2   2     0.065        14    1.2   0.0   142   165   190   213   181   222 0.88 -
TRINITY_DN927_c0_g1_i2:49-1011    -            321 1089at3041           -            379   3.3e-05   19.7   0.4   1   2   1.2e-06   0.00026   16.8   0.1     3    81    37   112    35   157 0.91 -
TRINITY_DN927_c0_g1_i2:49-1011    -            321 1089at3041           -            379   3.3e-05   19.7   0.4   2   2     0.069        15    1.1   0.0   142   165   190   213   185   222 0.88 -
TRINITY_DN2676_c0_g1_i4:854-1480  -            209 1089at3041           -            379    0.0083   11.8   0.0   1   1   4.9e-05     0.011   11.4   0.0    50    85    90   125    77   171 0.78 -
TRINITY_DN2676_c0_g1_i6:262-888   -            209 1089at3041           -            379    0.0083   11.8   0.0   1   1   4.9e-05     0.011   11.4   0.0    50    85    90   125    77   171 0.78 -
#
# Program:         hmmsearch
# Version:         3.2.1 (June 2018)
# Pipeline mode:   SEARCH
# Query file:      /sw/bioinfo/BUSCO/v5_lineage_sets/lineages/chlorophyta_odb10/hmms/1089at3041.hmm
# Target file:     /crex/proj/snic2022-23-81/expression_algae/code/busco/trinity_VA-3180-Osg10Pal/run_chlorophyta_odb10/metaeuk_output/rerun_results/trinity_VA-3180-Osg10Pal.Trinity.fasta.modified.fas
# Option settings: hmmsearch --domtblout /crex/proj/snic2022-23-81/expression_algae/code/busco/trinity_VA-3180-Osg10Pal/run_chlorophyta_odb10/hmmer_output/rerun_results/1089at3041.out --cpu 1 /sw/bioinfo/BUSCO/v5_lineage_sets/lineages/chlorophyta_odb10/hmms/1089at3041.hmm /crex/proj/snic2022-23-81/expression_algae/code/busco/trinity_VA-3180-Osg10Pal/run_chlorophyta_odb10/metaeuk_output/rerun_results/trinity_VA-3180-Osg10Pal.Trinity.fasta.modified.fas 
# Current dir:     /crex/proj/snic2022-23-81/expression_algae/code/busco
# Date:            Fri Sep 23 10:14:16 2022
# [ok]
