#                                                                                         --- full sequence --- -------------- this domain -------------   hmm coord   ali coord   env coord
# target name                     accession   tlen query name           accession   qlen   E-value  score  bias   #  of  c-Evalue  i-Evalue  score  bias  from    to  from    to  from    to  acc description of target
#             ------------------- ---------- ----- -------------------- ---------- ----- --------- ------ ----- --- --- --------- --------- ------ ----- ----- ----- ----- ----- ----- ----- ---- ---------------------
TRINITY_DN1675_c0_g1_i2:1-660     -            220 3217at3041           -            306   5.6e-56  186.8   0.1   1   1   2.3e-55   4.4e-54  180.6   0.1     1   167     1   180     1   219 0.76 -
TRINITY_DN1675_c0_g1_i3:1-778     -            220 3217at3041           -            306   1.4e-54  182.2   0.1   1   1   5.8e-54   1.1e-52  176.0   0.1     1   167     1   180     1   219 0.76 -
TRINITY_DN3841_c0_g1_i6:200-1039  -            280 3217at3041           -            306   6.3e-28   94.7  15.5   1   3   4.2e-17   8.1e-16   54.9   3.0   154   273     3   150     1   157 0.76 -
TRINITY_DN3841_c0_g1_i6:200-1039  -            280 3217at3041           -            306   6.3e-28   94.7  15.5   2   3   1.3e-10   2.4e-09   33.7   0.3   171   282    69   201    66   207 0.67 -
TRINITY_DN3841_c0_g1_i6:200-1039  -            280 3217at3041           -            306   6.3e-28   94.7  15.5   3   3   5.1e-09   9.7e-08   28.4   0.5   175   280   117   239   117   251 0.71 -
TRINITY_DN50614_c0_g1_i1:106-381  -             92 3217at3041           -            306   9.1e-26   87.6   4.5   1   1   9.4e-26   1.8e-24   83.3   4.5   225   296     2    90     1    92 0.85 -
TRINITY_DN2953_c0_g1_i1:85-831    -            249 3217at3041           -            306   1.1e-23   80.8   3.4   1   3     8e-05    0.0015   14.6   0.2   176   209     1    36     1    40 0.82 -
TRINITY_DN2953_c0_g1_i1:85-831    -            249 3217at3041           -            306   1.1e-23   80.8   3.4   2   3     1e-15   1.9e-14   50.4   0.1   171   276    38   165    34   176 0.83 -
TRINITY_DN2953_c0_g1_i1:85-831    -            249 3217at3041           -            306   1.1e-23   80.8   3.4   3   3   8.5e-05    0.0016   14.5   0.0   148   199   194   249   174   249 0.76 -
TRINITY_DN1654_c0_g1_i4:0-389     -            130 3217at3041           -            306   1.9e-23   79.9   3.4   1   3   8.3e-08   1.6e-06   24.4   0.0   173   214     1    44     1    45 0.88 -
TRINITY_DN1654_c0_g1_i4:0-389     -            130 3217at3041           -            306   1.9e-23   79.9   3.4   2   3   3.6e-09   6.9e-08   28.9   0.2   172   213    42    85    40    86 0.88 -
TRINITY_DN1654_c0_g1_i4:0-389     -            130 3217at3041           -            306   1.9e-23   79.9   3.4   3   3   6.8e-10   1.3e-08   31.3   0.1   171   215    83   129    80   130 0.87 -
TRINITY_DN1654_c0_g1_i1:166-555   -            130 3217at3041           -            306   7.4e-23   78.0   3.5   1   3   8.7e-08   1.6e-06   24.3   0.0   173   213     1    43     1    44 0.87 -
TRINITY_DN1654_c0_g1_i1:166-555   -            130 3217at3041           -            306   7.4e-23   78.0   3.5   2   3   1.3e-08   2.5e-07   27.0   0.1   171   212    41    84    38    85 0.87 -
TRINITY_DN1654_c0_g1_i1:166-555   -            130 3217at3041           -            306   7.4e-23   78.0   3.5   3   3   1.3e-09   2.5e-08   30.3   0.2   171   215    83   129    80   130 0.88 -
TRINITY_DN3841_c0_g1_i5:179-1142  -            288 3217at3041           -            306   3.7e-22   75.7   9.0   1   3   8.2e-18   1.6e-16   57.3   2.6   153   273     9   155     3   164 0.78 -
TRINITY_DN3841_c0_g1_i5:179-1142  -            288 3217at3041           -            306   3.7e-22   75.7   9.0   2   3    0.0017     0.032   10.2   0.0   242   284   166   208   158   218 0.85 -
TRINITY_DN3841_c0_g1_i5:179-1142  -            288 3217at3041           -            306   3.7e-22   75.7   9.0   3   3      0.53        10    2.1   0.1   246   272   261   287   250   288 0.77 -
TRINITY_DN10545_c0_g1_i1:4-822    -            273 3217at3041           -            306     5e-22   75.3   6.5   1   3   2.2e-22   4.3e-21   72.2   2.5   156   287    13   163     7   171 0.84 -
TRINITY_DN10545_c0_g1_i1:4-822    -            273 3217at3041           -            306     5e-22   75.3   6.5   2   3     0.093       1.8    4.5   0.0   243   285   161   202   158   220 0.76 -
TRINITY_DN10545_c0_g1_i1:4-822    -            273 3217at3041           -            306     5e-22   75.3   6.5   3   3      0.72        14    1.6   0.2   172   211   199   239   173   264 0.65 -
TRINITY_DN3841_c0_g1_i2:200-898   -            233 3217at3041           -            306   1.8e-20   70.2   6.1   1   2   2.4e-17   4.6e-16   55.7   2.9   154   273     3   150     1   158 0.76 -
TRINITY_DN3841_c0_g1_i2:200-898   -            233 3217at3041           -            306   1.8e-20   70.2   6.1   2   2    0.0017     0.033   10.2   0.0   242   283   161   202   157   207 0.88 -
TRINITY_DN6340_c0_g1_i2:350-1192  -            281 3217at3041           -            306     7e-19   65.0  12.0   1   4      0.16       3.1    3.7   0.0   251   287    35    75    19    79 0.65 -
TRINITY_DN6340_c0_g1_i2:350-1192  -            281 3217at3041           -            306     7e-19   65.0  12.0   2   4   2.8e-07   5.3e-06   22.7   0.0   242   293   115   169   105   174 0.86 -
TRINITY_DN6340_c0_g1_i2:350-1192  -            281 3217at3041           -            306     7e-19   65.0  12.0   3   4   0.00016    0.0031   13.6   0.0   172   209   199   239   191   246 0.62 -
TRINITY_DN6340_c0_g1_i2:350-1192  -            281 3217at3041           -            306     7e-19   65.0  12.0   4   4     0.083       1.6    4.7   1.3   176   203   251   281   245   281 0.57 -
TRINITY_DN4116_c0_g1_i1:32-829    -            266 3217at3041           -            306   8.1e-19   64.8   0.5   1   4    0.0017     0.033   10.2   0.1   157   213    44   104    27   108 0.74 -
TRINITY_DN4116_c0_g1_i1:32-829    -            266 3217at3041           -            306   8.1e-19   64.8   0.5   2   4   4.3e-05   0.00081   15.5   0.0   243   275   107   139   103   159 0.86 -
TRINITY_DN4116_c0_g1_i1:32-829    -            266 3217at3041           -            306   8.1e-19   64.8   0.5   3   4   6.2e-09   1.2e-07   28.1   0.0   150   205   165   224   156   234 0.81 -
TRINITY_DN4116_c0_g1_i1:32-829    -            266 3217at3041           -            306   8.1e-19   64.8   0.5   4   4     0.014      0.27    7.2   0.0   243   272   237   266   226   266 0.93 -
TRINITY_DN10537_c0_g1_i1:15-722   -            236 3217at3041           -            306     1e-18   64.4   1.8   1   3   2.7e-09   5.1e-08   29.3   0.2   242   286     1    45     1    47 0.96 -
TRINITY_DN10537_c0_g1_i1:15-722   -            236 3217at3041           -            306     1e-18   64.4   1.8   2   3   4.2e-07   7.9e-06   22.1   0.1   241   275    42    76    41    84 0.93 -
TRINITY_DN10537_c0_g1_i1:15-722   -            236 3217at3041           -            306     1e-18   64.4   1.8   3   3   0.00016     0.003   13.6   0.0   247   278    91   122    86   138 0.87 -
TRINITY_DN6347_c1_g1_i1:1-327     -            109 3217at3041           -            306   8.3e-18   61.4   1.0   1   2   1.5e-09   2.9e-08   30.1   0.0   158   214     1    61     1    62 0.86 -
TRINITY_DN6347_c1_g1_i1:1-327     -            109 3217at3041           -            306   8.3e-18   61.4   1.0   2   2   2.9e-10   5.5e-09   32.5   0.2   172   216    59   105    57   108 0.83 -
TRINITY_DN8322_c0_g1_i1:7-303     -             99 3217at3041           -            306   1.8e-17   60.3   3.1   1   2   4.8e-12   9.2e-11   38.3   0.4   156   213     5    66     1    67 0.86 -
TRINITY_DN8322_c0_g1_i1:7-303     -             99 3217at3041           -            306   1.8e-17   60.3   3.1   2   2   5.2e-08     1e-06   25.1   0.1   171   204    64    99    62    99 0.90 -
TRINITY_DN6347_c0_g2_i1:150-539   -            130 3217at3041           -            306   2.3e-17   60.0   3.3   1   3   3.8e-06   7.2e-05   18.9   0.3   242   276     3    37     1    43 0.54 -
TRINITY_DN6347_c0_g2_i1:150-539   -            130 3217at3041           -            306   2.3e-17   60.0   3.3   2   3   2.1e-09     4e-08   29.6   0.1   171   223    41    96    38    96 0.87 -
TRINITY_DN6347_c0_g2_i1:150-539   -            130 3217at3041           -            306   2.3e-17   60.0   3.3   3   3   3.1e-06   5.9e-05   19.2   0.0   171   214    83   128    80   130 0.88 -
TRINITY_DN3625_c0_g1_i1:821-1312  -            164 3217at3041           -            306   3.6e-17   59.3   2.5   1   2   8.8e-10   1.7e-08   30.9   0.2   173   272     1   104     1   110 0.87 -
TRINITY_DN3625_c0_g1_i1:821-1312  -            164 3217at3041           -            306   3.6e-17   59.3   2.5   2   2   2.5e-11   4.8e-10   36.0   0.9   153   215    92   160    62   164 0.77 -
TRINITY_DN3625_c0_g1_i3:521-1012  -            164 3217at3041           -            306   3.6e-17   59.3   2.5   1   2   8.8e-10   1.7e-08   30.9   0.2   173   272     1   104     1   110 0.87 -
TRINITY_DN3625_c0_g1_i3:521-1012  -            164 3217at3041           -            306   3.6e-17   59.3   2.5   2   2   2.5e-11   4.8e-10   36.0   0.9   153   215    92   160    62   164 0.77 -
TRINITY_DN3625_c0_g1_i6:521-1012  -            164 3217at3041           -            306   3.6e-17   59.3   2.5   1   2   8.8e-10   1.7e-08   30.9   0.2   173   272     1   104     1   110 0.87 -
TRINITY_DN3625_c0_g1_i6:521-1012  -            164 3217at3041           -            306   3.6e-17   59.3   2.5   2   2   2.5e-11   4.8e-10   36.0   0.9   153   215    92   160    62   164 0.77 -
TRINITY_DN8322_c1_g1_i2:5-349     -            115 3217at3041           -            306   8.8e-17   58.1   3.2   1   3   5.3e-07     1e-05   21.8   0.1   175   212     1    40     1    42 0.88 -
TRINITY_DN8322_c1_g1_i2:5-349     -            115 3217at3041           -            306   8.8e-17   58.1   3.2   2   3   4.8e-07   9.2e-06   21.9   0.0   172   210    40    80    36    83 0.86 -
TRINITY_DN8322_c1_g1_i2:5-349     -            115 3217at3041           -            306   8.8e-17   58.1   3.2   3   3   1.5e-05   0.00029   17.0   0.1   171   202    81   114    78   115 0.86 -
TRINITY_DN4116_c0_g1_i3:32-523    -            164 3217at3041           -            306   1.6e-16   57.2   0.1   1   3   2.1e-05    0.0004   16.5   0.0   243   275     5    37     3    58 0.86 -
TRINITY_DN4116_c0_g1_i3:32-523    -            164 3217at3041           -            306   1.6e-16   57.2   0.1   2   3   2.3e-09   4.4e-08   29.5   0.0   150   205    63   122    53   132 0.82 -
TRINITY_DN4116_c0_g1_i3:32-523    -            164 3217at3041           -            306   1.6e-16   57.2   0.1   3   3    0.0077      0.15    8.1   0.0   243   272   135   164   130   164 0.93 -
TRINITY_DN3303_c0_g1_i4:124-501   -            126 3217at3041           -            306   1.6e-16   57.2   0.8   1   1   2.6e-16     5e-15   52.3   0.9   188   279     7   113     1   119 0.78 -
TRINITY_DN40544_c0_g1_i1:0-248    -             83 3217at3041           -            306   2.2e-16   56.7   3.0   1   2   2.8e-11   5.3e-10   35.8   0.6   172   210     7    47     4    53 0.82 -
TRINITY_DN40544_c0_g1_i1:0-248    -             83 3217at3041           -            306   2.2e-16   56.7   3.0   2   2   4.9e-07   9.3e-06   21.9   0.1   242   273    52    83    50    83 0.93 -
TRINITY_DN55666_c0_g1_i1:61-405   -            115 3217at3041           -            306   3.1e-16   56.3   2.6   1   1     1e-12     2e-11   40.5   0.9   172   239    39   114    37   115 0.86 -
TRINITY_DN8322_c0_g1_i2:7-303     -             99 3217at3041           -            306   4.9e-16   55.6   2.0   1   2   2.5e-10   4.7e-09   32.7   0.2   156   213     5    66     1    67 0.85 -
TRINITY_DN8322_c0_g1_i2:7-303     -             99 3217at3041           -            306   4.9e-16   55.6   2.0   2   2   5.2e-08   9.9e-07   25.1   0.1   171   204    64    99    62    99 0.90 -
TRINITY_DN5975_c0_g1_i1:0-863     -            288 3217at3041           -            306   7.6e-16   55.0   3.2   1   3   2.9e-06   5.4e-05   19.3   0.4   153   205    14    69     6    79 0.78 -
TRINITY_DN5975_c0_g1_i1:0-863     -            288 3217at3041           -            306   7.6e-16   55.0   3.2   2   3   9.2e-11   1.7e-09   34.1   0.1   171   282    80   210    73   227 0.77 -
TRINITY_DN5975_c0_g1_i1:0-863     -            288 3217at3041           -            306   7.6e-16   55.0   3.2   3   3       2.6        49   -0.2   0.0   172   204   251   285   224   288 0.70 -
TRINITY_DN28781_c0_g1_i1:473-925  -            151 3217at3041           -            306   1.6e-15   54.0   8.0   1   3   3.1e-07     6e-06   22.5   0.0   242   286    10    54     6    55 0.93 -
TRINITY_DN28781_c0_g1_i1:473-925  -            151 3217at3041           -            306   1.6e-15   54.0   8.0   2   3   1.2e-05   0.00022   17.3   0.6   240   272    50    82    47    89 0.94 -
TRINITY_DN28781_c0_g1_i1:473-925  -            151 3217at3041           -            306   1.6e-15   54.0   8.0   3   3   7.4e-07   1.4e-05   21.3   1.1   242   289    94   146    91   151 0.74 -
TRINITY_DN70224_c0_g1_i1:13-297   -             95 3217at3041           -            306     2e-15   53.6   0.1   1   2     4e-08   7.6e-07   25.4   0.0   173   213     1    43     1    45 0.64 -
TRINITY_DN70224_c0_g1_i1:13-297   -             95 3217at3041           -            306     2e-15   53.6   0.1   2   2   9.4e-09   1.8e-07   27.5   0.0   241   285    44    88    42    94 0.93 -
TRINITY_DN12826_c0_g1_i1:299-703  -            135 3217at3041           -            306   3.1e-15   53.0   2.2   1   3   1.4e-06   2.7e-05   20.4   0.1   242   292     2    54     1    65 0.85 -
TRINITY_DN12826_c0_g1_i1:299-703  -            135 3217at3041           -            306   3.1e-15   53.0   2.2   2   3   2.6e-09   4.9e-08   29.4   0.1   189   238    69   124    57   125 0.84 -
TRINITY_DN12826_c0_g1_i1:299-703  -            135 3217at3041           -            306   3.1e-15   53.0   2.2   3   3   5.3e-05     0.001   15.2   0.0   171   213    91   135    87   135 0.83 -
TRINITY_DN45883_c0_g1_i1:186-596  -            137 3217at3041           -            306   1.1e-14   51.1   3.9   1   3   6.5e-07   1.2e-05   21.5   0.1   242   292     3    55     1    60 0.90 -
TRINITY_DN45883_c0_g1_i1:186-596  -            137 3217at3041           -            306   1.1e-14   51.1   3.9   2   3   4.4e-06   8.4e-05   18.7   0.1   241   296    44   101    37   103 0.70 -
TRINITY_DN45883_c0_g1_i1:186-596  -            137 3217at3041           -            306   1.1e-14   51.1   3.9   3   3     2e-07   3.8e-06   23.1   0.0   154   216    64   130    59   136 0.83 -
TRINITY_DN2679_c0_g1_i1:334-729   -            132 3217at3041           -            306   1.2e-14   51.0   0.3   1   3   2.4e-08   4.6e-07   26.2   0.0   242   297     1    58     1    63 0.75 -
TRINITY_DN2679_c0_g1_i1:334-729   -            132 3217at3041           -            306   1.2e-14   51.0   0.3   2   3    0.0027     0.052    9.6   0.0   169   214    37    84    33    88 0.77 -
TRINITY_DN2679_c0_g1_i1:334-729   -            132 3217at3041           -            306   1.2e-14   51.0   0.3   3   3     4e-07   7.6e-06   22.2   0.1   155   217    63   129    60   132 0.77 -
TRINITY_DN2679_c0_g1_i2:313-708   -            132 3217at3041           -            306   1.2e-14   51.0   0.3   1   3   2.4e-08   4.6e-07   26.2   0.0   242   297     1    58     1    63 0.75 -
TRINITY_DN2679_c0_g1_i2:313-708   -            132 3217at3041           -            306   1.2e-14   51.0   0.3   2   3    0.0027     0.052    9.6   0.0   169   214    37    84    33    88 0.77 -
TRINITY_DN2679_c0_g1_i2:313-708   -            132 3217at3041           -            306   1.2e-14   51.0   0.3   3   3     4e-07   7.6e-06   22.2   0.1   155   217    63   129    60   132 0.77 -
TRINITY_DN3303_c0_g1_i2:78-398    -            107 3217at3041           -            306   1.4e-14   50.9   0.7   1   1   4.7e-15   8.9e-14   48.2   0.7   188   273     5   105     2   107 0.80 -
TRINITY_DN8322_c0_g4_i1:15-254    -             80 3217at3041           -            306   2.5e-14   50.0   0.7   1   2   7.3e-07   1.4e-05   21.3   0.0   173   210     1    40     1    45 0.80 -
TRINITY_DN8322_c0_g4_i1:15-254    -             80 3217at3041           -            306   2.5e-14   50.0   0.7   2   2   5.9e-09   1.1e-07   28.2   0.1   241   274    44    77    42    80 0.89 -
TRINITY_DN30082_c0_g1_i1:1-345    -            115 3217at3041           -            306   2.7e-14   49.9   0.4   1   2   2.2e-06   4.2e-05   19.7   0.0   242   282     3    43     1    46 0.81 -
TRINITY_DN30082_c0_g1_i1:1-345    -            115 3217at3041           -            306   2.7e-14   49.9   0.4   2   2   3.3e-09   6.2e-08   29.0   0.2   241   300    44   111    39   115 0.78 -
TRINITY_DN3841_c0_g1_i3:143-547   -            135 3217at3041           -            306     6e-14   48.8   2.8   1   2   0.00061     0.012   11.7   0.1   242   274     1    35     1    42 0.87 -
TRINITY_DN3841_c0_g1_i3:143-547   -            135 3217at3041           -            306     6e-14   48.8   2.8   2   2     9e-11   1.7e-09   34.1   0.7   170   241    45   124    39   130 0.79 -
TRINITY_DN5915_c0_g1_i2:61-1128   -            356 3217at3041           -            306   9.3e-14   48.1   6.9   1   5   0.00032     0.006   12.6   0.0   240   302    52   119    44   123 0.80 -
TRINITY_DN5915_c0_g1_i2:61-1128   -            356 3217at3041           -            306   9.3e-14   48.1   6.9   2   5     0.029      0.55    6.2   0.0   235   272   130   166   119   178 0.80 -
TRINITY_DN5915_c0_g1_i2:61-1128   -            356 3217at3041           -            306   9.3e-14   48.1   6.9   3   5       1.5        28    0.6   0.0   229   275   181   229   170   250 0.76 -
TRINITY_DN5915_c0_g1_i2:61-1128   -            356 3217at3041           -            306   9.3e-14   48.1   6.9   4   5   1.2e-06   2.2e-05   20.6   0.2   190   273   213   311   200   320 0.66 -
TRINITY_DN5915_c0_g1_i2:61-1128   -            356 3217at3041           -            306   9.3e-14   48.1   6.9   5   5    0.0046     0.088    8.8   0.3   173   204   320   353   315   356 0.78 -
TRINITY_DN49433_c0_g1_i1:340-735  -            132 3217at3041           -            306   9.7e-14   48.1   2.7   1   3    0.0065      0.12    8.3   0.1   247   273     6    32     1    35 0.89 -
TRINITY_DN49433_c0_g1_i1:340-735  -            132 3217at3041           -            306   9.7e-14   48.1   2.7   2   3   2.6e-08   4.9e-07   26.1   0.1   242   287    43    88    37    99 0.87 -
TRINITY_DN49433_c0_g1_i1:340-735  -            132 3217at3041           -            306   9.7e-14   48.1   2.7   3   3     1e-05    0.0002   17.5   0.1   173   210    83   122    81   131 0.78 -
TRINITY_DN6347_c1_g2_i1:42-290    -             83 3217at3041           -            306   1.3e-13   47.7   0.2   1   2   7.4e-06   0.00014   18.0   0.0   246   277     2    33     1    38 0.86 -
TRINITY_DN6347_c1_g2_i1:42-290    -             83 3217at3041           -            306   1.3e-13   47.7   0.2   2   2   2.5e-09   4.8e-08   29.4   0.1   171   215    36    82    30    83 0.88 -
TRINITY_DN6347_c2_g1_i1:9-308     -            100 3217at3041           -            306   1.4e-13   47.5   3.2   1   1   4.1e-14   7.8e-13   45.1   3.2   190   273     1    98     1   100 0.83 -
TRINITY_DN19750_c0_g1_i1:35-457   -            141 3217at3041           -            306     2e-13   47.1   3.4   1   3    0.0089      0.17    7.9   0.1   242   273     3    35     1    41 0.81 -
TRINITY_DN19750_c0_g1_i1:35-457   -            141 3217at3041           -            306     2e-13   47.1   3.4   2   3   1.3e-07   2.5e-06   23.8   0.1   169   213    45    91    40    93 0.85 -
TRINITY_DN19750_c0_g1_i1:35-457   -            141 3217at3041           -            306     2e-13   47.1   3.4   3   3   3.9e-05   0.00074   15.6   0.1   175   277    93   128    90   138 0.57 -
TRINITY_DN2679_c0_g2_i1:25-336    -            104 3217at3041           -            306     2e-13   47.0   0.2   1   1   3.7e-14   6.9e-13   45.3   0.2   172   239     2    77     1    86 0.85 -
TRINITY_DN3303_c0_g1_i5:0-281     -             94 3217at3041           -            306     5e-13   45.7   1.2   1   2   0.00033    0.0064   12.6   0.0   187   209     7    29     1    32 0.68 -
TRINITY_DN3303_c0_g1_i5:0-281     -             94 3217at3041           -            306     5e-13   45.7   1.2   2   2   6.2e-10   1.2e-08   31.4   0.2   171   223    31    86    27    92 0.84 -
TRINITY_DN66542_c0_g1_i1:654-878  -             75 3217at3041           -            306   5.8e-13   45.5   0.2   1   2   2.7e-08   5.2e-07   26.0   0.1   172   212     2    42     1    45 0.93 -
TRINITY_DN66542_c0_g1_i1:654-878  -             75 3217at3041           -            306   5.8e-13   45.5   0.2   2   2   1.2e-06   2.4e-05   20.5   0.0   170   204    40    74    36    75 0.92 -
TRINITY_DN62252_c0_g1_i1:7-336    -            110 3217at3041           -            306   9.5e-13   44.8   0.3   1   3   2.1e-05   0.00039   16.5   0.0   243   285     1    43     1    43 0.86 -
TRINITY_DN62252_c0_g1_i1:7-336    -            110 3217at3041           -            306   9.5e-13   44.8   0.3   2   3   9.8e-07   1.9e-05   20.9   0.1   242   275    42    75    40    80 0.92 -
TRINITY_DN62252_c0_g1_i1:7-336    -            110 3217at3041           -            306   9.5e-13   44.8   0.3   3   3     0.031       0.6    6.1   0.0   237   265    79   107    75   110 0.56 -
TRINITY_DN4159_c0_g1_i4:535-2265  -            577 3217at3041           -            306   1.1e-12   44.7  11.5   1   4   4.8e-05   0.00091   15.3   0.1   145   243    41   154    29   168 0.76 -
TRINITY_DN4159_c0_g1_i4:535-2265  -            577 3217at3041           -            306   1.1e-12   44.7  11.5   2   4   2.8e-07   5.3e-06   22.7   3.0   104   268   204   404   197   408 0.69 -
TRINITY_DN4159_c0_g1_i4:535-2265  -            577 3217at3041           -            306   1.1e-12   44.7  11.5   3   4    0.0071      0.13    8.2   0.3   173   238   334   408   306   455 0.46 -
TRINITY_DN4159_c0_g1_i4:535-2265  -            577 3217at3041           -            306   1.1e-12   44.7  11.5   4   4     0.037       0.7    5.9   0.1   167   219   456   510   429   521 0.62 -
TRINITY_DN57421_c0_g1_i2:61-408   -            116 3217at3041           -            306   1.3e-12   44.3   0.3   1   2   5.9e-06   0.00011   18.3   0.3   226   285     2    70     1    71 0.79 -
TRINITY_DN57421_c0_g1_i2:61-408   -            116 3217at3041           -            306   1.3e-12   44.3   0.3   2   2   2.2e-07   4.2e-06   23.0   0.0   242   285    69   112    68   114 0.85 -
TRINITY_DN42538_c0_g1_i1:0-344    -            115 3217at3041           -            306   1.7e-12   44.0   0.5   1   2   5.5e-11     1e-09   34.8   0.1   231   296     5    81     1    82 0.77 -
TRINITY_DN42538_c0_g1_i1:0-344    -            115 3217at3041           -            306   1.7e-12   44.0   0.5   2   2   0.00026     0.005   12.9   0.0   242   285    67   111    66   114 0.88 -
TRINITY_DN28781_c0_g1_i2:110-484  -            125 3217at3041           -            306   1.8e-12   44.0   9.0   1   2   2.8e-07   5.3e-06   22.7   1.3   227   272     2    56     1    62 0.85 -
TRINITY_DN28781_c0_g1_i2:110-484  -            125 3217at3041           -            306   1.8e-12   44.0   9.0   2   2   4.8e-07   9.1e-06   21.9   1.3   242   289    68   120    61   125 0.73 -
TRINITY_DN58719_c0_g1_i1:218-607  -            130 3217at3041           -            306   2.6e-12   43.4   0.2   1   2   4.3e-06   8.1e-05   18.8   0.0   184   227    11    55     1    66 0.78 -
TRINITY_DN58719_c0_g1_i1:218-607  -            130 3217at3041           -            306   2.6e-12   43.4   0.2   2   2   1.7e-07   3.3e-06   23.4   0.0   242   277    94   129    69   130 0.84 -
TRINITY_DN3644_c0_g1_i3:1194-1607 -            138 3217at3041           -            306     3e-12   43.2   0.1   1   2   3.9e-06   7.3e-05   18.9   0.0   242   296     1    58     1    65 0.85 -
TRINITY_DN3644_c0_g1_i3:1194-1607 -            138 3217at3041           -            306     3e-12   43.2   0.1   2   2   3.1e-07   5.9e-06   22.5   0.1   156   213    67   128    62   136 0.81 -
TRINITY_DN6340_c0_g1_i1:957-1325  -            123 3217at3041           -            306   3.3e-12   43.1   0.2   1   3   0.00028    0.0052   12.8   0.0   260   292     4    38     1    41 0.85 -
TRINITY_DN6340_c0_g1_i1:957-1325  -            123 3217at3041           -            306   3.3e-12   43.1   0.2   2   3   0.00021    0.0041   13.2   0.1   248   274    34    61    27    65 0.60 -
TRINITY_DN6340_c0_g1_i1:957-1325  -            123 3217at3041           -            306   3.3e-12   43.1   0.2   3   3   3.6e-05   0.00068   15.8   0.0   172   210    69   110    62   118 0.64 -
TRINITY_DN28227_c0_g1_i1:3-245    -             81 3217at3041           -            306   3.4e-12   43.0   0.2   1   2   6.7e-07   1.3e-05   21.4   0.0   173   210     2    41     1    46 0.78 -
TRINITY_DN28227_c0_g1_i1:3-245    -             81 3217at3041           -            306   3.4e-12   43.0   0.2   2   2   1.2e-06   2.2e-05   20.6   0.0   242   272    46    76    41    80 0.89 -
TRINITY_DN5131_c0_g1_i2:40-282    -             81 3217at3041           -            306   3.4e-12   43.0   0.8   1   2   5.7e-05    0.0011   15.1   0.1   183   210     4    33     1    35 0.69 -
TRINITY_DN5131_c0_g1_i2:40-282    -             81 3217at3041           -            306   3.4e-12   43.0   0.8   2   2     1e-08   1.9e-07   27.4   0.0   172   213    35    78    33    81 0.83 -
TRINITY_DN4874_c0_g2_i1:7-714     -            236 3217at3041           -            306   5.1e-12   42.4   1.3   1   1   1.4e-12   2.6e-11   40.1   0.8   152   292    23   192     6   195 0.77 -
TRINITY_DN37385_c0_g1_i1:11-379   -            123 3217at3041           -            306   5.9e-12   42.2   5.7   1   2   4.5e-09   8.6e-08   28.5   1.8   242   274    38    70     9    79 0.87 -
TRINITY_DN37385_c0_g1_i1:11-379   -            123 3217at3041           -            306   5.9e-12   42.2   5.7   2   2   3.7e-05   0.00071   15.7   0.1   172   214    77   121    69   123 0.78 -
TRINITY_DN8322_c0_g2_i2:34-249    -             72 3217at3041           -            306   9.6e-12   41.5   0.7   1   2   2.6e-07   4.9e-06   22.8   0.2   242   278     1    37     1    44 0.88 -
TRINITY_DN8322_c0_g2_i2:34-249    -             72 3217at3041           -            306   9.6e-12   41.5   0.7   2   2   6.6e-06   0.00013   18.2   0.0   242   271    43    72    41    72 0.97 -
TRINITY_DN17349_c0_g2_i1:29-388   -            120 3217at3041           -            306   1.1e-11   41.4   1.1   1   1   4.9e-11   9.3e-10   35.0   1.1   189   273     9   120     2   120 0.80 -
TRINITY_DN3652_c0_g1_i2:270-1979  -            570 3217at3041           -            306   1.1e-11   41.4   5.7   1   3      0.13       2.5    4.0   0.0   242   287     2    52     1    65 0.81 -
TRINITY_DN3652_c0_g1_i2:270-1979  -            570 3217at3041           -            306   1.1e-11   41.4   5.7   2   3   8.2e-06   0.00016   17.9   0.2   154   275   305   448   280   459 0.75 -
TRINITY_DN3652_c0_g1_i2:270-1979  -            570 3217at3041           -            306   1.1e-11   41.4   5.7   3   3   2.1e-08     4e-07   26.4   0.4   149   271   429   570   420   570 0.79 -
TRINITY_DN663_c0_g1_i2:435-1166   -            244 3217at3041           -            306   1.1e-11   41.3   2.7   1   2   6.8e-06   0.00013   18.1   0.1   175   239     1    73     1    78 0.79 -
TRINITY_DN663_c0_g1_i2:435-1166   -            244 3217at3041           -            306   1.1e-11   41.3   2.7   2   2   7.9e-07   1.5e-05   21.2   0.5   183   271   138   239   123   241 0.82 -
TRINITY_DN1654_c0_g1_i7:2-223     -             74 3217at3041           -            306   1.2e-11   41.2   0.4   1   1   1.4e-11   2.7e-10   36.8   0.4   172   237     1    74     1    74 0.81 -
TRINITY_DN70821_c0_g1_i1:77-289   -             71 3217at3041           -            306   4.3e-11   39.4   2.6   1   2   1.3e-06   2.6e-05   20.4   0.1   243   272     1    30     1    33 0.96 -
TRINITY_DN70821_c0_g1_i1:77-289   -             71 3217at3041           -            306   4.3e-11   39.4   2.6   2   2   3.3e-06   6.3e-05   19.1   0.2   242   271    42    71    37    71 0.89 -
TRINITY_DN8723_c0_g1_i2:59-712    -            218 3217at3041           -            306   4.7e-11   39.3   1.2   1   3    0.0044     0.085    8.9   0.1   218   256    11    49     1    86 0.61 -
TRINITY_DN8723_c0_g1_i2:59-712    -            218 3217at3041           -            306   4.7e-11   39.3   1.2   2   3     0.017      0.32    7.0   0.0   244   285   105   146    97   148 0.84 -
TRINITY_DN8723_c0_g1_i2:59-712    -            218 3217at3041           -            306   4.7e-11   39.3   1.2   3   3     2e-05   0.00037   16.6   0.1   242   273   187   218   182   218 0.96 -
TRINITY_DN58975_c0_g1_i1:317-934  -            206 3217at3041           -            306   5.1e-11   39.1   1.3   1   2   1.8e-11   3.4e-10   36.4   0.4   226   303    15   105     5   108 0.75 -
TRINITY_DN58975_c0_g1_i1:317-934  -            206 3217at3041           -            306   5.1e-11   39.1   1.3   2   2         1        19    1.1   0.0   248   272   177   201   145   206 0.64 -
TRINITY_DN3303_c0_g1_i1:14-238    -             75 3217at3041           -            306   7.1e-11   38.7   2.3   1   2   1.3e-06   2.4e-05   20.5   0.2   191   223     1    34     1    36 0.87 -
TRINITY_DN3303_c0_g1_i1:14-238    -             75 3217at3041           -            306   7.1e-11   38.7   2.3   2   2   1.5e-07   2.9e-06   23.5   0.2   172   217    22    69    20    75 0.82 -
TRINITY_DN45883_c0_g1_i2:186-506  -            107 3217at3041           -            306   9.3e-11   38.3   0.5   1   2   4.7e-07   8.9e-06   21.9   0.2   242   291     3    54     1    56 0.90 -
TRINITY_DN45883_c0_g1_i2:186-506  -            107 3217at3041           -            306   9.3e-11   38.3   0.5   2   2   1.6e-06     3e-05   20.2   0.1   240   296    43   101    36   105 0.71 -
TRINITY_DN3168_c0_g1_i2:137-1057  -            307 3217at3041           -            306   1.2e-10   37.9   1.1   1   3   1.2e-05   0.00022   17.4   0.0   242   276   108   143   105   155 0.83 -
TRINITY_DN3168_c0_g1_i2:137-1057  -            307 3217at3041           -            306   1.2e-10   37.9   1.1   2   3    0.0085      0.16    7.9   0.1   249   275   161   188   155   193 0.76 -
TRINITY_DN3168_c0_g1_i2:137-1057  -            307 3217at3041           -            306   1.2e-10   37.9   1.1   3   3    0.0039     0.075    9.0   0.0   243   273   221   252   207   257 0.82 -
TRINITY_DN13382_c0_g1_i1:133-924  -            264 3217at3041           -            306   1.4e-10   37.7   3.4   1   2   3.4e-05   0.00064   15.8   0.8   172   217    32    79     9   106 0.77 -
TRINITY_DN13382_c0_g1_i1:133-924  -            264 3217at3041           -            306   1.4e-10   37.7   3.4   2   2   3.9e-06   7.5e-05   18.9   0.1   123   202   163   256   127   259 0.58 -
TRINITY_DN17349_c0_g1_i1:23-229   -             69 3217at3041           -            306   2.5e-10   36.9   0.0   1   1   2.7e-10   5.2e-09   32.5   0.0   224   273     8    69     7    69 0.83 -
TRINITY_DN64962_c0_g1_i1:52-276   -             75 3217at3041           -            306   3.3e-10   36.5   0.0   1   2   7.6e-05    0.0014   14.7   0.0   243   288     3    48     1    52 0.70 -
TRINITY_DN64962_c0_g1_i1:52-276   -             75 3217at3041           -            306   3.3e-10   36.5   0.0   2   2   4.7e-08   8.9e-07   25.2   0.0   154   203    21    75    15    75 0.85 -
TRINITY_DN57421_c0_g1_i1:145-480  -            112 3217at3041           -            306   3.6e-10   36.4   2.2   1   1   3.5e-10   6.7e-09   32.2   2.2   195   285     3   108     1   110 0.83 -
TRINITY_DN60833_c0_g1_i1:4-231    -             76 3217at3041           -            306   3.8e-10   36.3   2.6   1   1   9.3e-11   1.8e-09   34.1   2.4   155   214    12    73     6    76 0.87 -
TRINITY_DN4838_c0_g1_i5:25-1017   -            331 3217at3041           -            306   7.7e-10   35.3   0.6   1   4     0.001      0.02   10.9   0.0   243   278     1    36     1    55 0.89 -
TRINITY_DN4838_c0_g1_i5:25-1017   -            331 3217at3041           -            306   7.7e-10   35.3   0.6   2   4   9.3e-05    0.0018   14.4   0.0   239   276   190   227   180   238 0.86 -
TRINITY_DN4838_c0_g1_i5:25-1017   -            331 3217at3041           -            306   7.7e-10   35.3   0.6   3   4      0.33       6.3    2.7   0.0   251   292   254   297   248   300 0.71 -
TRINITY_DN4838_c0_g1_i5:25-1017   -            331 3217at3041           -            306   7.7e-10   35.3   0.6   4   4       1.5        28    0.6   0.0   221   238   311   328   305   330 0.78 -
TRINITY_DN2679_c0_g1_i3:271-510   -             80 3217at3041           -            306   8.7e-10   35.1   0.0   1   1   5.3e-11     1e-09   34.9   0.0   168   223     8    66     4    76 0.82 -
TRINITY_DN3117_c0_g1_i1:437-940   -            168 3217at3041           -            306     9e-10   35.1   0.5   1   2   1.4e-08   2.7e-07   26.9   0.0   155   211    16    76     5   101 0.79 -
TRINITY_DN3117_c0_g1_i1:437-940   -            168 3217at3041           -            306     9e-10   35.1   0.5   2   2     0.019      0.36    6.8   0.2   179   208   136   167   123   168 0.62 -
TRINITY_DN3117_c0_g1_i2:746-1249  -            168 3217at3041           -            306     9e-10   35.1   0.5   1   2   1.4e-08   2.7e-07   26.9   0.0   155   211    16    76     5   101 0.79 -
TRINITY_DN3117_c0_g1_i2:746-1249  -            168 3217at3041           -            306     9e-10   35.1   0.5   2   2     0.019      0.36    6.8   0.2   179   208   136   167   123   168 0.62 -
TRINITY_DN4838_c0_g1_i3:25-1032   -            336 3217at3041           -            306   9.3e-10   35.0   1.0   1   4    0.0011      0.02   10.9   0.0   243   278     1    36     1    55 0.89 -
TRINITY_DN4838_c0_g1_i3:25-1032   -            336 3217at3041           -            306   9.3e-10   35.0   1.0   2   4   6.7e-05    0.0013   14.8   0.1   238   276   194   232    85   243 0.94 -
TRINITY_DN4838_c0_g1_i3:25-1032   -            336 3217at3041           -            306   9.3e-10   35.0   1.0   3   4      0.33       6.2    2.7   0.0   251   292   259   302   252   305 0.72 -
TRINITY_DN4838_c0_g1_i3:25-1032   -            336 3217at3041           -            306   9.3e-10   35.0   1.0   4   4       1.5        28    0.6   0.0   221   238   316   333   308   335 0.79 -
TRINITY_DN22748_c0_g1_i1:348-662  -            105 3217at3041           -            306   9.9e-10   34.9   0.3   1   3       2.3        44   -0.0   0.0   188   209     5    26     2    32 0.64 -
TRINITY_DN22748_c0_g1_i1:348-662  -            105 3217at3041           -            306   9.9e-10   34.9   0.3   2   3     5e-05   0.00095   15.3   0.0   235   275    27    66    22    73 0.85 -
TRINITY_DN22748_c0_g1_i1:348-662  -            105 3217at3041           -            306   9.9e-10   34.9   0.3   3   3   1.5e-05   0.00029   17.0   0.3   239   272    72   105    68   105 0.92 -
TRINITY_DN2679_c0_g1_i5:104-325   -             74 3217at3041           -            306   2.4e-09   33.7   0.4   1   2   8.8e-06   0.00017   17.7   0.1   242   283     1    42     1    45 0.76 -
TRINITY_DN2679_c0_g1_i5:104-325   -             74 3217at3041           -            306   2.4e-09   33.7   0.4   2   2   2.8e-05   0.00053   16.1   0.1   241   273    42    74    36    74 0.91 -
TRINITY_DN14255_c0_g1_i1:71-289   -             73 3217at3041           -            306   4.3e-09   32.8   0.6   1   2   2.4e-07   4.5e-06   22.9   0.1   242   290     1    51     1    54 0.59 -
TRINITY_DN14255_c0_g1_i1:71-289   -             73 3217at3041           -            306   4.3e-09   32.8   0.6   2   2   0.00014    0.0026   13.8   0.1   171   203    39    72    33    73 0.86 -
TRINITY_DN2934_c0_g1_i3:1-1137    -            379 3217at3041           -            306   5.6e-09   32.5   7.3   1   5       6.4   1.2e+02   -1.5   0.0   228   262    91   125    87   137 0.79 -
TRINITY_DN2934_c0_g1_i3:1-1137    -            379 3217at3041           -            306   5.6e-09   32.5   7.3   2   5     0.024      0.46    6.5   0.0   173   207   156   193   151   207 0.58 -
TRINITY_DN2934_c0_g1_i3:1-1137    -            379 3217at3041           -            306   5.6e-09   32.5   7.3   3   5    0.0066      0.13    8.3   0.4   242   275   208   242   202   258 0.85 -
TRINITY_DN2934_c0_g1_i3:1-1137    -            379 3217at3041           -            306   5.6e-09   32.5   7.3   4   5   2.4e-05   0.00047   16.3   0.1   156   206   276   332   253   343 0.77 -
TRINITY_DN2934_c0_g1_i3:1-1137    -            379 3217at3041           -            306   5.6e-09   32.5   7.3   5   5       2.1        40    0.1   0.1   242   262   355   375   349   379 0.76 -
TRINITY_DN4159_c0_g1_i3:86-892    -            269 3217at3041           -            306   5.8e-09   32.4   2.2   1   2    0.0033     0.062    9.3   0.1   183   244    24    96     2   115 0.77 -
TRINITY_DN4159_c0_g1_i3:86-892    -            269 3217at3041           -            306   5.8e-09   32.4   2.2   2   2   1.2e-06   2.3e-05   20.6   0.3   175   263   151   256   138   268 0.42 -
TRINITY_DN55503_c0_g1_i1:1-201    -             67 3217at3041           -            306   1.2e-08   31.3   0.5   1   1   1.8e-09   3.5e-08   29.8   0.5   175   223     2    53     1    67 0.77 -
TRINITY_DN39888_c0_g1_i1:19-231   -             71 3217at3041           -            306   1.2e-08   31.3   0.3   1   1   3.6e-09   6.8e-08   28.9   0.3   227   285     2    71     1    71 0.69 -
TRINITY_DN1069_c0_g1_i3:2856-3491 -            212 3217at3041           -            306   1.5e-08   31.0   3.6   1   4       1.4        27    0.7   0.0   187   204    15    32     1    42 0.49 -
TRINITY_DN1069_c0_g1_i3:2856-3491 -            212 3217at3041           -            306   1.5e-08   31.0   3.6   2   4   0.00025    0.0048   13.0   0.2   245   284    57    97    52   109 0.80 -
TRINITY_DN1069_c0_g1_i3:2856-3491 -            212 3217at3041           -            306   1.5e-08   31.0   3.6   3   4    0.0075      0.14    8.1   0.1   239   278    97   139    92   144 0.74 -
TRINITY_DN1069_c0_g1_i3:2856-3491 -            212 3217at3041           -            306   1.5e-08   31.0   3.6   4   4    0.0038     0.073    9.1   0.2   172   210   143   184   139   193 0.74 -
TRINITY_DN1069_c0_g1_i4:2856-3491 -            212 3217at3041           -            306   1.5e-08   31.0   3.6   1   4       1.4        27    0.7   0.0   187   204    15    32     1    42 0.49 -
TRINITY_DN1069_c0_g1_i4:2856-3491 -            212 3217at3041           -            306   1.5e-08   31.0   3.6   2   4   0.00025    0.0048   13.0   0.2   245   284    57    97    52   109 0.80 -
TRINITY_DN1069_c0_g1_i4:2856-3491 -            212 3217at3041           -            306   1.5e-08   31.0   3.6   3   4    0.0075      0.14    8.1   0.1   239   278    97   139    92   144 0.74 -
TRINITY_DN1069_c0_g1_i4:2856-3491 -            212 3217at3041           -            306   1.5e-08   31.0   3.6   4   4    0.0038     0.073    9.1   0.2   172   210   143   184   139   193 0.74 -
TRINITY_DN1069_c0_g1_i5:2001-2636 -            212 3217at3041           -            306   1.5e-08   31.0   3.6   1   4       1.4        27    0.7   0.0   187   204    15    32     1    42 0.49 -
TRINITY_DN1069_c0_g1_i5:2001-2636 -            212 3217at3041           -            306   1.5e-08   31.0   3.6   2   4   0.00025    0.0048   13.0   0.2   245   284    57    97    52   109 0.80 -
TRINITY_DN1069_c0_g1_i5:2001-2636 -            212 3217at3041           -            306   1.5e-08   31.0   3.6   3   4    0.0075      0.14    8.1   0.1   239   278    97   139    92   144 0.74 -
TRINITY_DN1069_c0_g1_i5:2001-2636 -            212 3217at3041           -            306   1.5e-08   31.0   3.6   4   4    0.0038     0.073    9.1   0.2   172   210   143   184   139   193 0.74 -
TRINITY_DN26872_c0_g1_i1:123-617  -            165 3217at3041           -            306   2.1e-08   30.6   4.7   1   1   4.8e-06   9.1e-05   18.6   0.2   173   206    73   109    68   115 0.76 -
TRINITY_DN2934_c0_g1_i5:28-612    -            195 3217at3041           -            306   2.6e-08   30.3   5.4   1   4       1.4        26    0.7   0.0   260   276     2    18     1    32 0.56 -
TRINITY_DN2934_c0_g1_i5:28-612    -            195 3217at3041           -            306   2.6e-08   30.3   5.4   2   4    0.0027     0.051    9.6   0.5   242   275    33    67    28    82 0.85 -
TRINITY_DN2934_c0_g1_i5:28-612    -            195 3217at3041           -            306   2.6e-08   30.3   5.4   3   4   5.2e-06    0.0001   18.5   0.1   156   206   101   157    69   169 0.74 -
TRINITY_DN2934_c0_g1_i5:28-612    -            195 3217at3041           -            306   2.6e-08   30.3   5.4   4   4       7.3   1.4e+02   -1.7   0.0   242   255   180   193   175   194 0.65 -
TRINITY_DN10850_c0_g1_i2:49-675   -            209 3217at3041           -            306   4.4e-08   29.5   9.3   1   2   1.4e-06   2.7e-05   20.3   0.2   234   284    42    92    38    97 0.89 -
TRINITY_DN10850_c0_g1_i2:49-675   -            209 3217at3041           -            306   4.4e-08   29.5   9.3   2   2    0.0017     0.032   10.3   0.6   240   271   177   209   110   209 0.71 -
TRINITY_DN44966_c0_g1_i1:1-225    -             75 3217at3041           -            306     5e-08   29.3   0.2   1   2   1.2e-07   2.2e-06   23.9   0.0   243   285     1    43     1    43 0.94 -
TRINITY_DN44966_c0_g1_i1:1-225    -             75 3217at3041           -            306     5e-08   29.3   0.2   2   2    0.0092      0.17    7.8   0.0   171   194    38    61    33    75 0.71 -
TRINITY_DN48962_c0_g1_i1:248-652  -            135 3217at3041           -            306   8.7e-08   28.5   0.5   1   1   1.2e-05   0.00023   17.3   0.5   173   209     1    39     1   135 0.56 -
TRINITY_DN3299_c0_g1_i3:240-911   -            224 3217at3041           -            306   2.2e-07   27.2   9.5   1   4      0.29       5.5    2.9   0.0   189   205     3    19     1    24 0.78 -
TRINITY_DN3299_c0_g1_i3:240-911   -            224 3217at3041           -            306   2.2e-07   27.2   9.5   2   4   0.00014    0.0027   13.8   1.3   225   271    15    63     7    67 0.85 -
TRINITY_DN3299_c0_g1_i3:240-911   -            224 3217at3041           -            306   2.2e-07   27.2   9.5   3   4      0.26         5    3.1   0.0   243   275    82   116    77   139 0.79 -
TRINITY_DN3299_c0_g1_i3:240-911   -            224 3217at3041           -            306   2.2e-07   27.2   9.5   4   4   0.00078     0.015   11.4   0.3   172   271   185   221   155   224 0.55 -
TRINITY_DN4874_c0_g2_i2:307-528   -             74 3217at3041           -            306   2.4e-07   27.1   0.1   1   2    0.0005    0.0096   12.0   0.0   243   282     1    41     1    44 0.81 -
TRINITY_DN4874_c0_g2_i2:307-528   -             74 3217at3041           -            306   2.4e-07   27.1   0.1   2   2   0.00013    0.0025   13.9   0.0   242   272    43    73    40    74 0.83 -
TRINITY_DN10089_c0_g1_i1:45-272   -             76 3217at3041           -            306   2.9e-07   26.8   1.6   1   2   3.9e-07   7.4e-06   22.2   0.3   175   218     1    46     1    49 0.82 -
TRINITY_DN10089_c0_g1_i1:45-272   -             76 3217at3041           -            306   2.9e-07   26.8   1.6   2   2     0.092       1.7    4.6   0.1   242   262    50    70    45    76 0.71 -
TRINITY_DN2934_c0_g1_i4:1-1005    -            335 3217at3041           -            306   7.6e-07   25.4   3.9   1   4       5.4     1e+02   -1.3   0.0   228   262    91   125    87   137 0.79 -
TRINITY_DN2934_c0_g1_i4:1-1005    -            335 3217at3041           -            306   7.6e-07   25.4   3.9   2   4    0.0036     0.069    9.2   0.5   242   274   208   241   151   244 0.61 -
TRINITY_DN2934_c0_g1_i4:1-1005    -            335 3217at3041           -            306   7.6e-07   25.4   3.9   3   4     0.015      0.28    7.2   0.0   175   204   254   286   245   299 0.60 -
TRINITY_DN2934_c0_g1_i4:1-1005    -            335 3217at3041           -            306   7.6e-07   25.4   3.9   4   4       1.9        35    0.3   0.1   242   262   311   331   306   335 0.76 -
TRINITY_DN63720_c0_g1_i1:70-327   -             86 3217at3041           -            306   8.3e-07   25.3   0.1   1   2    0.0016     0.031   10.3   0.0   174   211     2    42     1    51 0.71 -
TRINITY_DN63720_c0_g1_i1:70-327   -             86 3217at3041           -            306   8.3e-07   25.3   0.1   2   2   0.00015    0.0028   13.7   0.0   172   204    51    85    46    86 0.62 -
TRINITY_DN17349_c1_g1_i1:1-183    -             61 3217at3041           -            306   1.5e-06   24.5   0.1   1   1   1.9e-07   3.7e-06   23.2   0.1   242   285     1    44     1    55 0.85 -
TRINITY_DN7341_c0_g1_i1:2580-3251 -            224 3217at3041           -            306   2.5e-06   23.7   1.0   1   2   0.00058     0.011   11.8   0.0   172   223    14    66     6    70 0.82 -
TRINITY_DN7341_c0_g1_i1:2580-3251 -            224 3217at3041           -            306   2.5e-06   23.7   1.0   2   2      0.05      0.95    5.4   0.3   151   203    72   126    66   145 0.79 -
TRINITY_DN663_c0_g1_i4:101-415    -            105 3217at3041           -            306   5.4e-06   22.7   0.1   1   1   3.6e-07   6.8e-06   22.3   0.1   195   271     9    99     1   101 0.81 -
TRINITY_DN65678_c0_g1_i1:18-614   -            199 3217at3041           -            306   5.4e-06   22.6   0.1   1   2   6.2e-06   0.00012   18.2   0.0   176   241     1    74     1    84 0.57 -
TRINITY_DN65678_c0_g1_i1:18-614   -            199 3217at3041           -            306   5.4e-06   22.6   0.1   2   2      0.36       6.9    2.6   0.0   225   243   162   180   111   198 0.61 -
TRINITY_DN71286_c0_g1_i1:1-288    -             96 3217at3041           -            306   7.8e-06   22.1   0.2   1   2     0.017      0.33    6.9   0.1   191   224     2    35     1    54 0.65 -
TRINITY_DN71286_c0_g1_i1:1-288    -             96 3217at3041           -            306   7.8e-06   22.1   0.2   2   2   7.1e-05    0.0014   14.8   0.1   152   202    42    96    38    96 0.81 -
TRINITY_DN72104_c0_g1_i1:12-236   -             75 3217at3041           -            306   8.9e-06   21.9   0.1   1   1   1.1e-06   2.2e-05   20.7   0.1   241   290     1    50     1    73 0.85 -
TRINITY_DN16552_c0_g1_i1:20-433   -            138 3217at3041           -            306   1.2e-05   21.5   0.1   1   2   3.7e-05    0.0007   15.7   0.1   232   284     9    71     1    90 0.72 -
TRINITY_DN16552_c0_g1_i1:20-433   -            138 3217at3041           -            306   1.2e-05   21.5   0.1   2   2      0.21         4    3.4   0.0   171   196   111   137    88   138 0.80 -
TRINITY_DN66088_c0_g1_i1:222-506  -             95 3217at3041           -            306   1.3e-05   21.4   0.3   1   1   1.1e-06   2.1e-05   20.7   0.3   229   278     2    59     1    86 0.77 -
TRINITY_DN3652_c0_g1_i1:204-536   -            111 3217at3041           -            306   1.4e-05   21.2   0.1   1   1     3e-05   0.00056   16.0   0.1   192   273    12   111     9   111 0.69 -
TRINITY_DN20710_c0_g1_i4:98-283   -             62 3217at3041           -            306   4.2e-05   19.7   0.2   1   2   0.00039    0.0075   12.3   0.0   188   212     8    32     1    35 0.71 -
TRINITY_DN20710_c0_g1_i4:98-283   -             62 3217at3041           -            306   4.2e-05   19.7   0.2   2   2    0.0012     0.024   10.7   0.1   158   198    16    60    16    62 0.73 -
TRINITY_DN19672_c0_g1_i1:926-1660 -            245 3217at3041           -            306   6.7e-05   19.1   0.0   1   2   1.6e-05    0.0003   16.9   0.0   173   223     7    60     3    73 0.92 -
TRINITY_DN19672_c0_g1_i1:926-1660 -            245 3217at3041           -            306   6.7e-05   19.1   0.0   2   2       4.3        82   -0.9   0.0    48   138   188   204   170   243 0.58 -
TRINITY_DN19672_c0_g1_i2:951-1685 -            245 3217at3041           -            306   6.7e-05   19.1   0.0   1   2   1.6e-05    0.0003   16.9   0.0   173   223     7    60     3    73 0.92 -
TRINITY_DN19672_c0_g1_i2:951-1685 -            245 3217at3041           -            306   6.7e-05   19.1   0.0   2   2       4.3        82   -0.9   0.0    48   138   188   204   170   243 0.58 -
TRINITY_DN4159_c0_g1_i4:2707-3024 -            106 3217at3041           -            306   8.5e-05   18.7   1.2   1   1    0.0018     0.034   10.2   0.0   256   285     4    33     1    47 0.85 -
TRINITY_DN4159_c0_g1_i4:1420-2049 -            210 3217at3041           -            306   8.6e-05   18.7   1.3   1   2   0.00068     0.013   11.5   0.2   171   269    37   152     6   162 0.50 -
TRINITY_DN4159_c0_g1_i4:1420-2049 -            210 3217at3041           -            306   8.6e-05   18.7   1.3   2   2   0.00033    0.0064   12.6   0.4   153   273    59   200    53   209 0.74 -
TRINITY_DN10537_c0_g2_i1:60-290   -             77 3217at3041           -            306   0.00029   17.0   0.1   1   1   1.7e-05   0.00033   16.8   0.1   148   203    17    76     2    77 0.73 -
TRINITY_DN47062_c0_g1_i1:18-248   -             77 3217at3041           -            306    0.0018   14.3   0.0   1   2    0.0002    0.0038   13.3   0.0   190   242     1    58     1    63 0.64 -
TRINITY_DN47062_c0_g1_i1:18-248   -             77 3217at3041           -            306    0.0018   14.3   0.0   2   2       1.1        21    1.0   0.0   126   142    42    58    26    77 0.49 -
TRINITY_DN10986_c0_g1_i2:365-892  -            176 3217at3041           -            306    0.0033   13.5   5.1   1   2     0.011       0.2    7.6   0.2   106   168     3    71     1    77 0.65 -
TRINITY_DN10986_c0_g1_i2:365-892  -            176 3217at3041           -            306    0.0033   13.5   5.1   2   2     0.011      0.21    7.6   0.8   175   204   144   176   129   176 0.57 -
#
# Program:         hmmsearch
# Version:         3.2.1 (June 2018)
# Pipeline mode:   SEARCH
# Query file:      /sw/bioinfo/BUSCO/v5_lineage_sets/lineages/chlorophyta_odb10/hmms/3217at3041.hmm
# Target file:     /crex/proj/snic2022-23-81/expression_algae/code/busco/trinity_VA-3180-Osg10Pal/run_chlorophyta_odb10/metaeuk_output/rerun_results/trinity_VA-3180-Osg10Pal.Trinity.fasta.modified.fas
# Option settings: hmmsearch --domtblout /crex/proj/snic2022-23-81/expression_algae/code/busco/trinity_VA-3180-Osg10Pal/run_chlorophyta_odb10/hmmer_output/rerun_results/3217at3041.out --cpu 1 /sw/bioinfo/BUSCO/v5_lineage_sets/lineages/chlorophyta_odb10/hmms/3217at3041.hmm /crex/proj/snic2022-23-81/expression_algae/code/busco/trinity_VA-3180-Osg10Pal/run_chlorophyta_odb10/metaeuk_output/rerun_results/trinity_VA-3180-Osg10Pal.Trinity.fasta.modified.fas 
# Current dir:     /crex/proj/snic2022-23-81/expression_algae/code/busco
# Date:            Fri Sep 23 10:14:18 2022
# [ok]
