#                                                                                        --- full sequence --- -------------- this domain -------------   hmm coord   ali coord   env coord
# target name                    accession   tlen query name           accession   qlen   E-value  score  bias   #  of  c-Evalue  i-Evalue  score  bias  from    to  from    to  from    to  acc description of target
#            ------------------- ---------- ----- -------------------- ---------- ----- --------- ------ ----- --- --- --------- --------- ------ ----- ----- ----- ----- ----- ----- ----- ---- ---------------------
TRINITY_DN292_c0_g1_i15:42-674   -            211 4624at3041           -            517   8.9e-08   28.1   0.5   1   2   8.1e-06    0.0008   15.1   0.1   479   516    66   103    61   104 0.95 -
TRINITY_DN292_c0_g1_i15:42-674   -            211 4624at3041           -            517   8.9e-08   28.1   0.5   2   2   0.00013     0.012   11.2   0.1   480   512   171   203   166   207 0.90 -
TRINITY_DN292_c0_g1_i19:42-674   -            211 4624at3041           -            517   8.9e-08   28.1   0.5   1   2   8.1e-06    0.0008   15.1   0.1   479   516    66   103    61   104 0.95 -
TRINITY_DN292_c0_g1_i19:42-674   -            211 4624at3041           -            517   8.9e-08   28.1   0.5   2   2   0.00013     0.012   11.2   0.1   480   512   171   203   166   207 0.90 -
TRINITY_DN292_c0_g1_i1:42-674    -            211 4624at3041           -            517   8.9e-08   28.1   0.5   1   2   8.1e-06    0.0008   15.1   0.1   479   516    66   103    61   104 0.95 -
TRINITY_DN292_c0_g1_i1:42-674    -            211 4624at3041           -            517   8.9e-08   28.1   0.5   2   2   0.00013     0.012   11.2   0.1   480   512   171   203   166   207 0.90 -
TRINITY_DN292_c0_g1_i20:42-674   -            211 4624at3041           -            517   8.9e-08   28.1   0.5   1   2   8.1e-06    0.0008   15.1   0.1   479   516    66   103    61   104 0.95 -
TRINITY_DN292_c0_g1_i20:42-674   -            211 4624at3041           -            517   8.9e-08   28.1   0.5   2   2   0.00013     0.012   11.2   0.1   480   512   171   203   166   207 0.90 -
TRINITY_DN292_c0_g1_i9:42-674    -            211 4624at3041           -            517   8.9e-08   28.1   0.5   1   2   8.1e-06    0.0008   15.1   0.1   479   516    66   103    61   104 0.95 -
TRINITY_DN292_c0_g1_i9:42-674    -            211 4624at3041           -            517   8.9e-08   28.1   0.5   2   2   0.00013     0.012   11.2   0.1   480   512   171   203   166   207 0.90 -
TRINITY_DN2393_c0_g1_i2:83-304   -             74 4624at3041           -            517   1.4e-05   20.9   0.0   1   1   1.7e-07   1.7e-05   20.6   0.0   479   511    40    72    33    74 0.94 -
TRINITY_DN2393_c0_g1_i3:83-304   -             74 4624at3041           -            517   1.4e-05   20.9   0.0   1   1   1.7e-07   1.7e-05   20.6   0.0   479   511    40    72    33    74 0.94 -
TRINITY_DN49727_c0_g1_i1:13-471  -            153 4624at3041           -            517   2.2e-05   20.2   0.3   1   2   4.6e-05    0.0045   12.6   0.4   231   256    33    58     7    59 0.79 -
TRINITY_DN49727_c0_g1_i1:13-471  -            153 4624at3041           -            517   2.2e-05   20.2   0.3   2   2   0.00085     0.083    8.4   0.0   220   263    56    98    56   110 0.90 -
TRINITY_DN6762_c0_g1_i3:518-730  -             71 4624at3041           -            517   5.1e-05   19.0   0.0   1   1   5.2e-07   5.1e-05   19.0   0.0   478   511    37    70    13    71 0.89 -
TRINITY_DN45341_c0_g1_i1:74-334  -             87 4624at3041           -            517   7.6e-05   18.5   0.0   1   1   8.8e-07   8.7e-05   18.3   0.0   474   511    50    87    40    87 0.91 -
TRINITY_DN36325_c0_g1_i1:5-247   -             81 4624at3041           -            517   0.00019   17.2   0.0   1   1   1.9e-06   0.00019   17.2   0.0   478   515    38    75     5    77 0.78 -
TRINITY_DN44796_c0_g1_i1:2-376   -            125 4624at3041           -            517   0.00087   15.0   1.7   1   2   8.2e-05    0.0081   11.8   0.2   193   237    35    82    13    90 0.84 -
TRINITY_DN44796_c0_g1_i1:2-376   -            125 4624at3041           -            517   0.00087   15.0   1.7   2   2     0.038       3.8    3.0   0.1   124   147    90   113    84   123 0.69 -
TRINITY_DN49362_c0_g1_i1:356-622 -             89 4624at3041           -            517    0.0011   14.6   0.0   1   1   1.1e-05    0.0011   14.6   0.0   477   516    38    77     8    78 0.87 -
TRINITY_DN533_c0_g2_i1:13-234    -             74 4624at3041           -            517    0.0012   14.5   0.0   1   1   1.2e-05    0.0012   14.5   0.0   481   514    38    72    18    74 0.91 -
TRINITY_DN533_c0_g2_i3:13-234    -             74 4624at3041           -            517    0.0012   14.5   0.0   1   1   1.2e-05    0.0012   14.5   0.0   481   514    38    72    18    74 0.91 -
TRINITY_DN533_c0_g2_i4:13-234    -             74 4624at3041           -            517    0.0012   14.5   0.0   1   1   1.2e-05    0.0012   14.5   0.0   481   514    38    72    18    74 0.91 -
TRINITY_DN35617_c0_g1_i1:184-384 -             67 4624at3041           -            517    0.0017   14.0   0.0   1   1     2e-05     0.002   13.8   0.0   480   511    35    67    27    67 0.89 -
TRINITY_DN57710_c0_g1_i1:407-628 -             74 4624at3041           -            517    0.0047   12.6   0.0   1   1   4.8e-05    0.0047   12.6   0.0   480   510    40    71     8    73 0.89 -
TRINITY_DN45035_c0_g1_i1:115-255 -             47 4624at3041           -            517     0.009   11.6   0.0   1   1    0.0001      0.01   11.5   0.0   479   509    12    43     7    46 0.84 -
TRINITY_DN56907_c0_g1_i1:5-250   -             82 4624at3041           -            517    0.0096   11.5   0.0   1   1   0.00012     0.012   11.2   0.0   479   516    39    77    34    78 0.91 -
TRINITY_DN247_c0_g1_i1:231-728   -            166 4624at3041           -            517      0.02   10.5   0.0   1   2      0.16        16    0.9   0.0   480   514    44    82    40    86 0.78 -
TRINITY_DN247_c0_g1_i1:231-728   -            166 4624at3041           -            517      0.02   10.5   0.0   2   2    0.0015      0.15    7.6   0.0   479   509   133   164   100   166 0.89 -
TRINITY_DN247_c0_g1_i6:231-728   -            166 4624at3041           -            517      0.02   10.5   0.0   1   2      0.16        16    0.9   0.0   480   514    44    82    40    86 0.78 -
TRINITY_DN247_c0_g1_i6:231-728   -            166 4624at3041           -            517      0.02   10.5   0.0   2   2    0.0015      0.15    7.6   0.0   479   509   133   164   100   166 0.89 -
#
# Program:         hmmsearch
# Version:         3.2.1 (June 2018)
# Pipeline mode:   SEARCH
# Query file:      /sw/bioinfo/BUSCO/v5_lineage_sets/lineages/chlorophyta_odb10/hmms/4624at3041.hmm
# Target file:     /crex/proj/snic2022-23-81/expression_algae/code/busco/trinity_VA-3180-Osg10Pal/run_chlorophyta_odb10/metaeuk_output/rerun_results/trinity_VA-3180-Osg10Pal.Trinity.fasta.modified.fas
# Option settings: hmmsearch --domtblout /crex/proj/snic2022-23-81/expression_algae/code/busco/trinity_VA-3180-Osg10Pal/run_chlorophyta_odb10/hmmer_output/rerun_results/4624at3041.out --cpu 1 /sw/bioinfo/BUSCO/v5_lineage_sets/lineages/chlorophyta_odb10/hmms/4624at3041.hmm /crex/proj/snic2022-23-81/expression_algae/code/busco/trinity_VA-3180-Osg10Pal/run_chlorophyta_odb10/metaeuk_output/rerun_results/trinity_VA-3180-Osg10Pal.Trinity.fasta.modified.fas 
# Current dir:     /crex/proj/snic2022-23-81/expression_algae/code/busco
# Date:            Fri Sep 23 10:14:16 2022
# [ok]
