#                                                                                         --- full sequence --- -------------- this domain -------------   hmm coord   ali coord   env coord
# target name                     accession   tlen query name           accession   qlen   E-value  score  bias   #  of  c-Evalue  i-Evalue  score  bias  from    to  from    to  from    to  acc description of target
#             ------------------- ---------- ----- -------------------- ---------- ----- --------- ------ ----- --- --- --------- --------- ------ ----- ----- ----- ----- ----- ----- ----- ---- ---------------------
TRINITY_DN8922_c0_g3_i1:4-555     -            184 4667at3041           -            191   4.3e-06   23.4   0.0   1   1   3.5e-08   5.4e-06   23.1   0.0    93   141    92   141    52   149 0.89 -
TRINITY_DN8922_c0_g3_i2:4-555     -            184 4667at3041           -            191   4.3e-06   23.4   0.0   1   1   3.5e-08   5.4e-06   23.1   0.0    93   141    92   141    52   149 0.89 -
TRINITY_DN8922_c0_g2_i1:963-1499  -            179 4667at3041           -            191   4.4e-06   23.4   0.0   1   1   4.2e-08   6.5e-06   22.9   0.0    93   141    61   110    48   118 0.87 -
TRINITY_DN8922_c0_g2_i2:963-1499  -            179 4667at3041           -            191   4.4e-06   23.4   0.0   1   1   4.2e-08   6.5e-06   22.9   0.0    93   141    61   110    48   118 0.87 -
TRINITY_DN4503_c0_g2_i2:79-702    -            208 4667at3041           -            191   1.3e-05   21.9   0.0   1   1   1.3e-07     2e-05   21.2   0.0    96   137   101   143    82   148 0.88 -
TRINITY_DN4503_c0_g2_i1:192-815   -            208 4667at3041           -            191   1.3e-05   21.9   0.0   1   1   1.3e-07     2e-05   21.2   0.0    96   137   101   143    82   148 0.88 -
TRINITY_DN9191_c0_g1_i1:34-663    -            210 4667at3041           -            191   3.9e-05   20.3   0.0   1   1   3.6e-07   5.5e-05   19.8   0.0    94   141    93   141    60   148 0.89 -
TRINITY_DN1760_c0_g1_i1:858-1190  -            111 4667at3041           -            191     8e-05   19.3   0.0   1   1   5.9e-07   9.2e-05   19.1   0.0    64   137    36   110     3   111 0.63 -
TRINITY_DN1760_c0_g1_i2:858-1190  -            111 4667at3041           -            191     8e-05   19.3   0.0   1   1   5.9e-07   9.2e-05   19.1   0.0    64   137    36   110     3   111 0.63 -
TRINITY_DN1442_c0_g1_i1:302-871   -            190 4667at3041           -            191   0.00013   18.6   0.0   1   2       1.8   2.9e+02   -2.1   0.0   173   187    29    43    20    47 0.63 -
TRINITY_DN1442_c0_g1_i1:302-871   -            190 4667at3041           -            191   0.00013   18.6   0.0   2   2     2e-06   0.00031   17.4   0.0    91   131   144   184   106   188 0.90 -
TRINITY_DN1442_c0_g1_i3:302-871   -            190 4667at3041           -            191   0.00013   18.6   0.0   1   2       1.8   2.9e+02   -2.1   0.0   173   187    29    43    20    47 0.63 -
TRINITY_DN1442_c0_g1_i3:302-871   -            190 4667at3041           -            191   0.00013   18.6   0.0   2   2     2e-06   0.00031   17.4   0.0    91   131   144   184   106   188 0.90 -
TRINITY_DN1442_c0_g1_i4:302-871   -            190 4667at3041           -            191   0.00013   18.6   0.0   1   2       1.8   2.9e+02   -2.1   0.0   173   187    29    43    20    47 0.63 -
TRINITY_DN1442_c0_g1_i4:302-871   -            190 4667at3041           -            191   0.00013   18.6   0.0   2   2     2e-06   0.00031   17.4   0.0    91   131   144   184   106   188 0.90 -
TRINITY_DN61389_c0_g1_i1:173-667  -            165 4667at3041           -            191    0.0012   15.4   0.0   1   1   1.5e-05    0.0024   14.5   0.0    94   132    73   111    58   121 0.87 -
TRINITY_DN5577_c0_g2_i2:1514-1891 -            126 4667at3041           -            191     0.007   13.0   0.0   1   1   5.3e-05    0.0082   12.7   0.0    80   135    69   123    55   126 0.81 -
#
# Program:         hmmsearch
# Version:         3.2.1 (June 2018)
# Pipeline mode:   SEARCH
# Query file:      /sw/bioinfo/BUSCO/v5_lineage_sets/lineages/chlorophyta_odb10/hmms/4667at3041.hmm
# Target file:     /crex/proj/snic2022-23-81/expression_algae/code/busco/trinity_VA-3180-Osg10Pal/run_chlorophyta_odb10/metaeuk_output/rerun_results/trinity_VA-3180-Osg10Pal.Trinity.fasta.modified.fas
# Option settings: hmmsearch --domtblout /crex/proj/snic2022-23-81/expression_algae/code/busco/trinity_VA-3180-Osg10Pal/run_chlorophyta_odb10/hmmer_output/rerun_results/4667at3041.out --cpu 1 /sw/bioinfo/BUSCO/v5_lineage_sets/lineages/chlorophyta_odb10/hmms/4667at3041.hmm /crex/proj/snic2022-23-81/expression_algae/code/busco/trinity_VA-3180-Osg10Pal/run_chlorophyta_odb10/metaeuk_output/rerun_results/trinity_VA-3180-Osg10Pal.Trinity.fasta.modified.fas 
# Current dir:     /crex/proj/snic2022-23-81/expression_algae/code/busco
# Date:            Fri Sep 23 10:14:17 2022
# [ok]
