#                                                                                         --- full sequence --- -------------- this domain -------------   hmm coord   ali coord   env coord
# target name                     accession   tlen query name           accession   qlen   E-value  score  bias   #  of  c-Evalue  i-Evalue  score  bias  from    to  from    to  from    to  acc description of target
#             ------------------- ---------- ----- -------------------- ---------- ----- --------- ------ ----- --- --- --------- --------- ------ ----- ----- ----- ----- ----- ----- ----- ---- ---------------------
TRINITY_DN3841_c0_g1_i5:179-1142  -            288 4778at3041           -            265   1.4e-30  103.2   4.0   1   3   4.1e-07   7.8e-06   22.1   0.2    26    84     6    69     2    72 0.52 -
TRINITY_DN3841_c0_g1_i5:179-1142  -            288 4778at3041           -            265   1.4e-30  103.2   4.0   2   3   2.9e-19   5.5e-18   62.0   0.4     8   126    35   156    32   158 0.89 -
TRINITY_DN3841_c0_g1_i5:179-1142  -            288 4778at3041           -            265   1.4e-30  103.2   4.0   3   3   6.9e-11   1.3e-09   34.5   0.1     4   125   159   288   156   288 0.79 -
TRINITY_DN3841_c0_g1_i6:200-1039  -            280 4778at3041           -            265   4.6e-28   95.0   3.4   1   3   2.3e-06   4.3e-05   19.7   0.2    29    84     2    62     1    67 0.60 -
TRINITY_DN3841_c0_g1_i6:200-1039  -            280 4778at3041           -            265   4.6e-28   95.0   3.4   2   3   2.1e-19     4e-18   62.4   0.7     8   126    28   151    25   154 0.88 -
TRINITY_DN3841_c0_g1_i6:200-1039  -            280 4778at3041           -            265   4.6e-28   95.0   3.4   3   3   6.9e-09   1.3e-07   28.0   0.0     4    92   154   240   151   280 0.73 -
TRINITY_DN3841_c0_g1_i2:200-898   -            233 4778at3041           -            265   1.3e-27   93.5   2.4   1   3   1.7e-06   3.2e-05   20.1   0.2    29    84     2    62     1    66 0.59 -
TRINITY_DN3841_c0_g1_i2:200-898   -            233 4778at3041           -            265   1.3e-27   93.5   2.4   2   3   1.4e-19   2.7e-18   63.0   0.7     8   126    28   151    26   154 0.88 -
TRINITY_DN3841_c0_g1_i2:200-898   -            233 4778at3041           -            265   1.3e-27   93.5   2.4   3   3   5.9e-08   1.1e-06   24.9   0.0     4    84   154   232   151   233 0.91 -
TRINITY_DN6340_c0_g1_i2:350-1192  -            281 4778at3041           -            265   2.8e-25   85.9   1.9   1   2   1.4e-17   2.6e-16   56.4   0.0    22   131    38   153    19   162 0.84 -
TRINITY_DN6340_c0_g1_i2:350-1192  -            281 4778at3041           -            265   2.8e-25   85.9   1.9   2   2   3.5e-09   6.5e-08   28.9   0.4    24   124   172   281   155   281 0.82 -
TRINITY_DN4159_c0_g1_i4:535-2265  -            577 4778at3041           -            265     9e-25   84.2   7.1   1   3    0.0026     0.049    9.7   0.4    59   157    37   102     1   116 0.47 -
TRINITY_DN4159_c0_g1_i4:535-2265  -            577 4778at3041           -            265     9e-25   84.2   7.1   2   3     2e-17   3.7e-16   56.0   0.7     9   231   208   451   201   452 0.79 -
TRINITY_DN4159_c0_g1_i4:535-2265  -            577 4778at3041           -            265     9e-25   84.2   7.1   3   3   1.7e-06   3.3e-05   20.1   0.0     9   163   376   541   372   551 0.73 -
TRINITY_DN6347_c0_g2_i1:150-539   -            130 4778at3041           -            265   2.5e-24   82.8   0.9   1   2   1.6e-12     3e-11   39.9   0.2    53   125     2    76     1    78 0.85 -
TRINITY_DN6347_c0_g2_i1:150-539   -            130 4778at3041           -            265   2.5e-24   82.8   0.9   2   2   6.3e-15   1.2e-13   47.7   0.0     7    88    41   123    36   129 0.86 -
TRINITY_DN5975_c0_g1_i1:0-863     -            288 4778at3041           -            265   2.3e-23   79.6   0.1   1   2   2.2e-13   4.2e-12   42.7   0.2    27   126    12   116     5   127 0.86 -
TRINITY_DN5975_c0_g1_i1:0-863     -            288 4778at3041           -            265   2.3e-23   79.6   0.1   2   2     2e-10   3.7e-09   33.0   0.0    12    86   130   203   116   283 0.80 -
TRINITY_DN2953_c0_g1_i1:85-831    -            249 4778at3041           -            265   4.9e-22   75.2   0.0   1   3     6e-12   1.1e-10   38.0   0.1    55   125     1    74     1    83 0.87 -
TRINITY_DN2953_c0_g1_i1:85-831    -            249 4778at3041           -            265   4.9e-22   75.2   0.0   2   3   8.5e-07   1.6e-05   21.1   0.0    15    85    88   163    75   179 0.82 -
TRINITY_DN2953_c0_g1_i1:85-831    -            249 4778at3041           -            265   4.9e-22   75.2   0.0   3   3   0.00019    0.0036   13.4   0.0     8    79   178   249   172   249 0.82 -
TRINITY_DN10545_c0_g1_i1:4-822    -            273 4778at3041           -            265   7.6e-22   74.6   3.7   1   3   1.4e-12   2.7e-11   40.0   0.4    25   133     6   115     2   115 0.87 -
TRINITY_DN10545_c0_g1_i1:4-822    -            273 4778at3041           -            265   7.6e-22   74.6   3.7   2   3   1.9e-13   3.6e-12   42.9   0.2     3   135    68   202    66   212 0.82 -
TRINITY_DN10545_c0_g1_i1:4-822    -            273 4778at3041           -            265   7.6e-22   74.6   3.7   3   3       0.4       7.5    2.5   0.0   210   243   211   244   196   262 0.75 -
TRINITY_DN1654_c0_g1_i4:0-389     -            130 4778at3041           -            265   1.1e-21   74.1   0.1   1   1   7.1e-23   1.3e-21   73.8   0.1    10   126     2   119     1   124 0.90 -
TRINITY_DN5915_c0_g1_i2:61-1128   -            356 4778at3041           -            265   2.2e-20   69.8   1.5   1   4   0.00016    0.0031   13.6   0.0    85   170    46   135    32   148 0.68 -
TRINITY_DN5915_c0_g1_i2:61-1128   -            356 4778at3041           -            265   2.2e-20   69.8   1.5   2   4       0.1         2    4.4   0.1     8    41   133   166   127   175 0.76 -
TRINITY_DN5915_c0_g1_i2:61-1128   -            356 4778at3041           -            265   2.2e-20   69.8   1.5   3   4   5.9e-12   1.1e-10   38.0   0.3    12   124   197   310   187   313 0.83 -
TRINITY_DN5915_c0_g1_i2:61-1128   -            356 4778at3041           -            265   2.2e-20   69.8   1.5   4   4   4.7e-05   0.00088   15.4   0.1    27    85   296   354   293   356 0.86 -
TRINITY_DN1654_c0_g1_i1:166-555   -            130 4778at3041           -            265   9.3e-20   67.8   0.1   1   1     6e-21   1.1e-19   67.5   0.1    10   126     2   119     1   124 0.89 -
TRINITY_DN13382_c0_g1_i1:133-924  -            264 4778at3041           -            265   1.5e-19   67.0   0.1   1   2   5.2e-08   9.9e-07   25.1   0.1    21   121     3   104     1   108 0.84 -
TRINITY_DN13382_c0_g1_i1:133-924  -            264 4778at3041           -            265   1.5e-19   67.0   0.1   2   2   1.4e-12   2.6e-11   40.1   0.0    12   127   140   260   128   263 0.80 -
TRINITY_DN12826_c0_g1_i1:299-703  -            135 4778at3041           -            265   1.7e-19   66.9   0.2   1   1   1.2e-20   2.3e-19   66.5   0.2    11   129     2   130     1   133 0.86 -
TRINITY_DN45883_c0_g1_i1:186-596  -            137 4778at3041           -            265   6.1e-18   61.8   0.4   1   1   9.5e-19   1.8e-17   60.3   0.2    10   126     2   119     1   127 0.88 -
TRINITY_DN8322_c1_g1_i2:5-349     -            115 4778at3041           -            265     1e-17   61.1   0.1   1   1   7.1e-19   1.3e-17   60.7   0.1    12   124     2   115     1   115 0.90 -
TRINITY_DN57421_c0_g1_i2:61-408   -            116 4778at3041           -            265   2.8e-17   59.6   1.8   1   2   9.7e-14   1.8e-12   43.8   0.6    28   125     2   100     1   101 0.87 -
TRINITY_DN57421_c0_g1_i2:61-408   -            116 4778at3041           -            265   2.8e-17   59.6   1.8   2   2     9e-07   1.7e-05   21.0   0.0    50    96    65   114    59   116 0.84 -
TRINITY_DN70224_c0_g1_i1:13-297   -             95 4778at3041           -            265   3.4e-17   59.4   0.4   1   2   1.2e-14   2.2e-13   46.9   0.2    53   126     2    77     1    79 0.88 -
TRINITY_DN70224_c0_g1_i1:13-297   -             95 4778at3041           -            265   3.4e-17   59.4   0.4   2   2   2.2e-05   0.00041   16.5   0.0    67   101    59    95    57    95 0.85 -
TRINITY_DN4116_c0_g1_i1:32-829    -            266 4778at3041           -            265   6.8e-17   58.4   0.2   1   2   7.4e-10   1.4e-08   31.1   0.0     9   126    19   138    12   171 0.80 -
TRINITY_DN4116_c0_g1_i1:32-829    -            266 4778at3041           -            265   6.8e-17   58.4   0.2   2   2     4e-08   7.5e-07   25.5   0.0     4    82   185   265   182   266 0.87 -
TRINITY_DN19750_c0_g1_i1:35-457   -            141 4778at3041           -            265   6.9e-17   58.4   0.4   1   1   6.2e-18   1.2e-16   57.6   0.4    15   129     7   128     1   137 0.82 -
TRINITY_DN8322_c0_g1_i1:7-303     -             99 4778at3041           -            265   7.1e-17   58.3   0.3   1   1   7.6e-18   1.4e-16   57.3   0.3    28   125     1    99     1    99 0.89 -
TRINITY_DN4874_c0_g2_i1:7-714     -            236 4778at3041           -            265   7.4e-17   58.2   2.3   1   3   3.2e-10     6e-09   32.3   0.1    92   161     4    81     1    81 0.79 -
TRINITY_DN4874_c0_g2_i1:7-714     -            236 4778at3041           -            265   7.4e-17   58.2   2.3   2   3   2.4e-05   0.00046   16.3   0.1    46   126    93   173    84   188 0.83 -
TRINITY_DN4874_c0_g2_i1:7-714     -            236 4778at3041           -            265   7.4e-17   58.2   2.3   3   3       0.2       3.7    3.5   0.1    28   101   158   231   157   233 0.78 -
TRINITY_DN28781_c0_g1_i1:473-925  -            151 4778at3041           -            265     1e-16   57.8   1.3   1   1   6.3e-18   1.2e-16   57.6   1.3     6   127     5   132     1   151 0.84 -
TRINITY_DN8322_c0_g1_i2:7-303     -             99 4778at3041           -            265   1.7e-16   57.1   0.1   1   1   1.2e-17   2.3e-16   56.6   0.1    28   125     1    99     1    99 0.89 -
TRINITY_DN26872_c0_g1_i1:123-617  -            165 4778at3041           -            265   2.2e-16   56.7   0.1   1   1   1.6e-17     3e-16   56.2   0.1    21   126     1   108     1   110 0.91 -
TRINITY_DN10537_c0_g1_i1:15-722   -            236 4778at3041           -            265   2.6e-16   56.5   0.3   1   2   3.7e-05    0.0007   15.7   0.1    94   128     2    35     1    39 0.80 -
TRINITY_DN10537_c0_g1_i1:15-722   -            236 4778at3041           -            265   2.6e-16   56.5   0.3   2   2   4.6e-12   8.7e-11   38.4   0.0     5   130    37   163    33   195 0.81 -
TRINITY_DN3652_c0_g1_i2:270-1979  -            570 4778at3041           -            265   5.6e-16   55.4   3.8   1   4   0.00064     0.012   11.6   0.1    11   117     2   118     1   175 0.79 -
TRINITY_DN3652_c0_g1_i2:270-1979  -            570 4778at3041           -            265   5.6e-16   55.4   3.8   2   4     2e-06   3.8e-05   19.8   0.1    55   164   287   407   274   408 0.74 -
TRINITY_DN3652_c0_g1_i2:270-1979  -            570 4778at3041           -            265   5.6e-16   55.4   3.8   3   4   2.2e-08   4.2e-07   26.3   0.2    10   127   370   489   360   509 0.85 -
TRINITY_DN3652_c0_g1_i2:270-1979  -            570 4778at3041           -            265   5.6e-16   55.4   3.8   4   4     0.011       0.2    7.7   0.0    67   123   513   570   491   570 0.75 -
TRINITY_DN55666_c0_g1_i1:61-405   -            115 4778at3041           -            265   1.3e-15   54.2   0.6   1   1   8.7e-17   1.6e-15   53.8   0.6    12   124     1   114     1   115 0.91 -
TRINITY_DN49433_c0_g1_i1:340-735  -            132 4778at3041           -            265   2.9e-15   53.0   0.9   1   2   8.4e-09   1.6e-07   27.7   0.1    55   126     2    75     1    77 0.80 -
TRINITY_DN49433_c0_g1_i1:340-735  -            132 4778at3041           -            265   2.9e-15   53.0   0.9   2   2     5e-08   9.5e-07   25.1   0.1     2    57    76   130    75   132 0.85 -
TRINITY_DN57421_c0_g1_i1:145-480  -            112 4778at3041           -            265   3.2e-15   52.9   2.7   1   2   2.4e-06   4.5e-05   19.6   0.2    75   126     3    55     1    57 0.83 -
TRINITY_DN57421_c0_g1_i1:145-480  -            112 4778at3041           -            265   3.2e-15   52.9   2.7   2   2     2e-12   3.8e-11   39.5   0.2     5    88    17   101    16   109 0.86 -
TRINITY_DN4159_c0_g1_i3:86-892    -            269 4778at3041           -            265   9.3e-15   51.4   2.3   1   3     0.072       1.4    4.9   0.0   213   233    27    47    18    64 0.81 -
TRINITY_DN4159_c0_g1_i3:86-892    -            269 4778at3041           -            265   9.3e-15   51.4   2.3   2   3       3.8        72   -0.7   0.0   216   232    77    93    50   103 0.74 -
TRINITY_DN4159_c0_g1_i3:86-892    -            269 4778at3041           -            265   9.3e-15   51.4   2.3   3   3   4.2e-14   7.9e-13   45.0   0.3     9   126   149   267   141   269 0.87 -
TRINITY_DN3841_c0_g1_i3:143-547   -            135 4778at3041           -            265   1.2e-14   51.0   0.7   1   1   1.4e-12   2.7e-11   40.0   0.2     8    88    47   127    44   133 0.76 -
TRINITY_DN6347_c1_g1_i1:1-327     -            109 4778at3041           -            265   1.8e-14   50.4   0.1   1   1   1.7e-15   3.1e-14   49.6   0.1    34   125     1    93     1   101 0.84 -
TRINITY_DN3303_c0_g1_i5:0-281     -             94 4778at3041           -            265   2.2e-14   50.2   0.0   1   1   1.2e-15   2.3e-14   50.1   0.0    20   108     2    92     1    94 0.89 -
TRINITY_DN3303_c0_g1_i4:124-501   -            126 4778at3041           -            265   2.3e-14   50.1   0.0   1   1   1.4e-15   2.6e-14   49.9   0.0    21   127     2   109     1   119 0.88 -
TRINITY_DN3644_c0_g1_i3:1194-1607 -            138 4778at3041           -            265   5.3e-14   48.9   0.1   1   1   1.9e-14   3.6e-13   46.2   0.1    12   124     2   118     1   126 0.86 -
TRINITY_DN6347_c2_g1_i1:9-308     -            100 4778at3041           -            265   6.8e-14   48.5   0.3   1   1   5.8e-14   1.1e-12   44.6   0.3    28   125     1    98     1   100 0.87 -
TRINITY_DN3303_c0_g1_i2:78-398    -            107 4778at3041           -            265   7.4e-14   48.4   0.0   1   1   4.3e-15   8.1e-14   48.3   0.0    23   126     2   106     1   107 0.88 -
TRINITY_DN2679_c0_g1_i1:334-729   -            132 4778at3041           -            265   8.3e-14   48.2   0.2   1   2   1.4e-05   0.00027   17.1   0.0    54    91     1    39     1    42 0.77 -
TRINITY_DN2679_c0_g1_i1:334-729   -            132 4778at3041           -            265   8.3e-14   48.2   0.2   2   2   1.5e-09   2.9e-08   30.1   0.0    10    90    42   122    37   132 0.88 -
TRINITY_DN2679_c0_g1_i2:313-708   -            132 4778at3041           -            265   8.3e-14   48.2   0.2   1   2   1.4e-05   0.00027   17.1   0.0    54    91     1    39     1    42 0.77 -
TRINITY_DN2679_c0_g1_i2:313-708   -            132 4778at3041           -            265   8.3e-14   48.2   0.2   2   2   1.5e-09   2.9e-08   30.1   0.0    10    90    42   122    37   132 0.88 -
TRINITY_DN45883_c0_g1_i2:186-506  -            107 4778at3041           -            265   9.7e-14   48.0   0.1   1   1   5.9e-15   1.1e-13   47.8   0.1    10    95     2    89     1   102 0.88 -
TRINITY_DN3625_c0_g1_i1:821-1312  -            164 4778at3041           -            265   2.7e-13   46.6   0.9   1   2   4.2e-06   7.9e-05   18.8   0.0    94   125     4    34     1    43 0.90 -
TRINITY_DN3625_c0_g1_i1:821-1312  -            164 4778at3041           -            265   2.7e-13   46.6   0.9   2   2   1.7e-08   3.1e-07   26.7   0.2     9    87    72   152    65   162 0.79 -
TRINITY_DN3625_c0_g1_i3:521-1012  -            164 4778at3041           -            265   2.7e-13   46.6   0.9   1   2   4.2e-06   7.9e-05   18.8   0.0    94   125     4    34     1    43 0.90 -
TRINITY_DN3625_c0_g1_i3:521-1012  -            164 4778at3041           -            265   2.7e-13   46.6   0.9   2   2   1.7e-08   3.1e-07   26.7   0.2     9    87    72   152    65   162 0.79 -
TRINITY_DN3625_c0_g1_i6:521-1012  -            164 4778at3041           -            265   2.7e-13   46.6   0.9   1   2   4.2e-06   7.9e-05   18.8   0.0    94   125     4    34     1    43 0.90 -
TRINITY_DN3625_c0_g1_i6:521-1012  -            164 4778at3041           -            265   2.7e-13   46.6   0.9   2   2   1.7e-08   3.1e-07   26.7   0.2     9    87    72   152    65   162 0.79 -
TRINITY_DN2934_c0_g1_i3:1-1137    -            379 4778at3041           -            265     3e-13   46.4   0.9   1   4    0.0055       0.1    8.6   0.0    47    86   151   192    96   199 0.71 -
TRINITY_DN2934_c0_g1_i3:1-1137    -            379 4778at3041           -            265     3e-13   46.4   0.9   2   4   5.9e-07   1.1e-05   21.6   0.0    50   122   204   283   193   288 0.80 -
TRINITY_DN2934_c0_g1_i3:1-1137    -            379 4778at3041           -            265     3e-13   46.4   0.9   3   4     0.002     0.038   10.0   0.0    49    85   293   331   288   335 0.67 -
TRINITY_DN2934_c0_g1_i3:1-1137    -            379 4778at3041           -            265     3e-13   46.4   0.9   4   4       1.2        22    1.0   0.0    52    73   353   375   347   379 0.73 -
TRINITY_DN8322_c0_g4_i1:15-254    -             80 4778at3041           -            265   3.8e-13   46.1   0.0   1   1   2.2e-14   4.2e-13   45.9   0.0    10    84     2    76     1    79 0.90 -
TRINITY_DN22748_c0_g1_i1:348-662  -            105 4778at3041           -            265   6.1e-13   45.4   1.3   1   2   3.5e-06   6.6e-05   19.1   0.0    67   123     4    62     1    66 0.58 -
TRINITY_DN22748_c0_g1_i1:348-662  -            105 4778at3041           -            265   6.1e-13   45.4   1.3   2   2   6.7e-10   1.3e-08   31.3   0.2    11    82    33   104    32   105 0.92 -
TRINITY_DN30082_c0_g1_i1:1-345    -            115 4778at3041           -            265   6.4e-13   45.3   0.1   1   1     3e-13   5.6e-12   42.3   0.1    11   117     3   110     1   115 0.87 -
TRINITY_DN28781_c0_g1_i2:110-484  -            125 4778at3041           -            265   1.3e-12   44.3   1.4   1   1   8.7e-14   1.6e-12   44.0   1.4    28   127     1   106     1   125 0.83 -
TRINITY_DN2934_c0_g1_i4:1-1005    -            335 4778at3041           -            265   1.9e-12   43.8   0.5   1   3    0.0045     0.084    8.9   0.0    47    86   151   192    96   199 0.71 -
TRINITY_DN2934_c0_g1_i4:1-1005    -            335 4778at3041           -            265   1.9e-12   43.8   0.5   2   3   1.5e-09   2.8e-08   30.1   0.0    50   126   204   287   195   293 0.82 -
TRINITY_DN2934_c0_g1_i4:1-1005    -            335 4778at3041           -            265   1.9e-12   43.8   0.5   3   3         1        19    1.2   0.0    52    73   309   331   303   335 0.73 -
TRINITY_DN40544_c0_g1_i1:0-248    -             83 4778at3041           -            265   1.9e-12   43.8   0.6   1   1   1.7e-13   3.1e-12   43.1   0.6    50   124     6    82     2    83 0.48 -
TRINITY_DN8723_c0_g1_i2:59-712    -            218 4778at3041           -            265   2.4e-12   43.4   0.2   1   2     0.013      0.24    7.4   0.0    22    52    13    43     1    91 0.46 -
TRINITY_DN8723_c0_g1_i2:59-712    -            218 4778at3041           -            265   2.4e-12   43.4   0.2   2   2   8.7e-11   1.6e-09   34.2   0.0    10   124   102   217    94   218 0.87 -
TRINITY_DN4874_c0_g2_i2:307-528   -             74 4778at3041           -            265   3.8e-12   42.8   0.2   1   2   6.9e-09   1.3e-07   27.9   0.0    94   127     1    34     1    37 0.96 -
TRINITY_DN4874_c0_g2_i2:307-528   -             74 4778at3041           -            265   3.8e-12   42.8   0.2   2   2   0.00013    0.0025   13.9   0.0    49   124    38    73    34    74 0.50 -
TRINITY_DN6347_c1_g2_i1:42-290    -             83 4778at3041           -            265   7.9e-12   41.8   0.0   1   1   4.4e-13   8.2e-12   41.7   0.0    16    92     3    80     1    83 0.77 -
TRINITY_DN2934_c0_g1_i5:28-612    -            195 4778at3041           -            265     1e-11   41.4   0.8   1   3   5.1e-08   9.7e-07   25.1   0.1    47   123    26   109     1   116 0.72 -
TRINITY_DN2934_c0_g1_i5:28-612    -            195 4778at3041           -            265     1e-11   41.4   0.8   2   3   0.00059     0.011   11.8   0.0    49    84   118   155   111   162 0.63 -
TRINITY_DN2934_c0_g1_i5:28-612    -            195 4778at3041           -            265     1e-11   41.4   0.8   3   3       4.1        78   -0.8   0.0    52    66   178   192   172   194 0.82 -
TRINITY_DN17349_c0_g2_i1:29-388   -            120 4778at3041           -            265   1.2e-11   41.2   0.0   1   2    0.0019     0.036   10.1   0.0    72   104    12    46     2    58 0.82 -
TRINITY_DN17349_c0_g2_i1:29-388   -            120 4778at3041           -            265   1.2e-11   41.2   0.0   2   2   2.3e-09   4.4e-08   29.5   0.0    25    83    61   119    56   120 0.89 -
TRINITY_DN28227_c0_g1_i1:3-245    -             81 4778at3041           -            265   1.6e-11   40.7   0.1   1   1   9.6e-13   1.8e-11   40.6   0.1    52   124     2    76     1    80 0.71 -
TRINITY_DN7341_c0_g1_i1:2580-3251 -            224 4778at3041           -            265     4e-11   39.5   0.2   1   2   7.2e-09   1.4e-07   27.9   0.1     6   120    12   122     7   127 0.64 -
TRINITY_DN7341_c0_g1_i1:2580-3251 -            224 4778at3041           -            265     4e-11   39.5   0.2   2   2    0.0041     0.078    9.0   0.0    98   128   142   172   131   222 0.73 -
TRINITY_DN62252_c0_g1_i1:7-336    -            110 4778at3041           -            265   4.2e-11   39.4   0.1   1   1   7.8e-12   1.5e-10   37.6   0.1    12   107     1    98     1   110 0.83 -
TRINITY_DN4116_c0_g1_i3:32-523    -            164 4778at3041           -            265   4.9e-11   39.2   0.0   1   2    0.0018     0.033   10.2   0.0    94   126     5    36     1    69 0.80 -
TRINITY_DN4116_c0_g1_i3:32-523    -            164 4778at3041           -            265   4.9e-11   39.2   0.0   2   2   1.4e-08   2.6e-07   27.0   0.0     4    82    83   163    80   164 0.87 -
TRINITY_DN37385_c0_g1_i1:11-379   -            123 4778at3041           -            265   7.7e-11   38.5   1.8   1   2   4.9e-09   9.2e-08   28.4   0.3    21    93     5    79     2    82 0.88 -
TRINITY_DN37385_c0_g1_i1:11-379   -            123 4778at3041           -            265   7.7e-11   38.5   1.8   2   2   0.00037     0.007   12.4   0.1    49    92    75   120    71   123 0.82 -
TRINITY_DN1654_c0_g1_i7:2-223     -             74 4778at3041           -            265   9.1e-11   38.3   0.0   1   1   5.3e-12   9.9e-11   38.2   0.0    52   122     2    74     1    74 0.81 -
TRINITY_DN17349_c0_g1_i1:23-229   -             69 4778at3041           -            265     1e-10   38.1   0.0   1   1   7.5e-12   1.4e-10   37.7   0.0    67   125     7    69     1    69 0.83 -
TRINITY_DN6340_c0_g1_i1:957-1325  -            123 4778at3041           -            265   1.3e-10   37.8   0.0   1   1   1.1e-11     2e-10   37.2   0.0    29   125     4   104     1   110 0.85 -
TRINITY_DN663_c0_g1_i2:435-1166   -            244 4778at3041           -            265   2.6e-10   36.8   0.7   1   2   1.2e-08   2.2e-07   27.2   0.2    71   232    19   200     1   208 0.74 -
TRINITY_DN663_c0_g1_i2:435-1166   -            244 4778at3041           -            265   2.6e-10   36.8   0.7   2   2    0.0078      0.15    8.1   0.0    94   123   211   239   203   243 0.65 -
TRINITY_DN70821_c0_g1_i1:77-289   -             71 4778at3041           -            265     3e-10   36.6   0.5   1   1   1.8e-11   3.4e-10   36.4   0.5    12    82     1    71     1    71 0.85 -
TRINITY_DN3168_c0_g1_i2:137-1057  -            307 4778at3041           -            265   3.2e-10   36.5   0.1   1   2     8e-09   1.5e-07   27.7   0.0    18   125    69   186    55   192 0.74 -
TRINITY_DN3168_c0_g1_i2:137-1057  -            307 4778at3041           -            265   3.2e-10   36.5   0.1   2   2     0.027      0.51    6.3   0.0    11    48   220   258   213   265 0.61 -
TRINITY_DN5131_c0_g1_i2:40-282    -             81 4778at3041           -            265   4.4e-10   36.1   0.0   1   1   2.6e-11   4.8e-10   35.9   0.0    19   126     4    70     1    80 0.49 -
TRINITY_DN2679_c0_g1_i5:104-325   -             74 4778at3041           -            265   6.8e-10   35.4   0.2   1   1   6.4e-11   1.2e-09   34.6   0.2    12    83     2    73     1    74 0.89 -
TRINITY_DN58719_c0_g1_i1:218-607  -            130 4778at3041           -            265   1.7e-09   34.1   0.2   1   2    0.0021     0.039   10.0   0.0    19    74     8    63     2    81 0.55 -
TRINITY_DN58719_c0_g1_i1:218-607  -            130 4778at3041           -            265   1.7e-09   34.1   0.2   2   2   2.3e-07   4.4e-06   22.9   0.0    41    86    81   127    72   130 0.85 -
TRINITY_DN2679_c0_g2_i1:25-336    -            104 4778at3041           -            265   2.4e-09   33.6   0.1   1   1   1.4e-10   2.7e-09   33.5   0.1    53   126     4    79     1    89 0.57 -
TRINITY_DN10850_c0_g1_i2:49-675   -            209 4778at3041           -            265   2.6e-09   33.5   3.9   1   2   1.8e-07   3.5e-06   23.3   1.2     4    98     1    96     1   120 0.86 -
TRINITY_DN10850_c0_g1_i2:49-675   -            209 4778at3041           -            265   2.6e-09   33.5   3.9   2   2   0.00084     0.016   11.3   0.1     5    82   130   209   126   209 0.77 -
TRINITY_DN4159_c0_g1_i4:1420-2049 -            210 4778at3041           -            265   2.7e-09   33.5   1.6   1   2   5.7e-05    0.0011   15.1   0.3    65   126    11    73     3    78 0.83 -
TRINITY_DN4159_c0_g1_i4:1420-2049 -            210 4778at3041           -            265   2.7e-09   33.5   1.6   2   2   0.00017    0.0031   13.6   0.1     9   126    81   201    77   209 0.72 -
TRINITY_DN14255_c0_g1_i1:71-289   -             73 4778at3041           -            265   3.3e-09   33.2   0.3   1   1   2.6e-10     5e-09   32.6   0.3    11    84     1    73     1    73 0.93 -
TRINITY_DN63720_c0_g1_i1:70-327   -             86 4778at3041           -            265   4.9e-09   32.6   0.1   1   2   0.00049    0.0092   12.0   0.0    94   128     4    38     1    44 0.84 -
TRINITY_DN63720_c0_g1_i1:70-327   -             86 4778at3041           -            265   4.9e-09   32.6   0.1   2   2   3.7e-06   6.9e-05   19.0   0.0     8    42    51    85    47    86 0.94 -
TRINITY_DN8322_c0_g2_i2:34-249    -             72 4778at3041           -            265     5e-09   32.6   0.4   1   2   7.3e-06   0.00014   18.0   0.1    94   124     2    31     1    35 0.91 -
TRINITY_DN8322_c0_g2_i2:34-249    -             72 4778at3041           -            265     5e-09   32.6   0.4   2   2   0.00026     0.005   12.9   0.0     5    40    37    72    33    72 0.74 -
TRINITY_DN3303_c0_g1_i1:14-238    -             75 4778at3041           -            265   7.3e-09   32.0   0.1   1   1   1.1e-07   2.1e-06   24.0   0.0     7    61    21    74    16    75 0.90 -
TRINITY_DN1069_c0_g1_i3:2856-3491 -            212 4778at3041           -            265   7.7e-09   32.0   1.7   1   3      0.08       1.5    4.8   0.0    94   126     1    33     1    40 0.90 -
TRINITY_DN1069_c0_g1_i3:2856-3491 -            212 4778at3041           -            265   7.7e-09   32.0   1.7   2   3      0.65        12    1.8   0.2    59   118    59   124    53   135 0.53 -
TRINITY_DN1069_c0_g1_i3:2856-3491 -            212 4778at3041           -            265   7.7e-09   32.0   1.7   3   3   6.3e-08   1.2e-06   24.8   0.4    29   117   121   212   100   212 0.76 -
TRINITY_DN1069_c0_g1_i4:2856-3491 -            212 4778at3041           -            265   7.7e-09   32.0   1.7   1   3      0.08       1.5    4.8   0.0    94   126     1    33     1    40 0.90 -
TRINITY_DN1069_c0_g1_i4:2856-3491 -            212 4778at3041           -            265   7.7e-09   32.0   1.7   2   3      0.65        12    1.8   0.2    59   118    59   124    53   135 0.53 -
TRINITY_DN1069_c0_g1_i4:2856-3491 -            212 4778at3041           -            265   7.7e-09   32.0   1.7   3   3   6.3e-08   1.2e-06   24.8   0.4    29   117   121   212   100   212 0.76 -
TRINITY_DN1069_c0_g1_i5:2001-2636 -            212 4778at3041           -            265   7.7e-09   32.0   1.7   1   3      0.08       1.5    4.8   0.0    94   126     1    33     1    40 0.90 -
TRINITY_DN1069_c0_g1_i5:2001-2636 -            212 4778at3041           -            265   7.7e-09   32.0   1.7   2   3      0.65        12    1.8   0.2    59   118    59   124    53   135 0.53 -
TRINITY_DN1069_c0_g1_i5:2001-2636 -            212 4778at3041           -            265   7.7e-09   32.0   1.7   3   3   6.3e-08   1.2e-06   24.8   0.4    29   117   121   212   100   212 0.76 -
TRINITY_DN3299_c0_g1_i3:240-911   -            224 4778at3041           -            265     1e-08   31.6   2.0   1   2     1e-06     2e-05   20.8   0.2    26   122     2   111     1   118 0.70 -
TRINITY_DN3299_c0_g1_i3:240-911   -            224 4778at3041           -            265     1e-08   31.6   2.0   2   2    0.0063      0.12    8.4   0.1    27    82   160   221   155   224 0.71 -
TRINITY_DN4838_c0_g1_i3:25-1032   -            336 4778at3041           -            265   1.5e-08   31.0   0.3   1   3    0.0045     0.085    8.9   0.0    12    42     1    31     1    42 0.90 -
TRINITY_DN4838_c0_g1_i3:25-1032   -            336 4778at3041           -            265   1.5e-08   31.0   0.3   2   3      0.67        13    1.8   0.0    19    44   156   181   142   194 0.75 -
TRINITY_DN4838_c0_g1_i3:25-1032   -            336 4778at3041           -            265   1.5e-08   31.0   0.3   3   3   0.00023    0.0043   13.1   0.0    92   126   197   230   155   306 0.78 -
TRINITY_DN66088_c0_g1_i1:222-506  -             95 4778at3041           -            265   1.5e-08   31.0   0.1   1   1   9.5e-10   1.8e-08   30.8   0.1    75   155     4    93     1    95 0.75 -
TRINITY_DN4838_c0_g1_i5:25-1017   -            331 4778at3041           -            265   1.7e-08   30.9   0.4   1   3    0.0044     0.083    8.9   0.0    12    42     1    31     1    42 0.90 -
TRINITY_DN4838_c0_g1_i5:25-1017   -            331 4778at3041           -            265   1.7e-08   30.9   0.4   2   3      0.73        14    1.6   0.0    19    44   151   176   140   186 0.73 -
TRINITY_DN4838_c0_g1_i5:25-1017   -            331 4778at3041           -            265   1.7e-08   30.9   0.4   3   3   0.00022    0.0042   13.2   0.0    92   126   192   225   150   301 0.78 -
TRINITY_DN42538_c0_g1_i1:0-344    -            115 4778at3041           -            265   2.9e-08   30.1   0.1   1   1     2e-09   3.7e-08   29.7   0.1    29   125     1    99     1   115 0.85 -
TRINITY_DN66542_c0_g1_i1:654-878  -             75 4778at3041           -            265   7.5e-08   28.7   0.1   1   1   4.2e-09     8e-08   28.6   0.1     9    83     3    73     1    75 0.82 -
TRINITY_DN39888_c0_g1_i1:19-231   -             71 4778at3041           -            265   1.1e-07   28.2   0.0   1   1     7e-09   1.3e-07   27.9   0.0    28    92     1    68     1    71 0.74 -
TRINITY_DN60833_c0_g1_i1:4-231    -             76 4778at3041           -            265   1.4e-07   27.9   0.5   1   1   8.4e-09   1.6e-07   27.7   0.5    25    92     6    72     1    76 0.63 -
TRINITY_DN44966_c0_g1_i1:1-225    -             75 4778at3041           -            265   1.4e-07   27.8   0.1   1   1   1.1e-08     2e-07   27.3   0.1    12    84     1    72     1    75 0.76 -
TRINITY_DN2679_c0_g1_i3:271-510   -             80 4778at3041           -            265   2.1e-07   27.2   0.0   1   1   1.2e-08   2.3e-07   27.1   0.0    49   103    10    67     3    80 0.68 -
TRINITY_DN3117_c0_g1_i1:437-940   -            168 4778at3041           -            265   3.4e-07   26.6   0.2   1   2   1.1e-06   2.2e-05   20.7   0.0    19   101     4    87     1   121 0.68 -
TRINITY_DN3117_c0_g1_i1:437-940   -            168 4778at3041           -            265   3.4e-07   26.6   0.2   2   2     0.055         1    5.3   0.1    46    85   124   164    78   168 0.74 -
TRINITY_DN3117_c0_g1_i2:746-1249  -            168 4778at3041           -            265   3.4e-07   26.6   0.2   1   2   1.1e-06   2.2e-05   20.7   0.0    19   101     4    87     1   121 0.68 -
TRINITY_DN3117_c0_g1_i2:746-1249  -            168 4778at3041           -            265   3.4e-07   26.6   0.2   2   2     0.055         1    5.3   0.1    46    85   124   164    78   168 0.74 -
TRINITY_DN55503_c0_g1_i1:1-201    -             67 4778at3041           -            265   3.8e-07   26.4   0.1   1   1     2e-08   3.8e-07   26.4   0.1    12   108     3    59     1    67 0.49 -
TRINITY_DN10089_c0_g1_i1:45-272   -             76 4778at3041           -            265   5.1e-07   26.0   0.1   1   1   3.6e-08   6.7e-07   25.6   0.1    54   115     1    72     1    75 0.82 -
TRINITY_DN71286_c0_g1_i1:1-288    -             96 4778at3041           -            265   2.4e-06   23.8   0.0   1   2   6.2e-06   0.00012   18.2   0.0    71   126     2    57     1    63 0.90 -
TRINITY_DN71286_c0_g1_i1:1-288    -             96 4778at3041           -            265   2.4e-06   23.8   0.0   2   2     0.092       1.7    4.6   0.0    49    81    62    95    55    96 0.70 -
TRINITY_DN10986_c0_g1_i2:365-892  -            176 4778at3041           -            265   3.1e-06   23.4   0.8   1   2     0.007      0.13    8.2   0.1    27    87     2    72     1    88 0.66 -
TRINITY_DN10986_c0_g1_i2:365-892  -            176 4778at3041           -            265   3.1e-06   23.4   0.8   2   2   0.00012    0.0022   14.1   0.1    28    83   119   175   105   176 0.76 -
TRINITY_DN20710_c0_g1_i4:98-283   -             62 4778at3041           -            265   3.1e-06   23.4   0.0   1   1   1.8e-07   3.4e-06   23.3   0.0    68   117     8    58     1    61 0.75 -
TRINITY_DN19672_c0_g1_i1:926-1660 -            245 4778at3041           -            265   3.2e-06   23.4   0.0   1   2   6.7e-06   0.00013   18.1   0.0    51   116     6    74     2    81 0.81 -
TRINITY_DN19672_c0_g1_i1:926-1660 -            245 4778at3041           -            265   3.2e-06   23.4   0.0   2   2      0.22       4.2    3.3   0.0    21   118   141   241   132   245 0.67 -
TRINITY_DN19672_c0_g1_i2:951-1685 -            245 4778at3041           -            265   3.2e-06   23.4   0.0   1   2   6.7e-06   0.00013   18.1   0.0    51   116     6    74     2    81 0.81 -
TRINITY_DN19672_c0_g1_i2:951-1685 -            245 4778at3041           -            265   3.2e-06   23.4   0.0   2   2      0.22       4.2    3.3   0.0    21   118   141   241   132   245 0.67 -
TRINITY_DN64962_c0_g1_i1:52-276   -             75 4778at3041           -            265   4.9e-06   22.8   0.0   1   1     3e-07   5.7e-06   22.6   0.0    20    82    11    74     2    75 0.76 -
TRINITY_DN1675_c0_g1_i2:1-660     -            220 4778at3041           -            265   5.3e-06   22.7   0.0   1   2     0.003     0.056    9.5   0.0    94   124    99   135    92   146 0.75 -
TRINITY_DN1675_c0_g1_i2:1-660     -            220 4778at3041           -            265   5.3e-06   22.7   0.0   2   2   0.00077     0.015   11.4   0.0    54   107   149   210   137   220 0.54 -
TRINITY_DN1675_c0_g1_i3:1-778     -            220 4778at3041           -            265   5.3e-06   22.7   0.0   1   2     0.003     0.056    9.5   0.0    94   124    99   135    92   146 0.75 -
TRINITY_DN1675_c0_g1_i3:1-778     -            220 4778at3041           -            265   5.3e-06   22.7   0.0   2   2   0.00077     0.015   11.4   0.0    54   107   149   210   137   220 0.54 -
TRINITY_DN58975_c0_g1_i1:317-934  -            206 4778at3041           -            265   6.4e-06   22.4   3.1   1   3   6.1e-06   0.00011   18.3   0.7    20    84     7    70     1    75 0.84 -
TRINITY_DN58975_c0_g1_i1:317-934  -            206 4778at3041           -            265   6.4e-06   22.4   3.1   2   3      0.39       7.3    2.5   0.0   100   128   128   155    90   159 0.77 -
TRINITY_DN58975_c0_g1_i1:317-934  -            206 4778at3041           -            265   6.4e-06   22.4   3.1   3   3         3        56   -0.4   0.0    88   124   166   201   156   204 0.61 -
TRINITY_DN3652_c0_g1_i1:204-536   -            111 4778at3041           -            265   8.7e-06   22.0   0.2   1   2   1.7e-05   0.00032   16.8   0.0   106   164     5    72     1    84 0.78 -
TRINITY_DN3652_c0_g1_i1:204-536   -            111 4778at3041           -            265   8.7e-06   22.0   0.2   2   2      0.19       3.5    3.6   0.0    94   124    81   110    75   111 0.68 -
TRINITY_DN4159_c0_g1_i4:2707-3024 -            106 4778at3041           -            265   1.1e-05   21.7   1.9   1   2    0.0011     0.021   10.9   0.4    68   124     5    62     1    67 0.76 -
TRINITY_DN4159_c0_g1_i4:2707-3024 -            106 4778at3041           -            265   1.1e-05   21.7   1.9   2   2    0.0013     0.025   10.6   0.1    10    42    74   106    67   106 0.90 -
TRINITY_DN16552_c0_g1_i1:20-433   -            138 4778at3041           -            265   1.1e-05   21.7   0.1   1   1   4.6e-06   8.7e-05   18.7   0.1    89   163    25   107     3   126 0.78 -
TRINITY_DN50614_c0_g1_i1:106-381  -             92 4778at3041           -            265   1.2e-05   21.5   0.5   1   1   1.6e-06     3e-05   20.2   0.3    75   129     8    69     1    76 0.77 -
TRINITY_DN48962_c0_g1_i1:248-652  -            135 4778at3041           -            265   1.6e-05   21.1   0.2   1   2   0.00049    0.0092   12.0   0.0    53   120     2    78     1   102 0.69 -
TRINITY_DN48962_c0_g1_i1:248-652  -            135 4778at3041           -            265   1.6e-05   21.1   0.2   2   2     0.012      0.23    7.5   0.0   102   124   113   135   103   135 0.88 -
TRINITY_DN72104_c0_g1_i1:12-236   -             75 4778at3041           -            265   3.2e-05   20.1   0.0   1   1   1.8e-06   3.3e-05   20.1   0.0    54   125     2    74     1    75 0.82 -
TRINITY_DN47062_c0_g1_i1:18-248   -             77 4778at3041           -            265   4.6e-05   19.6   0.0   1   2   0.00045    0.0085   12.2   0.0    71   126     2    57     1    59 0.73 -
TRINITY_DN47062_c0_g1_i1:18-248   -             77 4778at3041           -            265   4.6e-05   19.6   0.0   2   2    0.0011     0.021   10.9   0.0    12    60    27    75    22    77 0.81 -
TRINITY_DN17349_c1_g1_i1:1-183    -             61 4778at3041           -            265   4.8e-05   19.5   0.1   1   1   2.5e-06   4.8e-05   19.5   0.1    94   129     2    36     1    60 0.63 -
TRINITY_DN10537_c0_g2_i1:60-290   -             77 4778at3041           -            265   5.1e-05   19.4   0.1   1   1   4.1e-06   7.7e-05   18.8   0.1    93   158     3    76     1    77 0.59 -
TRINITY_DN923_c0_g1_i3:236-955    -            240 4778at3041           -            265    0.0006   15.9   0.0   1   2      0.88        17    1.4   0.0   143   160    83   100    76   104 0.86 -
TRINITY_DN923_c0_g1_i3:236-955    -            240 4778at3041           -            265    0.0006   15.9   0.0   2   2     0.001      0.02   11.0   0.0    11    84   153   225   143   236 0.80 -
TRINITY_DN663_c0_g1_i4:101-415    -            105 4778at3041           -            265   0.00073   15.7   0.1   1   1    0.0001    0.0019   14.3   0.1    19    83    36   100    17   103 0.70 -
TRINITY_DN29073_c0_g1_i1:2-781    -            260 4778at3041           -            265    0.0023   14.0   0.1   1   2   0.00047    0.0088   12.1   0.0   131   187    33    90    26   133 0.87 -
TRINITY_DN29073_c0_g1_i1:2-781    -            260 4778at3041           -            265    0.0023   14.0   0.1   2   2       1.9        35    0.3   0.0    30    73    99   141    86   148 0.75 -
#
# Program:         hmmsearch
# Version:         3.2.1 (June 2018)
# Pipeline mode:   SEARCH
# Query file:      /sw/bioinfo/BUSCO/v5_lineage_sets/lineages/chlorophyta_odb10/hmms/4778at3041.hmm
# Target file:     /crex/proj/snic2022-23-81/expression_algae/code/busco/trinity_VA-3180-Osg10Pal/run_chlorophyta_odb10/metaeuk_output/rerun_results/trinity_VA-3180-Osg10Pal.Trinity.fasta.modified.fas
# Option settings: hmmsearch --domtblout /crex/proj/snic2022-23-81/expression_algae/code/busco/trinity_VA-3180-Osg10Pal/run_chlorophyta_odb10/hmmer_output/rerun_results/4778at3041.out --cpu 1 /sw/bioinfo/BUSCO/v5_lineage_sets/lineages/chlorophyta_odb10/hmms/4778at3041.hmm /crex/proj/snic2022-23-81/expression_algae/code/busco/trinity_VA-3180-Osg10Pal/run_chlorophyta_odb10/metaeuk_output/rerun_results/trinity_VA-3180-Osg10Pal.Trinity.fasta.modified.fas 
# Current dir:     /crex/proj/snic2022-23-81/expression_algae/code/busco
# Date:            Fri Sep 23 10:14:18 2022
# [ok]
