#                                                                                         --- full sequence --- -------------- this domain -------------   hmm coord   ali coord   env coord
# target name                     accession   tlen query name           accession   qlen   E-value  score  bias   #  of  c-Evalue  i-Evalue  score  bias  from    to  from    to  from    to  acc description of target
#             ------------------- ---------- ----- -------------------- ---------- ----- --------- ------ ----- --- --- --------- --------- ------ ----- ----- ----- ----- ----- ----- ----- ---- ---------------------
TRINITY_DN42946_c0_g1_i1:16-843   -            276 6571at3041           -            362   1.8e-20   70.1   0.2   1   2    0.0023     0.088    8.6   0.0    96   164    51   121     2   131 0.62 -
TRINITY_DN42946_c0_g1_i1:16-843   -            276 6571at3041           -            362   1.8e-20   70.1   0.2   2   2   1.1e-18     4e-17   59.0   0.7   207   341   138   271   132   276 0.87 -
TRINITY_DN1085_c1_g1_i1:2-961     -            320 6571at3041           -            362   8.9e-17   57.9   0.2   1   2      0.21       7.9    2.1   0.0   101   147    33    79    15   104 0.79 -
TRINITY_DN1085_c1_g1_i1:2-961     -            320 6571at3041           -            362   8.9e-17   57.9   0.2   2   2   4.5e-17   1.7e-15   53.7   0.2   241   346   151   254    87   267 0.71 -
TRINITY_DN349_c3_g2_i2:13-954     -            314 6571at3041           -            362   1.7e-16   57.0   0.0   1   2   6.6e-08   2.5e-06   23.5   0.0    18   151    10   157     4   190 0.74 -
TRINITY_DN349_c3_g2_i2:13-954     -            314 6571at3041           -            362   1.7e-16   57.0   0.0   2   2   2.3e-10   8.6e-09   31.6   0.0   228   324   211   305   193   314 0.78 -
TRINITY_DN65416_c0_g1_i1:607-1695 -            363 6571at3041           -            362   7.9e-16   54.8   0.7   1   2      0.72        27    0.4   0.0    34   132    45   152    40   167 0.62 -
TRINITY_DN65416_c0_g1_i1:607-1695 -            363 6571at3041           -            362   7.9e-16   54.8   0.7   2   2   1.3e-16   4.7e-15   52.2   0.6   203   348   199   343   175   354 0.84 -
TRINITY_DN343_c0_g5_i1:231-1388   -            386 6571at3041           -            362   1.7e-15   53.7   0.4   1   2      0.12       4.5    2.9   0.0    99   134   130   165    81   193 0.82 -
TRINITY_DN343_c0_g5_i1:231-1388   -            386 6571at3041           -            362   1.7e-15   53.7   0.4   2   2   1.3e-15     5e-14   48.8   0.2   203   339   216   344   174   359 0.80 -
TRINITY_DN343_c0_g2_i1:40-1125    -            362 6571at3041           -            362   1.8e-15   53.6   0.0   1   2    0.0036      0.13    8.0   0.0    34   136    54   165    29   195 0.70 -
TRINITY_DN343_c0_g2_i1:40-1125    -            362 6571at3041           -            362   1.8e-15   53.6   0.0   2   2   4.6e-14   1.7e-12   43.8   0.0   237   347   240   349   217   359 0.84 -
TRINITY_DN1904_c0_g1_i1:995-2140  -            382 6571at3041           -            362     2e-15   53.5   0.0   1   2    0.0016     0.061    9.1   0.0    60   135    98   181    89   209 0.76 -
TRINITY_DN1904_c0_g1_i1:995-2140  -            382 6571at3041           -            362     2e-15   53.5   0.0   2   2   1.6e-13     6e-12   42.0   0.0   240   342   261   361   232   376 0.84 -
TRINITY_DN1904_c0_g1_i2:995-2140  -            382 6571at3041           -            362     2e-15   53.5   0.0   1   2    0.0016     0.061    9.1   0.0    60   135    98   181    89   209 0.76 -
TRINITY_DN1904_c0_g1_i2:995-2140  -            382 6571at3041           -            362     2e-15   53.5   0.0   2   2   1.6e-13     6e-12   42.0   0.0   240   342   261   361   232   376 0.84 -
TRINITY_DN1904_c0_g1_i5:995-2140  -            382 6571at3041           -            362     2e-15   53.5   0.0   1   2    0.0016     0.061    9.1   0.0    60   135    98   181    89   209 0.76 -
TRINITY_DN1904_c0_g1_i5:995-2140  -            382 6571at3041           -            362     2e-15   53.5   0.0   2   2   1.6e-13     6e-12   42.0   0.0   240   342   261   361   232   376 0.84 -
TRINITY_DN1904_c0_g1_i14:995-2140 -            382 6571at3041           -            362   2.2e-15   53.3   0.0   1   2    0.0016     0.061    9.1   0.0    60   135    98   181    89   209 0.76 -
TRINITY_DN1904_c0_g1_i14:995-2140 -            382 6571at3041           -            362   2.2e-15   53.3   0.0   2   2   1.8e-13   6.7e-12   41.8   0.0   240   342   261   361   232   376 0.84 -
TRINITY_DN343_c0_g5_i2:231-1388   -            386 6571at3041           -            362   2.2e-15   53.3   0.4   1   2      0.12       4.5    2.9   0.0    99   134   130   165    81   193 0.82 -
TRINITY_DN343_c0_g5_i2:231-1388   -            386 6571at3041           -            362   2.2e-15   53.3   0.4   2   2   1.7e-15   6.4e-14   48.5   0.2   217   339   224   344   173   359 0.78 -
TRINITY_DN349_c1_g1_i8:1216-2388  -            391 6571at3041           -            362   4.7e-15   52.2   0.0   1   2     0.015      0.56    5.9   0.0    61   134   102   182    58   214 0.79 -
TRINITY_DN349_c1_g1_i8:1216-2388  -            391 6571at3041           -            362   4.7e-15   52.2   0.0   2   2   4.8e-14   1.8e-12   43.7   0.0   235   342   266   369   246   376 0.76 -
TRINITY_DN5004_c0_g1_i1:23-886    -            288 6571at3041           -            362     5e-15   52.1   0.0   1   2      0.17       6.3    2.5   0.0   100   150    49    99     2   126 0.67 -
TRINITY_DN5004_c0_g1_i1:23-886    -            288 6571at3041           -            362     5e-15   52.1   0.0   2   2   3.1e-15   1.1e-13   47.7   0.0   213   346   138   270   126   282 0.80 -
TRINITY_DN202_c0_g1_i2:87-1178    -            364 6571at3041           -            362   5.9e-15   51.9   1.4   1   2     0.047       1.8    4.3   0.0    54   163    65   184    39   205 0.64 -
TRINITY_DN202_c0_g1_i2:87-1178    -            364 6571at3041           -            362   5.9e-15   51.9   1.4   2   2   8.1e-15     3e-13   46.3   0.2   241   341   237   335   222   357 0.86 -
TRINITY_DN4665_c0_g1_i1:255-1526  -            424 6571at3041           -            362     2e-14   50.1   0.0   1   2     0.006      0.22    7.2   0.0    28   135    22   142     3   179 0.62 -
TRINITY_DN4665_c0_g1_i1:255-1526  -            424 6571at3041           -            362     2e-14   50.1   0.0   2   2   3.7e-13   1.4e-11   40.8   0.0   243   347   230   331   210   346 0.76 -
TRINITY_DN2296_c2_g1_i1:0-563     -            188 6571at3041           -            362   2.2e-14   50.0   0.3   1   1   7.4e-16   2.8e-14   49.7   0.3   218   339    59   178    40   187 0.83 -
TRINITY_DN203_c0_g1_i4:2892-4082  -            397 6571at3041           -            362   9.8e-14   47.9   0.4   1   2   0.00026    0.0097   11.7   0.1    54   146    97   196    53   222 0.75 -
TRINITY_DN203_c0_g1_i4:2892-4082  -            397 6571at3041           -            362   9.8e-14   47.9   0.4   2   2   2.7e-11     1e-09   34.7   0.1   228   348   253   372   216   385 0.78 -
TRINITY_DN343_c0_g4_i1:12-596     -            195 6571at3041           -            362   1.6e-13   47.2   0.2   1   1   4.9e-15   1.8e-13   47.0   0.2   229   342    78   190    40   195 0.82 -
TRINITY_DN202_c0_g1_i10:635-1690  -            352 6571at3041           -            362   4.1e-13   45.8   0.6   1   2     0.067       2.5    3.8   0.0    35   134    29   136    25   179 0.68 -
TRINITY_DN202_c0_g1_i10:635-1690  -            352 6571at3041           -            362   4.1e-13   45.8   0.6   2   2   4.6e-13   1.7e-11   40.5   0.3   229   349   208   327   171   337 0.80 -
TRINITY_DN202_c0_g1_i1:632-1762   -            377 6571at3041           -            362   5.5e-13   45.4   0.6   1   2     0.077       2.9    3.6   0.0    35   134    53   160    49   203 0.68 -
TRINITY_DN202_c0_g1_i1:632-1762   -            377 6571at3041           -            362   5.5e-13   45.4   0.6   2   2   5.5e-13     2e-11   40.3   0.3   229   349   232   351   196   361 0.80 -
TRINITY_DN202_c0_g1_i7:632-1762   -            377 6571at3041           -            362   5.5e-13   45.4   0.6   1   2     0.077       2.9    3.6   0.0    35   134    53   160    49   203 0.68 -
TRINITY_DN202_c0_g1_i7:632-1762   -            377 6571at3041           -            362   5.5e-13   45.4   0.6   2   2   5.5e-13     2e-11   40.3   0.3   229   349   232   351   196   361 0.80 -
TRINITY_DN4665_c0_g1_i4:255-1217  -            321 6571at3041           -            362   5.8e-13   45.3   0.0   1   2      0.35        13    1.4   0.0   104   135     7    39     3    76 0.64 -
TRINITY_DN4665_c0_g1_i4:255-1217  -            321 6571at3041           -            362   5.8e-13   45.3   0.0   2   2   2.2e-13   8.1e-12   41.6   0.0   243   347   127   228   107   243 0.76 -
TRINITY_DN202_c0_g1_i3:632-1771   -            380 6571at3041           -            362   7.5e-13   45.0   0.9   1   2      0.12       4.6    2.9   0.0    54   138    76   167    52   199 0.62 -
TRINITY_DN202_c0_g1_i3:632-1771   -            380 6571at3041           -            362   7.5e-13   45.0   0.9   2   2   6.2e-13   2.3e-11   40.1   0.2   229   349   235   354   209   364 0.80 -
TRINITY_DN7655_c0_g1_i1:462-1445  -            328 6571at3041           -            362   1.4e-12   44.1   1.0   1   2   3.5e-05    0.0013   14.6   0.0    35   160    36   176    26   186 0.70 -
TRINITY_DN7655_c0_g1_i1:462-1445  -            328 6571at3041           -            362   1.4e-12   44.1   1.0   2   2   2.3e-09   8.4e-08   28.4   0.2   239   322   233   312   181   320 0.79 -
TRINITY_DN7655_c0_g1_i2:389-1372  -            328 6571at3041           -            362   1.4e-12   44.1   1.0   1   2   3.5e-05    0.0013   14.6   0.0    35   160    36   176    26   186 0.70 -
TRINITY_DN7655_c0_g1_i2:389-1372  -            328 6571at3041           -            362   1.4e-12   44.1   1.0   2   2   2.3e-09   8.4e-08   28.4   0.2   239   322   233   312   181   320 0.79 -
TRINITY_DN896_c0_g1_i6:495-1529   -            345 6571at3041           -            362   2.9e-12   43.0   1.7   1   2   0.00055      0.02   10.6   0.2    14   168     6   174     2   181 0.73 -
TRINITY_DN896_c0_g1_i6:495-1529   -            345 6571at3041           -            362   2.9e-12   43.0   1.7   2   2   3.4e-10   1.3e-08   31.0   0.1   222   324   203   302   188   330 0.77 -
TRINITY_DN349_c1_g4_i1:0-1046     -            349 6571at3041           -            362   7.2e-12   41.7   0.0   1   2   6.8e-06   0.00025   16.9   0.0    28   167    46   202    27   237 0.74 -
TRINITY_DN349_c1_g4_i1:0-1046     -            349 6571at3041           -            362   7.2e-12   41.7   0.0   2   2   9.5e-08   3.5e-06   23.0   0.0   245   324   264   339   260   349 0.82 -
TRINITY_DN349_c1_g3_i1:15-458     -            148 6571at3041           -            362   7.7e-12   41.6   0.0   1   1   2.2e-13   8.2e-12   41.6   0.0   242   322    72   147    18   148 0.75 -
TRINITY_DN896_c0_g1_i3:495-1511   -            339 6571at3041           -            362   1.2e-11   41.0   1.7   1   2    0.0021      0.08    8.7   0.2    16   168     2   168     1   174 0.68 -
TRINITY_DN896_c0_g1_i3:495-1511   -            339 6571at3041           -            362   1.2e-11   41.0   1.7   2   2   2.9e-10   1.1e-08   31.3   0.1   219   325   194   297   179   327 0.77 -
TRINITY_DN349_c1_g2_i1:5-769      -            255 6571at3041           -            362   1.5e-10   37.4   0.0   1   2      0.11       4.1    3.1   0.0    94   134    54    95    11   110 0.73 -
TRINITY_DN349_c1_g2_i1:5-769      -            255 6571at3041           -            362   1.5e-10   37.4   0.0   2   2   1.2e-10   4.7e-09   32.5   0.0   216   321   152   255   114   255 0.75 -
TRINITY_DN896_c0_g1_i1:510-989    -            160 6571at3041           -            362   1.3e-09   34.3   0.0   1   1   3.9e-11   1.5e-09   34.1   0.0   217   325    18   123     6   153 0.77 -
TRINITY_DN2162_c0_g1_i2:229-759   -            177 6571at3041           -            362   1.3e-09   34.3   0.0   1   1   4.2e-11   1.6e-09   34.0   0.0    14   160     5   177     1   177 0.66 -
TRINITY_DN896_c0_g1_i4:513-1145   -            211 6571at3041           -            362   1.6e-09   34.0   0.1   1   1   4.7e-11   1.8e-09   33.9   0.1   211   325    64   175    13   204 0.78 -
TRINITY_DN349_c0_g2_i1:0-539      -            180 6571at3041           -            362   2.1e-09   33.6   0.0   1   1   6.4e-11   2.4e-09   33.4   0.0   230   334    79   180    19   180 0.76 -
TRINITY_DN349_c1_g1_i9:2-943      -            314 6571at3041           -            362   6.6e-09   32.0   0.1   1   2    0.0026     0.097    8.4   0.0    60   164    80   193    27   215 0.65 -
TRINITY_DN349_c1_g1_i9:2-943      -            314 6571at3041           -            362   6.6e-09   32.0   0.1   2   2     2e-07   7.4e-06   22.0   0.4   218   309   224   314   166   314 0.72 -
TRINITY_DN8771_c0_g1_i2:2-514     -            171 6571at3041           -            362   8.5e-09   31.6   0.0   1   1   2.3e-10   8.5e-09   31.6   0.0   238   327    79   164    23   171 0.83 -
TRINITY_DN54584_c0_g1_i1:1-429    -            143 6571at3041           -            362   1.9e-07   27.2   0.0   1   1   5.4e-09     2e-07   27.1   0.0   228   334    38   143    12   143 0.81 -
TRINITY_DN2162_c0_g1_i4:165-632   -            156 6571at3041           -            362   5.1e-07   25.8   0.1   1   1   1.9e-08     7e-07   25.3   0.1    27   160     1   156     1   156 0.64 -
TRINITY_DN2975_c0_g3_i2:11-733    -            241 6571at3041           -            362   8.3e-07   25.1   0.0   1   1   3.9e-08   1.5e-06   24.3   0.0    26   165    12   159     1   230 0.67 -
TRINITY_DN349_c3_g2_i1:13-771     -            253 6571at3041           -            362     1e-06   24.8   0.0   1   1   3.8e-08   1.4e-06   24.3   0.0    18   151    10   157     4   183 0.73 -
TRINITY_DN514_c0_g2_i4:1297-2418  -            374 6571at3041           -            362   5.8e-06   22.3   0.2   1   1   5.7e-06   0.00021   17.2   0.2   272   348   266   345    10   349 0.76 -
TRINITY_DN514_c0_g2_i6:616-1737   -            374 6571at3041           -            362   5.8e-06   22.3   0.2   1   1   5.7e-06   0.00021   17.2   0.2   272   348   266   345    10   349 0.76 -
TRINITY_DN514_c0_g2_i2:616-1794   -            393 6571at3041           -            362   6.6e-06   22.1   0.2   1   1   6.2e-06   0.00023   17.0   0.2   272   348   285   364    28   368 0.76 -
TRINITY_DN15511_c0_g1_i1:48-746   -            233 6571at3041           -            362   1.3e-05   21.2   0.4   1   2   7.1e-07   2.7e-05   20.1   0.2    57   160    41   156     5   179 0.74 -
TRINITY_DN15511_c0_g1_i1:48-746   -            233 6571at3041           -            362   1.3e-05   21.2   0.4   2   2       2.6        96   -1.4   0.0   229   255   200   229   161   232 0.72 -
TRINITY_DN2296_c0_g1_i1:53-748    -            232 6571at3041           -            362   5.1e-05   19.2   0.1   1   1   2.4e-06     9e-05   18.4   0.1    51   164    77   199    23   231 0.72 -
TRINITY_DN17566_c0_g2_i1:34-819   -            262 6571at3041           -            362    0.0002   17.3   0.1   1   1   9.2e-06   0.00034   16.5   0.1    56   160    86   199    27   249 0.75 -
TRINITY_DN514_c0_g2_i9:1297-2610  -            366 6571at3041           -            362   0.00022   17.1   0.0   1   1   9.4e-06   0.00035   16.4   0.0   275   348   261   337   161   341 0.82 -
TRINITY_DN8624_c0_g3_i1:2-406     -            135 6571at3041           -            362    0.0018   14.1   0.0   1   1   5.5e-05    0.0021   13.9   0.0    38   133     1   103     1   123 0.73 -
TRINITY_DN203_c0_g1_i1:98-865     -            256 6571at3041           -            362    0.0028   13.5   0.0   1   1   9.6e-05    0.0036   13.1   0.0    54   146    97   196    52   218 0.74 -
TRINITY_DN34783_c0_g1_i1:10-729   -            240 6571at3041           -            362    0.0037   13.1   0.0   1   2   0.00019    0.0069   12.2   0.0    58   133    17    94    13   159 0.91 -
TRINITY_DN34783_c0_g1_i1:10-729   -            240 6571at3041           -            362    0.0037   13.1   0.0   2   2       3.8   1.4e+02   -2.0   0.0    56   262   199   219   161   239 0.65 -
TRINITY_DN5004_c1_g3_i3:9-608     -            200 6571at3041           -            362     0.006   12.4   0.0   1   1   0.00019     0.007   12.2   0.0    33   133    45   154    21   185 0.69 -
TRINITY_DN5004_c1_g3_i2:9-494     -            162 6571at3041           -            362    0.0073   12.1   0.0   1   1   0.00022    0.0084   11.9   0.0    59   133    34   116     5   147 0.72 -
TRINITY_DN896_c0_g1_i5:143-760    -            206 6571at3041           -            362    0.0074   12.1   0.1   1   1   0.00038     0.014   11.1   0.1    13   141    44   183    40   205 0.76 -
TRINITY_DN5004_c1_g3_i1:9-608     -            200 6571at3041           -            362    0.0096   11.7   0.0   1   1    0.0003     0.011   11.5   0.0    58   133    71   154    27   185 0.72 -
TRINITY_DN15511_c0_g1_i2:199-612  -            138 6571at3041           -            362     0.014   11.2   0.0   1   2   0.00079     0.029   10.1   0.0   101   161     1    66     1    87 0.70 -
TRINITY_DN15511_c0_g1_i2:199-612  -            138 6571at3041           -            362     0.014   11.2   0.0   2   2       1.8        68   -0.9   0.0   229   253   109   136    65   138 0.66 -
TRINITY_DN1904_c0_g1_i11:15-842   -            276 6571at3041           -            362     0.016   11.0   0.0   1   1   0.00084     0.031   10.0   0.0    60   135    98   181    88   211 0.76 -
TRINITY_DN1904_c0_g1_i15:15-842   -            276 6571at3041           -            362     0.016   11.0   0.0   1   1   0.00084     0.031   10.0   0.0    60   135    98   181    88   211 0.76 -
TRINITY_DN34704_c0_g1_i1:2-568    -            189 6571at3041           -            362     0.018   10.8   0.0   1   2     0.044       1.6    4.4   0.0    85   191    29   138    17   148 0.68 -
TRINITY_DN34704_c0_g1_i1:2-568    -            189 6571at3041           -            362     0.018   10.8   0.0   2   2     0.026      0.99    5.1   0.0   227   263   150   184   115   189 0.83 -
#
# Program:         hmmsearch
# Version:         3.2.1 (June 2018)
# Pipeline mode:   SEARCH
# Query file:      /sw/bioinfo/BUSCO/v5_lineage_sets/lineages/chlorophyta_odb10/hmms/6571at3041.hmm
# Target file:     /crex/proj/snic2022-23-81/expression_algae/code/busco/trinity_VA-3180-Osg10Pal/run_chlorophyta_odb10/metaeuk_output/rerun_results/trinity_VA-3180-Osg10Pal.Trinity.fasta.modified.fas
# Option settings: hmmsearch --domtblout /crex/proj/snic2022-23-81/expression_algae/code/busco/trinity_VA-3180-Osg10Pal/run_chlorophyta_odb10/hmmer_output/rerun_results/6571at3041.out --cpu 1 /sw/bioinfo/BUSCO/v5_lineage_sets/lineages/chlorophyta_odb10/hmms/6571at3041.hmm /crex/proj/snic2022-23-81/expression_algae/code/busco/trinity_VA-3180-Osg10Pal/run_chlorophyta_odb10/metaeuk_output/rerun_results/trinity_VA-3180-Osg10Pal.Trinity.fasta.modified.fas 
# Current dir:     /crex/proj/snic2022-23-81/expression_algae/code/busco
# Date:            Fri Sep 23 10:14:17 2022
# [ok]
