#                                                                                          --- full sequence --- -------------- this domain -------------   hmm coord   ali coord   env coord
# target name                      accession   tlen query name           accession   qlen   E-value  score  bias   #  of  c-Evalue  i-Evalue  score  bias  from    to  from    to  from    to  acc description of target
#              ------------------- ---------- ----- -------------------- ---------- ----- --------- ------ ----- --- --- --------- --------- ------ ----- ----- ----- ----- ----- ----- ----- ---- ---------------------
TRINITY_DN223_c0_g1_i4:289-1167    -            293 1133at3041           -            691   1.6e-22   75.7   0.4   1   3   9.4e-09   1.3e-07   26.4   0.0   162   238     7    83     1   103 0.82 -
TRINITY_DN223_c0_g1_i4:289-1167    -            293 1133at3041           -            691   1.6e-22   75.7   0.4   2   3   2.3e-09   3.2e-08   28.4   0.1   462   527    99   164    90   169 0.90 -
TRINITY_DN223_c0_g1_i4:289-1167    -            293 1133at3041           -            691   1.6e-22   75.7   0.4   3   3   1.1e-08   1.6e-07   26.1   0.0   437   530   153   251   152   263 0.84 -
TRINITY_DN33693_c0_g1_i1:1-465     -            155 1133at3041           -            691   8.7e-22   73.3   0.8   1   1   7.5e-23   1.1e-21   73.0   0.8   542   595   100   154    94   155 0.93 -
TRINITY_DN1717_c0_g1_i2:256-792    -            179 1133at3041           -            691   2.6e-19   65.1   1.7   1   3   7.1e-08     1e-06   23.5   0.0   443   517     3    83     1    85 0.87 -
TRINITY_DN1717_c0_g1_i2:256-792    -            179 1133at3041           -            691   2.6e-19   65.1   1.7   2   3     8e-08   1.1e-06   23.3   0.0   443   518    45   126    45   129 0.84 -
TRINITY_DN1717_c0_g1_i2:256-792    -            179 1133at3041           -            691   2.6e-19   65.1   1.7   3   3   1.4e-09     2e-08   29.1   0.2   438   529    82   178    79   179 0.85 -
TRINITY_DN2718_c0_g1_i4:176-892    -            239 1133at3041           -            691   1.2e-18   62.9   0.4   1   3      0.12       1.7    2.9   0.1   167   216     7    55     2    57 0.64 -
TRINITY_DN2718_c0_g1_i4:176-892    -            239 1133at3041           -            691   1.2e-18   62.9   0.4   2   3   7.5e-07   1.1e-05   20.1   0.4   162   243    43   124    21   134 0.82 -
TRINITY_DN2718_c0_g1_i4:176-892    -            239 1133at3041           -            691   1.2e-18   62.9   0.4   3   3   1.7e-12   2.3e-11   38.8   0.0   461   529   134   203   125   222 0.87 -
TRINITY_DN1156_c0_g1_i7:1055-2785  -            577 1133at3041           -            691   1.3e-18   62.8  10.4   1   5    0.0035      0.05    8.0   0.1   433   529     4   102     1   106 0.71 -
TRINITY_DN1156_c0_g1_i7:1055-2785  -            577 1133at3041           -            691   1.3e-18   62.8  10.4   2   5     0.037      0.52    4.6   0.0   435   487   134   185   123   208 0.80 -
TRINITY_DN1156_c0_g1_i7:1055-2785  -            577 1133at3041           -            691   1.3e-18   62.8  10.4   3   5   1.3e-08   1.9e-07   25.9   0.5   388   512   208   349   201   354 0.72 -
TRINITY_DN1156_c0_g1_i7:1055-2785  -            577 1133at3041           -            691   1.3e-18   62.8  10.4   4   5   3.9e-05   0.00055   14.4   0.0   142   231   353   443   342   459 0.72 -
TRINITY_DN1156_c0_g1_i7:1055-2785  -            577 1133at3041           -            691   1.3e-18   62.8  10.4   5   5   0.00051    0.0072   10.7   0.1   132   201   471   542   438   573 0.82 -
TRINITY_DN10973_c0_g1_i4:1209-2048 -            280 1133at3041           -            691   2.4e-18   61.9   1.5   1   4   1.2e-09   1.7e-08   29.3   0.0   160   240     3    83     2    94 0.86 -
TRINITY_DN10973_c0_g1_i4:1209-2048 -            280 1133at3041           -            691   2.4e-18   61.9   1.5   2   4   1.9e-05   0.00027   15.4   0.2   461   521    96   157    90   165 0.85 -
TRINITY_DN10973_c0_g1_i4:1209-2048 -            280 1133at3041           -            691   2.4e-18   61.9   1.5   3   4     0.025      0.36    5.1   0.0   472   491   149   168   138   184 0.78 -
TRINITY_DN10973_c0_g1_i4:1209-2048 -            280 1133at3041           -            691   2.4e-18   61.9   1.5   4   4   0.00024    0.0035   11.8   0.1   168   237   208   279   198   280 0.52 -
TRINITY_DN1717_c0_g1_i8:0-818      -            273 1133at3041           -            691   5.4e-18   60.7   4.0   1   4   1.3e-06   1.9e-05   19.3   0.1   463   531     5    75     3    85 0.88 -
TRINITY_DN1717_c0_g1_i8:0-818      -            273 1133at3041           -            691   5.4e-18   60.7   4.0   2   4   2.1e-08     3e-07   25.2   0.4   442   531    65   159    62   161 0.82 -
TRINITY_DN1717_c0_g1_i8:0-818      -            273 1133at3041           -            691   5.4e-18   60.7   4.0   3   4   3.3e-05   0.00046   14.7   0.1   462   531   132   201   128   204 0.89 -
TRINITY_DN1717_c0_g1_i8:0-818      -            273 1133at3041           -            691   5.4e-18   60.7   4.0   4   4   1.5e-07   2.1e-06   22.4   0.1   404   517   145   272   144   273 0.75 -
TRINITY_DN10973_c0_g1_i2:1589-2416 -            276 1133at3041           -            691   8.4e-18   60.1   1.4   1   4   4.6e-09   6.5e-08   27.4   0.0   163   240     2    79     1    88 0.85 -
TRINITY_DN10973_c0_g1_i2:1589-2416 -            276 1133at3041           -            691   8.4e-18   60.1   1.4   2   4   1.8e-05   0.00025   15.5   0.1   461   521    92   153    84   161 0.85 -
TRINITY_DN10973_c0_g1_i2:1589-2416 -            276 1133at3041           -            691   8.4e-18   60.1   1.4   3   4     0.033      0.46    4.8   0.0   473   491   146   164   140   180 0.78 -
TRINITY_DN10973_c0_g1_i2:1589-2416 -            276 1133at3041           -            691   8.4e-18   60.1   1.4   4   4   0.00024    0.0034   11.8   0.1   168   237   204   275   194   276 0.52 -
TRINITY_DN10973_c0_g1_i6:1209-2036 -            276 1133at3041           -            691   8.4e-18   60.1   1.4   1   4   4.6e-09   6.5e-08   27.4   0.0   163   240     2    79     1    88 0.85 -
TRINITY_DN10973_c0_g1_i6:1209-2036 -            276 1133at3041           -            691   8.4e-18   60.1   1.4   2   4   1.8e-05   0.00025   15.5   0.1   461   521    92   153    84   161 0.85 -
TRINITY_DN10973_c0_g1_i6:1209-2036 -            276 1133at3041           -            691   8.4e-18   60.1   1.4   3   4     0.033      0.46    4.8   0.0   473   491   146   164   140   180 0.78 -
TRINITY_DN10973_c0_g1_i6:1209-2036 -            276 1133at3041           -            691   8.4e-18   60.1   1.4   4   4   0.00024    0.0034   11.8   0.1   168   237   204   275   194   276 0.52 -
TRINITY_DN28432_c0_g1_i1:90-914    -            275 1133at3041           -            691   2.5e-15   51.9   1.5   1   3   4.8e-09   6.8e-08   27.3   0.0   438   523     3    94     1   102 0.84 -
TRINITY_DN28432_c0_g1_i1:90-914    -            275 1133at3041           -            691   2.5e-15   51.9   1.5   2   3   2.7e-05   0.00039   14.9   0.2   182   246    87   150    86   167 0.85 -
TRINITY_DN28432_c0_g1_i1:90-914    -            275 1133at3041           -            691   2.5e-15   51.9   1.5   3   3   0.00042     0.006   11.0   0.0   164   237   194   274   187   275 0.79 -
TRINITY_DN1717_c0_g1_i7:17-550     -            178 1133at3041           -            691   7.4e-15   50.4   0.3   1   2   1.7e-08   2.4e-07   25.6   0.0   443   522     3    88     1    94 0.84 -
TRINITY_DN1717_c0_g1_i7:17-550     -            178 1133at3041           -            691   7.4e-15   50.4   0.3   2   2   1.2e-08   1.7e-07   26.0   0.1   438   522    82   172    79   178 0.83 -
TRINITY_DN1954_c0_g1_i3:7-372      -            122 1133at3041           -            691   1.3e-14   49.6   0.5   1   2   5.2e-08   7.3e-07   23.9   0.0   463   521     3    62     1    65 0.91 -
TRINITY_DN1954_c0_g1_i3:7-372      -            122 1133at3041           -            691   1.3e-14   49.6   0.5   2   2   6.6e-10   9.3e-09   30.2   0.1   461   530    43   112    41   121 0.90 -
TRINITY_DN7497_c0_g1_i1:113-850    -            246 1133at3041           -            691   1.3e-14   49.5  15.4   1   3   1.6e-07   2.3e-06   22.3   0.7   432   529    12   118     4   122 0.79 -
TRINITY_DN7497_c0_g1_i1:113-850    -            246 1133at3041           -            691   1.3e-14   49.5  15.4   2   3   8.1e-11   1.1e-09   33.2   1.1   396   531    56   204    53   209 0.74 -
TRINITY_DN7497_c0_g1_i1:113-850    -            246 1133at3041           -            691   1.3e-14   49.5  15.4   3   3   7.2e-06    0.0001   16.8   1.0   426   529   136   245   108   246 0.48 -
TRINITY_DN1156_c0_g1_i2:1012-2625  -            538 1133at3041           -            691   1.6e-14   49.3   8.2   1   4   3.4e-05   0.00048   14.6   0.0   142   231    17   107     5   121 0.71 -
TRINITY_DN1156_c0_g1_i2:1012-2625  -            538 1133at3041           -            691   1.6e-14   49.3   8.2   2   4   0.00028     0.004   11.6   0.1   133   217   136   221   111   266 0.75 -
TRINITY_DN1156_c0_g1_i2:1012-2625  -            538 1133at3041           -            691   1.6e-14   49.3   8.2   3   4     0.013      0.18    6.1   0.0   460   494   337   371   331   378 0.86 -
TRINITY_DN1156_c0_g1_i2:1012-2625  -            538 1133at3041           -            691   1.6e-14   49.3   8.2   4   4   4.5e-06   6.4e-05   17.5   0.6   395   529   386   535   376   538 0.68 -
TRINITY_DN27399_c0_g1_i1:275-1030  -            252 1133at3041           -            691   5.5e-14   47.5   4.1   1   3   3.6e-05   0.00052   14.5   0.4   463   511     5    54     2    72 0.62 -
TRINITY_DN27399_c0_g1_i1:275-1030  -            252 1133at3041           -            691   5.5e-14   47.5   4.1   2   3   2.6e-09   3.7e-08   28.2   0.0   399   496   100   208    89   216 0.81 -
TRINITY_DN27399_c0_g1_i1:275-1030  -            252 1133at3041           -            691   5.5e-14   47.5   4.1   3   3      0.25       3.5    1.9   0.1   464   489   227   252   214   252 0.87 -
TRINITY_DN10973_c0_g1_i2:1934-2407 -            158 1133at3041           -            691     1e-13   46.6   0.1   1   2   4.5e-09   6.4e-08   27.4   0.0   169   240     5    76     1    87 0.83 -
TRINITY_DN10973_c0_g1_i2:1934-2407 -            158 1133at3041           -            691     1e-13   46.6   0.1   2   2   6.1e-06   8.6e-05   17.1   0.1   461   521    89   150    83   158 0.85 -
TRINITY_DN10973_c0_g1_i4:1554-2027 -            158 1133at3041           -            691     1e-13   46.6   0.1   1   2   4.5e-09   6.4e-08   27.4   0.0   169   240     5    76     1    87 0.83 -
TRINITY_DN10973_c0_g1_i4:1554-2027 -            158 1133at3041           -            691     1e-13   46.6   0.1   2   2   6.1e-06   8.6e-05   17.1   0.1   461   521    89   150    83   158 0.85 -
TRINITY_DN10973_c0_g1_i6:1554-2027 -            158 1133at3041           -            691     1e-13   46.6   0.1   1   2   4.5e-09   6.4e-08   27.4   0.0   169   240     5    76     1    87 0.83 -
TRINITY_DN10973_c0_g1_i6:1554-2027 -            158 1133at3041           -            691     1e-13   46.6   0.1   2   2   6.1e-06   8.6e-05   17.1   0.1   461   521    89   150    83   158 0.85 -
TRINITY_DN1717_c0_g1_i5:81-806     -            242 1133at3041           -            691     2e-13   45.6   4.2   1   3   2.2e-08   3.1e-07   25.2   0.4   432   531     7   113     2   123 0.83 -
TRINITY_DN1717_c0_g1_i5:81-806     -            242 1133at3041           -            691     2e-13   45.6   4.2   2   3   3.3e-06   4.6e-05   18.0   0.2   443   531   104   197   101   199 0.81 -
TRINITY_DN1717_c0_g1_i5:81-806     -            242 1133at3041           -            691     2e-13   45.6   4.2   3   3    0.0027     0.038    8.3   0.1   432   488   177   238   172   242 0.58 -
TRINITY_DN28645_c0_g1_i1:179-742   -            188 1133at3041           -            691   3.5e-13   44.8   1.8   1   2   3.8e-09   5.3e-08   27.7   0.4   403   490     6   106     5   118 0.50 -
TRINITY_DN28645_c0_g1_i1:179-742   -            188 1133at3041           -            691   3.5e-13   44.8   1.8   2   2   0.00011    0.0015   13.0   0.0   462   521   122   182   118   186 0.92 -
TRINITY_DN21727_c0_g1_i1:445-948   -            168 1133at3041           -            691   8.2e-13   43.6   0.7   1   2   2.5e-10   3.5e-09   31.6   0.1   403   499     9   127     2   134 0.79 -
TRINITY_DN21727_c0_g1_i1:445-948   -            168 1133at3041           -            691   8.2e-13   43.6   0.7   2   2    0.0084      0.12    6.7   0.1   467   495   137   165   129   168 0.74 -
TRINITY_DN33486_c0_g1_i1:40-681    -            214 1133at3041           -            691   2.2e-12   42.2   5.3   1   2     3e-08   4.2e-07   24.7   0.1   406   504     3   111     1   116 0.79 -
TRINITY_DN33486_c0_g1_i1:40-681    -            214 1133at3041           -            691   2.2e-12   42.2   5.3   2   2   1.4e-06     2e-05   19.2   1.2   391   488   107   214   104   214 0.81 -
TRINITY_DN2166_c0_g1_i3:314-1819   -            502 1133at3041           -            691   3.8e-12   41.4   0.1   1   3   9.9e-05    0.0014   13.1   0.0   438   488     2    57     1   102 0.76 -
TRINITY_DN2166_c0_g1_i3:314-1819   -            502 1133at3041           -            691   3.8e-12   41.4   0.1   2   3    0.0073       0.1    6.9   0.0   199   240   180   221   141   248 0.71 -
TRINITY_DN2166_c0_g1_i3:314-1819   -            502 1133at3041           -            691   3.8e-12   41.4   0.1   3   3   4.7e-06   6.6e-05   17.5   0.0   162   237   425   500   379   502 0.83 -
TRINITY_DN22962_c0_g1_i1:91-681    -            197 1133at3041           -            691   1.1e-11   39.9   0.6   1   1   1.3e-12   1.9e-11   39.1   0.6   354   510     9   182     2   195 0.81 -
TRINITY_DN3346_c0_g1_i10:605-1477  -            291 1133at3041           -            691   2.1e-11   38.9   1.1   1   4   3.8e-06   5.3e-05   17.8   0.0   439   492     4    62     1    65 0.71 -
TRINITY_DN3346_c0_g1_i10:605-1477  -            291 1133at3041           -            691   2.1e-11   38.9   1.1   2   4     0.012      0.16    6.2   0.0   482   524   102   146    87   171 0.84 -
TRINITY_DN3346_c0_g1_i10:605-1477  -            291 1133at3041           -            691   2.1e-11   38.9   1.1   3   4      0.22       3.2    2.0   0.0   481   540   144   203   141   212 0.88 -
TRINITY_DN3346_c0_g1_i10:605-1477  -            291 1133at3041           -            691   2.1e-11   38.9   1.1   4   4   0.00081     0.011   10.1   0.1   427   495   212   286   204   289 0.76 -
TRINITY_DN3346_c0_g1_i6:741-1613   -            291 1133at3041           -            691   2.1e-11   38.9   1.1   1   4   3.8e-06   5.3e-05   17.8   0.0   439   492     4    62     1    65 0.71 -
TRINITY_DN3346_c0_g1_i6:741-1613   -            291 1133at3041           -            691   2.1e-11   38.9   1.1   2   4     0.012      0.16    6.2   0.0   482   524   102   146    87   171 0.84 -
TRINITY_DN3346_c0_g1_i6:741-1613   -            291 1133at3041           -            691   2.1e-11   38.9   1.1   3   4      0.22       3.2    2.0   0.0   481   540   144   203   141   212 0.88 -
TRINITY_DN3346_c0_g1_i6:741-1613   -            291 1133at3041           -            691   2.1e-11   38.9   1.1   4   4   0.00081     0.011   10.1   0.1   427   495   212   286   204   289 0.76 -
TRINITY_DN3346_c0_g1_i8:627-1499   -            291 1133at3041           -            691   2.1e-11   38.9   1.1   1   4   3.8e-06   5.3e-05   17.8   0.0   439   492     4    62     1    65 0.71 -
TRINITY_DN3346_c0_g1_i8:627-1499   -            291 1133at3041           -            691   2.1e-11   38.9   1.1   2   4     0.012      0.16    6.2   0.0   482   524   102   146    87   171 0.84 -
TRINITY_DN3346_c0_g1_i8:627-1499   -            291 1133at3041           -            691   2.1e-11   38.9   1.1   3   4      0.22       3.2    2.0   0.0   481   540   144   203   141   212 0.88 -
TRINITY_DN3346_c0_g1_i8:627-1499   -            291 1133at3041           -            691   2.1e-11   38.9   1.1   4   4   0.00081     0.011   10.1   0.1   427   495   212   286   204   289 0.76 -
TRINITY_DN223_c0_g1_i8:319-714     -            132 1133at3041           -            691   2.5e-11   38.7   0.2   1   2   8.6e-09   1.2e-07   26.5   0.0   170   238     5    73     2    93 0.82 -
TRINITY_DN223_c0_g1_i8:319-714     -            132 1133at3041           -            691   2.5e-11   38.7   0.2   2   2   0.00032    0.0045   11.4   0.0   462   499    89   126    85   132 0.82 -
TRINITY_DN223_c0_g1_i2:489-1022    -            178 1133at3041           -            691   3.1e-11   38.4   0.4   1   2   2.1e-11   2.9e-10   35.2   0.1   412   530     2   133     1   145 0.79 -
TRINITY_DN223_c0_g1_i2:489-1022    -            178 1133at3041           -            691   3.1e-11   38.4   0.4   2   2      0.57         8    0.7   0.0   206   234   150   178   143   178 0.90 -
TRINITY_DN635_c0_g1_i3:207-1073    -            289 1133at3041           -            691   9.5e-11   36.8   0.2   1   2   7.3e-07     1e-05   20.1   0.1   403   530    12   154     3   159 0.73 -
TRINITY_DN635_c0_g1_i3:207-1073    -            289 1133at3041           -            691   9.5e-11   36.8   0.2   2   2   4.6e-05   0.00065   14.2   0.0   179   238   182   240   161   271 0.77 -
TRINITY_DN4219_c0_g1_i3:870-1265   -            132 1133at3041           -            691     1e-10   36.7   0.3   1   1   1.3e-06   1.8e-05   19.3   0.1   462   518     5    62     2    64 0.92 -
TRINITY_DN5586_c0_g1_i1:33-599     -            189 1133at3041           -            691   2.2e-10   35.6   1.2   1   3   1.4e-07     2e-06   22.5   0.1   430   501     6    82     1    96 0.80 -
TRINITY_DN5586_c0_g1_i1:33-599     -            189 1133at3041           -            691   2.2e-10   35.6   1.2   2   3    0.0071       0.1    7.0   0.0   483   530    98   145    83   149 0.82 -
TRINITY_DN5586_c0_g1_i1:33-599     -            189 1133at3041           -            691   2.2e-10   35.6   1.2   3   3    0.0021      0.03    8.7   0.0   435   489   129   188   122   189 0.68 -
TRINITY_DN2617_c0_g2_i1:153-908    -            252 1133at3041           -            691   2.3e-10   35.5   0.1   1   3   2.3e-05   0.00033   15.1   0.0   462   530     4    74     2    76 0.90 -
TRINITY_DN2617_c0_g2_i1:153-908    -            252 1133at3041           -            691   2.3e-10   35.5   0.1   2   3   4.5e-06   6.4e-05   17.5   0.1   179   252    57   132    54   164 0.83 -
TRINITY_DN2617_c0_g2_i1:153-908    -            252 1133at3041           -            691   2.3e-10   35.5   0.1   3   3     0.054      0.76    4.0   0.0   167   209   193   236   182   244 0.69 -
TRINITY_DN453_c0_g1_i5:5-1747      -            581 1133at3041           -            691   2.6e-10   35.3   2.3   1   4   0.00079     0.011   10.1   0.0   464   533     8    84     4   105 0.72 -
TRINITY_DN453_c0_g1_i5:5-1747      -            581 1133at3041           -            691   2.6e-10   35.3   2.3   2   4    0.0014      0.02    9.3   0.1   335   422   313   406   298   415 0.74 -
TRINITY_DN453_c0_g1_i5:5-1747      -            581 1133at3041           -            691   2.6e-10   35.3   2.3   3   4    0.0084      0.12    6.7   0.0   163   241   412   490   406   499 0.77 -
TRINITY_DN453_c0_g1_i5:5-1747      -            581 1133at3041           -            691   2.6e-10   35.3   2.3   4   4     0.036      0.51    4.6   0.1   389   420   540   574   504   581 0.64 -
TRINITY_DN9119_c0_g1_i1:92-745     -            218 1133at3041           -            691   3.7e-10   34.8   0.0   1   3    0.0074      0.11    6.9   0.0   471   495    72    97    56   103 0.71 -
TRINITY_DN9119_c0_g1_i1:92-745     -            218 1133at3041           -            691   3.7e-10   34.8   0.0   2   3   1.5e-07   2.2e-06   22.4   0.0   435   514    73   158    69   164 0.87 -
TRINITY_DN9119_c0_g1_i1:92-745     -            218 1133at3041           -            691   3.7e-10   34.8   0.0   3   3    0.0013     0.018    9.4   0.0   437   488   162   218   158   218 0.85 -
TRINITY_DN9119_c0_g1_i2:456-1109   -            218 1133at3041           -            691   3.7e-10   34.8   0.0   1   3    0.0074      0.11    6.9   0.0   471   495    72    97    56   103 0.71 -
TRINITY_DN9119_c0_g1_i2:456-1109   -            218 1133at3041           -            691   3.7e-10   34.8   0.0   2   3   1.5e-07   2.2e-06   22.4   0.0   435   514    73   158    69   164 0.87 -
TRINITY_DN9119_c0_g1_i2:456-1109   -            218 1133at3041           -            691   3.7e-10   34.8   0.0   3   3    0.0013     0.018    9.4   0.0   437   488   162   218   158   218 0.85 -
TRINITY_DN4219_c0_g1_i11:783-1139  -            119 1133at3041           -            691   3.8e-10   34.8   0.2   1   1     1e-10   1.5e-09   32.8   0.2   433   529    13   114     3   118 0.80 -
TRINITY_DN4219_c0_g1_i28:783-1139  -            119 1133at3041           -            691   3.8e-10   34.8   0.2   1   1     1e-10   1.5e-09   32.8   0.2   433   529    13   114     3   118 0.80 -
TRINITY_DN453_c0_g1_i7:5-1729      -            575 1133at3041           -            691   5.2e-10   34.3   2.7   1   4    0.0012     0.017    9.5   0.0   481   533    24    78     1   100 0.71 -
TRINITY_DN453_c0_g1_i7:5-1729      -            575 1133at3041           -            691   5.2e-10   34.3   2.7   2   4    0.0013     0.018    9.4   0.1   335   422   307   400   292   412 0.74 -
TRINITY_DN453_c0_g1_i7:5-1729      -            575 1133at3041           -            691   5.2e-10   34.3   2.7   3   4    0.0083      0.12    6.7   0.0   163   241   406   484   400   493 0.77 -
TRINITY_DN453_c0_g1_i7:5-1729      -            575 1133at3041           -            691   5.2e-10   34.3   2.7   4   4      0.03      0.43    4.9   0.1   389   420   534   568   496   575 0.59 -
TRINITY_DN4578_c0_g1_i2:1003-1860  -            286 1133at3041           -            691   6.5e-10   34.0   0.6   1   2     1e-05   0.00014   16.4   0.0   433   510    10    93     4   116 0.74 -
TRINITY_DN4578_c0_g1_i2:1003-1860  -            286 1133at3041           -            691   6.5e-10   34.0   0.6   2   2   2.7e-05   0.00038   15.0   0.1   416   521   167   280   135   284 0.71 -
TRINITY_DN1156_c0_g1_i7:1940-2569  -            210 1133at3041           -            691   2.3e-09   32.2   0.7   1   3   0.00015    0.0021   12.5   0.0   462   512     3    54     2    59 0.87 -
TRINITY_DN1156_c0_g1_i7:1940-2569  -            210 1133at3041           -            691   2.3e-09   32.2   0.7   2   3   6.4e-06   9.1e-05   17.0   0.0   142   232    58   149    48   162 0.73 -
TRINITY_DN1156_c0_g1_i7:1940-2569  -            210 1133at3041           -            691   2.3e-09   32.2   0.7   3   3      0.42       5.9    1.1   0.0   463   488   174   199   126   209 0.46 -
TRINITY_DN29077_c0_g1_i1:205-609   -            135 1133at3041           -            691   4.5e-09   31.2   0.0   1   2     0.022      0.31    5.3   0.0   502   530     4    31     1    47 0.69 -
TRINITY_DN29077_c0_g1_i1:205-609   -            135 1133at3041           -            691   4.5e-09   31.2   0.0   2   2   6.2e-08   8.7e-07   23.7   0.0   434   506    56   134    45   135 0.81 -
TRINITY_DN9373_c0_g1_i3:6-440      -            145 1133at3041           -            691   6.7e-09   30.7   0.3   1   1     6e-10   8.5e-09   30.3   0.3   435   533    10   113     1   144 0.75 -
TRINITY_DN7497_c0_g1_i2:2-373      -            124 1133at3041           -            691   8.6e-09   30.3   0.4   1   1   8.9e-10   1.3e-08   29.8   0.4   432   530    12   119     3   122 0.86 -
TRINITY_DN322_c0_g2_i1:398-748     -            117 1133at3041           -            691   1.2e-08   29.9   0.2   1   1   1.2e-09   1.6e-08   29.4   0.2   435   529    10   109     2   115 0.84 -
TRINITY_DN1954_c0_g1_i2:19-249     -             77 1133at3041           -            691   1.4e-08   29.6   0.1   1   1   1.1e-09   1.6e-08   29.4   0.1   463   530     4    71     1    76 0.90 -
TRINITY_DN16442_c0_g1_i1:7-300     -             98 1133at3041           -            691   1.7e-08   29.3   0.6   1   1   2.2e-09   3.2e-08   28.4   0.6   442   530     5    97     1    98 0.83 -
TRINITY_DN2617_c0_g2_i4:391-834    -            148 1133at3041           -            691   1.8e-08   29.3   0.1   1   2     7e-08     1e-06   23.5   0.0   431   530     4   110     1   112 0.85 -
TRINITY_DN2617_c0_g2_i4:391-834    -            148 1133at3041           -            691   1.8e-08   29.3   0.1   2   2    0.0038     0.054    7.8   0.0   484   520   106   143    98   148 0.69 -
TRINITY_DN42573_c0_g1_i1:11-286    -             92 1133at3041           -            691     2e-08   29.1   0.0   1   1   1.4e-09     2e-08   29.1   0.0   435   499    12    81     2    92 0.83 -
TRINITY_DN1156_c0_g1_i1:801-1331   -            177 1133at3041           -            691   3.4e-08   28.3   1.1   1   3     0.002     0.029    8.7   0.0   460   495    26    61    20    78 0.85 -
TRINITY_DN1156_c0_g1_i1:801-1331   -            177 1133at3041           -            691   3.4e-08   28.3   1.1   2   3    0.0071       0.1    6.9   0.1   395   421    75   101    65   106 0.85 -
TRINITY_DN1156_c0_g1_i1:801-1331   -            177 1133at3041           -            691   3.4e-08   28.3   1.1   3   3   0.00064     0.009   10.4   0.0   460   521   111   174   107   177 0.86 -
TRINITY_DN12460_c0_g1_i1:1-345     -            115 1133at3041           -            691   4.5e-08   27.9   0.0   1   1   1.4e-08     2e-07   25.8   0.0   141   237     5   114     1   115 0.74 -
TRINITY_DN1717_c0_g1_i1:2-307      -            102 1133at3041           -            691   5.7e-08   27.6   0.2   1   1   4.5e-09   6.4e-08   27.4   0.2   439   530     2    98     1   101 0.84 -
TRINITY_DN18437_c0_g1_i1:2-442     -            147 1133at3041           -            691     6e-08   27.5   0.0   1   2   7.3e-08     1e-06   23.4   0.0   429   516    14   107     7   125 0.82 -
TRINITY_DN18437_c0_g1_i1:2-442     -            147 1133at3041           -            691     6e-08   27.5   0.0   2   2      0.12       1.8    2.8   0.0   476   506   113   144   108   147 0.64 -
TRINITY_DN7365_c0_g1_i1:148-843    -            232 1133at3041           -            691   6.1e-08   27.5   0.2   1   2     0.013      0.18    6.1   0.0   432   458    11    37     4    52 0.76 -
TRINITY_DN7365_c0_g1_i1:148-843    -            232 1133at3041           -            691   6.1e-08   27.5   0.2   2   2   2.2e-06   3.2e-05   18.5   0.0   436   522   122   221   109   231 0.82 -
TRINITY_DN7365_c0_g1_i2:148-843    -            232 1133at3041           -            691   6.1e-08   27.5   0.2   1   2     0.013      0.18    6.1   0.0   432   458    11    37     4    52 0.76 -
TRINITY_DN7365_c0_g1_i2:148-843    -            232 1133at3041           -            691   6.1e-08   27.5   0.2   2   2   2.2e-06   3.2e-05   18.5   0.0   436   522   122   221   109   231 0.82 -
TRINITY_DN9373_c0_g1_i2:6-404      -            133 1133at3041           -            691   6.7e-08   27.4   0.1   1   1   6.7e-09   9.5e-08   26.9   0.1   460   533    28   101     3   129 0.79 -
TRINITY_DN7898_c0_g1_i2:44-529     -            162 1133at3041           -            691   1.1e-07   26.7   0.1   1   2   3.8e-07   5.4e-06   21.1   0.0   436   529    18   116     5   117 0.82 -
TRINITY_DN7898_c0_g1_i2:44-529     -            162 1133at3041           -            691   1.1e-07   26.7   0.1   2   2    0.0035     0.049    8.0   0.1   179   232   101   154    82   161 0.61 -
TRINITY_DN28678_c0_g1_i1:5-661     -            219 1133at3041           -            691   1.2e-07   26.5   1.9   1   3   8.7e-05    0.0012   13.3   0.1   158   234     7    84     3    92 0.87 -
TRINITY_DN28678_c0_g1_i1:5-661     -            219 1133at3041           -            691   1.2e-07   26.5   1.9   2   3    0.0021      0.03    8.7   0.1   480   542   124   187   103   192 0.82 -
TRINITY_DN28678_c0_g1_i1:5-661     -            219 1133at3041           -            691   1.2e-07   26.5   1.9   3   3      0.13       1.9    2.8   0.1   395   417   197   217   185   218 0.68 -
TRINITY_DN1156_c0_g1_i7:3086-3541  -            152 1133at3041           -            691   2.1e-07   25.7   1.7   1   3     0.049       0.7    4.2   0.0   467   495     3    31     1    48 0.76 -
TRINITY_DN1156_c0_g1_i7:3086-3541  -            152 1133at3041           -            691   2.1e-07   25.7   1.7   2   3    0.0054     0.076    7.3   0.0   395   421    45    71    36    78 0.86 -
TRINITY_DN1156_c0_g1_i7:3086-3541  -            152 1133at3041           -            691   2.1e-07   25.7   1.7   3   3   0.00019    0.0028   12.1   0.1   460   523    81   146    75   152 0.83 -
TRINITY_DN2166_c0_g1_i3:1589-2293  -            235 1133at3041           -            691   2.3e-07   25.6   0.1   1   2   1.6e-06   2.3e-05   19.0   0.0   164   248     2    86     1    96 0.91 -
TRINITY_DN2166_c0_g1_i3:1589-2293  -            235 1133at3041           -            691   2.3e-07   25.6   0.1   2   2      0.03      0.42    4.9   0.0   402   453   154   212   143   227 0.72 -
TRINITY_DN1717_c0_g1_i3:87-542     -            152 1133at3041           -            691   2.4e-07   25.5   0.6   1   1   0.00011    0.0016   12.9   0.1   466   531     2    67     1    79 0.86 -
TRINITY_DN33620_c0_g1_i1:42-596    -            185 1133at3041           -            691   2.8e-07   25.3   1.1   1   1   0.00016    0.0023   12.4   0.1   171   241   102   172    97   179 0.80 -
TRINITY_DN2166_c0_g1_i3:881-1819   -            313 1133at3041           -            691   3.6e-07   24.9   0.1   1   3     0.078       1.1    3.5   0.0   464   511     6    53     1    71 0.56 -
TRINITY_DN2166_c0_g1_i3:881-1819   -            313 1133at3041           -            691   3.6e-07   24.9   0.1   2   3       1.7        24   -0.9   0.0   475   522   160   214   150   231 0.60 -
TRINITY_DN2166_c0_g1_i3:881-1819   -            313 1133at3041           -            691   3.6e-07   24.9   0.1   3   3   1.9e-06   2.7e-05   18.7   0.0   162   237   236   311   189   313 0.82 -
TRINITY_DN1954_c0_g1_i1:104-319    -             72 1133at3041           -            691   5.9e-07   24.2   0.1   1   1   4.3e-08   6.1e-07   24.2   0.1   463   530     4    71     1    72 0.90 -
TRINITY_DN5586_c0_g1_i2:76-507     -            144 1133at3041           -            691     9e-07   23.6   0.9   1   3    0.0012     0.017    9.5   0.0   466   501     2    37     1    51 0.84 -
TRINITY_DN5586_c0_g1_i2:76-507     -            144 1133at3041           -            691     9e-07   23.6   0.9   2   3    0.0035     0.049    8.0   0.0   483   530    53   100    34   103 0.80 -
TRINITY_DN5586_c0_g1_i2:76-507     -            144 1133at3041           -            691     9e-07   23.6   0.9   3   3     0.002     0.028    8.8   0.0   437   489    86   143    81   144 0.76 -
TRINITY_DN34973_c0_g1_i2:122-919   -            266 1133at3041           -            691   9.4e-07   23.6   1.3   1   4      0.37       5.3    1.3   0.0   462   515    17    76     9    91 0.64 -
TRINITY_DN34973_c0_g1_i2:122-919   -            266 1133at3041           -            691   9.4e-07   23.6   1.3   2   4       0.2       2.9    2.1   0.0   405   419   133   147   126   164 0.61 -
TRINITY_DN34973_c0_g1_i2:122-919   -            266 1133at3041           -            691   9.4e-07   23.6   1.3   3   4     0.031      0.43    4.9   0.3   154   196   147   193   138   197 0.76 -
TRINITY_DN34973_c0_g1_i2:122-919   -            266 1133at3041           -            691   9.4e-07   23.6   1.3   4   4   0.00021     0.003   12.0   0.0   462   489   238   265   226   266 0.90 -
TRINITY_DN9373_c0_g1_i1:1-348      -            116 1133at3041           -            691   9.6e-07   23.5   0.1   1   2   0.00027    0.0038   11.6   0.0   446   498     9    66     3    68 0.73 -
TRINITY_DN9373_c0_g1_i1:1-348      -            116 1133at3041           -            691   9.6e-07   23.5   0.1   2   2   0.00047    0.0067   10.8   0.0   470   517    68   116    63   116 0.89 -
TRINITY_DN1531_c0_g1_i1:52-828     -            259 1133at3041           -            691     1e-06   23.5   0.0   1   2   2.8e-06     4e-05   18.2   0.0   141   278    33   172    24   190 0.75 -
TRINITY_DN1531_c0_g1_i1:52-828     -            259 1133at3041           -            691     1e-06   23.5   0.0   2   2     0.082       1.2    3.4   0.0   462   488   232   258   176   259 0.68 -
TRINITY_DN223_c0_g1_i1:277-516     -             80 1133at3041           -            691   1.1e-06   23.4   0.0   1   1   8.4e-08   1.2e-06   23.2   0.0   159   231     8    80     3    80 0.87 -
TRINITY_DN4550_c0_g1_i3:624-1625   -            334 1133at3041           -            691   1.3e-06   23.1   0.1   1   2   5.1e-06   7.2e-05   17.3   0.0   146   241    47   139    24   167 0.81 -
TRINITY_DN4550_c0_g1_i3:624-1625   -            334 1133at3041           -            691   1.3e-06   23.1   0.1   2   2      0.42         6    1.1   0.0   128   155   302   330   288   333 0.72 -
TRINITY_DN9759_c0_g1_i1:19-492     -            158 1133at3041           -            691   1.3e-06   23.1   0.0   1   1   3.5e-07     5e-06   21.2   0.0   157   253    29   126    19   130 0.91 -
TRINITY_DN4578_c0_g2_i2:6-593      -            196 1133at3041           -            691   1.4e-06   23.0   2.4   1   3   0.00063    0.0089   10.4   0.3   181   269     1    85     1    88 0.78 -
TRINITY_DN4578_c0_g2_i2:6-593      -            196 1133at3041           -            691   1.4e-06   23.0   2.4   2   3   0.00014     0.002   12.6   0.0   169   522    73   135    61   140 0.52 -
TRINITY_DN4578_c0_g2_i2:6-593      -            196 1133at3041           -            691   1.4e-06   23.0   2.4   3   3     0.006     0.084    7.2   0.1   136   198   123   188   120   193 0.72 -
TRINITY_DN9991_c0_g1_i1:6-359      -            118 1133at3041           -            691   1.4e-06   23.0   2.9   1   2   6.8e-05   0.00096   13.6   0.1   438   493    19    80    12    87 0.77 -
TRINITY_DN9991_c0_g1_i1:6-359      -            118 1133at3041           -            691   1.4e-06   23.0   2.9   2   2    0.0067     0.094    7.0   0.2   387   417    87   117    81   118 0.85 -
TRINITY_DN30900_c0_g1_i1:1-237     -             79 1133at3041           -            691   1.7e-06   22.7   0.0   1   1   1.4e-07   1.9e-06   22.5   0.0   173   238     3    67     1    76 0.87 -
TRINITY_DN6289_c0_g1_i4:1651-2487  -            279 1133at3041           -            691   1.8e-06   22.6   0.3   1   2   7.6e-05    0.0011   13.5   0.1   403   530     3   150     1   154 0.71 -
TRINITY_DN6289_c0_g1_i4:1651-2487  -            279 1133at3041           -            691   1.8e-06   22.6   0.3   2   2     0.012      0.17    6.2   0.0   160   222   156   218   146   279 0.70 -
TRINITY_DN32453_c0_g1_i1:16-339    -            108 1133at3041           -            691   3.5e-06   21.7   0.1   1   1   2.9e-07   4.2e-06   21.4   0.1   444   530     1    93     1   106 0.78 -
TRINITY_DN856_c0_g1_i2:81-734      -            218 1133at3041           -            691     5e-06   21.2   0.2   1   2    0.0014     0.019    9.3   0.2   110   240     9   137     6   148 0.87 -
TRINITY_DN856_c0_g1_i2:81-734      -            218 1133at3041           -            691     5e-06   21.2   0.2   2   2   0.00062    0.0088   10.4   0.0   164   230   145   209   136   217 0.82 -
TRINITY_DN4550_c0_g1_i1:624-1430   -            269 1133at3041           -            691   5.2e-06   21.1   0.4   1   2   2.4e-05   0.00034   15.1   0.0   179   241    13    74     1   120 0.82 -
TRINITY_DN4550_c0_g1_i1:624-1430   -            269 1133at3041           -            691   5.2e-06   21.1   0.4   2   2      0.31       4.4    1.5   0.0   128   155   237   265   223   268 0.72 -
TRINITY_DN15084_c0_g1_i1:21-311    -             97 1133at3041           -            691   5.9e-06   20.9   0.0   1   1   4.2e-07   5.9e-06   20.9   0.0   466   536     2    72     1    97 0.73 -
TRINITY_DN34297_c0_g1_i1:56-514    -            153 1133at3041           -            691   6.8e-06   20.7   0.0   1   2   0.00024    0.0034   11.8   0.0   185   255     6    80     1    83 0.75 -
TRINITY_DN34297_c0_g1_i1:56-514    -            153 1133at3041           -            691   6.8e-06   20.7   0.0   2   2    0.0055     0.078    7.3   0.0   180   234    98   151    74   152 0.79 -
TRINITY_DN4316_c0_g1_i1:64-300     -             79 1133at3041           -            691   9.2e-06   20.3   0.1   1   1   8.2e-07   1.2e-05   20.0   0.1   475   529     3    58     1    79 0.75 -
TRINITY_DN1246_c0_g1_i1:221-964    -            248 1133at3041           -            691   1.2e-05   19.9   0.1   1   2   1.7e-05   0.00023   15.6   0.0   402   520    16   149     2   156 0.71 -
TRINITY_DN1246_c0_g1_i1:221-964    -            248 1133at3041           -            691   1.2e-05   19.9   0.1   2   2     0.026      0.37    5.1   0.1   486   520   115   149   110   245 0.50 -
TRINITY_DN3689_c0_g1_i1:512-1330   -            273 1133at3041           -            691   1.5e-05   19.6   1.9   1   2      0.69       9.7    0.4   0.0   396   421    16    42     3    48 0.75 -
TRINITY_DN3689_c0_g1_i1:512-1330   -            273 1133at3041           -            691   1.5e-05   19.6   1.9   2   2   3.6e-05   0.00051   14.5   1.1   379   458   188   270   141   273 0.69 -
TRINITY_DN646_c0_g1_i2:315-806     -            164 1133at3041           -            691   2.8e-05   18.7   0.0   1   2   1.3e-05   0.00019   16.0   0.0   464   520    40    96    23   113 0.86 -
TRINITY_DN646_c0_g1_i2:315-806     -            164 1133at3041           -            691   2.8e-05   18.7   0.0   2   2      0.42         6    1.1   0.0   398   419   139   160    98   164 0.68 -
TRINITY_DN646_c0_g1_i3:215-718     -            168 1133at3041           -            691   2.9e-05   18.6   0.0   1   2   1.2e-05   0.00017   16.1   0.0   463   520    43   100    11   117 0.86 -
TRINITY_DN646_c0_g1_i3:215-718     -            168 1133at3041           -            691   2.9e-05   18.6   0.0   2   2      0.44       6.3    1.0   0.0   398   419   143   164   102   168 0.68 -
TRINITY_DN1717_c0_g1_i6:4-228      -             75 1133at3041           -            691     3e-05   18.6   0.1   1   1   2.5e-06   3.5e-05   18.4   0.1   462   529     7    74     3    75 0.90 -
TRINITY_DN1269_c0_g1_i2:15-314     -            100 1133at3041           -            691   3.1e-05   18.5   1.0   1   1   7.5e-06   0.00011   16.8   1.0   404   488     1    99     1   100 0.64 -
TRINITY_DN1611_c0_g1_i1:238-810    -            191 1133at3041           -            691   4.1e-05   18.1   0.7   1   2    0.0013     0.019    9.4   0.1   435   488    51   108    41   141 0.64 -
TRINITY_DN1611_c0_g1_i1:238-810    -            191 1133at3041           -            691   4.1e-05   18.1   0.7   2   2    0.0041     0.058    7.7   0.1   386   417   156   190   120   191 0.74 -
TRINITY_DN1611_c0_g1_i2:238-810    -            191 1133at3041           -            691   4.1e-05   18.1   0.7   1   2    0.0013     0.019    9.4   0.1   435   488    51   108    41   141 0.64 -
TRINITY_DN1611_c0_g1_i2:238-810    -            191 1133at3041           -            691   4.1e-05   18.1   0.7   2   2    0.0041     0.058    7.7   0.1   386   417   156   190   120   191 0.74 -
TRINITY_DN1611_c0_g1_i4:238-810    -            191 1133at3041           -            691   4.1e-05   18.1   0.7   1   2    0.0013     0.019    9.4   0.1   435   488    51   108    41   141 0.64 -
TRINITY_DN1611_c0_g1_i4:238-810    -            191 1133at3041           -            691   4.1e-05   18.1   0.7   2   2    0.0041     0.058    7.7   0.1   386   417   156   190   120   191 0.74 -
TRINITY_DN32856_c0_g1_i1:0-218     -             73 1133at3041           -            691   4.7e-05   18.0   0.2   1   1   3.4e-06   4.8e-05   17.9   0.2   466   519    10    64     3    73 0.51 -
TRINITY_DN23569_c0_g1_i1:75-596    -            174 1133at3041           -            691   6.4e-05   17.5   0.2   1   2   3.8e-05   0.00054   14.5   0.0   159   237    51   130    15   144 0.80 -
TRINITY_DN23569_c0_g1_i1:75-596    -            174 1133at3041           -            691   6.4e-05   17.5   0.2   2   2      0.37       5.2    1.3   0.1   470   488   156   174   137   174 0.69 -
TRINITY_DN3378_c0_g2_i1:42-446     -            135 1133at3041           -            691   7.1e-05   17.4   0.9   1   2   0.00026    0.0036   11.7   0.0   461   512    20    72     1    74 0.76 -
TRINITY_DN3378_c0_g2_i1:42-446     -            135 1133at3041           -            691   7.1e-05   17.4   0.9   2   2     0.033      0.46    4.8   0.1   182   237    78   134    72   135 0.69 -
TRINITY_DN5936_c0_g1_i1:40-339     -            100 1133at3041           -            691   7.8e-05   17.2   1.1   1   2   2.2e-05   0.00031   15.2   0.2   475   531     3    59     1    65 0.84 -
TRINITY_DN5936_c0_g1_i1:40-339     -            100 1133at3041           -            691   7.8e-05   17.2   1.1   2   2      0.49       6.9    0.9   0.1   171   417    75   100    59   100 0.48 -
TRINITY_DN12590_c0_g1_i1:123-512   -            130 1133at3041           -            691   8.9e-05   17.0   0.1   1   1     0.003     0.043    8.2   0.0   463   516     5    59     2    70 0.79 -
TRINITY_DN40366_c0_g1_i1:2-304     -            101 1133at3041           -            691   9.5e-05   16.9   0.2   1   2      0.15       2.1    2.6   0.0   404   420     2    18     1    32 0.74 -
TRINITY_DN40366_c0_g1_i1:2-304     -            101 1133at3041           -            691   9.5e-05   16.9   0.2   2   2   8.7e-05    0.0012   13.3   0.0   171   237    38   101    15   101 0.74 -
TRINITY_DN3704_c0_g1_i1:158-958    -            267 1133at3041           -            691    0.0001   16.9   1.8   1   2    0.0092      0.13    6.6   0.1   435   505    16   101     8   122 0.65 -
TRINITY_DN3704_c0_g1_i1:158-958    -            267 1133at3041           -            691    0.0001   16.9   1.8   2   2    0.0067     0.095    7.0   0.4   206   297   158   253   129   258 0.65 -
TRINITY_DN1990_c0_g2_i1:556-792    -             79 1133at3041           -            691   0.00017   16.1   0.0   1   1   1.4e-05    0.0002   15.9   0.0   462   530     7    76     4    79 0.87 -
TRINITY_DN21790_c0_g1_i1:20-304    -             95 1133at3041           -            691   0.00044   14.8   0.1   1   1   3.3e-05   0.00047   14.7   0.1   184   267     3    79     1    95 0.70 -
TRINITY_DN18738_c0_g1_i1:33-317    -             95 1133at3041           -            691   0.00076   14.0   0.0   1   1   5.7e-05   0.00081   13.9   0.0   443   522     4    89     1    95 0.67 -
TRINITY_DN3181_c0_g1_i3:1-654      -            218 1133at3041           -            691   0.00088   13.7   0.0   1   1   9.2e-05    0.0013   13.2   0.0   185   257   125   199   117   206 0.75 -
TRINITY_DN28817_c0_g1_i1:75-296    -             74 1133at3041           -            691    0.0011   13.5   0.1   1   1   8.2e-05    0.0012   13.4   0.1   463   529     8    74     3    74 0.90 -
TRINITY_DN17392_c0_g1_i1:163-867   -            235 1133at3041           -            691    0.0012   13.3   0.8   1   2   0.00086     0.012   10.0   0.2   182   237     6    59     2    64 0.87 -
TRINITY_DN17392_c0_g1_i1:163-867   -            235 1133at3041           -            691    0.0012   13.3   0.8   2   2      0.73        10    0.3   0.0   402   426   177   202   152   217 0.73 -
TRINITY_DN15794_c0_g1_i1:46-561    -            172 1133at3041           -            691    0.0017   12.8   0.5   1   1    0.0046     0.066    7.6   0.1   400   422   107   129    86   148 0.69 -
TRINITY_DN3704_c0_g1_i2:140-850    -            237 1133at3041           -            691    0.0019   12.6   1.3   1   2    0.0073       0.1    6.9   0.1   435   505    16   101     7   120 0.65 -
TRINITY_DN3704_c0_g1_i2:140-850    -            237 1133at3041           -            691    0.0019   12.6   1.3   2   2     0.041      0.58    4.4   0.2   206   243   158   194   124   233 0.78 -
TRINITY_DN453_c0_g1_i3:101-502     -            134 1133at3041           -            691    0.0024   12.3   0.2   1   2    0.0028     0.039    8.3   0.0   170   241     4    75     1    83 0.72 -
TRINITY_DN453_c0_g1_i3:101-502     -            134 1133at3041           -            691    0.0024   12.3   0.2   2   2      0.15       2.1    2.6   0.0   396   420    93   117    83   134 0.79 -
TRINITY_DN453_c0_g1_i4:101-502     -            134 1133at3041           -            691    0.0024   12.3   0.2   1   2    0.0028     0.039    8.3   0.0   170   241     4    75     1    83 0.72 -
TRINITY_DN453_c0_g1_i4:101-502     -            134 1133at3041           -            691    0.0024   12.3   0.2   2   2      0.15       2.1    2.6   0.0   396   420    93   117    83   134 0.79 -
TRINITY_DN1909_c0_g1_i5:281-913    -            211 1133at3041           -            691    0.0025   12.2   0.0   1   2     0.032      0.45    4.8   0.0    97   164    89   157    41   176 0.78 -
TRINITY_DN1909_c0_g1_i5:281-913    -            211 1133at3041           -            691    0.0025   12.2   0.0   2   2     0.018      0.25    5.6   0.0   436   460   186   210   143   211 0.83 -
TRINITY_DN41156_c0_g1_i1:1-222     -             74 1133at3041           -            691    0.0073   10.7   0.1   1   1   0.00064    0.0091   10.4   0.1   473   527    16    71     4    74 0.79 -
TRINITY_DN21264_c0_g1_i1:4-222     -             73 1133at3041           -            691     0.013    9.8   0.3   1   2    0.0061     0.087    7.2   0.1   502   530     4    36     1    42 0.77 -
TRINITY_DN21264_c0_g1_i1:4-222     -             73 1133at3041           -            691     0.013    9.8   0.3   2   2      0.22       3.1    2.0   0.1   491   519    41    70    30    73 0.70 -
TRINITY_DN6914_c0_g1_i1:40-834     -            265 1133at3041           -            691      0.02    9.3   0.2   1   2      0.13       1.8    2.8   0.0   404   420     1    17     1    23 0.85 -
TRINITY_DN6914_c0_g1_i1:40-834     -            265 1133at3041           -            691      0.02    9.3   0.2   2   2     0.045      0.63    4.3   0.0   403   506   110   142    90   205 0.78 -
#
# Program:         hmmsearch
# Version:         3.2.1 (June 2018)
# Pipeline mode:   SEARCH
# Query file:      /sw/bioinfo/BUSCO/v5_lineage_sets/lineages/chlorophyta_odb10/hmms/1133at3041.hmm
# Target file:     /crex/proj/snic2022-23-81/expression_algae/code/busco/trinity_VA-3180-Osg12Mul/run_chlorophyta_odb10/metaeuk_output/rerun_results/trinity_VA-3180-Osg12Mul.Trinity.fasta.modified.fas
# Option settings: hmmsearch --domtblout /crex/proj/snic2022-23-81/expression_algae/code/busco/trinity_VA-3180-Osg12Mul/run_chlorophyta_odb10/hmmer_output/rerun_results/1133at3041.out --cpu 1 /sw/bioinfo/BUSCO/v5_lineage_sets/lineages/chlorophyta_odb10/hmms/1133at3041.hmm /crex/proj/snic2022-23-81/expression_algae/code/busco/trinity_VA-3180-Osg12Mul/run_chlorophyta_odb10/metaeuk_output/rerun_results/trinity_VA-3180-Osg12Mul.Trinity.fasta.modified.fas 
# Current dir:     /crex/proj/snic2022-23-81/expression_algae/code/busco
# Date:            Fri Sep 23 10:13:36 2022
# [ok]
