#                                                                                         --- full sequence --- -------------- this domain -------------   hmm coord   ali coord   env coord
# target name                     accession   tlen query name           accession   qlen   E-value  score  bias   #  of  c-Evalue  i-Evalue  score  bias  from    to  from    to  from    to  acc description of target
#             ------------------- ---------- ----- -------------------- ---------- ----- --------- ------ ----- --- --- --------- --------- ------ ----- ----- ----- ----- ----- ----- ----- ---- ---------------------
TRINITY_DN9530_c0_g1_i2:2535-3845 -            437 363at3041            -            702   8.3e-22   73.5   9.5   1   4   8.1e-18   3.2e-15   51.7   0.7    14   166    13   182     2   189 0.73 -
TRINITY_DN9530_c0_g1_i2:2535-3845 -            437 363at3041            -            702   8.3e-22   73.5   9.5   2   4   0.00086      0.34    5.4   0.1   226   249   221   244   215   252 0.83 -
TRINITY_DN9530_c0_g1_i2:2535-3845 -            437 363at3041            -            702   8.3e-22   73.5   9.5   3   4   1.1e-05    0.0045   11.6   0.0   281   318   254   292   244   303 0.84 -
TRINITY_DN9530_c0_g1_i2:2535-3845 -            437 363at3041            -            702   8.3e-22   73.5   9.5   4   4   0.00058      0.23    5.9   0.0   331   362   399   428   379   435 0.83 -
TRINITY_DN9530_c0_g1_i3:1151-2461 -            437 363at3041            -            702   8.3e-22   73.5   9.5   1   4   8.1e-18   3.2e-15   51.7   0.7    14   166    13   182     2   189 0.73 -
TRINITY_DN9530_c0_g1_i3:1151-2461 -            437 363at3041            -            702   8.3e-22   73.5   9.5   2   4   0.00086      0.34    5.4   0.1   226   249   221   244   215   252 0.83 -
TRINITY_DN9530_c0_g1_i3:1151-2461 -            437 363at3041            -            702   8.3e-22   73.5   9.5   3   4   1.1e-05    0.0045   11.6   0.0   281   318   254   292   244   303 0.84 -
TRINITY_DN9530_c0_g1_i3:1151-2461 -            437 363at3041            -            702   8.3e-22   73.5   9.5   4   4   0.00058      0.23    5.9   0.0   331   362   399   428   379   435 0.83 -
TRINITY_DN9530_c0_g1_i7:1887-3197 -            437 363at3041            -            702   8.3e-22   73.5   9.5   1   4   8.1e-18   3.2e-15   51.7   0.7    14   166    13   182     2   189 0.73 -
TRINITY_DN9530_c0_g1_i7:1887-3197 -            437 363at3041            -            702   8.3e-22   73.5   9.5   2   4   0.00086      0.34    5.4   0.1   226   249   221   244   215   252 0.83 -
TRINITY_DN9530_c0_g1_i7:1887-3197 -            437 363at3041            -            702   8.3e-22   73.5   9.5   3   4   1.1e-05    0.0045   11.6   0.0   281   318   254   292   244   303 0.84 -
TRINITY_DN9530_c0_g1_i7:1887-3197 -            437 363at3041            -            702   8.3e-22   73.5   9.5   4   4   0.00058      0.23    5.9   0.0   331   362   399   428   379   435 0.83 -
TRINITY_DN38444_c0_g1_i2:364-2769 -            802 363at3041            -            702     7e-16   53.9   5.5   1   5     6e-12   2.3e-09   32.4   0.2    42   164     4   145     1   152 0.74 -
TRINITY_DN38444_c0_g1_i2:364-2769 -            802 363at3041            -            702     7e-16   53.9   5.5   2   5     0.015       6.1    1.2   0.1   173   217   375   422   354   428 0.81 -
TRINITY_DN38444_c0_g1_i2:364-2769 -            802 363at3041            -            702     7e-16   53.9   5.5   3   5     0.011       4.2    1.8   0.1   341   359   425   443   418   453 0.82 -
TRINITY_DN38444_c0_g1_i2:364-2769 -            802 363at3041            -            702     7e-16   53.9   5.5   4   5   2.4e-07   9.4e-05   17.1   0.0   500   534   569   603   558   627 0.80 -
TRINITY_DN38444_c0_g1_i2:364-2769 -            802 363at3041            -            702     7e-16   53.9   5.5   5   5      0.19        74   -2.4   0.0   608   630   736   758   729   762 0.84 -
#
# Program:         hmmsearch
# Version:         3.2.1 (June 2018)
# Pipeline mode:   SEARCH
# Query file:      /sw/bioinfo/BUSCO/v5_lineage_sets/lineages/chlorophyta_odb10/hmms/363at3041.hmm
# Target file:     /crex/proj/snic2022-23-81/expression_algae/code/busco/trinity_VA-3180-Osg12Mul/run_chlorophyta_odb10/metaeuk_output/rerun_results/trinity_VA-3180-Osg12Mul.Trinity.fasta.modified.fas
# Option settings: hmmsearch --domtblout /crex/proj/snic2022-23-81/expression_algae/code/busco/trinity_VA-3180-Osg12Mul/run_chlorophyta_odb10/hmmer_output/rerun_results/363at3041.out --cpu 1 /sw/bioinfo/BUSCO/v5_lineage_sets/lineages/chlorophyta_odb10/hmms/363at3041.hmm /crex/proj/snic2022-23-81/expression_algae/code/busco/trinity_VA-3180-Osg12Mul/run_chlorophyta_odb10/metaeuk_output/rerun_results/trinity_VA-3180-Osg12Mul.Trinity.fasta.modified.fas 
# Current dir:     /crex/proj/snic2022-23-81/expression_algae/code/busco
# Date:            Fri Sep 23 10:13:33 2022
# [ok]
