#                                                                                          --- full sequence --- -------------- this domain -------------   hmm coord   ali coord   env coord
# target name                      accession   tlen query name           accession   qlen   E-value  score  bias   #  of  c-Evalue  i-Evalue  score  bias  from    to  from    to  from    to  acc description of target
#              ------------------- ---------- ----- -------------------- ---------- ----- --------- ------ ----- --- --- --------- --------- ------ ----- ----- ----- ----- ----- ----- ----- ---- ---------------------
TRINITY_DN8160_c0_g1_i1:52-537     -            162 3974at3041           -            233   2.3e-75  250.0   0.1   1   1   3.5e-75   1.8e-74  247.1   0.1    92   228     1   156     1   162 0.87 -
TRINITY_DN8160_c0_g1_i2:52-663     -            162 3974at3041           -            233   1.7e-74  247.1   0.1   1   1   2.6e-74   1.3e-73  244.2   0.1    92   228     1   156     1   162 0.87 -
TRINITY_DN39031_c0_g1_i1:174-1043  -            290 3974at3041           -            233     8e-33  110.8   0.0   1   1   2.2e-33   1.1e-32  110.3   0.0     5   198     4   202     2   219 0.87 -
TRINITY_DN410_c0_g3_i2:24-560      -            179 3974at3041           -            233   3.6e-26   89.0   0.0   1   1   8.7e-27   4.4e-26   88.7   0.0    39   203     1   165     1   174 0.87 -
TRINITY_DN2654_c0_g1_i2:18-857     -            280 3974at3041           -            233     9e-26   87.7   0.0   1   1   2.6e-26   1.3e-25   87.1   0.0     6   203     3   203     1   228 0.81 -
TRINITY_DN410_c0_g3_i3:54-587      -            178 3974at3041           -            233   2.4e-25   86.3   0.1   1   1   5.6e-26   2.9e-25   86.0   0.1    51   212     3   165     1   172 0.84 -
TRINITY_DN1631_c0_g1_i2:422-1114   -            231 3974at3041           -            233   2.1e-24   83.2   0.0   1   1   5.8e-25     3e-24   82.7   0.0     6   203     3   205     1   217 0.82 -
TRINITY_DN494_c1_g1_i1:665-1429    -            255 3974at3041           -            233   4.1e-23   79.0   0.0   1   1     1e-23   5.3e-23   78.6   0.0    10   202     2   198     1   213 0.84 -
TRINITY_DN410_c0_g1_i26:380-1069   -            230 3974at3041           -            233   4.3e-23   78.9   0.0   1   1   1.1e-23   5.3e-23   78.6   0.0     5   201     3   209     1   223 0.85 -
TRINITY_DN2692_c0_g1_i2:457-1167   -            237 3974at3041           -            233   8.8e-23   77.9   0.0   1   1   2.9e-23   1.5e-22   77.2   0.0     5   203     4   207     2   224 0.76 -
TRINITY_DN611_c0_g1_i8:259-1285    -            303 3974at3041           -            233   9.2e-23   77.8   0.0   1   1   2.3e-23   1.2e-22   77.5   0.0    13   201     3   197     1   217 0.81 -
TRINITY_DN494_c1_g1_i6:665-1420    -            252 3974at3041           -            233   1.1e-22   77.6   0.0   1   1   2.9e-23   1.4e-22   77.2   0.0    13   202     2   195     1   210 0.84 -
TRINITY_DN23166_c0_g1_i1:590-1264  -            225 3974at3041           -            233     2e-22   76.8   0.0   1   1   5.4e-23   2.7e-22   76.3   0.0    46   204     6   168     2   184 0.78 -
TRINITY_DN2345_c0_g1_i6:322-1167   -            282 3974at3041           -            233   2.1e-22   76.6   0.0   1   1   5.7e-23   2.9e-22   76.2   0.0     5   201     3   204     2   229 0.85 -
TRINITY_DN2345_c0_g1_i3:220-1062   -            281 3974at3041           -            233   2.2e-22   76.6   0.0   1   1   5.3e-23   2.7e-22   76.3   0.0     5   201     2   203     1   228 0.85 -
TRINITY_DN11000_c0_g2_i1:8-463     -            152 3974at3041           -            233     6e-22   75.2   0.0   1   1   1.4e-22     7e-22   74.9   0.0     6   142     1   150     1   152 0.84 -
TRINITY_DN410_c0_g1_i15:488-1385   -            271 3974at3041           -            233   6.3e-22   75.1   0.0   1   1   1.5e-22   7.4e-22   74.9   0.0     6   201     1   201     1   230 0.84 -
TRINITY_DN410_c0_g1_i9:603-1500    -            271 3974at3041           -            233   6.3e-22   75.1   0.0   1   1   1.5e-22   7.4e-22   74.9   0.0     6   201     1   201     1   230 0.84 -
TRINITY_DN427_c0_g2_i2:692-1738    -            286 3974at3041           -            233   1.6e-21   73.8   0.0   1   1     6e-22   3.1e-21   72.9   0.0     6   196     5   208     2   225 0.85 -
TRINITY_DN427_c0_g2_i3:692-1567    -            292 3974at3041           -            233   1.7e-21   73.7   0.0   1   1   7.3e-22   3.7e-21   72.6   0.0     6   195     5   207     2   214 0.84 -
TRINITY_DN410_c0_g3_i1:135-698     -            188 3974at3041           -            233   6.8e-21   71.7   0.0   1   1   1.8e-21     9e-21   71.3   0.0    78   212     4   138     2   145 0.84 -
TRINITY_DN1430_c0_g1_i1:719-1594   -            292 3974at3041           -            233   7.7e-21   71.5   0.1   1   1   1.9e-21   9.8e-21   71.2   0.1     6   196     1   197     1   216 0.83 -
TRINITY_DN1802_c0_g1_i9:110-883    -            258 3974at3041           -            233   9.4e-21   71.3   0.2   1   1   2.6e-21   1.3e-20   70.8   0.2    10   202    21   216    15   255 0.82 -
TRINITY_DN12931_c0_g1_i1:1-507     -            169 3974at3041           -            233     2e-20   70.2   0.0   1   1   5.6e-21   2.9e-20   69.7   0.0    34   192     2   168     1   169 0.71 -
TRINITY_DN1802_c0_g1_i1:367-1110   -            248 3974at3041           -            233     2e-20   70.2   0.3   1   1   6.5e-21   3.3e-20   69.5   0.3    14   230     2   233     1   235 0.75 -
TRINITY_DN611_c0_g1_i6:259-1218    -            320 3974at3041           -            233   2.1e-20   70.1   0.0   1   1   5.3e-21   2.7e-20   69.8   0.0    13   201     3   203     1   223 0.77 -
TRINITY_DN611_c0_g1_i7:259-1218    -            320 3974at3041           -            233   2.1e-20   70.1   0.0   1   1   5.3e-21   2.7e-20   69.8   0.0    13   201     3   203     1   223 0.77 -
TRINITY_DN7499_c0_g1_i1:343-960    -            206 3974at3041           -            233   3.7e-20   69.3   0.0   1   1   9.7e-21   4.9e-20   68.9   0.0    96   214    47   161    18   167 0.89 -
TRINITY_DN2821_c0_g1_i1:53-580     -            176 3974at3041           -            233     4e-20   69.2   0.0   1   1   9.3e-21   4.7e-20   69.0   0.0    97   202    60   158     2   171 0.82 -
TRINITY_DN1082_c0_g1_i1:2-967      -            322 3974at3041           -            233   4.7e-20   69.0   0.1   1   1   1.3e-20   6.4e-20   68.5   0.1    12   209    18   216     8   227 0.77 -
TRINITY_DN410_c0_g1_i5:380-967     -            196 3974at3041           -            233     5e-20   68.9   0.0   1   1   1.1e-20   5.7e-20   68.7   0.0     5   188     3   196     1   196 0.85 -
TRINITY_DN2821_c0_g1_i2:53-716     -            176 3974at3041           -            233   1.3e-19   67.5   0.0   1   1     3e-20   1.5e-19   67.3   0.0    97   202    60   158     2   171 0.82 -
TRINITY_DN411_c2_g1_i3:153-851     -            233 3974at3041           -            233   1.3e-19   67.5   0.1   1   1   3.1e-20   1.6e-19   67.3   0.1     5   201     2   202     1   224 0.82 -
TRINITY_DN2635_c0_g1_i1:157-645    -            163 3974at3041           -            233   4.6e-19   65.7   0.0   1   1   1.1e-19   5.7e-19   65.4   0.0    92   202    48   160    39   162 0.90 -
TRINITY_DN2635_c0_g1_i2:133-798    -            222 3974at3041           -            233   4.7e-19   65.7   0.0   1   1   1.4e-19   7.2e-19   65.1   0.0    90   202   105   219     2   221 0.89 -
TRINITY_DN427_c0_g1_i2:354-1253    -            300 3974at3041           -            233   5.9e-19   65.4   0.0   1   1   1.5e-19   7.8e-19   65.0   0.0     6   200     1   200     1   218 0.79 -
TRINITY_DN21978_c0_g1_i2:149-766   -            206 3974at3041           -            233   1.5e-18   64.0   0.0   1   1   3.4e-19   1.7e-18   63.8   0.0    32   202    31   204     2   206 0.62 -
TRINITY_DN21978_c0_g1_i1:149-994   -            282 3974at3041           -            233   3.2e-18   63.0   0.0   1   1   7.9e-19     4e-18   62.7   0.0    66   202    65   204     2   226 0.65 -
TRINITY_DN595_c0_g1_i1:656-1672    -            339 3974at3041           -            233   3.6e-18   62.8   0.0   1   1   1.3e-18   6.7e-18   61.9   0.0    90   202   107   217    91   223 0.91 -
TRINITY_DN595_c0_g1_i2:433-1449    -            339 3974at3041           -            233   3.6e-18   62.8   0.0   1   1   1.3e-18   6.7e-18   61.9   0.0    90   202   107   217    91   223 0.91 -
TRINITY_DN3844_c0_g1_i1:0-617      -            206 3974at3041           -            233   4.4e-18   62.5   0.0   1   1   1.2e-18   5.8e-18   62.1   0.0     5   171    18   198    14   205 0.82 -
TRINITY_DN1802_c0_g1_i3:559-1220   -            188 3974at3041           -            233     5e-18   62.3   0.7   1   1   1.4e-18     7e-18   61.9   0.7    10   192    13   187     7   188 0.83 -
TRINITY_DN11822_c0_g2_i1:11-985    -            325 3974at3041           -            233   6.8e-18   61.9   0.0   1   1   5.2e-18   2.6e-17   60.0   0.0    98   204   173   273   108   289 0.82 -
TRINITY_DN380_c0_g1_i2:50-706      -            219 3974at3041           -            233     7e-18   61.9   0.2   1   1   2.6e-18   1.3e-17   60.9   0.2    12   204    13   204     2   216 0.77 -
TRINITY_DN2605_c0_g1_i2:28-729     -            234 3974at3041           -            233   7.5e-18   61.8   0.0   1   1   2.1e-18     1e-17   61.3   0.0    30   198    39   213    35   225 0.82 -
TRINITY_DN5451_c0_g1_i3:55-663     -            203 3974at3041           -            233   8.2e-18   61.6   0.0   1   1     2e-18     1e-17   61.3   0.0     9   198     9   202     4   203 0.85 -
TRINITY_DN1574_c0_g1_i5:289-1158   -            290 3974at3041           -            233     1e-17   61.3   0.0   1   1   3.6e-18   1.8e-17   60.5   0.0    94   200   119   220   100   255 0.89 -
TRINITY_DN2692_c0_g1_i3:388-1029   -            214 3974at3041           -            233   1.1e-17   61.2   0.0   1   1   3.1e-18   1.6e-17   60.7   0.0    94   203    58   161     2   179 0.78 -
TRINITY_DN10158_c0_g1_i1:268-711   -            148 3974at3041           -            233     2e-17   60.4   1.8   1   1   4.4e-18   2.2e-17   60.2   1.8     6   142     2   148     1   148 0.80 -
TRINITY_DN403_c0_g1_i3:413-1303    -            297 3974at3041           -            233   2.2e-17   60.2   0.0   1   1   6.4e-18   3.3e-17   59.7   0.0    11   201     6   196     1   201 0.77 -
TRINITY_DN21837_c0_g1_i1:9-689     -            227 3974at3041           -            233   2.4e-17   60.1   0.0   1   1   5.5e-18   2.8e-17   59.9   0.0    39   216    18   203     1   227 0.74 -
TRINITY_DN411_c1_g1_i6:50-946      -            299 3974at3041           -            233     3e-17   59.8   0.0   1   1     7e-18   3.6e-17   59.5   0.0    93   203    92   202    18   227 0.86 -
TRINITY_DN1672_c0_g1_i1:464-1231   -            256 3974at3041           -            233   4.2e-17   59.3   0.0   1   1   1.5e-17   7.6e-17   58.5   0.0    77   203    50   179    11   189 0.93 -
TRINITY_DN6701_c0_g1_i2:1-651      -            217 3974at3041           -            233   7.3e-17   58.5   0.0   1   1   1.9e-17   9.7e-17   58.1   0.0    12   202    16   207    10   209 0.80 -
TRINITY_DN1388_c0_g1_i2:92-784     -            231 3974at3041           -            233     1e-16   58.0   0.0   1   1   2.9e-17   1.5e-16   57.5   0.0    11   201    14   214     6   226 0.76 -
TRINITY_DN411_c1_g1_i4:26-946      -            307 3974at3041           -            233   1.4e-16   57.6   0.0   1   1   3.3e-17   1.7e-16   57.4   0.0    92   203    92   202     8   227 0.76 -
TRINITY_DN411_c1_g1_i3:8-853       -            282 3974at3041           -            233   1.7e-16   57.4   0.0   1   1   4.1e-17   2.1e-16   57.1   0.0    93   203    62   171     5   196 0.81 -
TRINITY_DN2692_c0_g1_i1:274-831    -            186 3974at3041           -            233   1.7e-16   57.3   0.0   1   1   4.9e-17   2.5e-16   56.8   0.0   105   203     3    95     1   113 0.85 -
TRINITY_DN403_c0_g1_i1:318-1193    -            292 3974at3041           -            233   1.8e-16   57.3   0.1   1   1   5.6e-17   2.8e-16   56.6   0.1     6   201     4   197     2   201 0.77 -
TRINITY_DN13436_c0_g1_i1:93-815    -            241 3974at3041           -            233   2.2e-16   57.0   0.0   1   1   9.5e-17   4.8e-16   55.8   0.0    11   202    21   233    12   239 0.73 -
TRINITY_DN1958_c0_g1_i1:298-894    -            199 3974at3041           -            233   2.3e-16   56.9   0.0   1   1   6.4e-17   3.2e-16   56.4   0.0    95   203     3   118     1   159 0.78 -
TRINITY_DN5430_c0_g1_i1:296-931    -            212 3974at3041           -            233   2.3e-16   56.9   0.0   1   1   6.5e-17   3.3e-16   56.4   0.0    27   198    20   197     4   203 0.81 -
TRINITY_DN1388_c0_g1_i5:92-1006    -            305 3974at3041           -            233   2.4e-16   56.9   0.0   1   1   7.1e-17   3.6e-16   56.3   0.0    11   201    14   214     6   228 0.75 -
TRINITY_DN5430_c0_g1_i2:296-946    -            217 3974at3041           -            233   2.4e-16   56.8   0.0   1   1   6.9e-17   3.5e-16   56.3   0.0    27   198    20   197     4   204 0.82 -
TRINITY_DN155_c0_g1_i2:1021-1872   -            284 3974at3041           -            233   3.2e-16   56.4   0.1   1   1   1.1e-16   5.5e-16   55.7   0.1    11   201     6   201     1   216 0.70 -
TRINITY_DN155_c0_g1_i3:1021-1872   -            284 3974at3041           -            233   3.2e-16   56.4   0.1   1   1   1.1e-16   5.5e-16   55.7   0.1    11   201     6   201     1   216 0.70 -
TRINITY_DN155_c0_g1_i5:1021-1872   -            284 3974at3041           -            233   3.2e-16   56.4   0.1   1   1   1.1e-16   5.5e-16   55.7   0.1    11   201     6   201     1   216 0.70 -
TRINITY_DN155_c0_g1_i7:1021-1872   -            284 3974at3041           -            233   3.2e-16   56.4   0.1   1   1   1.1e-16   5.5e-16   55.7   0.1    11   201     6   201     1   216 0.70 -
TRINITY_DN851_c0_g1_i1:624-1493    -            290 3974at3041           -            233   4.2e-16   56.1   0.0   1   1   1.5e-16   7.8e-16   55.2   0.0    43   201    72   233    40   281 0.77 -
TRINITY_DN1122_c0_g1_i1:964-1986   -            341 3974at3041           -            233   4.2e-16   56.0   0.1   1   1   1.8e-16   9.4e-16   54.9   0.1     5   205    40   245    37   259 0.77 -
TRINITY_DN1122_c0_g1_i3:1215-2237  -            341 3974at3041           -            233   4.2e-16   56.0   0.1   1   1   1.8e-16   9.4e-16   54.9   0.1     5   205    40   245    37   259 0.77 -
TRINITY_DN2605_c0_g1_i10:78-668    -            197 3974at3041           -            233   5.5e-16   55.7   0.0   1   1   1.4e-16   7.3e-16   55.3   0.0    50   197    38   191    22   195 0.78 -
TRINITY_DN2605_c0_g1_i8:13-666     -            218 3974at3041           -            233   6.3e-16   55.5   0.0   1   1   1.6e-16   8.3e-16   55.1   0.0    50   198    38   192    22   206 0.79 -
TRINITY_DN1791_c0_g1_i1:100-1217   -            287 3974at3041           -            233   6.3e-16   55.5   0.0   1   2    0.0017    0.0087   12.5   0.0    72   128    79   138     8   142 0.78 -
TRINITY_DN1791_c0_g1_i1:100-1217   -            287 3974at3041           -            233   6.3e-16   55.5   0.0   2   2   3.4e-12   1.7e-11   41.0   0.0   132   201   222   286   216   287 0.88 -
TRINITY_DN831_c0_g3_i2:2-799       -            266 3974at3041           -            233   7.2e-16   55.3   0.0   1   1   2.2e-16   1.1e-15   54.7   0.0     8   209     6   220     1   229 0.74 -
TRINITY_DN2209_c0_g3_i2:63-839     -            259 3974at3041           -            233   7.5e-16   55.2   0.0   1   1   2.1e-16   1.1e-15   54.7   0.0     6   214     6   231     3   258 0.75 -
TRINITY_DN2345_c0_g1_i1:208-741    -            178 3974at3041           -            233   7.5e-16   55.2   0.0   1   1   1.9e-16   9.4e-16   54.9   0.0     5   148     6   159     4   169 0.83 -
TRINITY_DN3701_c0_g1_i1:22-456     -            145 3974at3041           -            233   7.6e-16   55.2   0.0   1   1   1.7e-16   8.7e-16   55.0   0.0   107   203     1    91     1   128 0.86 -
TRINITY_DN142_c0_g3_i1:662-1300    -            213 3974at3041           -            233   7.7e-16   55.2   0.0   1   1   1.9e-16   9.8e-16   54.8   0.0     6   201     2   213     1   213 0.77 -
TRINITY_DN410_c0_g4_i1:81-728      -            216 3974at3041           -            233   7.9e-16   55.1   0.0   1   1     1e-15     5e-15   52.5   0.0     5   197     6   214     2   216 0.76 -
TRINITY_DN2363_c0_g1_i2:292-1086   -            265 3974at3041           -            233   8.5e-16   55.0   0.0   1   1   3.3e-16   1.6e-15   54.1   0.0    33   202    32   223     3   228 0.66 -
TRINITY_DN1466_c0_g1_i1:255-1115   -            287 3974at3041           -            233   1.6e-15   54.2   0.0   1   1   4.6e-16   2.3e-15   53.6   0.0    10   204    18   212     6   216 0.78 -
TRINITY_DN1466_c0_g1_i2:2304-3164  -            287 3974at3041           -            233   1.6e-15   54.2   0.0   1   1   4.6e-16   2.3e-15   53.6   0.0    10   204    18   212     6   216 0.78 -
TRINITY_DN274_c0_g1_i9:1332-2261   -            310 3974at3041           -            233   1.7e-15   54.1   0.0   1   1     5e-16   2.5e-15   53.5   0.0    13   202    41   247    33   264 0.76 -
TRINITY_DN1233_c0_g1_i2:567-1403   -            279 3974at3041           -            233   1.7e-15   54.1   0.0   1   1   5.6e-16   2.8e-15   53.3   0.0    25   202    39   221    12   267 0.75 -
TRINITY_DN2913_c0_g1_i2:25-879     -            285 3974at3041           -            233   2.2e-15   53.7   0.1   1   2   1.2e-10   5.9e-10   35.9   0.0     8   147     4   153     1   159 0.72 -
TRINITY_DN2913_c0_g1_i2:25-879     -            285 3974at3041           -            233   2.2e-15   53.7   0.1   2   2   0.00016   0.00082   15.8   0.0   153   202   195   237   183   251 0.87 -
TRINITY_DN1233_c0_g1_i3:82-840     -            253 3974at3041           -            233   2.3e-15   53.6   0.0   1   1   8.1e-16   4.1e-15   52.8   0.0    27   202    17   197     8   243 0.76 -
TRINITY_DN2913_c0_g1_i3:1-1101     -            308 3974at3041           -            233   2.4e-15   53.5   0.1   1   2   1.2e-10   6.2e-10   35.8   0.0     7   147    18   168    13   174 0.72 -
TRINITY_DN2913_c0_g1_i3:1-1101     -            308 3974at3041           -            233   2.4e-15   53.5   0.1   2   2   0.00019   0.00095   15.6   0.0   153   202   210   252   199   266 0.87 -
TRINITY_DN2209_c0_g1_i4:354-1241   -            296 3974at3041           -            233   3.4e-15   53.1   0.0   1   1   8.6e-16   4.4e-15   52.7   0.0    64   203    86   241    39   252 0.77 -
TRINITY_DN2209_c0_g2_i4:33-707     -            225 3974at3041           -            233   4.1e-15   52.8   0.0   1   1   1.1e-15   5.7e-15   52.3   0.0    76   203    16   157     2   197 0.71 -
TRINITY_DN2363_c0_g2_i4:110-811    -            234 3974at3041           -            233   5.3e-15   52.4   0.0   1   1   1.4e-15   7.3e-15   52.0   0.0     9   202    14   223     6   234 0.74 -
TRINITY_DN1791_c0_g1_i2:100-951    -            284 3974at3041           -            233   5.3e-15   52.4   0.0   1   2     0.014     0.072    9.5   0.0    74   128    75   135     4   139 0.80 -
TRINITY_DN1791_c0_g1_i2:100-951    -            284 3974at3041           -            233   5.3e-15   52.4   0.0   2   2   3.3e-12   1.7e-11   41.0   0.0   132   201   219   283   213   284 0.88 -
TRINITY_DN2363_c0_g2_i6:662-1345   -            228 3974at3041           -            233   5.4e-15   52.4   0.0   1   1   1.5e-15   7.8e-15   51.9   0.0    10   202     9   217     3   228 0.74 -
TRINITY_DN482_c0_g1_i4:446-1315    -            290 3974at3041           -            233   5.6e-15   52.4   0.0   1   1   1.9e-15   9.8e-15   51.6   0.0     5   202    29   231    27   249 0.75 -
TRINITY_DN7406_c0_g1_i1:75-476     -            134 3974at3041           -            233   6.6e-15   52.1   0.0   1   1   1.4e-15   7.3e-15   52.0   0.0    98   198    34   131     6   134 0.83 -
TRINITY_DN600_c0_g1_i2:424-1395    -            324 3974at3041           -            233   6.7e-15   52.1   0.0   1   1   1.9e-15   9.8e-15   51.6   0.0     5   214    11   236     8   243 0.72 -
TRINITY_DN2209_c0_g3_i3:198-935    -            246 3974at3041           -            233   8.8e-15   51.7   0.0   1   1   2.3e-15   1.2e-14   51.3   0.0    15   214     2   218     1   245 0.72 -
TRINITY_DN4296_c0_g1_i2:47-655     -            203 3974at3041           -            233   9.3e-15   51.6   0.0   1   1   8.1e-15   4.1e-14   49.5   0.0    66   202     2   161     1   172 0.70 -
TRINITY_DN2375_c0_g3_i1:422-1048   -            209 3974at3041           -            233   1.2e-14   51.2   0.0   1   1   3.2e-15   1.6e-14   50.9   0.0   111   218    67   173     5   184 0.72 -
TRINITY_DN625_c0_g2_i1:201-440     -             80 3974at3041           -            233   1.3e-14   51.1   0.0   1   1     3e-15   1.5e-14   50.9   0.0   118   197     1    80     1    80 0.83 -
TRINITY_DN410_c0_g1_i13:389-781    -            131 3974at3041           -            233   1.5e-14   50.9   1.0   1   1   3.4e-15   1.7e-14   50.8   1.0     6   128     1   131     1   131 0.88 -
TRINITY_DN142_c0_g1_i6:1057-1905   -            283 3974at3041           -            233   1.6e-14   50.9   0.0   1   1   5.5e-15   2.8e-14   50.1   0.0    10   202    10   218     4   221 0.76 -
TRINITY_DN1481_c0_g1_i3:407-1087   -            227 3974at3041           -            233   1.8e-14   50.7   0.0   1   1   4.7e-15   2.4e-14   50.3   0.0    52   202    51   216    12   219 0.78 -
TRINITY_DN411_c1_g1_i1:120-971     -            284 3974at3041           -            233   2.2e-14   50.4   0.0   1   1   5.2e-15   2.6e-14   50.2   0.0    92   203    92   202     8   225 0.77 -
TRINITY_DN6457_c0_g1_i1:0-737      -            246 3974at3041           -            233   2.3e-14   50.4   0.0   1   1   1.8e-14   9.1e-14   48.4   0.0    14   204     2   205     1   215 0.72 -
TRINITY_DN3363_c0_g2_i1:7-774      -            256 3974at3041           -            233   2.3e-14   50.3   0.0   1   1   6.4e-15   3.3e-14   49.9   0.0    18   203     4   205     1   221 0.73 -
TRINITY_DN3308_c1_g1_i3:1-861      -            287 3974at3041           -            233     3e-14   50.0   0.0   1   1   1.1e-14   5.8e-14   49.0   0.0    52   204    74   234    60   248 0.74 -
TRINITY_DN1481_c0_g1_i1:404-1231   -            276 3974at3041           -            233     3e-14   50.0   0.0   1   1   8.1e-15   4.1e-14   49.5   0.0    52   202    52   217    13   225 0.79 -
TRINITY_DN2579_c0_g1_i1:21-482     -            154 3974at3041           -            233   3.3e-14   49.8   0.0   1   1   7.2e-15   3.6e-14   49.7   0.0    12   141     7   154     1   154 0.78 -
TRINITY_DN3120_c0_g3_i3:112-807    -            232 3974at3041           -            233   3.6e-14   49.7   0.0   1   1   9.2e-15   4.7e-14   49.3   0.0    38   201    28   195     1   211 0.72 -
TRINITY_DN2071_c0_g1_i6:196-873    -            226 3974at3041           -            233   5.1e-14   49.2   0.0   1   1   1.1e-14   5.6e-14   49.1   0.0    94   202    97   200    12   206 0.84 -
TRINITY_DN469_c0_g1_i9:536-1414    -            293 3974at3041           -            233   6.6e-14   48.8   0.0   1   1   1.8e-14   9.3e-14   48.4   0.0    14   201    18   221     8   232 0.74 -
TRINITY_DN3308_c1_g1_i1:583-1362   -            260 3974at3041           -            233   7.1e-14   48.8   0.0   1   1   4.8e-14   2.4e-13   47.0   0.0   109   204   113   207    28   221 0.79 -
TRINITY_DN3308_c1_g1_i9:583-1362   -            260 3974at3041           -            233   7.1e-14   48.8   0.0   1   1   4.8e-14   2.4e-13   47.0   0.0   109   204   113   207    28   221 0.79 -
TRINITY_DN411_c1_g2_i1:395-1285    -            297 3974at3041           -            233   7.4e-14   48.7   0.0   1   1   1.8e-14   9.3e-14   48.4   0.0    94   202    90   197    34   217 0.86 -
TRINITY_DN411_c1_g2_i3:395-1303    -            303 3974at3041           -            233   7.7e-14   48.6   0.0   1   1   1.9e-14   9.7e-14   48.3   0.0    94   202    96   203    39   223 0.86 -
TRINITY_DN776_c1_g2_i3:349-1194    -            282 3974at3041           -            233   7.7e-14   48.6   0.1   1   1   4.3e-14   2.2e-13   47.2   0.0    93   203   117   220   108   242 0.81 -
TRINITY_DN776_c1_g2_i4:349-1194    -            282 3974at3041           -            233   7.7e-14   48.6   0.1   1   1   4.3e-14   2.2e-13   47.2   0.0    93   203   117   220   108   242 0.81 -
TRINITY_DN2071_c0_g1_i1:196-1062   -            289 3974at3041           -            233   7.8e-14   48.6   0.0   1   1   1.7e-14   8.8e-14   48.4   0.0    94   203    97   201    13   221 0.85 -
TRINITY_DN30655_c0_g1_i1:50-649    -            200 3974at3041           -            233     9e-14   48.4   0.0   1   1   2.3e-14   1.1e-13   48.1   0.0    89   213    20   141     2   159 0.78 -
TRINITY_DN142_c0_g1_i5:32-883      -            284 3974at3041           -            233   9.1e-14   48.4   0.0   1   1   2.7e-14   1.4e-13   47.8   0.0    14   202    15   219     6   222 0.79 -
TRINITY_DN277_c0_g2_i2:939-1715    -            259 3974at3041           -            233   1.1e-13   48.2   0.3   1   1   1.1e-13   5.5e-13   45.8   0.3    11   203     7   204     1   250 0.70 -
TRINITY_DN277_c0_g2_i6:809-1585    -            259 3974at3041           -            233   1.1e-13   48.2   0.3   1   1   1.1e-13   5.5e-13   45.8   0.3    11   203     7   204     1   250 0.70 -
TRINITY_DN469_c0_g1_i3:2252-3133   -            294 3974at3041           -            233   1.1e-13   48.1   0.0   1   1   3.2e-14   1.6e-13   47.6   0.0    14   202    36   240    26   253 0.74 -
TRINITY_DN3308_c1_g1_i4:25-618     -            198 3974at3041           -            233   1.2e-13   48.0   0.0   1   1   4.7e-14   2.4e-13   47.0   0.0   112   204    54   145    35   160 0.83 -
TRINITY_DN27576_c0_g1_i2:129-1094  -            322 3974at3041           -            233   1.5e-13   47.7   0.0   1   1   4.6e-14   2.3e-13   47.1   0.0    15   207     1   200     1   239 0.75 -
TRINITY_DN6232_c0_g1_i1:3-887      -            295 3974at3041           -            233   2.2e-13   47.2   0.0   1   1   6.3e-14   3.2e-13   46.6   0.0    10   213    72   273    61   285 0.81 -
TRINITY_DN142_c0_g2_i2:152-802     -            217 3974at3041           -            233   2.2e-13   47.2   0.0   1   1   6.2e-14   3.2e-13   46.6   0.0    10   201     9   217     3   217 0.73 -
TRINITY_DN3653_c0_g1_i3:17-442     -            142 3974at3041           -            233   2.2e-13   47.2   0.0   1   1     5e-14   2.5e-13   46.9   0.0     5   128     8   142     4   142 0.82 -
TRINITY_DN528_c0_g1_i1:1-567       -            189 3974at3041           -            233     3e-13   46.7   0.0   1   1   7.3e-14   3.7e-13   46.4   0.0    12   188     7   188     1   189 0.74 -
TRINITY_DN277_c0_g2_i7:809-1585    -            259 3974at3041           -            233   4.8e-13   46.0   0.1   1   1   1.6e-13   8.2e-13   45.3   0.1    11   202     7   203     1   249 0.73 -
TRINITY_DN831_c0_g2_i1:421-1233    -            271 3974at3041           -            233   5.3e-13   45.9   0.0   1   1   1.7e-13   8.7e-13   45.2   0.0    12   210    10   221     1   234 0.74 -
TRINITY_DN831_c0_g2_i2:189-1001    -            271 3974at3041           -            233   5.3e-13   45.9   0.0   1   1   1.7e-13   8.7e-13   45.2   0.0    12   210    10   221     1   234 0.74 -
TRINITY_DN142_c0_g3_i3:973-1419    -            149 3974at3041           -            233   6.2e-13   45.7   0.0   1   1   1.4e-13     7e-13   45.5   0.0    99   201    41   149    12   149 0.82 -
TRINITY_DN29434_c0_g1_i1:93-857    -            255 3974at3041           -            233   6.9e-13   45.5   0.0   1   1   2.7e-13   1.4e-12   44.6   0.0    12   204    13   208     8   224 0.76 -
TRINITY_DN776_c1_g1_i5:154-1017    -            288 3974at3041           -            233   7.6e-13   45.4   0.0   1   2       7.6        39    0.5   0.0    13    37     2    27     1    39 0.83 -
TRINITY_DN776_c1_g1_i5:154-1017    -            288 3974at3041           -            233   7.6e-13   45.4   0.0   2   2   1.7e-12   8.6e-12   41.9   0.0    96   203   118   218   112   266 0.85 -
TRINITY_DN4753_c0_g2_i1:61-513     -            151 3974at3041           -            233   7.8e-13   45.3   0.0   1   1   2.4e-13   1.2e-12   44.7   0.0     5   141     1   149     1   151 0.77 -
TRINITY_DN758_c0_g1_i1:41-757      -            239 3974at3041           -            233   8.5e-13   45.2   0.4   1   2   2.2e-07   1.1e-06   25.2   0.1     5   128    17   152    14   157 0.60 -
TRINITY_DN758_c0_g1_i1:41-757      -            239 3974at3041           -            233   8.5e-13   45.2   0.4   2   2   4.7e-05   0.00024   17.6   0.0   132   200   180   238   178   239 0.82 -
TRINITY_DN6386_c0_g1_i1:5-526      -            174 3974at3041           -            233   8.7e-13   45.2   0.0   1   1   2.2e-13   1.1e-12   44.8   0.0   115   203    36   122    21   129 0.86 -
TRINITY_DN274_c0_g1_i4:1332-2024   -            231 3974at3041           -            233     1e-12   45.0   0.0   1   1   2.5e-13   1.3e-12   44.7   0.0    98   202    58   168    23   186 0.81 -
TRINITY_DN17505_c0_g1_i1:11-562    -            184 3974at3041           -            233   1.1e-12   44.9   0.0   1   2    0.0025     0.013   11.9   0.0   109   147     9    54     2    65 0.76 -
TRINITY_DN17505_c0_g1_i1:11-562    -            184 3974at3041           -            233   1.1e-12   44.9   0.0   2   2   3.8e-09   1.9e-08   31.0   0.0   156   215    89   142    84   148 0.90 -
TRINITY_DN8740_c0_g2_i2:4-510      -            169 3974at3041           -            233   1.4e-12   44.5   0.0   1   1   3.5e-13   1.8e-12   44.2   0.0    15   165     1   160     1   168 0.81 -
TRINITY_DN167_c0_g1_i6:600-1451    -            284 3974at3041           -            233   1.5e-12   44.4   0.0   1   2   4.9e-09   2.5e-08   30.6   0.0    52   141    34   130     8   142 0.83 -
TRINITY_DN167_c0_g1_i6:600-1451    -            284 3974at3041           -            233   1.5e-12   44.4   0.0   2   2    0.0027     0.014   11.8   0.0   156   202   182   229   166   247 0.85 -
TRINITY_DN274_c0_g1_i6:1326-1847   -            174 3974at3041           -            233   1.6e-12   44.4   0.0   1   1   4.1e-13   2.1e-12   43.9   0.0   104   203     5   110     2   127 0.79 -
TRINITY_DN3808_c0_g1_i4:320-1114   -            265 3974at3041           -            233   1.9e-12   44.1   0.0   1   1   4.5e-13   2.3e-12   43.8   0.0    13   174     2   169     1   190 0.80 -
TRINITY_DN1802_c0_g1_i6:421-813    -            131 3974at3041           -            233     2e-12   44.0   0.0   1   1   4.7e-13   2.4e-12   43.8   0.0   104   202     2    94     1   131 0.80 -
TRINITY_DN2217_c0_g1_i2:4-516      -            171 3974at3041           -            233   2.2e-12   43.9   0.0   1   1     6e-13     3e-12   43.4   0.0    62   204    14   164     2   170 0.68 -
TRINITY_DN142_c0_g1_i1:125-936     -            219 3974at3041           -            233   2.9e-12   43.5   0.0   1   1     9e-13   4.6e-12   42.8   0.0    93   202    39   154    27   157 0.80 -
TRINITY_DN2217_c0_g1_i1:46-558     -            171 3974at3041           -            233   3.2e-12   43.3   0.0   1   1     8e-13     4e-12   43.0   0.0   108   204    69   164     2   170 0.69 -
TRINITY_DN776_c1_g1_i4:154-978     -            275 3974at3041           -            233   3.3e-12   43.3   0.0   1   1   1.5e-12   7.7e-12   42.1   0.0    96   203   105   205    99   253 0.85 -
TRINITY_DN6013_c0_g2_i2:160-1101   -            314 3974at3041           -            233     4e-12   43.0   0.0   1   2   4.7e-05   0.00024   17.6   0.0    92   147   103   159     4   172 0.80 -
TRINITY_DN6013_c0_g2_i2:160-1101   -            314 3974at3041           -            233     4e-12   43.0   0.0   2   2   7.2e-07   3.6e-06   23.5   0.0   152   202   218   261   210   303 0.87 -
TRINITY_DN6013_c0_g2_i1:166-1014   -            283 3974at3041           -            233   4.1e-12   43.0   0.0   1   2   5.4e-05   0.00028   17.4   0.0    92   147    72   128    11   141 0.86 -
TRINITY_DN6013_c0_g2_i1:166-1014   -            283 3974at3041           -            233   4.1e-12   43.0   0.0   2   2     6e-07   3.1e-06   23.8   0.0   152   202   187   230   179   272 0.87 -
TRINITY_DN28119_c0_g1_i1:415-1269  -            285 3974at3041           -            233   4.1e-12   43.0   0.0   1   1   1.2e-12   6.3e-12   42.4   0.0   100   203   118   220   100   239 0.84 -
TRINITY_DN3083_c0_g2_i2:0-833      -            278 3974at3041           -            233   4.5e-12   42.8   0.0   1   1   2.2e-12   1.1e-11   41.5   0.0    75   203    84   213    53   241 0.75 -
TRINITY_DN3083_c0_g2_i1:0-812      -            271 3974at3041           -            233     5e-12   42.7   0.0   1   1   2.2e-12   1.1e-11   41.6   0.0    75   203    84   213    51   238 0.75 -
TRINITY_DN3111_c0_g2_i1:10-546     -            179 3974at3041           -            233   6.1e-12   42.4   0.0   1   1   1.5e-12   7.6e-12   42.1   0.0   115   202    44   130    22   143 0.83 -
TRINITY_DN3226_c0_g3_i3:98-1018    -            307 3974at3041           -            233   6.8e-12   42.3   0.2   1   2      0.04       0.2    8.0   0.0     8    71     5    65     2    71 0.81 -
TRINITY_DN3226_c0_g3_i3:98-1018    -            307 3974at3041           -            233   6.8e-12   42.3   0.2   2   2   1.5e-09   7.6e-09   32.3   0.0   102   201   147   248   131   263 0.79 -
TRINITY_DN3120_c0_g3_i2:8-691      -            228 3974at3041           -            233   9.1e-12   41.9   0.0   1   1   2.3e-12   1.2e-11   41.5   0.0    38   201    28   198     1   206 0.73 -
TRINITY_DN3728_c1_g1_i2:307-798    -            164 3974at3041           -            233   9.6e-12   41.8   0.0   1   1   2.9e-12   1.5e-11   41.2   0.0   101   204     1    99     1   138 0.79 -
TRINITY_DN2209_c0_g3_i1:282-716    -            145 3974at3041           -            233   1.2e-11   41.5   0.0   1   1   2.9e-12   1.5e-11   41.2   0.0   116   215     3   109     1   136 0.75 -
TRINITY_DN528_c0_g1_i4:4-423       -            140 3974at3041           -            233   1.2e-11   41.4   0.0   1   1   3.2e-12   1.6e-11   41.0   0.0    52   187     1   139     1   140 0.74 -
TRINITY_DN274_c0_g1_i1:1326-1859   -            178 3974at3041           -            233   1.8e-11   40.9   0.0   1   1   4.6e-12   2.3e-11   40.5   0.0   104   203     9   114     3   131 0.77 -
TRINITY_DN3120_c0_g1_i1:603-1181   -            193 3974at3041           -            233   2.3e-11   40.5   0.0   1   1   1.2e-11   6.3e-11   39.1   0.0   115   214    49   148    39   174 0.79 -
TRINITY_DN482_c0_g1_i3:521-1051    -            177 3974at3041           -            233   2.5e-11   40.4   0.0   1   1   6.4e-12   3.3e-11   40.0   0.0     5   164     4   176     2   177 0.71 -
TRINITY_DN1636_c0_g1_i1:135-848    -            238 3974at3041           -            233   2.6e-11   40.3   0.0   1   1   9.5e-11   4.8e-10   36.2   0.0    45   208     6   192     1   203 0.74 -
TRINITY_DN21520_c0_g1_i1:1-402     -            134 3974at3041           -            233   3.2e-11   40.1   0.0   1   1   7.1e-12   3.6e-11   39.9   0.0    10   127     5   134     1   134 0.80 -
TRINITY_DN633_c0_g1_i1:1557-2441   -            295 3974at3041           -            233   3.2e-11   40.0   0.0   1   1   6.2e-11   3.1e-10   36.8   0.0    43   207    65   248    25   260 0.76 -
TRINITY_DN633_c0_g1_i7:1557-2441   -            295 3974at3041           -            233   3.2e-11   40.0   0.0   1   1   6.2e-11   3.1e-10   36.8   0.0    43   207    65   248    25   260 0.76 -
TRINITY_DN3226_c0_g4_i3:276-911    -            212 3974at3041           -            233   3.3e-11   40.0   0.0   1   2   0.00019   0.00097   15.6   0.0   106   142    52    95    36   107 0.75 -
TRINITY_DN3226_c0_g4_i3:276-911    -            212 3974at3041           -            233   3.3e-11   40.0   0.0   2   2   1.5e-06   7.8e-06   22.4   0.0   155   204   138   181   128   192 0.89 -
TRINITY_DN3302_c1_g2_i1:218-850    -            211 3974at3041           -            233   3.6e-11   39.9   0.0   1   1     1e-11   5.3e-11   39.4   0.0   108   202    61   155    48   168 0.83 -
TRINITY_DN1969_c0_g1_i1:243-1181   -            313 3974at3041           -            233   3.6e-11   39.9   0.1   1   2       5.2        26    1.1   0.0    30    70    13    52     2    64 0.80 -
TRINITY_DN1969_c0_g1_i1:243-1181   -            313 3974at3041           -            233   3.6e-11   39.9   0.1   2   2   7.8e-11     4e-10   36.5   0.0   103   208   158   266   145   273 0.78 -
TRINITY_DN3226_c0_g3_i2:98-1030    -            311 3974at3041           -            233   3.8e-11   39.8   0.0   1   2      0.13      0.67    6.3   0.0    10    68    11    66     6    80 0.86 -
TRINITY_DN3226_c0_g3_i2:98-1030    -            311 3974at3041           -            233   3.8e-11   39.8   0.0   2   2   2.9e-09   1.5e-08   31.4   0.0   104   202   154   253   145   268 0.83 -
TRINITY_DN3987_c0_g2_i1:39-620     -            194 3974at3041           -            233     4e-11   39.8   0.0   1   1   7.8e-12     4e-11   39.8   0.0    76   197    69   194     1   194 0.65 -
TRINITY_DN3858_c0_g1_i1:177-806    -            210 3974at3041           -            233   4.7e-11   39.5   0.0   1   2      0.88       4.5    3.6   0.0    47    92     3    49     1    63 0.85 -
TRINITY_DN3858_c0_g1_i1:177-806    -            210 3974at3041           -            233   4.7e-11   39.5   0.0   2   2   4.3e-10   2.2e-09   34.1   0.0    91   171    99   183    94   201 0.86 -
TRINITY_DN3808_c0_g1_i1:247-981    -            245 3974at3041           -            233   4.9e-11   39.5   0.0   1   1   1.2e-11   6.1e-11   39.2   0.0    50   174    19   149     2   170 0.80 -
TRINITY_DN4865_c0_g1_i10:16-642    -            209 3974at3041           -            233   9.8e-11   38.5   0.0   1   1   2.8e-11   1.4e-10   38.0   0.0   105   200    73   169    66   208 0.80 -
TRINITY_DN5419_c0_g1_i1:54-692     -            213 3974at3041           -            233   9.9e-11   38.5   0.1   1   1   1.8e-10   9.2e-10   35.3   0.1     5   195     9   208     6   212 0.63 -
TRINITY_DN1253_c0_g1_i1:8-475      -            156 3974at3041           -            233   1.1e-10   38.3   0.0   1   1   2.6e-11   1.3e-10   38.0   0.0   103   203     1   101     1   122 0.83 -
TRINITY_DN4836_c0_g1_i4:249-1091   -            281 3974at3041           -            233   1.2e-10   38.1   0.0   1   1   9.8e-11   4.9e-10   36.2   0.0    52   202    34   207    21   220 0.71 -
TRINITY_DN15869_c0_g1_i1:2-640     -            213 3974at3041           -            233   1.3e-10   38.1   0.0   1   1   4.4e-11   2.2e-10   37.3   0.0   133   204    45   111    42   128 0.83 -
TRINITY_DN35672_c0_g1_i1:230-865   -            212 3974at3041           -            233   1.3e-10   38.0   0.0   1   1   4.2e-11   2.2e-10   37.4   0.0    12   198     7   196     1   201 0.69 -
TRINITY_DN633_c0_g1_i5:490-1278    -            263 3974at3041           -            233   1.5e-10   37.9   0.0   1   1   3.1e-10   1.5e-09   34.6   0.0    76   207    67   216    29   228 0.76 -
TRINITY_DN776_c0_g2_i1:141-626     -            162 3974at3041           -            233   1.6e-10   37.8   0.0   1   1   5.4e-11   2.7e-10   37.0   0.0   104   209     4   113     1   125 0.81 -
TRINITY_DN1636_c0_g1_i2:135-692    -            186 3974at3041           -            233   1.6e-10   37.7   0.0   1   1   6.8e-10   3.4e-09   33.4   0.0    45   201     6   185     1   186 0.74 -
TRINITY_DN4836_c0_g1_i3:608-1582   -            325 3974at3041           -            233   1.8e-10   37.6   0.0   1   1   1.5e-10   7.5e-10   35.6   0.0    52   202    78   251    64   262 0.71 -
TRINITY_DN14_c0_g1_i2:1855-2721    -            289 3974at3041           -            233   2.3e-10   37.2   0.0   1   1   1.1e-09   5.6e-09   32.7   0.0    43   201    48   221    14   223 0.73 -
TRINITY_DN14_c0_g1_i6:1850-2716    -            289 3974at3041           -            233   2.3e-10   37.2   0.0   1   1   1.1e-09   5.6e-09   32.7   0.0    43   201    48   221    14   223 0.73 -
TRINITY_DN4865_c0_g1_i9:48-1037    -            330 3974at3041           -            233   2.4e-10   37.2   0.0   1   1     8e-11     4e-10   36.5   0.0   105   200   179   275   173   315 0.80 -
TRINITY_DN26146_c0_g1_i1:5-433     -            143 3974at3041           -            233     3e-10   36.9   0.0   1   1     7e-11   3.5e-10   36.7   0.0   133   204     1    64     1    86 0.86 -
TRINITY_DN6224_c0_g1_i1:11-625     -            205 3974at3041           -            233   3.1e-10   36.8   0.0   1   1   8.5e-11   4.3e-10   36.4   0.0    92   208    37   155    31   165 0.79 -
TRINITY_DN3302_c1_g1_i1:814-1458   -            215 3974at3041           -            233   3.3e-10   36.7   0.0   1   1   9.1e-11   4.6e-10   36.3   0.0    95   203    40   155    16   165 0.80 -
TRINITY_DN3302_c1_g1_i2:409-1053   -            215 3974at3041           -            233   3.3e-10   36.7   0.0   1   1   9.1e-11   4.6e-10   36.3   0.0    95   203    40   155    16   165 0.80 -
TRINITY_DN14_c0_g1_i4:1862-2860    -            267 3974at3041           -            233     4e-10   36.5   0.0   1   1     2e-09     1e-08   31.9   0.0    51   201    38   203    16   206 0.72 -
TRINITY_DN3302_c0_g1_i1:144-1088   -            315 3974at3041           -            233   4.1e-10   36.5   0.0   1   1   2.7e-10   1.4e-09   34.7   0.0   108   204   170   263   156   276 0.81 -
TRINITY_DN3302_c0_g1_i4:144-1088   -            315 3974at3041           -            233   4.1e-10   36.5   0.0   1   1   2.7e-10   1.4e-09   34.7   0.0   108   204   170   263   156   276 0.81 -
TRINITY_DN3302_c0_g1_i6:144-1088   -            315 3974at3041           -            233   4.1e-10   36.5   0.0   1   1   2.7e-10   1.4e-09   34.7   0.0   108   204   170   263   156   276 0.81 -
TRINITY_DN818_c0_g1_i3:34-1176     -            381 3974at3041           -            233   4.4e-10   36.3   0.1   1   2       7.3        37    0.6   0.0     8    36    52    79    48    96 0.78 -
TRINITY_DN818_c0_g1_i3:34-1176     -            381 3974at3041           -            233   4.4e-10   36.3   0.1   2   2   7.4e-10   3.8e-09   33.3   0.0   102   204   214   321   208   332 0.77 -
TRINITY_DN818_c0_g1_i5:34-1176     -            381 3974at3041           -            233   4.4e-10   36.3   0.1   1   2       7.3        37    0.6   0.0     8    36    52    79    48    96 0.78 -
TRINITY_DN818_c0_g1_i5:34-1176     -            381 3974at3041           -            233   4.4e-10   36.3   0.1   2   2   7.4e-10   3.8e-09   33.3   0.0   102   204   214   321   208   332 0.77 -
TRINITY_DN818_c0_g1_i6:34-1176     -            381 3974at3041           -            233   4.4e-10   36.3   0.1   1   2       7.3        37    0.6   0.0     8    36    52    79    48    96 0.78 -
TRINITY_DN818_c0_g1_i6:34-1176     -            381 3974at3041           -            233   4.4e-10   36.3   0.1   2   2   7.4e-10   3.8e-09   33.3   0.0   102   204   214   321   208   332 0.77 -
TRINITY_DN3590_c0_g1_i1:50-556     -            169 3974at3041           -            233   4.6e-10   36.3   0.0   1   1   1.2e-10   6.3e-10   35.8   0.0   104   201    13   111     5   119 0.82 -
TRINITY_DN1072_c0_g3_i1:11-847     -            279 3974at3041           -            233   5.8e-10   36.0   0.0   1   1   2.3e-10   1.2e-09   35.0   0.0   102   214   132   244   117   254 0.84 -
TRINITY_DN1013_c0_g1_i2:566-1531   -            322 3974at3041           -            233   6.1e-10   35.9   0.0   1   1   1.9e-10   9.6e-10   35.2   0.0   103   213   162   274   127   278 0.82 -
TRINITY_DN3302_c1_g1_i5:1156-1620  -            155 3974at3041           -            233   6.8e-10   35.7   0.0   1   1   1.7e-10   8.7e-10   35.4   0.0   107   203     5   108     1   119 0.80 -
TRINITY_DN5985_c0_g1_i1:18-1004    -            329 3974at3041           -            233   7.4e-10   35.6   0.0   1   1   2.1e-10   1.1e-09   35.1   0.0    97   201   113   210    72   242 0.81 -
TRINITY_DN633_c0_g1_i11:31-732     -            234 3974at3041           -            233   7.4e-10   35.6   0.0   1   1   3.5e-09   1.8e-08   31.1   0.0    47   207     3   187     1   196 0.71 -
TRINITY_DN6224_c0_g1_i3:11-481     -            157 3974at3041           -            233   1.1e-09   35.1   0.0   1   1   2.6e-10   1.3e-09   34.8   0.0   107   208     4   107     1   118 0.79 -
TRINITY_DN1013_c0_g1_i12:566-1531  -            322 3974at3041           -            233   1.7e-09   34.4   0.0   1   1   5.2e-10   2.6e-09   33.8   0.0   103   213   162   274   127   279 0.82 -
TRINITY_DN1013_c0_g1_i3:566-1534   -            323 3974at3041           -            233   1.7e-09   34.4   0.0   1   1   5.2e-10   2.6e-09   33.8   0.0   103   213   162   274   127   279 0.82 -
TRINITY_DN1013_c0_g1_i10:424-1392  -            323 3974at3041           -            233   1.7e-09   34.4   0.0   1   1   5.2e-10   2.6e-09   33.8   0.0   103   213   162   274   127   279 0.82 -
TRINITY_DN831_c0_g3_i4:114-725     -            204 3974at3041           -            233   2.5e-09   33.9   0.0   1   1   6.2e-10   3.2e-09   33.5   0.0     7   129    51   183    47   204 0.72 -
TRINITY_DN10793_c0_g1_i1:1147-1626 -            160 3974at3041           -            233   2.6e-09   33.8   0.1   1   1   6.2e-10   3.1e-09   33.6   0.1    43   140    53   158    11   160 0.64 -
TRINITY_DN10793_c0_g1_i3:1147-1626 -            160 3974at3041           -            233   2.6e-09   33.8   0.1   1   1   6.2e-10   3.1e-09   33.6   0.1    43   140    53   158    11   160 0.64 -
TRINITY_DN9789_c0_g1_i1:31-609     -            193 3974at3041           -            233   2.9e-09   33.7   0.0   1   2   7.7e-05   0.00039   16.9   0.0   107   148     6    54     2    58 0.78 -
TRINITY_DN9789_c0_g1_i1:31-609     -            193 3974at3041           -            233   2.9e-09   33.7   0.0   2   2   0.00034    0.0017   14.7   0.0   151   204    98   147    93   157 0.86 -
TRINITY_DN4661_c0_g1_i2:171-677    -            169 3974at3041           -            233   2.9e-09   33.6   0.0   1   2       9.5        48    0.2   0.0    47    91     4    49     1    56 0.74 -
TRINITY_DN4661_c0_g1_i2:171-677    -            169 3974at3041           -            233   2.9e-09   33.6   0.0   2   2   3.2e-09   1.6e-08   31.2   0.0   104   166    88   154    79   164 0.81 -
TRINITY_DN9980_c0_g2_i2:2-346      -            115 3974at3041           -            233   3.3e-09   33.5   0.0   1   1   7.7e-10   3.9e-09   33.2   0.0    45   139     9   115     4   115 0.77 -
TRINITY_DN469_c0_g1_i6:2252-3344   -            284 3974at3041           -            233   3.3e-09   33.5   0.1   1   1   1.5e-09   7.4e-09   32.3   0.1    14   202    36   230    26   243 0.72 -
TRINITY_DN1355_c0_g1_i2:688-1269   -            194 3974at3041           -            233   3.3e-09   33.5   0.0   1   1   8.6e-10   4.3e-09   33.1   0.0    99   204    28   137    21   159 0.82 -
TRINITY_DN633_c0_g1_i3:490-1278    -            263 3974at3041           -            233     4e-09   33.2   0.0   1   1   7.3e-09   3.7e-08   30.0   0.0    75   207    66   216    18   225 0.76 -
TRINITY_DN376_c0_g1_i1:467-1036    -            190 3974at3041           -            233   4.9e-09   32.9   0.0   1   1   1.3e-09   6.4e-09   32.5   0.0    99   204    59   168    50   186 0.74 -
TRINITY_DN376_c0_g1_i5:560-1129    -            190 3974at3041           -            233   4.9e-09   32.9   0.0   1   1   1.3e-09   6.4e-09   32.5   0.0    99   204    59   168    50   186 0.74 -
TRINITY_DN3590_c0_g2_i2:106-633    -            176 3974at3041           -            233   5.1e-09   32.9   0.0   1   1   1.3e-09   6.7e-09   32.5   0.0   104   204    23   125    15   139 0.79 -
TRINITY_DN1355_c0_g1_i1:799-1476   -            226 3974at3041           -            233   5.2e-09   32.8   0.0   1   1   1.5e-09   7.5e-09   32.3   0.0    99   204    97   206    90   224 0.82 -
TRINITY_DN2209_c0_g1_i1:423-1001   -            193 3974at3041           -            233   5.4e-09   32.8   0.0   1   1   1.2e-09   5.9e-09   32.7   0.0    63   165    62   173    13   181 0.77 -
TRINITY_DN2209_c0_g1_i2:423-974    -            184 3974at3041           -            233     6e-09   32.6   0.0   1   1   1.3e-09   6.5e-09   32.5   0.0    62   165    61   173    13   181 0.77 -
TRINITY_DN531_c0_g1_i1:1-561       -            187 3974at3041           -            233   6.2e-09   32.6   0.0   1   1   3.1e-09   1.5e-08   31.3   0.0   104   204    34   139    26   148 0.83 -
TRINITY_DN943_c1_g1_i3:707-1333    -            209 3974at3041           -            233   9.1e-09   32.0   0.0   1   1   2.5e-09   1.3e-08   31.6   0.0    89   164   132   208   126   209 0.93 -
TRINITY_DN752_c0_g3_i2:140-919     -            260 3974at3041           -            233   1.1e-08   31.8   0.0   1   1     3e-09   1.5e-08   31.3   0.0     4   166    26   204    24   239 0.74 -
TRINITY_DN274_c0_g1_i3:1329-1957   -            142 3974at3041           -            233   1.1e-08   31.7   0.1   1   2   1.3e-06   6.7e-06   22.6   0.0   105   161     1    56     1    58 0.79 -
TRINITY_DN274_c0_g1_i3:1329-1957   -            142 3974at3041           -            233   1.1e-08   31.7   0.1   2   2      0.03      0.15    8.4   0.0   181   203    57    79    49    96 0.85 -
TRINITY_DN27842_c0_g1_i1:102-980   -            293 3974at3041           -            233   1.2e-08   31.7   0.0   1   1   1.8e-08   9.3e-08   28.7   0.0    42   204    57   231    53   244 0.70 -
TRINITY_DN1707_c0_g1_i5:24-446     -            141 3974at3041           -            233   1.3e-08   31.5   0.0   1   1   3.1e-09   1.6e-08   31.2   0.0    12   128     1   125     1   131 0.81 -
TRINITY_DN376_c0_g1_i6:250-1212    -            321 3974at3041           -            233   1.4e-08   31.4   0.0   1   1   4.5e-09   2.3e-08   30.7   0.0    99   204   109   218   100   237 0.74 -
TRINITY_DN1486_c0_g2_i2:23-499     -            159 3974at3041           -            233     2e-08   30.9   0.0   1   1   4.8e-09   2.4e-08   30.6   0.0   106   212     7   113     2   134 0.76 -
TRINITY_DN776_c0_g1_i1:369-998     -            210 3974at3041           -            233   2.7e-08   30.5   0.0   1   1   7.9e-09     4e-08   29.9   0.0   103   205    46   148    32   170 0.82 -
TRINITY_DN2900_c1_g1_i2:99-854     -            252 3974at3041           -            233   2.8e-08   30.5   0.0   1   1   1.1e-08   5.8e-08   29.4   0.0   102   202   104   200     3   208 0.73 -
TRINITY_DN3728_c1_g3_i2:128-616    -            163 3974at3041           -            233   3.5e-08   30.1   0.0   1   1   9.6e-09   4.9e-08   29.7   0.0   107   204     5   109     1   119 0.78 -
TRINITY_DN6974_c0_g1_i1:1-561      -            187 3974at3041           -            233   4.9e-08   29.7   0.0   1   1   3.9e-08     2e-07   27.7   0.0    46   165    34   171    24   181 0.72 -
TRINITY_DN633_c0_g2_i2:744-1424    -            227 3974at3041           -            233   5.3e-08   29.5   0.0   1   1   2.8e-08   1.4e-07   28.2   0.0   115   165   169   224   155   226 0.87 -
TRINITY_DN633_c0_g2_i3:515-1273    -            253 3974at3041           -            233   6.2e-08   29.3   0.0   1   1   3.4e-08   1.7e-07   27.9   0.0   115   165   195   250   181   252 0.87 -
TRINITY_DN8488_c0_g2_i2:0-930      -            209 3974at3041           -            233   6.3e-08   29.3   0.0   1   1   1.7e-08   8.8e-08   28.8   0.0   109   202    73   164     3   175 0.73 -
TRINITY_DN5060_c0_g1_i3:438-1352   -            305 3974at3041           -            233     7e-08   29.1   0.0   1   1   2.8e-08   1.4e-07   28.1   0.0   102   204   151   254   141   267 0.79 -
TRINITY_DN1793_c0_g1_i1:321-833    -            171 3974at3041           -            233   1.3e-07   28.3   0.0   1   1   3.1e-08   1.6e-07   28.0   0.0   115   203    19   107     6   132 0.85 -
TRINITY_DN29588_c0_g1_i1:134-568   -            145 3974at3041           -            233   1.4e-07   28.1   0.0   1   1   3.1e-08   1.6e-07   28.0   0.0     6   129     1   138     1   145 0.72 -
TRINITY_DN142_c0_g3_i7:590-1111    -            174 3974at3041           -            233   1.5e-07   28.1   0.2   1   1   4.2e-08   2.1e-07   27.5   0.2     6   139    26   170    24   173 0.78 -
TRINITY_DN1361_c0_g1_i1:351-1349   -            333 3974at3041           -            233   1.5e-07   28.1   0.0   1   2   1.9e-06   9.4e-06   22.2   0.0    10   177     5   193     1   202 0.72 -
TRINITY_DN1361_c0_g1_i1:351-1349   -            333 3974at3041           -            233   1.5e-07   28.1   0.0   2   2       5.9        30    0.9   0.0   155   203   232   273   216   288 0.76 -
TRINITY_DN1361_c0_g1_i2:850-1848   -            333 3974at3041           -            233   1.5e-07   28.1   0.0   1   2   1.9e-06   9.4e-06   22.2   0.0    10   177     5   193     1   202 0.72 -
TRINITY_DN1361_c0_g1_i2:850-1848   -            333 3974at3041           -            233   1.5e-07   28.1   0.0   2   2       5.9        30    0.9   0.0   155   203   232   273   216   288 0.76 -
TRINITY_DN23062_c0_g1_i1:80-517    -            146 3974at3041           -            233   1.5e-07   28.1   0.1   1   1   3.8e-08   1.9e-07   27.7   0.1     8   128    12   144     7   146 0.69 -
TRINITY_DN411_c0_g1_i1:104-358     -             85 3974at3041           -            233   1.7e-07   27.8   0.0   1   1     4e-08     2e-07   27.6   0.0   118   198     1    83     1    85 0.77 -
TRINITY_DN1081_c0_g1_i1:260-805    -            182 3974at3041           -            233     2e-07   27.6   0.0   1   1   5.6e-08   2.9e-07   27.1   0.0    46   142    78   182    71   182 0.74 -
TRINITY_DN12692_c0_g1_i1:810-1301  -            164 3974at3041           -            233   3.1e-07   27.0   0.0   1   1   7.8e-08   3.9e-07   26.7   0.0   107   208     5   114     1   121 0.73 -
TRINITY_DN1542_c0_g1_i3:248-1201   -            318 3974at3041           -            233   3.8e-07   26.7   0.0   1   2      0.54       2.7    4.3   0.0     6    41    20    54    15    81 0.81 -
TRINITY_DN1542_c0_g1_i3:248-1201   -            318 3974at3041           -            233   3.8e-07   26.7   0.0   2   2   5.9e-06     3e-05   20.5   0.0   109   198   172   262   161   303 0.78 -
TRINITY_DN142_c0_g1_i2:41-514      -            158 3974at3041           -            233   3.9e-07   26.7   0.0   1   1     1e-07   5.1e-07   26.3   0.0    14   142    12   151     4   156 0.80 -
TRINITY_DN5002_c0_g1_i1:2-427      -            142 3974at3041           -            233     4e-07   26.7   0.0   1   1   9.6e-08   4.9e-07   26.4   0.0     7   129     5   137     2   142 0.73 -
TRINITY_DN2733_c0_g1_i1:4-495      -            164 3974at3041           -            233     6e-07   26.1   0.0   1   1   1.6e-07   8.2e-07   25.6   0.0   105   206    12   113     6   125 0.86 -
TRINITY_DN23077_c0_g1_i1:296-1123  -            276 3974at3041           -            233   6.2e-07   26.0   0.0   1   2     0.012     0.063    9.7   0.0   105   128    40    63    32    68 0.87 -
TRINITY_DN23077_c0_g1_i1:296-1123  -            276 3974at3041           -            233   6.2e-07   26.0   0.0   2   2   0.00049    0.0025   14.2   0.0   134   204   165   229   157   236 0.79 -
TRINITY_DN25094_c0_g1_i1:2-445     -            148 3974at3041           -            233   7.1e-07   25.8   0.0   1   2     0.042      0.21    7.9   0.0    31    62     5    34     1    64 0.85 -
TRINITY_DN25094_c0_g1_i1:2-445     -            148 3974at3041           -            233   7.1e-07   25.8   0.0   2   2   9.6e-05   0.00049   16.6   0.0   109   164    89   147    72   148 0.83 -
TRINITY_DN35002_c0_g1_i1:20-454    -            145 3974at3041           -            233   7.2e-07   25.8   0.0   1   1   2.1e-07   1.1e-06   25.3   0.0   107   202    43   142    31   145 0.79 -
TRINITY_DN427_c0_g3_i1:314-844     -            177 3974at3041           -            233   1.6e-06   24.7   0.0   1   1   4.4e-07   2.2e-06   24.2   0.0   121   200     1    75     1    94 0.73 -
TRINITY_DN2657_c0_g1_i6:198-803    -            202 3974at3041           -            233     2e-06   24.4   0.0   1   2    0.0074     0.038   10.4   0.0   103   129    18    44    10    48 0.87 -
TRINITY_DN2657_c0_g1_i6:198-803    -            202 3974at3041           -            233     2e-06   24.4   0.0   2   2    0.0025     0.013   11.9   0.0   134   198    76   134    72   138 0.85 -
TRINITY_DN2900_c0_g1_i5:137-541    -            135 3974at3041           -            233   2.4e-06   24.1   0.0   1   1   5.4e-07   2.7e-06   23.9   0.0   101   165    62   130     1   133 0.70 -
TRINITY_DN3226_c0_g1_i1:93-1127    -            345 3974at3041           -            233   2.5e-06   24.1   0.0   1   1   9.6e-07   4.9e-06   23.1   0.0   106   204   198   303   188   313 0.78 -
TRINITY_DN3226_c0_g1_i2:93-1127    -            345 3974at3041           -            233   2.5e-06   24.1   0.0   1   1   9.6e-07   4.9e-06   23.1   0.0   106   204   198   303   188   313 0.78 -
TRINITY_DN3302_c0_g1_i5:94-849     -            252 3974at3041           -            233   2.5e-06   24.1   0.0   1   1   2.5e-06   1.3e-05   21.7   0.0   107   169   171   238   158   252 0.77 -
TRINITY_DN3089_c0_g1_i1:2-430      -            143 3974at3041           -            233   2.6e-06   24.0   0.0   1   1   5.9e-05    0.0003   17.3   0.0   104   192    41   142    32   143 0.72 -
TRINITY_DN35217_c0_g1_i1:1-396     -            132 3974at3041           -            233   2.8e-06   23.9   0.0   1   1   9.1e-06   4.6e-05   19.9   0.0    50   143     2   125     1   130 0.60 -
TRINITY_DN1707_c0_g1_i3:24-353     -            110 3974at3041           -            233     3e-06   23.8   0.0   1   1   7.2e-07   3.7e-06   23.5   0.0    49   128     6    94     2   100 0.80 -
TRINITY_DN7409_c0_g1_i1:18-662     -            215 3974at3041           -            233   3.6e-06   23.5   0.0   1   1   1.1e-06   5.6e-06   22.9   0.0   102   166   103   170    96   183 0.86 -
TRINITY_DN3161_c0_g1_i1:186-629    -            148 3974at3041           -            233   5.1e-06   23.0   0.2   1   1     1e-06   5.1e-06   23.0   0.2    94   139   100   148     2   148 0.90 -
TRINITY_DN2062_c0_g1_i1:3-629      -            209 3974at3041           -            233     6e-06   22.8   0.0   1   2       9.1        46    0.3   0.0    44    74    53    82    13   106 0.65 -
TRINITY_DN2062_c0_g1_i1:3-629      -            209 3974at3041           -            233     6e-06   22.8   0.0   2   2   6.7e-06   3.4e-05   20.3   0.0   104   166   135   201   119   207 0.83 -
TRINITY_DN2657_c0_g1_i1:198-767    -            190 3974at3041           -            233   8.1e-06   22.4   0.0   1   2     0.034      0.17    8.2   0.0   108   129    11    32     5    36 0.87 -
TRINITY_DN2657_c0_g1_i1:198-767    -            190 3974at3041           -            233   8.1e-06   22.4   0.0   2   2    0.0022     0.011   12.1   0.0   134   198    64   122    60   127 0.85 -
TRINITY_DN167_c0_g1_i4:1080-1619   -            180 3974at3041           -            233   9.8e-06   22.1   0.0   1   2     0.067      0.34    7.3   0.0   118   141     1    26     1    38 0.84 -
TRINITY_DN167_c0_g1_i4:1080-1619   -            180 3974at3041           -            233   9.8e-06   22.1   0.0   2   2    0.0011    0.0056   13.1   0.0   156   202    78   125    61   145 0.85 -
TRINITY_DN833_c0_g1_i4:201-971     -            257 3974at3041           -            233   1.1e-05   21.9   0.0   1   1   6.9e-06   3.5e-05   20.3   0.0     4   130    26   169    23   173 0.66 -
TRINITY_DN752_c0_g1_i1:338-1114    -            259 3974at3041           -            233   1.2e-05   21.8   0.0   1   1   3.5e-06   1.8e-05   21.3   0.0    12   166     6   175     2   220 0.70 -
TRINITY_DN3813_c0_g1_i2:71-400     -            110 3974at3041           -            233   1.3e-05   21.8   0.0   1   1   3.5e-06   1.8e-05   21.3   0.0    62   143     5   100     2   108 0.72 -
TRINITY_DN7221_c0_g1_i1:149-1051   -            301 3974at3041           -            233   1.7e-05   21.4   0.0   1   1   1.2e-05     6e-05   19.5   0.0    48   201    63   231    54   244 0.60 -
TRINITY_DN3089_c0_g1_i2:2-445      -            148 3974at3041           -            233   1.7e-05   21.3   0.0   1   1   0.00032    0.0016   14.9   0.0   106   192    48   147    36   148 0.69 -
TRINITY_DN8482_c0_g1_i2:233-790    -            186 3974at3041           -            233     2e-05   21.1   0.0   1   1   5.4e-06   2.7e-05   20.7   0.0   105   198    22   116    12   124 0.77 -
TRINITY_DN5389_c0_g1_i2:87-473     -            129 3974at3041           -            233   2.7e-05   20.7   0.1   1   1   6.4e-06   3.2e-05   20.4   0.1    10   122     8   129     3   129 0.75 -
TRINITY_DN18745_c0_g1_i1:4-534     -            177 3974at3041           -            233   3.1e-05   20.5   0.0   1   1   8.6e-06   4.4e-05   20.0   0.0   132   213     4    83     3    87 0.78 -
TRINITY_DN833_c0_g1_i1:450-824     -            125 3974at3041           -            233   3.2e-05   20.4   0.1   1   1   1.5e-05   7.4e-05   19.2   0.1    49   130    20   120     1   123 0.59 -
TRINITY_DN11081_c1_g1_i1:186-530   -            115 3974at3041           -            233   3.4e-05   20.4   0.0   1   1   8.6e-06   4.4e-05   20.0   0.0   115   155    73   114     1   115 0.78 -
TRINITY_DN2316_c0_g1_i1:648-1244   -            199 3974at3041           -            233   3.4e-05   20.4   0.0   1   1     1e-05   5.1e-05   19.8   0.0    89   194   100   199    88   199 0.80 -
TRINITY_DN2316_c0_g1_i4:741-1337   -            199 3974at3041           -            233   3.4e-05   20.4   0.0   1   1     1e-05   5.1e-05   19.8   0.0    89   194   100   199    88   199 0.80 -
TRINITY_DN2071_c0_g1_i8:193-681    -            163 3974at3041           -            233   3.8e-05   20.2   0.0   1   1   7.6e-06   3.8e-05   20.2   0.0    94   147    98   154     9   157 0.80 -
TRINITY_DN41016_c0_g1_i1:88-282    -             65 3974at3041           -            233   7.1e-05   19.3   0.0   1   1   1.5e-05   7.4e-05   19.2   0.0   179   209     9    39     3    55 0.86 -
TRINITY_DN752_c0_g1_i3:350-853     -            168 3974at3041           -            233   7.2e-05   19.3   0.0   1   1   1.7e-05   8.5e-05   19.0   0.0    13   143     3   149     1   168 0.63 -
TRINITY_DN649_c0_g1_i4:80-661      -            194 3974at3041           -            233   7.8e-05   19.2   0.0   1   1   2.5e-05   0.00013   18.5   0.0   108   197    90   189    76   194 0.73 -
TRINITY_DN1710_c0_g1_i1:222-437    -             72 3974at3041           -            233   9.5e-05   18.9   0.0   1   1   2.2e-05   0.00011   18.7   0.0   177   210    11    44     6    54 0.86 -
TRINITY_DN2570_c0_g1_i1:49-477     -            143 3974at3041           -            233   0.00012   18.5   0.0   1   1   3.5e-05   0.00018   18.0   0.0     8   129    12   139     5   143 0.66 -
TRINITY_DN6235_c0_g1_i1:1111-1617  -            169 3974at3041           -            233   0.00016   18.2   0.0   1   1     4e-05    0.0002   17.8   0.0   133   194     1    57     1    70 0.87 -
TRINITY_DN930_c0_g1_i2:321-1466    -            382 3974at3041           -            233   0.00022   17.7   0.0   1   2         6        31    0.9   0.0   103   128   112   137    79   142 0.85 -
TRINITY_DN930_c0_g1_i2:321-1466    -            382 3974at3041           -            233   0.00022   17.7   0.0   2   2   0.00055    0.0028   14.1   0.0   103   202   217   317   185   336 0.80 -
TRINITY_DN649_c0_g1_i5:95-790      -            232 3974at3041           -            233   0.00024   17.5   0.0   1   1   8.6e-05   0.00043   16.7   0.0   108   195   133   230   123   232 0.72 -
TRINITY_DN633_c0_g3_i1:40-402      -            121 3974at3041           -            233   0.00027   17.4   0.0   1   2       6.9        35    0.7   0.0    52    91     4    44     1    47 0.73 -
TRINITY_DN633_c0_g3_i1:40-402      -            121 3974at3041           -            233   0.00027   17.4   0.0   2   2   0.00033    0.0017   14.8   0.0   104   141    80   121    65   121 0.74 -
TRINITY_DN2657_c0_g1_i3:198-767    -            190 3974at3041           -            233   0.00034   17.1   0.0   1   2       1.5       7.8    2.8   0.0   109   128    12    31     6    35 0.86 -
TRINITY_DN2657_c0_g1_i3:198-767    -            190 3974at3041           -            233   0.00034   17.1   0.0   2   2    0.0022     0.011   12.1   0.0   134   198    64   122    60   127 0.85 -
TRINITY_DN2657_c0_g1_i7:659-1228   -            190 3974at3041           -            233   0.00034   17.1   0.0   1   2       1.5       7.8    2.8   0.0   109   128    12    31     6    35 0.86 -
TRINITY_DN2657_c0_g1_i7:659-1228   -            190 3974at3041           -            233   0.00034   17.1   0.0   2   2    0.0022     0.011   12.1   0.0   134   198    64   122    60   127 0.85 -
TRINITY_DN752_c0_g3_i1:274-861     -            196 3974at3041           -            233   0.00054   16.4   0.0   1   1   0.00014    0.0007   16.0   0.0    52   166     1   127     1   164 0.70 -
TRINITY_DN3226_c0_g6_i1:211-723    -            171 3974at3041           -            233   0.00055   16.4   0.0   1   1   0.00017   0.00089   15.7   0.0   105   141   117   160   109   167 0.73 -
TRINITY_DN930_c0_g1_i1:312-1649    -            266 3974at3041           -            233   0.00071   16.0   0.0   1   1   0.00024    0.0012   15.3   0.0   103   202   101   201    66   220 0.80 -
TRINITY_DN23367_c0_g1_i1:15-440    -            142 3974at3041           -            233   0.00076   15.9   0.2   1   1   0.00022    0.0011   15.4   0.2     7   129     5   138     2   141 0.79 -
TRINITY_DN600_c0_g1_i3:424-969     -            182 3974at3041           -            233     0.001   15.5   0.0   1   1   0.00029    0.0015   15.0   0.0   131   214     8    94     2   106 0.71 -
TRINITY_DN31820_c0_g1_i1:49-423    -            125 3974at3041           -            233    0.0011   15.5   0.0   1   1   0.00026    0.0013   15.1   0.0    14   123     5   124     2   125 0.72 -
TRINITY_DN3083_c0_g2_i4:10-438     -            143 3974at3041           -            233    0.0013   15.2   0.0   1   1   0.00054    0.0027   14.1   0.0    73   128    75   135    44   143 0.66 -
TRINITY_DN2345_c0_g1_i9:70-444     -            125 3974at3041           -            233    0.0014   15.1   0.0   1   1    0.0003    0.0015   14.9   0.0   178   201    17    40     1    67 0.80 -
TRINITY_DN2602_c0_g1_i1:0-572      -            191 3974at3041           -            233    0.0019   14.6   0.0   1   1   0.00055    0.0028   14.1   0.0    97   124   164   191   158   191 0.92 -
TRINITY_DN5671_c0_g1_i2:216-440    -             75 3974at3041           -            233     0.002   14.6   0.0   1   1   0.00039     0.002   14.6   0.0   177   218    12    54     1    66 0.77 -
TRINITY_DN198_c0_g1_i15:1231-1884  -            218 3974at3041           -            233    0.0024   14.3   0.0   1   1   0.00064    0.0033   13.9   0.0    96   144   105   159    99   217 0.68 -
TRINITY_DN3858_c2_g1_i1:2-376      -            125 3974at3041           -            233    0.0061   13.0   0.0   1   2     0.042      0.21    7.9   0.0   115   129    64    78    47    90 0.82 -
TRINITY_DN3858_c2_g1_i1:2-376      -            125 3974at3041           -            233    0.0061   13.0   0.0   2   2       1.3       6.7    3.0   0.0   132   157    98   123    93   124 0.84 -
TRINITY_DN633_c0_g1_i12:72-290     -             73 3974at3041           -            233     0.017   11.6   0.0   1   1    0.0035     0.018   11.5   0.0   179   209    14    44     5    56 0.84 -
TRINITY_DN6324_c0_g2_i2:114-353    -             80 3974at3041           -            233     0.018   11.5   0.0   1   1    0.0039      0.02   11.3   0.0   178   206    13    41     4    54 0.79 -
TRINITY_DN611_c0_g1_i12:136-579    -            148 3974at3041           -            233     0.021   11.2   0.0   1   1    0.0056     0.028   10.8   0.0   176   202    10    36     5    56 0.79 -
TRINITY_DN30638_c0_g1_i1:9-368     -            120 3974at3041           -            233     0.025   10.9   0.0   1   1    0.0061     0.031   10.7   0.0   178   202    14    38     6    53 0.85 -
#
# Program:         hmmsearch
# Version:         3.2.1 (June 2018)
# Pipeline mode:   SEARCH
# Query file:      /sw/bioinfo/BUSCO/v5_lineage_sets/lineages/chlorophyta_odb10/hmms/3974at3041.hmm
# Target file:     /crex/proj/snic2022-23-81/expression_algae/code/busco/trinity_VA-3180-Osg12Mul/run_chlorophyta_odb10/metaeuk_output/rerun_results/trinity_VA-3180-Osg12Mul.Trinity.fasta.modified.fas
# Option settings: hmmsearch --domtblout /crex/proj/snic2022-23-81/expression_algae/code/busco/trinity_VA-3180-Osg12Mul/run_chlorophyta_odb10/hmmer_output/rerun_results/3974at3041.out --cpu 1 /sw/bioinfo/BUSCO/v5_lineage_sets/lineages/chlorophyta_odb10/hmms/3974at3041.hmm /crex/proj/snic2022-23-81/expression_algae/code/busco/trinity_VA-3180-Osg12Mul/run_chlorophyta_odb10/metaeuk_output/rerun_results/trinity_VA-3180-Osg12Mul.Trinity.fasta.modified.fas 
# Current dir:     /crex/proj/snic2022-23-81/expression_algae/code/busco
# Date:            Fri Sep 23 10:13:36 2022
# [ok]
