#                                                                                         --- full sequence --- -------------- this domain -------------   hmm coord   ali coord   env coord
# target name                     accession   tlen query name           accession   qlen   E-value  score  bias   #  of  c-Evalue  i-Evalue  score  bias  from    to  from    to  from    to  acc description of target
#             ------------------- ---------- ----- -------------------- ---------- ----- --------- ------ ----- --- --- --------- --------- ------ ----- ----- ----- ----- ----- ----- ----- ---- ---------------------
TRINITY_DN3651_c0_g2_i5:98-439    -            114 5744at3041           -            232   4.6e-07   26.1   1.3   1   2    0.0034      0.26    7.2   0.0    25    66     1    43     1    51 0.89 -
TRINITY_DN3651_c0_g2_i5:98-439    -            114 5744at3041           -            232   4.6e-07   26.1   1.3   2   2   1.5e-06   0.00012   18.2   0.3    21    61    69   110    51   114 0.85 -
TRINITY_DN3651_c0_g2_i2:15-278    -             88 5744at3041           -            232   2.8e-06   23.5   3.1   1   2   3.7e-05    0.0029   13.6   0.3    22    61    10    50     1    51 0.89 -
TRINITY_DN3651_c0_g2_i2:15-278    -             88 5744at3041           -            232   2.8e-06   23.5   3.1   2   2   3.7e-06   0.00029   16.9   0.4    22    64    43    86    35    88 0.87 -
TRINITY_DN3651_c0_g2_i3:326-589   -             88 5744at3041           -            232   6.2e-06   22.4   2.8   1   2     0.018       1.4    4.9   0.1    22    40    10    28     1    40 0.81 -
TRINITY_DN3651_c0_g2_i3:326-589   -             88 5744at3041           -            232   6.2e-06   22.4   2.8   2   2   1.2e-06   9.6e-05   18.5   0.7    21    64    42    86    27    88 0.84 -
TRINITY_DN3651_c0_g2_i3:50-307    -             86 5744at3041           -            232   8.2e-06   22.0   1.6   1   2   9.2e-06   0.00072   15.6   0.2    21    70    13    63     3    67 0.86 -
TRINITY_DN3651_c0_g2_i3:50-307    -             86 5744at3041           -            232   8.2e-06   22.0   1.6   2   2   0.00019     0.015   11.3   0.1    21    60    46    86    35    86 0.82 -
TRINITY_DN3651_c0_g2_i4:50-307    -             86 5744at3041           -            232   8.2e-06   22.0   1.6   1   2   9.2e-06   0.00072   15.6   0.2    21    70    13    63     3    67 0.86 -
TRINITY_DN3651_c0_g2_i4:50-307    -             86 5744at3041           -            232   8.2e-06   22.0   1.6   2   2   0.00019     0.015   11.3   0.1    21    60    46    86    35    86 0.82 -
TRINITY_DN3651_c0_g1_i3:419-760   -            114 5744at3041           -            232   2.5e-05   20.4   1.7   1   2     0.017       1.3    5.0   0.1    37    67     7    37     1    46 0.71 -
TRINITY_DN3651_c0_g1_i3:419-760   -            114 5744at3041           -            232   2.5e-05   20.4   1.7   2   2     1e-05   0.00081   15.5   0.2    22    69    57   105    39   111 0.83 -
TRINITY_DN3651_c0_g3_i1:249-572   -            108 5744at3041           -            232   3.6e-05   19.9   3.8   1   2   0.00012    0.0095   12.0   0.2    25    68     1    45     1    57 0.88 -
TRINITY_DN3651_c0_g3_i1:249-572   -            108 5744at3041           -            232   3.6e-05   19.9   3.8   2   2   0.00067     0.052    9.6   0.4    22    63    64   106    50   108 0.80 -
TRINITY_DN3651_c0_g3_i2:358-681   -            108 5744at3041           -            232   3.6e-05   19.9   3.8   1   2   0.00012    0.0095   12.0   0.2    25    68     1    45     1    57 0.88 -
TRINITY_DN3651_c0_g3_i2:358-681   -            108 5744at3041           -            232   3.6e-05   19.9   3.8   2   2   0.00067     0.052    9.6   0.4    22    63    64   106    50   108 0.80 -
TRINITY_DN3651_c0_g3_i3:390-713   -            108 5744at3041           -            232   3.6e-05   19.9   3.8   1   2   0.00012    0.0095   12.0   0.2    25    68     1    45     1    57 0.88 -
TRINITY_DN3651_c0_g3_i3:390-713   -            108 5744at3041           -            232   3.6e-05   19.9   3.8   2   2   0.00067     0.052    9.6   0.4    22    63    64   106    50   108 0.80 -
TRINITY_DN3651_c0_g1_i1:125-427   -            101 5744at3041           -            232   0.00014   17.9   4.7   1   2   5.9e-06   0.00046   16.3   1.7    17    69    18    71     9    79 0.81 -
TRINITY_DN3651_c0_g1_i1:125-427   -            101 5744at3041           -            232   0.00014   17.9   4.7   2   2   9.2e-05    0.0072   12.4   0.7    22    64    56    99    47   101 0.85 -
TRINITY_DN37380_c0_g1_i1:487-774  -             96 5744at3041           -            232   0.00054   16.0   0.2   1   2   0.00016     0.013   11.6   0.1    14    69    10    66     3    70 0.84 -
TRINITY_DN37380_c0_g1_i1:487-774  -             96 5744at3041           -            232   0.00054   16.0   0.2   2   2    0.0015      0.12    8.4   0.0    25    65    54    95    50    96 0.90 -
TRINITY_DN2606_c0_g1_i2:66-329    -             88 5744at3041           -            232     0.001   15.2   0.2   1   2     0.002      0.16    8.0   0.0    27    66    10    49     4    53 0.87 -
TRINITY_DN2606_c0_g1_i2:66-329    -             88 5744at3041           -            232     0.001   15.2   0.2   2   2   0.00024     0.019   11.0   0.1    23    67    38    83    25    87 0.79 -
TRINITY_DN21399_c0_g1_i1:93-338   -             82 5744at3041           -            232    0.0011   15.0   0.1   1   1   2.5e-05     0.002   14.2   0.1    24    70    24    71     7    75 0.80 -
TRINITY_DN284_c0_g1_i5:1312-1725  -            138 5744at3041           -            232    0.0014   14.7   0.8   1   2    0.0033      0.26    7.3   0.1    25    64     6    47     3    56 0.81 -
TRINITY_DN284_c0_g1_i5:1312-1725  -            138 5744at3041           -            232    0.0014   14.7   0.8   2   2    0.0063       0.5    6.4   0.1    20    68    68   118    50   127 0.73 -
TRINITY_DN12025_c0_g1_i2:157-492  -            112 5744at3041           -            232    0.0015   14.6   1.6   1   2     0.004      0.31    7.0   0.1    37    66    10    39     1    49 0.79 -
TRINITY_DN12025_c0_g1_i2:157-492  -            112 5744at3041           -            232    0.0015   14.6   1.6   2   2     0.003      0.23    7.4   0.2    16    64    53   104    44   110 0.75 -
TRINITY_DN24611_c0_g1_i1:784-1074 -             97 5744at3041           -            232    0.0018   14.3   0.5   1   2   0.00036     0.028   10.4   0.2    25    73     6    55     2    64 0.83 -
TRINITY_DN24611_c0_g1_i1:784-1074 -             97 5744at3041           -            232    0.0018   14.3   0.5   2   2    0.0087      0.69    5.9   0.1    28    66    42    81    40    93 0.81 -
TRINITY_DN4219_c0_g1_i24:23-403   -            127 5744at3041           -            232    0.0034   13.4   0.7   1   2   0.00077      0.06    9.4   0.3    25    75     7    58     3    72 0.84 -
TRINITY_DN4219_c0_g1_i24:23-403   -            127 5744at3041           -            232    0.0034   13.4   0.7   2   2     0.064         5    3.1   0.0    24    67    72   116    59   124 0.79 -
TRINITY_DN4219_c0_g1_i31:23-403   -            127 5744at3041           -            232    0.0034   13.4   0.7   1   2   0.00077      0.06    9.4   0.3    25    75     7    58     3    72 0.84 -
TRINITY_DN4219_c0_g1_i31:23-403   -            127 5744at3041           -            232    0.0034   13.4   0.7   2   2     0.064         5    3.1   0.0    24    67    72   116    59   124 0.79 -
TRINITY_DN35037_c0_g1_i1:40-375   -            112 5744at3041           -            232    0.0056   12.7   0.1   1   1   8.8e-05    0.0069   12.4   0.1    24    69    56   103    27   108 0.81 -
TRINITY_DN37380_c0_g1_i1:58-417   -            120 5744at3041           -            232     0.013   11.5   0.2   1   2   0.00067     0.053    9.5   0.1    17    66    21    77     6    89 0.78 -
TRINITY_DN37380_c0_g1_i1:58-417   -            120 5744at3041           -            232     0.013   11.5   0.2   2   2    0.0087      0.68    5.9   0.0    25    69    68   113    52   119 0.84 -
#
# Program:         hmmsearch
# Version:         3.2.1 (June 2018)
# Pipeline mode:   SEARCH
# Query file:      /sw/bioinfo/BUSCO/v5_lineage_sets/lineages/chlorophyta_odb10/hmms/5744at3041.hmm
# Target file:     /crex/proj/snic2022-23-81/expression_algae/code/busco/trinity_VA-3180-Osg12Mul/run_chlorophyta_odb10/metaeuk_output/rerun_results/trinity_VA-3180-Osg12Mul.Trinity.fasta.modified.fas
# Option settings: hmmsearch --domtblout /crex/proj/snic2022-23-81/expression_algae/code/busco/trinity_VA-3180-Osg12Mul/run_chlorophyta_odb10/hmmer_output/rerun_results/5744at3041.out --cpu 1 /sw/bioinfo/BUSCO/v5_lineage_sets/lineages/chlorophyta_odb10/hmms/5744at3041.hmm /crex/proj/snic2022-23-81/expression_algae/code/busco/trinity_VA-3180-Osg12Mul/run_chlorophyta_odb10/metaeuk_output/rerun_results/trinity_VA-3180-Osg12Mul.Trinity.fasta.modified.fas 
# Current dir:     /crex/proj/snic2022-23-81/expression_algae/code/busco
# Date:            Fri Sep 23 10:13:35 2022
# [ok]
