#                                                                                          --- full sequence --- -------------- this domain -------------   hmm coord   ali coord   env coord
# target name                      accession   tlen query name           accession   qlen   E-value  score  bias   #  of  c-Evalue  i-Evalue  score  bias  from    to  from    to  from    to  acc description of target
#              ------------------- ---------- ----- -------------------- ---------- ----- --------- ------ ----- --- --- --------- --------- ------ ----- ----- ----- ----- ----- ----- ----- ---- ---------------------
TRINITY_DN2643_c0_g1_i1:4-420      -            139 6001at3041           -            346   9.8e-16   53.8   0.7   1   1   1.3e-16   1.1e-15   53.6   0.7     2   121     8   139     7   139 0.85 -
TRINITY_DN27625_c0_g1_i1:86-535    -            150 6001at3041           -            346   4.8e-15   51.6   3.3   1   2   1.8e-08   1.6e-07   26.9   0.6    51   121     8    82     4    83 0.89 -
TRINITY_DN27625_c0_g1_i1:86-535    -            150 6001at3041           -            346   4.8e-15   51.6   3.3   2   2   6.1e-10   5.2e-09   31.7   0.1     3    77    70   149    68   150 0.88 -
TRINITY_DN1072_c0_g3_i1:11-847     -            279 6001at3041           -            346   1.9e-11   39.7   0.8   1   2    0.0021     0.018   10.2   0.0   161   197     6    47     2    76 0.81 -
TRINITY_DN1072_c0_g3_i1:11-847     -            279 6001at3041           -            346   1.9e-11   39.7   0.8   2   2   3.4e-08   2.9e-07   26.0   0.4   254   314   126   197   114   219 0.79 -
TRINITY_DN10012_c0_g2_i1:241-687   -            149 6001at3041           -            346   2.5e-11   39.3   0.9   1   1   5.5e-12   4.8e-11   38.4   0.8    42   122    59   144    54   147 0.80 -
TRINITY_DN330_c0_g1_i22:1656-2486  -            277 6001at3041           -            346   6.3e-11   38.0   2.6   1   5         1       8.7    1.4   0.1    17    36     2    21     1    35 0.74 -
TRINITY_DN330_c0_g1_i22:1656-2486  -            277 6001at3041           -            346   6.3e-11   38.0   2.6   2   5    0.0017     0.014   10.5   2.6     3    74    11    91     9    93 0.69 -
TRINITY_DN330_c0_g1_i22:1656-2486  -            277 6001at3041           -            346   6.3e-11   38.0   2.6   3   5    0.0013     0.011   11.0   1.5     2    75    34   116    33   130 0.78 -
TRINITY_DN330_c0_g1_i22:1656-2486  -            277 6001at3041           -            346   6.3e-11   38.0   2.6   4   5   1.8e-07   1.6e-06   23.6   0.4     3   121    83   212    81   218 0.80 -
TRINITY_DN330_c0_g1_i22:1656-2486  -            277 6001at3041           -            346   6.3e-11   38.0   2.6   5   5   6.3e-07   5.4e-06   21.8   0.1    16   118   143   256   132   262 0.83 -
TRINITY_DN330_c0_g1_i8:1656-2486   -            277 6001at3041           -            346   6.3e-11   38.0   2.6   1   5         1       8.7    1.4   0.1    17    36     2    21     1    35 0.74 -
TRINITY_DN330_c0_g1_i8:1656-2486   -            277 6001at3041           -            346   6.3e-11   38.0   2.6   2   5    0.0017     0.014   10.5   2.6     3    74    11    91     9    93 0.69 -
TRINITY_DN330_c0_g1_i8:1656-2486   -            277 6001at3041           -            346   6.3e-11   38.0   2.6   3   5    0.0013     0.011   11.0   1.5     2    75    34   116    33   130 0.78 -
TRINITY_DN330_c0_g1_i8:1656-2486   -            277 6001at3041           -            346   6.3e-11   38.0   2.6   4   5   1.8e-07   1.6e-06   23.6   0.4     3   121    83   212    81   218 0.80 -
TRINITY_DN330_c0_g1_i8:1656-2486   -            277 6001at3041           -            346   6.3e-11   38.0   2.6   5   5   6.3e-07   5.4e-06   21.8   0.1    16   118   143   256   132   262 0.83 -
TRINITY_DN3260_c0_g1_i1:315-758    -            148 6001at3041           -            346   3.1e-10   35.7   1.4   1   2   4.4e-07   3.8e-06   22.3   0.2     4    59     1    63     1    69 0.61 -
TRINITY_DN3260_c0_g1_i1:315-758    -            148 6001at3041           -            346   3.1e-10   35.7   1.4   2   2   0.00079    0.0068   11.6   0.1     2    68    70   144    69   148 0.77 -
TRINITY_DN3226_c0_g3_i2:98-1030    -            311 6001at3041           -            346   1.9e-09   33.2   0.3   1   2    0.0032     0.027    9.6   0.0   162   208     4    55     2    89 0.77 -
TRINITY_DN3226_c0_g3_i2:98-1030    -            311 6001at3041           -            346   1.9e-09   33.2   0.3   2   2     9e-07   7.8e-06   21.3   0.2   220   287   113   179   109   185 0.91 -
TRINITY_DN3226_c0_g3_i3:98-1018    -            307 6001at3041           -            346   2.1e-09   33.1   0.2   1   2    0.0027     0.024    9.8   0.0   163   226     1    72     1    82 0.75 -
TRINITY_DN3226_c0_g3_i3:98-1018    -            307 6001at3041           -            346   2.1e-09   33.1   0.2   2   2   8.1e-07     7e-06   21.4   0.0   214   287    98   174    85   192 0.82 -
TRINITY_DN2643_c0_g1_i2:4-264      -             87 6001at3041           -            346   2.8e-09   32.6   0.0   1   1   1.1e-09   9.1e-09   30.9   0.0    44   121     3    87     1    87 0.82 -
TRINITY_DN28032_c0_g1_i1:837-1322  -            162 6001at3041           -            346   4.8e-09   31.9   0.4   1   1   6.7e-10   5.7e-09   31.6   0.4    15   147     2   154     1   158 0.81 -
TRINITY_DN531_c0_g1_i1:1-561       -            187 6001at3041           -            346   1.5e-08   30.3   0.0   1   2   2.4e-08   2.1e-07   26.5   0.0   256   286    28    58    20    62 0.90 -
TRINITY_DN531_c0_g1_i1:1-561       -            187 6001at3041           -            346   1.5e-08   30.3   0.0   2   2      0.83       7.2    1.7   0.0   283   310    72   100    67   128 0.85 -
TRINITY_DN380_c0_g1_i2:50-706      -            219 6001at3041           -            346   3.9e-08   28.9   0.5   1   1   1.6e-08   1.3e-07   27.1   0.5   160   317     2   175     1   186 0.69 -
TRINITY_DN29434_c0_g1_i1:93-857    -            255 6001at3041           -            346   1.3e-07   27.2   0.0   1   1   1.9e-08   1.7e-07   26.8   0.0   160   294     2   152     1   165 0.77 -
TRINITY_DN6701_c0_g1_i2:1-651      -            217 6001at3041           -            346   2.2e-07   26.4   0.0   1   1   3.9e-08   3.4e-07   25.8   0.0   161   294     6   155     2   170 0.73 -
TRINITY_DN8482_c0_g1_i2:233-790    -            186 6001at3041           -            346   3.4e-07   25.8   0.1   1   1   7.6e-08   6.6e-07   24.8   0.1   254   286    13    45     7    78 0.88 -
TRINITY_DN142_c0_g1_i6:1057-1905   -            283 6001at3041           -            346   4.8e-07   25.3   0.0   1   1   7.5e-08   6.5e-07   24.8   0.0   162   308     3   166     1   194 0.76 -
TRINITY_DN818_c0_g1_i3:34-1176     -            381 6001at3041           -            346     5e-07   25.2   0.0   1   2      0.13       1.2    4.3   0.0   162   202    47    92    34   131 0.74 -
TRINITY_DN818_c0_g1_i3:34-1176     -            381 6001at3041           -            346     5e-07   25.2   0.0   2   2   6.1e-06   5.2e-05   18.6   0.0   254   297   208   262   203   274 0.81 -
TRINITY_DN818_c0_g1_i5:34-1176     -            381 6001at3041           -            346     5e-07   25.2   0.0   1   2      0.13       1.2    4.3   0.0   162   202    47    92    34   131 0.74 -
TRINITY_DN818_c0_g1_i5:34-1176     -            381 6001at3041           -            346     5e-07   25.2   0.0   2   2   6.1e-06   5.2e-05   18.6   0.0   254   297   208   262   203   274 0.81 -
TRINITY_DN818_c0_g1_i6:34-1176     -            381 6001at3041           -            346     5e-07   25.2   0.0   1   2      0.13       1.2    4.3   0.0   162   202    47    92    34   131 0.74 -
TRINITY_DN818_c0_g1_i6:34-1176     -            381 6001at3041           -            346     5e-07   25.2   0.0   2   2   6.1e-06   5.2e-05   18.6   0.0   254   297   208   262   203   274 0.81 -
TRINITY_DN6232_c0_g1_i1:3-887      -            295 6001at3041           -            346   6.1e-07   24.9   0.0   1   2   9.7e-07   8.3e-06   21.2   0.0   148   294    51   212    14   220 0.75 -
TRINITY_DN6232_c0_g1_i1:3-887      -            295 6001at3041           -            346   6.1e-07   24.9   0.0   2   2      0.95       8.2    1.5   0.0   299   318   238   257   234   269 0.89 -
TRINITY_DN2570_c0_g1_i1:49-477     -            143 6001at3041           -            346   6.7e-07   24.8   0.0   1   1     1e-07   8.7e-07   24.4   0.0   160   285     5   137     3   140 0.86 -
TRINITY_DN3380_c0_g1_i1:20-433     -            138 6001at3041           -            346   1.2e-06   24.0   2.3   1   1   1.8e-07   1.6e-06   23.6   2.3    39   126     4    93     1   110 0.82 -
TRINITY_DN3380_c0_g1_i3:20-433     -            138 6001at3041           -            346   1.2e-06   24.0   2.3   1   1   1.8e-07   1.6e-06   23.6   2.3    39   126     4    93     1   110 0.82 -
TRINITY_DN8740_c0_g2_i2:4-510      -            169 6001at3041           -            346   2.4e-06   23.0   0.0   1   1   2.9e-07   2.5e-06   22.9   0.0   230   306    67   150     1   161 0.75 -
TRINITY_DN4865_c0_g1_i9:48-1037    -            330 6001at3041           -            346   2.6e-06   22.9   0.0   1   2       3.4        29   -0.3   0.0   171   215    27    79    16    89 0.64 -
TRINITY_DN4865_c0_g1_i9:48-1037    -            330 6001at3041           -            346   2.6e-06   22.9   0.0   2   2   1.5e-06   1.3e-05   20.5   0.0   254   287   170   203   150   232 0.84 -
TRINITY_DN330_c0_g1_i13:174-737    -            188 6001at3041           -            346   2.9e-06   22.7   1.6   1   2   0.00061    0.0053   12.0   0.2    42   114    10    90     5    99 0.71 -
TRINITY_DN330_c0_g1_i13:174-737    -            188 6001at3041           -            346   2.9e-06   22.7   1.6   2   2    0.0026     0.022    9.9   0.1    82   121   133   173   105   187 0.74 -
TRINITY_DN330_c0_g1_i26:10-573     -            188 6001at3041           -            346   2.9e-06   22.7   1.6   1   2   0.00061    0.0053   12.0   0.2    42   114    10    90     5    99 0.71 -
TRINITY_DN330_c0_g1_i26:10-573     -            188 6001at3041           -            346   2.9e-06   22.7   1.6   2   2    0.0026     0.022    9.9   0.1    82   121   133   173   105   187 0.74 -
TRINITY_DN776_c0_g1_i1:369-998     -            210 6001at3041           -            346   3.8e-06   22.3   0.7   1   1   7.6e-07   6.6e-06   21.5   0.6   254   290    39    75    33   124 0.90 -
TRINITY_DN330_c0_g1_i7:887-1402    -            172 6001at3041           -            346   3.9e-06   22.3   0.7   1   2    0.0015     0.013   10.7   0.1    62   114    17    74     2    83 0.77 -
TRINITY_DN330_c0_g1_i7:887-1402    -            172 6001at3041           -            346   3.9e-06   22.3   0.7   2   2    0.0024     0.021   10.0   0.1    82   121   117   157    94   171 0.73 -
TRINITY_DN330_c0_g1_i8:8962-9477   -            172 6001at3041           -            346   3.9e-06   22.3   0.7   1   2    0.0015     0.013   10.7   0.1    62   114    17    74     2    83 0.77 -
TRINITY_DN330_c0_g1_i8:8962-9477   -            172 6001at3041           -            346   3.9e-06   22.3   0.7   2   2    0.0024     0.021   10.0   0.1    82   121   117   157    94   171 0.73 -
TRINITY_DN27842_c0_g1_i1:102-980   -            293 6001at3041           -            346   3.9e-06   22.3   0.0   1   2    0.0042     0.036    9.2   0.0   164   239     2    80     1    88 0.81 -
TRINITY_DN27842_c0_g1_i1:102-980   -            293 6001at3041           -            346   3.9e-06   22.3   0.0   2   2    0.0012      0.01   11.1   0.0   260   292   131   169   117   179 0.81 -
TRINITY_DN10793_c0_g1_i1:1147-1626 -            160 6001at3041           -            346   4.4e-06   22.1   0.0   1   1   1.1e-06   9.1e-06   21.1   0.0   158   294     7   159     3   160 0.78 -
TRINITY_DN10793_c0_g1_i3:1147-1626 -            160 6001at3041           -            346   4.4e-06   22.1   0.0   1   1   1.1e-06   9.1e-06   21.1   0.0   158   294     7   159     3   160 0.78 -
TRINITY_DN330_c0_g1_i22:8622-9230  -            203 6001at3041           -            346   4.4e-06   22.1   2.7   1   2   2.2e-06   1.9e-05   20.0   0.9    18   114    17   127    10   137 0.73 -
TRINITY_DN330_c0_g1_i22:8622-9230  -            203 6001at3041           -            346   4.4e-06   22.1   2.7   2   2      0.76       6.6    1.8   0.0    20   108   168   197   142   203 0.62 -
TRINITY_DN4865_c0_g1_i10:16-642    -            209 6001at3041           -            346   4.5e-06   22.1   0.0   1   1     7e-07   6.1e-06   21.6   0.0   254   287    64    97    44   127 0.83 -
TRINITY_DN3089_c0_g1_i1:2-430      -            143 6001at3041           -            346   5.8e-06   21.7   0.1   1   1   1.1e-06   9.2e-06   21.1   0.1   254   286    33    65     3    69 0.80 -
TRINITY_DN7499_c0_g1_i1:343-960    -            206 6001at3041           -            346   6.7e-06   21.5   0.0   1   1   1.1e-06   9.2e-06   21.1   0.0   223   298    21    97     7   109 0.78 -
TRINITY_DN3590_c0_g1_i1:50-556     -            169 6001at3041           -            346   6.7e-06   21.5   0.9   1   1   2.9e-06   2.5e-05   19.6   0.9   254   287     5    38     2    96 0.74 -
TRINITY_DN1013_c0_g1_i10:424-1392  -            323 6001at3041           -            346   7.7e-06   21.3   1.9   1   2      0.73       6.3    1.9   0.0   164   208     8    57     2    82 0.72 -
TRINITY_DN1013_c0_g1_i10:424-1392  -            323 6001at3041           -            346   7.7e-06   21.3   1.9   2   2   1.4e-05   0.00012   17.3   1.4   254   287   155   188   129   231 0.84 -
TRINITY_DN2363_c0_g2_i4:110-811    -            234 6001at3041           -            346   7.7e-06   21.3   0.0   1   1   1.2e-06     1e-05   20.9   0.0   157   295     3   158     1   176 0.74 -
TRINITY_DN3302_c0_g1_i1:144-1088   -            315 6001at3041           -            346   8.2e-06   21.2   0.0   1   1   3.6e-06   3.1e-05   19.3   0.0   214   287   115   191    88   216 0.79 -
TRINITY_DN3302_c0_g1_i4:144-1088   -            315 6001at3041           -            346   8.2e-06   21.2   0.0   1   1   3.6e-06   3.1e-05   19.3   0.0   214   287   115   191    88   216 0.79 -
TRINITY_DN3302_c0_g1_i6:144-1088   -            315 6001at3041           -            346   8.2e-06   21.2   0.0   1   1   3.6e-06   3.1e-05   19.3   0.0   214   287   115   191    88   216 0.79 -
TRINITY_DN3302_c0_g1_i5:94-849     -            252 6001at3041           -            346   9.5e-06   21.0   0.0   1   1   2.2e-06   1.9e-05   20.0   0.0   214   287   117   193    90   218 0.79 -
TRINITY_DN274_c0_g1_i1:1326-1859   -            178 6001at3041           -            346   9.6e-06   21.0   0.0   1   1   1.6e-06   1.4e-05   20.5   0.0   264   307    11    60     4    93 0.83 -
TRINITY_DN776_c0_g2_i1:141-626     -            162 6001at3041           -            346     1e-05   20.9   2.2   1   1   1.7e-06   1.5e-05   20.4   1.4   259   294     1    34     1    72 0.91 -
TRINITY_DN142_c0_g1_i1:125-936     -            219 6001at3041           -            346   1.1e-05   20.9   0.0   1   1   1.5e-06   1.3e-05   20.6   0.0   261   308    49   102    12   131 0.73 -
TRINITY_DN1013_c0_g1_i12:566-1531  -            322 6001at3041           -            346   1.1e-05   20.9   2.2   1   2      0.91       7.9    1.5   0.0   164   208     8    57     2    82 0.71 -
TRINITY_DN1013_c0_g1_i12:566-1531  -            322 6001at3041           -            346   1.1e-05   20.9   2.2   2   2   1.4e-05   0.00012   17.4   1.4   254   287   155   188   129   231 0.84 -
TRINITY_DN1013_c0_g1_i2:566-1531   -            322 6001at3041           -            346   1.1e-05   20.8   2.2   1   2      0.91       7.9    1.5   0.0   164   208     8    57     2    82 0.71 -
TRINITY_DN1013_c0_g1_i2:566-1531   -            322 6001at3041           -            346   1.1e-05   20.8   2.2   2   2   1.4e-05   0.00012   17.4   1.4   254   287   155   188   129   231 0.84 -
TRINITY_DN1013_c0_g1_i3:566-1534   -            323 6001at3041           -            346   1.1e-05   20.7   2.2   1   2      0.91       7.9    1.5   0.0   164   208     8    57     2    82 0.71 -
TRINITY_DN1013_c0_g1_i3:566-1534   -            323 6001at3041           -            346   1.1e-05   20.7   2.2   2   2   1.4e-05   0.00012   17.3   1.4   254   287   155   188   129   231 0.84 -
TRINITY_DN410_c0_g3_i2:24-560      -            179 6001at3041           -            346   1.1e-05   20.7   0.0   1   1   1.4e-06   1.2e-05   20.6   0.0   255   294    65   110    12   124 0.84 -
TRINITY_DN1542_c0_g1_i3:248-1201   -            318 6001at3041           -            346   1.2e-05   20.7   0.0   1   2     0.052      0.44    5.6   0.0   157   205    12    66     5    96 0.76 -
TRINITY_DN1542_c0_g1_i3:248-1201   -            318 6001at3041           -            346   1.2e-05   20.7   0.0   2   2   0.00031    0.0026   13.0   0.0   254   287   159   192   128   212 0.84 -
TRINITY_DN410_c0_g3_i3:54-587      -            178 6001at3041           -            346   1.2e-05   20.7   0.0   1   1   1.6e-06   1.4e-05   20.5   0.0   255   294    55   100     8   114 0.86 -
TRINITY_DN274_c0_g1_i9:1332-2261   -            310 6001at3041           -            346   1.3e-05   20.6   0.1   1   1   2.5e-06   2.1e-05   19.8   0.1   162   306    31   193    23   206 0.76 -
TRINITY_DN2209_c0_g1_i1:423-1001   -            193 6001at3041           -            346   1.4e-05   20.5   0.0   1   1   2.2e-06   1.9e-05   20.0   0.0   258   305   109   162    51   168 0.80 -
TRINITY_DN2209_c0_g1_i2:423-974    -            184 6001at3041           -            346   1.4e-05   20.4   0.0   1   1   2.1e-06   1.8e-05   20.1   0.0   258   305   109   162    50   166 0.80 -
TRINITY_DN1481_c0_g1_i3:407-1087   -            227 6001at3041           -            346   1.5e-05   20.4   0.0   1   1   1.9e-06   1.6e-05   20.3   0.0   248   306    98   162     1   173 0.74 -
TRINITY_DN410_c0_g3_i1:135-698     -            188 6001at3041           -            346   1.7e-05   20.2   0.0   1   1   2.6e-06   2.2e-05   19.8   0.0   255   294    28    73    18    87 0.85 -
TRINITY_DN2900_c1_g1_i2:99-854     -            252 6001at3041           -            346   1.8e-05   20.1   0.1   1   1   1.6e-05   0.00013   17.2   0.1   164   292     1   141     1   150 0.66 -
TRINITY_DN3844_c0_g1_i1:0-617      -            206 6001at3041           -            346     2e-05   20.0   0.0   1   1     3e-06   2.6e-05   19.6   0.0   162   294    16   168     5   175 0.71 -
TRINITY_DN1481_c0_g1_i1:404-1231   -            276 6001at3041           -            346     2e-05   19.9   0.0   1   1   2.8e-06   2.4e-05   19.7   0.0   247   306    98   163     1   174 0.73 -
TRINITY_DN3120_c0_g3_i3:112-807    -            232 6001at3041           -            346   2.2e-05   19.8   1.3   1   1   9.5e-06   8.2e-05   17.9   1.3   172   294     1   139     1   149 0.72 -
TRINITY_DN2363_c0_g2_i6:662-1345   -            228 6001at3041           -            346   2.3e-05   19.7   0.0   1   1   3.6e-06   3.1e-05   19.3   0.0   162   295     2   152     1   170 0.74 -
TRINITY_DN3089_c0_g1_i2:2-445      -            148 6001at3041           -            346   2.4e-05   19.7   0.1   1   1   4.2e-06   3.6e-05   19.1   0.1   253   286    37    70     4    74 0.88 -
TRINITY_DN5060_c0_g1_i3:438-1352   -            305 6001at3041           -            346   2.6e-05   19.6   0.1   1   2       1.1       9.1    1.3   0.0   169   201     3    42     1    94 0.75 -
TRINITY_DN5060_c0_g1_i3:438-1352   -            305 6001at3041           -            346   2.6e-05   19.6   0.1   2   2   3.7e-05   0.00032   16.0   0.0   254   290   145   181   110   218 0.80 -
TRINITY_DN3590_c0_g2_i2:106-633    -            176 6001at3041           -            346   3.2e-05   19.3   1.0   1   1   7.5e-06   6.5e-05   18.3   1.0   255   287    16    48     8    88 0.89 -
TRINITY_DN403_c0_g1_i3:413-1303    -            297 6001at3041           -            346   3.4e-05   19.2   0.1   1   1   5.9e-06   5.1e-05   18.6   0.1   256   300    98   149    84   162 0.76 -
TRINITY_DN3226_c0_g1_i1:93-1127    -            345 6001at3041           -            346   4.3e-05   18.9   0.3   1   2      0.09      0.78    4.9   0.0   163   190    10    42     4    52 0.81 -
TRINITY_DN3226_c0_g1_i1:93-1127    -            345 6001at3041           -            346   4.3e-05   18.9   0.3   2   2   0.00051    0.0044   12.2   0.1   220   287   151   221    78   236 0.75 -
TRINITY_DN3226_c0_g1_i2:93-1127    -            345 6001at3041           -            346   4.3e-05   18.9   0.3   1   2      0.09      0.78    4.9   0.0   163   190    10    42     4    52 0.81 -
TRINITY_DN3226_c0_g1_i2:93-1127    -            345 6001at3041           -            346   4.3e-05   18.9   0.3   2   2   0.00051    0.0044   12.2   0.1   220   287   151   221    78   236 0.75 -
TRINITY_DN1196_c0_g1_i2:108-476    -            123 6001at3041           -            346   4.8e-05   18.7   0.2   1   1   6.9e-06   5.9e-05   18.4   0.2    70   158     8   105     1   118 0.72 -
TRINITY_DN155_c0_g1_i2:1021-1872   -            284 6001at3041           -            346   5.1e-05   18.6   0.0   1   1   7.8e-06   6.7e-05   18.2   0.0   257   294   104   148     5   155 0.87 -
TRINITY_DN155_c0_g1_i3:1021-1872   -            284 6001at3041           -            346   5.1e-05   18.6   0.0   1   1   7.8e-06   6.7e-05   18.2   0.0   257   294   104   148     5   155 0.87 -
TRINITY_DN155_c0_g1_i5:1021-1872   -            284 6001at3041           -            346   5.1e-05   18.6   0.0   1   1   7.8e-06   6.7e-05   18.2   0.0   257   294   104   148     5   155 0.87 -
TRINITY_DN155_c0_g1_i7:1021-1872   -            284 6001at3041           -            346   5.1e-05   18.6   0.0   1   1   7.8e-06   6.7e-05   18.2   0.0   257   294   104   148     5   155 0.87 -
TRINITY_DN5430_c0_g1_i1:296-931    -            212 6001at3041           -            346   5.7e-05   18.4   0.1   1   1     1e-05   8.6e-05   17.9   0.1   238   294    83   146    12   151 0.76 -
TRINITY_DN21520_c0_g1_i1:1-402     -            134 6001at3041           -            346   5.9e-05   18.4   0.1   1   1   1.2e-05    0.0001   17.6   0.1   167   285     3   134     1   134 0.70 -
TRINITY_DN5430_c0_g1_i2:296-946    -            217 6001at3041           -            346     6e-05   18.4   0.1   1   1   1.1e-05   9.1e-05   17.8   0.1   238   294    83   146    12   151 0.77 -
TRINITY_DN611_c0_g1_i8:259-1285    -            303 6001at3041           -            346   6.2e-05   18.3   0.0   1   2       4.6        39   -0.8   0.0   171   199     2    37     1    72 0.73 -
TRINITY_DN611_c0_g1_i8:259-1285    -            303 6001at3041           -            346   6.2e-05   18.3   0.0   2   2   2.6e-05   0.00022   16.5   0.0   254   299    96   147    83   152 0.85 -
TRINITY_DN5985_c0_g1_i1:18-1004    -            329 6001at3041           -            346   6.7e-05   18.2   0.3   1   1   1.5e-05   0.00013   17.3   0.3   245   296   100   161     8   170 0.76 -
TRINITY_DN2657_c0_g1_i3:198-767    -            190 6001at3041           -            346   8.2e-05   17.9   0.2   1   2   9.1e-05   0.00079   14.7   0.2   257   286     2    31     1    34 0.93 -
TRINITY_DN2657_c0_g1_i3:198-767    -            190 6001at3041           -            346   8.2e-05   17.9   0.2   2   2       2.6        22    0.1   0.0   278   301    55    78    42    86 0.80 -
TRINITY_DN2657_c0_g1_i7:659-1228   -            190 6001at3041           -            346   8.2e-05   17.9   0.2   1   2   9.1e-05   0.00079   14.7   0.2   257   286     2    31     1    34 0.93 -
TRINITY_DN2657_c0_g1_i7:659-1228   -            190 6001at3041           -            346   8.2e-05   17.9   0.2   2   2       2.6        22    0.1   0.0   278   301    55    78    42    86 0.80 -
TRINITY_DN13679_c0_g1_i1:237-632   -            132 6001at3041           -            346   8.5e-05   17.9   0.1   1   1   1.1e-05   9.2e-05   17.8   0.1   237   286    82   132     2   132 0.80 -
TRINITY_DN3120_c0_g3_i2:8-691      -            228 6001at3041           -            346   8.5e-05   17.9   0.8   1   1   4.1e-05   0.00036   15.8   0.8   172   287     1   126     1   146 0.71 -
TRINITY_DN11000_c0_g2_i1:8-463     -            152 6001at3041           -            346   9.6e-05   17.7   1.4   1   1   7.2e-05   0.00062   15.0   1.4   170   294     6   149     2   152 0.66 -
TRINITY_DN611_c0_g1_i6:259-1218    -            320 6001at3041           -            346   9.7e-05   17.7   0.0   1   2       5.6        48   -1.0   0.0   171   199     2    37     1    62 0.72 -
TRINITY_DN611_c0_g1_i6:259-1218    -            320 6001at3041           -            346   9.7e-05   17.7   0.0   2   2   3.8e-05   0.00033   15.9   0.0   255   299   103   153    94   158 0.83 -
TRINITY_DN611_c0_g1_i7:259-1218    -            320 6001at3041           -            346   9.7e-05   17.7   0.0   1   2       5.6        48   -1.0   0.0   171   199     2    37     1    62 0.72 -
TRINITY_DN611_c0_g1_i7:259-1218    -            320 6001at3041           -            346   9.7e-05   17.7   0.0   2   2   3.8e-05   0.00033   15.9   0.0   255   299   103   153    94   158 0.83 -
TRINITY_DN2657_c0_g1_i6:198-803    -            202 6001at3041           -            346   0.00012   17.4   0.6   1   2   0.00011   0.00092   14.5   0.3   255   286    12    43     5    46 0.87 -
TRINITY_DN2657_c0_g1_i6:198-803    -            202 6001at3041           -            346   0.00012   17.4   0.6   2   2       2.9        25   -0.1   0.0   278   301    67    90    52    96 0.80 -
TRINITY_DN142_c0_g3_i3:973-1419    -            149 6001at3041           -            346   0.00012   17.4   0.0   1   1   1.5e-05   0.00013   17.2   0.0   262   305    46    95    13   107 0.81 -
TRINITY_DN2345_c0_g1_i1:208-741    -            178 6001at3041           -            346   0.00013   17.2   0.1   1   1   5.4e-05   0.00047   15.4   0.1   170   294    12   152     3   164 0.52 -
TRINITY_DN142_c0_g3_i1:662-1300    -            213 6001at3041           -            346   0.00014   17.2   0.1   1   1   1.9e-05   0.00017   16.9   0.0   260   305   108   159     1   163 0.75 -
TRINITY_DN2728_c0_g1_i1:303-653    -            117 6001at3041           -            346   0.00014   17.2   0.3   1   1   2.1e-05   0.00018   16.8   0.3    39   123    18   106     5   113 0.73 -
TRINITY_DN2728_c0_g1_i2:47-397     -            117 6001at3041           -            346   0.00014   17.2   0.3   1   1   2.1e-05   0.00018   16.8   0.3    39   123    18   106     5   113 0.73 -
TRINITY_DN1361_c0_g1_i1:351-1349   -            333 6001at3041           -            346   0.00015   17.1   0.0   1   1   2.9e-05   0.00025   16.3   0.0   165   285     1   129     1   145 0.80 -
TRINITY_DN1361_c0_g1_i2:850-1848   -            333 6001at3041           -            346   0.00015   17.1   0.0   1   1   2.9e-05   0.00025   16.3   0.0   165   285     1   129     1   145 0.80 -
TRINITY_DN403_c0_g1_i1:318-1193    -            292 6001at3041           -            346   0.00016   17.0   0.1   1   1   3.6e-05   0.00031   16.0   0.1   255   300    98   150    86   161 0.76 -
TRINITY_DN411_c2_g1_i3:153-851     -            233 6001at3041           -            346   0.00016   17.0   0.1   1   1   2.5e-05   0.00021   16.6   0.1   240   300    90   157    52   164 0.79 -
TRINITY_DN274_c0_g1_i4:1332-2024   -            231 6001at3041           -            346   0.00016   17.0   0.0   1   1   2.5e-05   0.00022   16.6   0.0   260   306    62   114     2   130 0.74 -
TRINITY_DN142_c0_g2_i2:152-802     -            217 6001at3041           -            346   0.00016   16.9   0.1   1   1   3.9e-05   0.00033   15.9   0.1   262   306   114   164     2   198 0.86 -
TRINITY_DN2635_c0_g1_i1:157-645    -            163 6001at3041           -            346   0.00021   16.6   0.0   1   1   3.4e-05    0.0003   16.1   0.0   220   297    16   103     4   116 0.73 -
TRINITY_DN23166_c0_g1_i1:590-1264  -            225 6001at3041           -            346   0.00021   16.6   0.0   1   1   3.9e-05   0.00034   15.9   0.0   255   294    64   109    14   114 0.86 -
TRINITY_DN11822_c0_g2_i1:11-985    -            325 6001at3041           -            346   0.00022   16.5   0.0   1   1   5.2e-05   0.00045   15.5   0.0   259   302   176   225   169   248 0.81 -
TRINITY_DN35002_c0_g1_i1:20-454    -            145 6001at3041           -            346   0.00023   16.5   0.0   1   2   9.5e-05   0.00082   14.6   0.0   255   286    33    64    22    72 0.90 -
TRINITY_DN35002_c0_g1_i1:20-454    -            145 6001at3041           -            346   0.00023   16.5   0.0   2   2       4.4        38   -0.7   0.0   282   305    75    98    73   108 0.83 -
TRINITY_DN274_c0_g1_i3:1329-1957   -            142 6001at3041           -            346   0.00025   16.4   0.0   1   1     4e-05   0.00034   15.9   0.0   264   306     2    50     1    67 0.84 -
TRINITY_DN2635_c0_g1_i2:133-798    -            222 6001at3041           -            346   0.00025   16.3   0.0   1   1   3.9e-05   0.00034   15.9   0.0   219   297    74   162     4   174 0.76 -
TRINITY_DN274_c0_g1_i6:1326-1847   -            174 6001at3041           -            346   0.00028   16.2   0.0   1   1   4.2e-05   0.00036   15.8   0.0   264   306     7    55     1    86 0.87 -
TRINITY_DN3302_c1_g2_i1:218-850    -            211 6001at3041           -            346   0.00031   16.0   0.0   1   2   9.3e-05    0.0008   14.7   0.0   255   287    50    82    41   108 0.91 -
TRINITY_DN3302_c1_g2_i1:218-850    -            211 6001at3041           -            346   0.00031   16.0   0.0   2   2       8.5        74   -1.6   0.0   267   311   125   168   122   209 0.57 -
TRINITY_DN2657_c0_g1_i1:198-767    -            190 6001at3041           -            346   0.00031   16.0   2.1   1   2    0.0002    0.0017   13.6   1.2   257   286     2    31     1    34 0.93 -
TRINITY_DN2657_c0_g1_i1:198-767    -            190 6001at3041           -            346   0.00031   16.0   2.1   2   2       2.4        21    0.1   0.0   278   301    55    78    39    85 0.80 -
TRINITY_DN198_c0_g1_i13:1450-1881  -            144 6001at3041           -            346   0.00036   15.8   0.1   1   2      0.16       1.4    4.1   0.0   167   203     3    35     1    44 0.71 -
TRINITY_DN198_c0_g1_i13:1450-1881  -            144 6001at3041           -            346   0.00036   15.8   0.1   2   2    0.0025     0.021   10.0   0.0   254   285   106   137    90   139 0.77 -
TRINITY_DN198_c0_g1_i4:1450-1881   -            144 6001at3041           -            346   0.00036   15.8   0.1   1   2      0.16       1.4    4.1   0.0   167   203     3    35     1    44 0.71 -
TRINITY_DN198_c0_g1_i4:1450-1881   -            144 6001at3041           -            346   0.00036   15.8   0.1   2   2    0.0025     0.021   10.0   0.0   254   285   106   137    90   139 0.77 -
TRINITY_DN2692_c0_g1_i3:388-1029   -            214 6001at3041           -            346   0.00038   15.7   0.0   1   1   5.7e-05   0.00049   15.4   0.0   254   298    60   110    33   118 0.83 -
TRINITY_DN2345_c0_g1_i6:322-1167   -            282 6001at3041           -            346    0.0004   15.7   0.1   1   1   0.00014    0.0012   14.1   0.1   169   294     8   149     1   164 0.52 -
TRINITY_DN1081_c0_g1_i1:260-805    -            182 6001at3041           -            346   0.00041   15.6   0.5   1   1   0.00034    0.0029   12.8   0.5   163   292    18   179     3   181 0.65 -
TRINITY_DN2692_c0_g1_i2:457-1167   -            237 6001at3041           -            346   0.00041   15.6   0.0   1   1   6.7e-05   0.00058   15.1   0.0   254   298   106   156    78   164 0.83 -
TRINITY_DN23077_c0_g1_i1:296-1123  -            276 6001at3041           -            346   0.00047   15.4   0.1   1   1   7.8e-05   0.00067   14.9   0.1   249   290    27    68     1    94 0.79 -
TRINITY_DN3728_c1_g3_i2:128-616    -            163 6001at3041           -            346    0.0005   15.4   0.4   1   1   8.4e-05   0.00072   14.8   0.4   262   287     2    27     1    30 0.93 -
TRINITY_DN142_c0_g1_i2:41-514      -            158 6001at3041           -            346   0.00051   15.3   0.2   1   1   6.1e-05   0.00052   15.3   0.2   211   295    61   151     1   158 0.61 -
TRINITY_DN2363_c0_g1_i2:292-1086   -            265 6001at3041           -            346   0.00053   15.3   0.1   1   1   8.4e-05   0.00073   14.8   0.1   212   303    65   163    59   177 0.86 -
TRINITY_DN2345_c0_g1_i3:220-1062   -            281 6001at3041           -            346   0.00062   15.0   0.0   1   1   0.00021    0.0018   13.5   0.0   253   294   101   148     1   160 0.57 -
TRINITY_DN142_c0_g1_i5:32-883      -            284 6001at3041           -            346   0.00065   15.0   0.0   1   1   9.6e-05   0.00083   14.6   0.0   230   302    82   161     2   191 0.65 -
TRINITY_DN831_c0_g3_i4:114-725     -            204 6001at3041           -            346   0.00066   15.0   0.1   1   1   0.00017    0.0014   13.8   0.1   163   287    48   183    42   186 0.67 -
TRINITY_DN1388_c0_g1_i2:92-784     -            231 6001at3041           -            346   0.00079   14.7   0.4   1   1   0.00034    0.0029   12.8   0.4   256   290   111   145     1   172 0.71 -
TRINITY_DN1122_c0_g1_i1:964-1986   -            341 6001at3041           -            346   0.00082   14.6   0.1   1   1   0.00015    0.0013   14.0   0.1   254   287   142   175   132   200 0.84 -
TRINITY_DN1122_c0_g1_i3:1215-2237  -            341 6001at3041           -            346   0.00082   14.6   0.1   1   1   0.00015    0.0013   14.0   0.1   254   287   142   175   132   200 0.84 -
TRINITY_DN2209_c0_g1_i4:354-1241   -            296 6001at3041           -            346   0.00086   14.6   0.0   1   1   0.00014    0.0012   14.1   0.0   258   301   132   181    69   197 0.80 -
TRINITY_DN35672_c0_g1_i1:230-865   -            212 6001at3041           -            346   0.00087   14.6   0.0   1   2       1.1       9.2    1.3   0.0   166   189     2    24     1    31 0.77 -
TRINITY_DN35672_c0_g1_i1:230-865   -            212 6001at3041           -            346   0.00087   14.6   0.0   2   2    0.0011    0.0092   11.2   0.0   263   299   108   151    92   163 0.81 -
TRINITY_DN2209_c0_g2_i4:33-707     -            225 6001at3041           -            346   0.00095   14.4   0.0   1   1   0.00014    0.0012   14.1   0.0   263   306    53   102    17   115 0.83 -
TRINITY_DN3813_c0_g1_i2:71-400     -            110 6001at3041           -            346    0.0011   14.3   0.0   1   1   0.00014    0.0012   14.1   0.0   253   288    48    82    29    99 0.88 -
TRINITY_DN2605_c0_g1_i2:28-729     -            234 6001at3041           -            346    0.0011   14.3   0.0   1   1   0.00034    0.0029   12.8   0.0   257   294   116   159   103   171 0.83 -
TRINITY_DN142_c0_g3_i7:590-1111    -            174 6001at3041           -            346    0.0011   14.2   0.0   1   1    0.0002    0.0017   13.6   0.0   163   287    24   159    10   173 0.54 -
TRINITY_DN3226_c0_g6_i1:211-723    -            171 6001at3041           -            346    0.0012   14.1   0.0   1   2      0.71       6.1    1.9   0.0   200   225     9    35     4    54 0.77 -
TRINITY_DN3226_c0_g6_i1:211-723    -            171 6001at3041           -            346    0.0012   14.1   0.0   2   2    0.0025     0.021   10.0   0.0   260   287   114   141   108   145 0.90 -
TRINITY_DN10158_c0_g1_i1:268-711   -            148 6001at3041           -            346    0.0013   14.0   0.2   1   1   0.00044    0.0038   12.5   0.2   166   293     3   146     1   148 0.71 -
TRINITY_DN469_c0_g1_i3:2252-3133   -            294 6001at3041           -            346    0.0013   14.0   0.0   1   1   0.00026    0.0022   13.2   0.0   252   306   126   186    21   198 0.73 -
TRINITY_DN2062_c0_g1_i1:3-629      -            209 6001at3041           -            346    0.0013   14.0   0.2   1   2       2.2        19    0.3   0.0   170   183    16    29    12    47 0.78 -
TRINITY_DN2062_c0_g1_i1:3-629      -            209 6001at3041           -            346    0.0013   14.0   0.2   2   2   0.00098    0.0085   11.3   0.1   254   286   127   158   118   181 0.80 -
TRINITY_DN2605_c0_g1_i10:78-668    -            197 6001at3041           -            346    0.0013   14.0   0.0   1   1   0.00025    0.0022   13.3   0.0   257   294    95   138    82   150 0.83 -
TRINITY_DN469_c0_g1_i9:536-1414    -            293 6001at3041           -            346    0.0013   14.0   0.0   1   1   0.00026    0.0023   13.2   0.0   252   306   108   168     4   180 0.74 -
TRINITY_DN6457_c0_g1_i1:0-737      -            246 6001at3041           -            346    0.0013   14.0   0.1   1   1   0.00025    0.0022   13.2   0.0   251   294    95   146    87   199 0.80 -
TRINITY_DN2733_c0_g1_i1:4-495      -            164 6001at3041           -            346    0.0014   13.9   0.0   1   1   0.00033    0.0028   12.9   0.0   260   287     9    36     3    41 0.89 -
TRINITY_DN7221_c0_g1_i1:149-1051   -            301 6001at3041           -            346    0.0014   13.8   0.0   1   2      0.46         4    2.5   0.0   164   187     1    29     1    78 0.83 -
TRINITY_DN7221_c0_g1_i1:149-1051   -            301 6001at3041           -            346    0.0014   13.8   0.0   2   2     0.004     0.035    9.3   0.0   257   294   129   172   113   183 0.83 -
TRINITY_DN2209_c0_g3_i3:198-935    -            246 6001at3041           -            346    0.0015   13.8   0.0   1   1   0.00024    0.0021   13.3   0.0   265   306   104   151    83   162 0.80 -
TRINITY_DN2605_c0_g1_i8:13-666     -            218 6001at3041           -            346    0.0015   13.8   0.0   1   1    0.0003    0.0026   13.0   0.0   257   294    95   138    82   150 0.83 -
TRINITY_DN2209_c0_g3_i2:63-839     -            259 6001at3041           -            346    0.0015   13.7   0.0   1   1   0.00027    0.0023   13.2   0.0   265   306   117   164    96   175 0.80 -
TRINITY_DN1388_c0_g1_i5:92-1006    -            305 6001at3041           -            346    0.0016   13.7   0.3   1   1   0.00061    0.0053   12.0   0.3   256   290   111   145     1   172 0.74 -
TRINITY_DN2900_c0_g1_i5:137-541    -            135 6001at3041           -            346    0.0018   13.6   0.0   1   1   0.00023     0.002   13.4   0.0   238   287    38    89     5   115 0.76 -
TRINITY_DN3302_c1_g1_i1:814-1458   -            215 6001at3041           -            346    0.0021   13.3   0.0   1   1   0.00038    0.0033   12.6   0.0   221   286     9    73     7    97 0.90 -
TRINITY_DN3302_c1_g1_i2:409-1053   -            215 6001at3041           -            346    0.0021   13.3   0.0   1   1   0.00038    0.0033   12.6   0.0   221   286     9    73     7    97 0.90 -
TRINITY_DN1969_c0_g1_i1:243-1181   -            313 6001at3041           -            346    0.0023   13.2   0.0   1   1   0.00055    0.0048   12.1   0.0   259   287   156   184   139   203 0.86 -
TRINITY_DN831_c0_g3_i2:2-799       -            266 6001at3041           -            346    0.0023   13.2   0.1   1   1   0.00054    0.0047   12.2   0.1   164   286     3   136     1   139 0.62 -
TRINITY_DN7406_c0_g1_i1:75-476     -            134 6001at3041           -            346    0.0025   13.0   0.0   1   1   0.00035     0.003   12.8   0.0   259   294    37    78    19    92 0.78 -
TRINITY_DN27576_c0_g1_i2:129-1094  -            322 6001at3041           -            346    0.0026   13.0   0.0   1   1   0.00039    0.0034   12.6   0.0   253   310    92   158    16   174 0.84 -
TRINITY_DN2654_c0_g1_i2:18-857     -            280 6001at3041           -            346    0.0026   13.0   0.1   1   1     0.001    0.0091   11.2   0.1   259   294   107   148     1   166 0.73 -
TRINITY_DN5002_c0_g1_i1:2-427      -            142 6001at3041           -            346    0.0034   12.6   0.0   1   1   0.00046     0.004   12.4   0.0   163   287     2   137     1   140 0.80 -
TRINITY_DN11081_c1_g1_i1:186-530   -            115 6001at3041           -            346    0.0034   12.6   0.0   1   1   0.00049    0.0042   12.3   0.0   255   294    56   100    48   108 0.87 -
TRINITY_DN30655_c0_g1_i1:50-649    -            200 6001at3041           -            346     0.004   12.4   0.0   1   1    0.0006    0.0052   12.0   0.0   255   294    28    72    11    83 0.78 -
TRINITY_DN1672_c0_g1_i1:464-1231   -            256 6001at3041           -            346     0.004   12.4   0.1   1   1    0.0011    0.0093   11.2   0.1   208   294    23   117    13   124 0.64 -
TRINITY_DN3858_c0_g1_i1:177-806    -            210 6001at3041           -            346     0.006   11.8   0.0   1   1    0.0011    0.0096   11.1   0.0   254   290   104   139   101   157 0.84 -
TRINITY_DN2375_c0_g3_i1:422-1048   -            209 6001at3041           -            346    0.0065   11.7   0.0   1   1    0.0013     0.011   10.9   0.0   254   288    52    85    34   106 0.84 -
TRINITY_DN2692_c0_g1_i1:274-831    -            186 6001at3041           -            346    0.0072   11.5   0.0   1   1    0.0011    0.0099   11.1   0.0   263   298     3    44     1    52 0.81 -
TRINITY_DN4753_c0_g2_i1:61-513     -            151 6001at3041           -            346    0.0087   11.3   0.0   1   2      0.97       8.3    1.5   0.0   166   181     3    18     1    58 0.87 -
TRINITY_DN4753_c0_g2_i1:61-513     -            151 6001at3041           -            346    0.0087   11.3   0.0   2   2    0.0076     0.066    8.4   0.0   264   294   113   149    77   151 0.85 -
TRINITY_DN3653_c0_g1_i3:17-442     -            142 6001at3041           -            346     0.009   11.2   0.1   1   1    0.0017     0.014   10.5   0.1   255   285   111   141    96   142 0.93 -
TRINITY_DN469_c0_g1_i6:2252-3344   -            284 6001at3041           -            346    0.0091   11.2   0.0   1   1    0.0018     0.016   10.4   0.0   252   298   126   178    21   186 0.71 -
TRINITY_DN17505_c0_g1_i1:11-562    -            184 6001at3041           -            346    0.0092   11.2   0.0   1   2    0.0036     0.031    9.5   0.0   259   287     1    29     1    54 0.92 -
TRINITY_DN17505_c0_g1_i1:11-562    -            184 6001at3041           -            346    0.0092   11.2   0.0   2   2       7.6        66   -1.5   0.0   326   343   165   182   156   184 0.78 -
TRINITY_DN2602_c0_g1_i1:0-572      -            191 6001at3041           -            346    0.0092   11.2   0.1   1   2     0.036      0.31    6.2   0.0   159   183    23    47    20    54 0.92 -
TRINITY_DN2602_c0_g1_i1:0-572      -            191 6001at3041           -            346    0.0092   11.2   0.1   2   2      0.33       2.9    3.0   0.0   255   279   164   188   156   190 0.83 -
TRINITY_DN943_c1_g1_i3:707-1333    -            209 6001at3041           -            346    0.0094   11.2   0.3   1   1    0.0013     0.011   10.9   0.3   254   295   139   186   101   194 0.86 -
TRINITY_DN14_c0_g1_i2:1855-2721    -            289 6001at3041           -            346    0.0095   11.1   0.0   1   2       6.6        57   -1.3   0.0   197   250    25    81    15    89 0.59 -
TRINITY_DN14_c0_g1_i2:1855-2721    -            289 6001at3041           -            346    0.0095   11.1   0.0   2   2    0.0038     0.033    9.4   0.0   247   283   102   138    97   142 0.84 -
TRINITY_DN14_c0_g1_i6:1850-2716    -            289 6001at3041           -            346    0.0095   11.1   0.0   1   2       6.6        57   -1.3   0.0   197   250    25    81    15    89 0.59 -
TRINITY_DN14_c0_g1_i6:1850-2716    -            289 6001at3041           -            346    0.0095   11.1   0.0   2   2    0.0038     0.033    9.4   0.0   247   283   102   138    97   142 0.84 -
TRINITY_DN12931_c0_g1_i1:1-507     -            169 6001at3041           -            346    0.0096   11.1   0.0   1   1    0.0014     0.012   10.8   0.0   254   298    78   128    44   138 0.72 -
TRINITY_DN2071_c0_g1_i6:196-873    -            226 6001at3041           -            346    0.0097   11.1   0.0   1   1    0.0013     0.011   10.9   0.0   221   295    73   148    12   180 0.68 -
TRINITY_DN23062_c0_g1_i1:80-517    -            146 6001at3041           -            346      0.01   11.1   0.0   1   1    0.0015     0.013   10.7   0.0   175   284    31   142     7   145 0.78 -
TRINITY_DN1958_c0_g1_i1:298-894    -            199 6001at3041           -            346     0.011   11.0   0.0   1   1    0.0016     0.014   10.6   0.0   257   295     7    51     2    69 0.76 -
TRINITY_DN2071_c0_g1_i8:193-681    -            163 6001at3041           -            346     0.011   10.9   0.0   1   1    0.0015     0.013   10.7   0.0   221   293    74   147     7   152 0.68 -
TRINITY_DN3308_c1_g1_i1:583-1362   -            260 6001at3041           -            346     0.012   10.8   0.0   1   1    0.0032     0.027    9.6   0.0   254   286   100   131    85   157 0.82 -
TRINITY_DN3308_c1_g1_i9:583-1362   -            260 6001at3041           -            346     0.012   10.8   0.0   1   1    0.0032     0.027    9.6   0.0   254   286   100   131    85   157 0.82 -
TRINITY_DN3308_c1_g1_i4:25-618     -            198 6001at3041           -            346     0.012   10.8   0.0   1   1    0.0023      0.02   10.1   0.0   254   286    38    69    35    95 0.79 -
TRINITY_DN6224_c0_g1_i1:11-625     -            205 6001at3041           -            346     0.012   10.8   0.0   1   1    0.0028     0.024    9.8   0.0   252   286    40    73    31   103 0.84 -
TRINITY_DN25094_c0_g1_i1:2-445     -            148 6001at3041           -            346     0.013   10.7   0.0   1   1    0.0019     0.016   10.4   0.0   255   296    77   126    51   138 0.79 -
TRINITY_DN3120_c0_g1_i1:603-1181   -            193 6001at3041           -            346     0.013   10.7   0.1   1   1    0.0026     0.022    9.9   0.1   255   286    32    62    29    85 0.83 -
TRINITY_DN1430_c0_g1_i1:719-1594   -            292 6001at3041           -            346     0.015   10.5   0.0   1   1    0.0026     0.022    9.9   0.0   254   308   100   159    85   180 0.78 -
TRINITY_DN2071_c0_g1_i1:196-1062   -            289 6001at3041           -            346     0.016   10.4   0.0   1   1    0.0025     0.021   10.0   0.0   222   295    74   148    19   179 0.67 -
TRINITY_DN930_c0_g1_i2:321-1466    -            382 6001at3041           -            346     0.016   10.4   0.2   1   2      0.12         1    4.5   0.2   251   286   102   137     1   140 0.64 -
TRINITY_DN930_c0_g1_i2:321-1466    -            382 6001at3041           -            346     0.016   10.4   0.2   2   2      0.26       2.2    3.3   0.0   254   286   210   242   196   245 0.87 -
TRINITY_DN600_c0_g1_i2:424-1395    -            324 6001at3041           -            346     0.017   10.3   0.0   1   1    0.0034     0.029    9.6   0.0   263   297   123   163   107   168 0.83 -
TRINITY_DN14_c0_g1_i4:1862-2860    -            267 6001at3041           -            346     0.017   10.3   0.0   1   1    0.0034      0.03    9.5   0.0   247   283    84   120    79   124 0.84 -
#
# Program:         hmmsearch
# Version:         3.2.1 (June 2018)
# Pipeline mode:   SEARCH
# Query file:      /sw/bioinfo/BUSCO/v5_lineage_sets/lineages/chlorophyta_odb10/hmms/6001at3041.hmm
# Target file:     /crex/proj/snic2022-23-81/expression_algae/code/busco/trinity_VA-3180-Osg12Mul/run_chlorophyta_odb10/metaeuk_output/rerun_results/trinity_VA-3180-Osg12Mul.Trinity.fasta.modified.fas
# Option settings: hmmsearch --domtblout /crex/proj/snic2022-23-81/expression_algae/code/busco/trinity_VA-3180-Osg12Mul/run_chlorophyta_odb10/hmmer_output/rerun_results/6001at3041.out --cpu 1 /sw/bioinfo/BUSCO/v5_lineage_sets/lineages/chlorophyta_odb10/hmms/6001at3041.hmm /crex/proj/snic2022-23-81/expression_algae/code/busco/trinity_VA-3180-Osg12Mul/run_chlorophyta_odb10/metaeuk_output/rerun_results/trinity_VA-3180-Osg12Mul.Trinity.fasta.modified.fas 
# Current dir:     /crex/proj/snic2022-23-81/expression_algae/code/busco
# Date:            Fri Sep 23 10:13:34 2022
# [ok]
