#                                                                                          --- full sequence --- -------------- this domain -------------   hmm coord   ali coord   env coord
# target name                      accession   tlen query name           accession   qlen   E-value  score  bias   #  of  c-Evalue  i-Evalue  score  bias  from    to  from    to  from    to  acc description of target
#              ------------------- ---------- ----- -------------------- ---------- ----- --------- ------ ----- --- --- --------- --------- ------ ----- ----- ----- ----- ----- ----- ----- ---- ---------------------
TRINITY_DN33486_c0_g1_i1:40-681    -            214 9860at3041           -            261   1.3e-16   57.0   2.6   1   4   0.00016    0.0027   13.4   0.0    94   149     4    59     1    63 0.90 -
TRINITY_DN33486_c0_g1_i1:40-681    -            214 9860at3041           -            261   1.3e-16   57.0   2.6   2   4   8.5e-06   0.00014   17.6   0.0   111   152    61   102    56   104 0.94 -
TRINITY_DN33486_c0_g1_i1:40-681    -            214 9860at3041           -            261   1.3e-16   57.0   2.6   3   4    0.0014     0.023   10.3   0.0   112   150   102   140   100   144 0.92 -
TRINITY_DN33486_c0_g1_i1:40-681    -            214 9860at3041           -            261   1.3e-16   57.0   2.6   4   4   0.00024    0.0039   12.8   0.1   113   170   143   201   141   211 0.80 -
TRINITY_DN1717_c0_g1_i7:17-550     -            178 9860at3041           -            261   1.7e-14   50.1   0.3   1   3       0.3       4.8    2.7   0.0   136   153     3    20     1    31 0.81 -
TRINITY_DN1717_c0_g1_i7:17-550     -            178 9860at3041           -            261   1.7e-14   50.1   0.3   2   3   1.7e-08   2.7e-07   26.5   0.0    87   152    37   103    27   105 0.89 -
TRINITY_DN1717_c0_g1_i7:17-550     -            178 9860at3041           -            261   1.7e-14   50.1   0.3   3   3   4.1e-09   6.6e-08   28.5   0.1    90   173    81   176    80   178 0.75 -
TRINITY_DN1717_c0_g1_i2:256-792    -            179 9860at3041           -            261   1.7e-14   50.1   0.8   1   3     0.036      0.58    5.7   0.1    97   143     4    52     1    53 0.37 -
TRINITY_DN1717_c0_g1_i2:256-792    -            179 9860at3041           -            261   1.7e-14   50.1   0.8   2   3   1.8e-08   2.9e-07   26.4   0.0    87   152    37   103    24   104 0.89 -
TRINITY_DN1717_c0_g1_i2:256-792    -            179 9860at3041           -            261   1.7e-14   50.1   0.8   3   3     3e-09   4.8e-08   28.9   0.2    90   175    81   178    80   179 0.76 -
TRINITY_DN223_c0_g1_i4:289-1167    -            293 9860at3041           -            261     3e-14   49.3   0.9   1   5   0.00017    0.0028   13.3   0.0   113   149     8    46     6    50 0.84 -
TRINITY_DN223_c0_g1_i4:289-1167    -            293 9860at3041           -            261     3e-14   49.3   0.9   2   5      0.21       3.3    3.2   0.0   114   147    51    86    46    93 0.80 -
TRINITY_DN223_c0_g1_i4:289-1167    -            293 9860at3041           -            261     3e-14   49.3   0.9   3   5     0.059      0.95    5.0   0.0   114   157    93   137    90   151 0.75 -
TRINITY_DN223_c0_g1_i4:289-1167    -            293 9860at3041           -            261     3e-14   49.3   0.9   4   5   0.00036    0.0058   12.3   0.1    93   149   114   172   106   178 0.83 -
TRINITY_DN223_c0_g1_i4:289-1167    -            293 9860at3041           -            261     3e-14   49.3   0.9   5   5   7.2e-07   1.2e-05   21.1   0.1    90   178   153   253   147   262 0.81 -
TRINITY_DN28432_c0_g1_i1:90-914    -            275 9860at3041           -            261   9.9e-14   47.6   2.1   1   4   2.8e-05   0.00045   15.9   0.0    91   152     3    66     1    74 0.88 -
TRINITY_DN28432_c0_g1_i1:90-914    -            275 9860at3041           -            261   9.9e-14   47.6   2.1   2   4    0.0078      0.13    7.9   0.1   108   149    62   105    61   110 0.83 -
TRINITY_DN28432_c0_g1_i1:90-914    -            275 9860at3041           -            261   9.9e-14   47.6   2.1   3   4   4.3e-08     7e-07   25.1   1.1    84   234    81   231    76   233 0.82 -
TRINITY_DN28432_c0_g1_i1:90-914    -            275 9860at3041           -            261   9.9e-14   47.6   2.1   4   4     0.001     0.017   10.8   0.1   114   162   193   243   172   256 0.67 -
TRINITY_DN4578_c0_g1_i2:1003-1860  -            286 9860at3041           -            261     1e-13   47.5   1.8   1   3       1.1        18    0.8   0.0   123   148     7    32     2    47 0.68 -
TRINITY_DN4578_c0_g1_i2:1003-1860  -            286 9860at3041           -            261     1e-13   47.5   1.8   2   3   7.1e-07   1.1e-05   21.1   0.1    84   178    51   156    35   159 0.76 -
TRINITY_DN4578_c0_g1_i2:1003-1860  -            286 9860at3041           -            261     1e-13   47.5   1.8   3   3   1.6e-07   2.7e-06   23.2   0.1    87   146   185   245   161   249 0.84 -
TRINITY_DN1717_c0_g1_i8:0-818      -            273 9860at3041           -            261   1.1e-13   47.4   3.4   1   4     0.035      0.57    5.7   0.0   130   153    16    39     8    46 0.87 -
TRINITY_DN1717_c0_g1_i8:0-818      -            273 9860at3041           -            261   1.1e-13   47.4   3.4   2   4   0.00023    0.0037   12.9   0.1    95   151    65   123    50   126 0.79 -
TRINITY_DN1717_c0_g1_i8:0-818      -            273 9860at3041           -            261   1.1e-13   47.4   3.4   3   4   3.6e-06   5.8e-05   18.8   0.1    89   153   101   167    89   180 0.87 -
TRINITY_DN1717_c0_g1_i8:0-818      -            273 9860at3041           -            261   1.1e-13   47.4   3.4   4   4   3.6e-05   0.00059   15.5   0.1    88   153   184   251   172   260 0.84 -
TRINITY_DN10973_c0_g1_i2:1589-2416 -            276 9860at3041           -            261   1.4e-13   47.0   2.5   1   6      0.26       4.2    2.9   0.0   128   153    20    44     6    50 0.80 -
TRINITY_DN10973_c0_g1_i2:1589-2416 -            276 9860at3041           -            261   1.4e-13   47.0   2.5   2   6       0.2       3.2    3.3   0.0   122   151    55    84    40    92 0.82 -
TRINITY_DN10973_c0_g1_i2:1589-2416 -            276 9860at3041           -            261   1.4e-13   47.0   2.5   3   6   0.00018    0.0028   13.3   0.0    94   152    67   127    58   131 0.78 -
TRINITY_DN10973_c0_g1_i2:1589-2416 -            276 9860at3041           -            261   1.4e-13   47.0   2.5   4   6   0.00063      0.01   11.5   0.0   111   146   126   163   126   172 0.80 -
TRINITY_DN10973_c0_g1_i2:1589-2416 -            276 9860at3041           -            261   1.4e-13   47.0   2.5   5   6      0.16       2.6    3.6   0.0   109   148   195   236   191   240 0.76 -
TRINITY_DN10973_c0_g1_i2:1589-2416 -            276 9860at3041           -            261   1.4e-13   47.0   2.5   6   6   0.00073     0.012   11.3   0.0   111   144   241   276   235   276 0.88 -
TRINITY_DN10973_c0_g1_i6:1209-2036 -            276 9860at3041           -            261   1.4e-13   47.0   2.5   1   6      0.26       4.2    2.9   0.0   128   153    20    44     6    50 0.80 -
TRINITY_DN10973_c0_g1_i6:1209-2036 -            276 9860at3041           -            261   1.4e-13   47.0   2.5   2   6       0.2       3.2    3.3   0.0   122   151    55    84    40    92 0.82 -
TRINITY_DN10973_c0_g1_i6:1209-2036 -            276 9860at3041           -            261   1.4e-13   47.0   2.5   3   6   0.00018    0.0028   13.3   0.0    94   152    67   127    58   131 0.78 -
TRINITY_DN10973_c0_g1_i6:1209-2036 -            276 9860at3041           -            261   1.4e-13   47.0   2.5   4   6   0.00063      0.01   11.5   0.0   111   146   126   163   126   172 0.80 -
TRINITY_DN10973_c0_g1_i6:1209-2036 -            276 9860at3041           -            261   1.4e-13   47.0   2.5   5   6      0.16       2.6    3.6   0.0   109   148   195   236   191   240 0.76 -
TRINITY_DN10973_c0_g1_i6:1209-2036 -            276 9860at3041           -            261   1.4e-13   47.0   2.5   6   6   0.00073     0.012   11.3   0.0   111   144   241   276   235   276 0.88 -
TRINITY_DN10973_c0_g1_i4:1209-2048 -            280 9860at3041           -            261   1.6e-13   46.9   2.6   1   6      0.21       3.4    3.2   0.0   128   153    24    48    10    65 0.81 -
TRINITY_DN10973_c0_g1_i4:1209-2048 -            280 9860at3041           -            261   1.6e-13   46.9   2.6   2   6      0.22       3.6    3.1   0.0   122   151    59    88    45    94 0.83 -
TRINITY_DN10973_c0_g1_i4:1209-2048 -            280 9860at3041           -            261   1.6e-13   46.9   2.6   3   6   0.00025     0.004   12.8   0.0    94   152    71   131    67   134 0.76 -
TRINITY_DN10973_c0_g1_i4:1209-2048 -            280 9860at3041           -            261   1.6e-13   46.9   2.6   4   6   0.00045    0.0073   12.0   0.0   111   146   130   167   129   176 0.81 -
TRINITY_DN10973_c0_g1_i4:1209-2048 -            280 9860at3041           -            261   1.6e-13   46.9   2.6   5   6      0.16       2.7    3.6   0.0   109   148   199   240   195   244 0.76 -
TRINITY_DN10973_c0_g1_i4:1209-2048 -            280 9860at3041           -            261   1.6e-13   46.9   2.6   6   6   0.00075     0.012   11.2   0.0   111   144   245   280   239   280 0.88 -
TRINITY_DN2718_c0_g1_i4:176-892    -            239 9860at3041           -            261   2.8e-13   46.1   2.6   1   4      0.67        11    1.6   0.1    90   119    21    50     5    63 0.60 -
TRINITY_DN2718_c0_g1_i4:176-892    -            239 9860at3041           -            261   2.8e-13   46.1   2.6   2   4   1.4e-08   2.2e-07   26.8   0.2    87   153    60   128    48   136 0.87 -
TRINITY_DN2718_c0_g1_i4:176-892    -            239 9860at3041           -            261   2.8e-13   46.1   2.6   3   4    0.0026     0.042    9.5   0.0   111   150   126   167   122   181 0.78 -
TRINITY_DN2718_c0_g1_i4:176-892    -            239 9860at3041           -            261   2.8e-13   46.1   2.6   4   4     0.011      0.18    7.4   0.0   126   155   186   215   176   223 0.85 -
TRINITY_DN1717_c0_g1_i5:81-806     -            242 9860at3041           -            261   3.1e-13   46.0   2.5   1   3   3.4e-06   5.6e-05   18.9   0.0    88   153    10    77     1    83 0.87 -
TRINITY_DN1717_c0_g1_i5:81-806     -            242 9860at3041           -            261   3.1e-13   46.0   2.5   2   3   7.9e-05    0.0013   14.4   0.1    94   153   102   163    79   171 0.79 -
TRINITY_DN1717_c0_g1_i5:81-806     -            242 9860at3041           -            261   3.1e-13   46.0   2.5   3   3   0.00083     0.013   11.1   0.1    87   146   179   240   167   242 0.82 -
TRINITY_DN5586_c0_g1_i1:33-599     -            189 9860at3041           -            261   4.2e-13   45.5   4.0   1   2   3.8e-09   6.2e-08   28.6   0.7    88   166    11    89     2   114 0.80 -
TRINITY_DN5586_c0_g1_i1:33-599     -            189 9860at3041           -            261   4.2e-13   45.5   4.0   2   2     6e-06   9.7e-05   18.1   0.2    78   145   119   188   110   189 0.86 -
TRINITY_DN4219_c0_g1_i3:870-1265   -            132 9860at3041           -            261   4.6e-12   42.1   0.2   1   2   1.9e-08     3e-07   26.3   0.1    89   152    16    81     2    83 0.87 -
TRINITY_DN4219_c0_g1_i3:870-1265   -            132 9860at3041           -            261   4.6e-12   42.1   0.2   2   2   8.1e-05    0.0013   14.4   0.0   113   153    82   124    80   131 0.80 -
TRINITY_DN9373_c0_g1_i3:6-440      -            145 9860at3041           -            261   1.2e-11   40.7   0.5   1   2   3.7e-08   6.1e-07   25.3   0.0    79   152     2    76     1    78 0.88 -
TRINITY_DN9373_c0_g1_i3:6-440      -            145 9860at3041           -            261   1.2e-11   40.7   0.5   2   2   5.2e-05   0.00084   15.0   0.1   113   153    77   119    75   137 0.88 -
TRINITY_DN4219_c0_g1_i11:783-1139  -            119 9860at3041           -            261   1.8e-11   40.2   0.4   1   2   7.1e-08   1.2e-06   24.4   0.0    89   152    16    81     1    82 0.85 -
TRINITY_DN4219_c0_g1_i11:783-1139  -            119 9860at3041           -            261   1.8e-11   40.2   0.4   2   2   1.4e-06   2.3e-05   20.1   0.1    91   146    60   117    60   119 0.88 -
TRINITY_DN4219_c0_g1_i28:783-1139  -            119 9860at3041           -            261   1.8e-11   40.2   0.4   1   2   7.1e-08   1.2e-06   24.4   0.0    89   152    16    81     1    82 0.85 -
TRINITY_DN4219_c0_g1_i28:783-1139  -            119 9860at3041           -            261   1.8e-11   40.2   0.4   2   2   1.4e-06   2.3e-05   20.1   0.1    91   146    60   117    60   119 0.88 -
TRINITY_DN22962_c0_g1_i1:91-681    -            197 9860at3041           -            261   1.3e-10   37.4   0.0   1   3     0.011      0.18    7.4   0.0   113   152     2    43     1    49 0.81 -
TRINITY_DN22962_c0_g1_i1:91-681    -            197 9860at3041           -            261   1.3e-10   37.4   0.0   2   3   2.7e-06   4.4e-05   19.2   0.0    93   148    66   123    52   127 0.84 -
TRINITY_DN22962_c0_g1_i1:91-681    -            197 9860at3041           -            261   1.3e-10   37.4   0.0   3   3      0.02      0.32    6.6   0.0   111   157   128   174   125   188 0.75 -
TRINITY_DN29077_c0_g1_i1:205-609   -            135 9860at3041           -            261     2e-10   36.7   0.0   1   2   4.9e-06   7.9e-05   18.4   0.0    86   152    14    81     2    83 0.84 -
TRINITY_DN29077_c0_g1_i1:205-609   -            135 9860at3041           -            261     2e-10   36.7   0.0   2   2     6e-06   9.8e-05   18.1   0.0   111   154    80   125    77   134 0.83 -
TRINITY_DN21727_c0_g1_i1:445-948   -            168 9860at3041           -            261   2.3e-10   36.6   2.2   1   2   6.2e-05     0.001   14.8   0.3   158   235     4    80     1   106 0.80 -
TRINITY_DN21727_c0_g1_i1:445-948   -            168 9860at3041           -            261   2.3e-10   36.6   2.2   2   2   5.2e-07   8.4e-06   21.6   0.3    69   152    87   166    82   168 0.80 -
TRINITY_DN1954_c0_g1_i3:7-372      -            122 9860at3041           -            261   2.7e-10   36.3   1.1   1   2   4.4e-07   7.1e-06   21.8   0.2    90   152    14    78     2    79 0.84 -
TRINITY_DN1954_c0_g1_i3:7-372      -            122 9860at3041           -            261   2.7e-10   36.3   1.1   2   2   2.2e-06   3.6e-05   19.5   0.1    91   152    57   120    56   122 0.87 -
TRINITY_DN28645_c0_g1_i1:179-742   -            188 9860at3041           -            261   7.4e-10   34.9   2.2   1   3    0.0012     0.019   10.6   0.0   128   162     4    38     2    48 0.80 -
TRINITY_DN28645_c0_g1_i1:179-742   -            188 9860at3041           -            261   7.4e-10   34.9   2.2   2   3   4.7e-07   7.6e-06   21.7   0.2    70   153    34   113    30   121 0.79 -
TRINITY_DN28645_c0_g1_i1:179-742   -            188 9860at3041           -            261   7.4e-10   34.9   2.2   3   3      0.84        14    1.2   0.0   130   153   134   157   121   169 0.73 -
TRINITY_DN1156_c0_g1_i7:3086-3541  -            152 9860at3041           -            261   7.6e-10   34.8   3.4   1   2   6.2e-10     1e-08   31.2   1.1    87   178     7   111     1   125 0.77 -
TRINITY_DN1156_c0_g1_i7:3086-3541  -            152 9860at3041           -            261   7.6e-10   34.8   3.4   2   2      0.24       3.9    3.0   0.1   116   144   122   152   116   152 0.79 -
TRINITY_DN9373_c0_g1_i2:6-404      -            133 9860at3041           -            261   1.3e-09   34.0   0.2   1   2   6.7e-06   0.00011   17.9   0.0   107   152    17    64     5    66 0.85 -
TRINITY_DN9373_c0_g1_i2:6-404      -            133 9860at3041           -            261   1.3e-09   34.0   0.2   2   2   3.9e-05   0.00062   15.5   0.1   112   153    64   107    62   124 0.88 -
TRINITY_DN1156_c0_g1_i1:801-1331   -            177 9860at3041           -            261   1.7e-09   33.7   1.2   1   1   3.6e-10   5.8e-09   32.0   1.2    84   188    34   152    22   174 0.78 -
TRINITY_DN1156_c0_g1_i2:1012-2625  -            538 9860at3041           -            261     3e-09   32.9  15.2   1   5      0.38       6.1    2.4   0.0    23    43    46    66    39    76 0.87 -
TRINITY_DN1156_c0_g1_i2:1012-2625  -            538 9860at3041           -            261     3e-09   32.9  15.2   2   5       5.2        84   -1.4   0.0   128   148   142   162   120   185 0.73 -
TRINITY_DN1156_c0_g1_i2:1012-2625  -            538 9860at3041           -            261     3e-09   32.9  15.2   3   5       3.6        58   -0.8   0.0   113   151   209   248   184   261 0.65 -
TRINITY_DN1156_c0_g1_i2:1012-2625  -            538 9860at3041           -            261     3e-09   32.9  15.2   4   5   5.9e-09   9.6e-08   28.0   0.6    85   177   346   451   335   464 0.77 -
TRINITY_DN1156_c0_g1_i2:1012-2625  -            538 9860at3041           -            261     3e-09   32.9  15.2   5   5     0.016      0.26    6.9   0.7   111   153   457   502   437   538 0.71 -
TRINITY_DN10973_c0_g1_i2:1934-2407 -            158 9860at3041           -            261   3.1e-09   32.8   0.3   1   4       0.1       1.7    4.2   0.0   128   153    17    41     4    50 0.80 -
TRINITY_DN10973_c0_g1_i2:1934-2407 -            158 9860at3041           -            261   3.1e-09   32.8   0.3   2   4      0.12       1.9    4.0   0.0   122   151    52    81    45    89 0.85 -
TRINITY_DN10973_c0_g1_i2:1934-2407 -            158 9860at3041           -            261   3.1e-09   32.8   0.3   3   4   8.4e-05    0.0014   14.3   0.0    94   152    64   124    60   127 0.77 -
TRINITY_DN10973_c0_g1_i2:1934-2407 -            158 9860at3041           -            261   3.1e-09   32.8   0.3   4   4    0.0013     0.021   10.4   0.0   111   144   123   158   122   158 0.82 -
TRINITY_DN10973_c0_g1_i4:1554-2027 -            158 9860at3041           -            261   3.1e-09   32.8   0.3   1   4       0.1       1.7    4.2   0.0   128   153    17    41     4    50 0.80 -
TRINITY_DN10973_c0_g1_i4:1554-2027 -            158 9860at3041           -            261   3.1e-09   32.8   0.3   2   4      0.12       1.9    4.0   0.0   122   151    52    81    45    89 0.85 -
TRINITY_DN10973_c0_g1_i4:1554-2027 -            158 9860at3041           -            261   3.1e-09   32.8   0.3   3   4   8.4e-05    0.0014   14.3   0.0    94   152    64   124    60   127 0.77 -
TRINITY_DN10973_c0_g1_i4:1554-2027 -            158 9860at3041           -            261   3.1e-09   32.8   0.3   4   4    0.0013     0.021   10.4   0.0   111   144   123   158   122   158 0.82 -
TRINITY_DN10973_c0_g1_i6:1554-2027 -            158 9860at3041           -            261   3.1e-09   32.8   0.3   1   4       0.1       1.7    4.2   0.0   128   153    17    41     4    50 0.80 -
TRINITY_DN10973_c0_g1_i6:1554-2027 -            158 9860at3041           -            261   3.1e-09   32.8   0.3   2   4      0.12       1.9    4.0   0.0   122   151    52    81    45    89 0.85 -
TRINITY_DN10973_c0_g1_i6:1554-2027 -            158 9860at3041           -            261   3.1e-09   32.8   0.3   3   4   8.4e-05    0.0014   14.3   0.0    94   152    64   124    60   127 0.77 -
TRINITY_DN10973_c0_g1_i6:1554-2027 -            158 9860at3041           -            261   3.1e-09   32.8   0.3   4   4    0.0013     0.021   10.4   0.0   111   144   123   158   122   158 0.82 -
TRINITY_DN7497_c0_g1_i1:113-850    -            246 9860at3041           -            261   3.4e-09   32.7   9.1   1   5     0.077       1.3    4.6   0.0   116   146     1    33     1    53 0.71 -
TRINITY_DN7497_c0_g1_i1:113-850    -            246 9860at3041           -            261   3.4e-09   32.7   9.1   2   5   0.00011    0.0017   14.0   0.2    90   147    63   122    47   127 0.79 -
TRINITY_DN7497_c0_g1_i1:113-850    -            246 9860at3041           -            261   3.4e-09   32.7   9.1   3   5    0.0099      0.16    7.6   0.1   113   146   128   163   123   169 0.86 -
TRINITY_DN7497_c0_g1_i1:113-850    -            246 9860at3041           -            261   3.4e-09   32.7   9.1   4   5     0.069       1.1    4.8   0.0   113   146   170   205   167   217 0.77 -
TRINITY_DN7497_c0_g1_i1:113-850    -            246 9860at3041           -            261   3.4e-09   32.7   9.1   5   5      0.04      0.65    5.6   0.4   105   144   206   246   190   246 0.69 -
TRINITY_DN7898_c0_g1_i2:44-529     -            162 9860at3041           -            261   1.1e-08   31.1   0.5   1   3   1.3e-07   2.1e-06   23.6   0.0    89   184    18   126     6   128 0.80 -
TRINITY_DN7898_c0_g1_i2:44-529     -            162 9860at3041           -            261   1.1e-08   31.1   0.5   2   3   0.00035    0.0056   12.3   0.1   111   159    82   132    80   146 0.81 -
TRINITY_DN7898_c0_g1_i2:44-529     -            162 9860at3041           -            261   1.1e-08   31.1   0.5   3   3         4        65   -1.0   0.0   233   252   133   152   124   159 0.74 -
TRINITY_DN322_c0_g2_i1:398-748     -            117 9860at3041           -            261   1.1e-08   31.1   1.5   1   2   1.3e-05   0.00021   17.0   0.0    90   151    12    75     1    85 0.89 -
TRINITY_DN322_c0_g2_i1:398-748     -            117 9860at3041           -            261   1.1e-08   31.1   1.5   2   2   2.8e-06   4.5e-05   19.2   0.4    91   151    55   117    53   117 0.90 -
TRINITY_DN1717_c0_g1_i3:87-542     -            152 9860at3041           -            261   1.1e-08   31.0   0.3   1   2     1e-05   0.00016   17.4   0.0    89   153     9    75     3    81 0.88 -
TRINITY_DN1717_c0_g1_i3:87-542     -            152 9860at3041           -            261   1.1e-08   31.0   0.3   2   2   0.00064      0.01   11.5   0.1    87   145    91   151    79   152 0.81 -
TRINITY_DN1156_c0_g1_i7:1055-2785  -            577 9860at3041           -            261   1.6e-08   30.5  15.5   1   5   2.7e-05   0.00044   15.9   0.5    91   233     9   155     3   164 0.70 -
TRINITY_DN1156_c0_g1_i7:1055-2785  -            577 9860at3041           -            261   1.6e-08   30.5  15.5   2   5    0.0068      0.11    8.1   0.1   128   236   133   248   115   252 0.70 -
TRINITY_DN1156_c0_g1_i7:1055-2785  -            577 9860at3041           -            261   1.6e-08   30.5  15.5   3   5    0.0029     0.047    9.3   1.0    88   148   266   328   245   373 0.44 -
TRINITY_DN1156_c0_g1_i7:1055-2785  -            577 9860at3041           -            261   1.6e-08   30.5  15.5   4   5      0.39       6.4    2.3   0.0    23    43   382   402   372   412 0.87 -
TRINITY_DN1156_c0_g1_i7:1055-2785  -            577 9860at3041           -            261   1.6e-08   30.5  15.5   5   5       6.4     1e+02   -1.6   0.1   128   148   478   498   460   516 0.71 -
TRINITY_DN12460_c0_g1_i1:1-345     -            115 9860at3041           -            261   1.8e-08   30.4   0.1   1   2     0.036      0.58    5.7   0.0   132   151     7    26     3    47 0.81 -
TRINITY_DN12460_c0_g1_i1:1-345     -            115 9860at3041           -            261   1.8e-08   30.4   0.1   2   2   2.6e-07   4.2e-06   22.6   0.0    89   144    58   115    53   115 0.92 -
TRINITY_DN5586_c0_g1_i2:76-507     -            144 9860at3041           -            261   6.5e-08   28.5   2.1   1   2    0.0027     0.043    9.4   0.2   128   167     8    45     1    69 0.73 -
TRINITY_DN5586_c0_g1_i2:76-507     -            144 9860at3041           -            261   6.5e-08   28.5   2.1   2   2   3.4e-06   5.5e-05   18.9   0.1    78   145    74   143    68   144 0.86 -
TRINITY_DN9373_c0_g1_i1:1-348      -            116 9860at3041           -            261   8.5e-08   28.1   0.2   1   2   1.3e-05   0.00022   17.0   0.0   107   152    17    64     5    67 0.85 -
TRINITY_DN9373_c0_g1_i1:1-348      -            116 9860at3041           -            261   8.5e-08   28.1   0.2   2   2    0.0016     0.027   10.1   0.1   124   153    66    95    61   113 0.88 -
TRINITY_DN635_c0_g1_i3:207-1073    -            289 9860at3041           -            261   9.9e-08   27.9   0.0   1   4       8.1   1.3e+02   -2.0   0.0   131   152    13    34     4    42 0.70 -
TRINITY_DN635_c0_g1_i3:207-1073    -            289 9860at3041           -            261   9.9e-08   27.9   0.0   2   4      0.01      0.17    7.5   0.0    90   148    54   114    43   119 0.82 -
TRINITY_DN635_c0_g1_i3:207-1073    -            289 9860at3041           -            261   9.9e-08   27.9   0.0   3   4      0.49       7.9    2.0   0.0   111   146   118   156   115   161 0.79 -
TRINITY_DN635_c0_g1_i3:207-1073    -            289 9860at3041           -            261   9.9e-08   27.9   0.0   4   4   0.00013    0.0022   13.7   0.0    90   157   184   252   161   269 0.77 -
TRINITY_DN6289_c0_g1_i4:1651-2487  -            279 9860at3041           -            261     1e-07   27.8   0.6   1   3   0.00031    0.0051   12.5   0.2    91   150     4    64     1    82 0.81 -
TRINITY_DN6289_c0_g1_i4:1651-2487  -            279 9860at3041           -            261     1e-07   27.8   0.6   2   3      0.69        11    1.5   0.0   112   161    71   122    65   131 0.78 -
TRINITY_DN6289_c0_g1_i4:1651-2487  -            279 9860at3041           -            261     1e-07   27.8   0.6   3   3   0.00065      0.01   11.4   0.0   130   221   135   226   124   238 0.74 -
TRINITY_DN223_c0_g1_i2:489-1022    -            178 9860at3041           -            261   1.1e-07   27.7   0.5   1   2    0.0024     0.038    9.6   0.1   100   149     3    54     1    60 0.80 -
TRINITY_DN223_c0_g1_i2:489-1022    -            178 9860at3041           -            261   1.1e-07   27.7   0.5   2   2   2.4e-07     4e-06   22.7   0.1    90   178    35   135    31   144 0.81 -
TRINITY_DN42573_c0_g1_i1:11-286    -             92 9860at3041           -            261   1.3e-07   27.5   0.0   1   1     1e-08   1.7e-07   27.2   0.0    86   153    10    79     2    85 0.87 -
TRINITY_DN27399_c0_g1_i1:275-1030  -            252 9860at3041           -            261   1.6e-07   27.3   3.8   1   4    0.0039     0.063    8.9   0.2   127   181    13    77     1    82 0.65 -
TRINITY_DN27399_c0_g1_i1:275-1030  -            252 9860at3041           -            261   1.6e-07   27.3   3.8   2   4   1.5e-05   0.00024   16.8   0.0    89   151   103   167    77   174 0.79 -
TRINITY_DN27399_c0_g1_i1:275-1030  -            252 9860at3041           -            261   1.6e-07   27.3   3.8   3   4         3        48   -0.6   0.0   134   152   190   208   170   222 0.80 -
TRINITY_DN27399_c0_g1_i1:275-1030  -            252 9860at3041           -            261   1.6e-07   27.3   3.8   4   4       4.8        77   -1.2   0.0   129   144   236   251   227   252 0.60 -
TRINITY_DN2617_c0_g2_i1:153-908    -            252 9860at3041           -            261   1.6e-07   27.2   0.3   1   4       3.6        59   -0.9   0.0   130   146    16    32     5    45 0.68 -
TRINITY_DN2617_c0_g2_i1:153-908    -            252 9860at3041           -            261   1.6e-07   27.2   0.3   2   4   1.2e-05   0.00019   17.1   0.1    82   148    52   120    39   137 0.83 -
TRINITY_DN2617_c0_g2_i1:153-908    -            252 9860at3041           -            261   1.6e-07   27.2   0.3   3   4       0.4       6.5    2.3   0.0   118   149   132   165   123   174 0.68 -
TRINITY_DN2617_c0_g2_i1:153-908    -            252 9860at3041           -            261   1.6e-07   27.2   0.3   4   4      0.18         3    3.4   0.0   205   231   198   225   185   243 0.76 -
TRINITY_DN223_c0_g1_i8:319-714     -            132 9860at3041           -            261   6.6e-07   25.2   0.1   1   3    0.0014     0.022   10.4   0.0   116   149     1    36     1    40 0.80 -
TRINITY_DN223_c0_g1_i8:319-714     -            132 9860at3041           -            261   6.6e-07   25.2   0.1   2   3   0.00016    0.0025   13.5   0.0    90   146    17    75    14    80 0.86 -
TRINITY_DN223_c0_g1_i8:319-714     -            132 9860at3041           -            261   6.6e-07   25.2   0.1   3   3     0.017      0.28    6.8   0.0   113   155    82   125    77   131 0.75 -
TRINITY_DN9119_c0_g1_i1:92-745     -            218 9860at3041           -            261     1e-06   24.6   0.0   1   3   0.00088     0.014   11.0   0.0   111   151    53    97    49   107 0.69 -
TRINITY_DN9119_c0_g1_i1:92-745     -            218 9860at3041           -            261     1e-06   24.6   0.0   2   3   0.00071     0.012   11.3   0.0   113   163    99   153    93   185 0.68 -
TRINITY_DN9119_c0_g1_i1:92-745     -            218 9860at3041           -            261     1e-06   24.6   0.0   3   3       4.8        78   -1.2   0.0   127   144   201   218   191   218 0.78 -
TRINITY_DN9119_c0_g1_i2:456-1109   -            218 9860at3041           -            261     1e-06   24.6   0.0   1   3   0.00088     0.014   11.0   0.0   111   151    53    97    49   107 0.69 -
TRINITY_DN9119_c0_g1_i2:456-1109   -            218 9860at3041           -            261     1e-06   24.6   0.0   2   3   0.00071     0.012   11.3   0.0   113   163    99   153    93   185 0.68 -
TRINITY_DN9119_c0_g1_i2:456-1109   -            218 9860at3041           -            261     1e-06   24.6   0.0   3   3       4.8        78   -1.2   0.0   127   144   201   218   191   218 0.78 -
TRINITY_DN21790_c0_g1_i1:20-304    -             95 9860at3041           -            261   1.3e-06   24.2   0.1   1   1   9.8e-08   1.6e-06   24.0   0.1    93   175     3    94     1    95 0.84 -
TRINITY_DN16442_c0_g1_i1:7-300     -             98 9860at3041           -            261   1.6e-06   24.0   1.5   1   2    0.0027     0.044    9.4   0.6   131   175     1    54     1    56 0.59 -
TRINITY_DN16442_c0_g1_i1:7-300     -             98 9860at3041           -            261   1.6e-06   24.0   1.5   2   2   2.5e-05    0.0004   16.1   0.1    90   145    41    98    37    98 0.87 -
TRINITY_DN18437_c0_g1_i1:2-442     -            147 9860at3041           -            261   1.7e-06   23.9   0.6   1   2     0.013      0.21    7.2   0.0   113   148     3    40     1    47 0.81 -
TRINITY_DN18437_c0_g1_i1:2-442     -            147 9860at3041           -            261   1.7e-06   23.9   0.6   2   2   0.00012    0.0019   13.8   0.5   115   217    47   143    43   146 0.69 -
TRINITY_DN1717_c0_g1_i1:2-307      -            102 9860at3041           -            261   2.7e-06   23.2   0.3   1   2    0.0036     0.058    9.0   0.1   131   176     1    56     1    59 0.58 -
TRINITY_DN1717_c0_g1_i1:2-307      -            102 9860at3041           -            261   2.7e-06   23.2   0.3   2   2   0.00011    0.0018   14.0   0.0    89   147    41   101    36   102 0.85 -
TRINITY_DN7497_c0_g1_i2:2-373      -            124 9860at3041           -            261   3.3e-06   22.9   0.5   1   3     0.029      0.46    6.0   0.0   116   146     1    33     1    47 0.71 -
TRINITY_DN7497_c0_g1_i2:2-373      -            124 9860at3041           -            261   3.3e-06   22.9   0.5   2   3     0.007      0.11    8.1   0.1   117   152    52    85    36    87 0.70 -
TRINITY_DN7497_c0_g1_i2:2-373      -            124 9860at3041           -            261   3.3e-06   22.9   0.5   3   3   0.00021    0.0033   13.1   0.1    90   148    63   123    51   124 0.77 -
TRINITY_DN23569_c0_g1_i1:75-596    -            174 9860at3041           -            261   5.8e-06   22.1   0.2   1   3      0.49         8    2.0   0.0   112   147    54    91    20    97 0.78 -
TRINITY_DN23569_c0_g1_i1:75-596    -            174 9860at3041           -            261   5.8e-06   22.1   0.2   2   3   7.6e-05    0.0012   14.5   0.0    97   153    81   140    69   145 0.77 -
TRINITY_DN23569_c0_g1_i1:75-596    -            174 9860at3041           -            261   5.8e-06   22.1   0.2   3   3      0.17       2.8    3.5   0.0   121   144   151   174   144   174 0.85 -
TRINITY_DN4578_c0_g2_i2:6-593      -            196 9860at3041           -            261   7.6e-06   21.7   5.1   1   2   0.00043     0.007   12.0   1.7   130   230     1   102     1   103 0.84 -
TRINITY_DN4578_c0_g2_i2:6-593      -            196 9860at3041           -            261   7.6e-06   21.7   5.1   2   2      0.01      0.17    7.5   0.1   113   181   109   190    88   194 0.50 -
TRINITY_DN1954_c0_g1_i2:19-249     -             77 9860at3041           -            261   8.7e-06   21.5   0.1   1   1     8e-07   1.3e-05   21.0   0.1    89   150    14    77     2    77 0.80 -
TRINITY_DN32453_c0_g1_i1:16-339    -            108 9860at3041           -            261   1.1e-05   21.2   0.6   1   2   9.7e-06   0.00016   17.4   0.2    99   155     3    61     1    79 0.77 -
TRINITY_DN32453_c0_g1_i1:16-339    -            108 9860at3041           -            261   1.1e-05   21.2   0.6   2   2      0.13       2.1    3.9   0.0   114   146    60    95    58   108 0.54 -
TRINITY_DN9991_c0_g1_i1:6-359      -            118 9860at3041           -            261   1.4e-05   20.9   1.5   1   3    0.0085      0.14    7.8   0.1   122   152    11    41     1    42 0.73 -
TRINITY_DN9991_c0_g1_i1:6-359      -            118 9860at3041           -            261   1.4e-05   20.9   1.5   2   3    0.0015     0.024   10.2   0.1   109   149    38    80    36    84 0.82 -
TRINITY_DN9991_c0_g1_i1:6-359      -            118 9860at3041           -            261   1.4e-05   20.9   1.5   3   3     0.079       1.3    4.6   0.0   112   145    83   118    78   118 0.86 -
TRINITY_DN30900_c0_g1_i1:1-237     -             79 9860at3041           -            261   1.6e-05   20.7   0.1   1   1   1.1e-06   1.8e-05   20.5   0.1    91   152    12    75     6    78 0.89 -
TRINITY_DN15084_c0_g1_i1:21-311    -             97 9860at3041           -            261   2.3e-05   20.2   0.0   1   1   1.8e-06     3e-05   19.8   0.0    89   153     9    75     3    95 0.83 -
TRINITY_DN3704_c0_g1_i1:158-958    -            267 9860at3041           -            261   2.6e-05   20.0   3.4   1   4         1        17    0.9   0.0   214   232    17    36     7    51 0.74 -
TRINITY_DN3704_c0_g1_i1:158-958    -            267 9860at3041           -            261   2.6e-05   20.0   3.4   2   4    0.0052     0.084    8.5   0.1   125   156    65    96    56   109 0.81 -
TRINITY_DN3704_c0_g1_i1:158-958    -            267 9860at3041           -            261   2.6e-05   20.0   3.4   3   4     0.039      0.63    5.6   0.1    90   147   133   194   116   212 0.72 -
TRINITY_DN3704_c0_g1_i1:158-958    -            267 9860at3041           -            261   2.6e-05   20.0   3.4   4   4      0.32       5.2    2.6   0.0   215   233   221   239   210   258 0.64 -
TRINITY_DN9759_c0_g1_i1:19-492     -            158 9860at3041           -            261   4.1e-05   19.3   0.0   1   3      0.31         5    2.7   0.0    94   148    16    73     2    77 0.64 -
TRINITY_DN9759_c0_g1_i1:19-492     -            158 9860at3041           -            261   4.1e-05   19.3   0.0   2   3   0.00061      0.01   11.5   0.0    86   149    52   116    41   121 0.72 -
TRINITY_DN9759_c0_g1_i1:19-492     -            158 9860at3041           -            261   4.1e-05   19.3   0.0   3   3      0.16       2.6    3.6   0.0   114   148   121   157   118   158 0.78 -
TRINITY_DN5936_c0_g1_i1:40-339     -            100 9860at3041           -            261   4.9e-05   19.1   1.0   1   2   0.00041    0.0066   12.1   0.1    91   154     3    68     2    86 0.82 -
TRINITY_DN5936_c0_g1_i1:40-339     -            100 9860at3041           -            261   4.9e-05   19.1   1.0   2   2      0.12       1.9    4.0   0.0   127   144    83   100    66   100 0.78 -
TRINITY_DN3378_c0_g2_i1:42-446     -            135 9860at3041           -            261   6.2e-05   18.7   0.5   1   2   8.5e-05    0.0014   14.3   0.1   111   151    12    55     1    93 0.74 -
TRINITY_DN3378_c0_g2_i1:42-446     -            135 9860at3041           -            261   6.2e-05   18.7   0.5   2   2      0.27       4.3    2.9   0.1    96   144    85   135    69   135 0.62 -
TRINITY_DN32856_c0_g1_i1:0-218     -             73 9860at3041           -            261   7.4e-05   18.5   0.8   1   2   0.00016    0.0027   13.4   0.1   116   152     2    40     1    41 0.75 -
TRINITY_DN32856_c0_g1_i1:0-218     -             73 9860at3041           -            261   7.4e-05   18.5   0.8   2   2     0.072       1.2    4.7   0.1   112   143    40    73    39    73 0.82 -
TRINITY_DN12590_c0_g1_i1:123-512   -            130 9860at3041           -            261   7.5e-05   18.5   0.0   1   2     0.031      0.51    5.9   0.0   121   153     7    39     1    64 0.82 -
TRINITY_DN12590_c0_g1_i1:123-512   -            130 9860at3041           -            261   7.5e-05   18.5   0.0   2   2   0.00094     0.015   10.9   0.0   111   150    89   130    75   130 0.82 -
TRINITY_DN35019_c0_g1_i1:0-209     -             70 9860at3041           -            261   9.2e-05   18.2   0.3   1   1   6.1e-06   9.9e-05   18.1   0.3    94   152     1    61     1    69 0.84 -
TRINITY_DN223_c0_g1_i1:277-516     -             80 9860at3041           -            261   9.8e-05   18.1   0.0   1   1   7.2e-06   0.00012   17.8   0.0   113   149    12    50     4    72 0.84 -
TRINITY_DN3704_c0_g1_i2:140-850    -            237 9860at3041           -            261   0.00013   17.7   4.2   1   4      0.84        14    1.2   0.0   215   232    18    36    10    56 0.74 -
TRINITY_DN3704_c0_g1_i2:140-850    -            237 9860at3041           -            261   0.00013   17.7   4.2   2   4    0.0043      0.07    8.7   0.1   125   156    65    96    56   109 0.81 -
TRINITY_DN3704_c0_g1_i2:140-850    -            237 9860at3041           -            261   0.00013   17.7   4.2   3   4     0.034      0.56    5.8   0.1    90   147   133   194   117   207 0.71 -
TRINITY_DN3704_c0_g1_i2:140-850    -            237 9860at3041           -            261   0.00013   17.7   4.2   4   4       1.3        21    0.6   0.0   215   229   221   235   199   237 0.76 -
TRINITY_DN4316_c0_g1_i1:64-300     -             79 9860at3041           -            261   0.00013   17.7   0.2   1   1   2.8e-05   0.00046   15.9   0.2   100   152    13    67     2    77 0.73 -
TRINITY_DN28678_c0_g1_i1:5-661     -            219 9860at3041           -            261   0.00014   17.6   1.8   1   3    0.0054     0.088    8.4   0.1   111   149    10    48     4    61 0.78 -
TRINITY_DN28678_c0_g1_i1:5-661     -            219 9860at3041           -            261   0.00014   17.6   1.8   2   3      0.11       1.8    4.1   0.2    71   151    61   139    54   152 0.51 -
TRINITY_DN28678_c0_g1_i1:5-661     -            219 9860at3041           -            261   0.00014   17.6   1.8   3   3      0.33       5.4    2.6   0.0   111   143   182   216   178   218 0.87 -
TRINITY_DN10239_c0_g1_i2:4-1179    -            392 9860at3041           -            261   0.00019   17.2   3.8   1   4     0.062         1    4.9   0.0   127   148   172   193   154   211 0.78 -
TRINITY_DN10239_c0_g1_i2:4-1179    -            392 9860at3041           -            261   0.00019   17.2   3.8   2   4      0.16       2.6    3.6   0.1   115   147   210   242   197   264 0.78 -
TRINITY_DN10239_c0_g1_i2:4-1179    -            392 9860at3041           -            261   0.00019   17.2   3.8   3   4     0.048      0.77    5.3   0.1   111   146   293   331   251   338 0.76 -
TRINITY_DN10239_c0_g1_i2:4-1179    -            392 9860at3041           -            261   0.00019   17.2   3.8   4   4       0.6       9.7    1.7   0.1   116   148   355   390   349   392 0.77 -
TRINITY_DN1616_c0_g1_i1:356-952    -            199 9860at3041           -            261   0.00019   17.1   0.3   1   1     8e-05    0.0013   14.4   0.3   110   227    25   154    20   174 0.57 -
TRINITY_DN17392_c0_g1_i1:163-867   -            235 9860at3041           -            261   0.00019   17.1   0.1   1   2     0.099       1.6    4.3   0.1   135   156    10    31     2    70 0.55 -
TRINITY_DN17392_c0_g1_i1:163-867   -            235 9860at3041           -            261   0.00019   17.1   0.1   2   2   0.00092     0.015   10.9   0.0   162   239   128   203    76   211 0.83 -
TRINITY_DN1269_c0_g1_i2:15-314     -            100 9860at3041           -            261   0.00024   16.8   2.3   1   3      0.27       4.4    2.8   0.0   131   147     1    17     1    32 0.85 -
TRINITY_DN1269_c0_g1_i2:15-314     -            100 9860at3041           -            261   0.00024   16.8   2.3   2   3    0.0048     0.077    8.6   0.2   214   239    43    68    21    73 0.54 -
TRINITY_DN1269_c0_g1_i2:15-314     -            100 9860at3041           -            261   0.00024   16.8   2.3   3   3    0.0012     0.019   10.6   0.6    89   145    42   100    36   100 0.77 -
TRINITY_DN1717_c0_g1_i6:4-228      -             75 9860at3041           -            261   0.00042   16.0   0.2   1   1   9.3e-05    0.0015   14.2   0.2    89   144    18    75     3    75 0.70 -
TRINITY_DN1681_c0_g1_i2:1-1362     -            454 9860at3041           -            261   0.00048   15.8   0.9   1   2     0.014      0.22    7.1   0.1   128   204    16    90     5    93 0.67 -
TRINITY_DN1681_c0_g1_i2:1-1362     -            454 9860at3041           -            261   0.00048   15.8   0.9   2   2     0.062         1    5.0   0.1   116   153   147   187   140   197 0.74 -
TRINITY_DN40366_c0_g1_i1:2-304     -            101 9860at3041           -            261   0.00056   15.6   0.1   1   2      0.11       1.8    4.1   0.0   130   155     1    26     1    34 0.82 -
TRINITY_DN40366_c0_g1_i1:2-304     -            101 9860at3041           -            261   0.00056   15.6   0.1   2   2    0.0022     0.035    9.7   0.0   116   175    33   101    29   101 0.68 -
TRINITY_DN34297_c0_g1_i1:56-514    -            153 9860at3041           -            261   0.00064   15.4   0.3   1   2    0.0031      0.05    9.2   0.1   112   147    29    66     2    83 0.83 -
TRINITY_DN34297_c0_g1_i1:56-514    -            153 9860at3041           -            261   0.00064   15.4   0.3   2   2      0.14       2.3    3.7   0.0   194   233    79   118    71   126 0.70 -
TRINITY_DN10239_c0_g1_i1:4-1047    -            348 9860at3041           -            261   0.00068   15.3   2.3   1   3     0.061      0.99    5.0   0.0   127   148   172   193   154   204 0.77 -
TRINITY_DN10239_c0_g1_i1:4-1047    -            348 9860at3041           -            261   0.00068   15.3   2.3   2   3     0.079       1.3    4.6   0.1   118   147   213   242   199   294 0.65 -
TRINITY_DN10239_c0_g1_i1:4-1047    -            348 9860at3041           -            261   0.00068   15.3   2.3   3   3      0.54       8.7    1.9   0.1   116   148   311   346   306   348 0.77 -
TRINITY_DN12490_c0_g1_i1:23-409    -            129 9860at3041           -            261   0.00071   15.3   0.1   1   2      0.18       2.9    3.4   0.0   127   153    21    47     5    50 0.80 -
TRINITY_DN12490_c0_g1_i1:23-409    -            129 9860at3041           -            261   0.00071   15.3   0.1   2   2    0.0016     0.026   10.2   0.1   114   147    50    83    46   100 0.90 -
TRINITY_DN1990_c0_g2_i1:556-792    -             79 9860at3041           -            261    0.0013   14.4   0.1   1   1   8.1e-05    0.0013   14.4   0.1    89   144    18    76     2    79 0.79 -
TRINITY_DN3346_c0_g1_i10:605-1477  -            291 9860at3041           -            261    0.0015   14.2   0.1   1   3    0.0044     0.071    8.7   0.0    93   145     5    59     1    75 0.61 -
TRINITY_DN3346_c0_g1_i10:605-1477  -            291 9860at3041           -            261    0.0015   14.2   0.1   2   3       1.9        31    0.1   0.0    26    48   127   151    91   170 0.69 -
TRINITY_DN3346_c0_g1_i10:605-1477  -            291 9860at3041           -            261    0.0015   14.2   0.1   3   3       1.2        19    0.8   0.0   122   152   257   287   227   290 0.71 -
TRINITY_DN3346_c0_g1_i6:741-1613   -            291 9860at3041           -            261    0.0015   14.2   0.1   1   3    0.0044     0.071    8.7   0.0    93   145     5    59     1    75 0.61 -
TRINITY_DN3346_c0_g1_i6:741-1613   -            291 9860at3041           -            261    0.0015   14.2   0.1   2   3       1.9        31    0.1   0.0    26    48   127   151    91   170 0.69 -
TRINITY_DN3346_c0_g1_i6:741-1613   -            291 9860at3041           -            261    0.0015   14.2   0.1   3   3       1.2        19    0.8   0.0   122   152   257   287   227   290 0.71 -
TRINITY_DN3346_c0_g1_i8:627-1499   -            291 9860at3041           -            261    0.0015   14.2   0.1   1   3    0.0044     0.071    8.7   0.0    93   145     5    59     1    75 0.61 -
TRINITY_DN3346_c0_g1_i8:627-1499   -            291 9860at3041           -            261    0.0015   14.2   0.1   2   3       1.9        31    0.1   0.0    26    48   127   151    91   170 0.69 -
TRINITY_DN3346_c0_g1_i8:627-1499   -            291 9860at3041           -            261    0.0015   14.2   0.1   3   3       1.2        19    0.8   0.0   122   152   257   287   227   290 0.71 -
TRINITY_DN1954_c0_g1_i1:104-319    -             72 9860at3041           -            261    0.0017   14.0   0.1   1   1   0.00018    0.0029   13.3   0.1    90   144    15    71     2    72 0.69 -
TRINITY_DN646_c0_g1_i3:215-718     -            168 9860at3041           -            261    0.0017   14.0   0.1   1   2    0.0011     0.017   10.7   0.0   104   153    26    77     2    97 0.75 -
TRINITY_DN646_c0_g1_i3:215-718     -            168 9860at3041           -            261    0.0017   14.0   0.1   2   2       1.4        22    0.5   0.0   129   148   147   166   125   168 0.63 -
TRINITY_DN2166_c0_g1_i3:881-1819   -            313 9860at3041           -            261    0.0019   13.9   0.2   1   3      0.89        14    1.2   0.0   128   150    14    35     1    50 0.61 -
TRINITY_DN2166_c0_g1_i3:881-1819   -            313 9860at3041           -            261    0.0019   13.9   0.2   2   3      0.16       2.6    3.6   0.0   110   152   139   181   134   215 0.79 -
TRINITY_DN2166_c0_g1_i3:881-1819   -            313 9860at3041           -            261    0.0019   13.9   0.2   3   3      0.05      0.81    5.3   0.0   128   156   253   281   236   308 0.78 -
TRINITY_DN2617_c0_g2_i4:391-834    -            148 9860at3041           -            261     0.002   13.8   0.0   1   2     0.062         1    4.9   0.0    89   146     9    68     2    83 0.76 -
TRINITY_DN2617_c0_g2_i4:391-834    -            148 9860at3041           -            261     0.002   13.8   0.0   2   2     0.013      0.22    7.1   0.0    82   135    88   143    68   148 0.75 -
TRINITY_DN15794_c0_g1_i1:46-561    -            172 9860at3041           -            261    0.0022   13.7   0.2   1   2    0.0084      0.14    7.8   0.0   116   148    93   128    86   145 0.69 -
TRINITY_DN15794_c0_g1_i1:46-561    -            172 9860at3041           -            261    0.0022   13.7   0.2   2   2      0.15       2.4    3.7   0.1   125   146   151   172   140   172 0.84 -
TRINITY_DN18738_c0_g1_i1:33-317    -             95 9860at3041           -            261    0.0023   13.6   0.0   1   1   0.00026    0.0041   12.8   0.0   113   153    21    63    14    95 0.68 -
TRINITY_DN646_c0_g1_i2:315-806     -            164 9860at3041           -            261    0.0024   13.5   0.1   1   2    0.0013     0.022   10.4   0.0   105   153    23    73     3    94 0.78 -
TRINITY_DN646_c0_g1_i2:315-806     -            164 9860at3041           -            261    0.0024   13.5   0.1   2   2       1.3        21    0.6   0.0   129   148   143   162   121   164 0.63 -
TRINITY_DN17512_c0_g1_i1:3-236     -             78 9860at3041           -            261    0.0029   13.3   0.9   1   1    0.0012      0.02   10.5   0.4   121   152    41    72    23    77 0.74 -
TRINITY_DN34973_c0_g1_i2:122-919   -            266 9860at3041           -            261    0.0031   13.2   0.7   1   5         7   1.1e+02   -1.8   0.0   113   146    10    45     9    65 0.71 -
TRINITY_DN34973_c0_g1_i2:122-919   -            266 9860at3041           -            261    0.0031   13.2   0.7   2   5       3.5        57   -0.8   0.0    70    98    62    85    51    89 0.72 -
TRINITY_DN34973_c0_g1_i2:122-919   -            266 9860at3041           -            261    0.0031   13.2   0.7   3   5      0.48       7.8    2.0   0.0   133   147   134   148   127   171 0.77 -
TRINITY_DN34973_c0_g1_i2:122-919   -            266 9860at3041           -            261    0.0031   13.2   0.7   4   5       2.3        38   -0.2   0.0   134   147   182   195   163   208 0.62 -
TRINITY_DN34973_c0_g1_i2:122-919   -            266 9860at3041           -            261    0.0031   13.2   0.7   5   5     0.046      0.74    5.4   0.0   124   146   244   266   229   266 0.82 -
TRINITY_DN15655_c0_g1_i1:21-707    -            229 9860at3041           -            261    0.0031   13.2   2.7   1   3      0.63        10    1.6   0.4   207   237    70   101    63   109 0.77 -
TRINITY_DN15655_c0_g1_i1:21-707    -            229 9860at3041           -            261    0.0031   13.2   2.7   2   3      0.29       4.6    2.8   0.0   126   149   148   171   131   182 0.85 -
TRINITY_DN15655_c0_g1_i1:21-707    -            229 9860at3041           -            261    0.0031   13.2   2.7   3   3    0.0099      0.16    7.6   0.0   123   156   188   221   171   228 0.79 -
TRINITY_DN41156_c0_g1_i1:1-222     -             74 9860at3041           -            261    0.0037   12.9   0.2   1   1   0.00087     0.014   11.0   0.2   128   171    15    58     4    74 0.61 -
TRINITY_DN1531_c0_g1_i1:52-828     -            259 9860at3041           -            261    0.0047   12.6   0.5   1   3      0.53       8.5    1.9   0.0     5    48    41    87    37    95 0.75 -
TRINITY_DN1531_c0_g1_i1:52-828     -            259 9860at3041           -            261    0.0047   12.6   0.5   2   3      0.13       2.1    3.9   0.0   111   147    94   132    90   170 0.80 -
TRINITY_DN1531_c0_g1_i1:52-828     -            259 9860at3041           -            261    0.0047   12.6   0.5   3   3      0.19         3    3.4   0.1   125   145   239   259   226   259 0.76 -
TRINITY_DN5794_c0_g1_i1:201-461    -             87 9860at3041           -            261    0.0063   12.2   0.0   1   2     0.034      0.55    5.8   0.0   133   184    12    63     4    64 0.81 -
TRINITY_DN5794_c0_g1_i1:201-461    -             87 9860at3041           -            261    0.0063   12.2   0.0   2   2    0.0024     0.039    9.6   0.0    87   144    27    86    23    87 0.82 -
TRINITY_DN40104_c0_g1_i1:180-509   -            110 9860at3041           -            261    0.0079   11.8   0.0   1   2     0.015      0.24    7.0   0.0   114   152    33    71    23    82 0.87 -
TRINITY_DN40104_c0_g1_i1:180-509   -            110 9860at3041           -            261    0.0079   11.8   0.0   2   2      0.22       3.6    3.1   0.0   124   143    91   110    85   110 0.91 -
#
# Program:         hmmsearch
# Version:         3.2.1 (June 2018)
# Pipeline mode:   SEARCH
# Query file:      /sw/bioinfo/BUSCO/v5_lineage_sets/lineages/chlorophyta_odb10/hmms/9860at3041.hmm
# Target file:     /crex/proj/snic2022-23-81/expression_algae/code/busco/trinity_VA-3180-Osg12Mul/run_chlorophyta_odb10/metaeuk_output/rerun_results/trinity_VA-3180-Osg12Mul.Trinity.fasta.modified.fas
# Option settings: hmmsearch --domtblout /crex/proj/snic2022-23-81/expression_algae/code/busco/trinity_VA-3180-Osg12Mul/run_chlorophyta_odb10/hmmer_output/rerun_results/9860at3041.out --cpu 1 /sw/bioinfo/BUSCO/v5_lineage_sets/lineages/chlorophyta_odb10/hmms/9860at3041.hmm /crex/proj/snic2022-23-81/expression_algae/code/busco/trinity_VA-3180-Osg12Mul/run_chlorophyta_odb10/metaeuk_output/rerun_results/trinity_VA-3180-Osg12Mul.Trinity.fasta.modified.fas 
# Current dir:     /crex/proj/snic2022-23-81/expression_algae/code/busco
# Date:            Fri Sep 23 10:13:33 2022
# [ok]
