#                                                                                         --- full sequence --- -------------- this domain -------------   hmm coord   ali coord   env coord
# target name                     accession   tlen query name           accession   qlen   E-value  score  bias   #  of  c-Evalue  i-Evalue  score  bias  from    to  from    to  from    to  acc description of target
#             ------------------- ---------- ----- -------------------- ---------- ----- --------- ------ ----- --- --- --------- --------- ------ ----- ----- ----- ----- ----- ----- ----- ---- ---------------------
TRINITY_DN2743_c2_g1_i1:413-898   -            162 10684at3041          -            129   4.1e-71  235.6   7.9   1   1   3.5e-73   4.9e-71  235.4   7.9     4   129    34   159    31   159 0.98 -
TRINITY_DN7012_c0_g1_i2:1262-1621 -            120 10684at3041          -            129   1.5e-49  165.9   7.0   1   1   1.2e-51   1.7e-49  165.7   7.0    11   129     1   120     1   120 0.98 -
TRINITY_DN7012_c0_g1_i6:1262-1621 -            120 10684at3041          -            129   1.5e-49  165.9   7.0   1   1   1.2e-51   1.7e-49  165.7   7.0    11   129     1   120     1   120 0.98 -
TRINITY_DN7012_c0_g1_i7:1155-1514 -            120 10684at3041          -            129   1.5e-49  165.9   7.0   1   1   1.2e-51   1.7e-49  165.7   7.0    11   129     1   120     1   120 0.98 -
TRINITY_DN2_c0_g1_i14:7108-7467   -            120 10684at3041          -            129   2.2e-48  162.1   3.9   1   1   1.7e-50   2.4e-48  162.0   3.9    11   129     1   120     1   120 0.98 -
TRINITY_DN2_c0_g1_i3:12882-13241  -            120 10684at3041          -            129   2.2e-48  162.1   3.9   1   1   1.7e-50   2.4e-48  162.0   3.9    11   129     1   120     1   120 0.98 -
TRINITY_DN2_c0_g1_i4:12591-12950  -            120 10684at3041          -            129   2.2e-48  162.1   3.9   1   1   1.7e-50   2.4e-48  162.0   3.9    11   129     1   120     1   120 0.98 -
TRINITY_DN2_c0_g1_i7:12632-12991  -            120 10684at3041          -            129   2.2e-48  162.1   3.9   1   1   1.7e-50   2.4e-48  162.0   3.9    11   129     1   120     1   120 0.98 -
TRINITY_DN2_c0_g1_i10:12718-13077 -            120 10684at3041          -            129   5.2e-48  160.9   6.7   1   1   4.1e-50   5.7e-48  160.8   6.7    11   129     1   120     1   120 0.98 -
TRINITY_DN2_c0_g1_i5:13009-13368  -            120 10684at3041          -            129   5.2e-48  160.9   6.7   1   1   4.1e-50   5.7e-48  160.8   6.7    11   129     1   120     1   120 0.98 -
TRINITY_DN590_c0_g1_i1:159-518    -            120 10684at3041          -            129     6e-48  160.7   5.4   1   1   4.8e-50   6.6e-48  160.6   5.4    11   129     1   120     1   120 0.98 -
TRINITY_DN9_c0_g1_i6:22-399       -            126 10684at3041          -            129   8.9e-48  160.2   1.5   1   1   6.9e-50   9.6e-48  160.1   1.5    10   129     5   126     1   126 0.96 -
TRINITY_DN561_c0_g1_i17:494-874   -            127 10684at3041          -            129     2e-47  159.0   4.8   1   1   1.7e-49   2.4e-47  158.8   4.8     9   129     5   127     2   127 0.96 -
TRINITY_DN561_c0_g1_i23:495-875   -            127 10684at3041          -            129     2e-47  159.0   4.8   1   1   1.7e-49   2.4e-47  158.8   4.8     9   129     5   127     2   127 0.96 -
TRINITY_DN561_c0_g1_i29:494-874   -            127 10684at3041          -            129     2e-47  159.0   4.8   1   1   1.7e-49   2.4e-47  158.8   4.8     9   129     5   127     2   127 0.96 -
TRINITY_DN1803_c0_g1_i1:73-447    -            125 10684at3041          -            129   2.3e-47  158.8   3.0   1   1   1.8e-49   2.6e-47  158.7   3.0     8   129     2   125     1   125 0.96 -
TRINITY_DN231_c0_g1_i2:1986-2327  -            114 10684at3041          -            129   5.4e-47  157.6   0.8   1   1   4.3e-49   5.9e-47  157.5   0.8    12   123     1   113     1   114 0.97 -
TRINITY_DN231_c0_g1_i3:1986-2327  -            114 10684at3041          -            129   5.4e-47  157.6   0.8   1   1   4.3e-49   5.9e-47  157.5   0.8    12   123     1   113     1   114 0.97 -
TRINITY_DN231_c0_g1_i6:1986-2327  -            114 10684at3041          -            129   5.4e-47  157.6   0.8   1   1   4.3e-49   5.9e-47  157.5   0.8    12   123     1   113     1   114 0.97 -
TRINITY_DN1803_c0_g1_i2:73-435    -            121 10684at3041          -            129   6.7e-47  157.3   2.3   1   1   5.4e-49   7.5e-47  157.2   2.3    11   129     1   121     1   121 0.97 -
TRINITY_DN9_c0_g1_i3:2065-2442    -            126 10684at3041          -            129   8.1e-47  157.1   0.8   1   1   6.3e-49   8.7e-47  157.0   0.8    10   129     5   126     1   126 0.96 -
TRINITY_DN9_c0_g1_i7:246-623      -            126 10684at3041          -            129   8.1e-47  157.1   0.8   1   1   6.3e-49   8.7e-47  157.0   0.8    10   129     5   126     1   126 0.96 -
TRINITY_DN9_c0_g1_i8:2133-2510    -            126 10684at3041          -            129   8.1e-47  157.1   0.8   1   1   6.3e-49   8.7e-47  157.0   0.8    10   129     5   126     1   126 0.96 -
TRINITY_DN561_c0_g1_i22:512-874   -            121 10684at3041          -            129   1.3e-46  156.4   4.8   1   1     1e-48   1.4e-46  156.3   4.8    11   129     1   121     1   121 0.97 -
TRINITY_DN561_c0_g1_i6:511-873    -            121 10684at3041          -            129   1.3e-46  156.4   4.8   1   1     1e-48   1.4e-46  156.3   4.8    11   129     1   121     1   121 0.97 -
TRINITY_DN561_c0_g1_i8:512-874    -            121 10684at3041          -            129   1.3e-46  156.4   4.8   1   1     1e-48   1.4e-46  156.3   4.8    11   129     1   121     1   121 0.97 -
TRINITY_DN1803_c0_g4_i1:788-1129  -            114 10684at3041          -            129   3.2e-46  155.1   1.5   1   1   2.5e-48   3.5e-46  155.0   1.5    12   123     1   113     1   114 0.97 -
TRINITY_DN561_c0_g1_i16:140-502   -            121 10684at3041          -            129   4.6e-46  154.6   5.7   1   1   3.6e-48     5e-46  154.5   5.7    11   129     1   121     1   121 0.97 -
TRINITY_DN13_c0_g1_i12:7561-7926  -            122 10684at3041          -            129     6e-46  154.3   1.7   1   1   4.7e-48   6.5e-46  154.1   1.7     9   128     1   121     1   122 0.96 -
TRINITY_DN13_c0_g1_i2:3120-3485   -            122 10684at3041          -            129     6e-46  154.3   1.7   1   1   4.7e-48   6.5e-46  154.1   1.7     9   128     1   121     1   122 0.96 -
TRINITY_DN13_c0_g1_i5:7560-7925   -            122 10684at3041          -            129     6e-46  154.3   1.7   1   1   4.7e-48   6.5e-46  154.1   1.7     9   128     1   121     1   122 0.96 -
TRINITY_DN2_c0_g1_i12:11071-11415 -            115 10684at3041          -            129   2.3e-45  152.3   0.4   1   1     2e-47   2.8e-45  152.1   0.4     9   119     4   115     2   115 0.97 -
TRINITY_DN2_c0_g1_i9:6580-6924    -            115 10684at3041          -            129   2.3e-45  152.3   0.4   1   1     2e-47   2.8e-45  152.1   0.4     9   119     4   115     2   115 0.97 -
TRINITY_DN62_c0_g1_i1:48-392      -            115 10684at3041          -            129   2.9e-45  152.0   0.2   1   1   2.3e-47   3.2e-45  151.9   0.2    11   123     1   114     1   115 0.97 -
TRINITY_DN1409_c0_g1_i11:41-400   -            120 10684at3041          -            129   3.9e-45  151.6   0.8   1   1   3.3e-47   4.6e-45  151.4   0.8     9   123     4   119     2   120 0.96 -
TRINITY_DN1409_c0_g1_i5:41-400    -            120 10684at3041          -            129   3.9e-45  151.6   0.8   1   1   3.3e-47   4.6e-45  151.4   0.8     9   123     4   119     2   120 0.96 -
TRINITY_DN1409_c0_g1_i7:41-400    -            120 10684at3041          -            129   3.9e-45  151.6   0.8   1   1   3.3e-47   4.6e-45  151.4   0.8     9   123     4   119     2   120 0.96 -
TRINITY_DN7086_c0_g1_i3:190-606   -            139 10684at3041          -            129   1.1e-43  146.9   1.9   1   1   9.2e-46   1.3e-43  146.7   1.9     8   129    16   139    10   139 0.96 -
TRINITY_DN1803_c0_g3_i3:144-506   -            121 10684at3041          -            129   1.2e-43  146.8   3.7   1   1   9.3e-46   1.3e-43  146.7   3.7    11   129     1   121     1   121 0.96 -
TRINITY_DN9596_c0_g1_i1:2-370     -            123 10684at3041          -            129   1.6e-43  146.4   2.1   1   1   1.3e-45   1.8e-43  146.3   2.1     7   119     9   123     3   123 0.95 -
TRINITY_DN231_c0_g3_i1:1736-2095  -            120 10684at3041          -            129   1.7e-42  143.1   1.1   1   1   1.4e-44   1.9e-42  142.9   1.1    11   129     1   120     1   120 0.97 -
TRINITY_DN231_c1_g1_i1:321-701    -            127 10684at3041          -            129   2.2e-41  139.5   0.4   1   1   1.7e-43   2.4e-41  139.4   0.4     9   129     5   127     1   127 0.96 -
TRINITY_DN7086_c0_g1_i6:2711-3073 -            121 10684at3041          -            129   3.7e-41  138.7   1.2   1   1     3e-43   4.1e-41  138.6   1.2    11   129     1   121     1   121 0.97 -
TRINITY_DN2743_c0_g3_i1:0-350     -            117 10684at3041          -            129   4.8e-41  138.4   1.9   1   1   3.8e-43   5.3e-41  138.3   1.9     9   120     4   117     1   117 0.95 -
TRINITY_DN1813_c0_g1_i1:60-329    -             90 10684at3041          -            129   2.3e-30  103.9   0.0   1   1   1.8e-32   2.5e-30  103.7   0.0    11    99     1    90     1    90 0.98 -
TRINITY_DN10882_c1_g1_i1:36-254   -             73 10684at3041          -            129   2.1e-29  100.7   1.3   1   1   1.6e-31   2.3e-29  100.6   1.3    55   125     2    72     1    73 0.96 -
TRINITY_DN1803_c0_g2_i1:2-190     -             63 10684at3041          -            129   9.5e-20   69.5   0.9   1   1   7.3e-22     1e-19   69.4   0.9    51   112     1    63     1    63 0.96 -
TRINITY_DN99809_c0_g1_i1:3-182    -             60 10684at3041          -            129   4.1e-14   51.3   0.0   1   1   3.1e-16   4.3e-14   51.2   0.0    11    69     1    60     1    60 0.93 -
TRINITY_DN12668_c0_g1_i1:73-531   -            153 10684at3041          -            129   1.9e-12   45.9   3.6   1   2   0.00024     0.033   12.8   0.0    11    66    14    70     8    80 0.87 -
TRINITY_DN12668_c0_g1_i1:73-531   -            153 10684at3041          -            129   1.9e-12   45.9   3.6   2   2   8.6e-11   1.2e-08   33.6   1.6    73   128   100   153    72   153 0.85 -
TRINITY_DN6609_c0_g1_i1:126-392   -             89 10684at3041          -            129   6.8e-08   31.2   2.1   1   2       1.6   2.2e+02    0.4   0.0    51    67     1    17     1    42 0.80 -
TRINITY_DN6609_c0_g1_i1:126-392   -             89 10684at3041          -            129   6.8e-08   31.2   2.1   2   2   7.1e-10   9.8e-08   30.7   0.7    76   115    49    88    31    89 0.82 -
#
# Program:         hmmsearch
# Version:         3.2.1 (June 2018)
# Pipeline mode:   SEARCH
# Query file:      /sw/bioinfo/BUSCO/v5_lineage_sets/lineages/chlorophyta_odb10/hmms/10684at3041.hmm
# Target file:     /crex/proj/snic2022-23-81/expression_algae/code/busco/trinity_VA-3180-Osg10Sin/run_chlorophyta_odb10/metaeuk_output/initial_results/trinity_VA-3180-Osg10Sin.Trinity.fasta.modified.fas
# Option settings: hmmsearch --domtblout /crex/proj/snic2022-23-81/expression_algae/code/busco/trinity_VA-3180-Osg10Sin/run_chlorophyta_odb10/hmmer_output/initial_run_results/10684at3041.out --cpu 1 /sw/bioinfo/BUSCO/v5_lineage_sets/lineages/chlorophyta_odb10/hmms/10684at3041.hmm /crex/proj/snic2022-23-81/expression_algae/code/busco/trinity_VA-3180-Osg10Sin/run_chlorophyta_odb10/metaeuk_output/initial_results/trinity_VA-3180-Osg10Sin.Trinity.fasta.modified.fas 
# Current dir:     /crex/proj/snic2022-23-81/expression_algae/code/busco
# Date:            Fri Sep 23 10:12:37 2022
# [ok]
