#                                                                                          --- full sequence --- -------------- this domain -------------   hmm coord   ali coord   env coord
# target name                      accession   tlen query name           accession   qlen   E-value  score  bias   #  of  c-Evalue  i-Evalue  score  bias  from    to  from    to  from    to  acc description of target
#              ------------------- ---------- ----- -------------------- ---------- ----- --------- ------ ----- --- --- --------- --------- ------ ----- ----- ----- ----- ----- ----- ----- ---- ---------------------
TRINITY_DN1308_c0_g1_i8:334-1653   -            440 1142at3041           -            325  1.1e-170  565.5   9.6   1   1  6.3e-172  1.1e-169  562.2   9.6     1   325    57   435    57   435 0.90 -
TRINITY_DN1308_c0_g1_i4:334-1179   -            282 1142at3041           -            325  4.4e-140  464.9   5.1   1   1  8.8e-142  1.6e-139  463.1   5.1    77   325     3   277     1   277 0.92 -
TRINITY_DN1308_c0_g1_i6:334-927    -            198 1142at3041           -            325    1e-107  358.5   0.5   1   1  6.5e-110  1.2e-107  358.4   0.5   144   325     1   193     1   193 0.96 -
TRINITY_DN1308_c0_g1_i9:144-1049   -            302 1142at3041           -            325   5.1e-96  320.1   7.7   1   1   5.4e-97   9.6e-95  315.9   7.7     1   201    57   300    57   302 0.87 -
TRINITY_DN1308_c0_g1_i3:328-666    -            113 1142at3041           -            325   4.4e-58  195.5   0.1   1   1   2.7e-60   4.9e-58  195.3   0.1   225   325     1   106     1   106 0.97 -
TRINITY_DN23992_c0_g2_i1:131-793   -            221 1142at3041           -            325   9.4e-26   89.2   0.2   1   1   5.9e-28   1.1e-25   89.0   0.2   113   324     3   218     1   219 0.86 -
TRINITY_DN85409_c0_g1_i1:114-947   -            278 1142at3041           -            325   9.1e-16   56.4   0.0   1   1   1.2e-17   2.1e-15   55.2   0.0    32   199    66   248    15   273 0.84 -
TRINITY_DN34166_c0_g1_i1:12-554    -            181 1142at3041           -            325   1.9e-15   55.3   0.0   1   1   1.1e-17   1.9e-15   55.3   0.0    74   200    37   172     5   181 0.79 -
TRINITY_DN41789_c0_g1_i1:1-1089    -            363 1142at3041           -            325   6.6e-14   50.3   0.0   1   2      0.33        59    1.1   0.0    16    60    25    76    11    96 0.68 -
TRINITY_DN41789_c0_g1_i1:1-1089    -            363 1142at3041           -            325   6.6e-14   50.3   0.0   2   2   3.5e-15   6.2e-13   47.1   0.0   112   309   157   358   110   362 0.81 -
TRINITY_DN5660_c0_g2_i3:24-803     -            260 1142at3041           -            325   4.9e-13   47.4   0.1   1   1   3.3e-15   5.9e-13   47.1   0.1   109   291    47   228     4   238 0.76 -
TRINITY_DN5660_c0_g2_i1:2-1093     -            364 1142at3041           -            325   6.9e-13   46.9   0.1   1   1   5.5e-15   9.8e-13   46.4   0.1   109   259   151   299    87   341 0.77 -
TRINITY_DN33024_c0_g1_i1:361-1506  -            382 1142at3041           -            325   1.9e-09   35.6   0.2   1   1   1.5e-10   2.7e-08   31.8   0.2   103   324   152   382    19   382 0.71 -
TRINITY_DN5832_c0_g1_i3:2278-3303  -            342 1142at3041           -            325     3e-09   35.0   0.3   1   1   2.7e-11   4.8e-09   34.3   0.3    81   292   106   317    93   324 0.76 -
TRINITY_DN5832_c0_g1_i5:1179-2204  -            342 1142at3041           -            325     3e-09   35.0   0.3   1   1   2.7e-11   4.8e-09   34.3   0.3    81   292   106   317    93   324 0.76 -
TRINITY_DN74659_c0_g1_i1:0-1157    -            386 1142at3041           -            325   8.8e-09   33.4   0.1   1   1   2.2e-10   3.9e-08   31.3   0.1   112   309   166   377   144   385 0.76 -
TRINITY_DN7233_c0_g1_i1:22-1191    -            390 1142at3041           -            325   1.7e-08   32.5   0.0   1   1   1.3e-10   2.3e-08   32.0   0.0    75   325   119   388    22   388 0.78 -
TRINITY_DN7233_c0_g1_i2:22-1191    -            390 1142at3041           -            325   1.7e-08   32.5   0.0   1   1   1.3e-10   2.3e-08   32.0   0.0    75   325   119   388    22   388 0.78 -
TRINITY_DN11670_c0_g1_i7:57-878    -            274 1142at3041           -            325   2.4e-08   32.0   0.0   1   1   1.7e-10     3e-08   31.7   0.0    75   201    27   162     3   206 0.73 -
TRINITY_DN4323_c0_g2_i1:304-990    -            229 1142at3041           -            325   2.6e-08   31.9   0.0   1   1   1.6e-10   2.8e-08   31.8   0.0    79   196   102   228    32   229 0.80 -
TRINITY_DN11670_c0_g1_i11:59-973   -            305 1142at3041           -            325   3.8e-08   31.3   0.0   1   1   2.4e-10   4.4e-08   31.1   0.0    75   217    27   184     3   300 0.76 -
TRINITY_DN11670_c0_g1_i1:1290-2420 -            377 1142at3041           -            325   3.9e-08   31.3   0.0   1   1   2.8e-10     5e-08   31.0   0.0    75   217   100   257     2   373 0.78 -
TRINITY_DN1225_c0_g1_i2:3939-4988  -            350 1142at3041           -            325   4.1e-08   31.2   0.0   1   2         8   1.4e+03   -3.4   0.0    17    54    30    73    22    79 0.59 -
TRINITY_DN1225_c0_g1_i2:3939-4988  -            350 1142at3041           -            325   4.1e-08   31.2   0.0   2   2   4.1e-10   7.2e-08   30.4   0.0    76   197   119   254   111   341 0.78 -
TRINITY_DN1225_c0_g1_i4:3939-4988  -            350 1142at3041           -            325   4.1e-08   31.2   0.0   1   2         8   1.4e+03   -3.4   0.0    17    54    30    73    22    79 0.59 -
TRINITY_DN1225_c0_g1_i4:3939-4988  -            350 1142at3041           -            325   4.1e-08   31.2   0.0   2   2   4.1e-10   7.2e-08   30.4   0.0    76   197   119   254   111   341 0.78 -
TRINITY_DN31959_c0_g1_i1:15-767    -            251 1142at3041           -            325   3.1e-06   25.0   0.0   1   1   2.2e-08     4e-06   24.7   0.0   112   202   133   223    61   238 0.81 -
TRINITY_DN31465_c0_g1_i1:27-665    -            213 1142at3041           -            325   4.5e-06   24.5   0.0   1   1   3.1e-08   5.5e-06   24.2   0.0    75   150   125   209    67   213 0.78 -
TRINITY_DN59560_c0_g1_i1:1-966     -            322 1142at3041           -            325   1.1e-05   23.3   0.1   1   2      0.67   1.2e+02    0.1   0.0    15    69    25    88    13   110 0.64 -
TRINITY_DN59560_c0_g1_i1:1-966     -            322 1142at3041           -            325   1.1e-05   23.3   0.1   2   2   2.8e-07   5.1e-05   21.1   0.0   111   240   157   286   117   320 0.80 -
TRINITY_DN36328_c0_g1_i2:1-516     -            172 1142at3041           -            325   4.6e-05   21.2   0.0   1   1   3.2e-07   5.8e-05   20.9   0.0   110   197    81   161    60   168 0.85 -
TRINITY_DN10411_c0_g1_i1:163-801   -            213 1142at3041           -            325   5.2e-05   21.0   0.5   1   1   3.8e-07   6.9e-05   20.6   0.5    55   174    74   199    62   212 0.70 -
TRINITY_DN5807_c0_g1_i2:169-1218   -            350 1142at3041           -            325   0.00013   19.7   0.0   1   2     0.039         7    4.2   0.0   116   161   114   162    96   209 0.80 -
TRINITY_DN5807_c0_g1_i2:169-1218   -            350 1142at3041           -            325   0.00013   19.7   0.0   2   2   6.3e-05     0.011   13.4   0.0   275   306   309   340   302   350 0.82 -
TRINITY_DN5807_c0_g1_i5:169-1218   -            350 1142at3041           -            325   0.00013   19.7   0.0   1   2     0.039         7    4.2   0.0   116   161   114   162    96   209 0.80 -
TRINITY_DN5807_c0_g1_i5:169-1218   -            350 1142at3041           -            325   0.00013   19.7   0.0   2   2   6.3e-05     0.011   13.4   0.0   275   306   309   340   302   350 0.82 -
TRINITY_DN5807_c0_g1_i6:169-1218   -            350 1142at3041           -            325   0.00013   19.7   0.0   1   2     0.039         7    4.2   0.0   116   161   114   162    96   209 0.80 -
TRINITY_DN5807_c0_g1_i6:169-1218   -            350 1142at3041           -            325   0.00013   19.7   0.0   2   2   6.3e-05     0.011   13.4   0.0   275   306   309   340   302   350 0.82 -
TRINITY_DN3545_c0_g1_i2:6-785      -            260 1142at3041           -            325   0.00028   18.6   0.0   1   1   1.9e-06   0.00034   18.3   0.0   112   199    41   129    31   260 0.65 -
TRINITY_DN5807_c0_g1_i3:169-867    -            233 1142at3041           -            325   0.00035   18.3   0.0   1   2      0.15        27    2.2   0.0   121   161     2    45     1    97 0.78 -
TRINITY_DN5807_c0_g1_i3:169-867    -            233 1142at3041           -            325   0.00035   18.3   0.0   2   2   3.5e-05    0.0062   14.2   0.0   275   306   192   223   184   233 0.82 -
TRINITY_DN1587_c0_g1_i2:1194-2018  -            275 1142at3041           -            325    0.0006   17.5   0.0   1   1   3.8e-06   0.00067   17.4   0.0    80   159   109   196    55   232 0.76 -
TRINITY_DN7233_c0_g2_i1:235-909    -            225 1142at3041           -            325    0.0011   16.7   0.0   1   1   7.3e-06    0.0013   16.4   0.0    75   215    45   196    16   223 0.68 -
TRINITY_DN7233_c0_g2_i2:14-910     -            299 1142at3041           -            325    0.0016   16.2   0.1   1   1   1.3e-05    0.0023   15.7   0.1    75   214   119   269    22   296 0.73 -
TRINITY_DN36742_c0_g1_i2:226-1275  -            350 1142at3041           -            325    0.0027   15.4   0.0   1   2    0.0019      0.33    8.5   0.0   116   163   126   174   113   220 0.81 -
TRINITY_DN36742_c0_g1_i2:226-1275  -            350 1142at3041           -            325    0.0027   15.4   0.0   2   2     0.032       5.6    4.5   0.0   279   300   325   348   318   350 0.79 -
TRINITY_DN5807_c0_g1_i1:169-864    -            232 1142at3041           -            325    0.0038   14.9   0.0   1   1   3.4e-05    0.0061   14.2   0.0   275   306   191   222   183   232 0.82 -
TRINITY_DN3545_c0_g1_i4:670-1227   -            186 1142at3041           -            325    0.0088   13.7   0.0   1   2      0.11        19    2.8   0.0   181   238    31    91    24    98 0.75 -
TRINITY_DN3545_c0_g1_i4:670-1227   -            186 1142at3041           -            325    0.0088   13.7   0.0   2   2   0.00087      0.16    9.6   0.0   110   156   135   182    89   186 0.68 -
#
# Program:         hmmsearch
# Version:         3.2.1 (June 2018)
# Pipeline mode:   SEARCH
# Query file:      /sw/bioinfo/BUSCO/v5_lineage_sets/lineages/chlorophyta_odb10/hmms/1142at3041.hmm
# Target file:     /crex/proj/snic2022-23-81/expression_algae/code/busco/trinity_VA-3180-Osg10Sin/run_chlorophyta_odb10/metaeuk_output/initial_results/trinity_VA-3180-Osg10Sin.Trinity.fasta.modified.fas
# Option settings: hmmsearch --domtblout /crex/proj/snic2022-23-81/expression_algae/code/busco/trinity_VA-3180-Osg10Sin/run_chlorophyta_odb10/hmmer_output/initial_run_results/1142at3041.out --cpu 1 /sw/bioinfo/BUSCO/v5_lineage_sets/lineages/chlorophyta_odb10/hmms/1142at3041.hmm /crex/proj/snic2022-23-81/expression_algae/code/busco/trinity_VA-3180-Osg10Sin/run_chlorophyta_odb10/metaeuk_output/initial_results/trinity_VA-3180-Osg10Sin.Trinity.fasta.modified.fas 
# Current dir:     /crex/proj/snic2022-23-81/expression_algae/code/busco
# Date:            Fri Sep 23 10:12:36 2022
# [ok]
