#                                                                                          --- full sequence --- -------------- this domain -------------   hmm coord   ali coord   env coord
# target name                      accession   tlen query name           accession   qlen   E-value  score  bias   #  of  c-Evalue  i-Evalue  score  bias  from    to  from    to  from    to  acc description of target
#              ------------------- ---------- ----- -------------------- ---------- ----- --------- ------ ----- --- --- --------- --------- ------ ----- ----- ----- ----- ----- ----- ----- ---- ---------------------
TRINITY_DN73299_c0_g1_i1:2-841     -            280 1535at3041           -            275  1.9e-113  376.9   0.4   1   1    5e-115  4.4e-113  375.7   0.4    43   272     6   280     1   280 0.88 -
TRINITY_DN18107_c0_g2_i1:17-520    -            168 1535at3041           -            275   3.2e-32  110.4   0.0   1   1   2.4e-33   2.1e-31  107.8   0.0    95   229     1   168     1   168 0.79 -
TRINITY_DN1455_c0_g1_i4:302-1183   -            294 1535at3041           -            275     3e-20   71.1   2.9   1   3   4.3e-06   0.00037   18.4   0.0    43   110    11    84     3    92 0.78 -
TRINITY_DN1455_c0_g1_i4:302-1183   -            294 1535at3041           -            275     3e-20   71.1   2.9   2   3   3.7e-08   3.2e-06   25.1   0.2    43   111    95   169    88   177 0.85 -
TRINITY_DN1455_c0_g1_i4:302-1183   -            294 1535at3041           -            275     3e-20   71.1   2.9   3   3   1.2e-08     1e-06   26.7   0.1    12    77   184   255   173   264 0.82 -
TRINITY_DN5256_c0_g1_i3:10-525     -            172 1535at3041           -            275   3.3e-20   71.0   9.3   1   2   8.7e-13   7.6e-11   40.3   1.4    14   119     1   118     1   122 0.81 -
TRINITY_DN5256_c0_g1_i3:10-525     -            172 1535at3041           -            275   3.3e-20   71.0   9.3   2   2     3e-13   2.6e-11   41.8   1.3    11   111    40   152    33   170 0.77 -
TRINITY_DN2487_c0_g1_i5:89-949     -            287 1535at3041           -            275   7.4e-17   60.0   4.6   1   4    0.0081       0.7    7.6   0.1    96   112    21    37    10    45 0.85 -
TRINITY_DN2487_c0_g1_i5:89-949     -            287 1535at3041           -            275   7.4e-17   60.0   4.6   2   4   2.8e-09   2.4e-07   28.8   0.0    46   118    49   127    36   134 0.80 -
TRINITY_DN2487_c0_g1_i5:89-949     -            287 1535at3041           -            275   7.4e-17   60.0   4.6   3   4   2.2e-06   0.00019   19.3   0.2    11   113   134   248   131   264 0.79 -
TRINITY_DN2487_c0_g1_i5:89-949     -            287 1535at3041           -            275   7.4e-17   60.0   4.6   4   4   5.7e-05     0.005   14.7   0.2    50   109   221   286   175   287 0.67 -
TRINITY_DN2487_c0_g1_i6:89-949     -            287 1535at3041           -            275   7.4e-17   60.0   4.6   1   4    0.0081       0.7    7.6   0.1    96   112    21    37    10    45 0.85 -
TRINITY_DN2487_c0_g1_i6:89-949     -            287 1535at3041           -            275   7.4e-17   60.0   4.6   2   4   2.8e-09   2.4e-07   28.8   0.0    46   118    49   127    36   134 0.80 -
TRINITY_DN2487_c0_g1_i6:89-949     -            287 1535at3041           -            275   7.4e-17   60.0   4.6   3   4   2.2e-06   0.00019   19.3   0.2    11   113   134   248   131   264 0.79 -
TRINITY_DN2487_c0_g1_i6:89-949     -            287 1535at3041           -            275   7.4e-17   60.0   4.6   4   4   5.7e-05     0.005   14.7   0.2    50   109   221   286   175   287 0.67 -
TRINITY_DN1455_c0_g1_i6:302-1027   -            242 1535at3041           -            275   2.6e-16   58.2   2.7   1   3   2.9e-06   0.00025   18.9   0.0    43   110    11    84     3    93 0.78 -
TRINITY_DN1455_c0_g1_i6:302-1027   -            242 1535at3041           -            275   2.6e-16   58.2   2.7   2   3   2.6e-08   2.3e-06   25.6   0.1    43   111    95   169    89   177 0.85 -
TRINITY_DN1455_c0_g1_i6:302-1027   -            242 1535at3041           -            275   2.6e-16   58.2   2.7   3   3   0.00028     0.024   12.4   0.1    41    79   177   215   170   232 0.79 -
TRINITY_DN7816_c0_g1_i2:86-889     -            268 1535at3041           -            275     6e-16   57.0   4.3   1   4   0.00096     0.083   10.7   0.0    93   113    24    44     5    52 0.72 -
TRINITY_DN7816_c0_g1_i2:86-889     -            268 1535at3041           -            275     6e-16   57.0   4.3   2   4   6.1e-08   5.3e-06   24.4   0.1    50   112    59   127    48   141 0.76 -
TRINITY_DN7816_c0_g1_i2:86-889     -            268 1535at3041           -            275     6e-16   57.0   4.3   3   4   6.3e-06   0.00054   17.8   0.1    45    79   140   174   135   209 0.72 -
TRINITY_DN7816_c0_g1_i2:86-889     -            268 1535at3041           -            275     6e-16   57.0   4.3   4   4     0.075       6.5    4.4   0.1    51    78   188   215   177   224 0.75 -
TRINITY_DN2487_c0_g1_i2:136-1008   -            291 1535at3041           -            275   9.9e-16   56.3   1.4   1   3   1.3e-05    0.0012   16.7   0.0    47   112    19    91    11    99 0.75 -
TRINITY_DN2487_c0_g1_i2:136-1008   -            291 1535at3041           -            275   9.9e-16   56.3   1.4   2   3   2.7e-09   2.3e-07   28.9   0.0    46   118   103   181    89   186 0.79 -
TRINITY_DN2487_c0_g1_i2:136-1008   -            291 1535at3041           -            275   9.9e-16   56.3   1.4   3   3     0.016       1.4    6.6   0.1    94   118   199   223   190   264 0.70 -
TRINITY_DN80208_c0_g1_i1:92-733    -            214 1535at3041           -            275   3.8e-15   54.4   0.2   1   3   0.00081      0.07   10.9   0.0    83   118    18    53     6    56 0.86 -
TRINITY_DN80208_c0_g1_i1:92-733    -            214 1535at3041           -            275   3.8e-15   54.4   0.2   2   3     2e-08   1.7e-06   26.0   0.0    46   115    58   138    53   145 0.74 -
TRINITY_DN80208_c0_g1_i1:92-733    -            214 1535at3041           -            275   3.8e-15   54.4   0.2   3   3   2.5e-05    0.0021   15.9   0.0    10    79   105   188   104   204 0.62 -
TRINITY_DN5880_c0_g1_i1:166-1038   -            291 1535at3041           -            275   1.1e-14   52.9   6.2   1   4     0.016       1.4    6.7   0.0    96   114    20    38     9    57 0.68 -
TRINITY_DN5880_c0_g1_i1:166-1038   -            291 1535at3041           -            275   1.1e-14   52.9   6.2   2   4     1e-07     9e-06   23.7   0.2    59   116    61   124    50   128 0.78 -
TRINITY_DN5880_c0_g1_i1:166-1038   -            291 1535at3041           -            275   1.1e-14   52.9   6.2   3   4   1.8e-08   1.6e-06   26.1   0.2    58   118   102   168    90   182 0.73 -
TRINITY_DN5880_c0_g1_i1:166-1038   -            291 1535at3041           -            275   1.1e-14   52.9   6.2   4   4   0.00024     0.021   12.6   0.1   155   265   176   283   167   291 0.67 -
TRINITY_DN5278_c0_g1_i2:217-1122   -            302 1535at3041           -            275   3.7e-14   51.2  13.2   1   5      0.23        20    2.8   0.0    82   114     8    40     3    50 0.76 -
TRINITY_DN5278_c0_g1_i2:217-1122   -            302 1535at3041           -            275   3.7e-14   51.2  13.2   2   5   0.00018     0.015   13.1   0.2    86   114    59    87    21    93 0.65 -
TRINITY_DN5278_c0_g1_i2:217-1122   -            302 1535at3041           -            275   3.7e-14   51.2  13.2   3   5   8.3e-06   0.00072   17.4   0.3    43   112    94   173    88   179 0.77 -
TRINITY_DN5278_c0_g1_i2:217-1122   -            302 1535at3041           -            275   3.7e-14   51.2  13.2   4   5   2.4e-05    0.0021   15.9   0.6    11    78   142   217   136   224 0.78 -
TRINITY_DN5278_c0_g1_i2:217-1122   -            302 1535at3041           -            275   3.7e-14   51.2  13.2   5   5   1.4e-05    0.0012   16.7   0.5     8    72   224   302   219   302 0.76 -
TRINITY_DN1647_c0_g1_i10:2588-4768 -            727 1535at3041           -            275   4.2e-14   51.0  28.5   1   6   2.5e-07   2.2e-05   22.4   1.5    56   225     2   190     1   198 0.68 -
TRINITY_DN1647_c0_g1_i10:2588-4768 -            727 1535at3041           -            275   4.2e-14   51.0  28.5   2   6     0.054       4.7    4.9   0.1    10    82   202   282   193   294 0.66 -
TRINITY_DN1647_c0_g1_i10:2588-4768 -            727 1535at3041           -            275   4.2e-14   51.0  28.5   3   6      0.47        41    1.8   0.0    42    82   326   365   295   372 0.79 -
TRINITY_DN1647_c0_g1_i10:2588-4768 -            727 1535at3041           -            275   4.2e-14   51.0  28.5   4   6   6.4e-05    0.0056   14.5   0.1     5    77   448   527   444   540 0.80 -
TRINITY_DN1647_c0_g1_i10:2588-4768 -            727 1535at3041           -            275   4.2e-14   51.0  28.5   5   6    0.0004     0.034   11.9   0.2    26    75   561   610   549   622 0.86 -
TRINITY_DN1647_c0_g1_i10:2588-4768 -            727 1535at3041           -            275   4.2e-14   51.0  28.5   6   6     0.004      0.35    8.6   3.4    16    77   630   698   625   703 0.79 -
TRINITY_DN1647_c0_g1_i23:2588-4768 -            727 1535at3041           -            275   4.2e-14   51.0  28.5   1   6   2.5e-07   2.2e-05   22.4   1.5    56   225     2   190     1   198 0.68 -
TRINITY_DN1647_c0_g1_i23:2588-4768 -            727 1535at3041           -            275   4.2e-14   51.0  28.5   2   6     0.054       4.7    4.9   0.1    10    82   202   282   193   294 0.66 -
TRINITY_DN1647_c0_g1_i23:2588-4768 -            727 1535at3041           -            275   4.2e-14   51.0  28.5   3   6      0.47        41    1.8   0.0    42    82   326   365   295   372 0.79 -
TRINITY_DN1647_c0_g1_i23:2588-4768 -            727 1535at3041           -            275   4.2e-14   51.0  28.5   4   6   6.4e-05    0.0056   14.5   0.1     5    77   448   527   444   540 0.80 -
TRINITY_DN1647_c0_g1_i23:2588-4768 -            727 1535at3041           -            275   4.2e-14   51.0  28.5   5   6    0.0004     0.034   11.9   0.2    26    75   561   610   549   622 0.86 -
TRINITY_DN1647_c0_g1_i23:2588-4768 -            727 1535at3041           -            275   4.2e-14   51.0  28.5   6   6     0.004      0.35    8.6   3.4    16    77   630   698   625   703 0.79 -
TRINITY_DN1647_c0_g1_i29:302-2482  -            727 1535at3041           -            275   4.2e-14   51.0  28.5   1   6   2.5e-07   2.2e-05   22.4   1.5    56   225     2   190     1   198 0.68 -
TRINITY_DN1647_c0_g1_i29:302-2482  -            727 1535at3041           -            275   4.2e-14   51.0  28.5   2   6     0.054       4.7    4.9   0.1    10    82   202   282   193   294 0.66 -
TRINITY_DN1647_c0_g1_i29:302-2482  -            727 1535at3041           -            275   4.2e-14   51.0  28.5   3   6      0.47        41    1.8   0.0    42    82   326   365   295   372 0.79 -
TRINITY_DN1647_c0_g1_i29:302-2482  -            727 1535at3041           -            275   4.2e-14   51.0  28.5   4   6   6.4e-05    0.0056   14.5   0.1     5    77   448   527   444   540 0.80 -
TRINITY_DN1647_c0_g1_i29:302-2482  -            727 1535at3041           -            275   4.2e-14   51.0  28.5   5   6    0.0004     0.034   11.9   0.2    26    75   561   610   549   622 0.86 -
TRINITY_DN1647_c0_g1_i29:302-2482  -            727 1535at3041           -            275   4.2e-14   51.0  28.5   6   6     0.004      0.35    8.6   3.4    16    77   630   698   625   703 0.79 -
TRINITY_DN1647_c0_g1_i34:778-2958  -            727 1535at3041           -            275   4.2e-14   51.0  28.5   1   6   2.5e-07   2.2e-05   22.4   1.5    56   225     2   190     1   198 0.68 -
TRINITY_DN1647_c0_g1_i34:778-2958  -            727 1535at3041           -            275   4.2e-14   51.0  28.5   2   6     0.054       4.7    4.9   0.1    10    82   202   282   193   294 0.66 -
TRINITY_DN1647_c0_g1_i34:778-2958  -            727 1535at3041           -            275   4.2e-14   51.0  28.5   3   6      0.47        41    1.8   0.0    42    82   326   365   295   372 0.79 -
TRINITY_DN1647_c0_g1_i34:778-2958  -            727 1535at3041           -            275   4.2e-14   51.0  28.5   4   6   6.4e-05    0.0056   14.5   0.1     5    77   448   527   444   540 0.80 -
TRINITY_DN1647_c0_g1_i34:778-2958  -            727 1535at3041           -            275   4.2e-14   51.0  28.5   5   6    0.0004     0.034   11.9   0.2    26    75   561   610   549   622 0.86 -
TRINITY_DN1647_c0_g1_i34:778-2958  -            727 1535at3041           -            275   4.2e-14   51.0  28.5   6   6     0.004      0.35    8.6   3.4    16    77   630   698   625   703 0.79 -
TRINITY_DN1647_c0_g1_i31:2690-4819 -            710 1535at3041           -            275   2.8e-13   48.3  29.1   1   6   5.6e-08   4.9e-06   24.5   1.8    52   225    15   207     9   216 0.69 -
TRINITY_DN1647_c0_g1_i31:2690-4819 -            710 1535at3041           -            275   2.8e-13   48.3  29.1   2   6     0.055       4.7    4.9   0.1    10    81   219   298   210   308 0.65 -
TRINITY_DN1647_c0_g1_i31:2690-4819 -            710 1535at3041           -            275   2.8e-13   48.3  29.1   3   6      0.44        39    1.9   0.0    42    82   343   382   312   390 0.79 -
TRINITY_DN1647_c0_g1_i31:2690-4819 -            710 1535at3041           -            275   2.8e-13   48.3  29.1   4   6   6.2e-05    0.0054   14.6   0.1     5    77   465   544   461   557 0.80 -
TRINITY_DN1647_c0_g1_i31:2690-4819 -            710 1535at3041           -            275   2.8e-13   48.3  29.1   5   6    0.0004     0.035   11.9   0.2    27    75   579   627   569   640 0.85 -
TRINITY_DN1647_c0_g1_i31:2690-4819 -            710 1535at3041           -            275   2.8e-13   48.3  29.1   6   6       0.1       8.9    4.0   3.5    16    72   647   710   637   710 0.78 -
TRINITY_DN4989_c0_g1_i1:207-1007   -            267 1535at3041           -            275   2.9e-13   48.2   4.9   1   3     2e-08   1.7e-06   26.0   0.2    48   114     3    74     1    81 0.86 -
TRINITY_DN4989_c0_g1_i1:207-1007   -            267 1535at3041           -            275   2.9e-13   48.2   4.9   2   3    0.0009     0.078   10.7   0.2    44   124    82   167    74   174 0.75 -
TRINITY_DN4989_c0_g1_i1:207-1007   -            267 1535at3041           -            275   2.9e-13   48.2   4.9   3   3   0.00031     0.027   12.3   0.0    63   110   193   246   183   256 0.75 -
TRINITY_DN1455_c0_g1_i2:172-702    -            177 1535at3041           -            275   1.1e-12   46.3   3.2   1   2   2.3e-08     2e-06   25.8   0.3    37   117    12    98     1   101 0.68 -
TRINITY_DN1455_c0_g1_i2:172-702    -            177 1535at3041           -            275   1.1e-12   46.3   3.2   2   2   5.5e-09   4.8e-07   27.8   0.2    12    77    65   136    59   142 0.82 -
TRINITY_DN771_c0_g1_i1:20-424      -            135 1535at3041           -            275   3.4e-12   44.7   8.3   1   2   1.7e-08   1.5e-06   26.2   1.0    12    80     6    80     2    84 0.73 -
TRINITY_DN771_c0_g1_i1:20-424      -            135 1535at3041           -            275   3.4e-12   44.7   8.3   2   2   2.5e-09   2.2e-07   28.9   1.2    10    81    46   123    42   134 0.77 -
TRINITY_DN63282_c0_g1_i1:77-649    -            191 1535at3041           -            275   7.9e-12   43.5   0.6   1   2   1.6e-06   0.00014   19.8   0.2    47   116     8    83     3    94 0.78 -
TRINITY_DN63282_c0_g1_i1:77-649    -            191 1535at3041           -            275   7.9e-12   43.5   0.6   2   2   2.6e-07   2.3e-05   22.4   0.0    48   115    93   166    86   181 0.83 -
TRINITY_DN771_c0_g1_i15:29-388     -            120 1535at3041           -            275   1.9e-11   42.2   1.7   1   1   3.3e-13   2.9e-11   41.7   1.7    10   114     1   117     1   120 0.78 -
TRINITY_DN5256_c0_g1_i2:16-396     -            127 1535at3041           -            275   3.1e-11   41.6   1.3   1   1     2e-12   1.8e-10   39.1   1.3    16   111     2   109     1   124 0.77 -
TRINITY_DN771_c0_g1_i10:56-361     -            102 1535at3041           -            275     6e-11   40.6   7.4   1   2   1.5e-07   1.3e-05   23.2   0.8    57   118     3    70     1    72 0.77 -
TRINITY_DN771_c0_g1_i10:56-361     -            102 1535at3041           -            275     6e-11   40.6   7.4   2   2   9.9e-09   8.6e-07   27.0   0.9     9    72    33   102    29   102 0.83 -
TRINITY_DN9863_c0_g3_i2:15-530     -            172 1535at3041           -            275   7.1e-11   40.4   8.5   1   3   6.7e-05    0.0058   14.4   0.1    69   116     1    54     1    59 0.57 -
TRINITY_DN9863_c0_g3_i2:15-530     -            172 1535at3041           -            275   7.1e-11   40.4   8.5   2   3     3e-07   2.6e-05   22.1   2.9    40   115    56   137    52   144 0.74 -
TRINITY_DN9863_c0_g3_i2:15-530     -            172 1535at3041           -            275   7.1e-11   40.4   8.5   3   3   3.7e-06   0.00032   18.6   0.8    48   108   106   172    94   172 0.74 -
TRINITY_DN9863_c0_g3_i1:216-608    -            131 1535at3041           -            275     1e-10   39.9   4.9   1   2     6e-10   5.2e-08   31.0   0.5    47   116     5    80     1    86 0.75 -
TRINITY_DN9863_c0_g3_i1:216-608    -            131 1535at3041           -            275     1e-10   39.9   4.9   2   2   0.00041     0.035   11.9   0.5    40    81    82   123    78   130 0.84 -
TRINITY_DN771_c0_g1_i3:29-367      -            113 1535at3041           -            275   1.8e-10   39.1   4.2   1   1   7.5e-09   6.6e-07   27.4   1.1    10    74    43   113    42   113 0.80 -
TRINITY_DN16280_c0_g1_i1:23-688    -            222 1535at3041           -            275   2.1e-10   38.9   0.2   1   2   9.9e-09   8.6e-07   27.0   0.0    10   117    26   145    21   162 0.79 -
TRINITY_DN16280_c0_g1_i1:23-688    -            222 1535at3041           -            275   2.1e-10   38.9   0.2   2   2    0.0014      0.12   10.1   0.1    50   108   156   222   146   222 0.72 -
TRINITY_DN2645_c0_g1_i1:315-995    -            227 1535at3041           -            275   2.6e-10   38.6   2.5   1   2   0.00089     0.078   10.8   0.0    15    74     2    66     1    73 0.80 -
TRINITY_DN2645_c0_g1_i1:315-995    -            227 1535at3041           -            275   2.6e-10   38.6   2.5   2   2   2.5e-08   2.2e-06   25.7   1.0     9   121    77   198    72   227 0.80 -
TRINITY_DN2645_c0_g1_i4:315-995    -            227 1535at3041           -            275   2.6e-10   38.6   2.5   1   2   0.00089     0.078   10.8   0.0    15    74     2    66     1    73 0.80 -
TRINITY_DN2645_c0_g1_i4:315-995    -            227 1535at3041           -            275   2.6e-10   38.6   2.5   2   2   2.5e-08   2.2e-06   25.7   1.0     9   121    77   198    72   227 0.80 -
TRINITY_DN5278_c0_g1_i4:125-733    -            203 1535at3041           -            275   2.7e-10   38.5   7.8   1   4   0.00025     0.022   12.5   0.1    87   113    11    37     5    43 0.80 -
TRINITY_DN5278_c0_g1_i4:125-733    -            203 1535at3041           -            275   2.7e-10   38.5   7.8   2   4   3.7e-06   0.00032   18.6   0.3    43   112    45   124    38   129 0.77 -
TRINITY_DN5278_c0_g1_i4:125-733    -            203 1535at3041           -            275   2.7e-10   38.5   7.8   3   4   1.2e-05    0.0011   16.9   0.6    11    78    93   168    88   173 0.78 -
TRINITY_DN5278_c0_g1_i4:125-733    -            203 1535at3041           -            275   2.7e-10   38.5   7.8   4   4       0.5        44    1.7   0.1     8    36   175   203   171   203 0.90 -
TRINITY_DN9455_c0_g1_i1:525-1391   -            289 1535at3041           -            275   6.2e-10   37.3   2.6   1   3   9.3e-05    0.0081   14.0   0.3    18   114     7   115     1   134 0.77 -
TRINITY_DN9455_c0_g1_i1:525-1391   -            289 1535at3041           -            275   6.2e-10   37.3   2.6   2   3      0.01      0.91    7.2   0.0    92   120   137   165   132   175 0.86 -
TRINITY_DN9455_c0_g1_i1:525-1391   -            289 1535at3041           -            275   6.2e-10   37.3   2.6   3   3   4.3e-05    0.0038   15.1   0.0    59   113   184   244   166   263 0.67 -
TRINITY_DN9455_c0_g1_i4:525-1391   -            289 1535at3041           -            275   6.2e-10   37.3   2.6   1   3   9.3e-05    0.0081   14.0   0.3    18   114     7   115     1   134 0.77 -
TRINITY_DN9455_c0_g1_i4:525-1391   -            289 1535at3041           -            275   6.2e-10   37.3   2.6   2   3      0.01      0.91    7.2   0.0    92   120   137   165   132   175 0.86 -
TRINITY_DN9455_c0_g1_i4:525-1391   -            289 1535at3041           -            275   6.2e-10   37.3   2.6   3   3   4.3e-05    0.0038   15.1   0.0    59   113   184   244   166   263 0.67 -
TRINITY_DN8424_c0_g1_i1:3-1013     -            337 1535at3041           -            275   1.6e-09   36.0   0.1   1   2     0.018       1.6    6.5   0.0    42    78    37    72    25    82 0.76 -
TRINITY_DN8424_c0_g1_i1:3-1013     -            337 1535at3041           -            275   1.6e-09   36.0   0.1   2   2   3.4e-08   2.9e-06   25.3   0.1     9   119    89   212    80   218 0.79 -
TRINITY_DN13728_c3_g1_i1:272-991   -            240 1535at3041           -            275   2.5e-09   35.3   6.1   1   3   1.7e-08   1.5e-06   26.3   2.4    10   115     5   122     3   128 0.77 -
TRINITY_DN13728_c3_g1_i1:272-991   -            240 1535at3041           -            275   2.5e-09   35.3   6.1   2   3    0.0061      0.53    8.0   0.1   196   251   132   191   122   206 0.79 -
TRINITY_DN13728_c3_g1_i1:272-991   -            240 1535at3041           -            275   2.5e-09   35.3   6.1   3   3       2.1   1.9e+02   -0.3   0.0     9    32   214   237   207   239 0.82 -
TRINITY_DN1159_c0_g1_i6:1-1761     -            587 1535at3041           -            275   3.8e-09   34.7   3.4   1   6       1.2     1e+02    0.5   0.0    69    90    49    71    20   112 0.56 -
TRINITY_DN1159_c0_g1_i6:1-1761     -            587 1535at3041           -            275   3.8e-09   34.7   3.4   2   6       4.6     4e+02   -1.4   0.0   133   203   218   288   215   294 0.74 -
TRINITY_DN1159_c0_g1_i6:1-1761     -            587 1535at3041           -            275   3.8e-09   34.7   3.4   3   6     0.064       5.6    4.7   0.0    28    73   330   374   300   392 0.69 -
TRINITY_DN1159_c0_g1_i6:1-1761     -            587 1535at3041           -            275   3.8e-09   34.7   3.4   4   6    0.0018      0.15    9.8   0.1    41   110   387   462   375   467 0.66 -
TRINITY_DN1159_c0_g1_i6:1-1761     -            587 1535at3041           -            275   3.8e-09   34.7   3.4   5   6     0.018       1.6    6.5   0.1   198   228   478   508   463   521 0.70 -
TRINITY_DN1159_c0_g1_i6:1-1761     -            587 1535at3041           -            275   3.8e-09   34.7   3.4   6   6   0.00048     0.042   11.6   0.2    14    82   479   554   478   565 0.72 -
TRINITY_DN59718_c0_g1_i1:0-794     -            265 1535at3041           -            275   4.9e-09   34.4   0.2   1   3     0.019       1.7    6.4   0.0    47    90    27    71    19    77 0.80 -
TRINITY_DN59718_c0_g1_i1:0-794     -            265 1535at3041           -            275   4.9e-09   34.4   0.2   2   3   2.1e-07   1.8e-05   22.7   0.1    54   113    76   141    70   156 0.80 -
TRINITY_DN59718_c0_g1_i1:0-794     -            265 1535at3041           -            275   4.9e-09   34.4   0.2   3   3      0.46        40    1.9   0.0    91   117   161   187   147   219 0.73 -
TRINITY_DN4659_c0_g1_i9:214-945    -            244 1535at3041           -            275     3e-08   31.8   0.1   1   2     0.016       1.4    6.6   0.0    11    75    46   116    38   131 0.73 -
TRINITY_DN4659_c0_g1_i9:214-945    -            244 1535at3041           -            275     3e-08   31.8   0.1   2   2   4.5e-09   3.9e-07   28.1   0.0    12   116    89   207    83   236 0.75 -
TRINITY_DN10102_c0_g1_i1:226-1572  -            449 1535at3041           -            275   3.2e-08   31.7   1.3   1   3     0.015       1.3    6.7   0.0    58   109    79   136    59   146 0.57 -
TRINITY_DN10102_c0_g1_i1:226-1572  -            449 1535at3041           -            275   3.2e-08   31.7   1.3   2   3     0.021       1.8    6.3   0.0    94   128   214   248   180   253 0.86 -
TRINITY_DN10102_c0_g1_i1:226-1572  -            449 1535at3041           -            275   3.2e-08   31.7   1.3   3   3   5.1e-05    0.0044   14.8   0.0    11    80   288   364   279   378 0.79 -
TRINITY_DN9863_c0_g1_i2:54-341     -             96 1535at3041           -            275   3.4e-08   31.6   0.4   1   1   1.1e-09   9.7e-08   30.1   0.4    11    81     8    84     5    96 0.63 -
TRINITY_DN1647_c0_g1_i33:3786-4634 -            283 1535at3041           -            275   3.7e-08   31.5   4.6   1   2     1e-08   8.6e-07   27.0   2.4    52   225     9   201     4   209 0.69 -
TRINITY_DN1647_c0_g1_i33:3786-4634 -            283 1535at3041           -            275   3.7e-08   31.5   4.6   2   2      0.25        22    2.7   0.0    10    65   213   275   204   283 0.58 -
TRINITY_DN7678_c0_g1_i2:41-403     -            121 1535at3041           -            275   1.3e-07   29.7   2.6   1   2   4.3e-09   3.8e-07   28.2   0.9    15    81     3    75     1    82 0.81 -
TRINITY_DN7678_c0_g1_i2:41-403     -            121 1535at3041           -            275   1.3e-07   29.7   2.6   2   2      0.55        48    1.6   0.0    10    35    82   108    77   118 0.81 -
TRINITY_DN3588_c0_g1_i1:149-976    -            276 1535at3041           -            275   4.3e-07   28.0   3.4   1   3   0.00086     0.074   10.8   0.1    12   116    10   126     4   134 0.70 -
TRINITY_DN3588_c0_g1_i1:149-976    -            276 1535at3041           -            275   4.3e-07   28.0   3.4   2   3    0.0001    0.0086   13.9   0.2    60   110   106   162    92   217 0.57 -
TRINITY_DN3588_c0_g1_i1:149-976    -            276 1535at3041           -            275   4.3e-07   28.0   3.4   3   3     0.026       2.2    6.0   0.3    61   109   220   276   215   276 0.69 -
TRINITY_DN3588_c0_g1_i2:1591-2418  -            276 1535at3041           -            275   4.3e-07   28.0   3.4   1   3   0.00086     0.074   10.8   0.1    12   116    10   126     4   134 0.70 -
TRINITY_DN3588_c0_g1_i2:1591-2418  -            276 1535at3041           -            275   4.3e-07   28.0   3.4   2   3    0.0001    0.0086   13.9   0.2    60   110   106   162    92   217 0.57 -
TRINITY_DN3588_c0_g1_i2:1591-2418  -            276 1535at3041           -            275   4.3e-07   28.0   3.4   3   3     0.026       2.2    6.0   0.3    61   109   220   276   215   276 0.69 -
TRINITY_DN3588_c0_g1_i5:1591-2430  -            280 1535at3041           -            275   4.8e-07   27.8   3.5   1   3   0.00083     0.072   10.9   0.1    12   116    14   130     7   139 0.70 -
TRINITY_DN3588_c0_g1_i5:1591-2430  -            280 1535at3041           -            275   4.8e-07   27.8   3.5   2   3   0.00011    0.0097   13.7   0.3    60   110   110   166    96   216 0.56 -
TRINITY_DN3588_c0_g1_i5:1591-2430  -            280 1535at3041           -            275   4.8e-07   27.8   3.5   3   3     0.026       2.3    5.9   0.3    61   109   224   280   219   280 0.69 -
TRINITY_DN9455_c0_g1_i2:546-1061   -            172 1535at3041           -            275   8.8e-07   27.0   0.1   1   2     0.004      0.35    8.6   0.0    92   121    27    56    15    67 0.86 -
TRINITY_DN9455_c0_g1_i2:546-1061   -            172 1535at3041           -            275   8.8e-07   27.0   0.1   2   2   1.5e-05    0.0013   16.6   0.1    59   114    74   135    57   153 0.67 -
TRINITY_DN19007_c0_g1_i1:215-721   -            169 1535at3041           -            275   1.1e-06   26.7   0.6   1   3   0.00066     0.057   11.2   0.1    60   117     1    70     1    82 0.74 -
TRINITY_DN19007_c0_g1_i1:215-721   -            169 1535at3041           -            275   1.1e-06   26.7   0.6   2   3   0.00081      0.07   10.9   0.0    94   118    95   119    78   138 0.82 -
TRINITY_DN19007_c0_g1_i1:215-721   -            169 1535at3041           -            275   1.1e-06   26.7   0.6   3   3   0.00041     0.036   11.9   0.1    59   113    96   157    92   168 0.48 -
TRINITY_DN5880_c0_g1_i2:115-600    -            162 1535at3041           -            275   1.8e-06   26.0   0.2   1   2    0.0014      0.12   10.1   0.0    60   118    18    40    12    53 0.51 -
TRINITY_DN5880_c0_g1_i2:115-600    -            162 1535at3041           -            275   1.8e-06   26.0   0.2   2   2     6e-05    0.0052   14.6   0.1   154   263    47   153    39   162 0.68 -
TRINITY_DN8135_c0_g1_i1:111-515    -            135 1535at3041           -            275   2.1e-06   25.7   0.6   1   2     0.038       3.3    5.4   0.1    88   110    12    34     1    54 0.73 -
TRINITY_DN8135_c0_g1_i1:111-515    -            135 1535at3041           -            275   2.1e-06   25.7   0.6   2   2   2.8e-06   0.00024   19.0   0.1    11    89    49   134    45   135 0.79 -
TRINITY_DN72687_c0_g1_i1:118-450   -            111 1535at3041           -            275   4.2e-06   24.8   0.9   1   2     0.014       1.2    6.9   0.1    56    86    32    63     4    67 0.72 -
TRINITY_DN72687_c0_g1_i1:118-450   -            111 1535at3041           -            275   4.2e-06   24.8   0.9   2   2   2.5e-07   2.2e-05   22.4   0.8    12    78    22    96    20   108 0.66 -
TRINITY_DN8135_c0_g1_i2:406-816    -            137 1535at3041           -            275   4.2e-06   24.7   0.8   1   2     0.047         4    5.1   0.1    88   110    12    34     1    45 0.72 -
TRINITY_DN8135_c0_g1_i2:406-816    -            137 1535at3041           -            275   4.2e-06   24.7   0.8   2   2   5.1e-06   0.00044   18.1   0.1    11    80    49   124    44   135 0.79 -
TRINITY_DN3588_c0_g1_i7:1591-2286  -            232 1535at3041           -            275   5.7e-06   24.3   5.5   1   3    0.0074      0.65    7.7   0.4    61   115    21    81     4    87 0.61 -
TRINITY_DN3588_c0_g1_i7:1591-2286  -            232 1535at3041           -            275   5.7e-06   24.3   5.5   2   3    0.0019      0.17    9.7   0.0    46   107    90   154    83   158 0.80 -
TRINITY_DN3588_c0_g1_i7:1591-2286  -            232 1535at3041           -            275   5.7e-06   24.3   5.5   3   3     0.018       1.6    6.5   0.4    60   109   175   232   165   232 0.71 -
TRINITY_DN6879_c0_g1_i1:194-1165   -            324 1535at3041           -            275   8.5e-06   23.7   4.6   1   3    0.0009     0.078   10.7   0.0    88   128    59    99    44   117 0.79 -
TRINITY_DN6879_c0_g1_i1:194-1165   -            324 1535at3041           -            275   8.5e-06   23.7   4.6   2   3    0.0081       0.7    7.6   0.4    53   119   154   226    98   242 0.66 -
TRINITY_DN6879_c0_g1_i1:194-1165   -            324 1535at3041           -            275   8.5e-06   23.7   4.6   3   3     0.022       1.9    6.2   0.1   196   219   287   310   257   318 0.85 -
TRINITY_DN35838_c0_g1_i1:415-867   -            151 1535at3041           -            275   9.2e-06   23.6   3.1   1   1   2.4e-07   2.1e-05   22.5   3.1    10   117     9   133     6   145 0.71 -
TRINITY_DN1647_c0_g1_i28:281-967   -            229 1535at3041           -            275   2.5e-05   22.2  11.5   1   3       2.5   2.1e+02   -0.5   0.0    58    77     3    22     1    36 0.73 -
TRINITY_DN1647_c0_g1_i28:281-967   -            229 1535at3041           -            275   2.5e-05   22.2  11.5   2   3   7.2e-05    0.0063   14.3   0.2    26    75    56   105    45   119 0.86 -
TRINITY_DN1647_c0_g1_i28:281-967   -            229 1535at3041           -            275   2.5e-05   22.2  11.5   3   3    0.0006     0.052   11.3   3.3    16    77   125   193   122   203 0.80 -
TRINITY_DN21207_c0_g1_i1:2-844     -            281 1535at3041           -            275   5.4e-05   21.1   3.4   1   4      0.26        23    2.7   0.0    95   111    19    35     5    50 0.81 -
TRINITY_DN21207_c0_g1_i1:2-844     -            281 1535at3041           -            275   5.4e-05   21.1   3.4   2   4     0.045       3.9    5.2   0.0    12    42    55    86    42    91 0.84 -
TRINITY_DN21207_c0_g1_i1:2-844     -            281 1535at3041           -            275   5.4e-05   21.1   3.4   3   4      0.13        11    3.6   0.6    42    75   151   184   102   209 0.57 -
TRINITY_DN21207_c0_g1_i1:2-844     -            281 1535at3041           -            275   5.4e-05   21.1   3.4   4   4     0.015       1.3    6.8   0.0    48    76   229   257   195   274 0.72 -
TRINITY_DN21207_c0_g1_i2:2-871     -            290 1535at3041           -            275   5.8e-05   21.0   3.3   1   4      0.27        23    2.6   0.0    94   111    27    44    11    54 0.79 -
TRINITY_DN21207_c0_g1_i2:2-871     -            290 1535at3041           -            275   5.8e-05   21.0   3.3   2   4     0.047       4.1    5.1   0.0    12    42    64    95    51   100 0.84 -
TRINITY_DN21207_c0_g1_i2:2-871     -            290 1535at3041           -            275   5.8e-05   21.0   3.3   3   4      0.14        12    3.6   0.5    42    75   160   193   111   218 0.57 -
TRINITY_DN21207_c0_g1_i2:2-871     -            290 1535at3041           -            275   5.8e-05   21.0   3.3   4   4     0.015       1.3    6.7   0.0    48    76   238   266   204   283 0.72 -
TRINITY_DN4026_c0_g1_i1:2-781      -            260 1535at3041           -            275   7.6e-05   20.6   0.4   1   2    0.0044      0.39    8.5   0.0   134   246     2   132     1   134 0.64 -
TRINITY_DN4026_c0_g1_i1:2-781      -            260 1535at3041           -            275   7.6e-05   20.6   0.4   2   2   0.00014     0.012   13.4   0.0    33   114   106   192   103   199 0.80 -
TRINITY_DN38624_c0_g1_i1:30-308    -             93 1535at3041           -            275   8.3e-05   20.5   0.2   1   1   3.7e-06   0.00032   18.6   0.2    13    73     9    75     5    89 0.63 -
TRINITY_DN28772_c0_g1_i1:26-409    -            128 1535at3041           -            275   8.9e-05   20.4   0.2   1   2    0.0071      0.61    7.8   0.0    92   132    15    53     5    64 0.77 -
TRINITY_DN28772_c0_g1_i1:26-409    -            128 1535at3041           -            275   8.9e-05   20.4   0.2   2   2   0.00039     0.034   11.9   0.1   154   222    57   126    44   128 0.60 -
TRINITY_DN2594_c0_g1_i3:474-1331   -            286 1535at3041           -            275   0.00034   18.5   0.1   1   1   3.9e-05    0.0034   15.2   0.1    61   229    74   260    59   264 0.67 -
TRINITY_DN40567_c0_g1_i1:50-586    -            179 1535at3041           -            275    0.0011   16.8   0.5   1   1     5e-05    0.0043   14.9   0.3    10    78    96   175    90   178 0.70 -
TRINITY_DN26442_c0_g2_i2:13-576    -            188 1535at3041           -            275    0.0012   16.7   3.5   1   4      0.46        40    1.9   0.0    60    87     3    30     1    37 0.86 -
TRINITY_DN26442_c0_g2_i2:13-576    -            188 1535at3041           -            275    0.0012   16.7   3.5   2   4      0.66        57    1.3   0.1    47    87    39    80    33    84 0.78 -
TRINITY_DN26442_c0_g2_i2:13-576    -            188 1535at3041           -            275    0.0012   16.7   3.5   3   4   0.00018     0.015   13.1   0.2    47    89    81   123    50   132 0.84 -
TRINITY_DN26442_c0_g2_i2:13-576    -            188 1535at3041           -            275    0.0012   16.7   3.5   4   4       2.9   2.5e+02   -0.8   0.1    48    72   164   188   125   188 0.62 -
TRINITY_DN5393_c0_g1_i2:185-742    -            186 1535at3041           -            275    0.0018   16.1   2.2   1   3   0.00049     0.043   11.6   0.1    52   112    23    94    11   103 0.75 -
TRINITY_DN5393_c0_g1_i2:185-742    -            186 1535at3041           -            275    0.0018   16.1   2.2   2   3      0.15        13    3.5   0.0    45    77   106   139   101   152 0.69 -
TRINITY_DN5393_c0_g1_i2:185-742    -            186 1535at3041           -            275    0.0018   16.1   2.2   3   3       4.3   3.8e+02   -1.3   0.1    11    27   165   181   162   185 0.85 -
TRINITY_DN307_c4_g1_i1:9-932       -            308 1535at3041           -            275    0.0029   15.4   0.0   1   3    0.0021      0.18    9.5   0.0    13    88   143   225   136   228 0.77 -
TRINITY_DN307_c4_g1_i1:9-932       -            308 1535at3041           -            275    0.0029   15.4   0.0   2   3    0.0044      0.39    8.5   0.0   157   220   185   249   182   253 0.88 -
TRINITY_DN307_c4_g1_i1:9-932       -            308 1535at3041           -            275    0.0029   15.4   0.0   3   3       6.1   5.3e+02   -1.8   0.0   198   217   283   302   273   306 0.71 -
TRINITY_DN5393_c0_g1_i4:114-764    -            217 1535at3041           -            275    0.0032   15.3   4.0   1   3   0.00042     0.036   11.8   0.3    51   112    53   125     2   133 0.71 -
TRINITY_DN5393_c0_g1_i4:114-764    -            217 1535at3041           -            275    0.0032   15.3   4.0   2   3      0.19        16    3.1   0.0    45    77   137   170   132   183 0.69 -
TRINITY_DN5393_c0_g1_i4:114-764    -            217 1535at3041           -            275    0.0032   15.3   4.0   3   3       5.3   4.6e+02   -1.6   0.1    11    27   196   212   193   216 0.85 -
TRINITY_DN84780_c0_g1_i1:186-347   -             54 1535at3041           -            275    0.0034   15.2   0.1   1   1   3.9e-05    0.0034   15.2   0.1    51    81     9    39     2    51 0.83 -
TRINITY_DN3588_c0_g1_i5:1984-2460  -            159 1535at3041           -            275    0.0043   14.9   0.1   1   1   0.00013     0.011   13.5   0.1    11   117    23   141    16   155 0.72 -
TRINITY_DN11952_c0_g1_i1:78-599    -            174 1535at3041           -            275    0.0043   14.9   0.6   1   2    0.0055      0.48    8.2   0.1    19    87    21    95     9   130 0.52 -
TRINITY_DN11952_c0_g1_i1:78-599    -            174 1535at3041           -            275    0.0043   14.9   0.6   2   2     0.073       6.3    4.5   0.1    39    76   136   173   127   174 0.84 -
TRINITY_DN17867_c0_g1_i1:147-482   -            112 1535at3041           -            275     0.005   14.6   0.7   1   2     0.016       1.4    6.6   0.1    62   110     3    57     1    63 0.76 -
TRINITY_DN17867_c0_g1_i1:147-482   -            112 1535at3041           -            275     0.005   14.6   0.7   2   2   0.00087     0.075   10.8   0.2     9    76    29   101    26   111 0.76 -
TRINITY_DN8620_c0_g1_i1:116-538    -            141 1535at3041           -            275    0.0063   14.3   0.0   1   2     0.061       5.3    4.7   0.0    94   112    16    34     5    42 0.84 -
TRINITY_DN8620_c0_g1_i1:116-538    -            141 1535at3041           -            275    0.0063   14.3   0.0   2   2    0.0097      0.84    7.4   0.0    59    90    57    91    42   108 0.75 -
TRINITY_DN2594_c0_g1_i1:130-636    -            169 1535at3041           -            275     0.012   13.4   0.0   1   1   0.00014     0.013   13.3   0.0    60   115    73   134    22   165 0.85 -
TRINITY_DN83538_c0_g1_i1:388-933   -            182 1535at3041           -            275     0.015   13.1   2.5   1   2    0.0028      0.24    9.1   0.8    47    77    35    65    20   128 0.68 -
TRINITY_DN83538_c0_g1_i1:388-933   -            182 1535at3041           -            275     0.015   13.1   2.5   2   2     0.075       6.5    4.4   0.6    45    85    82   127    71   171 0.47 -
TRINITY_DN3420_c0_g1_i1:39-536     -            166 1535at3041           -            275     0.015   13.1   1.7   1   2    0.0097      0.84    7.4   0.1    90   117    12    39     2    45 0.67 -
TRINITY_DN3420_c0_g1_i1:39-536     -            166 1535at3041           -            275     0.015   13.1   1.7   2   2     0.063       5.4    4.7   0.3    45   109    89   161    51   166 0.47 -
TRINITY_DN3140_c0_g2_i3:20-889     -            290 1535at3041           -            275     0.016   13.0   0.0   1   3     0.043       3.7    5.3   0.0    48    79     5    36     2    51 0.83 -
TRINITY_DN3140_c0_g2_i3:20-889     -            290 1535at3041           -            275     0.016   13.0   0.0   2   3      0.45        39    1.9   0.0    42   111   143   180   121   190 0.62 -
TRINITY_DN3140_c0_g2_i3:20-889     -            290 1535at3041           -            275     0.016   13.0   0.0   3   3      0.48        41    1.8   0.0    46    75   201   230   191   239 0.73 -
TRINITY_DN5393_c0_g1_i3:250-1443   -            398 1535at3041           -            275     0.026   12.3   3.9   1   2    0.0015      0.13   10.0   1.1    51   114   234   308   183   348 0.71 -
TRINITY_DN5393_c0_g1_i3:250-1443   -            398 1535at3041           -            275     0.026   12.3   3.9   2   2      0.48        41    1.8   0.0    45    76   318   350   313   362 0.68 -
TRINITY_DN5312_c0_g1_i1:8-277      -             90 1535at3041           -            275     0.038   11.8   0.6   1   2   0.00079     0.069   10.9   0.1    45    81     7    43     2    64 0.70 -
TRINITY_DN5312_c0_g1_i1:8-277      -             90 1535at3041           -            275     0.038   11.8   0.6   2   2       4.4   3.8e+02   -1.4   0.1    57    73    73    89    70    90 0.77 -
TRINITY_DN11422_c0_g1_i1:443-643   -             67 1535at3041           -            275     0.043   11.6   0.1   1   1    0.0005     0.044   11.6   0.1    28    74    18    64     1    66 0.80 -
TRINITY_DN11422_c0_g1_i3:590-790   -             67 1535at3041           -            275     0.043   11.6   0.1   1   1    0.0005     0.044   11.6   0.1    28    74    18    64     1    66 0.80 -
TRINITY_DN19612_c0_g2_i1:39-569    -            177 1535at3041           -            275     0.047   11.5   0.0   1   2      0.72        63    1.2   0.0   198   223     7    32     3    55 0.64 -
TRINITY_DN19612_c0_g2_i1:39-569    -            177 1535at3041           -            275     0.047   11.5   0.0   2   2    0.0054      0.47    8.2   0.0    48    76   149   177   141   177 0.88 -
#
# Program:         hmmsearch
# Version:         3.2.1 (June 2018)
# Pipeline mode:   SEARCH
# Query file:      /sw/bioinfo/BUSCO/v5_lineage_sets/lineages/chlorophyta_odb10/hmms/1535at3041.hmm
# Target file:     /crex/proj/snic2022-23-81/expression_algae/code/busco/trinity_VA-3180-Osg10Sin/run_chlorophyta_odb10/metaeuk_output/initial_results/trinity_VA-3180-Osg10Sin.Trinity.fasta.modified.fas
# Option settings: hmmsearch --domtblout /crex/proj/snic2022-23-81/expression_algae/code/busco/trinity_VA-3180-Osg10Sin/run_chlorophyta_odb10/hmmer_output/initial_run_results/1535at3041.out --cpu 1 /sw/bioinfo/BUSCO/v5_lineage_sets/lineages/chlorophyta_odb10/hmms/1535at3041.hmm /crex/proj/snic2022-23-81/expression_algae/code/busco/trinity_VA-3180-Osg10Sin/run_chlorophyta_odb10/metaeuk_output/initial_results/trinity_VA-3180-Osg10Sin.Trinity.fasta.modified.fas 
# Current dir:     /crex/proj/snic2022-23-81/expression_algae/code/busco
# Date:            Fri Sep 23 10:12:38 2022
# [ok]
