#                                                                                        --- full sequence --- -------------- this domain -------------   hmm coord   ali coord   env coord
# target name                    accession   tlen query name           accession   qlen   E-value  score  bias   #  of  c-Evalue  i-Evalue  score  bias  from    to  from    to  from    to  acc description of target
#            ------------------- ---------- ----- -------------------- ---------- ----- --------- ------ ----- --- --- --------- --------- ------ ----- ----- ----- ----- ----- ----- ----- ---- ---------------------
TRINITY_DN4504_c0_g1_i2:217-1521 -            435 1742at3041           -            370  8.8e-191  632.2   4.5   1   1  2.2e-192  1.3e-189  628.4   4.5     1   370     1   428     1   428 0.91 -
TRINITY_DN4504_c0_g1_i1:217-1704 -            496 1742at3041           -            370  1.5e-190  631.4   4.4   1   1  3.5e-192    2e-189  627.7   4.4     1   370    62   489    62   489 0.91 -
TRINITY_DN3012_c0_g1_i1:57-1187  -            377 1742at3041           -            370   9.2e-33  112.2   0.0   1   1     3e-35   1.7e-32  111.3   0.0     1   283    50   366    50   373 0.79 -
TRINITY_DN4193_c0_g2_i1:162-938  -            259 1742at3041           -            370   1.3e-17   62.4   0.0   1   1   2.6e-20   1.5e-17   62.2   0.0    23   198    29   218     5   227 0.82 -
TRINITY_DN4013_c0_g1_i1:690-2114 -            475 1742at3041           -            370   9.8e-16   56.2   0.4   1   1   3.2e-18   1.9e-15   55.3   0.4     3   192    69   263    67   457 0.81 -
TRINITY_DN4013_c0_g1_i2:690-2114 -            475 1742at3041           -            370   9.8e-16   56.2   0.4   1   1   3.2e-18   1.9e-15   55.3   0.4     3   192    69   263    67   457 0.81 -
TRINITY_DN34722_c0_g1_i1:25-270  -             82 1742at3041           -            370   1.1e-13   49.5   0.0   1   1   2.1e-16   1.2e-13   49.3   0.0     3    82     1    82     1    82 0.92 -
TRINITY_DN14815_c1_g1_i1:235-483 -             83 1742at3041           -            370   5.8e-13   47.1   0.0   1   1   1.1e-15   6.3e-13   47.0   0.0     3    82     1    83     1    83 0.88 -
TRINITY_DN5295_c0_g1_i1:320-571  -             84 1742at3041           -            370   3.8e-12   44.4   0.0   1   1     7e-15     4e-12   44.3   0.0     3    83     1    83     1    84 0.88 -
TRINITY_DN30166_c0_g1_i1:109-402 -             98 1742at3041           -            370   1.5e-11   42.4   0.0   1   1   3.1e-14   1.8e-11   42.2   0.0     3    82    19    98    17    98 0.88 -
TRINITY_DN3012_c0_g2_i1:134-397  -             88 1742at3041           -            370     3e-07   28.3   0.0   1   1   5.5e-10   3.2e-07   28.2   0.0   289   359     3    75     1    83 0.78 -
TRINITY_DN36936_c0_g1_i1:81-1121 -            347 1742at3041           -            370   0.00016   19.3   0.0   1   1   4.1e-07   0.00024   18.7   0.0    36   135     6   110     1   118 0.85 -
#
# Program:         hmmsearch
# Version:         3.2.1 (June 2018)
# Pipeline mode:   SEARCH
# Query file:      /sw/bioinfo/BUSCO/v5_lineage_sets/lineages/chlorophyta_odb10/hmms/1742at3041.hmm
# Target file:     /crex/proj/snic2022-23-81/expression_algae/code/busco/trinity_VA-3180-Osg10Sin/run_chlorophyta_odb10/metaeuk_output/initial_results/trinity_VA-3180-Osg10Sin.Trinity.fasta.modified.fas
# Option settings: hmmsearch --domtblout /crex/proj/snic2022-23-81/expression_algae/code/busco/trinity_VA-3180-Osg10Sin/run_chlorophyta_odb10/hmmer_output/initial_run_results/1742at3041.out --cpu 1 /sw/bioinfo/BUSCO/v5_lineage_sets/lineages/chlorophyta_odb10/hmms/1742at3041.hmm /crex/proj/snic2022-23-81/expression_algae/code/busco/trinity_VA-3180-Osg10Sin/run_chlorophyta_odb10/metaeuk_output/initial_results/trinity_VA-3180-Osg10Sin.Trinity.fasta.modified.fas 
# Current dir:     /crex/proj/snic2022-23-81/expression_algae/code/busco
# Date:            Fri Sep 23 10:12:37 2022
# [ok]
