#                                                                                          --- full sequence --- -------------- this domain -------------   hmm coord   ali coord   env coord
# target name                      accession   tlen query name           accession   qlen   E-value  score  bias   #  of  c-Evalue  i-Evalue  score  bias  from    to  from    to  from    to  acc description of target
#              ------------------- ---------- ----- -------------------- ---------- ----- --------- ------ ----- --- --- --------- --------- ------ ----- ----- ----- ----- ----- ----- ----- ---- ---------------------
TRINITY_DN10364_c0_g1_i5:7-612     -            202 2020at3041           -            349   8.1e-54  181.3   0.2   1   1   1.7e-56   1.1e-53  181.0   0.2    27   214    18   198     7   201 0.91 -
TRINITY_DN10364_c0_g1_i3:7-642     -            212 2020at3041           -            349   9.1e-54  181.2   0.2   1   1     2e-56   1.3e-53  180.7   0.2    27   214    18   198     7   201 0.91 -
TRINITY_DN4960_c0_g1_i2:821-1486   -            222 2020at3041           -            349   1.1e-28   98.6   0.0   1   1   2.4e-31   1.5e-28   98.2   0.0    32   209     2   184     1   195 0.83 -
TRINITY_DN4960_c0_g1_i4:1489-2154  -            222 2020at3041           -            349   1.1e-28   98.6   0.0   1   1   2.4e-31   1.5e-28   98.2   0.0    32   209     2   184     1   195 0.83 -
TRINITY_DN4960_c0_g1_i6:716-1381   -            222 2020at3041           -            349   1.1e-28   98.6   0.0   1   1   2.4e-31   1.5e-28   98.2   0.0    32   209     2   184     1   195 0.83 -
TRINITY_DN4960_c0_g1_i7:1393-2058  -            222 2020at3041           -            349   1.1e-28   98.6   0.0   1   1   2.4e-31   1.5e-28   98.2   0.0    32   209     2   184     1   195 0.83 -
TRINITY_DN21705_c0_g1_i1:3714-4028 -            105 2020at3041           -            349   1.9e-10   38.7   0.0   1   1   3.2e-13     2e-10   38.6   0.0    21   109    15   102     2   105 0.80 -
TRINITY_DN70817_c0_g1_i1:0-527     -            176 2020at3041           -            349   3.4e-10   37.9   0.0   1   1   6.3e-13     4e-10   37.6   0.0    12   135     6   134     3   167 0.70 -
TRINITY_DN35255_c0_g1_i1:16-711    -            232 2020at3041           -            349   7.8e-10   36.7   0.1   1   1   1.5e-12   9.4e-10   36.4   0.1    27    93     6    72     1   114 0.84 -
TRINITY_DN71350_c0_g1_i1:27-737    -            237 2020at3041           -            349   3.8e-09   34.4   0.1   1   1   8.4e-12   5.3e-09   33.9   0.1    27    94    17    84     5   129 0.82 -
TRINITY_DN53410_c0_g1_i1:37-291    -             85 2020at3041           -            349   1.1e-08   32.8   0.1   1   1   1.8e-11   1.1e-08   32.8   0.1    62   120     1    61     1    85 0.71 -
#
# Program:         hmmsearch
# Version:         3.2.1 (June 2018)
# Pipeline mode:   SEARCH
# Query file:      /sw/bioinfo/BUSCO/v5_lineage_sets/lineages/chlorophyta_odb10/hmms/2020at3041.hmm
# Target file:     /crex/proj/snic2022-23-81/expression_algae/code/busco/trinity_VA-3180-Osg10Sin/run_chlorophyta_odb10/metaeuk_output/initial_results/trinity_VA-3180-Osg10Sin.Trinity.fasta.modified.fas
# Option settings: hmmsearch --domtblout /crex/proj/snic2022-23-81/expression_algae/code/busco/trinity_VA-3180-Osg10Sin/run_chlorophyta_odb10/hmmer_output/initial_run_results/2020at3041.out --cpu 1 /sw/bioinfo/BUSCO/v5_lineage_sets/lineages/chlorophyta_odb10/hmms/2020at3041.hmm /crex/proj/snic2022-23-81/expression_algae/code/busco/trinity_VA-3180-Osg10Sin/run_chlorophyta_odb10/metaeuk_output/initial_results/trinity_VA-3180-Osg10Sin.Trinity.fasta.modified.fas 
# Current dir:     /crex/proj/snic2022-23-81/expression_algae/code/busco
# Date:            Fri Sep 23 10:12:36 2022
# [ok]
