#                                                                                         --- full sequence --- -------------- this domain -------------   hmm coord   ali coord   env coord
# target name                     accession   tlen query name           accession   qlen   E-value  score  bias   #  of  c-Evalue  i-Evalue  score  bias  from    to  from    to  from    to  acc description of target
#             ------------------- ---------- ----- -------------------- ---------- ----- --------- ------ ----- --- --- --------- --------- ------ ----- ----- ----- ----- ----- ----- ----- ---- ---------------------
TRINITY_DN4300_c0_g1_i1:40-1203   -            358 2134at3041           -            270  6.5e-141  466.9   8.4   1   2  1.5e-106    3e-104  346.7   0.8     1   194    41   253    41   271 0.94 -
TRINITY_DN4300_c0_g1_i1:40-1203   -            358 2134at3041           -            270  6.5e-141  466.9   8.4   2   2   8.9e-39   1.8e-36  124.4   1.7   191   270   271   355   262   355 0.93 -
TRINITY_DN4300_c0_g1_i3:37-1113   -            359 2134at3041           -            270  6.6e-141  466.9   8.4   1   2  1.5e-106    3e-104  346.7   0.8     1   194    42   254    42   272 0.94 -
TRINITY_DN4300_c0_g1_i3:37-1113   -            359 2134at3041           -            270  6.6e-141  466.9   8.4   2   2     9e-39   1.8e-36  124.4   1.7   191   270   272   356   263   356 0.93 -
TRINITY_DN6656_c0_g2_i1:1800-2693 -            298 2134at3041           -            270   3.1e-44  149.9   0.3   1   1   3.4e-46   6.9e-44  148.8   0.3     1   270     1   298     1   298 0.81 -
TRINITY_DN3_c0_g1_i12:1904-2764   -            287 2134at3041           -            270   4.5e-42  142.8   3.4   1   1   2.5e-43   5.2e-41  139.3   3.4     1   270     7   287     7   287 0.84 -
TRINITY_DN3_c0_g1_i3:1904-2764    -            287 2134at3041           -            270   4.5e-42  142.8   3.4   1   1   2.5e-43   5.2e-41  139.3   3.4     1   270     7   287     7   287 0.84 -
TRINITY_DN6656_c1_g1_i1:728-1582  -            285 2134at3041           -            270   5.6e-42  142.5   5.3   1   1   1.4e-42   2.9e-40  136.9   5.3     1   270     8   285     8   285 0.83 -
TRINITY_DN100_c0_g1_i2:1944-2819  -            292 2134at3041           -            270   3.2e-41  140.0   6.9   1   1   2.3e-42   4.7e-40  136.2   6.9     1   270     9   291     9   291 0.81 -
TRINITY_DN100_c0_g1_i7:2067-2942  -            292 2134at3041           -            270   3.2e-41  140.0   6.9   1   1   2.3e-42   4.7e-40  136.2   6.9     1   270     9   291     9   291 0.81 -
TRINITY_DN100_c0_g1_i8:2067-2942  -            292 2134at3041           -            270   3.2e-41  140.0   6.9   1   1   2.3e-42   4.7e-40  136.2   6.9     1   270     9   291     9   291 0.81 -
TRINITY_DN100_c0_g1_i11:1944-2819 -            292 2134at3041           -            270   3.2e-41  140.0   7.2   1   1   2.3e-42   4.8e-40  136.2   7.2     1   270     9   291     9   291 0.81 -
TRINITY_DN100_c0_g1_i4:2067-2942  -            292 2134at3041           -            270   3.2e-41  140.0   7.2   1   1   2.3e-42   4.8e-40  136.2   7.2     1   270     9   291     9   291 0.81 -
TRINITY_DN100_c0_g1_i5:2067-2942  -            292 2134at3041           -            270   3.2e-41  140.0   7.2   1   1   2.3e-42   4.8e-40  136.2   7.2     1   270     9   291     9   291 0.81 -
TRINITY_DN100_c0_g1_i9:1944-2819  -            292 2134at3041           -            270   3.2e-41  140.0   7.2   1   1   2.3e-42   4.8e-40  136.2   7.2     1   270     9   291     9   291 0.81 -
TRINITY_DN100_c0_g1_i12:1944-2819 -            292 2134at3041           -            270   5.8e-41  139.2   7.9   1   1   4.2e-42   8.6e-40  135.3   7.9     1   270     9   291     9   291 0.80 -
TRINITY_DN2452_c0_g1_i4:364-1245  -            294 2134at3041           -            270   9.3e-41  138.5   4.6   1   1   1.6e-42   3.3e-40  136.7   4.6     1   270     7   294     7   294 0.81 -
TRINITY_DN5702_c0_g1_i1:689-1558  -            290 2134at3041           -            270     1e-40  138.4   5.5   1   1   3.9e-42   7.9e-40  135.4   5.5     1   270     9   289     9   289 0.81 -
TRINITY_DN3_c0_g1_i19:1954-2826   -            291 2134at3041           -            270   1.3e-40  138.1   2.1   1   1   1.5e-42   3.1e-40  136.8   2.1     1   270     7   289     7   289 0.80 -
TRINITY_DN3_c0_g1_i6:1954-2826    -            291 2134at3041           -            270   1.3e-40  138.1   2.1   1   1   1.5e-42   3.1e-40  136.8   2.1     1   270     7   289     7   289 0.80 -
TRINITY_DN3_c0_g1_i10:1904-2764   -            287 2134at3041           -            270   2.3e-40  137.2   4.4   1   1   1.4e-41   2.9e-39  133.6   4.4     1   270     7   287     7   287 0.83 -
TRINITY_DN3_c0_g1_i11:1904-2764   -            287 2134at3041           -            270   2.3e-40  137.2   4.4   1   1   1.4e-41   2.9e-39  133.6   4.4     1   270     7   287     7   287 0.83 -
TRINITY_DN3_c0_g1_i17:1904-2764   -            287 2134at3041           -            270   2.3e-40  137.2   4.4   1   1   1.4e-41   2.9e-39  133.6   4.4     1   270     7   287     7   287 0.83 -
TRINITY_DN3_c0_g1_i18:1904-2764   -            287 2134at3041           -            270   2.3e-40  137.2   4.4   1   1   1.4e-41   2.9e-39  133.6   4.4     1   270     7   287     7   287 0.83 -
TRINITY_DN3_c0_g1_i20:1904-2764   -            287 2134at3041           -            270   2.3e-40  137.2   4.4   1   1   1.4e-41   2.9e-39  133.6   4.4     1   270     7   287     7   287 0.83 -
TRINITY_DN38_c0_g1_i2:262-1110    -            283 2134at3041           -            270   7.7e-38  128.9   2.3   1   1   3.7e-38   7.6e-36  122.4   2.3     3   270     9   283     7   283 0.85 -
TRINITY_DN38_c0_g1_i1:2053-2910   -            286 2134at3041           -            270   3.6e-37  126.7   0.9   1   1   8.4e-38   1.7e-35  121.2   0.9     2   270     9   286     8   286 0.84 -
TRINITY_DN38_c0_g1_i3:2053-2910   -            286 2134at3041           -            270   3.6e-37  126.7   0.9   1   1   8.4e-38   1.7e-35  121.2   0.9     2   270     9   286     8   286 0.84 -
TRINITY_DN26653_c0_g1_i5:758-1336 -            193 2134at3041           -            270   2.8e-28   97.5   0.1   1   1   1.8e-30   3.6e-28   97.2   0.1     2   166     7   193     6   193 0.82 -
TRINITY_DN1311_c0_g1_i3:144-788   -            215 2134at3041           -            270   3.6e-28   97.2   2.8   1   1   2.4e-29   4.9e-27   93.5   2.8    66   270     1   214     1   214 0.81 -
TRINITY_DN1311_c0_g1_i2:144-788   -            215 2134at3041           -            270   7.3e-28   96.2   2.5   1   1   1.5e-28   3.1e-26   90.9   2.5    66   270     1   214     1   214 0.79 -
TRINITY_DN3395_c0_g1_i1:114-1085  -            324 2134at3041           -            270   3.6e-27   93.9   6.9   1   1   6.1e-28   1.2e-25   88.9   6.9     2   270    52   322    51   322 0.77 -
TRINITY_DN40558_c0_g1_i1:51-560   -            170 2134at3041           -            270   3.6e-26   90.6   1.5   1   2   6.1e-08   1.3e-05   23.3   0.1    98   169     2    80     1    88 0.79 -
TRINITY_DN40558_c0_g1_i1:51-560   -            170 2134at3041           -            270   3.6e-26   90.6   1.5   2   2   2.1e-21   4.4e-19   67.4   0.2   193   270    86   170    80   170 0.87 -
TRINITY_DN38_c0_g4_i1:17-475      -            153 2134at3041           -            270   3.7e-23   80.8   0.6   1   1   9.8e-24     2e-21   75.1   0.6   117   270     4   151     1   151 0.85 -
TRINITY_DN12281_c0_g1_i4:1-540    -            180 2134at3041           -            270   3.7e-14   51.3   0.1   1   1   2.5e-16   5.2e-14   50.8   0.1    24   171     2   166     1   174 0.76 -
TRINITY_DN12281_c0_g1_i3:1-540    -            180 2134at3041           -            270   3.9e-14   51.2   0.0   1   1   2.6e-16   5.4e-14   50.7   0.0    24   172     2   167     1   174 0.76 -
#
# Program:         hmmsearch
# Version:         3.2.1 (June 2018)
# Pipeline mode:   SEARCH
# Query file:      /sw/bioinfo/BUSCO/v5_lineage_sets/lineages/chlorophyta_odb10/hmms/2134at3041.hmm
# Target file:     /crex/proj/snic2022-23-81/expression_algae/code/busco/trinity_VA-3180-Osg10Sin/run_chlorophyta_odb10/metaeuk_output/initial_results/trinity_VA-3180-Osg10Sin.Trinity.fasta.modified.fas
# Option settings: hmmsearch --domtblout /crex/proj/snic2022-23-81/expression_algae/code/busco/trinity_VA-3180-Osg10Sin/run_chlorophyta_odb10/hmmer_output/initial_run_results/2134at3041.out --cpu 1 /sw/bioinfo/BUSCO/v5_lineage_sets/lineages/chlorophyta_odb10/hmms/2134at3041.hmm /crex/proj/snic2022-23-81/expression_algae/code/busco/trinity_VA-3180-Osg10Sin/run_chlorophyta_odb10/metaeuk_output/initial_results/trinity_VA-3180-Osg10Sin.Trinity.fasta.modified.fas 
# Current dir:     /crex/proj/snic2022-23-81/expression_algae/code/busco
# Date:            Fri Sep 23 10:12:39 2022
# [ok]
