#                                                                                        --- full sequence --- -------------- this domain -------------   hmm coord   ali coord   env coord
# target name                    accession   tlen query name           accession   qlen   E-value  score  bias   #  of  c-Evalue  i-Evalue  score  bias  from    to  from    to  from    to  acc description of target
#            ------------------- ---------- ----- -------------------- ---------- ----- --------- ------ ----- --- --- --------- --------- ------ ----- ----- ----- ----- ----- ----- ----- ---- ---------------------
TRINITY_DN80914_c0_g1_i1:74-1417 -            448 2463at3041           -            376  2.9e-121  403.6   0.2   1   2   0.00035      0.41    8.2   0.0    21    39    20    38     1    45 0.70 -
TRINITY_DN80914_c0_g1_i1:74-1417 -            448 2463at3041           -            376  2.9e-121  403.6   0.2   2   2  2.8e-121  3.3e-118  393.6   0.1    38   367    59   442    52   446 0.87 -
TRINITY_DN270_c1_g1_i4:394-1842  -            483 2463at3041           -            376  3.7e-115  383.5   7.6   1   2   2.3e-07   0.00026   18.7   0.0     3    40     1    46     1    64 0.79 -
TRINITY_DN270_c1_g1_i4:394-1842  -            483 2463at3041           -            376  3.7e-115  383.5   7.6   2   2  3.8e-112  4.4e-109  363.5   7.0    38   368    67   447    58   456 0.85 -
TRINITY_DN30506_c0_g1_i1:38-1153 -            372 2463at3041           -            376    6e-104  346.6   0.5   1   1  6.6e-107  7.7e-104  346.3   0.5    57   367     3   365     1   370 0.87 -
TRINITY_DN17027_c0_g1_i1:5-727   -            241 2463at3041           -            376   3.6e-75  251.9   0.1   1   1   3.6e-78   4.2e-75  251.7   0.1    78   293     1   241     1   241 0.89 -
TRINITY_DN14465_c0_g1_i2:20-832  -            271 2463at3041           -            376   1.2e-70  237.1   0.6   1   1   1.1e-73   1.3e-70  236.9   0.6    27   257     5   271     1   271 0.80 -
TRINITY_DN79841_c0_g1_i1:2-841   -            280 2463at3041           -            376   1.2e-61  207.4   0.2   1   2   3.4e-08   3.9e-05   21.4   0.0     4    40     2    46     1    53 0.76 -
TRINITY_DN79841_c0_g1_i1:2-841   -            280 2463at3041           -            376   1.2e-61  207.4   0.2   2   2     1e-57   1.2e-54  184.4   0.1    37   209    66   272    48   280 0.80 -
#
# Program:         hmmsearch
# Version:         3.2.1 (June 2018)
# Pipeline mode:   SEARCH
# Query file:      /sw/bioinfo/BUSCO/v5_lineage_sets/lineages/chlorophyta_odb10/hmms/2463at3041.hmm
# Target file:     /crex/proj/snic2022-23-81/expression_algae/code/busco/trinity_VA-3180-Osg10Sin/run_chlorophyta_odb10/metaeuk_output/initial_results/trinity_VA-3180-Osg10Sin.Trinity.fasta.modified.fas
# Option settings: hmmsearch --domtblout /crex/proj/snic2022-23-81/expression_algae/code/busco/trinity_VA-3180-Osg10Sin/run_chlorophyta_odb10/hmmer_output/initial_run_results/2463at3041.out --cpu 1 /sw/bioinfo/BUSCO/v5_lineage_sets/lineages/chlorophyta_odb10/hmms/2463at3041.hmm /crex/proj/snic2022-23-81/expression_algae/code/busco/trinity_VA-3180-Osg10Sin/run_chlorophyta_odb10/metaeuk_output/initial_results/trinity_VA-3180-Osg10Sin.Trinity.fasta.modified.fas 
# Current dir:     /crex/proj/snic2022-23-81/expression_algae/code/busco
# Date:            Fri Sep 23 10:12:42 2022
# [ok]
