#                                                                                         --- full sequence --- -------------- this domain -------------   hmm coord   ali coord   env coord
# target name                     accession   tlen query name           accession   qlen   E-value  score  bias   #  of  c-Evalue  i-Evalue  score  bias  from    to  from    to  from    to  acc description of target
#             ------------------- ---------- ----- -------------------- ---------- ----- --------- ------ ----- --- --- --------- --------- ------ ----- ----- ----- ----- ----- ----- ----- ---- ---------------------
TRINITY_DN3066_c0_g1_i4:2-778     -            259 2932at3041           -            281   5.6e-32  109.9   0.7   1   2    0.0018      0.68    7.9   0.0     7    38     2    33     1    38 0.93 -
TRINITY_DN3066_c0_g1_i4:2-778     -            259 2932at3041           -            281   5.6e-32  109.9   0.7   2   2   8.5e-32   3.3e-29  100.8   0.1   129   277   102   256    66   259 0.88 -
TRINITY_DN3066_c0_g1_i6:2-778     -            259 2932at3041           -            281   5.9e-32  109.8   0.8   1   2    0.0018      0.68    7.9   0.0     7    38     2    33     1    38 0.93 -
TRINITY_DN3066_c0_g1_i6:2-778     -            259 2932at3041           -            281   5.9e-32  109.8   0.8   2   2   8.4e-32   3.3e-29  100.8   0.1   129   277   102   256    65   259 0.88 -
TRINITY_DN3066_c0_g1_i1:1-702     -            234 2932at3041           -            281   3.1e-26   91.0   0.2   1   2    0.0015      0.59    8.1   0.0     7    38     2    33     1    38 0.93 -
TRINITY_DN3066_c0_g1_i1:1-702     -            234 2932at3041           -            281   3.1e-26   91.0   0.2   2   2   7.1e-26   2.8e-23   81.4   0.0   129   258   102   234    65   234 0.87 -
TRINITY_DN13544_c0_g1_i2:0-707    -            236 2932at3041           -            281   1.3e-07   29.9   0.2   1   1   5.1e-10     2e-07   29.3   0.2   104   263    68   228    25   234 0.79 -
TRINITY_DN59987_c0_g1_i1:124-858  -            245 2932at3041           -            281     9e-06   23.9   0.0   1   2    0.0011      0.43    8.5   0.1     5    39     2    34     1    39 0.91 -
TRINITY_DN59987_c0_g1_i1:124-858  -            245 2932at3041           -            281     9e-06   23.9   0.0   2   2   3.7e-05     0.014   13.4   0.0   106   263    79   237    59   241 0.82 -
TRINITY_DN3004_c0_g2_i1:193-930   -            246 2932at3041           -            281   2.9e-05   22.2   1.3   1   2    0.0034       1.3    6.9   0.1     7    40     1    32     1    46 0.85 -
TRINITY_DN3004_c0_g2_i1:193-930   -            246 2932at3041           -            281   2.9e-05   22.2   1.3   2   2   1.7e-05    0.0067   14.5   0.1   107   218    75   190    63   198 0.75 -
TRINITY_DN3319_c0_g1_i2:39-635    -            199 2932at3041           -            281   3.5e-05   22.0   0.6   1   1   1.1e-07   4.3e-05   21.7   0.6   106   263    34   191    14   198 0.73 -
TRINITY_DN2381_c0_g1_i2:447-1151  -            235 2932at3041           -            281   7.6e-05   20.8   0.1   1   2       1.3     5e+02   -1.5   0.1    18    36     9    27     1    41 0.71 -
TRINITY_DN2381_c0_g1_i2:447-1151  -            235 2932at3041           -            281   7.6e-05   20.8   0.1   2   2     2e-07   7.6e-05   20.8   0.1   162   265   126   229    75   234 0.83 -
TRINITY_DN2381_c0_g1_i5:447-1151  -            235 2932at3041           -            281   7.6e-05   20.8   0.1   1   2       1.3     5e+02   -1.5   0.1    18    36     9    27     1    41 0.71 -
TRINITY_DN2381_c0_g1_i5:447-1151  -            235 2932at3041           -            281   7.6e-05   20.8   0.1   2   2     2e-07   7.6e-05   20.8   0.1   162   265   126   229    75   234 0.83 -
TRINITY_DN2381_c0_g1_i6:226-930   -            235 2932at3041           -            281   7.6e-05   20.8   0.1   1   2       1.4   5.4e+02   -1.6   0.2    18    36     9    27     1    39 0.71 -
TRINITY_DN2381_c0_g1_i6:226-930   -            235 2932at3041           -            281   7.6e-05   20.8   0.1   2   2     2e-07   7.6e-05   20.8   0.1   162   265   126   229    75   234 0.83 -
TRINITY_DN2381_c0_g1_i7:447-1151  -            235 2932at3041           -            281   7.6e-05   20.8   0.1   1   2       1.3     5e+02   -1.5   0.1    18    36     9    27     1    41 0.71 -
TRINITY_DN2381_c0_g1_i7:447-1151  -            235 2932at3041           -            281   7.6e-05   20.8   0.1   2   2     2e-07   7.6e-05   20.8   0.1   162   265   126   229    75   234 0.83 -
TRINITY_DN2381_c0_g1_i9:447-1151  -            235 2932at3041           -            281   7.6e-05   20.8   0.1   1   2       1.4   5.4e+02   -1.6   0.2    18    36     9    27     1    39 0.71 -
TRINITY_DN2381_c0_g1_i9:447-1151  -            235 2932at3041           -            281   7.6e-05   20.8   0.1   2   2     2e-07   7.6e-05   20.8   0.1   162   265   126   229    75   234 0.83 -
TRINITY_DN9993_c0_g1_i2:24-755    -            244 2932at3041           -            281   8.1e-05   20.8   0.6   1   2       0.7   2.7e+02   -0.6   1.5     7    39     1    31     1    48 0.89 -
TRINITY_DN9993_c0_g1_i2:24-755    -            244 2932at3041           -            281   8.1e-05   20.8   0.6   2   2   2.1e-07   8.1e-05   20.8   0.6   109   264    77   235    55   244 0.80 -
TRINITY_DN21897_c0_g1_i1:400-1122 -            241 2932at3041           -            281   9.9e-05   20.5   0.2   1   2      0.25        95    0.8   0.0    19    39     7    27     2    33 0.87 -
TRINITY_DN21897_c0_g1_i1:400-1122 -            241 2932at3041           -            281   9.9e-05   20.5   0.2   2   2   1.5e-06    0.0006   17.9   0.0   168   263   138   233    40   241 0.72 -
TRINITY_DN21897_c0_g1_i2:400-1122 -            241 2932at3041           -            281    0.0001   20.4   0.2   1   2      0.25        95    0.8   0.0    19    39     7    27     2    33 0.87 -
TRINITY_DN21897_c0_g1_i2:400-1122 -            241 2932at3041           -            281    0.0001   20.4   0.2   2   2   1.6e-06   0.00064   17.8   0.0   168   263   138   233    43   241 0.73 -
TRINITY_DN4547_c0_g1_i2:234-959   -            242 2932at3041           -            281    0.0022   16.0   0.4   1   2     0.099        38    2.2   0.1    20    37     2    19     1    24 0.89 -
TRINITY_DN4547_c0_g1_i2:234-959   -            242 2932at3041           -            281    0.0022   16.0   0.4   2   2     8e-05     0.031   12.3   0.0   125   250    87   220    50   232 0.73 -
TRINITY_DN14883_c1_g1_i1:89-883   -            265 2932at3041           -            281    0.0043   15.1   2.1   1   2   0.00041      0.16   10.0   0.1     5    47     9    49     6    60 0.84 -
TRINITY_DN14883_c1_g1_i1:89-883   -            265 2932at3041           -            281    0.0043   15.1   2.1   2   2     0.021       8.1    4.4   0.2   241   264   233   256    74   263 0.80 -
TRINITY_DN49801_c0_g1_i1:2-325    -            108 2932at3041           -            281    0.0046   15.0   0.0   1   1   1.3e-05     0.005   14.9   0.0   123   213     2    93     1   105 0.83 -
#
# Program:         hmmsearch
# Version:         3.2.1 (June 2018)
# Pipeline mode:   SEARCH
# Query file:      /sw/bioinfo/BUSCO/v5_lineage_sets/lineages/chlorophyta_odb10/hmms/2932at3041.hmm
# Target file:     /crex/proj/snic2022-23-81/expression_algae/code/busco/trinity_VA-3180-Osg10Sin/run_chlorophyta_odb10/metaeuk_output/initial_results/trinity_VA-3180-Osg10Sin.Trinity.fasta.modified.fas
# Option settings: hmmsearch --domtblout /crex/proj/snic2022-23-81/expression_algae/code/busco/trinity_VA-3180-Osg10Sin/run_chlorophyta_odb10/hmmer_output/initial_run_results/2932at3041.out --cpu 1 /sw/bioinfo/BUSCO/v5_lineage_sets/lineages/chlorophyta_odb10/hmms/2932at3041.hmm /crex/proj/snic2022-23-81/expression_algae/code/busco/trinity_VA-3180-Osg10Sin/run_chlorophyta_odb10/metaeuk_output/initial_results/trinity_VA-3180-Osg10Sin.Trinity.fasta.modified.fas 
# Current dir:     /crex/proj/snic2022-23-81/expression_algae/code/busco
# Date:            Fri Sep 23 10:12:43 2022
# [ok]
