#                                                                                        --- full sequence --- -------------- this domain -------------   hmm coord   ali coord   env coord
# target name                    accession   tlen query name           accession   qlen   E-value  score  bias   #  of  c-Evalue  i-Evalue  score  bias  from    to  from    to  from    to  acc description of target
#            ------------------- ---------- ----- -------------------- ---------- ----- --------- ------ ----- --- --- --------- --------- ------ ----- ----- ----- ----- ----- ----- ----- ---- ---------------------
TRINITY_DN8097_c0_g1_i2:176-916  -            247 3914at3041           -            193  9.1e-103  340.3   0.1   1   1  1.6e-105  1.4e-102  339.7   0.1     1   193     1   218     1   218 0.95 -
TRINITY_DN8097_c0_g1_i1:176-1014 -            247 3914at3041           -            193  3.3e-102  338.5   0.1   1   1  5.7e-105  4.9e-102  337.9   0.1     1   193     1   218     1   218 0.95 -
TRINITY_DN42581_c0_g1_i1:160-867 -            236 3914at3041           -            193     5e-49  165.0   0.1   1   1   6.6e-52   5.7e-49  164.8   0.1     1   171     1   181     1   230 0.93 -
TRINITY_DN80655_c0_g1_i1:2-667   -            222 3914at3041           -            193   4.6e-45  152.1   0.1   1   1   6.5e-48   5.6e-45  151.8   0.1    10   181     1   181     1   188 0.90 -
TRINITY_DN60908_c0_g1_i1:0-701   -            234 3914at3041           -            193   7.6e-43  144.9   0.0   1   1   1.2e-45     1e-42  144.4   0.0     3   169     4   177     2   189 0.92 -
TRINITY_DN3316_c0_g1_i2:2-472    -            157 3914at3041           -            193   6.6e-37  125.5   0.0   1   1   8.9e-40   7.7e-37  125.2   0.0     4   133     7   148     4   157 0.86 -
TRINITY_DN86085_c0_g1_i1:141-719 -            193 3914at3041           -            193   5.4e-33  112.7   0.0   1   1   7.4e-36   6.5e-33  112.4   0.0     5   164     8   176     4   188 0.90 -
TRINITY_DN82967_c0_g1_i1:3-671   -            223 3914at3041           -            193   3.4e-28   97.0   0.2   1   1   4.9e-31   4.2e-28   96.7   0.2    23   168     1   157     1   172 0.90 -
#
# Program:         hmmsearch
# Version:         3.2.1 (June 2018)
# Pipeline mode:   SEARCH
# Query file:      /sw/bioinfo/BUSCO/v5_lineage_sets/lineages/chlorophyta_odb10/hmms/3914at3041.hmm
# Target file:     /crex/proj/snic2022-23-81/expression_algae/code/busco/trinity_VA-3180-Osg10Sin/run_chlorophyta_odb10/metaeuk_output/initial_results/trinity_VA-3180-Osg10Sin.Trinity.fasta.modified.fas
# Option settings: hmmsearch --domtblout /crex/proj/snic2022-23-81/expression_algae/code/busco/trinity_VA-3180-Osg10Sin/run_chlorophyta_odb10/hmmer_output/initial_run_results/3914at3041.out --cpu 1 /sw/bioinfo/BUSCO/v5_lineage_sets/lineages/chlorophyta_odb10/hmms/3914at3041.hmm /crex/proj/snic2022-23-81/expression_algae/code/busco/trinity_VA-3180-Osg10Sin/run_chlorophyta_odb10/metaeuk_output/initial_results/trinity_VA-3180-Osg10Sin.Trinity.fasta.modified.fas 
# Current dir:     /crex/proj/snic2022-23-81/expression_algae/code/busco
# Date:            Fri Sep 23 10:12:42 2022
# [ok]
