#                                                                                         --- full sequence --- -------------- this domain -------------   hmm coord   ali coord   env coord
# target name                     accession   tlen query name           accession   qlen   E-value  score  bias   #  of  c-Evalue  i-Evalue  score  bias  from    to  from    to  from    to  acc description of target
#             ------------------- ---------- ----- -------------------- ---------- ----- --------- ------ ----- --- --- --------- --------- ------ ----- ----- ----- ----- ----- ----- ----- ---- ---------------------
TRINITY_DN2055_c0_g1_i2:38-1021   -            328 3977at3041           -            272   1.5e-65  219.8   0.0   1   1   2.5e-68   2.2e-65  219.3   0.0     4   266    24   313    22   318 0.85 -
TRINITY_DN2055_c0_g1_i3:38-1021   -            328 3977at3041           -            272   1.5e-65  219.8   0.0   1   1   2.5e-68   2.2e-65  219.3   0.0     4   266    24   313    22   318 0.85 -
TRINITY_DN3042_c0_g1_i1:263-1276  -            338 3977at3041           -            272   3.7e-63  212.0   0.7   1   1   1.5e-65   1.3e-62  210.2   0.7     3   265    23   319    21   326 0.83 -
TRINITY_DN3042_c0_g1_i2:263-1276  -            338 3977at3041           -            272   4.3e-63  211.8   0.7   1   1   1.7e-65   1.5e-62  210.0   0.7     3   264    23   318    21   324 0.83 -
TRINITY_DN3042_c0_g1_i3:263-1276  -            338 3977at3041           -            272   2.8e-62  209.1   0.7   1   1   1.2e-64   1.1e-61  207.2   0.7     3   264    23   318    21   324 0.83 -
TRINITY_DN8388_c0_g1_i1:506-1297  -            264 3977at3041           -            272   5.2e-48  162.3   0.1   1   1   1.7e-50   1.5e-47  160.8   0.1     3   214    28   263    26   264 0.83 -
TRINITY_DN8388_c0_g1_i2:1091-1882 -            264 3977at3041           -            272   5.2e-48  162.3   0.1   1   1   1.7e-50   1.5e-47  160.8   0.1     3   214    28   263    26   264 0.83 -
TRINITY_DN8388_c0_g1_i3:506-1297  -            264 3977at3041           -            272   5.2e-48  162.3   0.1   1   1   1.7e-50   1.5e-47  160.8   0.1     3   214    28   263    26   264 0.83 -
#
# Program:         hmmsearch
# Version:         3.2.1 (June 2018)
# Pipeline mode:   SEARCH
# Query file:      /sw/bioinfo/BUSCO/v5_lineage_sets/lineages/chlorophyta_odb10/hmms/3977at3041.hmm
# Target file:     /crex/proj/snic2022-23-81/expression_algae/code/busco/trinity_VA-3180-Osg10Sin/run_chlorophyta_odb10/metaeuk_output/initial_results/trinity_VA-3180-Osg10Sin.Trinity.fasta.modified.fas
# Option settings: hmmsearch --domtblout /crex/proj/snic2022-23-81/expression_algae/code/busco/trinity_VA-3180-Osg10Sin/run_chlorophyta_odb10/hmmer_output/initial_run_results/3977at3041.out --cpu 1 /sw/bioinfo/BUSCO/v5_lineage_sets/lineages/chlorophyta_odb10/hmms/3977at3041.hmm /crex/proj/snic2022-23-81/expression_algae/code/busco/trinity_VA-3180-Osg10Sin/run_chlorophyta_odb10/metaeuk_output/initial_results/trinity_VA-3180-Osg10Sin.Trinity.fasta.modified.fas 
# Current dir:     /crex/proj/snic2022-23-81/expression_algae/code/busco
# Date:            Fri Sep 23 10:12:46 2022
# [ok]
