#                                                                                         --- full sequence --- -------------- this domain -------------   hmm coord   ali coord   env coord
# target name                     accession   tlen query name           accession   qlen   E-value  score  bias   #  of  c-Evalue  i-Evalue  score  bias  from    to  from    to  from    to  acc description of target
#             ------------------- ---------- ----- -------------------- ---------- ----- --------- ------ ----- --- --- --------- --------- ------ ----- ----- ----- ----- ----- ----- ----- ---- ---------------------
TRINITY_DN92423_c0_g1_i1:6-488    -            161 4160at3041           -            370   8.2e-72  241.1   0.8   1   1   1.5e-74   9.6e-72  240.8   0.8   208   351     3   156     1   160 0.93 -
TRINITY_DN13490_c0_g1_i2:388-2151 -            588 4160at3041           -            370   1.3e-49  168.0  39.4   1   6   5.8e-08   3.7e-05   21.7   0.1    56   123   179   260   155   269 0.73 -
TRINITY_DN13490_c0_g1_i2:388-2151 -            588 4160at3041           -            370   1.3e-49  168.0  39.4   2   6   2.2e-14   1.4e-11   42.8   0.7    40   123   226   312   213   319 0.87 -
TRINITY_DN13490_c0_g1_i2:388-2151 -            588 4160at3041           -            370   1.3e-49  168.0  39.4   3   6   4.3e-18   2.7e-15   55.1   1.4    35   121   273   362   265   372 0.89 -
TRINITY_DN13490_c0_g1_i2:388-2151 -            588 4160at3041           -            370   1.3e-49  168.0  39.4   4   6   3.7e-14   2.4e-11   42.1   1.6    39   124   391   489   378   491 0.81 -
TRINITY_DN13490_c0_g1_i2:388-2151 -            588 4160at3041           -            370   1.3e-49  168.0  39.4   5   6   1.3e-13   8.3e-11   40.3   3.8    41   125   452   541   443   542 0.84 -
TRINITY_DN13490_c0_g1_i2:388-2151 -            588 4160at3041           -            370   1.3e-49  168.0  39.4   6   6   3.6e-10   2.3e-07   29.0   0.3    41    91   506   556   504   562 0.90 -
TRINITY_DN13490_c0_g1_i1:114-1544 -            477 4160at3041           -            370   3.4e-35  120.5  16.8   1   4   5.5e-08   3.4e-05   21.8   0.2    56   123   179   260   163   266 0.72 -
TRINITY_DN13490_c0_g1_i1:114-1544 -            477 4160at3041           -            370   3.4e-35  120.5  16.8   2   4   4.2e-14   2.6e-11   41.9   1.3    40   122   226   311   213   312 0.88 -
TRINITY_DN13490_c0_g1_i1:114-1544 -            477 4160at3041           -            370   3.4e-35  120.5  16.8   3   4     3e-18   1.9e-15   55.6   1.4    35   121   273   362   265   372 0.89 -
TRINITY_DN13490_c0_g1_i1:114-1544 -            477 4160at3041           -            370   3.4e-35  120.5  16.8   4   4   1.9e-11   1.2e-08   33.2   0.0    39   103   391   465   377   472 0.79 -
TRINITY_DN63158_c0_g1_i1:11-355   -            115 4160at3041           -            370   1.5e-33  115.1   3.5   1   1   5.9e-36   3.7e-33  113.8   3.5    68   161     1   115     1   115 0.89 -
TRINITY_DN42600_c0_g1_i1:70-666   -            199 4160at3041           -            370   2.2e-18   65.2   4.0   1   3   0.00012     0.074   10.8   0.0    94   121     2    29     1    42 0.81 -
TRINITY_DN42600_c0_g1_i1:70-666   -            199 4160at3041           -            370   2.2e-18   65.2   4.0   2   3   1.1e-14   7.2e-12   43.8   0.7    37   123    61   152    50   162 0.82 -
TRINITY_DN42600_c0_g1_i1:70-666   -            199 4160at3041           -            370   2.2e-18   65.2   4.0   3   3   0.00011     0.072   10.9   0.1    29    63   165   199   154   199 0.81 -
TRINITY_DN2482_c0_g1_i2:850-1776  -            309 4160at3041           -            370   1.6e-16   59.1  15.4   1   4    0.0028       1.7    6.3   0.5    89   124     1    36     1    52 0.89 -
TRINITY_DN2482_c0_g1_i2:850-1776  -            309 4160at3041           -            370   1.6e-16   59.1  15.4   2   4   8.1e-06    0.0051   14.7   0.2    36    75    57    97    41   108 0.76 -
TRINITY_DN2482_c0_g1_i2:850-1776  -            309 4160at3041           -            370   1.6e-16   59.1  15.4   3   4   1.3e-08   8.1e-06   23.9   0.9    41   125   124   220   115   231 0.75 -
TRINITY_DN2482_c0_g1_i2:850-1776  -            309 4160at3041           -            370   1.6e-16   59.1  15.4   4   4   3.4e-08   2.2e-05   22.5   0.2    25    85   231   294   217   298 0.66 -
TRINITY_DN2482_c0_g1_i4:1193-2119 -            309 4160at3041           -            370   1.6e-16   59.1  15.4   1   4    0.0028       1.7    6.3   0.5    89   124     1    36     1    52 0.89 -
TRINITY_DN2482_c0_g1_i4:1193-2119 -            309 4160at3041           -            370   1.6e-16   59.1  15.4   2   4   8.1e-06    0.0051   14.7   0.2    36    75    57    97    41   108 0.76 -
TRINITY_DN2482_c0_g1_i4:1193-2119 -            309 4160at3041           -            370   1.6e-16   59.1  15.4   3   4   1.3e-08   8.1e-06   23.9   0.9    41   125   124   220   115   231 0.75 -
TRINITY_DN2482_c0_g1_i4:1193-2119 -            309 4160at3041           -            370   1.6e-16   59.1  15.4   4   4   3.4e-08   2.2e-05   22.5   0.2    25    85   231   294   217   298 0.66 -
TRINITY_DN86827_c0_g1_i1:16-429   -            138 4160at3041           -            370   6.9e-16   57.0   6.0   1   2   6.1e-09   3.9e-06   24.9   0.9    51   114     1    73     1    74 0.80 -
TRINITY_DN86827_c0_g1_i1:16-429   -            138 4160at3041           -            370   6.9e-16   57.0   6.0   2   2   7.7e-14   4.9e-11   41.1   0.4    39   126    47   131    36   138 0.82 -
TRINITY_DN2482_c0_g1_i5:559-1176  -            206 4160at3041           -            370   1.1e-11   43.2   7.4   1   3   3.5e-09   2.2e-06   25.7   0.5     9   135    15    95     1    99 0.46 -
TRINITY_DN2482_c0_g1_i5:559-1176  -            206 4160at3041           -            370   1.1e-11   43.2   7.4   2   3     8e-10     5e-07   27.9   1.3    26   140    32   165    21   179 0.65 -
TRINITY_DN2482_c0_g1_i5:559-1176  -            206 4160at3041           -            370   1.1e-11   43.2   7.4   3   3   0.00033      0.21    9.4   0.2    86   120   172   206   154   206 0.78 -
TRINITY_DN46890_c0_g1_i1:178-459  -             94 4160at3041           -            370     0.013   13.3   0.1   1   1   2.1e-05     0.014   13.3   0.1    46   117    14    87     3    93 0.63 -
TRINITY_DN46890_c0_g1_i2:169-450  -             94 4160at3041           -            370     0.013   13.3   0.1   1   1   2.1e-05     0.014   13.3   0.1    46   117    14    87     3    93 0.63 -
#
# Program:         hmmsearch
# Version:         3.2.1 (June 2018)
# Pipeline mode:   SEARCH
# Query file:      /sw/bioinfo/BUSCO/v5_lineage_sets/lineages/chlorophyta_odb10/hmms/4160at3041.hmm
# Target file:     /crex/proj/snic2022-23-81/expression_algae/code/busco/trinity_VA-3180-Osg10Sin/run_chlorophyta_odb10/metaeuk_output/initial_results/trinity_VA-3180-Osg10Sin.Trinity.fasta.modified.fas
# Option settings: hmmsearch --domtblout /crex/proj/snic2022-23-81/expression_algae/code/busco/trinity_VA-3180-Osg10Sin/run_chlorophyta_odb10/hmmer_output/initial_run_results/4160at3041.out --cpu 1 /sw/bioinfo/BUSCO/v5_lineage_sets/lineages/chlorophyta_odb10/hmms/4160at3041.hmm /crex/proj/snic2022-23-81/expression_algae/code/busco/trinity_VA-3180-Osg10Sin/run_chlorophyta_odb10/metaeuk_output/initial_results/trinity_VA-3180-Osg10Sin.Trinity.fasta.modified.fas 
# Current dir:     /crex/proj/snic2022-23-81/expression_algae/code/busco
# Date:            Fri Sep 23 10:12:43 2022
# [ok]
