#                                                                                          --- full sequence --- -------------- this domain -------------   hmm coord   ali coord   env coord
# target name                      accession   tlen query name           accession   qlen   E-value  score  bias   #  of  c-Evalue  i-Evalue  score  bias  from    to  from    to  from    to  acc description of target
#              ------------------- ---------- ----- -------------------- ---------- ----- --------- ------ ----- --- --- --------- --------- ------ ----- ----- ----- ----- ----- ----- ----- ---- ---------------------
TRINITY_DN1469_c0_g1_i1:251-1312   -            354 4202at3041           -            340  8.4e-116  385.0  12.0   1   2  9.5e-117  1.7e-114  380.7   5.9    65   335     1   305     1   310 0.92 -
TRINITY_DN1469_c0_g1_i1:251-1312   -            354 4202at3041           -            340  8.4e-116  385.0  12.0   2   2    0.0018      0.32    8.3   0.3   312   340   323   354   312   354 0.78 -
TRINITY_DN1469_c0_g1_i3:251-1397   -            354 4202at3041           -            340  8.4e-116  385.0  12.0   1   2  9.5e-117  1.7e-114  380.7   5.9    65   335     1   305     1   310 0.92 -
TRINITY_DN1469_c0_g1_i3:251-1397   -            354 4202at3041           -            340  8.4e-116  385.0  12.0   2   2    0.0018      0.32    8.3   0.3   312   340   323   354   312   354 0.78 -
TRINITY_DN1469_c0_g1_i5:251-925    -            225 4202at3041           -            340   5.8e-64  214.6   2.5   1   2   1.5e-63   2.7e-61  205.8   0.1   177   335     2   176     1   181 0.92 -
TRINITY_DN1469_c0_g1_i5:251-925    -            225 4202at3041           -            340   5.8e-64  214.6   2.5   2   2   0.00094      0.17    9.2   0.3   312   340   194   225   183   225 0.78 -
TRINITY_DN52_c0_g1_i15:72-1094     -            341 4202at3041           -            340   2.4e-48  163.3   1.2   1   1   1.8e-50   3.3e-48  162.8   1.2     7   306     1   333     1   341 0.79 -
TRINITY_DN52_c0_g1_i23:72-1094     -            341 4202at3041           -            340   2.4e-48  163.3   1.2   1   1   1.8e-50   3.3e-48  162.8   1.2     7   306     1   333     1   341 0.79 -
TRINITY_DN52_c0_g1_i7:72-1094      -            341 4202at3041           -            340   2.4e-48  163.3   1.2   1   1   1.8e-50   3.3e-48  162.8   1.2     7   306     1   333     1   341 0.79 -
TRINITY_DN21143_c0_g1_i2:25-681    -            219 4202at3041           -            340   8.9e-36  121.9   0.2   1   1   6.6e-38   1.2e-35  121.5   0.2    93   302    18   219     5   219 0.86 -
TRINITY_DN3829_c0_g1_i5:29-772     -            248 4202at3041           -            340     2e-27   94.5   3.7   1   1   1.4e-29   2.5e-27   94.1   3.7    91   304    14   238     4   247 0.82 -
TRINITY_DN3829_c0_g1_i1:29-772     -            248 4202at3041           -            340   2.4e-27   94.2   3.7   1   1   1.6e-29   2.9e-27   93.9   3.7    91   304    14   238     4   247 0.82 -
TRINITY_DN3829_c0_g1_i2:29-772     -            248 4202at3041           -            340   2.4e-27   94.2   3.7   1   1   1.6e-29   2.9e-27   93.9   3.7    91   304    14   238     4   247 0.82 -
TRINITY_DN2730_c0_g1_i2:52-198     -             49 4202at3041           -            340   4.9e-25   86.6   1.0   1   1   2.9e-27   5.3e-25   86.5   1.0     8    56     1    49     1    49 0.99 -
TRINITY_DN9291_c0_g1_i1:70-252     -             61 4202at3041           -            340   3.5e-21   73.9   1.6   1   1   2.1e-23   3.8e-21   73.8   1.6     8    64     1    61     1    61 0.93 -
TRINITY_DN17194_c0_g1_i1:167-364   -             66 4202at3041           -            340   6.4e-19   66.5   3.6   1   1   3.7e-21   6.8e-19   66.4   3.6     4    64     2    66     1    66 0.90 -
TRINITY_DN9291_c0_g2_i1:97-279     -             61 4202at3041           -            340   8.4e-18   62.8   0.5   1   1     5e-20   9.2e-18   62.7   0.5     8    64     1    61     1    61 0.93 -
TRINITY_DN51731_c0_g1_i1:150-344   -             65 4202at3041           -            340   1.9e-16   58.4   1.4   1   1   1.1e-18     2e-16   58.3   1.4     5    64     3    65     1    65 0.89 -
TRINITY_DN85143_c0_g1_i1:80-268    -             63 4202at3041           -            340   5.3e-16   56.9   1.7   1   1   3.2e-18   5.8e-16   56.8   1.7     8    64     1    63     1    63 0.91 -
TRINITY_DN2260_c0_g1_i6:155-334    -             60 4202at3041           -            340   3.3e-15   54.3   0.0   1   1   1.9e-17   3.4e-15   54.2   0.0     6    60     2    59     1    60 0.93 -
TRINITY_DN2260_c0_g1_i10:246-425   -             60 4202at3041           -            340   5.2e-15   53.6   0.0   1   1     3e-17   5.4e-15   53.6   0.0     6    60     2    59     1    60 0.92 -
TRINITY_DN2260_c0_g1_i5:155-334    -             60 4202at3041           -            340   5.2e-15   53.6   0.0   1   1     3e-17   5.4e-15   53.6   0.0     6    60     2    59     1    60 0.92 -
TRINITY_DN68031_c0_g1_i1:1-162     -             54 4202at3041           -            340   6.1e-15   53.4   1.0   1   1   3.9e-17   7.2e-15   53.2   1.0     6    51     4    54     2    54 0.87 -
TRINITY_DN17991_c0_g1_i1:19-471    -            151 4202at3041           -            340     3e-14   51.1   1.3   1   1   2.1e-16   3.8e-14   50.8   0.8    10    90     1    85     1   107 0.78 -
TRINITY_DN80176_c0_g1_i1:25-195    -             57 4202at3041           -            340     4e-14   50.7   0.3   1   1   2.3e-16   4.2e-14   50.6   0.3    13    64     3    57     1    57 0.90 -
TRINITY_DN9812_c0_g1_i1:9-191      -             61 4202at3041           -            340   2.2e-13   48.3   0.5   1   1   1.3e-15   2.4e-13   48.2   0.5     8    64     1    61     1    61 0.91 -
TRINITY_DN69584_c0_g1_i1:10-291    -             94 4202at3041           -            340   7.3e-13   46.6   0.0   1   1   4.2e-15   7.6e-13   46.5   0.0     8    77     1    72     1    91 0.87 -
TRINITY_DN64123_c0_g1_i1:208-438   -             77 4202at3041           -            340     3e-12   44.5   0.0   1   1   5.2e-14   9.5e-12   42.9   0.0     7    67     2    76     1    77 0.84 -
TRINITY_DN85942_c0_g1_i3:376-555   -             60 4202at3041           -            340   4.3e-12   44.0   0.1   1   1   2.5e-14   4.6e-12   43.9   0.1     8    64     1    60     1    60 0.94 -
TRINITY_DN16122_c0_g2_i1:3-176     -             58 4202at3041           -            340   1.3e-11   42.5   0.0   1   1   7.4e-14   1.3e-11   42.4   0.0     6    56     4    58     1    58 0.90 -
TRINITY_DN7415_c0_g1_i1:85-261     -             59 4202at3041           -            340   1.7e-10   38.8   0.1   1   1     1e-12   1.9e-10   38.7   0.1    15    64     7    59     4    59 0.88 -
TRINITY_DN5695_c0_g1_i1:154-921    -            256 4202at3041           -            340   3.9e-10   37.6   0.1   1   1   3.1e-12   5.6e-10   37.1   0.1     5    73    66   146    62   172 0.71 -
TRINITY_DN15695_c0_g1_i3:1394-1564 -             57 4202at3041           -            340   4.9e-10   37.3   0.0   1   1   2.8e-12   5.1e-10   37.2   0.0     8    58     1    55     1    57 0.87 -
TRINITY_DN90483_c0_g1_i1:22-330    -            103 4202at3041           -            340   7.8e-09   33.3   0.5   1   1   4.3e-11   7.9e-09   33.3   0.5     8    67     9    74     3   103 0.70 -
TRINITY_DN85942_c0_g1_i2:367-546   -             60 4202at3041           -            340   4.7e-08   30.8   0.1   1   1   2.7e-10     5e-08   30.7   0.1    20    64     4    51     1    57 0.90 -
TRINITY_DN45017_c0_g1_i1:97-207    -             37 4202at3041           -            340   1.3e-07   29.3   0.0   1   1   7.2e-10   1.3e-07   29.3   0.0     8    41     1    35     1    37 0.89 -
TRINITY_DN53484_c0_g1_i1:294-446   -             51 4202at3041           -            340   4.9e-07   27.4   0.1   1   1   2.7e-09     5e-07   27.4   0.1    11    54     1    48     1    51 0.89 -
TRINITY_DN61355_c0_g1_i1:112-219   -             36 4202at3041           -            340   1.5e-06   25.8   0.0   1   1   8.3e-09   1.5e-06   25.8   0.0     6    37     4    35     1    36 0.95 -
TRINITY_DN98441_c0_g1_i1:2-178     -             59 4202at3041           -            340   2.9e-06   24.9   0.1   1   1   1.6e-08   2.9e-06   24.9   0.1    11    61     4    50     1    59 0.72 -
TRINITY_DN70638_c0_g1_i1:7-207     -             67 4202at3041           -            340   2.9e-05   21.6   0.1   1   1   1.6e-07   2.9e-05   21.6   0.1    19    61     2    48     1    61 0.82 -
TRINITY_DN86758_c0_g1_i1:31-258    -             76 4202at3041           -            340     0.034   11.5   0.0   1   1   0.00021     0.038   11.3   0.0    17    57    28    72    19    75 0.82 -
#
# Program:         hmmsearch
# Version:         3.2.1 (June 2018)
# Pipeline mode:   SEARCH
# Query file:      /sw/bioinfo/BUSCO/v5_lineage_sets/lineages/chlorophyta_odb10/hmms/4202at3041.hmm
# Target file:     /crex/proj/snic2022-23-81/expression_algae/code/busco/trinity_VA-3180-Osg10Sin/run_chlorophyta_odb10/metaeuk_output/initial_results/trinity_VA-3180-Osg10Sin.Trinity.fasta.modified.fas
# Option settings: hmmsearch --domtblout /crex/proj/snic2022-23-81/expression_algae/code/busco/trinity_VA-3180-Osg10Sin/run_chlorophyta_odb10/hmmer_output/initial_run_results/4202at3041.out --cpu 1 /sw/bioinfo/BUSCO/v5_lineage_sets/lineages/chlorophyta_odb10/hmms/4202at3041.hmm /crex/proj/snic2022-23-81/expression_algae/code/busco/trinity_VA-3180-Osg10Sin/run_chlorophyta_odb10/metaeuk_output/initial_results/trinity_VA-3180-Osg10Sin.Trinity.fasta.modified.fas 
# Current dir:     /crex/proj/snic2022-23-81/expression_algae/code/busco
# Date:            Fri Sep 23 10:12:44 2022
# [ok]
