#                                                                                         --- full sequence --- -------------- this domain -------------   hmm coord   ali coord   env coord
# target name                     accession   tlen query name           accession   qlen   E-value  score  bias   #  of  c-Evalue  i-Evalue  score  bias  from    to  from    to  from    to  acc description of target
#             ------------------- ---------- ----- -------------------- ---------- ----- --------- ------ ----- --- --- --------- --------- ------ ----- ----- ----- ----- ----- ----- ----- ---- ---------------------
TRINITY_DN4736_c0_g1_i4:152-799   -            216 4290at3041           -            169  2.2e-101  335.4   3.4   1   1  2.3e-103  4.1e-101  334.5   3.4     1   164     7   180     7   184 0.96 -
TRINITY_DN4736_c0_g1_i3:152-879   -            213 4290at3041           -            169  2.7e-100  331.8   3.1   1   1  2.8e-102    5e-100  331.0   3.1     1   164     7   177     7   181 0.97 -
TRINITY_DN4736_c0_g1_i2:251-874   -            208 4290at3041           -            169  3.7e-100  331.4   3.2   1   1  3.8e-102  6.8e-100  330.5   3.2     3   164     1   172     1   176 0.96 -
TRINITY_DN8776_c0_g1_i5:162-800   -            213 4290at3041           -            169   2.3e-58  195.3   0.2   1   1   2.6e-60   4.6e-58  194.4   0.2     2   161     2   171     1   175 0.94 -
TRINITY_DN4214_c0_g1_i1:133-741   -            203 4290at3041           -            169   2.3e-56  188.9   0.4   1   1   1.8e-58   3.3e-56  188.4   0.4     2   159     4   171     3   178 0.90 -
TRINITY_DN4214_c0_g1_i4:133-893   -            203 4290at3041           -            169   2.3e-56  188.9   0.4   1   1   1.8e-58   3.3e-56  188.4   0.4     2   159     4   171     3   178 0.90 -
TRINITY_DN8776_c0_g1_i1:162-725   -            188 4290at3041           -            169   7.9e-55  183.9   0.1   1   1   8.7e-57   1.5e-54  182.9   0.1     2   148     2   158     1   164 0.93 -
TRINITY_DN8776_c0_g1_i4:23-631    -            203 4290at3041           -            169     1e-51  173.7   0.1   1   1   1.1e-53     2e-51  172.8   0.1    14   161     4   161     1   165 0.93 -
TRINITY_DN4214_c0_g1_i3:100-510   -            137 4290at3041           -            169   1.3e-49  166.9   0.8   1   1   8.7e-52   1.6e-49  166.6   0.8     2   129     4   133     3   136 0.96 -
TRINITY_DN4214_c0_g1_i5:133-978   -            203 4290at3041           -            169   3.5e-49  165.5   0.2   1   1   2.8e-51     5e-49  165.0   0.2     2   159     4   171     3   178 0.90 -
TRINITY_DN40856_c0_g1_i1:0-578    -            193 4290at3041           -            169   3.3e-37  126.5   0.7   1   1   2.6e-39   4.7e-37  126.0   0.7     7   156    10   169     8   182 0.92 -
TRINITY_DN3497_c0_g1_i1:279-896   -            206 4290at3041           -            169   3.1e-36  123.3   0.0   1   1   3.7e-38   6.6e-36  122.3   0.0     6   153     8   172     4   181 0.83 -
TRINITY_DN27532_c0_g1_i1:3-479    -            159 4290at3041           -            169   2.2e-35  120.6   0.7   1   1   1.6e-37   2.9e-35  120.2   0.7    44   157     2   125     1   135 0.88 -
TRINITY_DN38894_c0_g1_i1:3-263    -             87 4290at3041           -            169   3.1e-31  107.1   0.3   1   1   1.9e-33   3.4e-31  107.0   0.3    18   102     1    87     1    87 0.96 -
TRINITY_DN59631_c0_g1_i1:1-309    -            103 4290at3041           -            169   5.1e-30  103.1   0.1   1   1   3.4e-32   6.1e-30  102.9   0.1     3    90     8    95     6   101 0.97 -
TRINITY_DN31447_c0_g1_i1:4-357    -            118 4290at3041           -            169   6.3e-25   86.6   0.0   1   1   3.9e-27   6.9e-25   86.4   0.0     8   121     1   116     1   118 0.92 -
TRINITY_DN917_c0_g1_i1:203-718    -            172 4290at3041           -            169   7.3e-23   79.8   0.0   1   1     5e-25   8.8e-23   79.6   0.0     7   150    14   166     9   172 0.84 -
TRINITY_DN4007_c0_g1_i2:786-1451  -            222 4290at3041           -            169   1.5e-22   78.8   0.0   1   1   1.6e-24   2.9e-22   77.9   0.0     7   151    15   166    13   174 0.88 -
TRINITY_DN59547_c0_g1_i1:4-357    -            118 4290at3041           -            169   6.5e-20   70.2   0.2   1   1     4e-22   7.1e-20   70.1   0.2    17   130     1   117     1   118 0.88 -
TRINITY_DN9216_c0_g1_i3:324-821   -            166 4290at3041           -            169   1.2e-15   56.3   0.0   1   1   7.8e-18   1.4e-15   56.2   0.0     8   126     1   128     1   162 0.82 -
TRINITY_DN917_c0_g1_i4:221-625    -            135 4290at3041           -            169   6.2e-15   54.0   0.0   1   1   3.7e-17   6.5e-15   54.0   0.0    25   132     1   109     1   135 0.83 -
TRINITY_DN7616_c0_g1_i2:137-490   -            118 4290at3041           -            169   8.4e-13   47.1   0.0   1   1   8.8e-15   1.6e-12   46.2   0.0    81   154     2    85     1    90 0.85 -
TRINITY_DN73376_c0_g1_i1:205-711  -            169 4290at3041           -            169   4.3e-06   25.3   0.1   1   1   3.3e-08   5.9e-06   24.8   0.1     7   128    18   137    14   150 0.79 -
TRINITY_DN603_c0_g1_i1:162-704    -            181 4290at3041           -            169     5e-05   21.8   0.0   1   1   3.8e-07   6.8e-05   21.4   0.0     8   123    19   132    15   146 0.74 -
TRINITY_DN86669_c0_g1_i1:2-448    -            149 4290at3041           -            169   0.00016   20.2   0.0   1   1     1e-06   0.00018   20.0   0.0    18   134     4   119     1   133 0.70 -
TRINITY_DN94682_c0_g1_i1:296-796  -            167 4290at3041           -            169   0.00026   19.5   0.0   1   1   1.8e-06   0.00033   19.1   0.0     7   122     6   119     3   133 0.74 -
TRINITY_DN33615_c0_g2_i1:110-814  -            235 4290at3041           -            169   0.00096   17.6   0.0   1   1   1.2e-05    0.0022   16.5   0.0    80   152    81   153     1   158 0.63 -
TRINITY_DN6548_c0_g1_i2:1071-1547 -            159 4290at3041           -            169    0.0015   17.0   0.0   1   1   9.6e-06    0.0017   16.8   0.0     9   147     1   153     1   159 0.76 -
TRINITY_DN251_c0_g1_i6:3927-5219  -            431 4290at3041           -            169    0.0022   16.5   0.4   1   3     0.044       7.9    4.9   0.0     9    30     3    24     2    30 0.87 -
TRINITY_DN251_c0_g1_i6:3927-5219  -            431 4290at3041           -            169    0.0022   16.5   0.4   2   3     0.066        12    4.3   0.0     4    27   176   199   173   242 0.80 -
TRINITY_DN251_c0_g1_i6:3927-5219  -            431 4290at3041           -            169    0.0022   16.5   0.4   3   3      0.19        33    2.9   0.0    90   122   241   275   239   283 0.85 -
TRINITY_DN6548_c0_g1_i1:1071-1547 -            159 4290at3041           -            169    0.0034   15.8   0.0   1   1   2.4e-05    0.0043   15.5   0.0     9   147     1   153     1   158 0.75 -
TRINITY_DN251_c0_g1_i1:3927-5219  -            431 4290at3041           -            169     0.015   13.7   0.5   1   3     0.044       7.9    4.9   0.0     9    30     3    24     2    30 0.87 -
TRINITY_DN251_c0_g1_i1:3927-5219  -            431 4290at3041           -            169     0.015   13.7   0.5   2   3      0.49        88    1.5   0.0     4    27   176   199   173   242 0.78 -
TRINITY_DN251_c0_g1_i1:3927-5219  -            431 4290at3041           -            169     0.015   13.7   0.5   3   3      0.16        29    3.0   0.0    90   122   241   275   235   283 0.86 -
TRINITY_DN251_c0_g1_i3:3927-5219  -            431 4290at3041           -            169     0.015   13.7   0.5   1   3     0.044       7.9    4.9   0.0     9    30     3    24     2    30 0.87 -
TRINITY_DN251_c0_g1_i3:3927-5219  -            431 4290at3041           -            169     0.015   13.7   0.5   2   3      0.49        88    1.5   0.0     4    27   176   199   173   242 0.78 -
TRINITY_DN251_c0_g1_i3:3927-5219  -            431 4290at3041           -            169     0.015   13.7   0.5   3   3      0.16        29    3.0   0.0    90   122   241   275   235   283 0.86 -
TRINITY_DN251_c0_g1_i4:3925-5217  -            431 4290at3041           -            169     0.015   13.7   0.5   1   3     0.044       7.9    4.9   0.0     9    30     3    24     2    30 0.87 -
TRINITY_DN251_c0_g1_i4:3925-5217  -            431 4290at3041           -            169     0.015   13.7   0.5   2   3      0.49        88    1.5   0.0     4    27   176   199   173   242 0.78 -
TRINITY_DN251_c0_g1_i4:3925-5217  -            431 4290at3041           -            169     0.015   13.7   0.5   3   3      0.16        29    3.0   0.0    90   122   241   275   235   283 0.86 -
TRINITY_DN251_c0_g1_i8:3925-5217  -            431 4290at3041           -            169     0.015   13.7   0.5   1   3     0.044       7.9    4.9   0.0     9    30     3    24     2    30 0.87 -
TRINITY_DN251_c0_g1_i8:3925-5217  -            431 4290at3041           -            169     0.015   13.7   0.5   2   3      0.49        88    1.5   0.0     4    27   176   199   173   242 0.78 -
TRINITY_DN251_c0_g1_i8:3925-5217  -            431 4290at3041           -            169     0.015   13.7   0.5   3   3      0.16        29    3.0   0.0    90   122   241   275   235   283 0.86 -
TRINITY_DN80850_c0_g1_i1:3-677    -            225 4290at3041           -            169      0.03   12.7   0.0   1   1   0.00025     0.045   12.2   0.0     9   122    40   161    38   196 0.81 -
TRINITY_DN723_c0_g1_i4:98-790     -            231 4290at3041           -            169     0.039   12.4   0.0   1   1   0.00033     0.059   11.8   0.0    83   131    43    91    35   119 0.85 -
TRINITY_DN7923_c0_g1_i2:15-968    -            318 4290at3041           -            169     0.054   11.9   0.1   1   2       4.6   8.2e+02   -1.7   0.0   106   140   149   186   127   203 0.74 -
TRINITY_DN7923_c0_g1_i2:15-968    -            318 4290at3041           -            169     0.054   11.9   0.1   2   2   0.00096      0.17   10.3   0.0     8    65   216   272   213   281 0.81 -
TRINITY_DN723_c0_g1_i1:98-790     -            231 4290at3041           -            169     0.065   11.7   0.0   1   1   0.00055     0.097   11.1   0.0    83   130    43    90    35   116 0.87 -
TRINITY_DN723_c0_g1_i5:98-790     -            231 4290at3041           -            169     0.065   11.7   0.0   1   1   0.00055     0.097   11.1   0.0    83   130    43    90    35   116 0.87 -
#
# Program:         hmmsearch
# Version:         3.2.1 (June 2018)
# Pipeline mode:   SEARCH
# Query file:      /sw/bioinfo/BUSCO/v5_lineage_sets/lineages/chlorophyta_odb10/hmms/4290at3041.hmm
# Target file:     /crex/proj/snic2022-23-81/expression_algae/code/busco/trinity_VA-3180-Osg10Sin/run_chlorophyta_odb10/metaeuk_output/initial_results/trinity_VA-3180-Osg10Sin.Trinity.fasta.modified.fas
# Option settings: hmmsearch --domtblout /crex/proj/snic2022-23-81/expression_algae/code/busco/trinity_VA-3180-Osg10Sin/run_chlorophyta_odb10/hmmer_output/initial_run_results/4290at3041.out --cpu 1 /sw/bioinfo/BUSCO/v5_lineage_sets/lineages/chlorophyta_odb10/hmms/4290at3041.hmm /crex/proj/snic2022-23-81/expression_algae/code/busco/trinity_VA-3180-Osg10Sin/run_chlorophyta_odb10/metaeuk_output/initial_results/trinity_VA-3180-Osg10Sin.Trinity.fasta.modified.fas 
# Current dir:     /crex/proj/snic2022-23-81/expression_algae/code/busco
# Date:            Fri Sep 23 10:12:45 2022
# [ok]
