#                                                                                         --- full sequence --- -------------- this domain -------------   hmm coord   ali coord   env coord
# target name                     accession   tlen query name           accession   qlen   E-value  score  bias   #  of  c-Evalue  i-Evalue  score  bias  from    to  from    to  from    to  acc description of target
#             ------------------- ---------- ----- -------------------- ---------- ----- --------- ------ ----- --- --- --------- --------- ------ ----- ----- ----- ----- ----- ----- ----- ---- ---------------------
TRINITY_DN5161_c0_g2_i1:126-950   -            275 4351at3041           -            409   0.00023   18.7   0.1   1   2   3.6e-06    0.0036   14.7   0.1     2    32     3    33     2    40 0.94 -
TRINITY_DN5161_c0_g2_i1:126-950   -            275 4351at3041           -            409   0.00023   18.7   0.1   2   2     0.033        33    1.7   0.0     2    37   144   179   143   188 0.86 -
TRINITY_DN5161_c0_g2_i2:126-950   -            275 4351at3041           -            409   0.00023   18.7   0.1   1   2   3.6e-06    0.0036   14.7   0.1     2    32     3    33     2    40 0.94 -
TRINITY_DN5161_c0_g2_i2:126-950   -            275 4351at3041           -            409   0.00023   18.7   0.1   2   2     0.033        33    1.7   0.0     2    37   144   179   143   188 0.86 -
TRINITY_DN3020_c0_g1_i2:886-2631  -            582 4351at3041           -            409    0.0092   13.4   0.0   1   1   1.3e-05     0.013   12.9   0.0     2    66     3    66     2    96 0.89 -
TRINITY_DN2256_c0_g1_i1:3615-4880 -            422 4351at3041           -            409     0.013   12.9   0.7   1   2   0.00041      0.41    8.0   0.1     2    33     1    32     1    36 0.96 -
TRINITY_DN2256_c0_g1_i1:3615-4880 -            422 4351at3041           -            409     0.013   12.9   0.7   2   2     0.011        11    3.3   0.0     3    20   155   172   153   182 0.82 -
TRINITY_DN2256_c0_g1_i2:2211-3476 -            422 4351at3041           -            409     0.013   12.9   0.7   1   2   0.00041      0.41    8.0   0.1     2    33     1    32     1    36 0.96 -
TRINITY_DN2256_c0_g1_i2:2211-3476 -            422 4351at3041           -            409     0.013   12.9   0.7   2   2     0.011        11    3.3   0.0     3    20   155   172   153   182 0.82 -
TRINITY_DN16827_c0_g1_i1:93-1607  -            505 4351at3041           -            409      0.03   11.7   0.1   1   2   0.00046      0.45    7.8   0.0     2    31    84   113    83   116 0.94 -
TRINITY_DN16827_c0_g1_i1:93-1607  -            505 4351at3041           -            409      0.03   11.7   0.1   2   2      0.04        39    1.4   0.0   107   129   225   247   219   268 0.83 -
TRINITY_DN42_c0_g1_i3:27-1406     -            460 4351at3041           -            409     0.069   10.5   0.7   1   2    0.0044       4.4    4.6   0.1     2    31     4    33     3    36 0.93 -
TRINITY_DN42_c0_g1_i3:27-1406     -            460 4351at3041           -            409     0.069   10.5   0.7   2   2     0.006         6    4.2   0.0     2    52   171   221   170   235 0.80 -
#
# Program:         hmmsearch
# Version:         3.2.1 (June 2018)
# Pipeline mode:   SEARCH
# Query file:      /sw/bioinfo/BUSCO/v5_lineage_sets/lineages/chlorophyta_odb10/hmms/4351at3041.hmm
# Target file:     /crex/proj/snic2022-23-81/expression_algae/code/busco/trinity_VA-3180-Osg10Sin/run_chlorophyta_odb10/metaeuk_output/initial_results/trinity_VA-3180-Osg10Sin.Trinity.fasta.modified.fas
# Option settings: hmmsearch --domtblout /crex/proj/snic2022-23-81/expression_algae/code/busco/trinity_VA-3180-Osg10Sin/run_chlorophyta_odb10/hmmer_output/initial_run_results/4351at3041.out --cpu 1 /sw/bioinfo/BUSCO/v5_lineage_sets/lineages/chlorophyta_odb10/hmms/4351at3041.hmm /crex/proj/snic2022-23-81/expression_algae/code/busco/trinity_VA-3180-Osg10Sin/run_chlorophyta_odb10/metaeuk_output/initial_results/trinity_VA-3180-Osg10Sin.Trinity.fasta.modified.fas 
# Current dir:     /crex/proj/snic2022-23-81/expression_algae/code/busco
# Date:            Fri Sep 23 10:12:42 2022
# [ok]
