#                                                                                        --- full sequence --- -------------- this domain -------------   hmm coord   ali coord   env coord
# target name                    accession   tlen query name           accession   qlen   E-value  score  bias   #  of  c-Evalue  i-Evalue  score  bias  from    to  from    to  from    to  acc description of target
#            ------------------- ---------- ----- -------------------- ---------- ----- --------- ------ ----- --- --- --------- --------- ------ ----- ----- ----- ----- ----- ----- ----- ---- ---------------------
TRINITY_DN41013_c0_g1_i2:379-882 -            168 4514at3041           -            159   4.2e-45  151.9   5.5   1   1   4.4e-47   6.2e-44  148.1   5.5     2    91    64   168    63   168 0.84 -
TRINITY_DN95715_c0_g1_i1:29-547  -            173 4514at3041           -            159   4.1e-19   67.4   8.2   1   2   3.2e-22   4.5e-19   67.3   4.9    41   112    12    82     8   103 0.76 -
TRINITY_DN95715_c0_g1_i1:29-547  -            173 4514at3041           -            159   4.1e-19   67.4   8.2   2   2     0.035        48    2.2   0.2    88   152    94   161    85   168 0.56 -
TRINITY_DN29831_c0_g1_i1:2-658   -            219 4514at3041           -            159   6.5e-18   63.5  16.0   1   2       0.5   6.9e+02   -1.6   0.1   105   128    19    43    13    48 0.53 -
TRINITY_DN29831_c0_g1_i1:2-658   -            219 4514at3041           -            159   6.5e-18   63.5  16.0   2   2   1.2e-19   1.7e-16   58.9  13.9    39   139    88   207    34   215 0.78 -
TRINITY_DN8704_c0_g1_i1:199-630  -            144 4514at3041           -            159   1.2e-14   52.9  16.4   1   2   6.1e-17   8.5e-14   50.1   6.3    41   102    13    74     4    97 0.81 -
TRINITY_DN8704_c0_g1_i1:199-630  -            144 4514at3041           -            159   1.2e-14   52.9  16.4   2   2   0.00036      0.49    8.7   2.8    97   137   102   143    88   144 0.80 -
TRINITY_DN28254_c0_g1_i2:0-338   -            113 4514at3041           -            159   5.3e-08   31.3   3.8   1   1   3.9e-11   5.4e-08   31.3   3.1    11    63    61   112    44   113 0.77 -
#
# Program:         hmmsearch
# Version:         3.2.1 (June 2018)
# Pipeline mode:   SEARCH
# Query file:      /sw/bioinfo/BUSCO/v5_lineage_sets/lineages/chlorophyta_odb10/hmms/4514at3041.hmm
# Target file:     /crex/proj/snic2022-23-81/expression_algae/code/busco/trinity_VA-3180-Osg10Sin/run_chlorophyta_odb10/metaeuk_output/initial_results/trinity_VA-3180-Osg10Sin.Trinity.fasta.modified.fas
# Option settings: hmmsearch --domtblout /crex/proj/snic2022-23-81/expression_algae/code/busco/trinity_VA-3180-Osg10Sin/run_chlorophyta_odb10/hmmer_output/initial_run_results/4514at3041.out --cpu 1 /sw/bioinfo/BUSCO/v5_lineage_sets/lineages/chlorophyta_odb10/hmms/4514at3041.hmm /crex/proj/snic2022-23-81/expression_algae/code/busco/trinity_VA-3180-Osg10Sin/run_chlorophyta_odb10/metaeuk_output/initial_results/trinity_VA-3180-Osg10Sin.Trinity.fasta.modified.fas 
# Current dir:     /crex/proj/snic2022-23-81/expression_algae/code/busco
# Date:            Fri Sep 23 10:12:45 2022
# [ok]
