#                                                                                          --- full sequence --- -------------- this domain -------------   hmm coord   ali coord   env coord
# target name                      accession   tlen query name           accession   qlen   E-value  score  bias   #  of  c-Evalue  i-Evalue  score  bias  from    to  from    to  from    to  acc description of target
#              ------------------- ---------- ----- -------------------- ---------- ----- --------- ------ ----- --- --- --------- --------- ------ ----- ----- ----- ----- ----- ----- ----- ---- ---------------------
TRINITY_DN386_c0_g1_i1:1-666       -            222 4693at3041           -            342   6.1e-24   83.0   0.0   1   1   3.4e-25   7.4e-24   82.7   0.0     5   196    14   214     9   219 0.85 -
TRINITY_DN3864_c0_g1_i1:30-653     -            208 4693at3041           -            342   1.7e-23   81.6   0.0   1   1   8.9e-25   1.9e-23   81.4   0.0     6   195     4   200     1   207 0.87 -
TRINITY_DN3024_c0_g1_i6:254-1033   -            260 4693at3041           -            342   2.4e-23   81.1   0.0   1   1   1.3e-24   2.9e-23   80.8   0.0     7   226     5   232     1   256 0.88 -
TRINITY_DN18467_c0_g2_i1:345-1016  -            224 4693at3041           -            342   1.7e-20   71.7   0.0   1   1   1.1e-21   2.4e-20   71.2   0.0     7   195     5   220     1   223 0.80 -
TRINITY_DN3842_c2_g2_i1:275-709    -            145 4693at3041           -            342   3.6e-20   70.6   0.1   1   1   1.9e-21   4.1e-20   70.4   0.1     4   145     6   145     3   145 0.90 -
TRINITY_DN845_c0_g2_i1:1-645       -            215 4693at3041           -            342   3.7e-20   70.6   0.0   1   1   2.3e-21     5e-20   70.1   0.0     6   169    16   183    12   192 0.78 -
TRINITY_DN845_c0_g2_i2:1-645       -            215 4693at3041           -            342   3.7e-20   70.6   0.0   1   1   2.3e-21     5e-20   70.1   0.0     6   169    16   183    12   192 0.78 -
TRINITY_DN3024_c0_g1_i1:332-1105   -            258 4693at3041           -            342   4.7e-20   70.2   0.0   1   1   2.6e-21   5.8e-20   69.9   0.0     8   199     3   204     2   239 0.86 -
TRINITY_DN3842_c1_g1_i2:274-924    -            217 4693at3041           -            342   8.5e-19   66.1   0.0   1   1   4.5e-20   9.9e-19   65.9   0.0     4   194     9   209     6   216 0.83 -
TRINITY_DN3024_c0_g1_i8:254-982    -            243 4693at3041           -            342   1.3e-18   65.5   0.0   1   2     5e-05    0.0011   16.4   0.2     7    81     5    84     1    88 0.86 -
TRINITY_DN3024_c0_g1_i8:254-982    -            243 4693at3041           -            342   1.3e-18   65.5   0.0   2   2     2e-14   4.4e-13   47.3   0.0   102   226    88   215    85   238 0.85 -
TRINITY_DN7184_c0_g1_i1:74-910     -            279 4693at3041           -            342   1.4e-18   65.4   0.0   1   1     1e-19   2.2e-18   64.8   0.0     9   170    19   184    11   243 0.81 -
TRINITY_DN7184_c0_g1_i4:74-910     -            279 4693at3041           -            342   1.4e-18   65.4   0.0   1   1     1e-19   2.2e-18   64.8   0.0     9   170    19   184    11   243 0.81 -
TRINITY_DN2285_c0_g1_i3:610-1521   -            304 4693at3041           -            342   1.6e-18   65.2   0.0   1   1   8.6e-20   1.9e-18   65.0   0.0     6   196     6   204     1   241 0.77 -
TRINITY_DN60452_c0_g1_i1:243-740   -            166 4693at3041           -            342   1.9e-18   64.9   0.0   1   1   9.9e-20   2.2e-18   64.8   0.0     4   150     1   148     1   159 0.84 -
TRINITY_DN6969_c1_g1_i1:113-853    -            247 4693at3041           -            342   2.8e-18   64.4   0.1   1   2   1.8e-12   3.9e-11   40.9   0.0     7   136     7   135     2   140 0.91 -
TRINITY_DN6969_c1_g1_i1:113-853    -            247 4693at3041           -            342   2.8e-18   64.4   0.1   2   2   1.4e-06     3e-05   21.6   0.1   137   198   169   234   162   245 0.84 -
TRINITY_DN3538_c0_g1_i2:492-1316   -            275 4693at3041           -            342   3.1e-18   64.3   0.0   1   1   6.9e-19   1.5e-17   62.0   0.0    14   204    19   228     7   249 0.73 -
TRINITY_DN8593_c0_g7_i1:2221-3078  -            286 4693at3041           -            342   1.8e-17   61.7   0.0   1   1   3.6e-18     8e-17   59.6   0.0    10   213    13   235     4   265 0.74 -
TRINITY_DN3842_c1_g1_i4:277-906    -            210 4693at3041           -            342   2.7e-17   61.2   0.0   1   1   1.4e-18   3.1e-17   61.0   0.0     4   191     8   210     5   210 0.80 -
TRINITY_DN3872_c0_g2_i1:155-1483   -            443 4693at3041           -            342   5.1e-17   60.2   0.0   1   1   4.3e-18   9.4e-17   59.4   0.0     9   219     4   223     2   251 0.82 -
TRINITY_DN3538_c0_g1_i3:6-659      -            218 4693at3041           -            342     9e-17   59.4   0.0   1   1     5e-18   1.1e-16   59.2   0.0    14   180    27   196    14   206 0.80 -
TRINITY_DN3872_c0_g3_i2:728-2035   -            436 4693at3041           -            342   1.9e-16   58.4   0.0   1   1   1.4e-17     3e-16   57.7   0.0     9   217     1   218     1   246 0.81 -
TRINITY_DN3872_c0_g3_i3:728-2035   -            436 4693at3041           -            342   1.9e-16   58.4   0.0   1   1   1.4e-17     3e-16   57.7   0.0     9   217     1   218     1   246 0.81 -
TRINITY_DN92940_c0_g1_i1:56-514    -            153 4693at3041           -            342     2e-16   58.3   0.0   1   1   1.1e-17   2.3e-16   58.1   0.0     2   137     6   149     5   152 0.83 -
TRINITY_DN390_c0_g2_i1:330-1127    -            266 4693at3041           -            342   2.3e-16   58.1   0.0   1   1   1.4e-17     3e-16   57.7   0.0     7   189    12   200     6   213 0.82 -
TRINITY_DN58320_c0_g1_i1:2-409     -            136 4693at3041           -            342   3.1e-16   57.7   0.0   1   1   1.6e-17   3.6e-16   57.5   0.0    72   194     4   133     1   135 0.85 -
TRINITY_DN71598_c0_g1_i1:7-723     -            239 4693at3041           -            342   5.6e-16   56.8   0.0   1   1   2.9e-17   6.4e-16   56.6   0.0     6   194     7   202     1   230 0.77 -
TRINITY_DN10337_c0_g1_i4:180-1127  -            316 4693at3041           -            342   1.4e-15   55.6   0.0   1   1     1e-16   2.2e-15   54.9   0.0     9   169    74   238    66   292 0.75 -
TRINITY_DN3912_c0_g1_i8:43-648     -            202 4693at3041           -            342   1.5e-15   55.4   0.0   1   1     8e-17   1.8e-15   55.2   0.0     9   194    13   200     6   202 0.85 -
TRINITY_DN10337_c0_g1_i2:180-1178  -            333 4693at3041           -            342   1.5e-15   55.4   0.0   1   1   1.2e-16   2.6e-15   54.7   0.0     9   169    74   238    66   292 0.75 -
TRINITY_DN7176_c0_g1_i1:34-1227    -            398 4693at3041           -            342   1.6e-15   55.3   0.0   1   1   9.7e-17   2.1e-15   54.9   0.0    10   208     2   208     1   233 0.81 -
TRINITY_DN4325_c0_g1_i1:39-416     -            126 4693at3041           -            342   2.2e-15   54.9   0.1   1   1   1.1e-16   2.4e-15   54.7   0.1    46   166     2   125     1   126 0.83 -
TRINITY_DN83778_c0_g1_i1:108-872   -            255 4693at3041           -            342   2.4e-15   54.7   0.0   1   1   1.5e-16   3.4e-15   54.3   0.0     4   212     4   216     1   245 0.78 -
TRINITY_DN8593_c0_g3_i4:11-724     -            238 4693at3041           -            342   2.9e-15   54.5   0.0   1   1     5e-16   1.1e-14   52.6   0.0    13   170     9   167     4   221 0.76 -
TRINITY_DN8593_c0_g2_i1:1538-2383  -            282 4693at3041           -            342     3e-15   54.4   0.1   1   1   1.6e-16   3.6e-15   54.2   0.1     4   169     8   178     5   210 0.82 -
TRINITY_DN2030_c0_g1_i4:1016-1882  -            289 4693at3041           -            342   3.7e-15   54.2   0.0   1   1   3.1e-16   6.8e-15   53.3   0.0     8   169    11   176     4   186 0.78 -
TRINITY_DN7184_c0_g1_i3:58-573     -            172 4693at3041           -            342   4.2e-15   53.9   0.1   1   1   2.2e-16   4.9e-15   53.8   0.1     9   148    19   159    11   169 0.79 -
TRINITY_DN3620_c0_g1_i3:556-1392   -            279 4693at3041           -            342   1.1e-14   52.5   0.0   1   1   6.8e-16   1.5e-14   52.2   0.0    43   194    62   219    12   228 0.73 -
TRINITY_DN10225_c0_g1_i3:346-1146  -            267 4693at3041           -            342   1.2e-14   52.5   0.0   1   1   8.4e-16   1.8e-14   51.8   0.0     9   191     1   198     1   205 0.83 -
TRINITY_DN5705_c0_g1_i6:199-1341   -            381 4693at3041           -            342   1.2e-14   52.5   0.0   1   1   6.7e-16   1.5e-14   52.2   0.0     6   209     5   212     1   219 0.78 -
TRINITY_DN3620_c0_g1_i2:1008-1652  -            215 4693at3041           -            342     3e-14   51.2   0.0   1   1   1.7e-15   3.7e-14   50.9   0.0    48   194     2   154     1   163 0.80 -
TRINITY_DN1097_c0_g1_i7:65-784     -            240 4693at3041           -            342   3.6e-14   50.9   0.0   1   1   1.7e-14   3.8e-13   47.5   0.0     9   188    13   214     9   224 0.80 -
TRINITY_DN2303_c0_g1_i4:121-979    -            253 4693at3041           -            342   4.6e-14   50.5   0.0   1   1   3.5e-15   7.8e-14   49.8   0.0     8   193    49   249    42   252 0.80 -
TRINITY_DN3869_c1_g3_i1:3-542      -            180 4693at3041           -            342   4.9e-14   50.5   0.0   1   1   2.5e-15   5.4e-14   50.3   0.0     8   166    18   180    11   180 0.75 -
TRINITY_DN1097_c0_g1_i2:1858-2715  -            286 4693at3041           -            342   6.4e-14   50.1   0.0   1   1   3.1e-14   6.8e-13   46.7   0.0     9   188    13   214     8   223 0.80 -
TRINITY_DN3872_c0_g3_i1:728-2227   -            500 4693at3041           -            342   6.9e-14   50.0   0.0   1   2   5.1e-10   1.1e-08   32.8   0.0     9   138     1   130     1   145 0.84 -
TRINITY_DN3872_c0_g3_i1:728-2227   -            500 4693at3041           -            342   6.9e-14   50.0   0.0   2   2   0.00014    0.0031   14.9   0.0   155   217   219   282   204   310 0.80 -
TRINITY_DN22764_c0_g1_i2:27-659    -            211 4693at3041           -            342   7.6e-14   49.8   0.0   1   1   4.3e-15   9.4e-14   49.5   0.0    45   202    13   175     3   195 0.82 -
TRINITY_DN18474_c0_g1_i2:2-433     -            144 4693at3041           -            342   8.1e-14   49.7   0.0   1   1     4e-15   8.8e-14   49.6   0.0     7   146     5   144     1   144 0.84 -
TRINITY_DN845_c0_g1_i1:2-703       -            234 4693at3041           -            342   9.9e-14   49.4   0.0   1   1   5.7e-15   1.2e-13   49.1   0.0    10   168    41   204    34   213 0.80 -
TRINITY_DN845_c0_g1_i2:2-703       -            234 4693at3041           -            342   9.9e-14   49.4   0.0   1   1   5.7e-15   1.2e-13   49.1   0.0    10   168    41   204    34   213 0.80 -
TRINITY_DN2303_c0_g1_i7:166-2092   -            536 4693at3041           -            342   1.3e-13   49.1   0.0   1   1     1e-14   2.2e-13   48.3   0.0     8   202    34   243    27   257 0.79 -
TRINITY_DN5705_c0_g1_i1:199-1299   -            367 4693at3041           -            342   1.3e-13   49.1   0.0   1   1   8.2e-15   1.8e-13   48.6   0.0    45   209    29   198    23   205 0.83 -
TRINITY_DN2303_c0_g1_i11:166-2041  -            543 4693at3041           -            342   1.3e-13   49.0   0.0   1   1     1e-14   2.3e-13   48.2   0.0     8   202    34   243    27   257 0.79 -
TRINITY_DN3872_c0_g1_i1:87-1379    -            431 4693at3041           -            342   1.9e-13   48.5   0.0   1   1   2.6e-14   5.7e-13   46.9   0.0    21   195    16   195     1   233 0.78 -
TRINITY_DN3872_c0_g1_i2:87-1379    -            431 4693at3041           -            342   1.9e-13   48.5   0.0   1   1   2.6e-14   5.7e-13   46.9   0.0    21   195    16   195     1   233 0.78 -
TRINITY_DN10606_c0_g1_i6:116-994   -            293 4693at3041           -            342   2.9e-13   47.9   0.0   1   1   1.9e-14   4.1e-13   47.4   0.0    12   195    11   199     5   215 0.81 -
TRINITY_DN12867_c0_g1_i3:1085-1876 -            264 4693at3041           -            342     3e-13   47.9   0.0   1   1   1.8e-14   3.9e-13   47.5   0.0    39   195    25   196     9   212 0.82 -
TRINITY_DN12867_c0_g1_i4:1372-2163 -            264 4693at3041           -            342     3e-13   47.9   0.0   1   1   1.8e-14   3.9e-13   47.5   0.0    39   195    25   196     9   212 0.82 -
TRINITY_DN12867_c0_g1_i6:1372-2196 -            275 4693at3041           -            342   3.2e-13   47.8   0.0   1   1   1.9e-14   4.1e-13   47.4   0.0    39   195    36   207    16   223 0.82 -
TRINITY_DN4832_c0_g1_i2:3-824      -            274 4693at3041           -            342   3.4e-13   47.7   0.0   1   2   6.3e-14   1.4e-12   45.7   0.0    24   170    25   174     7   183 0.73 -
TRINITY_DN4832_c0_g1_i2:3-824      -            274 4693at3041           -            342   3.4e-13   47.7   0.0   2   2       6.7   1.5e+02   -0.4   0.0   171   195   196   220   186   239 0.73 -
TRINITY_DN94032_c0_g1_i1:37-678    -            214 4693at3041           -            342   4.9e-13   47.1   0.0   1   1   2.8e-14   6.1e-13   46.9   0.0     3   194     2   204     1   208 0.84 -
TRINITY_DN8593_c0_g3_i1:11-598     -            196 4693at3041           -            342   6.2e-13   46.8   0.0   1   1   1.1e-13   2.5e-12   44.9   0.0    55   170     8   125     1   179 0.72 -
TRINITY_DN8593_c0_g5_i1:305-1057   -            251 4693at3041           -            342   8.5e-13   46.4   0.0   1   1   9.1e-14     2e-12   45.2   0.0    40   170    15   148     5   191 0.78 -
TRINITY_DN14927_c0_g1_i2:286-1134  -            283 4693at3041           -            342     1e-12   46.1   0.0   1   1   5.9e-14   1.3e-12   45.8   0.0     3   188     3   192     1   205 0.77 -
TRINITY_DN18467_c0_g4_i1:43-420    -            126 4693at3041           -            342   1.1e-12   46.0   0.1   1   1   5.5e-14   1.2e-12   45.9   0.1   120   201    22   111     4   119 0.80 -
TRINITY_DN8593_c0_g7_i2:201-734    -            178 4693at3041           -            342   1.1e-12   46.0   0.0   1   1     6e-14   1.3e-12   45.8   0.0     9   147    25   164    17   172 0.80 -
TRINITY_DN19027_c0_g1_i2:21-641    -            207 4693at3041           -            342   1.7e-12   45.4   0.0   1   1   1.3e-13   2.8e-12   44.7   0.0    23   149    36   159     3   164 0.83 -
TRINITY_DN7276_c0_g2_i3:378-1329   -            290 4693at3041           -            342   1.8e-12   45.3   0.0   1   1     1e-13   2.2e-12   45.0   0.0     2   215     2   221     1   231 0.74 -
TRINITY_DN1383_c0_g3_i1:76-1068    -            290 4693at3041           -            342   1.9e-12   45.2   0.0   1   1   3.2e-13   7.1e-12   43.3   0.0    38   199    59   240    41   264 0.71 -
TRINITY_DN1383_c0_g3_i2:76-1262    -            290 4693at3041           -            342   1.9e-12   45.2   0.0   1   1   3.2e-13   7.1e-12   43.3   0.0    38   199    59   240    41   264 0.71 -
TRINITY_DN3057_c0_g5_i1:75-410     -            112 4693at3041           -            342   2.4e-12   44.9   0.0   1   1   1.3e-13   2.8e-12   44.7   0.0   102   194     8   111     4   112 0.80 -
TRINITY_DN10606_c0_g1_i8:116-913   -            266 4693at3041           -            342   4.5e-12   44.0   0.0   1   1   2.7e-13   5.9e-12   43.6   0.0    40   195    15   172     4   189 0.80 -
TRINITY_DN8593_c0_g2_i3:100-618    -            173 4693at3041           -            342   4.8e-12   43.9   0.2   1   1   2.5e-13   5.5e-12   43.7   0.2     4   148    13   159    10   170 0.82 -
TRINITY_DN732_c0_g1_i2:2-949       -            316 4693at3041           -            342   4.8e-12   43.9   0.0   1   1   2.9e-13   6.4e-12   43.5   0.0     8   195    63   258    55   282 0.76 -
TRINITY_DN732_c0_g1_i4:2-949       -            316 4693at3041           -            342   4.8e-12   43.9   0.0   1   1   2.9e-13   6.4e-12   43.5   0.0     8   195    63   258    55   282 0.76 -
TRINITY_DN3635_c0_g1_i1:212-619    -            136 4693at3041           -            342   5.9e-12   43.6   0.0   1   1   3.2e-13   6.9e-12   43.4   0.0     6   127    16   136    12   136 0.82 -
TRINITY_DN7276_c0_g2_i2:486-1428   -            287 4693at3041           -            342     6e-12   43.6   0.0   1   1   3.3e-13   7.3e-12   43.3   0.0     6   215     4   218     1   228 0.74 -
TRINITY_DN732_c0_g1_i5:435-1496    -            354 4693at3041           -            342   6.3e-12   43.5   0.0   1   1   4.1e-13   8.9e-12   43.0   0.0     8   195    63   258    55   282 0.76 -
TRINITY_DN732_c0_g1_i3:868-1950    -            361 4693at3041           -            342   6.8e-12   43.4   0.0   1   1   4.6e-13     1e-11   42.9   0.0     8   195    38   233    31   257 0.76 -
TRINITY_DN9828_c0_g1_i1:2-808      -            269 4693at3041           -            342   7.6e-12   43.3   0.0   1   1   4.4e-13   9.6e-12   42.9   0.0     6   189     7   196     2   219 0.80 -
TRINITY_DN9828_c0_g1_i2:2-808      -            269 4693at3041           -            342   7.6e-12   43.3   0.0   1   1   4.4e-13   9.6e-12   42.9   0.0     6   189     7   196     2   219 0.80 -
TRINITY_DN2237_c0_g1_i1:36-788     -            251 4693at3041           -            342   7.6e-12   43.2   0.0   1   1     8e-13   1.7e-11   42.1   0.0     7   195     5   201     2   248 0.69 -
TRINITY_DN732_c0_g1_i6:868-2025    -            386 4693at3041           -            342     8e-12   43.2   0.0   1   1   5.5e-13   1.2e-11   42.6   0.0     8   195    63   258    56   282 0.76 -
TRINITY_DN4790_c0_g1_i1:46-678     -            211 4693at3041           -            342   8.8e-12   43.0   0.0   1   1   5.2e-13   1.1e-11   42.7   0.0    42   149    59   164    39   198 0.82 -
TRINITY_DN9461_c0_g1_i1:0-365      -            122 4693at3041           -            342   9.8e-12   42.9   0.0   1   1   6.5e-13   1.4e-11   42.4   0.0   113   221     4   120     1   122 0.80 -
TRINITY_DN10393_c0_g1_i5:2-412     -            137 4693at3041           -            342     1e-11   42.9   0.0   1   1     5e-13   1.1e-11   42.7   0.0     6   138     1   135     1   137 0.80 -
TRINITY_DN4790_c0_g1_i2:85-603     -            173 4693at3041           -            342     1e-11   42.8   0.0   1   1   4.9e-13   1.1e-11   42.8   0.0    44   149    36   139     3   169 0.86 -
TRINITY_DN3869_c1_g2_i7:0-587      -            196 4693at3041           -            342   1.1e-11   42.8   0.0   1   1   6.6e-13   1.4e-11   42.3   0.0     7   168     8   184     2   196 0.77 -
TRINITY_DN48142_c0_g1_i1:612-1478  -            289 4693at3041           -            342   1.2e-11   42.6   0.0   1   1   1.9e-12   4.1e-11   40.9   0.0     6   194     6   213     2   230 0.75 -
TRINITY_DN64387_c0_g1_i1:3-479     -            159 4693at3041           -            342   1.2e-11   42.6   0.0   1   1   6.2e-13   1.4e-11   42.4   0.0    87   207    26   154     2   156 0.79 -
TRINITY_DN3899_c0_g1_i1:224-1177   -            318 4693at3041           -            342   1.9e-11   42.0   0.0   1   1   1.3e-12   2.8e-11   41.4   0.0    33   195    43   212     6   246 0.75 -
TRINITY_DN4448_c0_g2_i2:2-520      -            173 4693at3041           -            342   2.5e-11   41.5   0.0   1   1   1.2e-12   2.7e-11   41.4   0.0    78   194    46   171     3   173 0.70 -
TRINITY_DN18866_c0_g2_i1:6-635     -            210 4693at3041           -            342     3e-11   41.3   0.0   1   1   1.7e-12   3.8e-11   41.0   0.0    44   194     3   159     1   169 0.85 -
TRINITY_DN70452_c0_g1_i1:35-811    -            259 4693at3041           -            342   3.6e-11   41.0   0.0   1   1   4.8e-12   1.1e-10   39.5   0.0    44   194    67   225    61   230 0.78 -
TRINITY_DN6355_c0_g1_i3:227-1280   -            324 4693at3041           -            342   4.3e-11   40.8   0.0   1   1   2.4e-12   5.3e-11   40.5   0.0     7   215     6   221     1   234 0.76 -
TRINITY_DN6355_c0_g5_i1:200-763    -            188 4693at3041           -            342     5e-11   40.6   0.0   1   1   2.5e-12   5.5e-11   40.4   0.0     5   174     4   177     1   188 0.79 -
TRINITY_DN8593_c0_g6_i1:30-470     -            147 4693at3041           -            342   5.1e-11   40.5   0.0   1   1   2.6e-12   5.6e-11   40.4   0.0    23   166     2   146     1   147 0.83 -
TRINITY_DN6355_c0_g1_i9:227-1198   -            324 4693at3041           -            342   5.2e-11   40.5   0.0   1   1     3e-12   6.6e-11   40.2   0.0     8   215     7   221     1   234 0.76 -
TRINITY_DN12880_c0_g1_i1:183-593   -            137 4693at3041           -            342   5.3e-11   40.5   0.0   1   1   2.9e-12   6.4e-11   40.2   0.0   112   193    25   117    15   128 0.78 -
TRINITY_DN2303_c0_g1_i1:0-1406     -            420 4693at3041           -            342   5.4e-11   40.4   0.0   1   1   3.7e-12   8.1e-11   39.9   0.0    89   202     7   127     3   141 0.80 -
TRINITY_DN5049_c1_g1_i1:11-421     -            137 4693at3041           -            342   5.9e-11   40.3   0.0   1   1     3e-12   6.7e-11   40.1   0.0     7   135     9   137     3   137 0.81 -
TRINITY_DN3869_c1_g2_i5:0-554      -            185 4693at3041           -            342   7.5e-11   40.0   0.0   1   1   4.5e-12   9.9e-11   39.6   0.0    21   168    14   173     2   185 0.78 -
TRINITY_DN22523_c0_g1_i1:93-848    -            252 4693at3041           -            342   7.6e-11   40.0   0.0   1   1     4e-12   8.8e-11   39.8   0.0    10   217     2   217     1   231 0.79 -
TRINITY_DN2197_c2_g1_i1:242-1105   -            288 4693at3041           -            342   9.4e-11   39.7   0.0   1   1   5.2e-12   1.1e-10   39.4   0.0   112   213   129   234   104   282 0.79 -
TRINITY_DN10083_c0_g1_i1:4-468     -            155 4693at3041           -            342   9.7e-11   39.6   0.0   1   1   4.9e-12   1.1e-10   39.5   0.0    10   152     2   146     1   153 0.84 -
TRINITY_DN12880_c0_g1_i2:1-528     -            176 4693at3041           -            342     1e-10   39.5   0.0   1   1     6e-12   1.3e-10   39.2   0.0   112   193    34   126    23   137 0.78 -
TRINITY_DN5049_c0_g7_i1:1-990      -            330 4693at3041           -            342   1.1e-10   39.5   0.0   1   2       3.9        85    0.3   0.0    47   122    85   163    73   166 0.75 -
TRINITY_DN5049_c0_g7_i1:1-990      -            330 4693at3041           -            342   1.1e-10   39.5   0.0   2   2   4.1e-11   9.1e-10   36.4   0.0   104   195   177   281   174   297 0.79 -
TRINITY_DN386_c0_g2_i2:20-613      -            198 4693at3041           -            342   1.2e-10   39.3   0.0   1   1   6.1e-12   1.3e-10   39.2   0.0    97   190    36   134     3   178 0.77 -
TRINITY_DN15956_c0_g2_i3:149-991   -            281 4693at3041           -            342   1.6e-10   38.9   0.0   1   1   9.2e-12     2e-10   38.6   0.0   111   197   124   214    91   253 0.80 -
TRINITY_DN1383_c0_g2_i4:327-1139   -            271 4693at3041           -            342   1.9e-10   38.6   0.0   1   1   1.1e-11   2.4e-10   38.3   0.0     5   190     3   197     1   210 0.77 -
TRINITY_DN1383_c0_g2_i5:508-1320   -            271 4693at3041           -            342   1.9e-10   38.6   0.0   1   1   1.1e-11   2.4e-10   38.3   0.0     5   190     3   197     1   210 0.77 -
TRINITY_DN779_c0_g2_i1:217-774     -            186 4693at3041           -            342   2.2e-10   38.5   0.0   1   1   1.1e-11   2.3e-10   38.4   0.0    12   182     9   185     1   186 0.78 -
TRINITY_DN3872_c0_g3_i8:728-1849   -            374 4693at3041           -            342   2.3e-10   38.4   0.0   1   1   1.6e-11   3.6e-10   37.7   0.0    73   217     5   156     1   185 0.78 -
TRINITY_DN10606_c0_g1_i7:116-754   -            213 4693at3041           -            342   2.6e-10   38.2   0.0   1   1   1.6e-11   3.4e-10   37.8   0.0    99   195    20   119     2   136 0.83 -
TRINITY_DN2086_c0_g2_i3:62-577     -            172 4693at3041           -            342   3.2e-10   37.9   0.0   1   1   1.7e-11   3.6e-10   37.7   0.0    10   148    21   158    10   171 0.79 -
TRINITY_DN3842_c1_g1_i3:469-843    -            125 4693at3041           -            342   3.3e-10   37.9   0.0   1   1   1.7e-11   3.8e-10   37.7   0.0   101   193    24   123    15   125 0.85 -
TRINITY_DN1851_c1_g3_i1:151-759    -            203 4693at3041           -            342   3.3e-10   37.8   0.0   1   1   1.8e-11   3.9e-10   37.6   0.0     2   151    21   178    20   203 0.70 -
TRINITY_DN4427_c0_g1_i1:83-514     -            144 4693at3041           -            342   3.4e-10   37.8   0.0   1   1   1.8e-11     4e-10   37.6   0.0    93   194    20   131     5   139 0.78 -
TRINITY_DN29747_c0_g1_i1:229-876   -            216 4693at3041           -            342   3.6e-10   37.8   0.0   1   1   2.2e-11   4.8e-10   37.3   0.0    48   204     2   165     1   205 0.80 -
TRINITY_DN26361_c0_g1_i1:43-480    -            146 4693at3041           -            342   3.9e-10   37.6   0.0   1   1     2e-11   4.4e-10   37.5   0.0    26   166     1   146     1   146 0.77 -
TRINITY_DN7888_c0_g1_i3:181-1050   -            290 4693at3041           -            342     4e-10   37.6   0.0   1   1   2.2e-11   4.9e-10   37.3   0.0     3   193     3   202     1   221 0.77 -
TRINITY_DN2735_c0_g1_i2:2-397      -            132 4693at3041           -            342   4.6e-10   37.4   0.0   1   1   3.3e-11   7.1e-10   36.8   0.0    96   196    14   128     2   131 0.81 -
TRINITY_DN3899_c0_g1_i2:313-1113   -            267 4693at3041           -            342   4.7e-10   37.3   0.0   1   1   3.2e-11   6.9e-10   36.8   0.0    46   195     2   158     1   192 0.78 -
TRINITY_DN3912_c0_g1_i10:125-601   -            159 4693at3041           -            342   5.6e-10   37.1   0.0   1   1   3.1e-11   6.8e-10   36.8   0.0     9   147    13   148     6   156 0.88 -
TRINITY_DN3912_c0_g1_i5:125-601    -            159 4693at3041           -            342   5.6e-10   37.1   0.0   1   1   3.1e-11   6.8e-10   36.8   0.0     9   147    13   148     6   156 0.88 -
TRINITY_DN3912_c0_g1_i6:125-601    -            159 4693at3041           -            342   5.6e-10   37.1   0.0   1   1   3.1e-11   6.8e-10   36.8   0.0     9   147    13   148     6   156 0.88 -
TRINITY_DN13838_c0_g1_i2:433-1206  -            258 4693at3041           -            342   6.4e-10   36.9   0.0   1   1   7.3e-11   1.6e-09   35.6   0.0    16   182     8   180     1   223 0.75 -
TRINITY_DN22523_c1_g2_i1:48-383    -            112 4693at3041           -            342   6.7e-10   36.9   0.0   1   1   3.1e-11   6.9e-10   36.8   0.0    71   166    13   112     1   112 0.80 -
TRINITY_DN6355_c0_g1_i1:227-763    -            179 4693at3041           -            342   6.8e-10   36.8   0.0   1   1   3.4e-11   7.4e-10   36.7   0.0     7   170     6   171     1   178 0.78 -
TRINITY_DN2735_c0_g1_i3:2-562      -            187 4693at3041           -            342   6.9e-10   36.8   0.0   1   1   4.9e-11   1.1e-09   36.2   0.0    96   197    14   129     2   146 0.79 -
TRINITY_DN14004_c0_g1_i1:6-620     -            205 4693at3041           -            342   9.5e-10   36.4   0.0   1   1   6.2e-11   1.4e-09   35.8   0.0    75   195    17   150    12   166 0.72 -
TRINITY_DN1085_c0_g1_i2:207-1151   -            315 4693at3041           -            342   9.5e-10   36.4   0.0   1   1     1e-10   2.2e-09   35.1   0.0   121   197   176   262   149   278 0.80 -
TRINITY_DN8438_c0_g1_i1:623-1525   -            301 4693at3041           -            342   1.2e-09   36.0   0.0   1   1   1.6e-10   3.4e-09   34.5   0.0     4   180     5   197     2   222 0.72 -
TRINITY_DN2086_c0_g2_i1:207-881    -            225 4693at3041           -            342   1.4e-09   35.8   0.0   1   1   7.6e-11   1.7e-09   35.6   0.0    66   169    16   121     3   158 0.79 -
TRINITY_DN33264_c0_g1_i1:4-606     -            201 4693at3041           -            342   1.4e-09   35.8   0.0   1   1   6.9e-11   1.5e-09   35.7   0.0    51   190     2   146     1   194 0.80 -
TRINITY_DN779_c0_g3_i3:360-1310    -            317 4693at3041           -            342   1.6e-09   35.6   0.0   1   1   8.5e-11   1.9e-09   35.4   0.0     6   194    22   221    17   272 0.77 -
TRINITY_DN33264_c0_g1_i2:179-673   -            165 4693at3041           -            342   1.8e-09   35.4   0.0   1   1   9.4e-11     2e-09   35.3   0.0    51   189     2   145     1   163 0.77 -
TRINITY_DN2067_c0_g3_i1:6-257      -             84 4693at3041           -            342   1.9e-09   35.4   0.0   1   1     1e-10   2.2e-09   35.1   0.0   123   193     1    82     1    84 0.81 -
TRINITY_DN2030_c0_g1_i3:431-1051   -            207 4693at3041           -            342   2.2e-09   35.1   0.1   1   1     2e-10   4.5e-09   34.1   0.0    90   169    12    94     2   104 0.78 -
TRINITY_DN22523_c1_g1_i1:13-381    -            123 4693at3041           -            342   2.5e-09   35.0   0.0   1   1   1.3e-10   2.8e-09   34.8   0.0    39   147    15   122     2   123 0.79 -
TRINITY_DN32964_c0_g1_i1:81-512    -            144 4693at3041           -            342   2.5e-09   35.0   0.0   1   1   1.4e-10     3e-09   34.7   0.0   119   223     5   123     2   133 0.75 -
TRINITY_DN3912_c0_g1_i1:34-372     -            113 4693at3041           -            342   4.3e-09   34.2   0.0   1   1   2.2e-10   4.8e-09   34.0   0.0   109   197    19   111     9   113 0.75 -
TRINITY_DN1085_c0_g2_i1:20-595     -            192 4693at3041           -            342   4.3e-09   34.2   0.0   1   1   2.6e-10   5.7e-09   33.8   0.0    94   196    30   143    22   147 0.79 -
TRINITY_DN5705_c0_g1_i5:193-636    -            148 4693at3041           -            342   4.4e-09   34.2   0.0   1   1   2.2e-10   4.7e-09   34.1   0.0     3   146     3   145     1   148 0.81 -
TRINITY_DN14927_c0_g1_i1:240-1004  -            255 4693at3041           -            342     5e-09   34.0   0.0   1   1   2.9e-10   6.3e-09   33.7   0.0    45   188    18   163     1   176 0.77 -
TRINITY_DN60017_c0_g1_i1:245-793   -            183 4693at3041           -            342   5.3e-09   33.9   0.0   1   1     3e-10   6.5e-09   33.6   0.0   113   196    19   104     3   123 0.79 -
TRINITY_DN1533_c0_g2_i2:20-760     -            247 4693at3041           -            342   5.7e-09   33.8   0.0   1   1   3.6e-10   7.9e-09   33.3   0.0    42   188    87   241    71   247 0.79 -
TRINITY_DN3869_c1_g2_i3:39-431     -            131 4693at3041           -            342   7.9e-09   33.3   0.0   1   1   4.6e-10     1e-08   33.0   0.0    48   166     1   130     1   131 0.77 -
TRINITY_DN25175_c0_g1_i1:24-557    -            178 4693at3041           -            342   9.6e-09   33.0   0.0   1   1   4.9e-10   1.1e-08   32.9   0.0    87   192    15   125     9   170 0.82 -
TRINITY_DN22900_c0_g1_i2:2-892     -            297 4693at3041           -            342   1.1e-08   32.9   0.0   1   2   2.9e-09   6.3e-08   30.4   0.0     9   146    12   149     4   155 0.82 -
TRINITY_DN22900_c0_g1_i2:2-892     -            297 4693at3041           -            342   1.1e-08   32.9   0.0   2   2       4.2        91    0.2   0.0   156   183   269   297   262   297 0.81 -
TRINITY_DN50786_c0_g1_i1:7-372     -            122 4693at3041           -            342   1.1e-08   32.8   0.0   1   1   6.2e-10   1.4e-08   32.5   0.0   123   194     1    83     1    92 0.81 -
TRINITY_DN4788_c0_g1_i1:131-1015   -            295 4693at3041           -            342   1.8e-08   32.1   0.0   1   1   1.3e-08   2.8e-07   28.2   0.0    10   195    32   242    28   247 0.73 -
TRINITY_DN38861_c0_g1_i1:4-582     -            193 4693at3041           -            342     2e-08   32.0   0.0   1   1     1e-09   2.2e-08   31.9   0.0    46   185    38   190    17   193 0.75 -
TRINITY_DN1085_c0_g2_i2:20-595     -            192 4693at3041           -            342     2e-08   32.0   0.0   1   1   1.1e-09   2.3e-08   31.8   0.0   122   196    56   143    11   147 0.77 -
TRINITY_DN779_c0_g3_i2:41-892      -            284 4693at3041           -            342   2.3e-08   31.8   0.0   1   1   1.2e-09   2.7e-08   31.6   0.0    23   194     9   188     2   239 0.75 -
TRINITY_DN2208_c0_g1_i1:259-666    -            136 4693at3041           -            342   2.5e-08   31.7   0.0   1   1   1.5e-09   3.2e-08   31.3   0.0   122   203     4    98     2   107 0.76 -
TRINITY_DN592_c3_g1_i1:5-598       -            198 4693at3041           -            342   2.5e-08   31.7   0.0   1   1   1.6e-09   3.5e-08   31.2   0.0    43   194     6   167     4   187 0.72 -
TRINITY_DN2208_c0_g1_i3:324-731    -            136 4693at3041           -            342   2.5e-08   31.7   0.0   1   1   1.5e-09   3.2e-08   31.3   0.0   122   203     4    98     2   106 0.76 -
TRINITY_DN15867_c1_g1_i1:1303-2355 -            351 4693at3041           -            342   2.9e-08   31.5   0.0   1   1   1.9e-09   4.1e-08   31.0   0.0     2   211     3   231     2   270 0.76 -
TRINITY_DN13608_c0_g1_i1:80-451    -            124 4693at3041           -            342   3.1e-08   31.4   0.0   1   1   1.7e-09   3.7e-08   31.1   0.0   105   192    12   103     4   116 0.78 -
TRINITY_DN12880_c0_g2_i1:13-393    -            127 4693at3041           -            342   3.4e-08   31.2   0.0   1   1   1.7e-09   3.8e-08   31.1   0.0    49   168     3   125     1   127 0.69 -
TRINITY_DN12867_c2_g1_i1:4-510     -            169 4693at3041           -            342   3.6e-08   31.2   0.0   1   1   3.6e-09   7.9e-08   30.0   0.0   109   170     4    67     1   109 0.84 -
TRINITY_DN2067_c1_g1_i1:592-1137   -            182 4693at3041           -            342   3.8e-08   31.1   0.0   1   1   2.5e-09   5.4e-08   30.6   0.0   123   234     6   126     3   132 0.82 -
TRINITY_DN13608_c0_g1_i2:29-661    -            211 4693at3041           -            342   4.1e-08   31.0   0.0   1   1   2.3e-09     5e-08   30.7   0.0    87   192    61   173    40   187 0.75 -
TRINITY_DN783_c0_g2_i1:1361-1804   -            148 4693at3041           -            342   4.8e-08   30.8   0.0   1   1   2.6e-09   5.6e-08   30.5   0.0     6   145     4   145     2   147 0.81 -
TRINITY_DN2030_c0_g1_i1:50-616     -            189 4693at3041           -            342   5.1e-08   30.7   0.1   1   1   4.5e-09   9.9e-08   29.7   0.0   105   169    10    76     1    86 0.78 -
TRINITY_DN4788_c0_g1_i6:131-1015   -            295 4693at3041           -            342   6.1e-08   30.4   0.0   1   1   4.5e-08   9.9e-07   26.4   0.0    10   194    32   241    29   246 0.72 -
TRINITY_DN592_c1_g1_i1:260-1111    -            284 4693at3041           -            342     8e-08   30.0   0.0   1   1     2e-08   4.3e-07   27.6   0.0    35   193    70   234    21   253 0.71 -
TRINITY_DN3057_c0_g4_i1:11-337     -            109 4693at3041           -            342   8.8e-08   29.9   0.0   1   1   4.3e-09   9.4e-08   29.8   0.0   123   195     5    87     1   103 0.78 -
TRINITY_DN779_c0_g1_i1:577-1164    -            196 4693at3041           -            342   9.1e-08   29.8   0.0   1   1   5.2e-09   1.1e-07   29.5   0.0     2   151    16   169    15   192 0.80 -
TRINITY_DN779_c0_g1_i2:399-986     -            196 4693at3041           -            342   9.1e-08   29.8   0.0   1   1   5.2e-09   1.1e-07   29.5   0.0     2   151    16   169    15   192 0.80 -
TRINITY_DN60219_c0_g1_i1:98-820    -            241 4693at3041           -            342   9.6e-08   29.8   0.0   1   1     5e-09   1.1e-07   29.6   0.0     9   185     3   178     1   210 0.81 -
TRINITY_DN386_c0_g2_i1:23-475      -            151 4693at3041           -            342   9.8e-08   29.7   0.0   1   1   4.5e-09   9.8e-08   29.7   0.0   112   190     5    88     1   137 0.81 -
TRINITY_DN3635_c0_g1_i2:400-699    -            100 4693at3041           -            342     1e-07   29.6   0.0   1   1   4.8e-09     1e-07   29.6   0.0    41   126    18   100     1   100 0.81 -
TRINITY_DN3635_c0_g1_i4:367-666    -            100 4693at3041           -            342     1e-07   29.6   0.0   1   1   4.8e-09     1e-07   29.6   0.0    41   126    18   100     1   100 0.81 -
TRINITY_DN1296_c0_g1_i1:1314-2288  -            325 4693at3041           -            342   1.3e-07   29.4   0.0   1   2       2.2        48    1.2   0.0     8    63     7    62     4    73 0.80 -
TRINITY_DN1296_c0_g1_i1:1314-2288  -            325 4693at3041           -            342   1.3e-07   29.4   0.0   2   2   8.3e-08   1.8e-06   25.6   0.0    95   204   154   277   139   293 0.69 -
TRINITY_DN1296_c0_g1_i3:1898-2872  -            325 4693at3041           -            342   1.3e-07   29.4   0.0   1   2       2.2        48    1.2   0.0     8    63     7    62     4    73 0.80 -
TRINITY_DN1296_c0_g1_i3:1898-2872  -            325 4693at3041           -            342   1.3e-07   29.4   0.0   2   2   8.3e-08   1.8e-06   25.6   0.0    95   204   154   277   139   293 0.69 -
TRINITY_DN1296_c0_g1_i4:1974-2948  -            325 4693at3041           -            342   1.3e-07   29.4   0.0   1   2       2.2        48    1.2   0.0     8    63     7    62     4    73 0.80 -
TRINITY_DN1296_c0_g1_i4:1974-2948  -            325 4693at3041           -            342   1.3e-07   29.4   0.0   2   2   8.3e-08   1.8e-06   25.6   0.0    95   204   154   277   139   293 0.69 -
TRINITY_DN1992_c0_g2_i1:22-630     -            203 4693at3041           -            342   1.3e-07   29.4   0.0   1   2   0.00011    0.0024   15.3   0.0    93   136    10    50     1    59 0.86 -
TRINITY_DN1992_c0_g2_i1:22-630     -            203 4693at3041           -            342   1.3e-07   29.4   0.0   2   2   0.00089     0.019   12.3   0.0   142   217    74   157    66   165 0.78 -
TRINITY_DN21537_c0_g1_i1:126-995   -            290 4693at3041           -            342   1.4e-07   29.3   0.0   1   2      0.49        11    3.3   0.0     9    61     7    62     4    69 0.79 -
TRINITY_DN21537_c0_g1_i1:126-995   -            290 4693at3041           -            342   1.4e-07   29.3   0.0   2   2   2.5e-07   5.5e-06   24.0   0.0    76   198   129   268   117   275 0.73 -
TRINITY_DN1992_c0_g1_i1:1-477      -            159 4693at3041           -            342   1.4e-07   29.2   0.0   1   1   8.4e-09   1.9e-07   28.8   0.0   114   195     3    89     2   101 0.83 -
TRINITY_DN91223_c0_g1_i1:69-461    -            131 4693at3041           -            342   1.5e-07   29.2   0.0   1   1   2.3e-07     5e-06   24.1   0.0   115   194    27   130    13   131 0.67 -
TRINITY_DN18866_c0_g2_i2:76-543    -            156 4693at3041           -            342   1.6e-07   29.1   0.0   1   1   9.5e-09   2.1e-07   28.7   0.0   113   194    17   105    10   117 0.81 -
TRINITY_DN9885_c0_g5_i1:1-711      -            237 4693at3041           -            342   1.9e-07   28.8   0.0   1   1   1.7e-08   3.8e-07   27.8   0.0   102   177   146   231    93   237 0.71 -
TRINITY_DN6394_c0_g1_i1:14-499     -            162 4693at3041           -            342   2.1e-07   28.6   0.0   1   2    0.0012     0.027   11.8   0.0    75   135     7    73     3    78 0.85 -
TRINITY_DN6394_c0_g1_i1:14-499     -            162 4693at3041           -            342   2.1e-07   28.6   0.0   2   2   0.00014     0.003   15.0   0.0   154   194   120   161   103   162 0.87 -
TRINITY_DN4788_c0_g1_i16:131-1018  -            296 4693at3041           -            342   2.1e-07   28.6   0.0   1   2       5.6   1.2e+02   -0.2   0.0     8    36     9    38     6    50 0.85 -
TRINITY_DN4788_c0_g1_i16:131-1018  -            296 4693at3041           -            342   2.1e-07   28.6   0.0   2   2   5.7e-07   1.2e-05   22.8   0.0    48   194    70   242    56   247 0.67 -
TRINITY_DN9621_c0_g1_i1:126-953    -            276 4693at3041           -            342   2.2e-07   28.6   0.0   1   1   1.5e-08   3.3e-07   28.0   0.0     8   202     9   227     5   235 0.73 -
TRINITY_DN9885_c0_g5_i5:1-657      -            219 4693at3041           -            342   2.6e-07   28.3   0.0   1   1   1.4e-08   3.1e-07   28.1   0.0   101   177   127   213    75   219 0.71 -
TRINITY_DN22523_c0_g1_i2:78-650    -            191 4693at3041           -            342   2.9e-07   28.2   0.0   1   1   1.5e-08   3.3e-07   28.0   0.0    78   217     5   151     2   173 0.76 -
TRINITY_DN31339_c0_g1_i1:11-394    -            128 4693at3041           -            342   2.9e-07   28.2   0.0   1   1   1.7e-08   3.6e-07   27.9   0.0    47   148     6   104     3   111 0.84 -
TRINITY_DN2197_c1_g1_i1:190-609    -            140 4693at3041           -            342     3e-07   28.1   0.0   1   1   1.7e-08   3.7e-07   27.8   0.0   130   207     1    85     1    90 0.81 -
TRINITY_DN11290_c0_g1_i1:2-421     -            140 4693at3041           -            342   3.2e-07   28.0   0.0   1   1   1.6e-08   3.6e-07   27.9   0.0   122   195     9    92     1   114 0.76 -
TRINITY_DN22764_c0_g1_i1:6-392     -            129 4693at3041           -            342   3.3e-07   28.0   0.0   1   1   1.7e-08   3.7e-07   27.8   0.0   126   203     1    87     1   109 0.78 -
TRINITY_DN1443_c0_g2_i10:3-530     -            176 4693at3041           -            342   3.5e-07   27.9   0.0   1   1   2.1e-08   4.5e-07   27.5   0.0   101   168   100   174     1   176 0.75 -
TRINITY_DN1443_c0_g2_i11:3-530     -            176 4693at3041           -            342   3.5e-07   27.9   0.0   1   1   2.1e-08   4.5e-07   27.5   0.0   101   168   100   174     1   176 0.75 -
TRINITY_DN1443_c0_g2_i13:3-530     -            176 4693at3041           -            342   3.5e-07   27.9   0.0   1   1   2.1e-08   4.5e-07   27.5   0.0   101   168   100   174     1   176 0.75 -
TRINITY_DN1443_c0_g2_i4:3-530      -            176 4693at3041           -            342   3.5e-07   27.9   0.0   1   1   2.1e-08   4.5e-07   27.5   0.0   101   168   100   174     1   176 0.75 -
TRINITY_DN10393_c0_g1_i4:2-298     -             99 4693at3041           -            342   3.7e-07   27.8   0.0   1   1   1.8e-08     4e-07   27.7   0.0    46   138     5    97     1    99 0.79 -
TRINITY_DN92672_c0_g1_i1:1-297     -             99 4693at3041           -            342   3.8e-07   27.8   0.0   1   1   1.9e-08   4.1e-07   27.7   0.0    51   146     2    97     1    99 0.86 -
TRINITY_DN50749_c0_g1_i1:55-426    -            124 4693at3041           -            342     4e-07   27.7   0.3   1   1   2.5e-08   5.6e-07   27.3   0.3    81   148    56   121    54   124 0.88 -
TRINITY_DN33005_c0_g1_i1:142-579   -            146 4693at3041           -            342   4.8e-07   27.5   0.0   1   1   5.1e-08   1.1e-06   26.2   0.0   124   174     1    55     1    61 0.81 -
TRINITY_DN91651_c0_g1_i1:46-306    -             87 4693at3041           -            342   4.8e-07   27.4   0.0   1   1   2.3e-08     5e-07   27.4   0.0   111   191     5    87     1    87 0.83 -
TRINITY_DN9653_c0_g1_i3:209-1299   -            306 4693at3041           -            342   5.3e-07   27.3   0.0   1   1   1.4e-07     3e-06   24.8   0.0     2   194     3   208     2   231 0.64 -
TRINITY_DN9653_c0_g1_i2:57-1186    -            319 4693at3041           -            342   6.1e-07   27.1   0.0   1   1   1.6e-07   3.6e-06   24.6   0.0     2   194     3   208     2   229 0.63 -
TRINITY_DN1097_c0_g1_i3:1858-2547  -            230 4693at3041           -            342   6.2e-07   27.1   0.0   1   1   2.6e-07   5.8e-06   23.9   0.0    56   189    10   159     1   185 0.80 -
TRINITY_DN2735_c0_g1_i1:2-292      -             97 4693at3041           -            342   6.4e-07   27.1   0.0   1   1   4.1e-08   9.1e-07   26.6   0.0   123   191    13    97     2    97 0.78 -
TRINITY_DN6355_c0_g1_i8:230-673    -            148 4693at3041           -            342   8.6e-07   26.6   0.0   1   1   4.6e-08     1e-06   26.4   0.0     9   147     7   143     2   147 0.77 -
TRINITY_DN347_c0_g1_i1:1283-2218   -            312 4693at3041           -            342   9.1e-07   26.5   0.0   1   2   4.4e-06   9.6e-05   19.9   0.0    20   147    24   147    13   151 0.77 -
TRINITY_DN347_c0_g1_i1:1283-2218   -            312 4693at3041           -            342   9.1e-07   26.5   0.0   2   2      0.19       4.1    4.7   0.0   167   195   218   246   191   288 0.84 -
TRINITY_DN1642_c0_g1_i1:3-449      -            149 4693at3041           -            342   9.9e-07   26.4   0.0   1   1   1.6e-07   3.6e-06   24.6   0.0   123   174     5    60     2   106 0.78 -
TRINITY_DN13838_c0_g1_i1:143-688   -            182 4693at3041           -            342   1.1e-06   26.3   0.0   1   2   2.1e-07   4.6e-06   24.3   0.0   101   181    21   103     3   119 0.74 -
TRINITY_DN13838_c0_g1_i1:143-688   -            182 4693at3041           -            342   1.1e-06   26.3   0.0   2   2       4.1        90    0.3   0.0   173   194   117   138   103   148 0.85 -
TRINITY_DN6355_c0_g2_i1:279-1253   -            325 4693at3041           -            342   1.1e-06   26.2   0.0   1   2    0.0019     0.042   11.2   0.0    25   136    26   131     3   136 0.84 -
TRINITY_DN6355_c0_g2_i1:279-1253   -            325 4693at3041           -            342   1.1e-06   26.2   0.0   2   2   0.00051     0.011   13.1   0.0   140   190   156   214   152   241 0.74 -
TRINITY_DN4832_c0_g1_i1:3-542      -            180 4693at3041           -            342   1.3e-06   26.1   0.0   1   2   3.4e-07   7.6e-06   23.5   0.0   109   170    16    80     1    90 0.73 -
TRINITY_DN4832_c0_g1_i1:3-542      -            180 4693at3041           -            342   1.3e-06   26.1   0.0   2   2       3.4        74    0.5   0.0   171   195   102   126    91   145 0.73 -
TRINITY_DN4710_c0_g1_i4:158-661    -            168 4693at3041           -            342   1.3e-06   26.0   0.0   1   1     7e-08   1.5e-06   25.8   0.0    24   146    23   165     7   168 0.73 -
TRINITY_DN14924_c0_g2_i1:2-493     -            164 4693at3041           -            342   1.5e-06   25.8   0.0   1   1   7.6e-08   1.7e-06   25.7   0.0   131   215     6    98     2   130 0.83 -
TRINITY_DN10337_c0_g1_i1:91-531    -            147 4693at3041           -            342   1.6e-06   25.8   0.0   1   1   1.6e-07   3.5e-06   24.6   0.0   123   169     1    51     1   108 0.76 -
TRINITY_DN2962_c0_g1_i1:252-656    -            135 4693at3041           -            342   1.6e-06   25.7   0.0   1   1   7.9e-08   1.7e-06   25.6   0.0   123   194     1    79     1   130 0.82 -
TRINITY_DN893_c0_g1_i5:237-1395    -            333 4693at3041           -            342   2.2e-06   25.3   0.0   1   1   2.9e-07   6.3e-06   23.8   0.0     3   194    10   214     8   237 0.69 -
TRINITY_DN3869_c1_g1_i2:86-436     -            117 4693at3041           -            342   2.6e-06   25.1   0.0   1   1   2.7e-07   5.9e-06   23.9   0.0   109   167     2    62     1   106 0.81 -
TRINITY_DN4788_c0_g1_i9:131-706    -            192 4693at3041           -            342   2.7e-06   25.0   0.0   1   1   2.7e-06   5.9e-05   20.6   0.0   102   194    24   138    21   144 0.70 -
TRINITY_DN89878_c0_g1_i1:76-411    -            112 4693at3041           -            342     3e-06   24.8   0.0   1   1   1.4e-07   3.1e-06   24.8   0.0    45   148     4   108     1   112 0.87 -
TRINITY_DN702_c0_g1_i2:1-480       -            160 4693at3041           -            342   3.2e-06   24.8   0.0   1   1   1.5e-07   3.3e-06   24.7   0.0   115   205     3   105     1   157 0.68 -
TRINITY_DN1296_c0_g1_i2:292-756    -            155 4693at3041           -            342   3.5e-06   24.6   0.0   1   1   2.8e-07   6.2e-06   23.8   0.0   115   210     8   114     1   124 0.69 -
TRINITY_DN13179_c0_g1_i1:5-436     -            144 4693at3041           -            342   3.8e-06   24.5   0.0   1   1     2e-07   4.3e-06   24.3   0.0   115   196    51   143     5   144 0.73 -
TRINITY_DN2496_c0_g1_i1:123-572    -            150 4693at3041           -            342   4.1e-06   24.4   0.0   1   1   2.1e-07   4.7e-06   24.2   0.0   113   194     5    99     1   116 0.75 -
TRINITY_DN33016_c0_g1_i1:16-363    -            116 4693at3041           -            342   4.4e-06   24.3   0.0   1   1   2.3e-07   5.1e-06   24.1   0.0   156   235    17   100    11   112 0.82 -
TRINITY_DN893_c0_g1_i2:237-1235    -            333 4693at3041           -            342   5.3e-06   24.0   0.0   1   1   7.5e-07   1.6e-05   22.4   0.0     8   194    16   214     8   236 0.63 -
TRINITY_DN4220_c0_g1_i1:25-507     -            161 4693at3041           -            342   5.4e-06   24.0   0.0   1   1   7.5e-07   1.6e-05   22.4   0.0    84   194    23   152     8   155 0.75 -
TRINITY_DN27762_c0_g3_i1:207-770   -            188 4693at3041           -            342   5.6e-06   24.0   0.0   1   1     4e-07   8.7e-06   23.3   0.0   121   192    52   137     4   149 0.71 -
TRINITY_DN1197_c0_g1_i2:827-1495   -            223 4693at3041           -            342   5.7e-06   23.9   0.0   1   1   1.6e-06   3.6e-05   21.3   0.0    69   192    19   160     8   167 0.67 -
TRINITY_DN9461_c0_g2_i1:3-317      -            105 4693at3041           -            342   5.8e-06   23.9   0.0   1   1   2.9e-07   6.4e-06   23.8   0.0     3    89     4    93     2    99 0.78 -
TRINITY_DN779_c0_g1_i4:375-965     -            197 4693at3041           -            342   6.3e-06   23.8   0.0   1   1   3.7e-07   8.1e-06   23.4   0.0     2   137    24   162    23   196 0.83 -
TRINITY_DN4973_c0_g1_i1:2-523      -            174 4693at3041           -            342   7.5e-06   23.5   0.0   1   1   4.4e-07   9.6e-06   23.2   0.0   113   194     5   100     1   107 0.70 -
TRINITY_DN2208_c0_g2_i1:24-668     -            215 4693at3041           -            342   9.4e-06   23.2   0.0   1   1   4.8e-07   1.1e-05   23.1   0.0   121   195    79   165    30   190 0.78 -
TRINITY_DN6731_c0_g1_i5:198-722    -            175 4693at3041           -            342   9.4e-06   23.2   0.0   1   1   5.9e-07   1.3e-05   22.8   0.0    24   140    31   160    25   174 0.78 -
TRINITY_DN3869_c1_g1_i1:86-436     -            117 4693at3041           -            342   1.1e-05   22.9   0.0   1   1   1.2e-06   2.6e-05   21.8   0.0   109   167     2    62     1   106 0.80 -
TRINITY_DN1197_c0_g1_i3:435-1280   -            282 4693at3041           -            342   1.2e-05   22.9   0.0   1   1   3.2e-06     7e-05   20.4   0.0    69   192    78   219    67   225 0.67 -
TRINITY_DN79228_c0_g1_i1:3-326     -            108 4693at3041           -            342   1.3e-05   22.8   0.0   1   1   6.8e-07   1.5e-05   22.6   0.0   104   170    26    97    17   107 0.74 -
TRINITY_DN2896_c0_g1_i1:301-1173   -            291 4693at3041           -            342   1.5e-05   22.6   0.0   1   1   1.6e-06   3.6e-05   21.3   0.0    33   148    33   145     1   149 0.71 -
TRINITY_DN13290_c0_g1_i1:59-511    -            151 4693at3041           -            342   1.9e-05   22.2   0.0   1   1   9.9e-07   2.2e-05   22.0   0.0   122   201    15   106     3   141 0.79 -
TRINITY_DN2896_c0_g1_i7:167-1036   -            290 4693at3041           -            342   1.9e-05   22.2   0.0   1   1   2.2e-06   4.9e-05   20.9   0.0    46   148    44   144     3   148 0.72 -
TRINITY_DN1383_c0_g2_i3:136-663    -            176 4693at3041           -            342   2.2e-05   22.0   0.0   1   1   1.2e-06   2.7e-05   21.7   0.0   120   190    22   102     4   117 0.77 -
TRINITY_DN3379_c0_g1_i2:20-484     -            155 4693at3041           -            342   2.3e-05   21.9   0.0   1   1   1.2e-06   2.6e-05   21.8   0.0    19   147    22   152     4   155 0.73 -
TRINITY_DN7619_c0_g1_i1:16-492     -            159 4693at3041           -            342   2.5e-05   21.8   0.0   1   1   1.3e-06   2.8e-05   21.7   0.0   102   192    61   155    31   158 0.74 -
TRINITY_DN3743_c0_g1_i17:1000-1968 -            323 4693at3041           -            342   2.9e-05   21.6   0.0   1   2      0.79        17    2.6   0.0     7    63    13    72     9    80 0.77 -
TRINITY_DN3743_c0_g1_i17:1000-1968 -            323 4693at3041           -            342   2.9e-05   21.6   0.0   2   2   3.8e-05   0.00083   16.8   0.0   119   194   171   260   143   274 0.73 -
TRINITY_DN3379_c0_g1_i6:17-448     -            144 4693at3041           -            342   3.7e-05   21.3   0.0   1   1   1.8e-06     4e-05   21.2   0.0    20   147    11   140     1   143 0.76 -
TRINITY_DN3743_c0_g1_i15:1000-1968 -            323 4693at3041           -            342     4e-05   21.2   0.0   1   2      0.79        17    2.6   0.0     7    63    13    72     9    80 0.77 -
TRINITY_DN3743_c0_g1_i15:1000-1968 -            323 4693at3041           -            342     4e-05   21.2   0.0   2   2   5.1e-05    0.0011   16.4   0.0   119   194   171   260   143   274 0.73 -
TRINITY_DN15867_c1_g1_i4:1303-2088 -            262 4693at3041           -            342     4e-05   21.1   0.0   1   1   2.6e-06   5.8e-05   20.6   0.0   105   211    22   142     8   185 0.74 -
TRINITY_DN5731_c0_g1_i7:86-829     -            248 4693at3041           -            342   4.7e-05   20.9   0.0   1   2     0.026      0.56    7.5   0.0     8    61     6    58     2    66 0.87 -
TRINITY_DN5731_c0_g1_i7:86-829     -            248 4693at3041           -            342   4.7e-05   20.9   0.0   2   2    0.0016     0.034   11.5   0.0   106   185   155   246   118   247 0.74 -
TRINITY_DN1516_c0_g1_i2:114-1083   -            316 4693at3041           -            342   4.9e-05   20.9   0.0   1   1   2.7e-06   5.9e-05   20.6   0.0     7   192    29   214    22   233 0.67 -
TRINITY_DN893_c0_g1_i6:237-1296    -            333 4693at3041           -            342   6.2e-05   20.5   0.0   1   1   8.8e-06   0.00019   18.9   0.0     8   194    16   214     8   236 0.63 -
TRINITY_DN5731_c0_g1_i6:26-448     -            141 4693at3041           -            342   6.3e-05   20.5   0.0   1   1   3.6e-06   7.8e-05   20.2   0.0   104   196    34   137    21   141 0.70 -
TRINITY_DN2896_c0_g2_i2:223-1155   -            311 4693at3041           -            342   6.4e-05   20.5   0.1   1   2   3.7e-05   0.00082   16.8   0.1    46   148    48   148     2   199 0.72 -
TRINITY_DN2896_c0_g2_i2:223-1155   -            311 4693at3041           -            342   6.4e-05   20.5   0.1   2   2       9.2     2e+02   -0.9   0.0    23    69   186   232   166   239 0.65 -
TRINITY_DN21311_c1_g1_i1:35-361    -            109 4693at3041           -            342   6.5e-05   20.5   0.0   1   1   8.5e-06   0.00019   18.9   0.0   106   169     2    67     1   109 0.78 -
TRINITY_DN2896_c0_g1_i5:321-1181   -            287 4693at3041           -            342   6.9e-05   20.4   0.0   1   1   7.3e-06   0.00016   19.2   0.0    98   148    93   143     4   150 0.77 -
TRINITY_DN2896_c0_g1_i8:321-1187   -            289 4693at3041           -            342   7.4e-05   20.3   0.0   1   1   7.9e-06   0.00017   19.1   0.0    98   148    93   143     4   147 0.77 -
TRINITY_DN1296_c1_g2_i1:176-733    -            186 4693at3041           -            342   8.5e-05   20.1   0.0   1   1   5.6e-06   0.00012   19.6   0.0   122   167    12    63     1    71 0.77 -
TRINITY_DN11843_c0_g1_i2:302-571   -             90 4693at3041           -            342   8.7e-05   20.0   0.0   1   1   4.8e-06   0.00011   19.8   0.0   122   191     8    90     4    90 0.76 -
TRINITY_DN7888_c0_g1_i1:114-815    -            234 4693at3041           -            342   8.7e-05   20.0   0.0   1   1   4.9e-06   0.00011   19.7   0.0   106   193    37   131    18   151 0.78 -
TRINITY_DN7619_c0_g2_i2:234-971    -            246 4693at3041           -            342   8.8e-05   20.0   0.0   1   2      0.08       1.8    5.9   0.0     6    68     7    68     3    74 0.77 -
TRINITY_DN7619_c0_g2_i2:234-971    -            246 4693at3041           -            342   8.8e-05   20.0   0.0   2   2   0.00096     0.021   12.2   0.0   101   192   139   246    92   246 0.64 -
TRINITY_DN7619_c0_g2_i3:1942-2679  -            246 4693at3041           -            342   8.8e-05   20.0   0.0   1   2      0.08       1.8    5.9   0.0     6    68     7    68     3    74 0.77 -
TRINITY_DN7619_c0_g2_i3:1942-2679  -            246 4693at3041           -            342   8.8e-05   20.0   0.0   2   2   0.00096     0.021   12.2   0.0   101   192   139   246    92   246 0.64 -
TRINITY_DN29308_c0_g2_i2:240-899   -            220 4693at3041           -            342   8.8e-05   20.0   0.0   1   1   1.8e-05    0.0004   17.8   0.0    93   191    32   151    29   156 0.73 -
TRINITY_DN2197_c0_g1_i2:1-399      -            133 4693at3041           -            342   8.9e-05   20.0   0.0   1   1   5.3e-06   0.00012   19.6   0.0   129   195     2    77     1    89 0.80 -
TRINITY_DN3743_c0_g1_i13:1000-1968 -            323 4693at3041           -            342    0.0001   19.8   0.0   1   2       3.2        70    0.6   0.0     6    63    12    72     9    79 0.76 -
TRINITY_DN3743_c0_g1_i13:1000-1968 -            323 4693at3041           -            342    0.0001   19.8   0.0   2   2   3.8e-05   0.00083   16.8   0.0   119   194   171   260   143   274 0.73 -
TRINITY_DN3743_c0_g1_i3:1000-1968  -            323 4693at3041           -            342    0.0001   19.8   0.0   1   2       3.2        70    0.6   0.0     6    63    12    72     9    79 0.76 -
TRINITY_DN3743_c0_g1_i3:1000-1968  -            323 4693at3041           -            342    0.0001   19.8   0.0   2   2   3.8e-05   0.00083   16.8   0.0   119   194   171   260   143   274 0.73 -
TRINITY_DN3743_c0_g1_i9:1000-1968  -            323 4693at3041           -            342    0.0001   19.8   0.0   1   2       3.2        70    0.6   0.0     6    63    12    72     9    79 0.76 -
TRINITY_DN3743_c0_g1_i9:1000-1968  -            323 4693at3041           -            342    0.0001   19.8   0.0   2   2   3.8e-05   0.00083   16.8   0.0   119   194   171   260   143   274 0.73 -
TRINITY_DN1296_c2_g2_i1:1-354      -            118 4693at3041           -            342    0.0001   19.8   0.0   1   1   4.6e-06    0.0001   19.8   0.0   105   149    53    95    34   118 0.75 -
TRINITY_DN3743_c0_g1_i18:1000-1968 -            323 4693at3041           -            342   0.00014   19.4   0.0   1   2       3.2        70    0.6   0.0     6    63    12    72     9    79 0.76 -
TRINITY_DN3743_c0_g1_i18:1000-1968 -            323 4693at3041           -            342   0.00014   19.4   0.0   2   2   5.1e-05    0.0011   16.4   0.0   119   194   171   260   143   274 0.73 -
TRINITY_DN47607_c0_g1_i1:102-620   -            173 4693at3041           -            342   0.00017   19.1   0.0   1   1   9.7e-06   0.00021   18.8   0.0   108   197     7   107     2   135 0.73 -
TRINITY_DN3743_c0_g1_i7:1000-1527  -            176 4693at3041           -            342   0.00018   19.0   0.0   1   1     1e-05   0.00023   18.7   0.0   120   195    25   114     6   127 0.72 -
TRINITY_DN9442_c0_g2_i2:1-333      -            111 4693at3041           -            342   0.00018   19.0   0.0   1   1   8.5e-06   0.00019   19.0   0.0   122   220    11   111     1   111 0.80 -
TRINITY_DN1443_c0_g2_i1:73-585     -            171 4693at3041           -            342   0.00019   18.9   0.0   1   1   2.7e-05   0.00059   17.3   0.0     8   137    17   151    12   156 0.69 -
TRINITY_DN1443_c0_g2_i14:73-540    -            156 4693at3041           -            342   0.00021   18.8   0.0   1   1   2.9e-05   0.00063   17.2   0.0     9   137     3   136     1   141 0.66 -
TRINITY_DN59290_c0_g1_i1:1-384     -            128 4693at3041           -            342   0.00028   18.4   0.0   1   1   1.6e-05   0.00034   18.1   0.0   140   229     2   107     1   127 0.69 -
TRINITY_DN6355_c0_g4_i2:1-456      -            152 4693at3041           -            342   0.00028   18.4   0.0   1   1   1.8e-05   0.00039   17.9   0.0   123   194     2    86     1   110 0.76 -
TRINITY_DN4788_c0_g1_i3:131-640    -            170 4693at3041           -            342   0.00031   18.2   0.0   1   1   0.00018    0.0038   14.6   0.0   139   195    53   117     7   121 0.69 -
TRINITY_DN347_c0_g1_i2:1478-2179   -            177 4693at3041           -            342   0.00043   17.8   0.0   1   2    0.0022     0.049   11.0   0.0   112   147    40    77     7    81 0.87 -
TRINITY_DN347_c0_g1_i2:1478-2179   -            177 4693at3041           -            342   0.00043   17.8   0.0   2   2      0.15       3.2    5.0   0.0   167   194   148   175   121   177 0.79 -
TRINITY_DN6386_c0_g1_i3:107-544    -            146 4693at3041           -            342   0.00044   17.7   0.0   1   1   2.5e-05   0.00055   17.4   0.0    77   186     4   132     1   140 0.67 -
TRINITY_DN4788_c0_g1_i11:28-555    -            176 4693at3041           -            342   0.00045   17.7   0.0   1   1   0.00018     0.004   14.6   0.0    68   135   107   176    29   176 0.54 -
TRINITY_DN4788_c0_g1_i4:28-555     -            176 4693at3041           -            342   0.00045   17.7   0.0   1   1   0.00018     0.004   14.6   0.0    68   135   107   176    29   176 0.54 -
TRINITY_DN4788_c0_g1_i8:28-555     -            176 4693at3041           -            342   0.00045   17.7   0.0   1   1   0.00018     0.004   14.6   0.0    68   135   107   176    29   176 0.54 -
TRINITY_DN592_c3_g1_i1:206-568     -            121 4693at3041           -            342   0.00059   17.3   0.0   1   1   2.7e-05   0.00059   17.3   0.0   101   148    54   103     1   114 0.66 -
TRINITY_DN48330_c0_g1_i1:219-668   -            150 4693at3041           -            342    0.0006   17.3   0.0   1   1   3.6e-05   0.00079   16.9   0.0   158   203    55   101    49   113 0.88 -
TRINITY_DN13290_c0_g1_i2:26-544    -            173 4693at3041           -            342   0.00081   16.9   0.0   1   1   4.5e-05   0.00098   16.6   0.0   121   217    25   131     4   157 0.78 -
TRINITY_DN783_c0_g1_i1:93-1137     -            297 4693at3041           -            342   0.00094   16.6   0.0   1   1   6.9e-05    0.0015   16.0   0.0     2   136   113   249   112   262 0.75 -
TRINITY_DN813_c0_g2_i1:426-971     -            182 4693at3041           -            342    0.0011   16.5   0.0   1   2       8.5   1.9e+02   -0.8   0.0    45   274    53    72    12    84 0.64 -
TRINITY_DN813_c0_g2_i1:426-971     -            182 4693at3041           -            342    0.0011   16.5   0.0   2   2   0.00016    0.0036   14.7   0.0    89   140   107   159    98   169 0.82 -
TRINITY_DN4788_c0_g1_i23:131-640   -            170 4693at3041           -            342    0.0011   16.5   0.0   1   1   0.00061     0.013   12.9   0.0   139   195    53   117    11   122 0.68 -
TRINITY_DN4788_c0_g1_i7:131-640    -            170 4693at3041           -            342    0.0011   16.5   0.0   1   1   0.00061     0.013   12.9   0.0   139   195    53   117    11   122 0.68 -
TRINITY_DN12867_c1_g1_i3:328-1401  -            358 4693at3041           -            342    0.0011   16.4   0.0   1   2   0.00053     0.012   13.1   0.0   102   150   171   219   159   224 0.80 -
TRINITY_DN12867_c1_g1_i3:328-1401  -            358 4693at3041           -            342    0.0011   16.4   0.0   2   2       2.8        60    0.8   0.0   163   208   261   305   258   323 0.78 -
TRINITY_DN5731_c0_g1_i4:550-951    -            134 4693at3041           -            342    0.0014   16.1   0.0   1   1   7.5e-05    0.0016   15.8   0.0   106   192    36   134    21   134 0.71 -
TRINITY_DN8339_c0_g1_i1:293-685    -            131 4693at3041           -            342    0.0014   16.1   0.0   1   1   6.8e-05    0.0015   16.0   0.0    23   130    27   131     7   131 0.77 -
TRINITY_DN44857_c0_g1_i1:226-519   -             98 4693at3041           -            342    0.0024   15.3   0.0   1   1   0.00015    0.0032   14.9   0.0   140   210     4    85     1    93 0.71 -
TRINITY_DN12867_c1_g1_i2:160-669   -            170 4693at3041           -            342    0.0032   14.9   0.0   1   2    0.0035     0.077   10.4   0.0   123   150     2    31     1    36 0.85 -
TRINITY_DN12867_c1_g1_i2:160-669   -            170 4693at3041           -            342    0.0032   14.9   0.0   2   2      0.75        16    2.7   0.0   163   209    73   118    70   141 0.79 -
TRINITY_DN702_c0_g5_i1:25-579      -            185 4693at3041           -            342    0.0033   14.9   0.0   1   1   0.00028    0.0062   13.9   0.0    85   192    17   150     5   155 0.63 -
TRINITY_DN11583_c0_g1_i1:41-493    -            151 4693at3041           -            342    0.0035   14.8   0.1   1   2      0.17       3.8    4.8   0.0   115   139     8    30     2    50 0.68 -
TRINITY_DN11583_c0_g1_i1:41-493    -            151 4693at3041           -            342    0.0035   14.8   0.1   2   2     0.015      0.32    8.3   0.0   157   196    90   131    73   150 0.77 -
TRINITY_DN11583_c0_g1_i2:77-529    -            151 4693at3041           -            342    0.0035   14.8   0.1   1   2      0.17       3.8    4.8   0.0   115   139     8    30     2    50 0.68 -
TRINITY_DN11583_c0_g1_i2:77-529    -            151 4693at3041           -            342    0.0035   14.8   0.1   2   2     0.015      0.32    8.3   0.0   157   196    90   131    73   150 0.77 -
TRINITY_DN17206_c0_g1_i1:21-566    -            182 4693at3041           -            342    0.0039   14.6   0.0   1   1   0.00029    0.0063   13.9   0.0   122   194     6    91     1   118 0.74 -
TRINITY_DN3842_c3_g1_i2:89-538     -            150 4693at3041           -            342     0.005   14.3   0.1   1   1    0.0016     0.036   11.4   0.1   102   132   120   150     3   150 0.72 -
TRINITY_DN29308_c0_g2_i1:285-752   -            156 4693at3041           -            342    0.0069   13.8   0.0   1   1    0.0012     0.027   11.8   0.0   122   191    13   102     1   109 0.66 -
TRINITY_DN1098_c0_g1_i4:71-559     -            163 4693at3041           -            342     0.007   13.8   0.0   1   1   0.00039    0.0085   13.5   0.0    73   135    94   156    14   160 0.63 -
TRINITY_DN39288_c0_g2_i1:84-587    -            168 4693at3041           -            342    0.0091   13.4   0.0   1   1   0.00047      0.01   13.2   0.0   143   197     4    67     1   108 0.74 -
TRINITY_DN35233_c0_g1_i1:90-545    -            152 4693at3041           -            342    0.0092   13.4   0.0   1   1     0.001     0.023   12.1   0.0   123   191     9    97     2   102 0.68 -
TRINITY_DN5049_c3_g2_i2:352-768    -            139 4693at3041           -            342    0.0096   13.3   0.0   1   1   0.00054     0.012   13.0   0.0   101   136    90   122    74   138 0.83 -
TRINITY_DN1085_c0_g1_i1:157-888    -            244 4693at3041           -            342    0.0096   13.3   0.0   1   2       3.3        72    0.6   0.0     6    67    11    71     7    85 0.73 -
TRINITY_DN1085_c0_g1_i1:157-888    -            244 4693at3041           -            342    0.0096   13.3   0.0   2   2    0.0032     0.069   10.5   0.0   121   166   189   244   161   244 0.74 -
TRINITY_DN3842_c2_g1_i1:44-424     -            127 4693at3041           -            342    0.0097   13.3   0.0   1   1   0.00075     0.016   12.6   0.0   156   195     5    45     2    89 0.87 -
TRINITY_DN88739_c0_g1_i1:17-544    -            176 4693at3041           -            342      0.01   13.2   0.0   1   2       5.4   1.2e+02   -0.1   0.0     9    62     7    62     4    72 0.59 -
TRINITY_DN88739_c0_g1_i1:17-544    -            176 4693at3041           -            342      0.01   13.2   0.0   2   2    0.0023      0.05   11.0   0.0   104   139   115   148   108   166 0.80 -
TRINITY_DN1098_c0_g1_i1:186-788    -            201 4693at3041           -            342     0.012   13.0   0.1   1   1   0.00069     0.015   12.7   0.1   100   135   160   194    52   198 0.66 -
TRINITY_DN702_c0_g2_i2:329-1177    -            283 4693at3041           -            342     0.015   12.6   0.1   1   1     0.002     0.044   11.2   0.1   121   195   144   238   122   259 0.66 -
TRINITY_DN702_c0_g2_i4:405-1253    -            283 4693at3041           -            342     0.015   12.6   0.1   1   1     0.002     0.044   11.2   0.1   121   195   144   238   122   259 0.66 -
TRINITY_DN5049_c3_g2_i1:361-717    -            119 4693at3041           -            342     0.018   12.4   0.0   1   1     0.001     0.023   12.1   0.0   101   135    87   118    71   119 0.87 -
TRINITY_DN3617_c0_g1_i1:1-330      -            110 4693at3041           -            342     0.022   12.1   0.0   1   1    0.0011     0.025   11.9   0.0     6    85    13    94     9   106 0.79 -
TRINITY_DN5049_c1_g2_i1:128-514    -            129 4693at3041           -            342     0.047   11.1   0.0   1   1    0.0031     0.069   10.5   0.0    23   135    17   129     1   129 0.63 -
TRINITY_DN21013_c0_g1_i1:137-646   -            170 4693at3041           -            342     0.049   11.0   0.0   1   1     0.003     0.067   10.6   0.0   122   155     8    43     3    67 0.81 -
TRINITY_DN2477_c0_g2_i10:129-614   -            162 4693at3041           -            342     0.064   10.6   0.1   1   1    0.0037      0.08   10.3   0.1   154   194    63   104     1   115 0.74 -
TRINITY_DN2477_c0_g2_i12:129-614   -            162 4693at3041           -            342     0.064   10.6   0.1   1   1    0.0037      0.08   10.3   0.1   154   194    63   104     1   115 0.74 -
TRINITY_DN2477_c0_g2_i14:129-614   -            162 4693at3041           -            342     0.064   10.6   0.1   1   1    0.0037      0.08   10.3   0.1   154   194    63   104     1   115 0.74 -
TRINITY_DN2477_c0_g2_i5:129-614    -            162 4693at3041           -            342     0.064   10.6   0.1   1   1    0.0037      0.08   10.3   0.1   154   194    63   104     1   115 0.74 -
TRINITY_DN2477_c0_g2_i7:156-641    -            162 4693at3041           -            342     0.064   10.6   0.1   1   1    0.0037      0.08   10.3   0.1   154   194    63   104     1   115 0.74 -
TRINITY_DN2477_c0_g2_i8:129-614    -            162 4693at3041           -            342     0.064   10.6   0.1   1   1    0.0037      0.08   10.3   0.1   154   194    63   104     1   115 0.74 -
#
# Program:         hmmsearch
# Version:         3.2.1 (June 2018)
# Pipeline mode:   SEARCH
# Query file:      /sw/bioinfo/BUSCO/v5_lineage_sets/lineages/chlorophyta_odb10/hmms/4693at3041.hmm
# Target file:     /crex/proj/snic2022-23-81/expression_algae/code/busco/trinity_VA-3180-Osg10Sin/run_chlorophyta_odb10/metaeuk_output/initial_results/trinity_VA-3180-Osg10Sin.Trinity.fasta.modified.fas
# Option settings: hmmsearch --domtblout /crex/proj/snic2022-23-81/expression_algae/code/busco/trinity_VA-3180-Osg10Sin/run_chlorophyta_odb10/hmmer_output/initial_run_results/4693at3041.out --cpu 1 /sw/bioinfo/BUSCO/v5_lineage_sets/lineages/chlorophyta_odb10/hmms/4693at3041.hmm /crex/proj/snic2022-23-81/expression_algae/code/busco/trinity_VA-3180-Osg10Sin/run_chlorophyta_odb10/metaeuk_output/initial_results/trinity_VA-3180-Osg10Sin.Trinity.fasta.modified.fas 
# Current dir:     /crex/proj/snic2022-23-81/expression_algae/code/busco
# Date:            Fri Sep 23 10:12:44 2022
# [ok]
