#                                                                                          --- full sequence --- -------------- this domain -------------   hmm coord   ali coord   env coord
# target name                      accession   tlen query name           accession   qlen   E-value  score  bias   #  of  c-Evalue  i-Evalue  score  bias  from    to  from    to  from    to  acc description of target
#              ------------------- ---------- ----- -------------------- ---------- ----- --------- ------ ----- --- --- --------- --------- ------ ----- ----- ----- ----- ----- ----- ----- ---- ---------------------
TRINITY_DN23694_c0_g1_i2:109-963   -            285 5076at3041           -            303  1.3e-107  358.4   2.0   1   1  4.1e-110  1.9e-107  357.9   2.0    78   301    21   269    17   271 0.91 -
TRINITY_DN17630_c0_g1_i1:2157-3524 -            456 5076at3041           -            303     8e-20   70.1   0.0   1   1   2.8e-22   1.3e-19   69.4   0.0    35   294   153   435   146   442 0.80 -
TRINITY_DN17630_c0_g1_i2:2400-3767 -            456 5076at3041           -            303     8e-20   70.1   0.0   1   1   2.8e-22   1.3e-19   69.4   0.0    35   294   153   435   146   442 0.80 -
TRINITY_DN1776_c0_g6_i1:1764-2996  -            411 5076at3041           -            303   4.9e-19   67.6   1.3   1   1   1.6e-21   7.2e-19   67.0   1.3    11   294   107   408    99   411 0.78 -
TRINITY_DN1776_c0_g1_i2:43-1407    -            455 5076at3041           -            303   1.1e-17   63.2   0.0   1   1   4.1e-20   1.9e-17   62.3   0.0    38   288   155   428   150   441 0.79 -
TRINITY_DN1776_c0_g2_i1:43-1407    -            455 5076at3041           -            303   1.3e-17   62.9   0.0   1   1   4.8e-20   2.2e-17   62.1   0.0    41   288   158   428   147   441 0.79 -
TRINITY_DN1776_c0_g1_i1:43-1407    -            455 5076at3041           -            303   1.8e-17   62.4   0.0   1   1   6.9e-20   3.2e-17   61.6   0.0    42   288   159   428   150   441 0.79 -
TRINITY_DN2094_c0_g1_i13:1192-2568 -            459 5076at3041           -            303   5.1e-16   57.7   0.0   1   1     2e-18   9.4e-16   56.8   0.0    40   293   161   437   154   445 0.81 -
TRINITY_DN2094_c0_g1_i14:1192-2568 -            459 5076at3041           -            303   5.1e-16   57.7   0.0   1   1     2e-18   9.4e-16   56.8   0.0    40   293   161   437   154   445 0.81 -
TRINITY_DN2094_c0_g1_i15:1192-2568 -            459 5076at3041           -            303   5.1e-16   57.7   0.0   1   1     2e-18   9.4e-16   56.8   0.0    40   293   161   437   154   445 0.81 -
TRINITY_DN2094_c0_g1_i4:1192-2568  -            459 5076at3041           -            303   5.1e-16   57.7   0.0   1   1     2e-18   9.4e-16   56.8   0.0    40   293   161   437   154   445 0.81 -
TRINITY_DN2094_c0_g1_i6:1192-2568  -            459 5076at3041           -            303   5.1e-16   57.7   0.0   1   1     2e-18   9.4e-16   56.8   0.0    40   293   161   437   154   445 0.81 -
TRINITY_DN705_c0_g1_i1:118-1857    -            535 5076at3041           -            303   6.4e-15   54.0   0.0   1   1   3.5e-17   1.6e-14   52.7   0.0    35   294   224   514   217   523 0.78 -
TRINITY_DN1776_c0_g4_i2:43-1407    -            455 5076at3041           -            303   7.2e-15   53.9   0.0   1   1   2.5e-17   1.2e-14   53.2   0.0    38   288   155   428   148   441 0.79 -
TRINITY_DN1776_c0_g5_i1:8-1042     -            345 5076at3041           -            303     0.019   13.1   3.6   1   2    0.0089       4.1    5.4   1.2    38   104   126   197    94   228 0.71 -
TRINITY_DN1776_c0_g5_i1:8-1042     -            345 5076at3041           -            303     0.019   13.1   3.6   2   2    0.0013      0.59    8.2   0.0   192   234   303   345   267   345 0.83 -
#
# Program:         hmmsearch
# Version:         3.2.1 (June 2018)
# Pipeline mode:   SEARCH
# Query file:      /sw/bioinfo/BUSCO/v5_lineage_sets/lineages/chlorophyta_odb10/hmms/5076at3041.hmm
# Target file:     /crex/proj/snic2022-23-81/expression_algae/code/busco/trinity_VA-3180-Osg10Sin/run_chlorophyta_odb10/metaeuk_output/initial_results/trinity_VA-3180-Osg10Sin.Trinity.fasta.modified.fas
# Option settings: hmmsearch --domtblout /crex/proj/snic2022-23-81/expression_algae/code/busco/trinity_VA-3180-Osg10Sin/run_chlorophyta_odb10/hmmer_output/initial_run_results/5076at3041.out --cpu 1 /sw/bioinfo/BUSCO/v5_lineage_sets/lineages/chlorophyta_odb10/hmms/5076at3041.hmm /crex/proj/snic2022-23-81/expression_algae/code/busco/trinity_VA-3180-Osg10Sin/run_chlorophyta_odb10/metaeuk_output/initial_results/trinity_VA-3180-Osg10Sin.Trinity.fasta.modified.fas 
# Current dir:     /crex/proj/snic2022-23-81/expression_algae/code/busco
# Date:            Fri Sep 23 10:12:48 2022
# [ok]
