#                                                                                         --- full sequence --- -------------- this domain -------------   hmm coord   ali coord   env coord
# target name                     accession   tlen query name           accession   qlen   E-value  score  bias   #  of  c-Evalue  i-Evalue  score  bias  from    to  from    to  from    to  acc description of target
#             ------------------- ---------- ----- -------------------- ---------- ----- --------- ------ ----- --- --- --------- --------- ------ ----- ----- ----- ----- ----- ----- ----- ---- ---------------------
TRINITY_DN251_c0_g1_i6:3927-5219  -            431 5426at3041           -            606   8.1e-11   39.8   0.0   1   3       4.8   7.5e+02   -3.0   0.0   179   196     3    20     2    25 0.86 -
TRINITY_DN251_c0_g1_i6:3927-5219  -            431 5426at3041           -            606   8.1e-11   39.8   0.0   2   3   2.7e-05    0.0042   14.3   0.0   256   303    74   121    53   129 0.91 -
TRINITY_DN251_c0_g1_i6:3927-5219  -            431 5426at3041           -            606   8.1e-11   39.8   0.0   3   3   8.3e-08   1.3e-05   22.6   0.0   174   311   176   309   168   330 0.87 -
TRINITY_DN251_c0_g1_i1:3927-5219  -            431 5426at3041           -            606   6.7e-10   36.8   0.0   1   3       4.8   7.5e+02   -3.0   0.0   179   196     3    20     2    25 0.86 -
TRINITY_DN251_c0_g1_i1:3927-5219  -            431 5426at3041           -            606   6.7e-10   36.8   0.0   2   3   2.7e-05    0.0042   14.3   0.0   256   303    74   121    53   129 0.91 -
TRINITY_DN251_c0_g1_i1:3927-5219  -            431 5426at3041           -            606   6.7e-10   36.8   0.0   3   3   6.8e-07    0.0001   19.6   0.0   179   311   181   309   169   330 0.87 -
TRINITY_DN251_c0_g1_i3:3927-5219  -            431 5426at3041           -            606   6.7e-10   36.8   0.0   1   3       4.8   7.5e+02   -3.0   0.0   179   196     3    20     2    25 0.86 -
TRINITY_DN251_c0_g1_i3:3927-5219  -            431 5426at3041           -            606   6.7e-10   36.8   0.0   2   3   2.7e-05    0.0042   14.3   0.0   256   303    74   121    53   129 0.91 -
TRINITY_DN251_c0_g1_i3:3927-5219  -            431 5426at3041           -            606   6.7e-10   36.8   0.0   3   3   6.8e-07    0.0001   19.6   0.0   179   311   181   309   169   330 0.87 -
TRINITY_DN251_c0_g1_i4:3925-5217  -            431 5426at3041           -            606   6.7e-10   36.8   0.0   1   3       4.8   7.5e+02   -3.0   0.0   179   196     3    20     2    25 0.86 -
TRINITY_DN251_c0_g1_i4:3925-5217  -            431 5426at3041           -            606   6.7e-10   36.8   0.0   2   3   2.7e-05    0.0042   14.3   0.0   256   303    74   121    53   129 0.91 -
TRINITY_DN251_c0_g1_i4:3925-5217  -            431 5426at3041           -            606   6.7e-10   36.8   0.0   3   3   6.8e-07    0.0001   19.6   0.0   179   311   181   309   169   330 0.87 -
TRINITY_DN251_c0_g1_i8:3925-5217  -            431 5426at3041           -            606   6.7e-10   36.8   0.0   1   3       4.8   7.5e+02   -3.0   0.0   179   196     3    20     2    25 0.86 -
TRINITY_DN251_c0_g1_i8:3925-5217  -            431 5426at3041           -            606   6.7e-10   36.8   0.0   2   3   2.7e-05    0.0042   14.3   0.0   256   303    74   121    53   129 0.91 -
TRINITY_DN251_c0_g1_i8:3925-5217  -            431 5426at3041           -            606   6.7e-10   36.8   0.0   3   3   6.8e-07    0.0001   19.6   0.0   179   311   181   309   169   330 0.87 -
TRINITY_DN36732_c0_g1_i1:66-935   -            290 5426at3041           -            606   1.2e-08   32.6   3.0   1   2   0.00026      0.04   11.1   0.5   179   303     1   118     1   130 0.76 -
TRINITY_DN36732_c0_g1_i1:66-935   -            290 5426at3041           -            606   1.2e-08   32.6   3.0   2   2   6.6e-07    0.0001   19.7   0.1   180   300   174   290   166   290 0.80 -
TRINITY_DN2203_c0_g1_i10:105-1385 -            427 5426at3041           -            606   8.9e-07   26.5   0.2   1   2   6.2e-05    0.0095   13.2   0.0   262   311    79   128    73   137 0.92 -
TRINITY_DN2203_c0_g1_i10:105-1385 -            427 5426at3041           -            606   8.9e-07   26.5   0.2   2   2   0.00036     0.056   10.6   0.1   179   304   177   298   170   312 0.67 -
TRINITY_DN2203_c0_g1_i1:105-1385  -            427 5426at3041           -            606   8.9e-07   26.5   0.2   1   2   6.2e-05    0.0095   13.2   0.0   262   311    79   128    73   137 0.92 -
TRINITY_DN2203_c0_g1_i1:105-1385  -            427 5426at3041           -            606   8.9e-07   26.5   0.2   2   2   0.00036     0.056   10.6   0.1   179   304   177   298   170   312 0.67 -
TRINITY_DN2203_c0_g1_i5:105-1385  -            427 5426at3041           -            606   8.9e-07   26.5   0.2   1   2   6.2e-05    0.0095   13.2   0.0   262   311    79   128    73   137 0.92 -
TRINITY_DN2203_c0_g1_i5:105-1385  -            427 5426at3041           -            606   8.9e-07   26.5   0.2   2   2   0.00036     0.056   10.6   0.1   179   304   177   298   170   312 0.67 -
TRINITY_DN2203_c0_g1_i6:105-1385  -            427 5426at3041           -            606   8.9e-07   26.5   0.2   1   2   6.2e-05    0.0095   13.2   0.0   262   311    79   128    73   137 0.92 -
TRINITY_DN2203_c0_g1_i6:105-1385  -            427 5426at3041           -            606   8.9e-07   26.5   0.2   2   2   0.00036     0.056   10.6   0.1   179   304   177   298   170   312 0.67 -
TRINITY_DN2203_c0_g1_i8:105-1385  -            427 5426at3041           -            606   8.9e-07   26.5   0.2   1   2   6.2e-05    0.0095   13.2   0.0   262   311    79   128    73   137 0.92 -
TRINITY_DN2203_c0_g1_i8:105-1385  -            427 5426at3041           -            606   8.9e-07   26.5   0.2   2   2   0.00036     0.056   10.6   0.1   179   304   177   298   170   312 0.67 -
TRINITY_DN15459_c0_g1_i1:4-1065   -            354 5426at3041           -            606   2.4e-06   25.1   1.3   1   2      0.98   1.5e+02   -0.7   0.1   263   305     2    44     1    50 0.73 -
TRINITY_DN15459_c0_g1_i1:4-1065   -            354 5426at3041           -            606   2.4e-06   25.1   1.3   2   2   3.2e-08     5e-06   24.0   0.2   178   336    96   250    83   257 0.81 -
TRINITY_DN9879_c0_g2_i1:612-1088  -            159 5426at3041           -            606   7.5e-06   23.4   0.5   1   1   1.1e-07   1.7e-05   22.2   0.5   179   309     1   124     1   149 0.85 -
TRINITY_DN4032_c0_g1_i1:1825-2814 -            330 5426at3041           -            606   1.2e-05   22.7   0.2   1   3       4.1   6.3e+02   -2.8   0.0   179   197     3    21     2    27 0.84 -
TRINITY_DN4032_c0_g1_i1:1825-2814 -            330 5426at3041           -            606   1.2e-05   22.7   0.2   2   3       7.5   1.2e+03   -3.6   0.0   263   304    83   124    81   129 0.72 -
TRINITY_DN4032_c0_g1_i1:1825-2814 -            330 5426at3041           -            606   1.2e-05   22.7   0.2   3   3   4.4e-07   6.8e-05   20.2   0.1   179   312   177   306   165   315 0.85 -
TRINITY_DN6548_c0_g1_i2:1071-1547 -            159 5426at3041           -            606   2.3e-05   21.8   0.6   1   1   8.3e-07   0.00013   19.3   0.6   179   308     1   123     1   150 0.76 -
TRINITY_DN6548_c0_g1_i1:1071-1547 -            159 5426at3041           -            606   3.9e-05   21.0   0.7   1   1   1.4e-06   0.00022   18.6   0.7   179   311     1   126     1   151 0.74 -
TRINITY_DN17880_c1_g1_i1:65-205   -             47 5426at3041           -            606   9.3e-05   19.8   0.0   1   1   6.1e-07   9.3e-05   19.8   0.0   179   204     1    26     1    42 0.82 -
TRINITY_DN48865_c0_g1_i1:504-674  -             57 5426at3041           -            606   0.00013   19.3   0.0   1   1   8.7e-07   0.00013   19.3   0.0   179   212     1    34     1    49 0.84 -
TRINITY_DN85866_c0_g1_i1:17-436   -            140 5426at3041           -            606   0.00024   18.4   0.0   1   1   1.7e-06   0.00027   18.3   0.0   179   274    39   130    17   139 0.76 -
TRINITY_DN36631_c0_g1_i1:3-728    -            242 5426at3041           -            606   0.00046   17.5   0.1   1   1   1.9e-05    0.0029   14.9   0.1   178   329    85   230    26   238 0.76 -
TRINITY_DN36631_c0_g1_i2:0-1049   -            350 5426at3041           -            606   0.00053   17.3   0.5   1   2      0.56        87    0.1   0.0   290   308     1    19     1    25 0.89 -
TRINITY_DN36631_c0_g1_i2:0-1049   -            350 5426at3041           -            606   0.00053   17.3   0.5   2   2   5.1e-05    0.0079   13.4   0.2   178   330    86   232    27   240 0.76 -
TRINITY_DN82972_c0_g1_i1:720-887  -             56 5426at3041           -            606   0.00066   17.0   0.0   1   1   4.4e-06   0.00067   17.0   0.0   179   221     1    43     1    54 0.84 -
TRINITY_DN33615_c0_g3_i1:33-152   -             40 5426at3041           -            606    0.0015   15.8   0.0   1   1   9.8e-06    0.0015   15.8   0.0   179   213     1    36     1    40 0.88 -
TRINITY_DN16522_c0_g1_i1:285-386  -             34 5426at3041           -            606    0.0023   15.2   0.0   1   1   1.5e-05    0.0023   15.2   0.0   179   207     1    29     1    34 0.81 -
TRINITY_DN9879_c0_g2_i3:304-489   -             62 5426at3041           -            606    0.0031   14.8   0.0   1   1     2e-05    0.0031   14.8   0.0   179   215     1    37     1    57 0.82 -
TRINITY_DN59974_c0_g1_i1:59-241   -             61 5426at3041           -            606    0.0032   14.7   0.0   1   1   2.3e-05    0.0035   14.6   0.0   182   216     2    36     1    55 0.83 -
TRINITY_DN33615_c0_g2_i2:233-400  -             56 5426at3041           -            606    0.0033   14.7   0.1   1   1   2.2e-05    0.0034   14.6   0.1   179   213     1    36     1    45 0.88 -
TRINITY_DN33615_c0_g1_i1:1-789    -            263 5426at3041           -            606    0.0036   14.5   0.5   1   2       5.5   8.5e+02   -3.2   0.1   418   426   135   143   105   169 0.47 -
TRINITY_DN33615_c0_g1_i1:1-789    -            263 5426at3041           -            606    0.0036   14.5   0.5   2   2   3.1e-05    0.0048   14.1   0.0   152   213   185   249   170   255 0.75 -
TRINITY_DN92835_c0_g1_i1:159-269  -             37 5426at3041           -            606     0.015   12.5   0.0   1   1   9.7e-05     0.015   12.5   0.0   179   213     1    36     1    37 0.80 -
TRINITY_DN2145_c0_g1_i5:153-320   -             56 5426at3041           -            606     0.015   12.5   0.0   1   1    0.0001     0.016   12.4   0.0   179   213     1    36     1    44 0.88 -
TRINITY_DN16051_c0_g1_i1:4-183    -             60 5426at3041           -            606     0.016   12.5   0.0   1   1    0.0001     0.016   12.5   0.0   179   201     1    23     1    43 0.88 -
TRINITY_DN60724_c0_g1_i1:1-165    -             55 5426at3041           -            606     0.016   12.4   0.0   1   1   0.00011     0.016   12.4   0.0   179   203     1    25     1    53 0.74 -
TRINITY_DN33615_c0_g2_i1:110-814  -            235 5426at3041           -            606     0.018   12.2   0.1   1   1   0.00017     0.026   11.7   0.1   179   213     3    38     1   134 0.91 -
TRINITY_DN87_c0_g1_i14:98-2088    -            617 5426at3041           -            606     0.021   12.0   0.0   1   2     0.051       7.9    3.5   0.0   264   308   227   273   223   283 0.77 -
TRINITY_DN87_c0_g1_i14:98-2088    -            617 5426at3041           -            606     0.021   12.0   0.0   2   2    0.0096       1.5    5.9   0.0   179   208   322   351   304   367 0.76 -
TRINITY_DN87_c0_g1_i25:98-1948    -            617 5426at3041           -            606     0.021   12.0   0.0   1   2     0.051       7.9    3.5   0.0   264   308   227   273   223   283 0.77 -
TRINITY_DN87_c0_g1_i25:98-1948    -            617 5426at3041           -            606     0.021   12.0   0.0   2   2    0.0096       1.5    5.9   0.0   179   208   322   351   304   367 0.76 -
TRINITY_DN125_c0_g1_i1:1442-2032  -            197 5426at3041           -            606     0.031   11.5   0.1   1   1   0.00032     0.049   10.8   0.1   178   204    13    39     9    50 0.86 -
TRINITY_DN125_c0_g1_i3:1450-2040  -            197 5426at3041           -            606     0.031   11.5   0.1   1   1   0.00032     0.049   10.8   0.1   178   204    13    39     9    50 0.86 -
TRINITY_DN125_c0_g1_i5:1442-2032  -            197 5426at3041           -            606     0.031   11.5   0.1   1   1   0.00032     0.049   10.8   0.1   178   204    13    39     9    50 0.86 -
TRINITY_DN125_c0_g1_i9:1442-2032  -            197 5426at3041           -            606     0.031   11.5   0.1   1   1   0.00032     0.049   10.8   0.1   178   204    13    39     9    50 0.86 -
TRINITY_DN87_c0_g1_i12:362-2328   -            391 5426at3041           -            606     0.041   11.1   0.0   1   2      0.18        28    1.7   0.0   282   305    14    40     4    50 0.81 -
TRINITY_DN87_c0_g1_i12:362-2328   -            391 5426at3041           -            606     0.041   11.1   0.0   2   2    0.0052      0.81    6.8   0.0   179   208    93   122    75   140 0.76 -
TRINITY_DN16796_c0_g1_i1:150-317  -             56 5426at3041           -            606      0.05   10.8   0.0   1   1   0.00032      0.05   10.8   0.0   179   222     1    45     1    54 0.76 -
TRINITY_DN6541_c0_g4_i1:0-167     -             56 5426at3041           -            606     0.051   10.7   0.0   1   1   0.00033     0.051   10.7   0.0   179   201     1    23     1    47 0.87 -
TRINITY_DN6541_c0_g3_i2:28-1230   -            401 5426at3041           -            606     0.067   10.4   0.0   1   2       0.2        31    1.6   0.0   263   304    50    91    44    96 0.91 -
TRINITY_DN6541_c0_g3_i2:28-1230   -            401 5426at3041           -            606     0.067   10.4   0.0   2   2     0.011       1.7    5.8   0.1   180   305   146   264   141   282 0.72 -
TRINITY_DN6541_c0_g3_i1:28-1230   -            401 5426at3041           -            606     0.068   10.3   0.0   1   2       0.2        31    1.6   0.0   263   304    50    91    44    96 0.91 -
TRINITY_DN6541_c0_g3_i1:28-1230   -            401 5426at3041           -            606     0.068   10.3   0.0   2   2     0.011       1.7    5.8   0.0   180   305   146   264   141   282 0.72 -
TRINITY_DN27386_c0_g1_i1:43-231   -             63 5426at3041           -            606     0.093    9.9   0.0   1   1    0.0006     0.093    9.9   0.0   179   216     1    38     1    55 0.79 -
#
# Program:         hmmsearch
# Version:         3.2.1 (June 2018)
# Pipeline mode:   SEARCH
# Query file:      /sw/bioinfo/BUSCO/v5_lineage_sets/lineages/chlorophyta_odb10/hmms/5426at3041.hmm
# Target file:     /crex/proj/snic2022-23-81/expression_algae/code/busco/trinity_VA-3180-Osg10Sin/run_chlorophyta_odb10/metaeuk_output/initial_results/trinity_VA-3180-Osg10Sin.Trinity.fasta.modified.fas
# Option settings: hmmsearch --domtblout /crex/proj/snic2022-23-81/expression_algae/code/busco/trinity_VA-3180-Osg10Sin/run_chlorophyta_odb10/hmmer_output/initial_run_results/5426at3041.out --cpu 1 /sw/bioinfo/BUSCO/v5_lineage_sets/lineages/chlorophyta_odb10/hmms/5426at3041.hmm /crex/proj/snic2022-23-81/expression_algae/code/busco/trinity_VA-3180-Osg10Sin/run_chlorophyta_odb10/metaeuk_output/initial_results/trinity_VA-3180-Osg10Sin.Trinity.fasta.modified.fas 
# Current dir:     /crex/proj/snic2022-23-81/expression_algae/code/busco
# Date:            Fri Sep 23 10:12:45 2022
# [ok]
