#                                                                                          --- full sequence --- -------------- this domain -------------   hmm coord   ali coord   env coord
# target name                      accession   tlen query name           accession   qlen   E-value  score  bias   #  of  c-Evalue  i-Evalue  score  bias  from    to  from    to  from    to  acc description of target
#              ------------------- ---------- ----- -------------------- ---------- ----- --------- ------ ----- --- --- --------- --------- ------ ----- ----- ----- ----- ----- ----- ----- ---- ---------------------
TRINITY_DN52_c0_g1_i15:72-1094     -            341 5547at3041           -            453   3.5e-23   80.5   0.8   1   1     2e-25   4.6e-23   80.2   0.8     3    68     1    70     1    74 0.92 -
TRINITY_DN52_c0_g1_i23:72-1094     -            341 5547at3041           -            453   3.5e-23   80.5   0.8   1   1     2e-25   4.6e-23   80.2   0.8     3    68     1    70     1    74 0.92 -
TRINITY_DN52_c0_g1_i7:72-1094      -            341 5547at3041           -            453   3.5e-23   80.5   0.8   1   1     2e-25   4.6e-23   80.2   0.8     3    68     1    70     1    74 0.92 -
TRINITY_DN9291_c0_g1_i1:70-252     -             61 5547at3041           -            453     6e-21   73.2   2.0   1   1   2.9e-23   6.7e-21   73.0   2.0     4    60     1    61     1    61 0.92 -
TRINITY_DN17194_c0_g1_i1:167-364   -             66 5547at3041           -            453   1.1e-19   69.0   5.7   1   1   5.3e-22   1.2e-19   68.9   5.7     1    60     3    66     3    66 0.95 -
TRINITY_DN85143_c0_g1_i1:80-268    -             63 5547at3041           -            453   1.2e-18   65.6   2.7   1   1   5.6e-21   1.3e-18   65.5   2.7     4    60     1    63     1    63 0.90 -
TRINITY_DN2260_c0_g1_i10:246-425   -             60 5547at3041           -            453   2.7e-18   64.4   0.3   1   1   1.2e-20   2.8e-18   64.4   0.3     2    56     2    59     1    60 0.92 -
TRINITY_DN2260_c0_g1_i5:155-334    -             60 5547at3041           -            453   2.7e-18   64.4   0.3   1   1   1.2e-20   2.8e-18   64.4   0.3     2    56     2    59     1    60 0.92 -
TRINITY_DN2260_c0_g1_i6:155-334    -             60 5547at3041           -            453   3.8e-18   63.9   0.2   1   1   1.7e-20     4e-18   63.9   0.2     2    56     2    59     1    60 0.92 -
TRINITY_DN9812_c0_g1_i1:9-191      -             61 5547at3041           -            453   7.9e-17   59.6   1.0   1   1   3.6e-19   8.4e-17   59.5   1.0     4    60     1    61     1    61 0.91 -
TRINITY_DN80176_c0_g1_i1:25-195    -             57 5547at3041           -            453   1.6e-16   58.6   0.6   1   1   7.4e-19   1.7e-16   58.5   0.6     7    60     1    57     1    57 0.92 -
TRINITY_DN2730_c0_g1_i2:52-198     -             49 5547at3041           -            453   2.1e-16   58.2   0.1   1   1   9.5e-19   2.2e-16   58.1   0.1     4    52     1    49     1    49 0.98 -
TRINITY_DN51731_c0_g1_i1:150-344   -             65 5547at3041           -            453   2.3e-16   58.0   3.1   1   1   1.1e-18   2.5e-16   57.9   3.1     1    60     3    65     3    65 0.92 -
TRINITY_DN17991_c0_g1_i1:19-471    -            151 5547at3041           -            453   1.1e-15   55.8   0.4   1   1   5.7e-18   1.3e-15   55.6   0.4     6    63     1    63     1    85 0.91 -
TRINITY_DN9291_c0_g2_i1:97-279     -             61 5547at3041           -            453   1.8e-15   55.2   1.3   1   1   8.3e-18   1.9e-15   55.0   1.3     4    60     1    61     1    61 0.94 -
TRINITY_DN64123_c0_g1_i1:208-438   -             77 5547at3041           -            453     5e-15   53.7   0.2   1   1   6.1e-17   1.4e-14   52.2   0.2     3    63     2    76     1    77 0.82 -
TRINITY_DN7415_c0_g1_i1:85-261     -             59 5547at3041           -            453   6.1e-15   53.4   0.5   1   1   2.9e-17   6.6e-15   53.3   0.5    11    60     7    59     4    59 0.90 -
TRINITY_DN68031_c0_g1_i1:1-162     -             54 5547at3041           -            453   2.2e-14   51.5   0.9   1   1   1.1e-16   2.5e-14   51.4   0.9     1    47     3    54     3    54 0.90 -
TRINITY_DN69584_c0_g1_i1:10-291    -             94 5547at3041           -            453   4.5e-13   47.2   0.0   1   1   2.2e-15   5.1e-13   47.0   0.0     4    60     1    59     1    67 0.91 -
TRINITY_DN85942_c0_g1_i3:376-555   -             60 5547at3041           -            453   2.8e-11   41.3   0.3   1   1   1.3e-13   3.1e-11   41.2   0.3     4    60     1    60     1    60 0.93 -
TRINITY_DN16122_c0_g2_i1:3-176     -             58 5547at3041           -            453   4.2e-11   40.7   0.1   1   1     2e-13   4.5e-11   40.6   0.1     2    52     4    58     3    58 0.91 -
TRINITY_DN90483_c0_g1_i1:22-330    -            103 5547at3041           -            453   4.3e-10   37.4   2.5   1   1   1.9e-12   4.3e-10   37.4   2.5     4    60     9    71     6   103 0.78 -
TRINITY_DN98441_c0_g1_i1:2-178     -             59 5547at3041           -            453   8.4e-10   36.4   0.1   1   1   3.7e-12   8.5e-10   36.4   0.1     6    57     3    57     1    59 0.91 -
TRINITY_DN5695_c0_g1_i1:154-921    -            256 5547at3041           -            453   9.9e-09   32.9   0.4   1   1     7e-11   1.6e-08   32.2   0.4     2    60    67   139    66   141 0.80 -
TRINITY_DN70638_c0_g1_i1:7-207     -             67 5547at3041           -            453   1.4e-08   32.4   0.3   1   1   7.7e-11   1.8e-08   32.1   0.3    14    57     1    48     1    51 0.89 -
TRINITY_DN85942_c0_g1_i2:367-546   -             60 5547at3041           -            453   1.6e-08   32.2   0.2   1   1   7.7e-11   1.8e-08   32.1   0.2    16    61     4    52     1    56 0.89 -
TRINITY_DN53484_c0_g1_i1:294-446   -             51 5547at3041           -            453   1.9e-08   32.0   0.1   1   1   8.5e-11     2e-08   31.9   0.1     7    51     1    49     1    51 0.83 -
TRINITY_DN15695_c0_g1_i3:1394-1564 -             57 5547at3041           -            453   1.9e-08   31.9   0.1   1   1   8.7e-11     2e-08   31.9   0.1     6    56     3    57     1    57 0.88 -
TRINITY_DN45017_c0_g1_i1:97-207    -             37 5547at3041           -            453   7.1e-08   30.1   0.0   1   1   3.3e-10   7.6e-08   30.0   0.0     4    35     1    32     1    36 0.92 -
TRINITY_DN61355_c0_g1_i1:112-219   -             36 5547at3041           -            453   1.5e-06   25.7   0.1   1   1   6.8e-09   1.6e-06   25.6   0.1     1    33     3    35     3    36 0.97 -
#
# Program:         hmmsearch
# Version:         3.2.1 (June 2018)
# Pipeline mode:   SEARCH
# Query file:      /sw/bioinfo/BUSCO/v5_lineage_sets/lineages/chlorophyta_odb10/hmms/5547at3041.hmm
# Target file:     /crex/proj/snic2022-23-81/expression_algae/code/busco/trinity_VA-3180-Osg10Sin/run_chlorophyta_odb10/metaeuk_output/initial_results/trinity_VA-3180-Osg10Sin.Trinity.fasta.modified.fas
# Option settings: hmmsearch --domtblout /crex/proj/snic2022-23-81/expression_algae/code/busco/trinity_VA-3180-Osg10Sin/run_chlorophyta_odb10/hmmer_output/initial_run_results/5547at3041.out --cpu 1 /sw/bioinfo/BUSCO/v5_lineage_sets/lineages/chlorophyta_odb10/hmms/5547at3041.hmm /crex/proj/snic2022-23-81/expression_algae/code/busco/trinity_VA-3180-Osg10Sin/run_chlorophyta_odb10/metaeuk_output/initial_results/trinity_VA-3180-Osg10Sin.Trinity.fasta.modified.fas 
# Current dir:     /crex/proj/snic2022-23-81/expression_algae/code/busco
# Date:            Fri Sep 23 10:12:44 2022
# [ok]
