#                                                                                        --- full sequence --- -------------- this domain -------------   hmm coord   ali coord   env coord
# target name                    accession   tlen query name           accession   qlen   E-value  score  bias   #  of  c-Evalue  i-Evalue  score  bias  from    to  from    to  from    to  acc description of target
#            ------------------- ---------- ----- -------------------- ---------- ----- --------- ------ ----- --- --- --------- --------- ------ ----- ----- ----- ----- ----- ----- ----- ---- ---------------------
TRINITY_DN12120_c0_g1_i1:182-646 -            155 5705at3041           -            178   6.2e-66  220.5   1.5   1   1   1.2e-68     7e-66  220.3   1.5     1   141     4   155     4   155 0.95 -
TRINITY_DN7237_c0_g2_i1:63-752   -            230 5705at3041           -            178   1.6e-37  128.0   4.1   1   2   2.8e-40   1.6e-37  128.0   4.1     5   163     3   174     1   185 0.85 -
TRINITY_DN7237_c0_g2_i1:63-752   -            230 5705at3041           -            178   1.6e-37  128.0   4.1   2   2     0.043        25    3.6   2.0   155   178   204   230   177   230 0.65 -
TRINITY_DN65602_c0_g1_i1:1-471   -            157 5705at3041           -            178   4.1e-37  126.6   1.0   1   1   8.3e-40   4.8e-37  126.4   1.0    10   151     1   155     1   157 0.91 -
TRINITY_DN16187_c0_g1_i1:67-567  -            167 5705at3041           -            178   6.7e-37  125.9   4.2   1   1   1.3e-39   7.7e-37  125.7   4.2     5   151     3   162     1   166 0.89 -
TRINITY_DN22269_c0_g1_i1:39-635  -            199 5705at3041           -            178   3.3e-36  123.7   4.8   1   1   7.4e-39   4.3e-36  123.3   4.8     6   161    16   187    11   197 0.85 -
TRINITY_DN7237_c0_g1_i2:933-1622 -            230 5705at3041           -            178   4.2e-36  123.3   1.7   1   2   7.3e-39   4.2e-36  123.3   1.7     5   151     1   160     1   174 0.87 -
TRINITY_DN7237_c0_g1_i2:933-1622 -            230 5705at3041           -            178   4.2e-36  123.3   1.7   2   2     0.021        12    4.6   1.2   154   178   201   228   165   228 0.60 -
TRINITY_DN1039_c0_g2_i3:92-778   -            229 5705at3041           -            178   1.9e-35  121.2   2.9   1   3   3.3e-38   1.9e-35  121.2   2.9     5   157     1   166     1   172 0.87 -
TRINITY_DN1039_c0_g2_i3:92-778   -            229 5705at3041           -            178   1.9e-35  121.2   2.9   2   3       1.5   8.4e+02   -1.4   0.0   101   129   174   201   166   210 0.64 -
TRINITY_DN1039_c0_g2_i3:92-778   -            229 5705at3041           -            178   1.9e-35  121.2   2.9   3   3     0.051        29    3.3   1.2   159   178   209   228   176   228 0.77 -
TRINITY_DN1039_c0_g2_i4:92-778   -            229 5705at3041           -            178   3.9e-35  120.2   3.3   1   2   6.8e-38   3.9e-35  120.2   3.3     5   157     1   166     1   171 0.86 -
TRINITY_DN1039_c0_g2_i4:92-778   -            229 5705at3041           -            178   3.9e-35  120.2   3.3   2   2     0.057        33    3.2   1.6   159   178   209   228   176   228 0.69 -
TRINITY_DN1039_c0_g2_i9:92-778   -            229 5705at3041           -            178   3.9e-35  120.2   3.3   1   2   6.8e-38   3.9e-35  120.2   3.3     5   157     1   166     1   171 0.86 -
TRINITY_DN1039_c0_g2_i9:92-778   -            229 5705at3041           -            178   3.9e-35  120.2   3.3   2   2     0.057        33    3.2   1.6   159   178   209   228   176   228 0.69 -
TRINITY_DN1039_c0_g2_i10:63-749  -            229 5705at3041           -            178   4.7e-35  119.9   3.2   1   2   8.1e-38   4.7e-35  119.9   3.2     5   157     1   166     1   172 0.86 -
TRINITY_DN1039_c0_g2_i10:63-749  -            229 5705at3041           -            178   4.7e-35  119.9   3.2   2   2     0.048        28    3.4   1.3   159   178   209   228   172   228 0.74 -
TRINITY_DN64574_c0_g1_i1:106-810 -            235 5705at3041           -            178   2.4e-33  114.4   3.2   1   2   4.1e-36   2.4e-33  114.4   3.2     1   154     2   168     2   187 0.88 -
TRINITY_DN64574_c0_g1_i1:106-810 -            235 5705at3041           -            178   2.4e-33  114.4   3.2   2   2      0.13        73    2.0   0.8   159   177   214   232   176   233 0.74 -
TRINITY_DN3012_c0_g1_i1:57-1187  -            377 5705at3041           -            178     0.063   12.0   0.0   1   1   0.00017     0.096   11.4   0.0    76   175    80   179    69   182 0.81 -
#
# Program:         hmmsearch
# Version:         3.2.1 (June 2018)
# Pipeline mode:   SEARCH
# Query file:      /sw/bioinfo/BUSCO/v5_lineage_sets/lineages/chlorophyta_odb10/hmms/5705at3041.hmm
# Target file:     /crex/proj/snic2022-23-81/expression_algae/code/busco/trinity_VA-3180-Osg10Sin/run_chlorophyta_odb10/metaeuk_output/initial_results/trinity_VA-3180-Osg10Sin.Trinity.fasta.modified.fas
# Option settings: hmmsearch --domtblout /crex/proj/snic2022-23-81/expression_algae/code/busco/trinity_VA-3180-Osg10Sin/run_chlorophyta_odb10/hmmer_output/initial_run_results/5705at3041.out --cpu 1 /sw/bioinfo/BUSCO/v5_lineage_sets/lineages/chlorophyta_odb10/hmms/5705at3041.hmm /crex/proj/snic2022-23-81/expression_algae/code/busco/trinity_VA-3180-Osg10Sin/run_chlorophyta_odb10/metaeuk_output/initial_results/trinity_VA-3180-Osg10Sin.Trinity.fasta.modified.fas 
# Current dir:     /crex/proj/snic2022-23-81/expression_algae/code/busco
# Date:            Fri Sep 23 10:12:45 2022
# [ok]
