#                                                                                         --- full sequence --- -------------- this domain -------------   hmm coord   ali coord   env coord
# target name                     accession   tlen query name           accession   qlen   E-value  score  bias   #  of  c-Evalue  i-Evalue  score  bias  from    to  from    to  from    to  acc description of target
#             ------------------- ---------- ----- -------------------- ---------- ----- --------- ------ ----- --- --- --------- --------- ------ ----- ----- ----- ----- ----- ----- ----- ---- ---------------------
TRINITY_DN24005_c0_g1_i1:110-595  -            162 5934at3041           -            199   3.4e-44  149.3   0.1   1   2   4.7e-46     3e-43  146.3   0.0     1    99    24   130    24   135 0.91 -
TRINITY_DN24005_c0_g1_i1:110-595  -            162 5934at3041           -            199   3.4e-44  149.3   0.1   2   2     0.098        62    1.6   0.0    80   106   134   162   127   162 0.77 -
TRINITY_DN22188_c0_g1_i6:252-1034 -            261 5934at3041           -            199   1.1e-25   88.9   0.1   1   2   3.3e-21   2.1e-18   65.2   0.0     3    99     8   113     6   123 0.86 -
TRINITY_DN22188_c0_g1_i6:252-1034 -            261 5934at3041           -            199   1.1e-25   88.9   0.1   2   2   5.7e-08   3.6e-05   22.0   0.0    86   196   141   261   119   261 0.70 -
TRINITY_DN22188_c0_g1_i7:252-1034 -            261 5934at3041           -            199   7.9e-25   86.1   0.1   1   2   2.8e-20   1.7e-17   62.2   0.0     3    99     8   113     6   123 0.86 -
TRINITY_DN22188_c0_g1_i7:252-1034 -            261 5934at3041           -            199   7.9e-25   86.1   0.1   2   2   4.7e-08     3e-05   22.2   0.0    84   196   136   261   119   261 0.70 -
TRINITY_DN22188_c0_g1_i1:533-1315 -            261 5934at3041           -            199   9.4e-25   85.9   0.1   1   2   2.7e-20   1.7e-17   62.2   0.0     3    99     8   113     6   123 0.86 -
TRINITY_DN22188_c0_g1_i1:533-1315 -            261 5934at3041           -            199   9.4e-25   85.9   0.1   2   2   5.7e-08   3.6e-05   22.0   0.0    86   196   141   261   119   261 0.70 -
TRINITY_DN6280_c0_g1_i2:1055-1894 -            280 5934at3041           -            199   1.4e-23   82.1   0.0   1   2   1.6e-20     1e-17   62.9   0.0     5    97     2   103     1   112 0.86 -
TRINITY_DN6280_c0_g1_i2:1055-1894 -            280 5934at3041           -            199   1.4e-23   82.1   0.0   2   2   5.8e-06    0.0037   15.4   0.0    84   196   150   280   135   280 0.68 -
TRINITY_DN6280_c0_g1_i4:1839-2678 -            280 5934at3041           -            199   1.4e-23   82.1   0.0   1   2   1.6e-20     1e-17   62.9   0.0     5    97     2   103     1   112 0.86 -
TRINITY_DN6280_c0_g1_i4:1839-2678 -            280 5934at3041           -            199   1.4e-23   82.1   0.0   2   2   5.8e-06    0.0037   15.4   0.0    84   196   150   280   135   280 0.68 -
TRINITY_DN6280_c0_g1_i5:969-1808  -            280 5934at3041           -            199   1.4e-23   82.1   0.0   1   2   1.6e-20     1e-17   62.9   0.0     5    97     2   103     1   112 0.86 -
TRINITY_DN6280_c0_g1_i5:969-1808  -            280 5934at3041           -            199   1.4e-23   82.1   0.0   2   2   5.8e-06    0.0037   15.4   0.0    84   196   150   280   135   280 0.68 -
TRINITY_DN6280_c0_g1_i7:898-1737  -            280 5934at3041           -            199   1.4e-23   82.1   0.0   1   2   1.6e-20     1e-17   62.9   0.0     5    97     2   103     1   112 0.86 -
TRINITY_DN6280_c0_g1_i7:898-1737  -            280 5934at3041           -            199   1.4e-23   82.1   0.0   2   2   5.8e-06    0.0037   15.4   0.0    84   196   150   280   135   280 0.68 -
TRINITY_DN10509_c0_g1_i4:21-392   -            124 5934at3041           -            199   4.7e-17   60.7   0.0   1   1   8.7e-20   5.5e-17   60.5   0.0     5    96     2   102     1   110 0.85 -
TRINITY_DN10509_c0_g1_i1:570-959  -            130 5934at3041           -            199   8.1e-17   60.0   0.0   1   1   1.6e-19     1e-16   59.7   0.0     5    96     2   102     1   106 0.85 -
TRINITY_DN10509_c0_g1_i5:532-921  -            130 5934at3041           -            199   8.1e-17   60.0   0.0   1   1   1.6e-19     1e-16   59.7   0.0     5    96     2   102     1   106 0.85 -
#
# Program:         hmmsearch
# Version:         3.2.1 (June 2018)
# Pipeline mode:   SEARCH
# Query file:      /sw/bioinfo/BUSCO/v5_lineage_sets/lineages/chlorophyta_odb10/hmms/5934at3041.hmm
# Target file:     /crex/proj/snic2022-23-81/expression_algae/code/busco/trinity_VA-3180-Osg10Sin/run_chlorophyta_odb10/metaeuk_output/initial_results/trinity_VA-3180-Osg10Sin.Trinity.fasta.modified.fas
# Option settings: hmmsearch --domtblout /crex/proj/snic2022-23-81/expression_algae/code/busco/trinity_VA-3180-Osg10Sin/run_chlorophyta_odb10/hmmer_output/initial_run_results/5934at3041.out --cpu 1 /sw/bioinfo/BUSCO/v5_lineage_sets/lineages/chlorophyta_odb10/hmms/5934at3041.hmm /crex/proj/snic2022-23-81/expression_algae/code/busco/trinity_VA-3180-Osg10Sin/run_chlorophyta_odb10/metaeuk_output/initial_results/trinity_VA-3180-Osg10Sin.Trinity.fasta.modified.fas 
# Current dir:     /crex/proj/snic2022-23-81/expression_algae/code/busco
# Date:            Fri Sep 23 10:12:46 2022
# [ok]
