#                                                                                         --- full sequence --- -------------- this domain -------------   hmm coord   ali coord   env coord
# target name                     accession   tlen query name           accession   qlen   E-value  score  bias   #  of  c-Evalue  i-Evalue  score  bias  from    to  from    to  from    to  acc description of target
#             ------------------- ---------- ----- -------------------- ---------- ----- --------- ------ ----- --- --- --------- --------- ------ ----- ----- ----- ----- ----- ----- ----- ---- ---------------------
TRINITY_DN94083_c0_g1_i1:221-919  -            233 5982at3041           -            146   3.1e-27   94.1   0.8   1   2   1.3e-14   4.9e-12   44.8   0.3    61   133    35   109     3   110 0.86 -
TRINITY_DN94083_c0_g1_i1:221-919  -            233 5982at3041           -            146   3.1e-27   94.1   0.8   2   2   1.5e-15   5.9e-13   47.8   0.0    37   130   108   204   105   224 0.84 -
TRINITY_DN13454_c0_g2_i2:240-587  -            116 5982at3041           -            146   1.5e-19   69.2   8.5   1   2     9e-18   3.5e-15   55.0   3.4    36   128     1   102     1   102 0.86 -
TRINITY_DN13454_c0_g2_i2:240-587  -            116 5982at3041           -            146   1.5e-19   69.2   8.5   2   2   6.6e-08   2.5e-05   23.0   0.2    58   107    65   114    64   116 0.91 -
TRINITY_DN13454_c0_g2_i5:108-437  -            110 5982at3041           -            146   1.6e-17   62.6   2.4   1   1   4.7e-20   1.8e-17   62.4   2.4    30   128     1   102     1   108 0.95 -
TRINITY_DN13454_c0_g2_i4:48-377   -            110 5982at3041           -            146   2.4e-17   62.1   2.0   1   1   7.9e-20     3e-17   61.7   2.0    30   128     1   102     1   109 0.95 -
TRINITY_DN13454_c0_g2_i6:48-377   -            110 5982at3041           -            146   2.4e-17   62.1   2.0   1   1   7.9e-20     3e-17   61.7   2.0    30   128     1   102     1   109 0.95 -
TRINITY_DN1985_c0_g2_i1:288-641   -            118 5982at3041           -            146   1.4e-16   59.5   1.5   1   1   2.4e-17   9.1e-15   53.7   1.5    39   135     3   102     1   107 0.87 -
TRINITY_DN94518_c0_g1_i1:25-309   -             95 5982at3041           -            146   1.2e-15   56.5   1.0   1   2   3.1e-11   1.2e-08   33.8   0.2    72   124     5    57     2    61 0.92 -
TRINITY_DN94518_c0_g1_i1:25-309   -             95 5982at3041           -            146   1.2e-15   56.5   1.0   2   2   3.5e-09   1.3e-06   27.2   0.0    77   124    43    91    43    94 0.92 -
TRINITY_DN3526_c0_g1_i1:621-908   -             96 5982at3041           -            146   2.2e-14   52.5   0.1   1   1   6.5e-17   2.5e-14   52.3   0.1    42   128     1    96     1    96 0.82 -
TRINITY_DN3526_c0_g1_i3:621-908   -             96 5982at3041           -            146   2.2e-14   52.5   0.1   1   1   6.5e-17   2.5e-14   52.3   0.1    42   128     1    96     1    96 0.82 -
TRINITY_DN1686_c0_g1_i2:299-610   -            104 5982at3041           -            146   7.8e-14   50.7   0.1   1   1   2.2e-16   8.5e-14   50.5   0.1    30   129     1   103     1   104 0.91 -
TRINITY_DN2789_c0_g1_i3:879-1262  -            128 5982at3041           -            146   2.5e-13   49.0   0.4   1   1   7.8e-16     3e-13   48.7   0.4    27   130    13   119     5   126 0.92 -
TRINITY_DN2789_c0_g1_i2:879-1280  -            134 5982at3041           -            146   2.7e-13   48.9   0.3   1   1   7.9e-16     3e-13   48.7   0.3    27   130    19   125     3   132 0.91 -
TRINITY_DN2789_c0_g1_i1:846-1223  -            126 5982at3041           -            146   3.3e-13   48.6   0.6   1   1     1e-15   3.9e-13   48.4   0.6    27   128    13   117     5   124 0.92 -
TRINITY_DN13454_c0_g2_i3:89-346   -             86 5982at3041           -            146   4.1e-12   45.1   2.0   1   1   1.3e-14     5e-12   44.8   2.0    58   129     8    79     2    85 0.55 -
TRINITY_DN48111_c0_g1_i1:378-668  -             97 5982at3041           -            146   4.5e-12   44.9   0.0   1   1   1.5e-14   5.8e-12   44.6   0.0    72   128    26    82     1    90 0.92 -
TRINITY_DN430_c0_g1_i24:1322-1603 -             94 5982at3041           -            146   2.7e-10   39.2   0.0   1   1   7.2e-13   2.8e-10   39.1   0.0    63   139     6    82     1    90 0.88 -
TRINITY_DN430_c0_g1_i41:1322-1603 -             94 5982at3041           -            146   2.7e-10   39.2   0.0   1   1   7.2e-13   2.8e-10   39.1   0.0    63   139     6    82     1    90 0.88 -
TRINITY_DN430_c0_g1_i7:1322-1603  -             94 5982at3041           -            146   2.7e-10   39.2   0.0   1   1   7.2e-13   2.8e-10   39.1   0.0    63   139     6    82     1    90 0.88 -
#
# Program:         hmmsearch
# Version:         3.2.1 (June 2018)
# Pipeline mode:   SEARCH
# Query file:      /sw/bioinfo/BUSCO/v5_lineage_sets/lineages/chlorophyta_odb10/hmms/5982at3041.hmm
# Target file:     /crex/proj/snic2022-23-81/expression_algae/code/busco/trinity_VA-3180-Osg10Sin/run_chlorophyta_odb10/metaeuk_output/initial_results/trinity_VA-3180-Osg10Sin.Trinity.fasta.modified.fas
# Option settings: hmmsearch --domtblout /crex/proj/snic2022-23-81/expression_algae/code/busco/trinity_VA-3180-Osg10Sin/run_chlorophyta_odb10/hmmer_output/initial_run_results/5982at3041.out --cpu 1 /sw/bioinfo/BUSCO/v5_lineage_sets/lineages/chlorophyta_odb10/hmms/5982at3041.hmm /crex/proj/snic2022-23-81/expression_algae/code/busco/trinity_VA-3180-Osg10Sin/run_chlorophyta_odb10/metaeuk_output/initial_results/trinity_VA-3180-Osg10Sin.Trinity.fasta.modified.fas 
# Current dir:     /crex/proj/snic2022-23-81/expression_algae/code/busco
# Date:            Fri Sep 23 10:12:47 2022
# [ok]
