#                                                                                          --- full sequence --- -------------- this domain -------------   hmm coord   ali coord   env coord
# target name                      accession   tlen query name           accession   qlen   E-value  score  bias   #  of  c-Evalue  i-Evalue  score  bias  from    to  from    to  from    to  acc description of target
#              ------------------- ---------- ----- -------------------- ---------- ----- --------- ------ ----- --- --- --------- --------- ------ ----- ----- ----- ----- ----- ----- ----- ---- ---------------------
TRINITY_DN11544_c0_g2_i1:2838-3554 -            239 6896at3041           -            254   5.8e-22   77.0   0.2   1   2   7.3e-11   1.3e-07   30.0   0.0    11   117     1   112     1   127 0.73 -
TRINITY_DN11544_c0_g2_i1:2838-3554 -            239 6896at3041           -            254   5.8e-22   77.0   0.2   2   2   1.3e-15   2.3e-12   45.5   0.0   119   204   137   227   120   238 0.83 -
TRINITY_DN59068_c0_g1_i1:93-743    -            217 6896at3041           -            254   1.6e-21   75.5   0.3   1   2   3.7e-12   6.4e-09   34.2   0.0    27   123    18   110     1   116 0.83 -
TRINITY_DN59068_c0_g1_i1:93-743    -            217 6896at3041           -            254   1.6e-21   75.5   0.3   2   2   5.9e-14     1e-10   40.1   0.1   108   192   119   206   110   217 0.73 -
TRINITY_DN25617_c0_g1_i1:767-1393  -            209 6896at3041           -            254   1.7e-16   59.1   0.5   1   2   2.6e-09   4.5e-06   24.9   0.0    16   120     6   114     1   119 0.67 -
TRINITY_DN25617_c0_g1_i1:767-1393  -            209 6896at3041           -            254   1.7e-16   59.1   0.5   2   2   1.1e-11   1.9e-08   32.7   0.1   116   191   130   209   121   209 0.81 -
TRINITY_DN25617_c0_g1_i2:767-1393  -            209 6896at3041           -            254   1.7e-16   59.1   0.5   1   2   2.6e-09   4.5e-06   24.9   0.0    16   120     6   114     1   119 0.67 -
TRINITY_DN25617_c0_g1_i2:767-1393  -            209 6896at3041           -            254   1.7e-16   59.1   0.5   2   2   1.1e-11   1.9e-08   32.7   0.1   116   191   130   209   121   209 0.81 -
#
# Program:         hmmsearch
# Version:         3.2.1 (June 2018)
# Pipeline mode:   SEARCH
# Query file:      /sw/bioinfo/BUSCO/v5_lineage_sets/lineages/chlorophyta_odb10/hmms/6896at3041.hmm
# Target file:     /crex/proj/snic2022-23-81/expression_algae/code/busco/trinity_VA-3180-Osg10Sin/run_chlorophyta_odb10/metaeuk_output/initial_results/trinity_VA-3180-Osg10Sin.Trinity.fasta.modified.fas
# Option settings: hmmsearch --domtblout /crex/proj/snic2022-23-81/expression_algae/code/busco/trinity_VA-3180-Osg10Sin/run_chlorophyta_odb10/hmmer_output/initial_run_results/6896at3041.out --cpu 1 /sw/bioinfo/BUSCO/v5_lineage_sets/lineages/chlorophyta_odb10/hmms/6896at3041.hmm /crex/proj/snic2022-23-81/expression_algae/code/busco/trinity_VA-3180-Osg10Sin/run_chlorophyta_odb10/metaeuk_output/initial_results/trinity_VA-3180-Osg10Sin.Trinity.fasta.modified.fas 
# Current dir:     /crex/proj/snic2022-23-81/expression_algae/code/busco
# Date:            Fri Sep 23 10:12:47 2022
# [ok]
