#                                                                                          --- full sequence --- -------------- this domain -------------   hmm coord   ali coord   env coord
# target name                      accession   tlen query name           accession   qlen   E-value  score  bias   #  of  c-Evalue  i-Evalue  score  bias  from    to  from    to  from    to  acc description of target
#              ------------------- ---------- ----- -------------------- ---------- ----- --------- ------ ----- --- --- --------- --------- ------ ----- ----- ----- ----- ----- ----- ----- ---- ---------------------
TRINITY_DN32434_c0_g1_i1:26-1805   -            561 897at3041            -            482  3.9e-261  865.3   1.6   1   1    4e-262  1.2e-259  860.5   1.6     2   481     4   552     3   553 0.91 -
TRINITY_DN32434_c0_g1_i7:26-1708   -            561 897at3041            -            482  3.9e-261  865.3   1.6   1   1    4e-262  1.2e-259  860.5   1.6     2   481     4   552     3   553 0.91 -
TRINITY_DN32434_c0_g1_i6:89-1745   -            520 897at3041            -            482  2.9e-237  786.6   0.3   1   1  3.3e-238  9.5e-236  781.6   0.3    39   481     1   511     1   512 0.91 -
TRINITY_DN32434_c0_g1_i2:89-1809   -            513 897at3041            -            482  2.4e-231  767.1   0.4   1   1  2.7e-232  7.7e-230  762.1   0.4    39   481     1   511     1   512 0.91 -
TRINITY_DN32434_c0_g1_i4:31-1425   -            465 897at3041            -            482    6e-192  637.2   1.9   1   1  7.7e-193  2.2e-190  632.0   1.9    94   481     1   456     1   457 0.90 -
TRINITY_DN2003_c0_g1_i4:140-1768   -            543 897at3041            -            482    1e-149  497.9   0.0   1   1  6.6e-152  1.9e-149  497.0   0.0     2   481     5   541     4   542 0.87 -
TRINITY_DN2003_c0_g1_i2:140-1768   -            543 897at3041            -            482  1.8e-149  497.1   0.0   1   1  1.2e-151  3.3e-149  496.2   0.0     2   481     5   541     4   542 0.87 -
TRINITY_DN2003_c0_g1_i6:140-1768   -            543 897at3041            -            482  1.8e-149  497.1   0.0   1   1  1.2e-151  3.3e-149  496.2   0.0     2   481     5   541     4   542 0.87 -
TRINITY_DN2003_c0_g1_i8:140-1768   -            543 897at3041            -            482  2.4e-149  496.7   0.0   1   1  1.5e-151  4.4e-149  495.8   0.0     2   481     5   541     4   542 0.87 -
TRINITY_DN2003_c0_g1_i5:140-1759   -            540 897at3041            -            482    5e-149  495.6   0.0   1   1  3.2e-151  9.3e-149  494.7   0.0     2   480     5   540     4   540 0.87 -
TRINITY_DN16993_c0_g1_i2:794-2404  -            537 897at3041            -            482  5.7e-147  488.9   0.1   1   1  5.6e-149  1.6e-146  487.3   0.1     2   481     3   537     2   537 0.86 -
TRINITY_DN1770_c0_g1_i1:172-1791   -            540 897at3041            -            482  3.7e-141  469.7   0.4   1   1  3.3e-143  9.6e-141  468.3   0.4     2   481     2   537     1   538 0.86 -
TRINITY_DN1770_c0_g1_i3:172-1791   -            540 897at3041            -            482  3.7e-141  469.7   0.4   1   1  3.3e-143  9.6e-141  468.3   0.4     2   481     2   537     1   538 0.86 -
TRINITY_DN2003_c0_g1_i3:140-1612   -            491 897at3041            -            482  1.8e-138  460.8   0.1   1   1  1.2e-140  3.4e-138  459.9   0.1     2   435     5   488     4   491 0.86 -
TRINITY_DN16703_c0_g2_i1:1034-2251 -            406 897at3041            -            482  7.5e-101  336.7   0.0   1   1  4.2e-103  1.2e-100  336.1   0.0   132   481     3   406     1   406 0.84 -
TRINITY_DN4278_c0_g1_i1:2-1189     -            396 897at3041            -            482   6.9e-82  274.2   0.1   1   1     8e-84   2.3e-81  272.5   0.1   145   481     1   393     1   394 0.84 -
TRINITY_DN2003_c0_g1_i1:9-1103     -            365 897at3041            -            482   1.6e-79  266.4   0.0   1   1   1.3e-81   3.8e-79  265.2   0.0   134   436     6   359     2   364 0.83 -
TRINITY_DN72053_c0_g1_i1:2-979     -            326 897at3041            -            482   8.4e-75  250.9   0.0   1   1   4.3e-77   1.3e-74  250.3   0.0   187   467     1   326     1   326 0.82 -
TRINITY_DN32434_c1_g1_i1:104-580   -            159 897at3041            -            482     2e-66  223.2   0.5   1   1   7.6e-69   2.2e-66  223.1   0.5     3   157     1   159     1   159 0.94 -
TRINITY_DN16993_c0_g1_i3:794-1663  -            290 897at3041            -            482     8e-57  191.6   0.1   1   1   7.6e-59   2.2e-56  190.1   0.1   264   481    40   290    19   290 0.83 -
TRINITY_DN21782_c0_g1_i1:6-524     -            173 897at3041            -            482   1.1e-40  138.4   0.0   1   1   4.2e-43   1.2e-40  138.2   0.0    97   251     2   160     1   167 0.93 -
TRINITY_DN43345_c0_g1_i1:0-353     -            118 897at3041            -            482    0.0054   14.0   0.0   1   1   2.1e-05     0.006   13.9   0.0   302   360    17    80     5    95 0.75 -
TRINITY_DN10758_c0_g1_i4:174-647   -            158 897at3041            -            482     0.012   12.9   0.1   1   1   4.6e-05     0.013   12.7   0.1   282   352    22    95     3   132 0.70 -
TRINITY_DN10758_c0_g1_i5:174-647   -            158 897at3041            -            482     0.012   12.9   0.1   1   1   4.6e-05     0.013   12.7   0.1   282   352    22    95     3   132 0.70 -
#
# Program:         hmmsearch
# Version:         3.2.1 (June 2018)
# Pipeline mode:   SEARCH
# Query file:      /sw/bioinfo/BUSCO/v5_lineage_sets/lineages/chlorophyta_odb10/hmms/897at3041.hmm
# Target file:     /crex/proj/snic2022-23-81/expression_algae/code/busco/trinity_VA-3180-Osg10Sin/run_chlorophyta_odb10/metaeuk_output/initial_results/trinity_VA-3180-Osg10Sin.Trinity.fasta.modified.fas
# Option settings: hmmsearch --domtblout /crex/proj/snic2022-23-81/expression_algae/code/busco/trinity_VA-3180-Osg10Sin/run_chlorophyta_odb10/hmmer_output/initial_run_results/897at3041.out --cpu 1 /sw/bioinfo/BUSCO/v5_lineage_sets/lineages/chlorophyta_odb10/hmms/897at3041.hmm /crex/proj/snic2022-23-81/expression_algae/code/busco/trinity_VA-3180-Osg10Sin/run_chlorophyta_odb10/metaeuk_output/initial_results/trinity_VA-3180-Osg10Sin.Trinity.fasta.modified.fas 
# Current dir:     /crex/proj/snic2022-23-81/expression_algae/code/busco
# Date:            Fri Sep 23 10:12:50 2022
# [ok]
