#                                                                                       --- full sequence --- -------------- this domain -------------   hmm coord   ali coord   env coord
# target name                   accession   tlen query name           accession   qlen   E-value  score  bias   #  of  c-Evalue  i-Evalue  score  bias  from    to  from    to  from    to  acc description of target
#           ------------------- ---------- ----- -------------------- ---------- ----- --------- ------ ----- --- --- --------- --------- ------ ----- ----- ----- ----- ----- ----- ----- ---- ---------------------
TRINITY_DN1460_c0_g1_i2:58-348  -             97 9088at3041           -             74   8.6e-40  133.7  23.7   1   2   3.7e-37   6.4e-34  114.9  17.6     1    66     1    76     1    81 0.90 -
TRINITY_DN1460_c0_g1_i2:58-348  -             97 9088at3041           -             74   8.6e-40  133.7  23.7   2   2   8.1e-08   0.00014   20.9   1.4    57    74    78    95    71    95 0.83 -
TRINITY_DN1460_c0_g1_i1:58-351  -             98 9088at3041           -             74   9.1e-40  133.6  23.7   1   2   3.8e-37   6.6e-34  114.8  17.6     1    66     2    77     2    82 0.90 -
TRINITY_DN1460_c0_g1_i1:58-351  -             98 9088at3041           -             74   9.1e-40  133.6  23.7   2   2   8.2e-08   0.00014   20.9   1.4    57    74    79    96    72    96 0.83 -
TRINITY_DN53606_c0_g1_i1:18-323 -            102 9088at3041           -             74   3.1e-30  103.1  24.5   1   2   2.3e-30   3.9e-27   93.1  18.7     1    66     2    79     2    81 0.90 -
TRINITY_DN53606_c0_g1_i1:18-323 -            102 9088at3041           -             74   3.1e-30  103.1  24.5   2   2    0.0001      0.18   11.0   2.1    52    74    78    98    74    98 0.76 -
TRINITY_DN1460_c0_g1_i3:64-177  -             38 9088at3041           -             74   1.1e-06   27.6   6.6   1   1   1.3e-07   0.00022   20.3   6.6    55    74    19    38     1    38 0.64 -
#
# Program:         hmmsearch
# Version:         3.2.1 (June 2018)
# Pipeline mode:   SEARCH
# Query file:      /sw/bioinfo/BUSCO/v5_lineage_sets/lineages/chlorophyta_odb10/hmms/9088at3041.hmm
# Target file:     /crex/proj/snic2022-23-81/expression_algae/code/busco/trinity_VA-3180-Osg10Sin/run_chlorophyta_odb10/metaeuk_output/initial_results/trinity_VA-3180-Osg10Sin.Trinity.fasta.modified.fas
# Option settings: hmmsearch --domtblout /crex/proj/snic2022-23-81/expression_algae/code/busco/trinity_VA-3180-Osg10Sin/run_chlorophyta_odb10/hmmer_output/initial_run_results/9088at3041.out --cpu 1 /sw/bioinfo/BUSCO/v5_lineage_sets/lineages/chlorophyta_odb10/hmms/9088at3041.hmm /crex/proj/snic2022-23-81/expression_algae/code/busco/trinity_VA-3180-Osg10Sin/run_chlorophyta_odb10/metaeuk_output/initial_results/trinity_VA-3180-Osg10Sin.Trinity.fasta.modified.fas 
# Current dir:     /crex/proj/snic2022-23-81/expression_algae/code/busco
# Date:            Fri Sep 23 10:12:49 2022
# [ok]
