#                                                                                          --- full sequence --- -------------- this domain -------------   hmm coord   ali coord   env coord
# target name                      accession   tlen query name           accession   qlen   E-value  score  bias   #  of  c-Evalue  i-Evalue  score  bias  from    to  from    to  from    to  acc description of target
#              ------------------- ---------- ----- -------------------- ---------- ----- --------- ------ ----- --- --- --------- --------- ------ ----- ----- ----- ----- ----- ----- ----- ---- ---------------------
TRINITY_DN23751_c0_g1_i1:26-250    -             75 9999at3041           -            105   2.9e-35  119.6   0.4   1   1   2.5e-37   3.2e-35  119.5   0.4    33   103     1    75     1    75 0.95 -
TRINITY_DN24430_c0_g1_i2:116-742   -            209 9999at3041           -            105   7.3e-16   57.3   0.4   1   2   3.4e-06   0.00043   19.5   0.1    25   104    30   113    20   114 0.85 -
TRINITY_DN24430_c0_g1_i2:116-742   -            209 9999at3041           -            105   7.3e-16   57.3   0.4   2   2     2e-11   2.5e-09   36.3   0.0    28    96   120   193   115   205 0.81 -
TRINITY_DN966_c0_g1_i2:1069-1566   -            166 9999at3041           -            105   5.6e-14   51.2   0.2   1   2   2.7e-06   0.00034   19.8   0.0    28   100     5    84     2    89 0.82 -
TRINITY_DN966_c0_g1_i2:1069-1566   -            166 9999at3041           -            105   5.6e-14   51.2   0.2   2   2   2.9e-09   3.7e-07   29.3   0.3    28    89    96   160    93   165 0.89 -
TRINITY_DN966_c0_g1_i3:384-881     -            166 9999at3041           -            105   5.6e-14   51.2   0.2   1   2   2.7e-06   0.00034   19.8   0.0    28   100     5    84     2    89 0.82 -
TRINITY_DN966_c0_g1_i3:384-881     -            166 9999at3041           -            105   5.6e-14   51.2   0.2   2   2   2.9e-09   3.7e-07   29.3   0.3    28    89    96   160    93   165 0.89 -
TRINITY_DN966_c0_g1_i5:880-1377    -            166 9999at3041           -            105   5.6e-14   51.2   0.2   1   2   2.7e-06   0.00034   19.8   0.0    28   100     5    84     2    89 0.82 -
TRINITY_DN966_c0_g1_i5:880-1377    -            166 9999at3041           -            105   5.6e-14   51.2   0.2   2   2   2.9e-09   3.7e-07   29.3   0.3    28    89    96   160    93   165 0.89 -
TRINITY_DN24430_c0_g1_i1:125-586   -            154 9999at3041           -            105   2.1e-13   49.4   0.5   1   2    0.0019      0.24   10.6   0.1    60   104    12    58     8    59 0.84 -
TRINITY_DN24430_c0_g1_i1:125-586   -            154 9999at3041           -            105   2.1e-13   49.4   0.5   2   2   9.5e-12   1.2e-09   37.3   0.0    28    96    65   138    60   150 0.81 -
TRINITY_DN47798_c0_g1_i1:120-335   -             72 9999at3041           -            105   1.2e-09   37.3   0.1   1   1   9.8e-12   1.2e-09   37.3   0.1    29    91     2    68     1    72 0.86 -
TRINITY_DN243_c0_g1_i1:75-737      -            221 9999at3041           -            105   7.1e-08   31.6   0.0   1   2   4.5e-07   5.6e-05   22.3   0.0    27    98    19    94    12   100 0.86 -
TRINITY_DN243_c0_g1_i1:75-737      -            221 9999at3041           -            105   7.1e-08   31.6   0.0   2   2      0.02       2.6    7.3   0.0    39    76   162   200   146   216 0.80 -
TRINITY_DN8504_c0_g1_i2:92-601     -            170 9999at3041           -            105   4.2e-07   29.1   0.0   1   1   4.1e-09   5.1e-07   28.8   0.0    28    96     1    79     1    89 0.79 -
TRINITY_DN80767_c0_g1_i1:29-199    -             57 9999at3041           -            105     3e-06   26.4   0.2   1   1   2.5e-08   3.1e-06   26.3   0.2    28    77     1    52     1    57 0.90 -
TRINITY_DN32538_c0_g1_i1:2-646     -            215 9999at3041           -            105   4.3e-06   25.9   0.0   1   1   5.1e-08   6.4e-06   25.3   0.0    27    86   150   212   127   215 0.81 -
TRINITY_DN4744_c0_g1_i1:109-327    -             73 9999at3041           -            105   7.3e-06   25.1   0.0   1   1   6.1e-08   7.7e-06   25.1   0.0    29    85     1    61     1    72 0.81 -
TRINITY_DN4744_c0_g1_i2:109-327    -             73 9999at3041           -            105   7.3e-06   25.1   0.0   1   1   6.1e-08   7.7e-06   25.1   0.0    29    85     1    61     1    72 0.81 -
TRINITY_DN32529_c0_g1_i1:673-897   -             75 9999at3041           -            105   1.2e-05   24.5   0.1   1   1   9.7e-08   1.2e-05   24.4   0.1    27    91     4    72     1    75 0.85 -
TRINITY_DN32529_c0_g1_i2:60-284    -             75 9999at3041           -            105   1.2e-05   24.5   0.1   1   1   9.7e-08   1.2e-05   24.4   0.1    27    91     4    72     1    75 0.85 -
TRINITY_DN32529_c0_g1_i3:862-1086  -             75 9999at3041           -            105   1.2e-05   24.5   0.1   1   1   9.7e-08   1.2e-05   24.4   0.1    27    91     4    72     1    75 0.85 -
TRINITY_DN2656_c0_g1_i1:685-903    -             73 9999at3041           -            105     2e-05   23.7   0.0   1   1   1.6e-07   2.1e-05   23.7   0.0    28    92     1    69     1    73 0.84 -
TRINITY_DN42856_c0_g1_i1:110-349   -             80 9999at3041           -            105   2.3e-05   23.6   0.0   1   1   1.9e-07   2.4e-05   23.4   0.0    38    98     8    71     1    77 0.77 -
TRINITY_DN17507_c0_g1_i2:1044-1259 -             72 9999at3041           -            105   4.2e-05   22.7   0.0   1   1   3.5e-07   4.4e-05   22.6   0.0    28    92     1    69     1    72 0.80 -
TRINITY_DN17507_c0_g1_i3:86-301    -             72 9999at3041           -            105   4.2e-05   22.7   0.0   1   1   3.5e-07   4.4e-05   22.6   0.0    28    92     1    69     1    72 0.80 -
TRINITY_DN966_c0_g1_i2:757-1014    -             86 9999at3041           -            105   4.3e-05   22.6   0.2   1   1   3.9e-07     5e-05   22.5   0.2    28    86     1    67     1    83 0.75 -
TRINITY_DN966_c0_g1_i5:568-825     -             86 9999at3041           -            105   4.3e-05   22.6   0.2   1   1   3.9e-07     5e-05   22.5   0.2    28    86     1    67     1    83 0.75 -
TRINITY_DN966_c0_g1_i1:205-483     -             93 9999at3041           -            105     5e-05   22.4   0.0   1   1   4.6e-07   5.7e-05   22.3   0.0    28   100     4    83     1    88 0.82 -
TRINITY_DN2524_c0_g1_i4:491-634    -             48 9999at3041           -            105   6.1e-05   22.2   0.0   1   1   5.1e-07   6.5e-05   22.1   0.0    29    72     2    47     1    48 0.91 -
TRINITY_DN2524_c0_g1_i2:274-507    -             78 9999at3041           -            105    0.0001   21.5   0.0   1   1   8.5e-07   0.00011   21.4   0.0    30    80     1    53     1    75 0.80 -
TRINITY_DN2524_c0_g1_i3:164-397    -             78 9999at3041           -            105    0.0001   21.5   0.0   1   1   8.5e-07   0.00011   21.4   0.0    30    80     1    53     1    75 0.80 -
TRINITY_DN55061_c0_g1_i1:18-278    -             87 9999at3041           -            105   0.00016   20.8   0.1   1   1   1.5e-06   0.00019   20.6   0.1    42    98     3    63     1    71 0.80 -
TRINITY_DN5084_c0_g1_i1:221-490    -             90 9999at3041           -            105   0.00018   20.7   0.0   1   1   1.6e-06    0.0002   20.5   0.0    24    86     6    72     3    88 0.85 -
TRINITY_DN66539_c0_g1_i1:0-305     -            102 9999at3041           -            105   0.00025   20.2   0.0   1   1   2.5e-06   0.00031   19.9   0.0    28    88    20    84    13    97 0.80 -
TRINITY_DN1576_c0_g2_i1:395-598    -             68 9999at3041           -            105   0.00042   19.5   0.0   1   1   3.3e-06   0.00042   19.5   0.0    37    84     1    52     1    67 0.79 -
TRINITY_DN1576_c0_g2_i3:395-598    -             68 9999at3041           -            105   0.00042   19.5   0.0   1   1   3.3e-06   0.00042   19.5   0.0    37    84     1    52     1    67 0.79 -
TRINITY_DN1576_c0_g2_i4:395-598    -             68 9999at3041           -            105   0.00042   19.5   0.0   1   1   3.3e-06   0.00042   19.5   0.0    37    84     1    52     1    67 0.79 -
TRINITY_DN5658_c0_g1_i2:694-1212   -            173 9999at3041           -            105   0.00044   19.4   0.0   1   2     0.007      0.89    8.8   0.0    29    87     2    64     1    83 0.81 -
TRINITY_DN5658_c0_g1_i2:694-1212   -            173 9999at3041           -            105   0.00044   19.4   0.0   2   2    0.0064      0.81    8.9   0.0    28    87    96   159    84   164 0.71 -
TRINITY_DN2800_c0_g1_i3:2975-3253  -             93 9999at3041           -            105   0.00051   19.2   0.1   1   1     5e-06   0.00063   18.9   0.1    27    77    10    63     5    79 0.80 -
TRINITY_DN2800_c0_g1_i9:2975-3253  -             93 9999at3041           -            105   0.00051   19.2   0.1   1   1     5e-06   0.00063   18.9   0.1    27    77    10    63     5    79 0.80 -
TRINITY_DN5084_c0_g1_i4:99-752     -            218 9999at3041           -            105    0.0011   18.2   0.0   1   1   1.4e-05    0.0018   17.5   0.0    24    86   137   203   119   213 0.85 -
TRINITY_DN5084_c0_g1_i2:79-918     -            280 9999at3041           -            105    0.0014   17.8   0.3   1   1   2.3e-05    0.0029   16.8   0.0    24    85   199   264   181   275 0.85 -
TRINITY_DN1981_c0_g1_i2:58-231     -             58 9999at3041           -            105    0.0015   17.7   0.0   1   1   1.2e-05    0.0016   17.7   0.0    31    74     1    46     1    57 0.85 -
TRINITY_DN10175_c0_g1_i2:1490-1663 -             58 9999at3041           -            105    0.0016   17.6   0.0   1   1   1.4e-05    0.0017   17.5   0.0    36    85     2    55     1    57 0.79 -
TRINITY_DN10175_c0_g1_i4:1490-1663 -             58 9999at3041           -            105    0.0016   17.6   0.0   1   1   1.4e-05    0.0017   17.5   0.0    36    85     2    55     1    57 0.79 -
TRINITY_DN10175_c0_g1_i6:1490-1663 -             58 9999at3041           -            105    0.0016   17.6   0.0   1   1   1.4e-05    0.0017   17.5   0.0    36    85     2    55     1    57 0.79 -
TRINITY_DN2524_c0_g1_i1:491-625    -             45 9999at3041           -            105    0.0018   17.5   0.0   1   1   1.5e-05    0.0018   17.4   0.0    31    72     1    44     1    45 0.87 -
TRINITY_DN3302_c0_g1_i1:141-335    -             65 9999at3041           -            105    0.0019   17.4   0.0   1   1   1.6e-05     0.002   17.3   0.0    28    75     3    49     1    61 0.88 -
TRINITY_DN3302_c0_g1_i2:141-335    -             65 9999at3041           -            105    0.0019   17.4   0.0   1   1   1.6e-05     0.002   17.3   0.0    28    75     3    49     1    61 0.88 -
TRINITY_DN69752_c0_g1_i1:43-330    -             96 9999at3041           -            105    0.0028   16.8   0.0   1   1   2.6e-05    0.0032   16.6   0.0    27    86    12    76     2    89 0.80 -
TRINITY_DN2775_c0_g1_i2:2-463      -            154 9999at3041           -            105     0.003   16.7   0.1   1   1   3.6e-05    0.0045   16.2   0.1    28    89    19    84    10    96 0.79 -
TRINITY_DN7028_c0_g1_i1:314-499    -             62 9999at3041           -            105      0.01   15.0   0.0   1   1   8.3e-05      0.01   15.0   0.0    44    93     3    56     1    62 0.75 -
TRINITY_DN7028_c0_g1_i2:536-721    -             62 9999at3041           -            105      0.01   15.0   0.0   1   1   8.3e-05      0.01   15.0   0.0    44    93     3    56     1    62 0.75 -
TRINITY_DN8768_c0_g1_i2:224-409    -             62 9999at3041           -            105     0.014   14.6   0.1   1   1   0.00011     0.014   14.6   0.1    43    81     2    44     1    61 0.76 -
TRINITY_DN7783_c0_g3_i1:109-327    -             73 9999at3041           -            105     0.015   14.5   0.0   1   1   0.00015     0.019   14.1   0.0    28    85     4    65     2    71 0.74 -
TRINITY_DN1925_c0_g1_i3:49-249     -             67 9999at3041           -            105     0.018   14.3   0.0   1   1   0.00016     0.021   14.0   0.0    24    74    10    59     5    65 0.84 -
TRINITY_DN1142_c0_g1_i2:214-471    -             86 9999at3041           -            105     0.026   13.7   0.0   1   1   0.00024      0.03   13.5   0.0    25    72    23    72    16    85 0.86 -
TRINITY_DN34758_c0_g1_i1:90-308    -             73 9999at3041           -            105     0.034   13.3   0.0   1   1   0.00027     0.034   13.3   0.0    29    87     2    64     1    73 0.78 -
TRINITY_DN20940_c0_g1_i1:3-356     -            118 9999at3041           -            105      0.04   13.1   0.0   1   1   0.00036     0.045   13.0   0.0    22    91    15    85     1   100 0.82 -
TRINITY_DN25180_c0_g1_i2:16-255    -             80 9999at3041           -            105      0.04   13.1   0.0   1   1   0.00036     0.045   12.9   0.0    28    85     1    60     1    68 0.89 -
#
# Program:         hmmsearch
# Version:         3.2.1 (June 2018)
# Pipeline mode:   SEARCH
# Query file:      /sw/bioinfo/BUSCO/v5_lineage_sets/lineages/chlorophyta_odb10/hmms/9999at3041.hmm
# Target file:     /crex/proj/snic2022-23-81/expression_algae/code/busco/trinity_VA-3180-Osg10Sin/run_chlorophyta_odb10/metaeuk_output/initial_results/trinity_VA-3180-Osg10Sin.Trinity.fasta.modified.fas
# Option settings: hmmsearch --domtblout /crex/proj/snic2022-23-81/expression_algae/code/busco/trinity_VA-3180-Osg10Sin/run_chlorophyta_odb10/hmmer_output/initial_run_results/9999at3041.out --cpu 1 /sw/bioinfo/BUSCO/v5_lineage_sets/lineages/chlorophyta_odb10/hmms/9999at3041.hmm /crex/proj/snic2022-23-81/expression_algae/code/busco/trinity_VA-3180-Osg10Sin/run_chlorophyta_odb10/metaeuk_output/initial_results/trinity_VA-3180-Osg10Sin.Trinity.fasta.modified.fas 
# Current dir:     /crex/proj/snic2022-23-81/expression_algae/code/busco
# Date:            Fri Sep 23 10:12:50 2022
# [ok]
