#                                                                                        --- full sequence --- -------------- this domain -------------   hmm coord   ali coord   env coord
# target name                    accession   tlen query name           accession   qlen   E-value  score  bias   #  of  c-Evalue  i-Evalue  score  bias  from    to  from    to  from    to  acc description of target
#            ------------------- ---------- ----- -------------------- ---------- ----- --------- ------ ----- --- --- --------- --------- ------ ----- ----- ----- ----- ----- ----- ----- ---- ---------------------
TRINITY_DN5170_c0_g1_i1:38-1075  -            346 1862at3041           -            295    5e-177  585.5   0.0   1   1  6.9e-180    6e-177  585.3   0.0     2   295    43   346    42   346 0.96 -
TRINITY_DN34086_c0_g1_i1:17-1225 -            403 1862at3041           -            295   1.8e-13   48.6   0.0   1   2      0.35     3e+02   -1.4   0.0    76    87   179   190   176   208 0.84 -
TRINITY_DN34086_c0_g1_i1:17-1225 -            403 1862at3041           -            295   1.8e-13   48.6   0.0   2   2   1.2e-15     1e-12   46.1   0.0   150   271   262   384   257   395 0.77 -
TRINITY_DN34086_c0_g1_i2:17-1195 -            393 1862at3041           -            295   1.8e-13   48.6   0.0   1   2      0.34   2.9e+02   -1.3   0.0    76    87   169   180   166   198 0.84 -
TRINITY_DN34086_c0_g1_i2:17-1195 -            393 1862at3041           -            295   1.8e-13   48.6   0.0   2   2   1.1e-15   9.8e-13   46.2   0.0   150   271   252   374   247   385 0.77 -
TRINITY_DN10114_c0_g1_i1:4-1067  -            351 1862at3041           -            295     0.015   12.8   0.1   1   1   2.6e-05     0.022   12.2   0.1   168   236   264   336   255   348 0.72 -
TRINITY_DN10114_c0_g1_i2:4-1056  -            351 1862at3041           -            295     0.015   12.8   0.1   1   1   2.6e-05     0.022   12.2   0.1   168   236   264   336   255   348 0.72 -
#
# Program:         hmmsearch
# Version:         3.2.1 (June 2018)
# Pipeline mode:   SEARCH
# Query file:      /sw/bioinfo/BUSCO/v5_lineage_sets/lineages/chlorophyta_odb10/hmms/1862at3041.hmm
# Target file:     /crex/proj/snic2022-23-81/expression_algae/code/busco/trinity_VA-3180-Osg10Pal/run_chlorophyta_odb10/metaeuk_output/initial_results/trinity_VA-3180-Osg10Pal.Trinity.fasta.modified.fas
# Option settings: hmmsearch --domtblout /crex/proj/snic2022-23-81/expression_algae/code/busco/trinity_VA-3180-Osg10Pal/run_chlorophyta_odb10/hmmer_output/initial_run_results/1862at3041.out --cpu 1 /sw/bioinfo/BUSCO/v5_lineage_sets/lineages/chlorophyta_odb10/hmms/1862at3041.hmm /crex/proj/snic2022-23-81/expression_algae/code/busco/trinity_VA-3180-Osg10Pal/run_chlorophyta_odb10/metaeuk_output/initial_results/trinity_VA-3180-Osg10Pal.Trinity.fasta.modified.fas 
# Current dir:     /crex/proj/snic2022-23-81/expression_algae/code/busco
# Date:            Fri Sep 23 10:12:24 2022
# [ok]
