#                                                                                        --- full sequence --- -------------- this domain -------------   hmm coord   ali coord   env coord
# target name                    accession   tlen query name           accession   qlen   E-value  score  bias   #  of  c-Evalue  i-Evalue  score  bias  from    to  from    to  from    to  acc description of target
#            ------------------- ---------- ----- -------------------- ---------- ----- --------- ------ ----- --- --- --------- --------- ------ ----- ----- ----- ----- ----- ----- ----- ---- ---------------------
TRINITY_DN1306_c0_g1_i3:440-3264 -            885 187at3041            -            700         0 1346.9   0.1   1   2         0         0 1337.9   0.0     1   690     4   787     4   794 0.93 -
TRINITY_DN1306_c0_g1_i3:440-3264 -            885 187at3041            -            700         0 1346.9   0.1   2   2    0.0013      0.64    6.4   0.4   686   700   869   883   858   883 0.91 -
TRINITY_DN1306_c0_g1_i5:440-3094 -            885 187at3041            -            700         0 1346.9   0.1   1   2         0         0 1337.9   0.0     1   690     4   787     4   794 0.93 -
TRINITY_DN1306_c0_g1_i5:440-3094 -            885 187at3041            -            700         0 1346.9   0.1   2   2    0.0013      0.64    6.4   0.4   686   700   869   883   858   883 0.91 -
TRINITY_DN1306_c0_g1_i2:125-1708 -            528 187at3041            -            700  4.4e-281  932.4   0.0   1   1  1.5e-283  7.2e-281  931.7   0.0     1   472     4   528     4   528 0.95 -
TRINITY_DN1306_c0_g1_i1:440-2083 -            548 187at3041            -            700  7.6e-213  706.9   0.2   1   2  1.1e-212  5.5e-210  697.4   0.0   311   690     6   450     1   457 0.90 -
TRINITY_DN1306_c0_g1_i1:440-2083 -            548 187at3041            -            700  7.6e-213  706.9   0.2   2   2   0.00079      0.38    7.1   0.4   686   700   532   546   521   546 0.91 -
TRINITY_DN506_c0_g1_i1:19-2199   -            727 187at3041            -            700  1.2e-148  494.7   2.7   1   2     0.011       5.4    3.4   0.1    36    82     8    55     1    71 0.82 -
TRINITY_DN506_c0_g1_i1:19-2199   -            727 187at3041            -            700  1.2e-148  494.7   2.7   2   2    3e-150  1.5e-147  491.1   0.3   102   677    99   727    88   727 0.87 -
TRINITY_DN223_c0_g2_i2:466-2781  -            772 187at3041            -            700  1.3e-144  481.4   2.8   1   1  1.6e-146  7.9e-144  478.7   2.8    15   686    19   767     6   770 0.81 -
TRINITY_DN506_c0_g1_i4:7-1566    -            520 187at3041            -            700  1.8e-115  385.0   1.0   1   2    0.0022       1.1    5.7   0.2    26    82    21    76     3    92 0.76 -
TRINITY_DN506_c0_g1_i4:7-1566    -            520 187at3041            -            700  1.8e-115  385.0   1.0   2   2  4.3e-116  2.1e-113  378.2   0.0   102   490   120   518   109   520 0.91 -
TRINITY_DN223_c0_g2_i3:0-1511    -            504 187at3041            -            700  9.4e-103  343.0   0.4   1   1    1e-104  4.8e-102  340.6   0.4   102   467   130   504     8   504 0.85 -
TRINITY_DN506_c0_g1_i2:23-1408   -            462 187at3041            -            700   2.7e-96  321.6   0.1   1   2     0.013       6.1    3.2   0.1    19    84    16    83     6   108 0.77 -
TRINITY_DN506_c0_g1_i2:23-1408   -            462 187at3041            -            700   2.7e-96  321.6   0.1   2   2   1.8e-97   8.9e-95  316.6   0.0   103   421   131   460   113   462 0.93 -
#
# Program:         hmmsearch
# Version:         3.2.1 (June 2018)
# Pipeline mode:   SEARCH
# Query file:      /sw/bioinfo/BUSCO/v5_lineage_sets/lineages/chlorophyta_odb10/hmms/187at3041.hmm
# Target file:     /crex/proj/snic2022-23-81/expression_algae/code/busco/trinity_VA-3180-Osg10Pal/run_chlorophyta_odb10/metaeuk_output/initial_results/trinity_VA-3180-Osg10Pal.Trinity.fasta.modified.fas
# Option settings: hmmsearch --domtblout /crex/proj/snic2022-23-81/expression_algae/code/busco/trinity_VA-3180-Osg10Pal/run_chlorophyta_odb10/hmmer_output/initial_run_results/187at3041.out --cpu 1 /sw/bioinfo/BUSCO/v5_lineage_sets/lineages/chlorophyta_odb10/hmms/187at3041.hmm /crex/proj/snic2022-23-81/expression_algae/code/busco/trinity_VA-3180-Osg10Pal/run_chlorophyta_odb10/metaeuk_output/initial_results/trinity_VA-3180-Osg10Pal.Trinity.fasta.modified.fas 
# Current dir:     /crex/proj/snic2022-23-81/expression_algae/code/busco
# Date:            Fri Sep 23 10:12:22 2022
# [ok]
