#                                                                                        --- full sequence --- -------------- this domain -------------   hmm coord   ali coord   env coord
# target name                    accession   tlen query name           accession   qlen   E-value  score  bias   #  of  c-Evalue  i-Evalue  score  bias  from    to  from    to  from    to  acc description of target
#            ------------------- ---------- ----- -------------------- ---------- ----- --------- ------ ----- --- --- --------- --------- ------ ----- ----- ----- ----- ----- ----- ----- ---- ---------------------
TRINITY_DN279_c0_g1_i4:2016-3410 -            465 2014at3041           -            405  2.6e-126  419.7  14.2   1   1  3.6e-126  8.2e-124  411.5  14.2     1   401     1   459     1   465 0.84 -
TRINITY_DN279_c0_g1_i5:4374-5768 -            465 2014at3041           -            405  3.2e-126  419.5  14.0   1   1  4.3e-126  9.8e-124  411.3  14.0     1   401     1   459     1   465 0.84 -
TRINITY_DN1591_c0_g1_i1:33-1304  -            424 2014at3041           -            405  1.4e-124  414.1  11.6   1   1    6e-125  1.4e-122  407.5  11.6    35   400     1   424     1   424 0.84 -
TRINITY_DN1511_c0_g1_i1:84-1493  -            470 2014at3041           -            405  6.8e-124  411.8  16.9   1   2   5.5e-29   1.3e-26   91.4   1.1     1    72     1    75     1    85 0.85 -
TRINITY_DN1511_c0_g1_i1:84-1493  -            470 2014at3041           -            405  6.8e-124  411.8  16.9   2   2  4.6e-100     1e-97  325.6   8.8    61   400    87   463    79   470 0.87 -
TRINITY_DN1511_c0_g1_i6:84-1493  -            470 2014at3041           -            405  3.3e-123  409.5  16.7   1   2   5.2e-29   1.2e-26   91.5   1.1     1    72     1    75     1    85 0.85 -
TRINITY_DN1511_c0_g1_i6:84-1493  -            470 2014at3041           -            405  3.3e-123  409.5  16.7   2   2   2.4e-99   5.5e-97  323.2   8.8    61   400    87   463    79   470 0.87 -
TRINITY_DN58310_c0_g1_i1:24-1208 -            395 2014at3041           -            405  3.2e-109  363.5  11.0   1   1  1.8e-111    4e-109  363.2  11.0    61   401    17   389     8   395 0.90 -
TRINITY_DN1099_c0_g1_i1:314-1684 -            457 2014at3041           -            405   1.1e-98  328.8  15.3   1   1   4.2e-99   9.5e-97  322.4  15.3     1   398     3   455     3   457 0.83 -
TRINITY_DN1099_c0_g1_i3:314-1684 -            457 2014at3041           -            405   1.1e-98  328.8  15.3   1   1   4.2e-99   9.5e-97  322.4  15.3     1   398     3   455     3   457 0.83 -
TRINITY_DN17544_c0_g1_i1:65-787  -            241 2014at3041           -            405     5e-94  313.4  13.4   1   2   5.6e-37   1.3e-34  117.8   3.6     1    62    33    94    33   103 0.97 -
TRINITY_DN17544_c0_g1_i1:65-787  -            241 2014at3041           -            405     5e-94  313.4  13.4   2   2   2.5e-62   5.8e-60  201.3   2.5    53   179   106   237   100   240 0.95 -
TRINITY_DN279_c0_g1_i3:4374-5180 -            269 2014at3041           -            405   8.6e-67  223.7   4.4   1   2   5.3e-30   1.2e-27   94.8   0.5     1    64     1    69     1    84 0.86 -
TRINITY_DN279_c0_g1_i3:4374-5180 -            269 2014at3041           -            405   8.6e-67  223.7   4.4   2   2   6.3e-41   1.4e-38  130.8   0.3    59   205    85   240    77   246 0.89 -
TRINITY_DN2886_c0_g3_i1:30-1232  -            401 2014at3041           -            405   6.8e-64  214.2   0.9   1   1   2.3e-64   5.2e-62  208.0   0.9   102   396    63   401    18   401 0.82 -
TRINITY_DN6044_c0_g1_i1:39-1385  -            449 2014at3041           -            405   1.7e-56  189.9   0.1   1   1   8.8e-58     2e-55  186.3   0.1     1   398     1   448     1   449 0.81 -
TRINITY_DN6044_c0_g1_i4:39-1385  -            449 2014at3041           -            405   1.7e-56  189.9   0.1   1   1   8.8e-58     2e-55  186.3   0.1     1   398     1   448     1   449 0.81 -
TRINITY_DN14971_c0_g1_i1:5-886   -            294 2014at3041           -            405   2.2e-27   94.0   0.1   1   1   1.3e-29     3e-27   93.5   0.1   134   392     3   294     1   294 0.77 -
TRINITY_DN6451_c0_g1_i2:5-904    -            300 2014at3041           -            405   6.7e-23   79.2   0.3   1   1   3.2e-24   7.3e-22   75.8   0.3   122   376     1   300     1   300 0.74 -
TRINITY_DN4913_c0_g1_i2:16-873   -            286 2014at3041           -            405   9.3e-05   19.4   1.0   1   2   0.00014     0.033   11.0   0.0     2    36     7    40     6    51 0.86 -
TRINITY_DN4913_c0_g1_i2:16-873   -            286 2014at3041           -            405   9.3e-05   19.4   1.0   2   2    0.0063       1.4    5.6   0.2   145   239   145   259   101   286 0.57 -
TRINITY_DN4913_c0_g1_i1:16-873   -            286 2014at3041           -            405   0.00016   18.7   1.0   1   2   0.00014     0.033   11.0   0.0     2    36     7    40     6    51 0.86 -
TRINITY_DN4913_c0_g1_i1:16-873   -            286 2014at3041           -            405   0.00016   18.7   1.0   2   2    0.0078       1.8    5.3   0.2   145   199   145   201    98   286 0.56 -
TRINITY_DN4344_c0_g1_i1:573-1544 -            324 2014at3041           -            405     0.043   10.7   0.2   1   2    0.0014      0.31    7.8   0.1     1    41     1    41     1   163 0.87 -
TRINITY_DN4344_c0_g1_i1:573-1544 -            324 2014at3041           -            405     0.043   10.7   0.2   2   2      0.19        43    0.8   0.0   242   260   268   286   217   300 0.83 -
TRINITY_DN4344_c0_g1_i2:65-1042  -            326 2014at3041           -            405     0.044   10.6   0.2   1   2    0.0014      0.32    7.8   0.1     1    41     3    43     3   165 0.87 -
TRINITY_DN4344_c0_g1_i2:65-1042  -            326 2014at3041           -            405     0.044   10.6   0.2   2   2      0.19        44    0.7   0.0   242   260   270   288   219   301 0.82 -
#
# Program:         hmmsearch
# Version:         3.2.1 (June 2018)
# Pipeline mode:   SEARCH
# Query file:      /sw/bioinfo/BUSCO/v5_lineage_sets/lineages/chlorophyta_odb10/hmms/2014at3041.hmm
# Target file:     /crex/proj/snic2022-23-81/expression_algae/code/busco/trinity_VA-3180-Osg10Pal/run_chlorophyta_odb10/metaeuk_output/initial_results/trinity_VA-3180-Osg10Pal.Trinity.fasta.modified.fas
# Option settings: hmmsearch --domtblout /crex/proj/snic2022-23-81/expression_algae/code/busco/trinity_VA-3180-Osg10Pal/run_chlorophyta_odb10/hmmer_output/initial_run_results/2014at3041.out --cpu 1 /sw/bioinfo/BUSCO/v5_lineage_sets/lineages/chlorophyta_odb10/hmms/2014at3041.hmm /crex/proj/snic2022-23-81/expression_algae/code/busco/trinity_VA-3180-Osg10Pal/run_chlorophyta_odb10/metaeuk_output/initial_results/trinity_VA-3180-Osg10Pal.Trinity.fasta.modified.fas 
# Current dir:     /crex/proj/snic2022-23-81/expression_algae/code/busco
# Date:            Fri Sep 23 10:12:21 2022
# [ok]
