#                                                                                         --- full sequence --- -------------- this domain -------------   hmm coord   ali coord   env coord
# target name                     accession   tlen query name           accession   qlen   E-value  score  bias   #  of  c-Evalue  i-Evalue  score  bias  from    to  from    to  from    to  acc description of target
#             ------------------- ---------- ----- -------------------- ---------- ----- --------- ------ ----- --- --- --------- --------- ------ ----- ----- ----- ----- ----- ----- ----- ---- ---------------------
TRINITY_DN34582_c0_g1_i1:62-769   -            236 2251at3041           -            288    3e-104  346.2   4.7   1   1  1.5e-106  9.2e-104  344.5   4.7    79   288     1   235     1   235 0.91 -
TRINITY_DN42975_c0_g1_i1:3-545    -            181 2251at3041           -            288     2e-73  244.9   0.0   1   1   3.6e-76   2.3e-73  244.8   0.0    34   202     1   180     1   181 0.94 -
TRINITY_DN6149_c0_g1_i2:235-678   -            148 2251at3041           -            288   7.6e-06   23.2   0.0   1   1   1.6e-08   9.6e-06   22.8   0.0    88   183     4   105     1   109 0.71 -
TRINITY_DN3116_c0_g2_i3:303-965   -            221 2251at3041           -            288   8.3e-06   23.0   0.0   1   1   1.7e-08   1.1e-05   22.7   0.0    74   183    28   139    15   159 0.73 -
TRINITY_DN6149_c0_g1_i1:263-694   -            144 2251at3041           -            288     2e-05   21.8   0.0   1   1   4.2e-08   2.6e-05   21.4   0.0    89   183     1   101     1   105 0.71 -
TRINITY_DN6149_c0_g1_i5:263-694   -            144 2251at3041           -            288     2e-05   21.8   0.0   1   1   4.2e-08   2.6e-05   21.4   0.0    89   183     1   101     1   105 0.71 -
TRINITY_DN5577_c0_g2_i2:1280-1954 -            225 2251at3041           -            288   4.5e-05   20.6   0.0   1   1   7.9e-08   4.9e-05   20.5   0.0    81   183    37   142    22   211 0.80 -
#
# Program:         hmmsearch
# Version:         3.2.1 (June 2018)
# Pipeline mode:   SEARCH
# Query file:      /sw/bioinfo/BUSCO/v5_lineage_sets/lineages/chlorophyta_odb10/hmms/2251at3041.hmm
# Target file:     /crex/proj/snic2022-23-81/expression_algae/code/busco/trinity_VA-3180-Osg10Pal/run_chlorophyta_odb10/metaeuk_output/initial_results/trinity_VA-3180-Osg10Pal.Trinity.fasta.modified.fas
# Option settings: hmmsearch --domtblout /crex/proj/snic2022-23-81/expression_algae/code/busco/trinity_VA-3180-Osg10Pal/run_chlorophyta_odb10/hmmer_output/initial_run_results/2251at3041.out --cpu 1 /sw/bioinfo/BUSCO/v5_lineage_sets/lineages/chlorophyta_odb10/hmms/2251at3041.hmm /crex/proj/snic2022-23-81/expression_algae/code/busco/trinity_VA-3180-Osg10Pal/run_chlorophyta_odb10/metaeuk_output/initial_results/trinity_VA-3180-Osg10Pal.Trinity.fasta.modified.fas 
# Current dir:     /crex/proj/snic2022-23-81/expression_algae/code/busco
# Date:            Fri Sep 23 10:12:23 2022
# [ok]
