#                                                                                         --- full sequence --- -------------- this domain -------------   hmm coord   ali coord   env coord
# target name                     accession   tlen query name           accession   qlen   E-value  score  bias   #  of  c-Evalue  i-Evalue  score  bias  from    to  from    to  from    to  acc description of target
#             ------------------- ---------- ----- -------------------- ---------- ----- --------- ------ ----- --- --- --------- --------- ------ ----- ----- ----- ----- ----- ----- ----- ---- ---------------------
TRINITY_DN6340_c0_g1_i1:257-1430  -            319 2380at3041           -            270  1.3e-140  465.1   7.9   1   1  2.5e-140  1.2e-138  458.7   7.9     1   270     5   311     5   311 0.92 -
TRINITY_DN6340_c0_g1_i2:257-1213  -            319 2380at3041           -            270  1.3e-140  465.1   7.9   1   1  2.5e-140  1.2e-138  458.7   7.9     1   270     5   311     5   311 0.92 -
TRINITY_DN6347_c0_g2_i1:42-587    -            182 2380at3041           -            270   1.9e-31  107.2   0.1   1   2   2.2e-16     1e-14   52.3   0.0   130   233    12   113     2   115 0.88 -
TRINITY_DN6347_c0_g2_i1:42-587    -            182 2380at3041           -            270   1.9e-31  107.2   0.1   2   2   1.3e-18     6e-17   59.6   0.0    95   214    60   179    59   182 0.92 -
TRINITY_DN2953_c0_g1_i1:94-1005   -            304 2380at3041           -            270   2.1e-27   93.9   0.0   1   3   3.3e-09   1.6e-07   28.8   0.0   151   243     9   102     4   105 0.79 -
TRINITY_DN2953_c0_g1_i1:94-1005   -            304 2380at3041           -            270   2.1e-27   93.9   0.0   2   3   4.1e-15     2e-13   48.1   0.0   108   233    94   221    90   229 0.87 -
TRINITY_DN2953_c0_g1_i1:94-1005   -            304 2380at3041           -            270   2.1e-27   93.9   0.0   3   3   4.1e-08     2e-06   25.2   0.0   113   222   188   302   186   304 0.77 -
TRINITY_DN42538_c0_g1_i1:3-431    -            143 2380at3041           -            270   2.6e-27   93.6   3.0   1   2   1.3e-15     6e-14   49.8   0.3   134   231     1    97     1    98 0.96 -
TRINITY_DN42538_c0_g1_i1:3-431    -            143 2380at3041           -            270   2.6e-27   93.6   3.0   2   2   6.7e-16   3.2e-14   50.7   0.2   133   231    42   140    40   143 0.97 -
TRINITY_DN2934_c0_g1_i3:1-1191    -            397 2380at3041           -            270   5.3e-27   92.6   0.5   1   2   0.00051     0.024   11.7   0.0   150   194   169   213   118   221 0.59 -
TRINITY_DN2934_c0_g1_i3:1-1191    -            397 2380at3041           -            270   5.3e-27   92.6   0.5   2   2   2.4e-24   1.2e-22   78.4   0.1   109   233   221   349   213   355 0.89 -
TRINITY_DN3644_c0_g1_i3:1107-1973 -            289 2380at3041           -            270     7e-27   92.2   3.3   1   2   1.6e-06   7.7e-05   19.9   1.2   141   234    22   113     6   118 0.83 -
TRINITY_DN3644_c0_g1_i3:1107-1973 -            289 2380at3041           -            270     7e-27   92.2   3.3   2   2   1.1e-22   5.4e-21   72.9   0.1   108   265   117   275   113   280 0.85 -
TRINITY_DN2934_c0_g1_i5:1-648     -            216 2380at3041           -            270   3.1e-26   90.1   0.8   1   3    0.0096      0.46    7.6   0.0   121   153     2    34     1    40 0.65 -
TRINITY_DN2934_c0_g1_i5:1-648     -            216 2380at3041           -            270   3.1e-26   90.1   0.8   2   3   1.3e-26     6e-25   85.9   0.4    91   233    13   168    12   174 0.86 -
TRINITY_DN2934_c0_g1_i5:1-648     -            216 2380at3041           -            270   3.1e-26   90.1   0.8   3   3       4.6   2.2e+02   -1.2   0.0   114   137   192   215   184   216 0.73 -
TRINITY_DN10545_c0_g1_i1:340-855  -            172 2380at3041           -            270   1.1e-21   75.2   1.2   1   2   3.2e-09   1.5e-07   28.8   0.1   175   233    20    77     7    80 0.86 -
TRINITY_DN10545_c0_g1_i1:340-855  -            172 2380at3041           -            270   1.1e-21   75.2   1.2   2   2   2.9e-16   1.4e-14   51.9   0.1    91   200    62   171    57   172 0.88 -
TRINITY_DN1654_c0_g1_i1:166-555   -            130 2380at3041           -            270   7.9e-20   69.1   0.0   1   1     2e-21   9.3e-20   68.9   0.0   114   235     3   121     1   130 0.91 -
TRINITY_DN3625_c0_g1_i3:137-964   -            276 2380at3041           -            270   1.4e-19   68.3   1.8   1   2   4.5e-16   2.1e-14   51.3   0.1    56   196    24   169     4   182 0.78 -
TRINITY_DN3625_c0_g1_i3:137-964   -            276 2380at3041           -            270   1.4e-19   68.3   1.8   2   2   1.8e-05   0.00087   16.5   0.1    91   145   219   276   197   276 0.45 -
TRINITY_DN3625_c0_g1_i6:137-964   -            276 2380at3041           -            270   1.4e-19   68.3   1.8   1   2   4.5e-16   2.1e-14   51.3   0.1    56   196    24   169     4   182 0.78 -
TRINITY_DN3625_c0_g1_i6:137-964   -            276 2380at3041           -            270   1.4e-19   68.3   1.8   2   2   1.8e-05   0.00087   16.5   0.1    91   145   219   276   197   276 0.45 -
TRINITY_DN3841_c0_g1_i6:137-1042  -            302 2380at3041           -            270   1.7e-19   68.0   2.2   1   2   1.8e-19   8.6e-18   62.4   0.3    51   237    19   218    12   225 0.78 -
TRINITY_DN3841_c0_g1_i6:137-1042  -            302 2380at3041           -            270   1.7e-19   68.0   2.2   2   2     0.054       2.6    5.1   0.0    34    78   221   263   213   284 0.76 -
TRINITY_DN3625_c0_g1_i1:569-1264  -            232 2380at3041           -            270   3.8e-19   66.8   1.7   1   2   1.5e-15   7.3e-14   49.5   0.1    75   196     6   125     2   139 0.83 -
TRINITY_DN3625_c0_g1_i1:569-1264  -            232 2380at3041           -            270   3.8e-19   66.8   1.7   2   2   1.3e-05   0.00063   17.0   0.2    91   145   175   232   152   232 0.45 -
TRINITY_DN1654_c0_g1_i4:15-356    -            114 2380at3041           -            270     7e-19   66.0   0.0   1   1   1.7e-20   8.3e-19   65.7   0.0   132   234     9   109     1   113 0.91 -
TRINITY_DN2934_c0_g1_i4:1-1059    -            353 2380at3041           -            270     1e-18   65.4   0.1   1   3    0.0005     0.024   11.8   0.0   150   194   169   213   122   220 0.60 -
TRINITY_DN2934_c0_g1_i4:1-1059    -            353 2380at3041           -            270     1e-18   65.4   0.1   2   3   7.5e-16   3.6e-14   50.5   0.0   109   191   221   306   212   313 0.85 -
TRINITY_DN2934_c0_g1_i4:1-1059    -            353 2380at3041           -            270     1e-18   65.4   0.1   3   3       8.2   3.9e+02   -2.0   0.0   113   137   328   352   320   353 0.72 -
TRINITY_DN3303_c0_g1_i4:37-501    -            155 2380at3041           -            270   1.6e-18   64.8   0.0   1   1   5.1e-20   2.4e-18   64.2   0.0    92   233    10   150     5   153 0.90 -
TRINITY_DN3168_c0_g1_i2:56-1093   -            346 2380at3041           -            270   3.3e-18   63.8   0.0   1   3     0.034       1.6    5.8   0.0   105   144    78   117    69   122 0.80 -
TRINITY_DN3168_c0_g1_i2:56-1093   -            346 2380at3041           -            270   3.3e-18   63.8   0.0   2   3   1.8e-12   8.5e-11   39.5   0.0   112   191   133   215   127   222 0.87 -
TRINITY_DN3168_c0_g1_i2:56-1093   -            346 2380at3041           -            270   3.3e-18   63.8   0.0   3   3   9.9e-05    0.0047   14.1   0.0   155   199   245   292   237   299 0.78 -
TRINITY_DN4874_c0_g2_i1:1-888     -            296 2380at3041           -            270   6.4e-18   62.8   1.6   1   3   9.3e-09   4.4e-07   27.3   0.0   169   232    76   137    50   147 0.80 -
TRINITY_DN4874_c0_g2_i1:1-888     -            296 2380at3041           -            270   6.4e-18   62.8   1.6   2   3   5.7e-07   2.7e-05   21.4   0.1    78   153   164   237   147   246 0.79 -
TRINITY_DN4874_c0_g2_i1:1-888     -            296 2380at3041           -            270   6.4e-18   62.8   1.6   3   3   0.00023     0.011   12.9   0.0   116   157   243   283   234   295 0.81 -
TRINITY_DN2679_c0_g1_i1:118-804   -            229 2380at3041           -            270     1e-17   62.1   0.7   1   2   2.2e-13   1.1e-11   42.4   0.0   109   233    68   189    61   193 0.90 -
TRINITY_DN2679_c0_g1_i1:118-804   -            229 2380at3041           -            270     1e-17   62.1   0.7   2   2   4.1e-08     2e-06   25.2   0.2   176   230   175   228   174   229 0.56 -
TRINITY_DN12826_c0_g1_i1:326-847  -            174 2380at3041           -            270     2e-17   61.2   0.8   1   1   8.2e-19   3.9e-17   60.2   0.8    88   231    22   173     5   174 0.89 -
TRINITY_DN3841_c0_g1_i2:284-892   -            203 2380at3041           -            270   5.4e-16   56.5   0.3   1   2   3.9e-17   1.8e-15   54.8   0.1    90   238    19   170    13   177 0.84 -
TRINITY_DN3841_c0_g1_i2:284-892   -            203 2380at3041           -            270   5.4e-16   56.5   0.3   2   2         2        95   -0.0   0.0    35    67   173   203   165   203 0.67 -
TRINITY_DN45883_c0_g1_i1:186-596  -            137 2380at3041           -            270   6.9e-15   52.9   0.8   1   2   1.7e-07   8.2e-06   23.1   0.1   169   217    14    62     1    63 0.84 -
TRINITY_DN45883_c0_g1_i1:186-596  -            137 2380at3041           -            270   6.9e-15   52.9   0.8   2   2   1.3e-09     6e-08   30.1   0.1    90   161    61   133    58   137 0.85 -
TRINITY_DN57421_c0_g1_i1:109-588  -            160 2380at3041           -            270   1.4e-14   51.9   0.2   1   2   5.8e-10   2.8e-08   31.2   0.1   138   211    16    88     4    93 0.87 -
TRINITY_DN57421_c0_g1_i1:109-588  -            160 2380at3041           -            270   1.4e-14   51.9   0.2   2   2   1.1e-06   5.2e-05   20.5   0.0   115   190    78   151    73   158 0.80 -
TRINITY_DN49433_c0_g1_i1:340-735  -            132 2380at3041           -            270   1.5e-14   51.8   0.4   1   1   3.6e-16   1.7e-14   51.6   0.4    86   202    13   129     6   132 0.88 -
TRINITY_DN10986_c0_g1_i2:62-1030  -            323 2380at3041           -            270   1.8e-14   51.5   6.8   1   3     0.045       2.2    5.4   0.2   114   148   135   172   126   179 0.57 -
TRINITY_DN10986_c0_g1_i2:62-1030  -            323 2380at3041           -            270   1.8e-14   51.5   6.8   2   3   3.4e-09   1.6e-07   28.7   0.3   107   151   238   282   214   286 0.86 -
TRINITY_DN10986_c0_g1_i2:62-1030  -            323 2380at3041           -            270   1.8e-14   51.5   6.8   3   3   0.00058     0.028   11.6   0.1    34    70   286   322   282   323 0.80 -
TRINITY_DN5915_c0_g1_i2:223-1104  -            294 2380at3041           -            270   3.9e-14   50.4   0.1   1   3      0.03       1.4    6.0   0.0   125   234    11   115     1   150 0.61 -
TRINITY_DN5915_c0_g1_i2:223-1104  -            294 2380at3041           -            270   3.9e-14   50.4   0.1   2   3   2.1e-08     1e-06   26.1   0.2   131   212   158   238    95   242 0.89 -
TRINITY_DN5915_c0_g1_i2:223-1104  -            294 2380at3041           -            270   3.9e-14   50.4   0.1   3   3   5.9e-07   2.8e-05   21.4   0.0   109   184   221   294   215   294 0.90 -
TRINITY_DN8322_c0_g1_i2:7-303     -             99 2380at3041           -            270   4.4e-14   50.3   0.1   1   1   1.1e-15   5.4e-14   49.9   0.1    93   189     3    99     1    99 0.89 -
TRINITY_DN28781_c0_g1_i1:485-925  -            147 2380at3041           -            270   4.7e-14   50.1   1.4   1   2   6.8e-09   3.2e-07   27.7   0.1   113   188     5    78     1    83 0.76 -
TRINITY_DN28781_c0_g1_i1:485-925  -            147 2380at3041           -            270   4.7e-14   50.1   1.4   2   2   2.9e-08   1.4e-06   25.6   0.2    95   167    69   147    66   147 0.86 -
TRINITY_DN4116_c0_g1_i1:32-733    -            234 2380at3041           -            270     5e-13   46.8   0.1   1   2    0.0089      0.43    7.7   0.0   185   232    17    63     6    69 0.72 -
TRINITY_DN4116_c0_g1_i1:32-733    -            234 2380at3041           -            270     5e-13   46.8   0.1   2   2   1.9e-12     9e-11   39.4   0.0    97   233    55   192    50   233 0.78 -
TRINITY_DN1069_c0_g1_i5:132-3008  -            959 2380at3041           -            270   6.1e-13   46.5   0.3   1   3     0.043       2.1    5.4   0.0   198   235   122   159    76   169 0.60 -
TRINITY_DN1069_c0_g1_i5:132-3008  -            959 2380at3041           -            270   6.1e-13   46.5   0.3   2   3   1.2e-10   5.9e-09   33.4   0.6   122   234   186   304   179   314 0.83 -
TRINITY_DN1069_c0_g1_i5:132-3008  -            959 2380at3041           -            270   6.1e-13   46.5   0.3   3   3      0.33        16    2.5   0.0   120   150   318   348   312   369 0.83 -
TRINITY_DN3841_c0_g1_i3:137-637   -            167 2380at3041           -            270     8e-13   46.1   0.3   1   1   2.6e-14   1.2e-12   45.5   0.3    87   267    18   166     2   167 0.46 -
TRINITY_DN5975_c0_g1_i1:0-863     -            288 2380at3041           -            270   1.1e-12   45.6   0.8   1   3   6.2e-07     3e-05   21.3   0.9   124   235     5   118     1   127 0.81 -
TRINITY_DN5975_c0_g1_i1:0-863     -            288 2380at3041           -            270   1.1e-12   45.6   0.8   2   3   7.1e-08   3.4e-06   24.4   0.1   112   234    82   203    74   228 0.80 -
TRINITY_DN5975_c0_g1_i1:0-863     -            288 2380at3041           -            270   1.1e-12   45.6   0.8   3   3         8   3.8e+02   -2.0   0.0   108   145   248   284   233   286 0.73 -
TRINITY_DN28781_c0_g1_i2:80-484   -            135 2380at3041           -            270   1.2e-12   45.5   2.2   1   2   1.2e-07   5.9e-06   23.6   0.1   130   188     9    66     1    73 0.79 -
TRINITY_DN28781_c0_g1_i2:80-484   -            135 2380at3041           -            270   1.2e-12   45.5   2.2   2   2   2.4e-08   1.2e-06   25.9   0.2    95   167    57   135    54   135 0.86 -
TRINITY_DN1069_c0_g1_i4:12-3785   -           1258 2380at3041           -            270   1.6e-12   45.2   0.3   1   3      0.06       2.8    5.0   0.0   198   235    96   133    50   143 0.60 -
TRINITY_DN1069_c0_g1_i4:12-3785   -           1258 2380at3041           -            270   1.6e-12   45.2   0.3   2   3     2e-10   9.6e-09   32.8   0.8   122   234   160   278   153   290 0.83 -
TRINITY_DN1069_c0_g1_i4:12-3785   -           1258 2380at3041           -            270   1.6e-12   45.2   0.3   3   3       0.4        19    2.3   0.0   120   150   292   322   281   340 0.83 -
TRINITY_DN1069_c0_g1_i3:12-3863   -           1284 2380at3041           -            270   1.6e-12   45.1   0.3   1   3     0.061       2.9    4.9   0.0   198   235   122   159    76   169 0.60 -
TRINITY_DN1069_c0_g1_i3:12-3863   -           1284 2380at3041           -            270   1.6e-12   45.1   0.3   2   3   1.9e-10     9e-09   32.8   0.6   122   234   186   304   179   313 0.83 -
TRINITY_DN1069_c0_g1_i3:12-3863   -           1284 2380at3041           -            270   1.6e-12   45.1   0.3   3   3      0.47        23    2.0   0.0   120   149   318   347   311   363 0.83 -
TRINITY_DN3299_c0_g1_i3:183-1076  -            298 2380at3041           -            270   2.1e-12   44.8   4.9   1   3   1.2e-09   5.6e-08   30.2   0.1   173   240    21    91     7    96 0.84 -
TRINITY_DN3299_c0_g1_i3:183-1076  -            298 2380at3041           -            270   2.1e-12   44.8   4.9   2   3      0.23        11    3.0   0.0   201   234   101   135    95   149 0.63 -
TRINITY_DN3299_c0_g1_i3:183-1076  -            298 2380at3041           -            270   2.1e-12   44.8   4.9   3   3   0.00053     0.025   11.7   0.5   176   247   181   259   176   289 0.57 -
TRINITY_DN4874_c0_g2_i2:1-717     -            239 2380at3041           -            270   3.1e-12   44.2   0.1   1   2   5.9e-09   2.8e-07   27.9   0.0   169   232    76   137    50   149 0.80 -
TRINITY_DN4874_c0_g2_i2:1-717     -            239 2380at3041           -            270   3.1e-12   44.2   0.1   2   2   7.8e-05    0.0037   14.4   0.1   107   157   177   226   160   238 0.81 -
TRINITY_DN55666_c0_g1_i1:61-402   -            114 2380at3041           -            270   4.3e-12   43.7   0.2   1   2   1.3e-06   6.1e-05   20.3   0.0   172   218    14    60     1    63 0.84 -
TRINITY_DN55666_c0_g1_i1:61-402   -            114 2380at3041           -            270   4.3e-12   43.7   0.2   2   2   1.8e-07   8.5e-06   23.1   0.1   177   231    61   114    57   114 0.91 -
TRINITY_DN3303_c0_g1_i2:75-362    -             96 2380at3041           -            270   5.8e-12   43.3   0.0   1   1   3.2e-13   1.5e-11   41.9   0.0   138   234     1    95     1    96 0.81 -
TRINITY_DN45883_c0_g1_i2:186-506  -            107 2380at3041           -            270   6.6e-12   43.1   0.5   1   2   3.6e-08   1.7e-06   25.4   0.1   158   219     4    64     1    66 0.84 -
TRINITY_DN45883_c0_g1_i2:186-506  -            107 2380at3041           -            270   6.6e-12   43.1   0.5   2   2   2.9e-06   0.00014   19.1   0.0    90   124    61    97    59   105 0.82 -
TRINITY_DN60023_c0_g1_i1:1-504    -            168 2380at3041           -            270   7.4e-12   42.9   0.0   1   2   5.1e-05    0.0024   15.0   0.1   164   205    21    62     9    68 0.73 -
TRINITY_DN60023_c0_g1_i1:1-504    -            168 2380at3041           -            270   7.4e-12   42.9   0.0   2   2     4e-09   1.9e-07   28.5   0.0   115   220    58   166    54   168 0.83 -
TRINITY_DN26872_c0_g1_i1:0-893    -            298 2380at3041           -            270     8e-12   42.8   0.0   1   1   4.4e-13   2.1e-11   41.5   0.0    12   195    54   251    46   294 0.70 -
TRINITY_DN58719_c0_g1_i1:2-670    -            223 2380at3041           -            270   1.4e-11   42.1   0.4   1   2   0.00013    0.0062   13.7   0.1   129   176    35    82    31    86 0.85 -
TRINITY_DN58719_c0_g1_i1:2-670    -            223 2380at3041           -            270   1.4e-11   42.1   0.4   2   2   3.5e-08   1.7e-06   25.4   0.0   105   193   106   190    94   194 0.87 -
TRINITY_DN4159_c0_g1_i4:1165-2013 -            283 2380at3041           -            270   1.9e-11   41.6   0.5   1   2   3.2e-09   1.5e-07   28.8   0.1   129   235    14   118     4   135 0.87 -
TRINITY_DN4159_c0_g1_i4:1165-2013 -            283 2380at3041           -            270   1.9e-11   41.6   0.5   2   2    0.0013     0.061   10.4   0.1   138   237   149   246   132   283 0.80 -
TRINITY_DN2679_c0_g1_i2:439-786   -            116 2380at3041           -            270   2.1e-11   41.5   0.2   1   1   6.4e-13     3e-11   40.9   0.2   130   231    16   115     2   116 0.80 -
TRINITY_DN663_c0_g1_i2:270-1169   -            300 2380at3041           -            270   2.7e-11   41.1   0.2   1   2     2e-09   9.7e-08   29.5   0.0   105   237    47   178     7   210 0.72 -
TRINITY_DN663_c0_g1_i2:270-1169   -            300 2380at3041           -            270   2.7e-11   41.1   0.2   2   2     0.002     0.097    9.8   0.0    88   144   237   294   207   298 0.84 -
TRINITY_DN19750_c0_g1_i1:35-457   -            141 2380at3041           -            270   7.1e-11   39.7   0.2   1   1   2.5e-12   1.2e-10   39.0   0.2    47   146    14   124     5   139 0.77 -
TRINITY_DN6347_c2_g1_i1:9-308     -            100 2380at3041           -            270   1.2e-10   39.0   0.7   1   1   5.7e-12   2.7e-10   37.8   0.7    93   189     3    98     1   100 0.89 -
TRINITY_DN3299_c0_g1_i1:183-755   -            191 2380at3041           -            270   3.2e-10   37.6   0.4   1   2   4.7e-10   2.2e-08   31.5   0.1   172   240    20    91     6    96 0.84 -
TRINITY_DN3299_c0_g1_i1:183-755   -            191 2380at3041           -            270   3.2e-10   37.6   0.4   2   2      0.11       5.5    4.0   0.0   201   234   101   135    96   151 0.64 -
TRINITY_DN8322_c0_g4_i1:15-254    -             80 2380at3041           -            270   3.3e-10   37.5   0.0   1   1     7e-12   3.3e-10   37.5   0.0   173   234    18    78     1    80 0.87 -
TRINITY_DN8723_c0_g1_i2:8-757     -            250 2380at3041           -            270   3.9e-10   37.3   0.3   1   3     0.016      0.78    6.8   0.1   176   230    35    92    18    96 0.52 -
TRINITY_DN8723_c0_g1_i2:8-757     -            250 2380at3041           -            270   3.9e-10   37.3   0.3   2   3   1.3e-08   6.4e-07   26.8   0.0   137   270    96   231    84   231 0.85 -
TRINITY_DN8723_c0_g1_i2:8-757     -            250 2380at3041           -            270   3.9e-10   37.3   0.3   3   3    0.0059      0.28    8.3   0.0   110   155   198   242   192   249 0.79 -
TRINITY_DN13382_c0_g1_i1:157-924  -            256 2380at3041           -            270   5.5e-10   36.8   0.2   1   2   4.7e-07   2.3e-05   21.7   0.1   123   215     2    92     1   107 0.86 -
TRINITY_DN13382_c0_g1_i1:157-924  -            256 2380at3041           -            270   5.5e-10   36.8   0.2   2   2   0.00015    0.0072   13.5   0.0    90   144   200   256   149   256 0.62 -
TRINITY_DN70821_c0_g1_i1:5-289    -             95 2380at3041           -            270   6.9e-10   36.5   0.3   1   1     2e-11   9.7e-10   36.0   0.3   138   230     1    95     1    95 0.80 -
TRINITY_DN4116_c0_g1_i3:164-559   -            132 2380at3041           -            270   7.2e-10   36.4   0.0   1   1   1.8e-11   8.4e-10   36.2   0.0   109   231    11   132     2   132 0.85 -
TRINITY_DN22748_c0_g1_i1:3-1481   -            493 2380at3041           -            270   8.4e-10   36.2   0.1   1   2      0.14       6.7    3.7   0.0   173   191   228   246   220   260 0.69 -
TRINITY_DN22748_c0_g1_i1:3-1481   -            493 2380at3041           -            270   8.4e-10   36.2   0.1   2   2   1.5e-09     7e-08   29.9   0.0    48   149   275   382   256   389 0.73 -
TRINITY_DN3652_c0_g1_i2:222-1979  -            586 2380at3041           -            270     1e-09   35.9   1.0   1   4     0.013      0.62    7.1   0.0   140   232    48   142    13   153 0.75 -
TRINITY_DN3652_c0_g1_i2:222-1979  -            586 2380at3041           -            270     1e-09   35.9   1.0   2   4       1.1        54    0.8   0.0    53    79   217   245   206   295 0.72 -
TRINITY_DN3652_c0_g1_i2:222-1979  -            586 2380at3041           -            270     1e-09   35.9   1.0   3   4   3.3e-07   1.6e-05   22.2   0.3    54   270   319   544   295   544 0.68 -
TRINITY_DN3652_c0_g1_i2:222-1979  -            586 2380at3041           -            270     1e-09   35.9   1.0   4   4      0.11       5.1    4.1   0.0   126   218   484   575   478   581 0.67 -
TRINITY_DN37385_c0_g1_i1:17-397   -            127 2380at3041           -            270   1.5e-09   35.4   0.4   1   1   3.8e-11   1.8e-09   35.1   0.4   131   233    17   118     7   124 0.88 -
TRINITY_DN4159_c0_g1_i3:254-868   -            205 2380at3041           -            270   2.7e-09   34.5   0.2   1   2     0.013      0.63    7.1   0.0   170   197    17    46    12    75 0.74 -
TRINITY_DN4159_c0_g1_i3:254-868   -            205 2380at3041           -            270   2.7e-09   34.5   0.2   2   2   2.9e-08   1.4e-06   25.7   0.0   127   219   107   198    81   204 0.84 -
TRINITY_DN6347_c1_g2_i1:42-290    -             83 2380at3041           -            270     8e-09   33.0   0.0   1   1   1.7e-10     8e-09   33.0   0.0   172   234    12    73     3    83 0.89 -
TRINITY_DN3841_c0_g1_i5:639-1130  -            164 2380at3041           -            270   3.9e-08   30.7   0.2   1   2   1.9e-07   9.3e-06   23.0   0.0   172   237    18    82     2    87 0.88 -
TRINITY_DN3841_c0_g1_i5:639-1130  -            164 2380at3041           -            270   3.9e-08   30.7   0.2   2   2     0.019       0.9    6.6   0.0    35    79    86   128    80   156 0.74 -
TRINITY_DN663_c0_g1_i3:270-851    -            194 2380at3041           -            270   3.9e-08   30.7   0.0   1   1   9.8e-10   4.7e-08   30.5   0.0   104   234    46   175     5   190 0.73 -
TRINITY_DN58975_c0_g1_i1:89-940   -            284 2380at3041           -            270   5.8e-08   30.2   1.2   1   2   6.8e-09   3.3e-07   27.7   0.3   164   235     7    75     2    83 0.53 -
TRINITY_DN58975_c0_g1_i1:89-940   -            284 2380at3041           -            270   5.8e-08   30.2   1.2   2   2       1.2        57    0.7   0.0   128   146   186   204    87   216 0.53 -
TRINITY_DN6347_c0_g1_i1:1-324     -            108 2380at3041           -            270   8.5e-08   29.6   0.0   1   1     2e-09   9.7e-08   29.5   0.0    91   184    14   108     5   108 0.90 -
TRINITY_DN39888_c0_g1_i1:19-231   -             71 2380at3041           -            270   1.6e-07   28.7   0.0   1   1   3.4e-09   1.6e-07   28.7   0.0   175   235     1    62     1    71 0.82 -
TRINITY_DN4159_c0_g1_i4:2566-3021 -            152 2380at3041           -            270   3.4e-07   27.7   2.9   1   2   3.3e-08   1.6e-06   25.5   0.4   171   270     7   108     2   108 0.85 -
TRINITY_DN4159_c0_g1_i4:2566-3021 -            152 2380at3041           -            270   3.4e-07   27.7   2.9   2   2       0.3        14    2.7   0.1   242   270   123   151   110   151 0.87 -
TRINITY_DN3117_c0_g1_i1:83-976    -            298 2380at3041           -            270   9.1e-07   26.3   0.1   1   2   3.6e-05    0.0017   15.5   0.0   128   215    21   106     4   119 0.76 -
TRINITY_DN3117_c0_g1_i1:83-976    -            298 2380at3041           -            270   9.1e-07   26.3   0.1   2   2    0.0069      0.33    8.0   0.2   139   224   168   251   148   263 0.60 -
TRINITY_DN8322_c0_g2_i2:34-249    -             72 2380at3041           -            270   9.5e-07   26.2   0.0   1   1   2.1e-08     1e-06   26.1   0.0   172   230    15    72     2    72 0.91 -
TRINITY_DN4838_c0_g1_i3:25-1032   -            336 2380at3041           -            270   1.2e-06   25.8   0.0   1   3     0.011      0.55    7.3   0.0    39    71     3    34     1    51 0.64 -
TRINITY_DN4838_c0_g1_i3:25-1032   -            336 2380at3041           -            270   1.2e-06   25.8   0.0   2   3    0.0056      0.27    8.3   0.0   174   234   164   231   124   242 0.76 -
TRINITY_DN4838_c0_g1_i3:25-1032   -            336 2380at3041           -            270   1.2e-06   25.8   0.0   3   3     0.025       1.2    6.2   0.0   124   187   260   333   252   336 0.72 -
TRINITY_DN3117_c0_g1_i2:314-1285  -            324 2380at3041           -            270   1.3e-06   25.8   0.1   1   2   4.3e-05    0.0021   15.3   0.0   128   215    21   106     4   118 0.76 -
TRINITY_DN3117_c0_g1_i2:314-1285  -            324 2380at3041           -            270   1.3e-06   25.8   0.1   2   2    0.0058      0.28    8.3   0.1   139   220   168   247   130   262 0.56 -
TRINITY_DN19153_c0_g1_i1:47-397   -            117 2380at3041           -            270   1.9e-06   25.2   0.0   1   1   5.6e-08   2.7e-06   24.7   0.0    90   188    16   116     2   117 0.64 -
TRINITY_DN24498_c0_g1_i1:150-689  -            180 2380at3041           -            270   4.9e-06   23.9   0.0   1   1   1.6e-07   7.6e-06   23.2   0.0   184   234     9    59     4    67 0.89 -
TRINITY_DN8526_c0_g1_i1:53-313    -             87 2380at3041           -            270   1.7e-05   22.1   0.1   1   1   6.1e-07   2.9e-05   21.3   0.1   173   230    28    87     1    87 0.65 -
TRINITY_DN3915_c0_g1_i1:69-407    -            113 2380at3041           -            270     2e-05   21.9   0.0   1   1   6.4e-07   3.1e-05   21.3   0.0   133   190    52   111    33   113 0.84 -
TRINITY_DN46992_c0_g1_i1:25-252   -             76 2380at3041           -            270   2.2e-05   21.7   0.0   1   1   4.9e-07   2.3e-05   21.6   0.0   192   236    24    68    20    76 0.82 -
TRINITY_DN48962_c0_g1_i1:113-526  -            138 2380at3041           -            270   4.6e-05   20.7   0.1   1   2     0.027       1.3    6.1   0.0   118   146    12    39     6    48 0.87 -
TRINITY_DN48962_c0_g1_i1:113-526  -            138 2380at3041           -            270   4.6e-05   20.7   0.1   2   2   0.00021      0.01   13.0   0.0   119   181    67   133    52   138 0.57 -
TRINITY_DN4838_c0_g1_i5:352-1038  -            229 2380at3041           -            270   0.00012   19.4   0.0   1   2   0.00047     0.022   11.9   0.0   109   148     2    40     1    50 0.83 -
TRINITY_DN4838_c0_g1_i5:352-1038  -            229 2380at3041           -            270   0.00012   19.4   0.0   2   2      0.04       1.9    5.5   0.0   174   224   166   223   137   229 0.72 -
TRINITY_DN10850_c0_g1_i2:31-528   -            166 2380at3041           -            270   0.00013   19.1   0.4   1   2    0.0034      0.16    9.1   0.0   175   193    18    36     1    52 0.73 -
TRINITY_DN10850_c0_g1_i2:31-528   -            166 2380at3041           -            270   0.00013   19.1   0.4   2   2    0.0038      0.18    8.9   0.1   175   233   104   163    65   166 0.65 -
TRINITY_DN6296_c0_g1_i1:135-1487  -            451 2380at3041           -            270   0.00021   18.5   1.5   1   3      0.25        12    2.9   0.1   165   191    84   111    72   126 0.68 -
TRINITY_DN6296_c0_g1_i1:135-1487  -            451 2380at3041           -            270   0.00021   18.5   1.5   2   3   0.00072     0.035   11.2   0.0    88   150   188   259   179   288 0.78 -
TRINITY_DN6296_c0_g1_i1:135-1487  -            451 2380at3041           -            270   0.00021   18.5   1.5   3   3      0.96        46    1.0   0.0    62    85   306   327   274   353 0.64 -
TRINITY_DN8723_c0_g1_i1:91-606    -            172 2380at3041           -            270   0.00023   18.4   0.0   1   2     0.005      0.24    8.5   0.0   176   230    35    92     2    98 0.54 -
TRINITY_DN8723_c0_g1_i1:91-606    -            172 2380at3041           -            270   0.00023   18.4   0.0   2   2    0.0032      0.15    9.1   0.0   137   210    96   170    85   172 0.81 -
TRINITY_DN6296_c0_g1_i4:42-1475   -            478 2380at3041           -            270    0.0003   18.0   1.7   1   3      0.28        13    2.8   0.1   165   191   111   138   100   153 0.68 -
TRINITY_DN6296_c0_g1_i4:42-1475   -            478 2380at3041           -            270    0.0003   18.0   1.7   2   3   0.00068     0.033   11.3   0.1    88   150   215   286   196   315 0.79 -
TRINITY_DN6296_c0_g1_i4:42-1475   -            478 2380at3041           -            270    0.0003   18.0   1.7   3   3         1        49    0.9   0.0    62    85   333   354   300   379 0.64 -
TRINITY_DN6296_c0_g1_i2:42-947    -            302 2380at3041           -            270   0.00031   18.0   0.5   1   2      0.14       6.8    3.7   0.1   165   191   111   138    99   154 0.68 -
TRINITY_DN6296_c0_g1_i2:42-947    -            302 2380at3041           -            270   0.00031   18.0   0.5   2   2   0.00043      0.02   12.0   0.0    88   150   215   286   199   296 0.79 -
TRINITY_DN16552_c0_g1_i1:20-433   -            138 2380at3041           -            270    0.0029   14.8   0.0   1   1   7.2e-05    0.0034   14.5   0.0    90   176     2    91     1   124 0.75 -
TRINITY_DN3299_c0_g1_i2:168-356   -             63 2380at3041           -            270    0.0042   14.2   0.0   1   1   8.9e-05    0.0042   14.2   0.0   170   199    23    52     3    62 0.71 -
TRINITY_DN65678_c0_g1_i1:9-623    -            205 2380at3041           -            270    0.0082   13.3   0.0   1   2   0.00063      0.03   11.4   0.0   115   153     4    41     1    82 0.69 -
TRINITY_DN65678_c0_g1_i1:9-623    -            205 2380at3041           -            270    0.0082   13.3   0.0   2   2         4   1.9e+02   -1.0   0.0   132   145   166   179   147   196 0.63 -
TRINITY_DN4874_c0_g1_i1:2-460     -            153 2380at3041           -            270     0.013   12.6   0.0   1   1    0.0004     0.019   12.1   0.0   177   235     7    65     4    74 0.86 -
TRINITY_DN1675_c0_g1_i3:1-778     -            220 2380at3041           -            270     0.018   12.2   0.0   1   1    0.0012     0.059   10.5   0.0   175   264   122   219   120   220 0.46 -
TRINITY_DN1675_c0_g1_i2:1-660     -            220 2380at3041           -            270     0.018   12.2   0.0   1   1    0.0012     0.059   10.5   0.0   175   264   122   219   120   220 0.46 -
TRINITY_DN984_c0_g1_i1:178-1557   -            460 2380at3041           -            270     0.019   12.1   0.0   1   2      0.86        41    1.2   0.0   121   147    92   118    51   123 0.74 -
TRINITY_DN984_c0_g1_i1:178-1557   -            460 2380at3041           -            270     0.019   12.1   0.0   2   2    0.0052      0.25    8.4   0.0   141   194   251   303   217   352 0.65 -
TRINITY_DN5915_c0_g1_i1:79-555    -            159 2380at3041           -            270     0.022   11.9   0.0   1   2    0.0045      0.22    8.6   0.0   173   234    15    80    12    98 0.74 -
TRINITY_DN5915_c0_g1_i1:79-555    -            159 2380at3041           -            270     0.022   11.9   0.0   2   2      0.71        34    1.4   0.0    87   103   143   159    84   159 0.56 -
TRINITY_DN984_c0_g1_i2:178-1608   -            477 2380at3041           -            270     0.024   11.7   0.0   1   2      0.91        43    1.1   0.0   121   147    92   118    51   123 0.74 -
TRINITY_DN984_c0_g1_i2:178-1608   -            477 2380at3041           -            270     0.024   11.7   0.0   2   2    0.0063       0.3    8.2   0.0   144   193   271   319   229   368 0.65 -
#
# Program:         hmmsearch
# Version:         3.2.1 (June 2018)
# Pipeline mode:   SEARCH
# Query file:      /sw/bioinfo/BUSCO/v5_lineage_sets/lineages/chlorophyta_odb10/hmms/2380at3041.hmm
# Target file:     /crex/proj/snic2022-23-81/expression_algae/code/busco/trinity_VA-3180-Osg10Pal/run_chlorophyta_odb10/metaeuk_output/initial_results/trinity_VA-3180-Osg10Pal.Trinity.fasta.modified.fas
# Option settings: hmmsearch --domtblout /crex/proj/snic2022-23-81/expression_algae/code/busco/trinity_VA-3180-Osg10Pal/run_chlorophyta_odb10/hmmer_output/initial_run_results/2380at3041.out --cpu 1 /sw/bioinfo/BUSCO/v5_lineage_sets/lineages/chlorophyta_odb10/hmms/2380at3041.hmm /crex/proj/snic2022-23-81/expression_algae/code/busco/trinity_VA-3180-Osg10Pal/run_chlorophyta_odb10/metaeuk_output/initial_results/trinity_VA-3180-Osg10Pal.Trinity.fasta.modified.fas 
# Current dir:     /crex/proj/snic2022-23-81/expression_algae/code/busco
# Date:            Fri Sep 23 10:12:24 2022
# [ok]
