#                                                                                         --- full sequence --- -------------- this domain -------------   hmm coord   ali coord   env coord
# target name                     accession   tlen query name           accession   qlen   E-value  score  bias   #  of  c-Evalue  i-Evalue  score  bias  from    to  from    to  from    to  acc description of target
#             ------------------- ---------- ----- -------------------- ---------- ----- --------- ------ ----- --- --- --------- --------- ------ ----- ----- ----- ----- ----- ----- ----- ---- ---------------------
TRINITY_DN3443_c0_g1_i1:104-1285  -            394 2598at3041           -            293    1e-156  518.4   0.0   1   1  7.8e-159  1.2e-156  518.1   0.0     1   293    83   394    83   394 0.95 -
TRINITY_DN3443_c0_g1_i2:248-1009  -            254 2598at3041           -            293  7.3e-107  354.8   0.1   1   1  5.3e-109  8.6e-107  354.6   0.1     1   205    35   248    35   254 0.96 -
TRINITY_DN14001_c0_g1_i3:397-1134 -            246 2598at3041           -            293   1.2e-12   45.5   1.0   1   2   1.1e-14   1.7e-12   45.0   0.2     3   126     2   124     1   149 0.84 -
TRINITY_DN14001_c0_g1_i3:397-1134 -            246 2598at3041           -            293   1.2e-12   45.5   1.0   2   2       1.6   2.6e+02   -1.6   0.0   180   215   157   191   153   197 0.78 -
TRINITY_DN14001_c0_g1_i2:312-1049 -            246 2598at3041           -            293   1.2e-12   45.5   1.1   1   2   1.1e-14   1.7e-12   45.0   0.2     3   126     2   124     1   149 0.84 -
TRINITY_DN14001_c0_g1_i2:312-1049 -            246 2598at3041           -            293   1.2e-12   45.5   1.1   2   2       1.6   2.5e+02   -1.5   0.0   180   215   157   191   153   198 0.78 -
TRINITY_DN8652_c0_g1_i2:1435-2157 -            241 2598at3041           -            293   6.4e-10   36.5   0.0   1   1   5.7e-12   9.1e-10   36.1   0.0     2    89     3    90     2   111 0.92 -
TRINITY_DN3394_c0_g1_i1:301-1047  -            249 2598at3041           -            293   3.9e-09   34.0   0.0   1   1   3.4e-11   5.5e-09   33.5   0.0     3   141     4   142     2   149 0.88 -
TRINITY_DN6453_c0_g1_i1:356-1111  -            252 2598at3041           -            293   5.9e-09   33.4   0.2   1   1   6.5e-11   1.1e-08   32.6   0.2     3    90    16   103    14   118 0.88 -
TRINITY_DN18344_c0_g1_i1:3-440    -            146 2598at3041           -            293   3.3e-08   31.0   0.0   1   1   2.4e-10   3.9e-08   30.7   0.0     5   142     2   137     1   145 0.86 -
TRINITY_DN49964_c0_g1_i1:14-445   -            144 2598at3041           -            293   1.2e-07   29.1   0.0   1   1     8e-10   1.3e-07   29.0   0.0     3   139     4   142     2   144 0.82 -
TRINITY_DN56985_c0_g1_i1:201-977  -            259 2598at3041           -            293   1.3e-07   28.9   0.2   1   2   3.9e-09   6.3e-07   26.7   0.1     3    95     4    99     2   145 0.74 -
TRINITY_DN56985_c0_g1_i1:201-977  -            259 2598at3041           -            293   1.3e-07   28.9   0.2   2   2      0.49        79    0.1   0.0   200   224   175   198   148   245 0.79 -
TRINITY_DN36746_c0_g1_i1:34-396   -            121 2598at3041           -            293   6.9e-07   26.6   0.2   1   1   4.6e-09   7.5e-07   26.5   0.2     7   128     1   119     1   121 0.84 -
TRINITY_DN4514_c0_g2_i2:58-795    -            246 2598at3041           -            293   9.7e-07   26.1   0.0   1   1     7e-09   1.1e-06   25.9   0.0     3   121     4   123     2   165 0.83 -
TRINITY_DN4514_c0_g2_i1:58-795    -            246 2598at3041           -            293   2.5e-06   24.7   0.0   1   1   1.8e-08   2.9e-06   24.6   0.0     3   119     4   121     2   165 0.80 -
TRINITY_DN4788_c0_g1_i1:296-859   -            188 2598at3041           -            293     4e-06   24.1   1.0   1   1   2.8e-08   4.5e-06   23.9   1.0     3   143     4   145     2   177 0.81 -
TRINITY_DN2742_c0_g1_i1:163-867   -            235 2598at3041           -            293   4.8e-06   23.8   0.2   1   2   5.9e-08   9.4e-06   22.9   0.1     3   141     1   136     1   157 0.83 -
TRINITY_DN2742_c0_g1_i1:163-867   -            235 2598at3041           -            293   4.8e-06   23.8   0.2   2   2       2.3   3.8e+02   -2.1   0.0   199   215   165   181   139   185 0.71 -
TRINITY_DN2742_c0_g1_i2:1030-1734 -            235 2598at3041           -            293   9.1e-06   22.9   0.1   1   2   1.2e-07   1.9e-05   21.9   0.1     3   141     1   136     1   153 0.82 -
TRINITY_DN2742_c0_g1_i2:1030-1734 -            235 2598at3041           -            293   9.1e-06   22.9   0.1   2   2       2.3   3.8e+02   -2.1   0.0   199   215   165   181   139   185 0.71 -
TRINITY_DN2445_c0_g1_i4:1824-2531 -            236 2598at3041           -            293   2.3e-05   21.6   1.3   1   1   1.7e-07   2.8e-05   21.3   1.3     3   144     1   140     1   171 0.76 -
TRINITY_DN66952_c0_g1_i1:15-566   -            184 2598at3041           -            293     3e-05   21.2   0.0   1   1   2.1e-07   3.3e-05   21.1   0.0     4   140     6   143     3   181 0.78 -
TRINITY_DN2305_c0_g1_i2:161-895   -            245 2598at3041           -            293   4.5e-05   20.7   0.0   1   1   3.7e-07     6e-05   20.2   0.0     9   131     1   128     1   141 0.81 -
TRINITY_DN14001_c0_g1_i1:0-569    -            190 2598at3041           -            293   0.00018   18.6   0.3   1   2   2.9e-06   0.00047   17.3   0.0    29   126     3   100     1   125 0.81 -
TRINITY_DN14001_c0_g1_i1:0-569    -            190 2598at3041           -            293   0.00018   18.6   0.3   2   2         1   1.6e+02   -0.9   0.0   179   215   132   167   128   174 0.79 -
TRINITY_DN11428_c0_g1_i1:34-759   -            242 2598at3041           -            293   0.00025   18.2   0.0   1   1   2.4e-06   0.00038   17.6   0.0     3   150     3   150     1   172 0.77 -
TRINITY_DN11428_c0_g1_i3:34-759   -            242 2598at3041           -            293   0.00025   18.2   0.0   1   1   2.4e-06   0.00038   17.6   0.0     3   150     3   150     1   172 0.77 -
TRINITY_DN40978_c0_g1_i1:92-667   -            192 2598at3041           -            293   0.00031   17.9   0.0   1   1   2.3e-06   0.00038   17.6   0.0     6   127     1   125     1   135 0.80 -
TRINITY_DN992_c0_g1_i2:1107-1688  -            194 2598at3041           -            293    0.0024   15.0   0.0   1   1   1.9e-05     0.003   14.7   0.0     3    68    16    74    14   156 0.71 -
TRINITY_DN6675_c0_g1_i2:117-1034  -            306 2598at3041           -            293    0.0028   14.7   0.0   1   1   2.3e-05    0.0036   14.4   0.0     4    72    44   113    41   176 0.72 -
TRINITY_DN2361_c0_g1_i1:309-839   -            177 2598at3041           -            293     0.026   11.6   0.0   1   1   0.00022     0.035   11.2   0.0    73   141    20    84     4    91 0.87 -
TRINITY_DN2361_c0_g1_i5:309-839   -            177 2598at3041           -            293     0.026   11.6   0.0   1   1   0.00022     0.035   11.2   0.0    73   141    20    84     4    91 0.87 -
#
# Program:         hmmsearch
# Version:         3.2.1 (June 2018)
# Pipeline mode:   SEARCH
# Query file:      /sw/bioinfo/BUSCO/v5_lineage_sets/lineages/chlorophyta_odb10/hmms/2598at3041.hmm
# Target file:     /crex/proj/snic2022-23-81/expression_algae/code/busco/trinity_VA-3180-Osg10Pal/run_chlorophyta_odb10/metaeuk_output/initial_results/trinity_VA-3180-Osg10Pal.Trinity.fasta.modified.fas
# Option settings: hmmsearch --domtblout /crex/proj/snic2022-23-81/expression_algae/code/busco/trinity_VA-3180-Osg10Pal/run_chlorophyta_odb10/hmmer_output/initial_run_results/2598at3041.out --cpu 1 /sw/bioinfo/BUSCO/v5_lineage_sets/lineages/chlorophyta_odb10/hmms/2598at3041.hmm /crex/proj/snic2022-23-81/expression_algae/code/busco/trinity_VA-3180-Osg10Pal/run_chlorophyta_odb10/metaeuk_output/initial_results/trinity_VA-3180-Osg10Pal.Trinity.fasta.modified.fas 
# Current dir:     /crex/proj/snic2022-23-81/expression_algae/code/busco
# Date:            Fri Sep 23 10:12:26 2022
# [ok]
