#                                                                                         --- full sequence --- -------------- this domain -------------   hmm coord   ali coord   env coord
# target name                     accession   tlen query name           accession   qlen   E-value  score  bias   #  of  c-Evalue  i-Evalue  score  bias  from    to  from    to  from    to  acc description of target
#             ------------------- ---------- ----- -------------------- ---------- ----- --------- ------ ----- --- --- --------- --------- ------ ----- ----- ----- ----- ----- ----- ----- ---- ---------------------
TRINITY_DN2679_c0_g1_i1:118-804   -            229 3355at3041           -            559   5.9e-05   19.8   0.1   1   3   0.00043     0.098    9.1   0.0    42    83    68   109    61   130 0.84 -
TRINITY_DN2679_c0_g1_i1:118-804   -            229 3355at3041           -            559   5.9e-05   19.8   0.1   2   3     0.019       4.3    3.7   0.0    45    80   155   190   144   196 0.88 -
TRINITY_DN2679_c0_g1_i1:118-804   -            229 3355at3041           -            559   5.9e-05   19.8   0.1   3   3     0.021       4.9    3.5   0.0    42    75   194   227   191   229 0.92 -
TRINITY_DN10850_c0_g1_i2:31-528   -            166 3355at3041           -            559   0.00015   18.4   0.3   1   2     0.012       2.9    4.3   0.0    48    78     2    32     1    40 0.92 -
TRINITY_DN10850_c0_g1_i2:31-528   -            166 3355at3041           -            559   0.00015   18.4   0.3   2   2   3.9e-05    0.0089   12.6   0.0    45    78   129   162    80   164 0.76 -
TRINITY_DN1654_c0_g1_i1:166-555   -            130 3355at3041           -            559   0.00053   16.6   0.1   1   2     0.018       4.1    3.8   0.0    47    77     3    33     1    37 0.89 -
TRINITY_DN1654_c0_g1_i1:166-555   -            130 3355at3041           -            559   0.00053   16.6   0.1   2   2   0.00041     0.094    9.2   0.1     8    77    42   117    39   122 0.74 -
TRINITY_DN22748_c0_g1_i1:3-1481   -            493 3355at3041           -            559   0.00056   16.5   0.1   1   2   1.4e-05    0.0032   14.0   0.0    23    79   277   338   250   345 0.82 -
TRINITY_DN22748_c0_g1_i1:3-1481   -            493 3355at3041           -            559   0.00056   16.5   0.1   2   2      0.33        75   -0.4   0.0    43    80   344   381   339   388 0.83 -
TRINITY_DN4159_c0_g1_i4:1165-2013 -            283 3355at3041           -            559   0.00058   16.5   0.8   1   2      0.17        39    0.6   0.1    44    78    81   115    38   130 0.61 -
TRINITY_DN4159_c0_g1_i4:1165-2013 -            283 3355at3041           -            559   0.00058   16.5   0.8   2   2   1.7e-05    0.0038   13.8   0.1    12    74   129   195   122   198 0.82 -
TRINITY_DN6347_c1_g2_i1:42-290    -             83 3355at3041           -            559    0.0013   15.4   0.0   1   1   6.9e-06    0.0016   15.1   0.0    23    75    12    68     1    74 0.78 -
TRINITY_DN4116_c0_g1_i1:32-733    -            234 3355at3041           -            559    0.0021   14.7   0.0   1   3     0.034       7.8    2.9   0.0    45    76    30    61     5    66 0.83 -
TRINITY_DN4116_c0_g1_i1:32-733    -            234 3355at3041           -            559    0.0021   14.7   0.0   2   3   0.00039     0.089    9.3   0.0    16    79    37   106    29   109 0.78 -
TRINITY_DN4116_c0_g1_i1:32-733    -            234 3355at3041           -            559    0.0021   14.7   0.0   3   3      0.06        14    2.1   0.0    47    80   160   193   133   195 0.91 -
TRINITY_DN3168_c0_g1_i2:56-1093   -            346 3355at3041           -            559    0.0028   14.3   0.1   1   3       1.2   2.8e+02   -2.3   0.0    11   144    26    57     6    71 0.58 -
TRINITY_DN3168_c0_g1_i2:56-1093   -            346 3355at3041           -            559    0.0028   14.3   0.1   2   3      0.45     1e+02   -0.8   0.0    44    76   132   165   128   169 0.78 -
TRINITY_DN3168_c0_g1_i2:56-1093   -            346 3355at3041           -            559    0.0028   14.3   0.1   3   3   6.7e-05     0.015   11.8   0.0    47   130   181   266   137   284 0.69 -
TRINITY_DN12826_c0_g1_i1:326-847  -            174 3355at3041           -            559    0.0032   14.1   0.1   1   2   0.00015     0.035   10.6   0.0    47    77    50    80    43    84 0.88 -
TRINITY_DN12826_c0_g1_i1:326-847  -            174 3355at3041           -            559    0.0032   14.1   0.1   2   2     0.095        22    1.4   0.0    45    76   141   172   125   174 0.87 -
TRINITY_DN3303_c0_g1_i4:37-501    -            155 3355at3041           -            559    0.0047   13.5   0.0   1   2     0.036       8.2    2.8   0.0    26    75     9    62     3    67 0.72 -
TRINITY_DN3303_c0_g1_i4:37-501    -            155 3355at3041           -            559    0.0047   13.5   0.0   2   2   0.00055      0.13    8.8   0.0     9    75    74   146    71   152 0.86 -
TRINITY_DN2679_c0_g1_i2:439-786   -            116 3355at3041           -            559    0.0048   13.5   0.1   1   3       1.5   3.5e+02   -2.6   0.0    48    74     2    28     2    42 0.81 -
TRINITY_DN2679_c0_g1_i2:439-786   -            116 3355at3041           -            559    0.0048   13.5   0.1   2   3    0.0062       1.4    5.3   0.0    45    79    41    75    32    81 0.88 -
TRINITY_DN2679_c0_g1_i2:439-786   -            116 3355at3041           -            559    0.0048   13.5   0.1   3   3    0.0028      0.64    6.5   0.0    42    78    80   116    75   116 0.92 -
TRINITY_DN4159_c0_g1_i4:2566-3021 -            152 3355at3041           -            559    0.0057   13.2   1.6   1   2   6.7e-05     0.015   11.8   0.2    21    75     6    65     1    70 0.83 -
TRINITY_DN4159_c0_g1_i4:2566-3021 -            152 3355at3041           -            559    0.0057   13.2   1.6   2   2      0.14        31    0.9   0.1    21    75    91   150    79   152 0.67 -
TRINITY_DN8322_c0_g1_i2:7-303     -             99 3355at3041           -            559    0.0071   12.9   0.1   1   2    0.0068       1.6    5.2   0.0    42    79    21    58     7    61 0.89 -
TRINITY_DN8322_c0_g1_i2:7-303     -             99 3355at3041           -            559    0.0071   12.9   0.1   2   2   0.00085       0.2    8.2   0.1    40    76    61    97    24    99 0.68 -
TRINITY_DN8322_c0_g4_i1:15-254    -             80 3355at3041           -            559     0.012   12.2   0.0   1   1   8.2e-05     0.019   11.5   0.0    23    75    17    73     1    78 0.78 -
TRINITY_DN57421_c0_g1_i1:109-588  -            160 3355at3041           -            559     0.013   12.0   0.1   1   3       1.9   4.3e+02   -2.9   0.0    47    75    35    63    31    71 0.83 -
TRINITY_DN57421_c0_g1_i1:109-588  -            160 3355at3041           -            559     0.013   12.0   0.1   2   3   0.00097      0.22    8.0   0.1    46    78    76   108    65   114 0.88 -
TRINITY_DN57421_c0_g1_i1:109-588  -            160 3355at3041           -            559     0.013   12.0   0.1   3   3     0.072        17    1.8   0.0    42    75   114   147   109   152 0.86 -
TRINITY_DN1654_c0_g1_i4:15-356    -            114 3355at3041           -            559     0.014   12.0   0.2   1   2    0.0037      0.85    6.1   0.1    41    78    28    65     3    69 0.74 -
TRINITY_DN1654_c0_g1_i4:15-356    -            114 3355at3041           -            559     0.014   12.0   0.2   2   2     0.013       3.1    4.2   0.0    42    77    71   106    67   110 0.86 -
TRINITY_DN3299_c0_g1_i2:168-356   -             63 3355at3041           -            559     0.024   11.1   0.0   1   1   0.00012     0.026   11.0   0.0    40    78     4    42     1    44 0.89 -
TRINITY_DN57421_c0_g1_i2:139-282  -             48 3355at3041           -            559      0.04   10.4   0.0   1   1   0.00018      0.04   10.4   0.0    48    79     2    33     1    42 0.89 -
TRINITY_DN3652_c0_g1_i2:222-1979  -            586 3355at3041           -            559     0.056    9.9   0.2   1   4      0.63   1.5e+02   -1.3   0.0    45    67    16    38    11    96 0.57 -
TRINITY_DN3652_c0_g1_i2:222-1979  -            586 3355at3041           -            559     0.056    9.9   0.2   2   4      0.94   2.2e+02   -1.9   0.0    45    81   300   336   247   337 0.64 -
TRINITY_DN3652_c0_g1_i2:222-1979  -            586 3355at3041           -            559     0.056    9.9   0.2   3   4     0.003      0.69    6.4   0.0    37    80   421   464   380   475 0.74 -
TRINITY_DN3652_c0_g1_i2:222-1979  -            586 3355at3041           -            559     0.056    9.9   0.2   4   4         2   4.5e+02   -3.0   0.0    50    73   518   541   515   544 0.87 -
#
# Program:         hmmsearch
# Version:         3.2.1 (June 2018)
# Pipeline mode:   SEARCH
# Query file:      /sw/bioinfo/BUSCO/v5_lineage_sets/lineages/chlorophyta_odb10/hmms/3355at3041.hmm
# Target file:     /crex/proj/snic2022-23-81/expression_algae/code/busco/trinity_VA-3180-Osg10Pal/run_chlorophyta_odb10/metaeuk_output/initial_results/trinity_VA-3180-Osg10Pal.Trinity.fasta.modified.fas
# Option settings: hmmsearch --domtblout /crex/proj/snic2022-23-81/expression_algae/code/busco/trinity_VA-3180-Osg10Pal/run_chlorophyta_odb10/hmmer_output/initial_run_results/3355at3041.out --cpu 1 /sw/bioinfo/BUSCO/v5_lineage_sets/lineages/chlorophyta_odb10/hmms/3355at3041.hmm /crex/proj/snic2022-23-81/expression_algae/code/busco/trinity_VA-3180-Osg10Pal/run_chlorophyta_odb10/metaeuk_output/initial_results/trinity_VA-3180-Osg10Pal.Trinity.fasta.modified.fas 
# Current dir:     /crex/proj/snic2022-23-81/expression_algae/code/busco
# Date:            Fri Sep 23 10:12:24 2022
# [ok]
