#                                                                                         --- full sequence --- -------------- this domain -------------   hmm coord   ali coord   env coord
# target name                     accession   tlen query name           accession   qlen   E-value  score  bias   #  of  c-Evalue  i-Evalue  score  bias  from    to  from    to  from    to  acc description of target
#             ------------------- ---------- ----- -------------------- ---------- ----- --------- ------ ----- --- --- --------- --------- ------ ----- ----- ----- ----- ----- ----- ----- ---- ---------------------
TRINITY_DN2880_c0_g1_i3:161-1018  -            286 3885at3041           -            233   3.6e-39  132.4   2.4   1   3   0.00067      0.13    9.5   0.1     4    35     3    34     1    48 0.88 -
TRINITY_DN2880_c0_g1_i3:161-1018  -            286 3885at3041           -            233   3.6e-39  132.4   2.4   2   3   3.4e-05    0.0065   13.7   0.0   193   226    51    84    44    91 0.86 -
TRINITY_DN2880_c0_g1_i3:161-1018  -            286 3885at3041           -            233   3.6e-39  132.4   2.4   3   3   3.3e-34   6.2e-32  108.7   0.2    61   232    85   274    79   275 0.82 -
TRINITY_DN2880_c0_g1_i5:108-797   -            230 3885at3041           -            233   2.1e-35  120.1   0.3   1   2   0.00052     0.098    9.9   0.0   199   226     1    28     1    37 0.88 -
TRINITY_DN2880_c0_g1_i5:108-797   -            230 3885at3041           -            233   2.1e-35  120.1   0.3   2   2   2.2e-34   4.1e-32  109.3   0.2    66   232    34   218    25   219 0.83 -
TRINITY_DN24173_c0_g1_i1:199-951  -            251 3885at3041           -            233   9.7e-25   85.1   0.0   1   2   1.2e-11   2.3e-09   34.8   0.0     5    59     9    67     5    77 0.74 -
TRINITY_DN24173_c0_g1_i1:199-951  -            251 3885at3041           -            233   9.7e-25   85.1   0.0   2   2   5.5e-15     1e-12   45.8   0.0     2   121    99   249    98   251 0.76 -
TRINITY_DN323_c0_g1_i2:51-1013    -            321 3885at3041           -            233   8.5e-23   78.8   9.3   1   2   3.2e-14     6e-12   43.3   3.8     5   168    13   204     9   233 0.73 -
TRINITY_DN323_c0_g1_i2:51-1013    -            321 3885at3041           -            233   8.5e-23   78.8   9.3   2   2   3.7e-12     7e-10   36.5   0.2     3    69   243   310   241   320 0.88 -
TRINITY_DN661_c0_g1_i1:0-452      -            151 3885at3041           -            233   2.6e-22   77.2   0.0   1   2   4.2e-10     8e-08   29.8   0.0   189   232     7    50     3    51 0.92 -
TRINITY_DN661_c0_g1_i1:0-452      -            151 3885at3041           -            233   2.6e-22   77.2   0.0   2   2   4.5e-15   8.5e-13   46.1   0.0    68   157    53   147    50   151 0.88 -
TRINITY_DN5095_c0_g1_i2:2-664     -            221 3885at3041           -            233     4e-22   76.6   0.1   1   2   4.4e-14   8.4e-12   42.8   0.1    98   190     8   113     3   119 0.71 -
TRINITY_DN5095_c0_g1_i2:2-664     -            221 3885at3041           -            233     4e-22   76.6   0.1   2   2   1.7e-10   3.3e-08   31.0   0.0   188   229   180   221   164   221 0.89 -
TRINITY_DN3436_c0_g1_i3:600-1496  -            299 3885at3041           -            233   1.2e-21   75.0   0.5   1   1   1.6e-22     3e-20   70.4   0.5     3   228    17   287    15   292 0.75 -
TRINITY_DN24173_c0_g1_i2:38-703   -            222 3885at3041           -            233   1.5e-19   68.2   0.0   1   2   1.4e-06   0.00026   18.3   0.0   107   137     6    36     3    59 0.84 -
TRINITY_DN24173_c0_g1_i2:38-703   -            222 3885at3041           -            233   1.5e-19   68.2   0.0   2   2   3.8e-15   7.2e-13   46.3   0.0     2   121    70   220    69   222 0.76 -
TRINITY_DN10109_c0_g1_i1:2-652    -            217 3885at3041           -            233     7e-18   62.7   1.5   1   4   1.3e-07   2.5e-05   21.6   0.0     5    60     4    62     1    65 0.69 -
TRINITY_DN10109_c0_g1_i1:2-652    -            217 3885at3041           -            233     7e-18   62.7   1.5   2   4   0.00066      0.13    9.5   0.0   192   229    38    75    34    79 0.85 -
TRINITY_DN10109_c0_g1_i1:2-652    -            217 3885at3041           -            233     7e-18   62.7   1.5   3   4   6.1e-10   1.2e-07   29.2   0.0     3    79    99   176    93   181 0.84 -
TRINITY_DN10109_c0_g1_i1:2-652    -            217 3885at3041           -            233     7e-18   62.7   1.5   4   4    0.0018      0.33    8.1   0.0     2    26   193   217   192   217 0.92 -
TRINITY_DN481_c0_g1_i1:718-1635   -            306 3885at3041           -            233   5.3e-17   59.8   0.7   1   5      0.45        84    0.3   0.0     3    31    10    38     8    48 0.90 -
TRINITY_DN481_c0_g1_i1:718-1635   -            306 3885at3041           -            233   5.3e-17   59.8   0.7   2   5   0.00016     0.031   11.5   0.0   192   228    55    91    43    96 0.86 -
TRINITY_DN481_c0_g1_i1:718-1635   -            306 3885at3041           -            233   5.3e-17   59.8   0.7   3   5     0.056        11    3.2   0.0     2    29   113   140   112   148 0.88 -
TRINITY_DN481_c0_g1_i1:718-1635   -            306 3885at3041           -            233   5.3e-17   59.8   0.7   4   5   2.4e-07   4.6e-05   20.7   0.0   110   188   153   240   150   248 0.76 -
TRINITY_DN481_c0_g1_i1:718-1635   -            306 3885at3041           -            233   5.3e-17   59.8   0.7   5   5   1.9e-06   0.00037   17.8   0.1   110   157   248   295   241   303 0.92 -
TRINITY_DN2249_c0_g1_i2:115-1149  -            345 3885at3041           -            233   7.9e-17   59.3   0.6   1   2   2.8e-13   5.3e-11   40.2   0.0    86   231    60   232    32   234 0.76 -
TRINITY_DN2249_c0_g1_i2:115-1149  -            345 3885at3041           -            233   7.9e-17   59.3   0.6   2   2   8.5e-06    0.0016   15.7   0.1     3    68   258   325   256   334 0.85 -
TRINITY_DN2249_c0_g1_i1:115-1104  -            330 3885at3041           -            233   8.1e-17   59.2   0.6   1   2   2.5e-13   4.7e-11   40.3   0.0    86   231    60   232    32   234 0.76 -
TRINITY_DN2249_c0_g1_i1:115-1104  -            330 3885at3041           -            233   8.1e-17   59.2   0.6   2   2   9.2e-06    0.0017   15.6   0.1     3    68   258   325   256   330 0.85 -
TRINITY_DN125_c0_g1_i3:1126-1689  -            188 3885at3041           -            233   2.3e-14   51.2   0.5   1   2   2.5e-08   4.8e-06   24.0   0.2    86   144     2    77     1    95 0.88 -
TRINITY_DN125_c0_g1_i3:1126-1689  -            188 3885at3041           -            233   2.3e-14   51.2   0.5   2   2   2.4e-06   0.00045   17.5   0.0     3    59   112   174   109   188 0.62 -
TRINITY_DN125_c0_g1_i4:609-1172   -            188 3885at3041           -            233   2.3e-14   51.2   0.5   1   2   2.5e-08   4.8e-06   24.0   0.2    86   144     2    77     1    95 0.88 -
TRINITY_DN125_c0_g1_i4:609-1172   -            188 3885at3041           -            233   2.3e-14   51.2   0.5   2   2   2.4e-06   0.00045   17.5   0.0     3    59   112   174   109   188 0.62 -
TRINITY_DN44597_c0_g1_i1:44-721   -            226 3885at3041           -            233   4.5e-13   47.0   1.0   1   2   9.3e-11   1.8e-08   31.9   0.3     3    75   106   178   104   184 0.88 -
TRINITY_DN44597_c0_g1_i1:44-721   -            226 3885at3041           -            233   4.5e-13   47.0   1.0   2   2   3.7e-05     0.007   13.6   0.0     3    34   194   225   192   226 0.93 -
TRINITY_DN125_c0_g4_i1:256-711    -            152 3885at3041           -            233   3.4e-11   40.8   0.4   1   3   1.7e-06   0.00033   18.0   0.0   111   228     1    42     1    58 0.64 -
TRINITY_DN125_c0_g4_i1:256-711    -            152 3885at3041           -            233   3.4e-11   40.8   0.4   2   3   6.7e-06    0.0013   16.0   0.0     3    58    69   130    67   131 0.81 -
TRINITY_DN125_c0_g4_i1:256-711    -            152 3885at3041           -            233   3.4e-11   40.8   0.4   3   3   7.1e-06    0.0013   16.0   0.0   189   231   105   147    99   149 0.88 -
TRINITY_DN481_c0_g1_i5:199-876    -            226 3885at3041           -            233   1.4e-10   38.8   0.3   1   4      0.28        54    0.9   0.0     3    31    10    38     8    50 0.90 -
TRINITY_DN481_c0_g1_i5:199-876    -            226 3885at3041           -            233   1.4e-10   38.8   0.3   2   4    0.0001      0.02   12.1   0.0   192   228    55    91    43    96 0.86 -
TRINITY_DN481_c0_g1_i5:199-876    -            226 3885at3041           -            233   1.4e-10   38.8   0.3   3   4     0.037         7    3.8   0.0     2    29   113   140   112   148 0.88 -
TRINITY_DN481_c0_g1_i5:199-876    -            226 3885at3041           -            233   1.4e-10   38.8   0.3   4   4   3.1e-06   0.00059   17.1   0.0   110   157   153   201   150   214 0.89 -
TRINITY_DN22200_c0_g1_i3:307-1116 -            270 3885at3041           -            233   2.9e-10   37.7   1.0   1   3      0.32        61    0.7   0.0     2    28    13    39    12    42 0.88 -
TRINITY_DN22200_c0_g1_i3:307-1116 -            270 3885at3041           -            233   2.9e-10   37.7   1.0   2   3      0.51        97    0.1   0.0   206   223    51    68    46    74 0.85 -
TRINITY_DN22200_c0_g1_i3:307-1116 -            270 3885at3041           -            233   2.9e-10   37.7   1.0   3   3   7.9e-11   1.5e-08   32.2   0.1     6   141    97   247    93   255 0.79 -
TRINITY_DN5095_c0_g1_i1:475-609   -             45 3885at3041           -            233   1.3e-09   35.6   0.0   1   1   7.3e-12   1.4e-09   35.5   0.0   190   229     6    45     2    45 0.94 -
TRINITY_DN22200_c0_g1_i1:58-684   -            209 3885at3041           -            233   1.7e-09   35.2   0.1   1   1   3.4e-11   6.4e-09   33.4   0.1     5   141    40   191    36   199 0.79 -
TRINITY_DN60308_c0_g1_i1:55-573   -            173 3885at3041           -            233   9.4e-09   32.8   0.4   1   2   4.3e-05    0.0081   13.4   0.0   114   182    18    88     8    93 0.86 -
TRINITY_DN60308_c0_g1_i1:55-573   -            173 3885at3041           -            233   9.4e-09   32.8   0.4   2   2   5.5e-06     0.001   16.3   0.3     5    33    93   121    89   173 0.70 -
TRINITY_DN7685_c0_g1_i1:41-181    -             47 3885at3041           -            233   6.4e-06   23.6   0.0   1   1   3.5e-08   6.7e-06   23.5   0.0   193   232     3    42     1    43 0.93 -
TRINITY_DN470_c0_g2_i1:237-767    -            177 3885at3041           -            233   7.6e-05   20.0   0.1   1   1   6.4e-07   0.00012   19.4   0.1     2   135    24   171    23   176 0.69 -
#
# Program:         hmmsearch
# Version:         3.2.1 (June 2018)
# Pipeline mode:   SEARCH
# Query file:      /sw/bioinfo/BUSCO/v5_lineage_sets/lineages/chlorophyta_odb10/hmms/3885at3041.hmm
# Target file:     /crex/proj/snic2022-23-81/expression_algae/code/busco/trinity_VA-3180-Osg10Pal/run_chlorophyta_odb10/metaeuk_output/initial_results/trinity_VA-3180-Osg10Pal.Trinity.fasta.modified.fas
# Option settings: hmmsearch --domtblout /crex/proj/snic2022-23-81/expression_algae/code/busco/trinity_VA-3180-Osg10Pal/run_chlorophyta_odb10/hmmer_output/initial_run_results/3885at3041.out --cpu 1 /sw/bioinfo/BUSCO/v5_lineage_sets/lineages/chlorophyta_odb10/hmms/3885at3041.hmm /crex/proj/snic2022-23-81/expression_algae/code/busco/trinity_VA-3180-Osg10Pal/run_chlorophyta_odb10/metaeuk_output/initial_results/trinity_VA-3180-Osg10Pal.Trinity.fasta.modified.fas 
# Current dir:     /crex/proj/snic2022-23-81/expression_algae/code/busco
# Date:            Fri Sep 23 10:12:25 2022
# [ok]
