#                                                                                        --- full sequence --- -------------- this domain -------------   hmm coord   ali coord   env coord
# target name                    accession   tlen query name           accession   qlen   E-value  score  bias   #  of  c-Evalue  i-Evalue  score  bias  from    to  from    to  from    to  acc description of target
#            ------------------- ---------- ----- -------------------- ---------- ----- --------- ------ ----- --- --- --------- --------- ------ ----- ----- ----- ----- ----- ----- ----- ---- ---------------------
TRINITY_DN48886_c0_g1_i1:53-847  -            265 4160at3041           -            370   1.8e-85  285.4   4.1   1   1   7.4e-88   3.6e-85  284.4   4.1     2   214    14   265    13   265 0.89 -
TRINITY_DN12265_c1_g1_i1:1-1098  -            366 4160at3041           -            370   6.6e-29   99.2  14.6   1   4   2.5e-08   1.2e-05   22.6   0.3    55   123   123   205    95   211 0.74 -
TRINITY_DN12265_c1_g1_i1:1-1098  -            366 4160at3041           -            370   6.6e-29   99.2  14.6   2   4   1.4e-14   6.8e-12   43.2   1.3    39   123   170   257   157   261 0.87 -
TRINITY_DN12265_c1_g1_i1:1-1098  -            366 4160at3041           -            370   6.6e-29   99.2  14.6   3   4   1.3e-18   6.3e-16   56.5   1.2    35   121   218   307   209   319 0.89 -
TRINITY_DN12265_c1_g1_i1:1-1098  -            366 4160at3041           -            370   6.6e-29   99.2  14.6   4   4     0.001      0.48    7.5   0.0    39    68   336   365   321   366 0.81 -
TRINITY_DN12265_c1_g1_i2:1-1263  -            421 4160at3041           -            370   3.1e-28   97.0  15.5   1   4   3.1e-08   1.5e-05   22.3   0.5    54   123   177   260   138   268 0.75 -
TRINITY_DN12265_c1_g1_i2:1-1263  -            421 4160at3041           -            370   3.1e-28   97.0  15.5   2   4     2e-14   9.8e-12   42.7   1.3    39   123   225   312   212   315 0.88 -
TRINITY_DN12265_c1_g1_i2:1-1263  -            421 4160at3041           -            370   3.1e-28   97.0  15.5   3   4   1.6e-18   7.5e-16   56.2   1.1    35   121   273   362   263   372 0.89 -
TRINITY_DN12265_c1_g1_i2:1-1263  -            421 4160at3041           -            370   3.1e-28   97.0  15.5   4   4    0.0012      0.58    7.2   0.0    39    68   391   420   376   421 0.81 -
TRINITY_DN7028_c0_g1_i1:51-647   -            199 4160at3041           -            370   1.4e-18   65.2   4.0   1   3   9.7e-05     0.047   10.8   0.0    94   121     2    29     1    42 0.81 -
TRINITY_DN7028_c0_g1_i1:51-647   -            199 4160at3041           -            370   1.4e-18   65.2   4.0   2   3   9.3e-15   4.5e-12   43.8   0.7    37   123    61   152    50   162 0.82 -
TRINITY_DN7028_c0_g1_i1:51-647   -            199 4160at3041           -            370   1.4e-18   65.2   4.0   3   3   9.4e-05     0.045   10.9   0.1    29    63   165   199   154   199 0.81 -
TRINITY_DN7028_c0_g1_i4:51-647   -            199 4160at3041           -            370   1.4e-18   65.2   4.0   1   3   9.7e-05     0.047   10.8   0.0    94   121     2    29     1    42 0.81 -
TRINITY_DN7028_c0_g1_i4:51-647   -            199 4160at3041           -            370   1.4e-18   65.2   4.0   2   3   9.3e-15   4.5e-12   43.8   0.7    37   123    61   152    50   162 0.82 -
TRINITY_DN7028_c0_g1_i4:51-647   -            199 4160at3041           -            370   1.4e-18   65.2   4.0   3   3   9.4e-05     0.045   10.9   0.1    29    63   165   199   154   199 0.81 -
TRINITY_DN4526_c0_g2_i2:806-1732 -            309 4160at3041           -            370     1e-16   59.1  15.4   1   4    0.0023       1.1    6.3   0.5    89   124     1    36     1    52 0.89 -
TRINITY_DN4526_c0_g2_i2:806-1732 -            309 4160at3041           -            370     1e-16   59.1  15.4   2   4   6.6e-06    0.0032   14.7   0.2    36    75    57    97    41   108 0.76 -
TRINITY_DN4526_c0_g2_i2:806-1732 -            309 4160at3041           -            370     1e-16   59.1  15.4   3   4   1.1e-08   5.1e-06   23.9   0.9    41   125   124   220   115   231 0.75 -
TRINITY_DN4526_c0_g2_i2:806-1732 -            309 4160at3041           -            370     1e-16   59.1  15.4   4   4   2.8e-08   1.4e-05   22.5   0.2    25    85   231   294   217   298 0.66 -
TRINITY_DN4526_c0_g2_i3:185-1015 -            277 4160at3041           -            370   1.9e-15   54.9  13.6   1   3   6.2e-06     0.003   14.8   0.5    36    75    39    79    20    88 0.75 -
TRINITY_DN4526_c0_g2_i3:185-1015 -            277 4160at3041           -            370   1.9e-15   54.9  13.6   2   3   1.1e-08   5.2e-06   23.9   1.0    41   125   106   202    99   211 0.75 -
TRINITY_DN4526_c0_g2_i3:185-1015 -            277 4160at3041           -            370   1.9e-15   54.9  13.6   3   3   2.9e-08   1.4e-05   22.4   0.1    22    85   210   276   199   277 0.70 -
TRINITY_DN7028_c0_g1_i2:122-589  -            156 4160at3041           -            370   4.1e-09   34.1   5.1   1   2   6.8e-07   0.00033   17.9   0.7   168   221    36    90     1   113 0.52 -
TRINITY_DN7028_c0_g1_i2:122-589  -            156 4160at3041           -            370   4.1e-09   34.1   5.1   2   2     1e-06   0.00049   17.3   0.3    37    71   122   156   110   156 0.89 -
TRINITY_DN21575_c0_g1_i2:0-299   -            100 4160at3041           -            370   0.00062   17.0   0.0   1   1   1.4e-06    0.0007   16.9   0.0    41   139     2    98     1   100 0.82 -
#
# Program:         hmmsearch
# Version:         3.2.1 (June 2018)
# Pipeline mode:   SEARCH
# Query file:      /sw/bioinfo/BUSCO/v5_lineage_sets/lineages/chlorophyta_odb10/hmms/4160at3041.hmm
# Target file:     /crex/proj/snic2022-23-81/expression_algae/code/busco/trinity_VA-3180-Osg10Pal/run_chlorophyta_odb10/metaeuk_output/initial_results/trinity_VA-3180-Osg10Pal.Trinity.fasta.modified.fas
# Option settings: hmmsearch --domtblout /crex/proj/snic2022-23-81/expression_algae/code/busco/trinity_VA-3180-Osg10Pal/run_chlorophyta_odb10/hmmer_output/initial_run_results/4160at3041.out --cpu 1 /sw/bioinfo/BUSCO/v5_lineage_sets/lineages/chlorophyta_odb10/hmms/4160at3041.hmm /crex/proj/snic2022-23-81/expression_algae/code/busco/trinity_VA-3180-Osg10Pal/run_chlorophyta_odb10/metaeuk_output/initial_results/trinity_VA-3180-Osg10Pal.Trinity.fasta.modified.fas 
# Current dir:     /crex/proj/snic2022-23-81/expression_algae/code/busco
# Date:            Fri Sep 23 10:12:26 2022
# [ok]
