#                                                                                        --- full sequence --- -------------- this domain -------------   hmm coord   ali coord   env coord
# target name                    accession   tlen query name           accession   qlen   E-value  score  bias   #  of  c-Evalue  i-Evalue  score  bias  from    to  from    to  from    to  acc description of target
#            ------------------- ---------- ----- -------------------- ---------- ----- --------- ------ ----- --- --- --------- --------- ------ ----- ----- ----- ----- ----- ----- ----- ---- ---------------------
TRINITY_DN1703_c0_g1_i3:35-790   -            252 4605at3041           -            261   1.6e-62  209.3   0.2   1   1   3.8e-65   2.1e-62  208.9   0.2    41   248     2   216     1   223 0.91 -
TRINITY_DN24168_c0_g2_i1:3-755   -            251 4605at3041           -            261   1.5e-56  189.7   0.1   1   1   3.4e-59   1.8e-56  189.4   0.1    43   252     3   220     1   229 0.92 -
TRINITY_DN1703_c0_g1_i1:53-718   -            222 4605at3041           -            261     6e-52  174.6   0.1   1   1   1.4e-54   7.6e-52  174.3   0.1    65   248     2   192     1   199 0.90 -
TRINITY_DN2617_c0_g1_i2:2-475    -            158 4605at3041           -            261   6.4e-36  122.1   0.0   1   1   1.2e-38   6.6e-36  122.1   0.0    41   179    17   154     1   158 0.91 -
TRINITY_DN5977_c0_g1_i1:3-419    -            139 4605at3041           -            261   3.7e-34  116.3   0.1   1   1   7.3e-37     4e-34  116.2   0.1    40   176     2   136     1   139 0.88 -
TRINITY_DN3192_c0_g1_i2:218-955  -            246 4605at3041           -            261   1.8e-13   48.5   1.7   1   2   4.4e-11   2.4e-08   31.7   0.1    46    97     2    53     1    59 0.92 -
TRINITY_DN3192_c0_g1_i2:218-955  -            246 4605at3041           -            261   1.8e-13   48.5   1.7   2   2   2.4e-06    0.0013   16.2   0.1   155   249   113   208   100   215 0.82 -
TRINITY_DN51227_c0_g1_i1:50-712  -            221 4605at3041           -            261   0.00063   17.2   0.1   1   1   1.7e-06   0.00091   16.7   0.1    18    77    55   114    43   131 0.89 -
TRINITY_DN4561_c0_g2_i1:400-1209 -            270 4605at3041           -            261    0.0017   15.8   0.0   1   1   5.2e-06    0.0028   15.1   0.0    46    99    77   131    63   159 0.82 -
#
# Program:         hmmsearch
# Version:         3.2.1 (June 2018)
# Pipeline mode:   SEARCH
# Query file:      /sw/bioinfo/BUSCO/v5_lineage_sets/lineages/chlorophyta_odb10/hmms/4605at3041.hmm
# Target file:     /crex/proj/snic2022-23-81/expression_algae/code/busco/trinity_VA-3180-Osg10Pal/run_chlorophyta_odb10/metaeuk_output/initial_results/trinity_VA-3180-Osg10Pal.Trinity.fasta.modified.fas
# Option settings: hmmsearch --domtblout /crex/proj/snic2022-23-81/expression_algae/code/busco/trinity_VA-3180-Osg10Pal/run_chlorophyta_odb10/hmmer_output/initial_run_results/4605at3041.out --cpu 1 /sw/bioinfo/BUSCO/v5_lineage_sets/lineages/chlorophyta_odb10/hmms/4605at3041.hmm /crex/proj/snic2022-23-81/expression_algae/code/busco/trinity_VA-3180-Osg10Pal/run_chlorophyta_odb10/metaeuk_output/initial_results/trinity_VA-3180-Osg10Pal.Trinity.fasta.modified.fas 
# Current dir:     /crex/proj/snic2022-23-81/expression_algae/code/busco
# Date:            Fri Sep 23 10:12:28 2022
# [ok]
