#                                                                                         --- full sequence --- -------------- this domain -------------   hmm coord   ali coord   env coord
# target name                     accession   tlen query name           accession   qlen   E-value  score  bias   #  of  c-Evalue  i-Evalue  score  bias  from    to  from    to  from    to  acc description of target
#             ------------------- ---------- ----- -------------------- ---------- ----- --------- ------ ----- --- --- --------- --------- ------ ----- ----- ----- ----- ----- ----- ----- ---- ---------------------
TRINITY_DN1626_c0_g1_i2:156-875   -            240 4619at3041           -            462   1.4e-97  325.2   1.4   1   1   2.1e-99   1.6e-97  325.0   1.4   220   434     1   240     1   240 0.93 -
TRINITY_DN1626_c0_g1_i1:86-885    -            234 4619at3041           -            462   2.3e-94  314.6   1.1   1   1   3.5e-96   2.6e-94  314.4   1.1   220   428     1   234     1   234 0.92 -
TRINITY_DN64935_c0_g1_i1:223-447  -             75 4619at3041           -            462   6.9e-26   88.8   0.1   1   1     1e-27   7.4e-26   88.7   0.1     1    68     1    75     1    75 0.90 -
TRINITY_DN247_c0_g1_i1:231-728    -            166 4619at3041           -            462   8.2e-18   62.2   0.1   1   2   6.4e-10   4.7e-08   30.0   0.0   196   272     3    81     1    93 0.88 -
TRINITY_DN247_c0_g1_i1:231-728    -            166 4619at3041           -            462   8.2e-18   62.2   0.1   2   2   9.3e-12   6.9e-10   36.1   0.1   163   268    59   164    57   166 0.86 -
TRINITY_DN247_c0_g1_i6:231-728    -            166 4619at3041           -            462   8.2e-18   62.2   0.1   1   2   6.4e-10   4.7e-08   30.0   0.0   196   272     3    81     1    93 0.88 -
TRINITY_DN247_c0_g1_i6:231-728    -            166 4619at3041           -            462   8.2e-18   62.2   0.1   2   2   9.3e-12   6.9e-10   36.1   0.1   163   268    59   164    57   166 0.86 -
TRINITY_DN318_c0_g1_i3:1037-1699  -            221 4619at3041           -            462   1.1e-15   55.1   0.3   1   2   2.8e-08   2.1e-06   24.6   0.0     5    76    20    98     5   112 0.54 -
TRINITY_DN318_c0_g1_i3:1037-1699  -            221 4619at3041           -            462   1.1e-15   55.1   0.3   2   2   1.4e-09   1.1e-07   28.8   0.1     4    69   150   221   148   221 0.87 -
TRINITY_DN2156_c0_g1_i2:75-596    -            174 4619at3041           -            462   8.1e-12   42.4   0.0   1   1   1.4e-13     1e-11   42.1   0.0   119   270     4   171     1   174 0.73 -
TRINITY_DN590_c0_g1_i1:641-859    -             73 4619at3041           -            462   1.2e-10   38.6   0.0   1   1   1.7e-12   1.2e-10   38.5   0.0   199   250     2    53     1    66 0.94 -
TRINITY_DN292_c0_g1_i10:36-302    -             89 4619at3041           -            462   1.1e-09   35.4   0.1   1   1   1.6e-11   1.2e-09   35.3   0.1   197   278     2    86     1    88 0.78 -
TRINITY_DN292_c0_g1_i15:36-302    -             89 4619at3041           -            462   1.1e-09   35.4   0.1   1   1   1.6e-11   1.2e-09   35.3   0.1   197   278     2    86     1    88 0.78 -
TRINITY_DN292_c0_g1_i19:36-302    -             89 4619at3041           -            462   1.1e-09   35.4   0.1   1   1   1.6e-11   1.2e-09   35.3   0.1   197   278     2    86     1    88 0.78 -
TRINITY_DN292_c0_g1_i1:36-302     -             89 4619at3041           -            462   1.1e-09   35.4   0.1   1   1   1.6e-11   1.2e-09   35.3   0.1   197   278     2    86     1    88 0.78 -
TRINITY_DN292_c0_g1_i20:36-302    -             89 4619at3041           -            462   1.1e-09   35.4   0.1   1   1   1.6e-11   1.2e-09   35.3   0.1   197   278     2    86     1    88 0.78 -
TRINITY_DN292_c0_g1_i9:36-302     -             89 4619at3041           -            462   1.1e-09   35.4   0.1   1   1   1.6e-11   1.2e-09   35.3   0.1   197   278     2    86     1    88 0.78 -
TRINITY_DN3983_c0_g1_i2:135-746   -            204 4619at3041           -            462   1.6e-09   34.9   0.0   1   1   2.5e-11   1.9e-09   34.6   0.0   189   247   142   199    98   204 0.92 -
TRINITY_DN56907_c0_g1_i1:8-307    -            100 4619at3041           -            462   2.3e-09   34.3   0.0   1   1   3.4e-11   2.5e-09   34.2   0.0   192   273    14    94     2    98 0.82 -
TRINITY_DN48990_c0_g1_i1:46-429   -            128 4619at3041           -            462     7e-09   32.7   0.0   1   1     1e-10   7.7e-09   32.6   0.0   195   272    18    91     3   125 0.58 -
TRINITY_DN49444_c0_g1_i1:3-521    -            173 4619at3041           -            462   8.6e-09   32.4   0.3   1   1   1.8e-10   1.3e-08   31.8   0.1   188   257     9    78     6    99 0.86 -
TRINITY_DN60322_c0_g1_i1:31-246   -             72 4619at3041           -            462   1.3e-08   31.8   0.0   1   1   1.8e-10   1.3e-08   31.8   0.0     6    59     2    58     1    72 0.73 -
TRINITY_DN45341_c0_g1_i1:23-385   -            121 4619at3041           -            462   1.4e-08   31.7   0.0   1   1   2.3e-10   1.7e-08   31.4   0.0     1    76    31   111    31   117 0.87 -
TRINITY_DN247_c0_g1_i1:783-1040   -             86 4619at3041           -            462   1.5e-08   31.6   0.1   1   1   2.3e-10   1.7e-08   31.5   0.1     5    78     1    80     1    85 0.80 -
TRINITY_DN247_c0_g1_i6:783-1040   -             86 4619at3041           -            462   1.5e-08   31.6   0.1   1   1   2.3e-10   1.7e-08   31.5   0.1     5    78     1    80     1    85 0.80 -
TRINITY_DN49362_c0_g1_i1:314-604  -             97 4619at3041           -            462   1.9e-08   31.3   0.0   1   1     3e-10   2.2e-08   31.1   0.0   115   189    14    94     9    97 0.78 -
TRINITY_DN713_c0_g1_i1:83-922     -            280 4619at3041           -            462   2.1e-08   31.2   0.0   1   1   4.8e-10   3.6e-08   30.4   0.0     4    59   202   260   199   267 0.84 -
TRINITY_DN941_c0_g1_i2:4-243      -             80 4619at3041           -            462   2.7e-08   30.8   0.0   1   1   3.8e-10   2.8e-08   30.7   0.0     4   170    12    71     4    80 0.50 -
TRINITY_DN2622_c0_g1_i1:726-953   -             76 4619at3041           -            462   5.2e-08   29.9   0.0   1   1     7e-10   5.2e-08   29.9   0.0     3    66     4    72     1    76 0.62 -
TRINITY_DN1254_c0_g1_i5:138-332   -             65 4619at3041           -            462   1.6e-07   28.2   0.0   1   1   2.4e-09   1.8e-07   28.1   0.0   197   257     2    59     1    63 0.89 -
TRINITY_DN1254_c0_g1_i6:138-332   -             65 4619at3041           -            462   1.6e-07   28.2   0.0   1   1   2.4e-09   1.8e-07   28.1   0.0   197   257     2    59     1    63 0.89 -
TRINITY_DN6837_c0_g1_i2:172-408   -             79 4619at3041           -            462   1.7e-07   28.2   0.0   1   1   2.4e-09   1.7e-07   28.1   0.0   198   272     4    77     1    79 0.56 -
TRINITY_DN1517_c0_g1_i2:475-690   -             72 4619at3041           -            462   1.7e-07   28.2   0.0   1   1   2.3e-09   1.7e-07   28.2   0.0   198   266     1    68     1    72 0.87 -
TRINITY_DN939_c0_g1_i2:146-379    -             78 4619at3041           -            462   1.7e-07   28.2   0.0   1   1   2.5e-09   1.8e-07   28.1   0.0     8    72     2    72     1    77 0.66 -
TRINITY_DN19834_c0_g1_i1:10-297   -             96 4619at3041           -            462   2.5e-07   27.6   0.0   1   1   3.5e-09   2.6e-07   27.6   0.0   188   274     3    91     1    96 0.87 -
TRINITY_DN1714_c0_g1_i1:1940-2113 -             58 4619at3041           -            462   5.6e-07   26.5   0.0   1   1   7.6e-09   5.6e-07   26.5   0.0     9    60     2    56     1    58 0.84 -
TRINITY_DN1714_c0_g1_i2:1776-1949 -             58 4619at3041           -            462   5.6e-07   26.5   0.0   1   1   7.6e-09   5.6e-07   26.5   0.0     9    60     2    56     1    58 0.84 -
TRINITY_DN2622_c0_g1_i1:420-653   -             78 4619at3041           -            462   9.9e-07   25.6   0.0   1   1   1.5e-08   1.1e-06   25.5   0.0    15    77     2    69     1    77 0.81 -
TRINITY_DN1269_c0_g1_i1:20-259    -             80 4619at3041           -            462   1.8e-06   24.8   0.0   1   1   2.4e-08   1.8e-06   24.8   0.0     6    60     2    57     1    75 0.82 -
TRINITY_DN36325_c0_g1_i1:23-247   -             75 4619at3041           -            462   2.6e-06   24.3   0.0   1   1   3.6e-08   2.7e-06   24.2   0.0   198   269     1    70     1    74 0.86 -
TRINITY_DN939_c0_g1_i1:140-283    -             48 4619at3041           -            462   4.4e-06   23.5   0.0   1   1   6.2e-08   4.6e-06   23.5   0.0     6    47     2    46     1    48 0.84 -
TRINITY_DN50477_c0_g1_i1:63-326   -             88 4619at3041           -            462   7.7e-06   22.7   0.0   1   1   1.2e-07   8.7e-06   22.5   0.0   197   257     8    67     3    82 0.64 -
TRINITY_DN1269_c0_g1_i2:20-265    -             82 4619at3041           -            462     1e-05   22.3   0.0   1   1   1.4e-07     1e-05   22.3   0.0    10   170     8    59     2    78 0.60 -
TRINITY_DN35842_c0_g1_i1:107-334  -             76 4619at3041           -            462   1.4e-05   21.9   0.0   1   1   2.3e-07   1.7e-05   21.6   0.0     5    65     1    64     1    76 0.67 -
TRINITY_DN498_c0_g1_i1:218-391    -             58 4619at3041           -            462     2e-05   21.4   0.1   1   1   2.7e-07     2e-05   21.3   0.1   207   256     3    52     1    57 0.85 -
TRINITY_DN498_c0_g1_i3:311-484    -             58 4619at3041           -            462     2e-05   21.4   0.1   1   1   2.7e-07     2e-05   21.3   0.1   207   256     3    52     1    57 0.85 -
TRINITY_DN498_c0_g1_i4:218-391    -             58 4619at3041           -            462     2e-05   21.4   0.1   1   1   2.7e-07     2e-05   21.3   0.1   207   256     3    52     1    57 0.85 -
TRINITY_DN2647_c0_g1_i1:15-242    -             76 4619at3041           -            462   3.1e-05   20.7   0.1   1   1   4.4e-07   3.3e-05   20.6   0.1   196   254     4    62     1    71 0.82 -
TRINITY_DN35617_c0_g1_i1:172-357  -             62 4619at3041           -            462   3.3e-05   20.6   0.0   1   1   4.9e-07   3.6e-05   20.5   0.0   213   271     2    59     1    61 0.81 -
TRINITY_DN10567_c0_g1_i1:0-326    -            109 4619at3041           -            462   3.6e-05   20.5   0.0   1   1     6e-07   4.4e-05   20.2   0.0     5   173    33    94    23   108 0.49 -
TRINITY_DN533_c0_g2_i3:73-273     -             67 4619at3041           -            462     4e-05   20.4   0.0   1   1   5.9e-07   4.4e-05   20.2   0.0   195   253    11    66     5    67 0.78 -
TRINITY_DN1568_c0_g1_i1:67-285    -             73 4619at3041           -            462     9e-05   19.2   0.0   1   1   1.2e-06   9.2e-05   19.2   0.0   196   267     2    72     1    73 0.90 -
TRINITY_DN1568_c0_g1_i2:67-285    -             73 4619at3041           -            462     9e-05   19.2   0.0   1   1   1.2e-06   9.2e-05   19.2   0.0   196   267     2    72     1    73 0.90 -
TRINITY_DN533_c0_g2_i1:73-234     -             54 4619at3041           -            462   0.00016   18.4   0.0   1   1   2.3e-06   0.00017   18.3   0.0   198   253     1    53     1    54 0.81 -
TRINITY_DN533_c0_g2_i4:73-234     -             54 4619at3041           -            462   0.00016   18.4   0.0   1   1   2.3e-06   0.00017   18.3   0.0   198   253     1    53     1    54 0.81 -
TRINITY_DN19777_c0_g1_i1:6-686    -            227 4619at3041           -            462   0.00038   17.1   0.3   1   1   6.7e-06   0.00049   16.8   0.3   194   280   109   192    66   203 0.78 -
TRINITY_DN2156_c0_g1_i1:75-215    -             47 4619at3041           -            462   0.00047   16.8   0.0   1   1   6.6e-06   0.00049   16.8   0.0   199   244     2    47     1    47 0.75 -
TRINITY_DN31597_c0_g1_i1:39-326   -             96 4619at3041           -            462   0.00068   16.3   0.4   1   2         7   5.2e+02   -3.1   0.1   376   391     7    22     6    29 0.77 -
TRINITY_DN31597_c0_g1_i1:39-326   -             96 4619at3041           -            462   0.00068   16.3   0.4   2   2   1.2e-05   0.00087   15.9   0.0     4    41    56    90    53    96 0.82 -
TRINITY_DN45035_c0_g1_i1:25-264   -             80 4619at3041           -            462     0.001   15.7   0.1   1   1   1.4e-05     0.001   15.7   0.1   223   267     2    45     1    73 0.71 -
TRINITY_DN53327_c0_g1_i2:38-214   -             59 4619at3041           -            462    0.0042   13.7   0.0   1   1   6.2e-05    0.0046   13.6   0.0   383   410    24    51    15    54 0.89 -
TRINITY_DN53327_c0_g1_i1:38-238   -             67 4619at3041           -            462    0.0043   13.6   0.0   1   1   5.9e-05    0.0043   13.6   0.0   383   410    32    59     3    62 0.89 -
TRINITY_DN1219_c0_g1_i1:604-990   -            129 4619at3041           -            462     0.019   11.5   0.0   1   1   0.00029     0.021   11.4   0.0   177   235    68   128    42   129 0.83 -
#
# Program:         hmmsearch
# Version:         3.2.1 (June 2018)
# Pipeline mode:   SEARCH
# Query file:      /sw/bioinfo/BUSCO/v5_lineage_sets/lineages/chlorophyta_odb10/hmms/4619at3041.hmm
# Target file:     /crex/proj/snic2022-23-81/expression_algae/code/busco/trinity_VA-3180-Osg10Pal/run_chlorophyta_odb10/metaeuk_output/initial_results/trinity_VA-3180-Osg10Pal.Trinity.fasta.modified.fas
# Option settings: hmmsearch --domtblout /crex/proj/snic2022-23-81/expression_algae/code/busco/trinity_VA-3180-Osg10Pal/run_chlorophyta_odb10/hmmer_output/initial_run_results/4619at3041.out --cpu 1 /sw/bioinfo/BUSCO/v5_lineage_sets/lineages/chlorophyta_odb10/hmms/4619at3041.hmm /crex/proj/snic2022-23-81/expression_algae/code/busco/trinity_VA-3180-Osg10Pal/run_chlorophyta_odb10/metaeuk_output/initial_results/trinity_VA-3180-Osg10Pal.Trinity.fasta.modified.fas 
# Current dir:     /crex/proj/snic2022-23-81/expression_algae/code/busco
# Date:            Fri Sep 23 10:12:28 2022
# [ok]
