#                                                                                           --- full sequence --- -------------- this domain -------------   hmm coord   ali coord   env coord
# target name                       accession   tlen query name           accession   qlen   E-value  score  bias   #  of  c-Evalue  i-Evalue  score  bias  from    to  from    to  from    to  acc description of target
#               ------------------- ---------- ----- -------------------- ---------- ----- --------- ------ ----- --- --- --------- --------- ------ ----- ----- ----- ----- ----- ----- ----- ---- ---------------------
TRINITY_DN21896_c0_g3_i2:165-959    -            265 4693at3041           -            342   3.1e-29   99.8   0.0   1   1   2.2e-30     4e-29   99.4   0.0     4   195     6   201     3   245 0.90 -
TRINITY_DN21896_c0_g3_i1:88-633     -            182 4693at3041           -            342   1.3e-25   87.9   0.0   1   1   8.6e-27   1.5e-25   87.6   0.0     4   170     6   175     3   180 0.90 -
TRINITY_DN61500_c0_g1_i1:3-236      -             78 4693at3041           -            342   3.6e-24   83.1   0.0   1   1   2.2e-25     4e-24   83.0   0.0     1    68     8    78     8    78 0.94 -
TRINITY_DN7487_c0_g1_i1:414-1199    -            262 4693at3041           -            342   4.4e-22   76.2   0.0   1   2   1.6e-21   2.8e-20   70.3   0.0     7   197     5   208     1   216 0.81 -
TRINITY_DN7487_c0_g1_i1:414-1199    -            262 4693at3041           -            342   4.4e-22   76.2   0.0   2   2      0.22       3.9    4.1   0.0   186   227   217   258   211   262 0.82 -
TRINITY_DN1420_c0_g1_i1:2-763       -            254 4693at3041           -            342   1.5e-21   74.5   0.0   1   1     1e-22   1.9e-21   74.2   0.0     7   195    11   205     5   216 0.89 -
TRINITY_DN19301_c0_g2_i1:106-843    -            246 4693at3041           -            342   1.3e-20   71.4   0.0   1   1   9.3e-22   1.7e-20   71.1   0.0     6   189    14   205     9   226 0.81 -
TRINITY_DN163_c0_g1_i11:228-1001    -            258 4693at3041           -            342     3e-20   70.2   0.0   1   1     2e-21   3.6e-20   69.9   0.0     8   199     3   204     2   239 0.86 -
TRINITY_DN7548_c0_g1_i1:2-727       -            242 4693at3041           -            342     4e-19   66.5   0.0   1   1   2.5e-20   4.5e-19   66.3   0.0     3   195     3   204     1   235 0.76 -
TRINITY_DN9502_c0_g7_i1:1309-2166   -            286 4693at3041           -            342   1.1e-17   61.7   0.0   1   1   2.8e-18     5e-17   59.6   0.0    10   213    13   235     4   265 0.74 -
TRINITY_DN1965_c0_g1_i1:226-888     -            221 4693at3041           -            342   2.1e-17   60.9   0.0   1   1   1.3e-18   2.4e-17   60.7   0.0     7   207    12   220     6   221 0.84 -
TRINITY_DN949_c0_g1_i8:661-1530     -            290 4693at3041           -            342   4.4e-17   59.8   0.0   1   1   3.1e-18   5.5e-17   59.5   0.0     9   218     1   219     1   247 0.81 -
TRINITY_DN7029_c0_g1_i3:7-639       -            211 4693at3041           -            342   5.4e-17   59.5   0.0   1   1   3.7e-18   6.6e-17   59.2   0.0     6   193     1   198     1   206 0.80 -
TRINITY_DN5096_c1_g1_i2:25-837      -            271 4693at3041           -            342   6.5e-17   59.2   0.0   1   2   9.4e-15   1.7e-13   48.0   0.0     7   141     3   134     1   142 0.92 -
TRINITY_DN5096_c1_g1_i2:25-837      -            271 4693at3041           -            342   6.5e-17   59.2   0.0   2   2    0.0054     0.097    9.4   0.0   157   195   230   269   217   271 0.87 -
TRINITY_DN7356_c0_g1_i2:149-1066    -            306 4693at3041           -            342   6.8e-17   59.2   0.1   1   2     5e-17   8.9e-16   55.5   0.0     6   194     7   202     1   231 0.76 -
TRINITY_DN7356_c0_g1_i2:149-1066    -            306 4693at3041           -            342   6.8e-17   59.2   0.1   2   2      0.98        18    1.9   0.0   200   252   235   292   224   301 0.62 -
TRINITY_DN949_c0_g1_i3:661-1968     -            436 4693at3041           -            342   1.2e-16   58.4   0.0   1   1     1e-17   1.9e-16   57.7   0.0     9   217     1   218     1   246 0.81 -
TRINITY_DN949_c0_g1_i5:533-1840     -            436 4693at3041           -            342   1.2e-16   58.4   0.0   1   1     1e-17   1.9e-16   57.7   0.0     9   217     1   218     1   246 0.81 -
TRINITY_DN949_c0_g1_i7:791-2098     -            436 4693at3041           -            342   1.2e-16   58.4   0.0   1   1     1e-17   1.9e-16   57.7   0.0     9   217     1   218     1   246 0.81 -
TRINITY_DN5822_c0_g1_i3:193-990     -            266 4693at3041           -            342   1.5e-16   58.1   0.0   1   1     1e-17   1.9e-16   57.7   0.0     7   189    12   200     6   213 0.82 -
TRINITY_DN28673_c3_g1_i1:294-968    -            225 4693at3041           -            342   4.8e-16   56.4   0.0   1   1   4.6e-17   8.3e-16   55.6   0.0    47   170     5   130     2   189 0.85 -
TRINITY_DN1696_c0_g1_i2:64-804      -            247 4693at3041           -            342   5.5e-16   56.2   0.0   1   1   5.8e-17     1e-15   55.3   0.0     7   169    10   176     4   216 0.83 -
TRINITY_DN1696_c0_g3_i1:2-763       -            254 4693at3041           -            342   6.3e-16   56.0   0.0   1   1   4.6e-17   8.3e-16   55.6   0.0    10   197     8   211     1   227 0.80 -
TRINITY_DN10185_c0_g1_i1:225-947    -            241 4693at3041           -            342   1.5e-15   54.7   0.0   1   1   1.3e-16   2.4e-15   54.1   0.0     4   207     4   211     1   224 0.77 -
TRINITY_DN19301_c0_g1_i2:5-478      -            158 4693at3041           -            342   1.6e-15   54.6   0.0   1   1   1.1e-16   1.9e-15   54.4   0.0    92   196     4   112     1   121 0.87 -
TRINITY_DN9502_c0_g5_i1:1067-1912   -            282 4693at3041           -            342   1.9e-15   54.4   0.1   1   1   1.3e-16   2.3e-15   54.2   0.1     4   169     8   178     5   210 0.82 -
TRINITY_DN9502_c0_g5_i2:1067-1915   -            283 4693at3041           -            342   2.7e-15   53.9   0.2   1   1   2.6e-16   4.7e-15   53.1   0.2     4   170     8   179     5   219 0.83 -
TRINITY_DN1696_c0_g3_i2:2-763       -            254 4693at3041           -            342   3.8e-15   53.4   0.0   1   1   2.9e-16   5.2e-15   53.0   0.0    10   197     8   211     1   227 0.80 -
TRINITY_DN3071_c0_g1_i2:1159-1746   -            196 4693at3041           -            342   4.1e-15   53.3   0.0   1   1   2.7e-16   4.8e-15   53.1   0.0     9   188    13   194     6   196 0.84 -
TRINITY_DN3071_c0_g1_i4:1077-1664   -            196 4693at3041           -            342   4.1e-15   53.3   0.0   1   1   2.7e-16   4.8e-15   53.1   0.0     9   188    13   194     6   196 0.84 -
TRINITY_DN10185_c0_g1_i2:86-793     -            236 4693at3041           -            342   4.3e-15   53.3   0.0   1   1   3.5e-16   6.3e-15   52.7   0.0     7   210     3   209     1   221 0.78 -
TRINITY_DN1696_c0_g1_i3:64-804      -            247 4693at3041           -            342   4.6e-15   53.1   0.1   1   1   4.9e-16   8.8e-15   52.2   0.1     7   169    10   176     4   216 0.82 -
TRINITY_DN30539_c0_g1_i1:32-1003    -            324 4693at3041           -            342   4.8e-15   53.1   0.0   1   1   3.3e-16   5.8e-15   52.8   0.0     6   209     5   212     1   219 0.79 -
TRINITY_DN11881_c0_g1_i1:515-1327   -            271 4693at3041           -            342   5.3e-15   53.0   0.0   1   1   3.8e-16   6.8e-15   52.6   0.0     9   194    20   217    16   242 0.81 -
TRINITY_DN5211_c1_g1_i3:1076-1912   -            279 4693at3041           -            342   7.2e-15   52.5   0.0   1   1   5.2e-16   9.3e-15   52.2   0.0    43   194    62   219    12   228 0.73 -
TRINITY_DN5211_c1_g1_i9:1076-1912   -            279 4693at3041           -            342   7.2e-15   52.5   0.0   1   1   5.2e-16   9.3e-15   52.2   0.0    43   194    62   219    12   228 0.73 -
TRINITY_DN11681_c0_g1_i2:332-1132   -            267 4693at3041           -            342   7.2e-15   52.5   0.0   1   1   6.5e-16   1.2e-14   51.8   0.0     9   191     1   198     1   205 0.83 -
TRINITY_DN11681_c0_g1_i6:332-1132   -            267 4693at3041           -            342   7.2e-15   52.5   0.0   1   1   6.5e-16   1.2e-14   51.8   0.0     9   191     1   198     1   205 0.83 -
TRINITY_DN5211_c1_g1_i5:157-828     -            224 4693at3041           -            342   7.7e-15   52.4   0.0   1   1   4.7e-16   8.4e-15   52.3   0.0    46   194    46   200     1   206 0.79 -
TRINITY_DN5096_c1_g1_i1:138-896     -            253 4693at3041           -            342     1e-14   52.0   0.0   1   2   7.8e-15   1.4e-13   48.3   0.0     7   141     3   134     1   143 0.92 -
TRINITY_DN5096_c1_g1_i1:138-896     -            253 4693at3041           -            342     1e-14   52.0   0.0   2   2       1.1        20    1.7   0.0   157   171   230   244   218   253 0.80 -
TRINITY_DN479_c0_g1_i2:65-961       -            299 4693at3041           -            342   1.1e-14   52.0   0.0   1   1   1.2e-15   2.1e-14   51.0   0.0     3   195     4   205     2   259 0.77 -
TRINITY_DN163_c0_g1_i8:264-773      -            170 4693at3041           -            342   1.1e-14   51.9   0.0   1   1   7.3e-16   1.3e-14   51.7   0.0     8   165     3   170     2   170 0.87 -
TRINITY_DN1411_c0_g1_i1:43-714      -            224 4693at3041           -            342   1.5e-14   51.5   0.0   1   1   1.5e-15   2.7e-14   50.6   0.0    45   169     3   129     1   184 0.79 -
TRINITY_DN163_c0_g1_i18:93-653      -            187 4693at3041           -            342     2e-14   51.1   0.0   1   1   1.8e-15   3.1e-14   50.4   0.0    95   226    18   152     2   167 0.84 -
TRINITY_DN2176_c0_g1_i2:181-1884    -            568 4693at3041           -            342   2.4e-14   50.8   0.0   1   1   2.4e-15   4.2e-14   50.0   0.0     8   211    34   252    27   258 0.80 -
TRINITY_DN5822_c0_g1_i1:193-1055    -            267 4693at3041           -            342   3.5e-14   50.3   0.0   1   1   2.5e-15   4.5e-14   49.9   0.0     7   189    12   201     6   214 0.83 -
TRINITY_DN28673_c0_g3_i2:57-734     -            226 4693at3041           -            342   4.1e-14   50.1   0.0   1   1     3e-15   5.3e-14   49.7   0.0    10   194     1   195     1   203 0.78 -
TRINITY_DN12733_c0_g1_i3:291-1121   -            277 4693at3041           -            342     5e-14   49.8   0.0   1   1     7e-15   1.2e-13   48.5   0.0    10   168    13   176     6   186 0.80 -
TRINITY_DN163_c0_g1_i3:509-1069     -            187 4693at3041           -            342   5.2e-14   49.7   0.0   1   1     3e-15   5.4e-14   49.7   0.0    87   199    10   128     1   166 0.82 -
TRINITY_DN59340_c0_g1_i1:30-470     -            147 4693at3041           -            342   5.9e-14   49.5   0.0   1   1   3.9e-15     7e-14   49.3   0.0     8   146     8   145     3   147 0.87 -
TRINITY_DN2176_c0_g1_i5:181-1863    -            561 4693at3041           -            342   8.2e-14   49.0   0.0   1   1   7.9e-15   1.4e-13   48.3   0.0     8   202    34   243    27   257 0.79 -
TRINITY_DN2176_c0_g1_i8:113-1795    -            561 4693at3041           -            342   8.2e-14   49.0   0.0   1   1   7.9e-15   1.4e-13   48.3   0.0     8   202    34   243    27   257 0.79 -
TRINITY_DN3310_c0_g1_i2:1490-2209   -            240 4693at3041           -            342   1.1e-13   48.6   0.0   1   1   7.8e-15   1.4e-13   48.3   0.0    12   195    11   199     5   214 0.81 -
TRINITY_DN163_c0_g1_i22:509-1066    -            186 4693at3041           -            342   1.1e-13   48.6   0.0   1   1   7.4e-15   1.3e-13   48.4   0.0    97   199    19   127    12   165 0.83 -
TRINITY_DN479_c0_g1_i4:93-1385      -            431 4693at3041           -            342   1.2e-13   48.5   0.0   1   1     2e-14   3.6e-13   46.9   0.0    21   195    16   195     1   233 0.78 -
TRINITY_DN479_c0_g1_i6:93-1385      -            431 4693at3041           -            342   1.2e-13   48.5   0.0   1   1     2e-14   3.6e-13   46.9   0.0    21   195    16   195     1   233 0.78 -
TRINITY_DN57177_c0_g1_i1:336-1127   -            264 4693at3041           -            342   1.9e-13   47.9   0.0   1   1   1.4e-14   2.4e-13   47.5   0.0    39   195    25   196     9   212 0.82 -
TRINITY_DN3345_c0_g1_i2:0-815       -            272 4693at3041           -            342   2.1e-13   47.7   0.0   1   2   4.7e-14   8.4e-13   45.7   0.0    24   170    25   174     7   183 0.73 -
TRINITY_DN3345_c0_g1_i2:0-815       -            272 4693at3041           -            342   2.1e-13   47.7   0.0   2   2       5.1        91   -0.4   0.0   171   195   196   220   186   239 0.73 -
TRINITY_DN3924_c0_g2_i1:1-975       -            325 4693at3041           -            342   4.6e-13   46.6   0.0   1   1   3.2e-14   5.8e-13   46.3   0.0     6   244     6   254     1   257 0.78 -
TRINITY_DN9502_c0_g7_i2:1270-1803   -            178 4693at3041           -            342   6.9e-13   46.0   0.0   1   1   4.6e-14   8.2e-13   45.8   0.0     9   147    25   164    17   172 0.80 -
TRINITY_DN15658_c0_g1_i1:21-917     -            299 4693at3041           -            342   8.2e-13   45.8   0.0   1   1   8.1e-14   1.4e-12   45.0   0.0     8   194     9   208     2   229 0.75 -
TRINITY_DN12096_c0_g1_i10:3-608     -            202 4693at3041           -            342     1e-12   45.5   0.0   1   1   7.2e-14   1.3e-12   45.1   0.0   101   195    42   146    34   168 0.80 -
TRINITY_DN12096_c0_g1_i12:3-695     -            202 4693at3041           -            342     1e-12   45.5   0.0   1   1   7.2e-14   1.3e-12   45.1   0.0   101   195    42   146    34   168 0.80 -
TRINITY_DN12096_c0_g1_i5:3-608      -            202 4693at3041           -            342     1e-12   45.5   0.0   1   1   7.2e-14   1.3e-12   45.1   0.0   101   195    42   146    34   168 0.80 -
TRINITY_DN15658_c0_g1_i2:27-911     -            295 4693at3041           -            342   1.1e-12   45.4   0.0   1   1   9.4e-14   1.7e-12   44.7   0.0     8   194     7   206     1   227 0.76 -
TRINITY_DN4515_c0_g2_i1:266-829     -            188 4693at3041           -            342   1.8e-12   44.6   0.0   1   1   1.2e-13   2.1e-12   44.4   0.0     8   173    11   184     4   188 0.82 -
TRINITY_DN4515_c0_g2_i2:279-842     -            188 4693at3041           -            342   1.8e-12   44.6   0.0   1   1   1.2e-13   2.1e-12   44.4   0.0     8   173    11   184     4   188 0.82 -
TRINITY_DN2176_c0_g1_i11:136-945    -            270 4693at3041           -            342   2.1e-12   44.4   0.0   1   1     2e-13   3.6e-12   43.7   0.0     8   187    49   243    42   254 0.77 -
TRINITY_DN5590_c0_g1_i7:274-828     -            185 4693at3041           -            342   2.6e-12   44.1   0.1   1   1   1.6e-13   2.8e-12   44.0   0.1     3   152     1   151     1   180 0.85 -
TRINITY_DN21634_c0_g1_i1:2-502      -            167 4693at3041           -            342   3.3e-12   43.8   0.0   1   1   2.2e-13   3.9e-12   43.5   0.0    76   202     9   142     3   160 0.82 -
TRINITY_DN701_c0_g1_i7:83-1222      -            380 4693at3041           -            342   4.8e-12   43.2   0.0   1   1     4e-13   7.2e-12   42.7   0.0     8   195    63   258    56   282 0.76 -
TRINITY_DN701_c0_g1_i2:859-2016     -            386 4693at3041           -            342     5e-12   43.2   0.0   1   1   4.2e-13   7.5e-12   42.6   0.0     8   195    63   258    56   282 0.76 -
TRINITY_DN701_c0_g1_i4:859-2016     -            386 4693at3041           -            342     5e-12   43.2   0.0   1   1   4.2e-13   7.5e-12   42.6   0.0     8   195    63   258    56   282 0.76 -
TRINITY_DN701_c0_g1_i8:859-2016     -            386 4693at3041           -            342     5e-12   43.2   0.0   1   1   4.2e-13   7.5e-12   42.6   0.0     8   195    63   258    56   282 0.76 -
TRINITY_DN600_c0_g1_i2:1716-2669    -            318 4693at3041           -            342   6.1e-12   42.9   0.0   1   2   7.8e-09   1.4e-07   28.6   0.0     6   147     9   152     6   183 0.81 -
TRINITY_DN600_c0_g1_i2:1716-2669    -            318 4693at3041           -            342   6.1e-12   42.9   0.0   2   2   0.00064     0.011   12.4   0.0   153   234   217   300   206   309 0.81 -
TRINITY_DN600_c0_g1_i3:1341-2294    -            318 4693at3041           -            342   6.1e-12   42.9   0.0   1   2   7.8e-09   1.4e-07   28.6   0.0     6   147     9   152     6   183 0.81 -
TRINITY_DN600_c0_g1_i3:1341-2294    -            318 4693at3041           -            342   6.1e-12   42.9   0.0   2   2   0.00064     0.011   12.4   0.0   153   234   217   300   206   309 0.81 -
TRINITY_DN14279_c0_g1_i1:4-522      -            173 4693at3041           -            342   7.3e-12   42.6   0.0   1   1   4.7e-13   8.3e-12   42.5   0.0   103   199    49   155    22   169 0.72 -
TRINITY_DN8639_c0_g2_i1:87-1265     -            393 4693at3041           -            342   7.3e-12   42.6   0.0   1   2   4.2e-09   7.4e-08   29.5   0.0     9   146    12   149     4   155 0.82 -
TRINITY_DN8639_c0_g2_i1:87-1265     -            393 4693at3041           -            342   7.3e-12   42.6   0.0   2   2    0.0016     0.028   11.1   0.0   156   196   269   310   261   355 0.84 -
TRINITY_DN27578_c0_g1_i1:368-1234   -            289 4693at3041           -            342   7.5e-12   42.6   0.0   1   1   1.4e-12   2.5e-11   40.9   0.0     6   194     6   213     2   230 0.75 -
TRINITY_DN14033_c0_g2_i1:21-539     -            173 4693at3041           -            342   1.5e-11   41.6   0.0   1   1   1.1e-12     2e-11   41.2   0.0     9   138    18   149    12   152 0.84 -
TRINITY_DN3793_c0_g3_i2:230-1201    -            324 4693at3041           -            342   3.3e-11   40.5   0.0   1   1   2.3e-12   4.1e-11   40.2   0.0     8   215     7   221     1   234 0.76 -
TRINITY_DN28673_c0_g3_i3:137-466    -            110 4693at3041           -            342   3.5e-11   40.4   0.0   1   1   2.3e-12   4.1e-11   40.2   0.0   116   194    10    99     1   104 0.79 -
TRINITY_DN60482_c0_g1_i1:139-678    -            180 4693at3041           -            342   3.6e-11   40.4   0.0   1   1   2.4e-12   4.2e-11   40.1   0.0     9   168    16   179     9   180 0.70 -
TRINITY_DN4464_c0_g1_i1:401-958     -            186 4693at3041           -            342   3.7e-11   40.3   0.0   1   1   2.7e-12   4.9e-11   39.9   0.0    40   194    16   175     8   184 0.78 -
TRINITY_DN66306_c0_g1_i1:1-438      -            146 4693at3041           -            342   3.9e-11   40.2   0.0   1   1   2.7e-12   4.8e-11   39.9   0.0   124   207     1    91     1    96 0.82 -
TRINITY_DN4464_c0_g1_i2:114-752     -            213 4693at3041           -            342   4.3e-11   40.1   0.0   1   1   3.3e-12   5.8e-11   39.7   0.0    40   195    16   176     8   193 0.78 -
TRINITY_DN1696_c0_g5_i1:2-631       -            210 4693at3041           -            342   4.7e-11   40.0   0.0   1   1     3e-12   5.4e-11   39.8   0.0    55   195     1   142     1   160 0.82 -
TRINITY_DN6613_c0_g1_i1:5-868       -            288 4693at3041           -            342   5.9e-11   39.7   0.0   1   1     4e-12   7.2e-11   39.4   0.0   112   213   129   234   104   282 0.79 -
TRINITY_DN9502_c0_g4_i3:111-815     -            235 4693at3041           -            342   8.1e-11   39.2   0.1   1   1   2.4e-11   4.3e-10   36.8   0.1    70   169    20   123     6   168 0.82 -
TRINITY_DN1696_c0_g2_i5:450-944     -            165 4693at3041           -            342     9e-11   39.1   0.0   1   1   6.1e-12   1.1e-10   38.8   0.0     7   136     8   137     2   158 0.84 -
TRINITY_DN9130_c0_g1_i1:188-706     -            173 4693at3041           -            342   1.1e-10   38.8   0.0   1   1   7.3e-12   1.3e-10   38.5   0.0     5   148    24   170    20   172 0.84 -
TRINITY_DN11681_c0_g1_i7:95-772     -            226 4693at3041           -            342   1.2e-10   38.6   0.0   1   1   1.3e-11   2.2e-10   37.8   0.0    69   191    23   157    17   165 0.83 -
TRINITY_DN949_c0_g1_i10:145-1266    -            374 4693at3041           -            342   1.4e-10   38.4   0.0   1   1   1.3e-11   2.3e-10   37.7   0.0    73   217     5   156     1   185 0.78 -
TRINITY_DN49384_c0_g1_i1:154-666    -            171 4693at3041           -            342   1.7e-10   38.2   0.0   1   1   1.1e-11     2e-10   37.9   0.0    32   147    54   169    41   171 0.80 -
TRINITY_DN3924_c0_g1_i1:0-1049      -            350 4693at3041           -            342   2.3e-10   37.7   0.0   1   1   1.7e-11   3.1e-10   37.3   0.0     2   230    32   276    31   286 0.76 -
TRINITY_DN2314_c0_g1_i2:207-680     -            158 4693at3041           -            342   2.4e-10   37.7   0.0   1   1   1.9e-11   3.3e-10   37.2   0.0    42   141    59   155    39   157 0.83 -
TRINITY_DN49360_c0_g1_i1:37-906     -            290 4693at3041           -            342   2.5e-10   37.6   0.0   1   1   1.7e-11   3.1e-10   37.3   0.0     3   193     3   202     1   221 0.77 -
TRINITY_DN14778_c0_g1_i2:31-831     -            267 4693at3041           -            342   2.9e-10   37.4   0.0   1   1   2.4e-11   4.2e-10   36.8   0.0    43   194   108   266   100   267 0.85 -
TRINITY_DN14778_c0_g1_i1:7-498      -            164 4693at3041           -            342   2.9e-10   37.4   0.0   1   1   1.9e-11   3.5e-10   37.1   0.0    48   196     2   157     1   162 0.84 -
TRINITY_DN576_c0_g1_i2:153-740      -            196 4693at3041           -            342   3.8e-10   37.0   0.0   1   1   2.7e-11   4.8e-10   36.7   0.0   121   197    56   142    31   158 0.80 -
TRINITY_DN42309_c0_g1_i1:2-769      -            256 4693at3041           -            342   4.7e-10   36.7   0.0   1   1   4.5e-11     8e-10   35.9   0.0   111   195    17   116    11   127 0.78 -
TRINITY_DN4661_c0_g3_i1:94-801      -            236 4693at3041           -            342   4.9e-10   36.6   0.0   1   1   9.1e-11   1.6e-09   34.9   0.0    74   197    14   144     4   215 0.83 -
TRINITY_DN7029_c0_g1_i2:46-414      -            123 4693at3041           -            342   5.1e-10   36.6   0.0   1   1   3.2e-11   5.7e-10   36.4   0.0   100   193    24   123     5   123 0.80 -
TRINITY_DN576_c0_g1_i1:156-1100     -            315 4693at3041           -            342     6e-10   36.4   0.0   1   1   7.8e-11   1.4e-09   35.1   0.0   121   197   176   262   149   278 0.80 -
TRINITY_DN576_c0_g1_i3:156-1100     -            315 4693at3041           -            342     6e-10   36.4   0.0   1   1   7.8e-11   1.4e-09   35.1   0.0   121   197   176   262   149   278 0.80 -
TRINITY_DN8067_c0_g1_i2:630-1532    -            301 4693at3041           -            342   7.6e-10   36.0   0.0   1   1   1.2e-10   2.1e-09   34.5   0.0     4   180     5   197     2   222 0.72 -
TRINITY_DN14145_c1_g1_i1:40-804     -            255 4693at3041           -            342   8.7e-10   35.8   0.0   1   1   6.1e-11   1.1e-09   35.5   0.0    99   188    96   195     1   216 0.76 -
TRINITY_DN9565_c0_g1_i1:83-451      -            123 4693at3041           -            342   1.1e-09   35.5   0.0   1   1   6.7e-11   1.2e-09   35.4   0.0   108   215     1   110     1   119 0.77 -
TRINITY_DN14878_c0_g1_i2:14-883     -            290 4693at3041           -            342   1.4e-09   35.1   0.0   1   2   3.4e-07   6.1e-06   23.2   0.0    41   149     7   112     2   120 0.87 -
TRINITY_DN14878_c0_g1_i2:14-883     -            290 4693at3041           -            342   1.4e-09   35.1   0.0   2   2    0.0036     0.063   10.0   0.0   154   195   159   200   152   237 0.70 -
TRINITY_DN16376_c0_g1_i2:880-1374   -            165 4693at3041           -            342   1.5e-09   35.0   0.0   1   1     1e-10   1.9e-09   34.7   0.0    75   200    13   158     3   164 0.72 -
TRINITY_DN16376_c0_g1_i4:976-1470   -            165 4693at3041           -            342   1.5e-09   35.0   0.0   1   1     1e-10   1.9e-09   34.7   0.0    75   200    13   158     3   164 0.72 -
TRINITY_DN4857_c0_g1_i1:181-618     -            146 4693at3041           -            342   1.6e-09   35.0   0.0   1   1   9.9e-11   1.8e-09   34.8   0.0   116   206     5   108     1   119 0.74 -
TRINITY_DN13834_c0_g1_i2:469-1698   -            410 4693at3041           -            342   1.9e-09   34.7   0.0   1   1   1.4e-10   2.5e-09   34.3   0.0     8   207     8   218     1   244 0.76 -
TRINITY_DN13834_c0_g1_i3:548-1777   -            410 4693at3041           -            342   1.9e-09   34.7   0.0   1   1   1.4e-10   2.5e-09   34.3   0.0     8   207     8   218     1   244 0.76 -
TRINITY_DN13834_c0_g1_i6:548-1798   -            417 4693at3041           -            342   2.3e-09   34.4   0.0   1   1   1.7e-10   2.9e-09   34.1   0.0     8   207     8   218     1   248 0.77 -
TRINITY_DN36421_c0_g1_i1:2-475      -            158 4693at3041           -            342   2.5e-09   34.3   0.0   1   1   1.5e-10   2.6e-09   34.2   0.0   116   194     5    96     1   131 0.78 -
TRINITY_DN16376_c0_g1_i3:132-626    -            165 4693at3041           -            342   2.8e-09   34.1   0.0   1   1     2e-10   3.5e-09   33.8   0.0    75   200    13   158     3   164 0.71 -
TRINITY_DN64024_c0_g1_i1:116-349    -             78 4693at3041           -            342   3.5e-09   33.8   0.0   1   1   2.1e-10   3.7e-09   33.7   0.0   109   178     1    77     1    78 0.80 -
TRINITY_DN10723_c0_g1_i3:73-579     -            169 4693at3041           -            342   3.5e-09   33.8   0.0   1   1   2.4e-10   4.3e-09   33.5   0.0   110   198    12   113     4   128 0.73 -
TRINITY_DN5704_c0_g1_i3:488-967     -            160 4693at3041           -            342   3.7e-09   33.8   0.0   1   1   2.8e-10   4.9e-09   33.3   0.0     5   148    13   157     8   159 0.78 -
TRINITY_DN16607_c0_g1_i1:39-548     -            170 4693at3041           -            342   3.8e-09   33.7   0.1   1   1   6.6e-10   1.2e-08   32.1   0.1   115   170     4    61     1   140 0.78 -
TRINITY_DN22799_c0_g1_i1:51-416     -            122 4693at3041           -            342   8.2e-09   32.6   0.0   1   1   5.3e-10   9.4e-09   32.4   0.0   122   190    15    90     4   108 0.81 -
TRINITY_DN911_c1_g2_i3:64-849       -            262 4693at3041           -            342   8.6e-09   32.5   0.0   1   1   6.5e-10   1.2e-08   32.1   0.0    98   196    92   204    67   208 0.71 -
TRINITY_DN4100_c0_g1_i1:0-254       -             85 4693at3041           -            342   1.1e-08   32.2   0.1   1   1   6.6e-10   1.2e-08   32.1   0.1    74   141    15    83     9    85 0.83 -
TRINITY_DN50516_c0_g1_i1:2-340      -            113 4693at3041           -            342   1.1e-08   32.1   0.0   1   1   7.6e-10   1.4e-08   31.9   0.0   115   196     7   101     2   111 0.76 -
TRINITY_DN4505_c0_g1_i1:531-1583    -            351 4693at3041           -            342   1.5e-08   31.8   0.0   1   1   1.2e-09   2.1e-08   31.2   0.0     2   211     3   231     2   270 0.77 -
TRINITY_DN4505_c0_g1_i2:531-1583    -            351 4693at3041           -            342   1.5e-08   31.8   0.0   1   1   1.2e-09   2.1e-08   31.2   0.0     2   211     3   231     2   270 0.77 -
TRINITY_DN21132_c0_g1_i1:126-821    -            232 4693at3041           -            342   1.5e-08   31.7   0.0   1   1   1.2e-09   2.1e-08   31.3   0.0    10   192     2   191     1   205 0.76 -
TRINITY_DN23274_c0_g2_i1:2-454      -            151 4693at3041           -            342     2e-08   31.4   0.0   1   1   1.2e-09   2.2e-08   31.2   0.0     2   147     2   148     1   151 0.85 -
TRINITY_DN17594_c0_g2_i1:66-515     -            150 4693at3041           -            342   2.2e-08   31.2   0.0   1   1   1.5e-09   2.7e-08   30.9   0.0   105   194     3    99     1   111 0.81 -
TRINITY_DN28673_c1_g2_i1:58-345     -             96 4693at3041           -            342   2.3e-08   31.1   0.0   1   1   1.4e-09   2.5e-08   31.0   0.0    76   166     2    96     1    96 0.77 -
TRINITY_DN600_c0_g2_i1:72-1067      -            332 4693at3041           -            342   2.9e-08   30.8   0.0   1   2   1.3e-05   0.00023   18.0   0.0     2   136   113   250   112   263 0.83 -
TRINITY_DN600_c0_g2_i1:72-1067      -            332 4693at3041           -            342   2.9e-08   30.8   0.0   2   2    0.0018     0.032   10.9   0.0   139   191   277   332   274   332 0.85 -
TRINITY_DN3876_c1_g2_i3:623-1150    -            176 4693at3041           -            342     3e-08   30.8   0.0   1   1   1.9e-09   3.4e-08   30.6   0.0    19   168    22   176     4   176 0.75 -
TRINITY_DN5096_c0_g2_i3:376-906     -            177 4693at3041           -            342   3.1e-08   30.7   0.0   1   1   1.9e-09   3.4e-08   30.6   0.0   103   205     9   122     4   174 0.69 -
TRINITY_DN6723_c0_g3_i1:31-495      -            155 4693at3041           -            342   3.4e-08   30.6   0.0   1   1   2.2e-09   3.9e-08   30.4   0.0   110   194     3   100     1   117 0.76 -
TRINITY_DN5907_c0_g1_i1:13-480      -            156 4693at3041           -            342   3.7e-08   30.5   0.0   1   1   2.1e-09   3.7e-08   30.5   0.0   101   194    53   155     6   156 0.75 -
TRINITY_DN20227_c0_g1_i1:21-380     -            120 4693at3041           -            342   4.2e-08   30.3   0.0   1   1   2.4e-09   4.3e-08   30.2   0.0    99   189     5   100     1   118 0.75 -
TRINITY_DN12733_c0_g1_i2:69-587     -            173 4693at3041           -            342   4.7e-08   30.1   0.0   1   2   9.2e-09   1.6e-07   28.3   0.0   114   169     3    60     1    69 0.80 -
TRINITY_DN12733_c0_g1_i2:69-587     -            173 4693at3041           -            342   4.7e-08   30.1   0.0   2   2       6.5   1.2e+02   -0.8   0.0   173   194    83   104    73   115 0.86 -
TRINITY_DN8427_c0_g1_i1:2-520       -            173 4693at3041           -            342   4.9e-08   30.1   0.0   1   1     3e-09   5.3e-08   29.9   0.0    21   169    10   163     1   171 0.77 -
TRINITY_DN6941_c0_g1_i2:5-781       -            259 4693at3041           -            342   5.4e-08   29.9   0.0   1   2    0.0009     0.016   11.9   0.0    25   136    26   131     3   136 0.84 -
TRINITY_DN6941_c0_g1_i2:5-781       -            259 4693at3041           -            342   5.4e-08   29.9   0.0   2   2   4.9e-05   0.00088   16.1   0.0   140   222   156   246   152   251 0.78 -
TRINITY_DN19301_c0_g2_i2:122-553    -            144 4693at3041           -            342   5.6e-08   29.9   0.0   1   1   3.1e-09   5.6e-08   29.9   0.0   112   190     5    88     1   132 0.81 -
TRINITY_DN9504_c0_g2_i2:135-986     -            284 4693at3041           -            342   5.9e-08   29.8   0.0   1   1   4.6e-09   8.2e-08   29.3   0.0     5   189     6   206     2   213 0.74 -
TRINITY_DN59062_c0_g1_i1:112-834    -            241 4693at3041           -            342     6e-08   29.8   0.0   1   1   3.9e-09   6.9e-08   29.6   0.0     9   185     3   178     1   210 0.81 -
TRINITY_DN2485_c0_g2_i1:85-408      -            108 4693at3041           -            342   6.1e-08   29.7   0.0   1   1   3.9e-09     7e-08   29.5   0.0   102   185    13   107     5   108 0.74 -
TRINITY_DN13444_c0_g1_i1:0-422      -            141 4693at3041           -            342   6.9e-08   29.6   0.0   1   1     4e-09   7.1e-08   29.5   0.0   122   197    13    99     2   140 0.80 -
TRINITY_DN9504_c0_g2_i1:588-1547    -            320 4693at3041           -            342   7.3e-08   29.5   0.0   1   1   6.6e-09   1.2e-07   28.8   0.0     5   189     6   206     2   213 0.74 -
TRINITY_DN5211_c1_g1_i1:1070-1507   -            146 4693at3041           -            342     8e-08   29.4   0.0   1   1   5.5e-09   9.8e-08   29.1   0.0   122   194     2    84     1    96 0.80 -
TRINITY_DN27266_c0_g1_i1:5-400      -            132 4693at3041           -            342   9.7e-08   29.1   0.0   1   1   6.1e-09   1.1e-07   28.9   0.0    93   191    24   132     4   132 0.74 -
TRINITY_DN1581_c0_g1_i2:48-854      -            269 4693at3041           -            342     1e-07   29.0   0.0   1   1   6.8e-09   1.2e-07   28.8   0.0     7   193    12   206     5   224 0.71 -
TRINITY_DN4200_c0_g1_i1:28-360      -            111 4693at3041           -            342   1.3e-07   28.7   0.0   1   1   8.4e-09   1.5e-07   28.5   0.0    71   166     9   109     5   111 0.82 -
TRINITY_DN1581_c0_g1_i4:121-1035    -            305 4693at3041           -            342   1.4e-07   28.5   0.0   1   1   9.9e-09   1.8e-07   28.2   0.0     7   193    12   206     5   224 0.71 -
TRINITY_DN1581_c0_g1_i7:121-1035    -            305 4693at3041           -            342   1.4e-07   28.5   0.0   1   1   9.9e-09   1.8e-07   28.2   0.0     7   193    12   206     5   224 0.71 -
TRINITY_DN1581_c0_g1_i9:121-1035    -            305 4693at3041           -            342   1.4e-07   28.5   0.0   1   1   9.9e-09   1.8e-07   28.2   0.0     7   193    12   206     5   224 0.71 -
TRINITY_DN679_c0_g2_i1:100-1074     -            325 4693at3041           -            342   1.5e-07   28.5   0.0   1   2       3.6        65    0.1   0.0     9    63     8    62     4    72 0.77 -
TRINITY_DN679_c0_g2_i1:100-1074     -            325 4693at3041           -            342   1.5e-07   28.5   0.0   2   2   6.4e-08   1.1e-06   25.6   0.0    95   204   154   277   139   293 0.69 -
TRINITY_DN22326_c0_g1_i1:96-848     -            251 4693at3041           -            342   2.7e-07   27.6   0.0   1   1   1.7e-08     3e-07   27.5   0.0    98   220   112   234     7   242 0.88 -
TRINITY_DN1581_c0_g1_i8:112-801     -            230 4693at3041           -            342     4e-07   27.0   0.0   1   1   2.9e-08   5.1e-07   26.7   0.0    97   193    27   128     4   147 0.79 -
TRINITY_DN17426_c0_g1_i1:49-540     -            164 4693at3041           -            342     4e-07   27.0   0.0   1   1   3.3e-08   5.8e-07   26.5   0.0   121   195    24   112     4   119 0.71 -
TRINITY_DN6941_c0_g1_i3:5-844       -            280 4693at3041           -            342   4.7e-07   26.8   0.0   1   2    0.0012     0.022   11.5   0.0    26   136    24   128     2   133 0.85 -
TRINITY_DN6941_c0_g1_i3:5-844       -            280 4693at3041           -            342   4.7e-07   26.8   0.0   2   2   0.00031    0.0054   13.5   0.0   140   190   153   211   149   238 0.74 -
TRINITY_DN2332_c0_g1_i4:10-936      -            309 4693at3041           -            342   5.5e-07   26.6   0.0   1   2   3.3e-06   5.9e-05   19.9   0.0    20   147    24   147    13   151 0.77 -
TRINITY_DN2332_c0_g1_i4:10-936      -            309 4693at3041           -            342   5.5e-07   26.6   0.0   2   2      0.14       2.6    4.7   0.0   167   195   218   246   191   288 0.84 -
TRINITY_DN66947_c0_g1_i1:2-460      -            153 4693at3041           -            342   6.5e-07   26.4   0.0   1   1   4.1e-08   7.4e-07   26.2   0.0    14   151     5   145     1   149 0.77 -
TRINITY_DN44607_c0_g1_i1:484-987    -            168 4693at3041           -            342   8.2e-07   26.0   0.0   1   1   5.4e-08   9.6e-07   25.8   0.0    24   146    23   165     7   168 0.73 -
TRINITY_DN14878_c0_g1_i1:14-775     -            254 4693at3041           -            342   8.4e-07   26.0   0.0   1   2   0.00025    0.0044   13.8   0.0   104   149    33    76     3    84 0.70 -
TRINITY_DN14878_c0_g1_i1:14-775     -            254 4693at3041           -            342   8.4e-07   26.0   0.0   2   2    0.0028      0.05   10.3   0.0   154   195   123   164   116   201 0.69 -
TRINITY_DN1411_c0_g1_i2:171-611     -            147 4693at3041           -            342     1e-06   25.8   0.0   1   1   1.2e-07   2.2e-06   24.6   0.0   123   169     1    51     1   108 0.76 -
TRINITY_DN6613_c0_g2_i2:5-592       -            196 4693at3041           -            342   1.3e-06   25.3   0.0   1   1   9.6e-08   1.7e-06   25.0   0.0   110   168   123   184    86   192 0.79 -
TRINITY_DN6613_c0_g2_i1:5-610       -            202 4693at3041           -            342   1.4e-06   25.2   0.0   1   1     1e-07   1.8e-06   24.9   0.0   110   168   129   190    92   198 0.79 -
TRINITY_DN324_c0_g1_i3:236-1301     -            333 4693at3041           -            342   1.9e-06   24.8   0.0   1   1   2.8e-07     5e-06   23.4   0.0     3   194    10   214     8   238 0.68 -
TRINITY_DN7356_c0_g1_i1:176-757     -            194 4693at3041           -            342     2e-06   24.8   0.0   1   2     3e-06   5.3e-05   20.1   0.0   122   195     5    91     1   119 0.71 -
TRINITY_DN7356_c0_g1_i1:176-757     -            194 4693at3041           -            342     2e-06   24.8   0.0   2   2      0.44       7.9    3.1   0.0   200   253   123   181   114   190 0.62 -
TRINITY_DN2485_c0_g1_i1:1560-2075   -            172 4693at3041           -            342   2.5e-06   24.4   0.0   1   1   1.9e-07   3.3e-06   24.0   0.0    10   147    32   170    28   172 0.73 -
TRINITY_DN2485_c0_g1_i3:1560-2075   -            172 4693at3041           -            342   2.5e-06   24.4   0.0   1   1   1.9e-07   3.3e-06   24.0   0.0    10   147    32   170    28   172 0.73 -
TRINITY_DN3053_c0_g1_i4:14-394      -            127 4693at3041           -            342   2.6e-06   24.4   0.0   1   1   3.9e-06   6.9e-05   19.7   0.0   118   195     4   106     2   111 0.70 -
TRINITY_DN2485_c0_g1_i8:244-789     -            182 4693at3041           -            342   2.9e-06   24.2   0.0   1   1   1.1e-06     2e-05   21.5   0.0    35   147    71   180    22   182 0.72 -
TRINITY_DN324_c0_g1_i1:236-1216     -            327 4693at3041           -            342   3.1e-06   24.1   0.0   1   1   5.5e-07   9.8e-06   22.5   0.0     8   194    16   214     8   236 0.63 -
TRINITY_DN324_c0_g1_i5:236-1346     -            327 4693at3041           -            342   3.1e-06   24.1   0.0   1   1   5.5e-07   9.8e-06   22.5   0.0     8   194    16   214     8   236 0.63 -
TRINITY_DN324_c0_g1_i6:236-1234     -            333 4693at3041           -            342   3.3e-06   24.0   0.0   1   1   5.8e-07     1e-05   22.4   0.0     8   194    16   214     8   236 0.63 -
TRINITY_DN14565_c0_g1_i4:1029-1697  -            223 4693at3041           -            342   3.5e-06   23.9   0.0   1   1   1.3e-06   2.3e-05   21.3   0.0    69   192    19   160     8   167 0.67 -
TRINITY_DN1826_c0_g1_i1:2-956       -            296 4693at3041           -            342   3.8e-06   23.8   0.0   1   1     5e-07     9e-06   22.6   0.0    84   194    72   198    64   220 0.71 -
TRINITY_DN1826_c0_g1_i2:2-889       -            296 4693at3041           -            342   3.8e-06   23.8   0.0   1   1     5e-07     9e-06   22.6   0.0    84   194    72   198    64   220 0.71 -
TRINITY_DN43957_c0_g1_i1:27-743     -            239 4693at3041           -            342   4.1e-06   23.7   0.0   1   1   3.1e-07   5.5e-06   23.3   0.0     5   135     4   131     2   153 0.76 -
TRINITY_DN5096_c0_g1_i2:8-361       -            118 4693at3041           -            342   4.4e-06   23.6   0.0   1   1   2.5e-07   4.5e-06   23.6   0.0    59   166     3   116     1   118 0.77 -
TRINITY_DN2332_c0_g1_i6:10-1104     -            306 4693at3041           -            342   5.7e-06   23.3   0.0   1   2   3.8e-05   0.00068   16.4   0.0    20   147    24   144    13   148 0.76 -
TRINITY_DN2332_c0_g1_i6:10-1104     -            306 4693at3041           -            342   5.7e-06   23.3   0.0   2   2      0.14       2.5    4.7   0.0   167   195   215   243   188   285 0.84 -
TRINITY_DN7370_c0_g1_i3:286-810     -            175 4693at3041           -            342   5.9e-06   23.2   0.0   1   1   4.5e-07   8.1e-06   22.8   0.0    24   140    31   160    25   174 0.78 -
TRINITY_DN58966_c0_g1_i1:1-456      -            152 4693at3041           -            342   6.5e-06   23.1   0.0   1   1   4.7e-07   8.3e-06   22.7   0.0     7   146     4   146     2   151 0.70 -
TRINITY_DN600_c0_g2_i3:193-519      -            109 4693at3041           -            342   6.6e-06   23.1   0.0   1   2     0.021      0.37    7.4   0.0   108   136     1    27     1    41 0.91 -
TRINITY_DN600_c0_g2_i3:193-519      -            109 4693at3041           -            342   6.6e-06   23.1   0.0   2   2   0.00021    0.0037   14.0   0.0   139   191    54   109    51   109 0.85 -
TRINITY_DN18373_c0_g1_i1:230-763    -            178 4693at3041           -            342   7.3e-06   22.9   0.0   1   1   5.2e-07   9.3e-06   22.6   0.0   103   201    29   142     8   151 0.74 -
TRINITY_DN14565_c0_g1_i2:1029-1874  -            282 4693at3041           -            342   7.4e-06   22.9   0.0   1   1   2.4e-06   4.4e-05   20.4   0.0    69   192    78   219    67   225 0.67 -
TRINITY_DN2314_c0_g1_i1:135-374     -             80 4693at3041           -            342   7.7e-06   22.8   0.0   1   1   4.3e-07   7.7e-06   22.8   0.0    64   141     4    78     1    80 0.80 -
TRINITY_DN16046_c0_g1_i1:14-418     -            135 4693at3041           -            342     8e-06   22.8   0.0   1   1   5.6e-07     1e-05   22.5   0.0    76   192     2   135     1   135 0.74 -
TRINITY_DN14565_c0_g2_i1:486-1211   -            242 4693at3041           -            342   1.2e-05   22.2   0.0   1   1     2e-06   3.5e-05   20.7   0.0    84   194    55   184    39   187 0.75 -
TRINITY_DN4661_c0_g4_i2:585-1013    -            143 4693at3041           -            342   1.3e-05   22.1   0.0   1   1   7.5e-07   1.3e-05   22.0   0.0    11   142     4   141     1   143 0.71 -
TRINITY_DN29711_c0_g1_i1:98-766     -            223 4693at3041           -            342   1.3e-05   22.1   0.0   1   1   9.5e-07   1.7e-05   21.7   0.0    50   202     3   175     1   183 0.67 -
TRINITY_DN4737_c0_g1_i2:0-380       -            127 4693at3041           -            342   1.3e-05   22.1   0.0   1   1   8.1e-07   1.4e-05   21.9   0.0     3   127     2   127     1   127 0.81 -
TRINITY_DN50205_c0_g1_i1:3-611      -            203 4693at3041           -            342   1.4e-05   22.0   0.0   1   1   1.1e-06     2e-05   21.4   0.0   123   194     1    79     1    85 0.79 -
TRINITY_DN28673_c0_g4_i1:23-559     -            179 4693at3041           -            342   1.5e-05   21.9   0.0   1   1   1.1e-06   1.9e-05   21.5   0.0    41   155    58   169    36   173 0.75 -
TRINITY_DN28673_c0_g4_i2:114-473    -            120 4693at3041           -            342   1.9e-05   21.5   0.0   1   1   1.2e-06   2.2e-05   21.3   0.0    49   155     3   106     1   115 0.67 -
TRINITY_DN26126_c0_g1_i1:171-749    -            193 4693at3041           -            342   2.1e-05   21.4   0.0   1   1   1.4e-06   2.5e-05   21.2   0.0   102   193    62   157    33   168 0.75 -
TRINITY_DN21896_c0_g2_i1:104-454    -            117 4693at3041           -            342   2.3e-05   21.3   0.0   1   1   2.4e-06   4.3e-05   20.4   0.0   100   170     4    79     1   117 0.69 -
TRINITY_DN15581_c0_g1_i2:30-566     -            179 4693at3041           -            342   2.4e-05   21.2   0.0   1   1   2.2e-06   3.8e-05   20.5   0.0    97   194    60   178    34   179 0.67 -
TRINITY_DN50578_c0_g1_i1:94-513     -            140 4693at3041           -            342   2.5e-05   21.1   0.0   1   1   1.5e-06   2.7e-05   21.1   0.0     8   134     9   139     1   140 0.70 -
TRINITY_DN2519_c0_g1_i1:12-932      -            307 4693at3041           -            342   2.7e-05   21.0   0.0   1   2     0.091       1.6    5.3   0.0     6    68     6    67     2    73 0.77 -
TRINITY_DN2519_c0_g1_i1:12-932      -            307 4693at3041           -            342   2.7e-05   21.0   0.0   2   2   0.00027    0.0049   13.6   0.0   102   195   139   248    92   260 0.69 -
TRINITY_DN2519_c0_g1_i3:12-932      -            307 4693at3041           -            342   2.7e-05   21.0   0.0   1   2     0.091       1.6    5.3   0.0     6    68     6    67     2    73 0.77 -
TRINITY_DN2519_c0_g1_i3:12-932      -            307 4693at3041           -            342   2.7e-05   21.0   0.0   2   2   0.00027    0.0049   13.6   0.0   102   195   139   248    92   260 0.69 -
TRINITY_DN5667_c0_g1_i1:1-636       -            212 4693at3041           -            342   2.7e-05   21.0   0.1   1   1   1.6e-05   0.00029   17.6   0.1    97   148    95   146     6   198 0.74 -
TRINITY_DN465_c0_g1_i3:19-765       -            249 4693at3041           -            342   3.2e-05   20.8   0.0   1   1   4.4e-06   7.9e-05   19.5   0.0    98   148    50   100     1   103 0.75 -
TRINITY_DN4238_c0_g1_i3:78-821      -            248 4693at3041           -            342   3.4e-05   20.7   0.0   1   2     0.025      0.44    7.2   0.0     8    61     6    58     2    66 0.87 -
TRINITY_DN4238_c0_g1_i3:78-821      -            248 4693at3041           -            342   3.4e-05   20.7   0.0   2   2    0.0011     0.019   11.7   0.0   104   185   153   246   115   247 0.73 -
TRINITY_DN4238_c0_g1_i5:50-793      -            248 4693at3041           -            342   4.1e-05   20.5   0.0   1   2     0.025      0.44    7.2   0.0     8    61     6    58     2    66 0.87 -
TRINITY_DN4238_c0_g1_i5:50-793      -            248 4693at3041           -            342   4.1e-05   20.5   0.0   2   2    0.0013     0.023   11.4   0.0   104   185   153   246   115   247 0.73 -
TRINITY_DN465_c0_g1_i2:34-894       -            287 4693at3041           -            342   4.7e-05   20.2   0.0   1   1   6.2e-06   0.00011   19.0   0.0    98   148    93   143     4   146 0.77 -
TRINITY_DN11681_c0_g1_i3:167-634    -            156 4693at3041           -            342   4.9e-05   20.2   0.0   1   1   4.9e-06   8.8e-05   19.4   0.0   118   192     9    88     3    98 0.79 -
TRINITY_DN3793_c0_g2_i1:10-384      -            125 4693at3041           -            342     5e-05   20.2   0.0   1   1   3.3e-06   5.9e-05   19.9   0.0   142   215     3    84     1    90 0.72 -
TRINITY_DN28673_c1_g1_i1:2-697      -            232 4693at3041           -            342   8.5e-05   19.4   0.0   1   2   3.8e-05   0.00068   16.4   0.0   102   150    97   145    85   150 0.81 -
TRINITY_DN28673_c1_g1_i1:2-697      -            232 4693at3041           -            342   8.5e-05   19.4   0.0   2   2       2.2        39    0.8   0.0   163   192   187   216   184   232 0.70 -
TRINITY_DN27011_c0_g1_i1:205-756    -            184 4693at3041           -            342   9.4e-05   19.3   0.0   1   2       2.3        41    0.7   0.0   122   139    15    32     9    53 0.81 -
TRINITY_DN27011_c0_g1_i1:205-756    -            184 4693at3041           -            342   9.4e-05   19.3   0.0   2   2   4.3e-05   0.00076   16.3   0.0   158   203    89   135    83   146 0.88 -
TRINITY_DN14615_c1_g2_i4:375-1343   -            323 4693at3041           -            342   9.9e-05   19.2   0.0   1   2       2.5        44    0.6   0.0     6    63    12    72     9    79 0.76 -
TRINITY_DN14615_c1_g2_i4:375-1343   -            323 4693at3041           -            342   9.9e-05   19.2   0.0   2   2   4.6e-05   0.00081   16.2   0.0   120   194   172   260   144   274 0.73 -
TRINITY_DN15581_c0_g1_i1:260-931    -            224 4693at3041           -            342    0.0001   19.2   0.0   1   1   9.6e-06   0.00017   18.4   0.0    98   193    61   177    34   181 0.67 -
TRINITY_DN6450_c0_g2_i1:1-459       -            153 4693at3041           -            342   0.00013   18.8   0.0   1   1   8.5e-06   0.00015   18.6   0.0   114   195     2    96     1   114 0.72 -
TRINITY_DN2485_c1_g2_i1:377-862     -            162 4693at3041           -            342   0.00013   18.8   0.0   1   1   9.6e-06   0.00017   18.4   0.0   123   194     1    88     1    95 0.70 -
TRINITY_DN2485_c3_g1_i3:5-409       -            135 4693at3041           -            342   0.00013   18.8   0.0   1   1   2.1e-05   0.00038   17.3   0.0   102   175    25    99    15   133 0.80 -
TRINITY_DN3793_c0_g1_i1:6-569       -            188 4693at3041           -            342   0.00024   17.9   0.0   1   1     2e-05   0.00035   17.4   0.0   121   194     5    91     1   118 0.75 -
TRINITY_DN28673_c1_g1_i2:2-355      -            118 4693at3041           -            342   0.00025   17.9   0.0   1   2   0.00027    0.0048   13.6   0.0   123   150     2    31     1    36 0.85 -
TRINITY_DN28673_c1_g1_i2:2-355      -            118 4693at3041           -            342   0.00025   17.9   0.0   2   2      0.68        12    2.5   0.0   163   206    73   115    70   118 0.71 -
TRINITY_DN3053_c0_g1_i2:5-544       -            180 4693at3041           -            342   0.00036   17.4   0.0   1   1   0.00024    0.0043   13.8   0.0   139   195    92   156    36   159 0.72 -
TRINITY_DN5202_c0_g1_i1:103-420     -            106 4693at3041           -            342   0.00041   17.1   0.0   1   1   2.5e-05   0.00045   17.0   0.0     8    83    10    86     3   104 0.80 -
TRINITY_DN2485_c0_g1_i7:14-376      -            121 4693at3041           -            342   0.00045   17.0   0.0   1   1   3.3e-05   0.00059   16.6   0.0   115   147    86   119    72   121 0.82 -
TRINITY_DN911_c1_g3_i1:63-539       -            159 4693at3041           -            342   0.00062   16.6   0.0   1   1   4.3e-05   0.00077   16.3   0.0   121   194    25   110     4   131 0.74 -
TRINITY_DN14997_c0_g1_i2:101-646    -            182 4693at3041           -            342   0.00066   16.5   0.0   1   2       6.5   1.2e+02   -0.8   0.0    45   274    53    72    12    84 0.64 -
TRINITY_DN14997_c0_g1_i2:101-646    -            182 4693at3041           -            342   0.00066   16.5   0.0   2   2   0.00013    0.0023   14.7   0.0    89   140   107   159    98   169 0.82 -
TRINITY_DN27921_c0_g3_i1:230-541    -            104 4693at3041           -            342   0.00091   16.0   0.0   1   1   6.1e-05    0.0011   15.8   0.0    95   145    50    99    35   103 0.86 -
TRINITY_DN4817_c0_g1_i1:341-661     -            107 4693at3041           -            342     0.001   15.9   0.1   1   1   6.4e-05    0.0011   15.7   0.1   155   196    21    63     3    73 0.84 -
TRINITY_DN27862_c0_g2_i2:0-383      -            128 4693at3041           -            342    0.0015   15.3   0.0   1   1   0.00015    0.0027   14.5   0.0   108   170    40   121    32   126 0.68 -
TRINITY_DN27862_c0_g2_i1:13-420     -            136 4693at3041           -            342    0.0018   15.0   0.0   1   1   0.00018    0.0032   14.2   0.0   108   170    48   129    40   134 0.68 -
TRINITY_DN911_c1_g3_i2:139-783      -            215 4693at3041           -            342    0.0021   14.8   0.0   1   1   0.00014    0.0025   14.6   0.0   122   194    78   162    32   183 0.76 -
TRINITY_DN6723_c0_g1_i1:1-642       -            214 4693at3041           -            342    0.0021   14.8   0.0   1   1   0.00015    0.0027   14.5   0.0   101   136   180   212   117   214 0.75 -
TRINITY_DN679_c1_g1_i3:231-785      -            185 4693at3041           -            342    0.0048   13.7   0.1   1   1   0.00083     0.015   12.0   0.1   120   195    85   180    64   182 0.63 -
TRINITY_DN21426_c0_g1_i2:4-282      -             93 4693at3041           -            342    0.0055   13.5   0.0   1   1   0.00032    0.0058   13.4   0.0   148   210    17    80     1    89 0.73 -
TRINITY_DN3076_c0_g1_i1:69-398      -            110 4693at3041           -            342    0.0058   13.4   0.0   1   1   0.00032    0.0058   13.4   0.0    77   145     3    76     1   110 0.71 -
TRINITY_DN7370_c0_g1_i1:76-420      -            115 4693at3041           -            342    0.0074   13.0   0.0   1   1   0.00041    0.0074   13.0   0.0    87   140    48   103     8   115 0.69 -
TRINITY_DN679_c1_g1_i1:446-1120     -            225 4693at3041           -            342    0.0076   13.0   0.1   1   1    0.0014     0.024   11.3   0.1   120   195   126   221   105   223 0.63 -
TRINITY_DN2827_c0_g1_i1:6-683       -            226 4693at3041           -            342    0.0084   12.8   0.0   1   1    0.0011      0.02   11.6   0.0   162   220     5    64     1    92 0.81 -
TRINITY_DN4405_c0_g1_i3:4-702       -            233 4693at3041           -            342      0.01   12.6   0.0   1   1   0.00069     0.012   12.3   0.0   100   136   133   168    25   173 0.69 -
TRINITY_DN36586_c0_g1_i1:0-398      -            133 4693at3041           -            342     0.019   11.7   0.0   1   2       5.7     1e+02   -0.6   0.0     8    31     4    28     2    30 0.85 -
TRINITY_DN36586_c0_g1_i1:0-398      -            133 4693at3041           -            342     0.019   11.7   0.0   2   2    0.0043     0.077    9.7   0.0    44    69    59    84    53   110 0.79 -
TRINITY_DN12096_c0_g1_i11:344-538   -             65 4693at3041           -            342      0.02   11.6   0.0   1   1    0.0011      0.02   11.6   0.0   163   196     1    37     1    60 0.77 -
TRINITY_DN12096_c0_g1_i3:56-250     -             65 4693at3041           -            342      0.02   11.6   0.0   1   1    0.0011      0.02   11.6   0.0   163   196     1    37     1    60 0.77 -
TRINITY_DN911_c0_g1_i1:78-428       -            117 4693at3041           -            342     0.023   11.4   0.0   1   1     0.018      0.32    7.7   0.0   139   191    44    98     2   108 0.58 -
TRINITY_DN911_c0_g1_i2:76-429       -            118 4693at3041           -            342     0.025   11.3   0.0   1   1     0.019      0.33    7.6   0.0   124   191    16   103     5   111 0.60 -
TRINITY_DN47591_c0_g1_i1:4-534      -            177 4693at3041           -            342     0.028   11.1   0.0   1   1     0.002     0.036   10.8   0.0   122   155    15    50     4    74 0.81 -
TRINITY_DN30539_c0_g1_i3:47-559     -            171 4693at3041           -            342     0.034   10.8   0.0   1   1    0.0024     0.043   10.5   0.0   155   210     7    65     2    72 0.75 -
TRINITY_DN16635_c0_g2_i10:2397-2882 -            162 4693at3041           -            342      0.04   10.6   0.1   1   1    0.0028      0.05   10.3   0.1   154   194    63   104     1   115 0.74 -
TRINITY_DN16635_c0_g2_i6:417-902    -            162 4693at3041           -            342      0.04   10.6   0.1   1   1    0.0028      0.05   10.3   0.1   154   194    63   104     1   115 0.74 -
TRINITY_DN16635_c0_g2_i9:2116-2601  -            162 4693at3041           -            342      0.04   10.6   0.1   1   1    0.0028      0.05   10.3   0.1   154   194    63   104     1   115 0.74 -
TRINITY_DN2314_c0_g2_i2:1-441       -            147 4693at3041           -            342     0.041   10.6   0.0   1   1    0.0027     0.048   10.4   0.0   154   236    23   107    14   124 0.74 -
TRINITY_DN1696_c1_g1_i2:1064-1351   -             96 4693at3041           -            342     0.054   10.2   0.0   1   1    0.0031     0.055   10.2   0.0   169   195     9    35     1    59 0.78 -
#
# Program:         hmmsearch
# Version:         3.2.1 (June 2018)
# Pipeline mode:   SEARCH
# Query file:      /sw/bioinfo/BUSCO/v5_lineage_sets/lineages/chlorophyta_odb10/hmms/4693at3041.hmm
# Target file:     /crex/proj/snic2022-23-81/expression_algae/code/busco/trinity_VA-3180-Osg10Pal/run_chlorophyta_odb10/metaeuk_output/initial_results/trinity_VA-3180-Osg10Pal.Trinity.fasta.modified.fas
# Option settings: hmmsearch --domtblout /crex/proj/snic2022-23-81/expression_algae/code/busco/trinity_VA-3180-Osg10Pal/run_chlorophyta_odb10/hmmer_output/initial_run_results/4693at3041.out --cpu 1 /sw/bioinfo/BUSCO/v5_lineage_sets/lineages/chlorophyta_odb10/hmms/4693at3041.hmm /crex/proj/snic2022-23-81/expression_algae/code/busco/trinity_VA-3180-Osg10Pal/run_chlorophyta_odb10/metaeuk_output/initial_results/trinity_VA-3180-Osg10Pal.Trinity.fasta.modified.fas 
# Current dir:     /crex/proj/snic2022-23-81/expression_algae/code/busco
# Date:            Fri Sep 23 10:12:27 2022
# [ok]
