#                                                                                        --- full sequence --- -------------- this domain -------------   hmm coord   ali coord   env coord
# target name                    accession   tlen query name           accession   qlen   E-value  score  bias   #  of  c-Evalue  i-Evalue  score  bias  from    to  from    to  from    to  acc description of target
#            ------------------- ---------- ----- -------------------- ---------- ----- --------- ------ ----- --- --- --------- --------- ------ ----- ----- ----- ----- ----- ----- ----- ---- ---------------------
TRINITY_DN156_c0_g1_i1:1176-2048 -            291 5278at3041           -            223   7.9e-94  311.2   5.9   1   2   1.7e-65   1.2e-62  209.2   2.4     1   143    13   174    13   178 0.90 -
TRINITY_DN156_c0_g1_i1:1176-2048 -            291 5278at3041           -            223   7.9e-94  311.2   5.9   2   2   3.5e-33   2.5e-30  103.5   0.1   134   223   196   290   189   290 0.93 -
TRINITY_DN156_c0_g1_i2:1176-2130 -            291 5278at3041           -            223   7.9e-94  311.2   5.9   1   2   1.7e-65   1.2e-62  209.2   2.4     1   143    13   174    13   178 0.90 -
TRINITY_DN156_c0_g1_i2:1176-2130 -            291 5278at3041           -            223   7.9e-94  311.2   5.9   2   2   3.5e-33   2.5e-30  103.5   0.1   134   223   196   290   189   290 0.93 -
TRINITY_DN21548_c0_g1_i3:126-710 -            195 5278at3041           -            223   5.2e-06   24.0   0.0   1   1   1.1e-08   8.1e-06   23.4   0.0    26    86    39   102    32   110 0.88 -
TRINITY_DN21548_c0_g1_i2:11-898  -            296 5278at3041           -            223   9.3e-06   23.2   0.0   1   1   2.5e-08   1.8e-05   22.2   0.0    26    86    39   102    32   109 0.88 -
TRINITY_DN1664_c0_g1_i2:77-1054  -            326 5278at3041           -            223   6.1e-05   20.5   0.0   1   2   2.1e-07   0.00015   19.2   0.0    24   136    31   156    10   207 0.75 -
TRINITY_DN1664_c0_g1_i2:77-1054  -            326 5278at3041           -            223   6.1e-05   20.5   0.0   2   2      0.32   2.4e+02   -1.0   0.0   172   174   220   222   144   265 0.57 -
TRINITY_DN1664_c0_g1_i1:144-562  -            102 5278at3041           -            223    0.0056   14.1   0.0   1   1   8.9e-06    0.0064   13.9   0.0     5    82    24   102    20   102 0.75 -
#
# Program:         hmmsearch
# Version:         3.2.1 (June 2018)
# Pipeline mode:   SEARCH
# Query file:      /sw/bioinfo/BUSCO/v5_lineage_sets/lineages/chlorophyta_odb10/hmms/5278at3041.hmm
# Target file:     /crex/proj/snic2022-23-81/expression_algae/code/busco/trinity_VA-3180-Osg10Pal/run_chlorophyta_odb10/metaeuk_output/initial_results/trinity_VA-3180-Osg10Pal.Trinity.fasta.modified.fas
# Option settings: hmmsearch --domtblout /crex/proj/snic2022-23-81/expression_algae/code/busco/trinity_VA-3180-Osg10Pal/run_chlorophyta_odb10/hmmer_output/initial_run_results/5278at3041.out --cpu 1 /sw/bioinfo/BUSCO/v5_lineage_sets/lineages/chlorophyta_odb10/hmms/5278at3041.hmm /crex/proj/snic2022-23-81/expression_algae/code/busco/trinity_VA-3180-Osg10Pal/run_chlorophyta_odb10/metaeuk_output/initial_results/trinity_VA-3180-Osg10Pal.Trinity.fasta.modified.fas 
# Current dir:     /crex/proj/snic2022-23-81/expression_algae/code/busco
# Date:            Fri Sep 23 10:12:27 2022
# [ok]
