#                                                                                         --- full sequence --- -------------- this domain -------------   hmm coord   ali coord   env coord
# target name                     accession   tlen query name           accession   qlen   E-value  score  bias   #  of  c-Evalue  i-Evalue  score  bias  from    to  from    to  from    to  acc description of target
#             ------------------- ---------- ----- -------------------- ---------- ----- --------- ------ ----- --- --- --------- --------- ------ ----- ----- ----- ----- ----- ----- ----- ---- ---------------------
TRINITY_DN51044_c0_g1_i2:203-1009 -            269 5429at3041           -            207    4e-116  383.9   2.3   1   1  1.8e-118  5.2e-116  383.5   2.3    11   207    29   231    19   231 0.97 -
TRINITY_DN25285_c0_g1_i1:13-645   -            211 5429at3041           -            207   5.9e-27   92.7   1.1   1   1   2.6e-29   7.4e-27   92.3   1.1    13   194    14   200     8   207 0.94 -
TRINITY_DN14870_c0_g1_i1:6-836    -            277 5429at3041           -            207     3e-22   77.3   0.8   1   1   1.3e-24   3.7e-22   77.0   0.8     5   198    56   254    50   261 0.90 -
TRINITY_DN29715_c0_g1_i1:99-803   -            235 5429at3041           -            207   1.8e-11   42.1   0.0   1   1   8.5e-14   2.5e-11   41.6   0.0    12   191    30   216    21   230 0.78 -
TRINITY_DN51967_c0_g1_i1:151-843  -            231 5429at3041           -            207   2.7e-11   41.5   0.1   1   1   3.1e-13   8.9e-11   39.8   0.1    10   187    30   221    20   229 0.80 -
TRINITY_DN66036_c0_g1_i2:2-661    -            220 5429at3041           -            207   2.4e-08   31.9   0.0   1   1   1.1e-10   3.1e-08   31.5   0.0    13   159    67   218    60   220 0.78 -
TRINITY_DN8471_c0_g1_i2:2-759     -            220 5429at3041           -            207   1.2e-07   29.6   0.0   1   1   4.8e-10   1.4e-07   29.4   0.0    14   165    32   192    20   220 0.75 -
TRINITY_DN8471_c0_g1_i1:2-661     -            220 5429at3041           -            207   1.5e-07   29.3   0.0   1   1   6.1e-10   1.8e-07   29.0   0.0    14   165    32   192    20   220 0.75 -
TRINITY_DN3105_c0_g1_i1:74-640    -            189 5429at3041           -            207   1.9e-05   22.4   0.1   1   1   1.5e-07   4.3e-05   21.3   0.1   106   157   123   174    16   189 0.65 -
TRINITY_DN3105_c0_g1_i2:104-682   -            193 5429at3041           -            207     2e-05   22.3   0.1   1   1   1.5e-07   4.5e-05   21.2   0.1   106   157   127   178    20   193 0.65 -
TRINITY_DN57543_c0_g1_i1:2-706    -            235 5429at3041           -            207   2.2e-05   22.2   0.1   1   1   1.1e-07   3.1e-05   21.7   0.1    11   191    28   213    18   227 0.75 -
TRINITY_DN2110_c0_g1_i2:99-647    -            183 5429at3041           -            207   0.00025   18.7   0.1   1   1   2.9e-06   0.00084   17.0   0.1    14   159    27   177    14   183 0.73 -
TRINITY_DN2110_c0_g1_i1:137-706   -            190 5429at3041           -            207   0.00028   18.6   0.1   1   1   3.3e-06   0.00096   16.8   0.1    14   159    34   184    21   190 0.73 -
TRINITY_DN50794_c0_g1_i2:239-817  -            193 5429at3041           -            207   0.00078   17.1   0.0   1   1   3.2e-06   0.00092   16.9   0.0    19   167     6   158     3   192 0.78 -
TRINITY_DN2211_c0_g1_i3:88-783    -            232 5429at3041           -            207    0.0027   15.4   0.3   1   2   3.9e-05     0.011   13.4   0.1    13   144    36   170    31   185 0.74 -
TRINITY_DN2211_c0_g1_i3:88-783    -            232 5429at3041           -            207    0.0027   15.4   0.3   2   2      0.54   1.6e+02   -0.2   0.0   160   190   202   232   200   232 0.92 -
#
# Program:         hmmsearch
# Version:         3.2.1 (June 2018)
# Pipeline mode:   SEARCH
# Query file:      /sw/bioinfo/BUSCO/v5_lineage_sets/lineages/chlorophyta_odb10/hmms/5429at3041.hmm
# Target file:     /crex/proj/snic2022-23-81/expression_algae/code/busco/trinity_VA-3180-Osg10Pal/run_chlorophyta_odb10/metaeuk_output/initial_results/trinity_VA-3180-Osg10Pal.Trinity.fasta.modified.fas
# Option settings: hmmsearch --domtblout /crex/proj/snic2022-23-81/expression_algae/code/busco/trinity_VA-3180-Osg10Pal/run_chlorophyta_odb10/hmmer_output/initial_run_results/5429at3041.out --cpu 1 /sw/bioinfo/BUSCO/v5_lineage_sets/lineages/chlorophyta_odb10/hmms/5429at3041.hmm /crex/proj/snic2022-23-81/expression_algae/code/busco/trinity_VA-3180-Osg10Pal/run_chlorophyta_odb10/metaeuk_output/initial_results/trinity_VA-3180-Osg10Pal.Trinity.fasta.modified.fas 
# Current dir:     /crex/proj/snic2022-23-81/expression_algae/code/busco
# Date:            Fri Sep 23 10:12:28 2022
# [ok]
