#                                                                                        --- full sequence --- -------------- this domain -------------   hmm coord   ali coord   env coord
# target name                    accession   tlen query name           accession   qlen   E-value  score  bias   #  of  c-Evalue  i-Evalue  score  bias  from    to  from    to  from    to  acc description of target
#            ------------------- ---------- ----- -------------------- ---------- ----- --------- ------ ----- --- --- --------- --------- ------ ----- ----- ----- ----- ----- ----- ----- ---- ---------------------
TRINITY_DN656_c0_g1_i2:518-2473  -            652 550at3041            -            484  5.5e-266  880.5   3.5   1   2  4.3e-168  1.5e-165  549.3   0.3     1   300    65   398    65   404 0.93 -
TRINITY_DN656_c0_g1_i2:518-2473  -            652 550at3041            -            484  5.5e-266  880.5   3.5   2   2  2.3e-101   7.8e-99  329.3   0.3   296   484   430   648   426   648 0.90 -
TRINITY_DN656_c0_g1_i5:1-1059    -            353 550at3041            -            484  3.7e-133  442.5   2.2   1   2   1.9e-75   6.5e-73  243.8   0.3   136   300     1   197     1   203 0.88 -
TRINITY_DN656_c0_g1_i5:1-1059    -            353 550at3041            -            484  3.7e-133  442.5   2.2   2   2   3.9e-61   1.3e-58  196.6   0.1   296   405   229   353   223   353 0.91 -
TRINITY_DN347_c0_g1_i1:1626-3317 -            564 550at3041            -            484    2e-130  433.4   4.6   1   2   2.7e-91   9.1e-89  296.1   1.1     3   294     4   330     2   346 0.84 -
TRINITY_DN347_c0_g1_i1:1626-3317 -            564 550at3041            -            484    2e-130  433.4   4.6   2   2   1.7e-43   5.8e-41  138.4   0.1   297   478   371   563   363   564 0.87 -
TRINITY_DN347_c0_g1_i3:1584-3275 -            564 550at3041            -            484    2e-130  433.4   4.6   1   2   2.7e-91   9.1e-89  296.1   1.1     3   294     4   330     2   346 0.84 -
TRINITY_DN347_c0_g1_i3:1584-3275 -            564 550at3041            -            484    2e-130  433.4   4.6   2   2   1.7e-43   5.8e-41  138.4   0.1   297   478   371   563   363   564 0.87 -
TRINITY_DN347_c0_g1_i5:1634-3325 -            564 550at3041            -            484    2e-130  433.4   4.6   1   2   2.7e-91   9.1e-89  296.1   1.1     3   294     4   330     2   346 0.84 -
TRINITY_DN347_c0_g1_i5:1634-3325 -            564 550at3041            -            484    2e-130  433.4   4.6   2   2   1.7e-43   5.8e-41  138.4   0.1   297   478   371   563   363   564 0.87 -
TRINITY_DN3318_c0_g2_i2:0-1151   -            384 550at3041            -            484   2.8e-85  284.6   0.8   1   1   2.1e-87   7.1e-85  283.2   0.8     5   300     1   329     1   343 0.85 -
TRINITY_DN3318_c0_g1_i1:2-529    -            176 550at3041            -            484   8.3e-41  137.9   0.3   1   1   2.7e-43   9.2e-41  137.7   0.3   311   477     1   175     1   176 0.89 -
TRINITY_DN11954_c0_g1_i1:6-347   -            114 550at3041            -            484   1.2e-36  124.2   0.1   1   1   4.1e-39   1.4e-36  124.0   0.1   306   405     8   113     2   114 0.95 -
TRINITY_DN11954_c0_g1_i2:6-344   -            113 550at3041            -            484   1.2e-36  124.1   0.1   1   1   4.2e-39   1.4e-36  123.9   0.1   306   405     7   112     2   113 0.95 -
TRINITY_DN66171_c0_g1_i1:128-352 -             75 550at3041            -            484   1.2e-31  107.7   0.6   1   1   3.8e-34   1.3e-31  107.6   0.6    54   128     1    75     1    75 0.99 -
TRINITY_DN23974_c0_g1_i1:12-233  -             74 550at3041            -            484   2.6e-29  100.0   0.8   1   1   8.5e-32   2.8e-29   99.8   0.8    55   128     1    74     1    74 0.98 -
TRINITY_DN24070_c0_g1_i1:429-674 -             82 550at3041            -            484   7.3e-17   58.9   0.2   1   1   2.2e-19   7.3e-17   58.9   0.2    51   109     2    60     1    82 0.82 -
TRINITY_DN1403_c0_g2_i1:186-395  -             70 550at3041            -            484   8.9e-17   58.6   0.0   1   1   2.7e-19   8.9e-17   58.6   0.0    53   117     1    65     1    70 0.92 -
#
# Program:         hmmsearch
# Version:         3.2.1 (June 2018)
# Pipeline mode:   SEARCH
# Query file:      /sw/bioinfo/BUSCO/v5_lineage_sets/lineages/chlorophyta_odb10/hmms/550at3041.hmm
# Target file:     /crex/proj/snic2022-23-81/expression_algae/code/busco/trinity_VA-3180-Osg10Pal/run_chlorophyta_odb10/metaeuk_output/initial_results/trinity_VA-3180-Osg10Pal.Trinity.fasta.modified.fas
# Option settings: hmmsearch --domtblout /crex/proj/snic2022-23-81/expression_algae/code/busco/trinity_VA-3180-Osg10Pal/run_chlorophyta_odb10/hmmer_output/initial_run_results/550at3041.out --cpu 1 /sw/bioinfo/BUSCO/v5_lineage_sets/lineages/chlorophyta_odb10/hmms/550at3041.hmm /crex/proj/snic2022-23-81/expression_algae/code/busco/trinity_VA-3180-Osg10Pal/run_chlorophyta_odb10/metaeuk_output/initial_results/trinity_VA-3180-Osg10Pal.Trinity.fasta.modified.fas 
# Current dir:     /crex/proj/snic2022-23-81/expression_algae/code/busco
# Date:            Fri Sep 23 10:12:29 2022
# [ok]
