#                                                                                         --- full sequence --- -------------- this domain -------------   hmm coord   ali coord   env coord
# target name                     accession   tlen query name           accession   qlen   E-value  score  bias   #  of  c-Evalue  i-Evalue  score  bias  from    to  from    to  from    to  acc description of target
#             ------------------- ---------- ----- -------------------- ---------- ----- --------- ------ ----- --- --- --------- --------- ------ ----- ----- ----- ----- ----- ----- ----- ---- ---------------------
TRINITY_DN5001_c1_g1_i1:6-368     -            121 6448at3041           -            241   5.6e-53  177.7   0.0   1   2   4.4e-12   3.5e-10   37.6   0.0    73   105    16    51     9    53 0.85 -
TRINITY_DN5001_c1_g1_i1:6-368     -            121 6448at3041           -            241   5.6e-53  177.7   0.0   2   2   1.2e-44   9.8e-43  144.2   0.0   154   241    26   113    19   113 0.97 -
TRINITY_DN7797_c0_g1_i1:203-526   -            108 6448at3041           -            241   7.4e-31  105.3   0.0   1   1   1.1e-32   8.6e-31  105.1   0.0   154   239    17   102     7   104 0.77 -
TRINITY_DN1481_c0_g1_i2:1501-1800 -            100 6448at3041           -            241     1e-30  104.8   0.0   1   1   1.5e-32   1.2e-30  104.6   0.0    80   158    13    98     4   100 0.83 -
TRINITY_DN1481_c0_g1_i3:1501-1800 -            100 6448at3041           -            241   1.4e-30  104.4   0.0   1   1     2e-32   1.6e-30  104.2   0.0    80   158    13    98     4   100 0.80 -
TRINITY_DN3657_c0_g1_i1:46-462    -            139 6448at3041           -            241   2.6e-27   93.7   0.0   1   1   3.9e-29   3.1e-27   93.4   0.0    81   155    59   139    40   139 0.74 -
TRINITY_DN6483_c0_g1_i1:939-1241  -            101 6448at3041           -            241   4.2e-27   93.0   0.0   1   1   5.8e-29   4.6e-27   92.9   0.0    81   156    16    97     3   101 0.82 -
TRINITY_DN2457_c0_g1_i1:666-962   -             99 6448at3041           -            241   5.6e-26   89.3   0.0   1   1   7.8e-28   6.2e-26   89.2   0.0    80   156    13    95     3    99 0.84 -
TRINITY_DN2457_c0_g1_i4:666-962   -             99 6448at3041           -            241   5.6e-26   89.3   0.0   1   1   7.8e-28   6.2e-26   89.2   0.0    80   156    13    95     3    99 0.84 -
TRINITY_DN18250_c0_g1_i1:198-497  -            100 6448at3041           -            241   5.8e-23   79.4   0.0   1   1   8.8e-25     7e-23   79.2   0.0    75   159     3    96     1    99 0.75 -
TRINITY_DN14669_c0_g1_i1:104-295  -             64 6448at3041           -            241   2.9e-19   67.3   0.3   1   1     4e-21   3.2e-19   67.2   0.3     2    52     8    63     7    64 0.92 -
TRINITY_DN2457_c1_g1_i1:0-182     -             61 6448at3041           -            241   5.7e-15   53.3   0.0   1   1   8.3e-17   6.5e-15   53.1   0.0    81   131     5    61     2    61 0.66 -
TRINITY_DN13200_c0_g1_i1:2-112    -             37 6448at3041           -            241   6.4e-13   46.6   0.0   1   1   8.1e-15   6.4e-13   46.6   0.0   126   158     2    34     1    37 0.78 -
TRINITY_DN10143_c0_g1_i2:111-359  -             83 6448at3041           -            241   8.8e-12   42.8   0.0   1   1   1.3e-13   1.1e-11   42.6   0.0     1    67     7    79     7    82 0.87 -
TRINITY_DN10143_c0_g1_i3:111-359  -             83 6448at3041           -            241   8.8e-12   42.8   0.0   1   1   1.3e-13   1.1e-11   42.6   0.0     1    67     7    79     7    82 0.87 -
TRINITY_DN10143_c0_g1_i4:118-366  -             83 6448at3041           -            241   8.8e-12   42.8   0.0   1   1   1.3e-13   1.1e-11   42.6   0.0     1    67     7    79     7    82 0.87 -
TRINITY_DN7047_c0_g1_i1:31-294    -             88 6448at3041           -            241   7.3e-11   39.8   0.0   1   1     1e-12   8.1e-11   39.7   0.0     2    68     2    74     1    84 0.85 -
TRINITY_DN65787_c0_g1_i1:486-767  -             94 6448at3041           -            241   1.3e-10   39.0   0.0   1   1   1.9e-12   1.5e-10   38.8   0.0     1    69     9    83     9    93 0.84 -
TRINITY_DN404_c0_g1_i2:1553-1801  -             83 6448at3041           -            241   1.5e-10   38.8   0.2   1   1   2.1e-12   1.7e-10   38.6   0.2     1    68     2    75     2    81 0.85 -
TRINITY_DN7047_c0_g2_i1:38-283    -             82 6448at3041           -            241   1.7e-10   38.7   0.0   1   1   2.4e-12   1.9e-10   38.5   0.0     2    68     2    74     1    79 0.85 -
TRINITY_DN35448_c0_g1_i1:30-218   -             63 6448at3041           -            241   2.9e-10   37.9   0.0   1   1   3.8e-12     3e-10   37.8   0.0   153   204    12    63     1    63 0.67 -
TRINITY_DN4398_c0_g1_i2:387-650   -             88 6448at3041           -            241   3.6e-10   37.5   0.2   1   1   5.4e-12   4.2e-10   37.3   0.2     1    71     6    81     6    86 0.90 -
TRINITY_DN660_c0_g2_i3:278-550    -             91 6448at3041           -            241   6.3e-10   36.8   0.1   1   1   9.2e-12   7.3e-10   36.6   0.1     1    67     7    79     7    86 0.86 -
TRINITY_DN660_c0_g2_i1:221-493    -             91 6448at3041           -            241   1.6e-09   35.5   0.0   1   1   2.3e-11   1.8e-09   35.3   0.0     1    67     7    79     7    86 0.87 -
TRINITY_DN8016_c0_g1_i2:489-779   -             97 6448at3041           -            241   1.6e-09   35.5   0.0   1   1   2.4e-11   1.9e-09   35.2   0.0     2    65    23    91    22    96 0.90 -
TRINITY_DN8016_c0_g1_i4:489-779   -             97 6448at3041           -            241   1.6e-09   35.5   0.0   1   1   2.4e-11   1.9e-09   35.2   0.0     2    65    23    91    22    96 0.90 -
TRINITY_DN8016_c0_g1_i1:489-779   -             97 6448at3041           -            241   1.8e-09   35.2   0.0   1   1   2.8e-11   2.2e-09   35.0   0.0     2    65    23    91    22    96 0.89 -
TRINITY_DN1063_c0_g1_i1:124-450   -            109 6448at3041           -            241   2.1e-09   35.1   0.0   1   1   3.7e-11   2.9e-09   34.6   0.0     2    70    27   102    26   108 0.81 -
TRINITY_DN2856_c0_g1_i1:417-641   -             75 6448at3041           -            241   7.1e-09   33.3   0.3   1   1     1e-10   8.1e-09   33.1   0.3     1    54    17    75    17    75 0.89 -
TRINITY_DN51247_c0_g1_i1:1-315    -            105 6448at3041           -            241   8.4e-08   29.8   0.0   1   1   1.4e-09   1.1e-07   29.5   0.0     1    65    29    99    29   104 0.82 -
TRINITY_DN8044_c0_g1_i1:144-404   -             87 6448at3041           -            241   8.7e-08   29.8   0.0   1   1   1.3e-09     1e-07   29.5   0.0     2    57    26    86    25    87 0.88 -
TRINITY_DN21119_c0_g1_i1:335-652  -            106 6448at3041           -            241     2e-07   28.6   0.0   1   1     3e-09   2.4e-07   28.3   0.0     1    71    24   100    24   104 0.80 -
TRINITY_DN72001_c0_g1_i1:40-213   -             58 6448at3041           -            241   2.3e-07   28.4   0.0   1   1   3.1e-09   2.4e-07   28.3   0.0     5    54     2    57     1    58 0.79 -
TRINITY_DN591_c0_g1_i4:889-1191   -            101 6448at3041           -            241   2.5e-07   28.3   0.0   1   1   4.3e-09   3.4e-07   27.8   0.0     1    71    15    95    15    99 0.79 -
TRINITY_DN50277_c0_g1_i1:7-249    -             81 6448at3041           -            241   1.5e-06   25.7   0.0   1   1   2.2e-08   1.7e-06   25.5   0.0     1    54    22    81    22    81 0.79 -
TRINITY_DN1333_c0_g1_i3:228-476   -             83 6448at3041           -            241   5.9e-06   23.8   0.0   1   1     8e-08   6.3e-06   23.7   0.0   155   235     2    83     1    83 0.71 -
TRINITY_DN63701_c0_g1_i1:6-200    -             65 6448at3041           -            241   7.2e-06   23.5   0.1   1   1   9.8e-08   7.7e-06   23.4   0.1     1    48    11    65    11    65 0.68 -
TRINITY_DN20940_c0_g1_i1:19-306   -             96 6448at3041           -            241   9.2e-06   23.1   0.0   1   1   1.6e-07   1.2e-05   22.7   0.0     1    55    34    94    34    96 0.79 -
TRINITY_DN9079_c0_g1_i1:253-492   -             80 6448at3041           -            241   1.2e-05   22.7   0.0   1   1   1.7e-07   1.3e-05   22.6   0.0     2    54    17    75    16    80 0.78 -
TRINITY_DN65619_c0_g1_i1:61-441   -            127 6448at3041           -            241   1.4e-05   22.5   0.0   1   1   2.4e-07   1.9e-05   22.1   0.0     2    73    27   108    26   117 0.80 -
TRINITY_DN926_c0_g1_i8:555-836    -             94 6448at3041           -            241   1.5e-05   22.4   0.0   1   1     2e-07   1.6e-05   22.3   0.0     3    69     5    79     3    93 0.73 -
TRINITY_DN17012_c0_g1_i1:381-701  -            107 6448at3041           -            241   2.7e-05   21.6   0.0   1   1     4e-07   3.1e-05   21.4   0.0     2    64    41   106    40   107 0.86 -
TRINITY_DN926_c0_g1_i7:731-943    -             71 6448at3041           -            241   5.8e-05   20.5   0.0   1   1   7.8e-07   6.2e-05   20.4   0.0     3    61     5    69     3    71 0.77 -
TRINITY_DN29635_c0_g1_i1:9-461    -            151 6448at3041           -            241    0.0002   18.7   0.0   1   1   3.3e-06   0.00026   18.4   0.0     1    60    12    76    12    93 0.82 -
TRINITY_DN57387_c0_g1_i1:14-364   -            117 6448at3041           -            241   0.00025   18.4   0.0   1   2   3.5e-05    0.0028   15.0   0.0     1    27     4    30     4    41 0.88 -
TRINITY_DN57387_c0_g1_i1:14-364   -            117 6448at3041           -            241   0.00025   18.4   0.0   2   2      0.48        38    1.5   0.0    37    63    71    97    65   111 0.82 -
TRINITY_DN10149_c0_g1_i3:167-592  -            142 6448at3041           -            241    0.0074   13.6   0.0   1   1    0.0001    0.0083   13.5   0.0     1    44    26    69    26   124 0.71 -
TRINITY_DN926_c0_g1_i3:1454-1672  -             73 6448at3041           -            241     0.009   13.3   0.0   1   1   0.00014     0.011   13.1   0.0     2    58     6    71     5    73 0.73 -
TRINITY_DN926_c0_g1_i7:1766-1984  -             73 6448at3041           -            241     0.009   13.3   0.0   1   1   0.00014     0.011   13.1   0.0     2    58     6    71     5    73 0.73 -
TRINITY_DN926_c0_g1_i8:1659-1877  -             73 6448at3041           -            241     0.009   13.3   0.0   1   1   0.00014     0.011   13.1   0.0     2    58     6    71     5    73 0.73 -
TRINITY_DN477_c0_g1_i1:54-269     -             72 6448at3041           -            241      0.02   12.2   0.0   1   1   0.00028     0.022   12.1   0.0     3    55     6    64     4    70 0.73 -
TRINITY_DN477_c0_g2_i2:216-488    -             91 6448at3041           -            241     0.028   11.7   0.0   1   1   0.00039     0.031   11.6   0.0     2    28    25    51    24    89 0.76 -
TRINITY_DN6064_c0_g1_i2:49-288    -             80 6448at3041           -            241     0.035   11.4   0.0   1   1   0.00045     0.036   11.4   0.0     5    57     2    60     1    79 0.71 -
TRINITY_DN10498_c0_g1_i1:381-725  -            115 6448at3041           -            241     0.035   11.4   0.0   1   1   0.00055     0.043   11.1   0.0     2    60    34   100    33   111 0.76 -
TRINITY_DN10498_c0_g1_i2:215-559  -            115 6448at3041           -            241     0.035   11.4   0.0   1   1   0.00055     0.043   11.1   0.0     2    60    34   100    33   111 0.76 -
TRINITY_DN1303_c0_g1_i1:704-1180  -            159 6448at3041           -            241     0.039   11.2   0.0   1   1     0.001     0.079   10.2   0.0     2    59    70   139    69   155 0.69 -
TRINITY_DN611_c1_g4_i1:301-720    -            140 6448at3041           -            241      0.04   11.2   0.1   1   1    0.0029      0.23    8.7   0.2     2    59    33   101    32   132 0.59 -
#
# Program:         hmmsearch
# Version:         3.2.1 (June 2018)
# Pipeline mode:   SEARCH
# Query file:      /sw/bioinfo/BUSCO/v5_lineage_sets/lineages/chlorophyta_odb10/hmms/6448at3041.hmm
# Target file:     /crex/proj/snic2022-23-81/expression_algae/code/busco/trinity_VA-3180-Osg10Pal/run_chlorophyta_odb10/metaeuk_output/initial_results/trinity_VA-3180-Osg10Pal.Trinity.fasta.modified.fas
# Option settings: hmmsearch --domtblout /crex/proj/snic2022-23-81/expression_algae/code/busco/trinity_VA-3180-Osg10Pal/run_chlorophyta_odb10/hmmer_output/initial_run_results/6448at3041.out --cpu 1 /sw/bioinfo/BUSCO/v5_lineage_sets/lineages/chlorophyta_odb10/hmms/6448at3041.hmm /crex/proj/snic2022-23-81/expression_algae/code/busco/trinity_VA-3180-Osg10Pal/run_chlorophyta_odb10/metaeuk_output/initial_results/trinity_VA-3180-Osg10Pal.Trinity.fasta.modified.fas 
# Current dir:     /crex/proj/snic2022-23-81/expression_algae/code/busco
# Date:            Fri Sep 23 10:12:29 2022
# [ok]
