#                                                                                         --- full sequence --- -------------- this domain -------------   hmm coord   ali coord   env coord
# target name                     accession   tlen query name           accession   qlen   E-value  score  bias   #  of  c-Evalue  i-Evalue  score  bias  from    to  from    to  from    to  acc description of target
#             ------------------- ---------- ----- -------------------- ---------- ----- --------- ------ ----- --- --- --------- --------- ------ ----- ----- ----- ----- ----- ----- ----- ---- ---------------------
TRINITY_DN22748_c0_g1_i1:3-1481   -            493 884at3041            -            419  9.1e-181  599.3  10.0   1   1    2e-176  9.6e-175  579.5  10.0     1   400     3   493     3   493 0.89 -
TRINITY_DN3303_c0_g1_i4:37-501    -            155 884at3041            -            419     1e-37  128.1   6.1   1   2   2.5e-21   1.2e-19   68.6   0.8   190   317     1   119     1   121 0.93 -
TRINITY_DN3303_c0_g1_i4:37-501    -            155 884at3041            -            419     1e-37  128.1   6.1   2   2   2.2e-21     1e-19   68.8   0.5   181   303    34   147    29   152 0.91 -
TRINITY_DN3652_c0_g1_i2:222-1979  -            586 884at3041            -            419   7.8e-30  102.1   4.4   1   4   2.4e-06   0.00011   19.2   0.1   181   277    18   113    10   152 0.75 -
TRINITY_DN3652_c0_g1_i2:222-1979  -            586 884at3041            -            419   7.8e-30  102.1   4.4   2   4   4.6e-09   2.1e-07   28.2   0.0   231   311   302   381   286   387 0.85 -
TRINITY_DN3652_c0_g1_i2:222-1979  -            586 884at3041            -            419   7.8e-30  102.1   4.4   3   4   1.4e-08   6.7e-07   26.6   0.5   232   306   388   463   383   503 0.81 -
TRINITY_DN3652_c0_g1_i2:222-1979  -            586 884at3041            -            419   7.8e-30  102.1   4.4   4   4   9.8e-09   4.6e-07   27.1   0.2   177   300   469   583   460   586 0.82 -
TRINITY_DN6347_c0_g2_i1:42-587    -            182 884at3041            -            419   4.6e-28   96.3   6.9   1   3   8.8e-06   0.00041   17.4   0.1   236   269     2    35     1    40 0.91 -
TRINITY_DN6347_c0_g2_i1:42-587    -            182 884at3041            -            419   4.6e-28   96.3   6.9   2   3   8.7e-13   4.1e-11   40.5   0.5   232   317    40   124    35   126 0.77 -
TRINITY_DN6347_c0_g2_i1:42-587    -            182 884at3041            -            419   4.6e-28   96.3   6.9   3   3     7e-17   3.3e-15   54.0   0.1   190   290    90   181    90   182 0.93 -
TRINITY_DN3841_c0_g1_i6:137-1042  -            302 884at3041            -            419   3.5e-25   86.8   1.0   1   3   3.2e-10   1.5e-08   32.0   0.1   232   318     4    96     3    97 0.85 -
TRINITY_DN3841_c0_g1_i6:137-1042  -            302 884at3041            -            419   3.5e-25   86.8   1.0   2   3   1.2e-10   5.6e-09   33.4   0.0   228   321    91   187    89   190 0.89 -
TRINITY_DN3841_c0_g1_i6:137-1042  -            302 884at3041            -            419   3.5e-25   86.8   1.0   3   3   9.5e-08   4.4e-06   23.9   0.0   186   302   187   301   184   302 0.81 -
TRINITY_DN2953_c0_g1_i1:94-1005   -            304 884at3041            -            419   3.2e-23   80.3   1.3   1   3   2.6e-09   1.2e-07   29.0   0.1   232   322    16   106    12   112 0.76 -
TRINITY_DN2953_c0_g1_i1:94-1005   -            304 884at3041            -            419   3.2e-23   80.3   1.3   2   3   4.9e-09   2.3e-07   28.1   0.1   196   301   116   216   115   222 0.83 -
TRINITY_DN2953_c0_g1_i1:94-1005   -            304 884at3041            -            419   3.2e-23   80.3   1.3   3   3   1.2e-05   0.00054   17.0   0.0   170   222   230   280   217   304 0.77 -
TRINITY_DN1654_c0_g1_i1:166-555   -            130 884at3041            -            419   9.9e-23   78.7   1.3   1   1   2.9e-24   1.4e-22   78.3   1.3   184   317     6   130     2   130 0.92 -
TRINITY_DN4116_c0_g1_i1:32-733    -            234 884at3041            -            419   7.3e-22   75.9   0.2   1   2   2.1e-13   9.9e-12   42.5   0.0   232   315    33   115    21   124 0.88 -
TRINITY_DN4116_c0_g1_i1:32-733    -            234 884at3041            -            419   7.3e-22   75.9   0.2   2   2   1.1e-09   5.3e-08   30.2   0.0   188   300   124   230   102   233 0.85 -
TRINITY_DN8322_c0_g1_i2:7-303     -             99 884at3041            -            419   7.1e-21   72.6   3.3   1   2   1.2e-08   5.6e-07   26.8   0.2   248   302     1    54     1    54 0.96 -
TRINITY_DN8322_c0_g1_i2:7-303     -             99 884at3041            -            419   7.1e-21   72.6   3.3   2   2   2.1e-16   9.6e-15   52.4   0.3   232   302    27    96    23    99 0.95 -
TRINITY_DN1654_c0_g1_i4:15-356    -            114 884at3041            -            419   3.6e-20   70.3   1.1   1   1     1e-21   4.9e-20   69.9   1.1   190   309     1   111     1   113 0.95 -
TRINITY_DN2679_c0_g1_i1:118-804   -            229 884at3041            -            419   3.1e-19   67.2   0.9   1   2   2.2e-17     1e-15   55.6   0.4   186   321    78   204    65   207 0.92 -
TRINITY_DN2679_c0_g1_i1:118-804   -            229 884at3041            -            419   3.1e-19   67.2   0.9   2   2   0.00051     0.024   11.6   0.0   232   260   200   228   199   229 0.54 -
TRINITY_DN13382_c0_g1_i1:157-924  -            256 884at3041            -            419   3.8e-19   66.9   2.6   1   3      0.27        13    2.6   0.0   190   216     2    28     1    33 0.90 -
TRINITY_DN13382_c0_g1_i1:157-924  -            256 884at3041            -            419   3.8e-19   66.9   2.6   2   3   2.6e-08   1.2e-06   25.7   0.1   182   227    36    81    28   106 0.83 -
TRINITY_DN13382_c0_g1_i1:157-924  -            256 884at3041            -            419   3.8e-19   66.9   2.6   3   3   1.3e-11   6.2e-10   36.6   0.1   184   302   142   255   137   256 0.87 -
TRINITY_DN3644_c0_g1_i3:1107-1973 -            289 884at3041            -            419   8.7e-19   65.7   0.2   1   3   6.7e-11   3.2e-09   34.2   0.1   187   304    44   154    28   157 0.89 -
TRINITY_DN3644_c0_g1_i3:1107-1973 -            289 884at3041            -            419   8.7e-19   65.7   0.2   2   3   0.00099     0.047   10.6   0.0   232   284   167   220   157   223 0.83 -
TRINITY_DN3644_c0_g1_i3:1107-1973 -            289 884at3041            -            419   8.7e-19   65.7   0.2   3   3   2.1e-06   9.9e-05   19.4   0.0   187   253   216   274   210   284 0.76 -
TRINITY_DN3841_c0_g1_i2:284-892   -            203 884at3041            -            419   9.8e-19   65.6   1.8   1   2   6.1e-17   2.9e-15   54.1   0.3   184   321     6   138     2   141 0.89 -
TRINITY_DN3841_c0_g1_i2:284-892   -            203 884at3041            -            419   9.8e-19   65.6   1.8   2   2   0.00038     0.018   12.0   0.1   185   217   137   169   134   203 0.78 -
TRINITY_DN55666_c0_g1_i1:61-402   -            114 884at3041            -            419   1.4e-18   65.0   2.5   1   2   2.8e-12   1.3e-10   38.8   0.2   232   300     1    68     1    70 0.95 -
TRINITY_DN55666_c0_g1_i1:61-402   -            114 884at3041            -            419   1.4e-18   65.0   2.5   2   2     4e-09   1.9e-07   28.4   0.3   256   302    67   112    64   114 0.93 -
TRINITY_DN3303_c0_g1_i2:75-362    -             96 884at3041            -            419   2.8e-18   64.1   3.8   1   2   1.6e-08   7.3e-07   26.5   0.2   256   309     3    55     1    56 0.90 -
TRINITY_DN3303_c0_g1_i2:75-362    -             96 884at3041            -            419   2.8e-18   64.1   3.8   2   2   4.9e-14   2.3e-12   44.6   0.4   234   306    23    94    21    96 0.92 -
TRINITY_DN5915_c0_g1_i2:223-1104  -            294 884at3041            -            419   6.3e-18   62.9   0.4   1   5   2.8e-05    0.0013   15.7   0.0   232   275     1    43     1    49 0.89 -
TRINITY_DN5915_c0_g1_i2:223-1104  -            294 884at3041            -            419   6.3e-18   62.9   0.4   2   5     0.093       4.4    4.1   0.0   240   301    48   109    42   116 0.49 -
TRINITY_DN5915_c0_g1_i2:223-1104  -            294 884at3041            -            419   6.3e-18   62.9   0.4   3   5      0.15         7    3.4   0.0   233   260   144   171   136   179 0.87 -
TRINITY_DN5915_c0_g1_i2:223-1104  -            294 884at3041            -            419   6.3e-18   62.9   0.4   4   5   1.1e-11     5e-10   36.9   0.1   190   319   151   271   149   287 0.86 -
TRINITY_DN5915_c0_g1_i2:223-1104  -            294 884at3041            -            419   6.3e-18   62.9   0.4   5   5       2.1        96   -0.3   0.0   188   204   275   291   267   294 0.64 -
TRINITY_DN45883_c0_g1_i1:186-596  -            137 884at3041            -            419   8.2e-18   62.5   0.4   1   2   1.3e-07   5.9e-06   23.5   0.0   232   297     4    68     2    68 0.91 -
TRINITY_DN45883_c0_g1_i1:186-596  -            137 884at3041            -            419   8.2e-18   62.5   0.4   2   2   9.4e-14   4.4e-12   43.6   0.1   232   318    46   131    39   136 0.94 -
TRINITY_DN3625_c0_g1_i3:137-964   -            276 884at3041            -            419     9e-18   62.4   0.7   1   3   1.2e-08   5.6e-07   26.8   0.0   179   316     2   131     1   134 0.86 -
TRINITY_DN3625_c0_g1_i3:137-964   -            276 884at3041            -            419     9e-18   62.4   0.7   2   3   0.00017     0.008   13.1   0.0   232   262   132   162   123   168 0.92 -
TRINITY_DN3625_c0_g1_i3:137-964   -            276 884at3041            -            419     9e-18   62.4   0.7   3   3   3.1e-06   0.00015   18.9   0.1   232   302   203   274   197   276 0.75 -
TRINITY_DN3625_c0_g1_i6:137-964   -            276 884at3041            -            419     9e-18   62.4   0.7   1   3   1.2e-08   5.6e-07   26.8   0.0   179   316     2   131     1   134 0.86 -
TRINITY_DN3625_c0_g1_i6:137-964   -            276 884at3041            -            419     9e-18   62.4   0.7   2   3   0.00017     0.008   13.1   0.0   232   262   132   162   123   168 0.92 -
TRINITY_DN3625_c0_g1_i6:137-964   -            276 884at3041            -            419     9e-18   62.4   0.7   3   3   3.1e-06   0.00015   18.9   0.1   232   302   203   274   197   276 0.75 -
TRINITY_DN10545_c0_g1_i1:340-855  -            172 884at3041            -            419   9.3e-18   62.3   0.7   1   2     1e-09   4.7e-08   30.4   0.1   186   281     8    94     3    97 0.61 -
TRINITY_DN10545_c0_g1_i1:340-855  -            172 884at3041            -            419   9.3e-18   62.3   0.7   2   2   9.2e-11   4.3e-09   33.8   0.1   232   310    88   165    86   172 0.91 -
TRINITY_DN3117_c0_g1_i2:314-1285  -            324 884at3041            -            419   5.3e-17   59.8   0.2   1   3   1.6e-06   7.4e-05   19.8   0.0   232   316     9    92     4   105 0.93 -
TRINITY_DN3117_c0_g1_i2:314-1285  -            324 884at3041            -            419   5.3e-17   59.8   0.2   2   3   1.5e-09     7e-08   29.8   0.2   235   324   148   236    96   246 0.82 -
TRINITY_DN3117_c0_g1_i2:314-1285  -            324 884at3041            -            419   5.3e-17   59.8   0.2   3   3     0.015      0.68    6.8   0.0   186   211   288   313   261   320 0.85 -
TRINITY_DN3625_c0_g1_i1:569-1264  -            232 884at3041            -            419     2e-16   58.0   0.7   1   3   3.9e-07   1.8e-05   21.8   0.0   232   312     4    83     1    89 0.90 -
TRINITY_DN3625_c0_g1_i1:569-1264  -            232 884at3041            -            419     2e-16   58.0   0.7   2   3   0.00014    0.0064   13.4   0.0   232   262    88   118    83   125 0.91 -
TRINITY_DN3625_c0_g1_i1:569-1264  -            232 884at3041            -            419     2e-16   58.0   0.7   3   3   2.2e-06   0.00011   19.3   0.1   232   302   159   230   153   232 0.75 -
TRINITY_DN4159_c0_g1_i4:2566-3021 -            152 884at3041            -            419   3.5e-16   57.1   1.9   1   2   1.2e-07   5.7e-06   23.5   0.2   240   318     3    81     1    88 0.84 -
TRINITY_DN4159_c0_g1_i4:2566-3021 -            152 884at3041            -            419   3.5e-16   57.1   1.9   2   2   6.5e-11     3e-09   34.3   0.2   236   302    84   150    79   152 0.92 -
TRINITY_DN6347_c1_g2_i1:42-290    -             83 884at3041            -            419   3.6e-16   57.1   0.1   1   1   1.7e-17   7.8e-16   56.0   0.1   236   317     3    83     1    83 0.91 -
TRINITY_DN3841_c0_g1_i3:137-637   -            167 884at3041            -            419   4.7e-16   56.7   0.1   1   2   8.4e-11     4e-09   33.9   0.0   232   318     4    96     3    97 0.85 -
TRINITY_DN3841_c0_g1_i3:137-637   -            167 884at3041            -            419   4.7e-16   56.7   0.1   2   2     4e-08   1.9e-06   25.1   0.0   229   301    92   167    91   167 0.87 -
TRINITY_DN6347_c0_g1_i1:1-324     -            108 884at3041            -            419   1.6e-15   55.0   1.7   1   2   3.6e-08   1.7e-06   25.3   0.1   235   295     1    60     1    60 0.94 -
TRINITY_DN6347_c0_g1_i1:1-324     -            108 884at3041            -            419   1.6e-15   55.0   1.7   2   2   3.6e-11   1.7e-09   35.1   0.2   233   300    41   108    39   108 0.92 -
TRINITY_DN28781_c0_g1_i2:80-484   -            135 884at3041            -            419   1.6e-15   54.9   5.1   1   2   1.8e-10   8.3e-09   32.9   0.1   189   285     2    89     1   100 0.85 -
TRINITY_DN28781_c0_g1_i2:80-484   -            135 884at3041            -            419   1.6e-15   54.9   5.1   2   2   1.4e-09   6.7e-08   29.9   1.5   181   283    36   134    36   135 0.89 -
TRINITY_DN57421_c0_g1_i1:109-588  -            160 884at3041            -            419   1.9e-15   54.7   4.4   1   2   8.4e-10   3.9e-08   30.6   1.0   258   318    20    79     7    80 0.92 -
TRINITY_DN57421_c0_g1_i1:109-588  -            160 884at3041            -            419   1.9e-15   54.7   4.4   2   2   7.2e-09   3.4e-07   27.5   0.2   232   312    78   157    77   160 0.94 -
TRINITY_DN28781_c0_g1_i1:485-925  -            147 884at3041            -            419   2.3e-15   54.5   5.7   1   2   1.2e-10   5.5e-09   33.5   0.2   188   284    13   100     4   109 0.84 -
TRINITY_DN28781_c0_g1_i1:485-925  -            147 884at3041            -            419   2.3e-15   54.5   5.7   2   2   1.8e-09   8.6e-08   29.5   1.4   181   283    48   146    48   147 0.89 -
TRINITY_DN8322_c0_g4_i1:15-254    -             80 884at3041            -            419   2.5e-15   54.3   0.1   1   1   6.1e-17   2.9e-15   54.1   0.1   232   304     4    75     2    80 0.93 -
TRINITY_DN6347_c2_g1_i1:9-308     -            100 884at3041            -            419   2.7e-15   54.2   0.6   1   1   8.3e-17   3.9e-15   53.7   0.6   198   302     1    95     1    98 0.95 -
TRINITY_DN19750_c0_g1_i1:35-457   -            141 884at3041            -            419   8.2e-15   52.6   0.8   1   1   1.5e-15   6.8e-14   49.6   0.8   187   302    10   121     7   126 0.88 -
TRINITY_DN3117_c0_g1_i1:83-976    -            298 884at3041            -            419   1.2e-14   52.1   0.1   1   2   1.2e-06   5.4e-05   20.3   0.0   232   316     9    92     4   115 0.92 -
TRINITY_DN3117_c0_g1_i1:83-976    -            298 884at3041            -            419   1.2e-14   52.1   0.1   2   2   1.2e-09   5.8e-08   30.1   0.1   235   324   148   236    95   244 0.81 -
TRINITY_DN4159_c0_g1_i4:1165-2013 -            283 884at3041            -            419   5.9e-14   49.8   4.7   1   3   4.5e-10   2.1e-08   31.5   0.5   186   305     5   115     1   120 0.89 -
TRINITY_DN4159_c0_g1_i4:1165-2013 -            283 884at3041            -            419   5.9e-14   49.8   4.7   2   3   0.00052     0.024   11.6   0.1   233   315   128   209   122   213 0.87 -
TRINITY_DN4159_c0_g1_i4:1165-2013 -            283 884at3041            -            419   5.9e-14   49.8   4.7   3   3      0.23        11    2.8   0.0   188   210   261   283   246   283 0.77 -
TRINITY_DN2679_c0_g1_i2:439-786   -            116 884at3041            -            419   2.6e-13   47.7   0.6   1   2   2.3e-11   1.1e-09   35.7   0.3   232   321     2    90     1    95 0.96 -
TRINITY_DN2679_c0_g1_i2:439-786   -            116 884at3041            -            419   2.6e-13   47.7   0.6   2   2   0.00035     0.016   12.1   0.0   186   211    90   115    87   116 0.69 -
TRINITY_DN6340_c0_g1_i1:257-1430  -            319 884at3041            -            419   9.4e-13   45.8   0.0   1   2   2.8e-08   1.3e-06   25.6   0.0   187   305    64   178    55   182 0.62 -
TRINITY_DN6340_c0_g1_i1:257-1430  -            319 884at3041            -            419   9.4e-13   45.8   0.0   2   2   1.8e-05   0.00084   16.4   0.0   232   303   190   263   180   315 0.86 -
TRINITY_DN6340_c0_g1_i2:257-1213  -            319 884at3041            -            419   9.4e-13   45.8   0.0   1   2   2.8e-08   1.3e-06   25.6   0.0   187   305    64   178    55   182 0.62 -
TRINITY_DN6340_c0_g1_i2:257-1213  -            319 884at3041            -            419   9.4e-13   45.8   0.0   2   2   1.8e-05   0.00084   16.4   0.0   232   303   190   263   180   315 0.86 -
TRINITY_DN12826_c0_g1_i1:326-847  -            174 884at3041            -            419   1.2e-12   45.5   0.4   1   2   2.1e-05   0.00097   16.2   0.0   229   284    48   102    27   110 0.89 -
TRINITY_DN12826_c0_g1_i1:326-847  -            174 884at3041            -            419   1.2e-12   45.5   0.4   2   2   7.6e-09   3.6e-07   27.5   0.1   247   303   117   172   109   174 0.92 -
TRINITY_DN49433_c0_g1_i1:340-735  -            132 884at3041            -            419   1.9e-12   44.9   0.9   1   2      0.22        10    2.9   0.0   236   266     6    36     2    42 0.85 -
TRINITY_DN49433_c0_g1_i1:340-735  -            132 884at3041            -            419   1.9e-12   44.9   0.9   2   2   7.1e-13   3.3e-11   40.8   0.6   232   317    44   128    36   132 0.94 -
TRINITY_DN8723_c0_g1_i2:8-757     -            250 884at3041            -            419     2e-12   44.8   4.3   1   3      0.37        18    2.1   0.1   199   337    35    51    21   109 0.53 -
TRINITY_DN8723_c0_g1_i2:8-757     -            250 884at3041            -            419     2e-12   44.8   4.3   2   3   4.9e-08   2.3e-06   24.8   0.1   233   319   120   205   112   205 0.91 -
TRINITY_DN8723_c0_g1_i2:8-757     -            250 884at3041            -            419     2e-12   44.8   4.3   3   3   7.8e-08   3.6e-06   24.1   0.5   187   278   166   249   160   250 0.91 -
TRINITY_DN42538_c0_g1_i1:3-431    -            143 884at3041            -            419   4.5e-12   43.6   0.3   1   2       2.7   1.3e+02   -0.7   0.0   322   337     1    16     1    20 0.72 -
TRINITY_DN42538_c0_g1_i1:3-431    -            143 884at3041            -            419   4.5e-12   43.6   0.3   2   2   4.3e-13     2e-11   41.5   0.0   232   320    25   113    17   135 0.86 -
TRINITY_DN4116_c0_g1_i3:164-559   -            132 884at3041            -            419   6.5e-12   43.1   0.1   1   2   7.8e-07   3.7e-05   20.8   0.0   258   318     1    60     1    67 0.86 -
TRINITY_DN4116_c0_g1_i3:164-559   -            132 884at3041            -            419   6.5e-12   43.1   0.1   2   2   5.7e-07   2.7e-05   21.3   0.0   189   260    67   131    45   132 0.89 -
TRINITY_DN10850_c0_g1_i2:31-528   -            166 884at3041            -            419   1.3e-11   42.0   1.8   1   2    0.0031      0.15    9.0   0.1   232   271     2    41     1    47 0.81 -
TRINITY_DN10850_c0_g1_i2:31-528   -            166 884at3041            -            419   1.3e-11   42.0   1.8   2   2     2e-10   9.2e-09   32.7   0.2   232   307    88   164    79   166 0.91 -
TRINITY_DN45883_c0_g1_i2:186-506  -            107 884at3041            -            419   4.7e-11   40.3   0.2   1   1   4.7e-12   2.2e-10   38.0   0.2   232   323     4    95     2   105 0.90 -
TRINITY_DN4838_c0_g1_i3:25-1032   -            336 884at3041            -            419   1.4e-10   38.7   0.0   1   2     0.018      0.85    6.5   0.0   232   262     1    31     1    70 0.87 -
TRINITY_DN4838_c0_g1_i3:25-1032   -            336 884at3041            -            419   1.4e-10   38.7   0.0   2   2   3.5e-09   1.6e-07   28.6   0.0   188   323   155   299   130   302 0.77 -
TRINITY_DN19153_c0_g1_i1:47-397   -            117 884at3041            -            419   1.7e-10   38.4   0.1   1   2   1.7e-06     8e-05   19.7   0.0   275   316     1    42     1    50 0.93 -
TRINITY_DN19153_c0_g1_i1:47-397   -            117 884at3041            -            419   1.7e-10   38.4   0.1   2   2   9.3e-06   0.00044   17.3   0.1   244   302    57   114    44   117 0.89 -
TRINITY_DN3841_c0_g1_i5:639-1130  -            164 884at3041            -            419   2.5e-10   37.9   0.1   1   2   0.00048     0.023   11.7   0.0   184   221     5    44     2    48 0.85 -
TRINITY_DN3841_c0_g1_i5:639-1130  -            164 884at3041            -            419   2.5e-10   37.9   0.1   2   2   7.7e-08   3.6e-06   24.2   0.1   183   301    48   164    45   164 0.80 -
TRINITY_DN26872_c0_g1_i1:0-893    -            298 884at3041            -            419   1.2e-09   35.6   0.3   1   2   1.5e-09   6.8e-08   29.8   0.2   241   326    93   177    85   199 0.89 -
TRINITY_DN26872_c0_g1_i1:0-893    -            298 884at3041            -            419   1.2e-09   35.6   0.3   2   2      0.13       6.3    3.6   0.0   191   304   225   294   214   297 0.43 -
TRINITY_DN8322_c0_g2_i2:34-249    -             72 884at3041            -            419   1.7e-09   35.1   0.1   1   1   4.7e-11   2.2e-09   34.8   0.1   232   302     2    71     1    72 0.82 -
TRINITY_DN663_c0_g1_i2:270-1169   -            300 884at3041            -            419   2.2e-09   34.8   0.9   1   3   5.3e-05    0.0025   14.8   0.1   232   305    57   129    51   134 0.84 -
TRINITY_DN663_c0_g1_i2:270-1169   -            300 884at3041            -            419   2.2e-09   34.8   0.9   2   3      0.28        13    2.5   0.0   238   294   148   203   128   211 0.79 -
TRINITY_DN663_c0_g1_i2:270-1169   -            300 884at3041            -            419   2.2e-09   34.8   0.9   3   3   6.3e-05     0.003   14.6   0.0   169   263   210   297   206   300 0.83 -
TRINITY_DN4874_c0_g2_i1:1-888     -            296 884at3041            -            419   2.7e-09   34.5   0.0   1   2   2.1e-10   9.9e-09   32.6   0.0   230   302    62   134    59   138 0.92 -
TRINITY_DN4874_c0_g2_i1:1-888     -            296 884at3041            -            419   2.7e-09   34.5   0.0   2   2       3.7   1.7e+02   -1.1   0.0   257   307   182   232   160   248 0.53 -
TRINITY_DN4159_c0_g1_i3:254-868   -            205 884at3041            -            419     3e-09   34.3   0.7   1   2       1.5        72    0.1   0.0   199   216    23    40     7    75 0.65 -
TRINITY_DN4159_c0_g1_i3:254-868   -            205 884at3041            -            419     3e-09   34.3   0.7   2   2   2.9e-10   1.4e-08   32.1   0.4   180   298    94   203    77   205 0.86 -
TRINITY_DN4874_c0_g2_i2:1-717     -            239 884at3041            -            419     4e-09   33.9   0.0   1   1   1.4e-10   6.6e-09   33.2   0.0   230   302    62   134    59   138 0.92 -
TRINITY_DN41478_c0_g1_i1:76-708   -            211 884at3041            -            419   2.2e-08   31.4   0.9   1   2   2.3e-05    0.0011   16.0   0.1   238   315   100   177    67   181 0.70 -
TRINITY_DN41478_c0_g1_i1:76-708   -            211 884at3041            -            419   2.2e-08   31.4   0.9   2   2   6.7e-07   3.1e-05   21.1   0.1   213   303   116   209    92   211 0.78 -
TRINITY_DN5975_c0_g1_i1:0-863     -            288 884at3041            -            419   2.3e-08   31.4   0.5   1   3       5.8   2.7e+02   -1.8   0.0   318   334    11    27     8    51 0.83 -
TRINITY_DN5975_c0_g1_i1:0-863     -            288 884at3041            -            419   2.3e-08   31.4   0.5   2   3   7.2e-06   0.00034   17.7   0.2   182   310    40   165    20   172 0.85 -
TRINITY_DN5975_c0_g1_i1:0-863     -            288 884at3041            -            419   2.3e-08   31.4   0.5   3   3   7.2e-06   0.00034   17.7   0.0   237   300   135   196   131   220 0.88 -
TRINITY_DN70821_c0_g1_i1:5-289    -             95 884at3041            -            419   6.5e-08   29.9   0.4   1   1   1.8e-09   8.3e-08   29.6   0.4   226   302    19    94     1    95 0.93 -
TRINITY_DN58564_c0_g1_i1:0-896    -            299 884at3041            -            419   8.3e-08   29.6   0.2   1   3       1.3        62    0.3   0.0   182   209    17    44     7    52 0.65 -
TRINITY_DN58564_c0_g1_i1:0-896    -            299 884at3041            -            419   8.3e-08   29.6   0.2   2   3   1.2e-07   5.7e-06   23.5   0.2   235   302   163   231   157   236 0.91 -
TRINITY_DN58564_c0_g1_i1:0-896    -            299 884at3041            -            419   8.3e-08   29.6   0.2   3   3      0.65        31    1.3   0.0   235   252   269   286   260   290 0.59 -
TRINITY_DN58719_c0_g1_i1:2-670    -            223 884at3041            -            419   9.8e-08   29.3   0.3   1   1   2.1e-07   9.8e-06   22.7   0.2   236   339    26   151    22   152 0.74 -
TRINITY_DN5915_c0_g1_i1:79-555    -            159 884at3041            -            419     6e-07   26.7   0.0   1   2   8.9e-07   4.2e-05   20.7   0.0   207   275    26    91    10    96 0.79 -
TRINITY_DN5915_c0_g1_i1:79-555    -            159 884at3041            -            419     6e-07   26.7   0.0   2   2     0.043         2    5.2   0.0   237   301    93   157    87   159 0.77 -
TRINITY_DN39888_c0_g1_i1:19-231   -             71 884at3041            -            419   1.9e-06   25.1   0.1   1   1   1.2e-07   5.6e-06   23.5   0.1   248   316     1    70     1    71 0.74 -
TRINITY_DN4838_c0_g1_i5:352-1038  -            229 884at3041            -            419     2e-06   25.0   0.1   1   2    0.0053      0.25    8.2   0.0   232   262     8    38     3    86 0.85 -
TRINITY_DN4838_c0_g1_i5:352-1038  -            229 884at3041            -            419     2e-06   25.0   0.1   2   2   4.7e-05    0.0022   15.0   0.0   189   260   158   229   143   229 0.70 -
TRINITY_DN37385_c0_g1_i1:17-397   -            127 884at3041            -            419   2.4e-06   24.7   2.2   1   1   7.4e-08   3.5e-06   24.2   2.2   192   308    12   120     4   126 0.74 -
TRINITY_DN3961_c0_g1_i1:14-517    -            168 884at3041            -            419   3.5e-06   24.2   0.2   1   2       4.8   2.3e+02   -1.5   0.0   290   308    11    30     9    33 0.61 -
TRINITY_DN3961_c0_g1_i1:14-517    -            168 884at3041            -            419   3.5e-06   24.2   0.2   2   2   2.3e-07   1.1e-05   22.6   0.1   188   300    49   156    43   164 0.86 -
TRINITY_DN2934_c0_g1_i5:1-648     -            216 884at3041            -            419   5.2e-06   23.6   0.2   1   2   0.00029     0.014   12.4   0.0   197   304    12   122     3   125 0.81 -
TRINITY_DN2934_c0_g1_i5:1-648     -            216 884at3041            -            419   5.2e-06   23.6   0.2   2   2   1.9e-05    0.0009   16.3   0.0   184   262    94   167    82   172 0.82 -
TRINITY_DN3961_c0_g1_i2:134-1084  -            317 884at3041            -            419   5.9e-06   23.5   0.3   1   3       2.1     1e+02   -0.4   0.0   234   288    42    95    33   104 0.79 -
TRINITY_DN3961_c0_g1_i2:134-1084  -            317 884at3041            -            419   5.9e-06   23.5   0.3   2   3       8.2   3.9e+02   -2.3   0.0   289   308   159   179   151   181 0.66 -
TRINITY_DN3961_c0_g1_i2:134-1084  -            317 884at3041            -            419   5.9e-06   23.5   0.3   3   3   1.1e-06   5.2e-05   20.3   0.1   188   300   198   305   192   313 0.86 -
TRINITY_DN16552_c0_g1_i1:20-433   -            138 884at3041            -            419     6e-06   23.4   0.2   1   2   2.7e-06   0.00013   19.1   0.0   247   312     2    67     1    82 0.88 -
TRINITY_DN16552_c0_g1_i1:20-433   -            138 884at3041            -            419     6e-06   23.4   0.2   2   2      0.26        12    2.6   0.0   161   205    94   138    86   138 0.78 -
TRINITY_DN8723_c0_g1_i1:91-606    -            172 884at3041            -            419   1.2e-05   22.5   0.5   1   3       0.3        14    2.4   0.1   236   262    22    48     7    59 0.59 -
TRINITY_DN8723_c0_g1_i1:91-606    -            172 884at3041            -            419   1.2e-05   22.5   0.5   2   3      0.19       9.1    3.1   0.2   198   337    34    51    21   110 0.52 -
TRINITY_DN8723_c0_g1_i1:91-606    -            172 884at3041            -            419   1.2e-05   22.5   0.5   3   3   1.9e-05   0.00088   16.3   0.0   183   217   120   154   110   157 0.88 -
TRINITY_DN8526_c0_g1_i1:53-313    -             87 884at3041            -            419   1.3e-05   22.3   0.1   1   1   3.2e-07   1.5e-05   22.1   0.1   245   302    27    86    20    87 0.91 -
TRINITY_DN2934_c0_g1_i3:1-1191    -            397 884at3041            -            419     4e-05   20.7   0.1   1   2    0.0004     0.018   11.9   0.0   182   304   177   303   166   306 0.80 -
TRINITY_DN2934_c0_g1_i3:1-1191    -            397 884at3041            -            419     4e-05   20.7   0.1   2   2   6.1e-05    0.0029   14.6   0.0   184   262   275   348   264   353 0.82 -
TRINITY_DN7341_c0_g1_i1:2625-3305 -            227 884at3041            -            419   0.00033   17.7   0.7   1   2    0.0019     0.091    9.7   0.1   191   294     4    95     2   102 0.62 -
TRINITY_DN7341_c0_g1_i1:2625-3305 -            227 884at3041            -            419   0.00033   17.7   0.7   2   2     0.039       1.8    5.4   0.0   188   212   121   145   105   152 0.79 -
TRINITY_DN37614_c0_g1_i1:56-379   -            108 884at3041            -            419   0.00036   17.6   0.0   1   1   1.4e-05   0.00068   16.7   0.0   235   275    66   106    56   108 0.75 -
TRINITY_DN663_c0_g1_i3:270-851    -            194 884at3041            -            419   0.00042   17.3   0.1   1   1   2.3e-05    0.0011   16.0   0.1   232   305    57   129    51   134 0.84 -
TRINITY_DN1069_c0_g1_i5:132-3008  -            959 884at3041            -            419   0.00084   16.4   0.1   1   3      0.13       6.1    3.7   0.0   197   315    87   220    74   230 0.59 -
TRINITY_DN1069_c0_g1_i5:132-3008  -            959 884at3041            -            419   0.00084   16.4   0.1   2   3      0.72        34    1.2   0.0   239   277   186   225   179   250 0.67 -
TRINITY_DN1069_c0_g1_i5:132-3008  -            959 884at3041            -            419   0.00084   16.4   0.1   3   3     0.004      0.19    8.6   0.0   228   275   267   315   255   357 0.85 -
TRINITY_DN19672_c0_g1_i1:233-1774 -            514 884at3041            -            419    0.0013   15.8   0.0   1   1   6.6e-05    0.0031   14.5   0.0   245   273   255   283   241   308 0.83 -
TRINITY_DN19672_c0_g1_i2:90-1799  -            570 884at3041            -            419    0.0015   15.5   0.0   1   1   7.5e-05    0.0035   14.3   0.0   245   273   311   339   297   364 0.83 -
TRINITY_DN58975_c0_g1_i1:89-940   -            284 884at3041            -            419    0.0019   15.2   0.1   1   2     0.002     0.094    9.6   0.0   189   263     8    73     3    83 0.87 -
TRINITY_DN58975_c0_g1_i1:89-940   -            284 884at3041            -            419    0.0019   15.2   0.1   2   2      0.15       6.8    3.5   0.0   186   269   128   211   107   236 0.71 -
TRINITY_DN1069_c0_g1_i3:12-3863   -           1284 884at3041            -            419    0.0022   15.0   0.1   1   3       0.2       9.3    3.0   0.0   197   315    87   220    77   231 0.58 -
TRINITY_DN1069_c0_g1_i3:12-3863   -           1284 884at3041            -            419    0.0022   15.0   0.1   2   3       1.1        51    0.6   0.0   239   277   186   225   181   249 0.67 -
TRINITY_DN1069_c0_g1_i3:12-3863   -           1284 884at3041            -            419    0.0022   15.0   0.1   3   3    0.0058      0.27    8.1   0.0   228   275   267   315   256   357 0.85 -
TRINITY_DN3168_c0_g1_i2:56-1093   -            346 884at3041            -            419    0.0022   15.0   0.2   1   3     0.016      0.75    6.6   0.0   236   303    94   165    88   172 0.63 -
TRINITY_DN3168_c0_g1_i2:56-1093   -            346 884at3041            -            419    0.0022   15.0   0.2   2   3   0.00061     0.029   11.3   0.1   232   306   136   214   132   219 0.73 -
TRINITY_DN3168_c0_g1_i2:56-1093   -            346 884at3041            -            419    0.0022   15.0   0.2   3   3       3.2   1.5e+02   -0.9   0.0   229   262   245   279   242   282 0.76 -
TRINITY_DN1069_c0_g1_i4:12-3785   -           1258 884at3041            -            419    0.0024   14.9   0.1   1   3      0.18       8.5    3.2   0.0   197   315    61   194    48   205 0.59 -
TRINITY_DN1069_c0_g1_i4:12-3785   -           1258 884at3041            -            419    0.0024   14.9   0.1   2   3         1        47    0.7   0.0   239   277   160   199   153   223 0.67 -
TRINITY_DN1069_c0_g1_i4:12-3785   -           1258 884at3041            -            419    0.0024   14.9   0.1   3   3    0.0056      0.26    8.1   0.0   228   275   241   289   230   331 0.85 -
TRINITY_DN984_c0_g1_i2:178-1608   -            477 884at3041            -            419    0.0024   14.8   0.0   1   2       2.9   1.4e+02   -0.8   0.0   190   242   129   183   124   195 0.82 -
TRINITY_DN984_c0_g1_i2:178-1608   -            477 884at3041            -            419    0.0024   14.8   0.0   2   2   0.00029     0.013   12.4   0.0   228   271   281   324   275   353 0.83 -
TRINITY_DN984_c0_g1_i1:178-1557   -            460 884at3041            -            419    0.0025   14.8   0.0   1   2       2.9   1.4e+02   -0.8   0.0   190   242   129   183   124   193 0.83 -
TRINITY_DN984_c0_g1_i1:178-1557   -            460 884at3041            -            419    0.0025   14.8   0.0   2   2   0.00028     0.013   12.5   0.0   228   271   264   307   259   336 0.82 -
TRINITY_DN46992_c0_g1_i1:25-252   -             76 884at3041            -            419    0.0034   14.3   0.0   1   1   8.5e-05     0.004   14.1   0.0   273   317    32    76    27    76 0.91 -
TRINITY_DN65678_c0_g1_i1:9-623    -            205 884at3041            -            419     0.005   13.8   0.1   1   2      0.14       6.7    3.5   0.0   232   261     4    33     1    38 0.87 -
TRINITY_DN65678_c0_g1_i1:9-623    -            205 884at3041            -            419     0.005   13.8   0.1   2   2    0.0053      0.25    8.2   0.1   181   286    95   203    77   205 0.63 -
TRINITY_DN6296_c0_g1_i2:42-947    -            302 884at3041            -            419    0.0069   13.3   0.5   1   3         3   1.4e+02   -0.8   0.0   188   216    33    61    26    64 0.77 -
TRINITY_DN6296_c0_g1_i2:42-947    -            302 884at3041            -            419    0.0069   13.3   0.5   2   3      0.38        18    2.1   0.1   239   272   114   148   100   158 0.72 -
TRINITY_DN6296_c0_g1_i2:42-947    -            302 884at3041            -            419    0.0069   13.3   0.5   3   3    0.0084      0.39    7.6   0.0   265   294   192   221   187   227 0.93 -
TRINITY_DN57421_c0_g1_i2:139-282  -             48 884at3041            -            419    0.0091   13.0   0.1   1   1   0.00019    0.0091   13.0   0.1   275   310     2    37     1    48 0.60 -
TRINITY_DN1675_c0_g1_i3:1-778     -            220 884at3041            -            419     0.011   12.7   0.0   1   1   0.00034     0.016   12.2   0.0   246   308   120   182    97   220 0.74 -
TRINITY_DN1675_c0_g1_i2:1-660     -            220 884at3041            -            419     0.011   12.7   0.0   1   1   0.00034     0.016   12.2   0.0   246   308   120   182    97   220 0.74 -
TRINITY_DN24498_c0_g1_i1:150-689  -            180 884at3041            -            419     0.018   12.0   0.0   1   2     0.014      0.66    6.8   0.0   275   313    26    65     8    90 0.74 -
TRINITY_DN24498_c0_g1_i1:150-689  -            180 884at3041            -            419     0.018   12.0   0.0   2   2      0.14       6.6    3.5   0.0   230   256   152   178   116   180 0.77 -
TRINITY_DN6296_c0_g1_i1:135-1487  -            451 884at3041            -            419      0.02   11.8   3.6   1   6       6.7   3.2e+02   -2.0   0.0   189   216     7    34     3    37 0.78 -
TRINITY_DN6296_c0_g1_i1:135-1487  -            451 884at3041            -            419      0.02   11.8   3.6   2   6      0.66        31    1.3   0.1   240   272    88   121    74   131 0.72 -
TRINITY_DN6296_c0_g1_i1:135-1487  -            451 884at3041            -            419      0.02   11.8   3.6   3   6     0.014      0.66    6.8   0.0   265   294   165   194   160   200 0.93 -
TRINITY_DN6296_c0_g1_i1:135-1487  -            451 884at3041            -            419      0.02   11.8   3.6   4   6       2.3   1.1e+02   -0.4   0.0   271   297   279   305   228   310 0.78 -
TRINITY_DN6296_c0_g1_i1:135-1487  -            451 884at3041            -            419      0.02   11.8   3.6   5   6       6.9   3.2e+02   -2.0   0.0   190   214   348   372   343   379 0.62 -
TRINITY_DN6296_c0_g1_i1:135-1487  -            451 884at3041            -            419      0.02   11.8   3.6   6   6       5.2   2.4e+02   -1.6   0.0   393   412   424   443   416   450 0.74 -
TRINITY_DN2934_c0_g1_i4:1-1059    -            353 884at3041            -            419     0.021   11.8   0.0   1   2    0.0024      0.11    9.3   0.0   184   301   179   300   165   305 0.69 -
TRINITY_DN2934_c0_g1_i4:1-1059    -            353 884at3041            -            419     0.021   11.8   0.0   2   2    0.0092      0.43    7.4   0.0   184   214   275   306   262   349 0.80 -
TRINITY_DN4874_c0_g1_i1:2-460     -            153 884at3041            -            419     0.022   11.7   2.4   1   2    0.0021       0.1    9.5   0.1   249   306     6    63     3    68 0.77 -
TRINITY_DN4874_c0_g1_i1:2-460     -            153 884at3041            -            419     0.022   11.7   2.4   2   2      0.26        12    2.7   0.6    58   134    66   150    59   152 0.68 -
TRINITY_DN6296_c0_g1_i4:42-1475   -            478 884at3041            -            419     0.025   11.5   3.7   1   6       5.7   2.7e+02   -1.8   0.0   188   216    33    61    27    64 0.77 -
TRINITY_DN6296_c0_g1_i4:42-1475   -            478 884at3041            -            419     0.025   11.5   3.7   2   6      0.71        33    1.2   0.1   240   272   115   148   101   158 0.72 -
TRINITY_DN6296_c0_g1_i4:42-1475   -            478 884at3041            -            419     0.025   11.5   3.7   3   6     0.015      0.71    6.7   0.0   265   294   192   221   187   227 0.93 -
TRINITY_DN6296_c0_g1_i4:42-1475   -            478 884at3041            -            419     0.025   11.5   3.7   4   6       2.6   1.2e+02   -0.6   0.0   271   296   306   331   256   336 0.78 -
TRINITY_DN6296_c0_g1_i4:42-1475   -            478 884at3041            -            419     0.025   11.5   3.7   5   6       7.4   3.5e+02   -2.1   0.0   190   214   375   399   370   406 0.62 -
TRINITY_DN6296_c0_g1_i4:42-1475   -            478 884at3041            -            419     0.025   11.5   3.7   6   6       5.6   2.6e+02   -1.7   0.0   393   412   451   470   443   477 0.74 -
#
# Program:         hmmsearch
# Version:         3.2.1 (June 2018)
# Pipeline mode:   SEARCH
# Query file:      /sw/bioinfo/BUSCO/v5_lineage_sets/lineages/chlorophyta_odb10/hmms/884at3041.hmm
# Target file:     /crex/proj/snic2022-23-81/expression_algae/code/busco/trinity_VA-3180-Osg10Pal/run_chlorophyta_odb10/metaeuk_output/initial_results/trinity_VA-3180-Osg10Pal.Trinity.fasta.modified.fas
# Option settings: hmmsearch --domtblout /crex/proj/snic2022-23-81/expression_algae/code/busco/trinity_VA-3180-Osg10Pal/run_chlorophyta_odb10/hmmer_output/initial_run_results/884at3041.out --cpu 1 /sw/bioinfo/BUSCO/v5_lineage_sets/lineages/chlorophyta_odb10/hmms/884at3041.hmm /crex/proj/snic2022-23-81/expression_algae/code/busco/trinity_VA-3180-Osg10Pal/run_chlorophyta_odb10/metaeuk_output/initial_results/trinity_VA-3180-Osg10Pal.Trinity.fasta.modified.fas 
# Current dir:     /crex/proj/snic2022-23-81/expression_algae/code/busco
# Date:            Fri Sep 23 10:12:32 2022
# [ok]
