#                                                                                         --- full sequence --- -------------- this domain -------------   hmm coord   ali coord   env coord
# target name                     accession   tlen query name           accession   qlen   E-value  score  bias   #  of  c-Evalue  i-Evalue  score  bias  from    to  from    to  from    to  acc description of target
#             ------------------- ---------- ----- -------------------- ---------- ----- --------- ------ ----- --- --- --------- --------- ------ ----- ----- ----- ----- ----- ----- ----- ---- ---------------------
TRINITY_DN3128_c0_g1_i1:143-463   -            107 9283at3041           -            131   1.5e-11   42.3   0.3   1   1   3.6e-14   1.7e-11   42.1   0.3     8    83    29   106    22   107 0.90 -
TRINITY_DN3128_c0_g1_i2:143-463   -            107 9283at3041           -            131   1.5e-11   42.3   0.3   1   1   3.6e-14   1.7e-11   42.1   0.3     8    83    29   106    22   107 0.90 -
TRINITY_DN11214_c0_g2_i4:951-1187 -             79 9283at3041           -            131   1.2e-08   32.9   0.0   1   1   2.8e-11   1.4e-08   32.7   0.0    20    95     1    78     1    79 0.83 -
TRINITY_DN11214_c0_g2_i5:265-501  -             79 9283at3041           -            131   1.2e-08   32.9   0.0   1   1   2.8e-11   1.4e-08   32.7   0.0    20    95     1    78     1    79 0.83 -
TRINITY_DN11214_c0_g2_i2:952-1188 -             79 9283at3041           -            131   1.2e-08   32.9   0.0   1   1   2.8e-11   1.4e-08   32.7   0.0    20    95     1    78     1    79 0.83 -
TRINITY_DN11214_c0_g2_i6:951-1187 -             79 9283at3041           -            131   1.2e-08   32.9   0.0   1   1   2.8e-11   1.4e-08   32.7   0.0    20    95     1    78     1    79 0.83 -
TRINITY_DN1649_c0_g1_i2:173-511   -            113 9283at3041           -            131   1.6e-06   26.0   0.3   1   1   2.4e-08   1.1e-05   23.3   0.3     9    84    22   109    14   113 0.71 -
TRINITY_DN1649_c0_g1_i1:133-495   -            121 9283at3041           -            131   3.5e-06   24.9   0.2   1   1   3.6e-08   1.7e-05   22.7   0.2     9    84    30   117    22   121 0.71 -
TRINITY_DN1649_c0_g1_i3:133-495   -            121 9283at3041           -            131   3.5e-06   24.9   0.2   1   1   3.6e-08   1.7e-05   22.7   0.2     9    84    30   117    22   121 0.71 -
#
# Program:         hmmsearch
# Version:         3.2.1 (June 2018)
# Pipeline mode:   SEARCH
# Query file:      /sw/bioinfo/BUSCO/v5_lineage_sets/lineages/chlorophyta_odb10/hmms/9283at3041.hmm
# Target file:     /crex/proj/snic2022-23-81/expression_algae/code/busco/trinity_VA-3180-Osg10Pal/run_chlorophyta_odb10/metaeuk_output/initial_results/trinity_VA-3180-Osg10Pal.Trinity.fasta.modified.fas
# Option settings: hmmsearch --domtblout /crex/proj/snic2022-23-81/expression_algae/code/busco/trinity_VA-3180-Osg10Pal/run_chlorophyta_odb10/hmmer_output/initial_run_results/9283at3041.out --cpu 1 /sw/bioinfo/BUSCO/v5_lineage_sets/lineages/chlorophyta_odb10/hmms/9283at3041.hmm /crex/proj/snic2022-23-81/expression_algae/code/busco/trinity_VA-3180-Osg10Pal/run_chlorophyta_odb10/metaeuk_output/initial_results/trinity_VA-3180-Osg10Pal.Trinity.fasta.modified.fas 
# Current dir:     /crex/proj/snic2022-23-81/expression_algae/code/busco
# Date:            Fri Sep 23 10:12:33 2022
# [ok]
