#                                                                                         --- full sequence --- -------------- this domain -------------   hmm coord   ali coord   env coord
# target name                     accession   tlen query name           accession   qlen   E-value  score  bias   #  of  c-Evalue  i-Evalue  score  bias  from    to  from    to  from    to  acc description of target
#             ------------------- ---------- ----- -------------------- ---------- ----- --------- ------ ----- --- --- --------- --------- ------ ----- ----- ----- ----- ----- ----- ----- ---- ---------------------
TRINITY_DN10545_c0_g1_i1:340-855  -            172 9991at3041           -            255   1.5e-18   64.9   1.3   1   3    0.0004     0.025   11.7   0.0   147   183     7    42     2    61 0.76 -
TRINITY_DN10545_c0_g1_i1:340-855  -            172 9991at3041           -            255   1.5e-18   64.9   1.3   2   3     3e-11   1.9e-09   35.1   0.2   118   187    61   130    51   135 0.86 -
TRINITY_DN10545_c0_g1_i1:340-855  -            172 9991at3041           -            255   1.5e-18   64.9   1.3   3   3     1e-05   0.00065   16.9   0.0   147   184   133   169   129   172 0.76 -
TRINITY_DN6340_c0_g1_i1:257-1430  -            319 9991at3041           -            255   9.4e-16   55.7   4.3   1   4   5.7e-05    0.0036   14.5   0.2   111   211    66   169    43   171 0.79 -
TRINITY_DN6340_c0_g1_i1:257-1430  -            319 9991at3041           -            255   9.4e-16   55.7   4.3   2   4     2e-11   1.2e-09   35.7   0.0   117   208   162   253   147   255 0.88 -
TRINITY_DN6340_c0_g1_i1:257-1430  -            319 9991at3041           -            255   9.4e-16   55.7   4.3   3   4     0.004      0.26    8.4   0.0   144   179   234   269   232   276 0.83 -
TRINITY_DN6340_c0_g1_i1:257-1430  -            319 9991at3041           -            255   9.4e-16   55.7   4.3   4   4       0.1       6.3    3.9   0.1   151   177   289   315   276   319 0.83 -
TRINITY_DN6340_c0_g1_i2:257-1213  -            319 9991at3041           -            255   9.4e-16   55.7   4.3   1   4   5.7e-05    0.0036   14.5   0.2   111   211    66   169    43   171 0.79 -
TRINITY_DN6340_c0_g1_i2:257-1213  -            319 9991at3041           -            255   9.4e-16   55.7   4.3   2   4     2e-11   1.2e-09   35.7   0.0   117   208   162   253   147   255 0.88 -
TRINITY_DN6340_c0_g1_i2:257-1213  -            319 9991at3041           -            255   9.4e-16   55.7   4.3   3   4     0.004      0.26    8.4   0.0   144   179   234   269   232   276 0.83 -
TRINITY_DN6340_c0_g1_i2:257-1213  -            319 9991at3041           -            255   9.4e-16   55.7   4.3   4   4       0.1       6.3    3.9   0.1   151   177   289   315   276   319 0.83 -
TRINITY_DN2934_c0_g1_i3:1-1191    -            397 9991at3041           -            255   7.9e-15   52.7   1.6   1   3      0.25        16    2.6   0.0   182   221   117   156   112   165 0.85 -
TRINITY_DN2934_c0_g1_i3:1-1191    -            397 9991at3041           -            255   7.9e-15   52.7   1.6   2   3     0.061       3.9    4.6   0.2   160   184   193   217   176   244 0.63 -
TRINITY_DN2934_c0_g1_i3:1-1191    -            397 9991at3041           -            255   7.9e-15   52.7   1.6   3   3   5.7e-14   3.6e-12   44.0   0.4   108   211   232   339   217   356 0.81 -
TRINITY_DN2934_c0_g1_i5:1-648     -            216 9991at3041           -            255   1.6e-14   51.6   1.2   1   2     0.068       4.3    4.4   0.0   120   180    14    32     4    45 0.63 -
TRINITY_DN2934_c0_g1_i5:1-648     -            216 9991at3041           -            255   1.6e-14   51.6   1.2   2   2   1.7e-14     1e-12   45.7   0.5   108   211    51   158    40   175 0.81 -
TRINITY_DN3303_c0_g1_i4:37-501    -            155 9991at3041           -            255   4.8e-14   50.1   0.5   1   4   0.00017     0.011   12.9   0.0   158   178     6    26     2    37 0.83 -
TRINITY_DN3303_c0_g1_i4:37-501    -            155 9991at3041           -            255   4.8e-14   50.1   0.5   2   4    0.0049      0.31    8.2   0.0   145   181    36    71    27    80 0.79 -
TRINITY_DN3303_c0_g1_i4:37-501    -            155 9991at3041           -            255   4.8e-14   50.1   0.5   3   4   1.4e-07   9.1e-06   23.0   0.1   121   178    53   110    53   122 0.81 -
TRINITY_DN3303_c0_g1_i4:37-501    -            155 9991at3041           -            255   4.8e-14   50.1   0.5   4   4     0.015      0.96    6.5   0.0   148   175   123   149   113   153 0.80 -
TRINITY_DN2953_c0_g1_i1:94-1005   -            304 9991at3041           -            255   6.7e-14   49.6   2.1   1   4      0.14       8.9    3.4   0.0   146   179    18    50    10    64 0.75 -
TRINITY_DN2953_c0_g1_i1:94-1005   -            304 9991at3041           -            255   6.7e-14   49.6   2.1   2   4   2.1e-06   0.00013   19.2   0.4   114   179    70   136    56   147 0.82 -
TRINITY_DN2953_c0_g1_i1:94-1005   -            304 9991at3041           -            255   6.7e-14   49.6   2.1   3   4   1.4e-07     9e-06   23.0   0.1   112   190   152   235   147   277 0.80 -
TRINITY_DN2953_c0_g1_i1:94-1005   -            304 9991at3041           -            255   6.7e-14   49.6   2.1   4   4      0.82        52    0.9   0.0   157   177   252   272   247   298 0.76 -
TRINITY_DN2934_c0_g1_i4:1-1059    -            353 9991at3041           -            255   9.3e-13   45.9   0.4   1   3      0.21        13    2.8   0.0   182   221   117   156   112   165 0.85 -
TRINITY_DN2934_c0_g1_i4:1-1059    -            353 9991at3041           -            255   9.3e-13   45.9   0.4   2   3       0.1       6.3    3.9   0.1   161   181   194   214   177   237 0.69 -
TRINITY_DN2934_c0_g1_i4:1-1059    -            353 9991at3041           -            255   9.3e-13   45.9   0.4   3   3   1.7e-11     1e-09   35.9   0.1   108   178   232   307   218   319 0.82 -
TRINITY_DN1654_c0_g1_i1:166-555   -            130 9991at3041           -            255   1.1e-11   42.5   0.6   1   3   0.00063      0.04   11.1   0.0   146   177     6    36     2    44 0.78 -
TRINITY_DN1654_c0_g1_i1:166-555   -            130 9991at3041           -            255   1.1e-11   42.5   0.6   2   3   4.9e-07   3.1e-05   21.2   0.2   121   177    22    78    22    84 0.86 -
TRINITY_DN1654_c0_g1_i1:166-555   -            130 9991at3041           -            255   1.1e-11   42.5   0.6   3   3   4.5e-05    0.0028   14.8   0.1   143   177    87   120    80   128 0.84 -
TRINITY_DN3625_c0_g1_i1:569-1264  -            232 9991at3041           -            255   2.4e-11   41.3   4.4   1   3    0.0067      0.43    7.7   0.2   116   176    17    77    11    88 0.78 -
TRINITY_DN3625_c0_g1_i1:569-1264  -            232 9991at3041           -            255   2.4e-11   41.3   4.4   2   3   1.1e-05   0.00068   16.9   0.4   119   183    62   126    46   133 0.81 -
TRINITY_DN3625_c0_g1_i1:569-1264  -            232 9991at3041           -            255   2.4e-11   41.3   4.4   3   3   2.6e-07   1.6e-05   22.2   0.1   112   174   168   232   139   232 0.80 -
TRINITY_DN3168_c0_g1_i2:56-1093   -            346 9991at3041           -            255   3.2e-11   40.9   4.4   1   5     0.009      0.57    7.3   0.1   143   216    23    96    15   116 0.79 -
TRINITY_DN3168_c0_g1_i2:56-1093   -            346 9991at3041           -            255   3.2e-11   40.9   4.4   2   5   2.8e-05    0.0017   15.5   0.1   144   191   136   183   126   193 0.83 -
TRINITY_DN3168_c0_g1_i2:56-1093   -            346 9991at3041           -            255   3.2e-11   40.9   4.4   3   5   0.00026     0.016   12.3   0.1   155   183   193   221   183   234 0.59 -
TRINITY_DN3168_c0_g1_i2:56-1093   -            346 9991at3041           -            255   3.2e-11   40.9   4.4   4   5      0.11       7.1    3.7   0.0   144   187   248   291   240   298 0.74 -
TRINITY_DN3168_c0_g1_i2:56-1093   -            346 9991at3041           -            255   3.2e-11   40.9   4.4   5   5       2.7   1.7e+02   -0.8   0.0   196   221   320   344   318   346 0.87 -
TRINITY_DN3625_c0_g1_i3:137-964   -            276 9991at3041           -            255   6.2e-11   39.9   5.8   1   4       0.2        13    2.9   0.0   130   175    33    78    21    87 0.58 -
TRINITY_DN3625_c0_g1_i3:137-964   -            276 9991at3041           -            255   6.2e-11   39.9   5.8   2   4    0.0072      0.46    7.6   0.2   116   177    61   122    47   134 0.79 -
TRINITY_DN3625_c0_g1_i3:137-964   -            276 9991at3041           -            255   6.2e-11   39.9   5.8   3   4   1.5e-05   0.00093   16.4   0.4   119   183   106   170    90   177 0.81 -
TRINITY_DN3625_c0_g1_i3:137-964   -            276 9991at3041           -            255   6.2e-11   39.9   5.8   4   4   3.7e-07   2.3e-05   21.7   0.1   113   174   213   276   184   276 0.80 -
TRINITY_DN3625_c0_g1_i6:137-964   -            276 9991at3041           -            255   6.2e-11   39.9   5.8   1   4       0.2        13    2.9   0.0   130   175    33    78    21    87 0.58 -
TRINITY_DN3625_c0_g1_i6:137-964   -            276 9991at3041           -            255   6.2e-11   39.9   5.8   2   4    0.0072      0.46    7.6   0.2   116   177    61   122    47   134 0.79 -
TRINITY_DN3625_c0_g1_i6:137-964   -            276 9991at3041           -            255   6.2e-11   39.9   5.8   3   4   1.5e-05   0.00093   16.4   0.4   119   183   106   170    90   177 0.81 -
TRINITY_DN3625_c0_g1_i6:137-964   -            276 9991at3041           -            255   6.2e-11   39.9   5.8   4   4   3.7e-07   2.3e-05   21.7   0.1   113   174   213   276   184   276 0.80 -
TRINITY_DN2679_c0_g1_i1:118-804   -            229 9991at3041           -            255   7.6e-11   39.6   0.2   1   3   0.00013    0.0082   13.3   0.0   142   182    72   111    63   124 0.77 -
TRINITY_DN2679_c0_g1_i1:118-804   -            229 9991at3041           -            255   7.6e-11   39.6   0.2   2   3   1.9e-06   0.00012   19.3   0.0   114   175   127   188   111   193 0.78 -
TRINITY_DN2679_c0_g1_i1:118-804   -            229 9991at3041           -            255   7.6e-11   39.6   0.2   3   3     0.095         6    3.9   0.0   140   173   196   228   190   229 0.86 -
TRINITY_DN6347_c0_g2_i1:42-587    -            182 9991at3041           -            255     1e-10   39.2   5.3   1   3   5.9e-07   3.7e-05   21.0   1.1   111   175     2    70     1    80 0.81 -
TRINITY_DN6347_c0_g2_i1:42-587    -            182 9991at3041           -            255     1e-10   39.2   5.3   2   3   2.3e-06   0.00015   19.0   0.1   121   175    58   112    58   121 0.87 -
TRINITY_DN6347_c0_g2_i1:42-587    -            182 9991at3041           -            255     1e-10   39.2   5.3   3   3     0.013      0.81    6.8   0.0   143   175   123   154   116   167 0.84 -
TRINITY_DN1654_c0_g1_i4:15-356    -            114 9991at3041           -            255   1.1e-10   39.1   1.2   1   2   4.6e-08   2.9e-06   24.6   0.2   120   177    10    67     5    76 0.85 -
TRINITY_DN1654_c0_g1_i4:15-356    -            114 9991at3041           -            255   1.1e-10   39.1   1.2   2   2   0.00029     0.018   12.2   0.1   144   177    77   109    69   113 0.80 -
TRINITY_DN55666_c0_g1_i1:61-402   -            114 9991at3041           -            255   1.2e-10   39.0   4.5   1   2   2.9e-05    0.0018   15.5   0.2   146   176     4    32     1    60 0.80 -
TRINITY_DN55666_c0_g1_i1:61-402   -            114 9991at3041           -            255   1.2e-10   39.0   4.5   2   2   2.9e-08   1.8e-06   25.3   1.1   117   174    57   114    38   114 0.80 -
TRINITY_DN10986_c0_g1_i2:62-1030  -            323 9991at3041           -            255   4.5e-10   37.1   1.0   1   3   4.1e-08   2.6e-06   24.8   0.0   145   204    88   151    68   170 0.78 -
TRINITY_DN10986_c0_g1_i2:62-1030  -            323 9991at3041           -            255   4.5e-10   37.1   1.0   2   3      0.36        23    2.0   0.2   104   134   243   278   205   280 0.74 -
TRINITY_DN10986_c0_g1_i2:62-1030  -            323 9991at3041           -            255   4.5e-10   37.1   1.0   3   3    0.0013      0.08   10.1   0.3   148   218   250   318   237   323 0.71 -
TRINITY_DN4116_c0_g1_i1:32-733    -            234 9991at3041           -            255   5.5e-10   36.8   1.7   1   2     3e-07   1.9e-05   22.0   0.1   107   177    33   107    22   129 0.79 -
TRINITY_DN4116_c0_g1_i1:32-733    -            234 9991at3041           -            255   5.5e-10   36.8   1.7   2   2   5.5e-05    0.0035   14.5   0.2   118   206   133   222   123   229 0.69 -
TRINITY_DN3644_c0_g1_i3:1107-1973 -            289 9991at3041           -            255   7.3e-10   36.4   0.7   1   2   4.3e-05    0.0027   14.9   0.2   118   217    54   152    44   160 0.73 -
TRINITY_DN3644_c0_g1_i3:1107-1973 -            289 9991at3041           -            255   7.3e-10   36.4   0.7   2   2     9e-06   0.00057   17.1   0.0   119   174   185   240   182   271 0.86 -
TRINITY_DN4874_c0_g2_i1:1-888     -            296 9991at3041           -            255   1.2e-09   35.7   3.7   1   4   2.1e-06   0.00013   19.2   0.0   143   178    63    98    53   114 0.82 -
TRINITY_DN4874_c0_g2_i1:1-888     -            296 9991at3041           -            255   1.2e-09   35.7   3.7   2   4       1.8   1.1e+02   -0.2   0.0   143   175   106   137    96   143 0.80 -
TRINITY_DN4874_c0_g2_i1:1-888     -            296 9991at3041           -            255   1.2e-09   35.7   3.7   3   4   7.1e-05    0.0045   14.2   0.1   126   180   180   235   173   255 0.80 -
TRINITY_DN4874_c0_g2_i1:1-888     -            296 9991at3041           -            255   1.2e-09   35.7   3.7   4   4      0.86        55    0.8   0.0   120   137   258   276   246   296 0.68 -
TRINITY_DN42538_c0_g1_i1:3-431    -            143 9991at3041           -            255   2.8e-09   34.5   2.2   1   2   5.2e-06   0.00033   17.9   0.2   123   178     3    58     1    74 0.82 -
TRINITY_DN42538_c0_g1_i1:3-431    -            143 9991at3041           -            255   2.8e-09   34.5   2.2   2   2   1.7e-05     0.001   16.2   0.2   120   173    85   139    66   141 0.88 -
TRINITY_DN8322_c0_g4_i1:15-254    -             80 9991at3041           -            255   3.5e-09   34.2   0.4   1   1   6.8e-11   4.3e-09   33.9   0.4   107   175     4    76     2    80 0.86 -
TRINITY_DN22748_c0_g1_i1:3-1481   -            493 9991at3041           -            255   5.4e-09   33.6   1.1   1   3      0.28        18    2.4   0.0   157   176   226   245   219   261 0.77 -
TRINITY_DN22748_c0_g1_i1:3-1481   -            493 9991at3041           -            255   5.4e-09   33.6   1.1   2   3   1.5e-08   9.6e-07   26.2   0.1   105   178   262   340   245   360 0.79 -
TRINITY_DN22748_c0_g1_i1:3-1481   -            493 9991at3041           -            255   5.4e-09   33.6   1.1   3   3      0.26        16    2.5   0.0   158   179   362   383   341   432 0.77 -
TRINITY_DN3841_c0_g1_i2:284-892   -            203 9991at3041           -            255   1.1e-08   32.6   0.8   1   3   0.00051     0.032   11.4   0.0   157   178    16    37     4    46 0.84 -
TRINITY_DN3841_c0_g1_i2:284-892   -            203 9991at3041           -            255   1.1e-08   32.6   0.8   2   3   8.4e-06   0.00053   17.2   0.0   105   179    44   126    35   136 0.81 -
TRINITY_DN3841_c0_g1_i2:284-892   -            203 9991at3041           -            255   1.1e-08   32.6   0.8   3   3   0.00085     0.054   10.6   0.1   120   182   109   171   108   197 0.82 -
TRINITY_DN26872_c0_g1_i1:0-893    -            298 9991at3041           -            255   1.9e-08   31.8   2.9   1   4       6.6   4.1e+02   -2.1   0.0    81   122    30    71    25    77 0.85 -
TRINITY_DN26872_c0_g1_i1:0-893    -            298 9991at3041           -            255   1.9e-08   31.8   2.9   2   4       4.2   2.6e+02   -1.4   0.0   158   175    97   114    91   134 0.68 -
TRINITY_DN26872_c0_g1_i1:0-893    -            298 9991at3041           -            255   1.9e-08   31.8   2.9   3   4   2.1e-09   1.3e-07   29.0   1.3   119   178   142   202   137   236 0.89 -
TRINITY_DN26872_c0_g1_i1:0-893    -            298 9991at3041           -            255   1.9e-08   31.8   2.9   4   4       2.4   1.5e+02   -0.7   0.0   147   175   261   295   243   297 0.68 -
TRINITY_DN663_c0_g1_i2:270-1169   -            300 9991at3041           -            255   4.3e-08   30.6   5.2   1   3   7.3e-06   0.00046   17.4   0.1   107   182    57   136    52   149 0.87 -
TRINITY_DN663_c0_g1_i2:270-1169   -            300 9991at3041           -            255   4.3e-08   30.6   5.2   2   3     0.046       2.9    5.0   0.0   120   175   160   213   141   220 0.74 -
TRINITY_DN663_c0_g1_i2:270-1169   -            300 9991at3041           -            255   4.3e-08   30.6   5.2   3   3    0.0019      0.12    9.5   0.8    93   173   213   294   202   296 0.75 -
TRINITY_DN3303_c0_g1_i2:75-362    -             96 9991at3041           -            255   5.4e-08   30.3   0.2   1   2    0.0002     0.013   12.7   0.1   125   179     1    55     1    63 0.78 -
TRINITY_DN3303_c0_g1_i2:75-362    -             96 9991at3041           -            255   5.4e-08   30.3   0.2   2   2   2.7e-05    0.0017   15.5   0.0   145   176    64    94    58    96 0.86 -
TRINITY_DN3841_c0_g1_i6:137-1042  -            302 9991at3041           -            255   6.7e-08   30.0   3.7   1   5       4.4   2.8e+02   -1.5   0.0   144   182     4    43     2    58 0.71 -
TRINITY_DN3841_c0_g1_i6:137-1042  -            302 9991at3041           -            255   6.7e-08   30.0   3.7   2   5   0.00074     0.047   10.8   0.1   156   178    64    86    50    97 0.82 -
TRINITY_DN3841_c0_g1_i6:137-1042  -            302 9991at3041           -            255   6.7e-08   30.0   3.7   3   5   2.2e-05    0.0014   15.9   0.0   105   178    93   174    85   184 0.81 -
TRINITY_DN3841_c0_g1_i6:137-1042  -            302 9991at3041           -            255   6.7e-08   30.0   3.7   4   5   0.00081     0.051   10.7   0.1   119   182   157   220   156   254 0.82 -
TRINITY_DN3841_c0_g1_i6:137-1042  -            302 9991at3041           -            255   6.7e-08   30.0   3.7   5   5       2.2   1.4e+02   -0.6   0.0   154   173   283   302   242   302 0.62 -
TRINITY_DN2679_c0_g1_i2:439-786   -            116 9991at3041           -            255   1.1e-07   29.2   0.1   1   2   3.9e-07   2.4e-05   21.6   0.0   115   177    14    76     1    83 0.79 -
TRINITY_DN2679_c0_g1_i2:439-786   -            116 9991at3041           -            255   1.1e-07   29.2   0.1   2   2     0.015      0.93    6.6   0.0   139   174    81   115    75   116 0.86 -
TRINITY_DN12826_c0_g1_i1:326-847  -            174 9991at3041           -            255   1.6e-07   28.7   1.1   1   2   1.4e-06   8.7e-05   19.8   0.2   102   177    46   134     6   146 0.67 -
TRINITY_DN12826_c0_g1_i1:326-847  -            174 9991at3041           -            255   1.6e-07   28.7   1.1   2   2    0.0053      0.34    8.0   0.1   144   175   144   174   136   174 0.80 -
TRINITY_DN49433_c0_g1_i1:340-735  -            132 9991at3041           -            255   1.9e-07   28.5   1.4   1   2       1.6     1e+02   -0.1   0.0   148   173     6    30     2    55 0.63 -
TRINITY_DN49433_c0_g1_i1:340-735  -            132 9991at3041           -            255   1.9e-07   28.5   1.4   2   2   8.6e-09   5.4e-07   27.0   0.7   115   179    56   120    40   130 0.84 -
TRINITY_DN58975_c0_g1_i1:89-940   -            284 9991at3041           -            255   4.7e-07   27.2   0.5   1   2   1.7e-08   1.1e-06   26.0   0.1   111   179     9    76     6    86 0.91 -
TRINITY_DN58975_c0_g1_i1:89-940   -            284 9991at3041           -            255   4.7e-07   27.2   0.5   2   2       5.3   3.4e+02   -1.8   0.0   116   133   187   204   148   217 0.63 -
TRINITY_DN19672_c0_g1_i1:233-1774 -            514 9991at3041           -            255   5.2e-07   27.1   0.7   1   2     1e-06   6.6e-05   20.2   0.2   144   219   241   313   235   328 0.89 -
TRINITY_DN19672_c0_g1_i1:233-1774 -            514 9991at3041           -            255   5.2e-07   27.1   0.7   2   2     0.061       3.8    4.6   0.0   128   183   432   487   413   495 0.77 -
TRINITY_DN19672_c0_g1_i2:90-1799  -            570 9991at3041           -            255   6.8e-07   26.7   0.7   1   2   1.2e-06   7.6e-05   20.0   0.2   144   219   297   369   291   384 0.89 -
TRINITY_DN19672_c0_g1_i2:90-1799  -            570 9991at3041           -            255   6.8e-07   26.7   0.7   2   2     0.072       4.6    4.3   0.0   129   183   489   543   471   551 0.76 -
TRINITY_DN6347_c1_g2_i1:42-290    -             83 9991at3041           -            255   7.1e-07   26.6   0.6   1   1   1.2e-08   7.7e-07   26.5   0.6   117   175    13    71     2    80 0.83 -
TRINITY_DN58719_c0_g1_i1:2-670    -            223 9991at3041           -            255   8.9e-07   26.3   1.8   1   3    0.0002     0.013   12.7   0.3   114   159    33    79     5    85 0.58 -
TRINITY_DN58719_c0_g1_i1:2-670    -            223 9991at3041           -            255   8.9e-07   26.3   1.8   2   3   0.00031     0.019   12.1   0.1   143   177   115   148    98   157 0.85 -
TRINITY_DN58719_c0_g1_i1:2-670    -            223 9991at3041           -            255   8.9e-07   26.3   1.8   3   3       7.3   4.6e+02   -2.2   0.0   162   180   173   191   161   204 0.66 -
TRINITY_DN19153_c0_g1_i1:47-397   -            117 9991at3041           -            255   1.1e-06   26.0   0.4   1   2   9.8e-06   0.00062   17.0   0.1   144   203     1    56     1    61 0.84 -
TRINITY_DN19153_c0_g1_i1:47-397   -            117 9991at3041           -            255   1.1e-06   26.0   0.4   2   2    0.0047      0.29    8.2   0.1   117   174    59   116    56   117 0.83 -
TRINITY_DN3841_c0_g1_i3:137-637   -            167 9991at3041           -            255   1.5e-06   25.6   0.2   1   3       1.7   1.1e+02   -0.1   0.0   144   182     4    43     2    58 0.71 -
TRINITY_DN3841_c0_g1_i3:137-637   -            167 9991at3041           -            255   1.5e-06   25.6   0.2   2   3   0.00033     0.021   12.0   0.0   156   177    64    85    45    91 0.81 -
TRINITY_DN3841_c0_g1_i3:137-637   -            167 9991at3041           -            255   1.5e-06   25.6   0.2   3   3   0.00085     0.053   10.7   0.0   105   171    93   167    85   167 0.81 -
TRINITY_DN6347_c2_g1_i1:9-308     -            100 9991at3041           -            255   1.6e-06   25.5   1.0   1   2   6.1e-05    0.0039   14.4   0.1   121   175     3    56     1    60 0.93 -
TRINITY_DN6347_c2_g1_i1:9-308     -            100 9991at3041           -            255   1.6e-06   25.5   1.0   2   2     0.001     0.066   10.3   0.1   138   175    62    98    59   100 0.86 -
TRINITY_DN1069_c0_g1_i5:132-3008  -            959 9991at3041           -            255   1.9e-06   25.2   0.1   1   2    0.0075      0.48    7.5   0.0   134   193   115   174   107   215 0.77 -
TRINITY_DN1069_c0_g1_i5:132-3008  -            959 9991at3041           -            255   1.9e-06   25.2   0.1   2   2   7.2e-05    0.0045   14.2   0.2   114   213   237   337   217   357 0.77 -
TRINITY_DN39888_c0_g1_i1:19-231   -             71 9991at3041           -            255     2e-06   25.2   0.5   1   1   4.7e-08     3e-06   24.6   0.5   121   178     3    62     1    70 0.85 -
TRINITY_DN5915_c0_g1_i2:223-1104  -            294 9991at3041           -            255   3.2e-06   24.5   1.6   1   2     0.069       4.4    4.4   0.1   164   204    59    98     6   162 0.61 -
TRINITY_DN5915_c0_g1_i2:223-1104  -            294 9991at3041           -            255   3.2e-06   24.5   1.6   2   2   2.5e-05    0.0016   15.7   0.2    98   169   218   293   159   294 0.70 -
TRINITY_DN4874_c0_g2_i2:1-717     -            239 9991at3041           -            255   3.3e-06   24.4   0.4   1   3   1.2e-06   7.4e-05   20.0   0.1   143   179    63    99    53   127 0.81 -
TRINITY_DN4874_c0_g2_i2:1-717     -            239 9991at3041           -            255   3.3e-06   24.4   0.4   2   3       1.3        83    0.2   0.0   143   175   106   137    97   144 0.81 -
TRINITY_DN4874_c0_g2_i2:1-717     -            239 9991at3041           -            255   3.3e-06   24.4   0.4   3   3      0.52        33    1.5   0.0   119   137   200   219   183   239 0.68 -
TRINITY_DN1069_c0_g1_i4:12-3785   -           1258 9991at3041           -            255   4.4e-06   24.0   0.1   1   2     0.012      0.76    6.9   0.0   134   193    89   148    81   185 0.80 -
TRINITY_DN1069_c0_g1_i4:12-3785   -           1258 9991at3041           -            255   4.4e-06   24.0   0.1   2   2    0.0001    0.0066   13.6   0.2   114   213   211   311   192   331 0.77 -
TRINITY_DN8322_c0_g1_i2:7-303     -             99 9991at3041           -            255   4.4e-06   24.0   1.3   1   1   2.8e-06   0.00018   18.8   0.5   111   175    35    99    14    99 0.76 -
TRINITY_DN1069_c0_g1_i3:12-3863   -           1284 9991at3041           -            255   4.6e-06   24.0   0.1   1   2     0.012      0.78    6.8   0.0   134   193   115   174   107   211 0.80 -
TRINITY_DN1069_c0_g1_i3:12-3863   -           1284 9991at3041           -            255   4.6e-06   24.0   0.1   2   2   0.00011    0.0067   13.6   0.2   114   213   237   337   218   357 0.77 -
TRINITY_DN663_c0_g1_i3:270-851    -            194 9991at3041           -            255   7.8e-06   23.2   0.3   1   2   1.6e-06   9.9e-05   19.6   0.2   106   182    56   136    44   172 0.83 -
TRINITY_DN663_c0_g1_i3:270-851    -            194 9991at3041           -            255   7.8e-06   23.2   0.3   2   2      0.29        18    2.4   0.0   157   185   153   183   138   191 0.70 -
TRINITY_DN19750_c0_g1_i1:35-457   -            141 9991at3041           -            255   4.1e-05   20.9   1.1   1   2     0.016         1    6.5   0.0   144   176     4    36     2    54 0.88 -
TRINITY_DN19750_c0_g1_i1:35-457   -            141 9991at3041           -            255   4.1e-05   20.9   1.1   2   2   9.8e-05    0.0062   13.7   0.3   111   175    60   124    39   139 0.81 -
TRINITY_DN48962_c0_g1_i1:113-526  -            138 9991at3041           -            255   4.1e-05   20.8   0.3   1   2       3.8   2.4e+02   -1.3   0.0   151   169    16    35     8    49 0.57 -
TRINITY_DN48962_c0_g1_i1:113-526  -            138 9991at3041           -            255   4.1e-05   20.8   0.3   2   2   1.6e-06    0.0001   19.6   0.1   132   184    51   103    40   112 0.87 -
TRINITY_DN57421_c0_g1_i1:109-588  -            160 9991at3041           -            255   6.4e-05   20.2   6.0   1   4      0.15       9.4    3.3   0.2   166   179    15    28     7    42 0.81 -
TRINITY_DN57421_c0_g1_i1:109-588  -            160 9991at3041           -            255   6.4e-05   20.2   6.0   2   4   0.00072     0.045   10.9   1.5   129   178    20    69    16    75 0.72 -
TRINITY_DN57421_c0_g1_i1:109-588  -            160 9991at3041           -            255   6.4e-05   20.2   6.0   3   4    0.0002     0.013   12.7   0.3   112   174    45   107    31   137 0.71 -
TRINITY_DN57421_c0_g1_i1:109-588  -            160 9991at3041           -            255   6.4e-05   20.2   6.0   4   4     0.004      0.26    8.4   0.2   105   176    76   151    71   155 0.68 -
TRINITY_DN24498_c0_g1_i1:150-689  -            180 9991at3041           -            255   0.00011   19.5   0.0   1   1   3.2e-06    0.0002   18.6   0.0   143   179    25    61    14    71 0.89 -
TRINITY_DN8526_c0_g1_i1:53-313    -             87 9991at3041           -            255   0.00015   19.1   0.3   1   2    0.0025      0.16    9.1   0.0   153   186    21    55    15    62 0.73 -
TRINITY_DN8526_c0_g1_i1:53-313    -             87 9991at3041           -            255   0.00015   19.1   0.3   2   2   9.9e-05    0.0062   13.7   0.1   118   173    29    87    26    87 0.71 -
TRINITY_DN60023_c0_g1_i1:1-504    -            168 9991at3041           -            255    0.0002   18.6   0.0   1   2     0.032         2    5.5   0.0   140   180    11    51     2    67 0.82 -
TRINITY_DN60023_c0_g1_i1:1-504    -            168 9991at3041           -            255    0.0002   18.6   0.0   2   2   0.00064     0.041   11.0   0.0   160   207    72   120    70   161 0.85 -
TRINITY_DN4116_c0_g1_i3:164-559   -            132 9991at3041           -            255   0.00025   18.3   0.2   1   2     0.038       2.4    5.2   0.0   143   177    16    49     8    67 0.77 -
TRINITY_DN4116_c0_g1_i3:164-559   -            132 9991at3041           -            255   0.00025   18.3   0.2   2   2   0.00044     0.028   11.6   0.1   117   174    74   132    66   132 0.75 -
TRINITY_DN45883_c0_g1_i1:186-596  -            137 9991at3041           -            255   0.00028   18.1   0.3   1   2   1.3e-05   0.00084   16.6   0.2   153   209    13    66     3    92 0.79 -
TRINITY_DN45883_c0_g1_i1:186-596  -            137 9991at3041           -            255   0.00028   18.1   0.3   2   2       1.6        99   -0.1   0.0   111   134    96   119    68   130 0.59 -
TRINITY_DN7341_c0_g1_i1:2625-3305 -            227 9991at3041           -            255   0.00034   17.8   0.6   1   2       1.5        92    0.0   0.1   118   160    51    92    17   104 0.56 -
TRINITY_DN7341_c0_g1_i1:2625-3305 -            227 9991at3041           -            255   0.00034   17.8   0.6   2   2   1.7e-05    0.0011   16.2   0.4   139   215   110   181    42   201 0.75 -
TRINITY_DN45883_c0_g1_i2:186-506  -            107 9991at3041           -            255   0.00036   17.8   0.1   1   1   6.5e-06   0.00041   17.6   0.1   153   209    13    66     3    92 0.79 -
TRINITY_DN65678_c0_g1_i1:9-623    -            205 9991at3041           -            255   0.00037   17.7   0.3   1   2   0.00013    0.0082   13.3   0.0   105   178     6    79     2    95 0.79 -
TRINITY_DN65678_c0_g1_i1:9-623    -            205 9991at3041           -            255   0.00037   17.7   0.3   2   2      0.33        21    2.2   0.1   160   186   165   191   121   199 0.65 -
TRINITY_DN58564_c0_g1_i1:0-896    -            299 9991at3041           -            255    0.0004   17.6   0.4   1   2      0.51        32    1.5   0.0   146   184    19    56     6    62 0.69 -
TRINITY_DN58564_c0_g1_i1:0-896    -            299 9991at3041           -            255    0.0004   17.6   0.4   2   2   9.8e-05    0.0062   13.7   0.5   119   208   176   267   153   286 0.81 -
TRINITY_DN3156_c0_g1_i1:2-934     -            311 9991at3041           -            255    0.0007   16.8   0.0   1   2   0.00028     0.018   12.2   0.0   145   185   216   256   198   263 0.81 -
TRINITY_DN3156_c0_g1_i1:2-934     -            311 9991at3041           -            255    0.0007   16.8   0.0   2   2      0.34        22    2.1   0.0   161   183   280   302   272   310 0.81 -
TRINITY_DN3841_c0_g1_i5:639-1130  -            164 9991at3041           -            255    0.0022   15.2   0.3   1   2    0.0001    0.0063   13.7   0.1   118   182    20    84    15   121 0.80 -
TRINITY_DN3841_c0_g1_i5:639-1130  -            164 9991at3041           -            255    0.0022   15.2   0.3   2   2       6.2   3.9e+02   -2.0   0.0    76    95   142   162   130   164 0.61 -
TRINITY_DN3117_c0_g1_i2:314-1285  -            324 9991at3041           -            255    0.0028   14.9   0.6   1   3    0.0045      0.28    8.3   0.0   158   179    64    85    50    97 0.82 -
TRINITY_DN3117_c0_g1_i2:314-1285  -            324 9991at3041           -            255    0.0028   14.9   0.6   2   3     0.088       5.6    4.0   0.1   119   178   161   220   149   263 0.79 -
TRINITY_DN3117_c0_g1_i2:314-1285  -            324 9991at3041           -            255    0.0028   14.9   0.6   3   3       5.6   3.5e+02   -1.9   0.0   135   173   275   312   250   315 0.71 -
TRINITY_DN3117_c0_g1_i1:83-976    -            298 9991at3041           -            255    0.0035   14.5   0.4   1   2     0.004      0.25    8.4   0.0   158   179    64    85    50    97 0.82 -
TRINITY_DN3117_c0_g1_i1:83-976    -            298 9991at3041           -            255    0.0035   14.5   0.4   2   2     0.077       4.8    4.2   0.1   118   178   160   220   148   261 0.79 -
TRINITY_DN8322_c0_g2_i2:34-249    -             72 9991at3041           -            255    0.0035   14.5   0.1   1   1   0.00022     0.014   12.6   0.1   117   173    16    72     1    72 0.76 -
TRINITY_DN6347_c0_g1_i1:1-324     -            108 9991at3041           -            255    0.0047   14.1   0.1   1   1    0.0011      0.07   10.3   0.1   119   177    14    72     1    93 0.68 -
TRINITY_DN1675_c0_g1_i3:1-778     -            220 9991at3041           -            255    0.0061   13.7   0.0   1   1   0.00014    0.0089   13.2   0.0   117   173   120   177   110   189 0.70 -
TRINITY_DN1675_c0_g1_i2:1-660     -            220 9991at3041           -            255    0.0061   13.7   0.0   1   1   0.00014    0.0088   13.2   0.0   117   173   120   177   108   189 0.71 -
TRINITY_DN10850_c0_g1_i2:31-528   -            166 9991at3041           -            255    0.0087   13.2   2.5   1   2    0.0025      0.16    9.1   0.1   144   179     2    36     1    48 0.83 -
TRINITY_DN10850_c0_g1_i2:31-528   -            166 9991at3041           -            255    0.0087   13.2   2.5   2   2     0.059       3.7    4.6   0.5   112   176    97   163    55   166 0.69 -
#
# Program:         hmmsearch
# Version:         3.2.1 (June 2018)
# Pipeline mode:   SEARCH
# Query file:      /sw/bioinfo/BUSCO/v5_lineage_sets/lineages/chlorophyta_odb10/hmms/9991at3041.hmm
# Target file:     /crex/proj/snic2022-23-81/expression_algae/code/busco/trinity_VA-3180-Osg10Pal/run_chlorophyta_odb10/metaeuk_output/initial_results/trinity_VA-3180-Osg10Pal.Trinity.fasta.modified.fas
# Option settings: hmmsearch --domtblout /crex/proj/snic2022-23-81/expression_algae/code/busco/trinity_VA-3180-Osg10Pal/run_chlorophyta_odb10/hmmer_output/initial_run_results/9991at3041.out --cpu 1 /sw/bioinfo/BUSCO/v5_lineage_sets/lineages/chlorophyta_odb10/hmms/9991at3041.hmm /crex/proj/snic2022-23-81/expression_algae/code/busco/trinity_VA-3180-Osg10Pal/run_chlorophyta_odb10/metaeuk_output/initial_results/trinity_VA-3180-Osg10Pal.Trinity.fasta.modified.fas 
# Current dir:     /crex/proj/snic2022-23-81/expression_algae/code/busco
# Date:            Fri Sep 23 10:12:32 2022
# [ok]
