#                                                                                         --- full sequence --- -------------- this domain -------------   hmm coord   ali coord   env coord
# target name                     accession   tlen query name           accession   qlen   E-value  score  bias   #  of  c-Evalue  i-Evalue  score  bias  from    to  from    to  from    to  acc description of target
#             ------------------- ---------- ----- -------------------- ---------- ----- --------- ------ ----- --- --- --------- --------- ------ ----- ----- ----- ----- ----- ----- ----- ---- ---------------------
TRINITY_DN14609_c0_g1_i1:17-550   -            178 10065at3041          -            118   1.9e-53  176.7   0.1   1   1     3e-55   2.4e-53  176.3   0.1     1   110     8   124     8   128 0.92 -
TRINITY_DN32460_c0_g1_i1:180-503  -            108 10065at3041          -            118   4.2e-20   69.1   0.1   1   1   6.3e-22   5.2e-20   68.8   0.1    17   103    13   101     6   107 0.85 -
TRINITY_DN7732_c0_g1_i1:50-451    -            134 10065at3041          -            118   9.5e-18   61.5   0.0   1   1   1.4e-19   1.1e-17   61.3   0.0     2   108     8   122     7   130 0.86 -
TRINITY_DN50552_c0_g1_i1:65-325   -             87 10065at3041          -            118   4.3e-17   59.4   0.5   1   1   5.9e-19   4.8e-17   59.2   0.5    11    83    14    87     5    87 0.90 -
TRINITY_DN393_c0_g1_i2:887-1189   -            101 10065at3041          -            118   2.3e-16   57.0   0.0   1   1   3.1e-18   2.5e-16   56.9   0.0    15   109     4   101     1   101 0.85 -
TRINITY_DN393_c0_g1_i3:887-1189   -            101 10065at3041          -            118   2.3e-16   57.0   0.0   1   1   3.1e-18   2.5e-16   56.9   0.0    15   109     4   101     1   101 0.85 -
TRINITY_DN26774_c0_g1_i1:147-371  -             75 10065at3041          -            118   1.6e-15   54.4   0.3   1   1   2.2e-17   1.8e-15   54.2   0.3    16    83     7    75     3    75 0.94 -
TRINITY_DN9014_c0_g1_i2:365-628   -             88 10065at3041          -            118   7.3e-14   49.0   0.2   1   1   9.5e-16   7.7e-14   48.9   0.2    24   106     4    87     1    88 0.89 -
TRINITY_DN1976_c0_g1_i7:1063-1482 -            140 10065at3041          -            118   2.5e-13   47.3   0.0   1   1   3.5e-15   2.9e-13   47.1   0.0    19   108    25   120     1   128 0.75 -
TRINITY_DN4923_c0_g2_i1:391-735   -            115 10065at3041          -            118   7.4e-12   42.5   0.0   1   1     9e-14   7.4e-12   42.5   0.0    20    97    27   107     1   115 0.77 -
TRINITY_DN3713_c0_g1_i3:216-461   -             82 10065at3041          -            118   1.7e-11   41.3   0.0   1   1   2.3e-13   1.9e-11   41.2   0.0    26    86     1    64     1    76 0.85 -
TRINITY_DN49354_c0_g1_i1:29-298   -             90 10065at3041          -            118   1.9e-11   41.2   0.0   1   1   2.4e-13     2e-11   41.1   0.0    26    85     2    64     1    87 0.82 -
TRINITY_DN24992_c0_g1_i1:241-567  -            109 10065at3041          -            118   3.3e-11   40.4   0.0   1   1   4.4e-13   3.6e-11   40.3   0.0    20    97    20    99     3   109 0.81 -
TRINITY_DN46430_c0_g1_i1:1-210    -             70 10065at3041          -            118   7.6e-11   39.2   0.0   1   1     1e-12   8.5e-11   39.1   0.0    27    85     1    62     1    68 0.86 -
TRINITY_DN24955_c0_g1_i1:430-744  -            105 10065at3041          -            118   7.9e-11   39.2   0.0   1   1     1e-12   8.4e-11   39.1   0.0    19    86    18    87     1   102 0.80 -
TRINITY_DN25352_c0_g1_i1:243-482  -             80 10065at3041          -            118   3.3e-10   37.2   0.0   1   1   4.3e-12   3.5e-10   37.1   0.0    21    87    11    79     3    80 0.86 -
TRINITY_DN21601_c0_g1_i1:116-397  -             94 10065at3041          -            118   5.9e-10   36.4   0.0   1   1   8.2e-12   6.7e-10   36.2   0.0    26    88     9    73     3    92 0.84 -
TRINITY_DN292_c0_g1_i2:1446-1718  -             91 10065at3041          -            118   2.3e-09   34.5   0.0   1   1   3.1e-11   2.6e-09   34.3   0.0    22    83    20    86     2    91 0.74 -
TRINITY_DN2251_c0_g1_i2:1211-1429 -             73 10065at3041          -            118   5.5e-09   33.2   0.0   1   1   7.9e-11   6.4e-09   33.0   0.0    24    82     3    66     1    71 0.84 -
TRINITY_DN2251_c0_g1_i3:2015-2233 -             73 10065at3041          -            118   5.5e-09   33.2   0.0   1   1   7.9e-11   6.4e-09   33.0   0.0    24    82     3    66     1    71 0.84 -
TRINITY_DN2251_c0_g1_i6:662-880   -             73 10065at3041          -            118   5.5e-09   33.2   0.0   1   1   7.9e-11   6.4e-09   33.0   0.0    24    82     3    66     1    71 0.84 -
TRINITY_DN2251_c0_g1_i7:1677-1895 -             73 10065at3041          -            118   5.5e-09   33.2   0.0   1   1   7.9e-11   6.4e-09   33.0   0.0    24    82     3    66     1    71 0.84 -
TRINITY_DN38888_c0_g1_i1:139-771  -            211 10065at3041          -            118   9.6e-09   32.5   0.0   1   1   1.6e-10   1.3e-08   32.1   0.0    23    91    86   157    68   182 0.75 -
TRINITY_DN14598_c0_g1_i1:322-588  -             89 10065at3041          -            118   1.2e-08   32.2   0.1   1   1   1.7e-10   1.4e-08   32.0   0.1    27    84     3    62     2    84 0.90 -
TRINITY_DN292_c0_g2_i1:7-174      -             56 10065at3041          -            118   1.3e-08   32.0   0.0   1   1   1.8e-10   1.5e-08   31.9   0.0    23    74     1    56     1    56 0.81 -
TRINITY_DN1314_c0_g1_i2:55-474    -            140 10065at3041          -            118   1.5e-08   31.8   0.0   1   1   2.5e-10   2.1e-08   31.4   0.0    17    83    43   115    29   132 0.78 -
TRINITY_DN292_c0_g1_i1:93-341     -             83 10065at3041          -            118   2.1e-08   31.4   0.0   1   1   2.7e-10   2.2e-08   31.3   0.0    22    77    20    80     2    83 0.68 -
TRINITY_DN292_c0_g2_i2:787-1038   -             84 10065at3041          -            118   5.1e-08   30.1   0.0   1   1   7.6e-10   6.2e-08   29.9   0.0    21    83    11    75     4    82 0.86 -
TRINITY_DN2251_c0_g1_i7:573-854   -             94 10065at3041          -            118   1.5e-07   28.6   0.1   1   1   2.1e-09   1.7e-07   28.4   0.1    26    97     3    77     1    92 0.67 -
TRINITY_DN33001_c0_g1_i2:338-658  -            107 10065at3041          -            118   1.7e-07   28.4   0.0   1   1   2.5e-09     2e-07   28.2   0.0    15    84    29    97    17   104 0.83 -
TRINITY_DN2251_c0_g1_i2:176-388   -             71 10065at3041          -            118     2e-07   28.2   0.1   1   1   2.7e-09   2.2e-07   28.1   0.1    26    86     3    65     1    70 0.70 -
TRINITY_DN31327_c0_g1_i1:321-677  -            119 10065at3041          -            118   4.5e-07   27.1   0.0   1   1   7.9e-09   6.5e-07   26.6   0.0    20    70    31    84    26    94 0.84 -
TRINITY_DN47051_c0_g1_i1:47-286   -             80 10065at3041          -            118   6.4e-06   23.4   0.0   1   1   8.2e-08   6.7e-06   23.3   0.0    29    83     1    57     1    77 0.79 -
TRINITY_DN24332_c0_g1_i1:136-579  -            148 10065at3041          -            118   1.8e-05   21.9   0.0   1   1   2.7e-07   2.2e-05   21.7   0.0    22    85    22    91     8   118 0.79 -
TRINITY_DN1205_c0_g1_i1:1589-1780 -             64 10065at3041          -            118   2.7e-05   21.3   0.1   1   1   3.8e-07   3.1e-05   21.1   0.1    27    81     8    63     5    64 0.94 -
TRINITY_DN1380_c1_g1_i2:21-1589   -            523 10065at3041          -            118   0.00035   17.7   0.0   1   1   7.9e-06   0.00065   16.9   0.0    22    49    26    53    15   103 0.83 -
TRINITY_DN37109_c0_g1_i1:158-400  -             81 10065at3041          -            118    0.0024   15.1   0.0   1   1     3e-05    0.0025   15.0   0.0    28    62     7    45     1    73 0.69 -
#
# Program:         hmmsearch
# Version:         3.2.1 (June 2018)
# Pipeline mode:   SEARCH
# Query file:      /sw/bioinfo/BUSCO/v5_lineage_sets/lineages/chlorophyta_odb10/hmms/10065at3041.hmm
# Target file:     /crex/proj/snic2022-23-81/expression_algae/code/busco/trinity_VA-3180-Osg11Pal/run_chlorophyta_odb10/metaeuk_output/initial_results/trinity_VA-3180-Osg11Pal.Trinity.fasta.modified.fas
# Option settings: hmmsearch --domtblout /crex/proj/snic2022-23-81/expression_algae/code/busco/trinity_VA-3180-Osg11Pal/run_chlorophyta_odb10/hmmer_output/initial_run_results/10065at3041.out --cpu 1 /sw/bioinfo/BUSCO/v5_lineage_sets/lineages/chlorophyta_odb10/hmms/10065at3041.hmm /crex/proj/snic2022-23-81/expression_algae/code/busco/trinity_VA-3180-Osg11Pal/run_chlorophyta_odb10/metaeuk_output/initial_results/trinity_VA-3180-Osg11Pal.Trinity.fasta.modified.fas 
# Current dir:     /crex/proj/snic2022-23-81/expression_algae/code/busco
# Date:            Fri Sep 23 10:12:09 2022
# [ok]
