#                                                                                         --- full sequence --- -------------- this domain -------------   hmm coord   ali coord   env coord
# target name                     accession   tlen query name           accession   qlen   E-value  score  bias   #  of  c-Evalue  i-Evalue  score  bias  from    to  from    to  from    to  acc description of target
#             ------------------- ---------- ----- -------------------- ---------- ----- --------- ------ ----- --- --- --------- --------- ------ ----- ----- ----- ----- ----- ----- ----- ---- ---------------------
TRINITY_DN42887_c0_g1_i1:49-147   -             33 10100at3041          -            213   1.3e-10   38.6   2.3   1   1   5.7e-13   1.3e-10   38.6   2.3   179   210     2    33     1    33 0.95 -
TRINITY_DN53328_c0_g1_i1:831-1307 -            159 10100at3041          -            213   1.8e-10   38.2   7.2   1   1   1.5e-12   3.6e-10   37.2   7.2   160   213    14    70    11    70 0.88 -
TRINITY_DN1420_c0_g1_i3:197-418   -             74 10100at3041          -            213   5.1e-07   26.9   3.3   1   1   2.6e-09     6e-07   26.7   3.3   161   207     4    56     1    60 0.81 -
TRINITY_DN38523_c0_g1_i1:228-434  -             69 10100at3041          -            213   8.8e-07   26.1   2.9   1   1   4.3e-09     1e-06   25.9   2.9   164   205    23    67    19    69 0.83 -
TRINITY_DN1420_c0_g1_i1:546-701   -             52 10100at3041          -            213   1.9e-06   25.1   4.3   1   1   8.9e-09   2.1e-06   24.9   4.3   161   203     4    52     1    52 0.81 -
TRINITY_DN57379_c0_g1_i1:71-160   -             30 10100at3041          -            213   1.1e-05   22.6   2.1   1   1   4.6e-08   1.1e-05   22.6   2.1   179   206     1    28     1    30 0.96 -
TRINITY_DN24497_c0_g1_i1:5-160    -             52 10100at3041          -            213   0.00012   19.2  10.8   1   1   5.3e-07   0.00012   19.1  10.8   160   204     3    51     1    52 0.86 -
TRINITY_DN41182_c0_g1_i1:64-168   -             35 10100at3041          -            213   0.00017   18.7   5.1   1   1   7.4e-07   0.00017   18.6   5.1   178   201    12    35     6    35 0.95 -
TRINITY_DN28402_c0_g1_i1:276-467  -             64 10100at3041          -            213    0.0028   14.7   2.7   1   2      0.81   1.9e+02   -1.1   0.1   197   206     5    14     2    17 0.82 -
TRINITY_DN28402_c0_g1_i1:276-467  -             64 10100at3041          -            213    0.0028   14.7   2.7   2   2   1.2e-05    0.0028   14.7   2.7   178   205    33    62    25    64 0.83 -
TRINITY_DN17400_c0_g1_i1:602-1090 -            163 10100at3041          -            213     0.013   12.5  10.7   1   1   8.7e-05      0.02   11.9  10.7   164   206     3    50     1    54 0.84 -
TRINITY_DN33680_c0_g1_i1:84-206   -             41 10100at3041          -            213      0.02   11.9   1.1   1   1     9e-05     0.021   11.8   1.1   164   199     3    41     1    41 0.84 -
TRINITY_DN4492_c0_g1_i1:287-835   -            183 10100at3041          -            213     0.035   11.1   6.2   1   1   0.00036     0.085    9.8   6.2   161   202   137   183   132   183 0.75 -
TRINITY_DN56109_c0_g1_i1:157-291  -             45 10100at3041          -            213      0.17    8.8  14.5   1   1   0.00081      0.19    8.7  14.5   164   201     5    45     2    45 0.85 -
#
# Program:         hmmsearch
# Version:         3.2.1 (June 2018)
# Pipeline mode:   SEARCH
# Query file:      /sw/bioinfo/BUSCO/v5_lineage_sets/lineages/chlorophyta_odb10/hmms/10100at3041.hmm
# Target file:     /crex/proj/snic2022-23-81/expression_algae/code/busco/trinity_VA-3180-Osg11Pal/run_chlorophyta_odb10/metaeuk_output/initial_results/trinity_VA-3180-Osg11Pal.Trinity.fasta.modified.fas
# Option settings: hmmsearch --domtblout /crex/proj/snic2022-23-81/expression_algae/code/busco/trinity_VA-3180-Osg11Pal/run_chlorophyta_odb10/hmmer_output/initial_run_results/10100at3041.out --cpu 1 /sw/bioinfo/BUSCO/v5_lineage_sets/lineages/chlorophyta_odb10/hmms/10100at3041.hmm /crex/proj/snic2022-23-81/expression_algae/code/busco/trinity_VA-3180-Osg11Pal/run_chlorophyta_odb10/metaeuk_output/initial_results/trinity_VA-3180-Osg11Pal.Trinity.fasta.modified.fas 
# Current dir:     /crex/proj/snic2022-23-81/expression_algae/code/busco
# Date:            Fri Sep 23 10:12:09 2022
# [ok]
