#                                                                                        --- full sequence --- -------------- this domain -------------   hmm coord   ali coord   env coord
# target name                    accession   tlen query name           accession   qlen   E-value  score  bias   #  of  c-Evalue  i-Evalue  score  bias  from    to  from    to  from    to  acc description of target
#            ------------------- ---------- ----- -------------------- ---------- ----- --------- ------ ----- --- --- --------- --------- ------ ----- ----- ----- ----- ----- ----- ----- ---- ---------------------
TRINITY_DN3533_c0_g4_i2:216-1793 -            526 1080at3041           -            465  1.6e-148  492.6   5.9   1   2  4.8e-142  3.1e-140  465.3   2.1    66   413    57   428    47   434 0.92 -
TRINITY_DN3533_c0_g4_i2:216-1793 -            526 1080at3041           -            465  1.6e-148  492.6   5.9   2   2   9.5e-10   6.3e-08   29.1   0.1   411   464   447   500   438   501 0.93 -
TRINITY_DN741_c2_g1_i2:1-741     -            247 1080at3041           -            465    6e-144  477.5   1.7   1   1    1e-145  6.9e-144  477.3   1.7   112   344     1   247     1   247 0.95 -
TRINITY_DN741_c0_g2_i1:548-3004  -            819 1080at3041           -            465  1.8e-111  370.4   0.1   1   2   6.8e-59   4.5e-57  191.1   0.2    62   287   206   438   192   464 0.93 -
TRINITY_DN741_c0_g2_i1:548-3004  -            819 1080at3041           -            465  1.8e-111  370.4   0.1   2   2   1.3e-54   8.7e-53  177.0   0.0    65   302   482   729   466   735 0.90 -
TRINITY_DN741_c0_g1_i1:409-1641  -            411 1080at3041           -            465   1.6e-94  314.5   1.8   1   1   3.2e-96   2.1e-94  314.2   1.8    60   412    15   394     7   400 0.86 -
TRINITY_DN3940_c0_g1_i1:2-691    -            230 1080at3041           -            465     2e-94  314.2   1.2   1   1   3.4e-96   2.2e-94  314.1   1.2    83   295     1   230     1   230 0.90 -
TRINITY_DN3533_c0_g4_i1:71-868   -            266 1080at3041           -            465   1.7e-91  304.6   2.1   1   1   3.1e-93     2e-91  304.3   2.1    66   266    57   266    46   266 0.94 -
TRINITY_DN741_c0_g4_i1:99-1979   -            627 1080at3041           -            465   2.1e-82  274.6  10.1   1   3   9.4e-72   6.2e-70  233.5   1.1    67   299   148   388   142   404 0.91 -
TRINITY_DN741_c0_g4_i1:99-1979   -            627 1080at3041           -            465   2.1e-82  274.6  10.1   2   3   1.5e-11   9.7e-10   35.0   0.5   308   412   423   534   418   559 0.88 -
TRINITY_DN741_c0_g4_i1:99-1979   -            627 1080at3041           -            465   2.1e-82  274.6  10.1   3   3   0.00034     0.022   10.8   0.1   411   464   570   623   564   624 0.91 -
TRINITY_DN2521_c0_g1_i2:755-1627 -            291 1080at3041           -            465   4.9e-79  263.5   1.6   1   1   8.5e-81   5.6e-79  263.3   1.6    68   338     3   291     1   291 0.90 -
TRINITY_DN2521_c0_g1_i3:86-916   -            277 1080at3041           -            465     3e-75  251.0   1.2   1   1   5.2e-77   3.4e-75  250.8   1.2    80   338     1   277     1   277 0.89 -
TRINITY_DN1059_c0_g1_i3:10-1206  -            399 1080at3041           -            465   1.2e-58  196.3   0.1   1   1   2.7e-60   1.8e-58  195.7   0.1    67   303   134   380   122   398 0.92 -
TRINITY_DN3533_c0_g1_i1:2-1120   -            373 1080at3041           -            465   8.4e-58  193.5   0.2   1   1   1.7e-59   1.1e-57  193.0   0.2    45   253   148   364   139   369 0.89 -
TRINITY_DN3533_c0_g3_i1:104-1159 -            352 1080at3041           -            465   3.2e-57  191.6   0.1   1   1   6.1e-59     4e-57  191.3   0.1    65   273    90   309    67   340 0.89 -
TRINITY_DN3533_c0_g3_i2:104-1291 -            396 1080at3041           -            465   4.3e-57  191.2   0.1   1   1   8.6e-59   5.6e-57  190.8   0.1    65   273   134   353   111   384 0.89 -
TRINITY_DN130_c0_g1_i1:31-627    -            199 1080at3041           -            465   1.5e-55  186.1   0.2   1   1   2.5e-57   1.6e-55  186.0   0.2   100   281     2   196     1   199 0.87 -
TRINITY_DN741_c0_g3_i1:359-1150  -            264 1080at3041           -            465     5e-53  177.8   0.0   1   1   8.9e-55   5.8e-53  177.5   0.0    65   280    37   261    21   264 0.91 -
TRINITY_DN741_c0_g3_i3:530-1321  -            264 1080at3041           -            465     5e-53  177.8   0.0   1   1   8.9e-55   5.8e-53  177.5   0.0    65   280    37   261    21   264 0.91 -
TRINITY_DN10582_c0_g1_i1:8-307   -            100 1080at3041           -            465   9.9e-52  173.5   1.7   1   1   1.6e-53   1.1e-51  173.3   1.7    68   167     1   100     1   100 0.99 -
TRINITY_DN741_c0_g2_i3:193-1431  -            413 1080at3041           -            465   2.8e-50  168.7   0.1   1   1     6e-52   3.9e-50  168.2   0.1    62   255   206   400   192   413 0.94 -
TRINITY_DN741_c0_g2_i2:872-1510  -            213 1080at3041           -            465   2.5e-49  165.5   0.0   1   1   4.2e-51   2.7e-49  165.4   0.0    83   281     2   210     1   213 0.90 -
TRINITY_DN1059_c0_g1_i2:10-672   -            221 1080at3041           -            465     2e-47  159.3   0.3   1   1   3.4e-49   2.3e-47  159.1   0.3   111   303     1   202     1   220 0.91 -
TRINITY_DN5832_c0_g1_i3:89-928   -            280 1080at3041           -            465   3.5e-43  145.3   0.0   1   1   6.9e-45   4.6e-43  144.9   0.0    65   282    21   243     8   250 0.90 -
TRINITY_DN741_c1_g5_i2:703-2007  -            435 1080at3041           -            465   7.6e-42  140.9   0.4   1   2   2.9e-38   1.9e-36  123.1   0.2    67   287     2   243     1   261 0.84 -
TRINITY_DN741_c1_g5_i2:703-2007  -            435 1080at3041           -            465   7.6e-42  140.9   0.4   2   2   8.5e-06   0.00056   16.0   0.0   104   172   319   388   292   414 0.87 -
TRINITY_DN741_c1_g5_i1:703-1998  -            432 1080at3041           -            465   2.8e-39  132.5   0.2   1   2   1.2e-35     8e-34  114.4   0.1    94   287    26   240    19   258 0.84 -
TRINITY_DN741_c1_g5_i1:703-1998  -            432 1080at3041           -            465   2.8e-39  132.5   0.2   2   2   8.4e-06   0.00055   16.1   0.0   104   172   316   385   289   411 0.87 -
TRINITY_DN741_c1_g1_i1:673-1590  -            306 1080at3041           -            465   1.2e-37  127.1   0.1   1   1   1.3e-38   8.7e-37  124.2   0.1    65   281     7   247     3   254 0.85 -
TRINITY_DN1816_c0_g1_i1:0-899    -            300 1080at3041           -            465     1e-35  120.7   0.3   1   1   2.3e-37   1.5e-35  120.1   0.3    66   202   156   296   148   299 0.92 -
TRINITY_DN1571_c0_g1_i2:58-489   -            144 1080at3041           -            465   1.7e-33  113.4   0.0   1   1   2.9e-35   1.9e-33  113.2   0.0    64   197    10   144     3   144 0.96 -
TRINITY_DN5832_c0_g1_i1:26-718   -            231 1080at3041           -            465   1.5e-28   97.0   0.0   1   1   2.8e-30   1.8e-28   96.8   0.0   116   282     2   173     1   180 0.89 -
TRINITY_DN18756_c0_g1_i1:3-398   -            132 1080at3041           -            465   3.2e-27   92.7   0.0   1   1   5.3e-29   3.5e-27   92.5   0.0    69   198     2   131     1   132 0.92 -
TRINITY_DN130_c1_g1_i2:178-1059  -            294 1080at3041           -            465   1.4e-26   90.6   0.0   1   1   2.9e-28   1.9e-26   90.1   0.0    67   173   187   294   144   294 0.92 -
TRINITY_DN741_c1_g4_i1:1-708     -            236 1080at3041           -            465   3.3e-25   86.0   0.0   1   1   6.5e-27   4.3e-25   85.7   0.0    65   166   134   236   121   236 0.96 -
TRINITY_DN741_c1_g4_i2:1-294     -             98 1080at3041           -            465   9.3e-25   84.5   0.0   1   1   1.5e-26     1e-24   84.4   0.0    70   166     1    98     1    98 0.97 -
TRINITY_DN1571_c0_g1_i4:195-497  -            101 1080at3041           -            465   9.6e-25   84.5   0.0   1   1   1.6e-26   1.1e-24   84.4   0.0    68   167     1   101     1   101 0.98 -
TRINITY_DN741_c3_g1_i1:0-329     -            110 1080at3041           -            465     5e-23   78.8   0.0   1   1   8.2e-25   5.4e-23   78.7   0.0    68   173     4   110     1   110 0.96 -
TRINITY_DN19300_c0_g1_i1:7-363   -            119 1080at3041           -            465   1.1e-21   74.5   0.0   1   1   1.8e-23   1.2e-21   74.3   0.0    68   177     1   117     1   119 0.90 -
TRINITY_DN741_c1_g2_i1:326-760   -            145 1080at3041           -            465   3.3e-21   72.8   0.4   1   1   5.6e-23   3.7e-21   72.7   0.4   161   255     1    98     1   137 0.75 -
TRINITY_DN5511_c0_g1_i1:27-341   -            105 1080at3041           -            465   1.5e-20   70.7   0.3   1   1   2.7e-22   1.8e-20   70.4   0.3   102   198     1   104     1   105 0.87 -
TRINITY_DN1874_c0_g1_i1:1-1430   -            397 1080at3041           -            465   1.6e-18   63.9   0.1   1   2   4.7e-19   3.1e-17   59.8   0.0    79   251   100   268    92   320 0.82 -
TRINITY_DN1874_c0_g1_i1:1-1430   -            397 1080at3041           -            465   1.6e-18   63.9   0.1   2   2      0.18        12    1.8   0.0    10    38   330   358   321   364 0.85 -
TRINITY_DN1874_c0_g1_i5:103-1293 -            397 1080at3041           -            465   1.7e-18   63.9   0.1   1   2   4.7e-19   3.1e-17   59.8   0.0    79   251   100   268    92   320 0.82 -
TRINITY_DN1874_c0_g1_i5:103-1293 -            397 1080at3041           -            465   1.7e-18   63.9   0.1   2   2      0.18        12    1.8   0.0    10    38   330   358   321   364 0.85 -
TRINITY_DN1874_c0_g1_i6:116-1936 -            607 1080at3041           -            465   4.1e-18   62.7   0.1   1   2   1.1e-18   7.1e-17   58.6   0.0    79   251   310   478   300   535 0.82 -
TRINITY_DN1874_c0_g1_i6:116-1936 -            607 1080at3041           -            465   4.1e-18   62.7   0.1   2   2      0.32        21    1.0   0.0    10    38   540   568   531   573 0.85 -
TRINITY_DN1874_c0_g1_i3:430-2100 -            557 1080at3041           -            465   6.5e-17   58.7   0.0   1   2   9.8e-19   6.5e-17   58.7   0.0    79   251   260   428   250   480 0.82 -
TRINITY_DN1874_c0_g1_i3:430-2100 -            557 1080at3041           -            465   6.5e-17   58.7   0.0   2   2      0.27        18    1.2   0.0    10    38   490   518   481   524 0.85 -
TRINITY_DN1874_c0_g1_i7:116-1642 -            509 1080at3041           -            465     1e-16   58.0   0.0   1   2       9.5   6.2e+02   -3.9   1.3   412   426   143   157    99   189 0.54 -
TRINITY_DN1874_c0_g1_i7:116-1642 -            509 1080at3041           -            465     1e-16   58.0   0.0   2   2   1.6e-18     1e-16   58.0   0.0    79   248   310   475   300   503 0.87 -
TRINITY_DN49534_c0_g1_i1:1-525   -            175 1080at3041           -            465   7.1e-09   32.2   0.0   1   1   1.4e-10   9.3e-09   31.8   0.0   203   273     7    82     2   104 0.84 -
TRINITY_DN4673_c0_g1_i2:540-1148 -            203 1080at3041           -            465   3.3e-06   23.4   0.1   1   1   6.7e-08   4.4e-06   23.0   0.1    98   175     1    86     1    96 0.72 -
TRINITY_DN6041_c0_g1_i1:307-636  -             85 1080at3041           -            465     0.013   11.5   0.2   1   1   0.00021     0.014   11.4   0.2   395   452    25    82    15    85 0.85 -
TRINITY_DN855_c0_g1_i1:159-347   -             63 1080at3041           -            465     0.033   10.2   0.0   1   1   0.00055     0.036   10.1   0.0   104   128     7    31     3    41 0.89 -
TRINITY_DN129_c1_g3_i1:17-1276   -            420 1080at3041           -            465     0.075    9.0   2.4   1   3      0.46        30    0.4   0.1   107   125    49    67    42    74 0.85 -
TRINITY_DN129_c1_g3_i1:17-1276   -            420 1080at3041           -            465     0.075    9.0   2.4   2   3      0.39        26    0.7   0.1    57    89    81   113    74   125 0.83 -
TRINITY_DN129_c1_g3_i1:17-1276   -            420 1080at3041           -            465     0.075    9.0   2.4   3   3     0.011       0.7    5.8   0.0    96   124   352   380   320   384 0.88 -
#
# Program:         hmmsearch
# Version:         3.2.1 (June 2018)
# Pipeline mode:   SEARCH
# Query file:      /sw/bioinfo/BUSCO/v5_lineage_sets/lineages/chlorophyta_odb10/hmms/1080at3041.hmm
# Target file:     /crex/proj/snic2022-23-81/expression_algae/code/busco/trinity_VA-3180-Osg11Pal/run_chlorophyta_odb10/metaeuk_output/initial_results/trinity_VA-3180-Osg11Pal.Trinity.fasta.modified.fas
# Option settings: hmmsearch --domtblout /crex/proj/snic2022-23-81/expression_algae/code/busco/trinity_VA-3180-Osg11Pal/run_chlorophyta_odb10/hmmer_output/initial_run_results/1080at3041.out --cpu 1 /sw/bioinfo/BUSCO/v5_lineage_sets/lineages/chlorophyta_odb10/hmms/1080at3041.hmm /crex/proj/snic2022-23-81/expression_algae/code/busco/trinity_VA-3180-Osg11Pal/run_chlorophyta_odb10/metaeuk_output/initial_results/trinity_VA-3180-Osg11Pal.Trinity.fasta.modified.fas 
# Current dir:     /crex/proj/snic2022-23-81/expression_algae/code/busco
# Date:            Fri Sep 23 10:12:09 2022
# [ok]
