#                                                                                        --- full sequence --- -------------- this domain -------------   hmm coord   ali coord   env coord
# target name                    accession   tlen query name           accession   qlen   E-value  score  bias   #  of  c-Evalue  i-Evalue  score  bias  from    to  from    to  from    to  acc description of target
#            ------------------- ---------- ----- -------------------- ---------- ----- --------- ------ ----- --- --- --------- --------- ------ ----- ----- ----- ----- ----- ----- ----- ---- ---------------------
TRINITY_DN5886_c0_g1_i2:211-1674 -            488 1093at3041           -            375  5.4e-168  556.2  12.9   1   3   4.6e-07    0.0007   16.2   0.0    19    53    24    58     9    67 0.86 -
TRINITY_DN5886_c0_g1_i2:211-1674 -            488 1093at3041           -            375  5.4e-168  556.2  12.9   2   3    0.0008       1.2    5.5   0.0    68    85   113   130    67   134 0.87 -
TRINITY_DN5886_c0_g1_i2:211-1674 -            488 1093at3041           -            375  5.4e-168  556.2  12.9   3   3  4.2e-164  6.3e-161  533.0  10.5    81   375   150   468   138   468 0.93 -
TRINITY_DN5886_c0_g1_i3:50-1786  -            579 1093at3041           -            375  1.8e-167  554.5  17.6   1   5      0.34   5.1e+02   -3.2   0.1     1    14    17    30    17    32 0.89 -
TRINITY_DN5886_c0_g1_i3:50-1786  -            579 1093at3041           -            375  1.8e-167  554.5  17.6   2   5    0.0099        15    1.9   0.0    11    32    70    91    65    97 0.87 -
TRINITY_DN5886_c0_g1_i3:50-1786  -            579 1093at3041           -            375  1.8e-167  554.5  17.6   3   5   5.1e-07   0.00078   16.0   0.0    19    53   115   149    97   158 0.85 -
TRINITY_DN5886_c0_g1_i3:50-1786  -            579 1093at3041           -            375  1.8e-167  554.5  17.6   4   5   0.00098       1.5    5.2   0.0    68    85   204   221   158   225 0.87 -
TRINITY_DN5886_c0_g1_i3:50-1786  -            579 1093at3041           -            375  1.8e-167  554.5  17.6   5   5  6.8e-164    1e-160  532.3  10.5    81   375   241   559   229   559 0.93 -
#
# Program:         hmmsearch
# Version:         3.2.1 (June 2018)
# Pipeline mode:   SEARCH
# Query file:      /sw/bioinfo/BUSCO/v5_lineage_sets/lineages/chlorophyta_odb10/hmms/1093at3041.hmm
# Target file:     /crex/proj/snic2022-23-81/expression_algae/code/busco/trinity_VA-3180-Osg11Pal/run_chlorophyta_odb10/metaeuk_output/initial_results/trinity_VA-3180-Osg11Pal.Trinity.fasta.modified.fas
# Option settings: hmmsearch --domtblout /crex/proj/snic2022-23-81/expression_algae/code/busco/trinity_VA-3180-Osg11Pal/run_chlorophyta_odb10/hmmer_output/initial_run_results/1093at3041.out --cpu 1 /sw/bioinfo/BUSCO/v5_lineage_sets/lineages/chlorophyta_odb10/hmms/1093at3041.hmm /crex/proj/snic2022-23-81/expression_algae/code/busco/trinity_VA-3180-Osg11Pal/run_chlorophyta_odb10/metaeuk_output/initial_results/trinity_VA-3180-Osg11Pal.Trinity.fasta.modified.fas 
# Current dir:     /crex/proj/snic2022-23-81/expression_algae/code/busco
# Date:            Fri Sep 23 10:12:10 2022
# [ok]
