#                                                                                          --- full sequence --- -------------- this domain -------------   hmm coord   ali coord   env coord
# target name                      accession   tlen query name           accession   qlen   E-value  score  bias   #  of  c-Evalue  i-Evalue  score  bias  from    to  from    to  from    to  acc description of target
#              ------------------- ---------- ----- -------------------- ---------- ----- --------- ------ ----- --- --- --------- --------- ------ ----- ----- ----- ----- ----- ----- ----- ---- ---------------------
TRINITY_DN1404_c0_g1_i1:8-889      -            294 12580at3041          -            214   4.7e-30  101.9   6.4   1   6     3e-06   7.7e-05   19.5   0.0   111   148    11    47     6    52 0.86 -
TRINITY_DN1404_c0_g1_i1:8-889      -            294 12580at3041          -            214   4.7e-30  101.9   6.4   2   6     0.018      0.47    7.1   0.0   110   148    52    89    46   100 0.85 -
TRINITY_DN1404_c0_g1_i1:8-889      -            294 12580at3041          -            214   4.7e-30  101.9   6.4   3   6   0.00017    0.0043   13.8   0.0   111   156    95   139    93   144 0.81 -
TRINITY_DN1404_c0_g1_i1:8-889      -            294 12580at3041          -            214   4.7e-30  101.9   6.4   4   6   4.9e-05    0.0013   15.5   0.0     3    34   136   167   134   169 0.93 -
TRINITY_DN1404_c0_g1_i1:8-889      -            294 12580at3041          -            214   4.7e-30  101.9   6.4   5   6   1.6e-07     4e-06   23.7   0.1   105   151   173   218   167   220 0.86 -
TRINITY_DN1404_c0_g1_i1:8-889      -            294 12580at3041          -            214   4.7e-30  101.9   6.4   6   6   1.7e-07   4.3e-06   23.6   0.0   111   178   221   288   218   294 0.85 -
TRINITY_DN704_c0_g2_i1:7-600       -            198 12580at3041          -            214   2.5e-27   93.0  11.1   1   5     0.018      0.46    7.1   0.0   135   157     1    23     1    34 0.79 -
TRINITY_DN704_c0_g2_i1:7-600       -            198 12580at3041          -            214   2.5e-27   93.0  11.1   2   5   1.1e-07   2.8e-06   24.2   0.0   110   151    19    59    16    62 0.88 -
TRINITY_DN704_c0_g2_i1:7-600       -            198 12580at3041          -            214   2.5e-27   93.0  11.1   3   5     2e-06     5e-05   20.1   0.2   111   152    62   102    55   106 0.82 -
TRINITY_DN704_c0_g2_i1:7-600       -            198 12580at3041          -            214   2.5e-27   93.0  11.1   4   5   1.4e-07   3.6e-06   23.8   0.1   111   151   104   143    99   145 0.73 -
TRINITY_DN704_c0_g2_i1:7-600       -            198 12580at3041          -            214   2.5e-27   93.0  11.1   5   5   1.7e-08   4.4e-07   26.8   0.4   109   153   144   187   135   196 0.83 -
TRINITY_DN3704_c0_g5_i1:39-800     -            254 12580at3041          -            214     3e-27   92.7  14.3   1   5   1.1e-08   2.9e-07   27.4   0.1   109   152    54    96    36    97 0.82 -
TRINITY_DN3704_c0_g5_i1:39-800     -            254 12580at3041          -            214     3e-27   92.7  14.3   2   5   3.8e-07   9.8e-06   22.4   0.4   110   152    97   138    94   139 0.90 -
TRINITY_DN3704_c0_g5_i1:39-800     -            254 12580at3041          -            214     3e-27   92.7  14.3   3   5   2.9e-06   7.4e-05   19.5   1.0   109   153   138   181   136   191 0.84 -
TRINITY_DN3704_c0_g5_i1:39-800     -            254 12580at3041          -            214     3e-27   92.7  14.3   4   5   8.4e-05    0.0021   14.8   0.1    11    35   189   213   181   224 0.66 -
TRINITY_DN3704_c0_g5_i1:39-800     -            254 12580at3041          -            214     3e-27   92.7  14.3   5   5     2e-05    0.0005   16.8   0.0     5   142   225   254   221   254 0.55 -
TRINITY_DN815_c0_g1_i2:217-1122    -            302 12580at3041          -            214   1.3e-26   90.6   8.3   1   7   0.00063     0.016   11.9   0.0   111   147     3    40     1    49 0.82 -
TRINITY_DN815_c0_g1_i2:217-1122    -            302 12580at3041          -            214   1.3e-26   90.6   8.3   2   7   4.2e-07   1.1e-05   22.3   0.2   111   149    52    89    47    93 0.87 -
TRINITY_DN815_c0_g1_i2:217-1122    -            302 12580at3041          -            214   1.3e-26   90.6   8.3   3   7   0.00028    0.0072   13.0   0.0   110   143    93   125    90   133 0.89 -
TRINITY_DN815_c0_g1_i2:217-1122    -            302 12580at3041          -            214   1.3e-26   90.6   8.3   4   7   2.2e-06   5.6e-05   19.9   0.0   111   149   138   177   136   181 0.86 -
TRINITY_DN815_c0_g1_i2:217-1122    -            302 12580at3041          -            214   1.3e-26   90.6   8.3   5   7   6.3e-06   0.00016   18.4   0.1   110   152   181   222   177   230 0.88 -
TRINITY_DN815_c0_g1_i2:217-1122    -            302 12580at3041          -            214   1.3e-26   90.6   8.3   6   7      0.18       4.6    3.9   0.0   123   172   233   285   227   290 0.71 -
TRINITY_DN815_c0_g1_i2:217-1122    -            302 12580at3041          -            214   1.3e-26   90.6   8.3   7   7       1.4        37    0.9   0.0   124   141   285   302   277   302 0.68 -
TRINITY_DN815_c0_g1_i1:260-1078    -            273 12580at3041          -            214   2.3e-26   89.9   5.8   1   6   0.00054     0.014   12.1   0.0   111   147     3    40     1    49 0.82 -
TRINITY_DN815_c0_g1_i1:260-1078    -            273 12580at3041          -            214   2.3e-26   89.9   5.8   2   6   3.6e-07   9.2e-06   22.5   0.2   111   149    52    89    47    93 0.87 -
TRINITY_DN815_c0_g1_i1:260-1078    -            273 12580at3041          -            214   2.3e-26   89.9   5.8   3   6   0.00024    0.0062   13.2   0.0   110   143    93   125    90   133 0.89 -
TRINITY_DN815_c0_g1_i1:260-1078    -            273 12580at3041          -            214   2.3e-26   89.9   5.8   4   6   1.9e-06   4.8e-05   20.1   0.0   111   149   138   177   136   181 0.86 -
TRINITY_DN815_c0_g1_i1:260-1078    -            273 12580at3041          -            214   2.3e-26   89.9   5.8   5   6     5e-06   0.00013   18.8   0.1   109   152   180   222   176   230 0.87 -
TRINITY_DN815_c0_g1_i1:260-1078    -            273 12580at3041          -            214   2.3e-26   89.9   5.8   6   6         1        26    1.4   0.0   123   154   233   264   227   273 0.78 -
TRINITY_DN55263_c0_g1_i1:644-1399  -            252 12580at3041          -            214   3.3e-26   89.3   5.7   1   6     1e-05   0.00026   17.8   0.1   111   151     4    43     2    45 0.79 -
TRINITY_DN55263_c0_g1_i1:644-1399  -            252 12580at3041          -            214   3.3e-26   89.3   5.7   2   6   2.6e-06   6.6e-05   19.7   0.0   110   152    45    86    42    87 0.91 -
TRINITY_DN55263_c0_g1_i1:644-1399  -            252 12580at3041          -            214   3.3e-26   89.3   5.7   3   6   2.5e-06   6.5e-05   19.7   0.0   111   151    88   127    85   130 0.91 -
TRINITY_DN55263_c0_g1_i1:644-1399  -            252 12580at3041          -            214   3.3e-26   89.3   5.7   4   6   6.3e-07   1.6e-05   21.7   0.0   112   154   131   172   128   182 0.88 -
TRINITY_DN55263_c0_g1_i1:644-1399  -            252 12580at3041          -            214   3.3e-26   89.3   5.7   5   6     0.016       0.4    7.3   0.0   125   153   186   214   177   225 0.78 -
TRINITY_DN55263_c0_g1_i1:644-1399  -            252 12580at3041          -            214   3.3e-26   89.3   5.7   6   6      0.91        23    1.6   0.0    16    34   232   250   219   252 0.76 -
TRINITY_DN719_c0_g1_i3:1589-2416   -            276 12580at3041          -            214   1.3e-24   84.1   2.2   1   5      0.52        13    2.4   0.0   130   151    23    44    10    49 0.80 -
TRINITY_DN719_c0_g1_i3:1589-2416   -            276 12580at3041          -            214   1.3e-24   84.1   2.2   2   5   0.00026    0.0065   13.2   0.0     4    36    47    79    44    87 0.90 -
TRINITY_DN719_c0_g1_i3:1589-2416   -            276 12580at3041          -            214   1.3e-24   84.1   2.2   3   5   3.7e-05   0.00093   15.9   0.0   110   145    88   122    83   129 0.81 -
TRINITY_DN719_c0_g1_i3:1589-2416   -            276 12580at3041          -            214   1.3e-24   84.1   2.2   4   5   4.6e-07   1.2e-05   22.2   0.1   108   143   128   162   122   176 0.87 -
TRINITY_DN719_c0_g1_i3:1589-2416   -            276 12580at3041          -            214   1.3e-24   84.1   2.2   5   5   6.5e-08   1.7e-06   24.9   0.0    57   142   192   276   183   276 0.86 -
TRINITY_DN719_c0_g1_i5:1589-2428   -            280 12580at3041          -            214   1.3e-24   84.1   2.1   1   5      0.53        13    2.3   0.0   130   151    27    48    14    53 0.80 -
TRINITY_DN719_c0_g1_i5:1589-2428   -            280 12580at3041          -            214   1.3e-24   84.1   2.1   2   5   0.00026    0.0067   13.1   0.0     4    36    51    83    48    91 0.90 -
TRINITY_DN719_c0_g1_i5:1589-2428   -            280 12580at3041          -            214   1.3e-24   84.1   2.1   3   5   3.4e-05   0.00088   16.0   0.0   110   145    92   126    87   134 0.80 -
TRINITY_DN719_c0_g1_i5:1589-2428   -            280 12580at3041          -            214   1.3e-24   84.1   2.1   4   5   4.7e-07   1.2e-05   22.1   0.1   108   143   132   166   126   180 0.87 -
TRINITY_DN719_c0_g1_i5:1589-2428   -            280 12580at3041          -            214   1.3e-24   84.1   2.1   5   5   6.7e-08   1.7e-06   24.9   0.0    57   142   196   280   187   280 0.86 -
TRINITY_DN704_c0_g2_i4:41-601      -            187 12580at3041          -            214   7.2e-23   78.4  10.6   1   5   2.8e-05    0.0007   16.3   0.1   125   153     9    37     1    52 0.79 -
TRINITY_DN704_c0_g2_i4:41-601      -            187 12580at3041          -            214   7.2e-23   78.4  10.6   2   5   1.8e-05   0.00045   17.0   0.2   125   154    51    80    36    89 0.78 -
TRINITY_DN704_c0_g2_i4:41-601      -            187 12580at3041          -            214   7.2e-23   78.4  10.6   3   5   3.3e-06   8.4e-05   19.3   0.1   118   151    87   119    78   121 0.64 -
TRINITY_DN704_c0_g2_i4:41-601      -            187 12580at3041          -            214   7.2e-23   78.4  10.6   4   5   2.2e-08   5.7e-07   26.4   0.3   110   152   121   162   115   171 0.85 -
TRINITY_DN704_c0_g2_i4:41-601      -            187 12580at3041          -            214   7.2e-23   78.4  10.6   5   5      0.05       1.3    5.7   0.0     5    27   165   187   160   187 0.89 -
TRINITY_DN38495_c0_g1_i1:156-1028  -            291 12580at3041          -            214   2.3e-22   76.7   8.5   1   6   1.7e-06   4.4e-05   20.3   0.1   111   148     3    39     1    45 0.87 -
TRINITY_DN38495_c0_g1_i1:156-1028  -            291 12580at3041          -            214   2.3e-22   76.7   8.5   2   6   1.2e-06   3.1e-05   20.7   0.2    65   145    43   120    40   127 0.82 -
TRINITY_DN38495_c0_g1_i1:156-1028  -            291 12580at3041          -            214   2.3e-22   76.7   8.5   3   6   4.1e-07   1.1e-05   22.3   0.0   105   155   122   172   120   195 0.78 -
TRINITY_DN38495_c0_g1_i1:156-1028  -            291 12580at3041          -            214   2.3e-22   76.7   8.5   4   6       1.4        35    1.0   0.0     5   154   172   212   166   228 0.55 -
TRINITY_DN38495_c0_g1_i1:156-1028  -            291 12580at3041          -            214   2.3e-22   76.7   8.5   5   6     0.094       2.4    4.8   0.1   122   154   222   254   210   267 0.75 -
TRINITY_DN38495_c0_g1_i1:156-1028  -            291 12580at3041          -            214   2.3e-22   76.7   8.5   6   6    0.0041       0.1    9.2   0.0     6    33   264   291   259   291 0.84 -
TRINITY_DN11421_c0_g3_i1:0-860     -            287 12580at3041          -            214   4.9e-21   72.4  10.7   1   5     1e-06   2.6e-05   21.0   0.2   110   153     9    51     1    56 0.82 -
TRINITY_DN11421_c0_g3_i1:0-860     -            287 12580at3041          -            214   4.9e-21   72.4  10.7   2   5   2.6e-05   0.00067   16.4   0.5   111   152    52    92    45    94 0.83 -
TRINITY_DN11421_c0_g3_i1:0-860     -            287 12580at3041          -            214   4.9e-21   72.4  10.7   3   5   1.4e-05   0.00035   17.3   0.1   111   152    94   134    91   142 0.68 -
TRINITY_DN11421_c0_g3_i1:0-860     -            287 12580at3041          -            214   4.9e-21   72.4  10.7   4   5   0.00018    0.0047   13.7   0.1   119   152   145   178   136   183 0.85 -
TRINITY_DN11421_c0_g3_i1:0-860     -            287 12580at3041          -            214   4.9e-21   72.4  10.7   5   5    0.0036     0.093    9.4   0.0     5    34   181   210   178   231 0.68 -
TRINITY_DN4014_c0_g1_i1:202-1068   -            289 12580at3041          -            214   5.3e-21   72.3   1.0   1   5    0.0089      0.23    8.1   0.0     8    35    42    69    36    79 0.80 -
TRINITY_DN4014_c0_g1_i1:202-1068   -            289 12580at3041          -            214   5.3e-21   72.3   1.0   2   5   3.8e-05   0.00096   15.9   0.0     4    37    80   113    77   122 0.89 -
TRINITY_DN4014_c0_g1_i1:202-1068   -            289 12580at3041          -            214   5.3e-21   72.3   1.0   3   5   0.00011    0.0027   14.4   0.0   110   143   122   155   112   160 0.89 -
TRINITY_DN4014_c0_g1_i1:202-1068   -            289 12580at3041          -            214   5.3e-21   72.3   1.0   4   5   0.00039      0.01   12.6   0.0   111   147   166   203   159   210 0.67 -
TRINITY_DN4014_c0_g1_i1:202-1068   -            289 12580at3041          -            214   5.3e-21   72.3   1.0   5   5   2.7e-05   0.00068   16.4   0.0   111   151   210   249   206   282 0.81 -
TRINITY_DN4014_c0_g1_i2:202-1068   -            289 12580at3041          -            214   5.3e-21   72.3   1.0   1   5    0.0089      0.23    8.1   0.0     8    35    42    69    36    79 0.80 -
TRINITY_DN4014_c0_g1_i2:202-1068   -            289 12580at3041          -            214   5.3e-21   72.3   1.0   2   5   3.8e-05   0.00096   15.9   0.0     4    37    80   113    77   122 0.89 -
TRINITY_DN4014_c0_g1_i2:202-1068   -            289 12580at3041          -            214   5.3e-21   72.3   1.0   3   5   0.00011    0.0027   14.4   0.0   110   143   122   155   112   160 0.89 -
TRINITY_DN4014_c0_g1_i2:202-1068   -            289 12580at3041          -            214   5.3e-21   72.3   1.0   4   5   0.00039      0.01   12.6   0.0   111   147   166   203   159   210 0.67 -
TRINITY_DN4014_c0_g1_i2:202-1068   -            289 12580at3041          -            214   5.3e-21   72.3   1.0   5   5   2.7e-05   0.00068   16.4   0.0   111   151   210   249   206   282 0.81 -
TRINITY_DN2654_c1_g5_i3:10-396     -            129 12580at3041          -            214   1.2e-20   71.1   3.2   1   3   1.2e-07   3.2e-06   24.0   0.1     5    48     2    48     1    53 0.64 -
TRINITY_DN2654_c1_g5_i3:10-396     -            129 12580at3041          -            214   1.2e-20   71.1   3.2   2   3   9.5e-07   2.4e-05   21.1   0.1     8    35    50    77    43    86 0.84 -
TRINITY_DN2654_c1_g5_i3:10-396     -            129 12580at3041          -            214   1.2e-20   71.1   3.2   3   3   1.2e-08     3e-07   27.3   0.1   110   151    87   127    79   129 0.90 -
TRINITY_DN38735_c0_g1_i1:103-1014  -            304 12580at3041          -            214     2e-20   70.4   4.2   1   6    0.0031     0.078    9.7   0.0     5    33    16    44    12    48 0.91 -
TRINITY_DN38735_c0_g1_i1:103-1014  -            304 12580at3041          -            214     2e-20   70.4   4.2   2   6   1.4e-06   3.6e-05   20.5   0.1   111   151    58    97    53   100 0.90 -
TRINITY_DN38735_c0_g1_i1:103-1014  -            304 12580at3041          -            214     2e-20   70.4   4.2   3   6   9.1e-06   0.00023   17.9   0.0   112   145   101   134    98   143 0.89 -
TRINITY_DN38735_c0_g1_i1:103-1014  -            304 12580at3041          -            214     2e-20   70.4   4.2   4   6      0.01      0.25    8.0   0.1   118   146   149   176   138   188 0.78 -
TRINITY_DN38735_c0_g1_i1:103-1014  -            304 12580at3041          -            214     2e-20   70.4   4.2   5   6     0.014      0.36    7.5   0.0   111   143   189   220   177   231 0.74 -
TRINITY_DN38735_c0_g1_i1:103-1014  -            304 12580at3041          -            214     2e-20   70.4   4.2   6   6      0.31       7.9    3.1   0.0    14    35   249   270   236   290 0.74 -
TRINITY_DN30792_c0_g1_i1:1-516     -            172 12580at3041          -            214   4.2e-20   69.3   1.0   1   4    0.0018     0.045   10.4   0.0   120   150    13    42     4    45 0.74 -
TRINITY_DN30792_c0_g1_i1:1-516     -            172 12580at3041          -            214   4.2e-20   69.3   1.0   2   4   1.4e-06   3.5e-05   20.6   0.0   111   150    46    85    41    88 0.92 -
TRINITY_DN30792_c0_g1_i1:1-516     -            172 12580at3041          -            214   4.2e-20   69.3   1.0   3   4   1.5e-07   3.7e-06   23.8   0.0   111   154    89   131    85   137 0.90 -
TRINITY_DN30792_c0_g1_i1:1-516     -            172 12580at3041          -            214   4.2e-20   69.3   1.0   4   4   0.00023    0.0057   13.4   0.1   109   150   129   169   126   172 0.87 -
TRINITY_DN46066_c0_g1_i1:25-744    -            240 12580at3041          -            214     5e-20   69.1  12.3   1   6   1.2e-06     3e-05   20.8   0.3   111   153     2    43     1    53 0.84 -
TRINITY_DN46066_c0_g1_i1:25-744    -            240 12580at3041          -            214     5e-20   69.1  12.3   2   6    0.0013     0.033   10.9   0.1   112   144    45    76    41    84 0.78 -
TRINITY_DN46066_c0_g1_i1:25-744    -            240 12580at3041          -            214     5e-20   69.1  12.3   3   6   0.00031     0.008   12.9   0.1   111   151    86   125    81   127 0.89 -
TRINITY_DN46066_c0_g1_i1:25-744    -            240 12580at3041          -            214     5e-20   69.1  12.3   4   6   3.1e-05   0.00078   16.2   0.2   108   160   126   176   122   179 0.83 -
TRINITY_DN46066_c0_g1_i1:25-744    -            240 12580at3041          -            214     5e-20   69.1  12.3   5   6     0.021      0.52    7.0   0.0    13    35   179   201   172   204 0.89 -
TRINITY_DN46066_c0_g1_i1:25-744    -            240 12580at3041          -            214     5e-20   69.1  12.3   6   6     0.013      0.32    7.6   0.0     4    31   212   239   209   240 0.87 -
TRINITY_DN3190_c0_g1_i1:4-429      -            142 12580at3041          -            214     1e-19   68.1  14.3   1   4   3.2e-05   0.00082   16.1   0.2   129   150     1    22     1    25 0.88 -
TRINITY_DN3190_c0_g1_i1:4-429      -            142 12580at3041          -            214     1e-19   68.1  14.3   2   4     4e-07     1e-05   22.3   0.5   111   150    26    64    22    67 0.90 -
TRINITY_DN3190_c0_g1_i1:4-429      -            142 12580at3041          -            214     1e-19   68.1  14.3   3   4   3.4e-06   8.5e-05   19.3   0.6   110   149    67   107    63   111 0.83 -
TRINITY_DN3190_c0_g1_i1:4-429      -            142 12580at3041          -            214     1e-19   68.1  14.3   4   4   2.9e-06   7.4e-05   19.5   0.1   111   142   112   142   109   142 0.92 -
TRINITY_DN5213_c0_g1_i1:20-1561    -            514 12580at3041          -            214   1.7e-19   67.4   4.7   1   5     2e-05   0.00052   16.8   0.0   124   168   225   271   217   278 0.75 -
TRINITY_DN5213_c0_g1_i1:20-1561    -            514 12580at3041          -            214   1.7e-19   67.4   4.7   2   5    0.0065      0.17    8.6   0.0   123   151   274   302   261   310 0.79 -
TRINITY_DN5213_c0_g1_i1:20-1561    -            514 12580at3041          -            214   1.7e-19   67.4   4.7   3   5   0.00011    0.0028   14.4   0.1   112   151   307   345   302   347 0.85 -
TRINITY_DN5213_c0_g1_i1:20-1561    -            514 12580at3041          -            214   1.7e-19   67.4   4.7   4   5   1.7e-08   4.2e-07   26.9   0.1   111   169   348   405   346   429 0.82 -
TRINITY_DN5213_c0_g1_i1:20-1561    -            514 12580at3041          -            214   1.7e-19   67.4   4.7   5   5       3.5        89   -0.3   0.0    96   154   424   483   409   502 0.74 -
TRINITY_DN2654_c2_g2_i2:9-353      -            115 12580at3041          -            214   1.1e-18   64.7   6.1   1   3   4.1e-05     0.001   15.8   0.1   129   152     1    24     1    27 0.91 -
TRINITY_DN2654_c2_g2_i2:9-353      -            115 12580at3041          -            214   1.1e-18   64.7   6.1   2   3   1.5e-08   3.7e-07   27.1   0.2   112   153    27    67    24    72 0.90 -
TRINITY_DN2654_c2_g2_i2:9-353      -            115 12580at3041          -            214   1.1e-18   64.7   6.1   3   3     4e-08     1e-06   25.6   0.1   111   151    68   107    66   113 0.88 -
TRINITY_DN30715_c0_g1_i1:153-2012  -            620 12580at3041          -            214   3.2e-18   63.2  15.6   1  11     0.025      0.64    6.7   0.0   100   158    30    92    24    98 0.74 -
TRINITY_DN30715_c0_g1_i1:153-2012  -            620 12580at3041          -            214   3.2e-18   63.2  15.6   2  11      0.36       9.1    2.9   0.1     9   147    93   125    89   134 0.50 -
TRINITY_DN30715_c0_g1_i1:153-2012  -            620 12580at3041          -            214   3.2e-18   63.2  15.6   3  11      0.26       6.6    3.4   0.0   113   161   134   182   132   212 0.77 -
TRINITY_DN30715_c0_g1_i1:153-2012  -            620 12580at3041          -            214   3.2e-18   63.2  15.6   4  11       7.9     2e+02   -1.5   0.0   129   144   240   255   228   287 0.77 -
TRINITY_DN30715_c0_g1_i1:153-2012  -            620 12580at3041          -            214   3.2e-18   63.2  15.6   5  11      0.22       5.7    3.6   0.0   112   153   326   366   307   373 0.80 -
TRINITY_DN30715_c0_g1_i1:153-2012  -            620 12580at3041          -            214   3.2e-18   63.2  15.6   6  11    0.0058      0.15    8.7   0.0   118   158   374   413   370   420 0.78 -
TRINITY_DN30715_c0_g1_i1:153-2012  -            620 12580at3041          -            214   3.2e-18   63.2  15.6   7  11   6.9e-05    0.0018   15.0   0.1   112   178   411   474   405   482 0.76 -
TRINITY_DN30715_c0_g1_i1:153-2012  -            620 12580at3041          -            214   3.2e-18   63.2  15.6   8  11     0.014      0.37    7.5   0.0   112   149   455   491   452   499 0.79 -
TRINITY_DN30715_c0_g1_i1:153-2012  -            620 12580at3041          -            214   3.2e-18   63.2  15.6   9  11      0.12         3    4.5   0.0   123   149   506   532   495   536 0.81 -
TRINITY_DN30715_c0_g1_i1:153-2012  -            620 12580at3041          -            214   3.2e-18   63.2  15.6  10  11   0.00028     0.007   13.1   0.0     5    33   539   567   535   571 0.89 -
TRINITY_DN30715_c0_g1_i1:153-2012  -            620 12580at3041          -            214   3.2e-18   63.2  15.6  11  11      0.13       3.3    4.3   0.0   112   149   581   617   569   620 0.77 -
TRINITY_DN2245_c0_g1_i1:263-1063   -            267 12580at3041          -            214   4.3e-18   62.8   0.8   1   5     0.061       1.6    5.4   0.0    11    35     5    29     1    38 0.75 -
TRINITY_DN2245_c0_g1_i1:263-1063   -            267 12580at3041          -            214   4.3e-18   62.8   0.8   2   5   0.00023    0.0059   13.3   0.0     4    39    39    74    36    90 0.83 -
TRINITY_DN2245_c0_g1_i1:263-1063   -            267 12580at3041          -            214   4.3e-18   62.8   0.8   3   5   6.3e-05    0.0016   15.2   0.0     5    35   123   153   120   167 0.90 -
TRINITY_DN2245_c0_g1_i1:263-1063   -            267 12580at3041          -            214   4.3e-18   62.8   0.8   4   5   0.00057     0.014   12.0   0.0   127   152   188   213   181   219 0.82 -
TRINITY_DN2245_c0_g1_i1:263-1063   -            267 12580at3041          -            214   4.3e-18   62.8   0.8   5   5    0.0007     0.018   11.8   0.0     4    34   215   245   212   250 0.92 -
TRINITY_DN2245_c0_g1_i2:227-1027   -            267 12580at3041          -            214   4.3e-18   62.8   0.8   1   5     0.061       1.6    5.4   0.0    11    35     5    29     1    38 0.75 -
TRINITY_DN2245_c0_g1_i2:227-1027   -            267 12580at3041          -            214   4.3e-18   62.8   0.8   2   5   0.00023    0.0059   13.3   0.0     4    39    39    74    36    90 0.83 -
TRINITY_DN2245_c0_g1_i2:227-1027   -            267 12580at3041          -            214   4.3e-18   62.8   0.8   3   5   6.3e-05    0.0016   15.2   0.0     5    35   123   153   120   167 0.90 -
TRINITY_DN2245_c0_g1_i2:227-1027   -            267 12580at3041          -            214   4.3e-18   62.8   0.8   4   5   0.00057     0.014   12.0   0.0   127   152   188   213   181   219 0.82 -
TRINITY_DN2245_c0_g1_i2:227-1027   -            267 12580at3041          -            214   4.3e-18   62.8   0.8   5   5    0.0007     0.018   11.8   0.0     4    34   215   245   212   250 0.92 -
TRINITY_DN53937_c0_g1_i1:498-1844  -            449 12580at3041          -            214   1.1e-17   61.5   1.0   1   5   7.3e-06   0.00019   18.2   0.0   110   158    62   110    59   115 0.88 -
TRINITY_DN53937_c0_g1_i1:498-1844  -            449 12580at3041          -            214   1.1e-17   61.5   1.0   2   5    0.0046      0.12    9.1   0.1   112   142   107   136   104   140 0.72 -
TRINITY_DN53937_c0_g1_i1:498-1844  -            449 12580at3041          -            214   1.1e-17   61.5   1.0   3   5   0.00015    0.0039   13.9   0.0   101   155   189   242   180   254 0.87 -
TRINITY_DN53937_c0_g1_i1:498-1844  -            449 12580at3041          -            214   1.1e-17   61.5   1.0   4   5     0.056       1.4    5.5   0.0   112   151   282   323   272   331 0.70 -
TRINITY_DN53937_c0_g1_i1:498-1844  -            449 12580at3041          -            214   1.1e-17   61.5   1.0   5   5    0.0016     0.039   10.6   0.1    10   151   333   366   324   427 0.60 -
TRINITY_DN2593_c0_g1_i1:473-1312   -            280 12580at3041          -            214   1.5e-17   61.0   5.0   1   7     0.022      0.55    6.9   0.0   128   152     4    28     1    29 0.90 -
TRINITY_DN2593_c0_g1_i1:473-1312   -            280 12580at3041          -            214   1.5e-17   61.0   5.0   2   7   2.9e-06   7.5e-05   19.5   0.7   111   173    30    89    28    95 0.81 -
TRINITY_DN2593_c0_g1_i1:473-1312   -            280 12580at3041          -            214   1.5e-17   61.0   5.0   3   7      0.34       8.7    3.0   0.0   118   154    83   118    72   128 0.76 -
TRINITY_DN2593_c0_g1_i1:473-1312   -            280 12580at3041          -            214   1.5e-17   61.0   5.0   4   7    0.0028     0.071    9.8   0.0    11    38   128   155   118   162 0.85 -
TRINITY_DN2593_c0_g1_i1:473-1312   -            280 12580at3041          -            214   1.5e-17   61.0   5.0   5   7   2.3e-05   0.00057   16.6   0.0     4    40   163   198   159   207 0.88 -
TRINITY_DN2593_c0_g1_i1:473-1312   -            280 12580at3041          -            214   1.5e-17   61.0   5.0   6   7      0.46        12    2.6   0.0    11    38   212   237   203   247 0.82 -
TRINITY_DN2593_c0_g1_i1:473-1312   -            280 12580at3041          -            214   1.5e-17   61.0   5.0   7   7       3.7        95   -0.4   0.0    11    34   253   276   245   278 0.83 -
TRINITY_DN3190_c0_g1_i4:2-487      -            162 12580at3041          -            214   1.8e-17   60.8  15.8   1   4      0.13       3.3    4.3   0.0   135   150     1    16     1    19 0.86 -
TRINITY_DN3190_c0_g1_i4:2-487      -            162 12580at3041          -            214   1.8e-17   60.8  15.8   2   4   4.7e-07   1.2e-05   22.1   0.5   110   150    19    58    14    61 0.90 -
TRINITY_DN3190_c0_g1_i4:2-487      -            162 12580at3041          -            214   1.8e-17   60.8  15.8   3   4   1.4e-06   3.7e-05   20.5   0.8   111   150    62   102    58   105 0.82 -
TRINITY_DN3190_c0_g1_i4:2-487      -            162 12580at3041          -            214   1.8e-17   60.8  15.8   4   4   1.8e-07   4.6e-06   23.5   1.2   110   153   105   147   101   160 0.88 -
TRINITY_DN10137_c0_g1_i2:232-819   -            196 12580at3041          -            214   1.9e-17   60.7   0.9   1   4   0.00025    0.0065   13.2   0.0   107   151    15    59     1    61 0.82 -
TRINITY_DN10137_c0_g1_i2:232-819   -            196 12580at3041          -            214   1.9e-17   60.7   0.9   2   4     3e-05   0.00076   16.2   0.0   111   154    62   104    58   108 0.88 -
TRINITY_DN10137_c0_g1_i2:232-819   -            196 12580at3041          -            214   1.9e-17   60.7   0.9   3   4   1.2e-05    0.0003   17.5   0.0     4    35   104   135   101   150 0.74 -
TRINITY_DN10137_c0_g1_i2:232-819   -            196 12580at3041          -            214   1.9e-17   60.7   0.9   4   4    0.0011     0.028   11.1   0.0     8    44   151   187   145   193 0.82 -
TRINITY_DN48646_c0_g1_i1:46-432    -            129 12580at3041          -            214   1.9e-17   60.7   1.1   1   3   5.4e-05    0.0014   15.4   0.0   111   144     1    34     1    45 0.94 -
TRINITY_DN48646_c0_g1_i1:46-432    -            129 12580at3041          -            214   1.9e-17   60.7   1.1   2   3     1e-08   2.6e-07   27.6   0.2   110   149    48    86    37    90 0.87 -
TRINITY_DN48646_c0_g1_i1:46-432    -            129 12580at3041          -            214   1.9e-17   60.7   1.1   3   3   3.9e-05   0.00099   15.8   0.0   110   143    90   122    88   127 0.88 -
TRINITY_DN24338_c0_g1_i1:1-735     -            245 12580at3041          -            214   4.2e-17   59.6   1.6   1   4   0.00047     0.012   12.3   0.0   119   144    65    90    56    99 0.89 -
TRINITY_DN24338_c0_g1_i1:1-735     -            245 12580at3041          -            214   4.2e-17   59.6   1.6   2   4    0.0039     0.099    9.3   0.0   112   144   104   136    97   145 0.83 -
TRINITY_DN24338_c0_g1_i1:1-735     -            245 12580at3041          -            214   4.2e-17   59.6   1.6   3   4   7.5e-08   1.9e-06   24.7   0.0   111   144   146   179   142   186 0.94 -
TRINITY_DN24338_c0_g1_i1:1-735     -            245 12580at3041          -            214   4.2e-17   59.6   1.6   4   4    0.0028     0.071    9.8   0.0   115   150   193   229   187   237 0.79 -
TRINITY_DN4736_c0_g1_i2:46-687     -            214 12580at3041          -            214   1.3e-16   57.9  10.7   1   6     0.014      0.35    7.5   0.0   129   145     1    17     1    33 0.79 -
TRINITY_DN4736_c0_g1_i2:46-687     -            214 12580at3041          -            214   1.3e-16   57.9  10.7   2   6    0.0044      0.11    9.1   0.1   126   153    38    65    25    71 0.83 -
TRINITY_DN4736_c0_g1_i2:46-687     -            214 12580at3041          -            214   1.3e-16   57.9  10.7   3   6   8.7e-06   0.00022   18.0   0.1   111   153    66   105    64   113 0.85 -
TRINITY_DN4736_c0_g1_i2:46-687     -            214 12580at3041          -            214   1.3e-16   57.9  10.7   4   6    0.0015     0.038   10.7   0.0   120   148   112   140   105   148 0.79 -
TRINITY_DN4736_c0_g1_i2:46-687     -            214 12580at3041          -            214   1.3e-16   57.9  10.7   5   6   0.00011    0.0027   14.4   0.3   118   153   150   185   139   192 0.80 -
TRINITY_DN4736_c0_g1_i2:46-687     -            214 12580at3041          -            214   1.3e-16   57.9  10.7   6   6      0.32       8.1    3.1   0.1     9   141   191   213   184   214 0.53 -
TRINITY_DN2654_c1_g5_i1:177-521    -            115 12580at3041          -            214   2.1e-16   57.2   1.6   1   3   8.8e-08   2.2e-06   24.5   0.1     5    48     2    48     1    54 0.63 -
TRINITY_DN2654_c1_g5_i1:177-521    -            115 12580at3041          -            214   2.1e-16   57.2   1.6   2   3   7.3e-07   1.8e-05   21.5   0.1     8    35    50    77    43    87 0.84 -
TRINITY_DN2654_c1_g5_i1:177-521    -            115 12580at3041          -            214   2.1e-16   57.2   1.6   3   3    0.0012      0.03   11.0   0.0     4    31    88   115    85   115 0.76 -
TRINITY_DN1068_c0_g1_i6:647-1270   -            208 12580at3041          -            214   2.2e-16   57.2   1.3   1   5   1.6e-05    0.0004   17.1   0.0     3    43     5    43     3    50 0.78 -
TRINITY_DN1068_c0_g1_i6:647-1270   -            208 12580at3041          -            214   2.2e-16   57.2   1.3   2   5   2.5e-05   0.00063   16.5   0.0   111   154    48    90    37   110 0.81 -
TRINITY_DN1068_c0_g1_i6:647-1270   -            208 12580at3041          -            214   2.2e-16   57.2   1.3   3   5       2.1        53    0.4   0.0    12    36    99   124    90   133 0.72 -
TRINITY_DN1068_c0_g1_i6:647-1270   -            208 12580at3041          -            214   2.2e-16   57.2   1.3   4   5   8.6e-06   0.00022   18.0   0.1   110   173   133   191   130   197 0.71 -
TRINITY_DN1068_c0_g1_i6:647-1270   -            208 12580at3041          -            214   2.2e-16   57.2   1.3   5   5       0.3       7.6    3.2   0.0     4    34   178   208   175   208 0.85 -
TRINITY_DN11485_c0_g1_i1:5-412     -            136 12580at3041          -            214   3.7e-16   56.5   2.8   1   3   1.9e-05   0.00048   16.9   0.1   111   144     3    35     1    40 0.86 -
TRINITY_DN11485_c0_g1_i1:5-412     -            136 12580at3041          -            214   3.7e-16   56.5   2.8   2   3   2.7e-07   6.9e-06   22.9   0.1   108   170    42   101    37   105 0.73 -
TRINITY_DN11485_c0_g1_i1:5-412     -            136 12580at3041          -            214   3.7e-16   56.5   2.8   3   3   6.2e-06   0.00016   18.5   0.1   111   148    91   127    81   134 0.83 -
TRINITY_DN15609_c0_g1_i1:33-698    -            222 12580at3041          -            214     1e-15   55.0   2.9   1   3   5.6e-05    0.0014   15.3   0.1   111   149    23    60    16    64 0.86 -
TRINITY_DN15609_c0_g1_i1:33-698    -            222 12580at3041          -            214     1e-15   55.0   2.9   2   3    0.0028      0.07    9.8   0.1   111   149    65   102    63   106 0.85 -
TRINITY_DN15609_c0_g1_i1:33-698    -            222 12580at3041          -            214     1e-15   55.0   2.9   3   3   9.3e-08   2.4e-06   24.4   0.1    65   158   105   196   104   212 0.86 -
TRINITY_DN2654_c2_g1_i1:41-340     -            100 12580at3041          -            214   1.4e-15   54.6   4.5   1   2   4.2e-06   0.00011   19.0   0.3   125   149     6    30     1    34 0.78 -
TRINITY_DN2654_c2_g1_i1:41-340     -            100 12580at3041          -            214   1.4e-15   54.6   4.5   2   2   5.6e-12   1.4e-10   38.2   0.5   110   182    34    99    28   100 0.89 -
TRINITY_DN46954_c0_g1_i1:78-881    -            268 12580at3041          -            214   1.6e-15   54.4   1.5   1   5   0.00039    0.0098   12.6   0.0   112   152     1    42     1    47 0.85 -
TRINITY_DN46954_c0_g1_i1:78-881    -            268 12580at3041          -            214   1.6e-15   54.4   1.5   2   5   0.00012     0.003   14.3   0.0     5    35    45    75    41    79 0.86 -
TRINITY_DN46954_c0_g1_i1:78-881    -            268 12580at3041          -            214   1.6e-15   54.4   1.5   3   5   0.00057     0.015   12.0   0.1   103   153    79   129    75   135 0.91 -
TRINITY_DN46954_c0_g1_i1:78-881    -            268 12580at3041          -            214   1.6e-15   54.4   1.5   4   5   0.00071     0.018   11.7   0.0     5    36   131   162   127   180 0.79 -
TRINITY_DN46954_c0_g1_i1:78-881    -            268 12580at3041          -            214   1.6e-15   54.4   1.5   5   5       2.7        68    0.0   0.0   117   148   226   257   185   267 0.66 -
TRINITY_DN24929_c0_g1_i1:21-896    -            292 12580at3041          -            214     2e-15   54.1  11.2   1   6   0.00025    0.0063   13.2   0.3   111   154    11    53     6    69 0.85 -
TRINITY_DN24929_c0_g1_i1:21-896    -            292 12580at3041          -            214     2e-15   54.1  11.2   2   6      0.37       9.4    2.9   0.1   119   147    63    90    53   107 0.62 -
TRINITY_DN24929_c0_g1_i1:21-896    -            292 12580at3041          -            214     2e-15   54.1  11.2   3   6     0.074       1.9    5.1   0.1   124   159   113   149   103   170 0.68 -
TRINITY_DN24929_c0_g1_i1:21-896    -            292 12580at3041          -            214     2e-15   54.1  11.2   4   6    0.0096      0.24    8.0   0.0   114   151   159   195   154   198 0.79 -
TRINITY_DN24929_c0_g1_i1:21-896    -            292 12580at3041          -            214     2e-15   54.1  11.2   5   6    0.0014     0.035   10.8   0.0     4    34   198   228   195   234 0.90 -
TRINITY_DN24929_c0_g1_i1:21-896    -            292 12580at3041          -            214     2e-15   54.1  11.2   6   6   8.4e-06   0.00021   18.0   0.2   110   155   239   283   230   289 0.83 -
TRINITY_DN3190_c0_g1_i2:20-304     -             95 12580at3041          -            214   6.2e-15   52.5   2.3   1   2   1.1e-07   2.7e-06   24.2   0.1   111   147     3    38     1    44 0.55 -
TRINITY_DN3190_c0_g1_i2:20-304     -             95 12580at3041          -            214   6.2e-15   52.5   2.3   2   2   4.6e-09   1.2e-07   28.7   0.5   110   152    44    85    40    93 0.89 -
TRINITY_DN1068_c0_g1_i10:371-1126  -            252 12580at3041          -            214   7.7e-15   52.2   0.5   1   5   0.00013    0.0034   14.1   0.0   112   154     1    42     1    53 0.84 -
TRINITY_DN1068_c0_g1_i10:371-1126  -            252 12580at3041          -            214   7.7e-15   52.2   0.5   2   5       3.9        99   -0.5   0.0    11    36    50    76    44    81 0.82 -
TRINITY_DN1068_c0_g1_i10:371-1126  -            252 12580at3041          -            214   7.7e-15   52.2   0.5   3   5   1.6e-05    0.0004   17.1   0.1   110   146    85   120    80   145 0.75 -
TRINITY_DN1068_c0_g1_i10:371-1126  -            252 12580at3041          -            214   7.7e-15   52.2   0.5   4   5      0.02       0.5    7.0   0.0   126   149   144   167   128   175 0.67 -
TRINITY_DN1068_c0_g1_i10:371-1126  -            252 12580at3041          -            214   7.7e-15   52.2   0.5   5   5    0.0078       0.2    8.3   0.0     8    34   196   222   190   227 0.87 -
TRINITY_DN5900_c0_g3_i1:148-1062   -            305 12580at3041          -            214     1e-14   51.7   1.9   1   5   8.1e-05    0.0021   14.8   0.1    81   153    29    97     4   100 0.67 -
TRINITY_DN5900_c0_g3_i1:148-1062   -            305 12580at3041          -            214     1e-14   51.7   1.9   2   5   0.00051     0.013   12.2   0.0   110   147    96   133    94   166 0.70 -
TRINITY_DN5900_c0_g3_i1:148-1062   -            305 12580at3041          -            214     1e-14   51.7   1.9   3   5      0.95        24    1.5   0.0   125   160   196   230   166   237 0.68 -
TRINITY_DN5900_c0_g3_i1:148-1062   -            305 12580at3041          -            214     1e-14   51.7   1.9   4   5     0.015      0.37    7.4   0.0   125   152   236   263   228   269 0.84 -
TRINITY_DN5900_c0_g3_i1:148-1062   -            305 12580at3041          -            214     1e-14   51.7   1.9   5   5   0.00031    0.0078   12.9   0.0   111   149   265   302   262   304 0.89 -
TRINITY_DN13529_c0_g1_i1:49-915    -            289 12580at3041          -            214   1.1e-14   51.7   3.3   1   4     0.034      0.85    6.3   0.0   127   159    19    52     1    82 0.64 -
TRINITY_DN13529_c0_g1_i1:49-915    -            289 12580at3041          -            214   1.1e-14   51.7   3.3   2   4   0.00094     0.024   11.3   0.0   104   151    90   134    79   136 0.74 -
TRINITY_DN13529_c0_g1_i1:49-915    -            289 12580at3041          -            214   1.1e-14   51.7   3.3   3   4   2.7e-09   6.8e-08   29.5   0.2   111   174   137   193   134   236 0.66 -
TRINITY_DN13529_c0_g1_i1:49-915    -            289 12580at3041          -            214   1.1e-14   51.7   3.3   4   4       0.3       7.7    3.1   0.0   115   154   225   263   220   283 0.75 -
TRINITY_DN13529_c0_g1_i3:49-915    -            289 12580at3041          -            214   1.1e-14   51.7   3.3   1   4     0.034      0.85    6.3   0.0   127   159    19    52     1    82 0.64 -
TRINITY_DN13529_c0_g1_i3:49-915    -            289 12580at3041          -            214   1.1e-14   51.7   3.3   2   4   0.00094     0.024   11.3   0.0   104   151    90   134    79   136 0.74 -
TRINITY_DN13529_c0_g1_i3:49-915    -            289 12580at3041          -            214   1.1e-14   51.7   3.3   3   4   2.7e-09   6.8e-08   29.5   0.2   111   174   137   193   134   236 0.66 -
TRINITY_DN13529_c0_g1_i3:49-915    -            289 12580at3041          -            214   1.1e-14   51.7   3.3   4   4       0.3       7.7    3.1   0.0   115   154   225   263   220   283 0.75 -
TRINITY_DN2654_c2_g2_i1:65-334     -             90 12580at3041          -            214   2.4e-14   50.5   2.8   1   2   6.5e-08   1.6e-06   24.9   0.3   111   152     1    41     1    42 0.91 -
TRINITY_DN2654_c2_g2_i1:65-334     -             90 12580at3041          -            214   2.4e-14   50.5   2.8   2   2     2e-08     5e-07   26.6   0.2   111   151    43    82    38    88 0.88 -
TRINITY_DN39367_c0_g1_i1:548-1411  -            288 12580at3041          -            214   9.2e-14   48.6   1.2   1   3   0.00025    0.0062   13.2   0.5    79   157    12    86     7   113 0.76 -
TRINITY_DN39367_c0_g1_i1:548-1411  -            288 12580at3041          -            214   9.2e-14   48.6   1.2   2   3   1.9e-06   4.7e-05   20.2   0.0   111   191   125   203    91   211 0.85 -
TRINITY_DN39367_c0_g1_i1:548-1411  -            288 12580at3041          -            214   9.2e-14   48.6   1.2   3   3    0.0032      0.08    9.6   0.0   110   145   213   247   207   287 0.81 -
TRINITY_DN53582_c0_g1_i1:199-1170  -            324 12580at3041          -            214   1.2e-13   48.3   0.4   1   4   3.2e-07     8e-06   22.7   0.0   111   154    50    92    38   114 0.83 -
TRINITY_DN53582_c0_g1_i1:199-1170  -            324 12580at3041          -            214   1.2e-13   48.3   0.4   2   4   0.00098     0.025   11.3   0.2   125   183   157   219   146   226 0.69 -
TRINITY_DN53582_c0_g1_i1:199-1170  -            324 12580at3041          -            214   1.2e-13   48.3   0.4   3   4       0.4        10    2.7   0.1   122   156   196   230   187   243 0.74 -
TRINITY_DN53582_c0_g1_i1:199-1170  -            324 12580at3041          -            214   1.2e-13   48.3   0.4   4   4    0.0087      0.22    8.2   0.0     5    33   284   312   280   315 0.89 -
TRINITY_DN15652_c0_g1_i2:211-1182  -            324 12580at3041          -            214   1.5e-13   48.0   0.7   1   3   0.00011    0.0027   14.4   0.0   123   156    32    65    18    89 0.76 -
TRINITY_DN15652_c0_g1_i2:211-1182  -            324 12580at3041          -            214   1.5e-13   48.0   0.7   2   3   1.3e-05   0.00033   17.4   0.0   108   145   112   148   104   184 0.79 -
TRINITY_DN15652_c0_g1_i2:211-1182  -            324 12580at3041          -            214   1.5e-13   48.0   0.7   3   3   0.00057     0.015   12.0   0.0   120   151   256   287   228   315 0.86 -
TRINITY_DN46543_c0_g1_i1:1139-1594 -            152 12580at3041          -            214   6.1e-13   46.0   0.2   1   4      0.18       4.6    3.9   0.0   125   147     9    31     2    38 0.82 -
TRINITY_DN46543_c0_g1_i1:1139-1594 -            152 12580at3041          -            214   6.1e-13   46.0   0.2   2   4   2.1e-05   0.00054   16.7   0.0     5    38    40    73    36    80 0.77 -
TRINITY_DN46543_c0_g1_i1:1139-1594 -            152 12580at3041          -            214   6.1e-13   46.0   0.2   3   4   5.5e-05    0.0014   15.4   0.0   111   147    81   116    77   122 0.84 -
TRINITY_DN46543_c0_g1_i1:1139-1594 -            152 12580at3041          -            214   6.1e-13   46.0   0.2   4   4     0.047       1.2    5.8   0.0     5    33   124   152   120   152 0.90 -
TRINITY_DN654_c0_g2_i1:22-324      -            101 12580at3041          -            214   7.4e-13   45.7   2.4   1   3   0.00022    0.0055   13.4   0.1   127   150     2    25     1    28 0.90 -
TRINITY_DN654_c0_g2_i1:22-324      -            101 12580at3041          -            214   7.4e-13   45.7   2.4   2   3   3.9e-05     0.001   15.8   0.3   111   148    29    65    25    71 0.86 -
TRINITY_DN654_c0_g2_i1:22-324      -            101 12580at3041          -            214   7.4e-13   45.7   2.4   3   3   4.2e-05    0.0011   15.7   0.0     5    34    72   101    68   101 0.69 -
TRINITY_DN654_c0_g2_i2:22-324      -            101 12580at3041          -            214   7.4e-13   45.7   2.4   1   3   0.00022    0.0055   13.4   0.1   127   150     2    25     1    28 0.90 -
TRINITY_DN654_c0_g2_i2:22-324      -            101 12580at3041          -            214   7.4e-13   45.7   2.4   2   3   3.9e-05     0.001   15.8   0.3   111   148    29    65    25    71 0.86 -
TRINITY_DN654_c0_g2_i2:22-324      -            101 12580at3041          -            214   7.4e-13   45.7   2.4   3   3   4.2e-05    0.0011   15.7   0.0     5    34    72   101    68   101 0.69 -
TRINITY_DN25541_c0_g1_i1:1-600     -            200 12580at3041          -            214   1.2e-12   45.0   4.3   1   5      0.48        12    2.5   0.0   121   180    13    65     6    71 0.68 -
TRINITY_DN25541_c0_g1_i1:1-600     -            200 12580at3041          -            214   1.2e-12   45.0   4.3   2   5      0.02       0.5    7.0   0.0   122   158    55    91    47    95 0.74 -
TRINITY_DN25541_c0_g1_i1:1-600     -            200 12580at3041          -            214   1.2e-12   45.0   4.3   3   5   1.8e-05   0.00044   17.0   0.1     4    35    87   118    84   136 0.84 -
TRINITY_DN25541_c0_g1_i1:1-600     -            200 12580at3041          -            214   1.2e-12   45.0   4.3   4   5    0.0017     0.042   10.5   0.2   111   145   129   162   118   173 0.77 -
TRINITY_DN25541_c0_g1_i1:1-600     -            200 12580at3041          -            214   1.2e-12   45.0   4.3   5   5    0.0016     0.041   10.6   0.0     5    33   172   200   168   200 0.91 -
TRINITY_DN4351_c0_g1_i1:79-429     -            117 12580at3041          -            214   1.6e-12   44.5   2.2   1   3   0.00043     0.011   12.4   0.0   112   146     1    35     1    40 0.86 -
TRINITY_DN4351_c0_g1_i1:79-429     -            117 12580at3041          -            214   1.6e-12   44.5   2.2   2   3   7.4e-05    0.0019   14.9   0.1     4    50    41    87    38    90 0.83 -
TRINITY_DN4351_c0_g1_i1:79-429     -            117 12580at3041          -            214   1.6e-12   44.5   2.2   3   3   5.5e-06   0.00014   18.6   0.1   111   145    82   115    75   117 0.89 -
TRINITY_DN56480_c0_g1_i1:164-991   -            276 12580at3041          -            214   3.1e-12   43.7   3.4   1   5       4.7   1.2e+02   -0.8   0.0    10    35    19    44    12    52 0.79 -
TRINITY_DN56480_c0_g1_i1:164-991   -            276 12580at3041          -            214   3.1e-12   43.7   3.4   2   5   3.4e-05   0.00087   16.0   0.3   110   155    54    98    46   129 0.86 -
TRINITY_DN56480_c0_g1_i1:164-991   -            276 12580at3041          -            214   3.1e-12   43.7   3.4   3   5       3.2        80   -0.2   0.0     5    25   160   180   156   193 0.82 -
TRINITY_DN56480_c0_g1_i1:164-991   -            276 12580at3041          -            214   3.1e-12   43.7   3.4   4   5   3.3e-06   8.4e-05   19.4   0.1   111   146   204   238   187   251 0.68 -
TRINITY_DN56480_c0_g1_i1:164-991   -            276 12580at3041          -            214   3.1e-12   43.7   3.4   5   5      0.08         2    5.0   0.0     5    33   248   276   244   276 0.90 -
TRINITY_DN9405_c0_g1_i2:5-877      -            291 12580at3041          -            214   5.6e-12   42.8   3.3   1   3   0.00023    0.0058   13.3   0.0   111   148     4    40     2    45 0.86 -
TRINITY_DN9405_c0_g1_i2:5-877      -            291 12580at3041          -            214   5.6e-12   42.8   3.3   2   3     2e-06     5e-05   20.1   0.1   111   154    46    88    40    98 0.88 -
TRINITY_DN9405_c0_g1_i2:5-877      -            291 12580at3041          -            214   5.6e-12   42.8   3.3   3   3    0.0034     0.087    9.5   0.3   113   163    90   140    87   158 0.66 -
TRINITY_DN53350_c0_g1_i1:3-1517    -            505 12580at3041          -            214   1.1e-11   41.9   1.6   1   4     1e-05   0.00026   17.7   0.0   110   179    11    78     7    89 0.82 -
TRINITY_DN53350_c0_g1_i1:3-1517    -            505 12580at3041          -            214   1.1e-11   41.9   1.6   2   4    0.0041       0.1    9.2   0.1   125   168   127   169   112   179 0.66 -
TRINITY_DN53350_c0_g1_i1:3-1517    -            505 12580at3041          -            214   1.1e-11   41.9   1.6   3   4      0.61        16    2.1   0.2   116   143   166   192   162   214 0.70 -
TRINITY_DN53350_c0_g1_i1:3-1517    -            505 12580at3041          -            214   1.1e-11   41.9   1.6   4   4    0.0034     0.086    9.5   0.0   120   160   242   282   232   297 0.70 -
TRINITY_DN9684_c0_g1_i2:230-943    -            238 12580at3041          -            214   1.6e-11   41.3   0.0   1   3   2.1e-08   5.2e-07   26.6   0.0   111   155    17    61    14    81 0.89 -
TRINITY_DN9684_c0_g1_i2:230-943    -            238 12580at3041          -            214   1.6e-11   41.3   0.0   2   3      0.24       6.1    3.5   0.0   106   145   140   178   113   199 0.72 -
TRINITY_DN9684_c0_g1_i2:230-943    -            238 12580at3041          -            214   1.6e-11   41.3   0.0   3   3     0.011      0.29    7.8   0.0     3    33   208   238   206   238 0.88 -
TRINITY_DN2654_c1_g5_i2:77-355     -             93 12580at3041          -            214   1.8e-11   41.1   1.6   1   3      0.38       9.7    2.8   0.1   137   152     4    19     2    26 0.85 -
TRINITY_DN2654_c1_g5_i2:77-355     -             93 12580at3041          -            214   1.8e-11   41.1   1.6   2   3   4.1e-08     1e-06   25.6   0.1     5    48    22    68    19    73 0.66 -
TRINITY_DN2654_c1_g5_i2:77-355     -             93 12580at3041          -            214   1.8e-11   41.1   1.6   3   3   0.00031     0.008   12.9   0.0     8    31    70    93    64    93 0.87 -
TRINITY_DN826_c0_g1_i1:0-1013      -            338 12580at3041          -            214   2.1e-11   40.9   6.0   1   5       2.6        65    0.1   0.1   130   161    32    63    18    88 0.61 -
TRINITY_DN826_c0_g1_i1:0-1013      -            338 12580at3041          -            214   2.1e-11   40.9   6.0   2   5   0.00016     0.004   13.9   0.3   126   153    82   109    68   122 0.78 -
TRINITY_DN826_c0_g1_i1:0-1013      -            338 12580at3041          -            214   2.1e-11   40.9   6.0   3   5      0.79        20    1.8   0.2   126   144   136   154   108   163 0.74 -
TRINITY_DN826_c0_g1_i1:0-1013      -            338 12580at3041          -            214   2.1e-11   40.9   6.0   4   5   4.2e-05    0.0011   15.7   0.0   111   148   164   200   158   210 0.86 -
TRINITY_DN826_c0_g1_i1:0-1013      -            338 12580at3041          -            214   2.1e-11   40.9   6.0   5   5    0.0082      0.21    8.3   0.0     5    37   207   239   203   248 0.88 -
TRINITY_DN9405_c0_g1_i1:143-430    -             96 12580at3041          -            214   2.5e-11   40.7   0.2   1   2   2.6e-05   0.00066   16.4   0.0   111   149     6    43     2    47 0.86 -
TRINITY_DN9405_c0_g1_i1:143-430    -             96 12580at3041          -            214   2.5e-11   40.7   0.2   2   2   2.3e-07   5.8e-06   23.1   0.1   111   155    48    91    41    96 0.88 -
TRINITY_DN28073_c0_g1_i2:31-1068   -            346 12580at3041          -            214   2.7e-11   40.6   1.2   1   3   2.7e-07   6.8e-06   22.9   0.0    83   156   107   181   102   192 0.81 -
TRINITY_DN28073_c0_g1_i2:31-1068   -            346 12580at3041          -            214   2.7e-11   40.6   1.2   2   3    0.0058      0.15    8.7   0.1   126   145   196   215   185   226 0.83 -
TRINITY_DN28073_c0_g1_i2:31-1068   -            346 12580at3041          -            214   2.7e-11   40.6   1.2   3   3     0.046       1.2    5.8   0.0   109   147   246   283   235   308 0.76 -
TRINITY_DN46834_c0_g1_i1:118-702   -            195 12580at3041          -            214   3.7e-11   40.1   5.0   1   3   0.00033    0.0085   12.8   0.1   124   151     5    32     1    41 0.87 -
TRINITY_DN46834_c0_g1_i1:118-702   -            195 12580at3041          -            214   3.7e-11   40.1   5.0   2   3   1.1e-06   2.7e-05   21.0   0.4    67   156    81   169    75   175 0.82 -
TRINITY_DN46834_c0_g1_i1:118-702   -            195 12580at3041          -            214   3.7e-11   40.1   5.0   3   3     0.026      0.66    6.6   0.1   116   141   170   195   166   195 0.86 -
TRINITY_DN24852_c0_g1_i1:21-323    -            101 12580at3041          -            214   3.7e-11   40.1   7.0   1   3   0.00052     0.013   12.2   0.1   129   150     4    25     2    29 0.89 -
TRINITY_DN24852_c0_g1_i1:21-323    -            101 12580at3041          -            214   3.7e-11   40.1   7.0   2   3   4.3e-06   0.00011   19.0   0.1   111   147    29    64    24    70 0.64 -
TRINITY_DN24852_c0_g1_i1:21-323    -            101 12580at3041          -            214   3.7e-11   40.1   7.0   3   3   0.00037    0.0093   12.7   0.6   111   142    71   101    65   101 0.92 -
TRINITY_DN719_c0_g1_i5:1982-2458   -            159 12580at3041          -            214   4.4e-11   39.9   0.4   1   4      0.24         6    3.5   0.0   129   151    36    58    24    63 0.80 -
TRINITY_DN719_c0_g1_i5:1982-2458   -            159 12580at3041          -            214   4.4e-11   39.9   0.4   2   4   0.00011    0.0028   14.4   0.0     4    36    61    93    58   101 0.90 -
TRINITY_DN719_c0_g1_i5:1982-2458   -            159 12580at3041          -            214   4.4e-11   39.9   0.4   3   4   1.5e-05   0.00037   17.2   0.0   110   145   102   136    99   144 0.80 -
TRINITY_DN719_c0_g1_i5:1982-2458   -            159 12580at3041          -            214   4.4e-11   39.9   0.4   4   4         2        51    0.5   0.1   108   121   142   155   136   159 0.81 -
TRINITY_DN15436_c0_g2_i1:19-513    -            165 12580at3041          -            214   6.3e-11   39.4   6.8   1   3   7.9e-06    0.0002   18.1   0.2   110   154    22    64    13    77 0.84 -
TRINITY_DN15436_c0_g2_i1:19-513    -            165 12580at3041          -            214   6.3e-11   39.4   6.8   2   3      0.34       8.7    3.0   0.1   124   144    76    96    64   111 0.71 -
TRINITY_DN15436_c0_g2_i1:19-513    -            165 12580at3041          -            214   6.3e-11   39.4   6.8   3   3   6.9e-07   1.8e-05   21.6   0.8   112   146   112   146    98   160 0.88 -
TRINITY_DN34646_c0_g1_i1:119-772   -            218 12580at3041          -            214   8.5e-11   38.9   3.0   1   4         3        75   -0.1   0.0   111   148     4    43     2    57 0.75 -
TRINITY_DN34646_c0_g1_i1:119-772   -            218 12580at3041          -            214   8.5e-11   38.9   3.0   2   4    0.0085      0.22    8.2   0.1   128   149    69    90    47    94 0.85 -
TRINITY_DN34646_c0_g1_i1:119-772   -            218 12580at3041          -            214   8.5e-11   38.9   3.0   3   4   3.5e-05   0.00088   16.0   0.3   110   179    94   168    89   183 0.68 -
TRINITY_DN34646_c0_g1_i1:119-772   -            218 12580at3041          -            214   8.5e-11   38.9   3.0   4   4    0.0004      0.01   12.6   0.0   111   143   184   215   180   217 0.77 -
TRINITY_DN23212_c0_g1_i1:46-339    -             98 12580at3041          -            214   9.7e-11   38.8   3.6   1   2   1.8e-07   4.5e-06   23.5   1.4   107   154    17    63     1    67 0.85 -
TRINITY_DN23212_c0_g1_i1:46-339    -             98 12580at3041          -            214   9.7e-11   38.8   3.6   2   2   5.5e-05    0.0014   15.4   0.0   112   143    64    95    61    97 0.74 -
TRINITY_DN1934_c0_g1_i2:0-1082     -            361 12580at3041          -            214   1.1e-10   38.5   0.2   1   4   0.00017    0.0044   13.7   0.0     4    34    28    58    25    63 0.89 -
TRINITY_DN1934_c0_g1_i2:0-1082     -            361 12580at3041          -            214   1.1e-10   38.5   0.2   2   4   4.1e-05     0.001   15.8   0.0     6    44   173   212   169   218 0.82 -
TRINITY_DN1934_c0_g1_i2:0-1082     -            361 12580at3041          -            214   1.1e-10   38.5   0.2   3   4      0.14       3.6    4.2   0.0    11    44   222   255   212   259 0.83 -
TRINITY_DN1934_c0_g1_i2:0-1082     -            361 12580at3041          -            214   1.1e-10   38.5   0.2   4   4       7.3   1.9e+02   -1.4   0.0     7    29   280   302   276   312 0.80 -
TRINITY_DN1934_c0_g1_i1:0-884      -            295 12580at3041          -            214   1.2e-10   38.5   0.2   1   3   0.00013    0.0033   14.1   0.0     4    34    28    58    25    63 0.89 -
TRINITY_DN1934_c0_g1_i1:0-884      -            295 12580at3041          -            214   1.2e-10   38.5   0.2   2   3   3.1e-05   0.00078   16.2   0.0     6    44   173   212   169   218 0.82 -
TRINITY_DN1934_c0_g1_i1:0-884      -            295 12580at3041          -            214   1.2e-10   38.5   0.2   3   3      0.11       2.7    4.6   0.0    11    44   222   255   213   262 0.84 -
TRINITY_DN41130_c0_g1_i1:13-375    -            121 12580at3041          -            214   2.2e-10   37.6   1.7   1   3   1.3e-05   0.00034   17.4   0.1   111   151     3    42     1    60 0.81 -
TRINITY_DN41130_c0_g1_i1:13-375    -            121 12580at3041          -            214   2.2e-10   37.6   1.7   2   3    0.0012      0.03   11.0   0.0   128   160    61    91    47   107 0.59 -
TRINITY_DN41130_c0_g1_i1:13-375    -            121 12580at3041          -            214   2.2e-10   37.6   1.7   3   3     0.005      0.13    9.0   0.1   122   141   102   121    94   121 0.80 -
TRINITY_DN12648_c0_g1_i1:950-2056  -            369 12580at3041          -            214   2.6e-10   37.4   0.7   1   4      0.15       3.7    4.2   0.0   115   174    90   149    81   155 0.79 -
TRINITY_DN12648_c0_g1_i1:950-2056  -            369 12580at3041          -            214   2.6e-10   37.4   0.7   2   4     0.012      0.29    7.8   0.0   124   156   151   183   136   199 0.79 -
TRINITY_DN12648_c0_g1_i1:950-2056  -            369 12580at3041          -            214   2.6e-10   37.4   0.7   3   4    0.0003    0.0076   13.0   0.1   108   146   242   280   227   286 0.86 -
TRINITY_DN12648_c0_g1_i1:950-2056  -            369 12580at3041          -            214   2.6e-10   37.4   0.7   4   4    0.0054      0.14    8.9   0.0   115   191   292   365   285   367 0.86 -
TRINITY_DN1068_c0_g1_i11:1158-1418 -             87 12580at3041          -            214   6.2e-10   36.1   0.1   1   2   6.4e-06   0.00016   18.4   0.0     6    43     3    38     1    46 0.77 -
TRINITY_DN1068_c0_g1_i11:1158-1418 -             87 12580at3041          -            214   6.2e-10   36.1   0.1   2   2   8.8e-06   0.00022   18.0   0.0   111   152    43    83    32    87 0.80 -
TRINITY_DN13529_c0_g2_i1:2580-3407 -            276 12580at3041          -            214   9.7e-10   35.5   9.0   1   3     0.024      0.62    6.7   0.1   122   152     9    39     1    44 0.70 -
TRINITY_DN13529_c0_g2_i1:2580-3407 -            276 12580at3041          -            214   9.7e-10   35.5   9.0   2   3   2.2e-07   5.5e-06   23.2   0.5    67   158    84   173    78   202 0.85 -
TRINITY_DN13529_c0_g2_i1:2580-3407 -            276 12580at3041          -            214   9.7e-10   35.5   9.0   3   3      0.38       9.6    2.8   0.1   112   152   214   253   199   274 0.75 -
TRINITY_DN24436_c0_g1_i1:47-265    -             73 12580at3041          -            214   1.5e-09   34.9   1.1   1   2   5.8e-05    0.0015   15.3   0.2   119   152     7    39     2    41 0.80 -
TRINITY_DN24436_c0_g1_i1:47-265    -             73 12580at3041          -            214   1.5e-09   34.9   1.1   2   2   2.7e-06     7e-05   19.6   0.1   111   143    41    72    36    73 0.72 -
TRINITY_DN13529_c0_g2_i2:2683-3414 -            244 12580at3041          -            214   1.5e-09   34.8   5.7   1   3     0.012       0.3    7.7   0.1   119   151    65    96    44   102 0.70 -
TRINITY_DN13529_c0_g2_i2:2683-3414 -            244 12580at3041          -            214   1.5e-09   34.8   5.7   2   3     0.027      0.68    6.6   0.0   111   145    99   133    96   141 0.70 -
TRINITY_DN13529_c0_g2_i2:2683-3414 -            244 12580at3041          -            214   1.5e-09   34.8   5.7   3   3   3.3e-07   8.3e-06   22.6   0.6    67   158   142   231   136   234 0.90 -
TRINITY_DN48203_c0_g1_i1:167-733   -            189 12580at3041          -            214   3.2e-09   33.8   4.5   1   4      0.54        14    2.3   0.0   128   147     2    21     1    29 0.89 -
TRINITY_DN48203_c0_g1_i1:167-733   -            189 12580at3041          -            214   3.2e-09   33.8   4.5   2   4   8.2e-05    0.0021   14.8   0.1   112   169    30    84    25   105 0.69 -
TRINITY_DN48203_c0_g1_i1:167-733   -            189 12580at3041          -            214   3.2e-09   33.8   4.5   3   4    0.0061      0.15    8.7   0.0   111   142   115   144   113   156 0.77 -
TRINITY_DN48203_c0_g1_i1:167-733   -            189 12580at3041          -            214   3.2e-09   33.8   4.5   4   4     0.013      0.34    7.6   0.0   112   142   158   188   152   189 0.75 -
TRINITY_DN23601_c0_g1_i1:0-1241    -            414 12580at3041          -            214   3.7e-09   33.6   1.7   1   5     0.013      0.33    7.6   0.2   128   169   193   235   174   256 0.65 -
TRINITY_DN23601_c0_g1_i1:0-1241    -            414 12580at3041          -            214   3.7e-09   33.6   1.7   2   5       3.6        91   -0.4   0.0    21    38   244   261   238   271 0.81 -
TRINITY_DN23601_c0_g1_i1:0-1241    -            414 12580at3041          -            214   3.7e-09   33.6   1.7   3   5    0.0016      0.04   10.6   0.0   112   144   273   305   270   314 0.90 -
TRINITY_DN23601_c0_g1_i1:0-1241    -            414 12580at3041          -            214   3.7e-09   33.6   1.7   4   5     0.015      0.38    7.4   0.0   111   145   316   350   312   366 0.89 -
TRINITY_DN23601_c0_g1_i1:0-1241    -            414 12580at3041          -            214   3.7e-09   33.6   1.7   5   5      0.42        11    2.7   0.0   111   144   373   406   360   409 0.88 -
TRINITY_DN39644_c0_g1_i1:101-1159  -            353 12580at3041          -            214   4.2e-09   33.4   0.4   1   4     0.011      0.27    7.9   0.0   124   151    81   108    69   114 0.77 -
TRINITY_DN39644_c0_g1_i1:101-1159  -            353 12580at3041          -            214   4.2e-09   33.4   0.4   2   4    0.0032     0.082    9.6   0.0   112   146   111   144   108   160 0.79 -
TRINITY_DN39644_c0_g1_i1:101-1159  -            353 12580at3041          -            214   4.2e-09   33.4   0.4   3   4         8     2e+02   -1.5   0.0   125   154   162   191   148   234 0.64 -
TRINITY_DN39644_c0_g1_i1:101-1159  -            353 12580at3041          -            214   4.2e-09   33.4   0.4   4   4   0.00062     0.016   11.9   0.0   125   167   255   297   215   307 0.83 -
TRINITY_DN5104_c0_g1_i1:149-631    -            161 12580at3041          -            214   5.7e-09   33.0  11.9   1   3     0.094       2.4    4.8   0.1   125   145     5    25     1    36 0.76 -
TRINITY_DN5104_c0_g1_i1:149-631    -            161 12580at3041          -            214   5.7e-09   33.0  11.9   2   3   3.8e-06   9.6e-05   19.2   1.0   109   146    64   100    54   110 0.84 -
TRINITY_DN5104_c0_g1_i1:149-631    -            161 12580at3041          -            214   5.7e-09   33.0  11.9   3   3   2.7e-05   0.00068   16.4   0.9    98   149   104   158    99   161 0.84 -
TRINITY_DN4919_c0_g1_i3:312-1544   -            411 12580at3041          -            214   5.7e-09   33.0   6.5   1   5      0.15       3.8    4.1   0.0    14    35    93   114    87   124 0.68 -
TRINITY_DN4919_c0_g1_i3:312-1544   -            411 12580at3041          -            214   5.7e-09   33.0   6.5   2   5    0.0011     0.029   11.0   0.2   125   149   138   162   124   167 0.77 -
TRINITY_DN4919_c0_g1_i3:312-1544   -            411 12580at3041          -            214   5.7e-09   33.0   6.5   3   5   5.2e-05    0.0013   15.4   0.3   111   145   167   201   164   250 0.88 -
TRINITY_DN4919_c0_g1_i3:312-1544   -            411 12580at3041          -            214   5.7e-09   33.0   6.5   4   5       4.4   1.1e+02   -0.6   0.0   116   151   220   253   213   271 0.63 -
TRINITY_DN4919_c0_g1_i3:312-1544   -            411 12580at3041          -            214   5.7e-09   33.0   6.5   5   5         2        51    0.5   0.0   126   150   278   302   256   311 0.74 -
TRINITY_DN31440_c0_g1_i1:21-1037   -            339 12580at3041          -            214   1.1e-08   32.1   1.7   1   5      0.92        23    1.6   0.0     9    35    25    51    18    66 0.74 -
TRINITY_DN31440_c0_g1_i1:21-1037   -            339 12580at3041          -            214   1.1e-08   32.1   1.7   2   5       5.3   1.4e+02   -0.9   0.0   124   146    72    94    60    98 0.80 -
TRINITY_DN31440_c0_g1_i1:21-1037   -            339 12580at3041          -            214   1.1e-08   32.1   1.7   3   5   1.9e-05   0.00048   16.9   0.0   112   204   102   189    92   199 0.81 -
TRINITY_DN31440_c0_g1_i1:21-1037   -            339 12580at3041          -            214   1.1e-08   32.1   1.7   4   5    0.0046      0.12    9.1   0.1   126   156   261   291   246   298 0.78 -
TRINITY_DN31440_c0_g1_i1:21-1037   -            339 12580at3041          -            214   1.1e-08   32.1   1.7   5   5       3.6        92   -0.4   0.0     8    25   293   310   286   313 0.77 -
TRINITY_DN3059_c0_g1_i1:827-1834   -            336 12580at3041          -            214   1.4e-08   31.7   0.6   1   6     0.019      0.48    7.1   0.0     6    34     2    30     1    37 0.83 -
TRINITY_DN3059_c0_g1_i1:827-1834   -            336 12580at3041          -            214   1.4e-08   31.7   0.6   2   6       6.5   1.6e+02   -1.2   0.0   160   179   101   120    31   155 0.69 -
TRINITY_DN3059_c0_g1_i1:827-1834   -            336 12580at3041          -            214   1.4e-08   31.7   0.6   3   6      0.22       5.5    3.6   0.0    12    38   156   182   147   189 0.87 -
TRINITY_DN3059_c0_g1_i1:827-1834   -            336 12580at3041          -            214   1.4e-08   31.7   0.6   4   6    0.0025     0.063   10.0   0.0   111   144   198   230   194   240 0.86 -
TRINITY_DN3059_c0_g1_i1:827-1834   -            336 12580at3041          -            214   1.4e-08   31.7   0.6   5   6      0.88        22    1.6   0.0   127   154   265   292   258   301 0.85 -
TRINITY_DN3059_c0_g1_i1:827-1834   -            336 12580at3041          -            214   1.4e-08   31.7   0.6   6   6      0.73        19    1.9   0.0    20    34   320   334   307   336 0.76 -
TRINITY_DN20013_c0_g1_i1:353-1819  -            489 12580at3041          -            214   4.8e-08   30.0   5.0   1   5       5.7   1.5e+02   -1.0   0.0   110   144    69   102    50   139 0.78 -
TRINITY_DN20013_c0_g1_i1:353-1819  -            489 12580at3041          -            214   4.8e-08   30.0   5.0   2   5       1.8        46    0.6   0.0    21    37   170   186   152   197 0.71 -
TRINITY_DN20013_c0_g1_i1:353-1819  -            489 12580at3041          -            214   4.8e-08   30.0   5.0   3   5   0.00047     0.012   12.3   0.1   108   145   213   250   205   288 0.75 -
TRINITY_DN20013_c0_g1_i1:353-1819  -            489 12580at3041          -            214   4.8e-08   30.0   5.0   4   5    0.0014     0.036   10.8   0.1   115   148   287   320   275   345 0.81 -
TRINITY_DN20013_c0_g1_i1:353-1819  -            489 12580at3041          -            214   4.8e-08   30.0   5.0   5   5      0.12         3    4.5   0.1   123   148   346   371   336   390 0.78 -
TRINITY_DN38193_c0_g1_i1:27-800    -            258 12580at3041          -            214   2.9e-07   27.4  11.6   1   5      0.16         4    4.1   0.0     7    34    18    45    12    53 0.77 -
TRINITY_DN38193_c0_g1_i1:27-800    -            258 12580at3041          -            214   2.9e-07   27.4  11.6   2   5      0.11       2.9    4.5   0.1   114   149    61    95    54    99 0.63 -
TRINITY_DN38193_c0_g1_i1:27-800    -            258 12580at3041          -            214   2.9e-07   27.4  11.6   3   5    0.0045      0.11    9.1   0.1   110   145    99   133    96   144 0.87 -
TRINITY_DN38193_c0_g1_i1:27-800    -            258 12580at3041          -            214   2.9e-07   27.4  11.6   4   5     0.012       0.3    7.8   0.3   112   156   143   186   139   217 0.81 -
TRINITY_DN38193_c0_g1_i1:27-800    -            258 12580at3041          -            214   2.9e-07   27.4  11.6   5   5      0.13       3.2    4.4   0.2   126   143   241   258   228   258 0.88 -
TRINITY_DN23601_c0_g1_i3:0-1109    -            370 12580at3041          -            214   2.9e-07   27.4   0.5   1   4     0.011      0.27    7.9   0.2   128   169   193   235   174   258 0.65 -
TRINITY_DN23601_c0_g1_i3:0-1109    -            370 12580at3041          -            214   2.9e-07   27.4   0.5   2   4      0.78        20    1.8   0.0   112   144   227   259   224   271 0.71 -
TRINITY_DN23601_c0_g1_i3:0-1109    -            370 12580at3041          -            214   2.9e-07   27.4   0.5   3   4   0.00075     0.019   11.7   0.0   112   144   273   305   264   320 0.90 -
TRINITY_DN23601_c0_g1_i3:0-1109    -            370 12580at3041          -            214   2.9e-07   27.4   0.5   4   4      0.36       9.2    2.9   0.0   111   144   329   362   316   365 0.88 -
TRINITY_DN2106_c0_g1_i2:357-1031   -            225 12580at3041          -            214     6e-07   26.4   1.0   1   2   0.00058     0.015   12.0   0.0   111   144    31    63    28    78 0.78 -
TRINITY_DN2106_c0_g1_i2:357-1031   -            225 12580at3041          -            214     6e-07   26.4   1.0   2   2    0.0004      0.01   12.6   0.1   112   161    81   133    76   165 0.75 -
TRINITY_DN51614_c0_g1_i1:4-252     -             83 12580at3041          -            214   6.2e-07   26.3   0.2   1   3       2.3        59    0.2   0.0   137   152     2    17     1    23 0.78 -
TRINITY_DN51614_c0_g1_i1:4-252     -             83 12580at3041          -            214   6.2e-07   26.3   0.2   2   3   1.5e-05   0.00039   17.2   0.0     4    35    18    49    14    58 0.86 -
TRINITY_DN51614_c0_g1_i1:4-252     -             83 12580at3041          -            214   6.2e-07   26.3   0.2   3   3     0.021      0.55    6.9   0.0   111   135    60    83    51    83 0.85 -
TRINITY_DN45696_c0_g1_i1:149-1042  -            298 12580at3041          -            214   8.8e-07   25.8   4.2   1   5     0.022      0.55    6.9   0.1   110   144     5    38     1    60 0.66 -
TRINITY_DN45696_c0_g1_i1:149-1042  -            298 12580at3041          -            214   8.8e-07   25.8   4.2   2   5     0.081       2.1    5.0   0.1    82   145    69   135    65   155 0.70 -
TRINITY_DN45696_c0_g1_i1:149-1042  -            298 12580at3041          -            214   8.8e-07   25.8   4.2   3   5     0.043       1.1    5.9   0.0   115   143   166   194   142   204 0.88 -
TRINITY_DN45696_c0_g1_i1:149-1042  -            298 12580at3041          -            214   8.8e-07   25.8   4.2   4   5      0.07       1.8    5.2   0.0   111   143   207   242   203   248 0.85 -
TRINITY_DN45696_c0_g1_i1:149-1042  -            298 12580at3041          -            214   8.8e-07   25.8   4.2   5   5       5.5   1.4e+02   -1.0   0.0    12    35   264   287   254   290 0.79 -
TRINITY_DN12415_c0_g1_i3:0-593     -            198 12580at3041          -            214     1e-06   25.6   3.2   1   3    0.0025     0.064    9.9   0.1   125   154    48    77    35    80 0.78 -
TRINITY_DN12415_c0_g1_i3:0-593     -            198 12580at3041          -            214     1e-06   25.6   3.2   2   3     0.023      0.59    6.8   0.2   112   141    78   106    74   114 0.91 -
TRINITY_DN12415_c0_g1_i3:0-593     -            198 12580at3041          -            214     1e-06   25.6   3.2   3   3    0.0035     0.089    9.5   0.1   116   154   139   178   133   193 0.74 -
TRINITY_DN4539_c0_g1_i2:1070-1732  -            221 12580at3041          -            214   1.4e-06   25.2   1.3   1   3       8.4   2.1e+02   -1.6   0.0   135   158     1    24     1    42 0.83 -
TRINITY_DN4539_c0_g1_i2:1070-1732  -            221 12580at3041          -            214   1.4e-06   25.2   1.3   2   3    0.0043      0.11    9.2   0.0   111   171    62   121    59   141 0.76 -
TRINITY_DN4539_c0_g1_i2:1070-1732  -            221 12580at3041          -            214   1.4e-06   25.2   1.3   3   3   0.00025    0.0064   13.2   0.1    67   141   148   221   136   221 0.69 -
TRINITY_DN4539_c0_g1_i3:1075-1737  -            221 12580at3041          -            214   1.4e-06   25.2   1.3   1   3       8.4   2.1e+02   -1.6   0.0   135   158     1    24     1    42 0.83 -
TRINITY_DN4539_c0_g1_i3:1075-1737  -            221 12580at3041          -            214   1.4e-06   25.2   1.3   2   3    0.0043      0.11    9.2   0.0   111   171    62   121    59   141 0.76 -
TRINITY_DN4539_c0_g1_i3:1075-1737  -            221 12580at3041          -            214   1.4e-06   25.2   1.3   3   3   0.00025    0.0064   13.2   0.1    67   141   148   221   136   221 0.69 -
TRINITY_DN53937_c0_g1_i2:498-1214  -            239 12580at3041          -            214   1.9e-06   24.8   0.3   1   3      0.44        11    2.6   0.0   127   154     4    31     1    43 0.69 -
TRINITY_DN53937_c0_g1_i2:498-1214  -            239 12580at3041          -            214   1.9e-06   24.8   0.3   2   3     0.022      0.56    6.9   0.0   112   151    72   113    62   121 0.70 -
TRINITY_DN53937_c0_g1_i2:498-1214  -            239 12580at3041          -            214   1.9e-06   24.8   0.3   3   3   0.00045     0.011   12.4   0.1    11   154   124   159   105   217 0.57 -
TRINITY_DN1567_c0_g1_i1:117-719    -            201 12580at3041          -            214   2.5e-06   24.4   0.0   1   2     0.093       2.4    4.8   0.0   126   142    94   110    72   121 0.76 -
TRINITY_DN1567_c0_g1_i1:117-719    -            201 12580at3041          -            214   2.5e-06   24.4   0.0   2   2   1.7e-05   0.00043   17.0   0.0   112   174   122   185   112   201 0.81 -
TRINITY_DN1567_c0_g1_i2:215-892    -            226 12580at3041          -            214   3.8e-06   23.8   0.0   1   2      0.11       2.7    4.6   0.0   126   142   119   135    96   146 0.76 -
TRINITY_DN1567_c0_g1_i2:215-892    -            226 12580at3041          -            214   3.8e-06   23.8   0.0   2   2   2.5e-05   0.00063   16.5   0.0   112   174   147   210   139   223 0.81 -
TRINITY_DN521_c0_g1_i9:281-1819    -            477 12580at3041          -            214   5.7e-06   23.2   0.1   1   5      0.58        15    2.2   0.0     8    64    30    57    23    70 0.58 -
TRINITY_DN521_c0_g1_i9:281-1819    -            477 12580at3041          -            214   5.7e-06   23.2   0.1   2   5     0.023      0.59    6.8   0.0     6    42   108   145   104   153 0.75 -
TRINITY_DN521_c0_g1_i9:281-1819    -            477 12580at3041          -            214   5.7e-06   23.2   0.1   3   5       6.6   1.7e+02   -1.2   0.0   112   146   201   233   190   253 0.56 -
TRINITY_DN521_c0_g1_i9:281-1819    -            477 12580at3041          -            214   5.7e-06   23.2   0.1   4   5     0.016      0.41    7.3   0.0   114   181   252   322   249   340 0.73 -
TRINITY_DN521_c0_g1_i9:281-1819    -            477 12580at3041          -            214   5.7e-06   23.2   0.1   5   5       1.5        38    0.9   0.0     8    39   312   342   307   354 0.72 -
TRINITY_DN521_c0_g1_i6:281-1830    -            478 12580at3041          -            214   5.9e-06   23.1   0.1   1   5      0.58        15    2.2   0.0     8    64    30    57    23    70 0.58 -
TRINITY_DN521_c0_g1_i6:281-1830    -            478 12580at3041          -            214   5.9e-06   23.1   0.1   2   5     0.023      0.59    6.8   0.0     6    42   108   145   104   153 0.75 -
TRINITY_DN521_c0_g1_i6:281-1830    -            478 12580at3041          -            214   5.9e-06   23.1   0.1   3   5       5.7   1.5e+02   -1.0   0.0   111   148   201   236   195   256 0.54 -
TRINITY_DN521_c0_g1_i6:281-1830    -            478 12580at3041          -            214   5.9e-06   23.1   0.1   4   5     0.029      0.72    6.5   0.0   114   163   253   302   249   324 0.77 -
TRINITY_DN521_c0_g1_i6:281-1830    -            478 12580at3041          -            214   5.9e-06   23.1   0.1   5   5       1.4        35    1.0   0.0     8    40   313   344   306   356 0.73 -
TRINITY_DN521_c0_g1_i1:281-1714    -            478 12580at3041          -            214     6e-06   23.1   0.1   1   5      0.58        15    2.2   0.0     8    64    30    57    23    70 0.58 -
TRINITY_DN521_c0_g1_i1:281-1714    -            478 12580at3041          -            214     6e-06   23.1   0.1   2   5     0.023      0.59    6.8   0.0     6    42   108   145   104   153 0.75 -
TRINITY_DN521_c0_g1_i1:281-1714    -            478 12580at3041          -            214     6e-06   23.1   0.1   3   5       5.7   1.5e+02   -1.0   0.0   111   148   201   236   195   256 0.54 -
TRINITY_DN521_c0_g1_i1:281-1714    -            478 12580at3041          -            214     6e-06   23.1   0.1   4   5     0.029      0.72    6.5   0.0   114   163   253   302   249   324 0.77 -
TRINITY_DN521_c0_g1_i1:281-1714    -            478 12580at3041          -            214     6e-06   23.1   0.1   5   5       1.4        35    1.0   0.0     8    40   313   344   306   356 0.73 -
TRINITY_DN521_c0_g1_i8:147-1589    -            451 12580at3041          -            214   1.8e-05   21.5   0.2   1   5       2.5        63    0.1   0.0    38    60     4    26     1    35 0.65 -
TRINITY_DN521_c0_g1_i8:147-1589    -            451 12580at3041          -            214   1.8e-05   21.5   0.2   2   5     0.022      0.55    6.9   0.0     6    42    81   118    77   126 0.76 -
TRINITY_DN521_c0_g1_i8:147-1589    -            451 12580at3041          -            214   1.8e-05   21.5   0.2   3   5         4     1e+02   -0.5   0.0   111   149   174   210   168   234 0.56 -
TRINITY_DN521_c0_g1_i8:147-1589    -            451 12580at3041          -            214   1.8e-05   21.5   0.2   4   5     0.016      0.41    7.3   0.0   114   179   226   294   223   311 0.73 -
TRINITY_DN521_c0_g1_i8:147-1589    -            451 12580at3041          -            214   1.8e-05   21.5   0.2   5   5       1.4        35    1.0   0.0     8    40   286   317   281   329 0.72 -
TRINITY_DN521_c0_g1_i10:281-1186   -            302 12580at3041          -            214   2.1e-05   21.3   0.1   1   4      0.32       8.1    3.1   0.0     7    64    29    57    23    70 0.58 -
TRINITY_DN521_c0_g1_i10:281-1186   -            302 12580at3041          -            214   2.1e-05   21.3   0.1   2   4     0.011      0.29    7.8   0.0     6    42   108   145   103   153 0.76 -
TRINITY_DN521_c0_g1_i10:281-1186   -            302 12580at3041          -            214   2.1e-05   21.3   0.1   3   4       2.2        57    0.3   0.0   111   150   201   238   195   261 0.56 -
TRINITY_DN521_c0_g1_i10:281-1186   -            302 12580at3041          -            214   2.1e-05   21.3   0.1   4   4     0.072       1.8    5.2   0.0   114   160   253   299   250   302 0.88 -
TRINITY_DN32155_c0_g1_i1:194-895   -            234 12580at3041          -            214   2.8e-05   20.9   1.3   1   4       5.3   1.4e+02   -0.9   0.0   124   143    13    30     1    44 0.70 -
TRINITY_DN32155_c0_g1_i1:194-895   -            234 12580at3041          -            214   2.8e-05   20.9   1.3   2   4       2.2        56    0.3   0.1   112   141    49    78    16    91 0.73 -
TRINITY_DN32155_c0_g1_i1:194-895   -            234 12580at3041          -            214   2.8e-05   20.9   1.3   3   4   0.00034    0.0087   12.8   0.0     5    38    91   124    86   139 0.83 -
TRINITY_DN32155_c0_g1_i1:194-895   -            234 12580at3041          -            214   2.8e-05   20.9   1.3   4   4      0.13       3.2    4.4   0.0   126   143   186   203   162   220 0.78 -
TRINITY_DN49051_c0_g1_i1:201-881   -            227 12580at3041          -            214   3.6e-05   20.6   0.1   1   3     0.055       1.4    5.5   0.1   124   182    59   121    44   128 0.82 -
TRINITY_DN49051_c0_g1_i1:201-881   -            227 12580at3041          -            214   3.6e-05   20.6   0.1   2   3       9.3   2.4e+02   -1.7   0.0   124   144   153   173   147   185 0.74 -
TRINITY_DN49051_c0_g1_i1:201-881   -            227 12580at3041          -            214   3.6e-05   20.6   0.1   3   3   0.00058     0.015   12.0   0.0   111   144   185   218   157   224 0.91 -
TRINITY_DN12898_c0_g2_i1:544-1290  -            249 12580at3041          -            214   3.6e-05   20.5   0.0   1   2     0.011      0.29    7.8   0.0   127   180   128   181   121   190 0.69 -
TRINITY_DN12898_c0_g2_i1:544-1290  -            249 12580at3041          -            214   3.6e-05   20.5   0.0   2   2     0.012       0.3    7.7   0.0   112   147   211   244   193   248 0.80 -
TRINITY_DN31357_c0_g1_i1:35-985    -            317 12580at3041          -            214   3.7e-05   20.5   5.5   1   3      0.23       5.9    3.5   0.0   126   147   159   180   131   188 0.83 -
TRINITY_DN31357_c0_g1_i1:35-985    -            317 12580at3041          -            214   3.7e-05   20.5   5.5   2   3      0.21       5.3    3.7   0.2   118   154   198   233   194   246 0.71 -
TRINITY_DN31357_c0_g1_i1:35-985    -            317 12580at3041          -            214   3.7e-05   20.5   5.5   3   3   0.00011    0.0028   14.4   0.1   116   181   241   300   237   311 0.78 -
TRINITY_DN2899_c0_g1_i1:143-379    -             79 12580at3041          -            214   6.3e-05   19.8   0.0   1   1   2.5e-06   6.3e-05   19.8   0.0   111   153    36    77    21    79 0.78 -
TRINITY_DN766_c0_g1_i4:26-3877     -           1284 12580at3041          -            214   6.9e-05   19.6   0.4   1   4       5.7   1.5e+02   -1.0   0.0   128   144    87   103    82   114 0.83 -
TRINITY_DN766_c0_g1_i4:26-3877     -           1284 12580at3041          -            214   6.9e-05   19.6   0.4   2   4      0.78        20    1.8   0.0     5    39   125   160   121   167 0.54 -
TRINITY_DN766_c0_g1_i4:26-3877     -           1284 12580at3041          -            214   6.9e-05   19.6   0.4   3   4      0.55        14    2.3   0.0   118   154   185   221   181   250 0.75 -
TRINITY_DN766_c0_g1_i4:26-3877     -           1284 12580at3041          -            214   6.9e-05   19.6   0.4   4   4    0.0045      0.12    9.1   0.1   110   155   269   314   237   321 0.82 -
TRINITY_DN24890_c0_g1_i2:0-1583    -            528 12580at3041          -            214   7.3e-05   19.6   0.0   1   2       4.6   1.2e+02   -0.7   0.0   127   155   215   243   197   270 0.81 -
TRINITY_DN24890_c0_g1_i2:0-1583    -            528 12580at3041          -            214   7.3e-05   19.6   0.0   2   2   5.1e-05    0.0013   15.5   0.0     5    36   285   316   281   324 0.91 -
TRINITY_DN24890_c0_g1_i1:0-1532    -            511 12580at3041          -            214   0.00012   18.9   0.0   1   1   4.9e-05    0.0012   15.5   0.0     5    36   268   299   264   307 0.91 -
TRINITY_DN31496_c0_g1_i1:2851-3531 -            227 12580at3041          -            214   0.00012   18.8   0.1   1   4   0.00028    0.0072   13.0   0.0     4    46    35    77    32    84 0.76 -
TRINITY_DN31496_c0_g1_i1:2851-3531 -            227 12580at3041          -            214   0.00012   18.8   0.1   2   4       3.4        87   -0.3   0.0    35    50   116   131    73   143 0.57 -
TRINITY_DN31496_c0_g1_i1:2851-3531 -            227 12580at3041          -            214   0.00012   18.8   0.1   3   4       9.9   2.5e+02   -1.8   0.0   123   148   167   191   160   199 0.72 -
TRINITY_DN31496_c0_g1_i1:2851-3531 -            227 12580at3041          -            214   0.00012   18.8   0.1   4   4       1.3        34    1.0   0.0    16    33   209   226   188   227 0.81 -
TRINITY_DN23601_c0_g1_i2:21-311    -             97 12580at3041          -            214   0.00023   17.9   0.1   1   2    0.0013     0.033   10.9   0.0   111   145     6    40     3    56 0.89 -
TRINITY_DN23601_c0_g1_i2:21-311    -             97 12580at3041          -            214   0.00023   17.9   0.1   2   2     0.047       1.2    5.8   0.0   111   144    63    96    50    97 0.87 -
TRINITY_DN816_c0_g1_i5:548-1366    -            273 12580at3041          -            214   0.00026   17.7   6.6   1   4      0.54        14    2.3   0.0   117   145    11    41     4    80 0.59 -
TRINITY_DN816_c0_g1_i5:548-1366    -            273 12580at3041          -            214   0.00026   17.7   6.6   2   4       1.3        33    1.1   0.1   111   144   117   146   106   162 0.73 -
TRINITY_DN816_c0_g1_i5:548-1366    -            273 12580at3041          -            214   0.00026   17.7   6.6   3   4    0.0062      0.16    8.6   0.2    75   155   165   243   156   255 0.70 -
TRINITY_DN816_c0_g1_i5:548-1366    -            273 12580at3041          -            214   0.00026   17.7   6.6   4   4     0.046       1.2    5.8   0.1    17    34   257   273   242   273 0.74 -
TRINITY_DN5799_c1_g2_i1:572-1699   -            376 12580at3041          -            214   0.00029   17.6   0.0   1   1   1.8e-05   0.00046   16.9   0.0   111   148   296   333   291   366 0.92 -
TRINITY_DN53841_c0_g1_i1:25-795    -            257 12580at3041          -            214   0.00064   16.5   0.3   1   2      0.93        24    1.5   0.0   106   181    84   160    81   177 0.60 -
TRINITY_DN53841_c0_g1_i1:25-795    -            257 12580at3041          -            214   0.00064   16.5   0.3   2   2   0.00044     0.011   12.4   0.1   108   156   178   226   162   253 0.74 -
TRINITY_DN43156_c0_g1_i1:62-457    -            132 12580at3041          -            214    0.0011   15.7   0.0   1   2     0.034      0.86    6.3   0.0   124   154    27    56    16    67 0.75 -
TRINITY_DN43156_c0_g1_i1:62-457    -            132 12580at3041          -            214    0.0011   15.7   0.0   2   2    0.0088      0.22    8.2   0.0   128   159    72   103    58   131 0.79 -
TRINITY_DN10770_c0_g1_i2:207-896   -            230 12580at3041          -            214    0.0039   13.9   0.4   1   3     0.082       2.1    5.0   0.0   111   144    47    78    35    90 0.81 -
TRINITY_DN10770_c0_g1_i2:207-896   -            230 12580at3041          -            214    0.0039   13.9   0.4   2   3      0.05       1.3    5.7   0.0     4    34    90   120    87   125 0.91 -
TRINITY_DN10770_c0_g1_i2:207-896   -            230 12580at3041          -            214    0.0039   13.9   0.4   3   3       3.9        98   -0.5   0.0   100   141   169   209   144   213 0.72 -
TRINITY_DN38981_c0_g1_i2:190-519   -            110 12580at3041          -            214     0.006   13.3   0.2   1   2    0.0066      0.17    8.6   0.0   112   149    36    70    26    80 0.74 -
TRINITY_DN38981_c0_g1_i2:190-519   -            110 12580at3041          -            214     0.006   13.3   0.2   2   2       0.3       7.5    3.2   0.1   126   141    95   110    79   110 0.83 -
TRINITY_DN54830_c0_g1_i1:15-719    -            235 12580at3041          -            214    0.0073   13.0   0.0   1   2     0.041         1    6.0   0.0    10    34   111   135   106   145 0.87 -
TRINITY_DN54830_c0_g1_i1:15-719    -            235 12580at3041          -            214    0.0073   13.0   0.0   2   2      0.21       5.4    3.6   0.0     5    34   149   178   144   183 0.82 -
TRINITY_DN1068_c0_g1_i10:1973-2191 -             73 12580at3041          -            214      0.01   12.5   0.0   1   2      0.11       2.8    4.6   0.0    11    33     3    24     1    50 0.81 -
TRINITY_DN1068_c0_g1_i10:1973-2191 -             73 12580at3041          -            214      0.01   12.5   0.0   2   2     0.019      0.48    7.1   0.0     9    33    49    73    39    73 0.86 -
TRINITY_DN1068_c0_g1_i11:2136-2354 -             73 12580at3041          -            214      0.01   12.5   0.0   1   2      0.11       2.8    4.6   0.0    11    33     3    24     1    50 0.81 -
TRINITY_DN1068_c0_g1_i11:2136-2354 -             73 12580at3041          -            214      0.01   12.5   0.0   2   2     0.019      0.48    7.1   0.0     9    33    49    73    39    73 0.86 -
TRINITY_DN1068_c0_g1_i8:874-1092   -             73 12580at3041          -            214      0.01   12.5   0.0   1   2      0.11       2.8    4.6   0.0    11    33     3    24     1    50 0.81 -
TRINITY_DN1068_c0_g1_i8:874-1092   -             73 12580at3041          -            214      0.01   12.5   0.0   2   2     0.019      0.48    7.1   0.0     9    33    49    73    39    73 0.86 -
TRINITY_DN1068_c0_g1_i9:781-999    -             73 12580at3041          -            214      0.01   12.5   0.0   1   2      0.11       2.8    4.6   0.0    11    33     3    24     1    50 0.81 -
TRINITY_DN1068_c0_g1_i9:781-999    -             73 12580at3041          -            214      0.01   12.5   0.0   2   2     0.019      0.48    7.1   0.0     9    33    49    73    39    73 0.86 -
TRINITY_DN4312_c0_g1_i1:51-272     -             74 12580at3041          -            214     0.014   12.1   0.0   1   1   0.00058     0.015   12.0   0.0   118   145     7    33     1    67 0.68 -
#
# Program:         hmmsearch
# Version:         3.2.1 (June 2018)
# Pipeline mode:   SEARCH
# Query file:      /sw/bioinfo/BUSCO/v5_lineage_sets/lineages/chlorophyta_odb10/hmms/12580at3041.hmm
# Target file:     /crex/proj/snic2022-23-81/expression_algae/code/busco/trinity_VA-3180-Osg11Pal/run_chlorophyta_odb10/metaeuk_output/initial_results/trinity_VA-3180-Osg11Pal.Trinity.fasta.modified.fas
# Option settings: hmmsearch --domtblout /crex/proj/snic2022-23-81/expression_algae/code/busco/trinity_VA-3180-Osg11Pal/run_chlorophyta_odb10/hmmer_output/initial_run_results/12580at3041.out --cpu 1 /sw/bioinfo/BUSCO/v5_lineage_sets/lineages/chlorophyta_odb10/hmms/12580at3041.hmm /crex/proj/snic2022-23-81/expression_algae/code/busco/trinity_VA-3180-Osg11Pal/run_chlorophyta_odb10/metaeuk_output/initial_results/trinity_VA-3180-Osg11Pal.Trinity.fasta.modified.fas 
# Current dir:     /crex/proj/snic2022-23-81/expression_algae/code/busco
# Date:            Fri Sep 23 10:12:09 2022
# [ok]
