#                                                                                        --- full sequence --- -------------- this domain -------------   hmm coord   ali coord   env coord
# target name                    accession   tlen query name           accession   qlen   E-value  score  bias   #  of  c-Evalue  i-Evalue  score  bias  from    to  from    to  from    to  acc description of target
#            ------------------- ---------- ----- -------------------- ---------- ----- --------- ------ ----- --- --- --------- --------- ------ ----- ----- ----- ----- ----- ----- ----- ---- ---------------------
TRINITY_DN741_c0_g2_i1:548-3004  -            819 1379at3041           -            361  6.4e-102  338.7   0.0   1   2   2.6e-50   1.8e-48  162.8   0.0    78   302   209   438   202   457 0.93 -
TRINITY_DN741_c0_g2_i1:548-3004  -            819 1379at3041           -            361  6.4e-102  338.7   0.0   2   2   1.3e-53   8.9e-52  173.8   0.0    70   355   473   768   452   773 0.86 -
TRINITY_DN18756_c0_g1_i1:3-398   -            132 1379at3041           -            361   7.4e-88  292.5   0.1   1   1   1.2e-89   8.2e-88  292.3   0.1    81   212     1   132     1   132 1.00 -
TRINITY_DN5832_c0_g1_i3:89-928   -            280 1379at3041           -            361   1.2e-87  291.7   0.0   1   1   2.1e-89   1.5e-87  291.5   0.0    74   301    15   247     2   264 0.90 -
TRINITY_DN741_c1_g1_i1:673-1590  -            306 1379at3041           -            361   1.3e-79  265.4   0.1   1   2     2e-60   1.4e-58  196.1   0.0    78   212     7   142     2   145 0.98 -
TRINITY_DN741_c1_g1_i1:673-1590  -            306 1379at3041           -            361   1.3e-79  265.4   0.1   2   2   3.2e-21   2.2e-19   67.2   0.0   214   346   166   290   164   306 0.76 -
TRINITY_DN49534_c0_g1_i1:1-525   -            175 1379at3041           -            361   1.9e-72  241.8   0.1   1   1   1.2e-73   8.6e-72  239.6   0.1   213   359     7   175     2   175 0.92 -
TRINITY_DN5832_c0_g1_i1:26-718   -            231 1379at3041           -            361   1.3e-59  199.5   0.0   1   1   2.2e-61   1.5e-59  199.3   0.0   130   359     3   229     1   231 0.86 -
TRINITY_DN741_c0_g3_i1:359-1150  -            264 1379at3041           -            361   3.8e-51  171.7   0.0   1   2      0.86        60   -0.1   0.0   329   351    10    32     5    35 0.86 -
TRINITY_DN741_c0_g3_i1:359-1150  -            264 1379at3041           -            361   3.8e-51  171.7   0.0   2   2   2.6e-52   1.8e-50  169.4   0.0    78   292    37   258    32   264 0.93 -
TRINITY_DN741_c0_g3_i3:530-1321  -            264 1379at3041           -            361   3.8e-51  171.7   0.0   1   2      0.86        60   -0.1   0.0   329   351    10    32     5    35 0.86 -
TRINITY_DN741_c0_g3_i3:530-1321  -            264 1379at3041           -            361   3.8e-51  171.7   0.0   2   2   2.6e-52   1.8e-50  169.4   0.0    78   292    37   258    32   264 0.93 -
TRINITY_DN1059_c0_g1_i3:10-1206  -            399 1379at3041           -            361   5.3e-50  167.9   0.3   1   2       1.3        90   -0.6   0.4    18    75     6    64     2    69 0.76 -
TRINITY_DN1059_c0_g1_i3:10-1206  -            399 1379at3041           -            361   5.3e-50  167.9   0.3   2   2   3.3e-51   2.4e-49  165.8   0.0    78   306   132   368   122   386 0.92 -
TRINITY_DN741_c1_g5_i2:703-2007  -            435 1379at3041           -            361   1.1e-48  163.6   0.1   1   2   1.1e-44   7.6e-43  144.4   0.0    79   292     1   233     1   283 0.85 -
TRINITY_DN741_c1_g5_i2:703-2007  -            435 1379at3041           -            361   1.1e-48  163.6   0.1   2   2   8.5e-06    0.0006   16.4   0.1   109   186   311   389   281   394 0.82 -
TRINITY_DN3533_c0_g3_i1:104-1159 -            352 1379at3041           -            361     3e-45  152.3   0.0   1   1   5.8e-47   4.1e-45  151.8   0.0    76   297    85   318    68   332 0.85 -
TRINITY_DN3533_c0_g3_i2:104-1291 -            396 1379at3041           -            361   4.1e-45  151.8   0.0   1   1   8.3e-47   5.8e-45  151.3   0.0    76   297   129   362   112   375 0.85 -
TRINITY_DN741_c0_g2_i3:193-1431  -            413 1379at3041           -            361   8.5e-45  150.8   0.0   1   1     2e-46   1.4e-44  150.1   0.0    78   259   209   396   202   412 0.93 -
TRINITY_DN741_c0_g2_i2:872-1510  -            213 1379at3041           -            361   2.2e-44  149.4   0.0   1   1   3.4e-46   2.4e-44  149.3   0.0    98   297     4   211     1   213 0.89 -
TRINITY_DN3533_c0_g4_i2:216-1793 -            526 1379at3041           -            361   6.7e-43  144.5   0.0   1   1   1.5e-44   1.1e-42  143.9   0.0    77   293    55   278    43   296 0.85 -
TRINITY_DN3533_c0_g1_i1:2-1120   -            373 1379at3041           -            361   5.5e-42  141.5   0.0   1   1   1.2e-43   8.1e-42  141.0   0.0    80   257   174   360   160   372 0.90 -
TRINITY_DN3533_c0_g4_i1:71-868   -            266 1379at3041           -            361   6.1e-41  138.1   0.0   1   1     1e-42   7.3e-41  137.8   0.0    77   281    55   266    43   266 0.86 -
TRINITY_DN3940_c0_g1_i1:2-691    -            230 1379at3041           -            361   1.3e-40  137.0   0.0   1   1   2.3e-42   1.6e-40  136.7   0.0   116   297    21   209     6   223 0.88 -
TRINITY_DN741_c0_g4_i1:99-1979   -            627 1379at3041           -            361   4.1e-40  135.4   0.0   1   1     8e-42   5.6e-40  134.9   0.0    79   303   147   376   113   398 0.89 -
TRINITY_DN1059_c0_g1_i2:10-672   -            221 1379at3041           -            361   2.6e-39  132.8   0.0   1   1   4.3e-41     3e-39  132.5   0.0   124   306     1   190     1   210 0.92 -
TRINITY_DN2521_c0_g1_i2:755-1627 -            291 1379at3041           -            361   1.5e-35  120.3   0.0   1   1   2.7e-37   1.9e-35  120.1   0.0    81   290     3   219     1   237 0.89 -
TRINITY_DN741_c1_g5_i1:703-1998  -            432 1379at3041           -            361   5.7e-33  111.9   0.2   1   2   5.4e-29   3.8e-27   92.7   0.0    92   292     9   230     1   283 0.80 -
TRINITY_DN741_c1_g5_i1:703-1998  -            432 1379at3041           -            361   5.7e-33  111.9   0.2   2   2   9.1e-06   0.00064   16.3   0.1   110   186   309   386   293   395 0.81 -
TRINITY_DN741_c0_g1_i1:409-1641  -            411 1379at3041           -            361   1.4e-32  110.6   0.0   1   1   2.7e-34   1.9e-32  110.2   0.0    79   299    21   249    10   278 0.87 -
TRINITY_DN2521_c0_g1_i3:86-916   -            277 1379at3041           -            361   1.4e-32  110.6   0.0   1   1   2.5e-34   1.8e-32  110.3   0.0   111   290    19   205     4   224 0.89 -
TRINITY_DN741_c2_g1_i2:1-741     -            247 1379at3041           -            361   2.5e-32  109.8   0.0   1   1   4.7e-34   3.3e-32  109.4   0.0   125   289     1   169     1   187 0.94 -
TRINITY_DN130_c0_g1_i1:31-627    -            199 1379at3041           -            361   8.6e-32  108.0   0.0   1   1   1.4e-33     1e-31  107.8   0.0   116   296     5   196     2   199 0.83 -
TRINITY_DN130_c1_g1_i2:178-1059  -            294 1379at3041           -            361     3e-28   96.3   0.1   1   2       3.4   2.4e+02   -2.0   0.0    49    96    70   118    63   120 0.76 -
TRINITY_DN130_c1_g1_i2:178-1059  -            294 1379at3041           -            361     3e-28   96.3   0.1   2   2     1e-29   7.3e-28   95.1   0.0    81   186   188   294   173   294 0.94 -
TRINITY_DN741_c3_g1_i1:0-329     -            110 1379at3041           -            361   3.3e-28   96.2   0.0   1   1   5.1e-30   3.6e-28   96.1   0.0    79   186     2   110     1   110 0.95 -
TRINITY_DN1816_c0_g1_i1:0-899    -            300 1379at3041           -            361   3.4e-28   96.2   0.0   1   2       2.2   1.6e+02   -1.4   0.0   205   246    95   140    92   153 0.73 -
TRINITY_DN1816_c0_g1_i1:0-899    -            300 1379at3041           -            361   3.4e-28   96.2   0.0   2   2   1.3e-29   9.1e-28   94.8   0.0    75   211   150   292   140   296 0.86 -
TRINITY_DN5511_c0_g1_i1:27-341   -            105 1379at3041           -            361   5.1e-28   95.6   0.0   1   1   7.8e-30   5.5e-28   95.5   0.0   117   211     3   104     1   105 0.91 -
TRINITY_DN1571_c0_g1_i2:58-489   -            144 1379at3041           -            361   1.5e-26   90.8   0.0   1   1   2.4e-28   1.7e-26   90.6   0.0    75   209     8   143     2   144 0.93 -
TRINITY_DN741_c1_g4_i1:1-708     -            236 1379at3041           -            361   2.2e-24   83.6   0.0   1   2      0.43        30    0.9   0.0    13    67     6    58     1    77 0.76 -
TRINITY_DN741_c1_g4_i1:1-708     -            236 1379at3041           -            361   2.2e-24   83.6   0.0   2   2   2.5e-25   1.8e-23   80.7   0.0    78   179   134   236   122   236 0.93 -
TRINITY_DN19300_c0_g1_i1:7-363   -            119 1379at3041           -            361   6.7e-24   82.0   0.0   1   1     1e-25   7.2e-24   81.9   0.0    82   190     2   117     1   119 0.89 -
TRINITY_DN741_c1_g4_i2:1-294     -             98 1379at3041           -            361     8e-23   78.5   0.0   1   1   1.3e-24   8.8e-23   78.4   0.0    83   179     1    98     1    98 0.94 -
TRINITY_DN10582_c0_g1_i1:8-307   -            100 1379at3041           -            361     1e-20   71.6   0.0   1   1   1.6e-22   1.1e-20   71.4   0.0    81   180     1   100     1   100 0.91 -
TRINITY_DN1571_c0_g1_i4:195-497  -            101 1379at3041           -            361   1.5e-17   61.1   0.0   1   1   2.4e-19   1.7e-17   61.0   0.0    82   180     2   101     1   101 0.95 -
TRINITY_DN741_c1_g2_i1:326-760   -            145 1379at3041           -            361   8.5e-17   58.7   0.3   1   1   1.4e-18   9.8e-17   58.5   0.3   174   300     1   134     1   141 0.88 -
TRINITY_DN1874_c0_g1_i1:1-1430   -            397 1379at3041           -            361   2.9e-15   53.6   0.0   1   1   6.5e-17   4.6e-15   53.0   0.0   114   257   122   266   116   275 0.87 -
TRINITY_DN1874_c0_g1_i5:103-1293 -            397 1379at3041           -            361   2.9e-15   53.6   0.0   1   1   6.5e-17   4.6e-15   53.0   0.0   114   257   122   266   116   275 0.87 -
TRINITY_DN1874_c0_g1_i7:116-1642 -            509 1379at3041           -            361   7.6e-15   52.3   0.0   1   2       8.6   6.1e+02   -3.4   3.2     6    57    60   113    49   155 0.63 -
TRINITY_DN1874_c0_g1_i7:116-1642 -            509 1379at3041           -            361   7.6e-15   52.3   0.0   2   2   1.1e-16   7.6e-15   52.3   0.0   114   257   332   476   326   485 0.87 -
TRINITY_DN1874_c0_g1_i3:430-2100 -            557 1379at3041           -            361   8.9e-15   52.0   0.0   1   1   1.3e-16   8.9e-15   52.0   0.0   114   257   282   426   276   435 0.87 -
TRINITY_DN1874_c0_g1_i6:116-1936 -            607 1379at3041           -            361     1e-14   51.8   0.0   1   1   1.5e-16     1e-14   51.8   0.0   114   257   332   476   326   485 0.87 -
TRINITY_DN4673_c0_g1_i2:540-1148 -            203 1379at3041           -            361     0.015   11.8   0.0   1   1   0.00029     0.021   11.3   0.0   119   188     9    86     4    97 0.69 -
#
# Program:         hmmsearch
# Version:         3.2.1 (June 2018)
# Pipeline mode:   SEARCH
# Query file:      /sw/bioinfo/BUSCO/v5_lineage_sets/lineages/chlorophyta_odb10/hmms/1379at3041.hmm
# Target file:     /crex/proj/snic2022-23-81/expression_algae/code/busco/trinity_VA-3180-Osg11Pal/run_chlorophyta_odb10/metaeuk_output/initial_results/trinity_VA-3180-Osg11Pal.Trinity.fasta.modified.fas
# Option settings: hmmsearch --domtblout /crex/proj/snic2022-23-81/expression_algae/code/busco/trinity_VA-3180-Osg11Pal/run_chlorophyta_odb10/hmmer_output/initial_run_results/1379at3041.out --cpu 1 /sw/bioinfo/BUSCO/v5_lineage_sets/lineages/chlorophyta_odb10/hmms/1379at3041.hmm /crex/proj/snic2022-23-81/expression_algae/code/busco/trinity_VA-3180-Osg11Pal/run_chlorophyta_odb10/metaeuk_output/initial_results/trinity_VA-3180-Osg11Pal.Trinity.fasta.modified.fas 
# Current dir:     /crex/proj/snic2022-23-81/expression_algae/code/busco
# Date:            Fri Sep 23 10:12:09 2022
# [ok]
