#                                                                                          --- full sequence --- -------------- this domain -------------   hmm coord   ali coord   env coord
# target name                      accession   tlen query name           accession   qlen   E-value  score  bias   #  of  c-Evalue  i-Evalue  score  bias  from    to  from    to  from    to  acc description of target
#              ------------------- ---------- ----- -------------------- ---------- ----- --------- ------ ----- --- --- --------- --------- ------ ----- ----- ----- ----- ----- ----- ----- ---- ---------------------
TRINITY_DN975_c0_g1_i1:503-1033    -            177 1952at3041           -            304   2.3e-83  277.2   0.0   1   1   2.8e-84   2.5e-83  277.1   0.0   139   302     6   177     1   177 0.95 -
TRINITY_DN314_c0_g1_i5:373-951     -            193 1952at3041           -            304   1.2e-79  265.0   0.0   1   1   1.9e-80   1.6e-79  264.6   0.0     3   150    25   188    23   190 0.93 -
TRINITY_DN314_c0_g1_i3:185-867     -            201 1952at3041           -            304   1.4e-79  264.8   0.0   1   1   2.2e-80   1.9e-79  264.4   0.0     3   150    33   196    31   198 0.93 -
TRINITY_DN314_c0_g1_i6:275-877     -            201 1952at3041           -            304   1.4e-79  264.8   0.0   1   1   2.2e-80   1.9e-79  264.4   0.0     3   150    33   196    31   198 0.93 -
TRINITY_DN314_c0_g1_i9:185-787     -            201 1952at3041           -            304   1.4e-79  264.8   0.0   1   1   2.2e-80   1.9e-79  264.4   0.0     3   150    33   196    31   198 0.93 -
TRINITY_DN197_c0_g2_i2:0-1013      -            338 1952at3041           -            304   7.6e-44  147.5   0.1   1   2   9.9e-27   8.7e-26   88.2   0.0     8   149    98   250    94   255 0.90 -
TRINITY_DN197_c0_g2_i2:0-1013      -            338 1952at3041           -            304   7.6e-44  147.5   0.1   2   2   2.4e-17   2.1e-16   57.3   0.0   150   210   277   337   274   338 0.96 -
TRINITY_DN12972_c0_g2_i1:614-1570  -            319 1952at3041           -            304   2.4e-43  145.8   0.0   1   1   3.4e-44     3e-43  145.5   0.0    22   302    15   319     7   319 0.82 -
TRINITY_DN7985_c0_g1_i1:9-641      -            211 1952at3041           -            304   1.7e-36  123.3   0.1   1   1   2.2e-37     2e-36  123.1   0.1    45   215     2   182     1   207 0.88 -
TRINITY_DN1599_c0_g1_i1:29-703     -            225 1952at3041           -            304   7.1e-35  118.0   0.1   1   1   9.6e-36   8.4e-35  117.8   0.1    22   210     5   209     1   222 0.87 -
TRINITY_DN4290_c0_g1_i1:276-1172   -            299 1952at3041           -            304   4.4e-31  105.5   0.0   1   1   6.4e-32   5.6e-31  105.2   0.0    23   303     7   298     4   299 0.82 -
TRINITY_DN338_c0_g1_i5:456-1322    -            289 1952at3041           -            304   1.5e-28   97.2   0.4   1   2   1.7e-24   1.5e-23   80.8   0.0    47   211    31   204     3   220 0.85 -
TRINITY_DN338_c0_g1_i5:456-1322    -            289 1952at3041           -            304   1.5e-28   97.2   0.4   2   2   0.00021    0.0018   14.9   0.1   278   303   262   287   252   288 0.89 -
TRINITY_DN1933_c0_g1_i2:4-900      -            299 1952at3041           -            304   8.6e-28   94.7   0.0   1   1   1.6e-28   1.4e-27   94.1   0.0    31   302     4   282     1   284 0.80 -
TRINITY_DN2266_c0_g1_i1:1-999      -            333 1952at3041           -            304   1.6e-26   90.6   0.0   1   1   2.1e-27   1.9e-26   90.4   0.0    47   303    33   289     1   290 0.78 -
TRINITY_DN4290_c0_g1_i4:577-1317   -            247 1952at3041           -            304   3.4e-26   89.5   0.0   1   1   4.4e-27   3.9e-26   89.3   0.0    61   303     3   246     1   247 0.83 -
TRINITY_DN114_c0_g1_i4:317-1456    -            380 1952at3041           -            304   1.6e-24   84.0   0.0   1   1   2.3e-25     2e-24   83.7   0.0    37   303    75   341    35   342 0.77 -
TRINITY_DN114_c0_g1_i1:395-1552    -            386 1952at3041           -            304   1.6e-24   84.0   0.0   1   1   2.4e-25   2.1e-24   83.6   0.0    37   303    75   341    35   342 0.77 -
TRINITY_DN114_c0_g1_i3:317-1474    -            386 1952at3041           -            304   1.6e-24   84.0   0.0   1   1   2.4e-25   2.1e-24   83.6   0.0    37   303    75   341    35   342 0.77 -
TRINITY_DN338_c0_g1_i4:2-628       -            209 1952at3041           -            304   2.3e-23   80.2   0.1   1   1   2.9e-24   2.5e-23   80.1   0.1    47   216    31   208     2   209 0.86 -
TRINITY_DN38473_c0_g1_i1:2-850     -            283 1952at3041           -            304   2.6e-23   80.0   0.1   1   1   6.1e-24   5.3e-23   79.0   0.1    24   300     3   283     1   283 0.78 -
TRINITY_DN569_c0_g2_i1:8-784       -            259 1952at3041           -            304   4.7e-23   79.2   0.1   1   1   7.1e-24   6.2e-23   78.8   0.1    24   216     1   214     1   224 0.81 -
TRINITY_DN1388_c0_g1_i3:240-947    -            236 1952at3041           -            304   1.6e-22   77.4   0.2   1   1   5.4e-23   4.7e-22   75.9   0.0    45   212    44   222    41   228 0.78 -
TRINITY_DN8403_c0_g1_i1:170-1066   -            299 1952at3041           -            304     3e-22   76.5   0.0   1   1   5.3e-23   4.6e-22   75.9   0.0    25   302     4   296     2   298 0.78 -
TRINITY_DN4290_c0_g1_i2:276-866    -            197 1952at3041           -            304   8.2e-22   75.1   0.0   1   1   1.2e-22     1e-21   74.8   0.0    23   195     7   196     4   197 0.82 -
TRINITY_DN6526_c0_g1_i1:158-1940   -            561 1952at3041           -            304   3.1e-21   73.2   0.0   1   1   5.3e-22   4.6e-21   72.6   0.0    25   303    29   329    18   330 0.79 -
TRINITY_DN6526_c0_g1_i3:158-1840   -            561 1952at3041           -            304   3.2e-21   73.2   0.0   1   1   5.5e-22   4.8e-21   72.6   0.0    25   303    29   329    18   330 0.79 -
TRINITY_DN6526_c0_g1_i7:158-1840   -            561 1952at3041           -            304   3.2e-21   73.2   0.0   1   1   5.5e-22   4.8e-21   72.6   0.0    25   303    29   329    18   330 0.79 -
TRINITY_DN46996_c0_g1_i1:279-1127  -            283 1952at3041           -            304   5.2e-21   72.5   0.0   1   2   3.1e-19   2.8e-18   63.5   0.0    23   209     2   199     1   218 0.76 -
TRINITY_DN46996_c0_g1_i1:279-1127  -            283 1952at3041           -            304   5.2e-21   72.5   0.0   2   2     0.048      0.42    7.1   0.0   275   302   255   282   232   283 0.88 -
TRINITY_DN56072_c0_g1_i1:71-490    -            140 1952at3041           -            304   7.6e-21   71.9   0.1   1   1   9.7e-22   8.5e-21   71.8   0.1    24   148     1   137     1   140 0.82 -
TRINITY_DN4365_c0_g1_i1:377-1246   -            290 1952at3041           -            304     1e-20   71.5   0.0   1   2   6.9e-18     6e-17   59.1   0.0    50   214    39   209     2   226 0.79 -
TRINITY_DN4365_c0_g1_i1:377-1246   -            290 1952at3041           -            304     1e-20   71.5   0.0   2   2    0.0044     0.039   10.5   0.0   276   303   260   287   250   288 0.88 -
TRINITY_DN6526_c0_g1_i2:103-1906   -            568 1952at3041           -            304     4e-20   69.6   0.0   1   1   1.1e-20   9.6e-20   68.3   0.0    25   303    29   336    19   337 0.72 -
TRINITY_DN6526_c0_g1_i18:158-1861  -            568 1952at3041           -            304   4.1e-20   69.5   0.0   1   1   1.1e-20   9.9e-20   68.3   0.0    25   303    29   336    19   337 0.72 -
TRINITY_DN2266_c0_g3_i1:247-1038   -            264 1952at3041           -            304   7.8e-20   68.6   0.0   1   1   1.3e-20   1.1e-19   68.1   0.0   117   303    33   221     6   222 0.74 -
TRINITY_DN3990_c1_g1_i2:1255-2163  -            303 1952at3041           -            304   1.1e-19   68.1   0.0   1   1   2.8e-20   2.5e-19   67.0   0.0    23   303     3   300     1   301 0.74 -
TRINITY_DN18479_c0_g1_i1:250-1020  -            257 1952at3041           -            304   1.9e-19   67.3   0.1   1   1     1e-19     9e-19   65.1   0.1    25   204     5   201     3   216 0.74 -
TRINITY_DN6526_c0_g1_i10:158-2036  -            568 1952at3041           -            304     2e-19   67.3   0.0   1   1     8e-20     7e-19   65.5   0.0    25   303    29   336    19   337 0.70 -
TRINITY_DN3990_c1_g1_i1:984-2036   -            351 1952at3041           -            304     2e-19   67.3   0.0   1   1   4.9e-20   4.3e-19   66.2   0.0    23   303     3   300     1   301 0.74 -
TRINITY_DN8970_c0_g1_i1:325-990    -            222 1952at3041           -            304   2.4e-19   67.0   0.0   1   1   3.8e-20   3.3e-19   66.6   0.0    25   204     4   203     2   214 0.79 -
TRINITY_DN632_c0_g1_i1:177-740     -            188 1952at3041           -            304     1e-18   64.9   0.0   1   2   6.7e-17   5.8e-16   55.9   0.0   111   215    17   130     1   137 0.79 -
TRINITY_DN632_c0_g1_i1:177-740     -            188 1952at3041           -            304     1e-18   64.9   0.0   2   2     0.033      0.29    7.6   0.0   274   303   149   178   130   179 0.86 -
TRINITY_DN12972_c0_g2_i2:614-1012  -            133 1952at3041           -            304     1e-18   64.9   0.0   1   1   1.4e-19   1.2e-18   64.7   0.0   175   302     2   133     1   133 0.80 -
TRINITY_DN78_c0_g1_i2:39-899       -            287 1952at3041           -            304   1.7e-18   64.2   0.2   1   1   4.5e-19     4e-18   63.0   0.2    24   302     2   287     1   287 0.79 -
TRINITY_DN1041_c0_g1_i1:620-1927   -            436 1952at3041           -            304   8.5e-18   61.9   0.4   1   2   8.7e-14   7.6e-13   45.6   0.1    52   209    34   195     1   206 0.76 -
TRINITY_DN1041_c0_g1_i1:620-1927   -            436 1952at3041           -            304   8.5e-18   61.9   0.4   2   2   0.00025    0.0022   14.6   0.0   275   304   225   254   214   254 0.88 -
TRINITY_DN1041_c0_g1_i2:620-1927   -            436 1952at3041           -            304   8.5e-18   61.9   0.4   1   2   8.7e-14   7.6e-13   45.6   0.1    52   209    34   195     1   206 0.76 -
TRINITY_DN1041_c0_g1_i2:620-1927   -            436 1952at3041           -            304   8.5e-18   61.9   0.4   2   2   0.00025    0.0022   14.6   0.0   275   304   225   254   214   254 0.88 -
TRINITY_DN13219_c0_g1_i1:269-1021  -            251 1952at3041           -            304     1e-17   61.7   0.0   1   1   1.9e-18   1.7e-17   60.9   0.0    26   213     2   205     1   213 0.75 -
TRINITY_DN1078_c0_g1_i3:825-1792   -            273 1952at3041           -            304     1e-17   61.7   0.1   1   1     4e-18   3.5e-17   59.9   0.1    23   205    24   212    18   221 0.88 -
TRINITY_DN1540_c0_g1_i2:44-757     -            238 1952at3041           -            304     1e-17   61.6   0.0   1   2     1e-14   9.2e-14   48.7   0.0   114   214     9   130     2   140 0.82 -
TRINITY_DN1540_c0_g1_i2:44-757     -            238 1952at3041           -            304     1e-17   61.6   0.0   2   2      0.02      0.17    8.4   0.0   275   303   195   223   179   224 0.87 -
TRINITY_DN22_c0_g1_i10:531-1826    -            432 1952at3041           -            304   1.1e-17   61.5   1.1   1   2   7.5e-14   6.6e-13   45.9   0.0    48   206    26   192     1   203 0.75 -
TRINITY_DN22_c0_g1_i10:531-1826    -            432 1952at3041           -            304   1.1e-17   61.5   1.1   2   2   0.00048    0.0042   13.7   0.1   274   303   224   253   203   254 0.86 -
TRINITY_DN22_c0_g1_i9:531-1826     -            432 1952at3041           -            304   1.1e-17   61.5   1.1   1   2   7.5e-14   6.6e-13   45.9   0.0    48   206    26   192     1   203 0.75 -
TRINITY_DN22_c0_g1_i9:531-1826     -            432 1952at3041           -            304   1.1e-17   61.5   1.1   2   2   0.00048    0.0042   13.7   0.1   274   303   224   253   203   254 0.86 -
TRINITY_DN6027_c0_g2_i7:814-1638   -            275 1952at3041           -            304   2.5e-17   60.4   0.0   1   2   6.9e-15     6e-14   49.3   0.0    92   223    81   215     5   234 0.74 -
TRINITY_DN6027_c0_g2_i7:814-1638   -            275 1952at3041           -            304   2.5e-17   60.4   0.0   2   2     0.013      0.11    9.0   0.0   274   303   236   265   229   266 0.92 -
TRINITY_DN6027_c0_g2_i4:814-1605   -            264 1952at3041           -            304   3.6e-17   59.8   0.0   1   2   8.8e-15   7.7e-14   48.9   0.0   114   223    91   204     2   223 0.81 -
TRINITY_DN6027_c0_g2_i4:814-1605   -            264 1952at3041           -            304   3.6e-17   59.8   0.0   2   2     0.012      0.11    9.1   0.0   274   303   225   254   218   255 0.92 -
TRINITY_DN22_c0_g1_i1:10-1182      -            391 1952at3041           -            304   8.4e-17   58.7   1.1   1   2   6.9e-13   6.1e-12   42.7   0.0    62   206     1   150     1   161 0.71 -
TRINITY_DN22_c0_g1_i1:10-1182      -            391 1952at3041           -            304   8.4e-17   58.7   1.1   2   2   0.00041    0.0036   13.9   0.1   274   303   182   211   160   212 0.85 -
TRINITY_DN22_c0_g1_i5:840-2012     -            391 1952at3041           -            304   8.4e-17   58.7   1.1   1   2   6.9e-13   6.1e-12   42.7   0.0    62   206     1   150     1   161 0.71 -
TRINITY_DN22_c0_g1_i5:840-2012     -            391 1952at3041           -            304   8.4e-17   58.7   1.1   2   2   0.00041    0.0036   13.9   0.1   274   303   182   211   160   212 0.85 -
TRINITY_DN78_c0_g2_i1:2-874        -            291 1952at3041           -            304   1.3e-16   58.0   0.1   1   1   2.8e-17   2.4e-16   57.1   0.1    24   303     2   290     1   291 0.76 -
TRINITY_DN6027_c0_g2_i1:844-1527   -            228 1952at3041           -            304   2.4e-16   57.1   0.0   1   3     0.012      0.11    9.1   0.0   274   303     5    34     2    35 0.93 -
TRINITY_DN6027_c0_g2_i1:844-1527   -            228 1952at3041           -            304   2.4e-16   57.1   0.0   2   3   6.9e-11     6e-10   36.1   0.0   133   226    88   181    60   198 0.78 -
TRINITY_DN6027_c0_g2_i1:844-1527   -            228 1952at3041           -            304   2.4e-16   57.1   0.0   3   3     0.013      0.11    9.0   0.0   273   302   198   227   182   228 0.92 -
TRINITY_DN23844_c0_g1_i1:260-922   -            221 1952at3041           -            304   2.7e-16   57.0   0.0   1   1   3.9e-17   3.5e-16   56.6   0.0    25   207     8   206     4   217 0.72 -
TRINITY_DN1255_c0_g1_i2:395-1144   -            250 1952at3041           -            304   4.1e-16   56.4   1.4   1   2   5.7e-12     5e-11   39.7   0.1    49   205    12   190     5   205 0.74 -
TRINITY_DN1255_c0_g1_i2:395-1144   -            250 1952at3041           -            304   4.1e-16   56.4   1.4   2   2    0.0005    0.0044   13.6   0.1   276   303   222   249   215   250 0.91 -
TRINITY_DN3240_c0_g1_i2:618-1331   -            238 1952at3041           -            304   4.4e-16   56.3   0.1   1   1   6.5e-17   5.7e-16   55.9   0.1    45   207    32   199     5   207 0.76 -
TRINITY_DN1255_c0_g1_i3:83-907     -            275 1952at3041           -            304   5.4e-16   56.0   1.5   1   2   6.4e-12   5.6e-11   39.5   0.1    46   205    34   215    22   229 0.75 -
TRINITY_DN1255_c0_g1_i3:83-907     -            275 1952at3041           -            304   5.4e-16   56.0   1.5   2   2   0.00057     0.005   13.4   0.1   276   303   247   274   240   275 0.91 -
TRINITY_DN1255_c0_g1_i1:8-910      -            301 1952at3041           -            304   9.9e-16   55.1   1.3   1   2     1e-11   9.2e-11   38.8   0.1    52   205    15   190     5   204 0.74 -
TRINITY_DN1255_c0_g1_i1:8-910      -            301 1952at3041           -            304   9.9e-16   55.1   1.3   2   2   0.00063    0.0055   13.3   0.1   276   303   273   300   265   301 0.91 -
TRINITY_DN632_c0_g1_i2:177-683     -            169 1952at3041           -            304   1.7e-15   54.4   0.1   1   2   1.3e-13   1.1e-12   45.1   0.1   114   215     1   111     1   119 0.83 -
TRINITY_DN632_c0_g1_i2:177-683     -            169 1952at3041           -            304   1.7e-15   54.4   0.1   2   2     0.027      0.24    7.9   0.0   273   303   129   159   110   160 0.85 -
TRINITY_DN4687_c0_g3_i1:734-1657   -            308 1952at3041           -            304   3.5e-15   53.3   1.8   1   1   2.3e-13     2e-12   44.2   1.7    55   303    39   300    22   301 0.74 -
TRINITY_DN4189_c0_g1_i5:208-1530   -            441 1952at3041           -            304   9.2e-15   51.9   0.0   1   2   1.7e-12   1.5e-11   41.5   0.0    54   209    46   206    26   218 0.82 -
TRINITY_DN4189_c0_g1_i5:208-1530   -            441 1952at3041           -            304   9.2e-15   51.9   0.0   2   2     0.019      0.16    8.4   0.1   260   303   225   268   206   269 0.83 -
TRINITY_DN356_c0_g1_i1:886-1716    -            277 1952at3041           -            304   1.1e-14   51.7   0.0   1   2   1.6e-10   1.4e-09   34.9   0.0    57   210    58   220    48   229 0.81 -
TRINITY_DN356_c0_g1_i1:886-1716    -            277 1952at3041           -            304   1.1e-14   51.7   0.0   2   2    0.0003    0.0026   14.3   0.0   274   303   246   275   231   276 0.93 -
TRINITY_DN46657_c0_g1_i1:215-1147  -            311 1952at3041           -            304   1.1e-14   51.7   0.1   1   1   2.5e-15   2.2e-14   50.7   0.1    24   303     2   293     1   294 0.69 -
TRINITY_DN4189_c0_g1_i3:207-1745   -            513 1952at3041           -            304   1.2e-14   51.6   0.0   1   2   2.3e-12     2e-11   41.0   0.0    54   209    46   206    26   218 0.82 -
TRINITY_DN4189_c0_g1_i3:207-1745   -            513 1952at3041           -            304   1.2e-14   51.6   0.0   2   2     0.023       0.2    8.2   0.1   260   303   225   268   206   269 0.83 -
TRINITY_DN4304_c0_g1_i1:151-837    -            229 1952at3041           -            304   1.6e-14   51.2   0.0   1   1   3.7e-15   3.2e-14   50.2   0.0    61   203    56   209    47   217 0.84 -
TRINITY_DN2049_c0_g1_i2:2-793      -            264 1952at3041           -            304   1.8e-14   51.0   0.0   1   2   2.2e-13     2e-12   44.3   0.0   119   212    58   160     2   164 0.82 -
TRINITY_DN2049_c0_g1_i2:2-793      -            264 1952at3041           -            304   1.8e-14   51.0   0.0   2   2      0.22         2    4.9   0.0   276   303   184   211   167   212 0.87 -
TRINITY_DN2049_c0_g1_i1:2-808      -            269 1952at3041           -            304   1.9e-14   50.9   0.0   1   2   2.4e-13   2.1e-12   44.2   0.0   119   212    58   160     2   164 0.82 -
TRINITY_DN2049_c0_g1_i1:2-808      -            269 1952at3041           -            304   1.9e-14   50.9   0.0   2   2      0.23         2    4.9   0.0   276   303   184   211   167   212 0.87 -
TRINITY_DN1179_c0_g1_i2:2347-3225  -            293 1952at3041           -            304   2.2e-14   50.7   0.0   1   2   1.5e-14   1.3e-13   48.2   0.0   124   212   107   202    99   215 0.87 -
TRINITY_DN1179_c0_g1_i2:2347-3225  -            293 1952at3041           -            304   2.2e-14   50.7   0.0   2   2       9.6        84   -0.5   0.0   276   303   228   261   207   262 0.65 -
TRINITY_DN1179_c0_g1_i3:504-1382   -            293 1952at3041           -            304   2.2e-14   50.7   0.0   1   2   1.5e-14   1.3e-13   48.2   0.0   124   212   107   202    99   215 0.87 -
TRINITY_DN1179_c0_g1_i3:504-1382   -            293 1952at3041           -            304   2.2e-14   50.7   0.0   2   2       9.6        84   -0.5   0.0   276   303   228   261   207   262 0.65 -
TRINITY_DN1179_c0_g1_i5:2422-3300  -            293 1952at3041           -            304   2.2e-14   50.7   0.0   1   2   1.5e-14   1.3e-13   48.2   0.0   124   212   107   202    99   215 0.87 -
TRINITY_DN1179_c0_g1_i5:2422-3300  -            293 1952at3041           -            304   2.2e-14   50.7   0.0   2   2       9.6        84   -0.5   0.0   276   303   228   261   207   262 0.65 -
TRINITY_DN1078_c0_g1_i4:819-1655   -            279 1952at3041           -            304   2.6e-14   50.5   0.2   1   2   3.3e-14   2.9e-13   47.0   0.1    59   205    64   216     7   225 0.71 -
TRINITY_DN1078_c0_g1_i4:819-1655   -            279 1952at3041           -            304   2.6e-14   50.5   0.2   2   2       6.3        55    0.1   0.0   276   302   251   277   229   279 0.84 -
TRINITY_DN1078_c0_g1_i1:819-1667   -            283 1952at3041           -            304   2.8e-14   50.4   0.2   1   2   3.4e-14   2.9e-13   47.0   0.1    59   205    68   220    11   231 0.71 -
TRINITY_DN1078_c0_g1_i1:819-1667   -            283 1952at3041           -            304   2.8e-14   50.4   0.2   2   2       6.4        56    0.1   0.0   276   302   255   281   233   283 0.84 -
TRINITY_DN211_c0_g2_i1:548-1468    -            307 1952at3041           -            304   3.3e-14   50.1   0.0   1   3       3.9        34    0.8   0.0    23    44     5    26     3    47 0.83 -
TRINITY_DN211_c0_g2_i1:548-1468    -            307 1952at3041           -            304   3.3e-14   50.1   0.0   2   3   2.1e-12   1.9e-11   41.1   0.0    57   215    93   258    84   265 0.78 -
TRINITY_DN211_c0_g2_i1:548-1468    -            307 1952at3041           -            304   3.3e-14   50.1   0.0   3   3      0.34       2.9    4.3   0.0   273   302   278   307   275   307 0.94 -
TRINITY_DN6948_c1_g8_i1:210-730    -            172 1952at3041           -            304   3.5e-14   50.0   0.0   1   1     6e-15   5.3e-14   49.5   0.0   122   210    66   163    53   168 0.85 -
TRINITY_DN14338_c0_g1_i2:171-1499  -            443 1952at3041           -            304   4.4e-14   49.7   0.2   1   2   3.7e-10   3.3e-09   33.7   0.0    53   208    37   197     1   216 0.73 -
TRINITY_DN14338_c0_g1_i2:171-1499  -            443 1952at3041           -            304   4.4e-14   49.7   0.2   2   2   0.00039    0.0035   13.9   0.0   275   304   228   257   221   257 0.88 -
TRINITY_DN858_c1_g1_i2:322-1239    -            306 1952at3041           -            304   4.9e-14   49.6   0.2   1   2   2.3e-11     2e-10   37.7   0.2    23   212     2   206     1   232 0.75 -
TRINITY_DN858_c1_g1_i2:322-1239    -            306 1952at3041           -            304   4.9e-14   49.6   0.2   2   2    0.0033     0.029   10.9   0.0   259   303   222   269   203   270 0.76 -
TRINITY_DN211_c0_g2_i2:60-707      -            216 1952at3041           -            304   5.4e-14   49.4   0.0   1   2   2.6e-12   2.3e-11   40.8   0.0    62   215     2   162     1   169 0.75 -
TRINITY_DN211_c0_g2_i2:60-707      -            216 1952at3041           -            304   5.4e-14   49.4   0.0   2   2     0.055      0.48    6.9   0.0   273   303   182   212   178   213 0.93 -
TRINITY_DN2687_c0_g3_i2:209-1045   -            279 1952at3041           -            304   8.5e-14   48.8   1.5   1   2   4.7e-11   4.1e-10   36.7   1.0    24   209    12   224     5   244 0.72 -
TRINITY_DN2687_c0_g3_i2:209-1045   -            279 1952at3041           -            304   8.5e-14   48.8   1.5   2   2    0.0074     0.065    9.8   0.0   276   304   251   279   227   279 0.78 -
TRINITY_DN14338_c1_g1_i3:292-1425  -            378 1952at3041           -            304   8.6e-14   48.8   0.0   1   2   2.2e-10   1.9e-09   34.5   0.0    54   205    45   201     2   217 0.77 -
TRINITY_DN14338_c1_g1_i3:292-1425  -            378 1952at3041           -            304   8.6e-14   48.8   0.0   2   2    0.0013     0.011   12.3   0.0   275   303   235   263   215   264 0.87 -
TRINITY_DN29238_c0_g1_i1:0-518     -            173 1952at3041           -            304   8.6e-14   48.8   0.0   1   1   1.2e-14   1.1e-13   48.4   0.0   111   205    43   149    18   157 0.82 -
TRINITY_DN3240_c0_g1_i1:144-680    -            179 1952at3041           -            304   9.2e-14   48.7   0.0   1   1   1.4e-14   1.2e-13   48.3   0.0    93   207    16   140     6   148 0.80 -
TRINITY_DN38886_c0_g1_i1:0-944     -            207 1952at3041           -            304   1.1e-13   48.5   0.0   1   1   1.7e-14   1.5e-13   48.0   0.0    23   205     7   204     3   206 0.74 -
TRINITY_DN11182_c0_g1_i1:1179-2063 -            295 1952at3041           -            304   1.5e-13   48.0   1.6   1   2   4.5e-09     4e-08   30.2   0.2    56   205    55   222     8   227 0.67 -
TRINITY_DN11182_c0_g1_i1:1179-2063 -            295 1952at3041           -            304   1.5e-13   48.0   1.6   2   2   0.00012    0.0011   15.6   0.1   274   304   262   292   244   292 0.84 -
TRINITY_DN858_c0_g1_i2:468-1439    -            324 1952at3041           -            304   2.2e-13   47.4   0.0   1   2   9.6e-13   8.4e-12   42.2   0.0    24   229     1   220     1   226 0.72 -
TRINITY_DN858_c0_g1_i2:468-1439    -            324 1952at3041           -            304   2.2e-13   47.4   0.0   2   2      0.37       3.3    4.2   0.0   271   302   232   263   211   265 0.78 -
TRINITY_DN6027_c0_g2_i1:1426-1836  -            137 1952at3041           -            304   2.5e-13   47.2   0.0   1   2   8.8e-11   7.7e-10   35.8   0.0   137   226     1    90     1   106 0.79 -
TRINITY_DN6027_c0_g2_i1:1426-1836  -            137 1952at3041           -            304   2.5e-13   47.2   0.0   2   2    0.0052     0.046   10.3   0.0   273   302   107   136    86   137 0.91 -
TRINITY_DN5702_c0_g1_i1:0-875      -            292 1952at3041           -            304   4.2e-13   46.5   0.2   1   2   3.1e-13   2.7e-12   43.8   0.1    55   207    80   236    36   243 0.78 -
TRINITY_DN5702_c0_g1_i1:0-875      -            292 1952at3041           -            304   4.2e-13   46.5   0.2   2   2       4.7        41    0.6   0.0   274   297   267   290   254   292 0.87 -
TRINITY_DN46229_c0_g1_i1:215-937   -            241 1952at3041           -            304   4.3e-13   46.5   0.0   1   1   7.2e-14   6.3e-13   45.9   0.0    24   205     3   198     1   208 0.71 -
TRINITY_DN4260_c0_g1_i2:0-440      -            147 1952at3041           -            304   4.5e-13   46.4   0.0   1   1   6.3e-14   5.5e-13   46.1   0.0    89   205    19   147    13   147 0.86 -
TRINITY_DN11182_c0_g1_i2:1179-2063 -            295 1952at3041           -            304   4.6e-13   46.4   3.4   1   2   6.8e-09     6e-08   29.6   0.9    56   205    55   222     9   227 0.68 -
TRINITY_DN11182_c0_g1_i2:1179-2063 -            295 1952at3041           -            304   4.6e-13   46.4   3.4   2   2   0.00012    0.0011   15.6   0.1   274   304   262   292   244   292 0.84 -
TRINITY_DN40722_c0_g1_i1:59-532    -            158 1952at3041           -            304   4.9e-13   46.3   0.0   1   1   1.6e-13   1.4e-12   44.8   0.0   125   210     9   103     3   109 0.83 -
TRINITY_DN8749_c0_g1_i1:75-554     -            160 1952at3041           -            304   5.4e-13   46.1   0.0   1   2   5.9e-09   5.2e-08   29.8   0.0   136   212     6    89     3   113 0.82 -
TRINITY_DN8749_c0_g1_i1:75-554     -            160 1952at3041           -            304   5.4e-13   46.1   0.0   2   2   0.00023     0.002   14.7   0.1   274   302   132   160   115   160 0.89 -
TRINITY_DN4171_c3_g2_i3:924-1775   -            284 1952at3041           -            304   6.5e-13   45.9   0.0   1   1   1.1e-13   9.3e-13   45.4   0.0    52   206    73   233    70   242 0.86 -
TRINITY_DN6948_c1_g3_i1:11-625     -            205 1952at3041           -            304   9.3e-13   45.4   0.1   1   2   4.7e-10   4.1e-09   33.4   0.0   126   205    40   140    31   146 0.78 -
TRINITY_DN6948_c1_g3_i1:11-625     -            205 1952at3041           -            304   9.3e-13   45.4   0.1   2   2     0.036      0.32    7.5   0.0   275   303   169   197   158   198 0.90 -
TRINITY_DN5899_c0_g2_i1:3-1139     -            379 1952at3041           -            304     1e-12   45.2   0.0   1   1   2.8e-13   2.4e-12   44.0   0.0    25   215    25   236     6   246 0.68 -
TRINITY_DN543_c0_g2_i5:756-1529    -            258 1952at3041           -            304   1.4e-12   44.8   0.0   1   2   1.3e-10   1.2e-09   35.2   0.0    46   207    29   198     3   208 0.77 -
TRINITY_DN543_c0_g2_i5:756-1529    -            258 1952at3041           -            304   1.4e-12   44.8   0.0   2   2     0.031      0.27    7.7   0.0   273   303   227   257   220   258 0.92 -
TRINITY_DN2687_c0_g1_i2:231-1061   -            277 1952at3041           -            304   1.4e-12   44.8   0.4   1   2   7.2e-10   6.3e-09   32.8   0.2    59   210    48   223     8   235 0.72 -
TRINITY_DN2687_c0_g1_i2:231-1061   -            277 1952at3041           -            304   1.4e-12   44.8   0.4   2   2     0.082      0.72    6.3   0.0   276   303   250   277   236   277 0.90 -
TRINITY_DN2687_c0_g1_i4:381-1211   -            277 1952at3041           -            304   1.4e-12   44.8   0.4   1   2   7.2e-10   6.3e-09   32.8   0.2    59   210    48   223     8   235 0.72 -
TRINITY_DN2687_c0_g1_i4:381-1211   -            277 1952at3041           -            304   1.4e-12   44.8   0.4   2   2     0.082      0.72    6.3   0.0   276   303   250   277   236   277 0.90 -
TRINITY_DN7648_c1_g7_i1:228-1085   -            286 1952at3041           -            304   1.5e-12   44.7   1.4   1   2     6e-11   5.2e-10   36.3   0.1    55   208    46   216     3   236 0.73 -
TRINITY_DN7648_c1_g7_i1:228-1085   -            286 1952at3041           -            304   1.5e-12   44.7   1.4   2   2     0.088      0.77    6.2   0.1   274   303   242   271   235   272 0.87 -
TRINITY_DN543_c0_g2_i1:762-1529    -            256 1952at3041           -            304   1.6e-12   44.6   0.2   1   2   6.5e-11   5.7e-10   36.2   0.1    61   207    46   198    34   208 0.78 -
TRINITY_DN543_c0_g2_i1:762-1529    -            256 1952at3041           -            304   1.6e-12   44.6   0.2   2   2     0.066      0.58    6.6   0.0   273   302   227   256   212   256 0.92 -
TRINITY_DN589_c0_g2_i15:1552-2403  -            284 1952at3041           -            304   1.7e-12   44.5   0.0   1   1   2.6e-13   2.3e-12   44.1   0.0    88   209    95   230    39   236 0.80 -
TRINITY_DN858_c1_g1_i3:322-1221    -            300 1952at3041           -            304   2.8e-12   43.8   0.2   1   2   1.3e-09   1.1e-08   32.0   0.1    30   212     3   200     1   227 0.74 -
TRINITY_DN858_c1_g1_i3:322-1221    -            300 1952at3041           -            304   2.8e-12   43.8   0.2   2   2    0.0032     0.028   10.9   0.0   259   303   216   263   197   264 0.76 -
TRINITY_DN2980_c0_g1_i3:122-907    -            262 1952at3041           -            304   2.8e-12   43.8   0.0   1   1   4.1e-13   3.6e-12   43.5   0.0    24   209     3   204     1   211 0.70 -
TRINITY_DN1125_c0_g3_i3:2614-3252  -            213 1952at3041           -            304   3.1e-12   43.7   0.0   1   1   4.2e-13   3.7e-12   43.4   0.0    88   207    24   157     1   163 0.81 -
TRINITY_DN1125_c0_g3_i4:2395-3033  -            213 1952at3041           -            304   3.1e-12   43.7   0.0   1   1   4.2e-13   3.7e-12   43.4   0.0    88   207    24   157     1   163 0.81 -
TRINITY_DN14614_c0_g1_i1:22-579    -            186 1952at3041           -            304     5e-12   43.0   0.0   1   1   6.2e-13   5.5e-12   42.8   0.0   118   203    85   180     8   183 0.79 -
TRINITY_DN656_c0_g3_i4:367-1164    -            266 1952at3041           -            304   5.1e-12   42.9   0.1   1   1   8.6e-13   7.5e-12   42.4   0.1    25   211     8   208     2   214 0.75 -
TRINITY_DN1496_c0_g1_i1:156-956    -            267 1952at3041           -            304   7.7e-12   42.4   0.0   1   1   1.9e-12   1.6e-11   41.3   0.0    54   213    42   204     2   210 0.66 -
TRINITY_DN2980_c0_g1_i4:119-902    -            235 1952at3041           -            304   7.7e-12   42.3   0.0   1   1   1.2e-12   1.1e-11   41.9   0.0   115   209   100   203     2   210 0.65 -
TRINITY_DN656_c0_g3_i3:660-1277    -            206 1952at3041           -            304   7.9e-12   42.3   0.1   1   1   1.2e-12     1e-11   42.0   0.1    25   204     8   201     2   206 0.75 -
TRINITY_DN78_c0_g2_i3:269-958      -            230 1952at3041           -            304   1.3e-11   41.6   0.0   1   1   1.8e-12   1.5e-11   41.4   0.0    62   203     3   148     2   223 0.82 -
TRINITY_DN4544_c0_g1_i2:259-1044   -            262 1952at3041           -            304   1.9e-11   41.1   0.1   1   2   1.4e-10   1.2e-09   35.1   0.0    99   208    80   205    20   211 0.77 -
TRINITY_DN4544_c0_g1_i2:259-1044   -            262 1952at3041           -            304   1.9e-11   41.1   0.1   2   2      0.38       3.3    4.1   0.0   273   300   235   262   217   262 0.88 -
TRINITY_DN21122_c0_g1_i1:84-572    -            163 1952at3041           -            304     3e-11   40.4   0.2   1   2   3.1e-11   2.7e-10   37.3   0.0   118   203     5    99     1   102 0.82 -
TRINITY_DN21122_c0_g1_i1:84-572    -            163 1952at3041           -            304     3e-11   40.4   0.2   2   2       2.7        23    1.4   0.0   276   303   135   162   125   163 0.87 -
TRINITY_DN4687_c0_g1_i1:12-677     -            222 1952at3041           -            304   3.1e-11   40.3   0.0   1   1   4.8e-12   4.2e-11   39.9   0.0    91   208    37   168     4   195 0.77 -
TRINITY_DN46638_c0_g1_i1:71-556    -            162 1952at3041           -            304   3.8e-11   40.1   0.0   1   1   5.7e-12     5e-11   39.7   0.0   120   209     6   115     1   125 0.77 -
TRINITY_DN2837_c0_g1_i5:143-1057   -            305 1952at3041           -            304   4.1e-11   40.0   0.2   1   2   1.1e-08   9.7e-08   28.9   0.0    52   218    66   252    24   260 0.72 -
TRINITY_DN2837_c0_g1_i5:143-1057   -            305 1952at3041           -            304   4.1e-11   40.0   0.2   2   2     0.027      0.24    7.9   0.0   276   303   277   304   262   305 0.88 -
TRINITY_DN1933_c0_g1_i2:902-1330   -            143 1952at3041           -            304   4.6e-11   39.8   0.0   1   1   5.8e-12   5.1e-11   39.7   0.0    25   153     1   137     1   143 0.76 -
TRINITY_DN785_c0_g1_i2:178-984     -            269 1952at3041           -            304   5.9e-11   39.4   1.2   1   2   1.7e-10   1.5e-09   34.8   0.2    62   214    51   220     2   230 0.72 -
TRINITY_DN785_c0_g1_i2:178-984     -            269 1952at3041           -            304   5.9e-11   39.4   1.2   2   2       3.3        29    1.1   0.0   276   303   242   269   226   269 0.85 -
TRINITY_DN31526_c0_g1_i1:215-1006  -            264 1952at3041           -            304   7.9e-11   39.0   0.0   1   2   0.00019    0.0017   15.0   0.0    45   159    33   151     4   167 0.74 -
TRINITY_DN31526_c0_g1_i1:215-1006  -            264 1952at3041           -            304   7.9e-11   39.0   0.0   2   2   1.2e-06   1.1e-05   22.2   0.0   167   205   198   236   176   244 0.86 -
TRINITY_DN3910_c0_g1_i3:760-1998   -            413 1952at3041           -            304     8e-11   39.0   0.1   1   2   1.1e-08   9.4e-08   28.9   0.0    58   208    38   194    17   207 0.73 -
TRINITY_DN3910_c0_g1_i3:760-1998   -            413 1952at3041           -            304     8e-11   39.0   0.1   2   2     0.022      0.19    8.2   0.0   273   304   224   255   198   255 0.86 -
TRINITY_DN785_c0_g1_i1:175-750     -            192 1952at3041           -            304   8.6e-11   38.9   0.2   1   2   1.9e-09   1.6e-08   31.4   0.0   119   214    26   142    20   152 0.76 -
TRINITY_DN785_c0_g1_i1:175-750     -            192 1952at3041           -            304   8.6e-11   38.9   0.2   2   2       1.1       9.4    2.7   0.1   276   304   164   192   155   192 0.84 -
TRINITY_DN2980_c0_g1_i2:129-581    -            151 1952at3041           -            304   1.2e-10   38.4   0.0   1   1   1.7e-11   1.5e-10   38.1   0.0   128   209     3    93     1   100 0.79 -
TRINITY_DN785_c0_g1_i4:178-1176    -            333 1952at3041           -            304   1.3e-10   38.3   1.7   1   2   2.5e-10   2.2e-09   34.3   0.3    61   214   114   284    57   293 0.68 -
TRINITY_DN785_c0_g1_i4:178-1176    -            333 1952at3041           -            304   1.3e-10   38.3   1.7   2   2       4.1        36    0.7   0.1   276   303   306   333   287   333 0.85 -
TRINITY_DN7648_c1_g4_i1:1054-1872  -            273 1952at3041           -            304   1.4e-10   38.2   0.6   1   2   2.9e-07   2.5e-06   24.2   0.0   125   210   114   220    65   230 0.72 -
TRINITY_DN7648_c1_g4_i1:1054-1872  -            273 1952at3041           -            304   1.4e-10   38.2   0.6   2   2    0.0049     0.043   10.4   0.0   274   303   244   273   232   273 0.89 -
TRINITY_DN1617_c0_g1_i2:1857-2714  -            286 1952at3041           -            304   1.9e-10   37.8   0.5   1   2   8.9e-08   7.8e-07   25.9   0.1    56   217    51   229     5   249 0.79 -
TRINITY_DN1617_c0_g1_i2:1857-2714  -            286 1952at3041           -            304   1.9e-10   37.8   0.5   2   2       0.1      0.88    6.0   0.0   278   303   261   286   253   286 0.93 -
TRINITY_DN197_c0_g1_i1:5-949       -            315 1952at3041           -            304   2.4e-10   37.4   0.1   1   2   2.7e-05   0.00024   17.8   0.2    89   151    76   142     8   160 0.84 -
TRINITY_DN197_c0_g1_i1:5-949       -            315 1952at3041           -            304   2.4e-10   37.4   0.1   2   2   2.8e-05   0.00025   17.7   0.0   168   210   219   261   210   275 0.85 -
TRINITY_DN2013_c0_g1_i1:911-1606   -            232 1952at3041           -            304   2.7e-10   37.3   0.1   1   1   1.2e-10   1.1e-09   35.3   0.1    68   210    60   219     5   228 0.73 -
TRINITY_DN55061_c0_g1_i1:346-1248  -            301 1952at3041           -            304   2.8e-10   37.2   0.0   1   2     7e-09   6.2e-08   29.5   0.0    25   213     5   224     2   252 0.67 -
TRINITY_DN55061_c0_g1_i1:346-1248  -            301 1952at3041           -            304   2.8e-10   37.2   0.0   2   2      0.15       1.3    5.5   0.0   274   303   264   293   255   294 0.91 -
TRINITY_DN4171_c2_g1_i4:15-830     -            272 1952at3041           -            304     3e-10   37.1   0.0   1   1   4.6e-11     4e-10   36.7   0.0    51   203    53   212    38   215 0.71 -
TRINITY_DN11081_c0_g1_i2:105-902   -            266 1952at3041           -            304   3.1e-10   37.1   0.0   1   2   7.9e-06   6.9e-05   19.5   0.0   121   210    99   209    94   215 0.73 -
TRINITY_DN11081_c0_g1_i2:105-902   -            266 1952at3041           -            304   3.1e-10   37.1   0.0   2   2   0.00034    0.0029   14.2   0.0   275   303   233   261   219   262 0.91 -
TRINITY_DN34924_c0_g1_i1:1-423     -            141 1952at3041           -            304   3.5e-10   36.9   0.0   1   1   4.6e-11   4.1e-10   36.7   0.0   123   211     1   104     1   122 0.80 -
TRINITY_DN4171_c2_g1_i3:15-806     -            264 1952at3041           -            304   4.6e-10   36.5   0.0   1   1   6.7e-11   5.9e-10   36.2   0.0    51   206    53   216    38   226 0.72 -
TRINITY_DN1933_c0_g1_i1:28-405     -            126 1952at3041           -            304   5.7e-10   36.2   0.0   1   1   1.2e-10     1e-09   35.4   0.0   177   302     1   117     1   119 0.86 -
TRINITY_DN382_c0_g1_i25:400-1179   -            260 1952at3041           -            304   9.5e-10   35.5   0.0   1   1   1.8e-10   1.5e-09   34.8   0.0   115   205    96   200    66   207 0.81 -
TRINITY_DN650_c0_g1_i2:322-906     -            195 1952at3041           -            304   9.8e-10   35.4   0.0   1   1   1.7e-10   1.5e-09   34.8   0.0   110   209    23   145     7   150 0.76 -
TRINITY_DN382_c0_g1_i3:103-864     -            254 1952at3041           -            304   9.8e-10   35.4   0.0   1   1   1.6e-10   1.4e-09   34.9   0.0   115   206    96   201    66   209 0.82 -
TRINITY_DN382_c0_g1_i5:103-864     -            254 1952at3041           -            304   9.8e-10   35.4   0.0   1   1   1.6e-10   1.4e-09   34.9   0.0   115   206    96   201    66   209 0.82 -
TRINITY_DN382_c0_g1_i4:103-974     -            252 1952at3041           -            304   9.9e-10   35.4   0.0   1   1   1.6e-10   1.4e-09   35.0   0.0   115   206    94   199    64   207 0.82 -
TRINITY_DN4544_c0_g1_i1:137-604    -            156 1952at3041           -            304   1.1e-09   35.3   0.0   1   2   1.8e-08   1.6e-07   28.2   0.0   127   208     2    99     1   105 0.75 -
TRINITY_DN4544_c0_g1_i1:137-604    -            156 1952at3041           -            304   1.1e-09   35.3   0.0   2   2      0.17       1.5    5.3   0.0   273   300   129   156   110   156 0.88 -
TRINITY_DN21940_c0_g1_i1:32-478    -            149 1952at3041           -            304   1.3e-09   35.0   0.0   1   1   1.9e-10   1.6e-09   34.7   0.0   104   206    35   147    19   148 0.81 -
TRINITY_DN4171_c3_g2_i1:130-792    -            221 1952at3041           -            304   1.4e-09   34.9   0.0   1   1     2e-10   1.7e-09   34.6   0.0    52   168    74   190    71   221 0.85 -
TRINITY_DN7492_c0_g1_i1:53-721     -            223 1952at3041           -            304   1.5e-09   34.8   0.0   1   1   2.5e-10   2.2e-09   34.3   0.0   118   210    69   174    60   179 0.80 -
TRINITY_DN3953_c0_g1_i1:97-366     -             90 1952at3041           -            304   1.8e-09   34.5   0.0   1   1   2.3e-10     2e-09   34.4   0.0   152   215     5    75     2    89 0.77 -
TRINITY_DN9794_c0_g1_i1:1375-2238  -            288 1952at3041           -            304     2e-09   34.4   0.0   1   1     4e-10   3.5e-09   33.6   0.0   112   209   111   216   104   232 0.83 -
TRINITY_DN3953_c0_g1_i2:1-270      -             90 1952at3041           -            304     2e-09   34.4   0.0   1   1   2.4e-10   2.1e-09   34.3   0.0   152   214     5    74     2    89 0.78 -
TRINITY_DN3702_c0_g1_i1:0-647      -            216 1952at3041           -            304   2.3e-09   34.2   0.0   1   1   3.3e-10   2.9e-09   33.9   0.0   130   210    62   149    27   159 0.80 -
TRINITY_DN10237_c0_g2_i1:353-1195  -            281 1952at3041           -            304   2.5e-09   34.1   0.0   1   1   3.7e-10   3.2e-09   33.7   0.0   117   210   112   213   103   276 0.84 -
TRINITY_DN10237_c0_g2_i3:353-1195  -            281 1952at3041           -            304   2.5e-09   34.1   0.0   1   1   3.7e-10   3.2e-09   33.7   0.0   117   210   112   213   103   276 0.84 -
TRINITY_DN10237_c0_g2_i5:353-1195  -            281 1952at3041           -            304   2.5e-09   34.1   0.0   1   1   3.7e-10   3.2e-09   33.7   0.0   117   210   112   213   103   276 0.84 -
TRINITY_DN1876_c0_g2_i3:44-1063    -            340 1952at3041           -            304   2.6e-09   34.0   0.0   1   2   1.9e-09   1.7e-08   31.4   0.0    24   211     1   199     1   217 0.66 -
TRINITY_DN1876_c0_g2_i3:44-1063    -            340 1952at3041           -            304   2.6e-09   34.0   0.0   2   2       7.9        69   -0.2   0.0   276   303   230   257   207   258 0.83 -
TRINITY_DN6948_c1_g4_i1:1-447      -            149 1952at3041           -            304   2.6e-09   34.0   0.0   1   1   1.1e-09   9.5e-09   32.2   0.0   128   205    35   133    20   139 0.74 -
TRINITY_DN4171_c2_g1_i2:15-803     -            263 1952at3041           -            304     3e-09   33.8   0.0   1   1   4.4e-10   3.8e-09   33.5   0.0    94   206    91   215    39   225 0.72 -
TRINITY_DN11056_c0_g2_i1:171-425   -             85 1952at3041           -            304   3.7e-09   33.6   0.0   1   1   4.2e-10   3.7e-09   33.6   0.0   154   228     2    76     1    83 0.73 -
TRINITY_DN460_c0_g1_i2:476-1411    -            312 1952at3041           -            304   3.7e-09   33.6   0.4   1   3     0.081      0.71    6.3   0.0   125   160   107   149    89   159 0.72 -
TRINITY_DN460_c0_g1_i2:476-1411    -            312 1952at3041           -            304   3.7e-09   33.6   0.4   2   3      0.11      0.94    6.0   0.0   189   213   226   250   201   260 0.86 -
TRINITY_DN460_c0_g1_i2:476-1411    -            312 1952at3041           -            304   3.7e-09   33.6   0.4   3   3   2.4e-05   0.00021   18.0   0.1   265   303   264   303   253   304 0.84 -
TRINITY_DN1876_c0_g2_i7:110-1220   -            332 1952at3041           -            304   5.2e-09   33.1   0.0   1   2   7.3e-09   6.4e-08   29.5   0.0   121   211   113   213   107   236 0.84 -
TRINITY_DN1876_c0_g2_i7:110-1220   -            332 1952at3041           -            304   5.2e-09   33.1   0.0   2   2       7.8        68   -0.2   0.0   276   303   244   271   222   272 0.83 -
TRINITY_DN11646_c0_g1_i1:16-960    -            315 1952at3041           -            304   5.3e-09   33.0   0.0   1   1   8.2e-10   7.2e-09   32.6   0.0    91   205   137   256    69   262 0.79 -
TRINITY_DN4371_c0_g6_i1:0-521      -            174 1952at3041           -            304   6.3e-09   32.8   0.0   1   1   7.8e-10   6.8e-09   32.7   0.0   113   203    69   173    24   174 0.83 -
TRINITY_DN2961_c0_g1_i1:1-555      -            185 1952at3041           -            304   7.6e-09   32.5   0.1   1   1   1.1e-09   9.5e-09   32.2   0.1    92   203     9   136     5   149 0.83 -
TRINITY_DN2067_c0_g1_i1:216-620    -            135 1952at3041           -            304   8.3e-09   32.4   0.0   1   1   1.2e-09   1.1e-08   32.1   0.0   113   205    26   134    16   135 0.84 -
TRINITY_DN46786_c0_g1_i2:0-794     -            265 1952at3041           -            304   1.2e-08   31.9   0.0   1   2   0.00046    0.0041   13.7   0.0   116   159    20    69     5    85 0.75 -
TRINITY_DN46786_c0_g1_i2:0-794     -            265 1952at3041           -            304   1.2e-08   31.9   0.0   2   2   8.2e-05   0.00072   16.2   0.0   170   204   227   261   218   263 0.92 -
TRINITY_DN1617_c0_g1_i1:1854-2402  -            183 1952at3041           -            304   1.3e-08   31.7   0.2   1   2   3.2e-05   0.00028   17.5   0.0   124   217    13   125     4   146 0.68 -
TRINITY_DN1617_c0_g1_i1:1854-2402  -            183 1952at3041           -            304   1.3e-08   31.7   0.2   2   2      0.02      0.18    8.3   0.0   278   304   157   183   149   183 0.92 -
TRINITY_DN1356_c0_g3_i3:58-1113    -            352 1952at3041           -            304   1.4e-08   31.7   0.0   1   1   2.1e-09   1.9e-08   31.2   0.0   113   209   184   296   146   302 0.82 -
TRINITY_DN2961_c1_g6_i1:17-358     -            114 1952at3041           -            304   1.4e-08   31.6   0.0   1   1   1.7e-09   1.5e-08   31.6   0.0    62   150     4    91     1   112 0.76 -
TRINITY_DN4171_c2_g1_i9:88-540     -            151 1952at3041           -            304   1.5e-08   31.5   0.0   1   1     2e-09   1.7e-08   31.3   0.0   116   206     6   110     1   120 0.81 -
TRINITY_DN6778_c0_g1_i1:327-872    -            182 1952at3041           -            304   1.6e-08   31.5   0.0   1   2     1e-07   9.1e-07   25.7   0.0   128   250     2   144     1   150 0.73 -
TRINITY_DN6778_c0_g1_i1:327-872    -            182 1952at3041           -            304   1.6e-08   31.5   0.0   2   2      0.22       1.9    4.9   0.1   277   304   133   160   127   160 0.91 -
TRINITY_DN735_c0_g1_i2:157-837     -            227 1952at3041           -            304   1.6e-08   31.5   0.0   1   1   2.8e-09   2.5e-08   30.8   0.0   114   205   103   208   100   212 0.81 -
TRINITY_DN1995_c0_g2_i1:85-921     -            279 1952at3041           -            304   1.8e-08   31.3   0.0   1   1     3e-09   2.6e-08   30.8   0.0    62   203    71   220    64   226 0.74 -
TRINITY_DN2167_c0_g1_i1:257-490    -             78 1952at3041           -            304   1.8e-08   31.3   0.0   1   1   2.2e-09   1.9e-08   31.2   0.0   152   206     2    61     1    69 0.73 -
TRINITY_DN735_c0_g1_i3:84-875      -            264 1952at3041           -            304     2e-08   31.1   0.0   1   1     4e-09   3.5e-08   30.3   0.0   114   205   103   208   100   212 0.81 -
TRINITY_DN51364_c0_g1_i1:25-384    -            120 1952at3041           -            304   2.3e-08   30.9   0.0   1   2     0.024      0.21    8.1   0.0   133   167     3    40     1    53 0.76 -
TRINITY_DN51364_c0_g1_i1:25-384    -            120 1952at3041           -            304   2.3e-08   30.9   0.0   2   2   2.1e-06   1.9e-05   21.4   0.0   168   205    79   116    64   120 0.87 -
TRINITY_DN1735_c0_g1_i1:673-1239   -            189 1952at3041           -            304   2.5e-08   30.8   0.0   1   1   4.2e-09   3.7e-08   30.3   0.0    93   206     5   132     3   140 0.81 -
TRINITY_DN382_c0_g1_i24:361-882    -            174 1952at3041           -            304   2.5e-08   30.8   0.0   1   1   5.9e-09   5.2e-08   29.8   0.0   120   206     2   102     1   108 0.75 -
TRINITY_DN46786_c0_g1_i1:0-734     -            245 1952at3041           -            304   2.5e-08   30.8   0.0   1   2    0.0011    0.0097   12.5   0.0   124   159     8    49     2    65 0.77 -
TRINITY_DN46786_c0_g1_i1:0-734     -            245 1952at3041           -            304   2.5e-08   30.8   0.0   2   2   7.3e-05   0.00064   16.3   0.0   170   204   207   241   198   243 0.92 -
TRINITY_DN9266_c0_g1_i1:56-544     -            163 1952at3041           -            304   2.6e-08   30.8   0.0   1   1   3.6e-09   3.1e-08   30.5   0.0   130   210     4   100     1   116 0.77 -
TRINITY_DN6948_c1_g2_i3:469-1254   -            262 1952at3041           -            304   2.9e-08   30.6   0.1   1   1   1.2e-08     1e-07   28.8   0.1   122   205   107   208     3   214 0.84 -
TRINITY_DN2961_c1_g1_i1:438-1180   -            219 1952at3041           -            304   3.1e-08   30.5   0.0   1   1   3.9e-09   3.5e-08   30.4   0.0    90   205    28   161     4   192 0.79 -
TRINITY_DN7648_c1_g6_i2:12-701     -            230 1952at3041           -            304   3.5e-08   30.3   0.0   1   1   1.5e-08   1.3e-07   28.5   0.0   103   212    59   190     8   199 0.75 -
TRINITY_DN3663_c0_g1_i3:812-1678   -            289 1952at3041           -            304   3.8e-08   30.2   0.1   1   2   4.2e-06   3.7e-05   20.4   0.0   120   212   112   217     3   226 0.85 -
TRINITY_DN3663_c0_g1_i3:812-1678   -            289 1952at3041           -            304   3.8e-08   30.2   0.1   2   2     0.023       0.2    8.2   0.1   262   303   242   283   218   284 0.79 -
TRINITY_DN6948_c1_g2_i2:469-1254   -            262 1952at3041           -            304   3.8e-08   30.2   0.0   1   1   1.4e-08   1.2e-07   28.5   0.0    94   205    80   208     2   216 0.71 -
TRINITY_DN589_c0_g2_i16:470-1402   -            311 1952at3041           -            304   4.5e-08   30.0   0.0   1   1   8.1e-09   7.1e-08   29.3   0.0   114   209   148   257   133   263 0.82 -
TRINITY_DN7492_c0_g1_i2:53-724     -            224 1952at3041           -            304   4.6e-08   29.9   0.0   1   1   7.7e-09   6.7e-08   29.4   0.0   118   204    69   165    60   172 0.82 -
TRINITY_DN1464_c0_g1_i1:315-845    -            177 1952at3041           -            304   5.1e-08   29.8   0.0   1   1   7.8e-09   6.8e-08   29.4   0.0   115   229     3   133     1   142 0.76 -
TRINITY_DN589_c1_g1_i2:9-446       -            146 1952at3041           -            304   5.6e-08   29.7   0.0   1   1   8.7e-09   7.6e-08   29.2   0.0   136   210     1    86     1    98 0.84 -
TRINITY_DN2905_c0_g1_i2:1311-1736  -            142 1952at3041           -            304     6e-08   29.6   0.0   1   1   8.9e-09   7.8e-08   29.2   0.0   127   205     5    99     1   102 0.79 -
TRINITY_DN186_c0_g3_i2:1720-2469   -            250 1952at3041           -            304   6.1e-08   29.6   0.0   1   1   1.3e-08   1.1e-07   28.7   0.0    99   205   124   246   106   248 0.76 -
TRINITY_DN186_c0_g3_i4:1396-2145   -            250 1952at3041           -            304   6.1e-08   29.6   0.0   1   1   1.3e-08   1.1e-07   28.7   0.0    99   205   124   246   106   248 0.76 -
TRINITY_DN7648_c1_g4_i2:1054-1899  -            282 1952at3041           -            304   9.9e-08   28.9   1.9   1   2   7.1e-07   6.3e-06   22.9   0.1   125   205   114   215    54   224 0.69 -
TRINITY_DN7648_c1_g4_i2:1054-1899  -            282 1952at3041           -            304   9.9e-08   28.9   1.9   2   2       0.5       4.4    3.8   0.1   274   303   253   282   235   282 0.87 -
TRINITY_DN2687_c0_g4_i3:235-879    -            215 1952at3041           -            304   1.1e-07   28.7   0.1   1   1   2.2e-08   1.9e-07   27.9   0.1    67   183    61   184     6   215 0.67 -
TRINITY_DN4171_c1_g1_i2:31-567     -            179 1952at3041           -            304   1.2e-07   28.6   0.0   1   1   1.6e-08   1.4e-07   28.4   0.0   114   222     2   122     1   135 0.77 -
TRINITY_DN1071_c0_g1_i1:1-435      -            145 1952at3041           -            304   1.2e-07   28.5   0.2   1   1   1.5e-08   1.3e-07   28.4   0.2    47   159    26   144     3   145 0.83 -
TRINITY_DN1995_c0_g3_i1:20-484     -            155 1952at3041           -            304   1.4e-07   28.4   0.0   1   2    0.0007    0.0061   13.1   0.0   152   210     8    68     4    77 0.84 -
TRINITY_DN1995_c0_g3_i1:20-484     -            155 1952at3041           -            304   1.4e-07   28.4   0.0   2   2    0.0006    0.0053   13.3   0.0   273   303   118   148    89   149 0.89 -
TRINITY_DN24001_c0_g1_i1:36-593    -            186 1952at3041           -            304   1.4e-07   28.3   0.0   1   1   1.7e-08   1.5e-07   28.3   0.0    46   178    41   181    13   186 0.79 -
TRINITY_DN828_c0_g1_i3:956-1768    -            271 1952at3041           -            304   1.6e-07   28.2   0.0   1   1   2.4e-08   2.1e-07   27.8   0.0    92   206    87   215    62   225 0.77 -
TRINITY_DN828_c0_g1_i4:956-1768    -            271 1952at3041           -            304   1.6e-07   28.2   0.0   1   1   2.4e-08   2.1e-07   27.8   0.0    92   206    87   215    62   225 0.77 -
TRINITY_DN828_c0_g1_i9:656-1468    -            271 1952at3041           -            304   1.6e-07   28.2   0.0   1   1   2.4e-08   2.1e-07   27.8   0.0    92   206    87   215    62   225 0.77 -
TRINITY_DN543_c0_g2_i3:61-621      -            187 1952at3041           -            304   1.7e-07   28.1   0.0   1   1   2.2e-08   1.9e-07   27.9   0.0    46   195    29   186     3   187 0.74 -
TRINITY_DN2868_c0_g1_i1:0-416      -            139 1952at3041           -            304   1.7e-07   28.1   0.0   1   1   2.4e-08   2.1e-07   27.8   0.0   136   207    16    94     5   101 0.82 -
TRINITY_DN186_c0_g5_i1:1948-2868   -            307 1952at3041           -            304     2e-07   27.9   0.0   1   2       9.5        84   -0.5   0.0    44    83    27    67     4    75 0.66 -
TRINITY_DN186_c0_g5_i1:1948-2868   -            307 1952at3041           -            304     2e-07   27.9   0.0   2   2   1.1e-07     1e-06   25.6   0.0   120   206   142   245   133   253 0.74 -
TRINITY_DN9184_c0_g2_i1:703-1140   -            146 1952at3041           -            304   2.3e-07   27.7   1.0   1   2     0.022      0.19    8.2   0.1   185   206    60    81     1   106 0.79 -
TRINITY_DN9184_c0_g2_i1:703-1140   -            146 1952at3041           -            304   2.3e-07   27.7   1.0   2   2   2.3e-05    0.0002   18.0   0.1   271   303   114   146    96   146 0.81 -
TRINITY_DN441_c0_g1_i3:0-767       -            256 1952at3041           -            304   2.5e-07   27.5   0.1   1   2     0.003     0.026   11.1   0.0   118   181    82   153    21   159 0.68 -
TRINITY_DN441_c0_g1_i3:0-767       -            256 1952at3041           -            304   2.5e-07   27.5   0.1   2   2   0.00027    0.0024   14.5   0.0   185   208   177   200   173   220 0.85 -
TRINITY_DN518_c0_g1_i15:31-753     -            241 1952at3041           -            304   2.6e-07   27.5   0.0   1   1   5.9e-08   5.2e-07   26.5   0.0    23   161     9   157     5   224 0.67 -
TRINITY_DN494_c0_g1_i14:1710-2678  -            323 1952at3041           -            304   2.7e-07   27.4   0.0   1   1   4.9e-08   4.3e-07   26.8   0.0   117   204   153   256   140   276 0.78 -
TRINITY_DN37667_c0_g1_i1:64-828    -            255 1952at3041           -            304   2.7e-07   27.4   0.0   1   1   5.8e-08   5.1e-07   26.5   0.0   104   205    90   201    37   209 0.69 -
TRINITY_DN494_c0_g1_i11:1710-2678  -            323 1952at3041           -            304     3e-07   27.3   0.0   1   1   5.7e-08     5e-07   26.5   0.0   117   204   153   256   136   276 0.79 -
TRINITY_DN441_c0_g1_i4:3-824       -            274 1952at3041           -            304   3.1e-07   27.2   0.0   1   2    0.0034      0.03   10.9   0.0   118   181   101   172    38   178 0.68 -
TRINITY_DN441_c0_g1_i4:3-824       -            274 1952at3041           -            304   3.1e-07   27.2   0.0   2   2   0.00029    0.0026   14.4   0.0   185   208   196   219   192   239 0.85 -
TRINITY_DN441_c0_g1_i5:3-824       -            274 1952at3041           -            304   3.1e-07   27.2   0.0   1   2    0.0034      0.03   10.9   0.0   118   181   101   172    38   178 0.68 -
TRINITY_DN441_c0_g1_i5:3-824       -            274 1952at3041           -            304   3.1e-07   27.2   0.0   2   2   0.00029    0.0026   14.4   0.0   185   208   196   219   192   239 0.85 -
TRINITY_DN494_c0_g1_i15:1710-2699  -            330 1952at3041           -            304   3.2e-07   27.2   0.0   1   1   6.2e-08   5.4e-07   26.4   0.0   117   204   160   263   146   283 0.79 -
TRINITY_DN494_c0_g1_i6:1710-2678   -            323 1952at3041           -            304   3.3e-07   27.2   0.0   1   1   5.7e-08     5e-07   26.5   0.0   117   204   153   256   136   276 0.79 -
TRINITY_DN828_c0_g1_i7:51-590      -            180 1952at3041           -            304   3.4e-07   27.1   0.0   1   1   4.5e-08   3.9e-07   26.9   0.0   113   206    17   124     1   135 0.74 -
TRINITY_DN25726_c0_g1_i1:24-566    -            181 1952at3041           -            304   3.8e-07   27.0   0.0   1   1   9.4e-08   8.2e-07   25.8   0.0   123   209    11   103     5   111 0.88 -
TRINITY_DN4371_c0_g3_i2:1067-2068  -            334 1952at3041           -            304   3.9e-07   26.9   0.0   1   1     8e-08     7e-07   26.1   0.0   115   206   173   278   171   283 0.81 -
TRINITY_DN56199_c0_g1_i1:0-464     -            155 1952at3041           -            304   4.2e-07   26.8   0.1   1   1   9.7e-08   8.5e-07   25.8   0.1    24   148     8   145     4   155 0.72 -
TRINITY_DN858_c0_g1_i4:468-992     -            175 1952at3041           -            304   4.5e-07   26.7   0.0   1   2   4.5e-06     4e-05   20.3   0.0   169   229     8    71     2    79 0.79 -
TRINITY_DN858_c0_g1_i4:468-992     -            175 1952at3041           -            304   4.5e-07   26.7   0.0   2   2      0.21       1.8    5.0   0.0   272   302    84   114    68   116 0.82 -
TRINITY_DN2905_c0_g1_i1:1311-1736  -            142 1952at3041           -            304   4.6e-07   26.7   0.0   1   1   6.8e-08     6e-07   26.3   0.0   127   205     5    99     1   102 0.79 -
TRINITY_DN18561_c0_g2_i1:10-450    -            147 1952at3041           -            304   4.8e-07   26.6   0.0   1   1   6.4e-08   5.6e-07   26.4   0.0   119   206    38   140    12   144 0.77 -
TRINITY_DN1932_c0_g1_i1:104-622    -            173 1952at3041           -            304   5.1e-07   26.5   0.0   1   1   8.3e-08   7.3e-07   26.0   0.0   127   211     8   107     3   135 0.76 -
TRINITY_DN4371_c0_g2_i2:164-862    -            233 1952at3041           -            304   5.1e-07   26.5   0.0   1   1     7e-08   6.1e-07   26.3   0.0    61   180    42   164    25   200 0.70 -
TRINITY_DN2905_c0_g2_i1:759-1595   -            279 1952at3041           -            304   5.4e-07   26.5   0.0   1   1   9.2e-08     8e-07   25.9   0.0   116   205   130   235   126   238 0.80 -
TRINITY_DN18561_c0_g1_i1:40-474    -            145 1952at3041           -            304   5.8e-07   26.4   0.1   1   1   1.7e-07   1.5e-06   25.0   0.1   128   206    44   138    28   142 0.72 -
TRINITY_DN518_c0_g1_i9:887-1867    -            327 1952at3041           -            304   5.9e-07   26.3   0.0   1   1   1.5e-07   1.3e-06   25.2   0.0    23   161     9   157     7   228 0.67 -
TRINITY_DN19588_c0_g1_i1:7-492     -            162 1952at3041           -            304     6e-07   26.3   0.0   1   1   9.3e-08   8.1e-07   25.9   0.0    45   162    32   153     3   162 0.68 -
TRINITY_DN858_c0_g2_i1:25-636      -            204 1952at3041           -            304   6.2e-07   26.3   0.0   1   1   1.2e-07     1e-06   25.5   0.0    82   206    60   198     1   203 0.67 -
TRINITY_DN1125_c3_g1_i1:1551-2264  -            238 1952at3041           -            304   6.2e-07   26.3   0.0   1   1     1e-07     9e-07   25.7   0.0    90   205    49   184    12   189 0.67 -
TRINITY_DN518_c0_g1_i13:847-1845   -            333 1952at3041           -            304   6.2e-07   26.2   0.0   1   1   1.4e-07   1.2e-06   25.3   0.0    23   161     9   157     7   242 0.68 -
TRINITY_DN518_c0_g1_i3:847-1975    -            333 1952at3041           -            304   6.2e-07   26.2   0.0   1   1   1.4e-07   1.2e-06   25.3   0.0    23   161     9   157     7   242 0.68 -
TRINITY_DN647_c1_g1_i1:277-951     -            225 1952at3041           -            304   7.1e-07   26.1   0.0   1   2     0.085      0.75    6.3   0.0   123   150    12    42     5    64 0.77 -
TRINITY_DN647_c1_g1_i1:277-951     -            225 1952at3041           -            304   7.1e-07   26.1   0.0   2   2   2.7e-05   0.00024   17.7   0.0   150   208   104   166    98   171 0.87 -
TRINITY_DN3008_c0_g1_i3:7-996      -            330 1952at3041           -            304   8.1e-07   25.9   0.0   1   1   1.5e-07   1.3e-06   25.2   0.0   115   205   221   325   194   328 0.81 -
TRINITY_DN518_c0_g1_i11:847-1938   -            333 1952at3041           -            304   8.5e-07   25.8   0.0   1   1   2.1e-07   1.8e-06   24.7   0.0    23   161     9   157     6   242 0.67 -
TRINITY_DN808_c0_g2_i1:1506-2015   -            170 1952at3041           -            304   9.4e-07   25.7   0.0   1   1   1.6e-07   1.4e-06   25.0   0.0   121   209    14   114     5   121 0.78 -
TRINITY_DN7443_c0_g1_i1:637-1191   -            185 1952at3041           -            304   1.1e-06   25.4   0.9   1   1   3.2e-07   2.8e-06   24.1   0.1   113   150   137   176   133   180 0.93 -
TRINITY_DN6948_c2_g1_i3:682-1599   -            306 1952at3041           -            304   1.2e-06   25.4   0.0   1   1   3.4e-07     3e-06   24.0   0.0    83   160    65   150     1   205 0.79 -
TRINITY_DN6270_c0_g1_i1:1-453      -            151 1952at3041           -            304   1.2e-06   25.3   0.0   1   1   1.9e-07   1.7e-06   24.8   0.0   126   206     3    97     1   105 0.81 -
TRINITY_DN14792_c0_g4_i1:106-723   -            206 1952at3041           -            304   1.2e-06   25.3   0.0   1   1   1.7e-06   1.5e-05   21.7   0.0   120   208    35   145    28   152 0.73 -
TRINITY_DN6724_c0_g1_i1:3-293      -             97 1952at3041           -            304   1.3e-06   25.2   0.0   1   1   1.5e-07   1.3e-06   25.2   0.0   113   165    22    80    11    97 0.83 -
TRINITY_DN186_c0_g4_i1:2665-3618   -            318 1952at3041           -            304   1.4e-06   25.1   0.0   1   1     5e-07   4.3e-06   23.5   0.0   121   203   161   259   137   270 0.74 -
TRINITY_DN53334_c0_g1_i1:0-518     -            173 1952at3041           -            304   1.8e-06   24.8   0.0   1   1   2.9e-07   2.5e-06   24.3   0.0    59   158    52   151    46   170 0.86 -
TRINITY_DN1679_c0_g1_i1:887-1345   -            153 1952at3041           -            304   1.8e-06   24.7   0.0   1   2    0.0033     0.029   10.9   0.0   117   151    30    67    22    76 0.83 -
TRINITY_DN1679_c0_g1_i1:887-1345   -            153 1952at3041           -            304   1.8e-06   24.7   0.0   2   2    0.0016     0.014   12.0   0.0   148   205    85   146    78   148 0.80 -
TRINITY_DN589_c0_g2_i11:1463-2122  -            220 1952at3041           -            304   1.9e-06   24.6   0.1   1   1   6.1e-06   5.4e-05   19.9   0.1   113   149    45    83    18   168 0.75 -
TRINITY_DN2014_c0_g1_i3:0-449      -            150 1952at3041           -            304   1.9e-06   24.6   0.0   1   1   3.2e-07   2.8e-06   24.1   0.0   117   205    47   150    40   150 0.78 -
TRINITY_DN2393_c0_g1_i3:2293-3093  -            267 1952at3041           -            304     2e-06   24.6   0.0   1   2   0.00043    0.0037   13.8   0.0   137   207   117   200    85   221 0.68 -
TRINITY_DN2393_c0_g1_i3:2293-3093  -            267 1952at3041           -            304     2e-06   24.6   0.0   2   2     0.031      0.27    7.7   0.0   262   302   227   267   213   267 0.86 -
TRINITY_DN2961_c1_g1_i2:0-638      -            213 1952at3041           -            304     2e-06   24.6   0.0   1   1     3e-07   2.6e-06   24.2   0.0    91   149   125   188    88   205 0.75 -
TRINITY_DN2703_c0_g1_i1:497-994    -            166 1952at3041           -            304   2.3e-06   24.4   0.0   1   1   3.5e-07   3.1e-06   24.0   0.0   124   213    14   118     3   134 0.74 -
TRINITY_DN2703_c0_g1_i2:1085-1582  -            166 1952at3041           -            304   2.3e-06   24.4   0.0   1   1   3.5e-07   3.1e-06   24.0   0.0   124   213    14   118     3   134 0.74 -
TRINITY_DN2703_c0_g1_i5:104-601    -            166 1952at3041           -            304   2.3e-06   24.4   0.0   1   1   3.5e-07   3.1e-06   24.0   0.0   124   213    14   118     3   134 0.74 -
TRINITY_DN1012_c0_g1_i1:1-741      -            247 1952at3041           -            304   2.4e-06   24.3   0.0   1   1   1.4e-06   1.2e-05   22.0   0.0   128   206   128   224   114   234 0.73 -
TRINITY_DN4232_c0_g1_i4:204-662    -            153 1952at3041           -            304   2.4e-06   24.3   0.0   1   1   3.4e-07     3e-06   24.0   0.0    24   153    11   152     6   153 0.77 -
TRINITY_DN1426_c0_g1_i1:104-556    -            151 1952at3041           -            304   2.4e-06   24.3   0.0   1   1   4.1e-07   3.6e-06   23.7   0.0   132   209     6   101     1   107 0.70 -
TRINITY_DN6948_c2_g1_i2:682-1494   -            271 1952at3041           -            304   2.5e-06   24.3   0.0   1   1   3.5e-07     3e-06   24.0   0.0    85   160    32   115    26   184 0.77 -
TRINITY_DN858_c0_g1_i3:480-1046    -            189 1952at3041           -            304   2.7e-06   24.1   0.0   1   2   2.5e-05   0.00022   17.9   0.0   168   229    27    89    19   102 0.82 -
TRINITY_DN858_c0_g1_i3:480-1046    -            189 1952at3041           -            304   2.7e-06   24.1   0.0   2   2       0.2       1.7    5.1   0.0   271   302   101   132    83   134 0.80 -
TRINITY_DN28750_c0_g1_i1:2-280     -             93 1952at3041           -            304   2.7e-06   24.1   0.0   1   1   3.9e-07   3.4e-06   23.8   0.0   134   209     5    93     1    93 0.78 -
TRINITY_DN38107_c0_g1_i1:13-333    -            107 1952at3041           -            304   2.9e-06   24.1   0.2   1   2       7.6        66   -0.1   0.0    90   103    27    40     3    51 0.74 -
TRINITY_DN38107_c0_g1_i1:13-333    -            107 1952at3041           -            304   2.9e-06   24.1   0.2   2   2   1.2e-06   1.1e-05   22.2   0.0   115   148    68   103    60   106 0.91 -
TRINITY_DN589_c0_g2_i18:1928-2815  -            296 1952at3041           -            304   3.2e-06   23.9   0.0   1   1   7.2e-06   6.3e-05   19.6   0.0   111   149   119   159    55   244 0.76 -
TRINITY_DN589_c0_g2_i7:1210-2097   -            296 1952at3041           -            304   3.2e-06   23.9   0.0   1   1   7.2e-06   6.3e-05   19.6   0.0   111   149   119   159    55   244 0.76 -
TRINITY_DN589_c0_g2_i9:1604-2491   -            296 1952at3041           -            304   3.2e-06   23.9   0.0   1   1   7.2e-06   6.3e-05   19.6   0.0   111   149   119   159    55   244 0.76 -
TRINITY_DN34908_c0_g1_i1:19-699    -            227 1952at3041           -            304   3.2e-06   23.9   0.0   1   1   5.3e-07   4.7e-06   23.4   0.0   120   206    75   175    62   181 0.80 -
TRINITY_DN808_c0_g2_i2:1509-2453   -            315 1952at3041           -            304   3.7e-06   23.7   0.0   1   1   7.1e-07   6.2e-06   23.0   0.0   120   207   159   258   149   266 0.78 -
TRINITY_DN19760_c0_g1_i1:5-370     -            122 1952at3041           -            304   4.3e-06   23.5   0.1   1   1   4.9e-07   4.3e-06   23.5   0.1    59   142    40   122     4   122 0.89 -
TRINITY_DN543_c0_g2_i4:61-390      -            110 1952at3041           -            304   4.4e-06   23.5   0.0   1   1   5.7e-07     5e-06   23.3   0.0   108   195    12   109     5   110 0.76 -
TRINITY_DN1097_c0_g1_i1:1996-2547  -            184 1952at3041           -            304   5.2e-06   23.2   0.0   1   2     0.004     0.035   10.6   0.0   125   152     2    32     1    53 0.82 -
TRINITY_DN1097_c0_g1_i1:1996-2547  -            184 1952at3041           -            304   5.2e-06   23.2   0.0   2   2     0.004     0.035   10.7   0.0   173   206    91   124    87   131 0.91 -
TRINITY_DN1097_c0_g1_i4:1994-2545  -            184 1952at3041           -            304   5.2e-06   23.2   0.0   1   2     0.004     0.035   10.6   0.0   125   152     2    32     1    53 0.82 -
TRINITY_DN1097_c0_g1_i4:1994-2545  -            184 1952at3041           -            304   5.2e-06   23.2   0.0   2   2     0.004     0.035   10.7   0.0   173   206    91   124    87   131 0.91 -
TRINITY_DN33220_c0_g1_i1:299-802   -            168 1952at3041           -            304   5.6e-06   23.1   0.0   1   1     8e-07     7e-06   22.8   0.0   115   210    15   125     3   131 0.73 -
TRINITY_DN1490_c0_g1_i3:234-1232   -            333 1952at3041           -            304   5.6e-06   23.1   0.0   1   2    0.0016     0.014   11.9   0.0    29   153     5   135     1   145 0.74 -
TRINITY_DN1490_c0_g1_i3:234-1232   -            333 1952at3041           -            304   5.6e-06   23.1   0.0   2   2     0.012       0.1    9.1   0.0   165   205   227   267   220   276 0.89 -
TRINITY_DN1490_c0_g1_i5:234-1232   -            333 1952at3041           -            304   5.6e-06   23.1   0.0   1   2    0.0016     0.014   11.9   0.0    29   153     5   135     1   145 0.74 -
TRINITY_DN1490_c0_g1_i5:234-1232   -            333 1952at3041           -            304   5.6e-06   23.1   0.0   2   2     0.012       0.1    9.1   0.0   165   205   227   267   220   276 0.89 -
TRINITY_DN518_c0_g1_i14:847-1906   -            333 1952at3041           -            304   5.7e-06   23.1   0.0   1   1   1.3e-06   1.1e-05   22.1   0.0    23   161     9   157     7   242 0.68 -
TRINITY_DN2777_c0_g1_i3:859-1299   -            147 1952at3041           -            304   6.3e-06   22.9   0.4   1   2    0.0088     0.077    9.5   0.0   186   208    56    78     1    90 0.68 -
TRINITY_DN2777_c0_g1_i3:859-1299   -            147 1952at3041           -            304   6.3e-06   22.9   0.4   2   2    0.0012     0.011   12.3   0.1   249   300    96   147    87   147 0.87 -
TRINITY_DN4393_c0_g2_i1:250-642    -            131 1952at3041           -            304   7.4e-06   22.7   0.0   1   1     1e-06   8.9e-06   22.4   0.0   148   208    18    82     1    89 0.73 -
TRINITY_DN27187_c0_g1_i1:8-463     -            152 1952at3041           -            304   7.7e-06   22.7   0.0   1   1   1.1e-06   9.6e-06   22.3   0.0    46   150    43   148    12   150 0.73 -
TRINITY_DN4371_c0_g3_i1:1067-2182  -            334 1952at3041           -            304   9.2e-06   22.4   0.0   1   1   2.1e-06   1.9e-05   21.4   0.0   115   205   173   277   171   282 0.71 -
TRINITY_DN6878_c0_g1_i1:575-1039   -            155 1952at3041           -            304   9.7e-06   22.3   0.0   1   1   1.3e-06   1.2e-05   22.1   0.0   120   205     2   101     1   108 0.79 -
TRINITY_DN2013_c0_g1_i2:223-489    -             89 1952at3041           -            304     1e-05   22.3   0.0   1   1   5.7e-06     5e-05   20.0   0.0   136   205     2    89     1    89 0.70 -
TRINITY_DN3663_c1_g1_i1:493-1371   -            293 1952at3041           -            304     1e-05   22.3   0.1   1   1   5.1e-06   4.5e-05   20.1   0.0   124   214   117   225   105   233 0.79 -
TRINITY_DN20988_c0_g1_i1:95-424    -            110 1952at3041           -            304   1.1e-05   22.1   0.1   1   1   1.4e-06   1.3e-05   21.9   0.1    53   148    19   110     4   110 0.77 -
TRINITY_DN2014_c0_g1_i1:0-449      -            150 1952at3041           -            304   1.3e-05   21.9   0.0   1   1   1.8e-06   1.6e-05   21.6   0.0   122   205    52   150    16   150 0.76 -
TRINITY_DN647_c0_g3_i2:26-880      -            285 1952at3041           -            304   1.5e-05   21.7   0.3   1   1   1.2e-05   0.00011   18.9   0.3   127   206   156   260   144   264 0.67 -
TRINITY_DN1540_c0_g1_i1:17-337     -            107 1952at3041           -            304   1.8e-05   21.4   0.0   1   1   1.8e-05   0.00016   18.3   0.0   114   181    18   106    10   107 0.70 -
TRINITY_DN40099_c0_g1_i1:147-665   -            173 1952at3041           -            304   1.9e-05   21.4   0.0   1   1   4.2e-06   3.6e-05   20.4   0.0   167   211    43    87    36   103 0.87 -
TRINITY_DN3990_c2_g1_i1:3-386      -            128 1952at3041           -            304   1.9e-05   21.3   0.0   1   1   4.1e-06   3.6e-05   20.5   0.0   165   237     2    82     1   128 0.71 -
TRINITY_DN356_c0_g2_i1:236-877     -            214 1952at3041           -            304   2.1e-05   21.2   0.1   1   1   7.2e-06   6.3e-05   19.6   0.0    60   158   110   212    97   214 0.71 -
TRINITY_DN1765_c0_g1_i2:39-551     -            171 1952at3041           -            304   3.3e-05   20.6   0.0   1   2     0.011     0.099    9.2   0.0   122   150    38    69    29    72 0.82 -
TRINITY_DN1765_c0_g1_i2:39-551     -            171 1952at3041           -            304   3.3e-05   20.6   0.0   2   2    0.0086     0.076    9.5   0.0   147   204   109   170   100   171 0.78 -
TRINITY_DN808_c0_g6_i1:1011-1655   -            215 1952at3041           -            304   3.6e-05   20.4   0.0   1   1   8.3e-06   7.3e-05   19.5   0.0   126   207    48   151    37   161 0.73 -
TRINITY_DN1213_c0_g2_i12:1389-2189 -            267 1952at3041           -            304   4.8e-05   20.0   0.0   1   1   9.5e-06   8.3e-05   19.3   0.0   124   204   112   203   103   211 0.77 -
TRINITY_DN1213_c0_g2_i14:1389-2189 -            267 1952at3041           -            304   4.8e-05   20.0   0.0   1   1   9.5e-06   8.3e-05   19.3   0.0   124   204   112   203   103   211 0.77 -
TRINITY_DN1213_c0_g2_i18:1389-2189 -            267 1952at3041           -            304   4.8e-05   20.0   0.0   1   1   9.5e-06   8.3e-05   19.3   0.0   124   204   112   203   103   211 0.77 -
TRINITY_DN1213_c0_g2_i26:335-1135  -            267 1952at3041           -            304   4.8e-05   20.0   0.0   1   1   9.5e-06   8.3e-05   19.3   0.0   124   204   112   203   103   211 0.77 -
TRINITY_DN1213_c0_g2_i31:1389-2189 -            267 1952at3041           -            304   4.8e-05   20.0   0.0   1   1   9.5e-06   8.3e-05   19.3   0.0   124   204   112   203   103   211 0.77 -
TRINITY_DN1213_c0_g2_i13:1389-2147 -            253 1952at3041           -            304   4.9e-05   20.0   0.0   1   1   8.5e-06   7.4e-05   19.4   0.0   124   204    98   189    89   197 0.77 -
TRINITY_DN9552_c0_g1_i1:138-860    -            241 1952at3041           -            304   5.8e-05   19.8   0.4   1   1   2.6e-05   0.00022   17.8   0.4   111   166    91   155    66   197 0.70 -
TRINITY_DN2429_c0_g1_i1:68-703     -            212 1952at3041           -            304   6.4e-05   19.6   0.0   1   2       3.2        28    1.1   0.0    21    41     3    23     1    60 0.80 -
TRINITY_DN2429_c0_g1_i1:68-703     -            212 1952at3041           -            304   6.4e-05   19.6   0.0   2   2     7e-05   0.00061   16.4   0.0   117   151   134   171   129   208 0.74 -
TRINITY_DN1241_c0_g1_i1:4-348      -            115 1952at3041           -            304   7.1e-05   19.5   0.0   1   2       5.7        50    0.3   0.0   131   150     5    27     1    32 0.76 -
TRINITY_DN1241_c0_g1_i1:4-348      -            115 1952at3041           -            304   7.1e-05   19.5   0.0   2   2   4.2e-05   0.00037   17.1   0.0   150   205    56   115    50   115 0.82 -
TRINITY_DN1241_c0_g1_i2:4-348      -            115 1952at3041           -            304   7.1e-05   19.5   0.0   1   2       5.7        50    0.3   0.0   131   150     5    27     1    32 0.76 -
TRINITY_DN1241_c0_g1_i2:4-348      -            115 1952at3041           -            304   7.1e-05   19.5   0.0   2   2   4.2e-05   0.00037   17.1   0.0   150   205    56   115    50   115 0.82 -
TRINITY_DN31957_c0_g1_i2:137-691   -            185 1952at3041           -            304   7.6e-05   19.4   0.0   1   1   1.2e-05    0.0001   19.0   0.0   122   210    26   125    19   132 0.79 -
TRINITY_DN32029_c0_g1_i1:0-494     -            165 1952at3041           -            304   8.9e-05   19.2   0.0   1   1   1.4e-05   0.00012   18.7   0.0   119   202    15   110     7   116 0.73 -
TRINITY_DN6948_c0_g1_i2:339-710    -            124 1952at3041           -            304   9.2e-05   19.1   0.0   1   1   1.2e-05   0.00011   18.9   0.0    79   148    53   124    32   124 0.74 -
TRINITY_DN6948_c0_g1_i1:339-737    -            133 1952at3041           -            304   9.3e-05   19.1   0.0   1   1   1.2e-05   0.00011   18.9   0.0    79   148    62   133    26   133 0.77 -
TRINITY_DN2205_c0_g1_i1:82-936     -            285 1952at3041           -            304   0.00011   18.9   0.0   1   2     0.012      0.11    9.0   0.0    46   150    28   132     2   140 0.67 -
TRINITY_DN2205_c0_g1_i1:82-936     -            285 1952at3041           -            304   0.00011   18.9   0.0   2   2     0.029      0.25    7.8   0.0   163   205   175   217   167   249 0.84 -
TRINITY_DN1012_c0_g1_i2:171-548    -            126 1952at3041           -            304   0.00013   18.6   0.0   1   1   1.6e-05   0.00014   18.5   0.0   128   180    69   125    41   126 0.79 -
TRINITY_DN1426_c0_g2_i1:16-381     -            122 1952at3041           -            304   0.00013   18.6   0.0   1   1     3e-05   0.00027   17.6   0.0   135   208     6    93     1   102 0.69 -
TRINITY_DN1251_c0_g1_i4:2400-2885  -            162 1952at3041           -            304   0.00014   18.5   0.0   1   1   4.5e-05   0.00039   17.0   0.0   125   206     2   102     1   107 0.78 -
TRINITY_DN1251_c0_g1_i5:2599-3084  -            162 1952at3041           -            304   0.00014   18.5   0.0   1   1   4.5e-05   0.00039   17.0   0.0   125   206     2   102     1   107 0.78 -
TRINITY_DN186_c0_g1_i2:1900-2874   -            325 1952at3041           -            304   0.00014   18.5   0.0   1   1   3.6e-05   0.00032   17.4   0.0   129   206   173   268   157   279 0.73 -
TRINITY_DN186_c0_g1_i3:1280-2254   -            325 1952at3041           -            304   0.00014   18.5   0.0   1   1   3.6e-05   0.00032   17.4   0.0   129   206   173   268   157   279 0.73 -
TRINITY_DN2594_c0_g1_i2:174-1004   -            277 1952at3041           -            304   0.00017   18.2   0.0   1   1     3e-05   0.00026   17.6   0.0   122   204   119   215   110   224 0.80 -
TRINITY_DN208_c0_g1_i15:534-1361   -            276 1952at3041           -            304   0.00017   18.2   0.1   1   2       2.8        25    1.3   0.0    25    41     2    18     1    30 0.87 -
TRINITY_DN208_c0_g1_i15:534-1361   -            276 1952at3041           -            304   0.00017   18.2   0.1   2   2   0.00021    0.0018   14.9   0.0    82   171    71   171    62   242 0.68 -
TRINITY_DN735_c0_g1_i1:217-711     -            165 1952at3041           -            304   0.00018   18.2   0.0   1   1   2.8e-05   0.00024   17.7   0.0   114   152   103   144    99   158 0.89 -
TRINITY_DN556_c0_g1_i1:132-659     -            176 1952at3041           -            304   0.00019   18.1   0.0   1   1   2.9e-05   0.00026   17.7   0.0   125   206    18   116     7   126 0.74 -
TRINITY_DN7516_c0_g1_i1:31-999     -            323 1952at3041           -            304   0.00023   17.8   0.0   1   3       1.5        13    2.2   0.0   121   150    97   129    69   132 0.87 -
TRINITY_DN7516_c0_g1_i1:31-999     -            323 1952at3041           -            304   0.00023   17.8   0.0   2   3     0.011     0.099    9.2   0.0   143   206   145   213   142   236 0.75 -
TRINITY_DN7516_c0_g1_i1:31-999     -            323 1952at3041           -            304   0.00023   17.8   0.0   3   3       1.2        10    2.5   0.0   276   303   252   279   246   280 0.91 -
TRINITY_DN41672_c0_g1_i1:5-406     -            134 1952at3041           -            304   0.00026   17.6   0.0   1   1   3.1e-05   0.00027   17.6   0.0    90   149    66   127     9   132 0.90 -
TRINITY_DN875_c1_g3_i1:500-940     -            147 1952at3041           -            304   0.00033   17.3   0.0   1   1   0.00012    0.0011   15.6   0.0   120   204    39   136    19   139 0.63 -
TRINITY_DN1527_c0_g1_i2:275-1066   -            264 1952at3041           -            304   0.00033   17.3   0.0   1   2     0.025      0.22    8.0   0.0   126   162    40    88    30   112 0.76 -
TRINITY_DN1527_c0_g1_i2:275-1066   -            264 1952at3041           -            304   0.00033   17.3   0.0   2   2     0.047      0.41    7.1   0.0   173   203   165   195   155   202 0.88 -
TRINITY_DN34895_c0_g1_i1:2-457     -            152 1952at3041           -            304   0.00038   17.1   0.0   1   1   5.2e-05   0.00045   16.8   0.0   117   157   106   151    16   152 0.84 -
TRINITY_DN186_c4_g1_i1:2-334       -            111 1952at3041           -            304   0.00039   17.0   0.0   1   2       1.2        11    2.5   0.0   137   150     1    14     1    17 0.88 -
TRINITY_DN186_c4_g1_i1:2-334       -            111 1952at3041           -            304   0.00039   17.0   0.0   2   2   0.00087    0.0076   12.8   0.0   148   204    50   110    42   111 0.78 -
TRINITY_DN480_c0_g2_i1:101-796     -            232 1952at3041           -            304   0.00043   16.9   0.1   1   1   0.00041    0.0036   13.9   0.1   115   205   117   232   113   232 0.67 -
TRINITY_DN589_c0_g1_i3:1062-1493   -            144 1952at3041           -            304    0.0005   16.7   0.0   1   1   7.5e-05   0.00065   16.3   0.0   136   203     6    85     1    94 0.75 -
TRINITY_DN1527_c0_g1_i1:278-1339   -            354 1952at3041           -            304   0.00065   16.3   0.0   1   2     0.042      0.36    7.3   0.0   126   162   131   179   121   200 0.76 -
TRINITY_DN1527_c0_g1_i1:278-1339   -            354 1952at3041           -            304   0.00065   16.3   0.0   2   2     0.072      0.63    6.5   0.0   173   203   256   286   246   292 0.88 -
TRINITY_DN55082_c0_g1_i1:46-399    -            118 1952at3041           -            304   0.00067   16.3   0.0   1   1   8.4e-05   0.00074   16.1   0.0   115   150    54    92    34   111 0.86 -
TRINITY_DN589_c0_g1_i5:1116-1547   -            144 1952at3041           -            304   0.00074   16.1   0.0   1   1   0.00011   0.00095   15.8   0.0   136   203     6    85     1    94 0.74 -
TRINITY_DN3135_c0_g1_i2:39-500     -            154 1952at3041           -            304   0.00074   16.1   0.1   1   1   0.00021    0.0019   14.8   0.1   128   203     5   102     2   114 0.73 -
TRINITY_DN25267_c0_g1_i1:7-606     -            200 1952at3041           -            304   0.00075   16.1   0.2   1   2     0.057       0.5    6.8   0.0   152   205    51   110     2   141 0.59 -
TRINITY_DN25267_c0_g1_i1:7-606     -            200 1952at3041           -            304   0.00075   16.1   0.2   2   2     0.036      0.31    7.5   0.1   276   304   153   181   125   181 0.81 -
TRINITY_DN647_c0_g1_i1:52-1050     -            333 1952at3041           -            304   0.00077   16.1   0.0   1   1   0.00015    0.0013   15.3   0.0   127   210   187   289   171   295 0.71 -
TRINITY_DN480_c0_g4_i1:118-624     -            169 1952at3041           -            304   0.00084   16.0   0.1   1   2    0.0021     0.018   11.6   0.1   110   150    92   130    55   147 0.85 -
TRINITY_DN480_c0_g4_i1:118-624     -            169 1952at3041           -            304   0.00084   16.0   0.1   2   2      0.97       8.5    2.8   0.0    63    82   148   167   143   169 0.92 -
TRINITY_DN39345_c0_g1_i1:381-893   -            171 1952at3041           -            304   0.00098   15.7   0.0   1   2    0.0044     0.039   10.5   0.0   127   150     8    34     3    57 0.82 -
TRINITY_DN39345_c0_g1_i1:381-893   -            171 1952at3041           -            304   0.00098   15.7   0.0   2   2      0.67       5.9    3.3   0.0   183   204   139   160   108   164 0.79 -
TRINITY_DN808_c0_g1_i2:31-465      -            145 1952at3041           -            304     0.001   15.7   0.0   1   1   0.00017    0.0015   15.1   0.0   136   209     1    86     1    92 0.77 -
TRINITY_DN208_c0_g1_i19:1869-2714  -            282 1952at3041           -            304    0.0012   15.4   0.1   1   1     0.001    0.0092   12.6   0.0    29   148     5   142     1   231 0.65 -
TRINITY_DN208_c0_g1_i1:1027-1872   -            282 1952at3041           -            304    0.0012   15.4   0.1   1   1     0.001    0.0092   12.6   0.0    29   148     5   142     1   231 0.65 -
TRINITY_DN948_c0_g2_i4:202-762     -            187 1952at3041           -            304    0.0012   15.4   0.0   1   2       4.9        43    0.5   0.0   129   150     9    33     3    53 0.73 -
TRINITY_DN948_c0_g2_i4:202-762     -            187 1952at3041           -            304    0.0012   15.4   0.0   2   2    0.0012     0.011   12.3   0.0   171   204    80   113    73   120 0.90 -
TRINITY_DN25502_c0_g1_i1:1379-2005 -            209 1952at3041           -            304    0.0014   15.2   0.0   1   1   0.00019    0.0017   15.0   0.0   118   159   138   185   127   209 0.82 -
TRINITY_DN2961_c1_g5_i1:21-467     -            149 1952at3041           -            304    0.0014   15.2   0.1   1   1   0.00032    0.0028   14.3   0.0   115   149    95   131    90   147 0.89 -
TRINITY_DN19225_c0_g1_i1:86-514    -            143 1952at3041           -            304    0.0016   15.0   0.0   1   1   0.00046     0.004   13.7   0.0   152   213    28    92     1    98 0.67 -
TRINITY_DN31511_c0_g1_i1:625-1413  -            263 1952at3041           -            304    0.0017   14.9   0.0   1   2       2.5        22    1.5   0.0    29    46     2    19     1    32 0.87 -
TRINITY_DN31511_c0_g1_i1:625-1413  -            263 1952at3041           -            304    0.0017   14.9   0.0   2   2    0.0024     0.021   11.4   0.0   117   203   105   200    83   204 0.69 -
TRINITY_DN54517_c0_g1_i1:128-325   -             66 1952at3041           -            304    0.0025   14.4   0.1   1   2    0.0024     0.021   11.3   0.0   189   216     2    29     1    39 0.87 -
TRINITY_DN54517_c0_g1_i1:128-325   -             66 1952at3041           -            304    0.0025   14.4   0.1   2   2       1.7        15    2.0   0.0   273   291    48    66    29    66 0.78 -
TRINITY_DN5090_c0_g1_i2:168-788    -            207 1952at3041           -            304    0.0028   14.3   0.0   1   1   0.00079    0.0069   13.0   0.0   118   205    34   140    27   145 0.74 -
TRINITY_DN24179_c0_g1_i1:6-392     -            129 1952at3041           -            304    0.0029   14.2   0.0   1   1   0.00043    0.0038   13.8   0.0   136   204     1    81     1    94 0.76 -
TRINITY_DN186_c2_g2_i1:2-289       -             96 1952at3041           -            304    0.0037   13.9   0.0   1   1   0.00042    0.0037   13.9   0.0   118   147    56    88     1    94 0.89 -
TRINITY_DN7648_c1_g2_i1:354-860    -            169 1952at3041           -            304    0.0053   13.3   0.6   1   1    0.0021     0.018   11.6   0.0   126   160   116   156    92   166 0.75 -
TRINITY_DN2777_c1_g2_i1:63-557     -            165 1952at3041           -            304    0.0072   12.9   0.2   1   1    0.0034      0.03   10.8   0.2   127   151    43    70    25   157 0.68 -
TRINITY_DN6948_c1_g1_i2:14-313     -            100 1952at3041           -            304    0.0076   12.8   0.0   1   2      0.13       1.1    5.7   0.0   177   205     7    35     1    40 0.85 -
TRINITY_DN6948_c1_g1_i2:14-313     -            100 1952at3041           -            304    0.0076   12.8   0.0   2   2      0.12       1.1    5.8   0.0   277   303    73    99    44   100 0.86 -
TRINITY_DN6948_c1_g1_i3:143-442    -            100 1952at3041           -            304    0.0076   12.8   0.0   1   2      0.13       1.1    5.7   0.0   177   205     7    35     1    40 0.85 -
TRINITY_DN6948_c1_g1_i3:143-442    -            100 1952at3041           -            304    0.0076   12.8   0.0   2   2      0.12       1.1    5.8   0.0   277   303    73    99    44   100 0.86 -
TRINITY_DN2594_c0_g1_i3:278-730    -            151 1952at3041           -            304    0.0092   12.5   0.0   1   1    0.0016     0.014   11.9   0.0   122   159   101   146    91   150 0.83 -
TRINITY_DN647_c0_g3_i1:284-1198    -            305 1952at3041           -            304    0.0093   12.5   0.0   1   1    0.0015     0.013   12.0   0.0   128   150   160   182   145   257 0.81 -
TRINITY_DN2907_c0_g1_i1:8-385      -            126 1952at3041           -            304     0.011   12.3   0.0   1   1    0.0017     0.015   11.9   0.0   117   160    26    76    23    83 0.79 -
TRINITY_DN569_c0_g1_i1:32-328      -             99 1952at3041           -            304     0.012   12.1   0.0   1   1    0.0014     0.012   12.1   0.0   120   157    54    97     4    99 0.82 -
TRINITY_DN46188_c0_g1_i1:8-328     -            107 1952at3041           -            304     0.015   11.8   0.0   1   1     0.002     0.018   11.6   0.0    59   147    20   106     6   107 0.76 -
TRINITY_DN30975_c0_g1_i1:60-380    -            107 1952at3041           -            304     0.015   11.8   0.0   1   1     0.002     0.017   11.7   0.0   153   212     2    65     1    78 0.70 -
TRINITY_DN53268_c0_g1_i1:331-558   -             76 1952at3041           -            304     0.018   11.6   0.3   1   2      0.64       5.6    3.4   0.1   190   206     2    18     1    28 0.86 -
TRINITY_DN53268_c0_g1_i1:331-558   -             76 1952at3041           -            304     0.018   11.6   0.3   2   2     0.052      0.46    7.0   0.0   275   300    51    76    30    76 0.87 -
TRINITY_DN808_c2_g1_i1:199-711     -            171 1952at3041           -            304     0.023   11.3   0.0   1   1    0.0087     0.076    9.5   0.0   126   205     6   105     2   115 0.73 -
TRINITY_DN1634_c0_g1_i1:9-425      -            139 1952at3041           -            304     0.028   11.0   0.1   1   1    0.0042     0.037   10.6   0.1   120   147   105   135    45   138 0.83 -
#
# Program:         hmmsearch
# Version:         3.2.1 (June 2018)
# Pipeline mode:   SEARCH
# Query file:      /sw/bioinfo/BUSCO/v5_lineage_sets/lineages/chlorophyta_odb10/hmms/1952at3041.hmm
# Target file:     /crex/proj/snic2022-23-81/expression_algae/code/busco/trinity_VA-3180-Osg11Pal/run_chlorophyta_odb10/metaeuk_output/initial_results/trinity_VA-3180-Osg11Pal.Trinity.fasta.modified.fas
# Option settings: hmmsearch --domtblout /crex/proj/snic2022-23-81/expression_algae/code/busco/trinity_VA-3180-Osg11Pal/run_chlorophyta_odb10/hmmer_output/initial_run_results/1952at3041.out --cpu 1 /sw/bioinfo/BUSCO/v5_lineage_sets/lineages/chlorophyta_odb10/hmms/1952at3041.hmm /crex/proj/snic2022-23-81/expression_algae/code/busco/trinity_VA-3180-Osg11Pal/run_chlorophyta_odb10/metaeuk_output/initial_results/trinity_VA-3180-Osg11Pal.Trinity.fasta.modified.fas 
# Current dir:     /crex/proj/snic2022-23-81/expression_algae/code/busco
# Date:            Fri Sep 23 10:12:12 2022
# [ok]
