#                                                                                          --- full sequence --- -------------- this domain -------------   hmm coord   ali coord   env coord
# target name                      accession   tlen query name           accession   qlen   E-value  score  bias   #  of  c-Evalue  i-Evalue  score  bias  from    to  from    to  from    to  acc description of target
#              ------------------- ---------- ----- -------------------- ---------- ----- --------- ------ ----- --- --- --------- --------- ------ ----- ----- ----- ----- ----- ----- ----- ---- ---------------------
TRINITY_DN45696_c0_g1_i1:149-1042  -            298 2233at3041           -            238  2.4e-118  391.1  18.5   1   1  5.1e-118  1.8e-116  385.0  18.5     1   238    11   296    11   296 0.91 -
TRINITY_DN704_c0_g2_i1:7-600       -            198 2233at3041           -            238   3.9e-29   99.1  16.7   1   4   1.4e-08   4.9e-07   26.8   0.1    19    94     1    74     1    75 0.92 -
TRINITY_DN704_c0_g2_i1:7-600       -            198 2233at3041           -            238   3.9e-29   99.1  16.7   2   4   1.4e-11   4.7e-10   36.7   0.3     9    94    33   116    29   117 0.93 -
TRINITY_DN704_c0_g2_i1:7-600       -            198 2233at3041           -            238   3.9e-29   99.1  16.7   3   4   4.6e-10   1.6e-08   31.7   0.5    10    94    76   158    72   159 0.94 -
TRINITY_DN704_c0_g2_i1:7-600       -            198 2233at3041           -            238   3.9e-29   99.1  16.7   4   4   1.5e-10     5e-09   33.3   0.8     9    92   117   198   113   198 0.91 -
TRINITY_DN2245_c0_g1_i1:263-1063   -            267 2233at3041           -            238   1.8e-22   77.3   4.2   1   4   4.4e-08   1.5e-06   25.2   0.1     9   121    11   117     3   121 0.87 -
TRINITY_DN2245_c0_g1_i1:263-1063   -            267 2233at3041           -            238   1.8e-22   77.3   4.2   2   4    0.0016     0.054   10.3   0.0    12    49    96   133    86   135 0.91 -
TRINITY_DN2245_c0_g1_i1:263-1063   -            267 2233at3041           -            238   1.8e-22   77.3   4.2   3   4   3.8e-15   1.3e-13   48.3   0.9     2   118   128   249   127   252 0.88 -
TRINITY_DN2245_c0_g1_i1:263-1063   -            267 2233at3041           -            238   1.8e-22   77.3   4.2   4   4    0.0028     0.095    9.5   0.1     4    48   223   266   220   267 0.87 -
TRINITY_DN2245_c0_g1_i2:227-1027   -            267 2233at3041           -            238   1.8e-22   77.3   4.2   1   4   4.4e-08   1.5e-06   25.2   0.1     9   121    11   117     3   121 0.87 -
TRINITY_DN2245_c0_g1_i2:227-1027   -            267 2233at3041           -            238   1.8e-22   77.3   4.2   2   4    0.0016     0.054   10.3   0.0    12    49    96   133    86   135 0.91 -
TRINITY_DN2245_c0_g1_i2:227-1027   -            267 2233at3041           -            238   1.8e-22   77.3   4.2   3   4   3.8e-15   1.3e-13   48.3   0.9     2   118   128   249   127   252 0.88 -
TRINITY_DN2245_c0_g1_i2:227-1027   -            267 2233at3041           -            238   1.8e-22   77.3   4.2   4   4    0.0028     0.095    9.5   0.1     4    48   223   266   220   267 0.87 -
TRINITY_DN3704_c0_g5_i1:39-800     -            254 2233at3041           -            238   1.6e-20   71.0  10.8   1   3   4.2e-08   1.5e-06   25.2   0.3    30   104    48   118    35   119 0.88 -
TRINITY_DN3704_c0_g5_i1:39-800     -            254 2233at3041           -            238   1.6e-20   71.0  10.8   2   3   3.1e-10   1.1e-08   32.2   1.6    10    96   112   196   108   199 0.92 -
TRINITY_DN3704_c0_g5_i1:39-800     -            254 2233at3041           -            238   1.6e-20   71.0  10.8   3   3   2.8e-07   9.5e-06   22.6   0.2    10    69   196   253   195   254 0.92 -
TRINITY_DN1404_c0_g1_i1:8-889      -            294 2233at3041           -            238   1.3e-19   68.0   5.0   1   4   0.00076     0.026   11.3   0.0    34    92     7    63     3    69 0.89 -
TRINITY_DN1404_c0_g1_i1:8-889      -            294 2233at3041           -            238   1.3e-19   68.0   5.0   2   4   4.2e-11   1.5e-09   35.1   0.2    10   115    67   168    59   171 0.90 -
TRINITY_DN1404_c0_g1_i1:8-889      -            294 2233at3041           -            238   1.3e-19   68.0   5.0   3   4    0.0002    0.0068   13.2   0.0    10    48   151   189   150   192 0.90 -
TRINITY_DN1404_c0_g1_i1:8-889      -            294 2233at3041           -            238   1.3e-19   68.0   5.0   4   4   1.9e-06   6.6e-05   19.8   0.3     5   107   188   293   184   294 0.77 -
TRINITY_DN46066_c0_g1_i1:25-744    -            240 2233at3041           -            238   1.9e-19   67.4  10.3   1   2   1.2e-16   4.3e-15   53.2   5.2     6   157    12   158     7   164 0.87 -
TRINITY_DN46066_c0_g1_i1:25-744    -            240 2233at3041           -            238   1.9e-19   67.4  10.3   2   2   5.7e-05    0.0019   15.0   0.1     3    65   177   237   175   240 0.89 -
TRINITY_DN704_c0_g2_i4:41-601      -            187 2233at3041           -            238   2.2e-19   67.2   2.8   1   2   7.1e-09   2.4e-07   27.8   0.1     3    95     3    93     1    94 0.90 -
TRINITY_DN704_c0_g2_i4:41-601      -            187 2233at3041           -            238   2.2e-19   67.2   2.8   2   2   1.2e-12   4.1e-11   40.1   0.5    10   106    94   186    92   187 0.90 -
TRINITY_DN4351_c0_g1_i1:79-429     -            117 2233at3041           -            238   2.5e-17   60.5   4.7   1   2   6.9e-10   2.4e-08   31.1   0.3    39    95     1    54     1    57 0.92 -
TRINITY_DN4351_c0_g1_i1:79-429     -            117 2233at3041           -            238   2.5e-17   60.5   4.7   2   2   2.2e-10   7.7e-09   32.7   0.5    10    70    55   112    52   117 0.90 -
TRINITY_DN38735_c0_g1_i1:103-1014  -            304 2233at3041           -            238   8.5e-17   58.7   4.0   1   3   0.00024    0.0081   13.0   0.0    32    73     9    48     4    54 0.86 -
TRINITY_DN38735_c0_g1_i1:103-1014  -            304 2233at3041           -            238   8.5e-17   58.7   4.0   2   3   2.1e-10   7.2e-09   32.8   0.8    32   156    52   171    45   195 0.87 -
TRINITY_DN38735_c0_g1_i1:103-1014  -            304 2233at3041           -            238   8.5e-17   58.7   4.0   3   3    0.0003      0.01   12.6   0.0     4    49   247   292   244   304 0.85 -
TRINITY_DN30792_c0_g1_i1:1-516     -            172 2233at3041           -            238   1.8e-16   57.7   0.3   1   2   2.7e-12   9.4e-11   39.0   0.1     3    95    11   102     9   106 0.91 -
TRINITY_DN30792_c0_g1_i1:1-516     -            172 2233at3041           -            238   1.8e-16   57.7   0.3   2   2     1e-05   0.00034   17.5   0.0    13    70   106   161   102   166 0.91 -
TRINITY_DN55263_c0_g1_i1:644-1399  -            252 2233at3041           -            238   2.4e-15   54.0   2.8   1   3   4.4e-07   1.5e-05   21.9   0.2    36   102     2    66     1    67 0.87 -
TRINITY_DN55263_c0_g1_i1:644-1399  -            252 2233at3041           -            238   2.4e-15   54.0   2.8   2   3   3.4e-10   1.2e-08   32.1   0.1    11   158    61   204    59   212 0.85 -
TRINITY_DN55263_c0_g1_i1:644-1399  -            252 2233at3041           -            238   2.4e-15   54.0   2.8   3   3     0.011      0.37    7.5   0.0    14   115   148   251   147   252 0.74 -
TRINITY_DN11421_c0_g3_i1:0-860     -            287 2233at3041           -            238   2.8e-14   50.5   5.5   1   2   3.3e-09   1.1e-07   28.9   1.1    11    95    25   107    22   112 0.90 -
TRINITY_DN11421_c0_g3_i1:0-860     -            287 2233at3041           -            238   2.8e-14   50.5   5.5   2   2   3.3e-07   1.1e-05   22.3   0.3    12   115   110   211   107   242 0.80 -
TRINITY_DN4736_c0_g1_i2:46-687     -            214 2233at3041           -            238     4e-14   50.0   5.6   1   4   2.4e-05   0.00082   16.2   0.0    15    93     3    77     1    79 0.90 -
TRINITY_DN4736_c0_g1_i2:46-687     -            214 2233at3041           -            238     4e-14   50.0   5.6   2   4   0.00011    0.0037   14.1   0.0    12    46    80   114    78   123 0.89 -
TRINITY_DN4736_c0_g1_i2:46-687     -            214 2233at3041           -            238     4e-14   50.0   5.6   3   4    0.0016     0.055   10.3   0.0    15    45   123   153   116   163 0.85 -
TRINITY_DN4736_c0_g1_i2:46-687     -            214 2233at3041           -            238     4e-14   50.0   5.6   4   4    0.0029       0.1    9.4   0.3    13    69   161   213   158   214 0.81 -
TRINITY_DN25541_c0_g1_i1:1-600     -            200 2233at3041           -            238   7.6e-14   49.1   2.1   1   3       2.5        85   -0.2   0.0    10    37    18    44    12    57 0.69 -
TRINITY_DN25541_c0_g1_i1:1-600     -            200 2233at3041           -            238   7.6e-14   49.1   2.1   2   3      0.44        15    2.3   0.0    11    43    60    92    50    95 0.91 -
TRINITY_DN25541_c0_g1_i1:1-600     -            200 2233at3041           -            238   7.6e-14   49.1   2.1   3   3   2.6e-14   9.1e-13   45.5   0.8     1   101    92   188    92   200 0.88 -
TRINITY_DN24852_c0_g1_i1:21-323    -            101 2233at3041           -            238   2.9e-13   47.2   6.5   1   2   1.1e-06   3.9e-05   20.6   0.4    11    49     2    40     1    42 0.94 -
TRINITY_DN24852_c0_g1_i1:21-323    -            101 2233at3041           -            238   2.9e-13   47.2   6.5   2   2   1.2e-09   4.3e-08   30.3   1.1    10    69    43   100    40   101 0.95 -
TRINITY_DN28073_c0_g1_i2:31-1068   -            346 2233at3041           -            238   3.9e-13   46.7   1.2   1   2     6e-07   2.1e-05   21.5   0.3    44   156    95   211    79   219 0.70 -
TRINITY_DN28073_c0_g1_i2:31-1068   -            346 2233at3041           -            238   3.9e-13   46.7   1.2   2   2   1.2e-07     4e-06   23.8   0.0    28    70   237   278   234   287 0.93 -
TRINITY_DN1068_c0_g1_i6:647-1270   -            208 2233at3041           -            238   4.1e-13   46.7   0.2   1   2   1.4e-05    0.0005   16.9   0.0     5    70    15    78     9   103 0.83 -
TRINITY_DN1068_c0_g1_i6:647-1270   -            208 2233at3041           -            238   4.1e-13   46.7   0.2   2   2   5.1e-09   1.8e-07   28.2   0.0    21   111   117   205    98   208 0.85 -
TRINITY_DN46543_c0_g1_i1:1139-1594 -            152 2233at3041           -            238   6.4e-13   46.0   0.4   1   3         3     1e+02   -0.5   0.0    12    47    12    48     8    52 0.77 -
TRINITY_DN46543_c0_g1_i1:1139-1594 -            152 2233at3041           -            238   6.4e-13   46.0   0.4   2   3   1.9e-10   6.6e-09   32.9   0.1     5    69    48   110    44   111 0.87 -
TRINITY_DN46543_c0_g1_i1:1139-1594 -            152 2233at3041           -            238   6.4e-13   46.0   0.4   3   3   0.00017     0.006   13.4   0.1    13    65    98   148    94   152 0.78 -
TRINITY_DN3190_c0_g1_i4:2-487      -            162 2233at3041           -            238   1.6e-12   44.7   4.3   1   2   3.4e-07   1.2e-05   22.3   0.7    19   110     1    90     1    91 0.89 -
TRINITY_DN3190_c0_g1_i4:2-487      -            162 2233at3041           -            238   1.6e-12   44.7   4.3   2   2   2.5e-09   8.7e-08   29.2   0.6     4    93    70   159    67   161 0.87 -
TRINITY_DN10137_c0_g1_i2:232-819   -            196 2233at3041           -            238   2.6e-12   44.1   2.0   1   2     0.043       1.5    5.6   0.0    19    48     1    30     1    35 0.90 -
TRINITY_DN10137_c0_g1_i2:232-819   -            196 2233at3041           -            238   2.6e-12   44.1   2.0   2   2   2.7e-12   9.1e-11   39.0   0.8     3   156    27   176    25   182 0.81 -
TRINITY_DN38495_c0_g1_i1:156-1028  -            291 2233at3041           -            238   2.7e-12   44.0   3.3   1   3   6.6e-06   0.00023   18.0   0.0    10    94    17    99     8   105 0.76 -
TRINITY_DN38495_c0_g1_i1:156-1028  -            291 2233at3041           -            238   2.7e-12   44.0   3.3   2   3   8.1e-07   2.8e-05   21.0   0.2    13   104   104   193   101   235 0.91 -
TRINITY_DN38495_c0_g1_i1:156-1028  -            291 2233at3041           -            238   2.7e-12   44.0   3.3   3   3      0.14       4.8    3.9   0.0     4    24   270   290   267   291 0.88 -
TRINITY_DN2654_c2_g2_i2:9-353      -            115 2233at3041           -            238   1.4e-11   41.7   0.9   1   2    0.0034      0.12    9.2   0.0    57    96     1    40     1    44 0.84 -
TRINITY_DN2654_c2_g2_i2:9-353      -            115 2233at3041           -            238   1.4e-11   41.7   0.9   2   2   3.1e-10   1.1e-08   32.2   0.4    10    71    40    99    39   115 0.90 -
TRINITY_DN23601_c0_g1_i1:0-1241    -            414 2233at3041           -            238   1.9e-11   41.2   8.3   1   4       1.9        67    0.2   0.0    36    70   174   207   170   223 0.67 -
TRINITY_DN23601_c0_g1_i1:0-1241    -            414 2233at3041           -            238   1.9e-11   41.2   8.3   2   4   7.9e-05    0.0027   14.5   0.1    34    95   222   285   188   289 0.71 -
TRINITY_DN23601_c0_g1_i1:0-1241    -            414 2233at3041           -            238   1.9e-11   41.2   8.3   3   4     6e-09   2.1e-07   28.0   0.1    13    70   290   347   287   363 0.90 -
TRINITY_DN23601_c0_g1_i1:0-1241    -            414 2233at3041           -            238   1.9e-11   41.2   8.3   4   4       1.1        36    1.0   0.1    38    73   373   407   363   414 0.49 -
TRINITY_DN15609_c0_g1_i1:33-698    -            222 2233at3041           -            238     2e-11   41.2   3.4   1   2   4.6e-10   1.6e-08   31.7   1.4     5   156    32   179    28   179 0.74 -
TRINITY_DN15609_c0_g1_i1:33-698    -            222 2233at3041           -            238     2e-11   41.2   3.4   2   2    0.0027     0.094    9.5   0.2    12    69   166   222   154   222 0.87 -
TRINITY_DN56480_c0_g1_i1:164-991   -            276 2233at3041           -            238   4.3e-11   40.0   6.3   1   2   1.9e-09   6.6e-08   29.6   1.8    10   111    27   124    20   145 0.86 -
TRINITY_DN56480_c0_g1_i1:164-991   -            276 2233at3041           -            238   4.3e-11   40.0   6.3   2   2   0.00033     0.012   12.5   0.2    82   165   159   240   149   276 0.74 -
TRINITY_DN2654_c1_g5_i3:10-396     -            129 2233at3041           -            238   4.4e-11   40.0   0.5   1   1   2.1e-12   7.1e-11   39.4   0.5     5   113    10   117     6   127 0.82 -
TRINITY_DN24929_c0_g1_i1:21-896    -            292 2233at3041           -            238   6.1e-11   39.6  10.1   1   3   0.00011     0.004   14.0   3.9    37   160    10   134     4   139 0.68 -
TRINITY_DN24929_c0_g1_i1:21-896    -            292 2233at3041           -            238   6.1e-11   39.6  10.1   2   3    0.0007     0.024   11.4   0.0     4    47   164   207   161   214 0.89 -
TRINITY_DN24929_c0_g1_i1:21-896    -            292 2233at3041           -            238   6.1e-11   39.6  10.1   3   3   4.7e-05    0.0016   15.3   0.2    11    76   213   276   206   291 0.82 -
TRINITY_DN826_c0_g1_i1:0-1013      -            338 2233at3041           -            238   8.1e-11   39.2   4.6   1   3      0.21       7.1    3.3   0.2    10    42    82   114    29   125 0.75 -
TRINITY_DN826_c0_g1_i1:0-1013      -            338 2233at3041           -            238   8.1e-11   39.2   4.6   2   3   5.4e-07   1.9e-05   21.6   0.6    10   119    82   199    79   200 0.78 -
TRINITY_DN826_c0_g1_i1:0-1013      -            338 2233at3041           -            238   8.1e-11   39.2   4.6   3   3   1.4e-08   4.7e-07   26.8   0.2    10   117   136   239   133   258 0.73 -
TRINITY_DN2654_c1_g5_i1:177-521    -            115 2233at3041           -            238   1.2e-10   38.6   0.4   1   1   3.9e-12   1.3e-10   38.5   0.4     5   108    10   112     6   115 0.81 -
TRINITY_DN41130_c0_g1_i1:13-375    -            121 2233at3041           -            238   1.4e-10   38.4   0.5   1   2   4.4e-08   1.5e-06   25.2   0.0    37   124     2    85     1    93 0.82 -
TRINITY_DN41130_c0_g1_i1:13-375    -            121 2233at3041           -            238   1.4e-10   38.4   0.5   2   2   0.00037     0.013   12.3   0.1    40    69    93   121    87   121 0.90 -
TRINITY_DN38193_c0_g1_i1:27-800    -            258 2233at3041           -            238   1.4e-10   38.4   3.0   1   2   2.7e-08   9.4e-07   25.9   0.7    12   120    74   178    63   183 0.89 -
TRINITY_DN38193_c0_g1_i1:27-800    -            258 2233at3041           -            238   1.4e-10   38.4   3.0   2   2   0.00041     0.014   12.2   0.0     5    52   194   241   191   258 0.81 -
TRINITY_DN30715_c0_g1_i1:153-2012  -            620 2233at3041           -            238   6.5e-10   36.2   4.0   1   3   0.00022    0.0074   13.1   0.0    36   158    39   163    23   182 0.83 -
TRINITY_DN30715_c0_g1_i1:153-2012  -            620 2233at3041           -            238   6.5e-10   36.2   4.0   2   3       1.7        58    0.4   0.1    96   159   379   442   353   445 0.68 -
TRINITY_DN30715_c0_g1_i1:153-2012  -            620 2233at3041           -            238   6.5e-10   36.2   4.0   3   3   4.8e-07   1.7e-05   21.8   0.3    29   193   445   610   441   615 0.81 -
TRINITY_DN12648_c0_g1_i1:950-2056  -            369 2233at3041           -            238   9.4e-10   35.7   1.4   1   2   7.2e-06   0.00025   17.9   0.0    44   118    91   173    63   181 0.72 -
TRINITY_DN12648_c0_g1_i1:950-2056  -            369 2233at3041           -            238   9.4e-10   35.7   1.4   2   2   2.6e-05    0.0009   16.1   0.4    32   138   239   343   228   365 0.75 -
TRINITY_DN13529_c0_g1_i1:49-915    -            289 2233at3041           -            238     2e-09   34.6   5.2   1   3    0.0018     0.063   10.1   0.0    38    70     1    35     1    45 0.84 -
TRINITY_DN13529_c0_g1_i1:49-915    -            289 2233at3041           -            238     2e-09   34.6   5.2   2   3   1.2e-07     4e-06   23.8   2.2    23   193    81   251    64   272 0.78 -
TRINITY_DN13529_c0_g1_i1:49-915    -            289 2233at3041           -            238     2e-09   34.6   5.2   3   3       1.5        51    0.5   0.0    63   108   244   287   227   289 0.67 -
TRINITY_DN13529_c0_g1_i3:49-915    -            289 2233at3041           -            238     2e-09   34.6   5.2   1   3    0.0018     0.063   10.1   0.0    38    70     1    35     1    45 0.84 -
TRINITY_DN13529_c0_g1_i3:49-915    -            289 2233at3041           -            238     2e-09   34.6   5.2   2   3   1.2e-07     4e-06   23.8   2.2    23   193    81   251    64   272 0.78 -
TRINITY_DN13529_c0_g1_i3:49-915    -            289 2233at3041           -            238     2e-09   34.6   5.2   3   3       1.5        51    0.5   0.0    63   108   244   287   227   289 0.67 -
TRINITY_DN3190_c0_g1_i1:4-429      -            142 2233at3041           -            238   2.2e-09   34.5   5.2   1   1   8.5e-10   2.9e-08   30.8   5.3    13   156     1   141     1   141 0.77 -
TRINITY_DN2654_c2_g2_i1:65-334     -             90 2233at3041           -            238   3.2e-09   33.9   0.8   1   1   1.4e-10   4.9e-09   33.3   0.7     4    71     9    74     6    90 0.89 -
TRINITY_DN815_c0_g1_i1:260-1078    -            273 2233at3041           -            238   5.2e-09   33.3   3.3   1   5    0.0053      0.18    8.5   0.0   157   193     1    35     1    43 0.88 -
TRINITY_DN815_c0_g1_i1:260-1078    -            273 2233at3041           -            238   5.2e-09   33.3   3.3   2   5       2.7        92   -0.3   0.0   153   171    46    64    39    72 0.83 -
TRINITY_DN815_c0_g1_i1:260-1078    -            273 2233at3041           -            238   5.2e-09   33.3   3.3   3   5       0.3        10    2.8   0.1     2    48    58   104    57   107 0.87 -
TRINITY_DN815_c0_g1_i1:260-1078    -            273 2233at3041           -            238   5.2e-09   33.3   3.3   4   5   9.8e-07   3.4e-05   20.8   0.1     5   118   103   216    99   227 0.87 -
TRINITY_DN815_c0_g1_i1:260-1078    -            273 2233at3041           -            238   5.2e-09   33.3   3.3   5   5   0.00024    0.0081   13.0   0.1    18   106   162   247   156   257 0.81 -
TRINITY_DN4014_c0_g1_i1:202-1068   -            289 2233at3041           -            238   6.2e-09   33.0   3.6   1   3         1        36    1.1   0.0   157   173    78    94    41    97 0.67 -
TRINITY_DN4014_c0_g1_i1:202-1068   -            289 2233at3041           -            238   6.2e-09   33.0   3.6   2   3   2.7e-05   0.00092   16.1   0.2    14    90    98   174    94   179 0.81 -
TRINITY_DN4014_c0_g1_i1:202-1068   -            289 2233at3041           -            238   6.2e-09   33.0   3.6   3   3   4.9e-05    0.0017   15.2   0.1    13    74   185   244   172   284 0.77 -
TRINITY_DN4014_c0_g1_i2:202-1068   -            289 2233at3041           -            238   6.2e-09   33.0   3.6   1   3         1        36    1.1   0.0   157   173    78    94    41    97 0.67 -
TRINITY_DN4014_c0_g1_i2:202-1068   -            289 2233at3041           -            238   6.2e-09   33.0   3.6   2   3   2.7e-05   0.00092   16.1   0.2    14    90    98   174    94   179 0.81 -
TRINITY_DN4014_c0_g1_i2:202-1068   -            289 2233at3041           -            238   6.2e-09   33.0   3.6   3   3   4.9e-05    0.0017   15.2   0.1    13    74   185   244   172   284 0.77 -
TRINITY_DN2654_c2_g1_i1:41-340     -            100 2233at3041           -            238   1.2e-08   32.1   0.2   1   1   3.7e-10   1.3e-08   32.0   0.2    13    97    10    92     2   100 0.89 -
TRINITY_DN24338_c0_g1_i1:1-735     -            245 2233at3041           -            238   1.4e-08   31.8   0.7   1   2   1.4e-06   4.8e-05   20.3   0.4    13   116    75   179    62   186 0.77 -
TRINITY_DN24338_c0_g1_i1:1-735     -            245 2233at3041           -            238   1.4e-08   31.8   0.7   2   2    0.0048      0.16    8.7   0.0     8    43   202   238   194   244 0.81 -
TRINITY_DN1068_c0_g1_i10:371-1126  -            252 2233at3041           -            238     2e-08   31.3   0.1   1   2      0.78        27    1.5   0.0    84   113     2    29     1    74 0.59 -
TRINITY_DN1068_c0_g1_i10:371-1126  -            252 2233at3041           -            238     2e-08   31.3   0.1   2   2   5.7e-09     2e-07   28.1   0.0    21   112    69   158    50   170 0.85 -
TRINITY_DN815_c0_g1_i2:217-1122    -            302 2233at3041           -            238   2.4e-08   31.1   5.5   1   4    0.0059       0.2    8.4   0.0   157   193     1    35     1    46 0.88 -
TRINITY_DN815_c0_g1_i2:217-1122    -            302 2233at3041           -            238   2.4e-08   31.1   5.5   2   4       2.6        88   -0.2   0.0   153   171    46    64    39    83 0.82 -
TRINITY_DN815_c0_g1_i2:217-1122    -            302 2233at3041           -            238   2.4e-08   31.1   5.5   3   4     0.025      0.84    6.4   0.1     3    77    59   131    57   151 0.70 -
TRINITY_DN815_c0_g1_i2:217-1122    -            302 2233at3041           -            238   2.4e-08   31.1   5.5   4   4   8.4e-07   2.9e-05   21.0   0.3     5   119   103   217    99   279 0.84 -
TRINITY_DN2593_c0_g1_i1:473-1312   -            280 2233at3041           -            238     5e-08   30.0   3.6   1   4    0.0001    0.0036   14.1   1.2    13    95     5    89     3   119 0.71 -
TRINITY_DN2593_c0_g1_i1:473-1312   -            280 2233at3041           -            238     5e-08   30.0   3.6   2   4   0.00042     0.015   12.1   0.1    15   107    95   186    89   189 0.56 -
TRINITY_DN2593_c0_g1_i1:473-1312   -            280 2233at3041           -            238     5e-08   30.0   3.6   3   4   0.00013    0.0045   13.8   0.0    10    91   135   214   127   225 0.74 -
TRINITY_DN2593_c0_g1_i1:473-1312   -            280 2233at3041           -            238     5e-08   30.0   3.6   4   4     0.037       1.3    5.8   0.0    14    70   181   235   173   277 0.67 -
TRINITY_DN31496_c0_g1_i1:2851-3531 -            227 2233at3041           -            238   7.6e-08   29.4   3.9   1   2   1.4e-07   4.8e-06   23.5   1.1    21   133    18   129     8   141 0.82 -
TRINITY_DN31496_c0_g1_i1:2851-3531 -            227 2233at3041           -            238   7.6e-08   29.4   3.9   2   2     0.016      0.55    7.0   0.1    33    67   150   183   127   226 0.63 -
TRINITY_DN719_c0_g1_i3:1589-2416   -            276 2233at3041           -            238   7.8e-08   29.4   6.4   1   4      0.17       5.9    3.6   0.0    21    70    30    77    18    83 0.82 -
TRINITY_DN719_c0_g1_i3:1589-2416   -            276 2233at3041           -            238   7.8e-08   29.4   6.4   2   4   4.2e-07   1.4e-05   22.0   0.5    13    70   106   161    94   174 0.87 -
TRINITY_DN719_c0_g1_i3:1589-2416   -            276 2233at3041           -            238   7.8e-08   29.4   6.4   3   4      0.18       6.1    3.6   0.0   147   192   190   231   180   234 0.75 -
TRINITY_DN719_c0_g1_i3:1589-2416   -            276 2233at3041           -            238   7.8e-08   29.4   6.4   4   4      0.47        16    2.2   0.1    17    69   223   275   218   276 0.70 -
TRINITY_DN719_c0_g1_i5:1589-2428   -            280 2233at3041           -            238   7.9e-08   29.4   6.3   1   4      0.15       5.2    3.8   0.0    21    70    34    81    22    95 0.83 -
TRINITY_DN719_c0_g1_i5:1589-2428   -            280 2233at3041           -            238   7.9e-08   29.4   6.3   2   4   4.2e-07   1.5e-05   22.0   0.5    13    70   110   165    98   178 0.87 -
TRINITY_DN719_c0_g1_i5:1589-2428   -            280 2233at3041           -            238   7.9e-08   29.4   6.3   3   4      0.18       6.2    3.5   0.0   147   192   194   235   184   238 0.75 -
TRINITY_DN719_c0_g1_i5:1589-2428   -            280 2233at3041           -            238   7.9e-08   29.4   6.3   4   4      0.48        16    2.1   0.1    17    69   227   279   222   280 0.70 -
TRINITY_DN4919_c0_g1_i3:312-1544   -            411 2233at3041           -            238   1.1e-07   28.9   0.4   1   3    0.0048      0.16    8.7   0.0     9    53    96   140    85   146 0.87 -
TRINITY_DN4919_c0_g1_i3:312-1544   -            411 2233at3041           -            238   1.1e-07   28.9   0.4   2   3    0.0013     0.043   10.6   0.2    15    70   144   198   135   201 0.89 -
TRINITY_DN4919_c0_g1_i3:312-1544   -            411 2233at3041           -            238   1.1e-07   28.9   0.4   3   3     0.023       0.8    6.4   0.0    59   128   283   349   255   372 0.83 -
TRINITY_DN23212_c0_g1_i1:46-339    -             98 2233at3041           -            238   1.1e-07   28.9   0.3   1   1   4.2e-09   1.4e-07   28.5   0.3    19   112     2    92     1    97 0.89 -
TRINITY_DN24436_c0_g1_i1:47-265    -             73 2233at3041           -            238   1.6e-07   28.4   0.8   1   1   9.5e-09   3.3e-07   27.4   0.8     9    70    12    71     4    73 0.90 -
TRINITY_DN3190_c0_g1_i2:20-304     -             95 2233at3041           -            238   1.6e-07   28.4   0.4   1   1   7.1e-09   2.4e-07   27.8   0.3     4    90    11    95     8    95 0.87 -
TRINITY_DN15652_c0_g1_i2:211-1182  -            324 2233at3041           -            238   2.8e-07   27.6   0.2   1   2   3.3e-06   0.00011   19.1   0.0    13   132    38   163    31   183 0.81 -
TRINITY_DN15652_c0_g1_i2:211-1182  -            324 2233at3041           -            238   2.8e-07   27.6   0.2   2   2     0.028      0.97    6.2   0.0     4    41   256   293   253   312 0.85 -
TRINITY_DN53350_c0_g1_i1:3-1517    -            505 2233at3041           -            238   3.4e-07   27.3   3.6   1   3   7.1e-05    0.0024   14.7   0.0     5    50    21    71    17    91 0.76 -
TRINITY_DN53350_c0_g1_i1:3-1517    -            505 2233at3041           -            238   3.4e-07   27.3   3.6   2   3   0.00082     0.028   11.2   0.9    46   123   120   200    98   275 0.73 -
TRINITY_DN53350_c0_g1_i1:3-1517    -            505 2233at3041           -            238   3.4e-07   27.3   3.6   3   3       3.7   1.3e+02   -0.8   0.0   139   156   245   262   225   294 0.72 -
TRINITY_DN5900_c0_g3_i1:148-1062   -            305 2233at3041           -            238   4.6e-07   26.9   2.4   1   3     0.018      0.61    6.8   0.3    34    66    52    84    28   106 0.79 -
TRINITY_DN5900_c0_g3_i1:148-1062   -            305 2233at3041           -            238   4.6e-07   26.9   2.4   2   3     0.058         2    5.2   0.2     4    57    64   116    61   211 0.76 -
TRINITY_DN5900_c0_g3_i1:148-1062   -            305 2233at3041           -            238   4.6e-07   26.9   2.4   3   3   3.4e-05    0.0012   15.7   0.1    10    69   237   294   228   303 0.87 -
TRINITY_DN11485_c0_g1_i1:5-412     -            136 2233at3041           -            238   9.2e-07   25.9   2.9   1   1   4.7e-08   1.6e-06   25.1   2.9    38   157     3   121     1   129 0.82 -
TRINITY_DN654_c0_g2_i1:22-324      -            101 2233at3041           -            238     1e-06   25.8   0.3   1   1   4.3e-08   1.5e-06   25.2   0.3    16   111     7    98     1   101 0.63 -
TRINITY_DN654_c0_g2_i2:22-324      -            101 2233at3041           -            238     1e-06   25.8   0.3   1   1   4.3e-08   1.5e-06   25.2   0.3    16   111     7    98     1   101 0.63 -
TRINITY_DN53937_c0_g1_i1:498-1844  -            449 2233at3041           -            238   1.2e-06   25.6   0.5   1   3     6e-05    0.0021   14.9   0.2    49   118    73   140    55   202 0.86 -
TRINITY_DN53937_c0_g1_i1:498-1844  -            449 2233at3041           -            238   1.2e-06   25.6   0.5   2   3      0.13       4.4    4.0   0.0    81   135   197   257   172   290 0.61 -
TRINITY_DN53937_c0_g1_i1:498-1844  -            449 2233at3041           -            238   1.2e-06   25.6   0.5   3   3      0.24       8.4    3.1   0.0     2    69   290   356   289   363 0.67 -
TRINITY_DN13529_c0_g2_i1:2580-3407 -            276 2233at3041           -            238   1.2e-06   25.5  12.5   1   4   2.6e-06   8.9e-05   19.4   3.4    11   156    14   156     4   161 0.86 -
TRINITY_DN13529_c0_g2_i1:2580-3407 -            276 2233at3041           -            238   1.2e-06   25.5  12.5   2   4   4.3e-05    0.0015   15.4   0.7   178   236   142   208   140   210 0.76 -
TRINITY_DN13529_c0_g2_i1:2580-3407 -            276 2233at3041           -            238   1.2e-06   25.5  12.5   3   4      0.41        14    2.4   0.2   117   156   212   242   208   248 0.75 -
TRINITY_DN13529_c0_g2_i1:2580-3407 -            276 2233at3041           -            238   1.2e-06   25.5  12.5   4   4      0.63        22    1.8   0.2     9    43   226   260   218   269 0.62 -
TRINITY_DN1567_c0_g1_i1:117-719    -            201 2233at3041           -            238   2.1e-06   24.7   0.2   1   2       0.5        17    2.1   0.0   159   195    73   112    71   114 0.73 -
TRINITY_DN1567_c0_g1_i1:117-719    -            201 2233at3041           -            238   2.1e-06   24.7   0.2   2   2   1.1e-07   3.9e-06   23.8   0.1    56   156    96   200    90   201 0.80 -
TRINITY_DN1567_c0_g1_i2:215-892    -            226 2233at3041           -            238   2.9e-06   24.3   0.2   1   1   1.5e-07   5.2e-06   23.4   0.1    56   156   121   225   115   226 0.80 -
TRINITY_DN23601_c0_g1_i2:21-311    -             97 2233at3041           -            238     3e-06   24.2   1.2   1   1   1.5e-06   5.1e-05   20.2   1.2    36    70     4    37     1    97 0.84 -
TRINITY_DN23601_c0_g1_i3:0-1109    -            370 2233at3041           -            238   3.6e-06   23.9   2.4   1   3       1.7        57    0.4   0.0    36    70   174   207   170   223 0.67 -
TRINITY_DN23601_c0_g1_i3:0-1109    -            370 2233at3041           -            238   3.6e-06   23.9   2.4   2   3   1.2e-06   4.2e-05   20.5   0.2    34   115   222   304   185   311 0.73 -
TRINITY_DN23601_c0_g1_i3:0-1109    -            370 2233at3041           -            238   3.6e-06   23.9   2.4   3   3      0.74        25    1.5   0.0    38    71   329   361   316   370 0.48 -
TRINITY_DN9405_c0_g1_i2:5-877      -            291 2233at3041           -            238   4.9e-06   23.5   0.7   1   1   9.4e-07   3.2e-05   20.8   0.7    83   195     5   121     2   132 0.80 -
TRINITY_DN43156_c0_g1_i1:62-457    -            132 2233at3041           -            238     7e-06   23.0   0.1   1   2     9e-05    0.0031   14.3   0.1    11    49    30    68    20    71 0.92 -
TRINITY_DN43156_c0_g1_i1:62-457    -            132 2233at3041           -            238     7e-06   23.0   0.1   2   2     0.018      0.62    6.8   0.0    13    49    73   112    70   127 0.70 -
TRINITY_DN4539_c0_g1_i2:1070-1732  -            221 2233at3041           -            238   7.5e-06   22.9   3.7   1   2     2e-05    0.0007   16.5   3.9    19   129     1   108     1   177 0.71 -
TRINITY_DN4539_c0_g1_i2:1070-1732  -            221 2233at3041           -            238   7.5e-06   22.9   3.7   2   2     0.034       1.2    5.9   0.4    14   156    80   221    70   221 0.59 -
TRINITY_DN4539_c0_g1_i3:1075-1737  -            221 2233at3041           -            238   7.5e-06   22.9   3.7   1   2     2e-05    0.0007   16.5   3.9    19   129     1   108     1   177 0.71 -
TRINITY_DN4539_c0_g1_i3:1075-1737  -            221 2233at3041           -            238   7.5e-06   22.9   3.7   2   2     0.034       1.2    5.9   0.4    14   156    80   221    70   221 0.59 -
TRINITY_DN2106_c0_g1_i2:357-1031   -            225 2233at3041           -            238     8e-06   22.8   2.5   1   1   7.8e-07   2.7e-05   21.1   1.8     2   110    37   153    36   190 0.72 -
TRINITY_DN24521_c0_g1_i1:8-1663    -            552 2233at3041           -            238   1.2e-05   22.2   1.1   1   4         7   2.4e+02   -1.7   0.0   109   140   150   181   141   186 0.84 -
TRINITY_DN24521_c0_g1_i1:8-1663    -            552 2233at3041           -            238   1.2e-05   22.2   1.1   2   4     0.088         3    4.6   0.0    38    70   261   293   241   308 0.84 -
TRINITY_DN24521_c0_g1_i1:8-1663    -            552 2233at3041           -            238   1.2e-05   22.2   1.1   3   4      0.37        13    2.5   0.0    36   120   358   441   352   450 0.77 -
TRINITY_DN24521_c0_g1_i1:8-1663    -            552 2233at3041           -            238   1.2e-05   22.2   1.1   4   4    0.0001    0.0035   14.2   0.1    46   118   412   483   382   497 0.78 -
TRINITY_DN46954_c0_g1_i1:78-881    -            268 2233at3041           -            238   1.6e-05   21.8   0.0   1   2     0.007      0.24    8.2   0.0    83   161     1    78     1    94 0.74 -
TRINITY_DN46954_c0_g1_i1:78-881    -            268 2233at3041           -            238   1.6e-05   21.8   0.0   2   2    0.0009     0.031   11.1   0.0    17    97   109   188    93   210 0.77 -
TRINITY_DN48646_c0_g1_i1:46-432    -            129 2233at3041           -            238   1.8e-05   21.6   0.3   1   1   2.6e-06     9e-05   19.4   0.3    38   157     1   121     1   125 0.80 -
TRINITY_DN34646_c0_g1_i1:119-772   -            218 2233at3041           -            238   2.1e-05   21.4   0.2   1   1    0.0022     0.075    9.8   0.2    78   116   180   216   118   218 0.83 -
TRINITY_DN13529_c0_g2_i2:2683-3414 -            244 2233at3041           -            238   5.8e-05   20.0   4.7   1   1   1.9e-06   6.5e-05   19.8   3.5    11   156    72   214    59   220 0.86 -
TRINITY_DN1068_c0_g1_i11:1158-1418 -             87 2233at3041           -            238   6.3e-05   19.9   0.0   1   1     2e-06     7e-05   19.7   0.0     4    70     9    73     4    84 0.84 -
TRINITY_DN5213_c0_g1_i1:20-1561    -            514 2233at3041           -            238   9.6e-05   19.3   0.3   1   2       2.5        87   -0.2   0.0   143   171   229   257   212   295 0.71 -
TRINITY_DN5213_c0_g1_i1:20-1561    -            514 2233at3041           -            238   9.6e-05   19.3   0.3   2   2   2.1e-05   0.00072   16.4   0.2     8   103   318   417   311   433 0.76 -
TRINITY_DN9405_c0_g1_i1:143-430    -             96 2233at3041           -            238   0.00012   19.0   0.2   1   1   1.3e-05   0.00044   17.1   0.2    34   119     2    83     1    88 0.76 -
TRINITY_DN719_c0_g1_i5:1982-2458   -            159 2233at3041           -            238   0.00014   18.8   0.8   1   3     0.053       1.8    5.3   0.0    21    70    44    91    28   101 0.83 -
TRINITY_DN719_c0_g1_i5:1982-2458   -            159 2233at3041           -            238   0.00014   18.8   0.8   2   3       1.6        54    0.5   0.0   146   170    80   114    77   122 0.60 -
TRINITY_DN719_c0_g1_i5:1982-2458   -            159 2233at3041           -            238   0.00014   18.8   0.8   3   3   0.00053     0.018   11.8   0.2    12    52   119   158   108   159 0.81 -
TRINITY_DN51614_c0_g1_i1:4-252     -             83 2233at3041           -            238   0.00034   17.5   0.4   1   1   1.1e-05   0.00039   17.3   0.4    20   103     1    79     1    83 0.75 -
TRINITY_DN3059_c0_g1_i1:827-1834   -            336 2233at3041           -            238   0.00036   17.4   0.2   1   3     0.063       2.2    5.0   0.0     1    31     5    35     5    40 0.87 -
TRINITY_DN3059_c0_g1_i1:827-1834   -            336 2233at3041           -            238   0.00036   17.4   0.2   2   3      0.16       5.3    3.7   0.1   134   156   205   227   159   240 0.67 -
TRINITY_DN3059_c0_g1_i1:827-1834   -            336 2233at3041           -            238   0.00036   17.4   0.2   3   3      0.33        11    2.7   0.0    17    69   271   333   256   335 0.47 -
TRINITY_DN2654_c1_g5_i2:77-355     -             93 2233at3041           -            238   0.00041   17.2   0.4   1   1   1.9e-05   0.00066   16.5   0.4    33   108    16    90     2    93 0.44 -
TRINITY_DN15436_c0_g2_i1:19-513    -            165 2233at3041           -            238    0.0018   15.1   9.7   1   2     0.057         2    5.2   6.1    34   132    19   125    11   127 0.51 -
TRINITY_DN15436_c0_g2_i1:19-513    -            165 2233at3041           -            238    0.0018   15.1   9.7   2   2    0.0031      0.11    9.3   0.1    11    48   127   164   124   165 0.93 -
TRINITY_DN12898_c0_g2_i1:544-1290  -            249 2233at3041           -            238    0.0026   14.6   0.3   1   2     0.045       1.6    5.5   0.1   158   193    99   143     9   169 0.75 -
TRINITY_DN12898_c0_g2_i1:544-1290  -            249 2233at3041           -            238    0.0026   14.6   0.3   2   2     0.016      0.56    7.0   0.0    54    70   223   239   171   247 0.86 -
TRINITY_DN48203_c0_g1_i1:167-733   -            189 2233at3041           -            238    0.0028   14.5   0.0   1   2      0.04       1.4    5.7   0.0    92   148    37    93     4   111 0.73 -
TRINITY_DN48203_c0_g1_i1:167-733   -            189 2233at3041           -            238    0.0028   14.5   0.0   2   2     0.014      0.49    7.2   0.0    12    69   130   187   120   189 0.75 -
TRINITY_DN2899_c0_g1_i1:143-379    -             79 2233at3041           -            238    0.0083   12.9   0.0   1   1   0.00027    0.0092   12.8   0.0    34    76    32    72    26    79 0.83 -
TRINITY_DN53582_c0_g1_i1:199-1170  -            324 2233at3041           -            238    0.0097   12.7   0.5   1   3         1        35    1.1   0.0    36    69     6    37     4    55 0.83 -
TRINITY_DN53582_c0_g1_i1:199-1170  -            324 2233at3041           -            238    0.0097   12.7   0.5   2   3     0.043       1.5    5.6   0.0     6    37    60    91    55   114 0.78 -
TRINITY_DN53582_c0_g1_i1:199-1170  -            324 2233at3041           -            238    0.0097   12.7   0.5   3   3       2.1        71    0.1   0.0    28    95   273   296   255   318 0.56 -
TRINITY_DN5799_c1_g2_i1:572-1699   -            376 2233at3041           -            238     0.017   11.9   0.1   1   1   0.00075     0.026   11.3   0.1    35   110   293   366   286   370 0.83 -
#
# Program:         hmmsearch
# Version:         3.2.1 (June 2018)
# Pipeline mode:   SEARCH
# Query file:      /sw/bioinfo/BUSCO/v5_lineage_sets/lineages/chlorophyta_odb10/hmms/2233at3041.hmm
# Target file:     /crex/proj/snic2022-23-81/expression_algae/code/busco/trinity_VA-3180-Osg11Pal/run_chlorophyta_odb10/metaeuk_output/initial_results/trinity_VA-3180-Osg11Pal.Trinity.fasta.modified.fas
# Option settings: hmmsearch --domtblout /crex/proj/snic2022-23-81/expression_algae/code/busco/trinity_VA-3180-Osg11Pal/run_chlorophyta_odb10/hmmer_output/initial_run_results/2233at3041.out --cpu 1 /sw/bioinfo/BUSCO/v5_lineage_sets/lineages/chlorophyta_odb10/hmms/2233at3041.hmm /crex/proj/snic2022-23-81/expression_algae/code/busco/trinity_VA-3180-Osg11Pal/run_chlorophyta_odb10/metaeuk_output/initial_results/trinity_VA-3180-Osg11Pal.Trinity.fasta.modified.fas 
# Current dir:     /crex/proj/snic2022-23-81/expression_algae/code/busco
# Date:            Fri Sep 23 10:12:11 2022
# [ok]
