#                                                                                         --- full sequence --- -------------- this domain -------------   hmm coord   ali coord   env coord
# target name                     accession   tlen query name           accession   qlen   E-value  score  bias   #  of  c-Evalue  i-Evalue  score  bias  from    to  from    to  from    to  acc description of target
#             ------------------- ---------- ----- -------------------- ---------- ----- --------- ------ ----- --- --- --------- --------- ------ ----- ----- ----- ----- ----- ----- ----- ---- ---------------------
TRINITY_DN43240_c0_g1_i1:2-508    -            169 2461at3041           -            297   3.6e-81  269.8   0.0   1   1   5.3e-84     4e-81  269.6   0.0   123   277     1   166     1   169 0.94 -
TRINITY_DN40765_c0_g1_i1:120-1160 -            347 2461at3041           -            297   2.4e-08   30.7   0.4   1   2   8.2e-08   6.2e-05   19.5   0.2   103   208   158   247    82   253 0.78 -
TRINITY_DN40765_c0_g1_i1:120-1160 -            347 2461at3041           -            297   2.4e-08   30.7   0.4   2   2     0.027        20    1.4   0.0   245   276   302   333   294   346 0.76 -
TRINITY_DN3908_c0_g1_i2:3-1073    -            357 2461at3041           -            297   0.00051   16.5   0.0   1   2    0.0065         5    3.4   0.0   122   144   194   216    70   222 0.67 -
TRINITY_DN3908_c0_g1_i2:3-1073    -            357 2461at3041           -            297   0.00051   16.5   0.0   2   2   7.8e-05     0.059    9.7   0.1   176   208   230   263   219   282 0.86 -
TRINITY_DN3908_c0_g1_i1:66-1274   -            403 2461at3041           -            297   0.00078   15.9   0.0   1   2    0.0081       6.1    3.1   0.0   122   144   240   262   116   268 0.67 -
TRINITY_DN3908_c0_g1_i1:66-1274   -            403 2461at3041           -            297   0.00078   15.9   0.0   2   2   9.3e-05      0.07    9.5   0.1   176   208   276   309   265   328 0.86 -
#
# Program:         hmmsearch
# Version:         3.2.1 (June 2018)
# Pipeline mode:   SEARCH
# Query file:      /sw/bioinfo/BUSCO/v5_lineage_sets/lineages/chlorophyta_odb10/hmms/2461at3041.hmm
# Target file:     /crex/proj/snic2022-23-81/expression_algae/code/busco/trinity_VA-3180-Osg11Pal/run_chlorophyta_odb10/metaeuk_output/initial_results/trinity_VA-3180-Osg11Pal.Trinity.fasta.modified.fas
# Option settings: hmmsearch --domtblout /crex/proj/snic2022-23-81/expression_algae/code/busco/trinity_VA-3180-Osg11Pal/run_chlorophyta_odb10/hmmer_output/initial_run_results/2461at3041.out --cpu 1 /sw/bioinfo/BUSCO/v5_lineage_sets/lineages/chlorophyta_odb10/hmms/2461at3041.hmm /crex/proj/snic2022-23-81/expression_algae/code/busco/trinity_VA-3180-Osg11Pal/run_chlorophyta_odb10/metaeuk_output/initial_results/trinity_VA-3180-Osg11Pal.Trinity.fasta.modified.fas 
# Current dir:     /crex/proj/snic2022-23-81/expression_algae/code/busco
# Date:            Fri Sep 23 10:12:14 2022
# [ok]
