#                                                                                          --- full sequence --- -------------- this domain -------------   hmm coord   ali coord   env coord
# target name                      accession   tlen query name           accession   qlen   E-value  score  bias   #  of  c-Evalue  i-Evalue  score  bias  from    to  from    to  from    to  acc description of target
#              ------------------- ---------- ----- -------------------- ---------- ----- --------- ------ ----- --- --- --------- --------- ------ ----- ----- ----- ----- ----- ----- ----- ---- ---------------------
TRINITY_DN5154_c0_g1_i2:323-1594   -            424 2576at3041           -            416  1.8e-103  343.8   1.0   1   1  1.3e-103  6.2e-102  338.7   1.0    17   397     2   422     1   424 0.82 -
TRINITY_DN1507_c0_g1_i2:352-1353   -            334 2576at3041           -            416   4.9e-85  283.1   6.1   1   3   3.2e-18   1.5e-16   57.5   0.0   198   254     7    70     3    75 0.87 -
TRINITY_DN1507_c0_g1_i2:352-1353   -            334 2576at3041           -            416   4.9e-85  283.1   6.1   2   3   6.7e-41   3.1e-39  132.2   0.0   250   337    84   172    80   190 0.93 -
TRINITY_DN1507_c0_g1_i2:352-1353   -            334 2576at3041           -            416   4.9e-85  283.1   6.1   3   3   1.3e-28   6.2e-27   91.7   4.4   330   415   225   314   196   315 0.83 -
TRINITY_DN1507_c0_g1_i3:529-1530   -            334 2576at3041           -            416   4.9e-85  283.1   6.1   1   3   3.2e-18   1.5e-16   57.5   0.0   198   254     7    70     3    75 0.87 -
TRINITY_DN1507_c0_g1_i3:529-1530   -            334 2576at3041           -            416   4.9e-85  283.1   6.1   2   3   6.7e-41   3.1e-39  132.2   0.0   250   337    84   172    80   190 0.93 -
TRINITY_DN1507_c0_g1_i3:529-1530   -            334 2576at3041           -            416   4.9e-85  283.1   6.1   3   3   1.3e-28   6.2e-27   91.7   4.4   330   415   225   314   196   315 0.83 -
TRINITY_DN1507_c0_g1_i7:529-1470   -            314 2576at3041           -            416   6.6e-74  246.4   5.8   1   3   6.7e-07   3.1e-05   20.2   0.0   221   254    10    50     2    55 0.73 -
TRINITY_DN1507_c0_g1_i7:529-1470   -            314 2576at3041           -            416   6.6e-74  246.4   5.8   2   3     6e-41   2.8e-39  132.4   0.0   250   337    64   152    60   170 0.93 -
TRINITY_DN1507_c0_g1_i7:529-1470   -            314 2576at3041           -            416   6.6e-74  246.4   5.8   3   3   1.2e-28   5.5e-27   91.9   4.4   330   415   205   294   176   295 0.83 -
TRINITY_DN1405_c0_g2_i3:270-1337   -            356 2576at3041           -            416   1.3e-72  242.1   0.6   1   1   3.4e-74   1.6e-72  241.9   0.6     7   327     9   343     1   354 0.86 -
TRINITY_DN1405_c0_g2_i4:29-1144    -            372 2576at3041           -            416   1.3e-72  242.1   0.8   1   1   3.4e-74   1.6e-72  241.8   0.8     7   328     9   344     1   363 0.86 -
TRINITY_DN40599_c0_g1_i1:184-639   -            152 2576at3041           -            416   3.2e-72  240.8   0.1   1   1   7.7e-74   3.6e-72  240.7   0.1    20   165     1   152     1   152 0.95 -
TRINITY_DN1507_c0_g1_i4:619-1398   -            260 2576at3041           -            416   4.4e-70  233.8   4.2   1   3   1.3e-05   0.00062   15.9   0.0   230   254     2    26     1    31 0.89 -
TRINITY_DN1507_c0_g1_i4:619-1398   -            260 2576at3041           -            416   4.4e-70  233.8   4.2   2   3     4e-41   1.9e-39  132.9   0.0   250   337    40   128    36   147 0.93 -
TRINITY_DN1507_c0_g1_i4:619-1398   -            260 2576at3041           -            416   4.4e-70  233.8   4.2   3   3   2.8e-26   1.3e-24   84.0   2.0   330   405   181   260   150   260 0.82 -
TRINITY_DN1304_c1_g2_i3:1392-2522  -            377 2576at3041           -            416     1e-68  229.3   2.1   1   1   2.6e-70   1.2e-68  229.1   2.1     8   336    16   368     6   377 0.81 -
TRINITY_DN3125_c0_g1_i21:4-1635    -            544 2576at3041           -            416   1.5e-68  228.8   0.0   1   1   4.4e-70   2.1e-68  228.3   0.0     9   342   148   505   137   512 0.81 -
TRINITY_DN3125_c0_g1_i11:1411-2943 -            511 2576at3041           -            416   5.8e-68  226.8   0.0   1   1     2e-69   9.3e-68  226.1   0.0     9   325   148   493   137   510 0.83 -
TRINITY_DN354_c0_g1_i2:86-1330     -            415 2576at3041           -            416   1.2e-67  225.8   0.0   1   1   3.4e-69   1.6e-67  225.4   0.0    11   343    53   405    45   409 0.85 -
TRINITY_DN5153_c0_g1_i2:73-1536    -            488 2576at3041           -            416   3.7e-66  220.9   1.2   1   1   9.7e-68   4.5e-66  220.6   1.2    10   327   116   453   104   481 0.84 -
TRINITY_DN3125_c0_g1_i10:9-1262    -            418 2576at3041           -            416   2.7e-65  218.0   0.0   1   1   9.2e-67   4.3e-65  217.4   0.0    10   341    41   394    30   412 0.80 -
TRINITY_DN3125_c0_g1_i1:715-1935   -            407 2576at3041           -            416   6.2e-65  216.9   0.2   1   1   1.7e-66     8e-65  216.5   0.2    15   328     6   345     2   404 0.77 -
TRINITY_DN1405_c0_g2_i1:29-1039    -            337 2576at3041           -            416   6.3e-64  213.5   0.9   1   1   1.6e-65   7.5e-64  213.3   0.9    34   328     1   309     1   328 0.86 -
TRINITY_DN1034_c0_g1_i3:5-1201     -            399 2576at3041           -            416   4.4e-61  204.2   1.7   1   1   1.1e-62   5.2e-61  203.9   1.7     8   329    21   360    11   377 0.87 -
TRINITY_DN3125_c0_g1_i7:4-1422     -            473 2576at3041           -            416   7.8e-60  200.0   0.0   1   1   2.3e-61   1.1e-59  199.6   0.0     8   342    72   434    62   441 0.79 -
TRINITY_DN3125_c0_g1_i16:4-1713    -            570 2576at3041           -            416   1.4e-59  199.2   0.0   1   1   4.2e-61     2e-59  198.7   0.0     8   342   169   531   159   538 0.79 -
TRINITY_DN243_c0_g1_i1:344-2221    -            626 2576at3041           -            416   1.6e-55  185.8   0.2   1   2   2.4e-32   1.1e-30  104.0   0.0    11   166    19   178     7   205 0.84 -
TRINITY_DN243_c0_g1_i1:344-2221    -            626 2576at3041           -            416   1.6e-55  185.8   0.2   2   2   4.9e-25   2.3e-23   79.9   0.1   168   337   217   407   212   449 0.79 -
TRINITY_DN1337_c2_g1_i1:730-1800   -            357 2576at3041           -            416   3.2e-53  178.3   0.4   1   1   8.7e-55   4.1e-53  177.9   0.4    21   329     6   346     1   356 0.77 -
TRINITY_DN1304_c2_g1_i1:6-1457     -            484 2576at3041           -            416   6.1e-53  177.3   0.1   1   1   1.6e-54   7.7e-53  177.0   0.1     2   342    48   422    47   452 0.74 -
TRINITY_DN235_c0_g2_i1:18-2012     -            665 2576at3041           -            416   2.7e-52  175.2   0.1   1   1   9.8e-54   4.5e-52  174.5   0.1    11   340   113   472   104   492 0.81 -
TRINITY_DN74_c0_g1_i2:420-1607     -            396 2576at3041           -            416   8.3e-51  170.3   0.7   1   1   2.2e-52     1e-50  170.0   0.7     8   338    34   378    24   388 0.82 -
TRINITY_DN74_c0_g1_i5:197-1396     -            400 2576at3041           -            416   8.6e-51  170.3   0.7   1   1   2.3e-52   1.1e-50  170.0   0.7     8   338    38   382    28   392 0.82 -
TRINITY_DN1094_c0_g1_i1:171-1394   -            408 2576at3041           -            416   3.5e-50  168.3   0.1   1   1   9.9e-52   4.6e-50  167.9   0.1    12   327    49   376    39   393 0.86 -
TRINITY_DN1094_c0_g1_i2:171-1319   -            383 2576at3041           -            416     4e-50  168.1   0.1   1   1   1.2e-51   5.4e-50  167.7   0.1    12   326    49   375    39   380 0.86 -
TRINITY_DN74_c0_g1_i3:42-1361      -            440 2576at3041           -            416   8.7e-50  167.0   0.1   1   1   2.3e-51   1.1e-49  166.6   0.1     9   337    79   421    68   434 0.84 -
TRINITY_DN74_c0_g1_i1:42-1361      -            440 2576at3041           -            416   1.8e-48  162.7   0.1   1   1   4.7e-50   2.2e-48  162.3   0.1     9   338    79   422    68   432 0.83 -
TRINITY_DN15100_c0_g1_i1:56-643    -            196 2576at3041           -            416   3.3e-46  155.1   0.0   1   1   8.2e-48   3.8e-46  155.0   0.0    10   189     3   185     1   195 0.90 -
TRINITY_DN350_c0_g1_i8:85-1587     -            435 2576at3041           -            416   5.4e-44  147.9   0.0   1   1   1.7e-45   7.8e-44  147.4   0.0     8   336    51   410    41   419 0.81 -
TRINITY_DN350_c0_g1_i5:85-1389     -            435 2576at3041           -            416   7.8e-44  147.4   0.0   1   1   2.4e-45   1.1e-43  146.8   0.0     8   336    51   410    41   419 0.81 -
TRINITY_DN3125_c0_g1_i4:0-860      -            287 2576at3041           -            416   5.2e-42  141.3   0.0   1   1   3.4e-43   1.6e-41  139.7   0.0     8   163    14   172     4   286 0.84 -
TRINITY_DN5153_c0_g1_i1:73-975     -            301 2576at3041           -            416   4.4e-41  138.3   0.1   1   1   1.2e-42   5.5e-41  138.0   0.1    10   188   116   293   104   300 0.88 -
TRINITY_DN3125_c0_g1_i17:4-918     -            305 2576at3041           -            416   2.7e-39  132.4   0.0   1   1   8.6e-41     4e-39  131.8   0.0   102   342     8   266     4   273 0.78 -
TRINITY_DN354_c1_g1_i1:1-753       -            251 2576at3041           -            416   4.7e-39  131.6   0.0   1   1   1.2e-40   5.4e-39  131.4   0.0   141   360     3   238     1   249 0.83 -
TRINITY_DN13055_c0_g1_i1:29-703    -            225 2576at3041           -            416   3.4e-35  118.9   0.5   1   1     9e-37   4.2e-35  118.6   0.5     2   194     4   205     3   216 0.79 -
TRINITY_DN7773_c0_g2_i1:2-460      -            153 2576at3041           -            416   1.9e-33  113.1   0.0   1   1   4.6e-35   2.1e-33  113.0   0.0    19   163     2   152     1   153 0.88 -
TRINITY_DN1746_c0_g1_i1:135-1472   -            446 2576at3041           -            416   1.8e-32  109.9   0.3   1   1   5.8e-34   2.7e-32  109.3   0.3     7   302   116   434   107   439 0.75 -
TRINITY_DN1337_c2_g1_i4:730-1428   -            233 2576at3041           -            416   3.9e-32  108.8   0.1   1   1   1.1e-33   5.2e-32  108.4   0.1   139   329     8   222     2   232 0.77 -
TRINITY_DN2247_c0_g3_i4:43-1851    -            603 2576at3041           -            416   6.7e-32  108.0   0.0   1   1     3e-33   1.4e-31  107.0   0.0     8   165   275   439   273   469 0.87 -
TRINITY_DN1094_c0_g1_i6:131-910    -            260 2576at3041           -            416   3.2e-30  102.5   0.1   1   1   8.6e-32     4e-30  102.2   0.1    98   326    11   252     2   257 0.86 -
TRINITY_DN1405_c0_g2_i6:89-484     -            132 2576at3041           -            416   2.3e-29   99.7   0.0   1   1   5.5e-31   2.5e-29   99.5   0.0    35   166     1   131     1   132 0.89 -
TRINITY_DN35074_c0_g1_i1:2-394     -            131 2576at3041           -            416   1.6e-27   93.6   0.0   1   1   3.9e-29   1.8e-27   93.4   0.0    23   150     1   131     1   131 0.91 -
TRINITY_DN14713_c0_g1_i1:2-454     -            151 2576at3041           -            416     2e-26   90.0   0.2   1   1     5e-28   2.3e-26   89.8   0.2    18   164     1   149     1   151 0.90 -
TRINITY_DN33490_c0_g1_i1:16-351    -            112 2576at3041           -            416   3.8e-26   89.1   0.3   1   1   8.9e-28   4.1e-26   89.0   0.3    19   127     2   112     1   112 0.90 -
TRINITY_DN15876_c0_g2_i1:1-630     -            210 2576at3041           -            416     8e-25   84.7   0.0   1   1   2.4e-26   1.1e-24   84.3   0.0   102   286     6   208     3   210 0.75 -
TRINITY_DN38095_c0_g1_i1:322-807   -            162 2576at3041           -            416   1.5e-21   74.0   0.1   1   1   3.3e-23   1.6e-21   73.9   0.1   233   331     2   106     1   141 0.81 -
TRINITY_DN1094_c0_g1_i3:121-807    -            229 2576at3041           -            416   1.4e-20   70.8   0.0   1   1   3.3e-22   1.5e-20   70.6   0.0   147   327     3   197     1   215 0.83 -
TRINITY_DN947_c0_g1_i1:5-790       -            262 2576at3041           -            416   2.7e-20   69.8   0.1   1   1   7.2e-22   3.3e-20   69.5   0.1   200   341    61   209    36   235 0.78 -
TRINITY_DN1304_c1_g1_i3:29-1147    -            373 2576at3041           -            416   2.7e-20   69.8   1.6   1   2     0.069       3.2    3.7   0.2    73   154     5    97     2   127 0.52 -
TRINITY_DN1304_c1_g1_i3:29-1147    -            373 2576at3041           -            416   2.7e-20   69.8   1.6   2   2     4e-20   1.8e-18   63.8   0.1   187   338   200   367   185   369 0.78 -
TRINITY_DN3125_c0_g1_i6:715-1359   -            215 2576at3041           -            416     8e-20   68.3   0.1   1   1   1.8e-21   8.5e-20   68.2   0.1   226   329    45   154    13   212 0.73 -
TRINITY_DN1304_c1_g1_i2:29-1243    -            405 2576at3041           -            416   1.3e-19   67.5   1.2   1   2     0.076       3.5    3.5   0.2    73   154     5    97     2   128 0.52 -
TRINITY_DN1304_c1_g1_i2:29-1243    -            405 2576at3041           -            416   1.3e-19   67.5   1.2   2   2   2.1e-19   9.7e-18   61.4   0.1   187   339   200   368   186   382 0.79 -
TRINITY_DN1034_c0_g1_i1:166-483    -            106 2576at3041           -            416   1.4e-18   64.1   0.2   1   1   3.4e-20   1.6e-18   64.0   0.2    20    97     1    75     1    89 0.92 -
TRINITY_DN2396_c0_g1_i1:19-315     -             99 2576at3041           -            416   6.1e-17   58.8   0.1   1   1   1.5e-18   7.1e-17   58.5   0.1    20    90     1    74     1    80 0.90 -
TRINITY_DN2396_c0_g1_i2:19-315     -             99 2576at3041           -            416   6.1e-17   58.8   0.1   1   1   1.5e-18   7.1e-17   58.5   0.1    20    90     1    74     1    80 0.90 -
TRINITY_DN3125_c0_g1_i8:167-478    -            104 2576at3041           -            416   4.3e-16   56.0   0.0   1   1     1e-17   4.9e-16   55.8   0.0    18    90     1    79     1    89 0.84 -
TRINITY_DN350_c0_g1_i3:267-854     -            196 2576at3041           -            416   5.3e-15   52.4   0.0   1   1   1.9e-16   8.6e-15   51.7   0.0   206   337    23   175     3   183 0.75 -
TRINITY_DN350_c0_g1_i1:578-1207    -            210 2576at3041           -            416   6.1e-15   52.2   0.0   1   1   2.1e-16   9.8e-15   51.5   0.0   205   337    34   187    13   195 0.75 -
TRINITY_DN350_c0_g1_i2:665-1294    -            210 2576at3041           -            416   6.1e-15   52.2   0.0   1   1   2.1e-16   9.8e-15   51.5   0.0   205   337    34   187    13   195 0.75 -
TRINITY_DN6837_c0_g2_i1:48-803     -            252 2576at3041           -            416   2.1e-12   43.8   0.1   1   2   1.3e-12   6.1e-11   39.0   0.2    65   184     1   134     1   145 0.78 -
TRINITY_DN6837_c0_g2_i1:48-803     -            252 2576at3041           -            416   2.1e-12   43.8   0.1   2   2      0.15       6.8    2.6   0.0   210   243   178   215   171   226 0.77 -
TRINITY_DN3696_c0_g1_i1:399-1244   -            282 2576at3041           -            416   2.5e-05   20.5   0.0   1   1   6.5e-07     3e-05   20.2   0.0    13    88    70   144    65   210 0.71 -
TRINITY_DN3696_c0_g1_i5:399-1229   -            277 2576at3041           -            416   6.9e-05   19.1   0.0   1   1   1.8e-06   8.4e-05   18.8   0.0    21    88    73   139    63   205 0.71 -
TRINITY_DN3696_c0_g1_i3:32-514     -            161 2576at3041           -            416   0.00026   17.2   0.0   1   1   5.6e-06   0.00026   17.2   0.0    29    88    11    73     2   142 0.79 -
TRINITY_DN3696_c0_g1_i5:1590-3638  -            683 2576at3041           -            416   0.00058   16.0   0.0   1   2   4.4e-05    0.0021   14.2   0.0    23   154    31   169    22   278 0.64 -
TRINITY_DN3696_c0_g1_i5:1590-3638  -            683 2576at3041           -            416   0.00058   16.0   0.0   2   2       2.7   1.3e+02   -1.6   0.0   255   296   336   377   330   386 0.88 -
#
# Program:         hmmsearch
# Version:         3.2.1 (June 2018)
# Pipeline mode:   SEARCH
# Query file:      /sw/bioinfo/BUSCO/v5_lineage_sets/lineages/chlorophyta_odb10/hmms/2576at3041.hmm
# Target file:     /crex/proj/snic2022-23-81/expression_algae/code/busco/trinity_VA-3180-Osg11Pal/run_chlorophyta_odb10/metaeuk_output/initial_results/trinity_VA-3180-Osg11Pal.Trinity.fasta.modified.fas
# Option settings: hmmsearch --domtblout /crex/proj/snic2022-23-81/expression_algae/code/busco/trinity_VA-3180-Osg11Pal/run_chlorophyta_odb10/hmmer_output/initial_run_results/2576at3041.out --cpu 1 /sw/bioinfo/BUSCO/v5_lineage_sets/lineages/chlorophyta_odb10/hmms/2576at3041.hmm /crex/proj/snic2022-23-81/expression_algae/code/busco/trinity_VA-3180-Osg11Pal/run_chlorophyta_odb10/metaeuk_output/initial_results/trinity_VA-3180-Osg11Pal.Trinity.fasta.modified.fas 
# Current dir:     /crex/proj/snic2022-23-81/expression_algae/code/busco
# Date:            Fri Sep 23 10:12:13 2022
# [ok]
