#                                                                                          --- full sequence --- -------------- this domain -------------   hmm coord   ali coord   env coord
# target name                      accession   tlen query name           accession   qlen   E-value  score  bias   #  of  c-Evalue  i-Evalue  score  bias  from    to  from    to  from    to  acc description of target
#              ------------------- ---------- ----- -------------------- ---------- ----- --------- ------ ----- --- --- --------- --------- ------ ----- ----- ----- ----- ----- ----- ----- ---- ---------------------
TRINITY_DN46545_c0_g1_i1:37-417    -            127 2639at3041           -            271   2.7e-47  158.6   0.0   1   1   8.1e-49     3e-47  158.5   0.0     3   110     1   127     1   127 0.89 -
TRINITY_DN13731_c0_g2_i1:303-779   -            159 2639at3041           -            271   4.6e-32  108.7   0.0   1   1   1.4e-33   5.1e-32  108.5   0.0     3   143     1   158     1   159 0.85 -
TRINITY_DN13731_c0_g1_i2:11-496    -            162 2639at3041           -            271   5.1e-28   95.4   0.0   1   1   1.6e-29     6e-28   95.2   0.0     3   144     7   162     6   162 0.84 -
TRINITY_DN4469_c0_g1_i2:2-301      -            100 2639at3041           -            271   2.2e-26   90.1   5.2   1   2   1.7e-12   6.5e-11   39.3   0.9   125   152     1    28     1    48 0.86 -
TRINITY_DN4469_c0_g1_i2:2-301      -            100 2639at3041           -            271   2.2e-26   90.1   5.2   2   2   8.5e-17   3.2e-15   53.5   0.3   152   192    60   100    42   100 0.77 -
TRINITY_DN1990_c2_g1_i1:403-825    -            141 2639at3041           -            271   6.6e-26   88.5   0.0   1   1   2.1e-27   7.9e-26   88.2   0.0     4   123     2   132     1   139 0.85 -
TRINITY_DN40914_c0_g1_i1:28-432    -            135 2639at3041           -            271   1.9e-25   87.0   0.0   1   1   6.5e-27   2.4e-25   86.6   0.0     3   110    15   134    13   135 0.84 -
TRINITY_DN1990_c0_g1_i1:345-788    -            148 2639at3041           -            271   1.4e-23   80.9   0.0   1   1   4.2e-25   1.6e-23   80.7   0.0    10   134     3   144     1   147 0.81 -
TRINITY_DN2393_c0_g2_i3:197-631    -            145 2639at3041           -            271   2.3e-20   70.3   0.0   1   1     7e-22   2.6e-20   70.1   0.0    10   123     1   128     1   143 0.82 -
TRINITY_DN2393_c0_g2_i4:197-631    -            145 2639at3041           -            271   2.3e-20   70.3   0.0   1   1     7e-22   2.6e-20   70.1   0.0    10   123     1   128     1   143 0.82 -
TRINITY_DN2393_c0_g2_i5:197-631    -            145 2639at3041           -            271   2.3e-20   70.3   0.0   1   1     7e-22   2.6e-20   70.1   0.0    10   123     1   128     1   143 0.82 -
TRINITY_DN1990_c0_g1_i3:194-643    -            150 2639at3041           -            271   9.6e-20   68.3   0.0   1   1   3.3e-21   1.2e-19   67.9   0.0    10   134     2   150     1   150 0.78 -
TRINITY_DN257_c0_g1_i1:183-641     -            153 2639at3041           -            271   1.1e-19   68.0   0.0   1   1     4e-21   1.5e-19   67.7   0.0    10   134     2   149     1   152 0.79 -
TRINITY_DN1990_c0_g1_i9:343-783    -            147 2639at3041           -            271     2e-19   67.2   0.0   1   1   5.8e-21   2.2e-19   67.1   0.0    10   122     1   129     1   146 0.80 -
TRINITY_DN1425_c0_g1_i1:882-1361   -            160 2639at3041           -            271   9.3e-19   65.0   0.0   1   2   1.2e-08   4.5e-07   26.7   0.0   186   255     2    72     1    87 0.88 -
TRINITY_DN1425_c0_g1_i1:882-1361   -            160 2639at3041           -            271   9.3e-19   65.0   0.0   2   2   9.6e-12   3.6e-10   36.9   0.1   186   255    90   158    81   160 0.89 -
TRINITY_DN1990_c0_g1_i5:592-1053   -            154 2639at3041           -            271   1.6e-18   64.2   0.0   1   1   5.9e-20   2.2e-18   63.8   0.0    10   134     2   150     1   153 0.78 -
TRINITY_DN1990_c0_g1_i7:592-1053   -            154 2639at3041           -            271   1.6e-18   64.2   0.0   1   1   5.9e-20   2.2e-18   63.8   0.0    10   134     2   150     1   153 0.78 -
TRINITY_DN1990_c1_g1_i1:352-810    -            153 2639at3041           -            271   3.9e-17   59.7   0.0   1   1   1.3e-18   4.8e-17   59.4   0.0    35   122    39   136    24   152 0.82 -
TRINITY_DN343_c0_g1_i1:237-734     -            166 2639at3041           -            271   9.7e-14   48.6   0.0   1   2   1.2e-07   4.4e-06   23.5   0.0   185   238     3    56     1    84 0.82 -
TRINITY_DN343_c0_g1_i1:237-734     -            166 2639at3041           -            271   9.7e-14   48.6   0.0   2   2   1.1e-07   4.2e-06   23.5   0.0   186   243    95   152    84   164 0.82 -
TRINITY_DN55175_c0_g1_i1:126-782   -            219 2639at3041           -            271     7e-12   42.5   0.1   1   2   0.00021    0.0078   12.8   0.0   178   248    24    94    14   113 0.83 -
TRINITY_DN55175_c0_g1_i1:126-782   -            219 2639at3041           -            271     7e-12   42.5   0.1   2   2   4.8e-09   1.8e-07   28.0   0.1   185   255   118   190   104   199 0.84 -
TRINITY_DN892_c0_g1_i3:284-802     -            173 2639at3041           -            271   3.7e-10   36.8   0.0   1   2   5.3e-05     0.002   14.8   0.0   187   249     1    64     1    70 0.86 -
TRINITY_DN892_c0_g1_i3:284-802     -            173 2639at3041           -            271   3.7e-10   36.8   0.0   2   2   1.1e-06     4e-05   20.3   0.0   184   258    93   163    83   172 0.79 -
TRINITY_DN9415_c1_g1_i1:865-1335   -            157 2639at3041           -            271   5.4e-10   36.3   0.0   1   2       7.6   2.8e+02   -2.1   0.0    14    31     4    22     2    26 0.79 -
TRINITY_DN9415_c1_g1_i1:865-1335   -            157 2639at3041           -            271   5.4e-10   36.3   0.0   2   2   3.3e-11   1.2e-09   35.1   0.0    39   130    45   141    36   154 0.73 -
TRINITY_DN1990_c0_g2_i2:6-275      -             90 2639at3041           -            271   9.7e-10   35.5   0.0   1   1     3e-11   1.1e-09   35.3   0.0    55   121    12    88     5    90 0.80 -
TRINITY_DN1990_c0_g2_i1:24-260     -             79 2639at3041           -            271   1.4e-09   35.0   0.0   1   1     4e-11   1.5e-09   34.9   0.0    55   121     1    77     1    79 0.79 -
TRINITY_DN1610_c0_g1_i4:479-706    -             76 2639at3041           -            271   6.8e-09   32.7   0.0   1   1     2e-10   7.3e-09   32.6   0.0   189   254     8    72     2    75 0.83 -
TRINITY_DN1610_c0_g1_i8:479-706    -             76 2639at3041           -            271   6.8e-09   32.7   0.0   1   1     2e-10   7.3e-09   32.6   0.0   189   254     8    72     2    75 0.83 -
TRINITY_DN13731_c0_g1_i1:26-271    -             82 2639at3041           -            271     4e-08   30.2   0.0   1   1   1.1e-09     4e-08   30.2   0.0    84   133    22    76     6    82 0.79 -
TRINITY_DN777_c0_g1_i1:143-376     -             78 2639at3041           -            271   4.2e-08   30.1   0.0   1   1   1.2e-09   4.4e-08   30.1   0.0   192   251     4    63     1    72 0.89 -
TRINITY_DN69_c0_g1_i1:69-731       -            221 2639at3041           -            271   9.3e-08   29.0   0.0   1   2   3.6e-06   0.00013   18.6   0.0   187   255    20    89    11    95 0.90 -
TRINITY_DN69_c0_g1_i1:69-731       -            221 2639at3041           -            271   9.3e-08   29.0   0.0   2   2    0.0042      0.16    8.6   0.0   198   255   162   219   137   221 0.81 -
TRINITY_DN14787_c0_g1_i1:215-499   -             95 2639at3041           -            271   1.2e-07   28.6   0.0   1   1   3.4e-09   1.3e-07   28.5   0.0    11    87     2    85     1    95 0.74 -
TRINITY_DN23782_c0_g1_i1:50-487    -            146 2639at3041           -            271   1.3e-07   28.4   0.0   1   1   4.1e-09   1.5e-07   28.3   0.0    12   137     1   143     1   146 0.70 -
TRINITY_DN9415_c2_g1_i1:56-481     -            142 2639at3041           -            271   2.3e-07   27.7   0.0   1   1   8.2e-09   3.1e-07   27.3   0.0    38   123    46   134     3   139 0.77 -
TRINITY_DN1610_c0_g1_i6:479-658    -             60 2639at3041           -            271   3.4e-07   27.1   0.0   1   1   9.6e-09   3.6e-07   27.1   0.0   198   254     1    56     1    59 0.85 -
TRINITY_DN9415_c0_g4_i1:6-668      -            221 2639at3041           -            271   5.6e-07   26.4   0.0   1   2   1.9e-07   7.3e-06   22.8   0.0    87   167    21   104     3   109 0.83 -
TRINITY_DN9415_c0_g4_i1:6-668      -            221 2639at3041           -            271   5.6e-07   26.4   0.0   2   2      0.68        25    1.3   0.0    36    63   184   211   180   213 0.87 -
TRINITY_DN49678_c0_g1_i1:223-414   -             64 2639at3041           -            271   5.8e-07   26.4   0.0   1   1   1.6e-08     6e-07   26.3   0.0   192   242     3    54     1    60 0.81 -
TRINITY_DN23579_c0_g1_i1:1-315     -            105 2639at3041           -            271     8e-07   25.9   0.0   1   1   2.5e-08   9.3e-07   25.7   0.0   181   262    14    97     8   100 0.86 -
TRINITY_DN39116_c0_g1_i1:104-391   -             96 2639at3041           -            271   2.4e-06   24.4   0.0   1   1   6.8e-08   2.5e-06   24.3   0.0   186   253    16    84     4    94 0.86 -
TRINITY_DN1425_c0_g1_i5:1053-1532  -            160 2639at3041           -            271   3.1e-06   24.0   0.0   1   2     0.037       1.4    5.5   0.0   215   251     7    43     1    63 0.77 -
TRINITY_DN1425_c0_g1_i5:1053-1532  -            160 2639at3041           -            271   3.1e-06   24.0   0.0   2   2   1.2e-05   0.00046   16.9   0.0   186   250    81   144    75   156 0.88 -
TRINITY_DN2022_c0_g1_i3:284-469    -             62 2639at3041           -            271   4.4e-06   23.5   0.1   1   1   1.2e-07   4.4e-06   23.5   0.1   204   255     4    56     1    62 0.91 -
TRINITY_DN6687_c0_g1_i1:7-525      -            173 2639at3041           -            271   5.5e-06   23.2   0.0   1   1   1.9e-07     7e-06   22.8   0.0   184   240    16    72     3    92 0.79 -
TRINITY_DN6687_c0_g1_i2:44-400     -            119 2639at3041           -            271   5.8e-06   23.1   0.0   1   1   1.9e-07   6.9e-06   22.8   0.0   184   238    16    70     3    78 0.83 -
TRINITY_DN2313_c0_g1_i1:478-693    -             72 2639at3041           -            271   7.6e-06   22.7   0.0   1   1     2e-07   7.6e-06   22.7   0.0   188   253     2    68     1    71 0.76 -
TRINITY_DN8898_c0_g1_i1:39-281     -             81 2639at3041           -            271   8.5e-06   22.5   0.0   1   1   2.5e-07   9.3e-06   22.4   0.0   186   247     2    67     1    74 0.84 -
TRINITY_DN398_c0_g3_i1:294-551     -             86 2639at3041           -            271     1e-05   22.3   0.0   1   1   2.9e-07   1.1e-05   22.2   0.0   178   242    17    82    10    86 0.87 -
TRINITY_DN6668_c0_g1_i1:243-461    -             73 2639at3041           -            271     2e-05   21.3   0.0   1   1   5.6e-07   2.1e-05   21.3   0.0   187   242     1    56     1    71 0.89 -
TRINITY_DN30765_c0_g1_i1:263-487   -             75 2639at3041           -            271     4e-05   20.4   0.0   1   1   1.2e-06   4.3e-05   20.2   0.0   187   244     5    63     2    74 0.82 -
TRINITY_DN38027_c0_g1_i1:89-292    -             68 2639at3041           -            271   4.3e-05   20.2   0.1   1   1   1.2e-06   4.5e-05   20.2   0.1   196   237     7    48     3    64 0.88 -
TRINITY_DN1570_c0_g1_i11:1092-1265 -             58 2639at3041           -            271   5.1e-05   20.0   0.0   1   1   1.4e-06   5.4e-05   19.9   0.0   197   242     4    49     1    56 0.84 -
TRINITY_DN1570_c0_g1_i19:1092-1265 -             58 2639at3041           -            271   5.1e-05   20.0   0.0   1   1   1.4e-06   5.4e-05   19.9   0.0   197   242     4    49     1    56 0.84 -
TRINITY_DN1570_c0_g1_i21:524-697   -             58 2639at3041           -            271   5.1e-05   20.0   0.0   1   1   1.4e-06   5.4e-05   19.9   0.0   197   242     4    49     1    56 0.84 -
TRINITY_DN1570_c0_g1_i48:1548-1721 -             58 2639at3041           -            271   5.1e-05   20.0   0.0   1   1   1.4e-06   5.4e-05   19.9   0.0   197   242     4    49     1    56 0.84 -
TRINITY_DN1570_c0_g1_i52:1185-1358 -             58 2639at3041           -            271   5.1e-05   20.0   0.0   1   1   1.4e-06   5.4e-05   19.9   0.0   197   242     4    49     1    56 0.84 -
TRINITY_DN1570_c0_g1_i8:1092-1265  -             58 2639at3041           -            271   5.1e-05   20.0   0.0   1   1   1.4e-06   5.4e-05   19.9   0.0   197   242     4    49     1    56 0.84 -
TRINITY_DN1610_c0_g1_i5:2991-3281  -             97 2639at3041           -            271   6.4e-05   19.7   0.0   1   1   2.1e-06   7.8e-05   19.4   0.0   186   239    14    68     3    76 0.84 -
TRINITY_DN4095_c0_g1_i1:162-398    -             79 2639at3041           -            271   9.7e-05   19.1   0.0   1   1   2.6e-06   9.7e-05   19.1   0.0   191   259     8    78     1    79 0.84 -
TRINITY_DN1425_c0_g1_i1:303-506    -             68 2639at3041           -            271   0.00011   18.8   0.0   1   1   3.3e-06   0.00012   18.7   0.0   187   250     1    63     1    67 0.88 -
TRINITY_DN2030_c0_g1_i1:602-787    -             62 2639at3041           -            271   0.00013   18.6   0.0   1   1   3.6e-06   0.00013   18.6   0.0   203   259     3    61     1    62 0.89 -
TRINITY_DN2030_c0_g1_i3:602-787    -             62 2639at3041           -            271   0.00013   18.6   0.0   1   1   3.6e-06   0.00013   18.6   0.0   203   259     3    61     1    62 0.89 -
TRINITY_DN32828_c0_g1_i1:58-408    -            117 2639at3041           -            271   0.00014   18.6   0.0   1   1   4.3e-06   0.00016   18.4   0.0   186   246    56   117    40   117 0.86 -
TRINITY_DN1425_c0_g1_i1:561-860    -            100 2639at3041           -            271   0.00014   18.5   0.0   1   1   4.1e-06   0.00015   18.4   0.0   196   251    25    80     7    94 0.82 -
TRINITY_DN117_c0_g1_i1:90-929      -            280 2639at3041           -            271   0.00021   18.0   0.0   1   1   9.6e-06   0.00036   17.2   0.0   181   244   197   261   189   273 0.85 -
TRINITY_DN45967_c0_g1_i1:2-325     -            108 2639at3041           -            271   0.00035   17.3   0.0   1   1   1.1e-05   0.00041   17.0   0.0   184   255    30   102    19   107 0.87 -
TRINITY_DN6835_c0_g1_i1:56-754     -            233 2639at3041           -            271   0.00042   17.0   0.0   1   2     0.076       2.8    4.4   0.0   224   256    75   108    67   122 0.78 -
TRINITY_DN6835_c0_g1_i1:56-754     -            233 2639at3041           -            271   0.00042   17.0   0.0   2   2     0.001     0.038   10.6   0.0   185   248   140   203   128   221 0.77 -
TRINITY_DN648_c0_g1_i1:75-293      -             73 2639at3041           -            271   0.00052   16.7   0.0   1   1   1.4e-05   0.00052   16.7   0.0   188   240     2    54     1    65 0.83 -
TRINITY_DN39845_c0_g1_i1:453-671   -             73 2639at3041           -            271    0.0006   16.5   0.0   1   1   1.6e-05    0.0006   16.5   0.0   196   254     9    68     1    73 0.80 -
TRINITY_DN343_c0_g1_i1:789-1046    -             86 2639at3041           -            271    0.0016   15.1   0.0   1   1   4.6e-05    0.0017   15.0   0.0   196   238    10    51     1    63 0.82 -
TRINITY_DN4727_c2_g1_i1:137-331    -             65 2639at3041           -            271    0.0018   14.9   0.0   1   1     5e-05    0.0019   14.9   0.0   187   247     3    61     1    64 0.81 -
TRINITY_DN4727_c2_g1_i2:137-331    -             65 2639at3041           -            271    0.0018   14.9   0.0   1   1     5e-05    0.0019   14.9   0.0   187   247     3    61     1    64 0.81 -
TRINITY_DN5292_c0_g1_i1:1-609      -            203 2639at3041           -            271    0.0023   14.6   0.0   1   1   7.6e-05    0.0028   14.3   0.0   159   237   125   200    85   202 0.84 -
TRINITY_DN25444_c0_g1_i1:7-513     -            169 2639at3041           -            271    0.0028   14.3   0.0   1   2      0.27        10    2.6   0.0    10    54    18    63    14    76 0.81 -
TRINITY_DN25444_c0_g1_i1:7-513     -            169 2639at3041           -            271    0.0028   14.3   0.0   2   2    0.0019     0.071    9.7   0.0    92   122   124   158   120   166 0.81 -
TRINITY_DN2545_c0_g1_i2:530-754    -             75 2639at3041           -            271    0.0036   13.9   0.0   1   1   9.6e-05    0.0036   13.9   0.0   194   235     8    49     1    72 0.83 -
TRINITY_DN24866_c0_g1_i1:23-277    -             85 2639at3041           -            271    0.0037   13.9   0.0   1   1   0.00011    0.0042   13.7   0.0   187   237     2    53     1    60 0.85 -
TRINITY_DN1876_c0_g1_i1:253-498    -             82 2639at3041           -            271    0.0041   13.7   0.0   1   1   0.00012    0.0044   13.6   0.0   187   246     3    61     1    71 0.83 -
TRINITY_DN1876_c0_g1_i3:253-492    -             80 2639at3041           -            271    0.0059   13.2   0.0   1   1   0.00017    0.0063   13.1   0.0   187   246     1    59     1    69 0.83 -
TRINITY_DN21525_c0_g1_i1:27-338    -            104 2639at3041           -            271    0.0065   13.1   0.0   1   1    0.0002    0.0073   12.9   0.0   180   250    17    86     9    99 0.81 -
TRINITY_DN892_c0_g1_i1:284-424     -             47 2639at3041           -            271    0.0066   13.1   0.0   1   1   0.00018    0.0067   13.0   0.0   187   233     1    47     1    47 0.90 -
TRINITY_DN21747_c0_g1_i1:141-359   -             73 2639at3041           -            271    0.0073   12.9   0.0   1   1    0.0002    0.0076   12.9   0.0   159   220    10    71     3    73 0.78 -
TRINITY_DN2573_c0_g1_i3:21-212     -             64 2639at3041           -            271    0.0076   12.9   0.0   1   1    0.0002    0.0076   12.9   0.0   187   240     3    57     1    64 0.83 -
TRINITY_DN255_c0_g1_i3:763-1029    -             89 2639at3041           -            271     0.014   11.9   0.0   1   1   0.00042     0.016   11.8   0.0   201   246    22    67     4    73 0.89 -
TRINITY_DN255_c0_g1_i6:763-1029    -             89 2639at3041           -            271     0.014   11.9   0.0   1   1   0.00042     0.016   11.8   0.0   201   246    22    67     4    73 0.89 -
TRINITY_DN28637_c0_g1_i1:1-198     -             66 2639at3041           -            271     0.015   11.9   0.0   1   1    0.0004     0.015   11.9   0.0   188   224    28    64    17    66 0.83 -
TRINITY_DN1127_c0_g1_i4:578-1390   -            271 2639at3041           -            271     0.021   11.4   0.0   1   2    0.0034      0.13    8.8   0.0   197   235    20    58     2    70 0.76 -
TRINITY_DN1127_c0_g1_i4:578-1390   -            271 2639at3041           -            271     0.021   11.4   0.0   2   2       1.5        55    0.2   0.0   210   247   199   243   163   269 0.68 -
#
# Program:         hmmsearch
# Version:         3.2.1 (June 2018)
# Pipeline mode:   SEARCH
# Query file:      /sw/bioinfo/BUSCO/v5_lineage_sets/lineages/chlorophyta_odb10/hmms/2639at3041.hmm
# Target file:     /crex/proj/snic2022-23-81/expression_algae/code/busco/trinity_VA-3180-Osg11Pal/run_chlorophyta_odb10/metaeuk_output/initial_results/trinity_VA-3180-Osg11Pal.Trinity.fasta.modified.fas
# Option settings: hmmsearch --domtblout /crex/proj/snic2022-23-81/expression_algae/code/busco/trinity_VA-3180-Osg11Pal/run_chlorophyta_odb10/hmmer_output/initial_run_results/2639at3041.out --cpu 1 /sw/bioinfo/BUSCO/v5_lineage_sets/lineages/chlorophyta_odb10/hmms/2639at3041.hmm /crex/proj/snic2022-23-81/expression_algae/code/busco/trinity_VA-3180-Osg11Pal/run_chlorophyta_odb10/metaeuk_output/initial_results/trinity_VA-3180-Osg11Pal.Trinity.fasta.modified.fas 
# Current dir:     /crex/proj/snic2022-23-81/expression_algae/code/busco
# Date:            Fri Sep 23 10:12:11 2022
# [ok]
