#                                                                                          --- full sequence --- -------------- this domain -------------   hmm coord   ali coord   env coord
# target name                      accession   tlen query name           accession   qlen   E-value  score  bias   #  of  c-Evalue  i-Evalue  score  bias  from    to  from    to  from    to  acc description of target
#              ------------------- ---------- ----- -------------------- ---------- ----- --------- ------ ----- --- --- --------- --------- ------ ----- ----- ----- ----- ----- ----- ----- ---- ---------------------
TRINITY_DN1404_c0_g1_i1:8-889      -            294 2687at3041           -            235   3.6e-44  148.5   9.1   1   5   6.8e-07   1.9e-05   21.8   0.0    39    88     8    57     3    61 0.94 -
TRINITY_DN1404_c0_g1_i1:8-889      -            294 2687at3041           -            235   3.6e-44  148.5   9.1   2   5   8.8e-14   2.5e-12   44.3   0.1     1    88    54   141    54   145 0.96 -
TRINITY_DN1404_c0_g1_i1:8-889      -            294 2687at3041           -            235   3.6e-44  148.5   9.1   3   5   2.4e-14   6.7e-13   46.2   0.2     4    90    99   185    98   188 0.96 -
TRINITY_DN1404_c0_g1_i1:8-889      -            294 2687at3041           -            235   3.6e-44  148.5   9.1   4   5   2.1e-15   5.8e-14   49.6   0.3     1    95   138   232   138   235 0.95 -
TRINITY_DN1404_c0_g1_i1:8-889      -            294 2687at3041           -            235   3.6e-44  148.5   9.1   5   5   2.9e-05    0.0008   16.5   0.0     1    65   222   293   222   294 0.87 -
TRINITY_DN704_c0_g2_i1:7-600       -            198 2687at3041           -            235   3.6e-39  132.2   3.3   1   3   1.3e-12   3.6e-11   40.5   0.1    23    88     1    66     1    71 0.94 -
TRINITY_DN704_c0_g2_i1:7-600       -            198 2687at3041           -            235   3.6e-39  132.2   3.3   2   3   1.9e-20   5.2e-19   66.2   0.3     1    88    63   150    63   154 0.96 -
TRINITY_DN704_c0_g2_i1:7-600       -            198 2687at3041           -            235   3.6e-39  132.2   3.3   3   3   4.3e-11   1.2e-09   35.5   0.1    38    88   142   192   138   197 0.91 -
TRINITY_DN11421_c0_g3_i1:0-860     -            287 2687at3041           -            235   3.7e-33  112.5   3.4   1   2   6.5e-19   1.8e-17   61.1   1.0     1    87    11    97    11    99 0.97 -
TRINITY_DN11421_c0_g3_i1:0-860     -            287 2687at3041           -            235   3.7e-33  112.5   3.4   2   2   2.3e-16   6.5e-15   52.8   0.1     1   109    95   215    95   218 0.86 -
TRINITY_DN704_c0_g2_i4:41-601      -            187 2687at3041           -            235   1.1e-32  111.0   6.8   1   3   2.1e-05   0.00058   16.9   0.1    50    87     4    41     1    45 0.89 -
TRINITY_DN704_c0_g2_i4:41-601      -            187 2687at3041           -            235   1.1e-32  111.0   6.8   2   3   6.5e-16   1.8e-14   51.3   0.2     4    88    42   126    39   130 0.96 -
TRINITY_DN704_c0_g2_i4:41-601      -            187 2687at3041           -            235   1.1e-32  111.0   6.8   3   3   4.2e-18   1.2e-16   58.4   0.3     5    93    85   173    83   180 0.93 -
TRINITY_DN3704_c0_g5_i1:39-800     -            254 2687at3041           -            235   2.9e-32  109.6   8.3   1   3   1.5e-08   4.2e-07   27.2   0.0    34    86    48   100    37   104 0.92 -
TRINITY_DN3704_c0_g5_i1:39-800     -            254 2687at3041           -            235   2.9e-32  109.6   8.3   2   3   9.3e-17   2.6e-15   54.1   2.6     1    92    99   190    99   193 0.97 -
TRINITY_DN3704_c0_g5_i1:39-800     -            254 2687at3041           -            235   2.9e-32  109.6   8.3   3   3   8.9e-11   2.5e-09   34.5   0.2     6    72   188   254   185   254 0.95 -
TRINITY_DN38735_c0_g1_i1:103-1014  -            304 2687at3041           -            235   5.1e-31  105.5   5.7   1   2   1.5e-14   4.3e-13   46.8   3.3     1   108    59   176    59   185 0.88 -
TRINITY_DN38735_c0_g1_i1:103-1014  -            304 2687at3041           -            235   5.1e-31  105.5   5.7   2   2   5.3e-13   1.5e-11   41.8   0.0     1    88   190   285   190   292 0.85 -
TRINITY_DN55263_c0_g1_i1:644-1399  -            252 2687at3041           -            235   1.4e-28   97.5   5.8   1   3   6.6e-18   1.9e-16   57.8   0.4     1   108     5   122     5   129 0.91 -
TRINITY_DN55263_c0_g1_i1:644-1399  -            252 2687at3041           -            235   1.4e-28   97.5   5.8   2   3   1.2e-11   3.2e-10   37.4   0.0     1    96   131   228   131   231 0.87 -
TRINITY_DN55263_c0_g1_i1:644-1399  -            252 2687at3041           -            235   1.4e-28   97.5   5.8   3   3   2.5e-05   0.00071   16.6   1.0   148   206   188   251   186   252 0.80 -
TRINITY_DN46954_c0_g1_i1:78-881    -            268 2687at3041           -            235   9.7e-27   91.5   0.7   1   3   4.5e-17   1.3e-15   55.1   0.1     1    84     1    86     1   101 0.91 -
TRINITY_DN46954_c0_g1_i1:78-881    -            268 2687at3041           -            235   9.7e-27   91.5   0.7   2   3    0.0002    0.0057   13.7   0.0   149   205   104   160   100   162 0.63 -
TRINITY_DN46954_c0_g1_i1:78-881    -            268 2687at3041           -            235   9.7e-27   91.5   0.7   3   3   7.5e-06   0.00021   18.4   0.0   170   219   214   265   182   267 0.73 -
TRINITY_DN13529_c0_g2_i1:2580-3407 -            276 2687at3041           -            235   8.5e-26   88.4   9.2   1   4   0.00012    0.0034   14.4   0.2   181   212     5    36     1    44 0.86 -
TRINITY_DN13529_c0_g2_i1:2580-3407 -            276 2687at3041           -            235   8.5e-26   88.4   9.2   2   4   5.9e-06   0.00017   18.7   0.1     3    58    45   100    42   104 0.72 -
TRINITY_DN13529_c0_g2_i1:2580-3407 -            276 2687at3041           -            235   8.5e-26   88.4   9.2   3   4   3.1e-10   8.6e-09   32.7   0.1    10    77    94   162    88   176 0.92 -
TRINITY_DN13529_c0_g2_i1:2580-3407 -            276 2687at3041           -            235   8.5e-26   88.4   9.2   4   4   1.1e-08   3.2e-07   27.6   0.3     8    84   178   255   171   268 0.89 -
TRINITY_DN30715_c0_g1_i1:153-2012  -            620 2687at3041           -            235   9.5e-26   88.2   7.6   1   4     1e-05   0.00029   17.9   0.1     2    79    43   127    42   151 0.83 -
TRINITY_DN30715_c0_g1_i1:153-2012  -            620 2687at3041           -            235   9.5e-26   88.2   7.6   2   4   2.5e-06     7e-05   19.9   0.0     6    75   373   443   370   457 0.88 -
TRINITY_DN30715_c0_g1_i1:153-2012  -            620 2687at3041           -            235   9.5e-26   88.2   7.6   3   4   1.9e-08   5.3e-07   26.8   0.1     1    90   455   543   455   547 0.90 -
TRINITY_DN30715_c0_g1_i1:153-2012  -            620 2687at3041           -            235   9.5e-26   88.2   7.6   4   4   3.1e-08   8.7e-07   26.2   0.1     3    77   541   615   539   619 0.94 -
TRINITY_DN30792_c0_g1_i1:1-516     -            172 2687at3041           -            235   1.4e-25   87.7   1.2   1   2   1.4e-12   3.9e-11   40.4   0.1     5    93     9    98     5    98 0.92 -
TRINITY_DN30792_c0_g1_i1:1-516     -            172 2687at3041           -            235   1.4e-25   87.7   1.2   2   2   2.1e-16   5.8e-15   52.9   0.1     1   109    47   166    47   172 0.87 -
TRINITY_DN2245_c0_g1_i1:263-1063   -            267 2687at3041           -            235   8.6e-25   85.1   0.3   1   4       2.9        82    0.1   0.0    89   103    13    27     2    36 0.65 -
TRINITY_DN2245_c0_g1_i1:263-1063   -            267 2687at3041           -            235   8.6e-25   85.1   0.3   2   4   1.9e-11   5.4e-10   36.7   0.0     1    87    40   125    40   126 0.97 -
TRINITY_DN2245_c0_g1_i1:263-1063   -            267 2687at3041           -            235   8.6e-25   85.1   0.3   3   4   1.4e-09     4e-08   30.5   0.0    19    88    99   168    97   175 0.95 -
TRINITY_DN2245_c0_g1_i1:263-1063   -            267 2687at3041           -            235   8.6e-25   85.1   0.3   4   4     6e-09   1.7e-07   28.5   0.0    19    87   192   260   181   264 0.91 -
TRINITY_DN2245_c0_g1_i2:227-1027   -            267 2687at3041           -            235   8.6e-25   85.1   0.3   1   4       2.9        82    0.1   0.0    89   103    13    27     2    36 0.65 -
TRINITY_DN2245_c0_g1_i2:227-1027   -            267 2687at3041           -            235   8.6e-25   85.1   0.3   2   4   1.9e-11   5.4e-10   36.7   0.0     1    87    40   125    40   126 0.97 -
TRINITY_DN2245_c0_g1_i2:227-1027   -            267 2687at3041           -            235   8.6e-25   85.1   0.3   3   4   1.4e-09     4e-08   30.5   0.0    19    88    99   168    97   175 0.95 -
TRINITY_DN2245_c0_g1_i2:227-1027   -            267 2687at3041           -            235   8.6e-25   85.1   0.3   4   4     6e-09   1.7e-07   28.5   0.0    19    87   192   260   181   264 0.91 -
TRINITY_DN3190_c0_g1_i4:2-487      -            162 2687at3041           -            235   2.5e-24   83.6   3.8   1   2   5.5e-12   1.6e-10   38.4   0.2    23    86     1    64     1    66 0.97 -
TRINITY_DN3190_c0_g1_i4:2-487      -            162 2687at3041           -            235   2.5e-24   83.6   3.8   2   2   1.1e-14     3e-13   47.3   0.7     2    87    64   151    63   162 0.90 -
TRINITY_DN815_c0_g1_i1:260-1078    -            273 2687at3041           -            235   4.2e-24   82.8   3.4   1   3   3.7e-11     1e-09   35.7   0.3    11    97    16   107     4   107 0.85 -
TRINITY_DN815_c0_g1_i1:260-1078    -            273 2687at3041           -            235   4.2e-24   82.8   3.4   2   3   0.00037      0.01   12.8   0.0     1    33    95   127    95   143 0.83 -
TRINITY_DN815_c0_g1_i1:260-1078    -            273 2687at3041           -            235   4.2e-24   82.8   3.4   3   3   4.5e-12   1.2e-10   38.7   0.1     1   110   139   258   139   263 0.82 -
TRINITY_DN815_c0_g1_i2:217-1122    -            302 2687at3041           -            235   8.5e-24   81.8   4.6   1   3   2.7e-11   7.6e-10   36.2   0.3    11    97    16   107     4   108 0.85 -
TRINITY_DN815_c0_g1_i2:217-1122    -            302 2687at3041           -            235   8.5e-24   81.8   4.6   2   3   0.00043     0.012   12.6   0.0     1    33    95   127    95   143 0.83 -
TRINITY_DN815_c0_g1_i2:217-1122    -            302 2687at3041           -            235   8.5e-24   81.8   4.6   3   3   4.7e-12   1.3e-10   38.7   0.2     1   110   139   258   139   288 0.84 -
TRINITY_DN38193_c0_g1_i1:27-800    -            258 2687at3041           -            235   5.3e-22   76.0   6.7   1   4     0.013      0.35    7.8   0.1   185   211    25    51     7    59 0.76 -
TRINITY_DN38193_c0_g1_i1:27-800    -            258 2687at3041           -            235   5.3e-22   76.0   6.7   2   4   3.4e-14   9.4e-13   45.7   0.3     3    93    61   151    58   157 0.95 -
TRINITY_DN38193_c0_g1_i1:27-800    -            258 2687at3041           -            235   5.3e-22   76.0   6.7   3   4     0.027      0.76    6.7   0.0    57    82   157   182   150   190 0.84 -
TRINITY_DN38193_c0_g1_i1:27-800    -            258 2687at3041           -            235   5.3e-22   76.0   6.7   4   4   1.1e-05   0.00032   17.8   0.1     5    72   190   257   186   258 0.95 -
TRINITY_DN3190_c0_g1_i1:4-429      -            142 2687at3041           -            235   1.1e-21   74.9   2.3   1   2     9e-13   2.5e-11   41.0   0.3    20    86     4    70     1    72 0.94 -
TRINITY_DN3190_c0_g1_i1:4-429      -            142 2687at3041           -            235   1.1e-21   74.9   2.3   2   2   5.6e-11   1.6e-09   35.1   0.2     2    72    70   142    69   142 0.92 -
TRINITY_DN38495_c0_g1_i1:156-1028  -            291 2687at3041           -            235   6.1e-21   72.5   6.6   1   3   1.2e-19   3.2e-18   63.6   4.0     3   148     6   169     4   242 0.82 -
TRINITY_DN38495_c0_g1_i1:156-1028  -            291 2687at3041           -            235   6.1e-21   72.5   6.6   2   3     0.046       1.3    5.9   0.1    26    81   196   251   172   276 0.60 -
TRINITY_DN38495_c0_g1_i1:156-1028  -            291 2687at3041           -            235   6.1e-21   72.5   6.6   3   3       1.2        33    1.4   0.0    10    71   272   291   263   291 0.50 -
TRINITY_DN2654_c1_g5_i3:10-396     -            129 2687at3041           -            235     1e-20   71.7   2.6   1   2   7.7e-06   0.00022   18.3   0.1    42    75     1    34     1    48 0.88 -
TRINITY_DN2654_c1_g5_i3:10-396     -            129 2687at3041           -            235     1e-20   71.7   2.6   2   2   1.4e-16   3.9e-15   53.5   0.3     4    80    50   126    45   129 0.95 -
TRINITY_DN46066_c0_g1_i1:25-744    -            240 2687at3041           -            235   1.2e-20   71.6   8.4   1   4   0.00019    0.0052   13.8   0.2    43    86     3    46     1    47 0.69 -
TRINITY_DN46066_c0_g1_i1:25-744    -            240 2687at3041           -            235   1.2e-20   71.6   8.4   2   4   2.1e-13   5.9e-12   43.1   1.6     1   108    45   162    45   169 0.87 -
TRINITY_DN46066_c0_g1_i1:25-744    -            240 2687at3041           -            235   1.2e-20   71.6   8.4   3   4   0.00025     0.007   13.4   0.2     1    86   129   214   129   216 0.95 -
TRINITY_DN46066_c0_g1_i1:25-744    -            240 2687at3041           -            235   1.2e-20   71.6   8.4   4   4   2.7e-05   0.00075   16.5   0.0     1    27   213   239   213   240 0.96 -
TRINITY_DN2899_c0_g1_i1:143-379    -             79 2687at3041           -            235   1.9e-20   70.8   0.1   1   1     8e-22   2.2e-20   70.6   0.1     1    43    37    79    37    79 0.99 -
TRINITY_DN2654_c2_g2_i2:9-353      -            115 2687at3041           -            235   2.7e-20   70.4   0.8   1   2    0.0014      0.04   10.9   0.1    92   123     2    34     1    35 0.64 -
TRINITY_DN2654_c2_g2_i2:9-353      -            115 2687at3041           -            235   2.7e-20   70.4   0.8   2   2   4.1e-19   1.1e-17   61.8   0.2     1    87    27   113    26   114 0.98 -
TRINITY_DN13529_c0_g2_i2:2683-3414 -            244 2687at3041           -            235   7.5e-20   68.9   3.7   1   3   9.7e-06   0.00027   18.0   0.2   159   212    41    94    21   102 0.78 -
TRINITY_DN13529_c0_g2_i2:2683-3414 -            244 2687at3041           -            235   7.5e-20   68.9   3.7   2   3     1e-05   0.00029   17.9   0.0    47    85   105   143    93   147 0.67 -
TRINITY_DN13529_c0_g2_i2:2683-3414 -            244 2687at3041           -            235   7.5e-20   68.9   3.7   3   3   2.2e-10   6.2e-09   33.2   0.1    10    78   152   221   145   238 0.91 -
TRINITY_DN5213_c0_g1_i1:20-1561    -            514 2687at3041           -            235   1.6e-19   67.9   6.6   1   4      0.08       2.2    5.2   0.0   183   210   221   248   211   260 0.65 -
TRINITY_DN5213_c0_g1_i1:20-1561    -            514 2687at3041           -            235   1.6e-19   67.9   6.6   2   4   2.5e-13   7.1e-12   42.8   0.7     1   106   264   380   264   380 0.90 -
TRINITY_DN5213_c0_g1_i1:20-1561    -            514 2687at3041           -            235   1.6e-19   67.9   6.6   3   4   2.3e-11   6.4e-10   36.4   0.7     1    84   307   390   307   402 0.95 -
TRINITY_DN5213_c0_g1_i1:20-1561    -            514 2687at3041           -            235   1.6e-19   67.9   6.6   4   4       1.4        40    1.1   0.0    10    86   407   485   398   492 0.68 -
TRINITY_DN13529_c0_g1_i1:49-915    -            289 2687at3041           -            235   5.4e-19   66.1   4.8   1   3    0.0071       0.2    8.6   0.0    14    65    18    73     2    94 0.74 -
TRINITY_DN13529_c0_g1_i1:49-915    -            289 2687at3041           -            235   5.4e-19   66.1   4.8   2   3   8.1e-10   2.3e-08   31.3   0.1     1    86    96   181    96   183 0.97 -
TRINITY_DN13529_c0_g1_i1:49-915    -            289 2687at3041           -            235   5.4e-19   66.1   4.8   3   3   7.3e-09     2e-07   28.2   0.4     2    89   181   268   180   284 0.89 -
TRINITY_DN13529_c0_g1_i3:49-915    -            289 2687at3041           -            235   5.4e-19   66.1   4.8   1   3    0.0071       0.2    8.6   0.0    14    65    18    73     2    94 0.74 -
TRINITY_DN13529_c0_g1_i3:49-915    -            289 2687at3041           -            235   5.4e-19   66.1   4.8   2   3   8.1e-10   2.3e-08   31.3   0.1     1    86    96   181    96   183 0.97 -
TRINITY_DN13529_c0_g1_i3:49-915    -            289 2687at3041           -            235   5.4e-19   66.1   4.8   3   3   7.3e-09     2e-07   28.2   0.4     2    89   181   268   180   284 0.89 -
TRINITY_DN39367_c0_g1_i1:548-1411  -            288 2687at3041           -            235   6.5e-19   65.8   8.5   1   2   6.5e-12   1.8e-10   38.2   0.7     3    92     2    91     1   175 0.87 -
TRINITY_DN39367_c0_g1_i1:548-1411  -            288 2687at3041           -            235   6.5e-19   65.8   8.5   2   2   3.7e-12     1e-10   39.0   1.7     5   235    46   288    45   288 0.84 -
TRINITY_DN4736_c0_g1_i2:46-687     -            214 2687at3041           -            235   1.6e-18   64.5  14.7   1   3    0.0015     0.041   10.8   0.1    92   125     2    36     1    41 0.71 -
TRINITY_DN4736_c0_g1_i2:46-687     -            214 2687at3041           -            235   1.6e-18   64.5  14.7   2   3   3.5e-13   9.7e-12   42.4   1.0    17   109    41   139    27   143 0.84 -
TRINITY_DN4736_c0_g1_i2:46-687     -            214 2687at3041           -            235   1.6e-18   64.5  14.7   3   3   3.5e-06   9.9e-05   19.4   2.9    39   103   143   213   139   214 0.79 -
TRINITY_DN24929_c0_g1_i1:21-896    -            292 2687at3041           -            235   1.8e-18   64.4   7.9   1   4   0.00013    0.0036   14.3   0.1     1    76    12    89    12    94 0.86 -
TRINITY_DN24929_c0_g1_i1:21-896    -            292 2687at3041           -            235   1.8e-18   64.4   7.9   2   4   0.00088     0.025   11.6   0.1    18    86   119   200   106   203 0.69 -
TRINITY_DN24929_c0_g1_i1:21-896    -            292 2687at3041           -            235   1.8e-18   64.4   7.9   3   4   1.7e-08   4.7e-07   27.0   0.0     2    89   158   245   155   250 0.94 -
TRINITY_DN24929_c0_g1_i1:21-896    -            292 2687at3041           -            235   1.8e-18   64.4   7.9   4   4   6.5e-11   1.8e-09   34.9   0.2     1    90   199   288   199   291 0.97 -
TRINITY_DN719_c0_g1_i3:1589-2416   -            276 2687at3041           -            235   3.1e-18   63.6   3.8   1   3   1.1e-05   0.00032   17.8   0.0     5    85    10    90     6    93 0.90 -
TRINITY_DN719_c0_g1_i3:1589-2416   -            276 2687at3041           -            235   3.1e-18   63.6   3.8   2   3   2.2e-08     6e-07   26.7   0.3     3    74    92   163    90   169 0.94 -
TRINITY_DN719_c0_g1_i3:1589-2416   -            276 2687at3041           -            235   3.1e-18   63.6   3.8   3   3     3e-05   0.00084   16.4   0.1     1    72   203   276   203   276 0.91 -
TRINITY_DN719_c0_g1_i5:1589-2428   -            280 2687at3041           -            235   3.4e-18   63.5   3.8   1   3   1.2e-05   0.00033   17.7   0.0     5    85    14    94    10    97 0.90 -
TRINITY_DN719_c0_g1_i5:1589-2428   -            280 2687at3041           -            235   3.4e-18   63.5   3.8   2   3   2.2e-08   6.2e-07   26.6   0.3     3    74    96   167    94   173 0.94 -
TRINITY_DN719_c0_g1_i5:1589-2428   -            280 2687at3041           -            235   3.4e-18   63.5   3.8   3   3   3.1e-05   0.00086   16.4   0.1     1    72   207   280   207   280 0.91 -
TRINITY_DN3190_c0_g1_i2:20-304     -             95 2687at3041           -            235   8.8e-18   62.1   0.4   1   1   3.6e-19     1e-17   62.0   0.4     1    86     4    89     4    94 0.97 -
TRINITY_DN2654_c2_g2_i1:65-334     -             90 2687at3041           -            235   2.2e-17   60.9   0.3   1   1   9.3e-19   2.6e-17   60.6   0.3     1    87     2    88     2    89 0.97 -
TRINITY_DN53582_c0_g1_i1:199-1170  -            324 2687at3041           -            235   2.3e-17   60.8   0.1   1   3   4.5e-13   1.2e-11   42.0   0.0     1    87     9    95     9   107 0.91 -
TRINITY_DN53582_c0_g1_i1:199-1170  -            324 2687at3041           -            235   2.3e-17   60.8   0.1   2   3     9e-05    0.0025   14.8   0.2    20    86   164   230   145   247 0.79 -
TRINITY_DN53582_c0_g1_i1:199-1170  -            324 2687at3041           -            235   2.3e-17   60.8   0.1   3   3       5.8   1.6e+02   -0.9   0.0     2    28   285   311   284   317 0.75 -
TRINITY_DN15609_c0_g1_i1:33-698    -            222 2687at3041           -            235   3.7e-17   60.1   2.6   1   2   1.6e-12   4.6e-11   40.2   0.2     3   108    26   141    24   144 0.86 -
TRINITY_DN15609_c0_g1_i1:33-698    -            222 2687at3041           -            235   3.7e-17   60.1   2.6   2   2   1.1e-05   0.00031   17.8   0.2     1    71   150   222   150   222 0.91 -
TRINITY_DN51614_c0_g1_i1:4-252     -             83 2687at3041           -            235   1.1e-16   58.6   0.3   1   2   7.2e-08     2e-06   25.0   0.0    24    77     1    53     1    54 0.94 -
TRINITY_DN51614_c0_g1_i1:4-252     -             83 2687at3041           -            235   1.1e-16   58.6   0.3   2   2   1.2e-11   3.2e-10   37.4   0.0     1    65    19    83    19    83 0.98 -
TRINITY_DN4014_c0_g1_i1:202-1068   -            289 2687at3041           -            235   1.6e-16   58.0   2.0   1   4       2.1        58    0.5   0.0   187   212     8    33     3    41 0.78 -
TRINITY_DN4014_c0_g1_i1:202-1068   -            289 2687at3041           -            235   1.6e-16   58.0   2.0   2   4     1e-07   2.8e-06   24.5   0.2     4    86    42   125    39   126 0.95 -
TRINITY_DN4014_c0_g1_i1:202-1068   -            289 2687at3041           -            235   1.6e-16   58.0   2.0   3   4   1.4e-09     4e-08   30.5   0.1    11   108    91   202    87   204 0.80 -
TRINITY_DN4014_c0_g1_i1:202-1068   -            289 2687at3041           -            235   1.6e-16   58.0   2.0   4   4   0.00017    0.0047   13.9   0.0   152   205   187   240   183   254 0.63 -
TRINITY_DN4014_c0_g1_i2:202-1068   -            289 2687at3041           -            235   1.6e-16   58.0   2.0   1   4       2.1        58    0.5   0.0   187   212     8    33     3    41 0.78 -
TRINITY_DN4014_c0_g1_i2:202-1068   -            289 2687at3041           -            235   1.6e-16   58.0   2.0   2   4     1e-07   2.8e-06   24.5   0.2     4    86    42   125    39   126 0.95 -
TRINITY_DN4014_c0_g1_i2:202-1068   -            289 2687at3041           -            235   1.6e-16   58.0   2.0   3   4   1.4e-09     4e-08   30.5   0.1    11   108    91   202    87   204 0.80 -
TRINITY_DN4014_c0_g1_i2:202-1068   -            289 2687at3041           -            235   1.6e-16   58.0   2.0   4   4   0.00017    0.0047   13.9   0.0   152   205   187   240   183   254 0.63 -
TRINITY_DN25541_c0_g1_i1:1-600     -            200 2687at3041           -            235     2e-16   57.7   4.3   1   2   2.8e-06   7.9e-05   19.8   0.0     9    87    13    90    10    92 0.91 -
TRINITY_DN25541_c0_g1_i1:1-600     -            200 2687at3041           -            235     2e-16   57.7   4.3   2   2   1.6e-12   4.4e-11   40.2   2.0     1   103    88   200    88   200 0.86 -
TRINITY_DN2654_c1_g5_i1:177-521    -            115 2687at3041           -            235   3.6e-16   56.9   1.6   1   2   5.8e-06   0.00016   18.7   0.1    42    75     1    34     1    49 0.87 -
TRINITY_DN2654_c1_g5_i1:177-521    -            115 2687at3041           -            235   3.6e-16   56.9   1.6   2   2   1.3e-11   3.6e-10   37.2   0.1     5    68    51   114    47   115 0.96 -
TRINITY_DN4351_c0_g1_i1:79-429     -            117 2687at3041           -            235   6.8e-16   56.0   3.5   1   1   2.2e-16     6e-15   52.9   3.5     1   107     1   115     1   117 0.84 -
TRINITY_DN23601_c0_g1_i1:0-1241    -            414 2687at3041           -            235   2.4e-15   54.2   2.7   1   4     0.082       2.3    5.1   0.0   190   217   192   219   174   222 0.79 -
TRINITY_DN23601_c0_g1_i1:0-1241    -            414 2687at3041           -            235   2.4e-15   54.2   2.7   2   4   0.00049     0.014   12.4   0.6    38    74   222   259   195   269 0.72 -
TRINITY_DN23601_c0_g1_i1:0-1241    -            414 2687at3041           -            235   2.4e-15   54.2   2.7   3   4   1.3e-09   3.6e-08   30.7   0.0     1    74   273   349   273   355 0.86 -
TRINITY_DN23601_c0_g1_i1:0-1241    -            414 2687at3041           -            235   2.4e-15   54.2   2.7   4   4      0.17       4.9    4.1   0.0   168   208   366   407   358   411 0.75 -
TRINITY_DN15652_c0_g1_i2:211-1182  -            324 2687at3041           -            235   2.9e-15   53.9   2.1   1   3     0.068       1.9    5.4   0.1    87   127    34    75    23    86 0.81 -
TRINITY_DN15652_c0_g1_i2:211-1182  -            324 2687at3041           -            235   2.9e-15   53.9   2.1   2   3   2.1e-06     6e-05   20.1   0.0    23    76    96   149    80   199 0.82 -
TRINITY_DN15652_c0_g1_i2:211-1182  -            324 2687at3041           -            235   2.9e-15   53.9   2.1   3   3   2.3e-08   6.4e-07   26.6   0.0     6    95   210   301   206   313 0.86 -
TRINITY_DN46543_c0_g1_i1:1139-1594 -            152 2687at3041           -            235     5e-15   53.1   0.1   1   2   1.3e-13   3.6e-12   43.8   0.0     1    86    40   125    40   127 0.96 -
TRINITY_DN46543_c0_g1_i1:1139-1594 -            152 2687at3041           -            235     5e-15   53.1   0.1   2   2    0.0078      0.22    8.5   0.0     1    29   124   152   124   152 0.93 -
TRINITY_DN4919_c0_g1_i3:312-1544   -            411 2687at3041           -            235   1.6e-14   51.5   4.4   1   4   1.9e-05   0.00052   17.1   0.1     3    97    43   138    41   139 0.86 -
TRINITY_DN4919_c0_g1_i3:312-1544   -            411 2687at3041           -            235   1.6e-14   51.5   4.4   2   4   3.1e-08   8.8e-07   26.1   0.5     6    74   131   200   127   204 0.89 -
TRINITY_DN4919_c0_g1_i3:312-1544   -            411 2687at3041           -            235   1.6e-14   51.5   4.4   3   4     0.093       2.6    5.0   0.0    43    88   216   261   211   268 0.75 -
TRINITY_DN4919_c0_g1_i3:312-1544   -            411 2687at3041           -            235   1.6e-14   51.5   4.4   4   4      0.11       3.1    4.7   0.0   118   149   274   305   270   344 0.78 -
TRINITY_DN10137_c0_g1_i2:232-819   -            196 2687at3041           -            235   2.9e-14   50.6   0.6   1   2   7.8e-07   2.2e-05   21.6   0.2    25   108     3    96     1    98 0.60 -
TRINITY_DN10137_c0_g1_i2:232-819   -            196 2687at3041           -            235   2.9e-14   50.6   0.6   2   2   4.2e-10   1.2e-08   32.3   0.1   150   235    79   176    77   176 0.79 -
TRINITY_DN826_c0_g1_i1:0-1013      -            338 2687at3041           -            235   8.3e-14   49.1   5.3   1   3    0.0004     0.011   12.7   0.1    25    88    39   114    24   125 0.61 -
TRINITY_DN826_c0_g1_i1:0-1013      -            338 2687at3041           -            235   8.3e-14   49.1   5.3   2   3   4.3e-05    0.0012   15.9   0.2    44    87   124   167   115   173 0.82 -
TRINITY_DN826_c0_g1_i1:0-1013      -            338 2687at3041           -            235   8.3e-14   49.1   5.3   3   3   2.1e-07   5.9e-06   23.4   0.2     1    75   165   239   165   254 0.91 -
TRINITY_DN48646_c0_g1_i1:46-432    -            129 2687at3041           -            235   9.7e-14   48.9   0.2   1   2   3.4e-11   9.6e-10   35.8   0.1    15    88    17    95     2    98 0.79 -
TRINITY_DN48646_c0_g1_i1:46-432    -            129 2687at3041           -            235   9.7e-14   48.9   0.2   2   2   0.00013    0.0036   14.3   0.0     1    31    92   122    92   127 0.91 -
TRINITY_DN9405_c0_g1_i2:5-877      -            291 2687at3041           -            235   1.5e-13   48.3   0.2   1   1   2.2e-14   6.2e-13   46.3   0.2     1   118     5   134     5   138 0.83 -
TRINITY_DN56480_c0_g1_i1:164-991   -            276 2687at3041           -            235   1.7e-13   48.1   1.7   1   2   2.4e-07   6.6e-06   23.3   0.4     8    86    21    99    14   108 0.89 -
TRINITY_DN56480_c0_g1_i1:164-991   -            276 2687at3041           -            235   1.7e-13   48.1   1.7   2   2   1.8e-07   5.1e-06   23.6   0.0     1    70   205   275   205   276 0.92 -
TRINITY_DN11485_c0_g1_i1:5-412     -            136 2687at3041           -            235   3.1e-13   47.2   0.1   1   2   8.7e-09   2.4e-07   28.0   0.0     1    72     4    75     4    88 0.94 -
TRINITY_DN11485_c0_g1_i1:5-412     -            136 2687at3041           -            235   3.1e-13   47.2   0.1   2   2   1.7e-05   0.00048   17.2   0.0     1    43    92   134    92   136 0.88 -
TRINITY_DN2654_c2_g1_i1:41-340     -            100 2687at3041           -            235   3.4e-13   47.1   0.5   1   1   4.1e-14   1.2e-12   45.4   0.4     8    88     1    81     1    88 0.94 -
TRINITY_DN9405_c0_g1_i1:143-430    -             96 2687at3041           -            235     1e-12   45.6   0.0   1   1   4.1e-14   1.2e-12   45.4   0.0     1    87     7    93     7    96 0.96 -
TRINITY_DN1068_c0_g1_i6:647-1270   -            208 2687at3041           -            235   1.1e-12   45.4   1.1   1   3   0.00053     0.015   12.3   0.0     3    80     9    86     7    90 0.86 -
TRINITY_DN1068_c0_g1_i6:647-1270   -            208 2687at3041           -            235   1.1e-12   45.4   1.1   2   3   6.3e-08   1.8e-06   25.2   0.0     1   107    49   167    49   178 0.84 -
TRINITY_DN1068_c0_g1_i6:647-1270   -            208 2687at3041           -            235   1.1e-12   45.4   1.1   3   3     6e-06   0.00017   18.7   0.0     1    72   135   208   135   208 0.88 -
TRINITY_DN24852_c0_g1_i1:21-323    -            101 2687at3041           -            235   1.3e-12   45.2   5.9   1   1     1e-13   2.8e-12   44.1   5.9    17   104     4   101     1   101 0.88 -
TRINITY_DN53937_c0_g1_i1:498-1844  -            449 2687at3041           -            235   2.4e-12   44.4   1.4   1   5   4.4e-05    0.0012   15.8   0.1    59   108    81   140    66   158 0.73 -
TRINITY_DN53937_c0_g1_i1:498-1844  -            449 2687at3041           -            235   2.4e-12   44.4   1.4   2   5       1.5        42    1.0   0.0    87   124   171   207   153   212 0.68 -
TRINITY_DN53937_c0_g1_i1:498-1844  -            449 2687at3041           -            235   2.4e-12   44.4   1.4   3   5    0.0083      0.23    8.4   0.0    25    82   181   239   172   249 0.76 -
TRINITY_DN53937_c0_g1_i1:498-1844  -            449 2687at3041           -            235   2.4e-12   44.4   1.4   4   5      0.37        10    3.0   0.0     3    41   287   325   282   330 0.83 -
TRINITY_DN53937_c0_g1_i1:498-1844  -            449 2687at3041           -            235   2.4e-12   44.4   1.4   5   5   0.00066     0.019   12.0   0.0     3    35   330   362   328   384 0.83 -
TRINITY_DN34646_c0_g1_i1:119-772   -            218 2687at3041           -            235   4.4e-12   43.5   0.5   1   3       1.5        42    1.0   0.0   138   180    11    54     4    58 0.82 -
TRINITY_DN34646_c0_g1_i1:119-772   -            218 2687at3041           -            235   4.4e-12   43.5   0.5   2   3   6.3e-09   1.8e-07   28.4   0.0    19    75    72   129    68   141 0.91 -
TRINITY_DN34646_c0_g1_i1:119-772   -            218 2687at3041           -            235   4.4e-12   43.5   0.5   3   3    0.0016     0.044   10.7   0.1    35    73   177   215   153   217 0.84 -
TRINITY_DN4539_c0_g1_i2:1070-1732  -            221 2687at3041           -            235   6.5e-12   42.9   6.1   1   2   5.8e-10   1.6e-08   31.8   1.5    23   110     1    98     1   106 0.84 -
TRINITY_DN4539_c0_g1_i2:1070-1732  -            221 2687at3041           -            235   6.5e-12   42.9   6.1   2   2   0.00068     0.019   12.0   0.2   174   235   147   221   137   221 0.64 -
TRINITY_DN4539_c0_g1_i3:1075-1737  -            221 2687at3041           -            235   6.5e-12   42.9   6.1   1   2   5.8e-10   1.6e-08   31.8   1.5    23   110     1    98     1   106 0.84 -
TRINITY_DN4539_c0_g1_i3:1075-1737  -            221 2687at3041           -            235   6.5e-12   42.9   6.1   2   2   0.00068     0.019   12.0   0.2   174   235   147   221   137   221 0.64 -
TRINITY_DN23212_c0_g1_i1:46-339    -             98 2687at3041           -            235     7e-12   42.8   0.4   1   1   1.1e-12     3e-11   40.8   0.4    22   107     1    97     1    98 0.83 -
TRINITY_DN1068_c0_g1_i10:371-1126  -            252 2687at3041           -            235   1.2e-11   42.1   0.0   1   3     1e-07   2.8e-06   24.5   0.0     1   107     1   119     1   130 0.84 -
TRINITY_DN1068_c0_g1_i10:371-1126  -            252 2687at3041           -            235   1.2e-11   42.1   0.0   2   3   6.8e-07   1.9e-05   21.8   0.0     1    79    87   167    87   176 0.86 -
TRINITY_DN1068_c0_g1_i10:371-1126  -            252 2687at3041           -            235   1.2e-11   42.1   0.0   3   3       0.1       2.9    4.8   0.0    51    83   201   233   187   246 0.82 -
TRINITY_DN654_c0_g2_i1:22-324      -            101 2687at3041           -            235   1.6e-11   41.7   1.0   1   2    0.0091      0.25    8.3   0.1   125   147     4    26     1    28 0.56 -
TRINITY_DN654_c0_g2_i1:22-324      -            101 2687at3041           -            235   1.6e-11   41.7   1.0   2   2   5.2e-10   1.5e-08   32.0   0.1     1    72    30   101    30   101 0.99 -
TRINITY_DN654_c0_g2_i2:22-324      -            101 2687at3041           -            235   1.6e-11   41.7   1.0   1   2    0.0091      0.25    8.3   0.1   125   147     4    26     1    28 0.56 -
TRINITY_DN654_c0_g2_i2:22-324      -            101 2687at3041           -            235   1.6e-11   41.7   1.0   2   2   5.2e-10   1.5e-08   32.0   0.1     1    72    30   101    30   101 0.99 -
TRINITY_DN41130_c0_g1_i1:13-375    -            121 2687at3041           -            235   2.2e-11   41.2   0.4   1   3   1.5e-05   0.00042   17.4   0.1    42    87     3    48     1    54 0.75 -
TRINITY_DN41130_c0_g1_i1:13-375    -            121 2687at3041           -            235   2.2e-11   41.2   0.4   2   3   6.9e-06   0.00019   18.5   0.0   179   215    49    85    43    96 0.85 -
TRINITY_DN41130_c0_g1_i1:13-375    -            121 2687at3041           -            235   2.2e-11   41.2   0.4   3   3       0.2       5.6    3.9   0.0    84   103   102   121    91   121 0.67 -
TRINITY_DN2654_c1_g5_i2:77-355     -             93 2687at3041           -            235     4e-11   40.4   0.8   1   2   1.8e-10   5.2e-09   33.4   0.3    25    75     4    54     1    62 0.94 -
TRINITY_DN2654_c1_g5_i2:77-355     -             93 2687at3041           -            235     4e-11   40.4   0.8   2   2      0.04       1.1    6.2   0.0    39    68    64    92    54    93 0.83 -
TRINITY_DN24338_c0_g1_i1:1-735     -            245 2687at3041           -            235   6.1e-11   39.8   0.2   1   2      0.35       9.7    3.1   0.0    87   105    71    89    52    99 0.81 -
TRINITY_DN24338_c0_g1_i1:1-735     -            245 2687at3041           -            235   6.1e-11   39.8   0.2   2   2   4.1e-08   1.1e-06   25.8   0.0     2    85   148   234   147   239 0.84 -
TRINITY_DN1567_c0_g1_i1:117-719    -            201 2687at3041           -            235   1.3e-10   38.7   0.0   1   2       1.6        45    0.9   0.0    88   104    94   110    85   119 0.82 -
TRINITY_DN1567_c0_g1_i1:117-719    -            201 2687at3041           -            235   1.3e-10   38.7   0.0   2   2   3.9e-11   1.1e-09   35.6   0.0     1    72   122   201   122   201 0.88 -
TRINITY_DN719_c0_g1_i5:1982-2458   -            159 2687at3041           -            235   1.3e-10   38.7   0.1   1   2   3.6e-06    0.0001   19.4   0.0     4    85    23   104    20   106 0.90 -
TRINITY_DN719_c0_g1_i5:1982-2458   -            159 2687at3041           -            235   1.3e-10   38.7   0.1   2   2   9.5e-06   0.00027   18.0   0.1     3    48   106   151   104   156 0.91 -
TRINITY_DN1567_c0_g1_i2:215-892    -            226 2687at3041           -            235   1.8e-10   38.2   0.0   1   2       1.9        52    0.7   0.0    88   104   119   135   110   144 0.82 -
TRINITY_DN1567_c0_g1_i2:215-892    -            226 2687at3041           -            235   1.8e-10   38.2   0.0   2   2     5e-11   1.4e-09   35.3   0.0     1    72   147   226   147   226 0.88 -
TRINITY_DN39644_c0_g1_i1:101-1159  -            353 2687at3041           -            235   9.8e-10   35.8   0.5   1   2   6.3e-09   1.8e-07   28.4   0.3     4   119    29   155    26   244 0.82 -
TRINITY_DN39644_c0_g1_i1:101-1159  -            353 2687at3041           -            235   9.8e-10   35.8   0.5   2   2     0.083       2.3    5.1   0.0    81   114   249   282   242   307 0.76 -
TRINITY_DN24436_c0_g1_i1:47-265    -             73 2687at3041           -            235   1.6e-09   35.1   0.2   1   1   6.2e-11   1.7e-09   35.0   0.2     3    73     2    72     1    73 0.95 -
TRINITY_DN5900_c0_g3_i1:148-1062   -            305 2687at3041           -            235   3.6e-09   34.0   1.3   1   2     1e-06   2.9e-05   21.2   0.2     1   126    57   194    57   219 0.82 -
TRINITY_DN5900_c0_g3_i1:148-1062   -            305 2687at3041           -            235   3.6e-09   34.0   1.3   2   2    0.0019     0.054   10.5   0.1    56   204   237   294   193   303 0.62 -
TRINITY_DN23601_c0_g1_i3:0-1109    -            370 2687at3041           -            235   7.2e-09   33.0   1.1   1   3     0.071         2    5.3   0.0   190   217   192   219   174   222 0.79 -
TRINITY_DN23601_c0_g1_i3:0-1109    -            370 2687at3041           -            235   7.2e-09   33.0   1.1   2   3   5.9e-05    0.0016   15.4   0.3     1    74   227   305   227   311 0.73 -
TRINITY_DN23601_c0_g1_i3:0-1109    -            370 2687at3041           -            235   7.2e-09   33.0   1.1   3   3      0.15       4.2    4.3   0.0   168   208   322   363   314   367 0.75 -
TRINITY_DN9684_c0_g1_i2:230-943    -            238 2687at3041           -            235   1.8e-08   31.7   0.0   1   2   7.1e-06    0.0002   18.4   0.0    27   209     2   179     1   186 0.75 -
TRINITY_DN9684_c0_g1_i2:230-943    -            238 2687at3041           -            235   1.8e-08   31.7   0.0   2   2     0.031      0.87    6.5   0.0     1    29   210   238   210   238 0.89 -
TRINITY_DN23601_c0_g1_i2:21-311    -             97 2687at3041           -            235   3.4e-08   30.8   0.2   1   2   3.5e-07   9.8e-06   22.7   0.0    38    74     2    39     1    46 0.85 -
TRINITY_DN23601_c0_g1_i2:21-311    -             97 2687at3041           -            235   3.4e-08   30.8   0.2   2   2     0.027      0.77    6.7   0.0   168   206    56    95    48    97 0.75 -
TRINITY_DN45696_c0_g1_i1:149-1042  -            298 2687at3041           -            235   8.6e-08   29.5  11.9   1   2   2.8e-06   7.8e-05   19.8   1.6    39   106     2    85     1   134 0.80 -
TRINITY_DN45696_c0_g1_i1:149-1042  -            298 2687at3041           -            235   8.6e-08   29.5  11.9   2   2    0.0042      0.12    9.4   2.9    18   133   181   292   178   297 0.62 -
TRINITY_DN2593_c0_g1_i1:473-1312   -            280 2687at3041           -            235   1.1e-07   29.1   3.1   1   3     0.039       1.1    6.2   0.1   150   203     5    57     2    66 0.62 -
TRINITY_DN2593_c0_g1_i1:473-1312   -            280 2687at3041           -            235   1.1e-07   29.1   3.1   2   3     0.031      0.85    6.5   0.9   148   210    44   111    31   128 0.51 -
TRINITY_DN2593_c0_g1_i1:473-1312   -            280 2687at3041           -            235   1.1e-07   29.1   3.1   3   3   1.1e-05    0.0003   17.9   0.0     8    83   129   203   122   224 0.82 -
TRINITY_DN31496_c0_g1_i1:2851-3531 -            227 2687at3041           -            235   2.1e-07   28.2   0.6   1   2   2.3e-07   6.4e-06   23.3   0.2    10    87     4    79     1    90 0.83 -
TRINITY_DN31496_c0_g1_i1:2851-3531 -            227 2687at3041           -            235   2.1e-07   28.2   0.6   2   2      0.78        22    1.9   0.0     7    29   204   226   201   227 0.87 -
TRINITY_DN15436_c0_g2_i1:19-513    -            165 2687at3041           -            235   3.2e-07   27.6   2.9   1   2   1.9e-05   0.00053   17.0   0.9    43   113    24   103    18   120 0.65 -
TRINITY_DN15436_c0_g2_i1:19-513    -            165 2687at3041           -            235   3.2e-07   27.6   2.9   2   2   0.00054     0.015   12.3   0.4   154   222    85   158    80   163 0.40 -
TRINITY_DN53937_c0_g1_i2:498-1214  -            239 2687at3041           -            235   4.3e-07   27.2   0.0   1   3     0.043       1.2    6.1   0.0    59    82     6    29     2    41 0.84 -
TRINITY_DN53937_c0_g1_i2:498-1214  -            239 2687at3041           -            235   4.3e-07   27.2   0.0   2   3      0.15       4.2    4.3   0.0     3    41    77   115    72   120 0.83 -
TRINITY_DN53937_c0_g1_i2:498-1214  -            239 2687at3041           -            235   4.3e-07   27.2   0.0   3   3   0.00027    0.0075   13.3   0.0     3    36   120   153   118   174 0.83 -
TRINITY_DN48203_c0_g1_i1:167-733   -            189 2687at3041           -            235   2.2e-06   24.8   1.8   1   3   2.6e-05   0.00074   16.6   0.3    18    95     4    81     1    96 0.83 -
TRINITY_DN48203_c0_g1_i1:167-733   -            189 2687at3041           -            235   2.2e-06   24.8   1.8   2   3       1.2        34    1.3   0.0   212   234   120   142    78   143 0.62 -
TRINITY_DN48203_c0_g1_i1:167-733   -            189 2687at3041           -            235   2.2e-06   24.8   1.8   3   3     0.062       1.7    5.5   0.0    88   105   172   189   160   189 0.83 -
TRINITY_DN12415_c0_g1_i3:0-593     -            198 2687at3041           -            235   2.9e-06   24.5   0.1   1   1   2.3e-07   6.5e-06   23.3   0.1    15    89     8    82     2   177 0.76 -
TRINITY_DN24890_c0_g1_i2:0-1583    -            528 2687at3041           -            235     3e-06   24.4   0.1   1   2     0.083       2.3    5.1   0.0     9    86   129   203   123   209 0.81 -
TRINITY_DN24890_c0_g1_i2:0-1583    -            528 2687at3041           -            235     3e-06   24.4   0.1   2   2   2.4e-05   0.00068   16.7   0.0    25   104   267   353   243   376 0.55 -
TRINITY_DN24890_c0_g1_i1:0-1532    -            511 2687at3041           -            235   4.7e-06   23.8   0.1   1   2     0.082       2.3    5.1   0.0     9    86   129   203   123   208 0.81 -
TRINITY_DN24890_c0_g1_i1:0-1532    -            511 2687at3041           -            235   4.7e-06   23.8   0.1   2   2   3.4e-05   0.00095   16.2   0.0     1   104   268   336   234   359 0.57 -
TRINITY_DN28073_c0_g1_i2:31-1068   -            346 2687at3041           -            235   5.2e-06   23.6   2.0   1   2   0.00012    0.0032   14.5   0.7     1   107   136   215    95   258 0.54 -
TRINITY_DN28073_c0_g1_i2:31-1068   -            346 2687at3041           -            235   5.2e-06   23.6   2.0   2   2     0.031      0.86    6.5   0.0    53    74   259   280   239   284 0.81 -
TRINITY_DN31440_c0_g1_i1:21-1037   -            339 2687at3041           -            235     7e-06   23.2   0.2   1   2   0.00078     0.022   11.8   0.0     4   110    24   137    22   146 0.61 -
TRINITY_DN31440_c0_g1_i1:21-1037   -            339 2687at3041           -            235     7e-06   23.2   0.2   2   2     0.093       2.6    5.0   0.0    47    75   252   280   244   302 0.81 -
TRINITY_DN46834_c0_g1_i1:118-702   -            195 2687at3041           -            235     1e-05   22.6   0.2   1   3     0.063       1.8    5.5   0.0    90   113     9    32     2    49 0.56 -
TRINITY_DN46834_c0_g1_i1:118-702   -            195 2687at3041           -            235     1e-05   22.6   0.2   2   3     0.042       1.2    6.1   0.0    86   109    91   114    72   125 0.76 -
TRINITY_DN46834_c0_g1_i1:118-702   -            195 2687at3041           -            235     1e-05   22.6   0.2   3   3     0.018      0.51    7.3   0.1   191   235   141   195   126   195 0.55 -
TRINITY_DN32155_c0_g1_i1:194-895   -            234 2687at3041           -            235     1e-05   22.6   2.6   1   3         3        83    0.0   0.1    19   207    18    31     7    75 0.64 -
TRINITY_DN32155_c0_g1_i1:194-895   -            234 2687at3041           -            235     1e-05   22.6   2.6   2   3       5.5   1.5e+02   -0.8   0.0   126   137    67    78    56    86 0.61 -
TRINITY_DN32155_c0_g1_i1:194-895   -            234 2687at3041           -            235     1e-05   22.6   2.6   3   3   1.5e-06   4.3e-05   20.6   0.3     1   123    91   221    91   227 0.86 -
TRINITY_DN2106_c0_g1_i2:357-1031   -            225 2687at3041           -            235   1.6e-05   22.0   2.8   1   1   2.9e-05   0.00081   16.4   2.7    32    92    21    81     5   202 0.76 -
TRINITY_DN1934_c0_g1_i1:0-884      -            295 2687at3041           -            235   2.5e-05   21.4   0.2   1   2     0.016      0.45    7.4   0.0     4   104    32    58    28    88 0.68 -
TRINITY_DN1934_c0_g1_i1:0-884      -            295 2687at3041           -            235   2.5e-05   21.4   0.2   2   2   0.00094     0.026   11.5   0.4    46    90   175   217   166   260 0.74 -
TRINITY_DN5104_c0_g1_i1:149-631    -            161 2687at3041           -            235   3.1e-05   21.1   2.6   1   3       2.9        80    0.1   0.0    90   105     8    23     3    31 0.73 -
TRINITY_DN5104_c0_g1_i1:149-631    -            161 2687at3041           -            235   3.1e-05   21.1   2.6   2   3      0.02      0.57    7.1   0.2   172   215    63   106    55   121 0.79 -
TRINITY_DN5104_c0_g1_i1:149-631    -            161 2687at3041           -            235   3.1e-05   21.1   2.6   3   3   0.00057     0.016   12.2   0.1     1    39   122   160   122   161 0.89 -
TRINITY_DN1934_c0_g1_i2:0-1082     -            361 2687at3041           -            235   4.5e-05   20.6   0.2   1   2     0.022      0.61    7.0   0.0     4   104    32    58    28    88 0.68 -
TRINITY_DN1934_c0_g1_i2:0-1082     -            361 2687at3041           -            235   4.5e-05   20.6   0.2   2   2    0.0013     0.037   11.0   0.4    46    90   175   217   166   259 0.74 -
TRINITY_DN766_c0_g1_i4:26-3877     -           1284 2687at3041           -            235   5.5e-05   20.3   1.0   1   1   2.4e-05   0.00066   16.7   0.0    17    82   242   311   224   317 0.78 -
TRINITY_DN20013_c0_g1_i1:353-1819  -            489 2687at3041           -            235   8.4e-05   19.7   4.9   1   5    0.0084      0.23    8.4   0.0    52    75   163   186   148   199 0.82 -
TRINITY_DN20013_c0_g1_i1:353-1819  -            489 2687at3041           -            235   8.4e-05   19.7   4.9   2   5      0.17       4.8    4.1   0.0    42    74   216   249   201   253 0.60 -
TRINITY_DN20013_c0_g1_i1:353-1819  -            489 2687at3041           -            235   8.4e-05   19.7   4.9   3   5      0.25       6.9    3.6   0.1   189   205   297   314   277   322 0.69 -
TRINITY_DN20013_c0_g1_i1:353-1819  -            489 2687at3041           -            235   8.4e-05   19.7   4.9   4   5      0.36        10    3.0   0.0    89   106   299   316   295   336 0.66 -
TRINITY_DN20013_c0_g1_i1:353-1819  -            489 2687at3041           -            235   8.4e-05   19.7   4.9   5   5      0.72        20    2.1   0.1    88   109   349   370   323   380 0.75 -
TRINITY_DN3059_c0_g1_i1:827-1834   -            336 2687at3041           -            235   0.00018   18.6   3.1   1   4      0.28       7.9    3.4   0.1    43    75     1    33     1    60 0.76 -
TRINITY_DN3059_c0_g1_i1:827-1834   -            336 2687at3041           -            235   0.00018   18.6   3.1   2   4      0.68        19    2.1   0.0   165   206   138   179   121   188 0.74 -
TRINITY_DN3059_c0_g1_i1:827-1834   -            336 2687at3041           -            235   0.00018   18.6   3.1   3   4      0.02      0.57    7.1   0.0    41    73   197   229   185   236 0.80 -
TRINITY_DN3059_c0_g1_i1:827-1834   -            336 2687at3041           -            235   0.00018   18.6   3.1   4   4      0.52        14    2.5   0.0   150   177   267   294   259   333 0.70 -
TRINITY_DN10770_c0_g1_i2:207-896   -            230 2687at3041           -            235   0.00019   18.5   0.7   1   1   1.7e-05   0.00047   17.2   0.6    87   235    59   209    52   209 0.63 -
TRINITY_DN1068_c0_g1_i11:1158-1418 -             87 2687at3041           -            235   0.00027   18.0   0.1   1   1   4.7e-05    0.0013   15.7   0.1     3    81     4    82     2    85 0.87 -
TRINITY_DN53350_c0_g1_i1:3-1517    -            505 2687at3041           -            235   0.00028   18.0   1.0   1   3      0.29       8.1    3.3   0.0    88   111    26    49    13    59 0.78 -
TRINITY_DN53350_c0_g1_i1:3-1517    -            505 2687at3041           -            235   0.00028   18.0   1.0   2   3     0.055       1.5    5.7   0.2   175   208   113   147   105   190 0.61 -
TRINITY_DN53350_c0_g1_i1:3-1517    -            505 2687at3041           -            235   0.00028   18.0   1.0   3   3      0.12       3.3    4.6   0.0    44    74   235   265   218   279 0.65 -
TRINITY_DN521_c0_g1_i6:281-1830    -            478 2687at3041           -            235    0.0003   17.9   0.3   1   4       5.4   1.5e+02   -0.8   0.0   187   216    38    67    27    73 0.71 -
TRINITY_DN521_c0_g1_i6:281-1830    -            478 2687at3041           -            235    0.0003   17.9   0.3   2   4       1.2        33    1.3   0.0    13   105   118   136   105   161 0.54 -
TRINITY_DN521_c0_g1_i6:281-1830    -            478 2687at3041           -            235    0.0003   17.9   0.3   3   4      0.74        21    2.0   0.0    42   220   201   245   171   258 0.64 -
TRINITY_DN521_c0_g1_i6:281-1830    -            478 2687at3041           -            235    0.0003   17.9   0.3   4   4    0.0071       0.2    8.6   0.0     5    45   314   354   311   394 0.87 -
TRINITY_DN521_c0_g1_i1:281-1714    -            478 2687at3041           -            235    0.0003   17.9   0.3   1   4       5.4   1.5e+02   -0.8   0.0   187   216    38    67    27    73 0.71 -
TRINITY_DN521_c0_g1_i1:281-1714    -            478 2687at3041           -            235    0.0003   17.9   0.3   2   4       1.2        33    1.3   0.0    13   105   118   136   105   161 0.54 -
TRINITY_DN521_c0_g1_i1:281-1714    -            478 2687at3041           -            235    0.0003   17.9   0.3   3   4      0.74        21    2.0   0.0    42   220   201   245   171   258 0.64 -
TRINITY_DN521_c0_g1_i1:281-1714    -            478 2687at3041           -            235    0.0003   17.9   0.3   4   4    0.0071       0.2    8.6   0.0     5    45   314   354   311   395 0.88 -
TRINITY_DN43156_c0_g1_i1:62-457    -            132 2687at3041           -            235   0.00036   17.6   0.3   1   1   2.3e-05   0.00064   16.8   0.3    54   113    27    95    24    99 0.81 -
TRINITY_DN521_c0_g1_i8:147-1589    -            451 2687at3041           -            235   0.00036   17.6   0.2   1   3       1.1        31    1.4   0.0    13   105    91   109    78   134 0.54 -
TRINITY_DN521_c0_g1_i8:147-1589    -            451 2687at3041           -            235   0.00036   17.6   0.2   2   3      0.67        19    2.2   0.0    42   220   174   218   140   231 0.65 -
TRINITY_DN521_c0_g1_i8:147-1589    -            451 2687at3041           -            235   0.00036   17.6   0.2   3   3    0.0065      0.18    8.7   0.0     5    45   287   327   284   369 0.88 -
TRINITY_DN521_c0_g1_i9:281-1819    -            477 2687at3041           -            235   0.00038   17.5   0.4   1   4       5.4   1.5e+02   -0.8   0.0   187   216    38    67    27    73 0.71 -
TRINITY_DN521_c0_g1_i9:281-1819    -            477 2687at3041           -            235   0.00038   17.5   0.4   2   4       1.3        36    1.2   0.0    13   105   118   136   105   156 0.51 -
TRINITY_DN521_c0_g1_i9:281-1819    -            477 2687at3041           -            235   0.00038   17.5   0.4   3   4       2.3        63    0.4   0.0    38    74   195   231   188   239 0.78 -
TRINITY_DN521_c0_g1_i9:281-1819    -            477 2687at3041           -            235   0.00038   17.5   0.4   4   4    0.0071       0.2    8.6   0.0     5    45   313   353   310   394 0.88 -
TRINITY_DN12648_c0_g1_i1:950-2056  -            369 2687at3041           -            235   0.00055   17.0   0.9   1   4      0.16       4.4    4.2   0.0    88   114   101   127    85   133 0.79 -
TRINITY_DN12648_c0_g1_i1:950-2056  -            369 2687at3041           -            235   0.00055   17.0   0.9   2   4       3.2        89   -0.1   0.0   193   210   157   174   141   185 0.66 -
TRINITY_DN12648_c0_g1_i1:950-2056  -            369 2687at3041           -            235   0.00055   17.0   0.9   3   4     0.037         1    6.3   0.0    33    77   236   281   215   306 0.63 -
TRINITY_DN12648_c0_g1_i1:950-2056  -            369 2687at3041           -            235   0.00055   17.0   0.9   4   4       1.6        44    0.9   0.0   189   217   302   332   290   344 0.67 -
TRINITY_DN12898_c0_g2_i1:544-1290  -            249 2687at3041           -            235    0.0031   14.5   0.2   1   3       1.1        31    1.4   0.0    64    87    80   103    14   122 0.74 -
TRINITY_DN12898_c0_g2_i1:544-1290  -            249 2687at3041           -            235    0.0031   14.5   0.2   2   3       2.3        65    0.4   0.0   192   209   130   147   119   160 0.67 -
TRINITY_DN12898_c0_g2_i1:544-1290  -            249 2687at3041           -            235    0.0031   14.5   0.2   3   3    0.0062      0.17    8.8   0.0     3    77   164   244   162   248 0.54 -
TRINITY_DN54465_c0_g1_i1:1-750     -            250 2687at3041           -            235    0.0036   14.3   0.3   1   1   0.00056     0.016   12.2   0.1     3    68   183   246   181   250 0.78 -
TRINITY_DN31357_c0_g1_i1:35-985    -            317 2687at3041           -            235    0.0068   13.4   5.2   1   2       0.2       5.6    3.9   1.8    90   206   126   246    58   250 0.62 -
TRINITY_DN31357_c0_g1_i1:35-985    -            317 2687at3041           -            235    0.0068   13.4   5.2   2   2    0.0021     0.059   10.3   0.1    17    68   254   305   248   314 0.89 -
#
# Program:         hmmsearch
# Version:         3.2.1 (June 2018)
# Pipeline mode:   SEARCH
# Query file:      /sw/bioinfo/BUSCO/v5_lineage_sets/lineages/chlorophyta_odb10/hmms/2687at3041.hmm
# Target file:     /crex/proj/snic2022-23-81/expression_algae/code/busco/trinity_VA-3180-Osg11Pal/run_chlorophyta_odb10/metaeuk_output/initial_results/trinity_VA-3180-Osg11Pal.Trinity.fasta.modified.fas
# Option settings: hmmsearch --domtblout /crex/proj/snic2022-23-81/expression_algae/code/busco/trinity_VA-3180-Osg11Pal/run_chlorophyta_odb10/hmmer_output/initial_run_results/2687at3041.out --cpu 1 /sw/bioinfo/BUSCO/v5_lineage_sets/lineages/chlorophyta_odb10/hmms/2687at3041.hmm /crex/proj/snic2022-23-81/expression_algae/code/busco/trinity_VA-3180-Osg11Pal/run_chlorophyta_odb10/metaeuk_output/initial_results/trinity_VA-3180-Osg11Pal.Trinity.fasta.modified.fas 
# Current dir:     /crex/proj/snic2022-23-81/expression_algae/code/busco
# Date:            Fri Sep 23 10:12:13 2022
# [ok]
