#                                                                                         --- full sequence --- -------------- this domain -------------   hmm coord   ali coord   env coord
# target name                     accession   tlen query name           accession   qlen   E-value  score  bias   #  of  c-Evalue  i-Evalue  score  bias  from    to  from    to  from    to  acc description of target
#             ------------------- ---------- ----- -------------------- ---------- ----- --------- ------ ----- --- --- --------- --------- ------ ----- ----- ----- ----- ----- ----- ----- ---- ---------------------
TRINITY_DN23596_c0_g1_i1:280-1485 -            402 3022at3041           -            286   1.3e-42  143.7   0.3   1   2   4.1e-34   3.1e-31  106.3   0.3     3   157     2   176     1   203 0.75 -
TRINITY_DN23596_c0_g1_i1:280-1485 -            402 3022at3041           -            286   1.3e-42  143.7   0.3   2   2   3.9e-12   2.9e-09   34.2   0.0   203   284   306   398   233   400 0.61 -
TRINITY_DN46582_c0_g1_i1:373-1563 -            397 3022at3041           -            286     3e-31  106.4   1.3   1   2   8.9e-31   6.8e-28   95.4   0.4     4   130     1   149     1   157 0.79 -
TRINITY_DN46582_c0_g1_i1:373-1563 -            397 3022at3041           -            286     3e-31  106.4   1.3   2   2   0.00012     0.094    9.6   0.0   212   272   325   396   293   397 0.70 -
TRINITY_DN46582_c0_g1_i2:373-1575 -            401 3022at3041           -            286   3.2e-31  106.3   1.3   1   2   9.1e-31   6.9e-28   95.3   0.4     4   130     1   149     1   157 0.79 -
TRINITY_DN46582_c0_g1_i2:373-1575 -            401 3022at3041           -            286   3.2e-31  106.3   1.3   2   2   0.00013     0.096    9.5   0.0   212   272   329   400   297   401 0.70 -
TRINITY_DN50327_c0_g1_i1:25-294   -             90 3022at3041           -            286   8.5e-19   65.5   2.0   1   2   5.7e-08   4.3e-05   20.5   0.0     1    25    20    44    20    48 0.93 -
TRINITY_DN50327_c0_g1_i1:25-294   -             90 3022at3041           -            286   8.5e-19   65.5   2.0   2   2   2.6e-15   1.9e-12   44.6   0.8    20    50    60    90    49    90 0.93 -
#
# Program:         hmmsearch
# Version:         3.2.1 (June 2018)
# Pipeline mode:   SEARCH
# Query file:      /sw/bioinfo/BUSCO/v5_lineage_sets/lineages/chlorophyta_odb10/hmms/3022at3041.hmm
# Target file:     /crex/proj/snic2022-23-81/expression_algae/code/busco/trinity_VA-3180-Osg11Pal/run_chlorophyta_odb10/metaeuk_output/initial_results/trinity_VA-3180-Osg11Pal.Trinity.fasta.modified.fas
# Option settings: hmmsearch --domtblout /crex/proj/snic2022-23-81/expression_algae/code/busco/trinity_VA-3180-Osg11Pal/run_chlorophyta_odb10/hmmer_output/initial_run_results/3022at3041.out --cpu 1 /sw/bioinfo/BUSCO/v5_lineage_sets/lineages/chlorophyta_odb10/hmms/3022at3041.hmm /crex/proj/snic2022-23-81/expression_algae/code/busco/trinity_VA-3180-Osg11Pal/run_chlorophyta_odb10/metaeuk_output/initial_results/trinity_VA-3180-Osg11Pal.Trinity.fasta.modified.fas 
# Current dir:     /crex/proj/snic2022-23-81/expression_algae/code/busco
# Date:            Fri Sep 23 10:12:14 2022
# [ok]
