#                                                                                          --- full sequence --- -------------- this domain -------------   hmm coord   ali coord   env coord
# target name                      accession   tlen query name           accession   qlen   E-value  score  bias   #  of  c-Evalue  i-Evalue  score  bias  from    to  from    to  from    to  acc description of target
#              ------------------- ---------- ----- -------------------- ---------- ----- --------- ------ ----- --- --- --------- --------- ------ ----- ----- ----- ----- ----- ----- ----- ---- ---------------------
TRINITY_DN354_c0_g1_i2:86-1330     -            415 3137at3041           -            296   2.3e-50  168.8   0.0   1   2   1.5e-11   7.3e-10   35.9   0.0    16    66    50   103    24   105 0.87 -
TRINITY_DN354_c0_g1_i2:86-1330     -            415 3137at3041           -            296   2.3e-50  168.8   0.0   2   2   2.2e-40   1.1e-38  130.5   0.0    99   296   181   393   155   393 0.84 -
TRINITY_DN3125_c0_g1_i10:9-1262    -            418 3137at3041           -            296   6.3e-50  167.4   0.7   1   2     1e-11     5e-10   36.4   0.0    16    62    39    88    11   113 0.84 -
TRINITY_DN3125_c0_g1_i10:9-1262    -            418 3137at3041           -            296   6.3e-50  167.4   0.7   2   2   4.4e-40   2.2e-38  129.5   0.2   106   296   177   384   149   384 0.87 -
TRINITY_DN3125_c0_g1_i1:715-1935   -            407 3137at3041           -            296   1.1e-48  163.3   0.5   1   2   9.6e-09   4.7e-07   26.7   0.0    24    65     7    51     2    58 0.88 -
TRINITY_DN3125_c0_g1_i1:715-1935   -            407 3137at3041           -            296   1.1e-48  163.3   0.5   2   2   1.1e-41   5.2e-40  134.8   0.2   107   293   141   345   113   348 0.83 -
TRINITY_DN3125_c0_g1_i11:1411-2943 -            511 3137at3041           -            296     5e-48  161.2   0.2   1   2   5.1e-09   2.5e-07   27.6   0.0    18    62   149   196   139   200 0.90 -
TRINITY_DN3125_c0_g1_i11:1411-2943 -            511 3137at3041           -            296     5e-48  161.2   0.2   2   2   1.4e-40   6.8e-39  131.2   0.1   106   295   288   498   258   499 0.81 -
TRINITY_DN3125_c0_g1_i7:4-1422     -            473 3137at3041           -            296   8.1e-48  160.5   0.3   1   2   1.7e-10   8.4e-09   32.4   0.0    16    63    72   122    55   126 0.86 -
TRINITY_DN3125_c0_g1_i7:4-1422     -            473 3137at3041           -            296   8.1e-48  160.5   0.3   2   2   5.8e-39   2.8e-37  125.9   0.1   106   296   217   423   180   423 0.83 -
TRINITY_DN3125_c0_g1_i16:4-1713    -            570 3137at3041           -            296   1.7e-47  159.4   0.3   1   2   2.2e-10   1.1e-08   32.0   0.0    16    63   169   219   152   223 0.86 -
TRINITY_DN3125_c0_g1_i16:4-1713    -            570 3137at3041           -            296   1.7e-47  159.4   0.3   2   2   8.9e-39   4.3e-37  125.3   0.1   106   296   314   520   277   520 0.83 -
TRINITY_DN3125_c0_g1_i21:4-1635    -            544 3137at3041           -            296   1.2e-46  156.6   0.5   1   2   5.6e-09   2.7e-07   27.4   0.0    18    62   149   196   139   200 0.90 -
TRINITY_DN3125_c0_g1_i21:4-1635    -            544 3137at3041           -            296   1.2e-46  156.6   0.5   2   2   2.3e-39   1.1e-37  127.2   0.2   106   296   288   494   259   494 0.84 -
TRINITY_DN1405_c0_g2_i3:270-1337   -            356 3137at3041           -            296   2.7e-46  155.5   1.8   1   2   3.7e-09   1.8e-07   28.0   0.1    22    64    16    61     7    87 0.87 -
TRINITY_DN1405_c0_g2_i3:270-1337   -            356 3137at3041           -            296   2.7e-46  155.5   1.8   2   2   2.8e-39   1.3e-37  126.9   0.3   106   295   145   346   138   347 0.80 -
TRINITY_DN1405_c0_g2_i4:29-1144    -            372 3137at3041           -            296   2.9e-46  155.4   1.7   1   2   3.9e-09   1.9e-07   27.9   0.1    22    64    16    61     7    86 0.87 -
TRINITY_DN1405_c0_g2_i4:29-1144    -            372 3137at3041           -            296   2.9e-46  155.4   1.7   2   2   3.1e-39   1.5e-37  126.8   0.3   106   295   145   346   138   347 0.80 -
TRINITY_DN1034_c0_g1_i3:5-1201     -            399 3137at3041           -            296   3.8e-44  148.4   2.9   1   1   6.7e-42   3.3e-40  135.5   2.9    19   294    24   360    20   362 0.73 -
TRINITY_DN1405_c0_g2_i1:29-1039    -            337 3137at3041           -            296   2.4e-41  139.3   0.6   1   2   0.00081      0.04   10.5   0.0    42    64     4    26     2    53 0.89 -
TRINITY_DN1405_c0_g2_i1:29-1039    -            337 3137at3041           -            296   2.4e-41  139.3   0.6   2   2   2.4e-39   1.2e-37  127.1   0.3   106   295   110   311   103   312 0.80 -
TRINITY_DN354_c1_g1_i1:1-753       -            251 3137at3041           -            296   1.3e-39  133.5   0.0   1   1   3.5e-41   1.7e-39  133.1   0.0   106   292     6   205     2   209 0.83 -
TRINITY_DN1304_c1_g2_i3:1392-2522  -            377 3137at3041           -            296   2.6e-39  132.6   5.0   1   2   5.8e-08   2.8e-06   24.1   0.2    18    62    18    65    12   107 0.87 -
TRINITY_DN1304_c1_g2_i3:1392-2522  -            377 3137at3041           -            296   2.6e-39  132.6   5.0   2   2   3.7e-34   1.8e-32  110.1   0.7   106   290   154   356   145   363 0.78 -
TRINITY_DN3125_c0_g1_i17:4-918     -            305 3137at3041           -            296   1.6e-38  130.0   0.1   1   1   4.3e-40   2.1e-38  129.6   0.1   106   296    49   255    42   255 0.83 -
TRINITY_DN1094_c0_g1_i2:171-1319   -            383 3137at3041           -            296     1e-37  127.3   0.1   1   2   9.1e-09   4.4e-07   26.7   0.1    20    85    49   124    43   140 0.69 -
TRINITY_DN1094_c0_g1_i2:171-1319   -            383 3137at3041           -            296     1e-37  127.3   0.1   2   2   1.3e-30   6.2e-29   98.5   0.0   106   295   179   379   163   380 0.85 -
TRINITY_DN1094_c0_g1_i1:171-1394   -            408 3137at3041           -            296   1.3e-37  126.9   0.1   1   2     1e-08   5.1e-07   26.6   0.1    20    85    49   124    43   138 0.68 -
TRINITY_DN1094_c0_g1_i1:171-1394   -            408 3137at3041           -            296   1.3e-37  126.9   0.1   2   2   1.5e-30   7.4e-29   98.2   0.0   106   295   179   379   163   380 0.85 -
TRINITY_DN74_c0_g1_i5:197-1396     -            400 3137at3041           -            296   3.4e-36  122.3   1.5   1   2    0.0058      0.28    7.7   0.0    19    76    41   100    34   123 0.73 -
TRINITY_DN74_c0_g1_i5:197-1396     -            400 3137at3041           -            296   3.4e-36  122.3   1.5   2   2   2.7e-35   1.3e-33  113.8   0.4   106   295   172   374   149   375 0.86 -
TRINITY_DN74_c0_g1_i2:420-1607     -            396 3137at3041           -            296   3.8e-36  122.2   1.7   1   2    0.0057      0.28    7.7   0.0    19    76    37    96    30   119 0.73 -
TRINITY_DN74_c0_g1_i2:420-1607     -            396 3137at3041           -            296   3.8e-36  122.2   1.7   2   2   2.8e-35   1.3e-33  113.8   0.4   106   295   168   370   144   371 0.86 -
TRINITY_DN243_c0_g1_i1:344-2221    -            626 3137at3041           -            296   4.6e-36  121.9   3.9   1   4     7e-06   0.00034   17.3   0.0    16    62    16    65     5    74 0.82 -
TRINITY_DN243_c0_g1_i1:344-2221    -            626 3137at3041           -            296   4.6e-36  121.9   3.9   2   4       2.2   1.1e+02   -0.8   0.0   191   245    81   136    73   151 0.59 -
TRINITY_DN243_c0_g1_i1:344-2221    -            626 3137at3041           -            296   4.6e-36  121.9   3.9   3   4   0.00015    0.0073   12.9   0.3   107   143   157   193   120   222 0.80 -
TRINITY_DN243_c0_g1_i1:344-2221    -            626 3137at3041           -            296   4.6e-36  121.9   3.9   4   4     5e-28   2.4e-26   90.0   0.1   133   296   224   401   218   401 0.78 -
TRINITY_DN74_c0_g1_i3:42-1361      -            440 3137at3041           -            296   1.2e-35  120.5   0.2   1   2     0.023       1.1    5.7   0.0    21    69    83   134    76   165 0.77 -
TRINITY_DN74_c0_g1_i3:42-1361      -            440 3137at3041           -            296   1.2e-35  120.5   0.2   2   2   5.3e-35   2.6e-33  112.9   0.1   107   295   213   414   194   415 0.83 -
TRINITY_DN74_c0_g1_i1:42-1361      -            440 3137at3041           -            296   1.6e-35  120.1   0.4   1   2     0.023       1.1    5.7   0.0    21    69    83   134    76   165 0.77 -
TRINITY_DN74_c0_g1_i1:42-1361      -            440 3137at3041           -            296   1.6e-35  120.1   0.4   2   2   6.2e-35     3e-33  112.6   0.1   107   295   213   414   194   415 0.84 -
TRINITY_DN14713_c0_g1_i1:2-454     -            151 3137at3041           -            296   2.1e-33  113.1   9.1   1   2   2.3e-17   1.1e-15   54.9   0.3    27    69     2    47     1    51 0.90 -
TRINITY_DN14713_c0_g1_i1:2-454     -            151 3137at3041           -            296   2.1e-33  113.1   9.1   2   2   1.6e-18     8e-17   58.7   3.5    66   128    70   151    56   151 0.79 -
TRINITY_DN1304_c2_g1_i1:6-1457     -            484 3137at3041           -            296   9.7e-32  107.7   0.4   1   2     6e-09   2.9e-07   27.3   0.1    18    65    59   110    44   115 0.84 -
TRINITY_DN1304_c2_g1_i1:6-1457     -            484 3137at3041           -            296   9.7e-32  107.7   0.4   2   2   2.2e-24   1.1e-22   78.0   0.1   106   295   200   414   136   415 0.79 -
TRINITY_DN235_c0_g2_i1:18-2012     -            665 3137at3041           -            296     3e-30  102.8   0.2   1   2   0.00039     0.019   11.5   0.0    26    62   120   159   109   169 0.72 -
TRINITY_DN235_c0_g2_i1:18-2012     -            665 3137at3041           -            296     3e-30  102.8   0.2   2   2   1.1e-27   5.1e-26   88.9   0.1   108   293   257   460   220   463 0.80 -
TRINITY_DN5154_c0_g1_i2:323-1594   -            424 3137at3041           -            296   6.5e-30  101.7   0.0   1   2   1.8e-06   8.7e-05   19.2   0.0    25    60     2    40     1    49 0.88 -
TRINITY_DN5154_c0_g1_i2:323-1594   -            424 3137at3041           -            296   6.5e-30  101.7   0.0   2   2   4.8e-25   2.3e-23   80.2   0.0   107   285   133   325   125   337 0.75 -
TRINITY_DN5153_c0_g1_i2:73-1536    -            488 3137at3041           -            296   9.6e-30  101.1   1.9   1   2   7.1e-07   3.5e-05   20.5   0.2    24    64   122   165   117   212 0.80 -
TRINITY_DN5153_c0_g1_i2:73-1536    -            488 3137at3041           -            296   9.6e-30  101.1   1.9   2   2   1.4e-24   6.8e-23   78.7   0.2   106   295   251   456   180   457 0.85 -
TRINITY_DN1094_c0_g1_i6:131-910    -            260 3137at3041           -            296   1.4e-29  100.6   0.0   1   1   3.3e-31   1.6e-29  100.4   0.0   106   295    56   256    13   257 0.85 -
TRINITY_DN350_c0_g1_i8:85-1587     -            435 3137at3041           -            296   4.9e-28   95.5   1.0   1   2   3.2e-05    0.0015   15.1   0.0    18    63    53   101    45   130 0.84 -
TRINITY_DN350_c0_g1_i8:85-1587     -            435 3137at3041           -            296   4.9e-28   95.5   1.0   2   2   3.1e-24   1.5e-22   77.5   0.5   107   294   188   402   172   405 0.74 -
TRINITY_DN350_c0_g1_i5:85-1389     -            435 3137at3041           -            296   5.1e-28   95.5   0.9   1   2   3.4e-05    0.0017   15.0   0.0    18    63    53   101    45   128 0.85 -
TRINITY_DN350_c0_g1_i5:85-1389     -            435 3137at3041           -            296   5.1e-28   95.5   0.9   2   2   3.1e-24   1.5e-22   77.5   0.5   107   294   188   402   172   405 0.74 -
TRINITY_DN1337_c2_g1_i1:730-1800   -            357 3137at3041           -            296   1.8e-27   93.7   1.6   1   2   3.8e-05    0.0019   14.8   0.1    26    65     3    45     1    63 0.82 -
TRINITY_DN1337_c2_g1_i1:730-1800   -            357 3137at3041           -            296   1.8e-27   93.7   1.6   2   2   2.5e-24   1.2e-22   77.8   0.2   106   290   137   342    55   347 0.74 -
TRINITY_DN3125_c0_g1_i6:715-1359   -            215 3137at3041           -            296   9.7e-27   91.3   0.0   1   1   2.3e-28   1.1e-26   91.1   0.0   187   293    43   153     1   156 0.78 -
TRINITY_DN1094_c0_g1_i3:121-807    -            229 3137at3041           -            296   1.6e-26   90.6   0.0   1   1   3.7e-28   1.8e-26   90.4   0.0   109   295     3   200     1   201 0.83 -
TRINITY_DN1337_c2_g1_i4:730-1428   -            233 3137at3041           -            296   3.7e-23   79.5   0.1   1   1   1.6e-24   7.7e-23   78.5   0.1   106   290    13   218     6   223 0.75 -
TRINITY_DN1746_c0_g1_i1:135-1472   -            446 3137at3041           -            296     4e-23   79.4   3.2   1   2   0.00036     0.018   11.6   0.0    22    64   123   170   113   200 0.89 -
TRINITY_DN1746_c0_g1_i1:135-1472   -            446 3137at3041           -            296     4e-23   79.4   3.2   2   2   3.2e-21   1.5e-19   67.6   1.1   107   269   255   435   246   438 0.81 -
TRINITY_DN38095_c0_g1_i1:322-807   -            162 3137at3041           -            296   5.4e-23   79.0   0.2   1   1   1.3e-24   6.4e-23   78.7   0.2   195   294     1   104     1   106 0.89 -
TRINITY_DN3125_c0_g1_i4:0-860      -            287 3137at3041           -            296     7e-23   78.6   1.8   1   3   2.5e-09   1.2e-07   28.6   0.0    18    62    16    63    11    67 0.90 -
TRINITY_DN3125_c0_g1_i4:0-860      -            287 3137at3041           -            296     7e-23   78.6   1.8   2   3   0.00011    0.0054   13.3   0.1   106   132   153   179   118   185 0.88 -
TRINITY_DN3125_c0_g1_i4:0-860      -            287 3137at3041           -            296     7e-23   78.6   1.8   3   3   4.5e-11   2.2e-09   34.3   0.1   134   212   202   284   190   287 0.80 -
TRINITY_DN15876_c0_g2_i1:1-630     -            210 3137at3041           -            296     4e-20   69.6   0.0   1   1   9.7e-22   4.7e-20   69.3   0.0   106   252    47   208    20   210 0.79 -
TRINITY_DN350_c0_g1_i3:267-854     -            196 3137at3041           -            296     7e-20   68.8   0.4   1   1     7e-21   3.4e-19   66.5   0.4   192   294    47   166    20   169 0.79 -
TRINITY_DN350_c0_g1_i1:578-1207    -            210 3137at3041           -            296   8.7e-20   68.5   0.4   1   1   8.4e-21   4.1e-19   66.2   0.4   192   294    59   178    32   181 0.79 -
TRINITY_DN350_c0_g1_i2:665-1294    -            210 3137at3041           -            296   8.7e-20   68.5   0.4   1   1   8.4e-21   4.1e-19   66.2   0.4   192   294    59   178    32   181 0.79 -
TRINITY_DN13055_c0_g1_i1:29-703    -            225 3137at3041           -            296   2.2e-18   63.8   0.9   1   2   8.9e-11   4.3e-09   33.3   0.1    19    62    16    62    10   112 0.81 -
TRINITY_DN13055_c0_g1_i1:29-703    -            225 3137at3041           -            296   2.2e-18   63.8   0.9   2   2   1.7e-09   8.5e-08   29.1   0.1   105   160   154   213   143   219 0.83 -
TRINITY_DN15100_c0_g1_i1:56-643    -            196 3137at3041           -            296   2.2e-17   60.6   0.0   1   2   1.7e-09   8.2e-08   29.2   0.0    21    63     6    51     2    60 0.84 -
TRINITY_DN15100_c0_g1_i1:56-643    -            196 3137at3041           -            296   2.2e-17   60.6   0.0   2   2   1.3e-09   6.4e-08   29.5   0.0   106   157   140   195    74   196 0.88 -
TRINITY_DN947_c0_g1_i1:5-790       -            262 3137at3041           -            296   5.9e-17   59.2   0.0   1   1   1.5e-18   7.6e-17   58.8   0.0   194   292    92   195    47   199 0.82 -
TRINITY_DN1507_c0_g1_i4:619-1398   -            260 3137at3041           -            296   1.3e-16   58.0   0.4   1   2   5.8e-18   2.8e-16   56.9   0.0   223   292    46   118    40   122 0.86 -
TRINITY_DN1507_c0_g1_i4:619-1398   -            260 3137at3041           -            296   1.3e-16   58.0   0.4   2   2       5.1   2.5e+02   -2.0   0.1   200   227   185   212   183   224 0.61 -
TRINITY_DN1507_c0_g1_i7:529-1470   -            314 3137at3041           -            296     2e-16   57.5   0.4   1   2   8.1e-18     4e-16   56.4   0.0   223   292    70   142    64   146 0.86 -
TRINITY_DN1507_c0_g1_i7:529-1470   -            314 3137at3041           -            296     2e-16   57.5   0.4   2   2       6.9   3.4e+02   -2.4   0.1   200   226   209   235   207   247 0.61 -
TRINITY_DN1507_c0_g1_i2:352-1353   -            334 3137at3041           -            296   2.2e-16   57.3   0.4   1   2     9e-18   4.4e-16   56.3   0.0   223   292    90   162    84   166 0.86 -
TRINITY_DN1507_c0_g1_i2:352-1353   -            334 3137at3041           -            296   2.2e-16   57.3   0.4   2   2       7.5   3.7e+02   -2.5   0.1   200   226   229   255   227   267 0.61 -
TRINITY_DN1507_c0_g1_i3:529-1530   -            334 3137at3041           -            296   2.2e-16   57.3   0.4   1   2     9e-18   4.4e-16   56.3   0.0   223   292    90   162    84   166 0.86 -
TRINITY_DN1507_c0_g1_i3:529-1530   -            334 3137at3041           -            296   2.2e-16   57.3   0.4   2   2       7.5   3.7e+02   -2.5   0.1   200   226   229   255   227   267 0.61 -
TRINITY_DN1304_c1_g1_i3:29-1147    -            373 3137at3041           -            296   1.3e-14   51.5   0.8   1   2       1.4        67   -0.1   0.0    91   113    47    69    31    89 0.80 -
TRINITY_DN1304_c1_g1_i3:29-1147    -            373 3137at3041           -            296   1.3e-14   51.5   0.8   2   2   1.5e-15   7.5e-14   49.0   0.3   226   295   288   359   251   360 0.75 -
TRINITY_DN1304_c1_g1_i2:29-1243    -            405 3137at3041           -            296   8.9e-14   48.7   0.7   1   2       1.7        81   -0.4   0.0    91   113    47    69    31    85 0.80 -
TRINITY_DN1304_c1_g1_i2:29-1243    -            405 3137at3041           -            296   8.9e-14   48.7   0.7   2   2     1e-14     5e-13   46.3   0.3   226   294   288   358   251   360 0.75 -
TRINITY_DN2247_c0_g3_i4:43-1851    -            603 3137at3041           -            296   1.4e-12   44.8   1.2   1   3   2.8e-07   1.3e-05   21.9   0.1    20    65   279   327   268   332 0.84 -
TRINITY_DN2247_c0_g3_i4:43-1851    -            603 3137at3041           -            296   1.4e-12   44.8   1.2   2   3   0.00021      0.01   12.4   0.0   106   127   418   439   396   456 0.89 -
TRINITY_DN2247_c0_g3_i4:43-1851    -            603 3137at3041           -            296   1.4e-12   44.8   1.2   3   3    0.0067      0.32    7.5   0.1   132   169   505   543   495   572 0.73 -
TRINITY_DN7773_c0_g2_i1:2-460      -            153 3137at3041           -            296   1.1e-11   41.9   0.5   1   2   1.6e-07   7.6e-06   22.7   0.1    28    67     3    45     1    70 0.85 -
TRINITY_DN7773_c0_g2_i1:2-460      -            153 3137at3041           -            296   1.1e-11   41.9   0.5   2   2   4.1e-06    0.0002   18.0   0.1   106   126   133   153   110   153 0.86 -
TRINITY_DN40599_c0_g1_i1:184-639   -            152 3137at3041           -            296   1.4e-10   38.3   0.6   1   2   4.8e-09   2.3e-07   27.7   0.3    28    74     1    50     1    76 0.86 -
TRINITY_DN40599_c0_g1_i1:184-639   -            152 3137at3041           -            296   1.4e-10   38.3   0.6   2   2    0.0017     0.081    9.5   0.0   106   123   131   148   100   152 0.85 -
TRINITY_DN5153_c0_g1_i1:73-975     -            301 3137at3041           -            296   6.9e-10   35.9   3.3   1   2   3.1e-07   1.5e-05   21.7   0.2    24    64   122   165   116   214 0.79 -
TRINITY_DN5153_c0_g1_i1:73-975     -            301 3137at3041           -            296   6.9e-10   35.9   3.3   2   2   4.3e-05    0.0021   14.7   0.6   107   152   249   299   180   301 0.83 -
TRINITY_DN1034_c0_g1_i1:166-483    -            106 3137at3041           -            296     3e-09   33.8   0.1   1   1   6.6e-11   3.2e-09   33.8   0.1    28    66     1    42     1    92 0.75 -
TRINITY_DN1405_c0_g2_i6:89-484     -            132 3137at3041           -            296   5.6e-08   29.7   1.7   1   2   0.00017    0.0084   12.7   0.1    42    64     3    25     1    66 0.88 -
TRINITY_DN1405_c0_g2_i6:89-484     -            132 3137at3041           -            296   5.6e-08   29.7   1.7   2   2     1e-05   0.00049   16.7   0.2   106   128   109   131    99   132 0.91 -
TRINITY_DN3125_c0_g1_i8:167-478    -            104 3137at3041           -            296   6.8e-07   26.1   0.1   1   1     2e-08   9.5e-07   25.6   0.1    27    63     2    41     1    45 0.89 -
TRINITY_DN33490_c0_g1_i1:16-351    -            112 3137at3041           -            296   3.2e-06   23.9   0.1   1   2   1.3e-07   6.4e-06   22.9   0.1    28    63     3    41     1    75 0.86 -
TRINITY_DN33490_c0_g1_i1:16-351    -            112 3137at3041           -            296   3.2e-06   23.9   0.1   2   2       2.9   1.4e+02   -1.2   0.0    84   105    90   112    57   112 0.62 -
TRINITY_DN2396_c0_g1_i1:19-315     -             99 3137at3041           -            296   7.6e-06   22.7   0.1   1   1   1.9e-07   9.2e-06   22.4   0.1    28    62     1    38     1    47 0.88 -
TRINITY_DN2396_c0_g1_i2:19-315     -             99 3137at3041           -            296   7.6e-06   22.7   0.1   1   1   1.9e-07   9.2e-06   22.4   0.1    28    62     1    38     1    47 0.88 -
TRINITY_DN35074_c0_g1_i1:2-394     -            131 3137at3041           -            296   8.5e-06   22.5   0.1   1   2   4.6e-07   2.3e-05   21.1   0.1    31    63     1    36     1    40 0.89 -
TRINITY_DN35074_c0_g1_i1:2-394     -            131 3137at3041           -            296   8.5e-06   22.5   0.1   2   2       3.1   1.5e+02   -1.3   0.0   195   212    52    69    46   118 0.62 -
TRINITY_DN3696_c0_g1_i1:399-1244   -            282 3137at3041           -            296   0.00085   16.0   0.0   1   1   2.5e-05    0.0012   15.4   0.0    16    61    65   114    54   145 0.81 -
TRINITY_DN3696_c0_g1_i5:399-1229   -            277 3137at3041           -            296     0.017   11.7   0.0   1   1   0.00049     0.024   11.2   0.0    24    61    68   109    51   140 0.77 -
#
# Program:         hmmsearch
# Version:         3.2.1 (June 2018)
# Pipeline mode:   SEARCH
# Query file:      /sw/bioinfo/BUSCO/v5_lineage_sets/lineages/chlorophyta_odb10/hmms/3137at3041.hmm
# Target file:     /crex/proj/snic2022-23-81/expression_algae/code/busco/trinity_VA-3180-Osg11Pal/run_chlorophyta_odb10/metaeuk_output/initial_results/trinity_VA-3180-Osg11Pal.Trinity.fasta.modified.fas
# Option settings: hmmsearch --domtblout /crex/proj/snic2022-23-81/expression_algae/code/busco/trinity_VA-3180-Osg11Pal/run_chlorophyta_odb10/hmmer_output/initial_run_results/3137at3041.out --cpu 1 /sw/bioinfo/BUSCO/v5_lineage_sets/lineages/chlorophyta_odb10/hmms/3137at3041.hmm /crex/proj/snic2022-23-81/expression_algae/code/busco/trinity_VA-3180-Osg11Pal/run_chlorophyta_odb10/metaeuk_output/initial_results/trinity_VA-3180-Osg11Pal.Trinity.fasta.modified.fas 
# Current dir:     /crex/proj/snic2022-23-81/expression_algae/code/busco
# Date:            Fri Sep 23 10:12:13 2022
# [ok]
