#                                                                                        --- full sequence --- -------------- this domain -------------   hmm coord   ali coord   env coord
# target name                    accession   tlen query name           accession   qlen   E-value  score  bias   #  of  c-Evalue  i-Evalue  score  bias  from    to  from    to  from    to  acc description of target
#            ------------------- ---------- ----- -------------------- ---------- ----- --------- ------ ----- --- --- --------- --------- ------ ----- ----- ----- ----- ----- ----- ----- ---- ---------------------
TRINITY_DN13760_c0_g1_i1:2-754   -            251 3717at3041           -            494   7.2e-12   42.2   0.0   1   1   2.3e-14   9.8e-12   41.8   0.0   228   298    38   105    26   112 0.91 -
TRINITY_DN6656_c0_g1_i1:90-734   -            215 3717at3041           -            494   6.3e-11   39.1   0.0   1   1   1.8e-13   7.7e-11   38.8   0.0   224   303    19    95     8   135 0.92 -
TRINITY_DN652_c0_g1_i1:1356-2300 -            315 3717at3041           -            494   3.9e-07   26.6   0.0   1   1   1.2e-09   5.3e-07   26.1   0.0   224   337    40   157    35   177 0.75 -
TRINITY_DN652_c0_g1_i4:1356-2300 -            315 3717at3041           -            494   3.9e-07   26.6   0.0   1   1   1.2e-09   5.3e-07   26.1   0.0   224   337    40   157    35   177 0.75 -
TRINITY_DN652_c0_g1_i5:581-1525  -            315 3717at3041           -            494   3.9e-07   26.6   0.0   1   1   1.2e-09   5.3e-07   26.1   0.0   224   337    40   157    35   177 0.75 -
TRINITY_DN652_c0_g1_i2:1491-2156 -            222 3717at3041           -            494   7.5e-06   22.3   0.0   1   1   2.1e-08     9e-06   22.1   0.0   230   338     1   113     1   133 0.74 -
TRINITY_DN3113_c0_g2_i1:303-1178 -            292 3717at3041           -            494   0.00011   18.5   5.2   1   1   2.7e-06    0.0012   15.1   5.2   223   398    25   186    10   251 0.78 -
#
# Program:         hmmsearch
# Version:         3.2.1 (June 2018)
# Pipeline mode:   SEARCH
# Query file:      /sw/bioinfo/BUSCO/v5_lineage_sets/lineages/chlorophyta_odb10/hmms/3717at3041.hmm
# Target file:     /crex/proj/snic2022-23-81/expression_algae/code/busco/trinity_VA-3180-Osg11Pal/run_chlorophyta_odb10/metaeuk_output/initial_results/trinity_VA-3180-Osg11Pal.Trinity.fasta.modified.fas
# Option settings: hmmsearch --domtblout /crex/proj/snic2022-23-81/expression_algae/code/busco/trinity_VA-3180-Osg11Pal/run_chlorophyta_odb10/hmmer_output/initial_run_results/3717at3041.out --cpu 1 /sw/bioinfo/BUSCO/v5_lineage_sets/lineages/chlorophyta_odb10/hmms/3717at3041.hmm /crex/proj/snic2022-23-81/expression_algae/code/busco/trinity_VA-3180-Osg11Pal/run_chlorophyta_odb10/metaeuk_output/initial_results/trinity_VA-3180-Osg11Pal.Trinity.fasta.modified.fas 
# Current dir:     /crex/proj/snic2022-23-81/expression_algae/code/busco
# Date:            Fri Sep 23 10:12:13 2022
# [ok]
