#                                                                                         --- full sequence --- -------------- this domain -------------   hmm coord   ali coord   env coord
# target name                     accession   tlen query name           accession   qlen   E-value  score  bias   #  of  c-Evalue  i-Evalue  score  bias  from    to  from    to  from    to  acc description of target
#             ------------------- ---------- ----- -------------------- ---------- ----- --------- ------ ----- --- --- --------- --------- ------ ----- ----- ----- ----- ----- ----- ----- ---- ---------------------
TRINITY_DN49308_c0_g1_i1:63-671   -            203 4423at3041           -            240     1e-99  330.3   1.3   1   1  1.9e-102   1.1e-99  330.1   1.3    57   240     1   199     1   199 0.96 -
TRINITY_DN4374_c0_g1_i1:56-910    -            285 4423at3041           -            240   2.7e-89  296.1   1.5   1   1   5.6e-92   3.4e-89  295.8   1.5    17   240    45   284    30   284 0.92 -
TRINITY_DN467_c0_g1_i1:50-1274    -            382 4423at3041           -            240   1.4e-10   38.4   4.0   1   2     0.041        25    1.6   0.1   122   155    22    55    17    77 0.82 -
TRINITY_DN467_c0_g1_i1:50-1274    -            382 4423at3041           -            240   1.4e-10   38.4   4.0   2   2   7.4e-13   4.5e-10   36.8   1.3    77   176    81   189    71   201 0.86 -
TRINITY_DN467_c0_g1_i2:50-1195    -            382 4423at3041           -            240   1.4e-10   38.4   4.0   1   2     0.041        25    1.6   0.1   122   155    22    55    17    77 0.82 -
TRINITY_DN467_c0_g1_i2:50-1195    -            382 4423at3041           -            240   1.4e-10   38.4   4.0   2   2   7.4e-13   4.5e-10   36.8   1.3    77   176    81   189    71   201 0.86 -
TRINITY_DN5351_c0_g2_i2:1052-2569 -            506 4423at3041           -            240   1.2e-08   32.1   0.0   1   2   3.7e-10   2.2e-07   27.9   0.1    18   194   192   380   177   398 0.76 -
TRINITY_DN5351_c0_g2_i2:1052-2569 -            506 4423at3041           -            240   1.2e-08   32.1   0.0   2   2     0.041        25    1.6   0.0   218   233   478   493   457   501 0.80 -
#
# Program:         hmmsearch
# Version:         3.2.1 (June 2018)
# Pipeline mode:   SEARCH
# Query file:      /sw/bioinfo/BUSCO/v5_lineage_sets/lineages/chlorophyta_odb10/hmms/4423at3041.hmm
# Target file:     /crex/proj/snic2022-23-81/expression_algae/code/busco/trinity_VA-3180-Osg11Pal/run_chlorophyta_odb10/metaeuk_output/initial_results/trinity_VA-3180-Osg11Pal.Trinity.fasta.modified.fas
# Option settings: hmmsearch --domtblout /crex/proj/snic2022-23-81/expression_algae/code/busco/trinity_VA-3180-Osg11Pal/run_chlorophyta_odb10/hmmer_output/initial_run_results/4423at3041.out --cpu 1 /sw/bioinfo/BUSCO/v5_lineage_sets/lineages/chlorophyta_odb10/hmms/4423at3041.hmm /crex/proj/snic2022-23-81/expression_algae/code/busco/trinity_VA-3180-Osg11Pal/run_chlorophyta_odb10/metaeuk_output/initial_results/trinity_VA-3180-Osg11Pal.Trinity.fasta.modified.fas 
# Current dir:     /crex/proj/snic2022-23-81/expression_algae/code/busco
# Date:            Fri Sep 23 10:12:14 2022
# [ok]
