#                                                                                          --- full sequence --- -------------- this domain -------------   hmm coord   ali coord   env coord
# target name                      accession   tlen query name           accession   qlen   E-value  score  bias   #  of  c-Evalue  i-Evalue  score  bias  from    to  from    to  from    to  acc description of target
#              ------------------- ---------- ----- -------------------- ---------- ----- --------- ------ ----- --- --- --------- --------- ------ ----- ----- ----- ----- ----- ----- ----- ---- ---------------------
TRINITY_DN543_c0_g2_i1:762-1529    -            256 4693at3041           -            342   1.1e-22   77.7   0.0   1   1   1.4e-23   1.2e-22   77.6   0.0     7   199     1   204     1   239 0.88 -
TRINITY_DN4544_c0_g1_i2:259-1044   -            262 4693at3041           -            342   3.1e-22   76.2   0.0   1   2   2.2e-21     2e-20   70.3   0.0     7   197     5   208     1   216 0.81 -
TRINITY_DN4544_c0_g1_i2:259-1044   -            262 4693at3041           -            342   3.1e-22   76.2   0.0   2   2       0.3       2.7    4.1   0.0   186   227   217   258   211   262 0.82 -
TRINITY_DN11646_c0_g1_i1:16-960    -            315 4693at3041           -            342   5.2e-21   72.2   0.0   1   1   8.2e-22   7.3e-21   71.7   0.0     8   196    73   261    67   272 0.89 -
TRINITY_DN4304_c0_g1_i1:151-837    -            229 4693at3041           -            342   6.2e-21   71.9   0.0   1   1   8.2e-22   7.3e-21   71.7   0.0     6   194     4   214     1   227 0.81 -
TRINITY_DN2980_c0_g1_i3:122-907    -            262 4693at3041           -            342     1e-20   71.2   0.0   1   1   1.4e-21   1.2e-20   71.0   0.0     6   190     7   199     2   239 0.82 -
TRINITY_DN2687_c0_g4_i3:235-879    -            215 4693at3041           -            342   1.6e-20   70.6   0.0   1   1   2.4e-21   2.2e-20   70.1   0.0     6   169    16   183    12   192 0.78 -
TRINITY_DN543_c0_g2_i5:756-1529    -            258 4693at3041           -            342   2.1e-20   70.2   0.0   1   1   2.8e-21   2.5e-20   69.9   0.0     8   199     3   204     2   239 0.86 -
TRINITY_DN2980_c0_g1_i4:119-902    -            235 4693at3041           -            342   2.4e-20   70.0   0.0   1   1   3.5e-21   3.1e-20   69.6   0.0     6   189     8   197     3   215 0.82 -
TRINITY_DN8970_c0_g1_i1:325-990    -            222 4693at3041           -            342   5.8e-20   68.8   0.0   1   1   8.1e-21   7.2e-20   68.4   0.0     4   191     4   204     2   213 0.88 -
TRINITY_DN11182_c0_g1_i2:1179-2063 -            295 4693at3041           -            342   2.1e-19   66.9   0.1   1   1   5.9e-20   5.3e-19   65.6   0.1     8   170    19   186    12   254 0.81 -
TRINITY_DN11182_c0_g1_i1:1179-2063 -            295 4693at3041           -            342   3.9e-19   66.0   0.2   1   1   1.1e-19   9.7e-19   64.7   0.2     8   170    19   186    12   255 0.82 -
TRINITY_DN2687_c0_g3_i2:209-1045   -            279 4693at3041           -            342   6.3e-19   65.4   0.0   1   1   1.1e-19   9.5e-19   64.8   0.0     9   170    19   184    11   243 0.81 -
TRINITY_DN4290_c0_g1_i1:276-1172   -            299 4693at3041           -            342     7e-19   65.2   0.0   1   1   9.7e-20   8.6e-19   64.9   0.0     4   194     9   209     6   238 0.83 -
TRINITY_DN1255_c0_g1_i3:83-907     -            275 4693at3041           -            342   1.3e-18   64.3   0.0   1   1   7.4e-19   6.6e-18   62.0   0.0    14   204    19   228     7   249 0.73 -
TRINITY_DN1933_c0_g1_i2:4-900      -            299 4693at3041           -            342   1.4e-18   64.2   0.0   1   1   1.9e-19   1.7e-18   63.9   0.0     8   196     3   199     1   236 0.77 -
TRINITY_DN543_c0_g2_i3:61-621      -            187 4693at3041           -            342   2.2e-18   63.6   0.0   1   1   2.9e-19   2.6e-18   63.3   0.0     8   182     3   187     2   187 0.89 -
TRINITY_DN7648_c1_g7_i1:228-1085   -            286 4693at3041           -            342   7.9e-18   61.7   0.0   1   1   3.9e-18   3.5e-17   59.6   0.0    10   213    13   235     4   265 0.74 -
TRINITY_DN1255_c0_g1_i2:395-1144   -            250 4693at3041           -            342   8.6e-18   61.6   0.0   1   1   5.6e-18     5e-17   59.1   0.0    44   202    25   201     2   210 0.70 -
TRINITY_DN6948_c1_g8_i1:210-730    -            172 4693at3041           -            342   1.4e-17   60.9   0.0   1   1   1.9e-18   1.7e-17   60.6   0.0    47   193     3   160     1   166 0.80 -
TRINITY_DN23844_c0_g1_i1:260-922   -            221 4693at3041           -            342   1.4e-17   60.9   0.0   1   1   1.8e-18   1.6e-17   60.7   0.0     7   207    12   220     6   221 0.84 -
TRINITY_DN1255_c0_g1_i1:8-910      -            301 4693at3041           -            342   2.6e-17   60.1   0.0   1   1   1.3e-17   1.1e-16   58.0   0.0    44   172    25   155     2   208 0.70 -
TRINITY_DN632_c0_g1_i1:177-740     -            188 4693at3041           -            342   3.8e-17   59.5   0.0   1   1   5.6e-18     5e-17   59.1   0.0    77   195     2   124     1   168 0.89 -
TRINITY_DN858_c1_g1_i2:322-1239    -            306 4693at3041           -            342   4.8e-17   59.2   0.1   1   2     7e-17   6.2e-16   55.5   0.0     6   194     7   202     1   231 0.76 -
TRINITY_DN858_c1_g1_i2:322-1239    -            306 4693at3041           -            342   4.8e-17   59.2   0.1   2   2       1.4        12    1.9   0.0   200   252   235   292   224   301 0.62 -
TRINITY_DN1490_c0_g1_i3:234-1232   -            333 4693at3041           -            342   5.2e-17   59.0   0.0   1   2   2.1e-14   1.9e-13   47.3   0.0     7   141     5   136     3   143 0.92 -
TRINITY_DN1490_c0_g1_i3:234-1232   -            333 4693at3041           -            342   5.2e-17   59.0   0.0   2   2     0.007     0.062    9.5   0.0   157   195   232   271   219   284 0.87 -
TRINITY_DN1490_c0_g1_i5:234-1232   -            333 4693at3041           -            342   5.2e-17   59.0   0.0   1   2   2.1e-14   1.9e-13   47.3   0.0     7   141     5   136     3   143 0.92 -
TRINITY_DN1490_c0_g1_i5:234-1232   -            333 4693at3041           -            342   5.2e-17   59.0   0.0   2   2     0.007     0.062    9.5   0.0   157   195   232   271   219   284 0.87 -
TRINITY_DN14338_c0_g1_i2:171-1499  -            443 4693at3041           -            342   6.3e-17   58.8   0.0   1   1   1.3e-17   1.1e-16   57.9   0.0     9   219     4   223     2   251 0.82 -
TRINITY_DN656_c0_g3_i3:660-1277    -            206 4693at3041           -            342   6.4e-17   58.7   0.0   1   1   8.8e-18   7.8e-17   58.5   0.0     7   186    12   197     6   205 0.82 -
TRINITY_DN1041_c0_g1_i1:620-1927   -            436 4693at3041           -            342   8.4e-17   58.4   0.0   1   1   1.5e-17   1.3e-16   57.7   0.0     9   217     1   218     1   246 0.81 -
TRINITY_DN1041_c0_g1_i2:620-1927   -            436 4693at3041           -            342   8.4e-17   58.4   0.0   1   1   1.5e-17   1.3e-16   57.7   0.0     9   217     1   218     1   246 0.81 -
TRINITY_DN858_c1_g1_i3:322-1221    -            300 4693at3041           -            342     1e-16   58.1   0.1   1   2   1.6e-16   1.4e-15   54.4   0.0     8   194     3   196     1   225 0.76 -
TRINITY_DN858_c1_g1_i3:322-1221    -            300 4693at3041           -            342     1e-16   58.1   0.1   2   2       1.3        12    2.0   0.0   200   252   229   286   219   295 0.62 -
TRINITY_DN656_c0_g3_i4:367-1164    -            266 4693at3041           -            342     1e-16   58.1   0.0   1   1   1.5e-17   1.3e-16   57.7   0.0     7   189    12   200     6   213 0.82 -
TRINITY_DN38886_c0_g1_i1:0-944     -            207 4693at3041           -            342   1.1e-16   58.0   0.0   1   1   1.4e-17   1.3e-16   57.8   0.0     7   194    13   207     7   207 0.83 -
TRINITY_DN2049_c0_g1_i2:2-793      -            264 4693at3041           -            342   1.7e-16   57.3   0.0   1   1   2.4e-17   2.1e-16   57.0   0.0    43   195     2   157     1   168 0.88 -
TRINITY_DN2049_c0_g1_i1:2-808      -            269 4693at3041           -            342   1.8e-16   57.3   0.0   1   1   2.5e-17   2.2e-16   57.0   0.0    43   195     2   157     1   168 0.88 -
TRINITY_DN4290_c0_g1_i2:276-866    -            197 4693at3041           -            342   1.8e-16   57.3   0.0   1   1   2.3e-17     2e-16   57.1   0.0     4   182     9   197     6   197 0.81 -
TRINITY_DN2013_c0_g1_i1:911-1606   -            232 4693at3041           -            342   2.4e-16   56.8   0.0   1   1   9.7e-17   8.6e-16   55.0   0.0     6   170    10   178     5   231 0.75 -
TRINITY_DN29238_c0_g1_i1:0-518     -            173 4693at3041           -            342   2.5e-16   56.8   0.0   1   1   3.5e-17   3.2e-16   56.5   0.0    50   197     2   155     1   160 0.78 -
TRINITY_DN3240_c0_g1_i2:618-1331   -            238 4693at3041           -            342     3e-16   56.5   0.0   1   1   4.2e-17   3.7e-16   56.2   0.0     9   197    13   203     6   220 0.85 -
TRINITY_DN6948_c1_g2_i3:469-1254   -            262 4693at3041           -            342     3e-16   56.5   0.0   1   1   5.1e-17   4.6e-16   55.9   0.0     7   197     8   214     2   230 0.80 -
TRINITY_DN785_c0_g1_i2:178-984     -            269 4693at3041           -            342   3.5e-16   56.3   0.0   1   1   6.6e-17   5.8e-16   55.6   0.0     9   169    10   174     2   229 0.75 -
TRINITY_DN7648_c1_g4_i1:1054-1872  -            273 4693at3041           -            342   5.3e-16   55.7   0.1   1   1   1.1e-16     1e-15   54.8   0.1     4   170     8   179     5   234 0.79 -
TRINITY_DN785_c0_g1_i4:178-1176    -            333 4693at3041           -            342   6.7e-16   55.4   0.0   1   1   1.2e-16   1.1e-15   54.7   0.0     9   169    74   238    66   292 0.75 -
TRINITY_DN22_c0_g1_i10:531-1826    -            432 4693at3041           -            342   7.7e-16   55.2   0.0   1   1   1.3e-16   1.1e-15   54.6   0.0    10   208     2   208     1   233 0.81 -
TRINITY_DN22_c0_g1_i9:531-1826     -            432 4693at3041           -            342   7.7e-16   55.2   0.0   1   1   1.3e-16   1.1e-15   54.6   0.0    10   208     2   208     1   233 0.81 -
TRINITY_DN18479_c0_g1_i1:250-1020  -            257 4693at3041           -            342   9.4e-16   54.9   0.0   1   1   1.2e-16     1e-15   54.8   0.0     3   190     4   201     2   246 0.79 -
TRINITY_DN46229_c0_g1_i1:215-937   -            241 4693at3041           -            342   1.1e-15   54.7   0.0   1   1   1.9e-16   1.7e-15   54.1   0.0     4   207     4   211     1   224 0.77 -
TRINITY_DN7648_c1_g4_i2:1054-1899  -            282 4693at3041           -            342   1.3e-15   54.4   0.1   1   1   1.8e-16   1.6e-15   54.2   0.1     4   169     8   178     5   210 0.82 -
TRINITY_DN1388_c0_g1_i3:240-947    -            236 4693at3041           -            342   1.5e-15   54.2   0.0   1   1   2.4e-16   2.1e-15   53.8   0.0    42   195    58   219    38   234 0.80 -
TRINITY_DN6948_c1_g2_i2:469-1254   -            262 4693at3041           -            342   1.8e-15   54.0   0.0   1   1   3.2e-16   2.9e-15   53.3   0.0     7   197     8   214     2   230 0.80 -
TRINITY_DN5899_c0_g2_i1:3-1139     -            379 4693at3041           -            342   2.5e-15   53.5   0.0   1   1   4.3e-16   3.9e-15   52.9   0.0     6   195    28   230    24   241 0.81 -
TRINITY_DN828_c0_g1_i3:956-1768    -            271 4693at3041           -            342   3.7e-15   53.0   0.0   1   1   5.3e-16   4.7e-15   52.6   0.0     9   194    20   217    16   242 0.81 -
TRINITY_DN828_c0_g1_i4:956-1768    -            271 4693at3041           -            342   3.7e-15   53.0   0.0   1   1   5.3e-16   4.7e-15   52.6   0.0     9   194    20   217    16   242 0.81 -
TRINITY_DN828_c0_g1_i9:656-1468    -            271 4693at3041           -            342   3.7e-15   53.0   0.0   1   1   5.3e-16   4.7e-15   52.6   0.0     9   194    20   217    16   242 0.81 -
TRINITY_DN1876_c0_g2_i3:44-1063    -            340 4693at3041           -            342   3.8e-15   52.9   0.0   1   1   5.2e-16   4.7e-15   52.6   0.0     6   209     5   212     1   219 0.78 -
TRINITY_DN1078_c0_g1_i3:825-1792   -            273 4693at3041           -            342   4.3e-15   52.7   0.0   1   1   6.8e-16     6e-15   52.3   0.0    40   194    55   215    40   224 0.81 -
TRINITY_DN1078_c0_g1_i4:819-1655   -            279 4693at3041           -            342     5e-15   52.5   0.0   1   1   7.3e-16   6.5e-15   52.2   0.0    43   194    62   219    12   228 0.73 -
TRINITY_DN2393_c0_g1_i3:2293-3093  -            267 4693at3041           -            342     5e-15   52.5   0.0   1   1   9.1e-16   8.1e-15   51.8   0.0     9   191     1   198     1   205 0.83 -
TRINITY_DN1078_c0_g1_i1:819-1667   -            283 4693at3041           -            342   5.1e-15   52.5   0.0   1   1   7.6e-16   6.7e-15   52.1   0.0    43   194    66   223    16   232 0.73 -
TRINITY_DN14614_c0_g1_i1:22-579    -            186 4693at3041           -            342   5.5e-15   52.4   0.0   1   1   6.7e-16     6e-15   52.3   0.0    43   193    22   184     2   186 0.74 -
TRINITY_DN356_c0_g1_i1:886-1716    -            277 4693at3041           -            342   6.8e-15   52.1   0.0   1   1   1.1e-15   9.5e-15   51.6   0.0     7   195     9   219     3   229 0.77 -
TRINITY_DN2205_c0_g1_i1:82-936     -            285 4693at3041           -            342   9.2e-15   51.6   0.0   1   2   2.4e-13   2.1e-12   43.9   0.0     6   138     5   133     2   157 0.88 -
TRINITY_DN2205_c0_g1_i1:82-936     -            285 4693at3041           -            342   9.2e-15   51.6   0.0   2   2      0.11      0.94    5.6   0.0   157   196   182   222   174   236 0.83 -
TRINITY_DN37667_c0_g1_i1:64-828    -            255 4693at3041           -            342     1e-14   51.5   0.0   1   1   1.5e-15   1.3e-14   51.1   0.0     8   194    12   204     9   214 0.85 -
TRINITY_DN7648_c1_g6_i2:12-701     -            230 4693at3041           -            342     1e-14   51.5   0.0   1   1   2.7e-15   2.4e-14   50.3   0.0    26   170     1   147     1   190 0.80 -
TRINITY_DN14338_c1_g1_i3:292-1425  -            378 4693at3041           -            342   1.2e-14   51.3   0.0   1   1   3.4e-15   3.1e-14   49.9   0.0     3   195     4   205     2   259 0.77 -
TRINITY_DN4232_c0_g1_i4:204-662    -            153 4693at3041           -            342   1.3e-14   51.2   0.0   1   1   1.6e-15   1.4e-14   51.0   0.0     5   140    14   152     9   153 0.85 -
TRINITY_DN6526_c0_g1_i10:158-2036  -            568 4693at3041           -            342   1.7e-14   50.8   0.0   1   1   3.3e-15   2.9e-14   50.0   0.0     8   211    34   252    27   259 0.80 -
TRINITY_DN569_c0_g2_i1:8-784       -            259 4693at3041           -            342   2.3e-14   50.4   0.0   1   1   3.3e-15     3e-14   50.0   0.0     3   222     1   231     1   257 0.80 -
TRINITY_DN1496_c0_g1_i1:156-956    -            267 4693at3041           -            342   2.5e-14   50.2   0.0   1   1   3.8e-15   3.4e-14   49.8   0.0     8   207     7   212     3   216 0.75 -
TRINITY_DN1617_c0_g1_i2:1857-2714  -            286 4693at3041           -            342   2.8e-14   50.1   0.0   1   1   3.3e-14     3e-13   46.7   0.0     9   188    13   214     8   223 0.80 -
TRINITY_DN2687_c0_g1_i2:231-1061   -            277 4693at3041           -            342   3.5e-14   49.8   0.0   1   1   9.7e-15   8.6e-14   48.5   0.0    10   168    13   176     6   186 0.80 -
TRINITY_DN2687_c0_g1_i4:381-1211   -            277 4693at3041           -            342   3.5e-14   49.8   0.0   1   1   9.7e-15   8.6e-14   48.5   0.0    10   168    13   176     6   186 0.80 -
TRINITY_DN2837_c0_g1_i5:143-1057   -            305 4693at3041           -            342   5.6e-14   49.1   0.0   1   1   8.2e-15   7.3e-14   48.7   0.0     7   170    33   200    27   220 0.80 -
TRINITY_DN6526_c0_g1_i3:158-1840   -            561 4693at3041           -            342   5.8e-14   49.0   0.0   1   1   1.1e-14     1e-13   48.2   0.0     8   202    34   243    27   257 0.78 -
TRINITY_DN6526_c0_g1_i7:158-1840   -            561 4693at3041           -            342   5.8e-14   49.0   0.0   1   1   1.1e-14     1e-13   48.2   0.0     8   202    34   243    27   257 0.78 -
TRINITY_DN6526_c0_g1_i18:158-1861  -            568 4693at3041           -            342     6e-14   49.0   0.0   1   1   1.2e-14     1e-13   48.2   0.0     8   202    34   243    27   257 0.78 -
TRINITY_DN1527_c0_g1_i1:278-1339   -            354 4693at3041           -            342   6.4e-14   48.9   0.3   1   2   3.1e-12   2.8e-11   40.2   0.1    22   149    33   177    24   181 0.80 -
TRINITY_DN1527_c0_g1_i1:278-1339   -            354 4693at3041           -            342   6.4e-14   48.9   0.3   2   2     0.063      0.56    6.3   0.0   157   190   253   287   247   298 0.84 -
TRINITY_DN6526_c0_g1_i1:158-1940   -            561 4693at3041           -            342   6.4e-14   48.9   0.0   1   1   1.2e-14   1.1e-13   48.1   0.0     8   202    34   243    27   257 0.78 -
TRINITY_DN6526_c0_g1_i2:103-1906   -            568 4693at3041           -            342   6.6e-14   48.8   0.0   1   1   1.3e-14   1.1e-13   48.1   0.0     8   202    34   243    27   257 0.78 -
TRINITY_DN1179_c0_g1_i2:2347-3225  -            293 4693at3041           -            342   1.3e-13   47.9   0.0   1   1     2e-14   1.8e-13   47.4   0.0    12   195    11   199     5   215 0.81 -
TRINITY_DN1179_c0_g1_i3:504-1382   -            293 4693at3041           -            342   1.3e-13   47.9   0.0   1   1     2e-14   1.8e-13   47.4   0.0    12   195    11   199     5   215 0.81 -
TRINITY_DN1179_c0_g1_i5:2422-3300  -            293 4693at3041           -            342   1.3e-13   47.9   0.0   1   1     2e-14   1.8e-13   47.4   0.0    12   195    11   199     5   215 0.81 -
TRINITY_DN6027_c0_g2_i4:814-1605   -            264 4693at3041           -            342   1.3e-13   47.9   0.0   1   1   1.9e-14   1.7e-13   47.5   0.0    39   195    25   196     9   212 0.82 -
TRINITY_DN6027_c0_g2_i7:814-1638   -            275 4693at3041           -            342   1.4e-13   47.8   0.0   1   1     2e-14   1.8e-13   47.4   0.0    39   195    36   207    16   223 0.82 -
TRINITY_DN441_c0_g1_i4:3-824       -            274 4693at3041           -            342   1.5e-13   47.7   0.0   1   2   6.7e-14     6e-13   45.7   0.0    24   170    25   174     7   183 0.73 -
TRINITY_DN441_c0_g1_i4:3-824       -            274 4693at3041           -            342   1.5e-13   47.7   0.0   2   2       7.2        64   -0.4   0.0   171   195   196   220   186   239 0.73 -
TRINITY_DN441_c0_g1_i5:3-824       -            274 4693at3041           -            342   1.5e-13   47.7   0.0   1   2   6.7e-14     6e-13   45.7   0.0    24   170    25   174     7   183 0.73 -
TRINITY_DN441_c0_g1_i5:3-824       -            274 4693at3041           -            342   1.5e-13   47.7   0.0   2   2       7.2        64   -0.4   0.0   171   195   196   220   186   239 0.73 -
TRINITY_DN1933_c0_g1_i2:902-1330   -            143 4693at3041           -            342   1.9e-13   47.3   0.1   1   1   2.3e-14   2.1e-13   47.2   0.1     7   143     5   140     1   143 0.78 -
TRINITY_DN441_c0_g1_i3:0-767       -            256 4693at3041           -            342   2.1e-13   47.2   0.0   1   2   9.7e-14   8.6e-13   45.2   0.0    46   170    27   155     2   164 0.74 -
TRINITY_DN441_c0_g1_i3:0-767       -            256 4693at3041           -            342   2.1e-13   47.2   0.0   2   2       6.5        58   -0.3   0.0   171   195   177   201   167   220 0.73 -
TRINITY_DN4171_c2_g1_i4:15-830     -            272 4693at3041           -            342   2.6e-13   46.9   0.0   1   1   3.7e-14   3.3e-13   46.5   0.0    40   188    56   211    37   229 0.79 -
TRINITY_DN2266_c0_g1_i1:1-999      -            333 4693at3041           -            342   3.5e-13   46.5   0.0   1   1   4.9e-14   4.3e-13   46.1   0.0     6   244     6   254     1   257 0.78 -
TRINITY_DN46996_c0_g1_i1:279-1127  -            283 4693at3041           -            342   4.4e-13   46.1   0.0   1   1   6.4e-14   5.7e-13   45.8   0.0     3   188     3   192     1   205 0.77 -
TRINITY_DN423_c0_g2_i1:783-1409    -            209 4693at3041           -            342   4.6e-13   46.1   0.0   1   1   6.7e-14   5.9e-13   45.7   0.0    24   149    36   177    17   181 0.81 -
TRINITY_DN4171_c1_g1_i2:31-567     -            179 4693at3041           -            342   4.7e-13   46.0   0.0   1   1   7.1e-14   6.3e-13   45.6   0.0   102   198     8   115     4   139 0.80 -
TRINITY_DN4544_c0_g1_i1:137-604    -            156 4693at3041           -            342   5.4e-13   45.8   0.1   1   2   9.4e-12   8.3e-11   38.6   0.0   108   197     1   102     1   109 0.80 -
TRINITY_DN4544_c0_g1_i1:137-604    -            156 4693at3041           -            342   5.4e-13   45.8   0.1   2   2      0.13       1.2    5.3   0.0   186   227   111   152   106   156 0.82 -
TRINITY_DN8403_c0_g1_i1:170-1066   -            299 4693at3041           -            342   5.7e-13   45.8   0.0   1   1   1.1e-13     1e-12   45.0   0.0     8   194     9   208     2   229 0.75 -
TRINITY_DN22_c0_g1_i1:10-1182      -            391 4693at3041           -            342   9.3e-13   45.1   0.0   1   1   1.6e-13   1.4e-12   44.5   0.0    56   208    10   166     1   191 0.77 -
TRINITY_DN22_c0_g1_i5:840-2012     -            391 4693at3041           -            342   9.3e-13   45.1   0.0   1   1   1.6e-13   1.4e-12   44.5   0.0    56   208    10   166     1   191 0.77 -
TRINITY_DN56199_c0_g1_i1:0-464     -            155 4693at3041           -            342   1.1e-12   44.9   0.0   1   1   1.3e-13   1.1e-12   44.8   0.0     6   137    12   147     6   155 0.84 -
TRINITY_DN4290_c0_g1_i4:577-1317   -            247 4693at3041           -            342   1.1e-12   44.8   0.0   1   1   1.5e-13   1.4e-12   44.5   0.0    47   194     3   157     1   187 0.83 -
TRINITY_DN382_c0_g1_i3:103-864     -            254 4693at3041           -            342   1.2e-12   44.7   0.0   1   1   1.9e-13   1.7e-12   44.2   0.0   101   195   100   204     1   221 0.78 -
TRINITY_DN382_c0_g1_i5:103-864     -            254 4693at3041           -            342   1.2e-12   44.7   0.0   1   1   1.9e-13   1.7e-12   44.2   0.0   101   195   100   204     1   221 0.78 -
TRINITY_DN3910_c0_g1_i3:760-1998   -            413 4693at3041           -            342   1.2e-12   44.7   0.0   1   1   3.5e-13   3.1e-12   43.3   0.0    16   197    10   197     2   268 0.84 -
TRINITY_DN382_c0_g1_i25:400-1179   -            260 4693at3041           -            342   1.3e-12   44.6   0.0   1   1   1.8e-13   1.6e-12   44.3   0.0   101   195   100   204     1   228 0.78 -
TRINITY_DN382_c0_g1_i4:103-974     -            252 4693at3041           -            342   1.3e-12   44.6   0.0   1   1   2.1e-13   1.8e-12   44.1   0.0   101   195    98   202     1   219 0.81 -
TRINITY_DN632_c0_g1_i2:177-683     -            169 4693at3041           -            342   1.4e-12   44.4   0.0   1   1   2.2e-13     2e-12   44.0   0.0   101   195     6   105     3   149 0.87 -
TRINITY_DN4171_c2_g1_i3:15-806     -            264 4693at3041           -            342   1.6e-12   44.3   0.0   1   1   2.3e-13     2e-12   43.9   0.0    40   193    56   217    37   228 0.76 -
TRINITY_DN13219_c0_g1_i1:269-1021  -            251 4693at3041           -            342   2.6e-12   43.6   0.0   1   1   7.4e-13   6.5e-12   42.3   0.0     7   196     5   202     2   249 0.68 -
TRINITY_DN27187_c0_g1_i1:8-463     -            152 4693at3041           -            342   3.1e-12   43.3   0.0   1   1   4.2e-13   3.8e-12   43.1   0.0     7   136    19   147    13   150 0.90 -
TRINITY_DN114_c0_g1_i4:317-1456    -            380 4693at3041           -            342   3.3e-12   43.2   0.0   1   1   5.6e-13     5e-12   42.7   0.0     8   195    63   258    56   282 0.76 -
TRINITY_DN114_c0_g1_i1:395-1552    -            386 4693at3041           -            342   3.5e-12   43.2   0.0   1   1   5.9e-13   5.2e-12   42.6   0.0     8   195    63   258    56   282 0.76 -
TRINITY_DN114_c0_g1_i3:317-1474    -            386 4693at3041           -            342   3.5e-12   43.2   0.0   1   1   5.9e-13   5.2e-12   42.6   0.0     8   195    63   258    56   282 0.76 -
TRINITY_DN38473_c0_g1_i1:2-850     -            283 4693at3041           -            342   3.8e-12   43.1   0.0   1   1   5.5e-13   4.9e-12   42.7   0.0     6   189     7   196     2   219 0.80 -
TRINITY_DN7492_c0_g1_i2:53-724     -            224 4693at3041           -            342   3.8e-12   43.1   0.0   1   2       6.5        58   -0.3   0.0    48    67     1    20     1    27 0.86 -
TRINITY_DN7492_c0_g1_i2:53-724     -            224 4693at3041           -            342   3.8e-12   43.1   0.0   2   2   1.8e-12   1.6e-11   41.0   0.0   103   194    72   169    61   184 0.74 -
TRINITY_DN382_c0_g1_i24:361-882    -            174 4693at3041           -            342     4e-12   43.0   0.0   1   1   5.6e-13     5e-12   42.7   0.0   102   195     2   105     1   130 0.78 -
TRINITY_DN197_c0_g1_i1:5-949       -            315 4693at3041           -            342   4.2e-12   42.9   0.0   1   2   1.1e-08   9.5e-08   28.6   0.0     6   147     9   152     6   183 0.81 -
TRINITY_DN197_c0_g1_i1:5-949       -            315 4693at3041           -            342   4.2e-12   42.9   0.0   2   2   0.00086    0.0077   12.5   0.0   153   234   217   300   205   309 0.81 -
TRINITY_DN7492_c0_g1_i1:53-721     -            223 4693at3041           -            342   5.1e-12   42.6   0.0   1   2       6.5        57   -0.3   0.0    48    67     1    20     1    27 0.86 -
TRINITY_DN7492_c0_g1_i1:53-721     -            223 4693at3041           -            342   5.1e-12   42.6   0.0   2   2   2.3e-12     2e-11   40.7   0.0   103   198    72   175    61   217 0.77 -
TRINITY_DN3663_c0_g1_i3:812-1678   -            289 4693at3041           -            342   5.2e-12   42.6   0.0   1   1     2e-12   1.8e-11   40.9   0.0     6   194     6   213     2   230 0.75 -
TRINITY_DN1876_c0_g2_i7:110-1220   -            332 4693at3041           -            342   6.1e-12   42.4   0.0   1   1     1e-12   9.3e-12   41.8   0.0    77   209    87   226    81   233 0.82 -
TRINITY_DN543_c0_g2_i4:61-390      -            110 4693at3041           -            342   6.3e-12   42.3   0.0   1   1     8e-13   7.1e-12   42.2   0.0    97   182    19   110    11   110 0.87 -
TRINITY_DN3702_c0_g1_i1:0-647      -            216 4693at3041           -            342   7.5e-12   42.1   0.0   1   1   9.7e-13   8.6e-12   41.9   0.0    53   195     5   148     1   166 0.82 -
TRINITY_DN4687_c0_g1_i1:12-677     -            222 4693at3041           -            342   8.8e-12   41.9   0.0   1   1   1.6e-12   1.5e-11   41.1   0.0    45   198    10   172     6   188 0.74 -
TRINITY_DN46188_c0_g1_i1:8-328     -            107 4693at3041           -            342     9e-12   41.8   0.0   1   1   1.1e-12   9.7e-12   41.7   0.0    27   134     2   106     1   107 0.92 -
TRINITY_DN5702_c0_g1_i1:0-875      -            292 4693at3041           -            342   9.5e-12   41.7   0.0   1   1   1.3e-12   1.1e-11   41.5   0.0     6   217    42   261    36   274 0.79 -
TRINITY_DN2982_c0_g1_i1:231-779    -            183 4693at3041           -            342   1.4e-11   41.2   0.0   1   1   1.8e-12   1.6e-11   41.0   0.0     5   172     4   175     1   182 0.82 -
TRINITY_DN4371_c0_g2_i2:164-862    -            233 4693at3041           -            342   1.6e-11   41.0   0.0   1   1   2.2e-12     2e-11   40.7   0.0    10   186     1   186     1   210 0.76 -
TRINITY_DN31526_c0_g1_i1:215-1006  -            264 4693at3041           -            342   1.7e-11   40.9   0.0   1   2   4.2e-09   3.8e-08   29.9   0.0     8   149    11   152     7   160 0.84 -
TRINITY_DN31526_c0_g1_i1:215-1006  -            264 4693at3041           -            342   1.7e-11   40.9   0.0   2   2    0.0098     0.088    9.0   0.0   154   195   199   240   192   257 0.85 -
TRINITY_DN1995_c0_g2_i1:85-921     -            279 4693at3041           -            342   1.9e-11   40.7   0.0   1   1   6.2e-12   5.5e-11   39.2   0.0    44   194    67   225    61   231 0.78 -
TRINITY_DN1735_c0_g1_i1:673-1239   -            189 4693at3041           -            342   2.2e-11   40.5   0.0   1   1     3e-12   2.6e-11   40.3   0.0   103   205    33   145    29   182 0.74 -
TRINITY_DN858_c0_g1_i2:468-1439    -            324 4693at3041           -            342   2.3e-11   40.5   0.0   1   1   3.2e-12   2.9e-11   40.2   0.0     8   215     7   221     1   234 0.76 -
TRINITY_DN589_c0_g2_i15:1552-2403  -            284 4693at3041           -            342   3.5e-11   39.9   0.0   1   1   5.7e-12   5.1e-11   39.3   0.0    10   195    32   230    28   246 0.76 -
TRINITY_DN19568_c0_g1_i1:11-484    -            158 4693at3041           -            342   3.9e-11   39.7   0.0   1   1   5.4e-12   4.8e-11   39.4   0.0    14   146    25   155     9   157 0.79 -
TRINITY_DN9794_c0_g1_i1:1375-2238  -            288 4693at3041           -            342   4.1e-11   39.7   0.0   1   1   5.6e-12     5e-11   39.4   0.0   112   213   129   234   104   282 0.79 -
TRINITY_DN211_c0_g2_i1:548-1468    -            307 4693at3041           -            342   4.3e-11   39.6   0.0   1   1     8e-12   7.2e-11   38.9   0.0    43   202    93   259    85   299 0.82 -
TRINITY_DN3663_c1_g1_i1:493-1371   -            293 4693at3041           -            342   4.5e-11   39.5   0.0   1   1   6.6e-12   5.9e-11   39.1   0.0     4   194     5   219     2   226 0.75 -
TRINITY_DN4371_c0_g3_i2:1067-2068  -            334 4693at3041           -            342   4.8e-11   39.4   0.0   1   2       4.3        38    0.3   0.0    47   122    85   163    73   166 0.75 -
TRINITY_DN4371_c0_g3_i2:1067-2068  -            334 4693at3041           -            342   4.8e-11   39.4   0.0   2   2   4.5e-11     4e-10   36.4   0.0   104   195   177   281   174   297 0.79 -
TRINITY_DN3008_c0_g1_i3:7-996      -            330 4693at3041           -            342   4.8e-11   39.4   0.0   1   2       1.1       9.6    2.3   0.0    41    62   134   155   116   163 0.88 -
TRINITY_DN3008_c0_g1_i3:7-996      -            330 4693at3041           -            342   4.8e-11   39.4   0.0   2   2   1.3e-10   1.1e-09   34.9   0.0   100   194   224   328   206   330 0.77 -
TRINITY_DN4171_c2_g1_i2:15-803     -            263 4693at3041           -            342   4.8e-11   39.4   0.0   1   1   7.5e-12   6.6e-11   39.0   0.0    40   193    56   216    37   227 0.73 -
TRINITY_DN2961_c0_g1_i1:1-555      -            185 4693at3041           -            342   5.1e-11   39.3   0.0   1   1   6.9e-12   6.1e-11   39.1   0.0   100   201    37   148     6   160 0.74 -
TRINITY_DN11081_c0_g1_i2:105-902   -            266 4693at3041           -            342   5.8e-11   39.2   0.0   1   1   8.5e-12   7.6e-11   38.8   0.0    12   168     6   166     1   172 0.70 -
TRINITY_DN7648_c1_g2_i1:354-860    -            169 4693at3041           -            342     6e-11   39.1   0.1   1   1   8.3e-12   7.4e-11   38.8   0.1     4   147     9   154     7   165 0.82 -
TRINITY_DN10237_c0_g2_i1:353-1195  -            281 4693at3041           -            342   6.9e-11   38.9   0.0   1   1   9.9e-12   8.8e-11   38.6   0.0   111   197   124   214    91   253 0.80 -
TRINITY_DN10237_c0_g2_i3:353-1195  -            281 4693at3041           -            342   6.9e-11   38.9   0.0   1   1   9.9e-12   8.8e-11   38.6   0.0   111   197   124   214    91   253 0.80 -
TRINITY_DN10237_c0_g2_i5:353-1195  -            281 4693at3041           -            342   6.9e-11   38.9   0.0   1   1   9.9e-12   8.8e-11   38.6   0.0   111   197   124   214    91   253 0.80 -
TRINITY_DN2961_c1_g1_i1:438-1180   -            219 4693at3041           -            342   9.5e-11   38.4   0.0   1   1   1.3e-11   1.1e-10   38.2   0.0    74   205    29   175     4   194 0.70 -
TRINITY_DN338_c0_g1_i5:456-1322    -            289 4693at3041           -            342   9.9e-11   38.4   0.0   1   1   1.5e-11   1.3e-10   38.0   0.0     5   190     3   197     1   210 0.77 -
TRINITY_DN46638_c0_g1_i1:71-556    -            162 4693at3041           -            342     1e-10   38.3   0.0   1   1   1.6e-11   1.4e-10   37.9   0.0   106   203    10   120     2   159 0.75 -
TRINITY_DN1426_c0_g2_i1:16-381     -            122 4693at3041           -            342   1.1e-10   38.2   0.0   1   1     2e-11   1.8e-10   37.6   0.0   122   199     6    97     3   118 0.81 -
TRINITY_DN785_c0_g1_i1:175-750     -            192 4693at3041           -            342   1.2e-10   38.1   0.0   1   1   2.5e-11   2.2e-10   37.3   0.0    84   169     8    96     1   152 0.75 -
TRINITY_DN6270_c0_g1_i1:1-453      -            151 4693at3041           -            342   1.3e-10   38.0   0.0   1   1   1.6e-11   1.5e-10   37.8   0.0   111   198     3   103     2   143 0.72 -
TRINITY_DN211_c0_g2_i2:60-707      -            216 4693at3041           -            342   1.6e-10   37.8   0.0   1   1   2.4e-11   2.1e-10   37.3   0.0    48   204     2   165     1   205 0.80 -
TRINITY_DN589_c0_g2_i16:470-1402   -            311 4693at3041           -            342   1.7e-10   37.6   0.0   1   2         6        54   -0.2   0.0     8    66    16    79    14   106 0.78 -
TRINITY_DN589_c0_g2_i16:470-1402   -            311 4693at3041           -            342   1.7e-10   37.6   0.0   2   2     1e-10     9e-10   35.2   0.0   110   194   159   256   127   273 0.78 -
TRINITY_DN4365_c0_g1_i1:377-1246   -            290 4693at3041           -            342   1.7e-10   37.6   0.0   1   1   2.4e-11   2.1e-10   37.3   0.0     3   193     3   202     1   221 0.77 -
TRINITY_DN1679_c0_g1_i1:887-1345   -            153 4693at3041           -            342   1.8e-10   37.6   0.0   1   2   6.3e-05   0.00056   16.2   0.0    76   137     2    66     1    81 0.84 -
TRINITY_DN1679_c0_g1_i1:887-1345   -            153 4693at3041           -            342   1.8e-10   37.6   0.0   2   2   5.4e-06   4.8e-05   19.7   0.0   151   194   105   149    88   152 0.83 -
TRINITY_DN808_c0_g2_i1:1506-2015   -            170 4693at3041           -            342     2e-10   37.4   0.0   1   1   2.7e-11   2.4e-10   37.1   0.0   121   197    30   116     7   132 0.80 -
TRINITY_DN33220_c0_g1_i1:299-802   -            168 4693at3041           -            342   2.7e-10   37.0   0.0   1   1   3.4e-11     3e-10   36.8   0.0    94   197    12   126     4   167 0.80 -
TRINITY_DN2594_c0_g1_i2:174-1004   -            277 4693at3041           -            342   2.9e-10   36.9   0.0   1   1   6.9e-11   6.1e-10   35.8   0.0    98   186   113   211    16   226 0.62 -
TRINITY_DN1125_c0_g3_i3:2614-3252  -            213 4693at3041           -            342     3e-10   36.8   0.0   1   1   3.7e-11   3.3e-10   36.7   0.0    47   197     2   161     1   193 0.78 -
TRINITY_DN1125_c0_g3_i4:2395-3033  -            213 4693at3041           -            342     3e-10   36.8   0.0   1   1   3.7e-11   3.3e-10   36.7   0.0    47   197     2   161     1   193 0.78 -
TRINITY_DN808_c0_g2_i2:1509-2453   -            315 4693at3041           -            342   4.1e-10   36.4   0.0   1   1   1.1e-10   9.6e-10   35.1   0.0   121   197   176   262   149   278 0.80 -
TRINITY_DN55061_c0_g1_i1:346-1248  -            301 4693at3041           -            342   5.3e-10   36.0   0.0   1   1   1.7e-10   1.5e-09   34.5   0.0     4   180     5   197     2   222 0.72 -
TRINITY_DN858_c0_g2_i1:25-636      -            204 4693at3041           -            342     6e-10   35.8   0.0   1   1   7.7e-11   6.8e-10   35.6   0.0     6   194     5   200     1   203 0.76 -
TRINITY_DN4260_c0_g1_i2:0-440      -            147 4693at3041           -            342   6.6e-10   35.7   0.0   1   1   7.4e-11   6.6e-10   35.7   0.0   102   191    50   147     1   147 0.75 -
TRINITY_DN1012_c0_g1_i1:1-741      -            247 4693at3041           -            342   1.2e-09   34.8   0.0   1   1   3.3e-10   2.9e-09   33.6   0.0     9   174    22   191    14   236 0.80 -
TRINITY_DN4189_c0_g1_i5:208-1530   -            441 4693at3041           -            342   1.6e-09   34.4   0.0   1   1   2.4e-10   2.1e-09   34.0   0.0     8   207     8   218     1   244 0.76 -
TRINITY_DN1125_c3_g1_i1:1551-2264  -            238 4693at3041           -            342   1.7e-09   34.4   0.0   1   1   3.6e-10   3.2e-09   33.4   0.0    42   194    20   187     4   205 0.78 -
TRINITY_DN828_c0_g1_i7:51-590      -            180 4693at3041           -            342     2e-09   34.1   0.0   1   1   2.6e-10   2.3e-09   33.9   0.0   104   194    23   126     5   154 0.76 -
TRINITY_DN6948_c1_g3_i1:11-625     -            205 4693at3041           -            342   2.2e-09   34.0   0.0   1   2   1.2e-09     1e-08   31.8   0.0    74   167     4   101     1   144 0.82 -
TRINITY_DN6948_c1_g3_i1:11-625     -            205 4693at3041           -            342   2.2e-09   34.0   0.0   2   2       8.6        76   -0.7   0.0   205   227   168   188   152   203 0.78 -
TRINITY_DN4189_c0_g1_i3:207-1745   -            513 4693at3041           -            342   2.2e-09   33.9   0.0   1   1   3.4e-10     3e-09   33.5   0.0     8   207     8   218     1   244 0.76 -
TRINITY_DN25726_c0_g1_i1:24-566    -            181 4693at3041           -            342   2.2e-09   33.9   0.0   1   1   3.1e-10   2.7e-09   33.6   0.0   113   196    19   104     3   123 0.79 -
TRINITY_DN24001_c0_g1_i1:36-593    -            186 4693at3041           -            342   2.7e-09   33.7   0.0   1   1   3.7e-10   3.3e-09   33.4   0.0     5   150    12   161     8   166 0.79 -
TRINITY_DN2868_c0_g1_i1:0-416      -            139 4693at3041           -            342   3.2e-09   33.4   0.0   1   1     4e-10   3.6e-09   33.3   0.0   116   200     9   101     4   134 0.72 -
TRINITY_DN197_c0_g2_i2:0-1013      -            338 4693at3041           -            342   3.2e-09   33.4   0.0   1   2   1.9e-05   0.00017   17.9   0.0     2   136   113   250   112   263 0.83 -
TRINITY_DN197_c0_g2_i2:0-1013      -            338 4693at3041           -            342   3.2e-09   33.4   0.0   2   2   0.00042    0.0038   13.5   0.0   139   193   277   334   274   337 0.85 -
TRINITY_DN19588_c0_g1_i1:7-492     -            162 4693at3041           -            342   3.7e-09   33.2   0.0   1   1     5e-10   4.4e-09   33.0   0.0     9   146    11   148     3   154 0.82 -
TRINITY_DN3240_c0_g1_i1:144-680    -            179 4693at3041           -            342   3.9e-09   33.1   0.0   1   1   5.4e-10   4.8e-09   32.9   0.0   109   197    52   144    39   162 0.77 -
TRINITY_DN1356_c0_g3_i3:58-1113    -            352 4693at3041           -            342   4.6e-09   32.9   0.1   1   2     0.057      0.51    6.5   0.0     7    61     8    65     2    78 0.78 -
TRINITY_DN1356_c0_g3_i3:58-1113    -            352 4693at3041           -            342   4.6e-09   32.9   0.1   2   2   1.9e-07   1.7e-06   24.5   0.0   121   194   208   295   160   299 0.71 -
TRINITY_DN875_c1_g3_i1:500-940     -            147 4693at3041           -            342   4.9e-09   32.8   0.0   1   1   7.3e-10   6.5e-09   32.4   0.0   120   197    51   143     9   146 0.75 -
TRINITY_DN6724_c0_g1_i1:3-293      -             97 4693at3041           -            342   7.6e-09   32.2   0.0   1   1   8.6e-10   7.6e-09   32.2   0.0    96   166    23    97     2    97 0.76 -
TRINITY_DN3990_c1_g1_i2:1255-2163  -            303 4693at3041           -            342   7.7e-09   32.2   0.0   1   1   1.2e-09   1.1e-08   31.7   0.0     2   211     3   231     2   272 0.77 -
TRINITY_DN1540_c0_g1_i2:44-757     -            238 4693at3041           -            342   9.7e-09   31.8   0.0   1   1   1.2e-08     1e-07   28.5   0.0   100   214    13   141     8   173 0.70 -
TRINITY_DN53334_c0_g1_i1:0-518     -            173 4693at3041           -            342     1e-08   31.8   0.0   1   1   1.5e-09   1.3e-08   31.4   0.0     8   148     8   152     2   158 0.80 -
TRINITY_DN338_c0_g1_i4:2-628       -            209 4693at3041           -            342   1.1e-08   31.7   0.0   1   1   1.6e-09   1.4e-08   31.3   0.0     5   189     3   195     1   201 0.75 -
TRINITY_DN34924_c0_g1_i1:1-423     -            141 4693at3041           -            342   1.2e-08   31.6   0.0   1   1   1.3e-09   1.2e-08   31.6   0.0   107   197     3   104     1   138 0.79 -
TRINITY_DN3990_c1_g1_i1:984-2036   -            351 4693at3041           -            342   1.2e-08   31.5   0.0   1   1     2e-09   1.8e-08   31.0   0.0     2   211     3   231     2   270 0.76 -
TRINITY_DN7985_c0_g1_i1:9-641      -            211 4693at3041           -            342   1.8e-08   31.0   0.0   1   1   2.4e-09   2.2e-08   30.7   0.0    87   192    61   173    40   187 0.75 -
TRINITY_DN1490_c0_g1_i1:35-448     -            138 4693at3041           -            342   1.8e-08   31.0   0.0   1   1   2.3e-09     2e-08   30.8   0.0     7   121     3   113     1   124 0.90 -
TRINITY_DN808_c0_g1_i2:31-465      -            145 4693at3041           -            342   1.8e-08   31.0   0.0   1   1   2.5e-09   2.3e-08   30.6   0.0   123   196     1    87     1    91 0.78 -
TRINITY_DN40722_c0_g1_i1:59-532    -            158 4693at3041           -            342   2.1e-08   30.7   0.0   1   1   2.6e-09   2.3e-08   30.6   0.0   107   227     9   131     1   139 0.69 -
TRINITY_DN1464_c0_g1_i1:315-845    -            177 4693at3041           -            342   2.2e-08   30.7   0.0   1   1   2.7e-09   2.4e-08   30.6   0.0   103   205     9   122     4   174 0.69 -
TRINITY_DN4687_c0_g3_i1:734-1657   -            308 4693at3041           -            342   2.2e-08   30.7   0.1   1   1   7.5e-09   6.7e-08   29.1   0.1     5   136     3   132     1   217 0.84 -
TRINITY_DN1995_c0_g2_i2:82-579     -            166 4693at3041           -            342   2.4e-08   30.6   0.0   1   2       7.8        69   -0.5   0.0     8    31    13    37     7    39 0.85 -
TRINITY_DN1995_c0_g2_i2:82-579     -            166 4693at3041           -            342   2.4e-08   30.6   0.0   2   2   1.2e-08     1e-07   28.5   0.0    44   136    68   159    62   165 0.87 -
TRINITY_DN1527_c0_g1_i2:275-1066   -            264 4693at3041           -            342   3.2e-08   30.1   0.2   1   2   2.5e-06   2.2e-05   20.8   0.0   104   149    36    86     5    90 0.76 -
TRINITY_DN1527_c0_g1_i2:275-1066   -            264 4693at3041           -            342   3.2e-08   30.1   0.2   2   2     0.041      0.37    6.9   0.0   157   190   162   196   156   208 0.84 -
TRINITY_DN2961_c1_g6_i1:17-358     -            114 4693at3041           -            342   3.3e-08   30.1   0.0   1   1   4.3e-09   3.8e-08   29.9   0.0    46   149     2   108     1   113 0.79 -
TRINITY_DN21122_c0_g1_i1:84-572    -            163 4693at3041           -            342   3.5e-08   30.0   0.0   1   1   4.9e-09   4.4e-08   29.7   0.0    99   194     4   104     2   116 0.80 -
TRINITY_DN4171_c3_g2_i3:924-1775   -            284 4693at3041           -            342   3.5e-08   30.0   0.0   1   1   2.1e-08   1.9e-07   27.6   0.0    35   193    70   234    21   253 0.71 -
TRINITY_DN4171_c2_g1_i9:88-540     -            151 4693at3041           -            342   3.6e-08   30.0   0.0   1   1     5e-09   4.5e-08   29.7   0.0   101   193     9   111     2   123 0.78 -
TRINITY_DN6948_c1_g4_i1:1-447      -            149 4693at3041           -            342     4e-08   29.8   0.0   1   1   8.9e-09   7.9e-08   28.8   0.0    78   169     1    96     1   137 0.78 -
TRINITY_DN9552_c0_g1_i1:138-860    -            241 4693at3041           -            342   4.2e-08   29.8   0.0   1   1   5.4e-09   4.8e-08   29.6   0.0     9   185     3   178     1   210 0.81 -
TRINITY_DN2980_c0_g1_i2:129-581    -            151 4693at3041           -            342   4.3e-08   29.7   0.0   1   1   4.8e-09   4.3e-08   29.7   0.0   112   190     5    88     1   137 0.81 -
TRINITY_DN1599_c0_g1_i1:29-703     -            225 4693at3041           -            342   4.4e-08   29.7   0.0   1   1   5.6e-09     5e-08   29.5   0.0     7   193    12   206     5   222 0.72 -
TRINITY_DN186_c0_g1_i2:1900-2874   -            325 4693at3041           -            342   5.5e-08   29.4   0.0   1   2       2.3        21    1.2   0.0     8    63     7    62     4    73 0.80 -
TRINITY_DN186_c0_g1_i2:1900-2874   -            325 4693at3041           -            342   5.5e-08   29.4   0.0   2   2   8.9e-08   7.9e-07   25.6   0.0    95   204   154   277   139   293 0.69 -
TRINITY_DN186_c0_g1_i3:1280-2254   -            325 4693at3041           -            342   5.5e-08   29.4   0.0   1   2       2.3        21    1.2   0.0     8    63     7    62     4    73 0.80 -
TRINITY_DN186_c0_g1_i3:1280-2254   -            325 4693at3041           -            342   5.5e-08   29.4   0.0   2   2   8.9e-08   7.9e-07   25.6   0.0    95   204   154   277   139   293 0.69 -
TRINITY_DN589_c0_g1_i5:1116-1547   -            144 4693at3041           -            342   5.6e-08   29.3   0.0   1   1   7.8e-09   6.9e-08   29.0   0.0   122   196     5    92     2   107 0.75 -
TRINITY_DN1426_c0_g1_i1:104-556    -            151 4693at3041           -            342   7.3e-08   29.0   0.0   1   1   1.6e-08   1.4e-07   28.0   0.0   122   197    12   103     4   111 0.72 -
TRINITY_DN19223_c0_g1_i2:285-770   -            162 4693at3041           -            342   7.6e-08   28.9   0.0   1   1   8.5e-08   7.6e-07   25.6   0.0     8   146     4   159     1   161 0.76 -
TRINITY_DN1012_c0_g1_i2:171-548    -            126 4693at3041           -            342   7.7e-08   28.9   0.0   1   1   9.4e-09   8.4e-08   28.8   0.0    71   166    24   124     2   126 0.80 -
TRINITY_DN589_c0_g2_i18:1928-2815  -            296 4693at3041           -            342   9.3e-08   28.6   0.0   1   2         6        53   -0.2   0.0     8    36     9    38     6    50 0.85 -
TRINITY_DN589_c0_g2_i18:1928-2815  -            296 4693at3041           -            342   9.3e-08   28.6   0.0   2   2   6.1e-07   5.4e-06   22.8   0.0    48   194    70   242    56   247 0.67 -
TRINITY_DN589_c0_g2_i7:1210-2097   -            296 4693at3041           -            342   9.3e-08   28.6   0.0   1   2         6        53   -0.2   0.0     8    36     9    38     6    50 0.85 -
TRINITY_DN589_c0_g2_i7:1210-2097   -            296 4693at3041           -            342   9.3e-08   28.6   0.0   2   2   6.1e-07   5.4e-06   22.8   0.0    48   194    70   242    56   247 0.67 -
TRINITY_DN589_c0_g2_i9:1604-2491   -            296 4693at3041           -            342   9.3e-08   28.6   0.0   1   2         6        53   -0.2   0.0     8    36     9    38     6    50 0.85 -
TRINITY_DN589_c0_g2_i9:1604-2491   -            296 4693at3041           -            342   9.3e-08   28.6   0.0   2   2   6.1e-07   5.4e-06   22.8   0.0    48   194    70   242    56   247 0.67 -
TRINITY_DN589_c0_g1_i3:1062-1493   -            144 4693at3041           -            342     1e-07   28.5   0.0   1   1   1.4e-08   1.3e-07   28.2   0.0   122   196     5    92     2   107 0.75 -
TRINITY_DN4171_c3_g2_i1:130-792    -            221 4693at3041           -            342   1.1e-07   28.4   0.0   1   1   7.8e-08   6.9e-07   25.8   0.0    35   171    71   210    22   220 0.71 -
TRINITY_DN4371_c0_g6_i1:0-521      -            174 4693at3041           -            342   1.3e-07   28.1   0.0   1   1   2.2e-08     2e-07   27.5   0.0   103   185    74   169    46   174 0.71 -
TRINITY_DN6948_c1_g2_i1:442-858    -            139 4693at3041           -            342   1.6e-07   27.9   0.1   1   1   1.9e-08   1.7e-07   27.7   0.1     7   129    17   139    10   139 0.83 -
TRINITY_DN6027_c0_g2_i1:1426-1836  -            137 4693at3041           -            342   1.9e-07   27.6   0.0   1   1   2.3e-08     2e-07   27.5   0.0   124   195     1    79     1   104 0.84 -
TRINITY_DN41672_c0_g1_i1:5-406     -            134 4693at3041           -            342   2.2e-07   27.4   0.0   1   1   2.9e-08   2.5e-07   27.2   0.0     9   137     1   128     1   134 0.78 -
TRINITY_DN4371_c0_g3_i1:1067-2182  -            334 4693at3041           -            342   2.5e-07   27.2   0.0   1   2       4.3        38    0.3   0.0    47   122    85   163    73   166 0.75 -
TRINITY_DN4371_c0_g3_i1:1067-2182  -            334 4693at3041           -            342   2.5e-07   27.2   0.0   2   2     4e-07   3.6e-06   23.4   0.0   104   195   177   281   174   296 0.73 -
TRINITY_DN6027_c0_g2_i1:844-1527   -            228 4693at3041           -            342   2.5e-07   27.2   0.0   1   1   3.7e-08   3.3e-07   26.8   0.0   123   195    91   170    78   186 0.83 -
TRINITY_DN2961_c1_g1_i2:0-638      -            213 4693at3041           -            342   2.7e-07   27.1   0.0   1   1   5.5e-08   4.8e-07   26.3   0.0    48   146   101   203    97   211 0.81 -
TRINITY_DN31511_c0_g1_i1:625-1413  -            263 4693at3041           -            342     3e-07   26.9   0.0   1   1   4.2e-08   3.8e-07   26.6   0.0   105   186   111   197    41   212 0.80 -
TRINITY_DN589_c1_g1_i2:9-446       -            146 4693at3041           -            342   3.2e-07   26.9   0.0   1   1   3.6e-08   3.2e-07   26.9   0.0   123   195     1    85     1   143 0.81 -
TRINITY_DN12972_c0_g2_i1:614-1570  -            319 4693at3041           -            342   3.3e-07   26.8   0.0   1   1   4.3e-08   3.8e-07   26.6   0.0    98   220   121   243    16   253 0.88 -
TRINITY_DN3215_c0_g1_i2:164-679    -            172 4693at3041           -            342   3.4e-07   26.7   0.0   1   1   4.5e-08     4e-07   26.5   0.0    24   148    23   167     7   172 0.73 -
TRINITY_DN460_c0_g1_i2:476-1411    -            312 4693at3041           -            342     4e-07   26.5   0.0   1   2   4.7e-06   4.2e-05   19.9   0.0    20   147    24   147    13   151 0.77 -
TRINITY_DN460_c0_g1_i2:476-1411    -            312 4693at3041           -            342     4e-07   26.5   0.0   2   2       0.2       1.8    4.7   0.0   167   195   218   246   191   288 0.84 -
TRINITY_DN46786_c0_g1_i2:0-794     -            265 4693at3041           -            342   4.4e-07   26.4   0.0   1   2   7.7e-06   6.9e-05   19.2   0.0    98   146    20    67     4    74 0.83 -
TRINITY_DN46786_c0_g1_i2:0-794     -            265 4693at3041           -            342   4.4e-07   26.4   0.0   2   2      0.13       1.2    5.3   0.0   155   194   225   265   215   265 0.82 -
TRINITY_DN589_c0_g2_i11:1463-2122  -            220 4693at3041           -            342   4.5e-07   26.4   0.0   1   1     1e-06     9e-06   22.1   0.0   102   194    49   166    31   171 0.71 -
TRINITY_DN356_c0_g2_i1:236-877     -            214 4693at3041           -            342   4.8e-07   26.3   0.0   1   1   7.5e-08   6.6e-07   25.8   0.0    32   147    96   212    68   214 0.83 -
TRINITY_DN9266_c0_g1_i1:56-544     -            163 4693at3041           -            342   4.8e-07   26.3   0.0   1   1   7.1e-08   6.3e-07   25.9   0.0   118   194     8    98     3   104 0.77 -
TRINITY_DN6878_c0_g1_i1:575-1039   -            155 4693at3041           -            342   5.5e-07   26.1   0.0   1   1     7e-08   6.2e-07   25.9   0.0   103   194     3   104     1   121 0.73 -
TRINITY_DN7516_c0_g1_i1:31-999     -            323 4693at3041           -            342   5.5e-07   26.1   0.0   1   2    0.0023      0.02   11.1   0.0    26   136    24   128     2   133 0.85 -
TRINITY_DN7516_c0_g1_i1:31-999     -            323 4693at3041           -            342   5.5e-07   26.1   0.0   2   2   0.00055    0.0049   13.1   0.0   140   190   153   211   149   238 0.74 -
TRINITY_DN3215_c0_g1_i3:132-635    -            168 4693at3041           -            342   5.7e-07   26.0   0.0   1   1   7.5e-08   6.6e-07   25.8   0.0    24   146    23   165     7   168 0.73 -
TRINITY_DN34895_c0_g1_i1:2-457     -            152 4693at3041           -            342   6.6e-07   25.8   0.0   1   1   1.4e-07   1.2e-06   24.9   0.0     8   146    17   151    13   152 0.82 -
TRINITY_DN1071_c0_g1_i1:1-435      -            145 4693at3041           -            342   7.3e-07   25.7   0.0   1   1   9.7e-08   8.6e-07   25.4   0.0     9   147     2   143     1   145 0.80 -
TRINITY_DN518_c0_g1_i15:31-753     -            241 4693at3041           -            342   7.6e-07   25.6   0.0   1   1   2.9e-07   2.6e-06   23.9   0.0     3   194    10   214     8   236 0.64 -
TRINITY_DN2703_c0_g1_i1:497-994    -            166 4693at3041           -            342   7.7e-07   25.6   0.1   1   1     1e-07     9e-07   25.4   0.1   122   199    28   118     2   133 0.75 -
TRINITY_DN2703_c0_g1_i2:1085-1582  -            166 4693at3041           -            342   7.7e-07   25.6   0.1   1   1     1e-07     9e-07   25.4   0.1   122   199    28   118     2   133 0.75 -
TRINITY_DN2703_c0_g1_i5:104-601    -            166 4693at3041           -            342   7.7e-07   25.6   0.1   1   1     1e-07     9e-07   25.4   0.1   122   199    28   118     2   133 0.75 -
TRINITY_DN186_c0_g1_i5:1792-2685   -            298 4693at3041           -            342   9.7e-07   25.3   0.0   1   2       1.9        17    1.4   0.0     8    63    43    98    39   109 0.80 -
TRINITY_DN186_c0_g1_i5:1792-2685   -            298 4693at3041           -            342   9.7e-07   25.3   0.0   2   2   1.6e-06   1.4e-05   21.5   0.0    95   182   190   297   175   298 0.68 -
TRINITY_DN46786_c0_g1_i1:0-734     -            245 4693at3041           -            342   1.1e-06   25.1   0.0   1   2     2e-05   0.00018   17.8   0.0   103   146     5    47     1    54 0.84 -
TRINITY_DN46786_c0_g1_i1:0-734     -            245 4693at3041           -            342   1.1e-06   25.1   0.0   2   2      0.12         1    5.5   0.0   155   194   205   245   195   245 0.82 -
TRINITY_DN2013_c0_g1_i2:223-489    -             89 4693at3041           -            342   1.3e-06   24.8   0.0   1   1   3.4e-07     3e-06   23.6   0.0   123   169     2    52     1    59 0.80 -
TRINITY_DN51364_c0_g1_i1:25-384    -            120 4693at3041           -            342   1.4e-06   24.7   0.0   1   2    0.0013     0.011   11.9   0.0   123   147     6    31     3    41 0.86 -
TRINITY_DN51364_c0_g1_i1:25-384    -            120 4693at3041           -            342   1.4e-06   24.7   0.0   2   2    0.0022      0.02   11.1   0.0   154   194    79   119    72   120 0.84 -
TRINITY_DN2594_c0_g1_i3:278-730    -            151 4693at3041           -            342   1.5e-06   24.6   0.0   1   1   2.1e-07   1.8e-06   24.4   0.0    98   149    95   147     1   151 0.72 -
TRINITY_DN518_c0_g1_i11:847-1938   -            333 4693at3041           -            342   1.6e-06   24.5   0.0   1   1   6.1e-07   5.4e-06   22.8   0.0     3   194    10   214     8   236 0.65 -
TRINITY_DN647_c0_g1_i1:52-1050     -            333 4693at3041           -            342   1.8e-06   24.4   0.0   1   1   6.2e-07   5.5e-06   22.8   0.0    98   199   170   292   144   315 0.69 -
TRINITY_DN6948_c2_g1_i3:682-1599   -            306 4693at3041           -            342   2.1e-06   24.2   0.0   1   1   7.2e-07   6.4e-06   22.6   0.0    84   194    82   208    72   230 0.72 -
TRINITY_DN518_c0_g1_i9:887-1867    -            327 4693at3041           -            342   2.2e-06   24.1   0.0   1   1   7.6e-07   6.8e-06   22.5   0.0     8   194    16   214     8   236 0.63 -
TRINITY_DN6948_c2_g1_i2:682-1494   -            271 4693at3041           -            342   2.2e-06   24.1   0.0   1   1   6.2e-07   5.5e-06   22.8   0.0    84   194    47   173    41   195 0.71 -
TRINITY_DN518_c0_g1_i13:847-1845   -            333 4693at3041           -            342   2.3e-06   24.0   0.0   1   1     8e-07   7.1e-06   22.4   0.0     8   194    16   214     8   236 0.63 -
TRINITY_DN518_c0_g1_i3:847-1975    -            333 4693at3041           -            342   2.3e-06   24.0   0.0   1   1     8e-07   7.1e-06   22.4   0.0     8   194    16   214     8   236 0.63 -
TRINITY_DN647_c0_g3_i2:26-880      -            285 4693at3041           -            342   2.5e-06   23.9   0.0   1   2      0.16       1.5    5.0   0.0     6    67    11    75     7    77 0.73 -
TRINITY_DN647_c0_g3_i2:26-880      -            285 4693at3041           -            342   2.5e-06   23.9   0.0   2   2   4.5e-05    0.0004   16.7   0.0    81   194   126   262   116   281 0.74 -
TRINITY_DN186_c2_g2_i1:2-289       -             96 4693at3041           -            342   2.8e-06   23.8   0.0   1   1   3.4e-07     3e-06   23.6   0.0    48   136     1    90     1    95 0.86 -
TRINITY_DN1995_c0_g3_i1:20-484     -            155 4693at3041           -            342     3e-06   23.7   0.0   1   1   3.9e-07   3.5e-06   23.5   0.0   137   215     4    90     2   122 0.82 -
TRINITY_DN1540_c0_g1_i1:17-337     -            107 4693at3041           -            342   3.1e-06   23.6   0.0   1   1   3.5e-07   3.1e-06   23.6   0.0   100   150    22    71     7    99 0.87 -
TRINITY_DN2476_c0_g1_i4:91-714     -            208 4693at3041           -            342   3.2e-06   23.6   0.0   1   1   4.9e-07   4.4e-06   23.1   0.0    24   150    21   165    16   171 0.77 -
TRINITY_DN2067_c0_g1_i1:216-620    -            135 4693at3041           -            342   3.6e-06   23.4   0.0   1   1   5.1e-07   4.5e-06   23.1   0.0    76   192     2   135     1   135 0.74 -
TRINITY_DN186_c0_g3_i2:1720-2469   -            250 4693at3041           -            342   3.9e-06   23.3   0.0   1   2       2.1        19    1.3   0.0     7    61     9    62     5    70 0.69 -
TRINITY_DN186_c0_g3_i2:1720-2469   -            250 4693at3041           -            342   3.9e-06   23.3   0.0   2   2   4.9e-06   4.4e-05   19.8   0.0    99   194   139   249   108   250 0.70 -
TRINITY_DN186_c0_g3_i4:1396-2145   -            250 4693at3041           -            342   3.9e-06   23.3   0.0   1   2       2.1        19    1.3   0.0     7    61     9    62     5    70 0.69 -
TRINITY_DN186_c0_g3_i4:1396-2145   -            250 4693at3041           -            342   3.9e-06   23.3   0.0   2   2   4.9e-06   4.4e-05   19.8   0.0    99   194   139   249   108   250 0.70 -
TRINITY_DN78_c0_g2_i1:2-874        -            291 4693at3041           -            342   4.7e-06   23.0   0.0   1   1   1.9e-06   1.7e-05   21.2   0.0    33   147    33   144     1   147 0.71 -
TRINITY_DN208_c0_g1_i19:1869-2714  -            282 4693at3041           -            342   5.2e-06   22.9   0.0   1   1   3.4e-06     3e-05   20.4   0.0    69   192    78   219    67   225 0.67 -
TRINITY_DN208_c0_g1_i1:1027-1872   -            282 4693at3041           -            342   5.2e-06   22.9   0.0   1   1   3.4e-06     3e-05   20.4   0.0    69   192    78   219    67   225 0.67 -
TRINITY_DN32029_c0_g1_i1:0-494     -            165 4693at3041           -            342   8.4e-06   22.2   0.1   1   1   1.1e-06   9.8e-06   22.0   0.1   119   194    27   116     4   134 0.72 -
TRINITY_DN1634_c0_g1_i1:9-425      -            139 4693at3041           -            342   9.2e-06   22.1   0.0   1   1   1.1e-06   9.8e-06   22.0   0.0    23   136    27   137     7   139 0.77 -
TRINITY_DN78_c0_g2_i3:269-958      -            230 4693at3041           -            342   1.1e-05   21.8   0.0   1   2   5.5e-06   4.9e-05   19.7   0.0    98   147    51   100     2   103 0.74 -
TRINITY_DN78_c0_g2_i3:269-958      -            230 4693at3041           -            342   1.1e-05   21.8   0.0   2   2       7.6        68   -0.5   0.0   289   319   133   162   130   175 0.83 -
TRINITY_DN25502_c0_g1_i1:1379-2005 -            209 4693at3041           -            342   1.1e-05   21.8   0.0   1   1   1.8e-06   1.6e-05   21.3   0.0    99   166   137   208   131   209 0.76 -
TRINITY_DN208_c0_g1_i15:534-1361   -            276 4693at3041           -            342   1.1e-05   21.8   0.0   1   1   3.6e-06   3.2e-05   20.3   0.0    84   194    89   218    71   222 0.75 -
TRINITY_DN556_c0_g1_i1:132-659     -            176 4693at3041           -            342   1.3e-05   21.5   0.0   1   1   1.7e-06   1.5e-05   21.3   0.0   103   195    11   119     1   136 0.69 -
TRINITY_DN494_c0_g1_i14:1710-2678  -            323 4693at3041           -            342   1.6e-05   21.3   0.0   1   2      0.48       4.2    3.4   0.0     6    67    12    76     9    97 0.73 -
TRINITY_DN494_c0_g1_i14:1710-2678  -            323 4693at3041           -            342   1.6e-05   21.3   0.0   2   2   8.7e-05   0.00078   15.7   0.0   120   194   172   260   146   274 0.73 -
TRINITY_DN2429_c0_g1_i1:68-703     -            212 4693at3041           -            342   1.8e-05   21.1   0.0   1   2     0.084      0.75    5.9   0.0     8    59    12    64     5    74 0.77 -
TRINITY_DN2429_c0_g1_i1:68-703     -            212 4693at3041           -            342   1.8e-05   21.1   0.0   2   2   0.00023    0.0021   14.3   0.0    38   145    72   178    41   212 0.73 -
TRINITY_DN186_c0_g5_i1:1948-2868   -            307 4693at3041           -            342   1.9e-05   21.0   0.0   1   2      0.13       1.1    5.3   0.0     6    68     6    67     2    73 0.77 -
TRINITY_DN186_c0_g5_i1:1948-2868   -            307 4693at3041           -            342   1.9e-05   21.0   0.0   2   2   0.00038    0.0034   13.6   0.0   102   195   139   248    92   260 0.69 -
TRINITY_DN494_c0_g1_i6:1710-2678   -            323 4693at3041           -            342     2e-05   21.0   0.0   1   2      0.84       7.5    2.6   0.0     7    63    13    72     9    80 0.77 -
TRINITY_DN494_c0_g1_i6:1710-2678   -            323 4693at3041           -            342     2e-05   21.0   0.0   2   2   6.3e-05   0.00056   16.2   0.0   120   194   172   260   144   274 0.73 -
TRINITY_DN2266_c0_g3_i1:247-1038   -            264 4693at3041           -            342   2.2e-05   20.8   0.0   1   1     3e-06   2.6e-05   20.6   0.0    87   194    21   135     8   186 0.74 -
TRINITY_DN518_c0_g1_i14:847-1906   -            333 4693at3041           -            342   2.7e-05   20.5   0.0   1   1   9.5e-06   8.4e-05   18.9   0.0     8   194    16   214     8   236 0.63 -
TRINITY_DN46657_c0_g1_i1:215-1147  -            311 4693at3041           -            342   2.8e-05   20.5   0.1   1   2     4e-05   0.00036   16.8   0.1    46   148    48   148     2   199 0.72 -
TRINITY_DN46657_c0_g1_i1:215-1147  -            311 4693at3041           -            342   2.8e-05   20.5   0.1   2   2       9.9        88   -0.9   0.0    23    69   186   232   166   239 0.65 -
TRINITY_DN1617_c0_g1_i1:1854-2402  -            183 4693at3041           -            342   2.9e-05   20.4   0.0   1   1   3.5e-05   0.00031   17.0   0.0    98   189     2   111     1   138 0.80 -
TRINITY_DN78_c0_g1_i2:39-899       -            287 4693at3041           -            342     3e-05   20.4   0.0   1   1   7.8e-06   6.9e-05   19.2   0.0    98   148    93   143     4   150 0.77 -
TRINITY_DN6270_c0_g1_i3:167-751    -            195 4693at3041           -            342   3.5e-05   20.2   0.0   1   2       4.8        43    0.1   0.0    41    67     5    31     4    56 0.85 -
TRINITY_DN6270_c0_g1_i3:167-751    -            195 4693at3041           -            342   3.5e-05   20.2   0.0   2   2   1.7e-05   0.00016   18.0   0.0   129   197    65   146    48   186 0.72 -
TRINITY_DN957_c0_g1_i1:220-654     -            145 4693at3041           -            342     4e-05   20.0   0.0   1   1   5.9e-06   5.3e-05   19.6   0.0     8   134    10   144     5   145 0.75 -
TRINITY_DN4165_c0_g1_i2:115-396    -             94 4693at3041           -            342   4.2e-05   19.9   0.0   1   1   4.7e-06   4.2e-05   19.9   0.0    95   166    19    94     1    94 0.73 -
TRINITY_DN24179_c0_g1_i1:6-392     -            129 4693at3041           -            342   4.8e-05   19.7   0.0   1   1   7.6e-06   6.8e-05   19.2   0.0   123   190     1    81     1    95 0.69 -
TRINITY_DN2905_c0_g2_i1:759-1595   -            279 4693at3041           -            342   6.3e-05   19.3   0.0   1   2       1.7        15    1.6   0.0     9    61     1    52     1    60 0.83 -
TRINITY_DN2905_c0_g2_i1:759-1595   -            279 4693at3041           -            342   6.3e-05   19.3   0.0   2   2   9.6e-05   0.00085   15.6   0.0    71   194    97   238    94   245 0.75 -
TRINITY_DN1097_c0_g1_i1:1996-2547  -            184 4693at3041           -            342   6.5e-05   19.3   0.0   1   2       3.2        28    0.7   0.0   122   139    15    32     9    53 0.81 -
TRINITY_DN1097_c0_g1_i1:1996-2547  -            184 4693at3041           -            342   6.5e-05   19.3   0.0   2   2     6e-05   0.00053   16.3   0.0   158   203    89   135    83   146 0.88 -
TRINITY_DN1097_c0_g1_i4:1994-2545  -            184 4693at3041           -            342   6.5e-05   19.3   0.0   1   2       3.2        28    0.7   0.0   122   139    15    32     9    53 0.81 -
TRINITY_DN1097_c0_g1_i4:1994-2545  -            184 4693at3041           -            342   6.5e-05   19.3   0.0   2   2     6e-05   0.00053   16.3   0.0   158   203    89   135    83   146 0.88 -
TRINITY_DN494_c0_g1_i11:1710-2678  -            323 4693at3041           -            342   6.9e-05   19.2   0.0   1   2       3.4        30    0.6   0.0     6    63    12    72     9    79 0.76 -
TRINITY_DN494_c0_g1_i11:1710-2678  -            323 4693at3041           -            342   6.9e-05   19.2   0.0   2   2   6.3e-05   0.00056   16.2   0.0   120   194   172   260   144   274 0.73 -
TRINITY_DN1932_c0_g1_i1:104-622    -            173 4693at3041           -            342   7.3e-05   19.1   0.0   1   1     1e-05   9.3e-05   18.8   0.0   108   197     7   107     2   135 0.73 -
TRINITY_DN494_c0_g1_i15:1710-2699  -            330 4693at3041           -            342   7.5e-05   19.1   0.0   1   2       3.5        31    0.6   0.0     6    63    12    72     9    79 0.76 -
TRINITY_DN494_c0_g1_i15:1710-2699  -            330 4693at3041           -            342   7.5e-05   19.1   0.0   2   2   6.6e-05   0.00059   16.1   0.0   120   194   179   267   151   281 0.73 -
TRINITY_DN4393_c0_g2_i1:250-642    -            131 4693at3041           -            342     8e-05   19.0   0.0   1   1   9.4e-06   8.4e-05   18.9   0.0   157   192    45    80     1    94 0.87 -
TRINITY_DN21940_c0_g1_i1:32-478    -            149 4693at3041           -            342   8.8e-05   18.8   0.0   1   1   9.9e-06   8.8e-05   18.8   0.0   122   192    69   147    15   149 0.78 -
TRINITY_DN18561_c0_g2_i1:10-450    -            147 4693at3041           -            342   9.1e-05   18.8   0.0   1   1   1.1e-05    0.0001   18.6   0.0   105   195    43   143    12   146 0.73 -
TRINITY_DN2014_c0_g1_i3:0-449      -            150 4693at3041           -            342    0.0001   18.6   0.0   1   1   1.3e-05   0.00012   18.4   0.0   114   191    62   150    14   150 0.71 -
TRINITY_DN1765_c0_g1_i2:39-551     -            171 4693at3041           -            342   0.00011   18.6   0.2   1   2     0.018      0.16    8.1   0.0    77   139     4    71     1    84 0.68 -
TRINITY_DN1765_c0_g1_i2:39-551     -            171 4693at3041           -            342   0.00011   18.6   0.2   2   2     0.011     0.095    8.9   0.0   151   190   130   170   109   171 0.85 -
TRINITY_DN3953_c0_g1_i2:1-270      -             90 4693at3041           -            342   0.00011   18.5   0.0   1   1   1.2e-05   0.00011   18.5   0.0   148   194    21    68     1    83 0.77 -
TRINITY_DN3953_c0_g1_i1:97-366     -             90 4693at3041           -            342   0.00011   18.5   0.0   1   1   1.3e-05   0.00011   18.5   0.0   148   194    21    68     1    82 0.77 -
TRINITY_DN2907_c0_g1_i1:8-385      -            126 4693at3041           -            342   0.00011   18.5   0.0   1   1   1.6e-05   0.00014   18.2   0.0   102   150    29    77    16    82 0.81 -
TRINITY_DN2905_c0_g1_i1:1311-1736  -            142 4693at3041           -            342   0.00011   18.5   0.0   1   1   1.7e-05   0.00015   18.0   0.0   123   194    17   102     2   109 0.73 -
TRINITY_DN650_c0_g1_i2:322-906     -            195 4693at3041           -            342   0.00011   18.5   0.1   1   1   3.5e-05   0.00031   17.0   0.1   102   196    36   146    26   156 0.75 -
TRINITY_DN2014_c0_g1_i1:0-449      -            150 4693at3041           -            342   0.00013   18.3   0.0   1   1   1.7e-05   0.00015   18.1   0.0   121   191    67   150    12   150 0.72 -
TRINITY_DN7443_c0_g1_i1:637-1191   -            185 4693at3041           -            342   0.00015   18.1   0.0   1   1   4.6e-05   0.00041   16.6   0.0    80   137   119   176    40   180 0.77 -
TRINITY_DN13025_c0_g2_i1:7-459     -            151 4693at3041           -            342    0.0002   17.7   0.1   1   1   0.00016    0.0014   14.9   0.1     8   135     4   151     3   151 0.71 -
TRINITY_DN808_c0_g6_i1:1011-1655   -            215 4693at3041           -            342    0.0002   17.6   0.0   1   1   6.9e-05   0.00061   16.1   0.0   103   197    40   155    10   165 0.60 -
TRINITY_DN6778_c0_g1_i1:327-872    -            182 4693at3041           -            342   0.00023   17.5   0.0   1   1   8.3e-05   0.00074   15.8   0.0   120   169    10    63     1   146 0.77 -
TRINITY_DN2905_c0_g1_i2:1311-1736  -            142 4693at3041           -            342   0.00023   17.5   0.0   1   1   3.3e-05    0.0003   17.1   0.0   123   194    17   102     2   116 0.74 -
TRINITY_DN20988_c0_g1_i1:95-424    -            110 4693at3041           -            342   0.00028   17.2   0.0   1   1   3.5e-05   0.00031   17.0   0.0    37   134    16   109     4   110 0.77 -
TRINITY_DN2961_c1_g5_i1:21-467     -            149 4693at3041           -            342   0.00039   16.7   0.1   1   2       1.9        17    1.5   0.0    44    85     8    47     4    68 0.74 -
TRINITY_DN2961_c1_g5_i1:21-467     -            149 4693at3041           -            342   0.00039   16.7   0.1   2   2   0.00042    0.0037   13.5   0.0   109   146   104   146    90   149 0.76 -
TRINITY_DN2194_c1_g1_i1:165-671    -            169 4693at3041           -            342   0.00045   16.5   0.0   1   1   0.00024    0.0021   14.3   0.0    37   130    57   157    39   160 0.69 -
TRINITY_DN2167_c0_g1_i1:257-490    -             78 4693at3041           -            342   0.00051   16.3   0.0   1   1   6.2e-05   0.00055   16.2   0.0   141   194     2    63     1    72 0.78 -
TRINITY_DN39345_c0_g1_i1:381-893   -            171 4693at3041           -            342   0.00056   16.2   0.1   1   2     0.034      0.31    7.2   0.0   108   137     4    34     1    51 0.74 -
TRINITY_DN39345_c0_g1_i1:381-893   -            171 4693at3041           -            342   0.00056   16.2   0.1   2   2     0.032      0.29    7.3   0.0   153   197   120   168   111   170 0.75 -
TRINITY_DN3135_c0_g1_i2:39-500     -            154 4693at3041           -            342   0.00064   16.0   0.0   1   1   0.00011   0.00097   15.4   0.0   122   196    15   109     1   122 0.68 -
TRINITY_DN1213_c0_g2_i12:1389-2189 -            267 4693at3041           -            342   0.00068   15.9   0.0   1   1   0.00011     0.001   15.4   0.0     5   149     8   154     5   210 0.77 -
TRINITY_DN1213_c0_g2_i14:1389-2189 -            267 4693at3041           -            342   0.00068   15.9   0.0   1   1   0.00011     0.001   15.4   0.0     5   149     8   154     5   210 0.77 -
TRINITY_DN1213_c0_g2_i18:1389-2189 -            267 4693at3041           -            342   0.00068   15.9   0.0   1   1   0.00011     0.001   15.4   0.0     5   149     8   154     5   210 0.77 -
TRINITY_DN1213_c0_g2_i26:335-1135  -            267 4693at3041           -            342   0.00068   15.9   0.0   1   1   0.00011     0.001   15.4   0.0     5   149     8   154     5   210 0.77 -
TRINITY_DN1213_c0_g2_i31:1389-2189 -            267 4693at3041           -            342   0.00068   15.9   0.0   1   1   0.00011     0.001   15.4   0.0     5   149     8   154     5   210 0.77 -
TRINITY_DN30975_c0_g1_i1:60-380    -            107 4693at3041           -            342    0.0007   15.9   0.1   1   1     9e-05    0.0008   15.7   0.1   155   196    21    63     3    73 0.84 -
TRINITY_DN38107_c0_g1_i1:13-333    -            107 4693at3041           -            342   0.00072   15.8   0.0   1   1   8.1e-05   0.00072   15.8   0.0   101   137    72   105     1   107 0.83 -
TRINITY_DN5090_c0_g1_i2:168-788    -            207 4693at3041           -            342   0.00075   15.8   0.0   1   1   0.00013    0.0011   15.2   0.0    98   196    29   145     1   163 0.65 -
TRINITY_DN480_c0_g2_i1:101-796     -            232 4693at3041           -            342   0.00078   15.7   0.0   1   1   0.00058    0.0052   13.0   0.0   104   191   121   232   114   232 0.61 -
TRINITY_DN735_c0_g1_i2:157-837     -            227 4693at3041           -            342   0.00095   15.4   0.0   1   1   0.00014    0.0012   15.1   0.0   120   194   125   211    95   220 0.72 -
TRINITY_DN6948_c1_g1_i2:14-313     -            100 4693at3041           -            342    0.0011   15.2   0.0   1   1   0.00014    0.0012   15.1   0.0   158   195     1    39     1    61 0.83 -
TRINITY_DN6948_c1_g1_i3:143-442    -            100 4693at3041           -            342    0.0011   15.2   0.0   1   1   0.00014    0.0012   15.1   0.0   158   195     1    39     1    61 0.83 -
TRINITY_DN735_c0_g1_i3:84-875      -            264 4693at3041           -            342    0.0012   15.1   0.0   1   1   0.00018    0.0016   14.7   0.0   121   194   126   211    96   232 0.74 -
TRINITY_DN6948_c0_g1_i1:339-737    -            133 4693at3041           -            342    0.0012   15.1   0.0   1   1   0.00015    0.0013   15.0   0.0     6   135     4   133     1   133 0.82 -
TRINITY_DN8749_c0_g1_i1:75-554     -            160 4693at3041           -            342    0.0017   14.6   0.0   1   1   0.00026    0.0023   14.2   0.0   122   195     5    86     2    95 0.79 -
TRINITY_DN40099_c0_g1_i1:147-665   -            173 4693at3041           -            342    0.0028   13.9   0.0   1   1   0.00049    0.0044   13.3   0.0   156   196    45    86    37   133 0.82 -
TRINITY_DN18561_c0_g1_i1:40-474    -            145 4693at3041           -            342    0.0032   13.7   0.0   1   1   0.00077    0.0068   12.6   0.0   103   195    34   141    27   144 0.74 -
TRINITY_DN1241_c0_g1_i1:4-348      -            115 4693at3041           -            342    0.0032   13.7   0.0   1   1   0.00053    0.0047   13.2   0.0   149   191    72   115    23   115 0.83 -
TRINITY_DN1241_c0_g1_i2:4-348      -            115 4693at3041           -            342    0.0032   13.7   0.0   1   1   0.00053    0.0047   13.2   0.0   149   191    72   115    23   115 0.83 -
TRINITY_DN459_c0_g1_i1:2-454       -            151 4693at3041           -            342    0.0032   13.7   0.0   1   1   0.00043    0.0038   13.5   0.0   142   217    30   113    22   128 0.79 -
TRINITY_DN28695_c0_g1_i1:2-259     -             86 4693at3041           -            342    0.0047   13.2   0.0   1   1   0.00052    0.0047   13.2   0.0    46    77    54    84     1    86 0.70 -
TRINITY_DN314_c0_g1_i5:373-951     -            193 4693at3041           -            342    0.0048   13.1   0.0   1   1   0.00067    0.0059   12.8   0.0   100   135   152   186    44   190 0.66 -
TRINITY_DN314_c0_g1_i3:185-867     -            201 4693at3041           -            342    0.0053   13.0   0.1   1   1   0.00074    0.0066   12.7   0.1   100   135   160   194    52   198 0.66 -
TRINITY_DN314_c0_g1_i6:275-877     -            201 4693at3041           -            342    0.0053   13.0   0.1   1   1   0.00074    0.0066   12.7   0.1   100   135   160   194    52   198 0.66 -
TRINITY_DN314_c0_g1_i9:185-787     -            201 4693at3041           -            342    0.0053   13.0   0.1   1   1   0.00074    0.0066   12.7   0.1   100   135   160   194    52   198 0.66 -
TRINITY_DN2777_c2_g1_i1:7-855      -            283 4693at3041           -            342    0.0067   12.6   0.1   1   1    0.0021     0.019   11.2   0.1   121   195   144   238   122   259 0.66 -
TRINITY_DN55082_c0_g1_i1:46-399    -            118 4693at3041           -            342    0.0083   12.3   0.0   1   1    0.0012      0.01   12.0   0.0   104   139    61    94    55   112 0.79 -
TRINITY_DN6948_c0_g1_i2:339-710    -            124 4693at3041           -            342    0.0084   12.3   0.0   1   1     0.001    0.0089   12.2   0.0    40   135    33   124     2   124 0.83 -
TRINITY_DN1213_c0_g2_i13:1389-2147 -            253 4693at3041           -            342     0.012   11.8   0.0   1   1    0.0018     0.016   11.4   0.0    77   149    68   140    14   196 0.70 -
TRINITY_DN56072_c0_g1_i1:71-490    -            140 4693at3041           -            342     0.012   11.8   0.1   1   1     0.004     0.036   10.3   0.1    86   136    89   138     1   140 0.60 -
TRINITY_DN2777_c0_g1_i3:859-1299   -            147 4693at3041           -            342     0.017   11.3   0.0   1   1    0.0021     0.019   11.2   0.0   125   236     1   119     1   142 0.74 -
TRINITY_DN480_c0_g4_i1:118-624     -            169 4693at3041           -            342     0.024   10.8   0.0   1   1    0.0037     0.033   10.4   0.0   103   137    95   130    80   152 0.72 -
TRINITY_DN569_c0_g1_i1:32-328      -             99 4693at3041           -            342     0.025   10.7   0.0   1   1    0.0029     0.025   10.7   0.0    98   146    50    97     9    99 0.84 -
TRINITY_DN35654_c0_g1_i1:40-858    -            273 4693at3041           -            342     0.026   10.7   0.0   1   1    0.0041     0.036   10.2   0.0   121   155   111   147    85   169 0.80 -
TRINITY_DN1251_c0_g1_i4:2400-2885  -            162 4693at3041           -            342     0.028   10.6   0.1   1   1    0.0039     0.035   10.3   0.1   154   194    63   104     1   115 0.74 -
TRINITY_DN1251_c0_g1_i5:2599-3084  -            162 4693at3041           -            342     0.028   10.6   0.1   1   1    0.0039     0.035   10.3   0.1   154   194    63   104     1   115 0.74 -
#
# Program:         hmmsearch
# Version:         3.2.1 (June 2018)
# Pipeline mode:   SEARCH
# Query file:      /sw/bioinfo/BUSCO/v5_lineage_sets/lineages/chlorophyta_odb10/hmms/4693at3041.hmm
# Target file:     /crex/proj/snic2022-23-81/expression_algae/code/busco/trinity_VA-3180-Osg11Pal/run_chlorophyta_odb10/metaeuk_output/initial_results/trinity_VA-3180-Osg11Pal.Trinity.fasta.modified.fas
# Option settings: hmmsearch --domtblout /crex/proj/snic2022-23-81/expression_algae/code/busco/trinity_VA-3180-Osg11Pal/run_chlorophyta_odb10/hmmer_output/initial_run_results/4693at3041.out --cpu 1 /sw/bioinfo/BUSCO/v5_lineage_sets/lineages/chlorophyta_odb10/hmms/4693at3041.hmm /crex/proj/snic2022-23-81/expression_algae/code/busco/trinity_VA-3180-Osg11Pal/run_chlorophyta_odb10/metaeuk_output/initial_results/trinity_VA-3180-Osg11Pal.Trinity.fasta.modified.fas 
# Current dir:     /crex/proj/snic2022-23-81/expression_algae/code/busco
# Date:            Fri Sep 23 10:12:15 2022
# [ok]
