#                                                                                        --- full sequence --- -------------- this domain -------------   hmm coord   ali coord   env coord
# target name                    accession   tlen query name           accession   qlen   E-value  score  bias   #  of  c-Evalue  i-Evalue  score  bias  from    to  from    to  from    to  acc description of target
#            ------------------- ---------- ----- -------------------- ---------- ----- --------- ------ ----- --- --- --------- --------- ------ ----- ----- ----- ----- ----- ----- ----- ---- ---------------------
TRINITY_DN6477_c0_g1_i1:2-985    -            328 5502at3041           -            220   5.6e-42  141.3   0.0   1   1   1.1e-42   3.8e-40  135.3   0.0    16   196    90   316    79   328 0.81 -
TRINITY_DN3209_c0_g1_i5:486-1028 -            181 5502at3041           -            220   9.7e-10   35.9   0.1   1   2   9.6e-11   3.2e-08   30.9   0.0    21    63    44    87    34   106 0.87 -
TRINITY_DN3209_c0_g1_i5:486-1028 -            181 5502at3041           -            220   9.7e-10   35.9   0.1   2   2     0.027       8.9    3.3   0.0   115   143   151   179   116   181 0.78 -
TRINITY_DN3209_c0_g1_i7:440-952  -            171 5502at3041           -            220   1.5e-08   32.0   0.1   1   2   8.9e-11     3e-08   31.0   0.0    21    63    41    84    31   101 0.88 -
TRINITY_DN3209_c0_g1_i7:440-952  -            171 5502at3041           -            220   1.5e-08   32.0   0.1   2   2       1.9   6.3e+02   -2.7   0.0   118   136   151   169   123   170 0.54 -
TRINITY_DN3209_c0_g1_i3:483-1007 -            175 5502at3041           -            220   1.6e-08   31.9   0.1   1   2   9.3e-11   3.1e-08   31.0   0.0    21    63    45    88    35   105 0.88 -
TRINITY_DN3209_c0_g1_i3:483-1007 -            175 5502at3041           -            220   1.6e-08   31.9   0.1   2   2       1.9   6.5e+02   -2.8   0.0   118   136   155   173   127   174 0.54 -
TRINITY_DN3209_c0_g1_i6:8-460    -            151 5502at3041           -            220   3.5e-06   24.3   0.0   1   1   1.5e-08   4.9e-06   23.8   0.0    18    61    52    96    47   108 0.86 -
TRINITY_DN53288_c0_g1_i1:69-581  -            171 5502at3041           -            220   2.3e-05   21.6   0.0   1   1   1.5e-07   4.9e-05   20.5   0.0    18    69    46    99    43   103 0.83 -
TRINITY_DN11674_c0_g2_i1:90-503  -            138 5502at3041           -            220   0.00015   18.9   0.0   1   1   6.8e-07   0.00023   18.3   0.0    22    64    25    68    15    76 0.87 -
TRINITY_DN53794_c0_g1_i1:2-472   -            157 5502at3041           -            220    0.0018   15.4   0.0   1   1   8.4e-06    0.0028   14.8   0.0    18    64    21    68    14    73 0.86 -
TRINITY_DN963_c0_g1_i4:304-2451  -            716 5502at3041           -            220     0.033   11.3   0.0   1   1   0.00017     0.056   10.5   0.0   136   172   108   145    64   148 0.80 -
#
# Program:         hmmsearch
# Version:         3.2.1 (June 2018)
# Pipeline mode:   SEARCH
# Query file:      /sw/bioinfo/BUSCO/v5_lineage_sets/lineages/chlorophyta_odb10/hmms/5502at3041.hmm
# Target file:     /crex/proj/snic2022-23-81/expression_algae/code/busco/trinity_VA-3180-Osg11Pal/run_chlorophyta_odb10/metaeuk_output/initial_results/trinity_VA-3180-Osg11Pal.Trinity.fasta.modified.fas
# Option settings: hmmsearch --domtblout /crex/proj/snic2022-23-81/expression_algae/code/busco/trinity_VA-3180-Osg11Pal/run_chlorophyta_odb10/hmmer_output/initial_run_results/5502at3041.out --cpu 1 /sw/bioinfo/BUSCO/v5_lineage_sets/lineages/chlorophyta_odb10/hmms/5502at3041.hmm /crex/proj/snic2022-23-81/expression_algae/code/busco/trinity_VA-3180-Osg11Pal/run_chlorophyta_odb10/metaeuk_output/initial_results/trinity_VA-3180-Osg11Pal.Trinity.fasta.modified.fas 
# Current dir:     /crex/proj/snic2022-23-81/expression_algae/code/busco
# Date:            Fri Sep 23 10:12:16 2022
# [ok]
