#                                                                                          --- full sequence --- -------------- this domain -------------   hmm coord   ali coord   env coord
# target name                      accession   tlen query name           accession   qlen   E-value  score  bias   #  of  c-Evalue  i-Evalue  score  bias  from    to  from    to  from    to  acc description of target
#              ------------------- ---------- ----- -------------------- ---------- ----- --------- ------ ----- --- --- --------- --------- ------ ----- ----- ----- ----- ----- ----- ----- ---- ---------------------
TRINITY_DN117_c0_g1_i1:90-929      -            280 5677at3041           -            214   6.5e-87  288.4  14.5   1   1   3.6e-86   1.6e-84  280.6  14.5     7   214    23   280    20   280 0.86 -
TRINITY_DN117_c0_g1_i2:90-572      -            161 5677at3041           -            214   5.3e-32  109.0   7.1   1   1   2.8e-33   1.2e-31  107.8   7.1     7   109    23   137    20   160 0.88 -
TRINITY_DN55175_c0_g1_i1:126-782   -            219 5677at3041           -            214   1.3e-21   75.1   0.1   1   2   5.4e-13   2.4e-11   41.5   0.0   126   198    22    94     6   109 0.88 -
TRINITY_DN55175_c0_g1_i1:126-782   -            219 5677at3041           -            214   1.3e-21   75.1   0.1   2   2   4.6e-10     2e-08   31.9   0.0   136   211   119   195   103   198 0.83 -
TRINITY_DN343_c0_g1_i1:237-734     -            166 5677at3041           -            214   5.6e-19   66.4   0.1   1   2   3.7e-11   1.6e-09   35.5   0.0   135   203     3    74     1    84 0.83 -
TRINITY_DN343_c0_g1_i1:237-734     -            166 5677at3041           -            214   5.6e-19   66.4   0.1   2   2   1.7e-09   7.4e-08   30.1   0.0   123   201    82   159    74   166 0.90 -
TRINITY_DN1425_c0_g1_i1:882-1361   -            160 5677at3041           -            214   3.6e-18   63.8   0.0   1   2   9.1e-11     4e-09   34.2   0.0   136   197     2    63     1    78 0.94 -
TRINITY_DN1425_c0_g1_i1:882-1361   -            160 5677at3041           -            214   3.6e-18   63.8   0.0   2   2   6.6e-09   2.9e-07   28.1   0.0   123   199    77   151    68   156 0.90 -
TRINITY_DN892_c0_g1_i3:284-802     -            173 5677at3041           -            214   1.4e-16   58.6   0.0   1   2     3e-08   1.3e-06   26.0   0.0   147   197    11    61     3    63 0.94 -
TRINITY_DN892_c0_g1_i3:284-802     -            173 5677at3041           -            214   1.4e-16   58.6   0.0   2   2   1.1e-09   4.7e-08   30.7   0.0   147   198   106   157    99   173 0.90 -
TRINITY_DN23579_c0_g1_i1:1-315     -            105 5677at3041           -            214   6.8e-14   49.8   0.0   1   1   1.8e-15     8e-14   49.6   0.0   137   213    20    96    13    97 0.95 -
TRINITY_DN777_c0_g1_i1:143-376     -             78 5677at3041           -            214     7e-14   49.7   0.1   1   1   1.6e-15     7e-14   49.7   0.1   139   201     1    62     1    75 0.79 -
TRINITY_DN1425_c0_g1_i5:1053-1532  -            160 5677at3041           -            214   7.4e-14   49.7   1.2   1   2   3.9e-06   0.00017   19.1   0.1   170   199    11    40     1    55 0.86 -
TRINITY_DN1425_c0_g1_i5:1053-1532  -            160 5677at3041           -            214   7.4e-14   49.7   1.2   2   2     2e-09   8.8e-08   29.8   0.0   131   199    76   142    65   157 0.84 -
TRINITY_DN32828_c0_g1_i1:58-408    -            117 5677at3041           -            214   2.7e-12   44.6   0.0   1   1   7.2e-14   3.2e-12   44.3   0.0   136   197    56   117    39   117 0.91 -
TRINITY_DN1425_c0_g1_i1:561-860    -            100 5677at3041           -            214   4.9e-12   43.7   0.1   1   1   1.2e-13   5.5e-12   43.6   0.1   130   199     9    77     3    92 0.90 -
TRINITY_DN30765_c0_g1_i1:263-487   -             75 5677at3041           -            214   1.8e-11   41.9   0.1   1   1   4.4e-13   1.9e-11   41.8   0.1   136   198     4    66     1    72 0.94 -
TRINITY_DN39845_c0_g1_i1:453-671   -             73 5677at3041           -            214   5.1e-11   40.4   0.0   1   1   1.2e-12   5.4e-11   40.3   0.0   140   210     3    73     1    73 0.96 -
TRINITY_DN45967_c0_g1_i1:2-325     -            108 5677at3041           -            214   5.7e-11   40.3   0.0   1   1   1.7e-12   7.4e-11   39.9   0.0   135   209    31   105    25   107 0.95 -
TRINITY_DN69_c0_g1_i1:69-731       -            221 5677at3041           -            214   1.7e-10   38.7   0.1   1   2     2e-08   8.7e-07   26.6   0.0   139   199    22    82    10    93 0.93 -
TRINITY_DN69_c0_g1_i1:69-731       -            221 5677at3041           -            214   1.7e-10   38.7   0.1   2   2     0.002     0.089   10.2   0.0   149   196   163   209   153   215 0.90 -
TRINITY_DN24866_c0_g1_i1:23-277    -             85 5677at3041           -            214   3.5e-10   37.7   0.0   1   1   8.1e-12   3.6e-10   37.6   0.0   136   201     1    67     1    82 0.82 -
TRINITY_DN4095_c0_g1_i1:162-398    -             79 5677at3041           -            214   5.6e-10   37.0   0.0   1   1   1.3e-11   5.7e-10   37.0   0.0   137   211     4    78     1    79 0.92 -
TRINITY_DN6835_c0_g1_i1:56-754     -            233 5677at3041           -            214   5.8e-10   37.0   0.2   1   2       3.1   1.4e+02   -0.2   0.0   175   202    76   103    66   117 0.77 -
TRINITY_DN6835_c0_g1_i1:56-754     -            233 5677at3041           -            214   5.8e-10   37.0   0.2   2   2   9.5e-11   4.2e-09   34.1   0.0   137   201   142   205   122   218 0.81 -
TRINITY_DN398_c0_g3_i1:294-551     -             86 5677at3041           -            214     9e-10   36.3   0.0   1   1   2.3e-11     1e-09   36.2   0.0   138   196    27    85    19    86 0.93 -
TRINITY_DN6687_c0_g1_i1:7-525      -            173 5677at3041           -            214   1.4e-09   35.7   0.0   1   1   5.6e-11   2.5e-09   34.9   0.0   146   201    28    83     4    96 0.86 -
TRINITY_DN38027_c0_g1_i1:89-292    -             68 5677at3041           -            214   1.5e-09   35.6   0.1   1   1   3.6e-11   1.6e-09   35.5   0.1   142   193     3    54     1    65 0.89 -
TRINITY_DN2022_c0_g1_i3:284-469    -             62 5677at3041           -            214   2.1e-09   35.1   0.0   1   1   4.9e-11   2.2e-09   35.1   0.0   151   202     1    52     1    61 0.90 -
TRINITY_DN46489_c0_g1_i1:39-254    -             72 5677at3041           -            214   6.6e-09   33.5   0.0   1   1   1.5e-10   6.6e-09   33.5   0.0   139   196     3    61     1    69 0.86 -
TRINITY_DN5292_c0_g1_i1:1-609      -            203 5677at3041           -            214   6.8e-09   33.5   0.2   1   1   2.7e-10   1.2e-08   32.7   0.2   136   188   150   201    97   203 0.94 -
TRINITY_DN1610_c0_g1_i4:479-706    -             76 5677at3041           -            214   6.9e-09   33.4   0.0   1   1   1.7e-10   7.7e-09   33.3   0.0   142   194    11    63     4    70 0.91 -
TRINITY_DN1610_c0_g1_i8:479-706    -             76 5677at3041           -            214   6.9e-09   33.4   0.0   1   1   1.7e-10   7.7e-09   33.3   0.0   142   194    11    63     4    70 0.91 -
TRINITY_DN1610_c0_g1_i5:2991-3281  -             97 5677at3041           -            214   1.1e-08   32.8   0.0   1   1   2.5e-10   1.1e-08   32.8   0.0   137   200    15    75     5    92 0.77 -
TRINITY_DN1570_c0_g1_i11:1092-1265 -             58 5677at3041           -            214   1.1e-08   32.7   0.0   1   1   2.6e-10   1.2e-08   32.7   0.0   146   199     3    56     1    58 0.95 -
TRINITY_DN1570_c0_g1_i19:1092-1265 -             58 5677at3041           -            214   1.1e-08   32.7   0.0   1   1   2.6e-10   1.2e-08   32.7   0.0   146   199     3    56     1    58 0.95 -
TRINITY_DN1570_c0_g1_i21:524-697   -             58 5677at3041           -            214   1.1e-08   32.7   0.0   1   1   2.6e-10   1.2e-08   32.7   0.0   146   199     3    56     1    58 0.95 -
TRINITY_DN1570_c0_g1_i48:1548-1721 -             58 5677at3041           -            214   1.1e-08   32.7   0.0   1   1   2.6e-10   1.2e-08   32.7   0.0   146   199     3    56     1    58 0.95 -
TRINITY_DN1570_c0_g1_i52:1185-1358 -             58 5677at3041           -            214   1.1e-08   32.7   0.0   1   1   2.6e-10   1.2e-08   32.7   0.0   146   199     3    56     1    58 0.95 -
TRINITY_DN1570_c0_g1_i8:1092-1265  -             58 5677at3041           -            214   1.1e-08   32.7   0.0   1   1   2.6e-10   1.2e-08   32.7   0.0   146   199     3    56     1    58 0.95 -
TRINITY_DN49678_c0_g1_i1:223-414   -             64 5677at3041           -            214   2.9e-08   31.4   0.0   1   1     7e-10   3.1e-08   31.3   0.0   141   198     2    59     1    62 0.93 -
TRINITY_DN2313_c0_g1_i1:478-693    -             72 5677at3041           -            214     3e-08   31.4   0.0   1   1   6.7e-10     3e-08   31.4   0.0   145   202     9    66     1    72 0.87 -
TRINITY_DN6668_c0_g1_i1:243-461    -             73 5677at3041           -            214   3.9e-08   31.0   0.0   1   1   9.2e-10   4.1e-08   30.9   0.0   145   202     9    66     3    73 0.91 -
TRINITY_DN648_c0_g1_i1:75-293      -             73 5677at3041           -            214   3.9e-08   31.0   0.0   1   1   9.6e-10   4.3e-08   30.8   0.0   145   197     9    61     2    72 0.91 -
TRINITY_DN1425_c0_g1_i1:303-506    -             68 5677at3041           -            214   5.7e-08   30.4   0.0   1   1   1.5e-09   6.5e-08   30.2   0.0   139   198     3    60     1    63 0.93 -
TRINITY_DN1610_c0_g1_i6:479-658    -             60 5677at3041           -            214   1.4e-07   29.2   0.0   1   1   3.3e-09   1.5e-07   29.1   0.0   148   194     1    47     1    54 0.93 -
TRINITY_DN255_c0_g1_i3:763-1029    -             89 5677at3041           -            214   1.5e-07   29.1   0.0   1   1   3.7e-09   1.7e-07   28.9   0.0   143   209    14    79     9    84 0.86 -
TRINITY_DN255_c0_g1_i6:763-1029    -             89 5677at3041           -            214   1.5e-07   29.1   0.0   1   1   3.7e-09   1.7e-07   28.9   0.0   143   209    14    79     9    84 0.86 -
TRINITY_DN53374_c0_g1_i1:88-471    -            128 5677at3041           -            214   1.5e-07   29.1   0.1   1   1     5e-09   2.2e-07   28.5   0.1   125   211     7    92     2    95 0.84 -
TRINITY_DN8898_c0_g1_i1:39-281     -             81 5677at3041           -            214     2e-07   28.6   0.0   1   1   4.6e-09     2e-07   28.6   0.0   138   203     4    72     1    81 0.81 -
TRINITY_DN1876_c0_g1_i3:253-492    -             80 5677at3041           -            214   2.7e-07   28.2   0.0   1   1   7.4e-09   3.3e-07   27.9   0.0   146   198    10    60     4    63 0.91 -
TRINITY_DN1876_c0_g1_i1:253-498    -             82 5677at3041           -            214   2.9e-07   28.2   0.0   1   1   7.9e-09   3.5e-07   27.9   0.0   146   198    12    62     6    65 0.91 -
TRINITY_DN6687_c0_g1_i2:44-400     -            119 5677at3041           -            214   5.8e-07   27.2   0.0   1   1   1.5e-08   6.8e-07   26.9   0.0   146   191    28    73     4    78 0.85 -
TRINITY_DN39116_c0_g1_i1:104-391   -             96 5677at3041           -            214   6.9e-07   26.9   0.0   1   1   1.8e-08     8e-07   26.7   0.0   136   199    16    79     7    90 0.91 -
TRINITY_DN2030_c0_g1_i1:602-787    -             62 5677at3041           -            214   1.4e-06   25.8   0.1   1   1   3.3e-08   1.4e-06   25.8   0.1   151   208     1    58     1    62 0.87 -
TRINITY_DN2030_c0_g1_i3:602-787    -             62 5677at3041           -            214   1.4e-06   25.8   0.1   1   1   3.3e-08   1.4e-06   25.8   0.1   151   208     1    58     1    62 0.87 -
TRINITY_DN1127_c0_g1_i4:578-1390   -            271 5677at3041           -            214   1.6e-06   25.7   0.0   1   3   1.1e-06   5.1e-05   20.8   0.0   136   194     9    67     6    72 0.91 -
TRINITY_DN1127_c0_g1_i4:578-1390   -            271 5677at3041           -            214   1.6e-06   25.7   0.0   2   3       8.7   3.9e+02   -1.7   0.0   139   155   169   185   139   207 0.69 -
TRINITY_DN1127_c0_g1_i4:578-1390   -            271 5677at3041           -            214   1.6e-06   25.7   0.0   3   3      0.94        42    1.5   0.0   174   197   219   242   212   247 0.90 -
TRINITY_DN4727_c2_g1_i1:137-331    -             65 5677at3041           -            214   1.6e-06   25.7   0.0   1   1   3.9e-08   1.7e-06   25.6   0.0   137   200     3    63     1    65 0.88 -
TRINITY_DN4727_c2_g1_i2:137-331    -             65 5677at3041           -            214   1.6e-06   25.7   0.0   1   1   3.9e-08   1.7e-06   25.6   0.0   137   200     3    63     1    65 0.88 -
TRINITY_DN343_c0_g1_i1:789-1046    -             86 5677at3041           -            214     2e-06   25.4   0.0   1   1   4.6e-08     2e-06   25.4   0.0   140   197     4    60     1    77 0.88 -
TRINITY_DN2573_c0_g1_i3:21-212     -             64 5677at3041           -            214   2.7e-06   25.0   0.0   1   1   6.3e-08   2.8e-06   24.9   0.0   142   196     8    63     2    64 0.88 -
TRINITY_DN2545_c0_g1_i2:530-754    -             75 5677at3041           -            214     3e-06   24.8   0.1   1   1   7.1e-08   3.2e-06   24.7   0.1   141   193     5    57     1    65 0.89 -
TRINITY_DN1545_c0_g1_i2:57-263     -             69 5677at3041           -            214   3.9e-06   24.4   0.2   1   1   9.4e-08   4.2e-06   24.3   0.2   138   207     2    68     1    69 0.85 -
TRINITY_DN1545_c0_g1_i4:57-263     -             69 5677at3041           -            214   3.9e-06   24.4   0.2   1   1   9.4e-08   4.2e-06   24.3   0.2   138   207     2    68     1    69 0.85 -
TRINITY_DN57531_c0_g1_i1:87-323    -             79 5677at3041           -            214   4.3e-06   24.3   0.1   1   1   1.1e-07   4.7e-06   24.2   0.1   137   198     6    66     2    78 0.88 -
TRINITY_DN21525_c0_g1_i1:27-338    -            104 5677at3041           -            214   7.9e-06   23.4   0.0   1   1     2e-07     9e-06   23.3   0.0   132   193    19    79     5    90 0.89 -
TRINITY_DN2573_c0_g1_i2:47-319     -             91 5677at3041           -            214     2e-05   22.1   0.0   1   1   5.3e-07   2.4e-05   21.9   0.0   137   201     3    67     1    71 0.92 -
TRINITY_DN892_c0_g1_i1:284-424     -             47 5677at3041           -            214   0.00033   18.1   0.0   1   1   7.5e-06   0.00033   18.1   0.0   146   183    10    47     2    47 0.92 -
TRINITY_DN11712_c0_g1_i1:133-1656  -            508 5677at3041           -            214   0.00062   17.3   0.0   1   1   2.3e-05     0.001   16.5   0.0   135   194   180   239   148   257 0.84 -
TRINITY_DN1610_c0_g1_i4:173-406    -             78 5677at3041           -            214   0.00074   17.0   0.0   1   1   1.8e-05   0.00079   16.9   0.0   146   192     1    47     1    65 0.88 -
TRINITY_DN1610_c0_g1_i6:173-406    -             78 5677at3041           -            214   0.00074   17.0   0.0   1   1   1.8e-05   0.00079   16.9   0.0   146   192     1    47     1    65 0.88 -
TRINITY_DN1610_c0_g1_i8:173-406    -             78 5677at3041           -            214   0.00074   17.0   0.0   1   1   1.8e-05   0.00079   16.9   0.0   146   192     1    47     1    65 0.88 -
TRINITY_DN2964_c0_g1_i3:93-1619    -            509 5677at3041           -            214    0.0016   15.9   0.0   1   1   6.6e-05    0.0029   15.0   0.0   163   202    96   138    81   145 0.80 -
TRINITY_DN2964_c0_g1_i6:115-2256   -            714 5677at3041           -            214    0.0025   15.3   0.0   1   1    0.0001    0.0045   14.4   0.0   163   202    96   138    81   145 0.80 -
TRINITY_DN2664_c0_g1_i2:99-317     -             73 5677at3041           -            214    0.0088   13.5   0.0   1   1   0.00022    0.0099   13.3   0.0   147   201    14    68     2    72 0.85 -
#
# Program:         hmmsearch
# Version:         3.2.1 (June 2018)
# Pipeline mode:   SEARCH
# Query file:      /sw/bioinfo/BUSCO/v5_lineage_sets/lineages/chlorophyta_odb10/hmms/5677at3041.hmm
# Target file:     /crex/proj/snic2022-23-81/expression_algae/code/busco/trinity_VA-3180-Osg11Pal/run_chlorophyta_odb10/metaeuk_output/initial_results/trinity_VA-3180-Osg11Pal.Trinity.fasta.modified.fas
# Option settings: hmmsearch --domtblout /crex/proj/snic2022-23-81/expression_algae/code/busco/trinity_VA-3180-Osg11Pal/run_chlorophyta_odb10/hmmer_output/initial_run_results/5677at3041.out --cpu 1 /sw/bioinfo/BUSCO/v5_lineage_sets/lineages/chlorophyta_odb10/hmms/5677at3041.hmm /crex/proj/snic2022-23-81/expression_algae/code/busco/trinity_VA-3180-Osg11Pal/run_chlorophyta_odb10/metaeuk_output/initial_results/trinity_VA-3180-Osg11Pal.Trinity.fasta.modified.fas 
# Current dir:     /crex/proj/snic2022-23-81/expression_algae/code/busco
# Date:            Fri Sep 23 10:12:17 2022
# [ok]
