#                                                                                         --- full sequence --- -------------- this domain -------------   hmm coord   ali coord   env coord
# target name                     accession   tlen query name           accession   qlen   E-value  score  bias   #  of  c-Evalue  i-Evalue  score  bias  from    to  from    to  from    to  acc description of target
#             ------------------- ---------- ----- -------------------- ---------- ----- --------- ------ ----- --- --- --------- --------- ------ ----- ----- ----- ----- ----- ----- ----- ---- ---------------------
TRINITY_DN12808_c0_g1_i1:1-414    -            138 6003at3041           -            160   5.3e-43  144.1   1.7   1   1   1.1e-45   5.7e-43  144.0   1.7     4   121    17   134    14   138 0.94 -
TRINITY_DN30863_c0_g1_i1:1-417    -            139 6003at3041           -            160   2.7e-33  112.5   2.1   1   2   1.2e-28   6.2e-26   88.6   0.7    49   114     1    66     1    87 0.91 -
TRINITY_DN30863_c0_g1_i1:1-417    -            139 6003at3041           -            160   2.7e-33  112.5   2.1   2   2   9.5e-09   4.8e-06   23.9   0.0   119   156    98   138    78   139 0.83 -
TRINITY_DN29033_c0_g1_i1:0-197    -             66 6003at3041           -            160   3.2e-28   96.0   1.7   1   1   7.2e-31   3.6e-28   95.8   1.7     1    53    14    66    14    66 0.99 -
TRINITY_DN38304_c0_g1_i1:826-1542 -            239 6003at3041           -            160   4.7e-27   92.2   0.6   1   1   1.6e-29     8e-27   91.5   0.6    14   139    58   177    55   193 0.81 -
TRINITY_DN1602_c0_g1_i4:97-714    -            206 6003at3041           -            160   4.4e-05   20.8   1.0   1   2   8.6e-08   4.4e-05   20.8   1.0     4   102    26   134    24   178 0.67 -
TRINITY_DN1602_c0_g1_i4:97-714    -            206 6003at3041           -            160   4.4e-05   20.8   1.0   2   2       3.2   1.6e+03   -3.8   0.8    48    61   193   206   183   206 0.66 -
TRINITY_DN1602_c0_g1_i1:260-1489  -            410 6003at3041           -            160   0.00029   18.2   1.2   1   2   5.7e-07   0.00029   18.2   1.2     4   102    26   134    24   177 0.69 -
TRINITY_DN1602_c0_g1_i1:260-1489  -            410 6003at3041           -            160   0.00029   18.2   1.2   2   2      0.34   1.7e+02   -0.6   1.0    17    54   338   377   326   381 0.65 -
#
# Program:         hmmsearch
# Version:         3.2.1 (June 2018)
# Pipeline mode:   SEARCH
# Query file:      /sw/bioinfo/BUSCO/v5_lineage_sets/lineages/chlorophyta_odb10/hmms/6003at3041.hmm
# Target file:     /crex/proj/snic2022-23-81/expression_algae/code/busco/trinity_VA-3180-Osg11Pal/run_chlorophyta_odb10/metaeuk_output/initial_results/trinity_VA-3180-Osg11Pal.Trinity.fasta.modified.fas
# Option settings: hmmsearch --domtblout /crex/proj/snic2022-23-81/expression_algae/code/busco/trinity_VA-3180-Osg11Pal/run_chlorophyta_odb10/hmmer_output/initial_run_results/6003at3041.out --cpu 1 /sw/bioinfo/BUSCO/v5_lineage_sets/lineages/chlorophyta_odb10/hmms/6003at3041.hmm /crex/proj/snic2022-23-81/expression_algae/code/busco/trinity_VA-3180-Osg11Pal/run_chlorophyta_odb10/metaeuk_output/initial_results/trinity_VA-3180-Osg11Pal.Trinity.fasta.modified.fas 
# Current dir:     /crex/proj/snic2022-23-81/expression_algae/code/busco
# Date:            Fri Sep 23 10:12:15 2022
# [ok]
