#                                                                                         --- full sequence --- -------------- this domain -------------   hmm coord   ali coord   env coord
# target name                     accession   tlen query name           accession   qlen   E-value  score  bias   #  of  c-Evalue  i-Evalue  score  bias  from    to  from    to  from    to  acc description of target
#             ------------------- ---------- ----- -------------------- ---------- ----- --------- ------ ----- --- --- --------- --------- ------ ----- ----- ----- ----- ----- ----- ----- ---- ---------------------
TRINITY_DN612_c0_g1_i1:140-346    -             69 6622at3041           -            279   1.4e-13   48.2   0.0   1   1   2.4e-15   1.6e-13   48.1   0.0    69   127     1    64     1    68 0.84 -
TRINITY_DN55175_c0_g1_i1:126-782  -            219 6622at3041           -            279   4.5e-11   40.0   0.1   1   2   5.8e-06   0.00039   17.3   0.1    62   137    26    98    17   115 0.80 -
TRINITY_DN55175_c0_g1_i1:126-782  -            219 6622at3041           -            279   4.5e-11   40.0   0.1   2   2   2.6e-07   1.8e-05   21.7   0.0    59   152   111   201    99   217 0.76 -
TRINITY_DN21525_c0_g1_i1:27-338   -            104 6622at3041           -            279   5.4e-08   29.9   0.0   1   1   9.4e-10   6.3e-08   29.7   0.0    55   137    10    87     3    99 0.89 -
TRINITY_DN47714_c0_g1_i1:86-700   -            205 6622at3041           -            279   1.5e-07   28.4   0.1   1   1     3e-09     2e-07   28.1   0.1   191   268    78   156    70   164 0.83 -
TRINITY_DN1425_c0_g1_i5:1053-1532 -            160 6622at3041           -            279   1.9e-07   28.1   0.9   1   3   0.00027     0.018   11.8   0.3   219   253    15    49     1    77 0.74 -
TRINITY_DN1425_c0_g1_i5:1053-1532 -            160 6622at3041           -            279   1.9e-07   28.1   0.9   2   3      0.02       1.3    5.7   0.0    56    94    69   107    51   117 0.76 -
TRINITY_DN1425_c0_g1_i5:1053-1532 -            160 6622at3041           -            279   1.9e-07   28.1   0.9   3   3   5.9e-05     0.004   14.0   0.0   198   251    94   149    80   157 0.81 -
TRINITY_DN1425_c0_g1_i1:561-860   -            100 6622at3041           -            279   3.3e-07   27.4   0.7   1   2   3.5e-06   0.00023   18.0   0.1    64   118    11    61     1    64 0.87 -
TRINITY_DN1425_c0_g1_i1:561-860   -            100 6622at3041           -            279   3.3e-07   27.4   0.7   2   2   6.9e-05    0.0046   13.8   0.1   207   252    37    85    36    96 0.82 -
TRINITY_DN343_c0_g1_i1:237-734    -            166 6622at3041           -            279     1e-06   25.7   0.1   1   2   8.1e-05    0.0054   13.5   0.0    66   118     2    51     1    79 0.86 -
TRINITY_DN343_c0_g1_i1:237-734    -            166 6622at3041           -            279     1e-06   25.7   0.1   2   2   0.00056     0.038   10.8   0.0    67   137    94   160    58   165 0.76 -
TRINITY_DN69_c0_g1_i1:69-731      -            221 6622at3041           -            279   3.4e-06   24.0   0.3   1   3     0.011      0.76    6.5   0.0   199   251    33    89    19    94 0.71 -
TRINITY_DN69_c0_g1_i1:69-731      -            221 6622at3041           -            279   3.4e-06   24.0   0.3   2   3      0.25        17    2.1   0.0    69   105   151   187   143   191 0.82 -
TRINITY_DN69_c0_g1_i1:69-731      -            221 6622at3041           -            279   3.4e-06   24.0   0.3   3   3   2.3e-05    0.0015   15.3   0.1   199   252   167   220   158   221 0.85 -
TRINITY_DN117_c0_g1_i1:90-929     -            280 6622at3041           -            279   7.2e-06   23.0   0.1   1   2       4.3   2.9e+02   -2.0   0.5    75   103    25    55    22    63 0.73 -
TRINITY_DN117_c0_g1_i1:90-929     -            280 6622at3041           -            279   7.2e-06   23.0   0.1   2   2   3.3e-07   2.2e-05   21.3   0.0    63   134   197   265   183   278 0.89 -
TRINITY_DN39845_c0_g1_i1:453-671  -             73 6622at3041           -            279     3e-05   20.9   0.0   1   1   4.4e-07     3e-05   20.9   0.0    71   135     2    63     1    73 0.87 -
TRINITY_DN32828_c0_g1_i1:58-408   -            117 6622at3041           -            279   3.4e-05   20.8   0.0   1   1   6.1e-07   4.1e-05   20.5   0.0    68   123    56   108    39   116 0.88 -
TRINITY_DN892_c0_g1_i3:284-802    -            173 6622at3041           -            279   3.8e-05   20.6   0.0   1   2   1.3e-05   0.00088   16.1   0.0    70   129     2    58     1    66 0.86 -
TRINITY_DN892_c0_g1_i3:284-802    -            173 6622at3041           -            279   3.8e-05   20.6   0.0   2   2      0.16        11    2.7   0.0   206   242   116   153    86   167 0.63 -
TRINITY_DN2313_c0_g1_i1:478-693   -             72 6622at3041           -            279   4.2e-05   20.5   0.0   1   1   6.9e-07   4.6e-05   20.3   0.0    69   134     1    63     1    69 0.91 -
TRINITY_DN1545_c0_g1_i2:57-263    -             69 6622at3041           -            279   7.2e-05   19.7   0.1   1   2   2.2e-05    0.0015   15.4   0.0    69    95     1    27     1    35 0.89 -
TRINITY_DN1545_c0_g1_i2:57-263    -             69 6622at3041           -            279   7.2e-05   19.7   0.1   2   2      0.14       9.6    2.9   0.1   226   252    42    68    35    69 0.91 -
TRINITY_DN1545_c0_g1_i4:57-263    -             69 6622at3041           -            279   7.2e-05   19.7   0.1   1   2   2.2e-05    0.0015   15.4   0.0    69    95     1    27     1    35 0.89 -
TRINITY_DN1545_c0_g1_i4:57-263    -             69 6622at3041           -            279   7.2e-05   19.7   0.1   2   2      0.14       9.6    2.9   0.1   226   252    42    68    35    69 0.91 -
TRINITY_DN1425_c0_g1_i1:882-1361  -            160 6622at3041           -            279   0.00019   18.3   0.1   1   3     0.023       1.6    5.4   0.0    68   119     2    50     1    86 0.72 -
TRINITY_DN1425_c0_g1_i1:882-1361  -            160 6622at3041           -            279   0.00019   18.3   0.1   2   3      0.58        39    0.9   0.0    62    93    84   115    54   122 0.77 -
TRINITY_DN1425_c0_g1_i1:882-1361  -            160 6622at3041           -            279   0.00019   18.3   0.1   3   3    0.0012      0.08    9.7   0.1   205   251   110   158    88   159 0.72 -
TRINITY_DN1127_c0_g1_i4:578-1390  -            271 6622at3041           -            279   0.00041   17.2   0.0   1   2   9.9e-05    0.0067   13.2   0.0    66   118     7    56     4    67 0.89 -
TRINITY_DN1127_c0_g1_i4:578-1390  -            271 6622at3041           -            279   0.00041   17.2   0.0   2   2      0.28        19    1.9   0.0    46    88   144   186   119   238 0.77 -
TRINITY_DN23579_c0_g1_i1:1-315    -            105 6622at3041           -            279   0.00046   17.0   0.0   1   1   7.6e-06   0.00051   16.9   0.0    66   146    17    94     8   104 0.85 -
TRINITY_DN4727_c2_g1_i1:137-331   -             65 6622at3041           -            279   0.00067   16.5   0.0   1   2   1.9e-05    0.0013   15.6   0.0    68    94     2    28     1    34 0.91 -
TRINITY_DN4727_c2_g1_i1:137-331   -             65 6622at3041           -            279   0.00067   16.5   0.0   2   2       3.6   2.4e+02   -1.7   0.0   220   242    38    60    29    64 0.71 -
TRINITY_DN4727_c2_g1_i2:137-331   -             65 6622at3041           -            279   0.00067   16.5   0.0   1   2   1.9e-05    0.0013   15.6   0.0    68    94     2    28     1    34 0.91 -
TRINITY_DN4727_c2_g1_i2:137-331   -             65 6622at3041           -            279   0.00067   16.5   0.0   2   2       3.6   2.4e+02   -1.7   0.0   220   242    38    60    29    64 0.71 -
TRINITY_DN2573_c0_g1_i3:21-212    -             64 6622at3041           -            279    0.0007   16.4   0.0   1   1   1.1e-05   0.00072   16.4   0.0    69   129     3    61     1    64 0.87 -
TRINITY_DN648_c0_g1_i1:75-293     -             73 6622at3041           -            279   0.00073   16.4   0.0   1   1   1.2e-05   0.00079   16.3   0.0    70   132     2    61     1    70 0.92 -
TRINITY_DN49678_c0_g1_i1:223-414  -             64 6622at3041           -            279   0.00077   16.3   0.0   1   1   1.2e-05   0.00082   16.2   0.0    73   136     2    62     1    63 0.92 -
TRINITY_DN1425_c0_g1_i1:303-506   -             68 6622at3041           -            279   0.00079   16.3   0.0   1   1   1.3e-05   0.00086   16.1   0.0   198   247    13    64     1    68 0.81 -
TRINITY_DN892_c0_g1_i1:284-424    -             47 6622at3041           -            279    0.0011   15.8   0.0   1   1   1.7e-05    0.0011   15.8   0.0    70   118     2    47     1    47 0.93 -
TRINITY_DN45967_c0_g1_i1:2-325    -            108 6622at3041           -            279    0.0012   15.7   0.0   1   1     2e-05    0.0013   15.5   0.0    61   135    25    96     7   105 0.86 -
TRINITY_DN343_c0_g1_i1:789-1046   -             86 6622at3041           -            279    0.0012   15.7   0.1   1   1   1.9e-05    0.0013   15.6   0.1   197   254    12    72     2    84 0.82 -
TRINITY_DN6687_c0_g1_i1:7-525     -            173 6622at3041           -            279    0.0013   15.6   0.0   1   1     3e-05     0.002   14.9   0.0    61   134    11    81     3    95 0.87 -
TRINITY_DN53374_c0_g1_i1:88-471   -            128 6622at3041           -            279    0.0015   15.4   0.0   1   1   2.4e-05    0.0016   15.3   0.0    53   135     5    81     1   125 0.64 -
TRINITY_DN1610_c0_g1_i4:479-706   -             76 6622at3041           -            279    0.0016   15.3   0.0   1   1   2.6e-05    0.0018   15.1   0.0    71   129     8    63     3    74 0.84 -
TRINITY_DN1610_c0_g1_i8:479-706   -             76 6622at3041           -            279    0.0016   15.3   0.0   1   1   2.6e-05    0.0018   15.1   0.0    71   129     8    63     3    74 0.84 -
TRINITY_DN30765_c0_g1_i1:263-487  -             75 6622at3041           -            279    0.0019   15.0   0.0   1   1   0.00012    0.0081   13.0   0.0    68   136     4    69     1    71 0.85 -
TRINITY_DN2060_c0_g1_i2:175-855   -            227 6622at3041           -            279    0.0024   14.7   0.1   1   1   4.9e-05    0.0033   14.2   0.1    63   153   107   198    80   201 0.77 -
TRINITY_DN2060_c0_g1_i1:374-1057  -            228 6622at3041           -            279    0.0024   14.7   0.1   1   1     5e-05    0.0033   14.2   0.1    63   153    96   187    69   190 0.77 -
TRINITY_DN39116_c0_g1_i1:104-391  -             96 6622at3041           -            279    0.0027   14.5   0.1   1   2   0.00011    0.0075   13.1   0.1    68   121    16    66     5    81 0.86 -
TRINITY_DN39116_c0_g1_i1:104-391  -             96 6622at3041           -            279    0.0027   14.5   0.1   2   2      0.14       9.1    2.9   0.0   226   257    61    94    61    95 0.81 -
TRINITY_DN8898_c0_g1_i1:39-281    -             81 6622at3041           -            279    0.0051   13.6   0.0   1   1   8.8e-05    0.0059   13.4   0.0    67   136     1    70     1    74 0.85 -
TRINITY_DN398_c0_g3_i1:294-551    -             86 6622at3041           -            279    0.0052   13.6   0.0   1   1   9.3e-05    0.0062   13.3   0.0    68   128    25    82    18    85 0.87 -
TRINITY_DN2030_c0_g1_i1:602-787   -             62 6622at3041           -            279    0.0053   13.6   0.0   1   1   8.2e-05    0.0055   13.5   0.0   204   253     5    58     1    61 0.88 -
TRINITY_DN2030_c0_g1_i3:602-787   -             62 6622at3041           -            279    0.0053   13.6   0.0   1   1   8.2e-05    0.0055   13.5   0.0   204   253     5    58     1    61 0.88 -
TRINITY_DN2573_c0_g1_i2:47-319    -             91 6622at3041           -            279    0.0064   13.3   0.0   1   1   0.00011    0.0075   13.0   0.0    67   134     1    65     1    70 0.87 -
TRINITY_DN6687_c0_g1_i2:44-400    -            119 6622at3041           -            279    0.0083   12.9   0.0   1   1   0.00015      0.01   12.6   0.0    61   120    11    67     3    76 0.86 -
TRINITY_DN255_c0_g1_i3:763-1029   -             89 6622at3041           -            279     0.013   12.2   0.0   1   1    0.0002     0.013   12.2   0.0    76   122    15    58     1    81 0.80 -
TRINITY_DN255_c0_g1_i6:763-1029   -             89 6622at3041           -            279     0.013   12.2   0.0   1   1    0.0002     0.013   12.2   0.0    76   122    15    58     1    81 0.80 -
TRINITY_DN24866_c0_g1_i1:23-277   -             85 6622at3041           -            279     0.015   12.1   0.0   1   1   0.00022     0.015   12.1   0.0    68   118     1    49     1    80 0.78 -
TRINITY_DN46489_c0_g1_i1:39-254   -             72 6622at3041           -            279     0.022   11.5   0.0   1   1   0.00035     0.023   11.4   0.0    70   129     2    59     1    67 0.80 -
#
# Program:         hmmsearch
# Version:         3.2.1 (June 2018)
# Pipeline mode:   SEARCH
# Query file:      /sw/bioinfo/BUSCO/v5_lineage_sets/lineages/chlorophyta_odb10/hmms/6622at3041.hmm
# Target file:     /crex/proj/snic2022-23-81/expression_algae/code/busco/trinity_VA-3180-Osg11Pal/run_chlorophyta_odb10/metaeuk_output/initial_results/trinity_VA-3180-Osg11Pal.Trinity.fasta.modified.fas
# Option settings: hmmsearch --domtblout /crex/proj/snic2022-23-81/expression_algae/code/busco/trinity_VA-3180-Osg11Pal/run_chlorophyta_odb10/hmmer_output/initial_run_results/6622at3041.out --cpu 1 /sw/bioinfo/BUSCO/v5_lineage_sets/lineages/chlorophyta_odb10/hmms/6622at3041.hmm /crex/proj/snic2022-23-81/expression_algae/code/busco/trinity_VA-3180-Osg11Pal/run_chlorophyta_odb10/metaeuk_output/initial_results/trinity_VA-3180-Osg11Pal.Trinity.fasta.modified.fas 
# Current dir:     /crex/proj/snic2022-23-81/expression_algae/code/busco
# Date:            Fri Sep 23 10:12:18 2022
# [ok]
