#                                                                                        --- full sequence --- -------------- this domain -------------   hmm coord   ali coord   env coord
# target name                    accession   tlen query name           accession   qlen   E-value  score  bias   #  of  c-Evalue  i-Evalue  score  bias  from    to  from    to  from    to  acc description of target
#            ------------------- ---------- ----- -------------------- ---------- ----- --------- ------ ----- --- --- --------- --------- ------ ----- ----- ----- ----- ----- ----- ----- ---- ---------------------
TRINITY_DN3167_c0_g1_i1:57-608   -            184 8947at3041           -            138   1.7e-75  249.2   5.5   1   1   6.2e-78   2.1e-75  248.9   5.5     1   138    43   182    43   182 0.98 -
TRINITY_DN4900_c0_g2_i1:644-1066 -            141 8947at3041           -            138   4.1e-60  199.3   2.2   1   1   1.3e-62   4.5e-60  199.2   2.2     2   138     1   140     1   140 0.96 -
TRINITY_DN7060_c0_g1_i1:188-613  -            142 8947at3041           -            138     1e-52  175.4   0.4   1   1   3.4e-55   1.1e-52  175.2   0.4     2   138     1   140     1   140 0.96 -
TRINITY_DN31320_c0_g1_i1:224-679 -            152 8947at3041           -            138   8.3e-38  127.1   0.0   1   1   2.9e-40   9.8e-38  126.8   0.0     5   138     9   145     5   145 0.95 -
TRINITY_DN49291_c0_g1_i1:1-348   -            116 8947at3041           -            138   2.5e-34  115.8   1.0   1   1     9e-37     3e-34  115.5   1.0     2   106     1   115     1   116 0.93 -
TRINITY_DN4900_c0_g1_i1:5-232    -             76 8947at3041           -            138   3.8e-34  115.2   0.7   1   1   1.2e-36   4.1e-34  115.1   0.7    32   105     1    76     1    76 0.96 -
TRINITY_DN38725_c0_g1_i1:1-222   -             74 8947at3041           -            138   1.7e-28   96.9   0.0   1   1   5.5e-31   1.9e-28   96.8   0.0    43   115     1    74     1    74 0.95 -
TRINITY_DN18633_c0_g1_i1:4-273   -             90 8947at3041           -            138   9.5e-12   42.7   0.1   1   1   3.1e-14     1e-11   42.5   0.1    54   136     3    90     1    90 0.86 -
TRINITY_DN32378_c0_g1_i1:137-634 -            166 8947at3041           -            138   8.3e-05   20.2   0.7   1   1   3.1e-07   0.00011   19.8   0.7    14   138    17   144     9   144 0.79 -
#
# Program:         hmmsearch
# Version:         3.2.1 (June 2018)
# Pipeline mode:   SEARCH
# Query file:      /sw/bioinfo/BUSCO/v5_lineage_sets/lineages/chlorophyta_odb10/hmms/8947at3041.hmm
# Target file:     /crex/proj/snic2022-23-81/expression_algae/code/busco/trinity_VA-3180-Osg11Pal/run_chlorophyta_odb10/metaeuk_output/initial_results/trinity_VA-3180-Osg11Pal.Trinity.fasta.modified.fas
# Option settings: hmmsearch --domtblout /crex/proj/snic2022-23-81/expression_algae/code/busco/trinity_VA-3180-Osg11Pal/run_chlorophyta_odb10/hmmer_output/initial_run_results/8947at3041.out --cpu 1 /sw/bioinfo/BUSCO/v5_lineage_sets/lineages/chlorophyta_odb10/hmms/8947at3041.hmm /crex/proj/snic2022-23-81/expression_algae/code/busco/trinity_VA-3180-Osg11Pal/run_chlorophyta_odb10/metaeuk_output/initial_results/trinity_VA-3180-Osg11Pal.Trinity.fasta.modified.fas 
# Current dir:     /crex/proj/snic2022-23-81/expression_algae/code/busco
# Date:            Fri Sep 23 10:12:18 2022
# [ok]
