#                                                                                         --- full sequence --- -------------- this domain -------------   hmm coord   ali coord   env coord
# target name                     accession   tlen query name           accession   qlen   E-value  score  bias   #  of  c-Evalue  i-Evalue  score  bias  from    to  from    to  from    to  acc description of target
#             ------------------- ---------- ----- -------------------- ---------- ----- --------- ------ ----- --- --- --------- --------- ------ ----- ----- ----- ----- ----- ----- ----- ---- ---------------------
TRINITY_DN15652_c0_g1_i1:5-460    -            152 1229at3041           -            451   7.3e-67  222.6   0.0   1   1     2e-68   8.2e-67  222.4   0.0   312   450     1   146     1   147 0.95 -
TRINITY_DN11132_c0_g1_i1:117-413  -             99 1229at3041           -            451   3.3e-27   91.9   0.3   1   1   8.6e-29   3.6e-27   91.8   0.3     1    74    17    97    17    99 0.91 -
TRINITY_DN176_c0_g1_i1:1439-2278  -            280 1229at3041           -            451   1.6e-15   53.4   0.3   1   3   4.5e-12   1.9e-10   36.7   0.1   291   446     6   154     2   159 0.85 -
TRINITY_DN176_c0_g1_i1:1439-2278  -            280 1229at3041           -            451   1.6e-15   53.4   0.3   2   3     0.022      0.93    4.7   0.0   281   324   122   166   117   179 0.64 -
TRINITY_DN176_c0_g1_i1:1439-2278  -            280 1229at3041           -            451   1.6e-15   53.4   0.3   3   3   0.00015    0.0065   11.8   0.0   341   404   212   277   196   280 0.49 -
TRINITY_DN176_c0_g1_i2:964-1791   -            276 1229at3041           -            451     2e-15   53.1   0.3   1   3     6e-12   2.5e-10   36.3   0.1   292   446     3   150     1   155 0.85 -
TRINITY_DN176_c0_g1_i2:964-1791   -            276 1229at3041           -            451     2e-15   53.1   0.3   2   3     0.021      0.89    4.8   0.0   280   324   117   162   113   176 0.65 -
TRINITY_DN176_c0_g1_i2:964-1791   -            276 1229at3041           -            451     2e-15   53.1   0.3   3   3   0.00015    0.0063   11.9   0.0   341   404   208   273   192   276 0.49 -
TRINITY_DN176_c0_g1_i3:1439-2266  -            276 1229at3041           -            451     2e-15   53.1   0.3   1   3     6e-12   2.5e-10   36.3   0.1   292   446     3   150     1   155 0.85 -
TRINITY_DN176_c0_g1_i3:1439-2266  -            276 1229at3041           -            451     2e-15   53.1   0.3   2   3     0.021      0.89    4.8   0.0   280   324   117   162   113   176 0.65 -
TRINITY_DN176_c0_g1_i3:1439-2266  -            276 1229at3041           -            451     2e-15   53.1   0.3   3   3   0.00015    0.0063   11.9   0.0   341   404   208   273   192   276 0.49 -
TRINITY_DN8840_c0_g1_i1:98-652    -            185 1229at3041           -            451   7.5e-15   51.2   3.7   1   4     0.005      0.21    6.9   0.0   200   239    15    58     2    60 0.70 -
TRINITY_DN8840_c0_g1_i1:98-652    -            185 1229at3041           -            451   7.5e-15   51.2   3.7   2   4   3.5e-05    0.0015   13.9   0.1   204   239    61    96    56   101 0.88 -
TRINITY_DN8840_c0_g1_i1:98-652    -            185 1229at3041           -            451   7.5e-15   51.2   3.7   3   4   3.9e-06   0.00016   17.1   0.0   202   229   101   128    93   141 0.87 -
TRINITY_DN8840_c0_g1_i1:98-652    -            185 1229at3041           -            451   7.5e-15   51.2   3.7   4   4   7.1e-05     0.003   12.9   0.1   203   228   144   169   133   172 0.83 -
TRINITY_DN1632_c0_g1_i2:566-1432  -            289 1229at3041           -            451   7.6e-14   47.9   1.4   1   3      0.25        10    1.3   0.1   435   446     4    15     1    20 0.84 -
TRINITY_DN1632_c0_g1_i2:566-1432  -            289 1229at3041           -            451   7.6e-14   47.9   1.4   2   3   6.9e-09   2.9e-07   26.2   0.1   277   407    21   154    14   165 0.88 -
TRINITY_DN1632_c0_g1_i2:566-1432  -            289 1229at3041           -            451   7.6e-14   47.9   1.4   3   3     2e-08   8.5e-07   24.6   0.1   290   412   119   245   116   251 0.86 -
TRINITY_DN1632_c0_g1_i1:566-1528  -            321 1229at3041           -            451   2.7e-13   46.1   0.3   1   3      0.28        12    1.1   0.1   435   446     4    15     1    20 0.84 -
TRINITY_DN1632_c0_g1_i1:566-1528  -            321 1229at3041           -            451   2.7e-13   46.1   0.3   2   3     5e-06   0.00021   16.7   0.0   277   367    21   112    15   120 0.87 -
TRINITY_DN1632_c0_g1_i1:566-1528  -            321 1229at3041           -            451   2.7e-13   46.1   0.3   3   3     2e-08   8.3e-07   24.7   0.0   290   412   151   277   141   284 0.86 -
TRINITY_DN176_c0_g1_i4:1439-2188  -            250 1229at3041           -            451   4.6e-12   42.0   1.2   1   3   2.5e-06   0.00011   17.7   0.0   381   450    25    86    17    87 0.83 -
TRINITY_DN176_c0_g1_i4:1439-2188  -            250 1229at3041           -            451   4.6e-12   42.0   1.2   2   3   8.1e-05    0.0034   12.8   0.3   382   440    68   118    56   129 0.53 -
TRINITY_DN176_c0_g1_i4:1439-2188  -            250 1229at3041           -            451   4.6e-12   42.0   1.2   3   3   0.00013    0.0054   12.1   0.0   341   403   182   246   167   250 0.48 -
TRINITY_DN3353_c0_g1_i1:20-733    -            238 1229at3041           -            451   2.3e-11   39.7   0.1   1   4   0.00024    0.0099   11.2   0.0   204   232     2    30     1    41 0.88 -
TRINITY_DN3353_c0_g1_i1:20-733    -            238 1229at3041           -            451   2.3e-11   39.7   0.1   2   4     0.034       1.4    4.1   0.0   200   230    41    71    33    84 0.76 -
TRINITY_DN3353_c0_g1_i1:20-733    -            238 1229at3041           -            451   2.3e-11   39.7   0.1   3   4   0.00012    0.0051   12.2   0.1   202   230    85   113    74   118 0.87 -
TRINITY_DN3353_c0_g1_i1:20-733    -            238 1229at3041           -            451   2.3e-11   39.7   0.1   4   4     0.003      0.13    7.6   0.0   304   401   131   231   117   237 0.74 -
TRINITY_DN176_c0_g1_i1:1832-2308  -            159 1229at3041           -            451     3e-11   39.3   0.0   1   1   1.2e-12     5e-11   38.6   0.0   288   410    13   136     4   159 0.85 -
TRINITY_DN1620_c0_g1_i2:216-1121  -            302 1229at3041           -            451   5.8e-11   38.4   0.2   1   4   6.1e-06   0.00026   16.5   0.2   306   407    17   124     6   131 0.80 -
TRINITY_DN1620_c0_g1_i2:216-1121  -            302 1229at3041           -            451   5.8e-11   38.4   0.2   2   4      0.35        15    0.8   0.0   196   229   102   133    95   159 0.63 -
TRINITY_DN1620_c0_g1_i2:216-1121  -            302 1229at3041           -            451   5.8e-11   38.4   0.2   3   4   0.00035     0.015   10.7   0.0   302   368   146   215   137   224 0.78 -
TRINITY_DN1620_c0_g1_i2:216-1121  -            302 1229at3041           -            451   5.8e-11   38.4   0.2   4   4    0.0047       0.2    6.9   0.0   299   333   228   262   215   302 0.80 -
TRINITY_DN25984_c0_g1_i1:64-660   -            199 1229at3041           -            451   1.9e-10   36.7   0.1   1   2    0.0044      0.19    7.0   0.0   203   230    15    42     6    55 0.86 -
TRINITY_DN25984_c0_g1_i1:64-660   -            199 1229at3041           -            451   1.9e-10   36.7   0.1   2   2   6.2e-10   2.6e-08   29.6   0.0   291   405    40   155    37   172 0.91 -
TRINITY_DN948_c0_g1_i1:341-856    -            172 1229at3041           -            451   2.1e-09   33.2   0.7   1   2   2.9e-07   1.2e-05   20.8   0.2   265   376    17   127     8   144 0.85 -
TRINITY_DN948_c0_g1_i1:341-856    -            172 1229at3041           -            451   2.1e-09   33.2   0.7   2   2    0.0041      0.17    7.1   0.0   205   227   145   167   127   171 0.82 -
TRINITY_DN21144_c0_g1_i1:38-562   -            175 1229at3041           -            451   4.6e-08   28.8   0.4   1   2   3.1e-06   0.00013   17.4   0.1   201   236    24    59    15    66 0.85 -
TRINITY_DN21144_c0_g1_i1:38-562   -            175 1229at3041           -            451   4.6e-08   28.8   0.4   2   2   0.00011    0.0048   12.3   0.0   338   440    56   158    52   169 0.77 -
TRINITY_DN1620_c0_g1_i4:518-1126  -            203 1229at3041           -            451     5e-08   28.7   0.7   1   3   0.00014    0.0058   12.0   0.2   200   229    14    43     4    77 0.68 -
TRINITY_DN1620_c0_g1_i4:518-1126  -            203 1229at3041           -            451     5e-08   28.7   0.7   2   3      0.21       8.9    1.5   0.0   195   229    52    84    46   108 0.65 -
TRINITY_DN1620_c0_g1_i4:518-1126  -            203 1229at3041           -            451     5e-08   28.7   0.7   3   3   7.9e-05    0.0033   12.8   0.0   302   372    97   169    89   202 0.74 -
TRINITY_DN3368_c0_g1_i1:212-568   -            119 1229at3041           -            451   7.3e-08   28.1   1.3   1   3    0.0044      0.19    7.0   0.1   202   229    13    40     2    53 0.78 -
TRINITY_DN3368_c0_g1_i1:212-568   -            119 1229at3041           -            451   7.3e-08   28.1   1.3   2   3   2.8e-05    0.0012   14.3   0.1   201   230    54    83    43    93 0.86 -
TRINITY_DN3368_c0_g1_i1:212-568   -            119 1229at3041           -            451   7.3e-08   28.1   1.3   3   3     0.013      0.55    5.5   0.0   194   219    90   115    83   118 0.88 -
TRINITY_DN2428_c0_g1_i1:228-1121  -            298 1229at3041           -            451   9.6e-08   27.7   0.0   1   2    0.0018     0.074    8.3   0.0   340   406    68   135    55   143 0.76 -
TRINITY_DN2428_c0_g1_i1:228-1121  -            298 1229at3041           -            451   9.6e-08   27.7   0.0   2   2   3.5e-06   0.00015   17.3   0.0   269   379   173   282   168   295 0.80 -
TRINITY_DN176_c0_g1_i4:1910-2173  -             88 1229at3041           -            451   2.7e-07   26.3   0.0   1   2   4.3e-05    0.0018   13.7   0.0   380   408    19    47     4    57 0.88 -
TRINITY_DN176_c0_g1_i4:1910-2173  -             88 1229at3041           -            451   2.7e-07   26.3   0.0   2   2   0.00023    0.0098   11.2   0.0   381   406    62    87    54    88 0.87 -
TRINITY_DN26491_c0_g1_i1:1-672    -            224 1229at3041           -            451   4.1e-07   25.7   0.1   1   2   1.9e-06   7.9e-05   18.1   0.0   310   408    28   128    12   140 0.82 -
TRINITY_DN26491_c0_g1_i1:1-672    -            224 1229at3041           -            451   4.1e-07   25.7   0.1   2   2     0.015      0.62    5.3   0.0   300   366   146   219   134   224 0.73 -
TRINITY_DN5128_c0_g1_i1:21-806    -            262 1229at3041           -            451   4.2e-07   25.6   0.2   1   5      0.12       4.9    2.4   0.0   201   221    27    47    17    68 0.73 -
TRINITY_DN5128_c0_g1_i1:21-806    -            262 1229at3041           -            451   4.2e-07   25.6   0.2   2   5    0.0015     0.065    8.5   0.0   201   229    70    98    57   110 0.85 -
TRINITY_DN5128_c0_g1_i1:21-806    -            262 1229at3041           -            451   4.2e-07   25.6   0.2   3   5    0.0049      0.21    6.9   0.0   204   230   116   142   105   155 0.87 -
TRINITY_DN5128_c0_g1_i1:21-806    -            262 1229at3041           -            451   4.2e-07   25.6   0.2   4   5       1.1        48   -0.9   0.0   201   223   154   176   144   185 0.81 -
TRINITY_DN5128_c0_g1_i1:21-806    -            262 1229at3041           -            451   4.2e-07   25.6   0.2   5   5      0.37        16    0.7   0.0   202   222   202   222   193   236 0.81 -
TRINITY_DN2197_c0_g1_i4:315-2408  -            698 1229at3041           -            451     1e-05   21.1   0.6   1   1   9.1e-06   0.00038   15.9   0.6   192   401   102   311    85   315 0.74 -
TRINITY_DN2197_c0_g1_i2:103-2274  -            724 1229at3041           -            451   1.1e-05   21.0   0.5   1   1   9.1e-06   0.00038   15.9   0.5   192   401   128   337   111   341 0.74 -
TRINITY_DN15618_c0_g1_i1:30-242   -             71 1229at3041           -            451   1.1e-05   20.9   0.1   1   1   4.2e-07   1.8e-05   20.3   0.1   202   240    12    54     3    71 0.81 -
TRINITY_DN1620_c0_g1_i3:87-653    -            189 1229at3041           -            451   1.4e-05   20.6   1.4   1   4       0.3        13    1.0   0.0   205   224     2    21     1    38 0.84 -
TRINITY_DN1620_c0_g1_i3:87-653    -            189 1229at3041           -            451   1.4e-05   20.6   1.4   2   4   4.4e-05    0.0018   13.6   0.1   339   403    37   101    26   110 0.54 -
TRINITY_DN1620_c0_g1_i3:87-653    -            189 1229at3041           -            451   1.4e-05   20.6   1.4   3   4      0.17       6.9    1.8   0.0   195   229    82   114    76   140 0.63 -
TRINITY_DN1620_c0_g1_i3:87-653    -            189 1229at3041           -            451   1.4e-05   20.6   1.4   4   4      0.12         5    2.3   0.0   302   346   127   174   111   185 0.65 -
TRINITY_DN20751_c0_g1_i1:0-644    -            215 1229at3041           -            451   1.9e-05   20.1   0.1   1   2    0.0013     0.054    8.8   0.0   330   392    16    78     9    92 0.72 -
TRINITY_DN20751_c0_g1_i1:0-644    -            215 1229at3041           -            451   1.9e-05   20.1   0.1   2   2   0.00095      0.04    9.2   0.0   203   231   129   157   102   187 0.78 -
TRINITY_DN4274_c0_g1_i2:378-1349  -            324 1229at3041           -            451   2.4e-05   19.8   0.2   1   5      0.25        11    1.2   0.0   200   241    19    60     6    64 0.84 -
TRINITY_DN4274_c0_g1_i2:378-1349  -            324 1229at3041           -            451   2.4e-05   19.8   0.2   2   5    0.0049      0.21    6.9   0.0   204   229    65    90    60   100 0.86 -
TRINITY_DN4274_c0_g1_i2:378-1349  -            324 1229at3041           -            451   2.4e-05   19.8   0.2   3   5     0.068       2.9    3.1   0.0   198   231   153   186   140   194 0.84 -
TRINITY_DN4274_c0_g1_i2:378-1349  -            324 1229at3041           -            451   2.4e-05   19.8   0.2   4   5      0.63        26   -0.1   0.0   318   355   211   247   198   253 0.67 -
TRINITY_DN4274_c0_g1_i2:378-1349  -            324 1229at3041           -            451   2.4e-05   19.8   0.2   5   5      0.36        15    0.7   0.0   338   369   286   317   274   323 0.74 -
TRINITY_DN2417_c0_g1_i1:10-348    -            113 1229at3041           -            451   8.6e-05   18.0   1.6   1   2   0.00024      0.01   11.2   0.1   201   239    29    71    13    73 0.79 -
TRINITY_DN2417_c0_g1_i1:10-348    -            113 1229at3041           -            451   8.6e-05   18.0   1.6   2   2     0.003      0.13    7.6   0.5   202   239    72   113    52   113 0.80 -
TRINITY_DN4274_c0_g1_i1:378-1262  -            295 1229at3041           -            451     9e-05   18.0   0.1   1   4     0.003      0.12    7.6   0.0   204   229    36    61    22    86 0.82 -
TRINITY_DN4274_c0_g1_i1:378-1262  -            295 1229at3041           -            451     9e-05   18.0   0.1   2   4      0.06       2.5    3.3   0.0   198   231   124   157   114   169 0.84 -
TRINITY_DN4274_c0_g1_i1:378-1262  -            295 1229at3041           -            451     9e-05   18.0   0.1   3   4      0.59        25    0.0   0.0   318   355   182   218   171   224 0.68 -
TRINITY_DN4274_c0_g1_i1:378-1262  -            295 1229at3041           -            451     9e-05   18.0   0.1   4   4      0.31        13    1.0   0.0   338   369   257   288   244   294 0.74 -
TRINITY_DN5073_c0_g1_i2:1-723     -            241 1229at3041           -            451   9.9e-05   17.8   0.1   1   3     0.062       2.6    3.3   0.0   202   230     7    35     3    45 0.85 -
TRINITY_DN5073_c0_g1_i2:1-723     -            241 1229at3041           -            451   9.9e-05   17.8   0.1   2   3    0.0011     0.046    9.0   0.1   310   371    48   111    39   134 0.76 -
TRINITY_DN5073_c0_g1_i2:1-723     -            241 1229at3041           -            451   9.9e-05   17.8   0.1   3   3       0.2       8.6    1.5   0.0   205   225   138   158   118   170 0.75 -
TRINITY_DN4766_c0_g1_i1:1-513     -            171 1229at3041           -            451   0.00025   16.5   0.3   1   1   2.6e-05    0.0011   14.4   0.3   255   387    15   159    13   171 0.75 -
TRINITY_DN1029_c0_g1_i1:3-272     -             90 1229at3041           -            451   0.00043   15.7   0.0   1   1   1.2e-05   0.00048   15.5   0.0   192   231    47    86    30    89 0.82 -
TRINITY_DN14565_c0_g1_i1:52-396   -            115 1229at3041           -            451   0.00089   14.7   0.0   1   2      0.01      0.43    5.8   0.0   202   227    13    38     4    45 0.85 -
TRINITY_DN14565_c0_g1_i1:52-396   -            115 1229at3041           -            451   0.00089   14.7   0.0   2   2    0.0039      0.16    7.2   0.0   203   244    58   103    48   110 0.82 -
TRINITY_DN15899_c0_g1_i1:7-546    -            180 1229at3041           -            451    0.0012   14.2   0.2   1   3     0.095         4    2.6   0.0   204   223    11    30     6    80 0.71 -
TRINITY_DN15899_c0_g1_i1:7-546    -            180 1229at3041           -            451    0.0012   14.2   0.2   2   3      0.49        21    0.3   0.0   192   219    59    85    38    97 0.69 -
TRINITY_DN15899_c0_g1_i1:7-546    -            180 1229at3041           -            451    0.0012   14.2   0.2   3   3    0.0018     0.074    8.3   0.0   260   321   105   165    98   179 0.55 -
TRINITY_DN11243_c0_g1_i1:226-618  -            131 1229at3041           -            451    0.0016   13.8   0.1   1   3      0.12         5    2.3   0.0   206   221     5    20     1    36 0.82 -
TRINITY_DN11243_c0_g1_i1:226-618  -            131 1229at3041           -            451    0.0016   13.8   0.1   2   3    0.0063      0.27    6.5   0.0   198   222    43    67    28    72 0.83 -
TRINITY_DN11243_c0_g1_i1:226-618  -            131 1229at3041           -            451    0.0016   13.8   0.1   3   3      0.17       7.3    1.8   0.0   196   219   107   130    97   131 0.81 -
TRINITY_DN2197_c0_g1_i3:103-915   -            271 1229at3041           -            451    0.0022   13.4   0.0   1   1   0.00079     0.033    9.5   0.0   192   297   128   224   111   248 0.71 -
TRINITY_DN3455_c0_g1_i1:276-506   -             77 1229at3041           -            451    0.0029   13.0   0.0   1   1     7e-05    0.0029   13.0   0.0   204   226    24    46     2    73 0.81 -
TRINITY_DN21476_c0_g1_i1:270-1004 -            245 1229at3041           -            451    0.0053   12.1   0.1   1   3     0.027       1.1    4.4   0.0   294   376    40   123    30   150 0.64 -
TRINITY_DN21476_c0_g1_i1:270-1004 -            245 1229at3041           -            451    0.0053   12.1   0.1   2   3     0.027       1.2    4.4   0.1   205   226   141   162   130   174 0.76 -
TRINITY_DN21476_c0_g1_i1:270-1004 -            245 1229at3041           -            451    0.0053   12.1   0.1   3   3      0.72        30   -0.3   0.0   202   222   181   201   172   208 0.84 -
TRINITY_DN8670_c0_g2_i1:14-298    -             95 1229at3041           -            451    0.0054   12.1   0.0   1   3      0.23       9.6    1.4   0.0   210   226     1    17     1    21 0.85 -
TRINITY_DN8670_c0_g2_i1:14-298    -             95 1229at3041           -            451    0.0054   12.1   0.0   2   3    0.0019     0.081    8.2   0.0   203   228    37    62    19    68 0.85 -
TRINITY_DN8670_c0_g2_i1:14-298    -             95 1229at3041           -            451    0.0054   12.1   0.0   3   3       2.7   1.1e+02   -2.2   0.0   256   276    70    90    64    93 0.76 -
TRINITY_DN2378_c0_g1_i2:43-342    -            100 1229at3041           -            451    0.0062   11.9   0.0   1   2     0.094       3.9    2.7   0.0   207   229     6    28     2    32 0.85 -
TRINITY_DN2378_c0_g1_i2:43-342    -            100 1229at3041           -            451    0.0062   11.9   0.0   2   2    0.0068      0.29    6.4   0.0   194   234    36    74    32    98 0.64 -
#
# Program:         hmmsearch
# Version:         3.2.1 (June 2018)
# Pipeline mode:   SEARCH
# Query file:      /sw/bioinfo/BUSCO/v5_lineage_sets/lineages/chlorophyta_odb10/hmms/1229at3041.hmm
# Target file:     /crex/proj/snic2022-23-81/expression_algae/code/busco/trinity_VA-3180-Osg03Sin/run_chlorophyta_odb10/metaeuk_output/initial_results/trinity_VA-3180-Osg03Sin.Trinity.fasta.modified.fas
# Option settings: hmmsearch --domtblout /crex/proj/snic2022-23-81/expression_algae/code/busco/trinity_VA-3180-Osg03Sin/run_chlorophyta_odb10/hmmer_output/initial_run_results/1229at3041.out --cpu 1 /sw/bioinfo/BUSCO/v5_lineage_sets/lineages/chlorophyta_odb10/hmms/1229at3041.hmm /crex/proj/snic2022-23-81/expression_algae/code/busco/trinity_VA-3180-Osg03Sin/run_chlorophyta_odb10/metaeuk_output/initial_results/trinity_VA-3180-Osg03Sin.Trinity.fasta.modified.fas 
# Current dir:     /crex/proj/snic2022-23-81/expression_algae/code/busco
# Date:            Fri Sep 23 10:11:09 2022
# [ok]
