#                                                                                        --- full sequence --- -------------- this domain -------------   hmm coord   ali coord   env coord
# target name                    accession   tlen query name           accession   qlen   E-value  score  bias   #  of  c-Evalue  i-Evalue  score  bias  from    to  from    to  from    to  acc description of target
#            ------------------- ---------- ----- -------------------- ---------- ----- --------- ------ ----- --- --- --------- --------- ------ ----- ----- ----- ----- ----- ----- ----- ---- ---------------------
TRINITY_DN1932_c0_g3_i1:7-1041   -            345 1738at3041           -            359    2e-192  635.8   6.9   1   1  1.8e-193  1.2e-191  633.3   6.9    46   359     1   345     1   345 0.93 -
TRINITY_DN200_c0_g1_i4:124-2241  -            706 1738at3041           -            359  3.4e-107  355.4   0.7   1   2   2.6e-54   1.7e-52  175.5   0.9   116   342    93   330    60   343 0.86 -
TRINITY_DN200_c0_g1_i4:124-2241  -            706 1738at3041           -            359  3.4e-107  355.4   0.7   2   2     2e-54   1.3e-52  175.8   0.0   140   335   404   599   342   611 0.88 -
TRINITY_DN200_c0_g1_i1:116-2572  -            819 1738at3041           -            359    6e-107  354.6   0.7   1   2   3.5e-54   2.3e-52  175.0   0.9   116   342   206   443   174   455 0.86 -
TRINITY_DN200_c0_g1_i1:116-2572  -            819 1738at3041           -            359    6e-107  354.6   0.7   2   2   2.6e-54   1.7e-52  175.4   0.0   140   335   517   712   453   724 0.87 -
TRINITY_DN1932_c0_g2_i3:255-1436 -            394 1738at3041           -            359   4.6e-88  292.4   2.5   1   1   3.3e-89   2.1e-87  290.2   2.5     6   349    26   376    21   390 0.82 -
TRINITY_DN1932_c0_g2_i6:264-1337 -            358 1738at3041           -            359   1.6e-87  290.7   3.4   1   1   2.5e-88   1.6e-86  287.4   3.4    10   344    16   357     7   358 0.88 -
TRINITY_DN1932_c0_g2_i5:39-497   -            153 1738at3041           -            359   2.4e-67  224.3   0.1   1   1   4.1e-69   2.7e-67  224.1   0.1   145   297     1   153     1   153 1.00 -
TRINITY_DN200_c0_g1_i3:165-1448  -            428 1738at3041           -            359     5e-60  200.2   0.2   1   2   4.2e-07   2.7e-05   20.1   0.2   291   342     1    52     1    65 0.85 -
TRINITY_DN200_c0_g1_i3:165-1448  -            428 1738at3041           -            359     5e-60  200.2   0.2   2   2   6.1e-55   3.9e-53  177.5   0.0   140   335   126   321    63   333 0.87 -
TRINITY_DN1932_c0_g4_i1:2-424    -            141 1738at3041           -            359   1.3e-50  169.2   0.3   1   1   2.2e-52   1.4e-50  169.1   0.3   214   348     1   136     1   141 0.95 -
TRINITY_DN304_c3_g1_i1:11-1168   -            386 1738at3041           -            359   4.6e-47  157.5   0.6   1   2       7.6   4.9e+02   -3.8   0.0   278   309   104   135   103   139 0.83 -
TRINITY_DN304_c3_g1_i1:11-1168   -            386 1738at3041           -            359   4.6e-47  157.5   0.6   2   2   7.2e-49   4.6e-47  157.5   0.6   138   343   178   381   147   386 0.92 -
TRINITY_DN1656_c0_g1_i1:1-795    -            265 1738at3041           -            359     4e-46  154.5   1.8   1   1   1.5e-46   9.7e-45  149.9   1.8    84   235    96   265    23   265 0.85 -
TRINITY_DN453_c0_g1_i1:183-974   -            264 1738at3041           -            359   9.6e-46  153.2   0.0   1   1   1.8e-47   1.2e-45  152.9   0.0   137   332    68   263    58   264 0.91 -
TRINITY_DN1547_c2_g1_i1:0-554    -            185 1738at3041           -            359   8.8e-37  123.7   0.0   1   1   1.5e-38   9.6e-37  123.6   0.0   142   301     3   164     1   184 0.90 -
TRINITY_DN1547_c0_g2_i1:0-392    -            131 1738at3041           -            359   1.7e-36  122.8   0.0   1   1   2.8e-38   1.8e-36  122.7   0.0   159   289     1   131     1   131 0.96 -
TRINITY_DN1547_c1_g1_i2:187-1068 -            294 1738at3041           -            359   5.7e-36  121.0   0.6   1   1   8.4e-37   5.4e-35  117.8   0.6    76   214   139   294    75   294 0.87 -
TRINITY_DN1547_c0_g1_i1:3-290    -             96 1738at3041           -            359   5.5e-30  101.4   0.1   1   1   9.3e-32     6e-30  101.2   0.1   180   275     1    96     1    96 0.98 -
TRINITY_DN21384_c0_g1_i1:11-343  -            111 1738at3041           -            359   1.1e-24   83.9   0.0   1   1   1.9e-26   1.3e-24   83.7   0.0   141   222    17    98     9   110 0.90 -
TRINITY_DN2851_c0_g1_i1:5-664    -            220 1738at3041           -            359   2.5e-24   82.7   0.1   1   1     5e-26   3.2e-24   82.4   0.1   142   276    78   220    39   220 0.83 -
TRINITY_DN304_c0_g2_i1:22-312    -             97 1738at3041           -            359   3.7e-23   78.9   0.0   1   1   6.3e-25   4.1e-23   78.8   0.0   150   244     1    96     1    97 0.94 -
TRINITY_DN1547_c2_g1_i2:0-419    -            140 1738at3041           -            359   3.3e-22   75.8   0.0   1   1   5.3e-24   3.4e-22   75.7   0.0   189   301     5   119     1   139 0.86 -
TRINITY_DN9049_c0_g1_i1:4-402    -            133 1738at3041           -            359   5.4e-22   75.1   0.0   1   1   1.1e-23   7.2e-22   74.7   0.0   140   235    35   130     3   133 0.93 -
TRINITY_DN2935_c0_g1_i1:1-564    -            188 1738at3041           -            359   1.6e-20   70.2   0.3   1   1   3.4e-21   2.2e-19   66.5   0.3   178   334     5   176     1   187 0.81 -
TRINITY_DN1547_c3_g1_i1:1-261    -             87 1738at3041           -            359     4e-20   68.9   0.0   1   1   6.6e-22   4.3e-20   68.8   0.0   152   240     1    85     1    87 0.89 -
TRINITY_DN304_c2_g2_i1:26-727    -            234 1738at3041           -            359   4.1e-19   65.6   0.1   1   1   8.1e-21   5.2e-19   65.3   0.1   240   351     1   113     1   121 0.93 -
TRINITY_DN1547_c1_g1_i3:413-793  -            127 1738at3041           -            359   5.8e-19   65.1   0.9   1   1   1.4e-19   9.1e-18   61.2   0.9    77   174    12   126     6   127 0.83 -
TRINITY_DN1932_c0_g2_i4:264-959  -            232 1738at3041           -            359   1.3e-14   50.8   2.2   1   1   3.1e-15     2e-13   46.9   2.2     9   167    15   180     7   231 0.80 -
TRINITY_DN12275_c0_g1_i2:130-564 -            145 1738at3041           -            359   7.5e-14   48.3   0.0   1   1   1.3e-15   8.7e-14   48.1   0.0   147   291     2   139     1   144 0.84 -
#
# Program:         hmmsearch
# Version:         3.2.1 (June 2018)
# Pipeline mode:   SEARCH
# Query file:      /sw/bioinfo/BUSCO/v5_lineage_sets/lineages/chlorophyta_odb10/hmms/1738at3041.hmm
# Target file:     /crex/proj/snic2022-23-81/expression_algae/code/busco/trinity_VA-3180-Osg03Sin/run_chlorophyta_odb10/metaeuk_output/initial_results/trinity_VA-3180-Osg03Sin.Trinity.fasta.modified.fas
# Option settings: hmmsearch --domtblout /crex/proj/snic2022-23-81/expression_algae/code/busco/trinity_VA-3180-Osg03Sin/run_chlorophyta_odb10/hmmer_output/initial_run_results/1738at3041.out --cpu 1 /sw/bioinfo/BUSCO/v5_lineage_sets/lineages/chlorophyta_odb10/hmms/1738at3041.hmm /crex/proj/snic2022-23-81/expression_algae/code/busco/trinity_VA-3180-Osg03Sin/run_chlorophyta_odb10/metaeuk_output/initial_results/trinity_VA-3180-Osg03Sin.Trinity.fasta.modified.fas 
# Current dir:     /crex/proj/snic2022-23-81/expression_algae/code/busco
# Date:            Fri Sep 23 10:11:09 2022
# [ok]
