#                                                                                         --- full sequence --- -------------- this domain -------------   hmm coord   ali coord   env coord
# target name                     accession   tlen query name           accession   qlen   E-value  score  bias   #  of  c-Evalue  i-Evalue  score  bias  from    to  from    to  from    to  acc description of target
#             ------------------- ---------- ----- -------------------- ---------- ----- --------- ------ ----- --- --- --------- --------- ------ ----- ----- ----- ----- ----- ----- ----- ---- ---------------------
TRINITY_DN415_c0_g1_i1:173-775    -            201 1952at3041           -            304   7.8e-80  264.8   0.0   1   1   8.9e-81   1.1e-79  264.4   0.0     3   150    33   196    31   198 0.93 -
TRINITY_DN4187_c0_g1_i1:75-323    -             83 1952at3041           -            304   5.3e-46  153.7   0.0   1   1   4.9e-47   5.8e-46  153.6   0.0   153   233     1    83     1    83 0.98 -
TRINITY_DN1260_c0_g1_i2:906-1820  -            305 1952at3041           -            304   1.6e-42  142.2   0.0   1   1   1.6e-43   1.9e-42  142.0   0.0    22   302     5   305     1   305 0.84 -
TRINITY_DN1260_c0_g1_i4:897-1586  -            230 1952at3041           -            304   3.1e-36  121.6   0.0   1   1     3e-37   3.5e-36  121.4   0.0    91   304     4   229     1   229 0.85 -
TRINITY_DN1260_c0_g1_i5:906-1436  -            177 1952at3041           -            304   4.1e-25   85.1   0.0   1   1   4.2e-26     5e-25   84.8   0.0   142   302     7   177     3   177 0.81 -
TRINITY_DN1420_c0_g1_i1:393-1550  -            386 1952at3041           -            304   9.1e-25   84.0   0.0   1   1   9.9e-26   1.2e-24   83.6   0.0    37   303    75   341    35   342 0.77 -
TRINITY_DN1420_c0_g1_i4:393-1550  -            386 1952at3041           -            304   9.1e-25   84.0   0.0   1   1   9.9e-26   1.2e-24   83.6   0.0    37   303    75   341    35   342 0.77 -
TRINITY_DN1420_c0_g1_i3:393-1301  -            303 1952at3041           -            304     2e-24   82.9   0.1   1   1   2.3e-25   2.7e-24   82.4   0.1    62   303    16   258     8   259 0.83 -
TRINITY_DN12802_c0_g1_i3:2-343    -            114 1952at3041           -            304   5.7e-22   74.8   0.1   1   2   0.00055    0.0066   12.2   0.0   129   149     2    25     1    30 0.76 -
TRINITY_DN12802_c0_g1_i3:2-343    -            114 1952at3041           -            304   5.7e-22   74.8   0.1   2   2   8.1e-19   9.6e-18   60.9   0.0   150   210    52   112    49   114 0.96 -
TRINITY_DN871_c0_g1_i2:201-1883   -            561 1952at3041           -            304   1.7e-21   73.3   0.0   1   1   2.1e-22   2.5e-21   72.7   0.0    25   303    29   329    18   330 0.79 -
TRINITY_DN783_c0_g1_i4:17-568     -            184 1952at3041           -            304   2.9e-21   72.4   0.0   1   2   5.3e-17   6.3e-16   54.9   0.0   126   211     1    98     1   115 0.83 -
TRINITY_DN783_c0_g1_i4:17-568     -            184 1952at3041           -            304   2.9e-21   72.4   0.0   2   2   4.5e-05   0.00053   15.8   0.1   278   303   156   181   146   182 0.89 -
TRINITY_DN23489_c0_g1_i1:168-791  -            208 1952at3041           -            304   7.3e-21   71.2   0.0   1   1   7.7e-22   9.2e-21   70.8   0.0    55   213    26   195    10   201 0.82 -
TRINITY_DN539_c0_g1_i3:34-894     -            287 1952at3041           -            304   9.5e-19   64.2   0.2   1   1   1.8e-19   2.2e-18   63.0   0.2    24   302     2   287     1   287 0.79 -
TRINITY_DN21273_c0_g1_i1:35-283   -             83 1952at3041           -            304   2.9e-18   62.6   0.0   1   1   2.5e-19   2.9e-18   62.6   0.0   151   212     2    63     1    80 0.94 -
TRINITY_DN12802_c0_g1_i1:85-381   -             99 1952at3041           -            304   3.2e-18   62.5   0.0   1   1   5.5e-19   6.5e-18   61.5   0.0   150   210    37    97    34    99 0.96 -
TRINITY_DN2115_c1_g1_i2:617-1924  -            436 1952at3041           -            304   4.7e-18   61.9   0.4   1   2   3.6e-14   4.2e-13   45.6   0.1    52   209    34   195     1   206 0.76 -
TRINITY_DN2115_c1_g1_i2:617-1924  -            436 1952at3041           -            304   4.7e-18   61.9   0.4   2   2    0.0001    0.0012   14.6   0.0   275   304   225   254   214   254 0.88 -
TRINITY_DN7274_c0_g1_i1:352-1155  -            268 1952at3041           -            304   2.9e-17   59.3   0.0   1   1   4.1e-18   4.9e-17   58.6   0.0    25   210    12   214     7   219 0.80 -
TRINITY_DN434_c0_g2_i1:2-439      -            146 1952at3041           -            304   4.9e-17   58.6   0.0   1   1   5.1e-18   6.1e-17   58.3   0.0    92   215     6   136     2   141 0.81 -
TRINITY_DN783_c0_g1_i3:105-410    -            102 1952at3041           -            304     5e-17   58.6   0.0   1   1   4.4e-18   5.3e-17   58.5   0.0   126   212     1    99     1   102 0.84 -
TRINITY_DN5600_c0_g1_i1:0-473     -            158 1952at3041           -            304   5.9e-17   58.3   0.0   1   2   1.4e-14   1.7e-13   47.0   0.0   122   220     3   105     1   121 0.79 -
TRINITY_DN5600_c0_g1_i1:0-473     -            158 1952at3041           -            304   5.9e-17   58.3   0.0   2   2    0.0033     0.039    9.6   0.0   273   302   128   157   121   158 0.92 -
TRINITY_DN11270_c0_g2_i1:0-956    -            319 1952at3041           -            304   1.1e-16   57.5   0.1   1   2   8.3e-13   9.9e-12   41.2   0.0   130   206    27   113    15   123 0.81 -
TRINITY_DN11270_c0_g2_i1:0-956    -            319 1952at3041           -            304   1.1e-16   57.5   0.1   2   2   0.00013    0.0015   14.3   0.1   274   303   145   174   122   175 0.85 -
TRINITY_DN539_c0_g1_i4:19-765     -            249 1952at3041           -            304   1.3e-15   53.9   0.5   1   1   2.6e-16   3.1e-15   52.7   0.5    62   303     2   245     1   246 0.75 -
TRINITY_DN917_c1_g1_i1:5-835      -            277 1952at3041           -            304   6.1e-15   51.7   0.0   1   2   6.5e-11   7.8e-10   34.9   0.0    57   210    58   220    48   229 0.81 -
TRINITY_DN917_c1_g1_i1:5-835      -            277 1952at3041           -            304   6.1e-15   51.7   0.0   2   2   0.00012    0.0014   14.3   0.0   274   303   246   275   231   276 0.93 -
TRINITY_DN21145_c0_g1_i1:149-991  -            281 1952at3041           -            304   1.9e-14   50.1   0.2   1   2   9.3e-12   1.1e-10   37.7   0.1    23   212     2   206     1   226 0.76 -
TRINITY_DN21145_c0_g1_i1:149-991  -            281 1952at3041           -            304   1.9e-14   50.1   0.2   2   2    0.0012     0.014   11.1   0.0   259   303   222   269   203   270 0.76 -
TRINITY_DN539_c0_g1_i2:19-606     -            196 1952at3041           -            304   3.1e-14   49.4   0.5   1   1   5.9e-15     7e-14   48.2   0.5   123   303     4   192     1   193 0.77 -
TRINITY_DN6446_c0_g1_i2:338-1072  -            245 1952at3041           -            304   3.4e-14   49.3   0.1   1   1   8.6e-15     1e-13   47.7   0.1    25   205    25   227    17   236 0.71 -
TRINITY_DN6446_c0_g1_i3:509-1243  -            245 1952at3041           -            304   3.4e-14   49.3   0.1   1   1   8.6e-15     1e-13   47.7   0.1    25   205    25   227    17   236 0.71 -
TRINITY_DN6446_c0_g1_i5:140-805   -            222 1952at3041           -            304   6.2e-14   48.4   0.1   1   1   1.1e-14   1.4e-13   47.3   0.1    61   205    53   203     1   212 0.76 -
TRINITY_DN29096_c0_g1_i1:3-491    -            163 1952at3041           -            304   7.3e-14   48.2   0.0   1   2   7.6e-11     9e-10   34.7   0.0   151   214    12    79     6    98 0.82 -
TRINITY_DN29096_c0_g1_i1:3-491    -            163 1952at3041           -            304   7.3e-14   48.2   0.0   2   2   0.00076    0.0091   11.7   0.0   275   303   129   157   119   158 0.88 -
TRINITY_DN6446_c0_g1_i4:222-857   -            212 1952at3041           -            304     2e-13   46.7   0.0   1   1   2.2e-14   2.6e-13   46.3   0.0    62   205    50   199    39   207 0.82 -
TRINITY_DN5406_c1_g1_i2:129-980   -            284 1952at3041           -            304   3.6e-13   45.9   0.0   1   1   4.3e-14   5.2e-13   45.4   0.0    52   206    73   233    70   242 0.86 -
TRINITY_DN253_c0_g2_i8:1816-2673  -            286 1952at3041           -            304   8.5e-13   44.7   1.4   1   2   2.4e-11   2.9e-10   36.3   0.1    55   208    46   216     3   236 0.73 -
TRINITY_DN253_c0_g2_i8:1816-2673  -            286 1952at3041           -            304   8.5e-13   44.7   1.4   2   2     0.036      0.43    6.2   0.1   274   303   242   271   235   272 0.87 -
TRINITY_DN253_c0_g2_i9:1310-2167  -            286 1952at3041           -            304   8.5e-13   44.7   1.4   1   2   2.4e-11   2.9e-10   36.3   0.1    55   208    46   216     3   236 0.73 -
TRINITY_DN253_c0_g2_i9:1310-2167  -            286 1952at3041           -            304   8.5e-13   44.7   1.4   2   2     0.036      0.43    6.2   0.1   274   303   242   271   235   272 0.87 -
TRINITY_DN12771_c0_g1_i1:30-290   -             87 1952at3041           -            304   1.5e-12   43.8   0.0   1   1   1.3e-13   1.6e-12   43.8   0.0   152   216     3    71     1    80 0.83 -
TRINITY_DN253_c0_g2_i1:47-685     -            213 1952at3041           -            304     2e-12   43.5   0.3   1   2   1.9e-10   2.3e-09   33.4   0.0    89   207     2   142     1   160 0.75 -
TRINITY_DN253_c0_g2_i1:47-685     -            213 1952at3041           -            304     2e-12   43.5   0.3   2   2     0.025       0.3    6.8   0.1   274   303   169   198   164   199 0.87 -
TRINITY_DN1330_c0_g1_i4:179-976   -            266 1952at3041           -            304   2.9e-12   42.9   0.1   1   1   3.5e-13   4.2e-12   42.4   0.1    25   211     8   208     2   214 0.75 -
TRINITY_DN719_c0_g5_i1:258-932    -            225 1952at3041           -            304   4.9e-12   42.2   0.0   1   2   2.6e-11   3.1e-10   36.2   0.0   123   229     6   125     2   133 0.78 -
TRINITY_DN719_c0_g5_i1:258-932    -            225 1952at3041           -            304   4.9e-12   42.2   0.0   2   2      0.15       1.7    4.2   0.0   272   302   138   168   123   170 0.85 -
TRINITY_DN1042_c0_g1_i1:9-620     -            204 1952at3041           -            304   6.4e-12   41.8   0.1   1   1   4.3e-12   5.1e-11   38.8   0.1    88   205    28   168     5   182 0.79 -
TRINITY_DN287_c0_g1_i1:468-1571   -            309 1952at3041           -            304     3e-11   39.6   0.5   1   3   0.00045    0.0053   12.5   0.0   124   160   106   146    89   156 0.75 -
TRINITY_DN287_c0_g1_i1:468-1571   -            309 1952at3041           -            304     3e-11   39.6   0.5   2   3     0.043      0.51    6.0   0.0   189   213   223   247   198   257 0.86 -
TRINITY_DN287_c0_g1_i1:468-1571   -            309 1952at3041           -            304     3e-11   39.6   0.5   3   3   9.5e-06   0.00011   18.0   0.1   265   303   261   300   250   301 0.84 -
TRINITY_DN6137_c1_g1_i2:27-641    -            205 1952at3041           -            304   4.6e-11   39.0   0.0   1   1   4.6e-12   5.5e-11   38.7   0.0    91   205    27   157     1   162 0.79 -
TRINITY_DN6495_c0_g1_i1:126-620   -            165 1952at3041           -            304   5.7e-11   38.7   0.8   1   2   6.5e-06   7.7e-05   18.5   0.1   136   205     5    92     3    97 0.75 -
TRINITY_DN6495_c0_g1_i1:126-620   -            165 1952at3041           -            304   5.7e-11   38.7   0.8   2   2     2e-05   0.00024   16.9   0.1   274   304   132   162   114   162 0.83 -
TRINITY_DN1330_c0_g1_i1:179-1055  -            253 1952at3041           -            304   7.6e-11   38.2   0.3   1   1   1.3e-11   1.6e-10   37.2   0.3    25   211     8   195     2   201 0.76 -
TRINITY_DN209_c0_g1_i2:428-1240   -            271 1952at3041           -            304   8.9e-11   38.0   0.2   1   2   8.9e-08   1.1e-06   24.6   0.1    72   209    54   216    19   225 0.69 -
TRINITY_DN209_c0_g1_i2:428-1240   -            271 1952at3041           -            304   8.9e-11   38.0   0.2   2   2      0.16       1.9    4.1   0.0   275   303   243   271   233   271 0.89 -
TRINITY_DN209_c0_g1_i3:310-1122   -            271 1952at3041           -            304   8.9e-11   38.0   0.2   1   2   8.9e-08   1.1e-06   24.6   0.1    72   209    54   216    19   225 0.69 -
TRINITY_DN209_c0_g1_i3:310-1122   -            271 1952at3041           -            304   8.9e-11   38.0   0.2   2   2      0.16       1.9    4.1   0.0   275   303   243   271   233   271 0.89 -
TRINITY_DN209_c0_g1_i1:156-746    -            197 1952at3041           -            304   9.8e-11   37.9   0.0   1   2   2.6e-07   3.1e-06   23.1   0.0   127   209    32   139    21   149 0.75 -
TRINITY_DN209_c0_g1_i1:156-746    -            197 1952at3041           -            304   9.8e-11   37.9   0.0   2   2     0.075       0.9    5.2   0.0   275   303   166   194   155   195 0.89 -
TRINITY_DN9880_c0_g1_i1:1-399     -            133 1952at3041           -            304     1e-10   37.8   0.0   1   1     1e-11   1.2e-10   37.6   0.0   126   215     1    99     1   109 0.84 -
TRINITY_DN529_c0_g1_i1:276-1133   -            286 1952at3041           -            304   1.1e-10   37.8   0.5   1   2   3.6e-08   4.3e-07   25.9   0.1    56   217    51   229     5   249 0.79 -
TRINITY_DN529_c0_g1_i1:276-1133   -            286 1952at3041           -            304   1.1e-10   37.8   0.5   2   2     0.041      0.49    6.0   0.0   278   303   261   286   253   286 0.93 -
TRINITY_DN6495_c0_g1_i3:62-556    -            165 1952at3041           -            304   2.2e-10   36.7   0.7   1   2   6.5e-06   7.7e-05   18.5   0.1   136   205     5    92     3    97 0.75 -
TRINITY_DN6495_c0_g1_i3:62-556    -            165 1952at3041           -            304   2.2e-10   36.7   0.7   2   2     8e-05   0.00096   14.9   0.1   274   304   132   162   114   162 0.83 -
TRINITY_DN563_c0_g1_i1:72-656     -            195 1952at3041           -            304   5.4e-10   35.4   0.0   1   1   7.1e-11   8.5e-10   34.8   0.0   110   209    23   145     7   150 0.76 -
TRINITY_DN22684_c0_g1_i1:53-301   -             83 1952at3041           -            304     6e-10   35.3   0.0   1   1   6.8e-11   8.1e-10   34.9   0.0   136   205     1    83     1    83 0.80 -
TRINITY_DN8460_c0_g1_i1:12-455    -            148 1952at3041           -            304   6.3e-10   35.2   0.0   1   1   7.6e-11     9e-10   34.7   0.0    25   159     1   143     1   147 0.72 -
TRINITY_DN1623_c0_g1_i2:60-629    -            190 1952at3041           -            304   7.8e-10   34.9   0.0   1   1     8e-11   9.5e-10   34.6   0.0    61   207    13   165     2   175 0.79 -
TRINITY_DN5406_c1_g1_i1:126-788   -            221 1952at3041           -            304   7.9e-10   34.9   0.0   1   1     8e-11   9.5e-10   34.6   0.0    52   168    74   190    71   221 0.85 -
TRINITY_DN6096_c1_g1_i3:2-493     -            164 1952at3041           -            304   8.4e-10   34.8   0.1   1   2   6.6e-09   7.9e-08   28.3   0.0   126   205     3   100     1   110 0.79 -
TRINITY_DN6096_c1_g1_i3:2-493     -            164 1952at3041           -            304   8.4e-10   34.8   0.1   2   2      0.14       1.7    4.3   0.0   276   302   137   163   103   164 0.80 -
TRINITY_DN6115_c0_g1_i1:71-340    -             90 1952at3041           -            304   9.1e-10   34.7   0.0   1   1   7.9e-11   9.4e-10   34.7   0.0   150   212     4    71     1    84 0.80 -
TRINITY_DN8079_c0_g1_i1:205-1149  -            315 1952at3041           -            304   1.1e-09   34.5   0.0   1   2   6.2e-10   7.4e-09   31.7   0.0    24   211     1   199     1   221 0.66 -
TRINITY_DN8079_c0_g1_i1:205-1149  -            315 1952at3041           -            304   1.1e-09   34.5   0.0   2   2       2.9        34   -0.0   0.0   276   303   230   257   207   258 0.83 -
TRINITY_DN2750_c0_g1_i2:12-698    -            229 1952at3041           -            304   1.2e-09   34.3   0.0   1   1   1.5e-10   1.8e-09   33.8   0.0   116   210   111   213   103   221 0.81 -
TRINITY_DN2824_c1_g1_i1:136-759   -            208 1952at3041           -            304   1.3e-09   34.3   0.4   1   1   1.5e-10   1.8e-09   33.8   0.4    24   181    12   182     5   187 0.74 -
TRINITY_DN1896_c0_g1_i1:599-1117  -            173 1952at3041           -            304   1.3e-09   34.2   0.2   1   1   1.2e-10   1.5e-09   34.0   0.2    45   181    32   173     5   173 0.72 -
TRINITY_DN6137_c1_g1_i1:32-550    -            173 1952at3041           -            304   1.9e-09   33.6   0.0   1   1   2.1e-10   2.5e-09   33.3   0.0   115   205    21   125     3   130 0.81 -
TRINITY_DN287_c0_g1_i2:468-1403   -            312 1952at3041           -            304     2e-09   33.6   0.4   1   3     0.033      0.39    6.3   0.0   125   160   107   149    89   159 0.72 -
TRINITY_DN287_c0_g1_i2:468-1403   -            312 1952at3041           -            304     2e-09   33.6   0.4   2   3     0.044      0.52    6.0   0.0   189   213   226   250   201   260 0.86 -
TRINITY_DN287_c0_g1_i2:468-1403   -            312 1952at3041           -            304     2e-09   33.6   0.4   3   3   9.6e-06   0.00011   18.0   0.1   265   303   264   303   253   304 0.84 -
TRINITY_DN4654_c1_g1_i1:39-515    -            159 1952at3041           -            304   3.7e-09   32.7   0.0   1   1   5.1e-10   6.1e-09   32.0   0.0   115   205     3   107     1   111 0.80 -
TRINITY_DN6115_c1_g1_i1:2-499     -            166 1952at3041           -            304   4.6e-09   32.4   0.1   1   1   4.2e-10     5e-09   32.3   0.1    28   160     6   152     1   165 0.72 -
TRINITY_DN1817_c0_g1_i1:1-411     -            137 1952at3041           -            304   7.4e-09   31.7   0.0   1   1   7.2e-10   8.6e-09   31.5   0.0   127   211     1   100     1   118 0.80 -
TRINITY_DN11495_c0_g1_i1:230-691  -            154 1952at3041           -            304   9.4e-09   31.4   1.3   1   2       1.5        18    0.9   0.0    22    43     7    28     2    31 0.88 -
TRINITY_DN11495_c0_g1_i1:230-691  -            154 1952at3041           -            304   9.4e-09   31.4   1.3   2   2   3.2e-09   3.9e-08   29.4   0.2    45   147    50   153    47   154 0.78 -
TRINITY_DN253_c0_g2_i5:1271-1804  -            178 1952at3041           -            304   1.6e-08   30.6   0.2   1   1   1.8e-09   2.1e-08   30.2   0.2    52   159    56   165    12   175 0.73 -
TRINITY_DN253_c0_g3_i2:30-707     -            226 1952at3041           -            304   1.7e-08   30.5   0.6   1   2   1.7e-07     2e-06   23.7   0.1   125   205    58   159     3   168 0.69 -
TRINITY_DN253_c0_g3_i2:30-707     -            226 1952at3041           -            304   1.7e-08   30.5   0.6   2   2      0.15       1.8    4.2   0.1   274   303   197   226   179   226 0.87 -
TRINITY_DN462_c0_g2_i1:34-900     -            289 1952at3041           -            304   2.1e-08   30.2   0.1   1   2   1.7e-06   2.1e-05   20.4   0.0   120   212   112   217     3   226 0.85 -
TRINITY_DN462_c0_g2_i1:34-900     -            289 1952at3041           -            304   2.1e-08   30.2   0.1   2   2    0.0093      0.11    8.2   0.1   262   303   242   283   218   284 0.79 -
TRINITY_DN462_c0_g2_i2:34-900     -            289 1952at3041           -            304   2.1e-08   30.2   0.1   1   2   1.7e-06   2.1e-05   20.4   0.0   120   212   112   217     3   226 0.85 -
TRINITY_DN462_c0_g2_i2:34-900     -            289 1952at3041           -            304   2.1e-08   30.2   0.1   2   2    0.0093      0.11    8.2   0.1   262   303   242   283   218   284 0.79 -
TRINITY_DN6096_c1_g1_i2:2-463     -            154 1952at3041           -            304   3.1e-08   29.7   0.0   1   1   6.2e-09   7.3e-08   28.4   0.0   126   205     3   100     1   108 0.79 -
TRINITY_DN21915_c0_g1_i1:1-384    -            128 1952at3041           -            304   3.6e-08   29.5   0.0   1   1   3.5e-09   4.1e-08   29.3   0.0   139   210     4    83     1    94 0.82 -
TRINITY_DN2824_c0_g2_i1:40-567    -            176 1952at3041           -            304   3.8e-08   29.4   0.0   1   1   3.8e-09   4.6e-08   29.1   0.0    64   181    56   176     4   176 0.74 -
TRINITY_DN1328_c0_g1_i1:4-471     -            156 1952at3041           -            304   3.9e-08   29.3   0.0   1   1   4.3e-09   5.1e-08   29.0   0.0   117   204    30   133    18   146 0.78 -
TRINITY_DN35514_c0_g1_i1:17-388   -            124 1952at3041           -            304   5.9e-08   28.8   0.3   1   1   5.8e-09   6.9e-08   28.5   0.3    47   159     5   123     2   124 0.81 -
TRINITY_DN28833_c0_g1_i1:100-672  -            191 1952at3041           -            304   5.9e-08   28.8   0.0   1   1   5.8e-09     7e-08   28.5   0.0    23   195     3   191     1   191 0.70 -
TRINITY_DN719_c0_g1_i1:2-538      -            179 1952at3041           -            304   6.6e-08   28.6   0.1   1   2   2.3e-06   2.7e-05   20.0   0.0   151   233    18   102     8   107 0.74 -
TRINITY_DN719_c0_g1_i1:2-538      -            179 1952at3041           -            304   6.6e-08   28.6   0.1   2   2    0.0098      0.12    8.1   0.0   260   303    99   145    90   146 0.74 -
TRINITY_DN6921_c0_g4_i1:147-683   -            179 1952at3041           -            304   6.7e-08   28.6   0.0   1   1   6.5e-09   7.7e-08   28.4   0.0   114   222     2   122     1   135 0.77 -
TRINITY_DN28689_c0_g1_i1:148-471  -            108 1952at3041           -            304   9.4e-08   28.1   0.0   1   1   8.4e-09     1e-07   28.0   0.0   119   209     5   107     1   108 0.81 -
TRINITY_DN1189_c0_g1_i1:474-923   -            150 1952at3041           -            304   9.8e-08   28.0   0.5   1   1   9.2e-09   1.1e-07   27.9   0.5    25   159     1   149     1   150 0.77 -
TRINITY_DN14661_c0_g1_i1:15-362   -            116 1952at3041           -            304   1.1e-07   27.9   0.0   1   1   1.2e-08   1.4e-07   27.5   0.0   115   205     9   113     7   114 0.80 -
TRINITY_DN1328_c0_g1_i2:4-822     -            273 1952at3041           -            304   1.3e-07   27.7   0.0   1   1   1.8e-08   2.1e-07   26.9   0.0   117   204   147   250   129   263 0.79 -
TRINITY_DN5037_c0_g1_i2:7-642     -            212 1952at3041           -            304   1.4e-07   27.5   0.0   1   1   1.7e-08     2e-07   27.0   0.0    63   181    80   205    24   210 0.66 -
TRINITY_DN33144_c0_g1_i1:40-345   -            102 1952at3041           -            304   2.2e-07   26.9   0.0   1   1   2.4e-08   2.8e-07   26.5   0.0   127   209     4   101     1   102 0.77 -
TRINITY_DN359_c0_g1_i2:178-1158   -            327 1952at3041           -            304   3.3e-07   26.3   0.0   1   1     6e-08   7.2e-07   25.2   0.0    23   161     9   157     7   228 0.67 -
TRINITY_DN359_c0_g1_i3:849-1829   -            327 1952at3041           -            304   3.3e-07   26.3   0.0   1   1     6e-08   7.2e-07   25.2   0.0    23   161     9   157     7   228 0.67 -
TRINITY_DN359_c0_g1_i1:809-1807   -            333 1952at3041           -            304   3.5e-07   26.2   0.0   1   1   5.8e-08   6.9e-07   25.3   0.0    23   161     9   157     7   242 0.68 -
TRINITY_DN29885_c0_g1_i1:30-461   -            144 1952at3041           -            304   4.5e-07   25.9   0.0   1   1   8.8e-08   1.1e-06   24.7   0.0   128   206    10   104     1   115 0.75 -
TRINITY_DN14549_c0_g1_i2:319-825  -            169 1952at3041           -            304   1.6e-06   24.1   0.0   1   1   1.5e-07   1.8e-06   23.9   0.0    90   165    65   145    30   166 0.85 -
TRINITY_DN30611_c0_g1_i1:2-286    -             95 1952at3041           -            304   1.9e-06   23.8   0.0   1   1   1.9e-07   2.2e-06   23.6   0.0    90   159     9    85     3    90 0.85 -
TRINITY_DN20915_c0_g1_i1:60-482   -            141 1952at3041           -            304   2.1e-06   23.7   0.1   1   2     0.002     0.023   10.4   0.0   152   209     2    63     1    70 0.72 -
TRINITY_DN20915_c0_g1_i1:60-482   -            141 1952at3041           -            304   2.1e-06   23.7   0.1   2   2   0.00072    0.0086   11.8   0.0   272   303    88   119    75   120 0.90 -
TRINITY_DN6172_c0_g1_i1:72-686    -            205 1952at3041           -            304   2.2e-06   23.6   0.0   1   1   3.1e-07   3.6e-06   22.9   0.0   119   213    57   168    49   180 0.74 -
TRINITY_DN3550_c0_g1_i2:4-324     -            107 1952at3041           -            304   2.7e-06   23.3   0.0   1   1   2.8e-07   3.3e-06   23.0   0.0   136   203     1    77     1    80 0.80 -
TRINITY_DN719_c0_g2_i1:1-378      -            126 1952at3041           -            304   2.8e-06   23.3   0.0   1   1   2.8e-07   3.3e-06   23.0   0.0    91   195     8   125     4   126 0.77 -
TRINITY_DN1623_c0_g1_i1:60-470    -            137 1952at3041           -            304     4e-06   22.8   0.0   1   1   3.8e-07   4.5e-06   22.6   0.0    61   157    13   111     2   128 0.78 -
TRINITY_DN29385_c0_g1_i1:8-376    -            123 1952at3041           -            304   5.4e-06   22.3   0.3   1   1   5.8e-07   6.9e-06   22.0   0.3    69   162    27   122     6   123 0.73 -
TRINITY_DN8040_c0_g1_i1:5-283     -             93 1952at3041           -            304   5.5e-06   22.3   0.0   1   1   6.4e-07   7.6e-06   21.8   0.0   134   206     7    88     1    93 0.76 -
TRINITY_DN6921_c1_g2_i1:23-403    -            127 1952at3041           -            304   5.9e-06   22.2   0.1   1   1   6.6e-07   7.8e-06   21.8   0.0   115   149    68   104    37   123 0.81 -
TRINITY_DN19089_c0_g1_i1:9-536    -            176 1952at3041           -            304     6e-06   22.2   0.0   1   1   6.9e-07   8.2e-06   21.7   0.0   124   214     8   116     4   124 0.78 -
TRINITY_DN6921_c1_g2_i2:0-425     -            142 1952at3041           -            304   6.4e-06   22.1   0.0   1   1     6e-07   7.1e-06   21.9   0.0   115   151    58    96    28   135 0.82 -
TRINITY_DN25425_c0_g1_i1:1-390    -            130 1952at3041           -            304     8e-06   21.8   0.0   1   1   7.1e-07   8.4e-06   21.7   0.0    62   178     2   129     1   130 0.76 -
TRINITY_DN3550_c0_g2_i1:12-332    -            107 1952at3041           -            304   8.2e-06   21.7   0.0   1   1     8e-07   9.5e-06   21.5   0.0   136   204     1    79     1    87 0.79 -
TRINITY_DN6921_c0_g1_i2:0-407     -            136 1952at3041           -            304   8.4e-06   21.7   0.0   1   1   8.8e-07     1e-05   21.4   0.0   115   165    44   103    42   125 0.74 -
TRINITY_DN434_c0_g1_i1:38-853     -            272 1952at3041           -            304   9.5e-06   21.5   0.1   1   2   2.2e-06   2.6e-05   20.1   0.0   115   235    59   191    34   197 0.76 -
TRINITY_DN434_c0_g1_i1:38-853     -            272 1952at3041           -            304   9.5e-06   21.5   0.1   2   2       4.2        51   -0.6   0.0   277   303   207   233   172   234 0.72 -
TRINITY_DN2750_c0_g1_i3:96-683    -            196 1952at3041           -            304   9.8e-06   21.5   0.0   1   1   1.1e-06   1.4e-05   21.0   0.0   116   193   111   196   103   196 0.80 -
TRINITY_DN26484_c0_g1_i1:5-358    -            118 1952at3041           -            304     2e-05   20.4   0.0   1   1   2.1e-06   2.5e-05   20.1   0.0   124   160     2    44     1    52 0.85 -
TRINITY_DN24833_c0_g1_i1:42-398   -            119 1952at3041           -            304   2.6e-05   20.1   0.1   1   1   2.3e-06   2.8e-05   20.0   0.1    59   157    19   117     3   119 0.73 -
TRINITY_DN1756_c0_g1_i1:70-513    -            148 1952at3041           -            304   2.7e-05   20.0   0.2   1   1   2.4e-06   2.8e-05   20.0   0.2    88   151    70   137     4   145 0.83 -
TRINITY_DN2639_c0_g1_i1:1-459     -            153 1952at3041           -            304     3e-05   19.9   0.0   1   1   4.8e-06   5.7e-05   19.0   0.0   130   207     3   102     1   112 0.72 -
TRINITY_DN29528_c0_g1_i1:3-359    -            119 1952at3041           -            304   3.1e-05   19.8   0.0   1   1   2.6e-06   3.1e-05   19.8   0.0   114   159    58   108     7   117 0.82 -
TRINITY_DN30124_c0_g1_i1:112-834  -            241 1952at3041           -            304   3.2e-05   19.8   0.4   1   1     1e-05   0.00012   17.8   0.4   111   166    91   155    66   197 0.70 -
TRINITY_DN10180_c0_g1_i1:138-614  -            159 1952at3041           -            304   5.5e-05   19.0   0.0   1   1   5.8e-06   6.9e-05   18.7   0.0   123   206     3   102     1   113 0.77 -
TRINITY_DN1054_c0_g1_i1:1244-2197 -            318 1952at3041           -            304   7.6e-05   18.5   0.0   1   1   1.4e-05   0.00017   17.4   0.0   129   206   173   268   157   279 0.73 -
TRINITY_DN1054_c0_g1_i2:734-1687  -            318 1952at3041           -            304   7.6e-05   18.5   0.0   1   1   1.4e-05   0.00017   17.4   0.0   129   206   173   268   157   279 0.73 -
TRINITY_DN209_c0_g2_i1:279-695    -            139 1952at3041           -            304   9.5e-05   18.2   0.2   1   1   8.8e-06   0.00011   18.1   0.2    59   147    48   138     7   139 0.73 -
TRINITY_DN209_c0_g2_i2:238-654    -            139 1952at3041           -            304   9.5e-05   18.2   0.2   1   1   8.8e-06   0.00011   18.1   0.2    59   147    48   138     7   139 0.73 -
TRINITY_DN12771_c0_g2_i1:56-454   -            133 1952at3041           -            304   0.00012   17.9   0.2   1   1   1.1e-05   0.00013   17.8   0.2    46   142    35   133     7   133 0.84 -
TRINITY_DN24958_c0_g1_i1:60-491   -            144 1952at3041           -            304   0.00021   17.1   0.0   1   2    0.0074     0.089    8.5   0.0   165   213    12    67     2    95 0.65 -
TRINITY_DN24958_c0_g1_i1:60-491   -            144 1952at3041           -            304   0.00021   17.1   0.0   2   2     0.018      0.21    7.2   0.0   273   303   106   136    91   137 0.90 -
TRINITY_DN324_c0_g1_i2:473-997    -            175 1952at3041           -            304   0.00029   16.7   0.1   1   2     0.014      0.17    7.5   0.0   155   215     1    64     1    71 0.79 -
TRINITY_DN324_c0_g1_i2:473-997    -            175 1952at3041           -            304   0.00029   16.7   0.1   2   2     0.016      0.19    7.4   0.0   273   303    84   114    80   115 0.93 -
TRINITY_DN386_c0_g1_i2:112-792    -            227 1952at3041           -            304   0.00029   16.6   0.0   1   1   3.3e-05   0.00039   16.2   0.0   123   207   127   224   108   227 0.75 -
TRINITY_DN206_c0_g2_i1:252-830    -            193 1952at3041           -            304   0.00032   16.5   0.0   1   1   3.3e-05   0.00039   16.2   0.0    82   171    10   110     4   181 0.67 -
TRINITY_DN30078_c0_g1_i1:3-356    -            118 1952at3041           -            304   0.00037   16.3   0.0   1   1   3.4e-05   0.00041   16.1   0.0   115   150    54    92    34   111 0.86 -
TRINITY_DN3115_c0_g1_i1:80-523    -            148 1952at3041           -            304   0.00038   16.3   0.0   1   1   4.5e-05   0.00053   15.8   0.0   115   204    35   142    29   147 0.78 -
TRINITY_DN26246_c0_g1_i1:165-509  -            115 1952at3041           -            304   0.00039   16.2   0.0   1   1   3.5e-05   0.00042   16.1   0.0    54   146    25   114     7   115 0.82 -
TRINITY_DN206_c0_g2_i2:0-737      -            246 1952at3041           -            304   0.00053   15.8   0.0   1   1   6.5e-05   0.00077   15.2   0.0    82   171    63   163    55   231 0.68 -
TRINITY_DN7515_c0_g1_i2:106-615   -            170 1952at3041           -            304   0.00059   15.6   0.0   1   2       1.7        20    0.7   0.0   129   150     9    33     3    53 0.72 -
TRINITY_DN7515_c0_g1_i2:106-615   -            170 1952at3041           -            304   0.00059   15.6   0.0   2   2   0.00041    0.0049   12.6   0.0   171   204    80   113    73   121 0.90 -
TRINITY_DN35263_c0_g1_i1:41-364   -            108 1952at3041           -            304   0.00059   15.6   0.1   1   1   5.7e-05   0.00068   15.4   0.1    60   157     8   105     3   108 0.80 -
TRINITY_DN206_c0_g3_i1:450-1295   -            282 1952at3041           -            304   0.00068   15.4   0.1   1   1   0.00043    0.0051   12.6   0.0    29   148     5   142     1   231 0.65 -
TRINITY_DN7515_c0_g1_i1:106-666   -            187 1952at3041           -            304   0.00069   15.4   0.0   1   2         2        24    0.5   0.0   129   150     9    33     3    53 0.73 -
TRINITY_DN7515_c0_g1_i1:106-666   -            187 1952at3041           -            304   0.00069   15.4   0.0   2   2   0.00049    0.0059   12.3   0.0   171   204    80   113    73   120 0.90 -
TRINITY_DN386_c0_g1_i1:112-972    -            287 1952at3041           -            304   0.00071   15.4   0.0   1   1   8.7e-05     0.001   14.8   0.0   124   207   188   284   180   287 0.73 -
TRINITY_DN5406_c0_g1_i3:8-463     -            152 1952at3041           -            304   0.00072   15.3   0.0   1   1   6.2e-05   0.00073   15.3   0.0    61   140    76   152    36   152 0.79 -
TRINITY_DN6610_c0_g1_i2:7-339     -            111 1952at3041           -            304    0.0011   14.8   0.0   1   1   9.9e-05    0.0012   14.6   0.0   115   150    27    65    23   110 0.75 -
TRINITY_DN3889_c0_g1_i1:5-328     -            108 1952at3041           -            304    0.0013   14.5   0.0   1   1   0.00011    0.0013   14.5   0.0   119   158    10    56     5   105 0.80 -
TRINITY_DN6610_c0_g1_i1:7-339     -            111 1952at3041           -            304    0.0024   13.6   0.0   1   1   0.00022    0.0027   13.5   0.0   115   150    27    65    24   110 0.74 -
TRINITY_DN15042_c0_g1_i1:28-360   -            111 1952at3041           -            304    0.0035   13.1   0.1   1   2     0.016      0.19    7.4   0.0   176   214    25    61    14    71 0.80 -
TRINITY_DN15042_c0_g1_i1:28-360   -            111 1952at3041           -            304    0.0035   13.1   0.1   2   2      0.14       1.7    4.3   0.1   275   304    82   111    64   111 0.84 -
TRINITY_DN917_c0_g1_i2:4-384      -            127 1952at3041           -            304    0.0038   13.0   0.1   1   1   0.00051     0.006   12.3   0.1    54   145    39   127     1   127 0.58 -
TRINITY_DN12767_c0_g1_i1:24-467   -            148 1952at3041           -            304    0.0053   12.5   0.1   1   1   0.00044    0.0053   12.5   0.1    56   149    43   134     1   148 0.78 -
TRINITY_DN4526_c0_g1_i1:81-443    -            121 1952at3041           -            304    0.0057   12.4   0.0   1   1    0.0006    0.0071   12.1   0.0    55   148    22   114     7   118 0.73 -
TRINITY_DN4844_c0_g1_i1:140-358   -             73 1952at3041           -            304    0.0067   12.2   0.0   1   2     0.015      0.18    7.5   0.0   191   209     1    19     1    31 0.81 -
TRINITY_DN4844_c0_g1_i1:140-358   -             73 1952at3041           -            304    0.0067   12.2   0.0   2   2      0.19       2.3    3.8   0.0   275   301    47    73    19    73 0.79 -
TRINITY_DN359_c1_g1_i1:1-393      -            131 1952at3041           -            304    0.0077   12.0   0.8   1   1   0.00082    0.0097   11.6   0.8    61   143    50   131     2   131 0.72 -
TRINITY_DN25144_c0_g1_i1:9-320    -            104 1952at3041           -            304     0.013   11.2   0.0   1   1    0.0013     0.016   10.9   0.0   119   156    56    99    49   103 0.81 -
TRINITY_DN6610_c0_g2_i1:22-648    -            209 1952at3041           -            304      0.02   10.6   0.0   1   1    0.0023     0.027   10.2   0.0   116   149   131   167   126   200 0.80 -
#
# Program:         hmmsearch
# Version:         3.2.1 (June 2018)
# Pipeline mode:   SEARCH
# Query file:      /sw/bioinfo/BUSCO/v5_lineage_sets/lineages/chlorophyta_odb10/hmms/1952at3041.hmm
# Target file:     /crex/proj/snic2022-23-81/expression_algae/code/busco/trinity_VA-3180-Osg03Sin/run_chlorophyta_odb10/metaeuk_output/initial_results/trinity_VA-3180-Osg03Sin.Trinity.fasta.modified.fas
# Option settings: hmmsearch --domtblout /crex/proj/snic2022-23-81/expression_algae/code/busco/trinity_VA-3180-Osg03Sin/run_chlorophyta_odb10/hmmer_output/initial_run_results/1952at3041.out --cpu 1 /sw/bioinfo/BUSCO/v5_lineage_sets/lineages/chlorophyta_odb10/hmms/1952at3041.hmm /crex/proj/snic2022-23-81/expression_algae/code/busco/trinity_VA-3180-Osg03Sin/run_chlorophyta_odb10/metaeuk_output/initial_results/trinity_VA-3180-Osg03Sin.Trinity.fasta.modified.fas 
# Current dir:     /crex/proj/snic2022-23-81/expression_algae/code/busco
# Date:            Fri Sep 23 10:11:10 2022
# [ok]
