#                                                                                         --- full sequence --- -------------- this domain -------------   hmm coord   ali coord   env coord
# target name                     accession   tlen query name           accession   qlen   E-value  score  bias   #  of  c-Evalue  i-Evalue  score  bias  from    to  from    to  from    to  acc description of target
#             ------------------- ---------- ----- -------------------- ---------- ----- --------- ------ ----- --- --- --------- --------- ------ ----- ----- ----- ----- ----- ----- ----- ---- ---------------------
TRINITY_DN2197_c0_g1_i2:103-2274  -            724 239at3041            -            653  3.5e-215  712.6   8.8   1   3  3.8e-176  1.5e-174  578.4   4.5     1   324    27   402    27   430 0.87 -
TRINITY_DN2197_c0_g1_i2:103-2274  -            724 239at3041            -            653  3.5e-215  712.6   8.8   2   3   4.1e-12   1.5e-10   36.4   0.0   320   378   433   508   427   511 0.81 -
TRINITY_DN2197_c0_g1_i2:103-2274  -            724 239at3041            -            653  3.5e-215  712.6   8.8   3   3   8.8e-31   3.3e-29   98.1   0.0   387   471   630   724   617   724 0.91 -
TRINITY_DN2197_c0_g1_i4:315-2408  -            698 239at3041            -            653  8.3e-208  688.2   8.5   1   3  9.2e-169  3.5e-167  554.0   4.0     1   324     1   376     1   404 0.87 -
TRINITY_DN2197_c0_g1_i4:315-2408  -            698 239at3041            -            653  8.3e-208  688.2   8.5   2   3   3.7e-12   1.4e-10   36.6   0.0   320   378   407   482   400   488 0.82 -
TRINITY_DN2197_c0_g1_i4:315-2408  -            698 239at3041            -            653  8.3e-208  688.2   8.5   3   3   8.3e-31   3.2e-29   98.2   0.0   387   471   604   698   591   698 0.91 -
TRINITY_DN2197_c0_g1_i3:103-915   -            271 239at3041            -            653  2.5e-113  376.1   0.4   1   1  8.7e-115  3.3e-113  375.6   0.4     1   208    27   271    27   271 0.88 -
TRINITY_DN975_c2_g1_i1:0-1601     -            534 239at3041            -            653   1.7e-43  145.3   7.9   1   2   5.8e-22   2.2e-20   68.9   5.7   471   563     1   134     1   141 0.78 -
TRINITY_DN975_c2_g1_i1:0-1601     -            534 239at3041            -            653   1.7e-43  145.3   7.9   2   2   2.2e-21   8.2e-20   67.1   0.0   563   627   440   511   436   531 0.89 -
TRINITY_DN5261_c0_g1_i1:218-1453  -            412 239at3041            -            653   8.5e-21   70.3   6.1   1   3   4.1e-05    0.0016   13.3   0.0   205   242   174   211   168   223 0.65 -
TRINITY_DN5261_c0_g1_i1:218-1453  -            412 239at3041            -            653   8.5e-21   70.3   6.1   2   3     3e-09   1.1e-07   27.0   0.1    68   146   222   303   212   303 0.85 -
TRINITY_DN5261_c0_g1_i1:218-1453  -            412 239at3041            -            653   8.5e-21   70.3   6.1   3   3   2.5e-14   9.4e-13   43.7   1.8    65   196   266   406   261   410 0.81 -
TRINITY_DN5261_c0_g1_i2:90-1307   -            406 239at3041            -            653   9.3e-21   70.2   6.3   1   3     4e-05    0.0015   13.3   0.0   205   242   168   205   162   217 0.65 -
TRINITY_DN5261_c0_g1_i2:90-1307   -            406 239at3041            -            653   9.3e-21   70.2   6.3   2   3   2.9e-09   1.1e-07   27.0   0.1    68   146   216   297   206   297 0.85 -
TRINITY_DN5261_c0_g1_i2:90-1307   -            406 239at3041            -            653   9.3e-21   70.2   6.3   3   3   2.9e-14   1.1e-12   43.5   1.9    65   195   260   399   255   403 0.80 -
TRINITY_DN8840_c0_g1_i1:98-652    -            185 239at3041            -            653   3.4e-17   58.4   0.7   1   1   1.1e-18   4.1e-17   58.1   0.7    70   246     2   168     1   174 0.89 -
TRINITY_DN11243_c0_g1_i1:226-618  -            131 239at3041            -            653   3.6e-15   51.7   0.1   1   2     3e-10   1.1e-08   30.2   0.0    89   148     4    66     1    71 0.85 -
TRINITY_DN11243_c0_g1_i1:226-618  -            131 239at3041            -            653   3.6e-15   51.7   0.1   2   2     4e-07   1.5e-05   19.9   0.0    67   104    94   131    81   131 0.95 -
TRINITY_DN26328_c0_g1_i1:2-577    -            192 239at3041            -            653   8.3e-15   50.5   0.6   1   1   3.2e-16   1.2e-14   49.9   0.6   122   273    41   190    29   192 0.90 -
TRINITY_DN1620_c0_g1_i2:216-1121  -            302 239at3041            -            653   2.3e-13   45.7   7.8   1   3     0.016       0.6    4.7   0.1   206   244     2    41     1    76 0.77 -
TRINITY_DN1620_c0_g1_i2:216-1121  -            302 239at3041            -            653   2.3e-13   45.7   7.8   2   3   2.7e-10     1e-08   30.4   1.0   188   287    76   177    54   180 0.82 -
TRINITY_DN1620_c0_g1_i2:216-1121  -            302 239at3041            -            653   2.3e-13   45.7   7.8   3   3   1.2e-07   4.5e-06   21.7   0.8    46   156   156   262   143   290 0.73 -
TRINITY_DN2428_c0_g1_i1:228-1121  -            298 239at3041            -            653   2.5e-13   45.6   0.4   1   2   2.9e-05    0.0011   13.8   0.0    48   104    82   137    78   145 0.84 -
TRINITY_DN2428_c0_g1_i1:228-1121  -            298 239at3041            -            653   2.5e-13   45.6   0.4   2   2     1e-09   3.8e-08   28.5   0.1    97   203   180   280   160   296 0.81 -
TRINITY_DN1620_c0_g1_i4:518-1126  -            203 239at3041            -            653   8.4e-13   43.9   2.7   1   2   8.9e-11   3.4e-09   32.0   0.7   188   288    27   129     8   132 0.82 -
TRINITY_DN1620_c0_g1_i4:518-1126  -            203 239at3041            -            653   8.4e-13   43.9   2.7   2   2     4e-07   1.5e-05   19.9   0.5    46   243   107   168    87   198 0.60 -
TRINITY_DN176_c0_g1_i1:1439-2278  -            280 239at3041            -            653   1.4e-12   43.2   1.4   1   3   1.2e-09   4.7e-08   28.2   0.0    47   103    26    81     4    88 0.89 -
TRINITY_DN176_c0_g1_i1:1439-2278  -            280 239at3041            -            653   1.4e-12   43.2   1.4   2   3    0.0022     0.085    7.5   0.1   179   240   110   167   101   179 0.77 -
TRINITY_DN176_c0_g1_i1:1439-2278  -            280 239at3041            -            653   1.4e-12   43.2   1.4   3   3     0.013      0.48    5.0   0.1    89   238   222   280   202   280 0.41 -
TRINITY_DN176_c0_g1_i2:964-1791   -            276 239at3041            -            653   1.7e-12   42.9   1.7   1   3   1.3e-09   4.9e-08   28.2   0.0    47   103    22    77     5    84 0.89 -
TRINITY_DN176_c0_g1_i2:964-1791   -            276 239at3041            -            653   1.7e-12   42.9   1.7   2   3    0.0022     0.083    7.6   0.1   179   240   106   163    97   175 0.77 -
TRINITY_DN176_c0_g1_i2:964-1791   -            276 239at3041            -            653   1.7e-12   42.9   1.7   3   3     0.012      0.47    5.1   0.1    89   238   218   276   198   276 0.41 -
TRINITY_DN176_c0_g1_i3:1439-2266  -            276 239at3041            -            653   1.7e-12   42.9   1.7   1   3   1.3e-09   4.9e-08   28.2   0.0    47   103    22    77     5    84 0.89 -
TRINITY_DN176_c0_g1_i3:1439-2266  -            276 239at3041            -            653   1.7e-12   42.9   1.7   2   3    0.0022     0.083    7.6   0.1   179   240   106   163    97   175 0.77 -
TRINITY_DN176_c0_g1_i3:1439-2266  -            276 239at3041            -            653   1.7e-12   42.9   1.7   3   3     0.012      0.47    5.1   0.1    89   238   218   276   198   276 0.41 -
TRINITY_DN5128_c0_g1_i1:21-806    -            262 239at3041            -            653   4.6e-12   41.5   2.6   1   3   6.1e-06   0.00023   16.0   0.2    67   146    10    88     6    90 0.84 -
TRINITY_DN5128_c0_g1_i1:21-806    -            262 239at3041            -            653   4.6e-12   41.5   2.6   2   3   1.6e-06   6.2e-05   17.9   0.6    47   149    75   175    65   176 0.75 -
TRINITY_DN5128_c0_g1_i1:21-806    -            262 239at3041            -            653   4.6e-12   41.5   2.6   3   3   2.2e-06   8.5e-05   17.4   0.2   134   240   119   221   115   224 0.78 -
TRINITY_DN1632_c0_g1_i2:566-1432  -            289 239at3041            -            653   3.7e-11   38.5   0.6   1   1   1.3e-12   4.9e-11   38.0   0.6    50   280    16   240    10   258 0.89 -
TRINITY_DN948_c0_g1_i1:341-856    -            172 239at3041            -            653   1.2e-10   36.8   1.4   1   1   3.9e-12   1.5e-10   36.5   1.4    73   246     4   167     1   171 0.86 -
TRINITY_DN1620_c0_g1_i3:87-653    -            189 239at3041            -            653   3.6e-10   35.2   1.9   1   1   3.8e-11   1.5e-09   33.2   1.9   136   289     6   160     1   166 0.70 -
TRINITY_DN176_c0_g1_i4:1439-2188  -            250 239at3041            -            653   5.4e-10   34.6   1.4   1   3   6.9e-07   2.6e-05   19.1   0.0    58   103     7    51     5    58 0.91 -
TRINITY_DN176_c0_g1_i4:1439-2188  -            250 239at3041            -            653   5.4e-10   34.6   1.4   2   3    0.0018     0.069    7.8   0.1   179   240    80   137    71   149 0.77 -
TRINITY_DN176_c0_g1_i4:1439-2188  -            250 239at3041            -            653   5.4e-10   34.6   1.4   3   3      0.01      0.39    5.3   0.1    89   238   192   250   172   250 0.41 -
TRINITY_DN26406_c0_g1_i1:188-1102 -            305 239at3041            -            653   6.4e-10   34.4   0.0   1   3      0.78        30   -0.9   0.0   206   249    10    55     7    68 0.82 -
TRINITY_DN26406_c0_g1_i1:188-1102 -            305 239at3041            -            653   6.4e-10   34.4   0.0   2   3   8.9e-08   3.4e-06   22.1   0.0    48   154    74   180    71   202 0.90 -
TRINITY_DN26406_c0_g1_i1:188-1102 -            305 239at3041            -            653   6.4e-10   34.4   0.0   3   3   0.00096     0.037    8.7   0.0    28   102   222   294   205   300 0.88 -
TRINITY_DN15899_c0_g1_i1:7-546    -            180 239at3041            -            653     1e-09   33.7   2.1   1   2     0.024      0.93    4.1   0.1    88   106    11    29     5    49 0.80 -
TRINITY_DN15899_c0_g1_i1:7-546    -            180 239at3041            -            653     1e-09   33.7   2.1   2   2   5.2e-10     2e-08   29.4   0.3    37   156    61   177    54   180 0.88 -
TRINITY_DN176_c0_g1_i1:1832-2308  -            159 239at3041            -            653   1.5e-09   33.1   0.1   1   2      0.45        17   -0.1   0.0    67    92    14    39    12    42 0.90 -
TRINITY_DN176_c0_g1_i1:1832-2308  -            159 239at3041            -            653   1.5e-09   33.1   0.1   2   2   8.1e-11   3.1e-09   32.1   0.1    47   153    36   140    19   156 0.73 -
TRINITY_DN25984_c0_g1_i1:64-660   -            199 239at3041            -            653   4.9e-09   31.5   0.1   1   1   3.9e-10   1.5e-08   29.8   0.1    73   277     2   196     1   199 0.78 -
TRINITY_DN21476_c0_g1_i1:270-1004 -            245 239at3041            -            653   1.2e-08   30.1   0.3   1   2   1.9e-06   7.4e-05   17.6   0.1    45   107    98   159    75   163 0.87 -
TRINITY_DN21476_c0_g1_i1:270-1004 -            245 239at3041            -            653   1.2e-08   30.1   0.3   2   2   0.00024    0.0091   10.7   0.0    68   107   163   202   160   208 0.93 -
TRINITY_DN1632_c0_g1_i1:566-1528  -            321 239at3041            -            653   3.7e-08   28.6   0.7   1   3     0.011      0.42    5.3   0.1    51   149    17   113    11   127 0.65 -
TRINITY_DN1632_c0_g1_i1:566-1528  -            321 239at3041            -            653   3.7e-08   28.6   0.7   2   3    0.0043      0.16    6.6   0.0    71   108   154   191   148   195 0.76 -
TRINITY_DN1632_c0_g1_i1:566-1528  -            321 239at3041            -            653   3.7e-08   28.6   0.7   3   3   4.6e-06   0.00018   16.4   0.0   190   280   182   272   181   289 0.84 -
TRINITY_DN26491_c0_g1_i1:1-672    -            224 239at3041            -            653   3.6e-07   25.3   0.0   1   2     3e-07   1.1e-05   20.3   0.0   202   262     6    65     2    94 0.83 -
TRINITY_DN26491_c0_g1_i1:1-672    -            224 239at3041            -            653   3.6e-07   25.3   0.0   2   2     0.034       1.3    3.6   0.0    92   239    74   219    68   224 0.62 -
TRINITY_DN176_c0_g1_i4:1910-2173  -             88 239at3041            -            653   1.7e-06   23.0   0.0   1   1   4.6e-08   1.7e-06   23.0   0.0    58   104     2    47     1    88 0.83 -
TRINITY_DN14565_c0_g1_i1:52-396   -            115 239at3041            -            653   1.8e-06   22.9   0.2   1   1   5.5e-08   2.1e-06   22.7   0.2   185   276    23   112     1   115 0.75 -
TRINITY_DN2417_c0_g1_i1:10-348    -            113 239at3041            -            653   3.5e-06   22.0   4.5   1   1   4.3e-07   1.6e-05   19.8   4.5   187   259    40   111     4   113 0.68 -
TRINITY_DN4766_c0_g1_i1:1-513     -            171 239at3041            -            653     7e-06   21.0   2.2   1   1   3.5e-07   1.3e-05   20.1   2.2    70   186     9   131     5   169 0.67 -
TRINITY_DN3368_c0_g1_i1:212-568   -            119 239at3041            -            653   1.5e-05   19.9   1.1   1   1   1.7e-06   6.6e-05   17.8   1.0    42   145    11   114     1   117 0.86 -
TRINITY_DN2378_c0_g1_i2:43-342    -            100 239at3041            -            653     2e-05   19.5   0.0   1   1   6.1e-07   2.3e-05   19.3   0.0    53   243    11    65     4    99 0.60 -
TRINITY_DN3455_c0_g1_i1:276-506   -             77 239at3041            -            653     3e-05   19.0   0.0   1   1   7.8e-07     3e-05   19.0   0.0    70   125     7    61     3    77 0.81 -
TRINITY_DN33500_c0_g1_i1:179-1072 -            298 239at3041            -            653   4.7e-05   18.3   8.5   1   1   4.4e-05    0.0017   13.2   8.0    90   280    23   241    21   270 0.56 -
TRINITY_DN15618_c0_g1_i1:30-242   -             71 239at3041            -            653   7.1e-05   17.7   0.5   1   1   1.9e-06   7.4e-05   17.6   0.5   212   278     4    69     1    71 0.59 -
TRINITY_DN5073_c0_g1_i2:1-723     -            241 239at3041            -            653   7.6e-05   17.6   1.8   1   2     0.014      0.52    4.9   0.0   219   243    44    68    33    77 0.83 -
TRINITY_DN5073_c0_g1_i2:1-723     -            241 239at3041            -            653   7.6e-05   17.6   1.8   2   2    0.0015     0.057    8.1   0.0    48   106    93   155    82   170 0.74 -
TRINITY_DN17413_c0_g1_i1:5-547    -            181 239at3041            -            653   0.00015   16.6   0.0   1   1   1.4e-05   0.00053   14.8   0.0    97   278     2   178     1   181 0.79 -
TRINITY_DN20104_c0_g1_i1:133-393  -             87 239at3041            -            653    0.0007   14.4   0.0   1   1   1.9e-05   0.00074   14.3   0.0   205   247    20    61     7    70 0.83 -
TRINITY_DN3353_c0_g1_i1:20-733    -            238 239at3041            -            653   0.00079   14.3   0.1   1   2     0.057       2.2    2.9   0.0   223   282     2    62     1    66 0.66 -
TRINITY_DN3353_c0_g1_i1:20-733    -            238 239at3041            -            653   0.00079   14.3   0.1   2   2   0.00078      0.03    9.0   0.2   202   247    67   111    62   118 0.88 -
TRINITY_DN9881_c0_g1_i1:1-183     -             61 239at3041            -            653    0.0013   13.5   0.3   1   1   3.9e-05    0.0015   13.3   0.3   212   261     3    53     1    61 0.87 -
TRINITY_DN8670_c0_g2_i1:14-298    -             95 239at3041            -            653    0.0025   12.6   0.0   1   1   7.2e-05    0.0028   12.5   0.0    95   148     2    55     1    68 0.83 -
TRINITY_DN27943_c0_g1_i1:59-238   -             60 239at3041            -            653    0.0035   12.1   0.1   1   1   9.3e-05    0.0035   12.1   0.1   207   245     1    38     1    59 0.77 -
TRINITY_DN29402_c0_g1_i1:294-707  -            138 239at3041            -            653     0.013   10.2   1.6   1   2   0.00066     0.025    9.3   0.2   202   241    57    96    49   109 0.89 -
TRINITY_DN29402_c0_g1_i1:294-707  -            138 239at3041            -            653     0.013   10.2   1.6   2   2      0.81        31   -0.9   0.0    42    58   121   138   106   138 0.74 -
#
# Program:         hmmsearch
# Version:         3.2.1 (June 2018)
# Pipeline mode:   SEARCH
# Query file:      /sw/bioinfo/BUSCO/v5_lineage_sets/lineages/chlorophyta_odb10/hmms/239at3041.hmm
# Target file:     /crex/proj/snic2022-23-81/expression_algae/code/busco/trinity_VA-3180-Osg03Sin/run_chlorophyta_odb10/metaeuk_output/initial_results/trinity_VA-3180-Osg03Sin.Trinity.fasta.modified.fas
# Option settings: hmmsearch --domtblout /crex/proj/snic2022-23-81/expression_algae/code/busco/trinity_VA-3180-Osg03Sin/run_chlorophyta_odb10/hmmer_output/initial_run_results/239at3041.out --cpu 1 /sw/bioinfo/BUSCO/v5_lineage_sets/lineages/chlorophyta_odb10/hmms/239at3041.hmm /crex/proj/snic2022-23-81/expression_algae/code/busco/trinity_VA-3180-Osg03Sin/run_chlorophyta_odb10/metaeuk_output/initial_results/trinity_VA-3180-Osg03Sin.Trinity.fasta.modified.fas 
# Current dir:     /crex/proj/snic2022-23-81/expression_algae/code/busco
# Date:            Fri Sep 23 10:11:11 2022
# [ok]
