#                                                                                         --- full sequence --- -------------- this domain -------------   hmm coord   ali coord   env coord
# target name                     accession   tlen query name           accession   qlen   E-value  score  bias   #  of  c-Evalue  i-Evalue  score  bias  from    to  from    to  from    to  acc description of target
#             ------------------- ---------- ----- -------------------- ---------- ----- --------- ------ ----- --- --- --------- --------- ------ ----- ----- ----- ----- ----- ----- ----- ---- ---------------------
TRINITY_DN11689_c0_g1_i4:176-1447 -            424 2729at3041           -            441   7.2e-79  262.0   0.2   1   1   2.3e-79     1e-77  258.2   0.2     8   361     3   419     1   424 0.80 -
TRINITY_DN11689_c0_g1_i5:167-1390 -            408 2729at3041           -            441   1.6e-76  254.2   0.2   1   1   3.2e-77   1.5e-75  251.1   0.2     8   309     3   349     1   408 0.77 -
TRINITY_DN39_c0_g2_i5:4-1170      -            389 2729at3041           -            441   6.9e-55  183.0   2.8   1   2   2.7e-37   1.2e-35  119.6   0.4     3   192    27   239    25   254 0.83 -
TRINITY_DN39_c0_g2_i5:4-1170      -            389 2729at3041           -            441   6.9e-55  183.0   2.8   2   2   2.3e-20     1e-18   63.8   0.1   221   296   296   375   291   385 0.89 -
TRINITY_DN39_c0_g2_i1:88-1698     -            537 2729at3041           -            441   4.1e-53  177.1   0.4   1   2   4.1e-35   1.8e-33  112.4   0.0     2   192   173   387   172   402 0.80 -
TRINITY_DN39_c0_g2_i1:88-1698     -            537 2729at3041           -            441   4.1e-53  177.1   0.4   2   2   3.8e-20   1.7e-18   63.0   0.1   221   296   444   523   439   533 0.89 -
TRINITY_DN192_c1_g2_i3:671-1741   -            357 2729at3041           -            441   1.1e-52  175.7   1.1   1   1   6.3e-54   2.9e-52  174.4   1.1     7   305     2   355     1   356 0.72 -
TRINITY_DN39_c0_g1_i4:515-1645    -            377 2729at3041           -            441   2.9e-51  171.0   0.1   1   1   1.8e-52     8e-51  169.6   0.1     2   300    18   361    17   374 0.75 -
TRINITY_DN39_c0_g3_i3:311-1786    -            492 2729at3041           -            441   3.3e-51  170.8   2.9   1   3   3.4e-24   1.5e-22   76.4   0.2     3   147    13   176    11   201 0.75 -
TRINITY_DN39_c0_g3_i3:311-1786    -            492 2729at3041           -            441   3.3e-51  170.8   2.9   2   3      0.17       7.9    1.5   0.0   148   204   214   269   208   278 0.86 -
TRINITY_DN39_c0_g3_i3:311-1786    -            492 2729at3041           -            441   3.3e-51  170.8   2.9   3   3   6.4e-29   2.9e-27   92.0   0.1   221   309   312   405   287   428 0.86 -
TRINITY_DN39_c0_g2_i2:22-1554     -            511 2729at3041           -            441   2.6e-50  167.9   1.2   1   2   1.7e-32   7.7e-31  103.7   0.1     3   192   152   361   150   376 0.82 -
TRINITY_DN39_c0_g2_i2:22-1554     -            511 2729at3041           -            441   2.6e-50  167.9   1.2   2   2   3.5e-20   1.6e-18   63.1   0.1   221   296   418   497   413   507 0.89 -
TRINITY_DN39_c0_g1_i1:485-1687    -            401 2729at3041           -            441   1.8e-46  155.2   0.0   1   1   7.1e-47   3.2e-45  151.1   0.0     2   299    28   369    27   383 0.74 -
TRINITY_DN39_c0_g1_i2:242-1444    -            401 2729at3041           -            441   1.8e-46  155.2   0.0   1   1   7.1e-47   3.2e-45  151.1   0.0     2   299    28   369    27   383 0.74 -
TRINITY_DN1671_c0_g1_i1:97-1470   -            458 2729at3041           -            441   1.6e-44  148.8   0.9   1   2   2.1e-25   9.5e-24   80.4   0.1     2   172   114   311   113   349 0.74 -
TRINITY_DN1671_c0_g1_i1:97-1470   -            458 2729at3041           -            441   1.6e-44  148.8   0.9   2   2     2e-21   9.2e-20   67.2   0.1   221   292   382   457   370   458 0.92 -
TRINITY_DN113_c0_g1_i2:159-1439   -            427 2729at3041           -            441   8.7e-43  143.1   0.3   1   1     1e-43   4.6e-42  140.7   0.3     5   300    72   404    69   417 0.79 -
TRINITY_DN113_c0_g1_i3:51-1370    -            440 2729at3041           -            441   9.8e-43  142.9   0.3   1   1   1.1e-43   5.1e-42  140.6   0.3     5   300    85   417    82   430 0.79 -
TRINITY_DN1256_c0_g1_i1:152-1464  -            408 2729at3041           -            441   7.7e-41  136.7   0.3   1   1   1.1e-41     5e-40  134.0   0.3     4   296    51   378    48   390 0.77 -
TRINITY_DN1256_c0_g1_i2:152-1375  -            408 2729at3041           -            441   7.7e-41  136.7   0.3   1   1   1.1e-41     5e-40  134.0   0.3     4   296    51   378    48   390 0.77 -
TRINITY_DN2302_c0_g1_i1:68-700    -            211 2729at3041           -            441   1.2e-40  136.0   0.3   1   1   3.1e-42   1.4e-40  135.8   0.3     2   178    15   208    14   211 0.83 -
TRINITY_DN113_c0_g1_i1:51-1301    -            417 2729at3041           -            441   3.8e-36  121.2   0.2   1   1   5.9e-37   2.7e-35  118.4   0.2     5   300    85   394    82   407 0.77 -
TRINITY_DN11689_c0_g1_i3:236-853  -            206 2729at3041           -            441   1.6e-34  115.9   0.1   1   1   3.1e-35   1.4e-33  112.8   0.1   205   309    31   151    14   206 0.79 -
TRINITY_DN192_c1_g2_i2:80-754     -            225 2729at3041           -            441   8.1e-33  110.3   0.2   1   1   3.3e-34   1.5e-32  109.4   0.2     5   170    32   222    28   225 0.76 -
TRINITY_DN192_c1_g2_i4:80-655     -            192 2729at3041           -            441   2.6e-32  108.6   0.2   1   1   1.1e-33     5e-32  107.6   0.2     8   170     2   189     1   192 0.75 -
TRINITY_DN2302_c0_g1_i2:114-599   -            162 2729at3041           -            441   2.6e-31  105.3   0.2   1   1   6.3e-33   2.8e-31  105.2   0.2     9   151     2   161     1   162 0.81 -
TRINITY_DN2756_c0_g1_i1:1-945     -            315 2729at3041           -            441   3.2e-31  105.0   0.0   1   2   4.4e-27     2e-25   85.9   0.0     4   180    20   214    17   253 0.79 -
TRINITY_DN2756_c0_g1_i1:1-945     -            315 2729at3041           -            441   3.2e-31  105.0   0.0   2   2   2.8e-06   0.00013   17.3   0.0   222   255   277   314   268   315 0.88 -
TRINITY_DN205_c0_g1_i3:400-1704   -            435 2729at3041           -            441   4.7e-30  101.2   0.0   1   1   4.7e-30   2.1e-28   95.7   0.0     3   301    56   407    54   412 0.72 -
TRINITY_DN4130_c0_g1_i1:1-750     -            250 2729at3041           -            441   1.2e-27   93.3   0.2   1   1     3e-29   1.3e-27   93.1   0.2    17   177     3   179     1   235 0.78 -
TRINITY_DN39_c0_g4_i1:3-764       -            254 2729at3041           -            441   3.9e-26   88.2   0.2   1   1     5e-26   2.3e-24   82.4   0.2   132   295     2   197     1   215 0.74 -
TRINITY_DN711_c1_g1_i1:12-704     -            231 2729at3041           -            441   3.8e-23   78.4   0.6   1   2      0.77        35   -0.6   0.0   140   182     5    48     2    80 0.66 -
TRINITY_DN711_c1_g1_i1:12-704     -            231 2729at3041           -            441   3.8e-23   78.4   0.6   2   2   2.2e-24     1e-22   77.0   0.1   188   298   108   221    90   229 0.86 -
TRINITY_DN4986_c0_g1_i1:0-929     -            310 2729at3041           -            441   9.3e-19   63.9   4.4   1   1   6.7e-20     3e-18   62.2   4.4     7   182    47   235    42   310 0.68 -
TRINITY_DN750_c0_g1_i1:0-395      -            132 2729at3041           -            441     1e-18   63.8   0.2   1   1   2.6e-20   1.2e-18   63.6   0.2    11   126     2   122     1   131 0.81 -
TRINITY_DN205_c0_g1_i1:400-1188   -            263 2729at3041           -            441     3e-17   58.9   0.1   1   1   4.9e-17   2.2e-15   52.8   0.1   118   301    11   235     8   240 0.71 -
TRINITY_DN1970_c0_g3_i1:8-637     -            210 2729at3041           -            441   1.3e-15   53.5   0.1   1   1   3.5e-17   1.6e-15   53.3   0.1     2   164    16   203    15   208 0.71 -
TRINITY_DN4588_c0_g1_i1:3-353     -            117 2729at3041           -            441     2e-14   49.6   0.1   1   1   5.1e-16   2.3e-14   49.4   0.1    61   148    11   117     2   117 0.75 -
TRINITY_DN2756_c0_g2_i1:244-780   -            179 2729at3041           -            441   4.7e-13   45.1   0.0   1   2   5.1e-14   2.3e-12   42.9   0.1   105   178    20    95     7   112 0.85 -
TRINITY_DN2756_c0_g2_i1:244-780   -            179 2729at3041           -            441   4.7e-13   45.1   0.0   2   2      0.62        28   -0.3   0.0   222   240   159   177   155   178 0.90 -
TRINITY_DN7438_c0_g3_i1:16-339    -            108 2729at3041           -            441   1.5e-12   43.4   0.1   1   1   3.6e-14   1.6e-12   43.3   0.1    24   116     6   108     1   108 0.76 -
TRINITY_DN205_c0_g1_i2:403-1032   -            210 2729at3041           -            441     2e-12   43.0   0.0   1   1   9.8e-14   4.4e-12   41.9   0.0   221   301    86   183    60   188 0.81 -
TRINITY_DN39_c0_g2_i4:622-933     -            104 2729at3041           -            441   4.9e-12   41.8   0.0   1   1   1.2e-13   5.3e-12   41.7   0.0     9    84     2    83     1    99 0.82 -
TRINITY_DN29105_c0_g1_i1:170-472  -            101 2729at3041           -            441   5.7e-11   38.3   0.0   1   1   1.6e-12   7.1e-11   37.9   0.0    64   137     5    95     2   100 0.71 -
TRINITY_DN4130_c0_g2_i1:73-393    -            107 2729at3041           -            441   2.1e-09   33.1   0.0   1   1   6.2e-11   2.8e-09   32.7   0.0    64   140     5   103     2   107 0.72 -
#
# Program:         hmmsearch
# Version:         3.2.1 (June 2018)
# Pipeline mode:   SEARCH
# Query file:      /sw/bioinfo/BUSCO/v5_lineage_sets/lineages/chlorophyta_odb10/hmms/2729at3041.hmm
# Target file:     /crex/proj/snic2022-23-81/expression_algae/code/busco/trinity_VA-3180-Osg03Sin/run_chlorophyta_odb10/metaeuk_output/initial_results/trinity_VA-3180-Osg03Sin.Trinity.fasta.modified.fas
# Option settings: hmmsearch --domtblout /crex/proj/snic2022-23-81/expression_algae/code/busco/trinity_VA-3180-Osg03Sin/run_chlorophyta_odb10/hmmer_output/initial_run_results/2729at3041.out --cpu 1 /sw/bioinfo/BUSCO/v5_lineage_sets/lineages/chlorophyta_odb10/hmms/2729at3041.hmm /crex/proj/snic2022-23-81/expression_algae/code/busco/trinity_VA-3180-Osg03Sin/run_chlorophyta_odb10/metaeuk_output/initial_results/trinity_VA-3180-Osg03Sin.Trinity.fasta.modified.fas 
# Current dir:     /crex/proj/snic2022-23-81/expression_algae/code/busco
# Date:            Fri Sep 23 10:11:12 2022
# [ok]
