#                                                                                         --- full sequence --- -------------- this domain -------------   hmm coord   ali coord   env coord
# target name                     accession   tlen query name           accession   qlen   E-value  score  bias   #  of  c-Evalue  i-Evalue  score  bias  from    to  from    to  from    to  acc description of target
#             ------------------- ---------- ----- -------------------- ---------- ----- --------- ------ ----- --- --- --------- --------- ------ ----- ----- ----- ----- ----- ----- ----- ---- ---------------------
TRINITY_DN9980_c0_g1_i1:2-787     -            262 2820at3041           -            374  3.8e-131  434.0   0.7   1   1  2.3e-133  4.3e-131  433.9   0.7    43   287     1   262     1   262 0.96 -
TRINITY_DN1119_c0_g1_i5:60-1379   -            440 2820at3041           -            374     5e-18   61.8   0.0   1   1   4.8e-20     9e-18   61.0   0.0    32   373    71   437    56   438 0.72 -
TRINITY_DN1119_c0_g1_i9:286-1191  -            302 2820at3041           -            374     3e-13   46.1   0.0   1   1   2.8e-15   5.1e-13   45.3   0.0    32   239    71   300    56   302 0.72 -
TRINITY_DN1119_c0_g1_i2:60-911    -            284 2820at3041           -            374   2.5e-12   43.0   0.0   1   1     2e-14   3.7e-12   42.5   0.0   154   373    53   281    36   282 0.77 -
TRINITY_DN32568_c0_g1_i1:3-542    -            180 2820at3041           -            374   9.3e-12   41.2   0.0   1   1   5.8e-14   1.1e-11   41.0   0.0    83   240     5   166     1   173 0.77 -
TRINITY_DN11362_c0_g1_i4:823-1653 -            277 2820at3041           -            374   1.2e-10   37.5   0.0   1   1   2.5e-12   4.6e-10   35.6   0.0   157   350    35   261    16   268 0.71 -
TRINITY_DN1119_c0_g1_i8:100-831   -            244 2820at3041           -            374   1.2e-08   31.0   0.0   1   1   1.2e-10   2.2e-08   30.1   0.0    32   180    71   236    56   242 0.67 -
TRINITY_DN11362_c0_g1_i3:116-898  -            261 2820at3041           -            374   4.5e-07   25.7   0.0   1   1   9.2e-09   1.7e-06   23.8   0.0    95   314     2   260     1   261 0.68 -
TRINITY_DN1119_c0_g1_i7:60-653    -            198 2820at3041           -            374   7.7e-07   25.0   0.0   1   1   6.2e-09   1.2e-06   24.4   0.0   205   373    24   195    18   196 0.76 -
#
# Program:         hmmsearch
# Version:         3.2.1 (June 2018)
# Pipeline mode:   SEARCH
# Query file:      /sw/bioinfo/BUSCO/v5_lineage_sets/lineages/chlorophyta_odb10/hmms/2820at3041.hmm
# Target file:     /crex/proj/snic2022-23-81/expression_algae/code/busco/trinity_VA-3180-Osg03Sin/run_chlorophyta_odb10/metaeuk_output/initial_results/trinity_VA-3180-Osg03Sin.Trinity.fasta.modified.fas
# Option settings: hmmsearch --domtblout /crex/proj/snic2022-23-81/expression_algae/code/busco/trinity_VA-3180-Osg03Sin/run_chlorophyta_odb10/hmmer_output/initial_run_results/2820at3041.out --cpu 1 /sw/bioinfo/BUSCO/v5_lineage_sets/lineages/chlorophyta_odb10/hmms/2820at3041.hmm /crex/proj/snic2022-23-81/expression_algae/code/busco/trinity_VA-3180-Osg03Sin/run_chlorophyta_odb10/metaeuk_output/initial_results/trinity_VA-3180-Osg03Sin.Trinity.fasta.modified.fas 
# Current dir:     /crex/proj/snic2022-23-81/expression_algae/code/busco
# Date:            Fri Sep 23 10:11:12 2022
# [ok]
