#                                                                                         --- full sequence --- -------------- this domain -------------   hmm coord   ali coord   env coord
# target name                     accession   tlen query name           accession   qlen   E-value  score  bias   #  of  c-Evalue  i-Evalue  score  bias  from    to  from    to  from    to  acc description of target
#             ------------------- ---------- ----- -------------------- ---------- ----- --------- ------ ----- --- --- --------- --------- ------ ----- ----- ----- ----- ----- ----- ----- ---- ---------------------
TRINITY_DN7467_c0_g1_i1:6-518     -            171 4728at3041           -            222   5.2e-71  235.3   1.7   1   2   5.7e-36   3.1e-34  115.0   0.2    94   161     5    77     2    93 0.92 -
TRINITY_DN7467_c0_g1_i1:6-518     -            171 4728at3041           -            222   5.2e-71  235.3   1.7   2   2     2e-37   1.1e-35  119.8   0.1   161   222   110   171   106   171 0.98 -
TRINITY_DN223_c0_g2_i7:22-1689    -            556 4728at3041           -            222   1.8e-32  109.2   0.1   1   3   4.8e-06   0.00026   17.2   0.0    13    48    19    54     8    65 0.89 -
TRINITY_DN223_c0_g2_i7:22-1689    -            556 4728at3041           -            222   1.8e-32  109.2   0.1   2   3   4.2e-10   2.3e-08   30.5   0.0   101   209   149   256   135   264 0.83 -
TRINITY_DN223_c0_g2_i7:22-1689    -            556 4728at3041           -            222   1.8e-32  109.2   0.1   3   3   1.9e-18     1e-16   57.7   0.0    15   198   354   542   339   551 0.85 -
TRINITY_DN223_c0_g1_i10:941-2587  -            549 4728at3041           -            222   3.8e-28   95.1   0.0   1   3   1.3e-16   7.1e-15   51.7   0.0     9   200     3   199     1   209 0.78 -
TRINITY_DN223_c0_g1_i10:941-2587  -            549 4728at3041           -            222   3.8e-28   95.1   0.0   2   3   1.4e-06   7.8e-05   18.9   0.0    12    72   251   311   243   317 0.93 -
TRINITY_DN223_c0_g1_i10:941-2587  -            549 4728at3041           -            222   3.8e-28   95.1   0.0   3   3   6.6e-07   3.6e-05   20.0   0.0    96   195   440   538   413   543 0.79 -
TRINITY_DN223_c0_g1_i11:1099-2745 -            549 4728at3041           -            222   3.8e-28   95.1   0.0   1   3   1.3e-16   7.1e-15   51.7   0.0     9   200     3   199     1   209 0.78 -
TRINITY_DN223_c0_g1_i11:1099-2745 -            549 4728at3041           -            222   3.8e-28   95.1   0.0   2   3   1.4e-06   7.8e-05   18.9   0.0    12    72   251   311   243   317 0.93 -
TRINITY_DN223_c0_g1_i11:1099-2745 -            549 4728at3041           -            222   3.8e-28   95.1   0.0   3   3   6.6e-07   3.6e-05   20.0   0.0    96   195   440   538   413   543 0.79 -
TRINITY_DN223_c0_g1_i1:941-2587   -            549 4728at3041           -            222   3.8e-28   95.1   0.0   1   3   1.3e-16   7.1e-15   51.7   0.0     9   200     3   199     1   209 0.78 -
TRINITY_DN223_c0_g1_i1:941-2587   -            549 4728at3041           -            222   3.8e-28   95.1   0.0   2   3   1.4e-06   7.8e-05   18.9   0.0    12    72   251   311   243   317 0.93 -
TRINITY_DN223_c0_g1_i1:941-2587   -            549 4728at3041           -            222   3.8e-28   95.1   0.0   3   3   6.6e-07   3.6e-05   20.0   0.0    96   195   440   538   413   543 0.79 -
TRINITY_DN223_c0_g1_i8:941-2587   -            549 4728at3041           -            222   3.8e-28   95.1   0.0   1   3   1.3e-16   7.1e-15   51.7   0.0     9   200     3   199     1   209 0.78 -
TRINITY_DN223_c0_g1_i8:941-2587   -            549 4728at3041           -            222   3.8e-28   95.1   0.0   2   3   1.4e-06   7.8e-05   18.9   0.0    12    72   251   311   243   317 0.93 -
TRINITY_DN223_c0_g1_i8:941-2587   -            549 4728at3041           -            222   3.8e-28   95.1   0.0   3   3   6.6e-07   3.6e-05   20.0   0.0    96   195   440   538   413   543 0.79 -
TRINITY_DN223_c0_g2_i4:22-1686    -            555 4728at3041           -            222   6.4e-27   91.1   0.0   1   3    0.0037       0.2    7.7   0.0    15    48    36    69    27    78 0.86 -
TRINITY_DN223_c0_g2_i4:22-1686    -            555 4728at3041           -            222   6.4e-27   91.1   0.0   2   3   4.6e-11   2.5e-09   33.6   0.0   106   203   159   254   142   271 0.81 -
TRINITY_DN223_c0_g2_i4:22-1686    -            555 4728at3041           -            222   6.4e-27   91.1   0.0   3   3   1.4e-14   7.4e-13   45.1   0.0    19   198   354   541   338   549 0.81 -
TRINITY_DN223_c0_g2_i6:8-1630     -            541 4728at3041           -            222   5.7e-24   81.5   0.0   1   3    0.0036       0.2    7.8   0.0    15    48    36    69    27    78 0.86 -
TRINITY_DN223_c0_g2_i6:8-1630     -            541 4728at3041           -            222   5.7e-24   81.5   0.0   2   3   4.3e-11   2.3e-09   33.7   0.0   100   203   152   254   141   271 0.81 -
TRINITY_DN223_c0_g2_i6:8-1630     -            541 4728at3041           -            222   5.7e-24   81.5   0.0   3   3   1.5e-11   7.9e-10   35.2   0.0    20   161   355   506   346   536 0.76 -
TRINITY_DN223_c0_g2_i2:22-1221    -            400 4728at3041           -            222   4.4e-23   78.6   0.0   1   2   9.4e-10   5.1e-08   29.3   0.0   111   203     9    99     3   117 0.85 -
TRINITY_DN223_c0_g2_i2:22-1221    -            400 4728at3041           -            222   4.4e-23   78.6   0.0   2   2   6.4e-15   3.4e-13   46.2   0.0    19   198   199   386   182   394 0.81 -
TRINITY_DN244_c0_g1_i1:88-678     -            197 4728at3041           -            222   2.3e-18   63.2   3.3   1   1   2.4e-19   1.3e-17   60.7   3.3    16   179     9   194     4   196 0.75 -
TRINITY_DN244_c0_g1_i9:88-678     -            197 4728at3041           -            222   2.3e-18   63.2   3.3   1   1   2.4e-19   1.3e-17   60.7   3.3    16   179     9   194     4   196 0.75 -
TRINITY_DN223_c0_g2_i9:64-627     -            188 4728at3041           -            222   2.4e-17   59.8   0.0   1   1     5e-19   2.7e-17   59.6   0.0    18   197     3   187     1   188 0.87 -
TRINITY_DN244_c0_g1_i2:1185-1775  -            197 4728at3041           -            222   1.2e-16   57.6   2.6   1   1   1.1e-17   6.2e-16   55.2   2.6    16   179     9   194     4   197 0.75 -
TRINITY_DN244_c0_g1_i8:1-432      -            144 4728at3041           -            222   1.9e-16   56.8   0.3   1   1   4.5e-18   2.5e-16   56.5   0.3   113   200    47   132    35   142 0.90 -
TRINITY_DN244_c0_g1_i3:1004-1450  -            149 4728at3041           -            222   5.9e-16   55.3   0.8   1   1   1.1e-17     6e-16   55.2   0.8   110   200    59   147     1   149 0.87 -
TRINITY_DN244_c0_g1_i7:1432-1878  -            149 4728at3041           -            222   5.9e-16   55.3   0.8   1   1   1.1e-17     6e-16   55.2   0.8   110   200    59   147     1   149 0.87 -
TRINITY_DN244_c0_g1_i9:2227-2667  -            147 4728at3041           -            222   9.4e-16   54.6   0.9   1   1   1.8e-17   9.7e-16   54.6   0.9   112   200    59   145     1   147 0.91 -
TRINITY_DN12197_c0_g2_i1:19-681   -            221 4728at3041           -            222   1.7e-14   50.5   0.0   1   2   3.2e-10   1.7e-08   30.8   0.0    15    71     1    58     1    99 0.79 -
TRINITY_DN12197_c0_g2_i1:19-681   -            221 4728at3041           -            222   1.7e-14   50.5   0.0   2   2   2.8e-06   0.00015   18.0   0.0   107   160   142   195   125   219 0.85 -
TRINITY_DN148_c0_g1_i3:400-2097   -            566 4728at3041           -            222   1.9e-14   50.3   0.2   1   1   1.1e-15   6.1e-14   48.7   0.2    15   198    28   239    17   247 0.73 -
TRINITY_DN148_c0_g1_i7:400-2097   -            566 4728at3041           -            222   1.9e-14   50.3   0.2   1   1   1.1e-15   6.1e-14   48.7   0.2    15   198    28   239    17   247 0.73 -
TRINITY_DN14711_c0_g2_i1:1-1227   -            409 4728at3041           -            222   3.7e-14   49.4   0.7   1   2   4.5e-07   2.4e-05   20.6   0.0   100   184     5    89     2   101 0.88 -
TRINITY_DN14711_c0_g2_i1:1-1227   -            409 4728at3041           -            222   3.7e-14   49.4   0.7   2   2   1.8e-08   9.8e-07   25.1   0.2    26   185   175   344   157   355 0.74 -
TRINITY_DN223_c2_g1_i1:6-1163     -            386 4728at3041           -            222   3.5e-13   46.2   0.0   1   3       1.5        82   -0.8   0.0   139   200     1    62     1    74 0.77 -
TRINITY_DN223_c2_g1_i1:6-1163     -            386 4728at3041           -            222   3.5e-13   46.2   0.0   2   3   4.2e-10   2.3e-08   30.4   0.0    13    73   115   175   105   195 0.88 -
TRINITY_DN223_c2_g1_i1:6-1163     -            386 4728at3041           -            222   3.5e-13   46.2   0.0   3   3   0.00017    0.0091   12.1   0.0   113   164   322   373   298   381 0.86 -
TRINITY_DN221_c0_g1_i1:327-755    -            143 4728at3041           -            222   3.5e-12   42.9   0.1   1   2   2.4e-05    0.0013   14.9   0.0    11    46     1    36     1    48 0.93 -
TRINITY_DN221_c0_g1_i1:327-755    -            143 4728at3041           -            222   3.5e-12   42.9   0.1   2   2   7.5e-09   4.1e-07   26.4   0.0    96   145    92   142    80   143 0.90 -
TRINITY_DN14724_c0_g1_i1:240-668  -            143 4728at3041           -            222   4.8e-11   39.2   0.0   1   1   1.1e-12   5.9e-11   38.9   0.0    31   163     1   138     1   143 0.75 -
TRINITY_DN5398_c0_g1_i1:325-768   -            148 4728at3041           -            222   2.2e-10   37.0   0.1   1   2   1.1e-06   6.1e-05   19.2   0.1    15    55     1    41     1    61 0.88 -
TRINITY_DN5398_c0_g1_i1:325-768   -            148 4728at3041           -            222   2.2e-10   37.0   0.1   2   2   9.8e-06   0.00053   16.2   0.0   112   139   121   148   106   148 0.91 -
TRINITY_DN3746_c0_g1_i3:330-920   -            197 4728at3041           -            222   7.6e-10   35.3   0.1   1   1   4.4e-11   2.4e-09   33.6   0.1    20   197     5   190     1   195 0.77 -
TRINITY_DN223_c0_g2_i3:217-711    -            165 4728at3041           -            222   1.1e-09   34.7   0.0   1   2    0.0013     0.073    9.2   0.0    17    48     3    34     1    43 0.86 -
TRINITY_DN223_c0_g2_i3:217-711    -            165 4728at3041           -            222   1.1e-09   34.7   0.0   2   2   5.1e-08   2.8e-06   23.6   0.0    98   145   115   163   106   164 0.83 -
TRINITY_DN12156_c0_g1_i1:51-551   -            167 4728at3041           -            222     2e-09   33.9   0.3   1   2     0.033       1.8    4.6   0.1    32    49     2    19     1    70 0.82 -
TRINITY_DN12156_c0_g1_i1:51-551   -            167 4728at3041           -            222     2e-09   33.9   0.3   2   2   2.6e-09   1.4e-07   27.8   0.0   110   163   106   160    90   167 0.89 -
TRINITY_DN8911_c0_g1_i1:14-544    -            177 4728at3041           -            222   7.4e-09   32.0   0.3   1   1   9.7e-10   5.2e-08   29.3   0.3    55   152    58   174     1   177 0.70 -
TRINITY_DN22510_c0_g1_i1:0-527    -            176 4728at3041           -            222   4.8e-05   19.6   0.1   1   1   1.2e-06   6.5e-05   19.2   0.1     9    48    41    80    29    92 0.87 -
TRINITY_DN3841_c0_g1_i1:1-357     -            119 4728at3041           -            222    0.0012   15.0   0.4   1   1   4.6e-05    0.0025   14.0   0.4    32   138     3   118     1   119 0.54 -
#
# Program:         hmmsearch
# Version:         3.2.1 (June 2018)
# Pipeline mode:   SEARCH
# Query file:      /sw/bioinfo/BUSCO/v5_lineage_sets/lineages/chlorophyta_odb10/hmms/4728at3041.hmm
# Target file:     /crex/proj/snic2022-23-81/expression_algae/code/busco/trinity_VA-3180-Osg03Sin/run_chlorophyta_odb10/metaeuk_output/initial_results/trinity_VA-3180-Osg03Sin.Trinity.fasta.modified.fas
# Option settings: hmmsearch --domtblout /crex/proj/snic2022-23-81/expression_algae/code/busco/trinity_VA-3180-Osg03Sin/run_chlorophyta_odb10/hmmer_output/initial_run_results/4728at3041.out --cpu 1 /sw/bioinfo/BUSCO/v5_lineage_sets/lineages/chlorophyta_odb10/hmms/4728at3041.hmm /crex/proj/snic2022-23-81/expression_algae/code/busco/trinity_VA-3180-Osg03Sin/run_chlorophyta_odb10/metaeuk_output/initial_results/trinity_VA-3180-Osg03Sin.Trinity.fasta.modified.fas 
# Current dir:     /crex/proj/snic2022-23-81/expression_algae/code/busco
# Date:            Fri Sep 23 10:11:13 2022
# [ok]
