#                                                                                        --- full sequence --- -------------- this domain -------------   hmm coord   ali coord   env coord
# target name                    accession   tlen query name           accession   qlen   E-value  score  bias   #  of  c-Evalue  i-Evalue  score  bias  from    to  from    to  from    to  acc description of target
#            ------------------- ---------- ----- -------------------- ---------- ----- --------- ------ ----- --- --- --------- --------- ------ ----- ----- ----- ----- ----- ----- ----- ---- ---------------------
TRINITY_DN200_c0_g1_i4:124-2241  -            706 4751at3041           -            308  3.7e-117  387.4   0.0   1   2   2.3e-56   1.4e-54  181.8   0.2    70   292    97   326    93   341 0.92 -
TRINITY_DN200_c0_g1_i4:124-2241  -            706 4751at3041           -            308  3.7e-117  387.4   0.0   2   2   5.7e-63   3.6e-61  203.5   0.0    64   293   364   603   334   612 0.90 -
TRINITY_DN200_c0_g1_i1:116-2572  -            819 4751at3041           -            308  6.1e-117  386.6   0.0   1   2   3.1e-56   1.9e-54  181.4   0.2    70   292   210   439   206   455 0.92 -
TRINITY_DN200_c0_g1_i1:116-2572  -            819 4751at3041           -            308  6.1e-117  386.6   0.0   2   2   7.7e-63   4.8e-61  203.0   0.0    64   293   477   716   447   725 0.90 -
TRINITY_DN304_c3_g1_i1:11-1168   -            386 4751at3041           -            308   2.5e-69  230.2   1.2   1   1   5.3e-71   3.3e-69  229.9   1.2    69   295   146   379   143   386 0.92 -
TRINITY_DN200_c0_g1_i3:165-1448  -            428 4751at3041           -            308   8.6e-67  221.9   0.0   1   2   1.5e-05   0.00093   14.9   0.0   256   292    12    48     1    63 0.86 -
TRINITY_DN200_c0_g1_i3:165-1448  -            428 4751at3041           -            308   8.6e-67  221.9   0.0   2   2   1.7e-63   1.1e-61  205.2   0.0    64   293    86   325    58   334 0.90 -
TRINITY_DN1932_c0_g2_i3:255-1436 -            394 4751at3041           -            308   3.8e-66  219.8   0.0   1   1     8e-68     5e-66  219.4   0.0    71   303   134   377   101   381 0.90 -
TRINITY_DN1932_c0_g3_i1:7-1041   -            345 4751at3041           -            308   1.8e-65  217.6   0.2   1   1   3.9e-67   2.4e-65  217.1   0.2    72   303    91   333    88   338 0.88 -
TRINITY_DN1547_c0_g2_i1:0-392    -            131 4751at3041           -            308   1.7e-64  214.4   1.0   1   1     3e-66   1.8e-64  214.3   1.0   120   247     1   131     1   131 0.97 -
TRINITY_DN453_c0_g1_i1:183-974   -            264 4751at3041           -            308   1.7e-61  204.5   0.6   1   1   3.3e-63     2e-61  204.3   0.6    71   287    39   264    34   264 0.89 -
TRINITY_DN1932_c0_g2_i6:264-1337 -            358 4751at3041           -            308   1.5e-56  188.2   0.1   1   1   3.3e-58     2e-56  187.8   0.1    71   294   120   353   118   358 0.90 -
TRINITY_DN1932_c0_g2_i5:39-497   -            153 4751at3041           -            308   3.1e-54  180.7   1.1   1   1   5.5e-56   3.4e-54  180.5   1.1   106   254     1   152     1   153 0.98 -
TRINITY_DN1547_c2_g1_i1:0-554    -            185 4751at3041           -            308   1.1e-53  178.9   0.4   1   1     2e-55   1.2e-53  178.7   0.4   101   274     1   185     1   185 0.89 -
TRINITY_DN1547_c0_g1_i1:3-290    -             96 4751at3041           -            308   6.7e-46  153.3   1.2   1   1   1.2e-47   7.4e-46  153.2   1.2   141   233     1    96     1    96 0.97 -
TRINITY_DN304_c0_g2_i1:22-312    -             97 4751at3041           -            308   3.2e-42  141.2   0.3   1   1   5.6e-44   3.5e-42  141.1   0.3   111   202     1    96     1    97 0.95 -
TRINITY_DN1547_c3_g1_i1:1-261    -             87 4751at3041           -            308   1.7e-39  132.3   0.1   1   1     3e-41   1.9e-39  132.1   0.1   113   200     1    87     1    87 0.98 -
TRINITY_DN9049_c0_g1_i1:4-402    -            133 4751at3041           -            308   3.6e-33  111.5   0.0   1   1   6.5e-35     4e-33  111.3   0.0    70   199     1   133     1   133 0.92 -
TRINITY_DN1656_c0_g1_i1:1-795    -            265 4751at3041           -            308   1.9e-30  102.5   0.0   1   1   4.4e-32   2.7e-30  102.0   0.0    71   180   136   248   119   264 0.87 -
TRINITY_DN1932_c0_g4_i1:2-424    -            141 4751at3041           -            308   1.2e-29   99.9   0.1   1   1   2.1e-31   1.3e-29   99.8   0.1   179   298     9   132     1   140 0.90 -
TRINITY_DN1547_c2_g1_i2:0-419    -            140 4751at3041           -            308   5.5e-29   97.7   0.1   1   1   9.8e-31   6.1e-29   97.6   0.1   147   274     2   140     1   140 0.85 -
TRINITY_DN2851_c0_g1_i1:5-664    -            220 4751at3041           -            308   2.1e-28   95.8   0.1   1   1   4.3e-30   2.7e-28   95.5   0.1   104   231    79   217    70   220 0.84 -
TRINITY_DN304_c2_g2_i1:26-727    -            234 4751at3041           -            308     2e-26   89.3   0.1   1   1   4.4e-28   2.7e-26   88.9   0.1   198   306     1   115     1   117 0.88 -
TRINITY_DN1547_c1_g1_i2:187-1068 -            294 4751at3041           -            308   9.2e-25   83.9   0.0   1   1   1.9e-26   1.2e-24   83.5   0.0    69   175   185   294   151   294 0.85 -
TRINITY_DN21384_c0_g1_i1:11-343  -            111 4751at3041           -            308   4.7e-24   81.6   0.0   1   1   8.2e-26   5.1e-24   81.4   0.0   100   186    15   101     4   110 0.91 -
TRINITY_DN2935_c0_g1_i1:1-564    -            188 4751at3041           -            308   3.9e-23   78.5   0.0   1   2   5.5e-11   3.4e-09   32.7   0.0   144   203    10    70     1    74 0.84 -
TRINITY_DN2935_c0_g1_i1:1-564    -            188 4751at3041           -            308   3.9e-23   78.5   0.0   2   2   1.9e-14   1.2e-12   44.1   0.0   205   287    91   175    80   185 0.88 -
TRINITY_DN12275_c0_g1_i2:130-564 -            145 4751at3041           -            308   4.5e-18   61.9   0.1   1   1   8.4e-20   5.2e-18   61.7   0.1   108   251     2   141     1   144 0.89 -
TRINITY_DN1547_c1_g1_i3:413-793  -            127 4751at3041           -            308     9e-12   41.2   0.0   1   1   1.5e-13   9.2e-12   41.2   0.0    69   135    57   126    16   127 0.78 -
TRINITY_DN1932_c0_g2_i4:264-959  -            232 4751at3041           -            308   9.8e-09   31.2   0.0   1   1     2e-10   1.2e-08   30.9   0.0    71   126   120   178   118   232 0.81 -
TRINITY_DN10995_c0_g1_i1:158-634 -            159 4751at3041           -            308    0.0029   13.2   0.0   1   1   6.3e-05    0.0039   12.8   0.0   106   135     5    34     1    38 0.89 -
#
# Program:         hmmsearch
# Version:         3.2.1 (June 2018)
# Pipeline mode:   SEARCH
# Query file:      /sw/bioinfo/BUSCO/v5_lineage_sets/lineages/chlorophyta_odb10/hmms/4751at3041.hmm
# Target file:     /crex/proj/snic2022-23-81/expression_algae/code/busco/trinity_VA-3180-Osg03Sin/run_chlorophyta_odb10/metaeuk_output/initial_results/trinity_VA-3180-Osg03Sin.Trinity.fasta.modified.fas
# Option settings: hmmsearch --domtblout /crex/proj/snic2022-23-81/expression_algae/code/busco/trinity_VA-3180-Osg03Sin/run_chlorophyta_odb10/hmmer_output/initial_run_results/4751at3041.out --cpu 1 /sw/bioinfo/BUSCO/v5_lineage_sets/lineages/chlorophyta_odb10/hmms/4751at3041.hmm /crex/proj/snic2022-23-81/expression_algae/code/busco/trinity_VA-3180-Osg03Sin/run_chlorophyta_odb10/metaeuk_output/initial_results/trinity_VA-3180-Osg03Sin.Trinity.fasta.modified.fas 
# Current dir:     /crex/proj/snic2022-23-81/expression_algae/code/busco
# Date:            Fri Sep 23 10:11:13 2022
# [ok]
