#                                                                                        --- full sequence --- -------------- this domain -------------   hmm coord   ali coord   env coord
# target name                    accession   tlen query name           accession   qlen   E-value  score  bias   #  of  c-Evalue  i-Evalue  score  bias  from    to  from    to  from    to  acc description of target
#            ------------------- ---------- ----- -------------------- ---------- ----- --------- ------ ----- --- --- --------- --------- ------ ----- ----- ----- ----- ----- ----- ----- ---- ---------------------
TRINITY_DN4135_c0_g1_i1:529-1401 -            291 5278at3041           -            223   3.1e-94  311.2   5.9   1   2   2.2e-65   4.7e-63  209.2   2.4     1   143    13   174    13   178 0.90 -
TRINITY_DN4135_c0_g1_i1:529-1401 -            291 5278at3041           -            223   3.1e-94  311.2   5.9   2   2   4.7e-33   9.8e-31  103.5   0.1   134   223   196   290   189   290 0.93 -
TRINITY_DN4135_c0_g1_i2:529-1263 -            245 5278at3041           -            223   3.5e-74  245.6   2.6   1   2     9e-45   1.9e-42  141.9   0.5    36   143     3   128     1   132 0.89 -
TRINITY_DN4135_c0_g1_i2:529-1263 -            245 5278at3041           -            223   3.5e-74  245.6   2.6   2   2   3.2e-33   6.8e-31  104.1   0.1   134   223   150   244   143   244 0.93 -
TRINITY_DN2083_c0_g1_i1:2-598    -            199 5278at3041           -            223   7.1e-10   35.3   0.1   1   2   1.1e-07   2.3e-05   20.6   0.0    69   119     2    58     1    87 0.75 -
TRINITY_DN2083_c0_g1_i1:2-598    -            199 5278at3041           -            223   7.1e-10   35.3   0.1   2   2   2.6e-05    0.0054   12.8   0.1   163   213   145   195   119   199 0.85 -
TRINITY_DN7104_c0_g1_i2:113-937  -            275 5278at3041           -            223   3.4e-06   23.3   0.0   1   1     3e-08   6.3e-06   22.4   0.0    26    86    39   102    32   109 0.88 -
TRINITY_DN7104_c0_g1_i1:38-925   -            296 5278at3041           -            223   3.6e-06   23.2   0.0   1   1   3.4e-08   7.1e-06   22.2   0.0    26    86    39   102    32   109 0.88 -
TRINITY_DN1196_c0_g1_i1:52-1029  -            326 5278at3041           -            223   2.4e-05   20.5   0.0   1   2   2.8e-07   5.9e-05   19.2   0.0    24   136    31   156    10   207 0.75 -
TRINITY_DN1196_c0_g1_i1:52-1029  -            326 5278at3041           -            223   2.4e-05   20.5   0.0   2   2      0.43        91   -1.0   0.0   172   174   220   222   144   265 0.57 -
TRINITY_DN1196_c0_g1_i2:82-390   -            103 5278at3041           -            223    0.0025   13.9   0.0   1   1   1.4e-05    0.0029   13.7   0.0     5    82    24   103    20   103 0.74 -
TRINITY_DN25538_c0_g1_i1:1-798   -            266 5278at3041           -            223    0.0043   13.1   0.0   1   1     3e-05    0.0064   12.6   0.0     6    86    36   118    31   126 0.78 -
#
# Program:         hmmsearch
# Version:         3.2.1 (June 2018)
# Pipeline mode:   SEARCH
# Query file:      /sw/bioinfo/BUSCO/v5_lineage_sets/lineages/chlorophyta_odb10/hmms/5278at3041.hmm
# Target file:     /crex/proj/snic2022-23-81/expression_algae/code/busco/trinity_VA-3180-Osg03Sin/run_chlorophyta_odb10/metaeuk_output/initial_results/trinity_VA-3180-Osg03Sin.Trinity.fasta.modified.fas
# Option settings: hmmsearch --domtblout /crex/proj/snic2022-23-81/expression_algae/code/busco/trinity_VA-3180-Osg03Sin/run_chlorophyta_odb10/hmmer_output/initial_run_results/5278at3041.out --cpu 1 /sw/bioinfo/BUSCO/v5_lineage_sets/lineages/chlorophyta_odb10/hmms/5278at3041.hmm /crex/proj/snic2022-23-81/expression_algae/code/busco/trinity_VA-3180-Osg03Sin/run_chlorophyta_odb10/metaeuk_output/initial_results/trinity_VA-3180-Osg03Sin.Trinity.fasta.modified.fas 
# Current dir:     /crex/proj/snic2022-23-81/expression_algae/code/busco
# Date:            Fri Sep 23 10:11:12 2022
# [ok]
