#                                                                                        --- full sequence --- -------------- this domain -------------   hmm coord   ali coord   env coord
# target name                    accession   tlen query name           accession   qlen   E-value  score  bias   #  of  c-Evalue  i-Evalue  score  bias  from    to  from    to  from    to  acc description of target
#            ------------------- ---------- ----- -------------------- ---------- ----- --------- ------ ----- --- --- --------- --------- ------ ----- ----- ----- ----- ----- ----- ----- ---- ---------------------
TRINITY_DN789_c0_g1_i3:434-976   -            181 5588at3041           -            141   3.6e-47  156.4   0.2   1   2   2.6e-46   1.8e-44  147.7   0.1     1   125    18   145    18   159 0.91 -
TRINITY_DN789_c0_g1_i3:434-976   -            181 5588at3041           -            141   3.6e-47  156.4   0.2   2   2    0.0053      0.35    7.3   0.0   117   137   159   179   154   181 0.87 -
TRINITY_DN789_c0_g1_i2:434-1043  -            186 5588at3041           -            141   1.7e-44  147.8   0.1   1   2   1.3e-43   8.7e-42  139.0   0.0     1   124    18   149    18   163 0.89 -
TRINITY_DN789_c0_g1_i2:434-1043  -            186 5588at3041           -            141   1.7e-44  147.8   0.1   2   2    0.0052      0.35    7.4   0.0   116   137   163   184   156   186 0.87 -
TRINITY_DN29048_c0_g1_i1:1-399   -            133 5588at3041           -            141   3.1e-41  137.2   0.0   1   1   5.2e-43   3.5e-41  137.0   0.0     2   114    18   133    17   133 0.95 -
TRINITY_DN14997_c0_g1_i1:83-412  -            110 5588at3041           -            141     4e-41  136.8   0.1   1   1   6.8e-43   4.6e-41  136.6   0.1     2    91    18   110    17   110 0.97 -
TRINITY_DN7677_c0_g1_i2:6-347    -            114 5588at3041           -            141   5.8e-37  123.3   0.1   1   1   9.7e-39   6.5e-37  123.2   0.1     1   109     3   114     3   114 0.96 -
TRINITY_DN21635_c0_g1_i1:146-508 -            121 5588at3041           -            141   3.8e-29   98.0   0.0   1   1   7.1e-31   4.8e-29   97.7   0.0     2   110     3   121     2   121 0.88 -
TRINITY_DN2533_c0_g2_i1:156-731  -            192 5588at3041           -            141   1.4e-26   89.7   0.0   1   2   5.1e-27   3.4e-25   85.2   0.0     2   114    22   137    21   151 0.93 -
TRINITY_DN2533_c0_g2_i1:156-731  -            192 5588at3041           -            141   1.4e-26   89.7   0.0   2   2      0.11       7.7    3.0   0.0   113   134   169   190   139   192 0.86 -
TRINITY_DN7677_c0_g1_i3:9-290    -             94 5588at3041           -            141   2.6e-24   82.3   0.0   1   1   5.1e-26   3.4e-24   81.9   0.0    28   109     5    94     1    94 0.87 -
TRINITY_DN7657_c0_g1_i1:18-314   -             99 5588at3041           -            141   8.3e-20   67.7   0.0   1   1   1.4e-21   9.6e-20   67.5   0.0     2    79    17    99    16    99 0.88 -
TRINITY_DN11268_c0_g1_i2:11-253  -             81 5588at3041           -            141   1.5e-19   66.9   0.0   1   1   2.5e-21   1.7e-19   66.7   0.0     3    79     1    80     1    81 0.93 -
TRINITY_DN14652_c0_g1_i2:0-239   -             80 5588at3041           -            141   8.1e-13   45.1   0.4   1   2   3.1e-11   2.1e-09   34.0   0.0    74   128     1    55     1    64 0.89 -
TRINITY_DN14652_c0_g1_i2:0-239   -             80 5588at3041           -            141   8.1e-13   45.1   0.4   2   2   0.00067     0.045   10.2   0.1   115   131    64    80    57    80 0.92 -
TRINITY_DN10138_c0_g2_i1:37-339  -            101 5588at3041           -            141   1.2e-11   41.3   0.0   1   1   1.9e-13   1.3e-11   41.2   0.0    61   121     3    63     1    84 0.88 -
TRINITY_DN4875_c0_g1_i2:123-731  -            203 5588at3041           -            141     2e-10   37.3   0.6   1   2   9.4e-12   6.3e-10   35.7   0.4     2   112    10   127     9   142 0.81 -
TRINITY_DN4875_c0_g1_i2:123-731  -            203 5588at3041           -            141     2e-10   37.3   0.6   2   2       1.9   1.3e+02   -0.9   0.0   114   139   148   173   139   174 0.88 -
TRINITY_DN1939_c0_g1_i2:38-676   -            213 5588at3041           -            141   6.4e-08   29.2   0.0   1   1   1.1e-09   7.7e-08   28.9   0.0    34   131    48   144     8   171 0.83 -
TRINITY_DN1939_c0_g1_i4:38-758   -            213 5588at3041           -            141   6.4e-08   29.2   0.0   1   1   1.1e-09   7.7e-08   28.9   0.0    34   131    48   144     8   171 0.83 -
TRINITY_DN16918_c0_g1_i1:156-782 -            209 5588at3041           -            141   1.5e-07   28.0   0.2   1   1   3.8e-09   2.6e-07   27.2   0.2     2   123    11   139    10   154 0.82 -
TRINITY_DN1107_c0_g1_i1:97-762   -            222 5588at3041           -            141   1.2e-06   25.1   0.0   1   1   2.4e-08   1.6e-06   24.7   0.0     2    78    16   100    15   134 0.81 -
TRINITY_DN1107_c0_g1_i2:97-915   -            222 5588at3041           -            141   1.2e-06   25.1   0.0   1   1   2.4e-08   1.6e-06   24.7   0.0     2    78    16   100    15   134 0.81 -
TRINITY_DN3805_c0_g1_i1:2-676    -            225 5588at3041           -            141   2.6e-06   24.0   0.0   1   1   1.2e-07     8e-06   22.4   0.0     3   111    40   161    38   184 0.71 -
TRINITY_DN3444_c0_g1_i1:87-692   -            202 5588at3041           -            141   5.1e-05   19.8   0.0   1   1   9.2e-07   6.2e-05   19.5   0.0     3   114    16   132    14   159 0.71 -
TRINITY_DN3444_c0_g1_i3:87-775   -            202 5588at3041           -            141   5.1e-05   19.8   0.0   1   1   9.2e-07   6.2e-05   19.5   0.0     3   114    16   132    14   159 0.71 -
TRINITY_DN3444_c0_g1_i4:140-517  -            126 5588at3041           -            141   9.9e-05   18.9   0.0   1   1   1.7e-06   0.00011   18.7   0.0     3    85    16   104    14   121 0.74 -
TRINITY_DN792_c0_g1_i1:0-1048    -            232 5588at3041           -            141   0.00015   18.3   0.0   1   1   3.8e-06   0.00026   17.5   0.0     2    85    10   101     9   135 0.70 -
TRINITY_DN4041_c0_g1_i1:20-376   -            119 5588at3041           -            141    0.0004   16.9   0.2   1   1   9.1e-06   0.00061   16.3   0.2     2    93     6   107     5   119 0.77 -
TRINITY_DN35012_c0_g1_i1:102-305 -             68 5588at3041           -            141     0.013   12.0   0.0   1   2    0.0021      0.14    8.6   0.0    92   118     3    29     1    46 0.79 -
TRINITY_DN35012_c0_g1_i1:102-305 -             68 5588at3041           -            141     0.013   12.0   0.0   2   2      0.18        12    2.4   0.0   116   133    49    66    31    68 0.80 -
#
# Program:         hmmsearch
# Version:         3.2.1 (June 2018)
# Pipeline mode:   SEARCH
# Query file:      /sw/bioinfo/BUSCO/v5_lineage_sets/lineages/chlorophyta_odb10/hmms/5588at3041.hmm
# Target file:     /crex/proj/snic2022-23-81/expression_algae/code/busco/trinity_VA-3180-Osg03Sin/run_chlorophyta_odb10/metaeuk_output/initial_results/trinity_VA-3180-Osg03Sin.Trinity.fasta.modified.fas
# Option settings: hmmsearch --domtblout /crex/proj/snic2022-23-81/expression_algae/code/busco/trinity_VA-3180-Osg03Sin/run_chlorophyta_odb10/hmmer_output/initial_run_results/5588at3041.out --cpu 1 /sw/bioinfo/BUSCO/v5_lineage_sets/lineages/chlorophyta_odb10/hmms/5588at3041.hmm /crex/proj/snic2022-23-81/expression_algae/code/busco/trinity_VA-3180-Osg03Sin/run_chlorophyta_odb10/metaeuk_output/initial_results/trinity_VA-3180-Osg03Sin.Trinity.fasta.modified.fas 
# Current dir:     /crex/proj/snic2022-23-81/expression_algae/code/busco
# Date:            Fri Sep 23 10:11:13 2022
# [ok]
