#                                                                                        --- full sequence --- -------------- this domain -------------   hmm coord   ali coord   env coord
# target name                    accession   tlen query name           accession   qlen   E-value  score  bias   #  of  c-Evalue  i-Evalue  score  bias  from    to  from    to  from    to  acc description of target
#            ------------------- ---------- ----- -------------------- ---------- ----- --------- ------ ----- --- --- --------- --------- ------ ----- ----- ----- ----- ----- ----- ----- ---- ---------------------
TRINITY_DN26030_c0_g1_i1:221-796 -            192 6072at3041           -            175   4.3e-92  303.5   0.0   1   1   2.6e-94   4.8e-92  303.3   0.0     1   175     9   190     9   190 0.97 -
TRINITY_DN33385_c0_g1_i1:2-478   -            159 6072at3041           -            175   4.7e-11   39.6   0.0   1   1   2.9e-13   5.4e-11   39.4   0.0     5   132    26   155    23   159 0.86 -
TRINITY_DN1427_c0_g1_i2:11-583   -            191 6072at3041           -            175   8.7e-09   32.2   0.0   1   1   5.6e-11     1e-08   31.9   0.0     1   149     3   155     3   182 0.80 -
TRINITY_DN1427_c0_g1_i1:11-574   -            188 6072at3041           -            175   2.1e-08   30.9   0.0   1   1   1.3e-10   2.4e-08   30.7   0.0    17   149    17   152     1   179 0.80 -
TRINITY_DN6193_c0_g1_i1:90-806   -            239 6072at3041           -            175   2.2e-08   30.9   0.0   1   1   1.4e-10   2.7e-08   30.6   0.0     3   156    42   196    40   218 0.84 -
TRINITY_DN1174_c0_g1_i1:2-733    -            244 6072at3041           -            175   1.5e-05   21.6   0.0   1   1   1.2e-07   2.3e-05   21.1   0.0     1   113    45   159    45   184 0.81 -
TRINITY_DN3342_c0_g1_i1:156-626  -            157 6072at3041           -            175   1.8e-05   21.4   0.0   1   1   1.9e-07   3.5e-05   20.5   0.0     5   107    46   157    42   157 0.74 -
TRINITY_DN24786_c0_g1_i1:3-545   -            181 6072at3041           -            175   1.9e-05   21.3   0.0   1   1   1.2e-07   2.2e-05   21.1   0.0    24   150    10   141     3   166 0.73 -
TRINITY_DN32899_c0_g1_i1:35-739  -            235 6072at3041           -            175    0.0067   13.0   0.0   1   1   4.2e-05    0.0079   12.8   0.0    81   111   123   154    42   198 0.76 -
#
# Program:         hmmsearch
# Version:         3.2.1 (June 2018)
# Pipeline mode:   SEARCH
# Query file:      /sw/bioinfo/BUSCO/v5_lineage_sets/lineages/chlorophyta_odb10/hmms/6072at3041.hmm
# Target file:     /crex/proj/snic2022-23-81/expression_algae/code/busco/trinity_VA-3180-Osg03Sin/run_chlorophyta_odb10/metaeuk_output/initial_results/trinity_VA-3180-Osg03Sin.Trinity.fasta.modified.fas
# Option settings: hmmsearch --domtblout /crex/proj/snic2022-23-81/expression_algae/code/busco/trinity_VA-3180-Osg03Sin/run_chlorophyta_odb10/hmmer_output/initial_run_results/6072at3041.out --cpu 1 /sw/bioinfo/BUSCO/v5_lineage_sets/lineages/chlorophyta_odb10/hmms/6072at3041.hmm /crex/proj/snic2022-23-81/expression_algae/code/busco/trinity_VA-3180-Osg03Sin/run_chlorophyta_odb10/metaeuk_output/initial_results/trinity_VA-3180-Osg03Sin.Trinity.fasta.modified.fas 
# Current dir:     /crex/proj/snic2022-23-81/expression_algae/code/busco
# Date:            Fri Sep 23 10:11:13 2022
# [ok]
