#                                                                                        --- full sequence --- -------------- this domain -------------   hmm coord   ali coord   env coord
# target name                    accession   tlen query name           accession   qlen   E-value  score  bias   #  of  c-Evalue  i-Evalue  score  bias  from    to  from    to  from    to  acc description of target
#            ------------------- ---------- ----- -------------------- ---------- ----- --------- ------ ----- --- --- --------- --------- ------ ----- ----- ----- ----- ----- ----- ----- ---- ---------------------
TRINITY_DN6330_c0_g1_i1:361-870  -            170 6623at3041           -            141   6.6e-85  279.0  15.8   1   1   8.3e-87   7.7e-85  278.8  15.8     1   141    22   164    22   164 0.99 -
TRINITY_DN1074_c0_g1_i1:57-515   -            153 6623at3041           -            141   3.4e-46  153.5  10.3   1   1   4.1e-48   3.8e-46  153.3  10.3     2   141     8   149     7   149 0.98 -
TRINITY_DN6330_c0_g1_i2:162-545  -            128 6623at3041           -            141   3.4e-35  117.8   0.8   1   2   1.6e-28   1.5e-26   89.9   0.1     1    47    22    68    22    72 0.98 -
TRINITY_DN6330_c0_g1_i2:162-545  -            128 6623at3041           -            141   3.4e-35  117.8   0.8   2   2   4.5e-09   4.2e-07   26.8   0.0    43    65   106   128   100   128 0.90 -
TRINITY_DN3632_c0_g1_i2:116-550  -            145 6623at3041           -            141   2.6e-34  115.0   2.2   1   1   3.1e-36   2.9e-34  114.8   2.2     3   141     2   142     1   142 0.97 -
TRINITY_DN1074_c0_g1_i2:72-299   -             76 6623at3041           -            141   3.3e-25   85.4   1.0   1   1   3.9e-27   3.6e-25   85.3   1.0     2    74     3    75     2    76 0.98 -
TRINITY_DN2115_c1_g1_i2:617-1924 -            436 6623at3041           -            141   1.2e-22   77.2   5.5   1   2   4.7e-12   4.4e-10   36.4   0.8     9    83   300   373   293   376 0.82 -
TRINITY_DN2115_c1_g1_i2:617-1924 -            436 6623at3041           -            141   1.2e-22   77.2   5.5   2   2     2e-14   1.9e-12   44.1   0.4     5    70   369   434   365   436 0.88 -
TRINITY_DN19573_c0_g1_i1:10-282  -             91 6623at3041           -            141     8e-21   71.2   1.7   1   1   9.2e-23   8.6e-21   71.1   1.7     3    92     2    91     1    91 0.95 -
TRINITY_DN15550_c0_g1_i1:1-363   -            121 6623at3041           -            141   2.4e-18   63.2   1.3   1   1     9e-18   8.4e-16   55.0   1.3    10   140     2   119     1   120 0.93 -
TRINITY_DN28962_c0_g1_i1:2-244   -             81 6623at3041           -            141   1.2e-15   54.5   0.2   1   1   1.5e-17   1.4e-15   54.3   0.2     2    59    24    81    23    81 0.98 -
TRINITY_DN23035_c0_g1_i1:0-503   -            168 6623at3041           -            141   2.6e-15   53.4   1.8   1   3   7.5e-13     7e-11   39.0   0.3    11    98     5    95     2    98 0.85 -
TRINITY_DN23035_c0_g1_i1:0-503   -            168 6623at3041           -            141   2.6e-15   53.4   1.8   2   3     0.039       3.7    4.3   0.0    51    69    85   103    78   107 0.77 -
TRINITY_DN23035_c0_g1_i1:0-503   -            168 6623at3041           -            141   2.6e-15   53.4   1.8   3   3   0.00011      0.01   12.6   0.1   116   140   143   167   131   168 0.84 -
TRINITY_DN2332_c0_g1_i3:258-704  -            149 6623at3041           -            141   6.7e-15   52.0   3.3   1   2   1.3e-07   1.2e-05   22.0   0.8     5    70     3    77     1    79 0.74 -
TRINITY_DN2332_c0_g1_i3:258-704  -            149 6623at3041           -            141   6.7e-15   52.0   3.3   2   2     9e-10   8.4e-08   29.0   0.1    11    69    91   149    81   149 0.92 -
TRINITY_DN11270_c0_g2_i1:0-956   -            319 6623at3041           -            141   5.5e-13   45.9   5.4   1   2       5.4     5e+02   -2.7   0.0    40    56   145   162   135   174 0.68 -
TRINITY_DN11270_c0_g2_i1:0-956   -            319 6623at3041           -            141   5.5e-13   45.9   5.4   2   2   2.3e-14   2.2e-12   43.9   3.2     2    99   214   311   213   319 0.93 -
TRINITY_DN475_c0_g1_i1:31-243    -             71 6623at3041           -            141   9.9e-11   38.5   0.1   1   1   1.1e-12   9.9e-11   38.5   0.1    10    68     6    64     1    71 0.92 -
TRINITY_DN2332_c0_g1_i1:258-665  -            136 6623at3041           -            141   5.2e-10   36.2   1.8   1   1   1.3e-10   1.2e-08   31.8   1.8     5   127     3   136     1   136 0.82 -
TRINITY_DN30092_c0_g1_i1:95-544  -            150 6623at3041           -            141   1.4e-08   31.6   0.1   1   1   2.1e-10     2e-08   31.1   0.1    51   138    47   141    22   144 0.81 -
TRINITY_DN1442_c0_g1_i2:184-735  -            184 6623at3041           -            141   3.4e-07   27.1   1.5   1   3   0.00055     0.052   10.3   0.0    50    80    11    42     5    44 0.84 -
TRINITY_DN1442_c0_g1_i2:184-735  -            184 6623at3041           -            141   3.4e-07   27.1   1.5   2   3   1.8e-05    0.0017   15.1   0.1     8    38    39    69    35    79 0.84 -
TRINITY_DN1442_c0_g1_i2:184-735  -            184 6623at3041           -            141   3.4e-07   27.1   1.5   3   3      0.37        34    1.1   0.1    83   126   123   166   104   184 0.48 -
TRINITY_DN2332_c0_g1_i2:225-488  -             88 6623at3041           -            141   5.3e-07   26.4   1.1   1   1   3.6e-08   3.3e-06   23.9   1.1     5    69    14    87     9    88 0.74 -
TRINITY_DN3493_c0_g1_i1:207-653  -            149 6623at3041           -            141   0.00013   18.7   2.7   1   2   2.8e-06   0.00026   17.7   1.1    18    98     5    84     1    94 0.72 -
TRINITY_DN3493_c0_g1_i1:207-653  -            149 6623at3041           -            141   0.00013   18.7   2.7   2   2       1.3   1.2e+02   -0.7   0.0    56    66   127   137   119   146 0.74 -
#
# Program:         hmmsearch
# Version:         3.2.1 (June 2018)
# Pipeline mode:   SEARCH
# Query file:      /sw/bioinfo/BUSCO/v5_lineage_sets/lineages/chlorophyta_odb10/hmms/6623at3041.hmm
# Target file:     /crex/proj/snic2022-23-81/expression_algae/code/busco/trinity_VA-3180-Osg03Sin/run_chlorophyta_odb10/metaeuk_output/initial_results/trinity_VA-3180-Osg03Sin.Trinity.fasta.modified.fas
# Option settings: hmmsearch --domtblout /crex/proj/snic2022-23-81/expression_algae/code/busco/trinity_VA-3180-Osg03Sin/run_chlorophyta_odb10/hmmer_output/initial_run_results/6623at3041.out --cpu 1 /sw/bioinfo/BUSCO/v5_lineage_sets/lineages/chlorophyta_odb10/hmms/6623at3041.hmm /crex/proj/snic2022-23-81/expression_algae/code/busco/trinity_VA-3180-Osg03Sin/run_chlorophyta_odb10/metaeuk_output/initial_results/trinity_VA-3180-Osg03Sin.Trinity.fasta.modified.fas 
# Current dir:     /crex/proj/snic2022-23-81/expression_algae/code/busco
# Date:            Fri Sep 23 10:11:14 2022
# [ok]
