#                                                                                         --- full sequence --- -------------- this domain -------------   hmm coord   ali coord   env coord
# target name                     accession   tlen query name           accession   qlen   E-value  score  bias   #  of  c-Evalue  i-Evalue  score  bias  from    to  from    to  from    to  acc description of target
#             ------------------- ---------- ----- -------------------- ---------- ----- --------- ------ ----- --- --- --------- --------- ------ ----- ----- ----- ----- ----- ----- ----- ---- ---------------------
TRINITY_DN5528_c0_g1_i1:316-720   -            135 2639at3041           -            271   3.3e-20   69.1   0.0   1   1   2.1e-21   4.1e-20   68.9   0.0     7   120     8   135     7   135 0.83 -
TRINITY_DN5528_c0_g1_i4:261-665   -            135 2639at3041           -            271   3.3e-20   69.1   0.0   1   1   2.1e-21   4.1e-20   68.9   0.0     7   120     8   135     7   135 0.83 -
TRINITY_DN5528_c0_g1_i6:261-665   -            135 2639at3041           -            271   3.3e-20   69.1   0.0   1   1   2.1e-21   4.1e-20   68.9   0.0     7   120     8   135     7   135 0.83 -
TRINITY_DN11392_c0_g1_i12:109-513 -            135 2639at3041           -            271   3.9e-19   65.6   0.0   1   1   2.4e-20   4.7e-19   65.4   0.0    10   120     9   135     5   135 0.82 -
TRINITY_DN11392_c0_g1_i17:336-680 -            115 2639at3041           -            271     1e-16   57.7   0.0   1   1   5.8e-18   1.1e-16   57.6   0.0    36   132     4   113     2   115 0.81 -
TRINITY_DN11392_c0_g1_i19:414-758 -            115 2639at3041           -            271     1e-16   57.7   0.0   1   1   5.8e-18   1.1e-16   57.6   0.0    36   132     4   113     2   115 0.81 -
TRINITY_DN11392_c0_g1_i4:774-1118 -            115 2639at3041           -            271     1e-16   57.7   0.0   1   1   5.8e-18   1.1e-16   57.6   0.0    36   132     4   113     2   115 0.81 -
TRINITY_DN11392_c1_g1_i1:162-551  -            130 2639at3041           -            271   5.9e-16   55.2   0.0   1   1   3.7e-17   7.2e-16   54.9   0.0    35   117    38   130    27   130 0.84 -
TRINITY_DN374_c0_g1_i2:542-1321   -            260 2639at3041           -            271   6.5e-15   51.8   1.0   1   3   5.3e-06    0.0001   18.3   0.1   202   244     7    49     2    62 0.79 -
TRINITY_DN374_c0_g1_i2:542-1321   -            260 2639at3041           -            271   6.5e-15   51.8   1.0   2   3   0.00031     0.006   12.6   0.0   188   238    82   131    62   142 0.82 -
TRINITY_DN374_c0_g1_i2:542-1321   -            260 2639at3041           -            271   6.5e-15   51.8   1.0   3   3     5e-06   9.7e-05   18.4   0.0   186   250   183   247   173   257 0.85 -
TRINITY_DN4200_c0_g1_i3:337-639   -            101 2639at3041           -            271   1.2e-14   51.0   0.0   1   1   6.7e-16   1.3e-14   50.8   0.0    55   138     1   100     1   101 0.79 -
TRINITY_DN14639_c0_g1_i2:62-343   -             94 2639at3041           -            271     5e-14   48.9   0.0   1   1   2.9e-15   5.6e-14   48.7   0.0    55   134     1    93     1    94 0.77 -
TRINITY_DN223_c0_g1_i1:442-714    -             91 2639at3041           -            271   5.7e-14   48.7   0.0   1   1   3.2e-15   6.1e-14   48.6   0.0    58   134     2    89     1    91 0.81 -
TRINITY_DN11392_c0_g1_i7:295-564  -             90 2639at3041           -            271   2.1e-13   46.8   0.0   1   1   1.1e-14   2.2e-13   46.8   0.0    58   124     2    77     1    90 0.77 -
TRINITY_DN11392_c0_g1_i15:193-465 -             91 2639at3041           -            271   2.3e-13   46.7   0.0   1   1   1.2e-14   2.4e-13   46.7   0.0    57   124     2    78     1    91 0.77 -
TRINITY_DN11392_c0_g1_i1:341-613  -             91 2639at3041           -            271   2.3e-13   46.7   0.0   1   1   1.2e-14   2.4e-13   46.7   0.0    57   124     2    78     1    91 0.77 -
TRINITY_DN11392_c0_g3_i2:230-481  -             84 2639at3041           -            271   3.4e-13   46.2   0.0   1   1   1.9e-14   3.7e-13   46.0   0.0    50   121     1    82     1    84 0.82 -
TRINITY_DN762_c0_g1_i2:3971-4597  -            209 2639at3041           -            271   4.6e-13   45.7   0.0   1   2     2e-09   3.8e-08   29.6   0.0   186   254    21    88     7    93 0.82 -
TRINITY_DN762_c0_g1_i2:3971-4597  -            209 2639at3041           -            271   4.6e-13   45.7   0.0   2   2   8.2e-05    0.0016   14.4   0.0   175   237    95   158    89   179 0.86 -
TRINITY_DN762_c0_g1_i5:4106-4732  -            209 2639at3041           -            271   4.6e-13   45.7   0.0   1   2     2e-09   3.8e-08   29.6   0.0   186   254    21    88     7    93 0.82 -
TRINITY_DN762_c0_g1_i5:4106-4732  -            209 2639at3041           -            271   4.6e-13   45.7   0.0   2   2   8.2e-05    0.0016   14.4   0.0   175   237    95   158    89   179 0.86 -
TRINITY_DN762_c0_g1_i9:3971-4597  -            209 2639at3041           -            271   4.6e-13   45.7   0.0   1   2     2e-09   3.8e-08   29.6   0.0   186   254    21    88     7    93 0.82 -
TRINITY_DN762_c0_g1_i9:3971-4597  -            209 2639at3041           -            271   4.6e-13   45.7   0.0   2   2   8.2e-05    0.0016   14.4   0.0   175   237    95   158    89   179 0.86 -
TRINITY_DN4200_c0_g1_i2:22-315    -             98 2639at3041           -            271   4.7e-13   45.7   0.0   1   1   2.5e-14   4.9e-13   45.6   0.0    55   132     1    91     1    98 0.75 -
TRINITY_DN11392_c0_g1_i5:295-564  -             90 2639at3041           -            271   8.3e-13   44.9   0.0   1   1   4.6e-14   8.9e-13   44.8   0.0    58   132     2    88     1    90 0.81 -
TRINITY_DN8079_c0_g1_i1:143-373   -             77 2639at3041           -            271   4.2e-11   39.3   0.0   1   1   2.3e-12   4.5e-11   39.2   0.0   187   255     1    70     1    76 0.92 -
TRINITY_DN374_c0_g1_i1:178-789    -            204 2639at3041           -            271   1.1e-10   37.9   0.2   1   2   1.9e-07   3.6e-06   23.1   0.0   186   245    40    99    28   112 0.82 -
TRINITY_DN374_c0_g1_i1:178-789    -            204 2639at3041           -            271   1.1e-10   37.9   0.2   2   2   0.00022    0.0042   13.1   0.0   188   238   131   180   116   190 0.81 -
TRINITY_DN374_c0_g1_i2:395-1006   -            204 2639at3041           -            271   1.1e-10   37.9   0.2   1   2   1.9e-07   3.6e-06   23.1   0.0   186   245    40    99    28   112 0.82 -
TRINITY_DN374_c0_g1_i2:395-1006   -            204 2639at3041           -            271   1.1e-10   37.9   0.2   2   2   0.00022    0.0042   13.1   0.0   188   238   131   180   116   190 0.81 -
TRINITY_DN35498_c0_g1_i1:7-216    -             70 2639at3041           -            271   1.5e-10   37.5   0.0   1   1   7.8e-12   1.5e-10   37.5   0.0   189   254     3    69     1    70 0.87 -
TRINITY_DN827_c0_g3_i1:528-914    -            129 2639at3041           -            271   4.2e-10   36.0   0.0   1   1   2.5e-11   4.9e-10   35.8   0.0    39   130    21   117    14   129 0.73 -
TRINITY_DN11392_c0_g3_i1:409-642  -             78 2639at3041           -            271   1.6e-09   34.1   0.0   1   1   8.9e-11   1.7e-09   34.0   0.0    58   121     2    76     1    78 0.79 -
TRINITY_DN511_c0_g1_i2:139-351    -             71 2639at3041           -            271   4.9e-09   32.5   0.0   1   1   2.7e-10   5.2e-09   32.4   0.0   187   249     1    63     1    70 0.92 -
TRINITY_DN12166_c0_g1_i1:83-346   -             88 2639at3041           -            271   1.8e-08   30.7   0.1   1   1   9.9e-10   1.9e-08   30.6   0.1   186   255     2    73     1    83 0.84 -
TRINITY_DN2958_c0_g1_i2:53-283    -             77 2639at3041           -            271   3.3e-08   29.8   0.1   1   1   1.7e-09   3.3e-08   29.8   0.1   196   255    15    75     2    77 0.90 -
TRINITY_DN2958_c0_g1_i6:53-283    -             77 2639at3041           -            271   3.3e-08   29.8   0.1   1   1   1.7e-09   3.3e-08   29.8   0.1   196   255    15    75     2    77 0.90 -
TRINITY_DN12166_c0_g1_i2:113-439  -            109 2639at3041           -            271   3.4e-08   29.8   0.1   1   1   1.9e-09   3.7e-08   29.6   0.1   186   255     2    73     1    84 0.84 -
TRINITY_DN7365_c0_g1_i1:230-430   -             67 2639at3041           -            271   8.5e-08   28.5   0.0   1   1   4.7e-09   9.1e-08   28.4   0.0   188   242     2    57     1    63 0.84 -
TRINITY_DN827_c0_g2_i3:773-1054   -             94 2639at3041           -            271   1.8e-07   27.4   0.0   1   1   1.2e-08   2.3e-07   27.1   0.0    39   121     7    92     3    94 0.79 -
TRINITY_DN4481_c0_g1_i26:81-713   -            211 2639at3041           -            271   1.9e-07   27.3   0.0   1   2     2e-05   0.00038   16.5   0.0   163   243     5    85     1   103 0.78 -
TRINITY_DN4481_c0_g1_i26:81-713   -            211 2639at3041           -            271   1.9e-07   27.3   0.0   2   2    0.0034     0.067    9.1   0.1   201   246   146   191   125   196 0.88 -
TRINITY_DN4481_c0_g1_i30:81-713   -            211 2639at3041           -            271   1.9e-07   27.3   0.0   1   2     2e-05   0.00038   16.5   0.0   163   243     5    85     1   103 0.78 -
TRINITY_DN4481_c0_g1_i30:81-713   -            211 2639at3041           -            271   1.9e-07   27.3   0.0   2   2    0.0034     0.067    9.1   0.1   201   246   146   191   125   196 0.88 -
TRINITY_DN4481_c0_g1_i46:81-713   -            211 2639at3041           -            271   1.9e-07   27.3   0.0   1   2     2e-05   0.00038   16.5   0.0   163   243     5    85     1   103 0.78 -
TRINITY_DN4481_c0_g1_i46:81-713   -            211 2639at3041           -            271   1.9e-07   27.3   0.0   2   2    0.0034     0.067    9.1   0.1   201   246   146   191   125   196 0.88 -
TRINITY_DN4481_c0_g1_i62:81-713   -            211 2639at3041           -            271   1.9e-07   27.3   0.0   1   2     2e-05   0.00038   16.5   0.0   163   243     5    85     1   103 0.78 -
TRINITY_DN4481_c0_g1_i62:81-713   -            211 2639at3041           -            271   1.9e-07   27.3   0.0   2   2    0.0034     0.067    9.1   0.1   201   246   146   191   125   196 0.88 -
TRINITY_DN4481_c0_g1_i63:81-713   -            211 2639at3041           -            271   1.9e-07   27.3   0.0   1   2     2e-05   0.00038   16.5   0.0   163   243     5    85     1   103 0.78 -
TRINITY_DN4481_c0_g1_i63:81-713   -            211 2639at3041           -            271   1.9e-07   27.3   0.0   2   2    0.0034     0.067    9.1   0.1   201   246   146   191   125   196 0.88 -
TRINITY_DN4481_c0_g1_i73:81-713   -            211 2639at3041           -            271   1.9e-07   27.3   0.0   1   2     2e-05   0.00038   16.5   0.0   163   243     5    85     1   103 0.78 -
TRINITY_DN4481_c0_g1_i73:81-713   -            211 2639at3041           -            271   1.9e-07   27.3   0.0   2   2    0.0034     0.067    9.1   0.1   201   246   146   191   125   196 0.88 -
TRINITY_DN5056_c0_g1_i2:111-491   -            127 2639at3041           -            271   2.1e-07   27.2   0.0   1   1   1.2e-08   2.3e-07   27.0   0.0    10   119     1   124     1   127 0.73 -
TRINITY_DN33488_c0_g1_i1:53-271   -             73 2639at3041           -            271   8.1e-07   25.2   0.0   1   1   4.4e-08   8.5e-07   25.2   0.0   187   255     1    71     1    73 0.90 -
TRINITY_DN43488_c0_g1_i1:2-181    -             60 2639at3041           -            271   1.1e-06   24.9   0.0   1   1   5.7e-08   1.1e-06   24.8   0.0   197   237    11    51     2    59 0.88 -
TRINITY_DN511_c0_g1_i1:289-423    -             45 2639at3041           -            271   1.8e-06   24.1   0.0   1   1     1e-07     2e-06   24.0   0.0   196   234     7    45     2    45 0.93 -
TRINITY_DN827_c0_g2_i5:183-467    -             95 2639at3041           -            271   3.4e-06   23.2   0.0   1   1   1.7e-07   3.4e-06   23.2   0.0    83   132    34    85     9    95 0.74 -
TRINITY_DN100_c0_g1_i11:1092-1382 -             97 2639at3041           -            271   4.8e-06   22.7   0.0   1   1   2.8e-07   5.5e-06   22.5   0.0   184   242    15    72     5    81 0.83 -
TRINITY_DN100_c0_g1_i22:1024-1314 -             97 2639at3041           -            271   4.8e-06   22.7   0.0   1   1   2.8e-07   5.5e-06   22.5   0.0   184   242    15    72     5    81 0.83 -
TRINITY_DN100_c0_g1_i23:1555-1845 -             97 2639at3041           -            271   4.8e-06   22.7   0.0   1   1   2.8e-07   5.5e-06   22.5   0.0   184   242    15    72     5    81 0.83 -
TRINITY_DN100_c0_g1_i2:1060-1350  -             97 2639at3041           -            271   4.8e-06   22.7   0.0   1   1   2.8e-07   5.5e-06   22.5   0.0   184   242    15    72     5    81 0.83 -
TRINITY_DN100_c0_g1_i37:1024-1314 -             97 2639at3041           -            271   4.8e-06   22.7   0.0   1   1   2.8e-07   5.5e-06   22.5   0.0   184   242    15    72     5    81 0.83 -
TRINITY_DN100_c0_g1_i5:1305-1595  -             97 2639at3041           -            271   4.8e-06   22.7   0.0   1   1   2.8e-07   5.5e-06   22.5   0.0   184   242    15    72     5    81 0.83 -
TRINITY_DN4485_c0_g1_i4:457-672   -             72 2639at3041           -            271   4.8e-06   22.7   0.0   1   1   2.5e-07   4.8e-06   22.7   0.0   188   253     2    68     1    71 0.76 -
TRINITY_DN2892_c0_g1_i2:582-782   -             67 2639at3041           -            271     5e-06   22.6   0.0   1   1   2.7e-07   5.2e-06   22.6   0.0   198   255     7    65     2    67 0.91 -
TRINITY_DN41327_c0_g1_i1:64-267   -             68 2639at3041           -            271   5.3e-06   22.6   0.0   1   1   2.8e-07   5.4e-06   22.6   0.0   188   252     2    67     1    68 0.88 -
TRINITY_DN4130_c0_g1_i2:177-407   -             77 2639at3041           -            271     9e-06   21.8   0.0   1   1   5.1e-07     1e-05   21.7   0.0   187   256     2    71     1    76 0.89 -
TRINITY_DN4130_c0_g1_i5:177-407   -             77 2639at3041           -            271     9e-06   21.8   0.0   1   1   5.1e-07     1e-05   21.7   0.0   187   256     2    71     1    76 0.89 -
TRINITY_DN29508_c0_g1_i1:215-466  -             84 2639at3041           -            271     1e-05   21.6   0.0   1   1   5.6e-07   1.1e-05   21.5   0.0   187   262     1    78     1    81 0.83 -
TRINITY_DN6796_c0_g1_i2:512-724   -             71 2639at3041           -            271   1.1e-05   21.6   0.1   1   1   5.5e-07   1.1e-05   21.6   0.1   190   237     3    50     1    70 0.83 -
TRINITY_DN6796_c0_g1_i3:512-724   -             71 2639at3041           -            271   1.1e-05   21.6   0.1   1   1   5.5e-07   1.1e-05   21.6   0.1   190   237     3    50     1    70 0.83 -
TRINITY_DN5390_c0_g1_i3:566-886   -            107 2639at3041           -            271   1.2e-05   21.4   0.2   1   2   3.7e-06   7.2e-05   18.9   0.0   190   251     4    61     1    75 0.77 -
TRINITY_DN5390_c0_g1_i3:566-886   -            107 2639at3041           -            271   1.2e-05   21.4   0.2   2   2         1        20    1.0   0.0   144   171    78   105    68   107 0.86 -
TRINITY_DN8055_c0_g1_i1:92-310    -             73 2639at3041           -            271   1.3e-05   21.3   0.0   1   1   6.8e-07   1.3e-05   21.3   0.0   187   242     1    56     1    71 0.89 -
TRINITY_DN8055_c0_g1_i3:92-310    -             73 2639at3041           -            271   1.3e-05   21.3   0.0   1   1   6.8e-07   1.3e-05   21.3   0.0   187   242     1    56     1    71 0.89 -
TRINITY_DN94_c0_g1_i2:3788-4000   -             71 2639at3041           -            271   1.3e-05   21.3   0.0   1   1     7e-07   1.4e-05   21.2   0.0   188   255     1    69     1    71 0.90 -
TRINITY_DN94_c0_g1_i3:3956-4168   -             71 2639at3041           -            271   1.3e-05   21.3   0.0   1   1     7e-07   1.4e-05   21.2   0.0   188   255     1    69     1    71 0.90 -
TRINITY_DN112_c0_g1_i1:570-824    -             85 2639at3041           -            271   1.5e-05   21.1   0.0   1   1     8e-07   1.6e-05   21.0   0.0   182   245     7    71     2    81 0.85 -
TRINITY_DN112_c0_g1_i2:570-824    -             85 2639at3041           -            271   1.5e-05   21.1   0.0   1   1     8e-07   1.6e-05   21.0   0.0   182   245     7    71     2    81 0.85 -
TRINITY_DN5390_c0_g1_i1:566-832   -             89 2639at3041           -            271   1.8e-05   20.8   0.0   1   1     1e-06     2e-05   20.7   0.0   190   259     4    69     1    79 0.77 -
TRINITY_DN2892_c0_g1_i3:582-758   -             59 2639at3041           -            271   5.6e-05   19.2   0.0   1   1   2.9e-06   5.7e-05   19.2   0.0   200   255     1    57     1    59 0.91 -
TRINITY_DN8982_c0_g1_i2:29-250    -             74 2639at3041           -            271   6.4e-05   19.0   0.0   1   1   3.3e-06   6.5e-05   19.0   0.0   188   254     2    69     1    74 0.89 -
TRINITY_DN2958_c0_g1_i1:53-862    -             76 2639at3041           -            271   8.7e-05   18.6   0.1   1   1   4.6e-06     9e-05   18.5   0.1   196   255    18    74     4    76 0.87 -
TRINITY_DN100_c0_g1_i58:1820-1969 -             50 2639at3041           -            271   0.00011   18.2   0.0   1   1   5.7e-06   0.00011   18.2   0.0   202   241     4    43     1    50 0.85 -
TRINITY_DN100_c0_g1_i64:1201-1350 -             50 2639at3041           -            271   0.00011   18.2   0.0   1   1   5.7e-06   0.00011   18.2   0.0   202   241     4    43     1    50 0.85 -
TRINITY_DN6030_c0_g1_i2:243-473   -             77 2639at3041           -            271   0.00013   18.0   0.0   1   1   6.6e-06   0.00013   18.0   0.0   199   261     4    68     1    77 0.85 -
TRINITY_DN762_c0_g1_i3:2969-3235  -             89 2639at3041           -            271   0.00013   18.0   0.0   1   1   8.1e-06   0.00016   17.7   0.0   187   239     1    54     1    63 0.87 -
TRINITY_DN291_c0_g2_i5:718-927    -             70 2639at3041           -            271   0.00015   17.8   0.0   1   1   8.8e-06   0.00017   17.6   0.0   187   244     5    63     2    69 0.88 -
TRINITY_DN13813_c0_g1_i2:411-671  -             87 2639at3041           -            271   0.00017   17.6   0.0   1   1   9.1e-06   0.00018   17.6   0.0   196   260     9    75     1    82 0.84 -
TRINITY_DN36635_c0_g1_i1:238-411  -             58 2639at3041           -            271   0.00019   17.5   0.0   1   1   1.1e-05   0.00021   17.3   0.0   188   237     2    51     1    57 0.90 -
TRINITY_DN5390_c0_g1_i2:281-553   -             91 2639at3041           -            271   0.00021   17.3   0.0   1   1   1.2e-05   0.00024   17.1   0.0   187   250     1    65     1    71 0.87 -
TRINITY_DN582_c0_g1_i2:14-232     -             73 2639at3041           -            271   0.00033   16.7   0.0   1   1   1.7e-05   0.00033   16.7   0.0   188   240     2    54     1    65 0.83 -
TRINITY_DN35703_c0_g1_i1:105-320  -             72 2639at3041           -            271   0.00033   16.7   0.0   1   1   1.8e-05   0.00034   16.6   0.0   188   242     2    56     1    70 0.79 -
TRINITY_DN29585_c0_g1_i1:34-381   -            116 2639at3041           -            271   0.00043   16.3   0.0   1   1   2.6e-05    0.0005   16.1   0.0   185   256     4    73     1    82 0.82 -
TRINITY_DN29585_c0_g1_i4:34-381   -            116 2639at3041           -            271   0.00043   16.3   0.0   1   1   2.6e-05    0.0005   16.1   0.0   185   256     4    73     1    82 0.82 -
TRINITY_DN12166_c0_g1_i1:350-631  -             94 2639at3041           -            271     0.001   15.1   0.0   1   1   5.3e-05     0.001   15.1   0.0   181   248     5    72     1    90 0.83 -
TRINITY_DN12166_c0_g1_i2:443-724  -             94 2639at3041           -            271     0.001   15.1   0.0   1   1   5.3e-05     0.001   15.1   0.0   181   248     5    72     1    90 0.83 -
TRINITY_DN827_c0_g1_i1:156-392    -             79 2639at3041           -            271    0.0017   14.4   0.0   1   1   8.6e-05    0.0017   14.4   0.0    86   122    40    78     2    79 0.71 -
TRINITY_DN1686_c0_g1_i2:1786-1995 -             70 2639at3041           -            271    0.0019   14.2   0.0   1   1    0.0001     0.002   14.1   0.0   188   247     2    59     1    68 0.79 -
TRINITY_DN1686_c0_g1_i5:234-443   -             70 2639at3041           -            271    0.0019   14.2   0.0   1   1    0.0001     0.002   14.1   0.0   188   247     2    59     1    68 0.79 -
TRINITY_DN1686_c0_g1_i6:1010-1219 -             70 2639at3041           -            271    0.0019   14.2   0.0   1   1    0.0001     0.002   14.1   0.0   188   247     2    59     1    68 0.79 -
TRINITY_DN2465_c0_g1_i1:425-646   -             74 2639at3041           -            271     0.002   14.1   0.0   1   1   0.00011    0.0022   14.0   0.0   189   255     3    70     1    73 0.86 -
TRINITY_DN2162_c0_g1_i2:531-746   -             72 2639at3041           -            271    0.0023   13.9   0.0   1   1   0.00012    0.0023   13.9   0.0   194   235     8    49     1    68 0.83 -
TRINITY_DN4405_c0_g1_i3:135-359   -             75 2639at3041           -            271    0.0024   13.8   0.0   1   1   0.00014    0.0026   13.7   0.0   188   237     2    52     1    59 0.84 -
TRINITY_DN4405_c0_g1_i4:135-359   -             75 2639at3041           -            271    0.0024   13.8   0.0   1   1   0.00014    0.0026   13.7   0.0   188   237     2    52     1    59 0.84 -
TRINITY_DN3674_c0_g1_i2:146-400   -             85 2639at3041           -            271    0.0027   13.7   0.0   1   1   0.00015     0.003   13.6   0.0   184   255     2    74     1    81 0.90 -
TRINITY_DN30632_c0_g1_i1:168-407  -             80 2639at3041           -            271    0.0037   13.2   0.0   1   1   0.00021     0.004   13.1   0.0   187   246     1    59     1    69 0.83 -
TRINITY_DN1353_c0_g1_i2:447-677   -             77 2639at3041           -            271    0.0044   13.0   0.0   1   1   0.00024    0.0046   12.9   0.0   188   237     2    50     1    64 0.79 -
TRINITY_DN1353_c0_g1_i3:188-418   -             77 2639at3041           -            271    0.0044   13.0   0.0   1   1   0.00024    0.0046   12.9   0.0   188   237     2    50     1    64 0.79 -
TRINITY_DN4485_c0_g1_i1:113-253   -             47 2639at3041           -            271    0.0047   12.9   0.0   1   1   0.00024    0.0047   12.9   0.0   185   225     5    45     1    47 0.89 -
TRINITY_DN1510_c0_g1_i1:195-921   -             98 2639at3041           -            271    0.0076   12.2   0.0   1   1   0.00042    0.0082   12.1   0.0   187   243     4    60     1    77 0.77 -
TRINITY_DN31616_c0_g1_i1:39-239   -             67 2639at3041           -            271    0.0096   11.9   0.0   1   1   0.00057     0.011   11.7   0.0   196   234     8    38     4    66 0.73 -
#
# Program:         hmmsearch
# Version:         3.2.1 (June 2018)
# Pipeline mode:   SEARCH
# Query file:      /sw/bioinfo/BUSCO/v5_lineage_sets/lineages/chlorophyta_odb10/hmms/2639at3041.hmm
# Target file:     /crex/proj/snic2022-23-81/expression_algae/code/busco/trinity_VA-3180-Osg11Mul/run_chlorophyta_odb10/metaeuk_output/rerun_results/trinity_VA-3180-Osg11Mul.Trinity.fasta.modified.fas
# Option settings: hmmsearch --domtblout /crex/proj/snic2022-23-81/expression_algae/code/busco/trinity_VA-3180-Osg11Mul/run_chlorophyta_odb10/hmmer_output/rerun_results/2639at3041.out --cpu 1 /sw/bioinfo/BUSCO/v5_lineage_sets/lineages/chlorophyta_odb10/hmms/2639at3041.hmm /crex/proj/snic2022-23-81/expression_algae/code/busco/trinity_VA-3180-Osg11Mul/run_chlorophyta_odb10/metaeuk_output/rerun_results/trinity_VA-3180-Osg11Mul.Trinity.fasta.modified.fas 
# Current dir:     /crex/proj/snic2022-23-81/expression_algae/code/busco
# Date:            Fri Sep 23 10:14:00 2022
# [ok]
