#                                                                                        --- full sequence --- -------------- this domain -------------   hmm coord   ali coord   env coord
# target name                    accession   tlen query name           accession   qlen   E-value  score  bias   #  of  c-Evalue  i-Evalue  score  bias  from    to  from    to  from    to  acc description of target
#            ------------------- ---------- ----- -------------------- ---------- ----- --------- ------ ----- --- --- --------- --------- ------ ----- ----- ----- ----- ----- ----- ----- ---- ---------------------
TRINITY_DN24797_c0_g1_i1:3-455   -            151 2461at3041           -            297   6.6e-63  209.6   0.0   1   1   1.5e-65   7.7e-63  209.4   0.0   156   285     4   143     1   149 0.93 -
TRINITY_DN19442_c0_g1_i1:105-269 -             55 2461at3041           -            297   6.9e-29   97.9   0.1   1   1   1.4e-31   7.3e-29   97.9   0.1    48   101     1    54     1    55 0.98 -
TRINITY_DN4272_c0_g1_i1:174-1214 -            347 2461at3041           -            297   2.1e-08   30.7   0.4   1   2     1e-07   5.4e-05   19.5   0.2   103   208   158   247    82   253 0.78 -
TRINITY_DN4272_c0_g1_i1:174-1214 -            347 2461at3041           -            297   2.1e-08   30.7   0.4   2   2     0.034        18    1.4   0.0   245   276   302   333   294   346 0.76 -
TRINITY_DN4272_c0_g1_i2:189-1040 -            284 2461at3041           -            297   9.5e-08   28.5   0.3   1   1   6.4e-08   3.4e-05   20.2   0.3   102   208   157   247    79   253 0.76 -
TRINITY_DN5028_c0_g1_i1:57-755   -            233 2461at3041           -            297   0.00072   15.8   0.1   1   2     0.011       5.9    3.0   0.0   122   145    70    93    66   103 0.89 -
TRINITY_DN5028_c0_g1_i1:57-755   -            233 2461at3041           -            297   0.00072   15.8   0.1   2   2   5.4e-05     0.028   10.6   0.1   176   208   106   139    96   158 0.86 -
#
# Program:         hmmsearch
# Version:         3.2.1 (June 2018)
# Pipeline mode:   SEARCH
# Query file:      /sw/bioinfo/BUSCO/v5_lineage_sets/lineages/chlorophyta_odb10/hmms/2461at3041.hmm
# Target file:     /crex/proj/snic2022-23-81/expression_algae/code/busco/trinity_VA-3180-Osg12Mul/run_chlorophyta_odb10/metaeuk_output/initial_results/trinity_VA-3180-Osg12Mul.Trinity.fasta.modified.fas
# Option settings: hmmsearch --domtblout /crex/proj/snic2022-23-81/expression_algae/code/busco/trinity_VA-3180-Osg12Mul/run_chlorophyta_odb10/hmmer_output/initial_run_results/2461at3041.out --cpu 1 /sw/bioinfo/BUSCO/v5_lineage_sets/lineages/chlorophyta_odb10/hmms/2461at3041.hmm /crex/proj/snic2022-23-81/expression_algae/code/busco/trinity_VA-3180-Osg12Mul/run_chlorophyta_odb10/metaeuk_output/initial_results/trinity_VA-3180-Osg12Mul.Trinity.fasta.modified.fas 
# Current dir:     /crex/proj/snic2022-23-81/expression_algae/code/busco
# Date:            Fri Sep 23 10:12:10 2022
# [ok]
