#                                                                                        --- full sequence --- -------------- this domain -------------   hmm coord   ali coord   env coord
# target name                    accession   tlen query name           accession   qlen   E-value  score  bias   #  of  c-Evalue  i-Evalue  score  bias  from    to  from    to  from    to  acc description of target
#            ------------------- ---------- ----- -------------------- ---------- ----- --------- ------ ----- --- --- --------- --------- ------ ----- ----- ----- ----- ----- ----- ----- ---- ---------------------
TRINITY_DN38815_c0_g1_i1:97-1278 -            394 2598at3041           -            293  6.2e-157  518.4   0.0   1   1  1.7e-159  7.5e-157  518.1   0.0     1   293    83   394    83   394 0.95 -
TRINITY_DN13540_c0_g1_i1:189-719 -            177 2598at3041           -            293   3.6e-15   53.1   0.0   1   1   9.7e-18   4.3e-15   52.8   0.0     4    92    73   168    70   177 0.85 -
TRINITY_DN4234_c0_g1_i2:218-973  -            252 2598at3041           -            293   3.7e-08   30.1   0.0   1   1   1.1e-10   4.9e-08   29.6   0.0     3   131     2   135     1   148 0.81 -
TRINITY_DN4441_c0_g1_i2:21-797   -            259 2598at3041           -            293   8.1e-08   28.9   0.2   1   2   8.7e-10   3.8e-07   26.7   0.1     3    95     4    99     2   145 0.74 -
TRINITY_DN4441_c0_g1_i2:21-797   -            259 2598at3041           -            293   8.1e-08   28.9   0.2   2   2      0.11        48    0.1   0.0   200   224   175   198   148   245 0.79 -
TRINITY_DN3907_c0_g1_i1:134-904  -            257 2598at3041           -            293   0.00046   16.6   0.0   1   1   1.4e-06   0.00059   16.3   0.0     3   127    10   134     8   156 0.80 -
TRINITY_DN41019_c0_g1_i1:47-463  -            139 2598at3041           -            293   0.00066   16.1   0.0   1   1   1.7e-06   0.00073   16.0   0.0     4    63    45   105    42   133 0.72 -
#
# Program:         hmmsearch
# Version:         3.2.1 (June 2018)
# Pipeline mode:   SEARCH
# Query file:      /sw/bioinfo/BUSCO/v5_lineage_sets/lineages/chlorophyta_odb10/hmms/2598at3041.hmm
# Target file:     /crex/proj/snic2022-23-81/expression_algae/code/busco/trinity_VA-3180-Osg12Mul/run_chlorophyta_odb10/metaeuk_output/initial_results/trinity_VA-3180-Osg12Mul.Trinity.fasta.modified.fas
# Option settings: hmmsearch --domtblout /crex/proj/snic2022-23-81/expression_algae/code/busco/trinity_VA-3180-Osg12Mul/run_chlorophyta_odb10/hmmer_output/initial_run_results/2598at3041.out --cpu 1 /sw/bioinfo/BUSCO/v5_lineage_sets/lineages/chlorophyta_odb10/hmms/2598at3041.hmm /crex/proj/snic2022-23-81/expression_algae/code/busco/trinity_VA-3180-Osg12Mul/run_chlorophyta_odb10/metaeuk_output/initial_results/trinity_VA-3180-Osg12Mul.Trinity.fasta.modified.fas 
# Current dir:     /crex/proj/snic2022-23-81/expression_algae/code/busco
# Date:            Fri Sep 23 10:12:10 2022
# [ok]
