#                                                                                          --- full sequence --- -------------- this domain -------------   hmm coord   ali coord   env coord
# target name                      accession   tlen query name           accession   qlen   E-value  score  bias   #  of  c-Evalue  i-Evalue  score  bias  from    to  from    to  from    to  acc description of target
#              ------------------- ---------- ----- -------------------- ---------- ----- --------- ------ ----- --- --- --------- --------- ------ ----- ----- ----- ----- ----- ----- ----- ---- ---------------------
TRINITY_DN3181_c0_g1_i3:1-654      -            218 3217at3041           -            306   7.9e-56  186.6   0.1   1   2   2.5e-54   8.1e-53  176.7   0.1     1   117     1   133     1   146 0.87 -
TRINITY_DN3181_c0_g1_i3:1-654      -            218 3217at3041           -            306   7.9e-56  186.6   0.1   2   2    0.0044      0.14    8.4   0.0   241   273   145   179   120   185 0.64 -
TRINITY_DN28645_c0_g1_i1:2-793     -            264 3217at3041           -            306   8.1e-43  143.9  14.9   1   3   4.7e-18   1.5e-16   57.6   1.7   170   285     2   134     1   135 0.82 -
TRINITY_DN28645_c0_g1_i1:2-793     -            264 3217at3041           -            306   8.1e-43  143.9  14.9   2   3   7.4e-19   2.4e-17   60.2   0.9   172   288    46   181    44   182 0.81 -
TRINITY_DN28645_c0_g1_i1:2-793     -            264 3217at3041           -            306   8.1e-43  143.9  14.9   3   3   2.7e-15   8.9e-14   48.5   0.3   171   272    87   207    86   223 0.79 -
TRINITY_DN1717_c0_g1_i8:27-824     -            266 3217at3041           -            306   3.8e-37  125.2  15.5   1   5   1.8e-07     6e-06   22.8   0.0   242   275     2    35     1    42 0.81 -
TRINITY_DN1717_c0_g1_i8:27-824     -            266 3217at3041           -            306   3.8e-37  125.2  15.5   2   5   9.8e-11   3.2e-09   33.5   1.3   141   210    40   125    37   127 0.71 -
TRINITY_DN1717_c0_g1_i8:27-824     -            266 3217at3041           -            306   3.8e-37  125.2  15.5   3   5   1.7e-07   5.5e-06   22.9   0.1   171   212   126   169   123   171 0.87 -
TRINITY_DN1717_c0_g1_i8:27-824     -            266 3217at3041           -            306   3.8e-37  125.2  15.5   4   5   4.9e-07   1.6e-05   21.4   0.1   172   212   169   211   165   213 0.87 -
TRINITY_DN1717_c0_g1_i8:27-824     -            266 3217at3041           -            306   3.8e-37  125.2  15.5   5   5   2.8e-10   8.9e-09   32.1   0.2   172   222   211   264   208   266 0.84 -
TRINITY_DN1717_c0_g1_i2:25-801     -            259 3217at3041           -            306   1.9e-36  122.9  14.8   1   2   1.5e-20     5e-19   65.7   3.3   172   275    23   143    20   150 0.85 -
TRINITY_DN1717_c0_g1_i2:25-801     -            259 3217at3041           -            306   1.9e-36  122.9  14.8   2   2   1.5e-13     5e-12   42.7   1.1   171   265   148   259   143   259 0.82 -
TRINITY_DN33486_c0_g1_i1:40-681    -            214 3217at3041           -            306   1.2e-35  120.3  13.3   1   4   2.6e-10   8.4e-09   32.1   0.1   155   211     4    62     1    63 0.88 -
TRINITY_DN33486_c0_g1_i1:40-681    -            214 3217at3041           -            306   1.2e-35  120.3  13.3   2   4   9.6e-11   3.1e-09   33.6   0.1   169   213    60   104    57   105 0.92 -
TRINITY_DN33486_c0_g1_i1:40-681    -            214 3217at3041           -            306   1.2e-35  120.3  13.3   3   4   7.7e-13   2.5e-11   40.4   0.7   171   240   102   175    99   175 0.84 -
TRINITY_DN33486_c0_g1_i1:40-681    -            214 3217at3041           -            306   1.2e-35  120.3  13.3   4   4   1.5e-06   4.8e-05   19.8   0.3   171   202   182   213   179   214 0.96 -
TRINITY_DN223_c0_g1_i4:289-1170    -            294 3217at3041           -            306   9.5e-33  110.8   7.4   1   3   7.5e-16   2.4e-14   50.3   0.1   168   273     4   126     2   131 0.80 -
TRINITY_DN223_c0_g1_i4:289-1170    -            294 3217at3041           -            306   9.5e-33  110.8   7.4   2   3   0.00011    0.0034   13.7   0.1   241   274   136   169   131   171 0.87 -
TRINITY_DN223_c0_g1_i4:289-1170    -            294 3217at3041           -            306   9.5e-33  110.8   7.4   3   3   1.7e-16   5.6e-15   52.4   2.4   155   265   157   293   155   294 0.75 -
TRINITY_DN1717_c0_g1_i5:96-806     -            237 3217at3041           -            306     8e-30  101.2  14.7   1   4   1.3e-11   4.3e-10   36.4   0.5   154   223    15    89     7    96 0.81 -
TRINITY_DN1717_c0_g1_i5:96-806     -            237 3217at3041           -            306     8e-30  101.2  14.7   2   4   7.4e-11   2.4e-09   33.9   0.7   149   212    96   163    77   165 0.79 -
TRINITY_DN1717_c0_g1_i5:96-806     -            237 3217at3041           -            306     8e-30  101.2  14.7   3   4   6.9e-07   2.2e-05   20.9   0.1   172   212   163   205   161   206 0.87 -
TRINITY_DN1717_c0_g1_i5:96-806     -            237 3217at3041           -            306     8e-30  101.2  14.7   4   4   9.9e-07   3.2e-05   20.4   0.3   172   202   205   237   201   237 0.88 -
TRINITY_DN1717_c0_g1_i7:5-562      -            186 3217at3041           -            306   5.5e-29   98.4   8.5   1   2     8e-23   2.6e-21   73.2   5.8   156   280     6   149     3   152 0.84 -
TRINITY_DN1717_c0_g1_i7:5-562      -            186 3217at3041           -            306   5.5e-29   98.4   8.5   2   2   4.9e-06   0.00016   18.1   0.0   172   205   150   185   146   186 0.70 -
TRINITY_DN29077_c0_g1_i1:64-618    -            185 3217at3041           -            306   1.3e-25   87.4   2.0   1   1   6.5e-25   2.1e-23   80.1   2.0   144   285     3   173     1   183 0.78 -
TRINITY_DN28432_c0_g1_i1:93-965    -            291 3217at3041           -            306   3.3e-25   86.0   9.5   1   3     6e-06    0.0002   17.8   0.1   242   274     3    35     2    41 0.93 -
TRINITY_DN28432_c0_g1_i1:93-965    -            291 3217at3041           -            306   3.3e-25   86.0   9.5   2   3   1.1e-20   3.5e-19   66.2   0.6   170   286    40   173    35   175 0.85 -
TRINITY_DN28432_c0_g1_i1:93-965    -            291 3217at3041           -            306   3.3e-25   86.0   9.5   3   3     0.028       0.9    5.8   0.8   173   242   169   245   164   291 0.49 -
TRINITY_DN1717_c0_g1_i3:15-524     -            170 3217at3041           -            306   2.6e-24   83.0   6.7   1   3   2.2e-10   7.1e-09   32.4   0.3   154   212     7    69     1    71 0.83 -
TRINITY_DN1717_c0_g1_i3:15-524     -            170 3217at3041           -            306   2.6e-24   83.0   6.7   2   3   2.3e-07   7.6e-06   22.4   0.1   172   212    69   111    65   113 0.87 -
TRINITY_DN1717_c0_g1_i3:15-524     -            170 3217at3041           -            306   2.6e-24   83.0   6.7   3   3   7.9e-11   2.6e-09   33.8   0.3   172   223   111   165   107   170 0.85 -
TRINITY_DN2718_c0_g1_i4:257-844    -            196 3217at3041           -            306   2.6e-23   79.8   2.2   1   4   2.1e-05   0.00069   16.0   0.0   158   217     1    64     1    66 0.82 -
TRINITY_DN2718_c0_g1_i4:257-844    -            196 3217at3041           -            306   2.6e-23   79.8   2.2   2   4     1e-09   3.3e-08   30.2   0.2   242   286    62   106    59   107 0.95 -
TRINITY_DN2718_c0_g1_i4:257-844    -            196 3217at3041           -            306   2.6e-23   79.8   2.2   3   4   1.6e-07   5.3e-06   22.9   0.1   241   275   103   137    98   145 0.92 -
TRINITY_DN2718_c0_g1_i4:257-844    -            196 3217at3041           -            306   2.6e-23   79.8   2.2   4   4    0.0001    0.0033   13.8   0.0   247   277   152   182   147   191 0.88 -
TRINITY_DN5586_c0_g1_i1:15-482     -            156 3217at3041           -            306   3.2e-23   79.5   9.2   1   2   6.4e-08   2.1e-06   24.3   0.2   173   212     1    42     1    43 0.90 -
TRINITY_DN5586_c0_g1_i1:15-482     -            156 3217at3041           -            306   3.2e-23   79.5   9.2   2   2   1.1e-18   3.6e-17   59.6   3.9   171   272    41   151    39   156 0.81 -
TRINITY_DN22962_c0_g1_i1:1-738     -            246 3217at3041           -            306   6.8e-23   78.4   0.4   1   2   1.2e-17     4e-16   56.2   0.1   168   276    17   142    14   147 0.85 -
TRINITY_DN22962_c0_g1_i1:1-738     -            246 3217at3041           -            306   6.8e-23   78.4   0.4   2   2   1.1e-06   3.5e-05   20.3   0.0   171   243   148   224   145   231 0.81 -
TRINITY_DN10973_c0_g1_i2:1589-2416 -            276 3217at3041           -            306   1.6e-22   77.2   5.8   1   4    0.0066      0.21    7.8   0.0   244   276     7    39     3    49 0.86 -
TRINITY_DN10973_c0_g1_i2:1589-2416 -            276 3217at3041           -            306   1.6e-22   77.2   5.8   2   4   6.4e-06   0.00021   17.7   0.1   146   207    58   123    51   126 0.81 -
TRINITY_DN10973_c0_g1_i2:1589-2416 -            276 3217at3041           -            306   1.6e-22   77.2   5.8   3   4   1.2e-13     4e-12   43.1   0.9   146   272   100   232    94   242 0.84 -
TRINITY_DN10973_c0_g1_i2:1589-2416 -            276 3217at3041           -            306   1.6e-22   77.2   5.8   4   4   2.8e-06   9.1e-05   18.9   0.2   171   272   242   276   233   276 0.54 -
TRINITY_DN10973_c0_g1_i6:1209-2036 -            276 3217at3041           -            306   1.6e-22   77.2   5.8   1   4    0.0066      0.21    7.8   0.0   244   276     7    39     3    49 0.86 -
TRINITY_DN10973_c0_g1_i6:1209-2036 -            276 3217at3041           -            306   1.6e-22   77.2   5.8   2   4   6.4e-06   0.00021   17.7   0.1   146   207    58   123    51   126 0.81 -
TRINITY_DN10973_c0_g1_i6:1209-2036 -            276 3217at3041           -            306   1.6e-22   77.2   5.8   3   4   1.2e-13     4e-12   43.1   0.9   146   272   100   232    94   242 0.84 -
TRINITY_DN10973_c0_g1_i6:1209-2036 -            276 3217at3041           -            306   1.6e-22   77.2   5.8   4   4   2.8e-06   9.1e-05   18.9   0.2   171   272   242   276   233   276 0.54 -
TRINITY_DN10973_c0_g1_i4:1209-2048 -            280 3217at3041           -            306   1.6e-22   77.2   5.8   1   4    0.0064      0.21    7.9   0.0   244   276    11    43     5    53 0.87 -
TRINITY_DN10973_c0_g1_i4:1209-2048 -            280 3217at3041           -            306   1.6e-22   77.2   5.8   2   4   6.5e-06   0.00021   17.7   0.1   146   207    62   127    55   130 0.81 -
TRINITY_DN10973_c0_g1_i4:1209-2048 -            280 3217at3041           -            306   1.6e-22   77.2   5.8   3   4   9.9e-14   3.2e-12   43.4   0.8   144   272   102   236    95   246 0.85 -
TRINITY_DN10973_c0_g1_i4:1209-2048 -            280 3217at3041           -            306   1.6e-22   77.2   5.8   4   4   5.8e-08   1.9e-06   24.4   0.7   154   203   225   280   223   280 0.81 -
TRINITY_DN7497_c0_g1_i1:209-802    -            198 3217at3041           -            306   1.8e-22   77.0  13.1   1   4   1.5e-08     5e-07   26.3   1.0   226   272     2    61     1    65 0.88 -
TRINITY_DN7497_c0_g1_i1:209-802    -            198 3217at3041           -            306   1.8e-22   77.0  13.1   2   4   1.2e-07   3.9e-06   23.4   0.1   168   210    66   110    62   115 0.73 -
TRINITY_DN7497_c0_g1_i1:209-802    -            198 3217at3041           -            306   1.8e-22   77.0  13.1   3   4   2.9e-05   0.00094   15.6   0.2   242   273   115   146   111   151 0.83 -
TRINITY_DN7497_c0_g1_i1:209-802    -            198 3217at3041           -            306   1.8e-22   77.0  13.1   4   4   6.8e-06   0.00022   17.6   0.1   172   206   154   190   148   195 0.81 -
TRINITY_DN27399_c0_g1_i1:281-1186  -            302 3217at3041           -            306   4.3e-22   75.8  10.9   1   3   0.00065     0.021   11.1   0.0   241   274     2    37     1    43 0.84 -
TRINITY_DN27399_c0_g1_i1:281-1186  -            302 3217at3041           -            306   4.3e-22   75.8  10.9   2   3   7.1e-16   2.3e-14   50.4   2.0   170   273    47   171    41   178 0.78 -
TRINITY_DN27399_c0_g1_i1:281-1186  -            302 3217at3041           -            306   4.3e-22   75.8  10.9   3   3     9e-05    0.0029   13.9   0.3   169   243   176   256   172   302 0.72 -
TRINITY_DN9759_c0_g1_i1:1-516      -            172 3217at3041           -            306   2.2e-21   73.5   0.0   1   3   4.8e-09   1.6e-07   28.0   0.0   155   209    24    83    21    88 0.84 -
TRINITY_DN9759_c0_g1_i1:1-516      -            172 3217at3041           -            306   2.2e-21   73.5   0.0   2   3   3.1e-08     1e-06   25.3   0.0   172   218    86   134    81   145 0.74 -
TRINITY_DN9759_c0_g1_i1:1-516      -            172 3217at3041           -            306   2.2e-21   73.5   0.0   3   3   6.4e-07   2.1e-05   21.0   0.0   168   211   124   169   121   172 0.87 -
TRINITY_DN5586_c0_g1_i2:55-510     -            152 3217at3041           -            306   4.3e-21   72.5   9.8   1   2   7.2e-17   2.3e-15   53.7   4.5   175   273     1   108     1   113 0.81 -
TRINITY_DN5586_c0_g1_i2:55-510     -            152 3217at3041           -            306   4.3e-21   72.5   9.8   2   2   4.6e-07   1.5e-05   21.5   0.2   171   206   115   152   109   152 0.87 -
TRINITY_DN4219_c0_g1_i3:897-1244   -            116 3217at3041           -            306   3.4e-19   66.3   1.5   1   2   2.1e-09   6.8e-08   29.2   0.1   170   214    31    77    26    78 0.87 -
TRINITY_DN4219_c0_g1_i3:897-1244   -            116 3217at3041           -            306   3.4e-19   66.3   1.5   2   2   3.8e-08   1.2e-06   25.0   0.0   171   210    74   115    71   116 0.87 -
TRINITY_DN2617_c0_g2_i4:277-978    -            234 3217at3041           -            306   5.4e-19   65.6   0.4   1   4    0.0014     0.046   10.0   0.0   159   213    14    72     4    75 0.73 -
TRINITY_DN2617_c0_g2_i4:277-978    -            234 3217at3041           -            306   5.4e-19   65.6   0.4   2   4   2.8e-05    0.0009   15.6   0.0   243   274    75   106    71   121 0.86 -
TRINITY_DN2617_c0_g2_i4:277-978    -            234 3217at3041           -            306   5.4e-19   65.6   0.4   3   4   3.4e-09   1.1e-07   28.5   0.0   150   205   133   192   124   203 0.81 -
TRINITY_DN2617_c0_g2_i4:277-978    -            234 3217at3041           -            306   5.4e-19   65.6   0.4   4   4    0.0086      0.28    7.4   0.0   243   272   205   234   195   234 0.93 -
TRINITY_DN223_c0_g1_i2:492-1013    -            174 3217at3041           -            306   7.5e-19   65.1   5.0   1   2   1.5e-06   4.8e-05   19.8   0.1   161   212     2    57     1    58 0.78 -
TRINITY_DN223_c0_g1_i2:492-1013    -            174 3217at3041           -            306   7.5e-19   65.1   5.0   2   2   1.9e-14   6.1e-13   45.7   1.2   170   263    55   172    51   174 0.73 -
TRINITY_DN1954_c0_g1_i3:19-366     -            116 3217at3041           -            306   1.1e-17   61.3   1.1   1   2   5.4e-06   0.00017   18.0   0.0   248   284     2    38     1    39 0.64 -
TRINITY_DN1954_c0_g1_i3:19-366     -            116 3217at3041           -            306   1.1e-17   61.3   1.1   2   2   2.7e-13   8.9e-12   41.9   0.7   170   241    33   112    27   114 0.82 -
TRINITY_DN9119_c0_g1_i1:266-1069   -            268 3217at3041           -            306   2.9e-17   59.9   0.0   1   3   0.00042     0.014   11.8   0.0   243   276     1    35     1    41 0.83 -
TRINITY_DN9119_c0_g1_i1:266-1069   -            268 3217at3041           -            306   2.9e-17   59.9   0.0   2   3   4.5e-14   1.5e-12   44.5   0.0   171   280    40   168    33   183 0.80 -
TRINITY_DN9119_c0_g1_i1:266-1069   -            268 3217at3041           -            306   2.9e-17   59.9   0.0   3   3   0.00068     0.022   11.1   0.0   188   239   103   160   101   206 0.61 -
TRINITY_DN9119_c0_g1_i2:630-1433   -            268 3217at3041           -            306   2.9e-17   59.9   0.0   1   3   0.00042     0.014   11.8   0.0   243   276     1    35     1    41 0.83 -
TRINITY_DN9119_c0_g1_i2:630-1433   -            268 3217at3041           -            306   2.9e-17   59.9   0.0   2   3   4.5e-14   1.5e-12   44.5   0.0   171   280    40   168    33   183 0.80 -
TRINITY_DN9119_c0_g1_i2:630-1433   -            268 3217at3041           -            306   2.9e-17   59.9   0.0   3   3   0.00068     0.022   11.1   0.0   188   239   103   160   101   206 0.61 -
TRINITY_DN3346_c0_g1_i10:461-1711  -            417 3217at3041           -            306   5.9e-17   58.9   3.7   1   2   4.4e-12   1.4e-10   38.0   0.7   152   292    81   250    63   254 0.77 -
TRINITY_DN3346_c0_g1_i10:461-1711  -            417 3217at3041           -            306   5.9e-17   58.9   3.7   2   2   7.7e-07   2.5e-05   20.7   0.1   155   246   261   364   253   378 0.73 -
TRINITY_DN635_c0_g1_i3:207-1073    -            289 3217at3041           -            306   7.9e-17   58.5   2.2   1   2   9.4e-11     3e-09   33.6   0.3   173   295    36   179     5   184 0.71 -
TRINITY_DN635_c0_g1_i3:207-1073    -            289 3217at3041           -            306   7.9e-17   58.5   2.2   2   2     9e-07   2.9e-05   20.5   0.1   156   214   189   251   184   261 0.81 -
TRINITY_DN3346_c0_g1_i6:501-1847   -            449 3217at3041           -            306   9.7e-17   58.2   3.9   1   2   5.8e-12   1.9e-10   37.5   0.8   152   292    81   250    64   253 0.77 -
TRINITY_DN3346_c0_g1_i6:501-1847   -            449 3217at3041           -            306   9.7e-17   58.2   3.9   2   2   9.7e-07   3.1e-05   20.4   0.1   156   246   262   364   256   377 0.73 -
TRINITY_DN3346_c0_g1_i8:387-1733   -            449 3217at3041           -            306   9.7e-17   58.2   3.9   1   2   5.8e-12   1.9e-10   37.5   0.8   152   292    81   250    64   253 0.77 -
TRINITY_DN3346_c0_g1_i8:387-1733   -            449 3217at3041           -            306   9.7e-17   58.2   3.9   2   2   9.7e-07   3.1e-05   20.4   0.1   156   246   262   364   256   377 0.73 -
TRINITY_DN2617_c0_g2_i1:147-671    -            175 3217at3041           -            306   1.7e-16   57.4   0.1   1   3     2e-05   0.00064   16.1   0.0   243   274     3    34     1    48 0.87 -
TRINITY_DN2617_c0_g2_i1:147-671    -            175 3217at3041           -            306   1.7e-16   57.4   0.1   2   3   1.8e-09   5.8e-08   29.4   0.0   150   205    61   120    48   130 0.82 -
TRINITY_DN2617_c0_g2_i1:147-671    -            175 3217at3041           -            306   1.7e-16   57.4   0.1   3   3    0.0038      0.12    8.6   0.0   243   272   133   162   129   169 0.92 -
TRINITY_DN6289_c0_g1_i4:1651-2487  -            279 3217at3041           -            306   1.3e-15   54.6   3.5   1   3   2.7e-06   8.7e-05   19.0   0.4   153   206     5    61     2    71 0.78 -
TRINITY_DN6289_c0_g1_i4:1651-2487  -            279 3217at3041           -            306   1.3e-15   54.6   3.5   2   3   5.3e-11   1.7e-09   34.4   0.1   171   282    71   201    65   230 0.77 -
TRINITY_DN6289_c0_g1_i4:1651-2487  -            279 3217at3041           -            306   1.3e-15   54.6   3.5   3   3       1.6        53   -0.0   0.0   172   204   242   276   211   279 0.70 -
TRINITY_DN18437_c0_g1_i1:2-442     -            147 3217at3041           -            306     2e-15   53.9   8.1   1   3   2.2e-07   7.1e-06   22.5   0.0   242   286     6    50     3    51 0.93 -
TRINITY_DN18437_c0_g1_i1:2-442     -            147 3217at3041           -            306     2e-15   53.9   8.1   2   3   8.1e-06   0.00026   17.4   0.7   240   272    46    78    44    89 0.93 -
TRINITY_DN18437_c0_g1_i1:2-442     -            147 3217at3041           -            306     2e-15   53.9   8.1   3   3   4.5e-07   1.5e-05   21.5   1.1   242   289    90   142    83   147 0.73 -
TRINITY_DN28678_c0_g1_i1:5-661     -            219 3217at3041           -            306   2.1e-15   53.8  11.5   1   3   5.1e-09   1.6e-07   27.9   0.6   164   209     2    49     1    57 0.82 -
TRINITY_DN28678_c0_g1_i1:5-661     -            219 3217at3041           -            306   2.1e-15   53.8  11.5   2   3     2e-07   6.6e-06   22.6   3.3   172   263    55   164    48   178 0.76 -
TRINITY_DN28678_c0_g1_i1:5-661     -            219 3217at3041           -            306   2.1e-15   53.8  11.5   3   3   5.3e-06   0.00017   18.0   1.8   173   271    97   216    96   218 0.80 -
TRINITY_DN23569_c0_g1_i1:60-509    -            150 3217at3041           -            306   1.2e-14   51.4   0.6   1   2   0.00017    0.0055   13.0   0.0   242   273    29    60     4    64 0.90 -
TRINITY_DN23569_c0_g1_i1:60-509    -            150 3217at3041           -            306   1.2e-14   51.4   0.6   2   2   3.3e-11   1.1e-09   35.1   0.5   163   242    60   148    59   150 0.77 -
TRINITY_DN41416_c0_g1_i1:11-301    -             97 3217at3041           -            306   1.6e-14   50.9   6.7   1   2   8.9e-09   2.9e-07   27.1   0.8   157   210     4    61     1    63 0.85 -
TRINITY_DN41416_c0_g1_i1:11-301    -             97 3217at3041           -            306   1.6e-14   50.9   6.7   2   2   1.9e-08   6.3e-07   26.0   0.7   172   204    63    95    60    97 0.93 -
TRINITY_DN646_c0_g1_i2:179-1238    -            324 3217at3041           -            306   2.1e-14   50.6   0.7   1   4   3.1e-08     1e-06   25.3   0.0   154   210    27    87     5   109 0.79 -
TRINITY_DN646_c0_g1_i2:179-1238    -            324 3217at3041           -            306   2.1e-14   50.6   0.7   2   4    0.0073      0.24    7.7   0.2   179   211   148   182   138   195 0.61 -
TRINITY_DN646_c0_g1_i2:179-1238    -            324 3217at3041           -            306   2.1e-14   50.6   0.7   3   4   0.00086     0.028   10.7   0.1   247   289   191   233   185   256 0.56 -
TRINITY_DN646_c0_g1_i2:179-1238    -            324 3217at3041           -            306   2.1e-14   50.6   0.7   4   4      0.37        12    2.1   0.0   241   271   282   312   277   317 0.91 -
TRINITY_DN646_c0_g1_i3:179-1150    -            324 3217at3041           -            306   2.1e-14   50.6   0.7   1   4   3.1e-08     1e-06   25.3   0.0   154   210    27    87     5   109 0.79 -
TRINITY_DN646_c0_g1_i3:179-1150    -            324 3217at3041           -            306   2.1e-14   50.6   0.7   2   4    0.0073      0.24    7.7   0.2   179   211   148   182   138   195 0.61 -
TRINITY_DN646_c0_g1_i3:179-1150    -            324 3217at3041           -            306   2.1e-14   50.6   0.7   3   4   0.00086     0.028   10.7   0.1   247   289   191   233   185   256 0.56 -
TRINITY_DN646_c0_g1_i3:179-1150    -            324 3217at3041           -            306   2.1e-14   50.6   0.7   4   4      0.37        12    2.1   0.0   241   271   282   312   277   317 0.91 -
TRINITY_DN453_c0_g1_i5:5-1864      -            620 3217at3041           -            306   7.8e-14   48.7   4.8   1   3     0.012      0.38    7.0   0.1   169   242    35   123    24   129 0.57 -
TRINITY_DN453_c0_g1_i5:5-1864      -            620 3217at3041           -            306   7.8e-14   48.7   4.8   2   3   6.4e-06   0.00021   17.7   0.2   154   275   344   487   323   502 0.75 -
TRINITY_DN453_c0_g1_i5:5-1864      -            620 3217at3041           -            306   7.8e-14   48.7   4.8   3   3   1.3e-09   4.2e-08   29.9   0.4   151   274   470   612   470   620 0.81 -
TRINITY_DN34973_c0_g1_i2:125-1027  -            301 3217at3041           -            306   1.7e-13   47.6   4.2   1   3   9.6e-06   0.00031   17.1   0.0   170   207     7    46     4    99 0.86 -
TRINITY_DN34973_c0_g1_i2:125-1027  -            301 3217at3041           -            306   1.7e-13   47.6   4.2   2   3   0.00058     0.019   11.3   0.1   239   275   107   147    97   158 0.74 -
TRINITY_DN34973_c0_g1_i2:125-1027  -            301 3217at3041           -            306   1.7e-13   47.6   4.2   3   3   3.5e-06   0.00011   18.6   0.2   179   280   165   272   152   283 0.69 -
TRINITY_DN1246_c0_g1_i1:215-1129   -            305 3217at3041           -            306   6.2e-13   45.7   2.0   1   3   1.2e-07     4e-06   23.4   0.0   168   239    49   128    30   182 0.81 -
TRINITY_DN1246_c0_g1_i1:215-1129   -            305 3217at3041           -            306   6.2e-13   45.7   2.0   2   3    0.0034      0.11    8.8   0.0   176   244    98   177    97   204 0.59 -
TRINITY_DN1246_c0_g1_i1:215-1129   -            305 3217at3041           -            306   6.2e-13   45.7   2.0   3   3   9.3e-07     3e-05   20.5   0.4   183   271   193   294   181   296 0.82 -
TRINITY_DN12590_c0_g1_i1:0-575     -            192 3217at3041           -            306   6.2e-13   45.7   0.2   1   2   3.3e-06   0.00011   18.7   0.1   175   226    22    75     8    85 0.77 -
TRINITY_DN12590_c0_g1_i1:0-575     -            192 3217at3041           -            306   6.2e-13   45.7   0.2   2   2     3e-08   9.8e-07   25.4   0.0   171   242   111   188    94   191 0.58 -
TRINITY_DN453_c0_g1_i7:5-1729      -            575 3217at3041           -            306   7.2e-13   45.5   4.3   1   3     0.089       2.9    4.1   0.1   161   214    27    86    14   121 0.64 -
TRINITY_DN453_c0_g1_i7:5-1729      -            575 3217at3041           -            306   7.2e-13   45.5   4.3   2   3   5.3e-06   0.00017   18.0   0.2   154   275   299   442   274   456 0.75 -
TRINITY_DN453_c0_g1_i7:5-1729      -            575 3217at3041           -            306   7.2e-13   45.5   4.3   3   3   1.1e-09   3.6e-08   30.1   0.3   151   274   425   567   425   575 0.81 -
TRINITY_DN1954_c0_g1_i2:19-249     -             77 3217at3041           -            306   9.3e-13   45.1   0.2   1   2   3.5e-08   1.1e-06   25.1   0.1   245   285     2    42     1    44 0.92 -
TRINITY_DN1954_c0_g1_i2:19-249     -             77 3217at3041           -            306   9.3e-13   45.1   0.2   2   2   2.2e-07   7.3e-06   22.5   0.0   171   207    37    75    31    77 0.71 -
TRINITY_DN453_c0_g1_i4:14-673      -            220 3217at3041           -            306     1e-12   45.0   1.3   1   3     0.016      0.52    6.5   0.0   242   280    13    52     9    60 0.73 -
TRINITY_DN453_c0_g1_i4:14-673      -            220 3217at3041           -            306     1e-12   45.0   1.3   2   3   0.00029    0.0094   12.3   0.0   241   275    56    90    51    97 0.93 -
TRINITY_DN453_c0_g1_i4:14-673      -            220 3217at3041           -            306     1e-12   45.0   1.3   3   3     1e-10   3.4e-09   33.5   0.4   151   273    73   214    69   220 0.81 -
TRINITY_DN21727_c0_g1_i1:67-1053   -            329 3217at3041           -            306   1.3e-12   44.7   0.5   1   2   2.1e-05   0.00069   16.0   0.0   186   275    41   154    22   159 0.66 -
TRINITY_DN21727_c0_g1_i1:67-1053   -            329 3217at3041           -            306   1.3e-12   44.7   0.5   2   2   2.8e-07   9.1e-06   22.2   0.2   169   219   157   209   152   231 0.73 -
TRINITY_DN322_c0_g2_i1:284-757     -            158 3217at3041           -            306   1.3e-12   44.7   3.0   1   2   5.4e-08   1.8e-06   24.5   0.6   193   285    12   119     3   119 0.64 -
TRINITY_DN322_c0_g2_i1:284-757     -            158 3217at3041           -            306   1.3e-12   44.7   3.0   2   2   1.1e-06   3.5e-05   20.2   0.1   242   276   118   152   115   158 0.91 -
TRINITY_DN17392_c0_g1_i1:49-1107   -            353 3217at3041           -            306   1.8e-12   44.2   2.2   1   2   8.1e-13   2.6e-11   40.4   1.5   175   303    25   176    16   179 0.71 -
TRINITY_DN17392_c0_g1_i1:49-1107   -            353 3217at3041           -            306   1.8e-12   44.2   2.2   2   2      0.39        13    2.0   0.0   249   278   249   278   217   303 0.65 -
TRINITY_DN1616_c0_g1_i1:356-952    -            199 3217at3041           -            306   2.4e-12   43.8   5.1   1   2   2.3e-08   7.4e-07   25.8   0.2   171   218    27    76     7    79 0.77 -
TRINITY_DN1616_c0_g1_i1:356-952    -            199 3217at3041           -            306   2.4e-12   43.8   5.1   2   2   6.1e-06    0.0002   17.8   1.6   165   270    70   197    68   198 0.67 -
TRINITY_DN7898_c0_g1_i2:44-529     -            162 3217at3041           -            306   1.4e-11   41.3   0.5   1   3      0.01      0.34    7.2   0.0   244   285     5    46     1    50 0.87 -
TRINITY_DN7898_c0_g1_i2:44-529     -            162 3217at3041           -            306   1.4e-11   41.3   0.5   2   3     0.014      0.46    6.7   0.0   172   213    42    85    25    87 0.71 -
TRINITY_DN7898_c0_g1_i2:44-529     -            162 3217at3041           -            306   1.4e-11   41.3   0.5   3   3   6.7e-09   2.2e-07   27.5   0.5   242   293    87   141    82   159 0.82 -
TRINITY_DN30900_c0_g1_i1:1-237     -             79 3217at3041           -            306   4.8e-11   39.5   0.2   1   1   3.8e-12   1.2e-10   38.2   0.2   154   210    14    74     3    79 0.81 -
TRINITY_DN16442_c0_g1_i1:7-300     -             98 3217at3041           -            306   1.3e-10   38.1   1.3   1   1   4.8e-12   1.6e-10   37.8   1.3   190   273     1    98     1    98 0.78 -
TRINITY_DN1611_c0_g1_i4:202-903    -            234 3217at3041           -            306   2.6e-10   37.1   8.5   1   2   1.3e-05   0.00043   16.7   2.1   176   272     1   120     1   133 0.71 -
TRINITY_DN1611_c0_g1_i4:202-903    -            234 3217at3041           -            306   2.6e-10   37.1   8.5   2   2   2.9e-10   9.4e-09   32.0   3.6   153   293    67   224    48   229 0.70 -
TRINITY_DN10239_c0_g1_i2:1-1233    -            411 3217at3041           -            306   6.3e-10   35.8   9.8   1   5       5.1   1.6e+02   -1.7   0.0   228   262   109   143   105   155 0.79 -
TRINITY_DN10239_c0_g1_i2:1-1233    -            411 3217at3041           -            306   6.3e-10   35.8   9.8   2   5      0.02      0.65    6.2   0.0   173   207   174   211   169   224 0.58 -
TRINITY_DN10239_c0_g1_i2:1-1233    -            411 3217at3041           -            306   6.3e-10   35.8   9.8   3   5     0.005      0.16    8.2   0.4   242   275   226   260   223   281 0.83 -
TRINITY_DN10239_c0_g1_i2:1-1233    -            411 3217at3041           -            306   6.3e-10   35.8   9.8   4   5     2e-05   0.00064   16.1   0.1   156   206   294   350   271   361 0.77 -
TRINITY_DN10239_c0_g1_i2:1-1233    -            411 3217at3041           -            306   6.3e-10   35.8   9.8   5   5     0.014      0.44    6.8   0.3   242   276   373   408   368   410 0.85 -
TRINITY_DN1611_c0_g1_i1:241-915    -            225 3217at3041           -            306   1.1e-09   35.0  10.4   1   2   8.9e-05    0.0029   14.0   0.6   156   272    57   107     1   128 0.62 -
TRINITY_DN1611_c0_g1_i1:241-915    -            225 3217at3041           -            306   1.1e-09   35.0  10.4   2   2   2.1e-10     7e-09   32.4   3.5   153   293    54   211    34   218 0.70 -
TRINITY_DN1611_c0_g1_i2:241-915    -            225 3217at3041           -            306   1.1e-09   35.0  10.4   1   2   8.9e-05    0.0029   14.0   0.6   156   272    57   107     1   128 0.62 -
TRINITY_DN1611_c0_g1_i2:241-915    -            225 3217at3041           -            306   1.1e-09   35.0  10.4   2   2   2.1e-10     7e-09   32.4   3.5   153   293    54   211    34   218 0.70 -
TRINITY_DN3689_c0_g1_i1:512-1330   -            273 3217at3041           -            306   1.3e-09   34.8   6.3   1   3       1.5        47    0.1   0.0   250   275    16    41     3    44 0.69 -
TRINITY_DN3689_c0_g1_i1:512-1330   -            273 3217at3041           -            306   1.3e-09   34.8   6.3   2   3   7.3e-05    0.0024   14.3   0.4   165   217   107   158    93   191 0.69 -
TRINITY_DN3689_c0_g1_i1:512-1330   -            273 3217at3041           -            306   1.3e-09   34.8   6.3   3   3   3.9e-07   1.3e-05   21.7   0.2   174   239   201   273   194   273 0.77 -
TRINITY_DN1156_c0_g1_i1:876-1703   -            276 3217at3041           -            306   1.9e-09   34.2   7.1   1   3   0.00025     0.008   12.5   0.1   246   285    46    85    13   101 0.84 -
TRINITY_DN1156_c0_g1_i1:876-1703   -            276 3217at3041           -            306   1.9e-09   34.2   7.1   2   3    0.0024     0.077    9.3   0.1   160   215   109   169    96   189 0.54 -
TRINITY_DN1156_c0_g1_i1:876-1703   -            276 3217at3041           -            306   1.9e-09   34.2   7.1   3   3   4.5e-05    0.0015   14.9   0.4   155   213   190   253   181   269 0.77 -
TRINITY_DN2166_c0_g1_i3:1358-1864  -            169 3217at3041           -            306   2.4e-09   33.9   0.1   1   4       1.6        51    0.0   0.0   190   215     1    26     1    40 0.83 -
TRINITY_DN2166_c0_g1_i3:1358-1864  -            169 3217at3041           -            306   2.4e-09   33.9   0.1   2   4      0.37        12    2.1   0.0   243   278    33    68    17    73 0.80 -
TRINITY_DN2166_c0_g1_i3:1358-1864  -            169 3217at3041           -            306   2.4e-09   33.9   0.1   3   4   1.9e-05   0.00061   16.2   0.0   175   279    81   117    76   123 0.51 -
TRINITY_DN2166_c0_g1_i3:1358-1864  -            169 3217at3041           -            306   2.4e-09   33.9   0.1   4   4   0.00068     0.022   11.1   0.0   242   279   123   160   121   167 0.89 -
TRINITY_DN10973_c0_g1_i4:1602-2078 -            159 3217at3041           -            306   2.7e-09   33.8   2.2   1   3    0.0024     0.078    9.3   0.0   244   276    21    53    13    63 0.86 -
TRINITY_DN10973_c0_g1_i4:1602-2078 -            159 3217at3041           -            306   2.7e-09   33.8   2.2   2   3     0.012      0.38    7.0   0.0   243   284    62   103    56   105 0.90 -
TRINITY_DN10973_c0_g1_i4:1602-2078 -            159 3217at3041           -            306   2.7e-09   33.8   2.2   3   3     1e-05   0.00033   17.1   0.5   242   292   103   155    98   157 0.80 -
TRINITY_DN223_c0_g1_i8:445-783     -            113 3217at3041           -            306   5.3e-09   32.8   0.6   1   2     0.053       1.7    4.9   0.0   175   205     1    33     1    43 0.52 -
TRINITY_DN223_c0_g1_i8:445-783     -            113 3217at3041           -            306   5.3e-09   32.8   0.6   2   2    0.0077      0.25    7.6   0.0   241   270    84   113    82   113 0.87 -
TRINITY_DN1156_c0_g1_i2:634-1482   -            283 3217at3041           -            306   7.7e-09   32.3   4.2   1   2   1.3e-06   4.2e-05   20.0   0.3   188   275    15   117     1   136 0.53 -
TRINITY_DN1156_c0_g1_i2:634-1482   -            283 3217at3041           -            306   7.7e-09   32.3   4.2   2   2    0.0015     0.049    9.9   0.5   151   271   142   283   130   283 0.62 -
TRINITY_DN1156_c0_g1_i7:1685-2533  -            283 3217at3041           -            306   7.7e-09   32.3   4.2   1   2   1.3e-06   4.2e-05   20.0   0.3   188   275    15   117     1   136 0.53 -
TRINITY_DN1156_c0_g1_i7:1685-2533  -            283 3217at3041           -            306   7.7e-09   32.3   4.2   2   2    0.0015     0.049    9.9   0.5   151   271   142   283   130   283 0.62 -
TRINITY_DN3346_c0_g1_i4:501-1217   -            239 3217at3041           -            306   2.5e-08   30.6   0.5   1   2     0.018      0.57    6.4   0.0   259   292     6    40     2    45 0.82 -
TRINITY_DN3346_c0_g1_i4:501-1217   -            239 3217at3041           -            306   2.5e-08   30.6   0.5   2   2   2.5e-07   8.2e-06   22.3   0.1   155   246    51   154    46   169 0.73 -
TRINITY_DN10239_c0_g1_i1:1-1101    -            367 3217at3041           -            306   4.2e-08   29.8   5.5   1   3       4.4   1.4e+02   -1.4   0.0   228   262   109   143   105   155 0.79 -
TRINITY_DN10239_c0_g1_i1:1-1101    -            367 3217at3041           -            306   4.2e-08   29.8   5.5   2   3    0.0053      0.17    8.1   0.2   242   274   226   259   223   268 0.86 -
TRINITY_DN10239_c0_g1_i1:1-1101    -            367 3217at3041           -            306   4.2e-08   29.8   5.5   3   3     0.012      0.38    7.0   0.3   242   276   329   364   324   366 0.85 -
TRINITY_DN39286_c0_g1_i1:195-1088  -            298 3217at3041           -            306   7.9e-08   29.0  12.9   1   4    0.0061       0.2    7.9   0.1   174   205     5    38     2    43 0.76 -
TRINITY_DN39286_c0_g1_i1:195-1088  -            298 3217at3041           -            306   7.9e-08   29.0  12.9   2   4   0.00033     0.011   12.1   0.8   229   272    38    83    37    94 0.82 -
TRINITY_DN39286_c0_g1_i1:195-1088  -            298 3217at3041           -            306   7.9e-08   29.0  12.9   3   4       0.3       9.9    2.4   0.0   243   275   101   135    98   158 0.79 -
TRINITY_DN39286_c0_g1_i1:195-1088  -            298 3217at3041           -            306   7.9e-08   29.0  12.9   4   4   0.00025    0.0081   12.5   0.3   229   275   183   244   167   248 0.66 -
TRINITY_DN7365_c0_g1_i1:160-858    -            233 3217at3041           -            306   1.7e-07   27.8   0.7   1   2   0.00017    0.0055   13.0   0.0   242   278     5    41     1    55 0.78 -
TRINITY_DN7365_c0_g1_i1:160-858    -            233 3217at3041           -            306   1.7e-07   27.8   0.7   2   2   0.00028    0.0092   12.3   0.1   238   271   199   232    87   233 0.95 -
TRINITY_DN2166_c0_g1_i3:236-670    -            145 3217at3041           -            306   1.9e-07   27.7   0.5   1   1   1.2e-08   3.9e-07   26.7   0.2   174   242     9    86     4   103 0.78 -
TRINITY_DN15794_c0_g1_i1:46-561    -            172 3217at3041           -            306   2.4e-07   27.4   0.8   1   3       4.3   1.4e+02   -1.4   0.0    97   128    56    87    37    92 0.67 -
TRINITY_DN15794_c0_g1_i1:46-561    -            172 3217at3041           -            306   2.4e-07   27.4   0.8   2   3   2.1e-06   6.7e-05   19.3   0.1   242   277    93   129    62   147 0.86 -
TRINITY_DN15794_c0_g1_i1:46-561    -            172 3217at3041           -            306   2.4e-07   27.4   0.8   3   3     0.018      0.58    6.4   0.1   249   274   146   172   140   172 0.72 -
TRINITY_DN7365_c0_g1_i2:160-843    -            228 3217at3041           -            306   3.4e-07   26.9   0.2   1   2   0.00041     0.013   11.8   0.0   243   279     1    37     1    57 0.89 -
TRINITY_DN7365_c0_g1_i2:160-843    -            228 3217at3041           -            306   3.4e-07   26.9   0.2   2   2   0.00027    0.0087   12.4   0.1   238   271   194   227    83   228 0.95 -
TRINITY_DN33319_c0_g1_i1:8-1087    -            360 3217at3041           -            306   4.3e-07   26.5   0.1   1   1   2.2e-08     7e-07   25.8   0.1   154   283   179   325   160   353 0.75 -
TRINITY_DN1681_c0_g1_i2:1-1362     -            454 3217at3041           -            306   5.5e-07   26.2   5.1   1   5       2.1        70   -0.4   0.0   186   273    15    33     1    42 0.46 -
TRINITY_DN1681_c0_g1_i2:1-1362     -            454 3217at3041           -            306   5.5e-07   26.2   5.1   2   5   0.00056     0.018   11.3   0.2   245   284    58    98    53   110 0.80 -
TRINITY_DN1681_c0_g1_i2:1-1362     -            454 3217at3041           -            306   5.5e-07   26.2   5.1   3   5      0.02      0.65    6.2   0.1   239   278    98   140    94   145 0.74 -
TRINITY_DN1681_c0_g1_i2:1-1362     -            454 3217at3041           -            306   5.5e-07   26.2   5.1   4   5    0.0084      0.27    7.5   0.2   172   210   144   185   140   195 0.74 -
TRINITY_DN1681_c0_g1_i2:1-1362     -            454 3217at3041           -            306   5.5e-07   26.2   5.1   5   5       1.6        53   -0.0   0.0    97   119   198   220   189   239 0.66 -
TRINITY_DN1156_c0_g1_i1:1104-1679  -            192 3217at3041           -            306   1.1e-06   25.2   3.6   1   2    0.0012     0.038   10.3   0.2   159   215    32    93    16   110 0.52 -
TRINITY_DN1156_c0_g1_i1:1104-1679  -            192 3217at3041           -            306   1.1e-06   25.2   3.6   2   2   2.6e-05   0.00085   15.7   0.4   155   212   114   176   107   189 0.77 -
TRINITY_DN15655_c0_g1_i1:6-695     -            230 3217at3041           -            306   1.3e-06   24.9   0.0   1   2    0.0024     0.077    9.3   0.0   181   217    64   102     9   120 0.84 -
TRINITY_DN15655_c0_g1_i1:6-695     -            230 3217at3041           -            306   1.3e-06   24.9   0.0   2   2   0.00012     0.004   13.5   0.0   228   281   151   214   137   220 0.79 -
TRINITY_DN1531_c0_g1_i1:430-630    -             67 3217at3041           -            306   2.2e-06   24.2   0.0   1   1   6.7e-08   2.2e-06   24.2   0.0   236   274    27    65     9    67 0.89 -
TRINITY_DN4578_c0_g1_i2:1003-1860  -            286 3217at3041           -            306   2.6e-06   23.9   0.8   1   2    0.0003    0.0096   12.2   0.2   153   273    16   155     7   163 0.64 -
TRINITY_DN4578_c0_g1_i2:1003-1860  -            286 3217at3041           -            306   2.6e-06   23.9   0.8   2   2   0.00087     0.028   10.7   0.1   151   295    98   268    83   279 0.66 -
TRINITY_DN28817_c0_g1_i1:75-296    -             74 3217at3041           -            306   1.9e-05   21.2   0.3   1   2   1.1e-06   3.5e-05   20.3   0.1   242   284     3    45     1    61 0.83 -
TRINITY_DN28817_c0_g1_i1:75-296    -             74 3217at3041           -            306   1.9e-05   21.2   0.3   2   2       1.9        61   -0.2   0.0   244   271    48    74    45    74 0.66 -
TRINITY_DN1156_c0_g1_i7:3086-3541  -            152 3217at3041           -            306   3.7e-05   20.2   2.3   1   2   8.8e-05    0.0028   14.0   0.1   246   285    41    80     8    94 0.84 -
TRINITY_DN1156_c0_g1_i7:3086-3541  -            152 3217at3041           -            306   3.7e-05   20.2   2.3   2   2     0.015      0.48    6.7   0.3   183   238    89   151    75   152 0.63 -
TRINITY_DN6176_c0_g1_i1:22-153     -             44 3217at3041           -            306    0.0003   17.2   0.2   1   1   9.4e-06    0.0003   17.2   0.2   241   271    14    44     2    44 0.63 -
TRINITY_DN40104_c0_g1_i1:180-509   -            110 3217at3041           -            306    0.0084   12.4   0.0   1   1   0.00039     0.013   11.8   0.0   168   210    28    70    18    94 0.80 -
#
# Program:         hmmsearch
# Version:         3.2.1 (June 2018)
# Pipeline mode:   SEARCH
# Query file:      /sw/bioinfo/BUSCO/v5_lineage_sets/lineages/chlorophyta_odb10/hmms/3217at3041.hmm
# Target file:     /crex/proj/snic2022-23-81/expression_algae/code/busco/trinity_VA-3180-Osg12Mul/run_chlorophyta_odb10/metaeuk_output/initial_results/trinity_VA-3180-Osg12Mul.Trinity.fasta.modified.fas
# Option settings: hmmsearch --domtblout /crex/proj/snic2022-23-81/expression_algae/code/busco/trinity_VA-3180-Osg12Mul/run_chlorophyta_odb10/hmmer_output/initial_run_results/3217at3041.out --cpu 1 /sw/bioinfo/BUSCO/v5_lineage_sets/lineages/chlorophyta_odb10/hmms/3217at3041.hmm /crex/proj/snic2022-23-81/expression_algae/code/busco/trinity_VA-3180-Osg12Mul/run_chlorophyta_odb10/metaeuk_output/initial_results/trinity_VA-3180-Osg12Mul.Trinity.fasta.modified.fas 
# Current dir:     /crex/proj/snic2022-23-81/expression_algae/code/busco
# Date:            Fri Sep 23 10:12:10 2022
# [ok]
