#                                                                                        --- full sequence --- -------------- this domain -------------   hmm coord   ali coord   env coord
# target name                    accession   tlen query name           accession   qlen   E-value  score  bias   #  of  c-Evalue  i-Evalue  score  bias  from    to  from    to  from    to  acc description of target
#            ------------------- ---------- ----- -------------------- ---------- ----- --------- ------ ----- --- --- --------- --------- ------ ----- ----- ----- ----- ----- ----- ----- ---- ---------------------
TRINITY_DN21501_c0_g1_i1:1-1572  -            524 366at3041            -            429  3.7e-156  517.4  12.8   1   2     0.087        57   -0.5   0.1    42    74    24    55    18    72 0.47 -
TRINITY_DN21501_c0_g1_i1:1-1572  -            524 366at3041            -            429  3.7e-156  517.4  12.8   2   2  1.7e-157  1.1e-154  512.5   9.4     1   327    81   475    81   495 0.89 -
TRINITY_DN1150_c0_g1_i10:91-1611 -            507 366at3041            -            429   2.4e-20   69.9   0.0   1   2   1.8e-10   1.2e-07   28.1   0.0    59   191   109   248    98   252 0.82 -
TRINITY_DN1150_c0_g1_i10:91-1611 -            507 366at3041            -            429   2.4e-20   69.9   0.0   2   2   2.4e-14   1.6e-11   40.9   0.1    24   198   241   425   235   436 0.85 -
TRINITY_DN1150_c0_g1_i3:91-1695  -            535 366at3041            -            429     3e-20   69.6   0.0   1   2     2e-10   1.3e-07   28.0   0.0    59   191   109   248    98   252 0.82 -
TRINITY_DN1150_c0_g1_i3:91-1695  -            535 366at3041            -            429     3e-20   69.6   0.0   2   2   2.6e-14   1.7e-11   40.7   0.1    24   198   241   425   235   436 0.85 -
TRINITY_DN1150_c0_g1_i8:91-1964  -            535 366at3041            -            429     3e-20   69.6   0.0   1   2     2e-10   1.3e-07   28.0   0.0    59   191   109   248    98   252 0.82 -
TRINITY_DN1150_c0_g1_i8:91-1964  -            535 366at3041            -            429     3e-20   69.6   0.0   2   2   2.6e-14   1.7e-11   40.7   0.1    24   198   241   425   235   436 0.85 -
#
# Program:         hmmsearch
# Version:         3.2.1 (June 2018)
# Pipeline mode:   SEARCH
# Query file:      /sw/bioinfo/BUSCO/v5_lineage_sets/lineages/chlorophyta_odb10/hmms/366at3041.hmm
# Target file:     /crex/proj/snic2022-23-81/expression_algae/code/busco/trinity_VA-3180-Osg12Mul/run_chlorophyta_odb10/metaeuk_output/initial_results/trinity_VA-3180-Osg12Mul.Trinity.fasta.modified.fas
# Option settings: hmmsearch --domtblout /crex/proj/snic2022-23-81/expression_algae/code/busco/trinity_VA-3180-Osg12Mul/run_chlorophyta_odb10/hmmer_output/initial_run_results/366at3041.out --cpu 1 /sw/bioinfo/BUSCO/v5_lineage_sets/lineages/chlorophyta_odb10/hmms/366at3041.hmm /crex/proj/snic2022-23-81/expression_algae/code/busco/trinity_VA-3180-Osg12Mul/run_chlorophyta_odb10/metaeuk_output/initial_results/trinity_VA-3180-Osg12Mul.Trinity.fasta.modified.fas 
# Current dir:     /crex/proj/snic2022-23-81/expression_algae/code/busco
# Date:            Fri Sep 23 10:12:08 2022
# [ok]
