#                                                                                         --- full sequence --- -------------- this domain -------------   hmm coord   ali coord   env coord
# target name                     accession   tlen query name           accession   qlen   E-value  score  bias   #  of  c-Evalue  i-Evalue  score  bias  from    to  from    to  from    to  acc description of target
#             ------------------- ---------- ----- -------------------- ---------- ----- --------- ------ ----- --- --- --------- --------- ------ ----- ----- ----- ----- ----- ----- ----- ---- ---------------------
TRINITY_DN280_c0_g1_i2:387-794    -            136 4667at3041           -            191   0.00064   16.6   0.0   1   1   1.9e-06    0.0007   16.5   0.0    91   129    98   136    56   136 0.90 -
TRINITY_DN280_c0_g1_i3:900-1307   -            136 4667at3041           -            191   0.00064   16.6   0.0   1   1   1.9e-06    0.0007   16.5   0.0    91   129    98   136    56   136 0.90 -
TRINITY_DN280_c0_g1_i4:957-1364   -            136 4667at3041           -            191   0.00064   16.6   0.0   1   1   1.9e-06    0.0007   16.5   0.0    91   129    98   136    56   136 0.90 -
TRINITY_DN761_c0_g3_i10:3645-4061 -            139 4667at3041           -            191    0.0022   14.9   0.0   1   1   7.6e-06    0.0029   14.5   0.0    95   139    17    62     8    74 0.87 -
TRINITY_DN761_c0_g3_i3:1878-2294  -            139 4667at3041           -            191    0.0022   14.9   0.0   1   1   7.6e-06    0.0029   14.5   0.0    95   139    17    62     8    74 0.87 -
TRINITY_DN761_c0_g3_i7:3785-4201  -            139 4667at3041           -            191    0.0022   14.9   0.0   1   1   7.6e-06    0.0029   14.5   0.0    95   139    17    62     8    74 0.87 -
TRINITY_DN9773_c0_g1_i1:2-484     -            161 4667at3041           -            191     0.021   11.7   0.0   1   1   0.00011     0.041   10.7   0.0    95   136    39    81    31    85 0.87 -
#
# Program:         hmmsearch
# Version:         3.2.1 (June 2018)
# Pipeline mode:   SEARCH
# Query file:      /sw/bioinfo/BUSCO/v5_lineage_sets/lineages/chlorophyta_odb10/hmms/4667at3041.hmm
# Target file:     /crex/proj/snic2022-23-81/expression_algae/code/busco/trinity_VA-3180-Osg12Mul/run_chlorophyta_odb10/metaeuk_output/initial_results/trinity_VA-3180-Osg12Mul.Trinity.fasta.modified.fas
# Option settings: hmmsearch --domtblout /crex/proj/snic2022-23-81/expression_algae/code/busco/trinity_VA-3180-Osg12Mul/run_chlorophyta_odb10/hmmer_output/initial_run_results/4667at3041.out --cpu 1 /sw/bioinfo/BUSCO/v5_lineage_sets/lineages/chlorophyta_odb10/hmms/4667at3041.hmm /crex/proj/snic2022-23-81/expression_algae/code/busco/trinity_VA-3180-Osg12Mul/run_chlorophyta_odb10/metaeuk_output/initial_results/trinity_VA-3180-Osg12Mul.Trinity.fasta.modified.fas 
# Current dir:     /crex/proj/snic2022-23-81/expression_algae/code/busco
# Date:            Fri Sep 23 10:12:10 2022
# [ok]
