#                                                                                        --- full sequence --- -------------- this domain -------------   hmm coord   ali coord   env coord
# target name                    accession   tlen query name           accession   qlen   E-value  score  bias   #  of  c-Evalue  i-Evalue  score  bias  from    to  from    to  from    to  acc description of target
#            ------------------- ---------- ----- -------------------- ---------- ----- --------- ------ ----- --- --- --------- --------- ------ ----- ----- ----- ----- ----- ----- ----- ---- ---------------------
TRINITY_DN34335_c0_g1_i1:2-676   -            225 6146at3041           -            201   1.6e-73  243.5   0.2   1   1   3.1e-75   2.2e-73  243.1   0.2     4   184    16   213    12   222 0.86 -
TRINITY_DN29576_c0_g1_i1:82-600  -            173 6146at3041           -            201   1.2e-17   61.1   0.0   1   1   2.1e-19   1.5e-17   60.8   0.0    19   143    14   136     3   151 0.82 -
TRINITY_DN29583_c0_g1_i1:29-553  -            175 6146at3041           -            201   3.9e-16   56.2   0.0   1   1   6.4e-18   4.6e-16   56.0   0.0    18   146    10   137     3   161 0.86 -
TRINITY_DN399_c0_g1_i2:440-982   -            181 6146at3041           -            201   8.4e-16   55.1   0.0   1   1   1.5e-17   1.1e-15   54.8   0.0    19   141    14   135     3   145 0.84 -
TRINITY_DN22246_c0_g1_i1:253-753 -            167 6146at3041           -            201   9.6e-16   55.0   0.0   1   1   1.7e-17   1.2e-15   54.6   0.0    21   143     4   127     2   133 0.81 -
TRINITY_DN21328_c0_g1_i1:404-943 -            180 6146at3041           -            201   1.9e-14   50.7   0.0   1   1   3.7e-16   2.6e-14   50.3   0.0    22   136    28   142    21   148 0.85 -
TRINITY_DN16913_c0_g1_i1:62-562  -            167 6146at3041           -            201   8.7e-14   48.6   0.0   1   1   1.6e-15   1.1e-13   48.2   0.0    21   137     4   119     2   131 0.83 -
TRINITY_DN5564_c0_g1_i1:162-737  -            192 6146at3041           -            201   1.5e-13   47.8   0.0   1   1   2.6e-15   1.8e-13   47.5   0.0    19   143    17   139     1   147 0.85 -
TRINITY_DN1881_c0_g2_i1:12-356   -            115 6146at3041           -            201   1.5e-12   44.5   0.0   1   1   2.1e-14   1.5e-12   44.5   0.0    13   109     7   103     1   115 0.80 -
TRINITY_DN28669_c0_g1_i1:5-466   -            154 6146at3041           -            201   2.1e-12   44.1   0.0   1   1   8.4e-14   5.9e-12   42.6   0.0    24   144     3   129     1   134 0.82 -
TRINITY_DN1881_c0_g2_i4:12-378   -             99 6146at3041           -            201   6.5e-12   42.5   0.0   1   1   9.3e-14   6.6e-12   42.4   0.0    24   109     3    87     1    99 0.86 -
TRINITY_DN399_c0_g1_i1:440-1049  -            164 6146at3041           -            201   1.1e-10   38.4   0.0   1   1     2e-12   1.4e-10   38.0   0.0    28   141     1   118     1   128 0.79 -
TRINITY_DN8491_c0_g1_i1:61-582   -            174 6146at3041           -            201   2.6e-09   34.0   0.0   1   1   4.2e-11     3e-09   33.8   0.0    21   137     4   120     2   157 0.78 -
TRINITY_DN845_c0_g2_i1:603-1787  -            395 6146at3041           -            201   2.1e-07   27.7   0.0   1   1   8.6e-09   6.1e-07   26.2   0.0    48    99    47    98    41   110 0.91 -
TRINITY_DN4817_c0_g1_i1:1-375    -            125 6146at3041           -            201   2.1e-07   27.7   0.0   1   1   3.3e-09   2.3e-07   27.6   0.0    66   149     3    82     1   109 0.85 -
TRINITY_DN18085_c0_g1_i1:117-674 -            186 6146at3041           -            201   3.9e-07   26.9   0.0   1   2   9.8e-09     7e-07   26.0   0.0    24    97     6    86     2   124 0.82 -
TRINITY_DN18085_c0_g1_i1:117-674 -            186 6146at3041           -            201   3.9e-07   26.9   0.0   2   2         6   4.3e+02   -2.7   0.0    93   108   115   131    98   137 0.63 -
TRINITY_DN22293_c0_g1_i1:31-555  -            175 6146at3041           -            201   4.4e-07   26.7   0.0   1   1   1.4e-08     1e-06   25.5   0.0    24    97    13    93     9   138 0.80 -
TRINITY_DN38466_c0_g1_i1:3-617   -            205 6146at3041           -            201     3e-05   20.7   0.0   1   1   7.3e-07   5.2e-05   19.9   0.0    25    99     8    89     4   132 0.79 -
TRINITY_DN1745_c0_g1_i2:139-732  -            198 6146at3041           -            201   0.00018   18.1   0.0   1   1   4.2e-06    0.0003   17.4   0.0    25   137     6   121     4   138 0.69 -
TRINITY_DN1745_c0_g1_i1:139-747  -            203 6146at3041           -            201   0.00018   18.1   0.0   1   1   4.2e-06    0.0003   17.4   0.0    25   137    11   126     7   143 0.70 -
TRINITY_DN5914_c0_g1_i1:131-748  -            206 6146at3041           -            201   0.00031   17.4   0.0   1   1   8.3e-06   0.00059   16.5   0.0    19    97     5    90     1   133 0.78 -
TRINITY_DN6380_c0_g1_i1:45-2360  -            772 6146at3041           -            201   0.00098   15.8   0.0   1   1   3.4e-05    0.0024   14.5   0.0    29   101   116   187   111   203 0.76 -
TRINITY_DN6380_c0_g1_i7:251-2275 -            675 6146at3041           -            201    0.0012   15.4   0.0   1   1   2.9e-05    0.0021   14.7   0.0    29   101    19    90    16   106 0.75 -
TRINITY_DN2969_c0_g1_i2:260-907  -            216 6146at3041           -            201    0.0013   15.4   0.0   1   1   3.3e-05    0.0023   14.5   0.0    24   137    14   130    10   146 0.74 -
TRINITY_DN2969_c0_g1_i1:260-987  -            213 6146at3041           -            201    0.0017   15.0   0.0   1   1   4.1e-05    0.0029   14.2   0.0    24   137    14   127    10   144 0.77 -
TRINITY_DN361_c0_g1_i9:1760-3499 -            580 6146at3041           -            201     0.003   14.1   0.0   1   1   8.3e-05    0.0059   13.2   0.0    65   106    80   121    56   144 0.77 -
TRINITY_DN5734_c0_g1_i1:288-1667 -            460 6146at3041           -            201    0.0033   14.0   0.0   1   2   0.00017     0.012   12.2   0.0    57    99    67   109    56   120 0.83 -
TRINITY_DN5734_c0_g1_i1:288-1667 -            460 6146at3041           -            201    0.0033   14.0   0.0   2   2       7.7   5.5e+02   -3.0   0.0   143   177   351   385   350   389 0.58 -
TRINITY_DN9287_c0_g1_i1:1-246    -             82 6146at3041           -            201    0.0044   13.6   0.0   1   1   6.9e-05    0.0049   13.5   0.0    74   137     2    62     1    71 0.80 -
TRINITY_DN361_c0_g1_i4:983-3337  -            785 6146at3041           -            201    0.0045   13.6   0.0   1   1   0.00012    0.0088   12.6   0.0    65   106    76   117    52   140 0.78 -
TRINITY_DN361_c0_g1_i1:983-3349  -            789 6146at3041           -            201    0.0047   13.5   0.0   1   1   0.00012    0.0088   12.6   0.0    65   106    80   121    56   144 0.78 -
TRINITY_DN83_c0_g2_i13:346-1974  -            543 6146at3041           -            201    0.0053   13.4   0.0   1   2      0.69        49    0.4   0.0    27    45    36    54    19    58 0.83 -
TRINITY_DN83_c0_g2_i13:346-1974  -            543 6146at3041           -            201    0.0053   13.4   0.0   2   2    0.0008     0.057   10.0   0.0    18    45   360   387   352   413 0.75 -
TRINITY_DN83_c0_g2_i13:1390-1815 -            142 6146at3041           -            201    0.0056   13.3   0.0   1   1    0.0001    0.0071   12.9   0.0    18    46    12    40     4    65 0.73 -
TRINITY_DN698_c0_g1_i1:123-728   -            202 6146at3041           -            201    0.0086   12.7   0.0   1   1   0.00025     0.018   11.6   0.0    19    97    10    93     7   162 0.83 -
TRINITY_DN2335_c0_g1_i4:16-447   -            144 6146at3041           -            201     0.011   12.4   0.1   1   1    0.0017      0.12    8.9   0.0    24    45    51    72    44   133 0.70 -
TRINITY_DN83_c0_g2_i6:176-784    -            203 6146at3041           -            201     0.012   12.2   0.0   1   1   0.00025     0.017   11.7   0.0    20    45     9    34     2    60 0.74 -
TRINITY_DN83_c0_g2_i11:337-1155  -            273 6146at3041           -            201     0.015   11.9   0.0   1   1   0.00031     0.022   11.3   0.0    18    45    88   115    80   141 0.74 -
TRINITY_DN1863_c1_g1_i1:259-606  -            116 6146at3041           -            201     0.016   11.8   0.0   1   1   0.00033     0.023   11.3   0.0    21    47    33    59    25   114 0.87 -
#
# Program:         hmmsearch
# Version:         3.2.1 (June 2018)
# Pipeline mode:   SEARCH
# Query file:      /sw/bioinfo/BUSCO/v5_lineage_sets/lineages/chlorophyta_odb10/hmms/6146at3041.hmm
# Target file:     /crex/proj/snic2022-23-81/expression_algae/code/busco/trinity_VA-3180-Osg12Mul/run_chlorophyta_odb10/metaeuk_output/initial_results/trinity_VA-3180-Osg12Mul.Trinity.fasta.modified.fas
# Option settings: hmmsearch --domtblout /crex/proj/snic2022-23-81/expression_algae/code/busco/trinity_VA-3180-Osg12Mul/run_chlorophyta_odb10/hmmer_output/initial_run_results/6146at3041.out --cpu 1 /sw/bioinfo/BUSCO/v5_lineage_sets/lineages/chlorophyta_odb10/hmms/6146at3041.hmm /crex/proj/snic2022-23-81/expression_algae/code/busco/trinity_VA-3180-Osg12Mul/run_chlorophyta_odb10/metaeuk_output/initial_results/trinity_VA-3180-Osg12Mul.Trinity.fasta.modified.fas 
# Current dir:     /crex/proj/snic2022-23-81/expression_algae/code/busco
# Date:            Fri Sep 23 10:12:12 2022
# [ok]
