#                                                                                          --- full sequence --- -------------- this domain -------------   hmm coord   ali coord   env coord
# target name                      accession   tlen query name           accession   qlen   E-value  score  bias   #  of  c-Evalue  i-Evalue  score  bias  from    to  from    to  from    to  acc description of target
#              ------------------- ---------- ----- -------------------- ---------- ----- --------- ------ ----- --- --- --------- --------- ------ ----- ----- ----- ----- ----- ----- ----- ---- ---------------------
TRINITY_DN1660_c0_g1_i2:0-1106     -            320 1927at3041           -            257  5.9e-114  376.5   0.1   1   2  2.3e-114  2.5e-113  374.4   0.0     1   212    34   264    34   280 0.94 -
TRINITY_DN1660_c0_g1_i2:0-1106     -            320 1927at3041           -            257  5.9e-114  376.5   0.1   2   2       4.7        51   -0.2   0.0   214   226   308   320   282   320 0.78 -
TRINITY_DN1660_c0_g1_i4:95-745     -            217 1927at3041           -            257   6.1e-79  261.7   0.2   1   1   6.9e-80   7.5e-79  261.4   0.2     1   151    49   217    49   217 0.93 -
TRINITY_DN5390_c0_g2_i1:1-810      -            270 1927at3041           -            257   3.6e-71  236.3   0.0   1   2   9.4e-69     1e-67  224.9   0.0    25   211     2   197     1   215 0.90 -
TRINITY_DN5390_c0_g2_i1:1-810      -            270 1927at3041           -            257   3.6e-71  236.3   0.0   2   2    0.0054     0.058    9.4   0.0   215   237   234   256   226   266 0.89 -
TRINITY_DN3758_c0_g1_i1:335-1204   -            290 1927at3041           -            257   4.6e-67  222.8   0.0   1   2   2.3e-65   2.5e-64  213.8   0.0     3   211    11   231     9   254 0.90 -
TRINITY_DN3758_c0_g1_i1:335-1204   -            290 1927at3041           -            257   4.6e-67  222.8   0.0   2   2     0.025      0.28    7.2   0.0   215   239   261   285   247   289 0.89 -
TRINITY_DN1660_c0_g1_i3:0-560      -            187 1927at3041           -            257   3.7e-64  213.3   0.0   1   2   2.4e-64   2.7e-63  210.5   0.0    93   212     1   130     1   142 0.96 -
TRINITY_DN1660_c0_g1_i3:0-560      -            187 1927at3041           -            257   3.7e-64  213.3   0.0   2   2       2.2        24    0.9   0.0   214   226   175   187   148   187 0.77 -
TRINITY_DN26461_c0_g1_i1:122-1081  -            320 1927at3041           -            257   2.2e-63  210.7   0.0   1   2   6.2e-61   6.7e-60  199.3   0.0     1   211     9   239     9   250 0.85 -
TRINITY_DN26461_c0_g1_i1:122-1081  -            320 1927at3041           -            257   2.2e-63  210.7   0.0   2   2     0.005     0.054    9.6   0.0   215   239   268   292   254   309 0.89 -
TRINITY_DN36485_c0_g1_i1:2-670     -            223 1927at3041           -            257   1.6e-60  201.4   0.1   1   1   1.7e-61   1.9e-60  201.1   0.1     2   199    17   221    16   223 0.92 -
TRINITY_DN1276_c0_g1_i1:33-1025    -            331 1927at3041           -            257   1.1e-57  192.1   0.1   1   2   1.6e-54   1.8e-53  178.3   0.0     2   208     9   228     8   238 0.90 -
TRINITY_DN1276_c0_g1_i1:33-1025    -            331 1927at3041           -            257   1.1e-57  192.1   0.1   2   2    0.0011     0.012   11.7   0.0   207   239   254   287   248   292 0.83 -
TRINITY_DN4383_c0_g1_i2:37-738     -            234 1927at3041           -            257     9e-50  166.1   1.3   1   1   4.8e-50   5.2e-49  163.6   1.3     2   204     8   227     7   232 0.89 -
TRINITY_DN525_c0_g1_i1:745-1611    -            289 1927at3041           -            257   1.4e-49  165.5   0.1   1   2   3.6e-47   3.9e-46  154.2   0.0     1   209     6   227     6   237 0.88 -
TRINITY_DN525_c0_g1_i1:745-1611    -            289 1927at3041           -            257   1.4e-49  165.5   0.1   2   2    0.0057     0.062    9.4   0.0   214   239   260   285   249   288 0.87 -
TRINITY_DN1660_c0_g1_i1:123-407    -             95 1927at3041           -            257   1.2e-47  159.2   0.0   1   1   1.3e-48   1.4e-47  159.0   0.0   100   185     1    95     1    95 0.97 -
TRINITY_DN1485_c0_g1_i3:498-1550   -            351 1927at3041           -            257   1.9e-47  158.5   0.2   1   2   1.8e-45   1.9e-44  148.7   0.1     2   220    11   253    10   264 0.81 -
TRINITY_DN1485_c0_g1_i3:498-1550   -            351 1927at3041           -            257   1.9e-47  158.5   0.2   2   2      0.05      0.54    6.3   0.0   215   240   274   299   261   311 0.87 -
TRINITY_DN6787_c0_g1_i2:267-959    -            231 1927at3041           -            257     3e-42  141.5   0.0   1   1   3.7e-43   4.1e-42  141.0   0.0     2   199    15   224    14   229 0.87 -
TRINITY_DN84_c0_g1_i1:866-2023     -            386 1927at3041           -            257   8.8e-39  130.1   0.2   1   2   5.7e-37   6.2e-36  120.8   0.0     2   208    64   282    63   292 0.80 -
TRINITY_DN84_c0_g1_i1:866-2023     -            386 1927at3041           -            257   8.8e-39  130.1   0.2   2   2     0.021      0.23    7.5   0.0   214   239   314   339   296   349 0.84 -
TRINITY_DN84_c0_g1_i3:866-2023     -            386 1927at3041           -            257   8.8e-39  130.1   0.2   1   2   5.7e-37   6.2e-36  120.8   0.0     2   208    64   282    63   292 0.80 -
TRINITY_DN84_c0_g1_i3:866-2023     -            386 1927at3041           -            257   8.8e-39  130.1   0.2   2   2     0.021      0.23    7.5   0.0   214   239   314   339   296   349 0.84 -
TRINITY_DN84_c0_g1_i4:866-2023     -            386 1927at3041           -            257   8.8e-39  130.1   0.2   1   2   5.7e-37   6.2e-36  120.8   0.0     2   208    64   282    63   292 0.80 -
TRINITY_DN84_c0_g1_i4:866-2023     -            386 1927at3041           -            257   8.8e-39  130.1   0.2   2   2     0.021      0.23    7.5   0.0   214   239   314   339   296   349 0.84 -
TRINITY_DN1276_c0_g1_i2:33-659     -            209 1927at3041           -            257     6e-38  127.4   0.0   1   2   1.6e-34   1.7e-33  112.8   0.0   113   208     1   106     1   127 0.93 -
TRINITY_DN1276_c0_g1_i2:33-659     -            209 1927at3041           -            257     6e-38  127.4   0.0   2   2   0.00055    0.0059   12.7   0.0   207   239   132   165   126   172 0.84 -
TRINITY_DN6787_c0_g1_i1:133-669    -            179 1927at3041           -            257   7.9e-38  127.0   0.0   1   1   9.7e-39   1.1e-37  126.6   0.0    34   199     1   172     1   177 0.89 -
TRINITY_DN8253_c0_g1_i2:6-632      -            209 1927at3041           -            257   8.5e-38  126.9   0.0   1   1   9.4e-39     1e-37  126.6   0.0     3   203     1   208     1   209 0.86 -
TRINITY_DN4383_c0_g1_i1:76-417     -            114 1927at3041           -            257   1.8e-37  125.9   0.2   1   1   1.3e-37   1.5e-36  122.8   0.2   100   198     1   113     1   114 0.95 -
TRINITY_DN1485_c0_g1_i2:111-896    -            262 1927at3041           -            257   2.5e-37  125.4   0.2   1   2   3.7e-35     4e-34  114.9   0.1    92   220    17   164     1   175 0.79 -
TRINITY_DN1485_c0_g1_i2:111-896    -            262 1927at3041           -            257   2.5e-37  125.4   0.2   2   2     0.035      0.38    6.8   0.0   215   240   185   210   174   222 0.87 -
TRINITY_DN45814_c0_g1_i1:35-856    -            274 1927at3041           -            257   4.2e-33  111.5   0.0   1   2   3.4e-33   3.6e-32  108.4   0.0    14   200     6   202     3   220 0.81 -
TRINITY_DN45814_c0_g1_i1:35-856    -            274 1927at3041           -            257   4.2e-33  111.5   0.0   2   2       3.1        34    0.4   0.0   214   239   248   273   232   274 0.78 -
TRINITY_DN16990_c0_g1_i1:87-431    -            115 1927at3041           -            257   1.6e-32  109.6   0.0   1   1     2e-33   2.2e-32  109.1   0.0    87   187     6   115     2   115 0.88 -
TRINITY_DN237_c0_g3_i1:1-975       -            325 1927at3041           -            257   1.9e-32  109.4   0.0   1   2   5.3e-32   5.7e-31  104.5   0.0     1   200     8   217     8   232 0.80 -
TRINITY_DN237_c0_g3_i1:1-975       -            325 1927at3041           -            257   1.9e-32  109.4   0.0   2   2      0.68       7.4    2.6   0.0   214   238   266   290   256   302 0.87 -
TRINITY_DN7846_c1_g1_i1:2-337      -            112 1927at3041           -            257   2.5e-32  108.9   0.0   1   1   2.6e-33   2.9e-32  108.8   0.0    92   187     3   112     1   112 0.90 -
TRINITY_DN237_c0_g2_i4:29-904      -            292 1927at3041           -            257   9.8e-31  103.7   0.2   1   2   9.3e-31     1e-29  100.4   0.1     2   200     7   212     6   225 0.82 -
TRINITY_DN237_c0_g2_i4:29-904      -            292 1927at3041           -            257   9.8e-31  103.7   0.2   2   2       1.8        19    1.2   0.0   214   239   261   286   246   290 0.86 -
TRINITY_DN237_c0_g2_i1:44-904      -            287 1927at3041           -            257   2.6e-29   99.1   0.2   1   2   1.9e-29     2e-28   96.1   0.1     2   200     9   212     8   225 0.83 -
TRINITY_DN237_c0_g2_i1:44-904      -            287 1927at3041           -            257   2.6e-29   99.1   0.2   2   2       2.3        25    0.8   0.0   214   239   261   286   246   287 0.86 -
TRINITY_DN5097_c0_g1_i1:248-898    -            217 1927at3041           -            257   9.6e-29   97.2   0.1   1   1   1.2e-29   1.3e-28   96.8   0.1     2   197    11   213    10   216 0.77 -
TRINITY_DN1593_c0_g1_i1:826-1662   -            279 1927at3041           -            257     1e-27   93.8   0.0   1   1   1.3e-28   1.4e-27   93.4   0.0    45   236    76   273    36   277 0.75 -
TRINITY_DN9_c0_g1_i2:38-838        -            267 1927at3041           -            257   1.8e-24   83.2   0.0   1   1   2.8e-25     3e-24   82.5   0.0     2   232     8   245     7   257 0.76 -
TRINITY_DN527_c0_g1_i1:242-1435    -            398 1927at3041           -            257   2.4e-24   82.8   0.0   1   2   1.1e-17   1.2e-16   57.6   0.0     2   140     7   149     6   154 0.80 -
TRINITY_DN527_c0_g1_i1:242-1435    -            398 1927at3041           -            257   2.4e-24   82.8   0.0   2   2   3.2e-07   3.5e-06   23.3   0.0   149   236   310   395   304   398 0.80 -
TRINITY_DN38483_c0_g1_i1:24-395    -            124 1927at3041           -            257     2e-23   79.8   0.0   1   1     5e-24   5.5e-23   78.4   0.0    71   181     1   124     1   124 0.80 -
TRINITY_DN1536_c0_g1_i5:368-1267   -            300 1927at3041           -            257   3.3e-23   79.1   0.2   1   2   4.8e-23   5.2e-22   75.2   0.0    83   199    94   217    25   226 0.80 -
TRINITY_DN1536_c0_g1_i5:368-1267   -            300 1927at3041           -            257   3.3e-23   79.1   0.2   2   2       1.2        13    1.7   0.0   215   239   275   299   245   300 0.82 -
TRINITY_DN1536_c0_g1_i4:368-1282   -            305 1927at3041           -            257   3.5e-23   79.0   0.2   1   2     5e-23   5.4e-22   75.1   0.0    83   199    99   222    30   231 0.81 -
TRINITY_DN1536_c0_g1_i4:368-1282   -            305 1927at3041           -            257   3.5e-23   79.0   0.2   2   2       1.2        13    1.7   0.0   215   239   280   304   250   305 0.82 -
TRINITY_DN6241_c0_g1_i1:327-908    -            194 1927at3041           -            257   6.9e-23   78.0   0.0   1   1   1.4e-23   1.6e-22   76.9   0.0    93   213    35   164    21   185 0.76 -
TRINITY_DN1462_c0_g2_i3:1-831      -            277 1927at3041           -            257   1.3e-22   77.2   0.0   1   1   2.1e-23   2.3e-22   76.3   0.0     2   230    33   268    32   273 0.79 -
TRINITY_DN527_c0_g1_i2:242-1474    -            411 1927at3041           -            257   7.4e-22   74.7   0.3   1   2     2e-14   2.2e-13   46.9   0.2     2   140     7   162     6   167 0.71 -
TRINITY_DN527_c0_g1_i2:242-1474    -            411 1927at3041           -            257   7.4e-22   74.7   0.3   2   2   3.4e-07   3.7e-06   23.2   0.0   149   236   323   408   317   411 0.80 -
TRINITY_DN2262_c0_g1_i2:0-392      -            131 1927at3041           -            257   1.1e-21   74.0   0.0   1   1   1.5e-22   1.7e-21   73.5   0.0    68   180     5   126     1   130 0.88 -
TRINITY_DN9_c1_g1_i2:638-1507      -            290 1927at3041           -            257   2.1e-21   73.2   0.0   1   1   4.3e-22   4.7e-21   72.0   0.0     2   236     1   248     1   256 0.73 -
TRINITY_DN3386_c0_g1_i2:187-834    -            216 1927at3041           -            257   4.9e-21   72.0   0.0   1   1   6.5e-22     7e-21   71.4   0.0    37   234     2   205     1   212 0.83 -
TRINITY_DN9_c1_g1_i1:638-1945      -            436 1927at3041           -            257   7.5e-21   71.4   0.0   1   1   1.6e-21   1.7e-20   70.2   0.0     2   236     1   248     1   256 0.73 -
TRINITY_DN9_c1_g1_i4:504-1811      -            436 1927at3041           -            257   7.5e-21   71.4   0.0   1   1   1.6e-21   1.7e-20   70.2   0.0     2   236     1   248     1   256 0.73 -
TRINITY_DN3320_c0_g1_i1:4-762      -            253 1927at3041           -            257   1.2e-20   70.7   0.0   1   1   1.4e-21   1.5e-20   70.4   0.0    79   233    17   189     4   209 0.79 -
TRINITY_DN1529_c0_g1_i1:310-1266   -            319 1927at3041           -            257   7.6e-20   68.1   0.2   1   2   2.3e-18   2.5e-17   59.8   0.0    90   194   121   231    37   253 0.78 -
TRINITY_DN1529_c0_g1_i1:310-1266   -            319 1927at3041           -            257   7.6e-20   68.1   0.2   2   2     0.065      0.71    5.9   0.0   215   239   294   318   262   319 0.77 -
TRINITY_DN13031_c0_g1_i1:4-711     -            236 1927at3041           -            257   7.8e-20   68.0   0.0   1   1   2.4e-20   2.6e-19   66.3   0.0    65   235    48   231    18   236 0.78 -
TRINITY_DN13031_c0_g1_i2:4-711     -            236 1927at3041           -            257   7.8e-20   68.0   0.0   1   1   2.4e-20   2.6e-19   66.3   0.0    65   235    48   231    18   236 0.78 -
TRINITY_DN14550_c0_g1_i1:74-484    -            137 1927at3041           -            257   1.3e-19   67.3   0.0   1   1   1.4e-20   1.5e-19   67.1   0.0   112   240     1   135     1   137 0.86 -
TRINITY_DN977_c0_g1_i1:116-913     -            266 1927at3041           -            257   1.6e-19   67.0   0.1   1   1   2.3e-20   2.4e-19   66.4   0.1     2   233    14   252    13   263 0.74 -
TRINITY_DN3320_c0_g1_i6:221-1192   -            324 1927at3041           -            257   2.4e-19   66.4   0.0   1   1   2.9e-20   3.2e-19   66.0   0.0    39   233    38   256     9   275 0.77 -
TRINITY_DN32412_c0_g1_i1:281-724   -            148 1927at3041           -            257   2.7e-19   66.2   0.0   1   1   2.8e-20   3.1e-19   66.1   0.0    96   199     7   123     2   147 0.79 -
TRINITY_DN9497_c0_g1_i1:191-955    -            255 1927at3041           -            257   3.5e-19   65.9   0.1   1   1   5.3e-20   5.8e-19   65.2   0.1     7   186    22   202    13   253 0.72 -
TRINITY_DN5379_c0_g1_i1:50-565     -            172 1927at3041           -            257   3.5e-19   65.9   0.0   1   1     4e-20   4.4e-19   65.6   0.0    97   242     9   163     3   168 0.83 -
TRINITY_DN5336_c0_g1_i1:109-834    -            242 1927at3041           -            257   4.1e-19   65.7   0.0   1   2   1.2e-09   1.4e-08   31.2   0.0    67   127    29    91    16    96 0.90 -
TRINITY_DN5336_c0_g1_i1:109-834    -            242 1927at3041           -            257   4.1e-19   65.7   0.0   2   2     5e-10   5.4e-09   32.5   0.0   130   234   114   234   111   240 0.72 -
TRINITY_DN40053_c0_g1_i1:9-344     -            112 1927at3041           -            257     6e-19   65.1   0.0   1   1   1.6e-19   1.8e-18   63.6   0.0   117   200     1    99     1   109 0.84 -
TRINITY_DN5336_c0_g1_i2:397-1236   -            280 1927at3041           -            257   6.7e-19   65.0   0.0   1   2   1.5e-09   1.6e-08   30.9   0.0    66   127    66   129    44   134 0.90 -
TRINITY_DN5336_c0_g1_i2:397-1236   -            280 1927at3041           -            257   6.7e-19   65.0   0.0   2   2   7.1e-10   7.7e-09   32.0   0.0   130   234   152   272   149   278 0.72 -
TRINITY_DN446_c0_g1_i1:129-947     -            273 1927at3041           -            257   8.2e-19   64.7   0.0   1   1   1.6e-19   1.8e-18   63.6   0.0    94   232   104   251    89   263 0.80 -
TRINITY_DN9655_c0_g1_i2:94-960     -            289 1927at3041           -            257   3.2e-18   62.7   0.1   1   1     7e-19   7.6e-18   61.5   0.1    14   197    27   227     9   281 0.70 -
TRINITY_DN13278_c0_g1_i1:11-571    -            187 1927at3041           -            257     5e-18   62.1   0.0   1   1   4.6e-19     5e-18   62.1   0.0    93   198    45   156    12   187 0.82 -
TRINITY_DN5741_c1_g1_i1:165-1022   -            286 1927at3041           -            257   1.8e-17   60.3   0.0   1   1   5.7e-18   6.2e-17   58.5   0.0    67   201    76   233    27   259 0.76 -
TRINITY_DN5741_c1_g2_i1:0-827      -            276 1927at3041           -            257   2.5e-17   59.8   0.0   1   1   8.5e-18   9.2e-17   58.0   0.0    92   239   106   269    70   273 0.77 -
TRINITY_DN28230_c0_g1_i1:130-1008  -            293 1927at3041           -            257     4e-17   59.1   0.0   1   1   5.4e-18   5.8e-17   58.6   0.0    94   234   103   248    16   254 0.79 -
TRINITY_DN1064_c0_g1_i2:103-615    -            171 1927at3041           -            257   9.8e-17   57.9   0.0   1   1   1.2e-17   1.3e-16   57.4   0.0    15   140    49   171    38   171 0.86 -
TRINITY_DN527_c0_g1_i3:148-891     -            248 1927at3041           -            257   1.7e-16   57.1   0.1   1   2   3.2e-12   3.4e-11   39.7   0.1    94   140     4    50     1    55 0.91 -
TRINITY_DN527_c0_g1_i3:148-891     -            248 1927at3041           -            257   1.7e-16   57.1   0.1   2   2   7.2e-05   0.00079   15.6   0.0   149   185   211   246   205   248 0.85 -
TRINITY_DN9_c2_g1_i1:0-368         -            123 1927at3041           -            257   3.3e-16   56.1   0.0   1   1   3.8e-17   4.1e-16   55.8   0.0   115   231     1   122     1   123 0.81 -
TRINITY_DN9655_c0_g1_i3:97-609     -            171 1927at3041           -            257   7.2e-16   55.0   0.0   1   1     8e-17   8.7e-16   54.8   0.0   100   200     1   113     1   165 0.76 -
TRINITY_DN2968_c0_g1_i1:199-1258   -            316 1927at3041           -            257   7.6e-16   54.9   0.0   1   1   9.3e-17     1e-15   54.6   0.0    83   246    86   262     8   269 0.73 -
TRINITY_DN2968_c0_g1_i2:199-1146   -            316 1927at3041           -            257   7.8e-16   54.9   0.0   1   1   9.9e-17   1.1e-15   54.5   0.0    84   246    87   262     9   269 0.75 -
TRINITY_DN1218_c0_g2_i1:9-344      -            112 1927at3041           -            257   1.9e-15   53.7   0.0   1   1   2.1e-16   2.3e-15   53.4   0.0    92   178    20   112    10   112 0.84 -
TRINITY_DN7061_c0_g1_i2:7-711      -            235 1927at3041           -            257   1.9e-15   53.6   0.0   1   1     3e-16   3.2e-15   52.9   0.0    94   240     5   169     2   181 0.78 -
TRINITY_DN317_c0_g2_i1:6-518       -            171 1927at3041           -            257   3.1e-15   53.0   0.0   1   1   2.1e-15   2.3e-14   50.1   0.0    97   231    12   163     5   171 0.73 -
TRINITY_DN7846_c0_g1_i1:7-456      -            150 1927at3041           -            257   3.1e-15   52.9   0.0   1   1     4e-16   4.3e-15   52.5   0.0     2   140     9   150     8   150 0.84 -
TRINITY_DN5741_c1_g1_i2:1-651      -            217 1927at3041           -            257   3.3e-15   52.9   0.0   1   1   9.6e-16     1e-14   51.2   0.0    95   201    39   164     5   192 0.80 -
TRINITY_DN13278_c0_g1_i2:74-403    -            110 1927at3041           -            257   3.8e-15   52.7   0.0   1   1   4.1e-16   4.4e-15   52.4   0.0   105   198     1   100     1   105 0.87 -
TRINITY_DN317_c0_g3_i7:85-696      -            204 1927at3041           -            257   7.7e-15   51.7   0.1   1   1   8.2e-16   8.9e-15   51.4   0.1    61   156    99   204    54   204 0.79 -
TRINITY_DN1594_c1_g1_i1:2-730      -            243 1927at3041           -            257   7.7e-15   51.7   0.0   1   2       5.1        56   -0.3   0.0   150   172    51    73    43    83 0.89 -
TRINITY_DN1594_c1_g1_i1:2-730      -            243 1927at3041           -            257   7.7e-15   51.7   0.0   2   2     3e-15   3.3e-14   49.6   0.0   100   188    93   193    80   241 0.79 -
TRINITY_DN10006_c0_g1_i1:2-721     -            240 1927at3041           -            257     1e-14   51.2   0.1   1   2   7.2e-09   7.8e-08   28.7   0.1     2   140    28   168    27   171 0.68 -
TRINITY_DN10006_c0_g1_i1:2-721     -            240 1927at3041           -            257     1e-14   51.2   0.1   2   2   2.2e-06   2.4e-05   20.5   0.0   137   197   180   239   177   240 0.88 -
TRINITY_DN1100_c0_g1_i7:742-1515   -            258 1927at3041           -            257   1.4e-14   50.8   0.0   1   1   1.7e-15   1.8e-14   50.4   0.0    36   236    46   252     3   256 0.65 -
TRINITY_DN34592_c0_g1_i1:0-386     -            129 1927at3041           -            257   1.7e-14   50.5   0.0   1   1   1.9e-15     2e-14   50.3   0.0   120   238     2   127     1   129 0.78 -
TRINITY_DN317_c0_g3_i10:91-441     -            117 1927at3041           -            257     2e-14   50.3   0.0   1   1   2.1e-15   2.3e-14   50.1   0.0    64   154    17   117     7   117 0.84 -
TRINITY_DN641_c0_g1_i1:85-600      -            172 1927at3041           -            257   2.2e-14   50.2   0.3   1   1   3.3e-15   3.5e-14   49.5   0.3    14   140    37   160    22   170 0.84 -
TRINITY_DN1531_c0_g1_i1:16-852     -            279 1927at3041           -            257   2.2e-14   50.1   0.0   1   2   1.5e-13   1.7e-12   44.0   0.0   107   247     2   153     1   158 0.78 -
TRINITY_DN1531_c0_g1_i1:16-852     -            279 1927at3041           -            257   2.2e-14   50.1   0.0   2   2      0.22       2.4    4.2   0.0    48    94   207   254   196   270 0.82 -
TRINITY_DN1100_c0_g1_i8:727-1377   -            217 1927at3041           -            257   2.4e-14   50.0   0.0   1   1   3.3e-15   3.6e-14   49.4   0.0    37   237     1   207     1   213 0.66 -
TRINITY_DN1536_c0_g1_i7:368-898    -            177 1927at3041           -            257   3.8e-14   49.4   0.0   1   2   9.9e-14   1.1e-12   44.6   0.0   121   199     9    94     5   104 0.83 -
TRINITY_DN1536_c0_g1_i7:368-898    -            177 1927at3041           -            257   3.8e-14   49.4   0.0   2   2      0.51       5.6    3.0   0.0   215   239   152   176   120   177 0.81 -
TRINITY_DN1950_c0_g1_i9:93-605     -            171 1927at3041           -            257   4.8e-14   49.1   0.0   1   1   3.2e-14   3.5e-13   46.2   0.0   101   236     1   154     1   165 0.76 -
TRINITY_DN10607_c0_g1_i2:208-1746  -            513 1927at3041           -            257   4.9e-14   49.0   0.0   1   1   7.9e-15   8.6e-14   48.2   0.0    68   239    79   266     9   280 0.80 -
TRINITY_DN16759_c0_g1_i1:45-683    -            213 1927at3041           -            257   7.4e-14   48.4   0.0   1   1   1.1e-14   1.2e-13   47.8   0.0    94   186    58   160     2   211 0.70 -
TRINITY_DN462_c2_g2_i1:12-455      -            148 1927at3041           -            257   8.7e-14   48.2   0.1   1   1     9e-15   9.8e-14   48.0   0.1    60   155    41   147     1   148 0.70 -
TRINITY_DN31639_c0_g1_i1:28-264    -             79 1927at3041           -            257   9.8e-14   48.0   0.0   1   1   1.1e-14   1.2e-13   47.8   0.0   108   178     1    79     1    79 0.82 -
TRINITY_DN10646_c0_g1_i1:252-815   -            188 1927at3041           -            257   1.1e-13   47.8   0.0   1   1   1.3e-14   1.4e-13   47.5   0.0    68   156    90   188    59   188 0.79 -
TRINITY_DN21376_c0_g1_i1:147-770   -            208 1927at3041           -            257   1.2e-13   47.8   0.1   1   1   1.4e-14   1.5e-13   47.5   0.1     3   182    11   200     9   208 0.67 -
TRINITY_DN1462_c0_g2_i2:107-643    -            179 1927at3041           -            257   1.2e-13   47.7   0.4   1   1   2.3e-14   2.5e-13   46.7   0.4     2   138    33   171    32   176 0.80 -
TRINITY_DN15660_c0_g1_i1:18-407    -            130 1927at3041           -            257   2.5e-13   46.7   0.0   1   1   2.4e-14   2.6e-13   46.7   0.0   107   213     3   116     1   130 0.72 -
TRINITY_DN317_c0_g1_i2:4-417       -            138 1927at3041           -            257   5.9e-13   45.5   0.1   1   1   3.6e-13   3.9e-12   42.8   0.1    96   181    30   134    17   138 0.76 -
TRINITY_DN2369_c0_g2_i1:2-430      -            143 1927at3041           -            257   6.1e-13   45.4   0.0   1   1   7.8e-14   8.4e-13   45.0   0.0     2   129    11   143    10   143 0.74 -
TRINITY_DN2729_c0_g2_i3:26-511     -            162 1927at3041           -            257   1.2e-12   44.4   0.0   1   1   1.1e-12   1.2e-11   41.2   0.0    91   183    45   157     3   161 0.71 -
TRINITY_DN2729_c0_g2_i1:143-826    -            228 1927at3041           -            257   1.3e-12   44.4   0.0   1   1   8.7e-13   9.4e-12   41.5   0.0    92   186    46   161     4   222 0.73 -
TRINITY_DN5631_c0_g3_i1:140-889    -            250 1927at3041           -            257     2e-12   43.7   0.0   1   1   3.8e-13   4.1e-12   42.7   0.0     3   229     1   244     1   249 0.67 -
TRINITY_DN4086_c0_g1_i1:60-515     -            152 1927at3041           -            257   2.4e-12   43.5   0.1   1   1   2.5e-13   2.7e-12   43.3   0.1    92   179    53   145     1   149 0.75 -
TRINITY_DN462_c0_g1_i1:1-312       -            104 1927at3041           -            257   4.6e-12   42.6   0.0   1   1     5e-13   5.4e-12   42.3   0.0   130   193    36   103    32   104 0.85 -
TRINITY_DN16033_c0_g1_i1:5-403     -            133 1927at3041           -            257   6.6e-12   42.0   0.0   1   1   8.1e-13   8.8e-12   41.6   0.0    25   135    27   133    14   133 0.81 -
TRINITY_DN7465_c0_g1_i10:1502-2011 -            170 1927at3041           -            257   7.1e-12   41.9   0.0   1   1   7.5e-13   8.1e-12   41.7   0.0    99   209    18   135     9   163 0.79 -
TRINITY_DN7465_c0_g1_i5:1502-2011  -            170 1927at3041           -            257   7.1e-12   41.9   0.0   1   1   7.5e-13   8.1e-12   41.7   0.0    99   209    18   135     9   163 0.79 -
TRINITY_DN19109_c0_g1_i1:8-436     -            143 1927at3041           -            257   9.2e-12   41.6   0.0   1   1     2e-12   2.2e-11   40.3   0.0   105   182     2    87     1   137 0.75 -
TRINITY_DN2316_c0_g1_i1:196-741    -            182 1927at3041           -            257   9.4e-12   41.5   0.0   1   1     1e-12   1.1e-11   41.3   0.0    94   198    23   139    13   182 0.70 -
TRINITY_DN237_c0_g1_i1:68-454      -            129 1927at3041           -            257   1.1e-11   41.3   0.0   1   2   9.1e-11   9.9e-10   34.9   0.0   149   200     1    53     1    84 0.88 -
TRINITY_DN237_c0_g1_i1:68-454      -            129 1927at3041           -            257   1.1e-11   41.3   0.0   2   2      0.13       1.4    4.9   0.0   214   239   102   127    86   128 0.86 -
TRINITY_DN1100_c0_g1_i4:116-676    -            187 1927at3041           -            257   1.8e-11   40.6   0.0   1   1     2e-12   2.2e-11   40.3   0.0    36   172    46   187     3   187 0.66 -
TRINITY_DN1100_c0_g1_i6:116-676    -            187 1927at3041           -            257   1.8e-11   40.6   0.0   1   1     2e-12   2.2e-11   40.3   0.0    36   172    46   187     3   187 0.66 -
TRINITY_DN1100_c0_g1_i2:116-577    -            154 1927at3041           -            257   2.1e-11   40.4   0.0   1   1   2.6e-12   2.8e-11   40.0   0.0    37   172    14   154    10   154 0.67 -
TRINITY_DN7465_c0_g1_i4:1505-2449  -            315 1927at3041           -            257   2.2e-11   40.3   0.0   1   1     4e-12   4.4e-11   39.3   0.0    99   209   164   281   152   306 0.79 -
TRINITY_DN4684_c0_g2_i1:33-578     -            182 1927at3041           -            257   2.5e-11   40.1   0.1   1   1   2.7e-12   2.9e-11   39.9   0.1    67   156    83   182    35   182 0.72 -
TRINITY_DN2262_c0_g1_i1:0-566      -            189 1927at3041           -            257   3.6e-11   39.6   0.0   1   1   5.4e-12   5.9e-11   38.9   0.0    98   180    92   184    76   188 0.80 -
TRINITY_DN4021_c0_g1_i2:36-887     -            284 1927at3041           -            257   4.3e-11   39.4   0.0   1   2       6.8        74   -0.7   0.0     2    20    27    49    26    53 0.68 -
TRINITY_DN4021_c0_g1_i2:36-887     -            284 1927at3041           -            257   4.3e-11   39.4   0.0   2   2   1.7e-11   1.9e-10   37.3   0.0    67   189   107   240    79   259 0.67 -
TRINITY_DN481_c0_g3_i1:1078-1908   -            277 1927at3041           -            257   5.1e-11   39.1   0.0   1   2     0.016      0.17    7.9   0.0     2    53     8    64     7    84 0.82 -
TRINITY_DN481_c0_g3_i1:1078-1908   -            277 1927at3041           -            257   5.1e-11   39.1   0.0   2   2   5.5e-09     6e-08   29.1   0.0   103   182   173   268   145   276 0.77 -
TRINITY_DN481_c0_g3_i3:1070-1900   -            277 1927at3041           -            257   5.1e-11   39.1   0.0   1   2     0.016      0.17    7.9   0.0     2    53     8    64     7    84 0.82 -
TRINITY_DN481_c0_g3_i3:1070-1900   -            277 1927at3041           -            257   5.1e-11   39.1   0.0   2   2   5.5e-09     6e-08   29.1   0.0   103   182   173   268   145   276 0.77 -
TRINITY_DN43029_c0_g1_i1:1376-1765 -            130 1927at3041           -            257     6e-11   38.9   0.0   1   1     6e-12   6.5e-11   38.8   0.0    91   177    37   130    13   130 0.80 -
TRINITY_DN1594_c1_g2_i1:540-1004   -            155 1927at3041           -            257   7.2e-11   38.6   0.0   1   1   4.4e-11   4.8e-10   35.9   0.0     2   140    10   153     9   155 0.65 -
TRINITY_DN13437_c0_g2_i1:103-981   -            293 1927at3041           -            257   8.4e-11   38.4   0.0   1   1   1.7e-11   1.9e-10   37.3   0.0    84   182   115   225    64   245 0.75 -
TRINITY_DN8252_c0_g4_i4:176-1027   -            284 1927at3041           -            257   9.2e-11   38.3   0.0   1   1   1.9e-11   2.1e-10   37.1   0.0     3   183    32   228    30   283 0.66 -
TRINITY_DN8252_c0_g4_i6:176-1027   -            284 1927at3041           -            257   9.2e-11   38.3   0.0   1   1   1.9e-11   2.1e-10   37.1   0.0     3   183    32   228    30   283 0.66 -
TRINITY_DN1470_c0_g1_i2:504-1067   -            188 1927at3041           -            257     1e-10   38.1   0.0   1   1   1.5e-11   1.7e-10   37.5   0.0   130   188    28    90    22   118 0.84 -
TRINITY_DN2205_c0_g1_i4:1-657      -            219 1927at3041           -            257   1.2e-10   37.9   0.0   1   1   1.3e-11   1.5e-10   37.6   0.0    71   192    44   182    17   196 0.78 -
TRINITY_DN8252_c0_g4_i5:176-817    -            214 1927at3041           -            257   1.3e-10   37.7   0.0   1   1   1.5e-11   1.7e-10   37.4   0.0    71   183    29   158    23   213 0.75 -
TRINITY_DN8252_c0_g4_i1:176-931    -            252 1927at3041           -            257   2.5e-10   36.9   0.0   1   1   3.8e-11   4.1e-10   36.2   0.0     3   183     1   196     1   251 0.68 -
TRINITY_DN1531_c0_g1_i2:16-1044    -            343 1927at3041           -            257   2.6e-10   36.8   0.0   1   3   5.4e-09   5.8e-08   29.1   0.0   107   196     2    99     1   115 0.79 -
TRINITY_DN1531_c0_g1_i2:16-1044    -            343 1927at3041           -            257   2.6e-10   36.8   0.0   2   3       4.2        46   -0.0   0.0   215   246   185   216   152   221 0.82 -
TRINITY_DN1531_c0_g1_i2:16-1044    -            343 1927at3041           -            257   2.6e-10   36.8   0.0   3   3       0.3       3.3    3.7   0.0    48    94   271   318   260   333 0.81 -
TRINITY_DN32997_c0_g1_i1:24-746    -            241 1927at3041           -            257     3e-10   36.6   0.1   1   1   5.1e-11   5.6e-10   35.7   0.1    92   186    98   189    58   205 0.87 -
TRINITY_DN21939_c0_g1_i1:3-632     -            210 1927at3041           -            257   3.9e-10   36.2   0.0   1   1   4.9e-11   5.4e-10   35.8   0.0    99   182    65   157     6   177 0.80 -
TRINITY_DN4375_c0_g1_i1:1-534      -            178 1927at3041           -            257   7.9e-10   35.2   0.0   1   1   8.9e-11   9.7e-10   34.9   0.0    66   144    67   148    19   166 0.85 -
TRINITY_DN5631_c0_g2_i1:758-1396   -            213 1927at3041           -            257   1.4e-09   34.5   0.0   1   1   1.5e-10   1.7e-09   34.2   0.0    72   233    31   211    15   213 0.73 -
TRINITY_DN5631_c1_g1_i2:54-488     -            145 1927at3041           -            257   2.5e-09   33.6   0.0   1   1   3.3e-10   3.6e-09   33.1   0.0   113   182     1    81     1   112 0.83 -
TRINITY_DN2729_c0_g2_i2:157-417    -             87 1927at3041           -            257   2.6e-09   33.5   0.0   1   1   2.4e-10   2.6e-09   33.5   0.0    92   139    39    87     4    87 0.78 -
TRINITY_DN5741_c0_g4_i1:12-449     -            146 1927at3041           -            257   3.3e-09   33.2   0.0   1   1   9.1e-10   9.9e-09   31.6   0.0   116   238     1   140     1   143 0.73 -
TRINITY_DN26039_c0_g1_i1:6-422     -            139 1927at3041           -            257     4e-09   32.9   0.0   1   1   5.2e-10   5.7e-09   32.4   0.0    99   141    87   129    79   134 0.93 -
TRINITY_DN3615_c0_g1_i2:3-545      -            181 1927at3041           -            257   5.6e-09   32.4   0.2   1   1   1.4e-09   1.5e-08   31.0   0.2     2   141    12   157    11   178 0.72 -
TRINITY_DN8238_c0_g1_i2:224-1222   -            333 1927at3041           -            257   5.9e-09   32.4   0.0   1   2     1e-06   1.1e-05   21.6   0.0     2   140     7   160     6   166 0.67 -
TRINITY_DN8238_c0_g1_i2:224-1222   -            333 1927at3041           -            257   5.9e-09   32.4   0.0   2   2     0.076      0.82    5.7   0.0   148   193   235   279   225   321 0.79 -
TRINITY_DN5740_c0_g3_i1:36-680     -            215 1927at3041           -            257   6.9e-09   32.2   0.0   1   1   2.6e-09   2.8e-08   30.2   0.0    96   191    45   158    11   201 0.73 -
TRINITY_DN254_c0_g1_i2:11-364      -            118 1927at3041           -            257   9.1e-09   31.8   0.0   1   1   9.3e-10     1e-08   31.6   0.0    94   147    46   103    19   114 0.82 -
TRINITY_DN10607_c0_g1_i1:42-449    -            136 1927at3041           -            257   9.9e-09   31.6   0.0   1   1   1.1e-09   1.2e-08   31.3   0.0   126   239     7   132     3   135 0.82 -
TRINITY_DN2205_c1_g1_i5:1504-2292  -            263 1927at3041           -            257     1e-08   31.6   0.0   1   2       1.5        16    1.5   0.1     3    20    17    38    15    43 0.74 -
TRINITY_DN2205_c1_g1_i5:1504-2292  -            263 1927at3041           -            257     1e-08   31.6   0.0   2   2   1.5e-08   1.7e-07   27.6   0.0    94   146   178   233   174   241 0.78 -
TRINITY_DN22726_c0_g1_i1:41-337    -             99 1927at3041           -            257   1.1e-08   31.5   0.1   1   1   1.1e-09   1.2e-08   31.4   0.1     2    84    10    96     9    99 0.87 -
TRINITY_DN2205_c0_g1_i2:1-507      -            169 1927at3041           -            257   1.1e-08   31.5   0.0   1   1   1.1e-09   1.2e-08   31.3   0.0    71   142    44   123    16   146 0.80 -
TRINITY_DN1594_c2_g1_i2:0-428      -            143 1927at3041           -            257   1.4e-08   31.2   0.0   1   1   1.8e-09     2e-08   30.7   0.0   102   143    78   122    68   132 0.81 -
TRINITY_DN3615_c0_g1_i1:3-506      -            168 1927at3041           -            257   1.4e-08   31.1   0.2   1   1   3.8e-09   4.1e-08   29.6   0.2    14   141    17   144    11   165 0.72 -
TRINITY_DN1594_c2_g1_i1:0-494      -            165 1927at3041           -            257   1.5e-08   31.1   0.0   1   1   1.7e-09   1.8e-08   30.7   0.0   102   144    78   123    68   161 0.83 -
TRINITY_DN739_c0_g1_i2:31-738      -            236 1927at3041           -            257   1.9e-08   30.7   0.0   1   1   3.3e-08   3.6e-07   26.5   0.0    89   238    54   233    20   235 0.63 -
TRINITY_DN462_c1_g1_i1:1356-1799   -            148 1927at3041           -            257   2.6e-08   30.3   0.2   1   1   3.1e-09   3.4e-08   29.9   0.2    67   138    72   147    63   148 0.87 -
TRINITY_DN462_c1_g1_i2:1002-1445   -            148 1927at3041           -            257   2.6e-08   30.3   0.2   1   1   3.1e-09   3.4e-08   29.9   0.2    67   138    72   147    63   148 0.87 -
TRINITY_DN1715_c0_g1_i4:807-1445   -            213 1927at3041           -            257   3.1e-08   30.0   0.1   1   1   3.2e-08   3.5e-07   26.6   0.1    98   181    49   156    38   208 0.79 -
TRINITY_DN1715_c0_g1_i6:425-1063   -            213 1927at3041           -            257   3.1e-08   30.0   0.1   1   1   3.2e-08   3.5e-07   26.6   0.1    98   181    49   156    38   208 0.79 -
TRINITY_DN21668_c0_g1_i1:4-327     -            108 1927at3041           -            257   4.3e-08   29.5   0.1   1   1     1e-08   1.1e-07   28.2   0.1    37   141     1   106     1   108 0.69 -
TRINITY_DN574_c0_g1_i5:251-973     -            241 1927at3041           -            257   4.4e-08   29.5   0.3   1   1   8.3e-09     9e-08   28.5   0.0    86   164   100   183    79   230 0.81 -
TRINITY_DN8342_c0_g1_i2:17-400     -            128 1927at3041           -            257   5.5e-08   29.2   0.0   1   1   6.3e-09   6.9e-08   28.9   0.0    99   143    50   100    35   102 0.76 -
TRINITY_DN3320_c0_g1_i5:221-769    -            183 1927at3041           -            257   6.2e-08   29.0   0.0   1   1   1.2e-08   1.3e-07   28.0   0.0    79   138   120   182   106   183 0.77 -
TRINITY_DN37567_c0_g1_i1:17-460    -            148 1927at3041           -            257   6.8e-08   28.9   0.1   1   1   8.9e-09   9.6e-08   28.4   0.1    82   137    90   148     6   148 0.71 -
TRINITY_DN2828_c0_g2_i1:32-553     -            174 1927at3041           -            257   7.9e-08   28.7   0.0   1   1   9.3e-09     1e-07   28.3   0.0    67   140    29   103     6   107 0.79 -
TRINITY_DN3320_c0_g1_i3:103-627    -            175 1927at3041           -            257   8.5e-08   28.6   0.0   1   1     1e-08   1.1e-07   28.2   0.0   144   233     8   107     5   127 0.81 -
TRINITY_DN574_c0_g1_i6:2-787       -            262 1927at3041           -            257   8.8e-08   28.5   0.0   1   1   9.8e-09   1.1e-07   28.3   0.0    86   164    35   118    14   168 0.81 -
TRINITY_DN574_c0_g1_i2:251-1249    -            333 1927at3041           -            257   9.8e-08   28.4   0.3   1   1   1.7e-08   1.8e-07   27.5   0.0    86   164   100   183    79   231 0.81 -
TRINITY_DN5731_c0_g1_i3:5-448      -            148 1927at3041           -            257     1e-07   28.3   0.0   1   1     1e-08   1.1e-07   28.2   0.0    69   139    65   139    16   144 0.83 -
TRINITY_DN574_c0_g1_i3:54-996      -            292 1927at3041           -            257   1.1e-07   28.2   0.0   1   1   1.3e-08   1.4e-07   27.9   0.0    86   164    59   142    38   191 0.81 -
TRINITY_DN1885_c0_g1_i2:1-336      -            112 1927at3041           -            257   1.1e-07   28.2   0.0   1   1   1.1e-08   1.2e-07   28.1   0.0    97   142    47    95    15   107 0.76 -
TRINITY_DN7465_c0_g1_i3:182-424    -             81 1927at3041           -            257   1.2e-07   28.1   0.0   1   1   1.1e-08   1.2e-07   28.1   0.0   106   166     2    74     1    81 0.77 -
TRINITY_DN5737_c0_g1_i2:129-614    -            162 1927at3041           -            257   1.2e-07   28.1   0.0   1   1   1.3e-08   1.5e-07   27.8   0.0   102   190     5   110     1   154 0.73 -
TRINITY_DN5741_c0_g2_i5:123-878    -            252 1927at3041           -            257   1.2e-07   28.0   0.0   1   2   0.00029    0.0031   13.6   0.0    85   156    48   128     5   136 0.72 -
TRINITY_DN5741_c0_g2_i5:123-878    -            252 1927at3041           -            257   1.2e-07   28.0   0.0   2   2   0.00068    0.0074   12.4   0.0   161   244   152   245   148   250 0.59 -
TRINITY_DN39118_c0_g1_i1:2-589     -            196 1927at3041           -            257   1.4e-07   27.9   0.0   1   2   6.7e-05   0.00073   15.7   0.0   105   142     1    44     1    58 0.82 -
TRINITY_DN39118_c0_g1_i1:2-589     -            196 1927at3041           -            257   1.4e-07   27.9   0.0   2   2    0.0025     0.027   10.5   0.0   143   202    98   157    91   189 0.87 -
TRINITY_DN5731_c0_g1_i2:67-348     -             94 1927at3041           -            257   1.5e-07   27.8   0.0   1   1   1.5e-08   1.6e-07   27.7   0.0    91   139    43    91    11    93 0.79 -
TRINITY_DN1462_c1_g1_i1:3-623      -            207 1927at3041           -            257   1.5e-07   27.7   0.2   1   1   2.4e-08   2.6e-07   27.0   0.0    94   157   143   205   137   207 0.86 -
TRINITY_DN2491_c0_g1_i1:156-812    -            219 1927at3041           -            257   1.6e-07   27.6   0.0   1   1   1.8e-08     2e-07   27.4   0.0     2   140    23   167    22   194 0.73 -
TRINITY_DN2662_c0_g1_i2:121-636    -            172 1927at3041           -            257   1.9e-07   27.5   0.0   1   1   2.2e-08   2.3e-07   27.1   0.0   101   182    13   108     5   147 0.75 -
TRINITY_DN2205_c1_g1_i1:1504-2244  -            247 1927at3041           -            257   1.9e-07   27.4   0.0   1   2       1.3        15    1.6   0.1     3    20    17    38    15    43 0.74 -
TRINITY_DN2205_c1_g1_i1:1504-2244  -            247 1927at3041           -            257   1.9e-07   27.4   0.0   2   2     3e-07   3.3e-06   23.4   0.0    94   141   178   228   174   238 0.80 -
TRINITY_DN481_c0_g4_i1:158-616     -            153 1927at3041           -            257   2.1e-07   27.3   0.0   1   1   1.3e-07   1.4e-06   24.5   0.0   104   186     7   109     1   128 0.76 -
TRINITY_DN3585_c0_g1_i1:996-1964   -            323 1927at3041           -            257   2.2e-07   27.2   0.0   1   1   3.8e-08   4.1e-07   26.3   0.0   102   187   164   263   127   281 0.79 -
TRINITY_DN3585_c0_g1_i2:996-1964   -            323 1927at3041           -            257   2.2e-07   27.2   0.0   1   1   3.8e-08   4.1e-07   26.3   0.0   102   187   164   263   127   281 0.79 -
TRINITY_DN3585_c0_g1_i3:996-1964   -            323 1927at3041           -            257   2.3e-07   27.2   0.0   1   1   3.8e-08   4.1e-07   26.3   0.0   102   187   164   263   127   281 0.79 -
TRINITY_DN2662_c0_g1_i3:121-627    -            169 1927at3041           -            257   2.4e-07   27.1   0.0   1   1   3.1e-08   3.3e-07   26.6   0.0   101   181    13   107     5   123 0.76 -
TRINITY_DN12612_c0_g2_i1:21-422    -            134 1927at3041           -            257   3.7e-07   26.5   0.0   1   1   4.7e-08   5.1e-07   26.0   0.0    99   182    36   131    24   133 0.77 -
TRINITY_DN170_c0_g2_i2:86-907      -            274 1927at3041           -            257   5.9e-07   25.8   0.0   1   1   1.3e-07   1.4e-06   24.6   0.0   149   236     4    91     2    97 0.79 -
TRINITY_DN1219_c0_g1_i1:6-455      -            150 1927at3041           -            257   6.7e-07   25.6   0.1   1   1   2.9e-07   3.1e-06   23.4   0.1   104   139     1    41     1   107 0.73 -
TRINITY_DN7706_c0_g1_i1:32-370     -            113 1927at3041           -            257   7.8e-07   25.4   0.0   1   1   8.4e-08   9.1e-07   25.2   0.0   102   142    36    79    15    89 0.86 -
TRINITY_DN5740_c1_g1_i3:46-483     -            146 1927at3041           -            257   8.5e-07   25.3   0.0   1   2   0.00017    0.0018   14.4   0.0   104   142     5    49     2    54 0.80 -
TRINITY_DN5740_c1_g1_i3:46-483     -            146 1927at3041           -            257   8.5e-07   25.3   0.0   2   2    0.0066     0.072    9.2   0.0   152   202    74   126    65   141 0.81 -
TRINITY_DN6807_c0_g1_i3:193-726    -            178 1927at3041           -            257   9.3e-07   25.2   0.0   1   1   1.3e-07   1.4e-06   24.6   0.0    38   140    49   167    26   174 0.72 -
TRINITY_DN6129_c0_g2_i1:94-648     -            185 1927at3041           -            257   1.1e-06   24.9   0.0   1   1     2e-07   2.1e-06   24.0   0.0    98   182    25   127    18   158 0.69 -
TRINITY_DN5190_c0_g1_i1:0-320      -            107 1927at3041           -            257   1.2e-06   24.8   0.0   1   1   1.2e-07   1.3e-06   24.7   0.0    94   155    11    77     7   106 0.76 -
TRINITY_DN9_c0_g3_i1:302-832       -            177 1927at3041           -            257   1.5e-06   24.5   0.0   1   1   1.9e-07   2.1e-06   24.0   0.0    98   182    12   108     4   125 0.77 -
TRINITY_DN1046_c0_g1_i5:72-476     -            135 1927at3041           -            257   1.9e-06   24.1   0.0   1   1   2.3e-07   2.5e-06   23.7   0.0   103   182    42   135    26   135 0.73 -
TRINITY_DN3320_c1_g2_i1:253-636    -            128 1927at3041           -            257   2.1e-06   24.0   0.0   1   1   2.2e-07   2.4e-06   23.8   0.0    68   124    70   128     8   128 0.75 -
TRINITY_DN18231_c0_g1_i1:6-284     -             93 1927at3041           -            257   2.3e-06   23.9   0.1   1   1   3.2e-07   3.4e-06   23.3   0.1   147   199    31    82     1    92 0.73 -
TRINITY_DN481_c1_g3_i1:26-415      -            130 1927at3041           -            257   2.7e-06   23.6   0.1   1   1   1.3e-06   1.4e-05   21.3   0.1   112   182     1    91     1   111 0.76 -
TRINITY_DN170_c0_g2_i1:86-886      -            267 1927at3041           -            257   3.1e-06   23.5   0.0   1   1   7.5e-07   8.2e-06   22.1   0.0   160   236     6    84     3    90 0.80 -
TRINITY_DN462_c0_g2_i4:0-743       -            248 1927at3041           -            257   3.1e-06   23.4   0.0   1   1   3.7e-07   4.1e-06   23.1   0.0     2   124   121   248   120   248 0.79 -
TRINITY_DN1046_c0_g1_i4:220-624    -            135 1927at3041           -            257   3.7e-06   23.2   0.0   1   1   4.5e-07   4.9e-06   22.8   0.0   103   182    42   135    26   135 0.73 -
TRINITY_DN371_c0_g1_i1:3-797       -            265 1927at3041           -            257   3.8e-06   23.1   0.0   1   1   4.9e-07   5.3e-06   22.7   0.0    87   141    52   110    32   138 0.77 -
TRINITY_DN6807_c0_g1_i4:81-425     -            115 1927at3041           -            257   3.9e-06   23.1   0.0   1   1   5.3e-07   5.7e-06   22.6   0.0    44   138     6   115     1   115 0.67 -
TRINITY_DN1594_c2_g2_i1:55-582     -            176 1927at3041           -            257   4.4e-06   22.9   0.1   1   1   8.5e-07   9.3e-06   21.9   0.0   100   135   142   176   128   176 0.88 -
TRINITY_DN3579_c0_g1_i2:536-904    -            123 1927at3041           -            257   5.5e-06   22.6   0.0   1   1   6.4e-07   6.9e-06   22.3   0.0    38   141     2   120     1   122 0.60 -
TRINITY_DN1737_c0_g1_i4:1-408      -            136 1927at3041           -            257   5.8e-06   22.6   0.1   1   1   1.1e-06   1.2e-05   21.5   0.0    98   129   105   136    97   136 0.90 -
TRINITY_DN1950_c0_g1_i7:156-746    -            197 1927at3041           -            257   8.7e-06   22.0   0.2   1   2      0.64       6.9    2.6   0.0     2    58    10    70     9    97 0.77 -
TRINITY_DN1950_c0_g1_i7:156-746    -            197 1927at3041           -            257   8.7e-06   22.0   0.2   2   2   1.6e-05   0.00018   17.7   0.1    99   141   148   196   104   197 0.80 -
TRINITY_DN19443_c0_g1_i1:37-492    -            152 1927at3041           -            257   9.7e-06   21.8   0.0   1   1   2.1e-06   2.2e-05   20.6   0.0    15   126    40   147    20   150 0.58 -
TRINITY_DN16451_c0_g1_i1:332-829   -            166 1927at3041           -            257   1.2e-05   21.5   0.0   1   2   5.1e-06   5.5e-05   19.4   0.0   116   181     1    81     1    93 0.77 -
TRINITY_DN16451_c0_g1_i1:332-829   -            166 1927at3041           -            257   1.2e-05   21.5   0.0   2   2       4.8        53   -0.2   0.0   216   233   133   150   120   162 0.80 -
TRINITY_DN10607_c0_g1_i4:211-1242  -            344 1927at3041           -            257   1.4e-05   21.4   0.0   1   1   2.6e-06   2.8e-05   20.3   0.0   150   239     5    98     2   112 0.82 -
TRINITY_DN481_c1_g1_i1:28-408      -            127 1927at3041           -            257   1.8e-05   20.9   0.0   1   1     2e-06   2.2e-05   20.7   0.0    96   142    43    95    24   104 0.72 -
TRINITY_DN481_c1_g1_i2:13-492      -            160 1927at3041           -            257   1.9e-05   20.9   0.0   1   1   6.3e-06   6.8e-05   19.1   0.0    98   183    45   150    25   159 0.71 -
TRINITY_DN7465_c0_g1_i8:165-833    -            223 1927at3041           -            257   1.9e-05   20.9   0.0   1   1   4.8e-06   5.2e-05   19.4   0.0    99   138   177   222   164   223 0.83 -
TRINITY_DN11598_c0_g1_i2:147-476   -            110 1927at3041           -            257   2.4e-05   20.5   0.0   1   1   2.7e-06   2.9e-05   20.3   0.0    99   139    40    86    25    93 0.81 -
TRINITY_DN481_c0_g5_i2:117-704     -            196 1927at3041           -            257   2.6e-05   20.4   0.0   1   1   1.3e-05   0.00014   18.0   0.0    98   184    38   144    18   196 0.68 -
TRINITY_DN43602_c0_g1_i1:51-347    -             99 1927at3041           -            257   6.8e-05   19.1   0.0   1   1   9.3e-06    0.0001   18.5   0.0   103   181     3    98     1    99 0.73 -
TRINITY_DN8238_c0_g1_i1:404-871    -            156 1927at3041           -            257   9.5e-05   18.6   0.1   1   2    0.0078     0.085    8.9   0.0   114   140     2    43     1    49 0.61 -
TRINITY_DN8238_c0_g1_i1:404-871    -            156 1927at3041           -            257   9.5e-05   18.6   0.1   2   2      0.11       1.2    5.1   0.0   148   183   118   152   107   155 0.82 -
TRINITY_DN14800_c0_g1_i1:30-461    -            144 1927at3041           -            257   0.00011   18.4   0.0   1   2     0.046      0.49    6.4   0.0     2    22     7    27     6    34 0.89 -
TRINITY_DN14800_c0_g1_i1:30-461    -            144 1927at3041           -            257   0.00011   18.4   0.0   2   2    0.0031     0.034   10.2   0.0    71   129    82   142    68   143 0.76 -
TRINITY_DN26303_c0_g1_i1:446-889   -            148 1927at3041           -            257   0.00019   17.6   0.5   1   1   2.4e-05   0.00026   17.1   0.5    36   124    64   148    22   148 0.63 -
TRINITY_DN2968_c0_g1_i3:169-672    -            168 1927at3041           -            257   0.00025   17.2   0.0   1   1     3e-05   0.00033   16.8   0.0   147   246    11   114     6   122 0.75 -
TRINITY_DN262_c0_g1_i1:130-642     -            171 1927at3041           -            257   0.00044   16.4   0.0   1   1   6.2e-05   0.00068   15.8   0.0   103   188     9   112     4   132 0.69 -
TRINITY_DN2621_c0_g1_i1:112-657    -            182 1927at3041           -            257   0.00076   15.6   0.0   1   1   7.7e-05   0.00084   15.5   0.0    91   139   118   171    54   178 0.81 -
TRINITY_DN614_c0_g1_i4:561-1394    -            278 1927at3041           -            257    0.0013   14.9   0.1   1   2      0.35       3.8    3.5   0.1     2    20     3    21     2    30 0.90 -
TRINITY_DN614_c0_g1_i4:561-1394    -            278 1927at3041           -            257    0.0013   14.9   0.1   2   2    0.0055      0.06    9.4   0.0    87   139    99   157    69   163 0.71 -
TRINITY_DN1314_c0_g1_i1:284-802    -            173 1927at3041           -            257    0.0013   14.9   0.0   1   2     0.024      0.27    7.3   0.0   101   126    50    75    44    79 0.88 -
TRINITY_DN1314_c0_g1_i1:284-802    -            173 1927at3041           -            257    0.0013   14.9   0.0   2   2     0.082      0.89    5.6   0.0   132   181   116   173   102   173 0.66 -
TRINITY_DN1314_c0_g1_i1:961-1479   -            173 1927at3041           -            257    0.0013   14.9   0.0   1   2     0.024      0.27    7.3   0.0   101   126    50    75    44    79 0.88 -
TRINITY_DN1314_c0_g1_i1:961-1479   -            173 1927at3041           -            257    0.0013   14.9   0.0   2   2     0.082      0.89    5.6   0.0   132   181   116   173   102   173 0.66 -
TRINITY_DN614_c0_g1_i1:442-1287    -            282 1927at3041           -            257    0.0013   14.8   0.1   1   2      0.35       3.8    3.5   0.1     2    20     7    25     6    34 0.90 -
TRINITY_DN614_c0_g1_i1:442-1287    -            282 1927at3041           -            257    0.0013   14.8   0.1   2   2    0.0057     0.062    9.4   0.0    87   139   103   161    73   167 0.71 -
TRINITY_DN614_c0_g1_i3:413-1258    -            282 1927at3041           -            257    0.0013   14.8   0.1   1   2      0.35       3.8    3.5   0.1     2    20     7    25     6    34 0.90 -
TRINITY_DN614_c0_g1_i3:413-1258    -            282 1927at3041           -            257    0.0013   14.8   0.1   2   2    0.0057     0.062    9.4   0.0    87   139   103   161    73   167 0.71 -
TRINITY_DN7816_c0_g1_i1:24-371     -            116 1927at3041           -            257    0.0013   14.8   0.0   1   1   0.00013    0.0014   14.7   0.0    74   125    60   115     2   116 0.68 -
TRINITY_DN5155_c0_g1_i1:36-608     -            191 1927at3041           -            257    0.0015   14.6   0.1   1   1   0.00047    0.0051   12.9   0.0   103   141   144   188   137   190 0.81 -
TRINITY_DN4027_c0_g1_i1:5-436      -            144 1927at3041           -            257    0.0018   14.4   0.0   1   1   0.00022    0.0024   14.0   0.0   131   185     3    71     1   144 0.67 -
TRINITY_DN9653_c0_g1_i1:91-441     -            117 1927at3041           -            257    0.0021   14.2   0.0   1   1   0.00027    0.0029   13.7   0.0    98   130    37    69    19    98 0.78 -
TRINITY_DN1046_c0_g1_i2:241-687    -            149 1927at3041           -            257    0.0021   14.2   0.0   1   1   0.00025    0.0027   13.8   0.0   103   174    63   148    47   149 0.65 -
TRINITY_DN27735_c0_g1_i1:101-277   -             59 1927at3041           -            257    0.0061   12.7   0.0   1   1   0.00056    0.0061   12.7   0.0   165   221     2    58     1    59 0.64 -
TRINITY_DN1045_c0_g1_i2:64-318     -             85 1927at3041           -            257     0.017   11.2   0.0   1   1    0.0015     0.017   11.2   0.0    94   138    40    85    12    85 0.82 -
TRINITY_DN614_c0_g1_i6:86-754      -            223 1927at3041           -            257     0.029   10.5   0.0   1   1    0.0036     0.039   10.0   0.0    87   139    44   102    14   109 0.71 -
#
# Program:         hmmsearch
# Version:         3.2.1 (June 2018)
# Pipeline mode:   SEARCH
# Query file:      /sw/bioinfo/BUSCO/v5_lineage_sets/lineages/chlorophyta_odb10/hmms/1927at3041.hmm
# Target file:     /crex/proj/snic2022-23-81/expression_algae/code/busco/trinity_VA-3180-Osg11Sin/run_chlorophyta_odb10/metaeuk_output/initial_results/trinity_VA-3180-Osg11Sin.Trinity.fasta.modified.fas
# Option settings: hmmsearch --domtblout /crex/proj/snic2022-23-81/expression_algae/code/busco/trinity_VA-3180-Osg11Sin/run_chlorophyta_odb10/hmmer_output/initial_run_results/1927at3041.out --cpu 1 /sw/bioinfo/BUSCO/v5_lineage_sets/lineages/chlorophyta_odb10/hmms/1927at3041.hmm /crex/proj/snic2022-23-81/expression_algae/code/busco/trinity_VA-3180-Osg11Sin/run_chlorophyta_odb10/metaeuk_output/initial_results/trinity_VA-3180-Osg11Sin.Trinity.fasta.modified.fas 
# Current dir:     /crex/proj/snic2022-23-81/expression_algae/code/busco
# Date:            Fri Sep 23 10:12:01 2022
# [ok]
