#                                                                                        --- full sequence --- -------------- this domain -------------   hmm coord   ali coord   env coord
# target name                    accession   tlen query name           accession   qlen   E-value  score  bias   #  of  c-Evalue  i-Evalue  score  bias  from    to  from    to  from    to  acc description of target
#            ------------------- ---------- ----- -------------------- ---------- ----- --------- ------ ----- --- --- --------- --------- ------ ----- ----- ----- ----- ----- ----- ----- ---- ---------------------
TRINITY_DN12825_c0_g1_i1:401-646 -             82 2231at3041           -            429   2.3e-32  109.4   0.0   1   1   4.4e-35   2.7e-32  109.2   0.0    29   101     5    82     2    82 0.95 -
TRINITY_DN558_c0_g1_i1:77-1681   -            535 2231at3041           -            429    0.0019   14.2   0.4   1   2   1.6e-05      0.01   11.8   0.0    72   260   242   446   232   451 0.69 -
TRINITY_DN558_c0_g1_i1:77-1681   -            535 2231at3041           -            429    0.0019   14.2   0.4   2   2      0.11        66   -0.8   0.2    79   108   473   502   466   507 0.85 -
TRINITY_DN558_c0_g1_i2:77-1806   -            535 2231at3041           -            429    0.0019   14.2   0.4   1   2   1.6e-05      0.01   11.8   0.0    72   260   242   446   232   451 0.69 -
TRINITY_DN558_c0_g1_i2:77-1806   -            535 2231at3041           -            429    0.0019   14.2   0.4   2   2      0.11        66   -0.8   0.2    79   108   473   502   466   507 0.85 -
TRINITY_DN558_c0_g1_i8:77-1597   -            507 2231at3041           -            429    0.0021   14.1   0.7   1   2   1.5e-05    0.0089   12.0   0.0    72   260   242   446   232   451 0.69 -
TRINITY_DN558_c0_g1_i8:77-1597   -            507 2231at3041           -            429    0.0021   14.1   0.7   2   2      0.13        79   -1.0   0.3    79   108   473   502   466   504 0.84 -
#
# Program:         hmmsearch
# Version:         3.2.1 (June 2018)
# Pipeline mode:   SEARCH
# Query file:      /sw/bioinfo/BUSCO/v5_lineage_sets/lineages/chlorophyta_odb10/hmms/2231at3041.hmm
# Target file:     /crex/proj/snic2022-23-81/expression_algae/code/busco/trinity_VA-3180-Osg11Sin/run_chlorophyta_odb10/metaeuk_output/initial_results/trinity_VA-3180-Osg11Sin.Trinity.fasta.modified.fas
# Option settings: hmmsearch --domtblout /crex/proj/snic2022-23-81/expression_algae/code/busco/trinity_VA-3180-Osg11Sin/run_chlorophyta_odb10/hmmer_output/initial_run_results/2231at3041.out --cpu 1 /sw/bioinfo/BUSCO/v5_lineage_sets/lineages/chlorophyta_odb10/hmms/2231at3041.hmm /crex/proj/snic2022-23-81/expression_algae/code/busco/trinity_VA-3180-Osg11Sin/run_chlorophyta_odb10/metaeuk_output/initial_results/trinity_VA-3180-Osg11Sin.Trinity.fasta.modified.fas 
# Current dir:     /crex/proj/snic2022-23-81/expression_algae/code/busco
# Date:            Fri Sep 23 10:12:01 2022
# [ok]
