#                                                                                         --- full sequence --- -------------- this domain -------------   hmm coord   ali coord   env coord
# target name                     accession   tlen query name           accession   qlen   E-value  score  bias   #  of  c-Evalue  i-Evalue  score  bias  from    to  from    to  from    to  acc description of target
#             ------------------- ---------- ----- -------------------- ---------- ----- --------- ------ ----- --- --- --------- --------- ------ ----- ----- ----- ----- ----- ----- ----- ---- ---------------------
TRINITY_DN3097_c0_g1_i1:6-248     -             81 2960at3041           -            606   1.2e-45  153.4   0.1   1   1   3.2e-47   1.2e-45  153.3   0.1   513   590     3    80     1    81 0.98 -
TRINITY_DN72_c0_g1_i1:1104-1766   -            221 2960at3041           -            606     1e-18   64.4   0.0   1   2   5.6e-13   2.2e-11   40.2   0.0   166   261    12   109     3   113 0.87 -
TRINITY_DN72_c0_g1_i1:1104-1766   -            221 2960at3041           -            606     1e-18   64.4   0.0   2   2   1.5e-07   5.9e-06   22.3   0.0     4   585   151   219   144   221 0.53 -
TRINITY_DN322_c0_g1_i1:231-728    -            166 2960at3041           -            606   7.8e-18   61.5   0.1   1   2   8.6e-12   3.3e-10   36.3   0.0   173   255     4    91     2    95 0.92 -
TRINITY_DN322_c0_g1_i1:231-728    -            166 2960at3041           -            606   7.8e-18   61.5   0.1   2   2   5.7e-08   2.2e-06   23.7   0.1   429   579    96   158    90   166 0.44 -
TRINITY_DN322_c0_g1_i2:231-728    -            166 2960at3041           -            606   7.8e-18   61.5   0.1   1   2   8.6e-12   3.3e-10   36.3   0.0   173   255     4    91     2    95 0.92 -
TRINITY_DN322_c0_g1_i2:231-728    -            166 2960at3041           -            606   7.8e-18   61.5   0.1   2   2   5.7e-08   2.2e-06   23.7   0.1   429   579    96   158    90   166 0.44 -
TRINITY_DN23599_c0_g1_i1:101-328  -             76 2960at3041           -            606   6.3e-15   51.9   0.0   1   1   1.7e-16   6.7e-15   51.8   0.0   174   246     2    76     1    76 0.97 -
TRINITY_DN290_c0_g2_i1:102-335    -             78 2960at3041           -            606     1e-12   44.6   0.0   1   1   2.7e-14     1e-12   44.6   0.0   176   247     1    73     1    78 0.93 -
TRINITY_DN290_c0_g2_i2:212-445    -             78 2960at3041           -            606     1e-12   44.6   0.0   1   1   2.7e-14     1e-12   44.6   0.0   176   247     1    73     1    78 0.93 -
TRINITY_DN130_c0_g1_i2:141-410    -             90 2960at3041           -            606     1e-12   44.6   0.0   1   1   2.7e-14   1.1e-12   44.6   0.0   172   247     8    85     2    90 0.90 -
TRINITY_DN35068_c0_g1_i1:2-301    -            100 2960at3041           -            606   3.7e-12   42.8   0.0   1   1   9.9e-14   3.8e-12   42.7   0.0   532   592    35    96    18   100 0.89 -
TRINITY_DN130_c0_g1_i3:99-752     -            218 2960at3041           -            606   9.5e-12   41.4   0.0   1   1   3.7e-13   1.4e-11   40.8   0.0   169   243   136   212   126   217 0.89 -
TRINITY_DN130_c0_g1_i5:86-1017    -            280 2960at3041           -            606   1.5e-11   40.8   0.0   1   1   6.2e-13   2.4e-11   40.1   0.0   169   243   198   274   188   279 0.89 -
TRINITY_DN130_c0_g1_i6:86-925     -            280 2960at3041           -            606   1.5e-11   40.8   0.0   1   1   6.2e-13   2.4e-11   40.1   0.0   169   243   198   274   188   279 0.89 -
TRINITY_DN883_c0_g1_i1:235-459    -             75 2960at3041           -            606   1.7e-11   40.6   0.1   1   1   4.5e-13   1.7e-11   40.5   0.1   517   585     5    74     1    75 0.62 -
TRINITY_DN883_c0_g1_i2:66-290     -             75 2960at3041           -            606   1.7e-11   40.6   0.1   1   1   4.5e-13   1.7e-11   40.5   0.1   517   585     5    74     1    75 0.62 -
TRINITY_DN14585_c0_g1_i1:114-332  -             73 2960at3041           -            606   9.9e-11   38.1   0.0   1   1   2.9e-12   1.1e-10   37.9   0.0   175   243     1    71     1    72 0.96 -
TRINITY_DN4545_c0_g1_i1:217-600   -            128 2960at3041           -            606     6e-10   35.5   0.0   1   1   1.8e-11   6.8e-10   35.3   0.0   173   259    20   105     4   113 0.86 -
TRINITY_DN1078_c0_g1_i1:297-530   -             78 2960at3041           -            606     6e-10   35.5   0.0   1   1   1.7e-11   6.4e-10   35.4   0.0   515   590     2    78     1    78 0.94 -
TRINITY_DN4396_c0_g1_i1:554-739   -             62 2960at3041           -            606   6.6e-10   35.3   0.0   1   1   1.9e-11   7.2e-10   35.2   0.0   193   244     8    59     3    62 0.95 -
TRINITY_DN3377_c0_g1_i1:131-286   -             52 2960at3041           -            606   1.4e-09   34.2   0.0   1   1   3.8e-11   1.5e-09   34.2   0.0   174   221     1    50     1    52 0.89 -
TRINITY_DN322_c0_g1_i1:783-1040   -             86 2960at3041           -            606   1.6e-09   34.1   0.0   1   1   4.3e-11   1.6e-09   34.0   0.0   174   255     1    82     1    86 0.83 -
TRINITY_DN322_c0_g1_i2:783-1040   -             86 2960at3041           -            606   1.6e-09   34.1   0.0   1   1   4.3e-11   1.6e-09   34.0   0.0   174   255     1    82     1    86 0.83 -
TRINITY_DN29334_c0_g1_i1:3-272    -             90 2960at3041           -            606     2e-09   33.8   0.0   1   1   5.6e-11   2.2e-09   33.6   0.0   166   242    14    90     5    90 0.84 -
TRINITY_DN2364_c0_g1_i3:225-410   -             62 2960at3041           -            606   2.5e-09   33.4   0.0   1   1   6.9e-11   2.7e-09   33.3   0.0   193   246     8    61     2    62 0.94 -
TRINITY_DN2364_c0_g1_i4:378-563   -             62 2960at3041           -            606   2.5e-09   33.4   0.0   1   1   6.9e-11   2.7e-09   33.3   0.0   193   246     8    61     2    62 0.94 -
TRINITY_DN13913_c0_g1_i1:176-436  -             87 2960at3041           -            606   2.8e-09   33.3   0.0   1   1   8.1e-11   3.1e-09   33.1   0.0   174   251     4    83     1    87 0.86 -
TRINITY_DN8400_c0_g1_i1:4-321     -            106 2960at3041           -            606   3.2e-09   33.1   0.0   1   1   9.8e-11   3.8e-09   32.8   0.0   162   243    19   102     7   104 0.90 -
TRINITY_DN36814_c0_g1_i1:44-325   -             94 2960at3041           -            606     4e-09   32.8   0.0   1   1   1.1e-10   4.4e-09   32.6   0.0   172   244    13    87     2    93 0.88 -
TRINITY_DN6022_c0_g1_i1:93-329    -             79 2960at3041           -            606     5e-09   32.4   0.0   1   1   1.4e-10   5.2e-09   32.4   0.0   172   244     4    77     1    79 0.91 -
TRINITY_DN130_c0_g1_i1:60-254     -             65 2960at3041           -            606   5.5e-09   32.3   0.0   1   1   1.4e-10   5.5e-09   32.3   0.0   193   248     6    61     1    65 0.90 -
TRINITY_DN800_c0_g2_i2:341-568    -             76 2960at3041           -            606   5.8e-09   32.2   0.0   1   1   1.5e-10   5.8e-09   32.2   0.0   173   230     5    64     1    74 0.89 -
TRINITY_DN800_c0_g2_i4:341-568    -             76 2960at3041           -            606   5.8e-09   32.2   0.0   1   1   1.5e-10   5.8e-09   32.2   0.0   173   230     5    64     1    74 0.89 -
TRINITY_DN800_c0_g2_i5:251-478    -             76 2960at3041           -            606   5.8e-09   32.2   0.0   1   1   1.5e-10   5.8e-09   32.2   0.0   173   230     5    64     1    74 0.89 -
TRINITY_DN1035_c0_g1_i2:18-215    -             66 2960at3041           -            606   1.1e-08   31.3   0.0   1   1     3e-10   1.1e-08   31.2   0.0   174   232     5    65     1    66 0.94 -
TRINITY_DN14095_c0_g1_i1:12-230   -             73 2960at3041           -            606   2.1e-08   30.3   0.0   1   1   5.5e-10   2.1e-08   30.3   0.0   174   234     1    63     1    73 0.88 -
TRINITY_DN34338_c0_g1_i1:37-192   -             52 2960at3041           -            606   3.1e-08   29.8   0.0   1   1   8.1e-10   3.1e-08   29.8   0.0   201   249     1    49     1    52 0.93 -
TRINITY_DN2337_c0_g1_i2:9-464     -            152 2960at3041           -            606     4e-08   29.5   0.1   1   1   1.2e-09   4.5e-08   29.3   0.1   170   248    15    97     2   128 0.74 -
TRINITY_DN5239_c0_g1_i1:457-672   -             72 2960at3041           -            606   4.1e-08   29.4   0.0   1   1   1.1e-09   4.2e-08   29.4   0.0   174   241     1    70     1    72 0.89 -
TRINITY_DN5239_c0_g1_i2:457-672   -             72 2960at3041           -            606   4.1e-08   29.4   0.0   1   1   1.1e-09   4.2e-08   29.4   0.0   174   241     1    70     1    72 0.89 -
TRINITY_DN5666_c0_g1_i2:225-449   -             75 2960at3041           -            606   4.8e-08   29.2   0.0   1   1   1.3e-09     5e-08   29.1   0.0   174   244     1    70     1    75 0.89 -
TRINITY_DN5666_c0_g1_i3:156-380   -             75 2960at3041           -            606   4.8e-08   29.2   0.0   1   1   1.3e-09     5e-08   29.1   0.0   174   244     1    70     1    75 0.89 -
TRINITY_DN34651_c0_g1_i1:16-255   -             80 2960at3041           -            606   3.6e-07   26.3   0.0   1   1   9.6e-09   3.7e-07   26.3   0.0   174   245     1    77     1    80 0.79 -
TRINITY_DN800_c0_g2_i2:1625-1903  -             93 2960at3041           -            606   6.9e-07   25.4   0.1   1   2    0.0022     0.083    8.6   0.0   172   208     9    47     3    50 0.74 -
TRINITY_DN800_c0_g2_i2:1625-1903  -             93 2960at3041           -            606   6.9e-07   25.4   0.1   2   2   2.7e-06    0.0001   18.2   0.0   467   511    42    86    37    91 0.92 -
TRINITY_DN800_c0_g2_i5:1535-1813  -             93 2960at3041           -            606   6.9e-07   25.4   0.1   1   2    0.0022     0.083    8.6   0.0   172   208     9    47     3    50 0.74 -
TRINITY_DN800_c0_g2_i5:1535-1813  -             93 2960at3041           -            606   6.9e-07   25.4   0.1   2   2   2.7e-06    0.0001   18.2   0.0   467   511    42    86    37    91 0.92 -
TRINITY_DN305_c0_g1_i2:1214-1480  -             89 2960at3041           -            606   6.9e-07   25.4   0.0   1   1   1.9e-08   7.5e-07   25.3   0.0   188   243    22    78     3    87 0.77 -
TRINITY_DN305_c0_g1_i3:472-738    -             89 2960at3041           -            606   6.9e-07   25.4   0.0   1   1   1.9e-08   7.5e-07   25.3   0.0   188   243    22    78     3    87 0.77 -
TRINITY_DN305_c0_g1_i8:1129-1395  -             89 2960at3041           -            606   6.9e-07   25.4   0.0   1   1   1.9e-08   7.5e-07   25.3   0.0   188   243    22    78     3    87 0.77 -
TRINITY_DN800_c0_g2_i7:810-1100   -             97 2960at3041           -            606   7.1e-07   25.3   0.1   1   2    0.0024     0.093    8.4   0.0   172   208    13    51     3    53 0.74 -
TRINITY_DN800_c0_g2_i7:810-1100   -             97 2960at3041           -            606   7.1e-07   25.3   0.1   2   2   2.7e-06    0.0001   18.2   0.0   467   511    46    90    40    95 0.91 -
TRINITY_DN1035_c0_g1_i1:0-242     -             81 2960at3041           -            606   1.6e-06   24.1   0.0   1   1   4.5e-08   1.7e-06   24.0   0.0   174   225    11    64     4    78 0.88 -
TRINITY_DN5614_c0_g1_i1:1-351     -            117 2960at3041           -            606   1.7e-06   24.0   0.0   1   1   4.7e-08   1.8e-06   24.0   0.0   174   231    57   116    35   117 0.87 -
TRINITY_DN305_c0_g1_i3:370-810    -            147 2960at3041           -            606   1.8e-06   24.0   0.0   1   1   5.6e-08   2.2e-06   23.7   0.0   188   243    56   112    24   121 0.77 -
TRINITY_DN290_c0_g2_i3:170-304    -             45 2960at3041           -            606   2.9e-06   23.3   0.0   1   1   7.9e-08     3e-06   23.2   0.0   178   218     2    44     1    45 0.95 -
TRINITY_DN63_c1_g1_i2:1025-1219   -             65 2960at3041           -            606   2.9e-06   23.3   0.0   1   1   7.7e-08     3e-06   23.3   0.0   174   234     3    62     1    65 0.89 -
TRINITY_DN6022_c0_g1_i2:106-300   -             65 2960at3041           -            606   5.8e-06   22.3   0.0   1   1   1.5e-07   5.9e-06   22.3   0.0   197   246    13    62     5    65 0.91 -
TRINITY_DN44869_c0_g1_i1:78-305   -             76 2960at3041           -            606   1.4e-05   21.1   0.0   1   1   3.8e-07   1.4e-05   21.0   0.0     6   243     3    73     1    76 0.44 -
TRINITY_DN258_c0_g1_i11:438-611   -             58 2960at3041           -            606   1.9e-05   20.6   0.0   1   1   4.9e-07   1.9e-05   20.6   0.0   194   236    16    58     2    58 0.79 -
TRINITY_DN258_c0_g1_i13:1091-1264 -             58 2960at3041           -            606   1.9e-05   20.6   0.0   1   1   4.9e-07   1.9e-05   20.6   0.0   194   236    16    58     2    58 0.79 -
TRINITY_DN258_c0_g1_i6:531-704    -             58 2960at3041           -            606   1.9e-05   20.6   0.0   1   1   4.9e-07   1.9e-05   20.6   0.0   194   236    16    58     2    58 0.79 -
TRINITY_DN258_c0_g1_i8:438-611    -             58 2960at3041           -            606   1.9e-05   20.6   0.0   1   1   4.9e-07   1.9e-05   20.6   0.0   194   236    16    58     2    58 0.79 -
TRINITY_DN2023_c0_g2_i1:290-430   -             47 2960at3041           -            606   2.3e-05   20.4   0.0   1   1   6.2e-07   2.4e-05   20.3   0.0   174   218     1    47     1    47 0.68 -
TRINITY_DN4083_c0_g1_i1:46-630    -            195 2960at3041           -            606    0.0075   12.0   0.0   1   1   0.00028     0.011   11.5   0.0     6    47   153   194   146   195 0.69 -
TRINITY_DN4083_c0_g1_i2:46-865    -            195 2960at3041           -            606    0.0075   12.0   0.0   1   1   0.00028     0.011   11.5   0.0     6    47   153   194   146   195 0.69 -
TRINITY_DN127_c0_g2_i2:113-2254   -            714 2960at3041           -            606    0.0093   11.7   0.0   1   1   0.00048     0.019   10.7   0.0   193   228    89   126    27   137 0.65 -
TRINITY_DN28043_c0_g1_i1:169-348  -             60 2960at3041           -            606     0.028   10.2   0.0   1   1   0.00072     0.028   10.2   0.0   351   379    12    40     3    60 0.57 -
#
# Program:         hmmsearch
# Version:         3.2.1 (June 2018)
# Pipeline mode:   SEARCH
# Query file:      /sw/bioinfo/BUSCO/v5_lineage_sets/lineages/chlorophyta_odb10/hmms/2960at3041.hmm
# Target file:     /crex/proj/snic2022-23-81/expression_algae/code/busco/trinity_VA-3180-Osg11Sin/run_chlorophyta_odb10/metaeuk_output/initial_results/trinity_VA-3180-Osg11Sin.Trinity.fasta.modified.fas
# Option settings: hmmsearch --domtblout /crex/proj/snic2022-23-81/expression_algae/code/busco/trinity_VA-3180-Osg11Sin/run_chlorophyta_odb10/hmmer_output/initial_run_results/2960at3041.out --cpu 1 /sw/bioinfo/BUSCO/v5_lineage_sets/lineages/chlorophyta_odb10/hmms/2960at3041.hmm /crex/proj/snic2022-23-81/expression_algae/code/busco/trinity_VA-3180-Osg11Sin/run_chlorophyta_odb10/metaeuk_output/initial_results/trinity_VA-3180-Osg11Sin.Trinity.fasta.modified.fas 
# Current dir:     /crex/proj/snic2022-23-81/expression_algae/code/busco
# Date:            Fri Sep 23 10:12:02 2022
# [ok]
