#                                                                                          --- full sequence --- -------------- this domain -------------   hmm coord   ali coord   env coord
# target name                      accession   tlen query name           accession   qlen   E-value  score  bias   #  of  c-Evalue  i-Evalue  score  bias  from    to  from    to  from    to  acc description of target
#              ------------------- ---------- ----- -------------------- ---------- ----- --------- ------ ----- --- --- --------- --------- ------ ----- ----- ----- ----- ----- ----- ----- ---- ---------------------
TRINITY_DN5390_c0_g2_i1:1-810      -            270 3106at3041           -            251  9.1e-103  339.9   0.2   1   2  2.6e-100   2.8e-99  328.5   0.1    41   225     1   201     1   209 0.95 -
TRINITY_DN5390_c0_g2_i1:1-810      -            270 3106at3041           -            251  9.1e-103  339.9   0.2   2   2    0.0056     0.059    9.7   0.0   225   251   228   257   212   257 0.90 -
TRINITY_DN36485_c0_g1_i1:2-670     -            223 3106at3041           -            251     1e-89  297.2   0.1   1   1   1.1e-90   1.1e-89  297.0   0.1     1   210     5   223     5   223 0.96 -
TRINITY_DN3758_c0_g1_i1:335-1204   -            290 3106at3041           -            251   3.2e-79  262.8   0.0   1   1   1.9e-78     2e-77  256.9   0.0     5   251     2   284     1   284 0.84 -
TRINITY_DN1660_c0_g1_i2:0-1106     -            320 3106at3041           -            251     3e-78  259.6   0.0   1   1     4e-79   4.3e-78  259.1   0.0     9   226    31   268    21   276 0.89 -
TRINITY_DN26461_c0_g1_i1:122-1081  -            320 3106at3041           -            251   2.6e-68  227.0   0.1   1   1   1.1e-67   1.2e-66  221.7   0.1     5   224     2   242     1   291 0.82 -
TRINITY_DN525_c0_g1_i1:745-1611    -            289 3106at3041           -            251   5.9e-57  189.9   0.2   1   2   4.3e-57   4.6e-56  186.9   0.0     7   219     1   227     1   238 0.91 -
TRINITY_DN525_c0_g1_i1:745-1611    -            289 3106at3041           -            251   5.9e-57  189.9   0.2   2   2       2.5        26    1.0   0.0   229   251   259   284   245   284 0.83 -
TRINITY_DN1276_c0_g1_i1:33-1025    -            331 3106at3041           -            251     5e-56  186.8   0.0   1   1   7.6e-56   8.1e-55  182.9   0.0     6   218     2   228     1   286 0.90 -
TRINITY_DN1660_c0_g1_i4:95-745     -            217 3106at3041           -            251   3.2e-55  184.2   0.1   1   1   3.6e-56   3.8e-55  183.9   0.1     9   167    46   217    36   217 0.89 -
TRINITY_DN1485_c0_g1_i3:498-1550   -            351 3106at3041           -            251   4.1e-52  174.0   0.0   1   2   7.9e-52   8.4e-51  169.7   0.0     7   215     5   236     1   249 0.86 -
TRINITY_DN1485_c0_g1_i3:498-1550   -            351 3106at3041           -            251   4.1e-52  174.0   0.0   2   2      0.83       8.9    2.6   0.0   213   251   255   297   239   297 0.83 -
TRINITY_DN6787_c0_g1_i2:267-959    -            231 3106at3041           -            251   1.2e-48  162.6   0.0   1   1   1.4e-49   1.5e-48  162.3   0.0     5   211     7   227     4   231 0.87 -
TRINITY_DN4383_c0_g1_i2:37-738     -            234 3106at3041           -            251   4.2e-47  157.6   0.1   1   1   4.8e-48   5.1e-47  157.3   0.1     7   214     2   227     1   232 0.87 -
TRINITY_DN1660_c0_g1_i3:0-560      -            187 3106at3041           -            251   6.2e-47  157.0   0.0   1   1   8.4e-48   8.9e-47  156.5   0.0   101   226     1   134     1   143 0.92 -
TRINITY_DN8253_c0_g1_i2:6-632      -            209 3106at3041           -            251   1.1e-42  143.1   0.0   1   1   1.2e-43   1.3e-42  142.9   0.0    15   214     2   209     1   209 0.88 -
TRINITY_DN6787_c0_g1_i1:133-669    -            179 3106at3041           -            251   1.3e-40  136.3   0.0   1   1   1.4e-41   1.5e-40  136.1   0.0    51   211     1   175     1   179 0.87 -
TRINITY_DN84_c0_g1_i1:866-2023     -            386 3106at3041           -            251   9.3e-38  127.0   0.2   1   1   7.7e-38   8.2e-37  123.9   0.2     7   217    58   281    52   338 0.82 -
TRINITY_DN84_c0_g1_i3:866-2023     -            386 3106at3041           -            251   9.3e-38  127.0   0.2   1   1   7.7e-38   8.2e-37  123.9   0.2     7   217    58   281    52   338 0.82 -
TRINITY_DN84_c0_g1_i4:866-2023     -            386 3106at3041           -            251   9.3e-38  127.0   0.2   1   1   7.7e-38   8.2e-37  123.9   0.2     7   217    58   281    52   338 0.82 -
TRINITY_DN45814_c0_g1_i1:35-856    -            274 3106at3041           -            251   4.9e-37  124.6   0.0   1   1   5.7e-38   6.1e-37  124.3   0.0    27   212     2   205     1   217 0.85 -
TRINITY_DN1485_c0_g1_i2:111-896    -            262 3106at3041           -            251   1.5e-36  123.0   0.1   1   2   4.7e-36     5e-35  118.0   0.0   100   215    17   147    10   159 0.87 -
TRINITY_DN1485_c0_g1_i2:111-896    -            262 3106at3041           -            251   1.5e-36  123.0   0.1   2   2      0.55       5.9    3.1   0.0   213   251   166   208   151   208 0.83 -
TRINITY_DN1276_c0_g1_i2:33-659     -            209 3106at3041           -            251   6.8e-36  120.9   0.1   1   2   2.2e-35   2.4e-34  115.8   0.0   121   217     1   105     1   127 0.92 -
TRINITY_DN1276_c0_g1_i2:33-659     -            209 3106at3041           -            251   6.8e-36  120.9   0.1   2   2      0.45       4.8    3.4   0.0   225   251   135   164   121   164 0.86 -
TRINITY_DN16990_c0_g1_i1:87-431    -            115 3106at3041           -            251   2.4e-35  119.1   0.0   1   1   2.5e-36   2.7e-35  118.9   0.0    99   193    10   108     5   115 0.90 -
TRINITY_DN5097_c0_g1_i1:248-898    -            217 3106at3041           -            251   5.9e-35  117.8   0.1   1   1   6.4e-36   6.9e-35  117.6   0.1     5   192     3   195     1   214 0.87 -
TRINITY_DN1660_c0_g1_i1:123-407    -             95 3106at3041           -            251   2.4e-34  115.8   0.0   1   1   2.7e-35   2.8e-34  115.6   0.0   108   193     1    90     1    94 0.94 -
TRINITY_DN237_c0_g2_i1:44-904      -            287 3106at3041           -            251   3.2e-31  105.5   0.1   1   2   2.4e-30   2.6e-29   99.3   0.1     5   214     1   217     1   229 0.87 -
TRINITY_DN237_c0_g2_i1:44-904      -            287 3106at3041           -            251   3.2e-31  105.5   0.1   2   2       0.2       2.2    4.6   0.0   208   251   235   285   226   285 0.79 -
TRINITY_DN237_c0_g3_i1:1-975       -            325 3106at3041           -            251     1e-30  103.9   0.2   1   2   4.8e-30   5.1e-29   98.3   0.0     5   212     1   220     1   236 0.83 -
TRINITY_DN237_c0_g3_i1:1-975       -            325 3106at3041           -            251     1e-30  103.9   0.2   2   2      0.29       3.1    4.0   0.0   227   251   263   290   222   290 0.84 -
TRINITY_DN237_c0_g2_i4:29-904      -            292 3106at3041           -            251   4.3e-30  101.9   0.1   1   2   3.1e-29   3.3e-28   95.7   0.1     8   214     2   217     1   229 0.79 -
TRINITY_DN237_c0_g2_i4:29-904      -            292 3106at3041           -            251   4.3e-30  101.9   0.1   2   2      0.22       2.3    4.5   0.0   208   251   235   285   228   285 0.78 -
TRINITY_DN7846_c1_g1_i1:2-337      -            112 3106at3041           -            251   1.1e-28   97.3   0.0   1   1   1.1e-29   1.2e-28   97.2   0.0   101   193     4   105     1   112 0.89 -
TRINITY_DN4383_c0_g1_i1:76-417     -            114 3106at3041           -            251   5.5e-27   91.7   0.0   1   1   5.8e-28   6.2e-27   91.5   0.0   108   207     1   113     1   114 0.87 -
TRINITY_DN1462_c0_g2_i3:1-831      -            277 3106at3041           -            251   6.7e-27   91.4   0.0   1   1   7.8e-28   8.3e-27   91.1   0.0    12   192    32   217    22   238 0.83 -
TRINITY_DN9_c0_g1_i2:38-838        -            267 3106at3041           -            251   2.8e-26   89.4   0.0   1   1   3.1e-27   3.3e-26   89.1   0.0     7   202     2   207     1   237 0.84 -
TRINITY_DN9_c1_g1_i2:638-1507      -            290 3106at3041           -            251     8e-25   84.6   0.0   1   1   8.7e-26   9.3e-25   84.4   0.0    15   251     3   250     1   250 0.86 -
TRINITY_DN38483_c0_g1_i1:24-395    -            124 3106at3041           -            251     1e-24   84.2   0.0   1   1   1.1e-25   1.2e-24   84.0   0.0   102   191    26   121     8   123 0.87 -
TRINITY_DN527_c0_g1_i1:242-1435    -            398 3106at3041           -            251   1.8e-24   83.4   0.0   1   2   4.4e-21   4.7e-20   69.0   0.0     7   147     1   148     1   157 0.86 -
TRINITY_DN527_c0_g1_i1:242-1435    -            398 3106at3041           -            251   1.8e-24   83.4   0.0   2   2   0.00082    0.0087   12.4   0.0   159   195   304   342   296   361 0.82 -
TRINITY_DN9_c1_g1_i1:638-1945      -            436 3106at3041           -            251   2.3e-24   83.1   0.0   1   1   3.1e-25   3.4e-24   82.6   0.0    15   251     3   250     1   250 0.86 -
TRINITY_DN9_c1_g1_i4:504-1811      -            436 3106at3041           -            251   2.3e-24   83.1   0.0   1   1   3.1e-25   3.4e-24   82.6   0.0    15   251     3   250     1   250 0.86 -
TRINITY_DN1593_c0_g1_i1:826-1662   -            279 3106at3041           -            251   5.4e-24   81.9   0.0   1   1   6.4e-25   6.8e-24   81.5   0.0    12   251    19   275     9   275 0.78 -
TRINITY_DN2968_c0_g1_i1:199-1258   -            316 3106at3041           -            251   8.3e-24   81.3   0.0   1   1   8.5e-25   9.1e-24   81.1   0.0     7   192     2   191     1   254 0.74 -
TRINITY_DN2968_c0_g1_i2:199-1146   -            316 3106at3041           -            251   9.6e-24   81.1   0.0   1   1   9.9e-25   1.1e-23   80.9   0.0     7   192     2   191     1   254 0.74 -
TRINITY_DN527_c0_g1_i2:242-1474    -            411 3106at3041           -            251   5.6e-23   78.6   0.4   1   3   1.2e-07   1.3e-06   24.9   0.0     7    92     1    86     1   108 0.84 -
TRINITY_DN527_c0_g1_i2:242-1474    -            411 3106at3041           -            251   5.6e-23   78.6   0.4   2   3   1.3e-11   1.4e-10   38.0   0.1   104   147   118   161   108   170 0.91 -
TRINITY_DN527_c0_g1_i2:242-1474    -            411 3106at3041           -            251   5.6e-23   78.6   0.4   3   3   0.00086    0.0091   12.3   0.0   159   195   317   355   309   374 0.82 -
TRINITY_DN5741_c1_g1_i1:165-1022   -            286 3106at3041           -            251   5.9e-23   78.5   0.6   1   1   6.2e-23   6.6e-22   75.0   0.6    12   195    11   214     2   235 0.81 -
TRINITY_DN977_c0_g1_i1:116-913     -            266 3106at3041           -            251   2.8e-22   76.3   0.3   1   1   3.5e-23   3.7e-22   75.9   0.3    10   192    11   200     2   220 0.85 -
TRINITY_DN3320_c0_g1_i6:221-1192   -            324 3106at3041           -            251     1e-21   74.4   0.0   1   1   1.2e-22   1.3e-21   74.1   0.0     7   246     2   256     1   261 0.74 -
TRINITY_DN1529_c0_g1_i1:310-1266   -            319 3106at3041           -            251   1.3e-21   74.1   0.5   1   2   1.3e-21   1.4e-20   70.7   0.2    16   195    27   219    15   248 0.71 -
TRINITY_DN1529_c0_g1_i1:310-1266   -            319 3106at3041           -            251   1.3e-21   74.1   0.5   2   2       3.7        39    0.4   0.0   219   251   281   317   276   317 0.78 -
TRINITY_DN446_c0_g1_i1:129-947     -            273 3106at3041           -            251   7.2e-21   71.6   0.0   1   1   1.7e-21   1.8e-20   70.3   0.0   102   242   104   245    94   254 0.91 -
TRINITY_DN2262_c0_g1_i2:0-392      -            131 3106at3041           -            251   9.9e-21   71.2   0.0   1   1     1e-21   1.1e-20   71.0   0.0    79   194     4   127     1   130 0.87 -
TRINITY_DN9655_c0_g1_i2:94-960     -            289 3106at3041           -            251   1.5e-20   70.6   0.0   1   1   5.5e-21   5.9e-20   68.7   0.0    11   195     7   212     1   227 0.78 -
TRINITY_DN10006_c0_g1_i1:2-721     -            240 3106at3041           -            251   1.8e-20   70.3   0.0   1   1   2.2e-21   2.3e-20   70.0   0.0     4   191    19   220    16   230 0.82 -
TRINITY_DN1536_c0_g1_i4:368-1282   -            305 3106at3041           -            251   2.2e-20   70.1   0.3   1   1     4e-21   4.2e-20   69.1   0.1     7   211     8   225     4   231 0.75 -
TRINITY_DN1536_c0_g1_i5:368-1267   -            300 3106at3041           -            251   2.5e-20   69.9   0.3   1   1   4.5e-21   4.8e-20   69.0   0.1     7   211     3   220     1   226 0.74 -
TRINITY_DN1462_c0_g2_i2:107-643    -            179 3106at3041           -            251   4.8e-20   69.0   0.0   1   1   5.7e-21   6.1e-20   68.6   0.0    12   146    32   171    22   177 0.81 -
TRINITY_DN5741_c1_g2_i1:0-827      -            276 3106at3041           -            251   6.1e-20   68.6   0.1   1   1   5.6e-20     6e-19   65.3   0.1     3   193     3   213     1   268 0.77 -
TRINITY_DN7846_c0_g1_i1:7-456      -            150 3106at3041           -            251     1e-19   67.9   0.0   1   1   1.2e-20   1.2e-19   67.6   0.0     7   148     3   150     1   150 0.83 -
TRINITY_DN1064_c0_g1_i2:103-615    -            171 3106at3041           -            251   1.5e-19   67.3   0.0   1   1   1.8e-20     2e-19   66.9   0.0    29   148    46   171    42   171 0.85 -
TRINITY_DN3386_c0_g1_i2:187-834    -            216 3106at3041           -            251   2.5e-19   66.6   0.0   1   1   2.9e-20     3e-19   66.3   0.0    54   189     2   147     1   209 0.73 -
TRINITY_DN10607_c0_g1_i2:208-1746  -            513 3106at3041           -            251   2.5e-19   66.6   0.0   1   1   3.1e-20   3.3e-19   66.2   0.0    12   249     8   263     1   265 0.80 -
TRINITY_DN10646_c0_g1_i1:252-815   -            188 3106at3041           -            251   3.2e-19   66.2   0.1   1   1   3.5e-20   3.7e-19   66.0   0.1     4   172    15   188    12   188 0.85 -
TRINITY_DN32412_c0_g1_i1:281-724   -            148 3106at3041           -            251   7.9e-19   65.0   0.0   1   1   7.6e-20   8.1e-19   64.9   0.0   101   195     4   106     1   142 0.83 -
TRINITY_DN9497_c0_g1_i1:191-955    -            255 3106at3041           -            251     1e-18   64.6   0.1   1   1   1.3e-19   1.4e-18   64.1   0.1    12   194    12   197     4   217 0.79 -
TRINITY_DN16759_c0_g1_i1:45-683    -            213 3106at3041           -            251   1.6e-18   63.9   0.0   1   1   1.9e-19     2e-18   63.7   0.0    53   192     3   153     2   187 0.84 -
TRINITY_DN641_c0_g1_i1:85-600      -            172 3106at3041           -            251   2.7e-18   63.2   1.2   1   1   3.2e-19   3.5e-18   62.9   1.2     6   151    12   163     8   170 0.85 -
TRINITY_DN5631_c0_g3_i1:140-889    -            250 3106at3041           -            251   3.2e-18   63.0   0.0   1   1   3.8e-19   4.1e-18   62.6   0.0    15   193     2   191     1   196 0.76 -
TRINITY_DN1218_c0_g2_i1:9-344      -            112 3106at3041           -            251   3.9e-18   62.7   0.0   1   1     4e-19   4.3e-18   62.6   0.0   101   191    21   112     6   112 0.87 -
TRINITY_DN13031_c0_g1_i1:4-711     -            236 3106at3041           -            251   4.5e-18   62.5   0.0   1   1     5e-19   5.3e-18   62.2   0.0    24   190     2   175     1   196 0.80 -
TRINITY_DN13031_c0_g1_i2:4-711     -            236 3106at3041           -            251   4.5e-18   62.5   0.0   1   1     5e-19   5.3e-18   62.2   0.0    24   190     2   175     1   196 0.80 -
TRINITY_DN13278_c0_g1_i1:11-571    -            187 3106at3041           -            251   9.3e-18   61.4   0.0   1   1   9.6e-19     1e-17   61.3   0.0   101   201    45   149     5   181 0.82 -
TRINITY_DN6241_c0_g1_i1:327-908    -            194 3106at3041           -            251   2.7e-17   59.9   0.0   1   1   3.8e-18   4.1e-17   59.3   0.0   102   191    36   130    30   140 0.85 -
TRINITY_DN317_c0_g3_i7:85-696      -            204 3106at3041           -            251   3.1e-17   59.8   0.2   1   1   3.6e-18   3.8e-17   59.4   0.2     5   172    30   204    27   204 0.83 -
TRINITY_DN5336_c0_g1_i1:109-834    -            242 3106at3041           -            251   3.4e-17   59.6   0.0   1   2   1.1e-10   1.2e-09   34.9   0.0    53   136     3    92     1    97 0.86 -
TRINITY_DN5336_c0_g1_i1:109-834    -            242 3106at3041           -            251   3.4e-17   59.6   0.0   2   2     5e-07   5.3e-06   22.9   0.0   138   251   114   238   111   238 0.78 -
TRINITY_DN5336_c0_g1_i2:397-1236   -            280 3106at3041           -            251     4e-17   59.4   0.0   1   2     1e-10   1.1e-09   35.0   0.0    53   136    41   130    34   135 0.85 -
TRINITY_DN5336_c0_g1_i2:397-1236   -            280 3106at3041           -            251     4e-17   59.4   0.0   2   2   7.1e-07   7.6e-06   22.4   0.0   138   251   152   276   149   276 0.78 -
TRINITY_DN21376_c0_g1_i1:147-770   -            208 3106at3041           -            251   4.7e-17   59.1   0.3   1   1   5.4e-18   5.7e-17   58.9   0.3     5   191     2   196     1   204 0.73 -
TRINITY_DN4684_c0_g2_i1:33-578     -            182 3106at3041           -            251   6.4e-17   58.7   0.4   1   1   7.7e-18   8.2e-17   58.4   0.4     4   172    10   182     8   182 0.84 -
TRINITY_DN40053_c0_g1_i1:9-344     -            112 3106at3041           -            251   8.9e-17   58.2   0.0   1   1   9.5e-18     1e-16   58.1   0.0   125   212     1   102     1   109 0.80 -
TRINITY_DN5379_c0_g1_i1:50-565     -            172 3106at3041           -            251   1.4e-16   57.6   0.0   1   1   1.6e-17   1.7e-16   57.3   0.0   109   243    13   151     4   159 0.87 -
TRINITY_DN1100_c0_g1_i7:742-1515   -            258 3106at3041           -            251   1.9e-16   57.2   0.0   1   1   2.3e-17   2.5e-16   56.8   0.0    15   204     6   207     3   230 0.76 -
TRINITY_DN2369_c0_g2_i1:2-430      -            143 3106at3041           -            251   2.8e-16   56.6   0.0   1   1   3.2e-17   3.4e-16   56.3   0.0    12   137    10   143     2   143 0.79 -
TRINITY_DN28230_c0_g1_i1:130-1008  -            293 3106at3041           -            251   2.8e-16   56.6   0.1   1   1   9.5e-17     1e-15   54.8   0.1    13   192     8   193     2   200 0.78 -
TRINITY_DN16033_c0_g1_i1:5-403     -            133 3106at3041           -            251   5.3e-16   55.7   0.0   1   1     5e-17   5.3e-16   55.7   0.0    33   143    18   133     1   133 0.82 -
TRINITY_DN2205_c0_g1_i4:1-657      -            219 3106at3041           -            251   7.6e-16   55.2   0.1   1   1   9.7e-17     1e-15   54.7   0.1    52   195    15   172     8   188 0.84 -
TRINITY_DN14550_c0_g1_i1:74-484    -            137 3106at3041           -            251   7.8e-16   55.1   0.0   1   1   7.6e-17   8.1e-16   55.1   0.0   121   207     2    90     1   125 0.86 -
TRINITY_DN4021_c0_g1_i2:36-887     -            284 3106at3041           -            251   1.5e-15   54.2   0.0   1   1   2.2e-16   2.4e-15   53.6   0.0    53   192    82   230    73   239 0.77 -
TRINITY_DN527_c0_g1_i3:148-891     -            248 3106at3041           -            251   2.6e-15   53.5   0.1   1   2   8.2e-12   8.7e-11   38.6   0.1   105   147     7    49     2    58 0.92 -
TRINITY_DN527_c0_g1_i3:148-891     -            248 3106at3041           -            251   2.6e-15   53.5   0.1   2   2   0.00062    0.0066   12.8   0.0   159   194   205   242   196   246 0.83 -
TRINITY_DN1594_c1_g2_i1:540-1004   -            155 3106at3041           -            251   2.6e-15   53.4   0.0   1   1     3e-16   3.2e-15   53.1   0.0    13   148    10   153     4   155 0.82 -
TRINITY_DN9655_c0_g1_i3:97-609     -            171 3106at3041           -            251   2.8e-15   53.3   0.0   1   1   3.1e-16   3.3e-15   53.1   0.0   108   195     1    95     1   118 0.86 -
TRINITY_DN13278_c0_g1_i2:74-403    -            110 3106at3041           -            251     5e-15   52.5   0.0   1   1   5.2e-16   5.5e-15   52.4   0.0   114   200     2    92     1   104 0.84 -
TRINITY_DN3320_c0_g1_i5:221-769    -            183 3106at3041           -            251   5.8e-15   52.3   0.1   1   2   1.9e-07     2e-06   24.3   0.0     7    73     2    65     1    70 0.85 -
TRINITY_DN3320_c0_g1_i5:221-769    -            183 3106at3041           -            251   5.8e-15   52.3   0.1   2   2     5e-08   5.4e-07   26.2   0.0    97   146   131   182   104   183 0.77 -
TRINITY_DN5731_c0_g1_i3:5-448      -            148 3106at3041           -            251   5.8e-15   52.3   0.0   1   1   6.4e-16   6.9e-15   52.1   0.0    16   148     2   140     1   146 0.84 -
TRINITY_DN1100_c0_g1_i8:727-1377   -            217 3106at3041           -            251   9.2e-15   51.6   0.0   1   1     1e-15   1.1e-14   51.4   0.0    54   205     1   162     1   186 0.76 -
TRINITY_DN3615_c0_g1_i2:3-545      -            181 3106at3041           -            251   9.8e-15   51.5   0.0   1   1   1.2e-15   1.2e-14   51.2   0.0     7   171     6   178     2   179 0.83 -
TRINITY_DN1100_c0_g1_i4:116-676    -            187 3106at3041           -            251     1e-14   51.5   0.0   1   1   1.2e-15   1.2e-14   51.2   0.0    15   185     6   187     3   187 0.75 -
TRINITY_DN1100_c0_g1_i6:116-676    -            187 3106at3041           -            251     1e-14   51.5   0.0   1   1   1.2e-15   1.2e-14   51.2   0.0    15   185     6   187     3   187 0.75 -
TRINITY_DN317_c0_g1_i2:4-417       -            138 3106at3041           -            251   1.1e-14   51.4   0.2   1   1   6.5e-15   6.9e-14   48.8   0.2    96   195    22   135    10   137 0.70 -
TRINITY_DN31639_c0_g1_i1:28-264    -             79 3106at3041           -            251   1.8e-14   50.7   0.0   1   1   1.8e-15   1.9e-14   50.6   0.0   116   191     1    79     1    79 0.93 -
TRINITY_DN8252_c0_g4_i1:176-931    -            252 3106at3041           -            251   3.4e-14   49.8   0.0   1   1   3.9e-15   4.2e-14   49.5   0.0    15   193     2   193     1   207 0.79 -
TRINITY_DN2729_c0_g2_i3:26-511     -            162 3106at3041           -            251   3.5e-14   49.7   0.0   1   2   1.7e-11   1.8e-10   37.5   0.0    63   152     3    99     1   120 0.71 -
TRINITY_DN2729_c0_g2_i3:26-511     -            162 3106at3041           -            251   3.5e-14   49.7   0.0   2   2    0.0031     0.033   10.5   0.0   173   195   134   156   126   159 0.87 -
TRINITY_DN15660_c0_g1_i1:18-407    -            130 3106at3041           -            251   6.6e-14   48.8   0.0   1   1   6.9e-15   7.3e-14   48.7   0.0   114   201     2    93     1   110 0.84 -
TRINITY_DN2729_c0_g2_i1:143-826    -            228 3106at3041           -            251   8.5e-14   48.5   0.0   1   1   1.3e-13   1.4e-12   44.5   0.0    63   195     3   156     1   171 0.67 -
TRINITY_DN3320_c0_g1_i1:4-762      -            253 3106at3041           -            251   9.8e-14   48.3   0.0   1   1   1.1e-14   1.2e-13   48.0   0.0    97   246    28   189     4   194 0.71 -
TRINITY_DN8252_c0_g4_i4:176-1027   -            284 3106at3041           -            251     1e-13   48.2   0.0   1   1   1.3e-14   1.4e-13   47.8   0.0    51   193    71   225    32   239 0.79 -
TRINITY_DN8252_c0_g4_i6:176-1027   -            284 3106at3041           -            251     1e-13   48.2   0.0   1   1   1.3e-14   1.4e-13   47.8   0.0    51   193    71   225    32   239 0.79 -
TRINITY_DN5631_c0_g2_i1:758-1396   -            213 3106at3041           -            251   1.1e-13   48.0   0.0   1   1   1.3e-14   1.4e-13   47.8   0.0    53   173     2   130     1   168 0.80 -
TRINITY_DN3615_c0_g1_i1:3-506      -            168 3106at3041           -            251   1.8e-13   47.4   0.0   1   1     2e-14   2.2e-13   47.2   0.0    24   171    10   165     2   166 0.82 -
TRINITY_DN462_c2_g2_i1:12-455      -            148 3106at3041           -            251   2.5e-13   46.9   0.0   1   1   2.3e-14   2.5e-13   46.9   0.0    81   171    53   147    11   148 0.82 -
TRINITY_DN5741_c1_g1_i2:1-651      -            217 3106at3041           -            251   3.3e-13   46.5   0.0   1   1   4.8e-13   5.2e-12   42.6   0.0   108   195    44   145    32   166 0.81 -
TRINITY_DN2262_c0_g1_i1:0-566      -            189 3106at3041           -            251   3.9e-13   46.3   0.0   1   2      0.32       3.5    3.9   0.0    38    88     4    54     2    59 0.71 -
TRINITY_DN2262_c0_g1_i1:0-566      -            189 3106at3041           -            251   3.9e-13   46.3   0.0   2   2   2.1e-12   2.2e-11   40.6   0.0   119   194   107   185    83   188 0.82 -
TRINITY_DN13437_c0_g2_i1:103-981   -            293 3106at3041           -            251   6.1e-13   45.7   0.0   1   1   1.2e-13   1.3e-12   44.6   0.0    97   193   121   223    58   231 0.68 -
TRINITY_DN1594_c1_g1_i1:2-730      -            243 3106at3041           -            251   6.4e-13   45.6   0.0   1   1   8.9e-14   9.5e-13   45.0   0.0   103   191    88   183    21   188 0.69 -
TRINITY_DN12612_c0_g2_i1:21-422    -            134 3106at3041           -            251   6.6e-13   45.6   0.0   1   1   7.6e-14   8.1e-13   45.3   0.0   107   193    36   129    22   132 0.84 -
TRINITY_DN4375_c0_g1_i1:1-534      -            178 3106at3041           -            251   6.8e-13   45.5   0.0   1   1     7e-14   7.5e-13   45.4   0.0    15   172     5   168     1   178 0.73 -
TRINITY_DN317_c0_g2_i1:6-518       -            171 3106at3041           -            251     9e-13   45.1   0.0   1   1   1.2e-12   1.3e-11   41.3   0.0   105   192    12   113     4   149 0.83 -
TRINITY_DN8238_c0_g1_i2:224-1222   -            333 3106at3041           -            251   1.1e-12   44.8   0.0   1   1   1.1e-12   1.2e-11   41.4   0.0    11   148     5   160     2   174 0.70 -
TRINITY_DN4086_c0_g1_i1:60-515     -            152 3106at3041           -            251   1.2e-12   44.7   0.2   1   1   1.4e-13   1.5e-12   44.4   0.2    54   192     1   145     1   149 0.80 -
TRINITY_DN2205_c0_g1_i2:1-507      -            169 3106at3041           -            251   1.4e-12   44.5   0.0   1   1   1.8e-13   1.9e-12   44.0   0.0    52   161    15   134     8   151 0.81 -
TRINITY_DN21668_c0_g1_i1:4-327     -            108 3106at3041           -            251   1.4e-12   44.5   0.0   1   1   2.1e-13   2.2e-12   43.8   0.0    54   147     1   104     1   108 0.77 -
TRINITY_DN7061_c0_g1_i2:7-711      -            235 3106at3041           -            251   1.8e-12   44.1   0.0   1   1   3.7e-13   3.9e-12   43.0   0.0   105   191     8   107     3   128 0.79 -
TRINITY_DN574_c0_g1_i5:251-973     -            241 3106at3041           -            251   1.9e-12   44.0   0.1   1   1     6e-13   6.4e-12   42.3   0.1    76   189    75   206     6   214 0.67 -
TRINITY_DN21939_c0_g1_i1:3-632     -            210 3106at3041           -            251     2e-12   44.0   0.0   1   1   2.5e-13   2.7e-12   43.6   0.0    54   195     7   157     3   175 0.74 -
TRINITY_DN1100_c0_g1_i2:116-577    -            154 3106at3041           -            251   2.2e-12   43.8   0.0   1   1   2.6e-13   2.7e-12   43.5   0.0    54   185    14   154    10   154 0.75 -
TRINITY_DN22726_c0_g1_i1:41-337    -             99 3106at3041           -            251   4.7e-12   42.8   0.1   1   1     5e-13   5.3e-12   42.6   0.1     9    96     6    96     1    98 0.85 -
TRINITY_DN574_c0_g1_i2:251-1249    -            333 3106at3041           -            251   5.3e-12   42.6   0.1   1   1   1.4e-12   1.5e-11   41.1   0.1    77   189    76   206     6   217 0.68 -
TRINITY_DN26039_c0_g1_i1:6-422     -            139 3106at3041           -            251   5.7e-12   42.5   0.0   1   1   7.6e-13   8.1e-12   42.0   0.0   104   149    84   129    78   138 0.89 -
TRINITY_DN19443_c0_g1_i1:37-492    -            152 3106at3041           -            251   7.8e-12   42.0   0.0   1   1     9e-13   9.6e-12   41.8   0.0    13   134    21   147    11   150 0.80 -
TRINITY_DN2828_c0_g2_i1:32-553     -            174 3106at3041           -            251   7.9e-12   42.0   0.0   1   1   9.7e-13     1e-11   41.7   0.0    54   148     6   103     2   113 0.86 -
TRINITY_DN1594_c2_g2_i1:55-582     -            176 3106at3041           -            251   1.1e-11   41.6   0.0   1   2       4.2        45    0.2   0.0   166   181    11    26     9    35 0.90 -
TRINITY_DN1594_c2_g2_i1:55-582     -            176 3106at3041           -            251   1.1e-11   41.6   0.0   2   2   4.4e-12   4.7e-11   39.5   0.0    16   143    36   176    23   176 0.70 -
TRINITY_DN3320_c1_g2_i1:253-636    -            128 3106at3041           -            251   1.3e-11   41.3   0.0   1   1   1.4e-12   1.5e-11   41.1   0.0     7   132     2   128     1   128 0.86 -
TRINITY_DN574_c0_g1_i6:2-787       -            262 3106at3041           -            251   1.4e-11   41.2   0.0   1   1   1.7e-12   1.8e-11   40.9   0.0    95   190    35   142     8   159 0.73 -
TRINITY_DN574_c0_g1_i3:54-996      -            292 3106at3041           -            251   1.8e-11   40.9   0.0   1   1   2.2e-12   2.4e-11   40.5   0.0    95   190    59   166    32   182 0.73 -
TRINITY_DN317_c0_g3_i10:91-441     -            117 3106at3041           -            251   1.8e-11   40.8   0.1   1   1   2.9e-12   3.1e-11   40.1   0.1   102   170    51   117     9   117 0.77 -
TRINITY_DN37567_c0_g1_i1:17-460    -            148 3106at3041           -            251   1.9e-11   40.8   0.1   1   1     2e-12   2.2e-11   40.6   0.1    11   145     5   148     1   148 0.77 -
TRINITY_DN19109_c0_g1_i1:8-436     -            143 3106at3041           -            251   2.1e-11   40.7   0.0   1   1     2e-12   2.1e-11   40.6   0.0   114   192     3    84     1   125 0.89 -
TRINITY_DN1594_c2_g1_i1:0-494      -            165 3106at3041           -            251   2.6e-11   40.3   0.0   1   1   4.5e-12   4.8e-11   39.5   0.0    53   171    11   142     8   163 0.76 -
TRINITY_DN462_c0_g1_i1:1-312       -            104 3106at3041           -            251   2.8e-11   40.2   0.0   1   1   3.2e-12   3.4e-11   40.0   0.0   137   198    35    98    31   104 0.76 -
TRINITY_DN32997_c0_g1_i1:24-746    -            241 3106at3041           -            251   3.7e-11   39.9   0.5   1   1   4.1e-11   4.4e-10   36.3   0.5    14   148     4   149     1   193 0.76 -
TRINITY_DN8252_c0_g4_i5:176-817    -            214 3106at3041           -            251   4.4e-11   39.6   0.0   1   1   5.5e-12   5.8e-11   39.2   0.0    54   193     2   155     1   169 0.78 -
TRINITY_DN481_c0_g3_i1:1078-1908   -            277 3106at3041           -            251   4.9e-11   39.4   0.1   1   2    0.0024     0.025   10.9   0.0    15    71    10    64     4    81 0.84 -
TRINITY_DN481_c0_g3_i1:1078-1908   -            277 3106at3041           -            251   4.9e-11   39.4   0.1   2   2   4.2e-08   4.4e-07   26.5   0.0   104   192   163   265   152   269 0.74 -
TRINITY_DN481_c0_g3_i3:1070-1900   -            277 3106at3041           -            251   4.9e-11   39.4   0.1   1   2    0.0024     0.025   10.9   0.0    15    71    10    64     4    81 0.84 -
TRINITY_DN481_c0_g3_i3:1070-1900   -            277 3106at3041           -            251   4.9e-11   39.4   0.1   2   2   4.2e-08   4.4e-07   26.5   0.0   104   192   163   265   152   269 0.74 -
TRINITY_DN371_c0_g1_i1:3-797       -            265 3106at3041           -            251     5e-11   39.4   0.0   1   1     6e-12   6.4e-11   39.0   0.0    95   155    53   116    28   162 0.82 -
TRINITY_DN1594_c2_g1_i2:0-428      -            143 3106at3041           -            251   5.1e-11   39.4   0.0   1   1   8.7e-12   9.3e-11   38.5   0.0    53   170    11   141     7   143 0.73 -
TRINITY_DN1536_c0_g1_i7:368-898    -            177 3106at3041           -            251     6e-11   39.2   0.1   1   1   1.5e-11   1.6e-10   37.7   0.0   128   211     8    97     4   103 0.78 -
TRINITY_DN2316_c0_g1_i1:196-741    -            182 3106at3041           -            251     7e-11   38.9   0.0   1   1   9.3e-12   9.9e-11   38.4   0.0   101   193    22   121    13   140 0.84 -
TRINITY_DN5631_c1_g1_i2:54-488     -            145 3106at3041           -            251   7.5e-11   38.8   0.0   1   1   8.7e-12   9.3e-11   38.5   0.0   121   192     1    78     1    84 0.85 -
TRINITY_DN2491_c0_g1_i1:156-812    -            219 3106at3041           -            251   7.6e-11   38.8   0.0   1   1   9.4e-12     1e-10   38.4   0.0     9   152    19   171    13   186 0.77 -
TRINITY_DN1737_c0_g1_i4:1-408      -            136 3106at3041           -            251   7.8e-11   38.8   0.0   1   1   8.3e-12   8.9e-11   38.6   0.0     7   137     1   136     1   136 0.84 -
TRINITY_DN7465_c0_g1_i10:1502-2011 -            170 3106at3041           -            251   1.1e-10   38.2   0.0   1   1   1.3e-11   1.4e-10   38.0   0.0   109   196    20   112    10   142 0.79 -
TRINITY_DN7465_c0_g1_i5:1502-2011  -            170 3106at3041           -            251   1.1e-10   38.2   0.0   1   1   1.3e-11   1.4e-10   38.0   0.0   109   196    20   112    10   142 0.79 -
TRINITY_DN254_c0_g1_i2:11-364      -            118 3106at3041           -            251   1.6e-10   37.8   0.0   1   1   1.6e-11   1.7e-10   37.6   0.0    63   171     2   118     1   118 0.78 -
TRINITY_DN3585_c0_g1_i1:996-1964   -            323 3106at3041           -            251   1.7e-10   37.7   0.1   1   2      0.57         6    3.1   0.0    16    69    18    72     9    82 0.77 -
TRINITY_DN3585_c0_g1_i1:996-1964   -            323 3106at3041           -            251   1.7e-10   37.7   0.1   2   2   5.8e-10   6.2e-09   32.5   0.0   107   193   161   256   121   262 0.79 -
TRINITY_DN3585_c0_g1_i2:996-1964   -            323 3106at3041           -            251   1.7e-10   37.7   0.1   1   2      0.57         6    3.1   0.0    16    69    18    72     9    82 0.77 -
TRINITY_DN3585_c0_g1_i2:996-1964   -            323 3106at3041           -            251   1.7e-10   37.7   0.1   2   2   5.8e-10   6.2e-09   32.5   0.0   107   193   161   256   121   262 0.79 -
TRINITY_DN7465_c0_g1_i4:1505-2449  -            315 3106at3041           -            251   2.6e-10   37.1   0.0   1   1     4e-11   4.3e-10   36.4   0.0   107   195   164   257   103   286 0.80 -
TRINITY_DN1885_c0_g1_i2:1-336      -            112 3106at3041           -            251   2.7e-10   37.0   0.0   1   1   2.8e-11     3e-10   36.9   0.0    81   154    16    99     4   111 0.77 -
TRINITY_DN2205_c1_g1_i5:1504-2292  -            263 3106at3041           -            251   5.7e-10   36.0   0.0   1   2     0.017      0.18    8.1   0.0    50    97    82   127    75   133 0.79 -
TRINITY_DN2205_c1_g1_i5:1504-2292  -            263 3106at3041           -            251   5.7e-10   36.0   0.0   2   2     7e-08   7.5e-07   25.7   0.0   100   169   176   248   170   257 0.75 -
TRINITY_DN1950_c0_g1_i9:93-605     -            171 3106at3041           -            251   5.8e-10   35.9   0.0   1   2   2.1e-09   2.3e-08   30.7   0.0   109   172     1    62     1    68 0.90 -
TRINITY_DN1950_c0_g1_i9:93-605     -            171 3106at3041           -            251   5.8e-10   35.9   0.0   2   2      0.47         5    3.4   0.0   174   192    81    99    74   118 0.89 -
TRINITY_DN45953_c0_g1_i1:227-487   -             87 3106at3041           -            251   9.7e-10   35.2   0.1   1   1     1e-10   1.1e-09   35.1   0.1     5    88     2    82     1    85 0.86 -
TRINITY_DN2729_c0_g2_i2:157-417    -             87 3106at3041           -            251   1.1e-09   34.9   0.0   1   1   1.1e-10   1.2e-09   34.9   0.0   103   147    43    87     6    87 0.79 -
TRINITY_DN26303_c0_g1_i1:446-889   -            148 3106at3041           -            251   1.2e-09   34.9   0.9   1   1   1.3e-10   1.4e-09   34.7   0.9    11   132    21   148    12   148 0.82 -
TRINITY_DN3585_c0_g1_i3:996-1964   -            323 3106at3041           -            251   1.3e-09   34.8   0.0   1   2       6.3        67   -0.3   0.0    49    69    52    72    12    80 0.74 -
TRINITY_DN3585_c0_g1_i3:996-1964   -            323 3106at3041           -            251   1.3e-09   34.8   0.0   2   2   5.8e-10   6.2e-09   32.5   0.0   107   193   161   256   121   262 0.79 -
TRINITY_DN1531_c0_g1_i1:16-852     -            279 3106at3041           -            251   1.5e-09   34.5   0.0   1   1   1.8e-10   1.9e-09   34.2   0.0   115   237     2   127     1   144 0.73 -
TRINITY_DN1950_c0_g1_i7:156-746    -            197 3106at3041           -            251   1.7e-09   34.4   0.6   1   2   9.5e-05     0.001   15.5   0.1     9    71     6    65     1    74 0.82 -
TRINITY_DN1950_c0_g1_i7:156-746    -            197 3106at3041           -            251   1.7e-09   34.4   0.6   2   2   2.3e-05   0.00025   17.5   0.1   103   148   144   195   106   197 0.78 -
TRINITY_DN5737_c0_g1_i2:129-614    -            162 3106at3041           -            251   3.1e-09   33.5   0.0   1   1   3.7e-10   3.9e-09   33.2   0.0   109   190     4    97     1   119 0.84 -
TRINITY_DN7706_c0_g1_i1:32-370     -            113 3106at3041           -            251   3.7e-09   33.3   0.0   1   1   4.1e-10   4.3e-09   33.1   0.0   105   172    31   102    18   108 0.79 -
TRINITY_DN1219_c0_g1_i1:6-455      -            150 3106at3041           -            251   6.7e-09   32.4   0.0   1   1   7.1e-10   7.6e-09   32.3   0.0   112   193     1    95     1   119 0.78 -
TRINITY_DN9_c2_g1_i1:0-368         -            123 3106at3041           -            251   7.3e-09   32.3   0.0   1   1     8e-10   8.5e-09   32.1   0.0   123   193     1    73     1    96 0.78 -
TRINITY_DN7465_c0_g1_i3:182-424    -             81 3106at3041           -            251     1e-08   31.9   0.0   1   1     1e-09   1.1e-08   31.7   0.0   113   187     1    80     1    81 0.83 -
TRINITY_DN462_c1_g1_i1:1356-1799   -            148 3106at3041           -            251   1.5e-08   31.3   0.2   1   1   1.5e-09   1.6e-08   31.2   0.2    11   146     5   147     1   148 0.73 -
TRINITY_DN462_c1_g1_i2:1002-1445   -            148 3106at3041           -            251   1.5e-08   31.3   0.2   1   1   1.5e-09   1.6e-08   31.2   0.2    11   146     5   147     1   148 0.73 -
TRINITY_DN237_c0_g1_i1:68-454      -            129 3106at3041           -            251   1.6e-08   31.2   0.1   1   2     5e-08   5.3e-07   26.2   0.1   165   216     1    60     1    78 0.76 -
TRINITY_DN237_c0_g1_i1:68-454      -            129 3106at3041           -            251   1.6e-08   31.2   0.1   2   2      0.23       2.5    4.4   0.0   200   251    70   126    58   126 0.72 -
TRINITY_DN34592_c0_g1_i1:0-386     -            129 3106at3041           -            251   1.6e-08   31.2   0.0   1   1   1.8e-09     2e-08   30.9   0.0   127   193     1    70     1   127 0.72 -
TRINITY_DN16451_c0_g1_i1:332-829   -            166 3106at3041           -            251   2.2e-08   30.7   0.0   1   1   3.1e-09   3.3e-08   30.2   0.0   124   196     1    84     1    90 0.74 -
TRINITY_DN2205_c1_g1_i1:1504-2244  -            247 3106at3041           -            251   2.6e-08   30.5   0.0   1   2     0.015      0.16    8.2   0.0    50    97    82   127    75   133 0.79 -
TRINITY_DN2205_c1_g1_i1:1504-2244  -            247 3106at3041           -            251   2.6e-08   30.5   0.0   2   2   3.7e-06   3.9e-05   20.1   0.0   100   147   176   226   170   237 0.79 -
TRINITY_DN43029_c0_g1_i1:1376-1765 -            130 3106at3041           -            251   3.1e-08   30.3   0.0   1   1   3.3e-09   3.5e-08   30.1   0.0    80   189    18   129    10   130 0.73 -
TRINITY_DN2662_c0_g1_i3:121-627    -            169 3106at3041           -            251   3.3e-08   30.2   0.0   1   1   4.1e-09   4.4e-08   29.8   0.0   111   192    15   105     5   110 0.80 -
TRINITY_DN2662_c0_g1_i2:121-636    -            172 3106at3041           -            251   3.4e-08   30.1   0.0   1   1   4.3e-09   4.6e-08   29.7   0.0   111   192    15   105     5   110 0.80 -
TRINITY_DN6807_c0_g1_i3:193-726    -            178 3106at3041           -            251   3.5e-08   30.1   0.0   1   1   6.4e-09   6.8e-08   29.1   0.0    33   149    26   168     4   175 0.66 -
TRINITY_DN1470_c0_g1_i2:504-1067   -            188 3106at3041           -            251   3.5e-08   30.1   0.1   1   2   1.4e-08   1.4e-07   28.1   0.0   139   193    29    82    22   117 0.83 -
TRINITY_DN1470_c0_g1_i2:504-1067   -            188 3106at3041           -            251   3.5e-08   30.1   0.1   2   2       5.5        59   -0.1   0.0   221   250   149   185   133   186 0.52 -
TRINITY_DN462_c0_g2_i4:0-743       -            248 3106at3041           -            251     5e-08   29.6   0.1   1   1   8.7e-09   9.3e-08   28.7   0.1     6   132   114   248   111   248 0.81 -
TRINITY_DN1531_c0_g1_i2:16-1044    -            343 3106at3041           -            251   5.7e-08   29.4   0.0   1   1   8.4e-09     9e-08   28.7   0.0   115   192     2    82     1    87 0.87 -
TRINITY_DN5741_c0_g4_i1:12-449     -            146 3106at3041           -            251   6.5e-08   29.2   0.0   1   1   5.5e-08   5.8e-07   26.1   0.0   124   201     1    95     1   140 0.75 -
TRINITY_DN10607_c0_g1_i1:42-449    -            136 3106at3041           -            251     7e-08   29.1   0.0   1   1   7.5e-09     8e-08   28.9   0.0   135   250     8   130     3   131 0.82 -
TRINITY_DN1715_c0_g1_i4:807-1445   -            213 3106at3041           -            251   9.7e-08   28.6   0.0   1   1   1.3e-07   1.4e-06   24.9   0.0   105   192    48   154    41   163 0.79 -
TRINITY_DN1715_c0_g1_i6:425-1063   -            213 3106at3041           -            251   9.7e-08   28.6   0.0   1   1   1.3e-07   1.4e-06   24.9   0.0   105   192    48   154    41   163 0.79 -
TRINITY_DN1046_c0_g1_i5:72-476     -            135 3106at3041           -            251   1.2e-07   28.3   0.0   1   1   1.5e-08   1.6e-07   28.0   0.0    95   192    26   132    21   134 0.82 -
TRINITY_DN1046_c0_g1_i4:220-624    -            135 3106at3041           -            251   1.3e-07   28.2   0.0   1   1   1.5e-08   1.6e-07   27.9   0.0    95   192    26   132    21   134 0.82 -
TRINITY_DN6129_c0_g2_i1:94-648     -            185 3106at3041           -            251   2.1e-07   27.6   0.0   1   1   2.4e-08   2.5e-07   27.3   0.0   106   210    25   143    14   165 0.71 -
TRINITY_DN5731_c0_g1_i2:67-348     -             94 3106at3041           -            251   2.2e-07   27.5   0.0   1   1   2.1e-08   2.2e-07   27.5   0.0   103   147    47    91     7    94 0.78 -
TRINITY_DN5190_c0_g1_i1:0-320      -            107 3106at3041           -            251   3.1e-07   27.0   0.0   1   1   3.4e-08   3.6e-07   26.8   0.0   102   155    11    65     7    89 0.81 -
TRINITY_DN5740_c0_g3_i1:36-680     -            215 3106at3041           -            251   3.2e-07   26.9   0.0   1   1   4.2e-08   4.5e-07   26.5   0.0    83   193    11   148     8   154 0.73 -
TRINITY_DN3579_c0_g1_i2:536-904    -            123 3106at3041           -            251   3.6e-07   26.8   0.0   1   1   4.9e-08   5.2e-07   26.2   0.0    95   147    60   118    27   121 0.77 -
TRINITY_DN9_c0_g3_i1:302-832       -            177 3106at3041           -            251   1.4e-06   24.9   0.0   1   1   1.8e-07   1.9e-06   24.4   0.0   108   193    14   106     6   113 0.82 -
TRINITY_DN7816_c0_g1_i1:24-371     -            116 3106at3041           -            251   1.5e-06   24.8   0.0   1   1   1.4e-07   1.5e-06   24.7   0.0    39   133    14   115     1   116 0.71 -
TRINITY_DN481_c0_g4_i1:158-616     -            153 3106at3041           -            251   1.8e-06   24.5   0.0   1   1   2.1e-07   2.2e-06   24.2   0.0   112   194     7   104     1   115 0.73 -
TRINITY_DN8342_c0_g1_i2:17-400     -            128 3106at3041           -            251   1.9e-06   24.4   0.0   1   1   2.2e-07   2.3e-06   24.1   0.0   106   149    49    98    39   114 0.72 -
TRINITY_DN4683_c0_g1_i2:339-902    -            188 3106at3041           -            251     3e-06   23.8   0.0   1   1   4.7e-07     5e-06   23.0   0.0    14   182     4   188     1   188 0.77 -
TRINITY_DN11598_c0_g1_i2:147-476   -            110 3106at3041           -            251   3.7e-06   23.5   0.0   1   1   3.8e-07   4.1e-06   23.3   0.0   104   170    37   110    23   110 0.80 -
TRINITY_DN739_c0_g1_i2:31-738      -            236 3106at3041           -            251   3.7e-06   23.5   0.0   1   1   1.9e-06     2e-05   21.1   0.0   106   251    64   233     5   233 0.66 -
TRINITY_DN6807_c0_g1_i4:81-425     -            115 3106at3041           -            251     4e-06   23.3   0.0   1   1   7.5e-07     8e-06   22.4   0.0    60   146     4   115     1   115 0.62 -
TRINITY_DN1314_c0_g1_i1:284-802    -            173 3106at3041           -            251   4.5e-06   23.2   0.0   1   2     0.001     0.011   12.1   0.0   106   134    47    75    40    80 0.86 -
TRINITY_DN1314_c0_g1_i1:284-802    -            173 3106at3041           -            251   4.5e-06   23.2   0.0   2   2    0.0081     0.087    9.1   0.0   138   192   114   171   100   172 0.80 -
TRINITY_DN1314_c0_g1_i1:961-1479   -            173 3106at3041           -            251   4.5e-06   23.2   0.0   1   2     0.001     0.011   12.1   0.0   106   134    47    75    40    80 0.86 -
TRINITY_DN1314_c0_g1_i1:961-1479   -            173 3106at3041           -            251   4.5e-06   23.2   0.0   2   2    0.0081     0.087    9.1   0.0   138   192   114   171   100   172 0.80 -
TRINITY_DN262_c0_g1_i1:130-642     -            171 3106at3041           -            251   4.8e-06   23.1   0.0   1   1   6.3e-07   6.7e-06   22.6   0.0   109   191     7   102     2   125 0.81 -
TRINITY_DN18231_c0_g1_i1:6-284     -             93 3106at3041           -            251   5.4e-06   22.9   0.0   1   1   5.5e-07   5.9e-06   22.8   0.0   140   210     2    81     1    88 0.70 -
TRINITY_DN9653_c0_g1_i1:91-441     -            117 3106at3041           -            251   6.9e-06   22.6   0.0   1   1   1.5e-06   1.6e-05   21.4   0.0   104   172    35   116    21   117 0.71 -
TRINITY_DN1046_c0_g1_i2:241-687    -            149 3106at3041           -            251   8.3e-06   22.3   0.0   1   1   9.4e-07     1e-05   22.0   0.0    95   187    47   148    40   149 0.80 -
TRINITY_DN1462_c1_g1_i1:3-623      -            207 3106at3041           -            251   1.6e-05   21.4   0.1   1   1   3.4e-06   3.6e-05   20.2   0.0   102   149   143   191   138   199 0.86 -
TRINITY_DN481_c1_g1_i1:28-408      -            127 3106at3041           -            251   1.7e-05   21.3   0.0   1   1   2.1e-06   2.3e-05   20.9   0.0   102   154    38    99    29   116 0.71 -
TRINITY_DN355_c0_g1_i3:77-565      -            163 3106at3041           -            251   2.4e-05   20.8   0.0   1   1   3.7e-06     4e-05   20.1   0.0     5   133    15   156    12   160 0.77 -
TRINITY_DN2621_c0_g1_i1:112-657    -            182 3106at3041           -            251   4.1e-05   20.0   0.2   1   1     2e-05   0.00021   17.7   0.2    96   149   115   173    39   179 0.63 -
TRINITY_DN355_c0_g1_i2:188-790     -            201 3106at3041           -            251   4.9e-05   19.8   0.0   1   1   8.3e-06   8.9e-05   18.9   0.0     6   133    54   194    51   197 0.77 -
TRINITY_DN7465_c0_g1_i8:165-833    -            223 3106at3041           -            251     5e-05   19.7   0.0   1   1   1.5e-05   0.00016   18.1   0.0   107   146   177   222   116   223 0.77 -
TRINITY_DN43602_c0_g1_i1:51-347    -             99 3106at3041           -            251   5.4e-05   19.6   0.0   1   1   6.4e-06   6.9e-05   19.3   0.0   111   192     3    96     1    98 0.77 -
TRINITY_DN170_c0_g2_i2:86-907      -            274 3106at3041           -            251   0.00011   18.6   0.0   1   1   1.7e-05   0.00018   17.9   0.0   165   251     4    93     2    93 0.68 -
TRINITY_DN4027_c0_g1_i1:5-436      -            144 3106at3041           -            251   0.00014   18.3   0.0   1   1   2.1e-05   0.00023   17.6   0.0   139   192     3    65     2    74 0.79 -
TRINITY_DN481_c0_g5_i2:117-704     -            196 3106at3041           -            251   0.00015   18.2   0.0   1   1     2e-05   0.00022   17.7   0.0   103   196    32   143    21   164 0.67 -
TRINITY_DN37823_c0_g1_i1:206-475   -             90 3106at3041           -            251   0.00016   18.1   0.0   1   1   1.6e-05   0.00017   18.0   0.0     4    88     2    84     1    89 0.86 -
TRINITY_DN481_c1_g3_i1:26-415      -            130 3106at3041           -            251   0.00018   18.0   0.0   1   1   2.1e-05   0.00022   17.6   0.0   121   193     2    89     1    93 0.75 -
TRINITY_DN5155_c0_g1_i1:36-608     -            191 3106at3041           -            251   0.00021   17.7   0.0   1   2      0.96        10    2.3   0.0    15    68     4    54     1    60 0.79 -
TRINITY_DN5155_c0_g1_i1:36-608     -            191 3106at3041           -            251   0.00021   17.7   0.0   2   2   0.00042    0.0045   13.3   0.0   102   147   135   186   126   189 0.77 -
TRINITY_DN1888_c0_g1_i2:152-571    -            140 3106at3041           -            251   0.00028   17.3   0.0   1   2         7        75   -0.5   0.0    16    38     1    23     1    53 0.77 -
TRINITY_DN1888_c0_g1_i2:152-571    -            140 3106at3041           -            251   0.00028   17.3   0.0   2   2     8e-05   0.00085   15.7   0.0    96   143    93   140    71   140 0.88 -
TRINITY_DN5737_c0_g1_i1:117-644    -            176 3106at3041           -            251   0.00042   16.7   0.0   1   1   0.00036    0.0038   13.6   0.0   110   190     8   107     2   122 0.73 -
TRINITY_DN5741_c0_g2_i5:123-878    -            252 3106at3041           -            251   0.00045   16.6   0.0   1   2     0.019       0.2    8.0   0.0   113   172    70   128    27   134 0.82 -
TRINITY_DN5741_c0_g2_i5:123-878    -            252 3106at3041           -            251   0.00045   16.6   0.0   2   2     0.043      0.46    6.8   0.0   168   195   146   173   131   186 0.84 -
TRINITY_DN614_c0_g1_i6:86-754      -            223 3106at3041           -            251   0.00047   16.5   0.0   1   1   6.5e-05   0.00069   16.0   0.0    76   152    20   107    13   117 0.79 -
TRINITY_DN10607_c0_g1_i4:211-1242  -            344 3106at3041           -            251   0.00051   16.5   0.0   1   1   7.7e-05   0.00082   15.8   0.0   165   249     4    95     2    97 0.79 -
TRINITY_DN1045_c0_g1_i2:64-318     -             85 3106at3041           -            251    0.0006   16.2   0.0   1   1   5.8e-05   0.00062   16.2   0.0    84   146    23    85     7    85 0.81 -
TRINITY_DN5740_c1_g1_i3:46-483     -            146 3106at3041           -            251   0.00062   16.2   0.0   1   1   9.1e-05   0.00097   15.5   0.0   113   152     6    51     2   112 0.64 -
TRINITY_DN614_c0_g1_i4:561-1394    -            278 3106at3041           -            251   0.00069   16.0   0.0   1   1   9.9e-05    0.0011   15.4   0.0    75   152    74   162    62   171 0.79 -
TRINITY_DN614_c0_g1_i1:442-1287    -            282 3106at3041           -            251   0.00071   16.0   0.0   1   1    0.0001    0.0011   15.4   0.0    75   152    78   166    64   175 0.80 -
TRINITY_DN614_c0_g1_i3:413-1258    -            282 3106at3041           -            251   0.00071   16.0   0.0   1   1    0.0001    0.0011   15.4   0.0    75   152    78   166    64   175 0.80 -
TRINITY_DN39118_c0_g1_i1:2-589     -            196 3106at3041           -            251   0.00075   15.9   0.0   1   1   0.00021    0.0022   14.3   0.0   114   149     2    43     1    53 0.77 -
TRINITY_DN34272_c0_g1_i1:3-443     -            147 3106at3041           -            251    0.0023   14.3   0.0   1   2    0.0047      0.05    9.9   0.0     7    68     7    66     3    85 0.78 -
TRINITY_DN34272_c0_g1_i1:3-443     -            147 3106at3041           -            251    0.0023   14.3   0.0   2   2      0.99        11    2.3   0.0   112   132   125   147   112   147 0.76 -
TRINITY_DN170_c0_g2_i1:86-886      -            267 3106at3041           -            251    0.0035   13.7   0.0   1   1   0.00051    0.0054   13.1   0.0   174   251     7    86     1    86 0.66 -
TRINITY_DN14800_c0_g1_i1:30-461    -            144 3106at3041           -            251      0.01   12.2   0.1   1   1    0.0015     0.016   11.5   0.0    75   137    74   142    64   143 0.79 -
TRINITY_DN7155_c0_g1_i1:206-763    -            186 3106at3041           -            251     0.029   10.7   0.0   1   1    0.0042     0.045   10.1   0.0    50    97   137   182   110   185 0.81 -
#
# Program:         hmmsearch
# Version:         3.2.1 (June 2018)
# Pipeline mode:   SEARCH
# Query file:      /sw/bioinfo/BUSCO/v5_lineage_sets/lineages/chlorophyta_odb10/hmms/3106at3041.hmm
# Target file:     /crex/proj/snic2022-23-81/expression_algae/code/busco/trinity_VA-3180-Osg11Sin/run_chlorophyta_odb10/metaeuk_output/initial_results/trinity_VA-3180-Osg11Sin.Trinity.fasta.modified.fas
# Option settings: hmmsearch --domtblout /crex/proj/snic2022-23-81/expression_algae/code/busco/trinity_VA-3180-Osg11Sin/run_chlorophyta_odb10/hmmer_output/initial_run_results/3106at3041.out --cpu 1 /sw/bioinfo/BUSCO/v5_lineage_sets/lineages/chlorophyta_odb10/hmms/3106at3041.hmm /crex/proj/snic2022-23-81/expression_algae/code/busco/trinity_VA-3180-Osg11Sin/run_chlorophyta_odb10/metaeuk_output/initial_results/trinity_VA-3180-Osg11Sin.Trinity.fasta.modified.fas 
# Current dir:     /crex/proj/snic2022-23-81/expression_algae/code/busco
# Date:            Fri Sep 23 10:12:02 2022
# [ok]
