#                                                                                         --- full sequence --- -------------- this domain -------------   hmm coord   ali coord   env coord
# target name                     accession   tlen query name           accession   qlen   E-value  score  bias   #  of  c-Evalue  i-Evalue  score  bias  from    to  from    to  from    to  acc description of target
#             ------------------- ---------- ----- -------------------- ---------- ----- --------- ------ ----- --- --- --------- --------- ------ ----- ----- ----- ----- ----- ----- ----- ---- ---------------------
TRINITY_DN26_c0_g1_i1:25-1305     -            427 3239at3041           -            322   7.5e-54  180.3   0.1   1   1     8e-54   7.4e-52  173.8   0.1     2   319     5   427     4   427 0.75 -
TRINITY_DN53_c0_g1_i12:80-1468    -            463 3239at3041           -            322   6.8e-41  137.8   0.8   1   4   9.5e-31   8.9e-29   97.9   0.0     1    93    10   109    10   112 0.89 -
TRINITY_DN53_c0_g1_i12:80-1468    -            463 3239at3041           -            322   6.8e-41  137.8   0.8   2   4   7.6e-08   7.1e-06   22.7   0.0    75   127   115   167   110   212 0.77 -
TRINITY_DN53_c0_g1_i12:80-1468    -            463 3239at3041           -            322   6.8e-41  137.8   0.8   3   4   0.00035     0.033   10.6   0.0   169   206   258   300   240   323 0.81 -
TRINITY_DN53_c0_g1_i12:80-1468    -            463 3239at3041           -            322   6.8e-41  137.8   0.8   4   4      0.17        16    1.8   0.0   274   320   408   460   392   462 0.79 -
TRINITY_DN53_c0_g1_i3:534-1928    -            465 3239at3041           -            322   6.9e-41  137.7   0.8   1   4   9.6e-31   8.9e-29   97.9   0.0     1    93    10   109    10   112 0.89 -
TRINITY_DN53_c0_g1_i3:534-1928    -            465 3239at3041           -            322   6.9e-41  137.7   0.8   2   4   7.6e-08   7.1e-06   22.7   0.0    75   127   115   167   110   212 0.77 -
TRINITY_DN53_c0_g1_i3:534-1928    -            465 3239at3041           -            322   6.9e-41  137.7   0.8   3   4   0.00035     0.033   10.6   0.0   169   206   258   300   240   323 0.81 -
TRINITY_DN53_c0_g1_i3:534-1928    -            465 3239at3041           -            322   6.9e-41  137.7   0.8   4   4      0.17        16    1.8   0.0   274   320   408   460   392   462 0.79 -
TRINITY_DN53_c0_g1_i7:80-1474     -            465 3239at3041           -            322   6.9e-41  137.7   0.8   1   4   9.6e-31   8.9e-29   97.9   0.0     1    93    10   109    10   112 0.89 -
TRINITY_DN53_c0_g1_i7:80-1474     -            465 3239at3041           -            322   6.9e-41  137.7   0.8   2   4   7.6e-08   7.1e-06   22.7   0.0    75   127   115   167   110   212 0.77 -
TRINITY_DN53_c0_g1_i7:80-1474     -            465 3239at3041           -            322   6.9e-41  137.7   0.8   3   4   0.00035     0.033   10.6   0.0   169   206   258   300   240   323 0.81 -
TRINITY_DN53_c0_g1_i7:80-1474     -            465 3239at3041           -            322   6.9e-41  137.7   0.8   4   4      0.17        16    1.8   0.0   274   320   408   460   392   462 0.79 -
TRINITY_DN53_c0_g1_i8:80-1474     -            465 3239at3041           -            322   6.9e-41  137.7   0.8   1   4   9.6e-31   8.9e-29   97.9   0.0     1    93    10   109    10   112 0.89 -
TRINITY_DN53_c0_g1_i8:80-1474     -            465 3239at3041           -            322   6.9e-41  137.7   0.8   2   4   7.6e-08   7.1e-06   22.7   0.0    75   127   115   167   110   212 0.77 -
TRINITY_DN53_c0_g1_i8:80-1474     -            465 3239at3041           -            322   6.9e-41  137.7   0.8   3   4   0.00035     0.033   10.6   0.0   169   206   258   300   240   323 0.81 -
TRINITY_DN53_c0_g1_i8:80-1474     -            465 3239at3041           -            322   6.9e-41  137.7   0.8   4   4      0.17        16    1.8   0.0   274   320   408   460   392   462 0.79 -
TRINITY_DN53_c0_g1_i13:177-1562   -            462 3239at3041           -            322   2.3e-39  132.7   1.0   1   4   2.9e-29   2.7e-27   93.1   0.0     5    93    11   106     7   110 0.89 -
TRINITY_DN53_c0_g1_i13:177-1562   -            462 3239at3041           -            322   2.3e-39  132.7   1.0   2   4   6.8e-08   6.3e-06   22.8   0.0    74   127   111   164   106   213 0.78 -
TRINITY_DN53_c0_g1_i13:177-1562   -            462 3239at3041           -            322   2.3e-39  132.7   1.0   3   4   0.00035     0.033   10.6   0.0   169   206   255   297   237   320 0.81 -
TRINITY_DN53_c0_g1_i13:177-1562   -            462 3239at3041           -            322   2.3e-39  132.7   1.0   4   4      0.17        16    1.8   0.0   274   320   405   457   389   459 0.79 -
TRINITY_DN7213_c0_g4_i1:23-1153   -            377 3239at3041           -            322   2.1e-22   77.0   0.6   1   2   4.5e-15   4.2e-13   46.4   0.0     6   134     1   131     1   143 0.78 -
TRINITY_DN7213_c0_g4_i1:23-1153   -            377 3239at3041           -            322   2.1e-22   77.0   0.6   2   2   4.2e-09     4e-07   26.8   0.3   169   322   193   377   188   377 0.74 -
TRINITY_DN1325_c0_g1_i1:10-1353   -            448 3239at3041           -            322   3.8e-22   76.2   1.7   1   2   3.2e-16     3e-14   50.2   0.1     3   131    66   197    64   230 0.75 -
TRINITY_DN1325_c0_g1_i1:10-1353   -            448 3239at3041           -            322   3.8e-22   76.2   1.7   2   2   7.4e-08   6.9e-06   22.7   0.2   169   322   262   446   252   446 0.73 -
TRINITY_DN7213_c0_g1_i1:1-1116    -            372 3239at3041           -            322   7.3e-19   65.4   0.3   1   2   2.3e-16   2.2e-14   50.7   0.1     3   134     8   141     6   152 0.78 -
TRINITY_DN7213_c0_g1_i1:1-1116    -            372 3239at3041           -            322   7.3e-19   65.4   0.3   2   2   0.00016     0.015   11.8   0.0   170   278   204   340   198   369 0.67 -
TRINITY_DN7213_c0_g1_i4:1-1116    -            372 3239at3041           -            322   7.3e-19   65.4   0.3   1   2   2.3e-16   2.2e-14   50.7   0.1     3   134     8   141     6   152 0.78 -
TRINITY_DN7213_c0_g1_i4:1-1116    -            372 3239at3041           -            322   7.3e-19   65.4   0.3   2   2   0.00016     0.015   11.8   0.0   170   278   204   340   198   369 0.67 -
TRINITY_DN331_c0_g1_i4:443-1669   -            409 3239at3041           -            322     1e-17   61.6   3.3   1   3   5.6e-15   5.3e-13   46.1   0.1     5   133    10   140     6   147 0.72 -
TRINITY_DN331_c0_g1_i4:443-1669   -            409 3239at3041           -            322     1e-17   61.6   3.3   2   3      0.32        30    0.9   0.1   172   228   214   275   209   320 0.66 -
TRINITY_DN331_c0_g1_i4:443-1669   -            409 3239at3041           -            322     1e-17   61.6   3.3   3   3   0.00021     0.019   11.4   0.0   278   322   365   409   329   409 0.80 -
TRINITY_DN331_c0_g1_i6:503-1729   -            409 3239at3041           -            322     1e-17   61.6   3.3   1   3   5.6e-15   5.3e-13   46.1   0.1     5   133    10   140     6   147 0.72 -
TRINITY_DN331_c0_g1_i6:503-1729   -            409 3239at3041           -            322     1e-17   61.6   3.3   2   3      0.32        30    0.9   0.1   172   228   214   275   209   320 0.66 -
TRINITY_DN331_c0_g1_i6:503-1729   -            409 3239at3041           -            322     1e-17   61.6   3.3   3   3   0.00021     0.019   11.4   0.0   278   322   365   409   329   409 0.80 -
TRINITY_DN7213_c0_g1_i2:2-793     -            264 3239at3041           -            322   3.1e-17   60.0   0.8   1   2     1e-16   9.6e-15   51.8   0.1     3   134     8   141     6   151 0.78 -
TRINITY_DN7213_c0_g1_i2:2-793     -            264 3239at3041           -            322   3.1e-17   60.0   0.8   2   2    0.0075       0.7    6.3   0.1   170   202   204   241   198   256 0.76 -
TRINITY_DN7213_c0_g1_i5:2-793     -            264 3239at3041           -            322   3.1e-17   60.0   0.8   1   2     1e-16   9.6e-15   51.8   0.1     3   134     8   141     6   151 0.78 -
TRINITY_DN7213_c0_g1_i5:2-793     -            264 3239at3041           -            322   3.1e-17   60.0   0.8   2   2    0.0075       0.7    6.3   0.1   170   202   204   241   198   256 0.76 -
TRINITY_DN7213_c2_g1_i7:1-627     -            209 3239at3041           -            322   2.4e-14   50.5   0.1   1   1   8.2e-16   7.6e-14   48.9   0.1     3   132     8   139     6   145 0.78 -
TRINITY_DN53_c0_g1_i4:0-1032      -            251 3239at3041           -            322   2.3e-12   44.0   0.1   1   2      0.37        34    0.7   0.0    81    93     1    13     1    16 0.91 -
TRINITY_DN53_c0_g1_i4:0-1032      -            251 3239at3041           -            322   2.3e-12   44.0   0.1   2   2   1.7e-13   1.6e-11   41.2   0.1    73   206    17   183     9   206 0.75 -
TRINITY_DN1325_c0_g1_i2:10-612    -            201 3239at3041           -            322     1e-07   28.8   0.3   1   1   7.5e-09     7e-07   26.0   0.3   169   322    15   199     7   199 0.72 -
TRINITY_DN1325_c0_g1_i3:10-825    -            272 3239at3041           -            322   2.4e-07   27.5   0.3   1   1     2e-08   1.9e-06   24.6   0.3   169   322    86   270    76   270 0.73 -
TRINITY_DN41844_c0_g1_i3:272-1651 -            460 3239at3041           -            322   3.4e-06   23.7   0.1   1   1   3.1e-07   2.9e-05   20.7   0.1     4    87    10    90     7   140 0.77 -
TRINITY_DN934_c0_g1_i5:294-2441   -            716 3239at3041           -            322   5.5e-06   23.0   0.1   1   2     3e-07   2.8e-05   20.7   0.0     4    85    33   108    30   116 0.83 -
TRINITY_DN934_c0_g1_i5:294-2441   -            716 3239at3041           -            322   5.5e-06   23.0   0.1   2   2         1        96   -0.7   0.0   215   244   394   422   364   431 0.69 -
TRINITY_DN934_c0_g1_i9:40-2295    -            752 3239at3041           -            322   5.9e-06   23.0   0.1   1   2   3.2e-07     3e-05   20.6   0.0     4    85    89   164    86   172 0.83 -
TRINITY_DN934_c0_g1_i9:40-2295    -            752 3239at3041           -            322   5.9e-06   23.0   0.1   2   2       1.1   1.1e+02   -0.9   0.0   215   243   430   457   401   466 0.69 -
TRINITY_DN934_c0_g1_i11:40-2355   -            772 3239at3041           -            322   6.2e-06   22.9   0.1   1   2   3.3e-07   3.1e-05   20.6   0.0     4    85    89   164    86   172 0.83 -
TRINITY_DN934_c0_g1_i11:40-2355   -            772 3239at3041           -            322   6.2e-06   22.9   0.1   2   2       1.2   1.1e+02   -0.9   0.0   215   243   450   477   421   486 0.69 -
TRINITY_DN934_c0_g1_i7:40-1425    -            462 3239at3041           -            322   7.5e-06   22.6   0.0   1   1   1.6e-07   1.5e-05   21.6   0.0     4    85    89   164    86   172 0.83 -
TRINITY_DN43668_c0_g1_i1:425-1042 -            206 3239at3041           -            322   9.7e-06   22.2   0.3   1   2     0.031       2.9    4.2   0.1     3    18     1    16     1    24 0.86 -
TRINITY_DN43668_c0_g1_i1:425-1042 -            206 3239at3041           -            322   9.7e-06   22.2   0.3   2   2   8.6e-06   0.00081   15.9   0.0    70   127    48   114    39   149 0.75 -
TRINITY_DN239_c0_g1_i2:1745-3484  -            580 3239at3041           -            322   0.00092   15.7   2.4   1   3   0.00033     0.031   10.7   0.4     3    64     3    52     1    64 0.84 -
TRINITY_DN239_c0_g1_i2:1745-3484  -            580 3239at3041           -            322   0.00092   15.7   2.4   2   3     0.064         6    3.2   0.0    72    90    80    98    74   143 0.86 -
TRINITY_DN239_c0_g1_i2:1745-3484  -            580 3239at3041           -            322   0.00092   15.7   2.4   3   3       3.3     3e+02   -2.4   0.0   174   205   367   398   363   405 0.85 -
TRINITY_DN239_c0_g1_i4:968-3334   -            789 3239at3041           -            322    0.0023   14.4   2.5   1   3   0.00048     0.045   10.2   0.4     3    64     3    52     1    65 0.84 -
TRINITY_DN239_c0_g1_i4:968-3334   -            789 3239at3041           -            322    0.0023   14.4   2.5   2   3     0.092       8.6    2.7   0.0    72    90    80    98    74   143 0.87 -
TRINITY_DN239_c0_g1_i4:968-3334   -            789 3239at3041           -            322    0.0023   14.4   2.5   3   3       4.9   4.6e+02   -3.0   0.0   174   205   367   398   363   402 0.84 -
#
# Program:         hmmsearch
# Version:         3.2.1 (June 2018)
# Pipeline mode:   SEARCH
# Query file:      /sw/bioinfo/BUSCO/v5_lineage_sets/lineages/chlorophyta_odb10/hmms/3239at3041.hmm
# Target file:     /crex/proj/snic2022-23-81/expression_algae/code/busco/trinity_VA-3180-Osg11Sin/run_chlorophyta_odb10/metaeuk_output/initial_results/trinity_VA-3180-Osg11Sin.Trinity.fasta.modified.fas
# Option settings: hmmsearch --domtblout /crex/proj/snic2022-23-81/expression_algae/code/busco/trinity_VA-3180-Osg11Sin/run_chlorophyta_odb10/hmmer_output/initial_run_results/3239at3041.out --cpu 1 /sw/bioinfo/BUSCO/v5_lineage_sets/lineages/chlorophyta_odb10/hmms/3239at3041.hmm /crex/proj/snic2022-23-81/expression_algae/code/busco/trinity_VA-3180-Osg11Sin/run_chlorophyta_odb10/metaeuk_output/initial_results/trinity_VA-3180-Osg11Sin.Trinity.fasta.modified.fas 
# Current dir:     /crex/proj/snic2022-23-81/expression_algae/code/busco
# Date:            Fri Sep 23 10:12:04 2022
# [ok]
