#                                                                                       --- full sequence --- -------------- this domain -------------   hmm coord   ali coord   env coord
# target name                   accession   tlen query name           accession   qlen   E-value  score  bias   #  of  c-Evalue  i-Evalue  score  bias  from    to  from    to  from    to  acc description of target
#           ------------------- ---------- ----- -------------------- ---------- ----- --------- ------ ----- --- --- --------- --------- ------ ----- ----- ----- ----- ----- ----- ----- ---- ---------------------
TRINITY_DN15551_c0_g1_i1:2-862  -            287 3911at3041           -            246  1.7e-120  398.0   5.1   1   2   2.8e-67   4.9e-65  216.4   0.3     1   110     6   121     6   125 0.96 -
TRINITY_DN15551_c0_g1_i1:2-862  -            287 3911at3041           -            246  1.7e-120  398.0   5.1   2   2   2.4e-57   4.1e-55  183.9   0.8   103   235   130   280   122   284 0.88 -
TRINITY_DN322_c0_g1_i1:231-728  -            166 3911at3041           -            246   0.00029   17.3   0.1   1   2     0.013       2.3    4.6   0.0   188   234     4    66     1    83 0.56 -
TRINITY_DN322_c0_g1_i1:231-728  -            166 3911at3041           -            246   0.00029   17.3   0.1   2   2   0.00014     0.025   11.0   0.1   196   240   108   159    82   164 0.74 -
TRINITY_DN322_c0_g1_i2:231-728  -            166 3911at3041           -            246   0.00029   17.3   0.1   1   2     0.013       2.3    4.6   0.0   188   234     4    66     1    83 0.56 -
TRINITY_DN322_c0_g1_i2:231-728  -            166 3911at3041           -            246   0.00029   17.3   0.1   2   2   0.00014     0.025   11.0   0.1   196   240   108   159    82   164 0.74 -
TRINITY_DN34651_c0_g1_i1:16-255 -             80 3911at3041           -            246    0.0013   15.2   0.0   1   1   8.5e-06    0.0015   15.0   0.0   195   237    12    60     2    64 0.69 -
TRINITY_DN883_c0_g1_i1:235-459  -             75 3911at3041           -            246     0.002   14.6   0.0   1   1   1.2e-05    0.0022   14.5   0.0   195   241    16    70     1    74 0.64 -
TRINITY_DN883_c0_g1_i2:66-290   -             75 3911at3041           -            246     0.002   14.6   0.0   1   1   1.2e-05    0.0022   14.5   0.0   195   241    16    70     1    74 0.64 -
TRINITY_DN130_c0_g1_i2:141-410  -             90 3911at3041           -            246    0.0023   14.4   0.0   1   1   1.4e-05    0.0025   14.3   0.0   180   238     4    72     1    84 0.73 -
TRINITY_DN1078_c0_g1_i1:297-530 -             78 3911at3041           -            246    0.0023   14.4   0.0   1   1   1.6e-05    0.0027   14.1   0.0   194   238    14    66     2    73 0.78 -
TRINITY_DN63_c1_g1_i2:1025-1219 -             65 3911at3041           -            246    0.0027   14.2   0.0   1   1   1.6e-05    0.0028   14.1   0.0   191   236    10    60     1    64 0.74 -
TRINITY_DN35068_c0_g1_i1:2-301  -            100 3911at3041           -            246    0.0045   13.4   0.0   1   1   3.2e-05    0.0056   13.1   0.0   186   238    17    82     8    90 0.66 -
TRINITY_DN3097_c0_g1_i1:6-248   -             81 3911at3041           -            246    0.0052   13.2   0.0   1   1   3.5e-05    0.0061   13.0   0.0   187   239    10    69     3    75 0.82 -
TRINITY_DN130_c0_g1_i5:86-1017  -            280 3911at3041           -            246    0.0074   12.7   0.0   1   2      0.95   1.7e+02   -1.5   0.0   179   225    23    68    20    79 0.79 -
TRINITY_DN130_c0_g1_i5:86-1017  -            280 3911at3041           -            246    0.0074   12.7   0.0   2   2   0.00015     0.026   11.0   0.0   178   238   195   265   190   275 0.73 -
TRINITY_DN130_c0_g1_i6:86-925   -            280 3911at3041           -            246    0.0074   12.7   0.0   1   2      0.95   1.7e+02   -1.5   0.0   179   225    23    68    20    79 0.79 -
TRINITY_DN130_c0_g1_i6:86-925   -            280 3911at3041           -            246    0.0074   12.7   0.0   2   2   0.00015     0.026   11.0   0.0   178   238   195   265   190   275 0.73 -
TRINITY_DN130_c0_g1_i3:99-752   -            218 3911at3041           -            246    0.0097   12.4   0.0   1   1   8.8e-05     0.015   11.7   0.0   178   238   133   203   128   214 0.73 -
#
# Program:         hmmsearch
# Version:         3.2.1 (June 2018)
# Pipeline mode:   SEARCH
# Query file:      /sw/bioinfo/BUSCO/v5_lineage_sets/lineages/chlorophyta_odb10/hmms/3911at3041.hmm
# Target file:     /crex/proj/snic2022-23-81/expression_algae/code/busco/trinity_VA-3180-Osg11Sin/run_chlorophyta_odb10/metaeuk_output/initial_results/trinity_VA-3180-Osg11Sin.Trinity.fasta.modified.fas
# Option settings: hmmsearch --domtblout /crex/proj/snic2022-23-81/expression_algae/code/busco/trinity_VA-3180-Osg11Sin/run_chlorophyta_odb10/hmmer_output/initial_run_results/3911at3041.out --cpu 1 /sw/bioinfo/BUSCO/v5_lineage_sets/lineages/chlorophyta_odb10/hmms/3911at3041.hmm /crex/proj/snic2022-23-81/expression_algae/code/busco/trinity_VA-3180-Osg11Sin/run_chlorophyta_odb10/metaeuk_output/initial_results/trinity_VA-3180-Osg11Sin.Trinity.fasta.modified.fas 
# Current dir:     /crex/proj/snic2022-23-81/expression_algae/code/busco
# Date:            Fri Sep 23 10:12:03 2022
# [ok]
