#                                                                                         --- full sequence --- -------------- this domain -------------   hmm coord   ali coord   env coord
# target name                     accession   tlen query name           accession   qlen   E-value  score  bias   #  of  c-Evalue  i-Evalue  score  bias  from    to  from    to  from    to  acc description of target
#             ------------------- ---------- ----- -------------------- ---------- ----- --------- ------ ----- --- --- --------- --------- ------ ----- ----- ----- ----- ----- ----- ----- ---- ---------------------
TRINITY_DN1225_c0_g1_i2:516-1172  -            219 4759at3041           -            192  1.2e-125  413.7   0.1   1   1  6.5e-128  1.3e-125  413.5   0.1     1   192    16   207    16   207 0.99 -
TRINITY_DN1225_c0_g1_i1:516-1292  -            259 4759at3041           -            192    2e-125  412.9   0.1   1   1  1.2e-127  2.4e-125  412.6   0.1     1   192    56   247    56   247 0.99 -
TRINITY_DN1406_c0_g1_i2:217-882   -            222 4759at3041           -            192   3.3e-74  245.8   0.1   1   1   1.9e-76   3.8e-74  245.6   0.1    20   188    54   222    34   222 0.96 -
TRINITY_DN15837_c0_g1_i1:6-518    -            171 4759at3041           -            192   8.4e-68  224.9   0.3   1   1   4.6e-70   9.2e-68  224.8   0.3    18   187     1   170     1   171 0.99 -
TRINITY_DN1406_c0_g1_i1:217-816   -            200 4759at3041           -            192   8.1e-48  159.7   3.0   1   2   1.7e-14   3.4e-12   43.5   0.0    20    68    54   102    34   118 0.85 -
TRINITY_DN1406_c0_g1_i1:217-816   -            200 4759at3041           -            192   8.1e-48  159.7   3.0   2   2   8.5e-37   1.7e-34  116.2   1.4    62   138   123   199   112   200 0.95 -
TRINITY_DN15555_c0_g1_i1:745-1287 -            181 4759at3041           -            192   5.3e-43  144.0   0.4   1   1   3.1e-45   6.2e-43  143.8   0.4    19   188    12   181     6   181 0.98 -
TRINITY_DN21938_c0_g1_i1:152-724  -            191 4759at3041           -            192   9.1e-41  136.7   0.0   1   1   4.9e-43     1e-40  136.6   0.0    23   190    23   190     5   191 0.94 -
TRINITY_DN3066_c0_g1_i1:336-740   -            135 4759at3041           -            192   7.2e-30  101.2   0.1   1   1   3.9e-32   7.9e-30  101.0   0.1    54   187     2   135     1   135 0.98 -
TRINITY_DN3066_c0_g1_i2:336-740   -            135 4759at3041           -            192   7.2e-30  101.2   0.1   1   1   3.9e-32   7.9e-30  101.0   0.1    54   187     2   135     1   135 0.98 -
TRINITY_DN1997_c0_g1_i2:3-491     -            163 4759at3041           -            192   1.8e-20   70.5   0.0   1   1   1.1e-22   2.1e-20   70.3   0.0    18   164     6   162     4   163 0.85 -
TRINITY_DN20045_c0_g1_i1:209-478  -             90 4759at3041           -            192   6.1e-13   45.9   0.0   1   1   3.2e-15   6.6e-13   45.8   0.0   102   188     2    90     1    90 0.91 -
TRINITY_DN3628_c0_g1_i5:1-855     -            285 4759at3041           -            192     0.022   11.5   0.0   1   2    0.0005       0.1    9.3   0.0    61    97    42    79    29    88 0.73 -
TRINITY_DN3628_c0_g1_i5:1-855     -            285 4759at3041           -            192     0.022   11.5   0.0   2   2      0.81   1.6e+02   -1.1   0.0    27    56   246   275   243   280 0.79 -
#
# Program:         hmmsearch
# Version:         3.2.1 (June 2018)
# Pipeline mode:   SEARCH
# Query file:      /sw/bioinfo/BUSCO/v5_lineage_sets/lineages/chlorophyta_odb10/hmms/4759at3041.hmm
# Target file:     /crex/proj/snic2022-23-81/expression_algae/code/busco/trinity_VA-3180-Osg11Sin/run_chlorophyta_odb10/metaeuk_output/initial_results/trinity_VA-3180-Osg11Sin.Trinity.fasta.modified.fas
# Option settings: hmmsearch --domtblout /crex/proj/snic2022-23-81/expression_algae/code/busco/trinity_VA-3180-Osg11Sin/run_chlorophyta_odb10/hmmer_output/initial_run_results/4759at3041.out --cpu 1 /sw/bioinfo/BUSCO/v5_lineage_sets/lineages/chlorophyta_odb10/hmms/4759at3041.hmm /crex/proj/snic2022-23-81/expression_algae/code/busco/trinity_VA-3180-Osg11Sin/run_chlorophyta_odb10/metaeuk_output/initial_results/trinity_VA-3180-Osg11Sin.Trinity.fasta.modified.fas 
# Current dir:     /crex/proj/snic2022-23-81/expression_algae/code/busco
# Date:            Fri Sep 23 10:12:05 2022
# [ok]
