#                                                                                          --- full sequence --- -------------- this domain -------------   hmm coord   ali coord   env coord
# target name                      accession   tlen query name           accession   qlen   E-value  score  bias   #  of  c-Evalue  i-Evalue  score  bias  from    to  from    to  from    to  acc description of target
#              ------------------- ---------- ----- -------------------- ---------- ----- --------- ------ ----- --- --- --------- --------- ------ ----- ----- ----- ----- ----- ----- ----- ---- ---------------------
TRINITY_DN10137_c0_g1_i2:151-867   -            239 3355at3041           -            559   1.4e-07   27.1   0.1   1   4   0.00069     0.032    9.4   0.0    45    78    45    78     3    83 0.83 -
TRINITY_DN10137_c0_g1_i2:151-867   -            239 3355at3041           -            559   1.4e-07   27.1   0.1   2   4   2.7e-05    0.0012   14.0   0.0     8    78    86   162    82   170 0.80 -
TRINITY_DN10137_c0_g1_i2:151-867   -            239 3355at3041           -            559   1.4e-07   27.1   0.1   3   4       2.8   1.3e+02   -2.5   0.0    49    81   176   208   167   218 0.83 -
TRINITY_DN10137_c0_g1_i2:151-867   -            239 3355at3041           -            559   1.4e-07   27.1   0.1   4   4       0.9        41   -0.9   0.0    44    70   213   239   209   239 0.85 -
TRINITY_DN25541_c0_g1_i1:64-453    -            130 3355at3041           -            559   3.8e-06   22.3   0.0   1   2   5.9e-07   2.7e-05   19.5   0.0    25    78    12    69     1    80 0.74 -
TRINITY_DN25541_c0_g1_i1:64-453    -            130 3355at3041           -            559   3.8e-06   22.3   0.0   2   2      0.24        11    1.0   0.0    60    80    93   113    72   120 0.76 -
TRINITY_DN4539_c0_g1_i2:1205-1849  -            215 3355at3041           -            559   5.4e-06   21.8   0.4   1   2     0.011      0.52    5.4   0.0    45    78    15    48     8    54 0.89 -
TRINITY_DN4539_c0_g1_i2:1205-1849  -            215 3355at3041           -            559   5.4e-06   21.8   0.4   2   2   1.5e-05   0.00069   14.9   0.1    45    88   145   188   100   211 0.78 -
TRINITY_DN46066_c0_g1_i1:22-612    -            197 3355at3041           -            559   1.2e-05   20.7   1.4   1   4       1.5        68   -1.6   0.0    48    78     1    31     1    35 0.87 -
TRINITY_DN46066_c0_g1_i1:22-612    -            197 3355at3041           -            559   1.2e-05   20.7   1.4   2   4     0.012      0.54    5.3   0.1    42    75    79   112    38   119 0.75 -
TRINITY_DN46066_c0_g1_i1:22-612    -            197 3355at3041           -            559   1.2e-05   20.7   1.4   3   4   0.00066      0.03    9.5   0.2    15    74    90   153    84   163 0.81 -
TRINITY_DN46066_c0_g1_i1:22-612    -            197 3355at3041           -            559   1.2e-05   20.7   1.4   4   4   8.4e-05    0.0039   12.4   0.1    21    75   138   196   126   197 0.80 -
TRINITY_DN1404_c0_g1_i1:122-865    -            248 3355at3041           -            559   1.7e-05   20.2   0.2   1   3     0.004      0.19    6.8   0.0    47    81     3    37     1    54 0.85 -
TRINITY_DN1404_c0_g1_i1:122-865    -            248 3355at3041           -            559   1.7e-05   20.2   0.2   2   3     0.044         2    3.4   0.0    45    79    85   119    76   125 0.88 -
TRINITY_DN1404_c0_g1_i1:122-865    -            248 3355at3041           -            559   1.7e-05   20.2   0.2   3   3    0.0061      0.28    6.2   0.0    42    80   124   162   117   177 0.91 -
TRINITY_DN4736_c0_g1_i2:46-687     -            214 3355at3041           -            559   3.7e-05   19.1   1.2   1   3     0.011       0.5    5.4   0.0   125   164    38    77    16    83 0.80 -
TRINITY_DN4736_c0_g1_i2:46-687     -            214 3355at3041           -            559   3.7e-05   19.1   1.2   2   3    0.0015     0.071    8.2   0.1   110   162    62   115    54   120 0.87 -
TRINITY_DN4736_c0_g1_i2:46-687     -            214 3355at3041           -            559   3.7e-05   19.1   1.2   3   3     0.001     0.046    8.8   0.1   109   164   141   197   127   212 0.86 -
TRINITY_DN5213_c0_g1_i1:140-898    -            253 3355at3041           -            559   4.3e-05   18.9   0.1   1   2   1.1e-05   0.00049   15.4   0.0    23    79    56   117    30   119 0.81 -
TRINITY_DN5213_c0_g1_i1:140-898    -            253 3355at3041           -            559   4.3e-05   18.9   0.1   2   2      0.18       8.5    1.4   0.0    44    80   124   160   118   178 0.74 -
TRINITY_DN826_c0_g1_i1:0-1013      -            338 3355at3041           -            559   9.8e-05   17.7   0.0   1   2      0.09       4.2    2.4   0.0    13    55    73   118    66   129 0.68 -
TRINITY_DN826_c0_g1_i1:0-1013      -            338 3355at3041           -            559   9.8e-05   17.7   0.0   2   2     4e-05    0.0018   13.5   0.0    23    80   136   197   115   202 0.80 -
TRINITY_DN704_c0_g2_i1:58-447      -            130 3355at3041           -            559   9.9e-05   17.7   0.0   1   2   0.00097     0.045    8.9   0.0    40    77    38    75     3    79 0.77 -
TRINITY_DN704_c0_g2_i1:58-447      -            130 3355at3041           -            559   9.9e-05   17.7   0.0   2   2   0.00019    0.0086   11.3   0.0    11    78    45   118    41   123 0.75 -
TRINITY_DN704_c0_g1_i1:315-719     -            135 3355at3041           -            559   0.00015   17.0   0.4   1   2     0.019      0.89    4.6   0.0    48    78     2    32     1    35 0.91 -
TRINITY_DN704_c0_g1_i1:315-719     -            135 3355at3041           -            559   0.00015   17.0   0.4   2   2   0.00089     0.041    9.0   0.1     9    77    41   115    38   121 0.74 -
TRINITY_DN3704_c0_g5_i1:198-797    -            200 3355at3041           -            559   0.00016   17.0   2.9   1   3     0.017       0.8    4.8   0.0    47    80     3    36     1    39 0.93 -
TRINITY_DN3704_c0_g5_i1:198-797    -            200 3355at3041           -            559   0.00016   17.0   2.9   2   3   0.00068     0.031    9.4   0.3     8    75    42   115    39   121 0.77 -
TRINITY_DN3704_c0_g5_i1:198-797    -            200 3355at3041           -            559   0.00016   17.0   2.9   3   3      0.67        31   -0.5   0.0    42    74   166   198   125   199 0.71 -
TRINITY_DN38193_c0_g1_i1:51-863    -            271 3355at3041           -            559   0.00018   16.8   0.3   1   3   0.00052     0.024    9.8   0.0    22    75    20    78     3    81 0.74 -
TRINITY_DN38193_c0_g1_i1:51-863    -            271 3355at3041           -            559   0.00018   16.8   0.3   2   3     0.015      0.71    4.9   0.0    16    79    99   166    82   177 0.78 -
TRINITY_DN38193_c0_g1_i1:51-863    -            271 3355at3041           -            559   0.00018   16.8   0.3   3   3       4.8   2.2e+02   -3.3   0.0    25    44   193   212   185   245 0.66 -
TRINITY_DN2654_c2_g2_i2:9-353      -            115 3355at3041           -            559   0.00022   16.5   0.0   1   2    0.0028      0.13    7.4   0.0    41    75    20    54     1    59 0.78 -
TRINITY_DN2654_c2_g2_i2:9-353      -            115 3355at3041           -            559   0.00022   16.5   0.0   2   2    0.0036      0.17    7.0   0.0    42    75    63    96    58   101 0.88 -
TRINITY_DN4351_c0_g1_i1:55-432     -            126 3355at3041           -            559   0.00023   16.4   0.4   1   1   0.00076     0.035    9.2   0.0    46    78    41    73    34    80 0.89 -
TRINITY_DN3190_c0_g1_i2:20-304     -             95 3355at3041           -            559   0.00038   15.7   0.0   1   2    0.0066      0.31    6.1   0.0    47    77     3    33     1    38 0.89 -
TRINITY_DN3190_c0_g1_i2:20-304     -             95 3355at3041           -            559   0.00038   15.7   0.0   2   2    0.0017     0.077    8.1   0.0    41    77    39    75    35    79 0.88 -
TRINITY_DN1068_c0_g1_i10:719-1495  -            259 3355at3041           -            559   0.00043   15.5   0.0   1   3     0.013      0.58    5.2   0.0    12    76    39   110    33   115 0.73 -
TRINITY_DN1068_c0_g1_i10:719-1495  -            259 3355at3041           -            559   0.00043   15.5   0.0   2   3    0.0011     0.049    8.8   0.0    22    79    94   155    80   159 0.79 -
TRINITY_DN1068_c0_g1_i10:719-1495  -            259 3355at3041           -            559   0.00043   15.5   0.0   3   3      0.13       6.1    1.8   0.0    47    80   209   242   182   244 0.91 -
TRINITY_DN704_c0_g2_i4:20-601      -            194 3355at3041           -            559   0.00052   15.3   0.2   1   4      0.55        25   -0.2   0.0    48    76     4    32     1    37 0.85 -
TRINITY_DN704_c0_g2_i4:20-601      -            194 3355at3041           -            559   0.00052   15.3   0.2   2   4     0.003      0.14    7.3   0.0     8    78    42   118    39   122 0.82 -
TRINITY_DN704_c0_g2_i4:20-601      -            194 3355at3041           -            559   0.00052   15.3   0.2   3   4     0.016      0.74    4.9   0.0    23    77   101   159    84   163 0.62 -
TRINITY_DN704_c0_g2_i4:20-601      -            194 3355at3041           -            559   0.00052   15.3   0.2   4   4      0.04       1.9    3.6   0.0     9    70   127   194   124   194 0.57 -
TRINITY_DN24436_c0_g1_i1:47-265    -             73 3355at3041           -            559   0.00054   15.2   0.0   1   1   1.3e-05   0.00058   15.1   0.0    22    75    12    69     2    73 0.83 -
TRINITY_DN28073_c0_g1_i2:43-783    -            247 3355at3041           -            559   0.00068   14.9   0.0   1   2      0.53        25   -0.2   0.0    44    76    37    70    33    74 0.78 -
TRINITY_DN28073_c0_g1_i2:43-783    -            247 3355at3041           -            559   0.00068   14.9   0.0   2   2     6e-05    0.0028   12.9   0.0    47   130    86   171    42   189 0.69 -
TRINITY_DN2245_c0_g1_i1:263-1063   -            267 3355at3041           -            559   0.00069   14.9   0.2   1   3         2        92   -2.0   0.0   109   137    34    65    14    75 0.58 -
TRINITY_DN2245_c0_g1_i1:263-1063   -            267 3355at3041           -            559   0.00069   14.9   0.2   2   3   0.00055     0.025    9.7   0.0    47    77   122   152   115   156 0.88 -
TRINITY_DN2245_c0_g1_i1:263-1063   -            267 3355at3041           -            559   0.00069   14.9   0.2   3   3       0.1       4.8    2.2   0.0    45    84   213   252   198   259 0.84 -
TRINITY_DN2245_c0_g1_i2:227-1027   -            267 3355at3041           -            559   0.00069   14.9   0.2   1   3         2        92   -2.0   0.0   109   137    34    65    14    75 0.58 -
TRINITY_DN2245_c0_g1_i2:227-1027   -            267 3355at3041           -            559   0.00069   14.9   0.2   2   3   0.00055     0.025    9.7   0.0    47    77   122   152   115   156 0.88 -
TRINITY_DN2245_c0_g1_i2:227-1027   -            267 3355at3041           -            559   0.00069   14.9   0.2   3   3       0.1       4.8    2.2   0.0    45    84   213   252   198   259 0.84 -
TRINITY_DN1068_c0_g1_i6:647-1270   -            208 3355at3041           -            559   0.00071   14.8   0.0   1   3   0.00058     0.027    9.6   0.0    16    79    11    80     3    83 0.78 -
TRINITY_DN1068_c0_g1_i6:647-1270   -            208 3355at3041           -            559   0.00071   14.8   0.0   2   3     0.094       4.3    2.3   0.0    47    80   134   167   107   169 0.91 -
TRINITY_DN1068_c0_g1_i6:647-1270   -            208 3355at3041           -            559   0.00071   14.8   0.0   3   3       7.2   3.3e+02   -3.9   0.0    43    73   174   204   171   205 0.78 -
TRINITY_DN13529_c0_g2_i1:2805-3494 -            230 3355at3041           -            559    0.0011   14.2   2.1   1   2   6.9e-05    0.0032   12.7   0.2    13    75    30    99    24   104 0.78 -
TRINITY_DN13529_c0_g2_i1:2805-3494 -            230 3355at3041           -            559    0.0011   14.2   2.1   2   2      0.24        11    1.0   0.1    21    78   125   187   113   192 0.73 -
TRINITY_DN3190_c0_g1_i3:20-304     -             95 3355at3041           -            559    0.0012   14.1   0.0   1   2     0.011      0.52    5.4   0.0    46    77     2    33     1    38 0.90 -
TRINITY_DN3190_c0_g1_i3:20-304     -             95 3355at3041           -            559    0.0012   14.1   0.0   2   2    0.0032      0.15    7.2   0.0    41    77    39    75    35    79 0.88 -
TRINITY_DN2654_c2_g1_i1:41-340     -            100 3355at3041           -            559    0.0013   14.0   0.0   1   1   2.8e-05    0.0013   14.0   0.0    25    75     9    63     2    96 0.84 -
TRINITY_DN13529_c0_g2_i2:2605-3327 -            241 3355at3041           -            559    0.0015   13.8   2.1   1   2   7.5e-05    0.0035   12.6   0.2    13    75    30    99    24   104 0.78 -
TRINITY_DN13529_c0_g2_i2:2605-3327 -            241 3355at3041           -            559    0.0015   13.8   2.1   2   2      0.26        12    0.8   0.1    21    78   125   187   113   192 0.73 -
TRINITY_DN26941_c0_g1_i1:96-401    -            102 3355at3041           -            559    0.0022   13.2   0.0   1   1   6.6e-05    0.0031   12.7   0.0    29    79    16    70     1    91 0.71 -
TRINITY_DN2654_c1_g8_i1:1-234      -             78 3355at3041           -            559    0.0023   13.1   0.0   1   2    0.0021     0.097    7.8   0.0    47    75     3    31     1    37 0.90 -
TRINITY_DN2654_c1_g8_i1:1-234      -             78 3355at3041           -            559    0.0023   13.1   0.0   2   2     0.028       1.3    4.1   0.0    41    74    39    72    34    78 0.87 -
TRINITY_DN1068_c0_g1_i11:1158-1418 -             87 3355at3041           -            559    0.0023   13.1   0.0   1   1   8.6e-05     0.004   12.4   0.0    21    79    13    75     1    78 0.81 -
TRINITY_DN654_c0_g2_i1:28-375      -            116 3355at3041           -            559    0.0025   13.0   0.1   1   2     0.001     0.047    8.8   0.0    46    78    26    58    19    67 0.88 -
TRINITY_DN654_c0_g2_i1:28-375      -            116 3355at3041           -            559    0.0025   13.0   0.1   2   2     0.068       3.1    2.8   0.0    42    75    64    97    58   103 0.86 -
TRINITY_DN654_c0_g2_i2:28-375      -            116 3355at3041           -            559    0.0025   13.0   0.1   1   2     0.001     0.047    8.8   0.0    46    78    26    58    19    67 0.88 -
TRINITY_DN654_c0_g2_i2:28-375      -            116 3355at3041           -            559    0.0025   13.0   0.1   2   2     0.068       3.1    2.8   0.0    42    75    64    97    58   103 0.86 -
TRINITY_DN3190_c0_g1_i4:20-436     -            139 3355at3041           -            559    0.0032   12.7   0.1   1   2      0.04       1.9    3.6   0.0    40    67    38    65     1    82 0.50 -
TRINITY_DN3190_c0_g1_i4:20-436     -            139 3355at3041           -            559    0.0032   12.7   0.1   2   2    0.0063      0.29    6.2   0.0    41    76    83   118    77   123 0.88 -
TRINITY_DN1404_c0_g1_i2:101-340    -             80 3355at3041           -            559    0.0035   12.5   0.0   1   1   7.7e-05    0.0035   12.5   0.0    42    84    10    52     3    73 0.83 -
TRINITY_DN4736_c0_g1_i1:7-297      -             97 3355at3041           -            559    0.0044   12.2   0.2   1   1   0.00011     0.005   12.0   0.2   109   164    11    67     4    93 0.79 -
TRINITY_DN48203_c0_g1_i1:164-730   -            189 3355at3041           -            559    0.0059   11.8   0.0   1   3     0.015      0.68    5.0   0.0    26    79     4    62     1    71 0.80 -
TRINITY_DN48203_c0_g1_i1:164-730   -            189 3355at3041           -            559    0.0059   11.8   0.0   2   3     0.025       1.2    4.2   0.0    17    78    81   146    65   151 0.77 -
TRINITY_DN48203_c0_g1_i1:164-730   -            189 3355at3041           -            559    0.0059   11.8   0.0   3   3      0.19       8.7    1.3   0.0    19    73   125   185   113   188 0.69 -
TRINITY_DN13151_c0_g1_i1:4-324     -            107 3355at3041           -            559     0.011   10.9   0.2   1   2     0.004      0.19    6.9   0.0    48    79     1    32     1    37 0.90 -
TRINITY_DN13151_c0_g1_i1:4-324     -            107 3355at3041           -            559     0.011   10.9   0.2   2   2      0.15       6.9    1.7   0.0    47    79    42    74    35    85 0.80 -
#
# Program:         hmmsearch
# Version:         3.2.1 (June 2018)
# Pipeline mode:   SEARCH
# Query file:      /sw/bioinfo/BUSCO/v5_lineage_sets/lineages/chlorophyta_odb10/hmms/3355at3041.hmm
# Target file:     /crex/proj/snic2022-23-81/expression_algae/code/busco/trinity_VA-3180-Osg11Pal/run_chlorophyta_odb10/metaeuk_output/rerun_results/trinity_VA-3180-Osg11Pal.Trinity.fasta.modified.fas
# Option settings: hmmsearch --domtblout /crex/proj/snic2022-23-81/expression_algae/code/busco/trinity_VA-3180-Osg11Pal/run_chlorophyta_odb10/hmmer_output/rerun_results/3355at3041.out --cpu 1 /sw/bioinfo/BUSCO/v5_lineage_sets/lineages/chlorophyta_odb10/hmms/3355at3041.hmm /crex/proj/snic2022-23-81/expression_algae/code/busco/trinity_VA-3180-Osg11Pal/run_chlorophyta_odb10/metaeuk_output/rerun_results/trinity_VA-3180-Osg11Pal.Trinity.fasta.modified.fas 
# Current dir:     /crex/proj/snic2022-23-81/expression_algae/code/busco
# Date:            Fri Sep 23 10:13:42 2022
# [ok]
