#                                                                                          --- full sequence --- -------------- this domain -------------   hmm coord   ali coord   env coord
# target name                      accession   tlen query name           accession   qlen   E-value  score  bias   #  of  c-Evalue  i-Evalue  score  bias  from    to  from    to  from    to  acc description of target
#              ------------------- ---------- ----- -------------------- ---------- ----- --------- ------ ----- --- --- --------- --------- ------ ----- ----- ----- ----- ----- ----- ----- ---- ---------------------
TRINITY_DN704_c0_g2_i4:20-601      -            194 5458at3041           -            261   2.4e-16   56.6   1.4   1   3   0.00099      0.02   11.1   0.0    84   113     4    33     2    41 0.87 -
TRINITY_DN704_c0_g2_i4:20-601      -            194 5458at3041           -            261   2.4e-16   56.6   1.4   2   3     1e-07     2e-06   24.1   0.1    38   114    36   118    34   126 0.84 -
TRINITY_DN704_c0_g2_i4:20-601      -            194 5458at3041           -            261   2.4e-16   56.6   1.4   3   3   1.1e-05   0.00022   17.4   0.1   181   240   133   194   122   194 0.83 -
TRINITY_DN5213_c0_g1_i1:140-898    -            253 5458at3041           -            261   9.8e-13   44.8   1.7   1   1   2.5e-12     5e-11   39.2   1.7    93   245     2   155     1   164 0.83 -
TRINITY_DN2654_c1_g5_i3:10-396     -            129 5458at3041           -            261   1.8e-11   40.7   0.1   1   3    0.0002    0.0039   13.4   0.0    85   114     3    32     1    54 0.71 -
TRINITY_DN2654_c1_g5_i3:10-396     -            129 5458at3041           -            261   1.8e-11   40.7   0.1   2   3   0.00014    0.0027   13.9   0.0    81   113    44    76    32    88 0.83 -
TRINITY_DN2654_c1_g5_i3:10-396     -            129 5458at3041           -            261   1.8e-11   40.7   0.1   3   3   0.00059     0.012   11.8   0.0    84   113    89   118    84   123 0.89 -
TRINITY_DN3704_c0_g5_i1:198-797    -            200 5458at3041           -            261     3e-11   39.9   6.1   1   3   0.00011    0.0022   14.2   0.3   181   243     7    71     2    80 0.70 -
TRINITY_DN3704_c0_g5_i1:198-797    -            200 5458at3041           -            261     3e-11   39.9   6.1   2   3     0.002     0.039   10.1   0.0    85   113    89   117    80   122 0.90 -
TRINITY_DN3704_c0_g5_i1:198-797    -            200 5458at3041           -            261     3e-11   39.9   6.1   3   3   2.3e-05   0.00045   16.4   0.2   181   243   133   197   120   200 0.86 -
TRINITY_DN704_c0_g2_i1:58-447      -            130 5458at3041           -            261   4.5e-11   39.4   0.2   1   3   0.00093     0.018   11.2   0.0    85   113     5    33     3    38 0.86 -
TRINITY_DN704_c0_g2_i1:58-447      -            130 5458at3041           -            261   4.5e-11   39.4   0.2   2   3   0.00023    0.0046   13.1   0.0    87   113    49    75    39    86 0.76 -
TRINITY_DN704_c0_g2_i1:58-447      -            130 5458at3041           -            261   4.5e-11   39.4   0.2   3   3   0.00052      0.01   12.0   0.0    86   114    90   118    80   125 0.85 -
TRINITY_DN2654_c1_g5_i1:177-521    -            115 5458at3041           -            261   1.1e-10   38.1   0.2   1   3   0.00035    0.0069   12.6   0.0    85   113     3    31     1    41 0.81 -
TRINITY_DN2654_c1_g5_i1:177-521    -            115 5458at3041           -            261   1.1e-10   38.1   0.2   2   3   0.00011    0.0022   14.2   0.0    81   113    44    76    32    87 0.82 -
TRINITY_DN2654_c1_g5_i1:177-521    -            115 5458at3041           -            261   1.1e-10   38.1   0.2   3   3    0.0043     0.085    9.0   0.0    84   109    89   114    81   115 0.88 -
TRINITY_DN39367_c0_g1_i1:674-1621  -            316 5458at3041           -            261   1.6e-10   37.6   0.9   1   4    0.0071      0.14    8.3   0.1   119   207    49   141    36   156 0.77 -
TRINITY_DN39367_c0_g1_i1:674-1621  -            316 5458at3041           -            261   1.6e-10   37.6   0.9   2   4    0.0021     0.041   10.0   0.1   133   205    94   181    73   196 0.71 -
TRINITY_DN39367_c0_g1_i1:674-1621  -            316 5458at3041           -            261   1.6e-10   37.6   0.9   3   4     0.022      0.43    6.7   0.0    82   113   194   225   187   247 0.86 -
TRINITY_DN39367_c0_g1_i1:674-1621  -            316 5458at3041           -            261   1.6e-10   37.6   0.9   4   4     4e-05   0.00079   15.6   0.1   185   239   250   306   232   314 0.85 -
TRINITY_DN2654_c2_g1_i1:41-340     -            100 5458at3041           -            261   1.9e-10   37.3   0.3   1   3    0.0023     0.045    9.9   0.0    91   113     1    23     1    32 0.90 -
TRINITY_DN2654_c2_g1_i1:41-340     -            100 5458at3041           -            261   1.9e-10   37.3   0.3   2   3   1.2e-06   2.4e-05   20.6   0.0    83   113    35    65    29    70 0.89 -
TRINITY_DN2654_c2_g1_i1:41-340     -            100 5458at3041           -            261   1.9e-10   37.3   0.3   3   3      0.12       2.3    4.3   0.0   216   239    76    99    66   100 0.69 -
TRINITY_DN13529_c0_g2_i1:2805-3494 -            230 5458at3041           -            261     2e-10   37.2   0.7   1   2   6.8e-08   1.3e-06   24.7   0.6    86   248    31   187    22   200 0.75 -
TRINITY_DN13529_c0_g2_i1:2805-3494 -            230 5458at3041           -            261     2e-10   37.2   0.7   2   2    0.0026     0.051    9.7   0.0   179   206   201   228   189   230 0.59 -
TRINITY_DN56480_c0_g1_i1:140-958   -            273 5458at3041           -            261     3e-10   36.7   5.1   1   5     0.007      0.14    8.3   0.1    55   110    10    71     2   105 0.55 -
TRINITY_DN56480_c0_g1_i1:140-958   -            273 5458at3041           -            261     3e-10   36.7   5.1   2   5       1.5        29    0.6   0.0    87   112    90   115    74   123 0.75 -
TRINITY_DN56480_c0_g1_i1:140-958   -            273 5458at3041           -            261     3e-10   36.7   5.1   3   5   0.00084     0.017   11.3   0.0    72   112   136   177   133   192 0.74 -
TRINITY_DN56480_c0_g1_i1:140-958   -            273 5458at3041           -            261     3e-10   36.7   5.1   4   5    0.0075      0.15    8.2   0.1   217   246   193   222   184   237 0.81 -
TRINITY_DN56480_c0_g1_i1:140-958   -            273 5458at3041           -            261     3e-10   36.7   5.1   5   5     0.047      0.93    5.6   0.0   222   245   241   264   240   270 0.87 -
TRINITY_DN46543_c0_g1_i1:482-1594  -            371 5458at3041           -            261     1e-09   34.9   1.6   1   4   0.00048    0.0095   12.1   0.0   180   240    10    72     3    79 0.86 -
TRINITY_DN46543_c0_g1_i1:482-1594  -            371 5458at3041           -            261     1e-09   34.9   1.6   2   4      0.57        11    2.0   0.1   120   168   106   155    75   188 0.64 -
TRINITY_DN46543_c0_g1_i1:482-1594  -            371 5458at3041           -            261     1e-09   34.9   1.6   3   4   0.00065     0.013   11.7   0.0   215   245   256   286   163   298 0.86 -
TRINITY_DN46543_c0_g1_i1:482-1594  -            371 5458at3041           -            261     1e-09   34.9   1.6   4   4      0.11       2.1    4.4   0.1   221   242   304   325   293   334 0.77 -
TRINITY_DN1068_c0_g1_i10:719-1495  -            259 5458at3041           -            261   1.3e-09   34.6   2.9   1   5       3.5        70   -0.6   0.0    91   116     4    29     1    38 0.82 -
TRINITY_DN1068_c0_g1_i10:719-1495  -            259 5458at3041           -            261   1.3e-09   34.6   2.9   2   5    0.0026     0.051    9.7   0.1    86   116    41    72    31    75 0.86 -
TRINITY_DN1068_c0_g1_i10:719-1495  -            259 5458at3041           -            261   1.3e-09   34.6   2.9   3   5   0.00015    0.0029   13.8   0.0    80   113    78   111    73   115 0.89 -
TRINITY_DN1068_c0_g1_i10:719-1495  -            259 5458at3041           -            261   1.3e-09   34.6   2.9   4   5     0.075       1.5    4.9   0.0   222   245   128   151   120   163 0.86 -
TRINITY_DN1068_c0_g1_i10:719-1495  -            259 5458at3041           -            261   1.3e-09   34.6   2.9   5   5      0.37       7.3    2.6   0.0   184   243   173   235   152   241 0.66 -
TRINITY_DN1068_c0_g1_i6:647-1270   -            208 5458at3041           -            261   2.9e-09   33.4   0.3   1   4   0.00014    0.0027   13.9   0.0    81   113     4    36     1    40 0.89 -
TRINITY_DN1068_c0_g1_i6:647-1270   -            208 5458at3041           -            261   2.9e-09   33.4   0.3   2   4     0.051         1    5.4   0.0   222   245    53    76    44    90 0.85 -
TRINITY_DN1068_c0_g1_i6:647-1270   -            208 5458at3041           -            261   2.9e-09   33.4   0.3   3   4      0.32       6.3    2.8   0.0   184   243    98   160    89   166 0.62 -
TRINITY_DN1068_c0_g1_i6:647-1270   -            208 5458at3041           -            261   2.9e-09   33.4   0.3   4   4     0.028      0.55    6.3   0.0    84   112   179   207   172   208 0.85 -
TRINITY_DN11485_c0_g1_i1:5-412     -            136 5458at3041           -            261     5e-09   32.7   3.3   1   2   5.6e-05    0.0011   15.2   0.0   217   249     3    35     1    47 0.86 -
TRINITY_DN11485_c0_g1_i1:5-412     -            136 5458at3041           -            261     5e-09   32.7   3.3   2   2   6.1e-06   0.00012   18.3   1.0   183   243    51   117    40   121 0.81 -
TRINITY_DN2654_c2_g2_i2:9-353      -            115 5458at3041           -            261   7.7e-09   32.1   0.4   1   2   0.00011    0.0022   14.2   0.1   213   245    22    54     1    66 0.74 -
TRINITY_DN2654_c2_g2_i2:9-353      -            115 5458at3041           -            261   7.7e-09   32.1   0.4   2   2   1.9e-05   0.00037   16.7   0.0    84   113    69    98    62   106 0.89 -
TRINITY_DN704_c0_g1_i1:315-719     -            135 5458at3041           -            261   1.2e-08   31.4   0.7   1   3    0.0014     0.027   10.6   0.0    86   113     4    31     1    39 0.89 -
TRINITY_DN704_c0_g1_i1:315-719     -            135 5458at3041           -            261   1.2e-08   31.4   0.7   2   3    0.0041     0.081    9.0   0.1    85   113    45    73    36    82 0.83 -
TRINITY_DN704_c0_g1_i1:315-719     -            135 5458at3041           -            261   1.2e-08   31.4   0.7   3   3    0.0049     0.096    8.8   0.0    85   113    87   115    79   124 0.81 -
TRINITY_DN2654_c2_g2_i1:65-334     -             90 5458at3041           -            261   1.3e-08   31.3   0.4   1   2   0.00031    0.0061   12.7   0.1   218   245     2    29     1    41 0.78 -
TRINITY_DN2654_c2_g2_i1:65-334     -             90 5458at3041           -            261   1.3e-08   31.3   0.4   2   2     1e-05   0.00021   17.5   0.0    84   113    44    73    36    82 0.89 -
TRINITY_DN3190_c0_g1_i4:20-436     -            139 5458at3041           -            261   2.2e-08   30.6   5.2   1   2   5.5e-07   1.1e-05   21.7   1.5   182   246     8    76     2    84 0.84 -
TRINITY_DN3190_c0_g1_i4:20-436     -            139 5458at3041           -            261   2.2e-08   30.6   5.2   2   2     0.002      0.04   10.1   0.1   222   245    94   117    83   125 0.59 -
TRINITY_DN38193_c0_g1_i1:51-863    -            271 5458at3041           -            261   2.5e-08   30.4   4.8   1   2   3.4e-07   6.6e-06   22.4   1.2    83   247     7   164     1   175 0.58 -
TRINITY_DN38193_c0_g1_i1:51-863    -            271 5458at3041           -            261   2.5e-08   30.4   4.8   2   2     0.014      0.27    7.3   0.1    91   113   185   207   173   265 0.84 -
TRINITY_DN4919_c0_g1_i3:573-1310   -            246 5458at3041           -            261   5.3e-08   29.3   0.0   1   2   4.1e-05   0.00082   15.6   0.0   188   241     7    62     2    76 0.86 -
TRINITY_DN4919_c0_g1_i3:573-1310   -            246 5458at3041           -            261   5.3e-08   29.3   0.0   2   2   0.00089     0.018   11.2   0.0    73   111   208   246   129   246 0.87 -
TRINITY_DN1404_c0_g1_i1:122-865    -            248 5458at3041           -            261     7e-08   28.9   0.3   1   3     0.053         1    5.4   0.0    85   113     5    33     2    74 0.79 -
TRINITY_DN1404_c0_g1_i1:122-865    -            248 5458at3041           -            261     7e-08   28.9   0.3   2   3   4.7e-06   9.2e-05   18.7   0.1   167   247   118   201    90   212 0.75 -
TRINITY_DN1404_c0_g1_i1:122-865    -            248 5458at3041           -            261     7e-08   28.9   0.3   3   3       1.2        23    1.0   0.0    86   113   216   243   207   246 0.86 -
TRINITY_DN3190_c0_g1_i2:20-304     -             95 5458at3041           -            261   8.2e-08   28.7   0.9   1   1   7.7e-08   1.5e-06   24.5   0.9   183   245     9    73     5    82 0.87 -
TRINITY_DN2245_c0_g1_i1:263-1063   -            267 5458at3041           -            261     1e-07   28.4   0.0   1   3     5e-05     0.001   15.3   0.0   183   245     4    67     1    72 0.88 -
TRINITY_DN2245_c0_g1_i1:263-1063   -            267 5458at3041           -            261     1e-07   28.4   0.0   2   3      0.47       9.4    2.3   0.1   136   206    78   151    63   165 0.47 -
TRINITY_DN2245_c0_g1_i1:263-1063   -            267 5458at3041           -            261     1e-07   28.4   0.0   3   3      0.01       0.2    7.7   0.0    81   113   213   245   195   249 0.88 -
TRINITY_DN2245_c0_g1_i2:227-1027   -            267 5458at3041           -            261     1e-07   28.4   0.0   1   3     5e-05     0.001   15.3   0.0   183   245     4    67     1    72 0.88 -
TRINITY_DN2245_c0_g1_i2:227-1027   -            267 5458at3041           -            261     1e-07   28.4   0.0   2   3      0.47       9.4    2.3   0.1   136   206    78   151    63   165 0.47 -
TRINITY_DN2245_c0_g1_i2:227-1027   -            267 5458at3041           -            261     1e-07   28.4   0.0   3   3      0.01       0.2    7.7   0.0    81   113   213   245   195   249 0.88 -
TRINITY_DN10137_c0_g1_i2:151-867   -            239 5458at3041           -            261   1.3e-07   28.0   1.5   1   3   2.6e-05   0.00052   16.2   0.3   181   245    50   117     4   121 0.77 -
TRINITY_DN10137_c0_g1_i2:151-867   -            239 5458at3041           -            261   1.3e-07   28.0   1.5   2   3    0.0018     0.035   10.2   0.0   216   245   130   159   119   169 0.80 -
TRINITY_DN10137_c0_g1_i2:151-867   -            239 5458at3041           -            261   1.3e-07   28.0   1.5   3   3       9.3   1.8e+02   -2.0   0.0    86   233   219   232   177   239 0.58 -
TRINITY_DN3190_c0_g1_i3:20-304     -             95 5458at3041           -            261   1.4e-07   27.9   0.6   1   1   4.7e-05   0.00094   15.4   0.0    84   113     4    33     1    41 0.83 -
TRINITY_DN6522_c0_g2_i1:60-272     -             71 5458at3041           -            261   1.5e-07   27.8   0.0   1   2   9.9e-07     2e-05   20.9   0.0    87   120     3    36     2    42 0.88 -
TRINITY_DN6522_c0_g2_i1:60-272     -             71 5458at3041           -            261   1.5e-07   27.8   0.0   2   2     0.038      0.76    5.8   0.0    82   111    44    70    36    71 0.71 -
TRINITY_DN2654_c1_g3_i1:2-310      -            103 5458at3041           -            261   2.8e-07   26.9   0.1   1   2   9.2e-05    0.0018   14.4   0.0    84   113    20    49    12    55 0.87 -
TRINITY_DN2654_c1_g3_i1:2-310      -            103 5458at3041           -            261   2.8e-07   26.9   0.1   2   2    0.0012     0.024   10.8   0.0   218   245    62    89    54    98 0.68 -
TRINITY_DN2654_c1_g8_i1:1-234      -             78 5458at3041           -            261     3e-07   26.8   0.1   1   1   6.5e-08   1.3e-06   24.8   0.1   181   242     7    70     4    77 0.87 -
TRINITY_DN826_c0_g1_i1:0-1013      -            338 5458at3041           -            261   3.1e-07   26.8   0.1   1   2    0.0025      0.05    9.7   0.0    82   116    67   101    61   107 0.91 -
TRINITY_DN826_c0_g1_i1:0-1013      -            338 5458at3041           -            261   3.1e-07   26.8   0.1   2   2   0.00027    0.0054   12.9   0.0    50   113   167   236   154   268 0.83 -
TRINITY_DN53350_c0_g1_i1:723-1520  -            266 5458at3041           -            261   3.3e-07   26.7   0.7   1   5    0.0081      0.16    8.1   0.0    85   125    15    57     8    70 0.84 -
TRINITY_DN53350_c0_g1_i1:723-1520  -            266 5458at3041           -            261   3.3e-07   26.7   0.7   2   5       6.3   1.2e+02   -1.4   0.0   218   241    63    86    55    89 0.56 -
TRINITY_DN53350_c0_g1_i1:723-1520  -            266 5458at3041           -            261   3.3e-07   26.7   0.7   3   5       3.8        76   -0.7   0.0    98   122   129   154    99   168 0.65 -
TRINITY_DN53350_c0_g1_i1:723-1520  -            266 5458at3041           -            261   3.3e-07   26.7   0.7   4   5     0.087       1.7    4.7   0.0    86   113   165   192   154   195 0.76 -
TRINITY_DN53350_c0_g1_i1:723-1520  -            266 5458at3041           -            261   3.3e-07   26.7   0.7   5   5    0.0057      0.11    8.6   0.0   212   241   227   258   220   263 0.82 -
TRINITY_DN13529_c0_g2_i2:2605-3327 -            241 5458at3041           -            261   3.7e-07   26.5   0.6   1   1   7.5e-08   1.5e-06   24.6   0.6    86   248    31   187    22   200 0.75 -
TRINITY_DN2654_c1_g5_i2:77-355     -             93 5458at3041           -            261   4.8e-07   26.2   0.0   1   2   0.00014    0.0027   13.9   0.0    84   113    22    51    14    62 0.81 -
TRINITY_DN2654_c1_g5_i2:77-355     -             93 5458at3041           -            261   4.8e-07   26.2   0.0   2   2     0.001      0.02   11.0   0.0    80   109    63    92    52    93 0.81 -
TRINITY_DN3190_c0_g1_i1:79-429     -            117 5458at3041           -            261   6.9e-07   25.7   4.5   1   2    0.0021     0.042   10.0   0.1   215   245    24    54     1    64 0.64 -
TRINITY_DN3190_c0_g1_i1:79-429     -            117 5458at3041           -            261   6.9e-07   25.7   4.5   2   2     3e-07     6e-06   22.6   1.6   181   246    30    99    22   108 0.84 -
TRINITY_DN2654_c1_g4_i7:41-259     -             73 5458at3041           -            261   7.6e-07   25.5   0.4   1   2    0.0003    0.0059   12.8   0.0    84   115     4    35     2    43 0.84 -
TRINITY_DN2654_c1_g4_i7:41-259     -             73 5458at3041           -            261   7.6e-07   25.5   0.4   2   2   0.00062     0.012   11.7   0.0    85   107    47    69    38    73 0.59 -
TRINITY_DN13151_c0_g1_i1:4-324     -            107 5458at3041           -            261   1.1e-06   25.0   0.1   1   3    0.0044     0.088    8.9   0.0    87   114     4    31     1    38 0.87 -
TRINITY_DN13151_c0_g1_i1:4-324     -            107 5458at3041           -            261   1.1e-06   25.0   0.1   2   3    0.0017     0.033   10.3   0.0    85   115    44    74    33    83 0.87 -
TRINITY_DN13151_c0_g1_i1:4-324     -            107 5458at3041           -            261   1.1e-06   25.0   0.1   3   3      0.27       5.4    3.1   0.0   222   240    89   107    76   107 0.81 -
TRINITY_DN30715_c0_g1_i1:270-2012  -            581 5458at3041           -            261   1.2e-06   24.9   2.2   1   5      0.12       2.4    4.2   0.1    86   133     5    65     1   114 0.53 -
TRINITY_DN30715_c0_g1_i1:270-2012  -            581 5458at3041           -            261   1.2e-06   24.9   2.2   2   5   0.00048    0.0096   12.1   0.0   164   238   309   392   301   399 0.78 -
TRINITY_DN30715_c0_g1_i1:270-2012  -            581 5458at3041           -            261   1.2e-06   24.9   2.2   3   5       1.1        22    1.1   0.0   184   241   422   480   393   488 0.75 -
TRINITY_DN30715_c0_g1_i1:270-2012  -            581 5458at3041           -            261   1.2e-06   24.9   2.2   4   5      0.59        12    2.0   0.1    82   114   498   530   463   534 0.77 -
TRINITY_DN30715_c0_g1_i1:270-2012  -            581 5458at3041           -            261   1.2e-06   24.9   2.2   5   5       9.4   1.9e+02   -2.0   0.0    51    78   545   572   515   578 0.69 -
TRINITY_DN53937_c0_g1_i1:738-1610  -            291 5458at3041           -            261   1.2e-06   24.9   0.3   1   2   7.4e-05    0.0015   14.8   0.0   195   248     4    59     1    64 0.84 -
TRINITY_DN53937_c0_g1_i1:738-1610  -            291 5458at3041           -            261   1.2e-06   24.9   0.3   2   2     0.013      0.25    7.4   0.1   178   245   207   277   165   282 0.69 -
TRINITY_DN26941_c0_g1_i1:96-401    -            102 5458at3041           -            261   1.3e-06   24.8   0.0   1   3     0.064       1.3    5.1   0.0    89   113     2    26     1    36 0.88 -
TRINITY_DN26941_c0_g1_i1:96-401    -            102 5458at3041           -            261   1.3e-06   24.8   0.0   2   3    0.0018     0.036   10.2   0.0    87   119    42    74    29    82 0.84 -
TRINITY_DN26941_c0_g1_i1:96-401    -            102 5458at3041           -            261   1.3e-06   24.8   0.0   3   3      0.02      0.39    6.8   0.0    87   104    85   102    77   102 0.89 -
TRINITY_DN41130_c0_g1_i1:13-375    -            121 5458at3041           -            261   1.4e-06   24.7   0.5   1   3      0.13       2.5    4.1   0.0    86   113     6    33     3    44 0.82 -
TRINITY_DN41130_c0_g1_i1:13-375    -            121 5458at3041           -            261   1.4e-06   24.7   0.5   2   3   7.6e-05    0.0015   14.7   0.0    90   116    52    78    46    85 0.82 -
TRINITY_DN41130_c0_g1_i1:13-375    -            121 5458at3041           -            261   1.4e-06   24.7   0.5   3   3      0.31       6.2    2.9   0.2     7   106    95   115    83   121 0.61 -
TRINITY_DN4351_c0_g1_i1:55-432     -            126 5458at3041           -            261   1.6e-06   24.4   0.2   1   2   0.00026    0.0051   13.0   0.1   190   249    15    74     5    82 0.84 -
TRINITY_DN4351_c0_g1_i1:55-432     -            126 5458at3041           -            261   1.6e-06   24.4   0.2   2   2    0.0022     0.044    9.9   0.0   217   256    83   122    76   124 0.77 -
TRINITY_DN43949_c0_g1_i1:4-264     -             87 5458at3041           -            261   1.7e-06   24.3   0.0   1   2   9.9e-05     0.002   14.3   0.0    85   112     3    30     1    42 0.88 -
TRINITY_DN43949_c0_g1_i1:4-264     -             87 5458at3041           -            261   1.7e-06   24.3   0.0   2   2    0.0052       0.1    8.7   0.0    84   113    44    73    37    83 0.86 -
TRINITY_DN2654_c1_g6_i1:22-246     -             75 5458at3041           -            261   2.3e-06   23.9   0.0   1   2     0.003     0.059    9.5   0.0    91   112     1    22     1    33 0.87 -
TRINITY_DN2654_c1_g6_i1:22-246     -             75 5458at3041           -            261   2.3e-06   23.9   0.0   2   2   0.00023    0.0045   13.2   0.0    87   112    39    64    28    71 0.84 -
TRINITY_DN1068_c0_g1_i11:1158-1418 -             87 5458at3041           -            261   3.1e-06   23.5   0.1   1   2   8.8e-05    0.0017   14.5   0.0    85   113     3    31     1    36 0.91 -
TRINITY_DN1068_c0_g1_i11:1158-1418 -             87 5458at3041           -            261   3.1e-06   23.5   0.1   2   2     0.013      0.26    7.4   0.0   222   245    48    71    42    82 0.86 -
TRINITY_DN15928_c0_g2_i1:841-1710  -            290 5458at3041           -            261   3.5e-06   23.3   0.1   1   1   5.7e-07   1.1e-05   21.7   0.0    51   150    59   155    50   220 0.83 -
TRINITY_DN2593_c0_g1_i1:473-1312   -            280 5458at3041           -            261     4e-06   23.1   4.2   1   5     0.099         2    4.5   0.3   214   245    27    57     1    60 0.71 -
TRINITY_DN2593_c0_g1_i1:473-1312   -            280 5458at3041           -            261     4e-06   23.1   4.2   2   5      0.14       2.8    4.0   0.1   198   252    60   111    54   118 0.82 -
TRINITY_DN2593_c0_g1_i1:473-1312   -            280 5458at3041           -            261     4e-06   23.1   4.2   3   5     0.057       1.1    5.3   0.0    88   114   126   152   114   162 0.88 -
TRINITY_DN2593_c0_g1_i1:473-1312   -            280 5458at3041           -            261     4e-06   23.1   4.2   4   5       1.4        27    0.8   0.0    85   105   165   185   154   198 0.73 -
TRINITY_DN2593_c0_g1_i1:473-1312   -            280 5458at3041           -            261     4e-06   23.1   4.2   5   5     0.099         2    4.5   0.0    89   109   211   231   200   272 0.76 -
TRINITY_DN2106_c0_g1_i2:357-1031   -            225 5458at3041           -            261   5.1e-06   22.8   0.5   1   2   1.2e-06   2.4e-05   20.6   0.3    82   216    30   165    12   175 0.77 -
TRINITY_DN2106_c0_g1_i2:357-1031   -            225 5458at3041           -            261   5.1e-06   22.8   0.5   2   2       5.1     1e+02   -1.1   0.0    61   112   183   198   172   208 0.65 -
TRINITY_DN51614_c0_g1_i1:4-252     -             83 5458at3041           -            261   5.5e-06   22.7   0.0   1   1     9e-07   1.8e-05   21.0   0.0   177   240    18    83     6    83 0.86 -
TRINITY_DN815_c0_g1_i2:220-1059    -            280 5458at3041           -            261   5.6e-06   22.7   0.1   1   3     0.015      0.29    7.2   0.0   186   245    40   101    24   111 0.80 -
TRINITY_DN815_c0_g1_i2:220-1059    -            280 5458at3041           -            261   5.6e-06   22.7   0.1   2   3      0.17       3.4    3.7   0.0    88   113   166   191   145   242 0.71 -
TRINITY_DN815_c0_g1_i2:220-1059    -            280 5458at3041           -            261   5.6e-06   22.7   0.1   3   3     0.011      0.21    7.7   0.0    76   111   245   280   239   280 0.89 -
TRINITY_DN31496_c0_g1_i1:2806-3477 -            224 5458at3041           -            261   7.4e-06   22.3   0.0   1   1   1.2e-06   2.5e-05   20.6   0.0     7   112    21   125    16   207 0.86 -
TRINITY_DN2546_c0_g1_i2:13-267     -             85 5458at3041           -            261   1.9e-05   20.9   0.0   1   1   6.2e-06   0.00012   18.3   0.0    89   243     9    72     5    84 0.47 -
TRINITY_DN2546_c0_g1_i1:13-231     -             73 5458at3041           -            261   3.7e-05   20.0   0.1   1   1   6.7e-06   0.00013   18.2   0.1    86   138     6    67     2    72 0.57 -
TRINITY_DN11421_c0_g3_i1:51-794    -            248 5458at3041           -            261   3.8e-05   19.9   0.6   1   4     0.017      0.33    7.0   0.0   220   249    33    62     3    70 0.82 -
TRINITY_DN11421_c0_g3_i1:51-794    -            248 5458at3041           -            261   3.8e-05   19.9   0.6   2   4     0.035       0.7    6.0   0.1    56    80    39    63    37   111 0.50 -
TRINITY_DN11421_c0_g3_i1:51-794    -            248 5458at3041           -            261   3.8e-05   19.9   0.6   3   4       1.1        22    1.1   0.0    92   113    81   102    74   157 0.58 -
TRINITY_DN11421_c0_g3_i1:51-794    -            248 5458at3041           -            261   3.8e-05   19.9   0.6   4   4     0.013      0.26    7.4   0.0    86   116   161   191   147   205 0.85 -
TRINITY_DN24929_c0_g1_i1:51-878    -            276 5458at3041           -            261   3.9e-05   19.9   0.2   1   2   0.00034    0.0066   12.6   0.0    82   113   145   176   115   204 0.88 -
TRINITY_DN24929_c0_g1_i1:51-878    -            276 5458at3041           -            261   3.9e-05   19.9   0.2   2   2      0.18       3.5    3.7   0.0    88   113   235   260   190   271 0.81 -
TRINITY_DN1432_c0_g2_i1:188-508    -            107 5458at3041           -            261   4.5e-05   19.7   0.1   1   1   5.2e-06    0.0001   18.5   0.1   186   244     2    62     1    67 0.86 -
TRINITY_DN25541_c0_g1_i1:64-453    -            130 5458at3041           -            261     5e-05   19.6   0.0   1   2   0.00017    0.0033   13.6   0.0   184   249     3    70     1    78 0.88 -
TRINITY_DN25541_c0_g1_i1:64-453    -            130 5458at3041           -            261     5e-05   19.6   0.0   2   2      0.12       2.5    4.2   0.0    53    80    86   113    81   124 0.85 -
TRINITY_DN4032_c0_g1_i1:741-1247   -            169 5458at3041           -            261   5.1e-05   19.5   0.4   1   1    0.0024     0.047    9.8   0.5    87   133     8    62     4   160 0.70 -
TRINITY_DN46066_c0_g1_i1:22-612    -            197 5458at3041           -            261   7.3e-05   19.0   1.9   1   1   3.5e-05    0.0007   15.8   1.9   129   241    63   192     1   196 0.62 -
TRINITY_DN719_c0_g1_i5:1589-2428   -            280 5458at3041           -            261   9.1e-05   18.7   0.1   1   3     0.081       1.6    4.8   0.0    47   114     9    82     2   144 0.71 -
TRINITY_DN719_c0_g1_i5:1589-2428   -            280 5458at3041           -            261   9.1e-05   18.7   0.1   2   3      0.17       3.4    3.7   0.1   213   246   131   164   123   169 0.80 -
TRINITY_DN719_c0_g1_i5:1589-2428   -            280 5458at3041           -            261   9.1e-05   18.7   0.1   3   3     0.081       1.6    4.8   0.0    89   146   212   269   198   279 0.74 -
TRINITY_DN9684_c0_g1_i2:224-508    -             95 5458at3041           -            261    0.0001   18.5   0.0   1   2     0.021      0.43    6.7   0.0    86   118     3    33     1    48 0.82 -
TRINITY_DN9684_c0_g1_i2:224-508    -             95 5458at3041           -            261    0.0001   18.5   0.0   2   2    0.0017     0.033   10.3   0.0    84   113    65    94    59    95 0.82 -
TRINITY_DN719_c0_g1_i3:1589-2416   -            276 5458at3041           -            261   0.00012   18.3   0.1   1   4      0.18       3.6    3.6   0.0    48   114     6    78     1    82 0.71 -
TRINITY_DN719_c0_g1_i3:1589-2416   -            276 5458at3041           -            261   0.00012   18.3   0.1   2   4       1.6        32    0.5   0.0   218   243    90   115    80   130 0.84 -
TRINITY_DN719_c0_g1_i3:1589-2416   -            276 5458at3041           -            261   0.00012   18.3   0.1   3   4      0.16       3.3    3.8   0.1   213   246   127   160   118   165 0.80 -
TRINITY_DN719_c0_g1_i3:1589-2416   -            276 5458at3041           -            261   0.00012   18.3   0.1   4   4     0.079       1.6    4.8   0.0    89   146   208   265   194   275 0.74 -
TRINITY_DN654_c0_g2_i1:28-375      -            116 5458at3041           -            261   0.00013   18.1   0.2   1   2    0.0016     0.031   10.4   0.1   211   250    21    60     2    68 0.84 -
TRINITY_DN654_c0_g2_i1:28-375      -            116 5458at3041           -            261   0.00013   18.1   0.2   2   2     0.034      0.66    6.0   0.0   223   245    75    97    61   109 0.82 -
TRINITY_DN654_c0_g2_i2:28-375      -            116 5458at3041           -            261   0.00013   18.1   0.2   1   2    0.0016     0.031   10.4   0.1   211   250    21    60     2    68 0.84 -
TRINITY_DN654_c0_g2_i2:28-375      -            116 5458at3041           -            261   0.00013   18.1   0.2   2   2     0.034      0.66    6.0   0.0   223   245    75    97    61   109 0.82 -
TRINITY_DN606_c0_g1_i2:1305-2024   -            240 5458at3041           -            261   0.00018   17.7   1.0   1   2    0.0022     0.043   10.0   0.0    91   113     6    28     2    31 0.91 -
TRINITY_DN606_c0_g1_i2:1305-2024   -            240 5458at3041           -            261   0.00018   17.7   1.0   2   2     0.086       1.7    4.7   0.2   192   244    83   138    52   142 0.69 -
TRINITY_DN41175_c0_g1_i2:214-693   -            160 5458at3041           -            261   0.00024   17.3   0.5   1   2   0.00088     0.017   11.2   0.1    72   117    30    77    16    79 0.71 -
TRINITY_DN41175_c0_g1_i2:214-693   -            160 5458at3041           -            261   0.00024   17.3   0.5   2   2      0.12       2.4    4.2   0.1   183   236    91   146    85   151 0.56 -
TRINITY_DN28454_c0_g1_i1:152-361   -             70 5458at3041           -            261   0.00025   17.3   0.0   1   1   3.3e-05   0.00065   15.9   0.0   183   242     5    66     1    70 0.74 -
TRINITY_DN3059_c0_g1_i1:827-1834   -            336 5458at3041           -            261   0.00032   16.9   0.3   1   4       1.5        30    0.6   0.0    88   112     5    29     2    33 0.69 -
TRINITY_DN3059_c0_g1_i1:827-1834   -            336 5458at3041           -            261   0.00032   16.9   0.3   2   4     0.019      0.37    6.9   0.0   157   209   125   180    82   187 0.83 -
TRINITY_DN3059_c0_g1_i1:827-1834   -            336 5458at3041           -            261   0.00032   16.9   0.3   3   4      0.13       2.6    4.1   0.0    85   113   200   228   185   232 0.87 -
TRINITY_DN3059_c0_g1_i1:827-1834   -            336 5458at3041           -            261   0.00032   16.9   0.3   4   4       4.4        88   -0.9   0.0    51    79   254   282   250   301 0.74 -
TRINITY_DN48646_c0_g1_i1:46-432    -            129 5458at3041           -            261   0.00033   16.9   0.2   1   3       6.2   1.2e+02   -1.4   0.0   221   244     5    29     2    36 0.71 -
TRINITY_DN48646_c0_g1_i1:46-432    -            129 5458at3041           -            261   0.00033   16.9   0.2   2   3     0.036       0.7    6.0   0.0   213   242    45    74    38    87 0.86 -
TRINITY_DN48646_c0_g1_i1:46-432    -            129 5458at3041           -            261   0.00033   16.9   0.2   3   3    0.0002     0.004   13.3   0.1   186   247    58   121    55   127 0.84 -
TRINITY_DN15609_c0_g1_i1:15-575    -            187 5458at3041           -            261   0.00051   16.2   0.1   1   2      0.18       3.6    3.6   0.1   221   246    28    53     3    65 0.80 -
TRINITY_DN15609_c0_g1_i1:15-575    -            187 5458at3041           -            261   0.00051   16.2   0.1   2   2    0.0013     0.025   10.7   0.0    84   113    67    96    59   100 0.90 -
TRINITY_DN3237_c0_g1_i1:535-1032   -            166 5458at3041           -            261   0.00054   16.2   0.0   1   1   3.8e-05   0.00075   15.7   0.0   156   249    22   120     4   123 0.78 -
TRINITY_DN24436_c0_g1_i1:47-265    -             73 5458at3041           -            261   0.00055   16.2   0.0   1   1   7.8e-05    0.0016   14.7   0.0    91   241     7    65     2    71 0.48 -
TRINITY_DN21931_c0_g1_i1:24-320    -             99 5458at3041           -            261     0.001   15.3   0.0   1   1   0.00012    0.0023   14.1   0.0    84   112    50    78    10    88 0.70 -
TRINITY_DN32155_c0_g1_i1:230-802   -            191 5458at3041           -            261    0.0012   15.1   0.2   1   1   0.00013    0.0025   14.0   0.2    68   182    58   172    49   185 0.66 -
TRINITY_DN33025_c0_g1_i1:17-253    -             79 5458at3041           -            261    0.0015   14.7   0.1   1   1   9.6e-05    0.0019   14.4   0.1   183   243     8    75     4    79 0.75 -
TRINITY_DN30792_c0_g1_i1:19-492    -            158 5458at3041           -            261    0.0017   14.6   0.0   1   1    0.0033     0.065    9.3   0.0   131   240    19   146    13   155 0.62 -
TRINITY_DN815_c0_g1_i1:230-1015    -            262 5458at3041           -            261    0.0024   14.1   0.1   1   2     0.013      0.26    7.4   0.0   186   245    40   101    25   112 0.81 -
TRINITY_DN815_c0_g1_i1:230-1015    -            262 5458at3041           -            261    0.0024   14.1   0.1   2   2      0.14       2.8    4.0   0.0    88   113   166   191   142   243 0.71 -
TRINITY_DN37141_c0_g1_i1:72-260    -             63 5458at3041           -            261    0.0025   14.0   0.1   1   1   0.00029    0.0057   12.8   0.1   218   257     2    41     1    45 0.81 -
TRINITY_DN42494_c0_g1_i1:141-296   -             52 5458at3041           -            261    0.0031   13.7   0.0   1   1   0.00016    0.0031   13.7   0.0    86   114     2    30     1    52 0.85 -
TRINITY_DN54465_c0_g1_i1:1-750     -            250 5458at3041           -            261    0.0052   13.0   0.1   1   1   0.00097     0.019   11.1   0.0    88   119   185   216   171   233 0.77 -
TRINITY_DN1068_c0_g1_i10:1973-2191 -             73 5458at3041           -            261    0.0066   12.6   0.0   1   2    0.0036     0.071    9.2   0.0    89   134     2    45     1    57 0.80 -
TRINITY_DN1068_c0_g1_i10:1973-2191 -             73 5458at3041           -            261    0.0066   12.6   0.0   2   2      0.27       5.4    3.1   0.0    87   110    48    71    36    73 0.65 -
TRINITY_DN1068_c0_g1_i11:2136-2354 -             73 5458at3041           -            261    0.0066   12.6   0.0   1   2    0.0036     0.071    9.2   0.0    89   134     2    45     1    57 0.80 -
TRINITY_DN1068_c0_g1_i11:2136-2354 -             73 5458at3041           -            261    0.0066   12.6   0.0   2   2      0.27       5.4    3.1   0.0    87   110    48    71    36    73 0.65 -
TRINITY_DN1068_c0_g1_i8:874-1092   -             73 5458at3041           -            261    0.0066   12.6   0.0   1   2    0.0036     0.071    9.2   0.0    89   134     2    45     1    57 0.80 -
TRINITY_DN1068_c0_g1_i8:874-1092   -             73 5458at3041           -            261    0.0066   12.6   0.0   2   2      0.27       5.4    3.1   0.0    87   110    48    71    36    73 0.65 -
TRINITY_DN1068_c0_g1_i9:781-999    -             73 5458at3041           -            261    0.0066   12.6   0.0   1   2    0.0036     0.071    9.2   0.0    89   134     2    45     1    57 0.80 -
TRINITY_DN1068_c0_g1_i9:781-999    -             73 5458at3041           -            261    0.0066   12.6   0.0   2   2      0.27       5.4    3.1   0.0    87   110    48    71    36    73 0.65 -
TRINITY_DN53841_c0_g1_i1:31-789    -            253 5458at3041           -            261     0.011   11.9   0.1   1   2     0.098       1.9    4.5   0.0    82   123   178   218   162   225 0.76 -
TRINITY_DN53841_c0_g1_i1:31-789    -            253 5458at3041           -            261     0.011   11.9   0.1   2   2     0.022      0.44    6.6   0.0    50   111   191   252   177   253 0.74 -
#
# Program:         hmmsearch
# Version:         3.2.1 (June 2018)
# Pipeline mode:   SEARCH
# Query file:      /sw/bioinfo/BUSCO/v5_lineage_sets/lineages/chlorophyta_odb10/hmms/5458at3041.hmm
# Target file:     /crex/proj/snic2022-23-81/expression_algae/code/busco/trinity_VA-3180-Osg11Pal/run_chlorophyta_odb10/metaeuk_output/rerun_results/trinity_VA-3180-Osg11Pal.Trinity.fasta.modified.fas
# Option settings: hmmsearch --domtblout /crex/proj/snic2022-23-81/expression_algae/code/busco/trinity_VA-3180-Osg11Pal/run_chlorophyta_odb10/hmmer_output/rerun_results/5458at3041.out --cpu 1 /sw/bioinfo/BUSCO/v5_lineage_sets/lineages/chlorophyta_odb10/hmms/5458at3041.hmm /crex/proj/snic2022-23-81/expression_algae/code/busco/trinity_VA-3180-Osg11Pal/run_chlorophyta_odb10/metaeuk_output/rerun_results/trinity_VA-3180-Osg11Pal.Trinity.fasta.modified.fas 
# Current dir:     /crex/proj/snic2022-23-81/expression_algae/code/busco
# Date:            Fri Sep 23 10:13:43 2022
# [ok]
