#                                                                                        --- full sequence --- -------------- this domain -------------   hmm coord   ali coord   env coord
# target name                    accession   tlen query name           accession   qlen   E-value  score  bias   #  of  c-Evalue  i-Evalue  score  bias  from    to  from    to  from    to  acc description of target
#            ------------------- ---------- ----- -------------------- ---------- ----- --------- ------ ----- --- --- --------- --------- ------ ----- ----- ----- ----- ----- ----- ----- ---- ---------------------
TRINITY_DN27810_c0_g1_i1:3-620   -            206 1211at3041           -            356   1.7e-96  319.5   0.2   1   1   5.1e-98   2.1e-96  319.2   0.2     1   170    13   200    13   203 0.96 -
TRINITY_DN78_c1_g1_i1:195-1304   -            370 1211at3041           -            356   2.2e-75  250.1   0.7   1   1     6e-77   2.5e-75  249.9   0.7    23   355     1   365     1   366 0.88 -
TRINITY_DN78_c1_g2_i1:611-1708   -            366 1211at3041           -            356     3e-73  243.0   0.1   1   1   8.3e-75   3.4e-73  242.8   0.1    23   355     2   366     1   366 0.87 -
TRINITY_DN908_c0_g1_i3:413-1582  -            390 1211at3041           -            356   6.5e-59  195.9   0.6   1   1   2.6e-60   1.1e-58  195.1   0.6    23   355     1   382     1   383 0.80 -
TRINITY_DN704_c0_g4_i3:4-1209    -            402 1211at3041           -            356   3.3e-48  160.7   0.0   1   1     1e-49   4.1e-48  160.3   0.0    22   337    29   384    12   400 0.80 -
TRINITY_DN704_c0_g5_i1:6-1166    -            387 1211at3041           -            356   1.9e-46  154.9   0.0   1   1   6.4e-48   2.6e-46  154.4   0.0    22   336    21   373     9   384 0.82 -
TRINITY_DN624_c0_g5_i1:31-1518   -            496 1211at3041           -            356   3.4e-45  150.7   0.0   1   1   1.1e-46   4.4e-45  150.4   0.0    21   335   136   494   118   496 0.81 -
TRINITY_DN6706_c0_g1_i1:37-1170  -            378 1211at3041           -            356   4.1e-41  137.3   0.0   1   2   1.2e-17   4.9e-16   54.8   0.0    46   172     1   151     1   179 0.75 -
TRINITY_DN6706_c0_g1_i1:37-1170  -            378 1211at3041           -            356   4.1e-41  137.3   0.0   2   2   1.7e-25   6.8e-24   80.7   0.0   167   334   189   369   163   375 0.84 -
TRINITY_DN704_c0_g4_i1:4-1029    -            342 1211at3041           -            356   2.1e-40  135.0   0.0   1   1     6e-42   2.5e-40  134.8   0.0    55   337     2   324     1   340 0.79 -
TRINITY_DN1190_c0_g1_i2:133-1356 -            408 1211at3041           -            356   9.2e-35  116.4   0.0   1   1     3e-36   1.2e-34  116.0   0.0    41   321     2   321     1   337 0.79 -
TRINITY_DN615_c0_g1_i1:273-1325  -            351 1211at3041           -            356   8.6e-33  109.9   0.0   1   1   5.7e-34   2.3e-32  108.5   0.0    46   344     1   347     1   351 0.77 -
TRINITY_DN5238_c0_g1_i1:82-720   -            213 1211at3041           -            356   2.6e-31  105.1   0.1   1   1   8.3e-33   3.4e-31  104.7   0.1    21   195     5   207     2   211 0.80 -
TRINITY_DN908_c0_g1_i2:413-997   -            195 1211at3041           -            356   1.6e-30  102.4   0.2   1   1   7.1e-32   2.9e-30  101.6   0.2   192   355     2   187     1   188 0.84 -
TRINITY_DN624_c0_g5_i2:31-1161   -            377 1211at3041           -            356   1.5e-29   99.3   0.0   1   1   4.6e-31   1.9e-29   99.0   0.0    21   226   136   373   118   377 0.78 -
TRINITY_DN704_c0_g2_i1:4-1038    -            345 1211at3041           -            356   6.4e-29   97.2   0.0   1   1     2e-30   8.4e-29   96.8   0.0    88   336    15   294     9   313 0.79 -
TRINITY_DN908_c0_g1_i1:168-758   -            197 1211at3041           -            356   5.3e-25   84.3   0.0   1   1   1.6e-26   6.7e-25   84.0   0.0    23   191     1   196     1   197 0.73 -
TRINITY_DN704_c0_g1_i1:5-445     -            147 1211at3041           -            356   6.5e-22   74.2   0.1   1   1   1.8e-23   7.3e-22   74.0   0.1    43   163     3   144     1   147 0.78 -
TRINITY_DN1990_c0_g1_i1:82-1029  -            316 1211at3041           -            356   9.2e-21   70.4   0.0   1   2   2.2e-19   8.9e-18   60.5   0.0    42   171    14   170     4   186 0.77 -
TRINITY_DN1990_c0_g1_i1:82-1029  -            316 1211at3041           -            356   9.2e-21   70.4   0.0   2   2    0.0024     0.097    7.8   0.0   153   201   214   263   194   301 0.74 -
TRINITY_DN11467_c0_g1_i1:340-966 -            209 1211at3041           -            356   1.3e-20   69.9   0.0   1   1   4.5e-22   1.8e-20   69.4   0.0    41   180    34   209    12   209 0.77 -
TRINITY_DN19215_c0_g1_i1:10-561  -            184 1211at3041           -            356   9.2e-17   57.2   0.1   1   1   2.5e-18     1e-16   57.0   0.1    36   172     9   171     1   184 0.74 -
TRINITY_DN624_c0_g4_i2:618-1277  -            220 1211at3041           -            356   3.1e-16   55.5   0.0   1   1     1e-17   4.2e-16   55.1   0.0    38   152    77   209    59   220 0.77 -
TRINITY_DN624_c0_g4_i3:638-1297  -            220 1211at3041           -            356   3.1e-16   55.5   0.0   1   1     1e-17   4.2e-16   55.1   0.0    38   152    77   209    59   220 0.77 -
TRINITY_DN1655_c0_g3_i1:0-578    -            193 1211at3041           -            356   7.9e-15   50.8   0.0   1   1   2.1e-16   8.6e-15   50.7   0.0   171   337     9   186     1   193 0.83 -
TRINITY_DN32577_c0_g1_i1:426-692 -             89 1211at3041           -            356   8.7e-15   50.7   0.0   1   1   2.7e-16   1.1e-14   50.4   0.0    46   110     5    77     2    84 0.83 -
TRINITY_DN2698_c0_g1_i1:2-829    -            276 1211at3041           -            356   7.3e-13   44.4   0.0   1   1   2.7e-14   1.1e-12   43.8   0.0    88   317     7   276     4   276 0.70 -
TRINITY_DN624_c0_g6_i1:26-298    -             91 1211at3041           -            356   4.5e-11   38.5   0.1   1   1   1.7e-12   6.8e-11   37.9   0.1    44   109     1    78     1    91 0.78 -
TRINITY_DN5196_c0_g1_i1:22-318   -             99 1211at3041           -            356   1.3e-08   30.4   0.1   1   1   4.7e-10   1.9e-08   29.8   0.1    44   108     1    77     1    97 0.77 -
TRINITY_DN2698_c0_g1_i2:2-694    -            231 1211at3041           -            356   1.3e-08   30.4   0.0   1   1   4.6e-10   1.9e-08   29.9   0.0   129   317    10   231     6   231 0.71 -
TRINITY_DN1271_c0_g1_i1:13-549   -            179 1211at3041           -            356   4.2e-05   18.9   0.2   1   2       1.5        61   -1.4   0.0   226   286    29    92    12   103 0.59 -
TRINITY_DN1271_c0_g1_i1:13-549   -            179 1211at3041           -            356   4.2e-05   18.9   0.2   2   2   2.3e-06   9.6e-05   17.7   0.1   295   325   148   178   128   179 0.89 -
#
# Program:         hmmsearch
# Version:         3.2.1 (June 2018)
# Pipeline mode:   SEARCH
# Query file:      /sw/bioinfo/BUSCO/v5_lineage_sets/lineages/chlorophyta_odb10/hmms/1211at3041.hmm
# Target file:     /crex/proj/snic2022-23-81/expression_algae/code/busco/trinity_VA-3180-Osg12Pal/run_chlorophyta_odb10/metaeuk_output/rerun_results/trinity_VA-3180-Osg12Pal.Trinity.fasta.modified.fas
# Option settings: hmmsearch --domtblout /crex/proj/snic2022-23-81/expression_algae/code/busco/trinity_VA-3180-Osg12Pal/run_chlorophyta_odb10/hmmer_output/rerun_results/1211at3041.out --cpu 1 /sw/bioinfo/BUSCO/v5_lineage_sets/lineages/chlorophyta_odb10/hmms/1211at3041.hmm /crex/proj/snic2022-23-81/expression_algae/code/busco/trinity_VA-3180-Osg12Pal/run_chlorophyta_odb10/metaeuk_output/rerun_results/trinity_VA-3180-Osg12Pal.Trinity.fasta.modified.fas 
# Current dir:     /crex/proj/snic2022-23-81/expression_algae/code/busco
# Date:            Fri Sep 23 10:12:58 2022
# [ok]
