#                                                                                         --- full sequence --- -------------- this domain -------------   hmm coord   ali coord   env coord
# target name                     accession   tlen query name           accession   qlen   E-value  score  bias   #  of  c-Evalue  i-Evalue  score  bias  from    to  from    to  from    to  acc description of target
#             ------------------- ---------- ----- -------------------- ---------- ----- --------- ------ ----- --- --- --------- --------- ------ ----- ----- ----- ----- ----- ----- ----- ---- ---------------------
TRINITY_DN24599_c0_g1_i1:75-593   -            173 1825at3041           -            378   2.2e-62  207.1   6.7   1   1   4.3e-62   1.2e-60  201.4   6.7   249   377     3   151     1   152 0.87 -
TRINITY_DN9360_c0_g1_i1:117-407   -             97 1825at3041           -            378   6.3e-44  146.3   3.8   1   1   2.5e-45     7e-44  146.2   3.8    52   141     1    97     1    97 0.96 -
TRINITY_DN1556_c0_g1_i1:280-648   -            123 1825at3041           -            378   7.8e-16   53.9   5.7   1   2   8.4e-10   2.3e-08   29.3   0.1    42   108     4    73     1    73 0.90 -
TRINITY_DN1556_c0_g1_i1:280-648   -            123 1825at3041           -            378   7.8e-16   53.9   5.7   2   2   9.9e-11   2.7e-09   32.3   2.0    23    90    51   118    46   121 0.94 -
TRINITY_DN1556_c0_g1_i2:316-663   -            116 1825at3041           -            378   2.7e-14   48.8   8.1   1   1   3.3e-15     9e-14   47.1   8.1    21   130     3   114     1   115 0.94 -
TRINITY_DN1556_c0_g1_i6:514-861   -            116 1825at3041           -            378   2.7e-14   48.8   8.1   1   1   3.3e-15     9e-14   47.1   8.1    21   130     3   114     1   115 0.94 -
TRINITY_DN9566_c0_g1_i1:2-550     -            183 1825at3041           -            378   2.8e-14   48.8   9.5   1   1   1.8e-15   4.9e-14   48.0   9.5   256   319    51   115    45   176 0.81 -
TRINITY_DN33852_c0_g1_i1:48-338   -             97 1825at3041           -            378   1.4e-13   46.5   0.1   1   1     6e-15   1.6e-13   46.2   0.1    45   132     6    95     2    97 0.88 -
TRINITY_DN28049_c0_g1_i1:0-311    -            104 1825at3041           -            378   3.3e-13   45.2   2.4   1   1   1.3e-14   3.7e-13   45.1   2.4    89   183     2   103     1   104 0.87 -
TRINITY_DN1499_c0_g1_i1:229-636   -            136 1825at3041           -            378     9e-13   43.8   0.5   1   2   4.8e-10   1.3e-08   30.1   0.1     7    84     3    84     1    90 0.85 -
TRINITY_DN1499_c0_g1_i1:229-636   -            136 1825at3041           -            378     9e-13   43.8   0.5   2   2   8.6e-05    0.0024   12.8   0.1    53    93    89   130    85   135 0.71 -
TRINITY_DN1556_c0_g1_i5:1-321     -            107 1825at3041           -            378   1.2e-12   43.4   5.0   1   2   3.4e-07   9.3e-06   20.7   0.2    48    90     3    45     1    51 0.91 -
TRINITY_DN1556_c0_g1_i5:1-321     -            107 1825at3041           -            378   1.2e-12   43.4   5.0   2   2   1.1e-08   3.1e-07   25.6   0.8    27    86    48   107    44   107 0.94 -
TRINITY_DN1556_c0_g1_i6:148-465   -            106 1825at3041           -            378     5e-12   41.3   7.3   1   2   2.2e-08   6.1e-07   24.6   1.0    30    86     2    58     1    63 0.93 -
TRINITY_DN1556_c0_g1_i6:148-465   -            106 1825at3041           -            378     5e-12   41.3   7.3   2   2   2.3e-07   6.4e-06   21.3   1.0    22    67    60   105    56   106 0.90 -
TRINITY_DN869_c0_g2_i3:1334-1747  -            138 1825at3041           -            378   1.2e-11   40.1   1.8   1   2   0.00034    0.0094   10.8   0.1   134   180     2    53     1    58 0.62 -
TRINITY_DN869_c0_g2_i3:1334-1747  -            138 1825at3041           -            378   1.2e-11   40.1   1.8   2   2   6.4e-10   1.8e-08   29.7   0.2    26    87    54   116    50   118 0.93 -
TRINITY_DN2425_c0_g1_i1:43-303    -             87 1825at3041           -            378   6.1e-11   37.8   0.2   1   1   2.3e-12   6.3e-11   37.7   0.2    18   126     7    84     1    87 0.57 -
TRINITY_DN7328_c0_g1_i1:3-287     -             95 1825at3041           -            378   6.8e-11   37.6   3.6   1   2   1.1e-08     3e-07   25.6   1.1   145   198    10    61     2    63 0.71 -
TRINITY_DN7328_c0_g1_i1:3-287     -             95 1825at3041           -            378   6.8e-11   37.6   3.6   2   2   8.1e-06   0.00022   16.2   0.9    25    74    45    94    44    95 0.83 -
TRINITY_DN47_c0_g1_i10:1178-1504  -            109 1825at3041           -            378   2.3e-10   35.9   0.2   1   1   9.1e-12   2.5e-10   35.8   0.2     5    88     7    92     3   108 0.84 -
TRINITY_DN47_c0_g1_i13:368-694    -            109 1825at3041           -            378   2.3e-10   35.9   0.2   1   1   9.1e-12   2.5e-10   35.8   0.2     5    88     7    92     3   108 0.84 -
TRINITY_DN47_c0_g1_i1:1003-1329   -            109 1825at3041           -            378   2.3e-10   35.9   0.2   1   1   9.1e-12   2.5e-10   35.8   0.2     5    88     7    92     3   108 0.84 -
TRINITY_DN47_c0_g1_i4:1229-1555   -            109 1825at3041           -            378   2.3e-10   35.9   0.2   1   1   9.1e-12   2.5e-10   35.8   0.2     5    88     7    92     3   108 0.84 -
TRINITY_DN47_c0_g1_i5:1288-1614   -            109 1825at3041           -            378   2.3e-10   35.9   0.2   1   1   9.1e-12   2.5e-10   35.8   0.2     5    88     7    92     3   108 0.84 -
TRINITY_DN47_c0_g1_i7:1514-1840   -            109 1825at3041           -            378   2.3e-10   35.9   0.2   1   1   9.1e-12   2.5e-10   35.8   0.2     5    88     7    92     3   108 0.84 -
TRINITY_DN32035_c0_g1_i1:6-233    -             76 1825at3041           -            378   2.6e-10   35.7   0.0   1   1     1e-11   2.8e-10   35.6   0.0    19    86     9    76     3    76 0.95 -
TRINITY_DN33190_c0_g1_i1:884-1240 -            119 1825at3041           -            378   1.1e-09   33.6   0.1   1   1   4.6e-11   1.3e-09   33.4   0.1    34   141     6   118     1   119 0.83 -
TRINITY_DN19109_c0_g1_i1:140-460  -            107 1825at3041           -            378   1.4e-09   33.3   0.1   1   2   1.2e-06   3.4e-05   18.9   0.0    32    89     3    60     1    63 0.95 -
TRINITY_DN19109_c0_g1_i1:140-460  -            107 1825at3041           -            378   1.4e-09   33.3   0.1   2   2   6.6e-05    0.0018   13.2   0.0   147   180    64    97    60   103 0.87 -
TRINITY_DN1499_c0_g1_i2:33-347    -            105 1825at3041           -            378   1.5e-09   33.2   0.6   1   2   1.3e-06   3.5e-05   18.8   0.1    34    84     2    53     1    59 0.86 -
TRINITY_DN1499_c0_g1_i2:33-347    -            105 1825at3041           -            378   1.5e-09   33.2   0.6   2   2   5.1e-05    0.0014   13.5   0.1    53    93    58    99    54   104 0.71 -
TRINITY_DN1556_c0_g2_i1:18-302    -             95 1825at3041           -            378   1.9e-09   32.9   1.0   1   1   8.5e-11   2.3e-09   32.6   1.0     2    85     2    86     1    91 0.93 -
TRINITY_DN1379_c0_g1_i1:418-765   -            116 1825at3041           -            378   1.4e-08   30.0   0.4   1   3   1.6e-07   4.4e-06   21.8   0.1    54   111     8    69     2    74 0.78 -
TRINITY_DN1379_c0_g1_i1:418-765   -            116 1825at3041           -            378   1.4e-08   30.0   0.4   2   3   0.00054     0.015   10.2   0.1    47    84    34    72    32    90 0.84 -
TRINITY_DN1379_c0_g1_i1:418-765   -            116 1825at3041           -            378   1.4e-08   30.0   0.4   3   3     0.031      0.84    4.4   0.0   145   173    87   115    78   116 0.76 -
TRINITY_DN1379_c0_g1_i2:456-803   -            116 1825at3041           -            378   1.4e-08   30.0   0.4   1   3   1.6e-07   4.4e-06   21.8   0.1    54   111     8    69     2    74 0.78 -
TRINITY_DN1379_c0_g1_i2:456-803   -            116 1825at3041           -            378   1.4e-08   30.0   0.4   2   3   0.00054     0.015   10.2   0.1    47    84    34    72    32    90 0.84 -
TRINITY_DN1379_c0_g1_i2:456-803   -            116 1825at3041           -            378   1.4e-08   30.0   0.4   3   3     0.031      0.84    4.4   0.0   145   173    87   115    78   116 0.76 -
TRINITY_DN296_c0_g1_i5:6-320      -            105 1825at3041           -            378   1.5e-08   29.9   4.0   1   1   2.3e-09   6.3e-08   27.9   3.7    24   108     6    93     1   101 0.85 -
TRINITY_DN28454_c0_g1_i1:19-354   -            112 1825at3041           -            378   9.6e-08   27.3   0.8   1   1   6.3e-09   1.7e-07   26.4   0.8     4   122    15   104     6   112 0.59 -
TRINITY_DN47_c0_g1_i7:2480-2755   -             92 1825at3041           -            378   5.3e-07   24.8   0.0   1   1   2.2e-08   6.2e-07   24.6   0.0    29    95     5    73     2    80 0.86 -
TRINITY_DN21282_c0_g1_i1:0-260    -             87 1825at3041           -            378   8.7e-07   24.1   0.0   1   1   3.4e-08   9.4e-07   24.0   0.0     2    82     3    84     2    87 0.92 -
TRINITY_DN12138_c0_g1_i2:12-284   -             91 1825at3041           -            378   2.1e-06   22.9   0.2   1   1   2.8e-07   7.6e-06   21.0   0.1    71   131     6    68     1    78 0.52 -
TRINITY_DN5986_c0_g1_i1:31-330    -            100 1825at3041           -            378   3.7e-06   22.1   0.3   1   2   0.00026    0.0073   11.2   0.1   147   176     7    36     2    41 0.78 -
TRINITY_DN5986_c0_g1_i1:31-330    -            100 1825at3041           -            378   3.7e-06   22.1   0.3   2   2   0.00062     0.017   10.0   0.0   143   184    37    78    35    99 0.74 -
TRINITY_DN477_c0_g1_i1:343-663    -            107 1825at3041           -            378   3.7e-06   22.0   0.0   1   1   2.7e-07   7.5e-06   21.0   0.0    55   111    35    95    29   105 0.85 -
TRINITY_DN47_c0_g1_i10:2204-2446  -             81 1825at3041           -            378   2.9e-05   19.1   0.0   1   1   1.2e-06   3.3e-05   18.9   0.0    46    96     2    54     1    62 0.85 -
TRINITY_DN47_c0_g1_i13:1394-1636  -             81 1825at3041           -            378   2.9e-05   19.1   0.0   1   1   1.2e-06   3.3e-05   18.9   0.0    46    96     2    54     1    62 0.85 -
TRINITY_DN47_c0_g1_i1:2029-2271   -             81 1825at3041           -            378   2.9e-05   19.1   0.0   1   1   1.2e-06   3.3e-05   18.9   0.0    46    96     2    54     1    62 0.85 -
TRINITY_DN47_c0_g1_i4:2255-2497   -             81 1825at3041           -            378   2.9e-05   19.1   0.0   1   1   1.2e-06   3.3e-05   18.9   0.0    46    96     2    54     1    62 0.85 -
TRINITY_DN47_c0_g1_i5:2314-2556   -             81 1825at3041           -            378   2.9e-05   19.1   0.0   1   1   1.2e-06   3.3e-05   18.9   0.0    46    96     2    54     1    62 0.85 -
TRINITY_DN4438_c0_g1_i1:76-357    -             94 1825at3041           -            378     4e-05   18.6   0.1   1   1   1.5e-06   4.2e-05   18.6   0.1    46    89     7    50     2    88 0.83 -
TRINITY_DN1055_c0_g1_i1:589-951   -            121 1825at3041           -            378   5.1e-05   18.3   0.0   1   2      0.36       9.8    0.9   0.0    35    57     3    25     1    32 0.72 -
TRINITY_DN1055_c0_g1_i1:589-951   -            121 1825at3041           -            378   5.1e-05   18.3   0.0   2   2   1.2e-05   0.00033   15.6   0.0    29    76    41    88    34   121 0.72 -
TRINITY_DN1055_c0_g1_i2:791-1153  -            121 1825at3041           -            378   5.1e-05   18.3   0.0   1   2      0.36       9.8    0.9   0.0    35    57     3    25     1    32 0.72 -
TRINITY_DN1055_c0_g1_i2:791-1153  -            121 1825at3041           -            378   5.1e-05   18.3   0.0   2   2   1.2e-05   0.00033   15.6   0.0    29    76    41    88    34   121 0.72 -
TRINITY_DN1187_c0_g2_i1:509-673   -             55 1825at3041           -            378   6.9e-05   17.9   0.0   1   1   2.5e-06     7e-05   17.8   0.0    32    83     2    54     1    55 0.85 -
#
# Program:         hmmsearch
# Version:         3.2.1 (June 2018)
# Pipeline mode:   SEARCH
# Query file:      /sw/bioinfo/BUSCO/v5_lineage_sets/lineages/chlorophyta_odb10/hmms/1825at3041.hmm
# Target file:     /crex/proj/snic2022-23-81/expression_algae/code/busco/trinity_VA-3180-Osg12Pal/run_chlorophyta_odb10/metaeuk_output/rerun_results/trinity_VA-3180-Osg12Pal.Trinity.fasta.modified.fas
# Option settings: hmmsearch --domtblout /crex/proj/snic2022-23-81/expression_algae/code/busco/trinity_VA-3180-Osg12Pal/run_chlorophyta_odb10/hmmer_output/rerun_results/1825at3041.out --cpu 1 /sw/bioinfo/BUSCO/v5_lineage_sets/lineages/chlorophyta_odb10/hmms/1825at3041.hmm /crex/proj/snic2022-23-81/expression_algae/code/busco/trinity_VA-3180-Osg12Pal/run_chlorophyta_odb10/metaeuk_output/rerun_results/trinity_VA-3180-Osg12Pal.Trinity.fasta.modified.fas 
# Current dir:     /crex/proj/snic2022-23-81/expression_algae/code/busco
# Date:            Fri Sep 23 10:13:00 2022
# [ok]
