#                                                                                         --- full sequence --- -------------- this domain -------------   hmm coord   ali coord   env coord
# target name                     accession   tlen query name           accession   qlen   E-value  score  bias   #  of  c-Evalue  i-Evalue  score  bias  from    to  from    to  from    to  acc description of target
#             ------------------- ---------- ----- -------------------- ---------- ----- --------- ------ ----- --- --- --------- --------- ------ ----- ----- ----- ----- ----- ----- ----- ---- ---------------------
TRINITY_DN9052_c0_g5_i2:52-936    -            295 3373at3041           -            329   6.4e-32  107.2  12.6   1   3   3.1e-15   4.3e-14   48.6   2.2   173   262     1    89     1    94 0.87 -
TRINITY_DN9052_c0_g5_i2:52-936    -            295 3373at3041           -            329   6.4e-32  107.2  12.6   2   3   5.6e-11   7.7e-10   34.6   0.1   164   262    76   173    74   179 0.87 -
TRINITY_DN9052_c0_g5_i2:52-936    -            295 3373at3041           -            329   6.4e-32  107.2  12.6   3   3   2.2e-12   3.1e-11   39.2   1.1   145   255   184   295   177   295 0.83 -
TRINITY_DN12299_c0_g1_i1:250-1137 -            296 3373at3041           -            329   1.9e-23   79.4   0.2   1   3   3.7e-05   0.00052   15.5   0.0    19    74    30    85    17    91 0.89 -
TRINITY_DN12299_c0_g1_i1:250-1137 -            296 3373at3041           -            329   1.9e-23   79.4   0.2   2   3   6.8e-06   9.5e-05   17.9   0.0    82   185   122   215   114   221 0.82 -
TRINITY_DN12299_c0_g1_i1:250-1137 -            296 3373at3041           -            329   1.9e-23   79.4   0.2   3   3   1.1e-12   1.5e-11   40.3   0.0   143   214   223   296   213   296 0.86 -
TRINITY_DN586_c0_g1_i5:548-2155   -            536 3373at3041           -            329   5.7e-22   74.5  11.8   1   4   5.9e-07   8.3e-06   21.4   0.2   140   264    20   152     3   168 0.68 -
TRINITY_DN586_c0_g1_i5:548-2155   -            536 3373at3041           -            329   5.7e-22   74.5  11.8   2   4   3.6e-07     5e-06   22.1   0.3   161   224   224   285   198   306 0.74 -
TRINITY_DN586_c0_g1_i5:548-2155   -            536 3373at3041           -            329   5.7e-22   74.5  11.8   3   4   6.3e-07   8.8e-06   21.3   0.8   147   259   295   405   287   409 0.88 -
TRINITY_DN586_c0_g1_i5:548-2155   -            536 3373at3041           -            329   5.7e-22   74.5  11.8   4   4   2.4e-05   0.00034   16.1   0.0   146   221   420   494   413   498 0.88 -
TRINITY_DN255_c0_g1_i1:302-1183   -            294 3373at3041           -            329   5.3e-21   71.3   3.7   1   3   5.5e-09   7.7e-08   28.1   0.0   191   263    11    84     2    88 0.88 -
TRINITY_DN255_c0_g1_i1:302-1183   -            294 3373at3041           -            329   5.3e-21   71.3   3.7   2   3   4.5e-12   6.3e-11   38.2   0.4   145   263    94   210    88   214 0.87 -
TRINITY_DN255_c0_g1_i1:302-1183   -            294 3373at3041           -            329   5.3e-21   71.3   3.7   3   3     0.098       1.4    4.2   0.0   145   179   220   253   214   294 0.67 -
TRINITY_DN18626_c0_g1_i1:29-784   -            252 3373at3041           -            329     3e-19   65.6   4.0   1   3   9.2e-11   1.3e-09   33.9   0.3   164   263    15   113     3   113 0.85 -
TRINITY_DN18626_c0_g1_i1:29-784   -            252 3373at3041           -            329     3e-19   65.6   4.0   2   3   1.2e-12   1.7e-11   40.1   0.3   161   256    54   148    39   156 0.84 -
TRINITY_DN18626_c0_g1_i1:29-784   -            252 3373at3041           -            329     3e-19   65.6   4.0   3   3   8.3e-05    0.0012   14.3   1.8   143   224   121   198   119   245 0.77 -
TRINITY_DN4647_c0_g1_i1:56-859    -            268 3373at3041           -            329   9.6e-18   60.6   1.4   1   2     5e-08     7e-07   24.9   0.1   191   264    10    84     1    89 0.83 -
TRINITY_DN4647_c0_g1_i1:56-859    -            268 3373at3041           -            329   9.6e-18   60.6   1.4   2   2   4.2e-11   5.8e-10   35.0   0.1   145   262    93   210    87   235 0.83 -
TRINITY_DN9902_c0_g1_i6:55-417    -            121 3373at3041           -            329   6.6e-17   57.9   1.2   1   1   5.3e-18   7.4e-17   57.7   1.2   158   265     6   111     1   117 0.88 -
TRINITY_DN1446_c0_g1_i1:264-1847  -            528 3373at3041           -            329     2e-16   56.3   2.5   1   4   0.00046    0.0064   11.9   0.1   195   263     6    82     1    91 0.59 -
TRINITY_DN1446_c0_g1_i1:264-1847  -            528 3373at3041           -            329     2e-16   56.3   2.5   2   4    0.0031     0.043    9.2   0.0   143   219   283   356   276   361 0.89 -
TRINITY_DN1446_c0_g1_i1:264-1847  -            528 3373at3041           -            329     2e-16   56.3   2.5   3   4   7.5e-07     1e-05   21.1   0.1   181   264   361   447   358   453 0.86 -
TRINITY_DN1446_c0_g1_i1:264-1847  -            528 3373at3041           -            329     2e-16   56.3   2.5   4   4    0.0008     0.011   11.1   0.1   158   220   468   528   458   528 0.81 -
TRINITY_DN5368_c1_g1_i1:399-851   -            151 3373at3041           -            329   4.3e-16   55.2   0.7   1   1   3.5e-17   4.9e-16   55.0   0.7   145   261    37   151    19   151 0.90 -
TRINITY_DN1679_c0_g1_i1:184-903   -            240 3373at3041           -            329   1.6e-15   53.3   2.7   1   2   3.3e-08   4.6e-07   25.5   1.1   158   262    23   130     3   132 0.68 -
TRINITY_DN1679_c0_g1_i1:184-903   -            240 3373at3041           -            329   1.6e-15   53.3   2.7   2   2   2.8e-11   3.9e-10   35.6   0.2   146   264   100   220    94   227 0.89 -
TRINITY_DN1679_c0_g1_i2:210-965   -            252 3373at3041           -            329     3e-15   52.4   5.1   1   3   6.1e-05   0.00086   14.8   0.4   164   262    17    72     1    76 0.53 -
TRINITY_DN1679_c0_g1_i2:210-965   -            252 3373at3041           -            329     3e-15   52.4   5.1   2   3     4e-08   5.5e-07   25.3   0.0   145   223    85   162    73   168 0.82 -
TRINITY_DN1679_c0_g1_i2:210-965   -            252 3373at3041           -            329     3e-15   52.4   5.1   3   3   0.00026    0.0036   12.7   0.1   163   221   186   251   168   252 0.72 -
TRINITY_DN16363_c0_g1_i1:206-424  -             73 3373at3041           -            329   4.6e-15   51.8   0.6   1   1   4.6e-16   6.3e-15   51.4   0.6     2    34    38    73    37    73 0.90 -
TRINITY_DN15302_c0_g1_i1:35-628   -            198 3373at3041           -            329   5.5e-15   51.6   0.2   1   1   5.6e-16   7.8e-15   51.1   0.2   136   264    13   145     2   185 0.87 -
TRINITY_DN12314_c0_g1_i1:58-495   -            146 3373at3041           -            329     6e-14   48.2   2.6   1   1   8.6e-13   1.2e-11   40.6   2.6   155   264     2   144     1   146 0.69 -
TRINITY_DN1087_c0_g1_i3:612-1307  -            232 3373at3041           -            329   1.8e-13   46.5   4.0   1   2   2.3e-09   3.2e-08   29.3   0.2   148   264     5   119     2   132 0.84 -
TRINITY_DN1087_c0_g1_i3:612-1307  -            232 3373at3041           -            329   1.8e-13   46.5   4.0   2   2   1.2e-05   0.00017   17.1   0.5   190   262   157   232   148   232 0.63 -
TRINITY_DN14487_c0_g1_i1:74-571   -            166 3373at3041           -            329   2.9e-13   45.9   0.0   1   2   8.6e-09   1.2e-07   27.4   0.0   161   265    14   129     3   136 0.74 -
TRINITY_DN14487_c0_g1_i1:74-571   -            166 3373at3041           -            329   2.9e-13   45.9   0.0   2   2     2e-07   2.8e-06   23.0   0.0   144   258    44   164    36   166 0.79 -
TRINITY_DN586_c0_g1_i3:501-1397   -            299 3373at3041           -            329   8.6e-13   44.3   4.4   1   2   2.8e-07   3.9e-06   22.5   0.3   160   223    70   131    43   143 0.80 -
TRINITY_DN586_c0_g1_i3:501-1397   -            299 3373at3041           -            329   8.6e-13   44.3   4.4   2   2   2.1e-07   2.9e-06   22.9   0.8   147   259   142   252   134   257 0.88 -
TRINITY_DN13431_c0_g1_i1:0-353    -            118 3373at3041           -            329   9.9e-13   44.1   1.0   1   2     0.029       0.4    6.0   0.2   249   264     1    16     1    23 0.84 -
TRINITY_DN13431_c0_g1_i1:0-353    -            118 3373at3041           -            329   9.9e-13   44.1   1.0   2   2   1.1e-11   1.5e-10   37.0   0.0   144   239    24   118    18   118 0.85 -
TRINITY_DN24617_c0_g1_i1:1-450    -            150 3373at3041           -            329   1.9e-12   43.2   1.3   1   2   0.00099     0.014   10.8   0.0   240   265     2    27     1    44 0.83 -
TRINITY_DN24617_c0_g1_i1:1-450    -            150 3373at3041           -            329   1.9e-12   43.2   1.3   2   2   3.2e-10   4.4e-09   32.1   0.3   151   241    52   149    38   150 0.71 -
TRINITY_DN24972_c0_g1_i1:39-335   -             99 3373at3041           -            329   1.9e-12   43.2   2.2   1   1   5.5e-12   7.7e-11   37.9   0.7   145   221    26    99    19    99 0.90 -
TRINITY_DN9052_c1_g1_i1:2-364     -            121 3373at3041           -            329   2.2e-12   43.0   2.7   1   1   1.9e-13   2.7e-12   42.7   2.7   147   265     1   118     1   120 0.87 -
TRINITY_DN9052_c0_g4_i1:8-388     -            127 3373at3041           -            329   3.3e-12   42.4   0.8   1   1   2.9e-13     4e-12   42.2   0.8   145   264     2   119     1   123 0.88 -
TRINITY_DN586_c0_g1_i5:1433-2062  -            210 3373at3041           -            329   3.7e-12   42.3   1.4   1   2   2.2e-07     3e-06   22.8   0.7   151   259     4   110     1   115 0.88 -
TRINITY_DN586_c0_g1_i5:1433-2062  -            210 3373at3041           -            329   3.7e-12   42.3   1.4   2   2   4.8e-06   6.7e-05   18.4   0.0   146   221   125   199   117   202 0.88 -
TRINITY_DN1087_c0_g1_i4:744-1436  -            231 3373at3041           -            329   4.9e-12   41.9   1.2   1   3   4.3e-07     6e-06   21.9   0.1   163   262    21   118     3   120 0.81 -
TRINITY_DN1087_c0_g1_i4:744-1436  -            231 3373at3041           -            329   4.9e-12   41.9   1.2   2   3   0.00061    0.0085   11.5   0.1   142   179   126   162   119   172 0.76 -
TRINITY_DN1087_c0_g1_i4:744-1436  -            231 3373at3041           -            329   4.9e-12   41.9   1.2   3   3     0.059      0.83    5.0   0.0   189   220   199   230   191   231 0.89 -
TRINITY_DN8100_c0_g1_i1:56-676    -            207 3373at3041           -            329   5.9e-12   41.6   7.2   1   2   5.5e-10   7.6e-09   31.4   0.7   157   265    14   121     2   134 0.84 -
TRINITY_DN8100_c0_g1_i1:56-676    -            207 3373at3041           -            329   5.9e-12   41.6   7.2   2   2   0.00012    0.0017   13.8   1.0   130   178   153   205   132   207 0.55 -
TRINITY_DN296_c0_g1_i5:516-782    -             89 3373at3041           -            329   8.3e-12   41.1   0.2   1   1   6.8e-13   9.5e-12   40.9   0.2   190   264     3    78     1    83 0.88 -
TRINITY_DN9390_c0_g1_i1:1-231     -             77 3373at3041           -            329     1e-11   40.8   2.4   1   1   7.5e-13     1e-11   40.8   2.4   149   221     3    74     1    77 0.93 -
TRINITY_DN3143_c0_g1_i1:180-548   -            123 3373at3041           -            329   3.1e-11   39.2   7.3   1   2   1.1e-08   1.5e-07   27.1   1.4   191   266     5    86     2    87 0.86 -
TRINITY_DN3143_c0_g1_i1:180-548   -            123 3373at3041           -            329   3.1e-11   39.2   7.3   2   2   4.6e-07   6.4e-06   21.8   0.5   208   262    69   123    64   123 0.89 -
TRINITY_DN255_c0_g1_i4:332-727    -            132 3373at3041           -            329   3.6e-11   39.0   0.9   1   2   2.3e-09   3.3e-08   29.3   0.1   195   263     5    74     1    79 0.89 -
TRINITY_DN255_c0_g1_i4:332-727    -            132 3373at3041           -            329   3.6e-11   39.0   0.9   2   2    0.0037     0.052    8.9   0.1   145   194    84   130    78   132 0.70 -
TRINITY_DN9052_c0_g4_i2:8-382     -            125 3373at3041           -            329   4.7e-11   38.6   1.5   1   1   4.2e-12   5.9e-11   38.3   1.5   146   264     1   117     1   121 0.86 -
TRINITY_DN9481_c0_g1_i1:3-254     -             84 3373at3041           -            329   5.1e-11   38.5   0.0   1   1   4.3e-12   5.9e-11   38.3   0.0   186   263     2    80     1    83 0.88 -
TRINITY_DN255_c0_g1_i2:220-753    -            178 3373at3041           -            329   7.7e-11   37.9   0.8   1   2   9.4e-06   0.00013   17.4   0.1   216   264     2    51     1    57 0.87 -
TRINITY_DN255_c0_g1_i2:220-753    -            178 3373at3041           -            329   7.7e-11   37.9   0.8   2   2   3.4e-06   4.7e-05   18.9   0.1   146   257    61   177    56   178 0.78 -
TRINITY_DN4130_c0_g1_i1:27-251    -             75 3373at3041           -            329     8e-11   37.9   0.0   1   1   6.2e-12   8.6e-11   37.8   0.0   146   220     1    75     1    75 0.98 -
TRINITY_DN17425_c0_g1_i1:8-226    -             73 3373at3041           -            329   1.1e-10   37.5   1.7   1   1   8.3e-12   1.2e-10   37.3   1.7   147   222     1    73     1    73 0.80 -
TRINITY_DN24649_c0_g1_i1:28-378   -            117 3373at3041           -            329   1.4e-10   37.1   0.5   1   1   1.1e-11   1.6e-10   36.9   0.5   160   264    11   114     3   117 0.88 -
TRINITY_DN2275_c0_g1_i1:92-835    -            248 3373at3041           -            329   1.7e-10   36.8   0.1   1   3     5e-05    0.0007   15.1   0.0   205   264    15    75     2    93 0.80 -
TRINITY_DN2275_c0_g1_i1:92-835    -            248 3373at3041           -            329   1.7e-10   36.8   0.1   2   3   0.00017    0.0024   13.3   0.0   146   248    42   144    38   177 0.78 -
TRINITY_DN2275_c0_g1_i1:92-835    -            248 3373at3041           -            329   1.7e-10   36.8   0.1   3   3   3.5e-05   0.00049   15.6   0.0   141   176   205   239   175   243 0.68 -
TRINITY_DN1087_c0_g1_i4:957-1430  -            158 3373at3041           -            329   4.2e-10   35.5   0.6   1   2   1.4e-07     2e-06   23.5   0.1   165   262    21   116     2   122 0.82 -
TRINITY_DN1087_c0_g1_i4:957-1430  -            158 3373at3041           -            329   4.2e-10   35.5   0.6   2   2    0.0018     0.026    9.9   0.1   142   177   124   158   117   158 0.80 -
TRINITY_DN1432_c0_g1_i1:261-914   -            218 3373at3041           -            329   4.5e-10   35.4   6.6   1   2   2.1e-08   2.9e-07   26.2   0.4   165   260     2   108     1   115 0.70 -
TRINITY_DN1432_c0_g1_i1:261-914   -            218 3373at3041           -            329   4.5e-10   35.4   6.6   2   2     0.026      0.36    6.2   0.1   145   176   184   218   173   218 0.81 -
TRINITY_DN296_c0_g1_i1:112-348    -             79 3373at3041           -            329   5.1e-10   35.2   0.1   1   1   4.4e-11   6.2e-10   35.0   0.1   145   222     2    76     1    78 0.68 -
TRINITY_DN296_c0_g1_i3:8-271      -             88 3373at3041           -            329   5.2e-10   35.2   0.1   1   1   4.5e-11   6.3e-10   34.9   0.1   145   222     2    76     1    86 0.68 -
TRINITY_DN13194_c0_g1_i1:10-225   -             72 3373at3041           -            329   5.8e-10   35.0   0.3   1   1   4.5e-11   6.2e-10   34.9   0.3   164   223     3    58     1    72 0.57 -
TRINITY_DN20018_c0_g1_i1:2-325    -            108 3373at3041           -            329     8e-10   34.6   0.1   1   1   6.5e-11     9e-10   34.4   0.1   160   261     8   108     3   108 0.87 -
TRINITY_DN9052_c0_g4_i3:8-319     -            104 3373at3041           -            329   1.3e-09   33.9   1.3   1   1   1.1e-10   1.6e-09   33.6   1.3   169   264     2    96     1   100 0.84 -
TRINITY_DN26098_c0_g1_i1:0-218    -             73 3373at3041           -            329   1.9e-09   33.4   0.3   1   1   1.5e-10   2.1e-09   33.2   0.3   198   262     3    68     1    72 0.91 -
TRINITY_DN5673_c0_g1_i1:2-253     -             84 3373at3041           -            329   2.2e-09   33.1   0.1   1   1   2.2e-10     3e-09   32.7   0.1   191   263     2    84     1    84 0.83 -
TRINITY_DN12003_c0_g1_i1:37-624   -            196 3373at3041           -            329   8.1e-09   31.3   0.5   1   2   5.6e-09   7.8e-08   28.0   0.5   154   250     2    96     1   112 0.83 -
TRINITY_DN12003_c0_g1_i1:37-624   -            196 3373at3041           -            329   8.1e-09   31.3   0.5   2   2      0.74        10    1.4   0.0   192   240   141   194   129   196 0.67 -
TRINITY_DN14591_c0_g1_i1:141-452  -            104 3373at3041           -            329   9.9e-09   31.0   0.1   1   1   8.1e-10   1.1e-08   30.8   0.1   190   254    30   103     8   104 0.82 -
TRINITY_DN6377_c0_g1_i1:1-357     -            119 3373at3041           -            329   1.1e-08   30.8   0.6   1   2   2.9e-08   4.1e-07   25.7   0.2   208   264     2    59     1    63 0.89 -
TRINITY_DN6377_c0_g1_i1:1-357     -            119 3373at3041           -            329   1.1e-08   30.8   0.6   2   2      0.11       1.5    4.1   0.0   189   235    67   115    59   119 0.57 -
TRINITY_DN1245_c0_g1_i1:10-471    -            154 3373at3041           -            329   1.6e-08   30.3   0.0   1   2     0.011      0.16    7.3   0.0   206   243     4    43     1    60 0.73 -
TRINITY_DN1245_c0_g1_i1:10-471    -            154 3373at3041           -            329   1.6e-08   30.3   0.0   2   2   5.4e-07   7.5e-06   21.5   0.0   145   222    82   154    62   154 0.83 -
TRINITY_DN16168_c0_g1_i1:2-529    -            176 3373at3041           -            329   3.5e-08   29.2   0.1   1   2       1.1        15    0.8   0.0   211   264    10    66     4    72 0.48 -
TRINITY_DN16168_c0_g1_i1:2-529    -            176 3373at3041           -            329   3.5e-08   29.2   0.1   2   2     7e-09   9.8e-08   27.7   0.1   126   221    52   150    39   153 0.79 -
TRINITY_DN1505_c0_g2_i1:29-400    -            124 3373at3041           -            329   4.4e-08   28.9   1.5   1   1     1e-08   1.5e-07   27.2   1.5   145   264     2   119     1   121 0.84 -
TRINITY_DN1262_c0_g1_i1:658-1566  -            303 3373at3041           -            329   5.2e-08   28.6   0.1   1   2   2.6e-06   3.7e-05   19.3   0.0   187   262    29   105     8   154 0.87 -
TRINITY_DN1262_c0_g1_i1:658-1566  -            303 3373at3041           -            329   5.2e-08   28.6   0.1   2   2     0.008      0.11    7.8   0.0   139   220   216   298   170   302 0.73 -
TRINITY_DN1262_c0_g1_i3:658-1659  -            334 3373at3041           -            329   5.9e-08   28.5   0.1   1   2   2.6e-06   3.6e-05   19.3   0.0   186   262    59   136    23   178 0.85 -
TRINITY_DN1262_c0_g1_i3:658-1659  -            334 3373at3041           -            329   5.9e-08   28.5   0.1   2   2    0.0097      0.14    7.5   0.0   139   220   247   329   201   333 0.73 -
TRINITY_DN25985_c0_g1_i1:3-293    -             97 3373at3041           -            329   1.5e-07   27.1   0.1   1   2    0.0051     0.071    8.5   0.0   214   263     3    52     1    56 0.79 -
TRINITY_DN25985_c0_g1_i1:3-293    -             97 3373at3041           -            329   1.5e-07   27.1   0.1   2   2   5.2e-08   7.3e-07   24.9   0.1   164   220    38    92    22    95 0.79 -
TRINITY_DN29644_c0_g1_i1:3-374    -            124 3373at3041           -            329   1.7e-07   27.0   0.3   1   1   1.4e-08   1.9e-07   26.7   0.3   170   256    11    97     3   107 0.85 -
TRINITY_DN1365_c0_g1_i2:54-506    -            151 3373at3041           -            329   2.7e-07   26.3   1.5   1   1   7.3e-08     1e-06   24.4   1.5   160   241    72   151    16   151 0.72 -
TRINITY_DN7192_c0_g1_i1:15-302    -             96 3373at3041           -            329   4.6e-07   25.5   0.0   1   1   3.6e-08     5e-07   25.4   0.0   200   262    15    79     3    93 0.82 -
TRINITY_DN26175_c0_g1_i1:5-178    -             58 3373at3041           -            329   4.8e-07   25.4   0.3   1   1   3.7e-08   5.1e-07   25.4   0.3   146   202     1    57     1    58 0.90 -
TRINITY_DN1490_c0_g1_i1:420-896   -            159 3373at3041           -            329   5.6e-07   25.2   0.1   1   2   3.2e-06   4.4e-05   19.0   0.0   204   263    12    72     3    87 0.82 -
TRINITY_DN1490_c0_g1_i1:420-896   -            159 3373at3041           -            329   5.6e-07   25.2   0.1   2   2     0.072         1    4.7   0.0   176   229   105   157    87   159 0.70 -
TRINITY_DN23393_c0_g1_i1:7-246    -             80 3373at3041           -            329   6.4e-07   25.1   0.3   1   1   5.3e-08   7.4e-07   24.8   0.3   146   221     4    76     1    79 0.50 -
TRINITY_DN9835_c0_g1_i1:7-252     -             82 3373at3041           -            329   8.4e-07   24.7   1.2   1   1   2.8e-07   3.8e-06   22.5   1.4   162   221     7    68     2    71 0.74 -
TRINITY_DN1466_c0_g1_i1:39-293    -             85 3373at3041           -            329   1.4e-06   23.9   0.0   1   1   1.1e-07   1.5e-06   23.8   0.0   164   231     2    67     1    83 0.78 -
TRINITY_DN26251_c0_g1_i1:23-379   -            119 3373at3041           -            329   1.6e-06   23.7   0.0   1   1   2.2e-07   3.1e-06   22.8   0.0   146   262     1   114     1   117 0.77 -
TRINITY_DN2275_c0_g1_i1:945-1586  -            214 3373at3041           -            329   1.7e-06   23.6   0.0   1   2   2.8e-05   0.00039   15.9   0.0   203   264    18    80     4    99 0.78 -
TRINITY_DN2275_c0_g1_i1:945-1586  -            214 3373at3041           -            329   1.7e-06   23.6   0.0   2   2   0.00027    0.0038   12.6   0.0   147   248    48   149    48   186 0.77 -
TRINITY_DN9902_c0_g1_i16:2-325    -            108 3373at3041           -            329   1.8e-06   23.6   1.2   1   2    0.0017     0.024   10.0   0.2   207   247     3    45     1    53 0.77 -
TRINITY_DN9902_c0_g1_i16:2-325    -            108 3373at3041           -            329   1.8e-06   23.6   1.2   2   2   0.00021    0.0029   13.0   0.2   154   188    54    86    48   107 0.62 -
TRINITY_DN255_c0_g1_i6:290-529    -             80 3373at3041           -            329   3.9e-06   22.5   0.0   1   1   2.9e-07   4.1e-06   22.4   0.0   191   253    15    78     5    80 0.78 -
TRINITY_DN33675_c0_g1_i1:25-609   -            195 3373at3041           -            329   4.9e-06   22.1   2.5   1   3     0.051       0.7    5.2   0.0   235   269     5    39     1    53 0.76 -
TRINITY_DN33675_c0_g1_i1:25-609   -            195 3373at3041           -            329   4.9e-06   22.1   2.5   2   3       1.1        16    0.8   0.3   149   177    53    84    43   104 0.69 -
TRINITY_DN33675_c0_g1_i1:25-609   -            195 3373at3041           -            329   4.9e-06   22.1   2.5   3   3   8.3e-05    0.0012   14.3   0.4   225   263   154   192   132   194 0.84 -
TRINITY_DN1087_c0_g1_i3:1083-1343 -             87 3373at3041           -            329   9.2e-06   21.2   0.0   1   1   7.3e-07     1e-05   21.1   0.0   189   262    13    87     1    87 0.85 -
TRINITY_DN296_c0_g2_i1:0-239      -             80 3373at3041           -            329   1.1e-05   20.9   0.0   1   1   8.4e-07   1.2e-05   20.9   0.0   166   243     1    78     1    80 0.80 -
TRINITY_DN825_c0_g1_i3:138-791    -            218 3373at3041           -            329   1.3e-05   20.8   0.1   1   1   1.4e-06   1.9e-05   20.2   0.1   124   262    83   218    54   218 0.83 -
TRINITY_DN3561_c0_g1_i1:4-279     -             92 3373at3041           -            329   3.8e-05   19.2   0.1   1   1   3.2e-06   4.4e-05   19.0   0.1   198   264     9    74     2    89 0.80 -
TRINITY_DN5395_c0_g1_i1:139-810   -            224 3373at3041           -            329     5e-05   18.8   0.8   1   1     5e-06     7e-05   18.3   0.4   150   243   115   207   104   224 0.78 -
TRINITY_DN7041_c0_g2_i1:3-617     -            205 3373at3041           -            329   9.4e-05   17.9   0.5   1   1   1.2e-05   0.00017   17.1   0.4   196   262    46   115    31   153 0.65 -
TRINITY_DN33416_c0_g1_i1:2-277    -             92 3373at3041           -            329   0.00021   16.8   0.0   1   1   1.8e-05   0.00025   16.5   0.0   173   261     3    92     1    92 0.49 -
TRINITY_DN10232_c0_g1_i2:370-609  -             80 3373at3041           -            329   0.00024   16.6   0.0   1   1   1.8e-05   0.00024   16.6   0.0   232   273     4    45     1    77 0.48 -
TRINITY_DN4565_c0_g1_i1:215-718   -            168 3373at3041           -            329   0.00035   16.0   0.2   1   2   0.00031    0.0043   12.5   0.0   161   245    10    93     4   105 0.57 -
TRINITY_DN4565_c0_g1_i1:215-718   -            168 3373at3041           -            329   0.00035   16.0   0.2   2   2      0.57       7.9    1.7   0.0   182   222   124   163   111   166 0.79 -
TRINITY_DN7679_c0_g1_i1:10-477    -            156 3373at3041           -            329   0.00038   15.9   3.6   1   2     0.011      0.16    7.3   0.4   206   266     9    76     2    86 0.62 -
TRINITY_DN7679_c0_g1_i1:10-477    -            156 3373at3041           -            329   0.00038   15.9   3.6   2   2   2.7e-05   0.00038   15.9   3.6   159   261    54   156    36   156 0.82 -
TRINITY_DN5674_c0_g1_i1:30-632    -            201 3373at3041           -            329   0.00074   15.0   0.0   1   1   6.7e-05   0.00093   14.6   0.0   140   275     2   149     1   176 0.69 -
TRINITY_DN23936_c0_g1_i1:61-285   -             75 3373at3041           -            329    0.0009   14.7   0.1   1   1   6.6e-05   0.00092   14.7   0.1   192   262     3    73     1    75 0.81 -
TRINITY_DN7855_c0_g1_i1:7-282     -             92 3373at3041           -            329    0.0012   14.3   0.5   1   1   8.6e-05    0.0012   14.3   0.5   210   262     3    55     1    82 0.80 -
TRINITY_DN10233_c0_g2_i1:25-504   -            160 3373at3041           -            329    0.0014   14.1   0.0   1   2   0.00027    0.0038   12.6   0.0   193   261     9    78     2    97 0.81 -
TRINITY_DN10233_c0_g2_i1:25-504   -            160 3373at3041           -            329    0.0014   14.1   0.0   2   2       4.9        68   -1.3   0.0   164   188   125   149   102   158 0.72 -
TRINITY_DN31016_c0_g1_i1:128-295  -             56 3373at3041           -            329     0.003   13.0   0.1   1   1   0.00022    0.0031   13.0   0.1   173   222     3    53     1    56 0.79 -
TRINITY_DN11548_c0_g1_i1:39-263   -             75 3373at3041           -            329    0.0064   11.9   0.0   1   1   0.00053    0.0073   11.7   0.0   162   221    17    75     9    75 0.85 -
TRINITY_DN11548_c0_g1_i2:39-263   -             75 3373at3041           -            329    0.0064   11.9   0.0   1   1   0.00053    0.0073   11.7   0.0   162   221    17    75     9    75 0.85 -
TRINITY_DN5674_c0_g1_i2:189-467   -             93 3373at3041           -            329    0.0065   11.9   0.1   1   1   0.00062    0.0087   11.5   0.1   164   221    29    92     6    93 0.71 -
#
# Program:         hmmsearch
# Version:         3.2.1 (June 2018)
# Pipeline mode:   SEARCH
# Query file:      /sw/bioinfo/BUSCO/v5_lineage_sets/lineages/chlorophyta_odb10/hmms/3373at3041.hmm
# Target file:     /crex/proj/snic2022-23-81/expression_algae/code/busco/trinity_VA-3180-Osg12Pal/run_chlorophyta_odb10/metaeuk_output/rerun_results/trinity_VA-3180-Osg12Pal.Trinity.fasta.modified.fas
# Option settings: hmmsearch --domtblout /crex/proj/snic2022-23-81/expression_algae/code/busco/trinity_VA-3180-Osg12Pal/run_chlorophyta_odb10/hmmer_output/rerun_results/3373at3041.out --cpu 1 /sw/bioinfo/BUSCO/v5_lineage_sets/lineages/chlorophyta_odb10/hmms/3373at3041.hmm /crex/proj/snic2022-23-81/expression_algae/code/busco/trinity_VA-3180-Osg12Pal/run_chlorophyta_odb10/metaeuk_output/rerun_results/trinity_VA-3180-Osg12Pal.Trinity.fasta.modified.fas 
# Current dir:     /crex/proj/snic2022-23-81/expression_algae/code/busco
# Date:            Fri Sep 23 10:12:59 2022
# [ok]
