#                                                                                          --- full sequence --- -------------- this domain -------------   hmm coord   ali coord   env coord
# target name                      accession   tlen query name           accession   qlen   E-value  score  bias   #  of  c-Evalue  i-Evalue  score  bias  from    to  from    to  from    to  acc description of target
#              ------------------- ---------- ----- -------------------- ---------- ----- --------- ------ ----- --- --- --------- --------- ------ ----- ----- ----- ----- ----- ----- ----- ---- ---------------------
TRINITY_DN19599_c0_g1_i1:10-726    -            239 7089at3041           -            217   4.9e-21   71.2   0.0   1   1   2.3e-20   1.6e-19   66.3   0.0    16   170     5   200     2   208 0.75 -
TRINITY_DN718_c0_g1_i1:384-1260    -            253 7089at3041           -            217   7.6e-19   64.0   0.2   1   1     2e-19   1.4e-18   63.2   0.2    20   213    13   242     3   245 0.74 -
TRINITY_DN33406_c0_g1_i1:18-662    -            215 7089at3041           -            217   1.3e-17   60.0   0.0   1   1   2.7e-17   1.8e-16   56.2   0.0    18   171     7   199     2   212 0.75 -
TRINITY_DN718_c0_g1_i2:384-1181    -            266 7089at3041           -            217   4.9e-17   58.1   0.3   1   1   3.9e-17   2.7e-16   55.7   0.3    20   213    13   255     3   258 0.70 -
TRINITY_DN12520_c0_g1_i1:206-958   -            251 7089at3041           -            217   1.9e-16   56.2   0.0   1   1   5.2e-16   3.6e-15   52.0   0.0    19   213     5   251     2   251 0.70 -
TRINITY_DN130_c0_g1_i10:825-1694   -            290 7089at3041           -            217   2.6e-15   52.5   0.1   1   2   1.6e-14   1.1e-13   47.2   0.0    20   173     7   201     2   213 0.71 -
TRINITY_DN130_c0_g1_i10:825-1694   -            290 7089at3041           -            217   2.6e-15   52.5   0.1   2   2       8.9        60   -1.0   0.0   186   213   253   280   242   283 0.79 -
TRINITY_DN130_c0_g1_i2:825-1694    -            290 7089at3041           -            217   2.6e-15   52.5   0.1   1   2   1.6e-14   1.1e-13   47.2   0.0    20   173     7   201     2   213 0.71 -
TRINITY_DN130_c0_g1_i2:825-1694    -            290 7089at3041           -            217   2.6e-15   52.5   0.1   2   2       8.9        60   -1.0   0.0   186   213   253   280   242   283 0.79 -
TRINITY_DN130_c0_g1_i7:2-784       -            261 7089at3041           -            217   4.5e-15   51.7   0.0   1   1   1.2e-14   8.2e-14   47.6   0.0    20   173     7   201     2   211 0.71 -
TRINITY_DN130_c0_g1_i11:106-897    -            264 7089at3041           -            217   4.7e-15   51.6   0.0   1   1   1.2e-14   8.5e-14   47.5   0.0    20   173     7   201     2   211 0.71 -
TRINITY_DN6829_c0_g1_i2:394-1263   -            290 7089at3041           -            217   1.6e-14   49.9   1.6   1   1   2.8e-14   1.9e-13   46.4   1.6    19   214    34   284    22   287 0.70 -
TRINITY_DN1387_c0_g4_i2:3-620      -            206 7089at3041           -            217   6.3e-14   48.0   0.0   1   1   3.1e-14   2.1e-13   46.2   0.0    20   170     3   194     2   204 0.73 -
TRINITY_DN635_c0_g2_i5:1124-2008   -            295 7089at3041           -            217     2e-13   46.3   0.4   1   2   4.5e-10     3e-09   32.7   0.2    19   137    18   166     3   225 0.67 -
TRINITY_DN635_c0_g2_i5:1124-2008   -            295 7089at3041           -            217     2e-13   46.3   0.4   2   2     0.044       0.3    6.5   0.0   188   215   261   288   257   290 0.86 -
TRINITY_DN635_c0_g2_i6:967-1851    -            295 7089at3041           -            217     2e-13   46.3   0.4   1   2   4.5e-10     3e-09   32.7   0.2    19   137    18   166     3   225 0.67 -
TRINITY_DN635_c0_g2_i6:967-1851    -            295 7089at3041           -            217     2e-13   46.3   0.4   2   2     0.044       0.3    6.5   0.0   188   215   261   288   257   290 0.86 -
TRINITY_DN157_c0_g1_i14:336-1112   -            259 7089at3041           -            217   6.2e-13   44.7   1.7   1   2   5.1e-12   3.4e-11   39.0   0.7    20   174     7   201     2   217 0.74 -
TRINITY_DN157_c0_g1_i14:336-1112   -            259 7089at3041           -            217   6.2e-13   44.7   1.7   2   2      0.31       2.1    3.7   0.0   187   215   229   257   222   259 0.89 -
TRINITY_DN157_c0_g1_i2:629-1405    -            259 7089at3041           -            217   6.2e-13   44.7   1.7   1   2   5.1e-12   3.4e-11   39.0   0.7    20   174     7   201     2   217 0.74 -
TRINITY_DN157_c0_g1_i2:629-1405    -            259 7089at3041           -            217   6.2e-13   44.7   1.7   2   2      0.31       2.1    3.7   0.0   187   215   229   257   222   259 0.89 -
TRINITY_DN157_c0_g1_i5:469-1245    -            259 7089at3041           -            217   6.2e-13   44.7   1.7   1   2   5.1e-12   3.4e-11   39.0   0.7    20   174     7   201     2   217 0.74 -
TRINITY_DN157_c0_g1_i5:469-1245    -            259 7089at3041           -            217   6.2e-13   44.7   1.7   2   2      0.31       2.1    3.7   0.0   187   215   229   257   222   259 0.89 -
TRINITY_DN157_c0_g1_i9:629-1405    -            259 7089at3041           -            217   6.2e-13   44.7   1.7   1   2   5.1e-12   3.4e-11   39.0   0.7    20   174     7   201     2   217 0.74 -
TRINITY_DN157_c0_g1_i9:629-1405    -            259 7089at3041           -            217   6.2e-13   44.7   1.7   2   2      0.31       2.1    3.7   0.0   187   215   229   257   222   259 0.89 -
TRINITY_DN3407_c0_g1_i4:179-706    -            176 7089at3041           -            217   1.3e-12   43.7   0.0   1   1   5.3e-12   3.6e-11   38.9   0.0    48   169    15   171     5   174 0.73 -
TRINITY_DN418_c0_g2_i3:337-1110    -            258 7089at3041           -            217   1.4e-12   43.6   0.0   1   1   1.7e-12   1.2e-11   40.5   0.0    20   215     3   254     2   256 0.69 -
TRINITY_DN808_c0_g1_i1:352-1197    -            282 7089at3041           -            217   2.4e-12   42.8   0.0   1   2   4.8e-05   0.00033   16.2   0.0    20    53     3    36     2    93 0.70 -
TRINITY_DN808_c0_g1_i1:352-1197    -            282 7089at3041           -            217   2.4e-12   42.8   0.0   2   2   1.5e-07     1e-06   24.4   0.0    99   170   126   214   113   222 0.69 -
TRINITY_DN2225_c0_g1_i1:113-592    -            160 7089at3041           -            217     3e-12   42.5   0.1   1   1   8.3e-13   5.6e-12   41.6   0.1    20   131    19   158    11   160 0.68 -
TRINITY_DN294_c0_g1_i4:65-895      -            277 7089at3041           -            217   3.6e-12   42.2   0.5   1   2      0.18       1.2    4.5   0.0    19    48     9    38     1    51 0.87 -
TRINITY_DN294_c0_g1_i4:65-895      -            277 7089at3041           -            217   3.6e-12   42.2   0.5   2   2   1.7e-10   1.2e-09   34.0   0.1    89   214   114   271    97   274 0.66 -
TRINITY_DN6262_c0_g1_i1:308-1024   -            239 7089at3041           -            217   3.9e-12   42.1   1.0   1   2   0.00053    0.0036   12.8   0.1    22    75     1    59     1    63 0.80 -
TRINITY_DN6262_c0_g1_i1:308-1024   -            239 7089at3041           -            217   3.9e-12   42.1   1.0   2   2   6.1e-08   4.2e-07   25.7   0.1    85   171   124   236   107   238 0.69 -
TRINITY_DN9851_c0_g1_i1:55-534     -            160 7089at3041           -            217   4.4e-12   41.9   0.0   1   1   8.2e-13   5.6e-12   41.6   0.0    87   183    43   156     3   159 0.76 -
TRINITY_DN7528_c0_g1_i3:572-967    -            132 7089at3041           -            217     5e-12   41.7   0.2   1   1   5.2e-12   3.5e-11   39.0   0.2    20   123     1   125     1   128 0.74 -
TRINITY_DN1479_c0_g2_i1:342-1127   -            262 7089at3041           -            217   5.8e-12   41.6   0.0   1   2   5.9e-10     4e-09   32.2   0.0    49   173    10   173     3   188 0.67 -
TRINITY_DN1479_c0_g2_i1:342-1127   -            262 7089at3041           -            217   5.8e-12   41.6   0.0   2   2      0.12      0.81    5.1   0.0   177   214   219   258   199   261 0.75 -
TRINITY_DN476_c0_g1_i1:2210-3067   -            286 7089at3041           -            217   8.3e-12   41.0   1.2   1   1   4.5e-11     3e-10   35.9   1.2    21   149    12   176     3   269 0.76 -
TRINITY_DN476_c0_g1_i3:2210-3067   -            286 7089at3041           -            217   8.3e-12   41.0   1.2   1   1   4.5e-11     3e-10   35.9   1.2    21   149    12   176     3   269 0.76 -
TRINITY_DN3190_c1_g1_i1:103-456    -            118 7089at3041           -            217   8.4e-12   41.0   0.0   1   1   1.8e-12   1.2e-11   40.5   0.0    91   172     3   102     1   115 0.77 -
TRINITY_DN1478_c0_g1_i2:178-888    -            237 7089at3041           -            217   8.5e-12   41.0   0.4   1   1   2.8e-12   1.9e-11   39.9   0.4    18   147    71   236    54   237 0.67 -
TRINITY_DN294_c0_g2_i1:1-885       -            295 7089at3041           -            217     9e-12   40.9   0.0   1   2   5.9e-05   0.00041   15.9   0.0    21    66     1    48     1    91 0.70 -
TRINITY_DN294_c0_g2_i1:1-885       -            295 7089at3041           -            217     9e-12   40.9   0.0   2   2   4.2e-07   2.9e-06   22.9   0.0    98   170   123   212   109   222 0.73 -
TRINITY_DN18238_c0_g1_i1:6-449     -            148 7089at3041           -            217   1.3e-11   40.4   0.0   1   1   6.6e-12   4.5e-11   38.6   0.0    23   134     3   143     1   146 0.73 -
TRINITY_DN19548_c0_g1_i1:46-717    -            224 7089at3041           -            217   1.5e-11   40.2   0.3   1   1   1.7e-11   1.2e-10   37.3   0.3    20   153    15   184     5   220 0.70 -
TRINITY_DN4917_c0_g1_i4:203-1048   -            282 7089at3041           -            217   2.4e-11   39.5   0.3   1   2   3.1e-09   2.1e-08   29.9   0.2    20   147    13   176     4   218 0.68 -
TRINITY_DN4917_c0_g1_i4:203-1048   -            282 7089at3041           -            217   2.4e-11   39.5   0.3   2   2      0.16       1.1    4.7   0.0   186   214   250   278   229   281 0.74 -
TRINITY_DN15362_c0_g1_i1:8-556     -            183 7089at3041           -            217   2.6e-11   39.4   0.2   1   1     2e-10   1.3e-09   33.8   0.2     4   135     4   168     1   177 0.65 -
TRINITY_DN1002_c0_g1_i2:193-948    -            252 7089at3041           -            217     3e-11   39.2   0.0   1   1   7.9e-11   5.4e-10   35.1   0.0    50   214    35   248     1   251 0.60 -
TRINITY_DN476_c0_g1_i4:211-744     -            178 7089at3041           -            217     3e-11   39.2   0.4   1   1   3.8e-11   2.6e-10   36.1   0.4     6   137    10   170     5   177 0.70 -
TRINITY_DN10083_c0_g2_i1:2-784     -            261 7089at3041           -            217   3.6e-11   39.0   0.4   1   1   3.6e-11   2.5e-10   36.2   0.4    21   168    10   196     1   213 0.69 -
TRINITY_DN15491_c0_g1_i2:29-508    -            160 7089at3041           -            217   6.9e-11   38.0   0.0   1   1   1.6e-11   1.1e-10   37.4   0.0    97   214    14   155     3   158 0.71 -
TRINITY_DN130_c0_g1_i1:106-834     -            243 7089at3041           -            217   7.5e-11   37.9   0.0   1   1   1.7e-10   1.2e-09   34.0   0.0    37   173     3   180     1   190 0.65 -
TRINITY_DN294_c0_g1_i3:71-742      -            224 7089at3041           -            217   8.8e-11   37.7   0.1   1   1   1.1e-10   7.4e-10   34.7   0.1    90   214    64   220    56   223 0.65 -
TRINITY_DN1032_c0_g1_i1:96-530     -            145 7089at3041           -            217   9.3e-11   37.6   0.8   1   1   4.6e-11   3.1e-10   35.9   0.8    19   123    12   139     4   141 0.72 -
TRINITY_DN1387_c0_g1_i2:0-446      -            149 7089at3041           -            217   9.3e-11   37.6   1.5   1   1     3e-11     2e-10   36.5   1.5    18   122    21   147     9   149 0.70 -
TRINITY_DN1343_c0_g1_i1:425-1264   -            280 7089at3041           -            217   1.1e-10   37.4   0.0   1   3   3.1e-06   2.1e-05   20.1   0.1     9   125     2   141     1   144 0.63 -
TRINITY_DN1343_c0_g1_i1:425-1264   -            280 7089at3041           -            217   1.1e-10   37.4   0.0   2   3    0.0027     0.019   10.5   0.0   135   169   174   209   146   215 0.80 -
TRINITY_DN1343_c0_g1_i1:425-1264   -            280 7089at3041           -            217   1.1e-10   37.4   0.0   3   3       1.6        11    1.4   0.0   187   213   249   275   241   278 0.87 -
TRINITY_DN15491_c0_g1_i1:88-546    -            153 7089at3041           -            217   1.2e-10   37.2   0.0   1   1     3e-11     2e-10   36.5   0.0   104   214    14   148     5   151 0.73 -
TRINITY_DN738_c0_g2_i1:109-921     -            271 7089at3041           -            217   1.3e-10   37.2   0.1   1   2   5.2e-06   3.5e-05   19.4   0.1    19   124     8   136     2   139 0.69 -
TRINITY_DN738_c0_g2_i1:109-921     -            271 7089at3041           -            217   1.3e-10   37.2   0.1   2   2   0.00074    0.0051   12.3   0.0   139   215   175   269   166   271 0.66 -
TRINITY_DN6829_c0_g1_i1:400-1161   -            254 7089at3041           -            217   1.3e-10   37.1   1.6   1   1   2.6e-10   1.7e-09   33.4   1.6    28   214     9   250     2   253 0.68 -
TRINITY_DN23546_c0_g1_i1:2-526     -            175 7089at3041           -            217   1.4e-10   37.0   0.5   1   1   6.1e-11   4.2e-10   35.5   0.5    19   135     8   149     1   155 0.75 -
TRINITY_DN18296_c0_g1_i2:167-595   -            143 7089at3041           -            217   2.5e-10   36.2   0.3   1   1   9.4e-11   6.4e-10   34.9   0.3    20   123    13   138     4   141 0.72 -
TRINITY_DN738_c0_g2_i4:109-987     -            293 7089at3041           -            217   3.6e-10   35.7   0.1   1   2   6.2e-06   4.2e-05   19.1   0.1    19   124     8   136     2   139 0.69 -
TRINITY_DN738_c0_g2_i4:109-987     -            293 7089at3041           -            217   3.6e-10   35.7   0.1   2   2    0.0015      0.01   11.3   0.0   138   215   193   289   184   291 0.64 -
TRINITY_DN4917_c0_g3_i2:2-667      -            222 7089at3041           -            217     4e-10   35.5   0.3   1   1   4.2e-10   2.9e-09   32.7   0.3    17   147    22   188     5   196 0.65 -
TRINITY_DN4917_c0_g1_i2:3-809      -            269 7089at3041           -            217   4.1e-10   35.5   0.2   1   1   1.7e-09   1.1e-08   30.8   0.2    19   147    16   180     2   232 0.67 -
TRINITY_DN756_c0_g2_i3:588-1312    -            241 7089at3041           -            217   7.2e-10   34.7   0.0   1   2         1       6.9    2.1   0.0    21    72     2    62     1    83 0.50 -
TRINITY_DN756_c0_g2_i3:588-1312    -            241 7089at3041           -            217   7.2e-10   34.7   0.0   2   2     4e-09   2.7e-08   29.5   0.0    93   171   102   182    94   201 0.77 -
TRINITY_DN808_c0_g1_i3:43-558      -            172 7089at3041           -            217   7.3e-10   34.7   0.0   1   2   5.7e-05   0.00039   16.0   0.0    21    54     1    34     1    91 0.67 -
TRINITY_DN808_c0_g1_i3:43-558      -            172 7089at3041           -            217   7.3e-10   34.7   0.0   2   2   2.5e-05   0.00017   17.1   0.0    99   134   123   165   110   172 0.77 -
TRINITY_DN15226_c0_g1_i1:354-1037  -            228 7089at3041           -            217     9e-10   34.4   0.0   1   1   8.8e-10     6e-09   31.7   0.0    21   213     3   228     1   228 0.74 -
TRINITY_DN130_c0_g1_i4:825-1571    -            249 7089at3041           -            217   1.2e-09   34.0   0.1   1   2   1.4e-09   9.6e-09   31.0   0.0    99   173    67   160     1   171 0.81 -
TRINITY_DN130_c0_g1_i4:825-1571    -            249 7089at3041           -            217   1.2e-09   34.0   0.1   2   2       7.2        49   -0.7   0.0   186   213   212   239   201   242 0.79 -
TRINITY_DN4192_c0_g1_i1:698-1534   -            279 7089at3041           -            217   1.6e-09   33.6   0.1   1   1     1e-08   7.1e-08   28.2   0.1    19   211    18   271     5   277 0.66 -
TRINITY_DN27767_c0_g1_i2:259-1023  -            255 7089at3041           -            217   1.7e-09   33.5   0.0   1   1   2.7e-09   1.8e-08   30.1   0.0    20   172    12   203     5   255 0.68 -
TRINITY_DN5119_c0_g5_i1:132-821    -            230 7089at3041           -            217   1.8e-09   33.4   0.0   1   3   0.00011   0.00077   15.0   0.0    94   123     4    33     2    51 0.88 -
TRINITY_DN5119_c0_g5_i1:132-821    -            230 7089at3041           -            217   1.8e-09   33.4   0.0   2   3     0.096      0.65    5.4   0.0   125   171    57   116    54   126 0.69 -
TRINITY_DN5119_c0_g5_i1:132-821    -            230 7089at3041           -            217   1.8e-09   33.4   0.0   3   3     0.046      0.31    6.5   0.0   161   210   183   229   123   230 0.67 -
TRINITY_DN5610_c0_g1_i1:12-803     -            264 7089at3041           -            217   2.1e-09   33.2   0.1   1   1   7.9e-10   5.4e-09   31.8   0.1    21   173    47   240    37   252 0.63 -
TRINITY_DN18942_c0_g1_i1:419-898   -            160 7089at3041           -            217   2.6e-09   32.9   0.0   1   1   6.5e-10   4.4e-09   32.1   0.0    16   132    12   157     4   160 0.72 -
TRINITY_DN635_c0_g2_i1:138-647     -            170 7089at3041           -            217   2.6e-09   32.9   0.0   1   2   9.2e-07   6.2e-06   21.8   0.0   104   147     1    58     1   100 0.74 -
TRINITY_DN635_c0_g2_i1:138-647     -            170 7089at3041           -            217   2.6e-09   32.9   0.0   2   2      0.02      0.14    7.6   0.0   188   215   136   163   132   165 0.86 -
TRINITY_DN2477_c0_g1_i2:69-887     -            273 7089at3041           -            217   3.2e-09   32.6   0.9   1   2   5.5e-07   3.7e-06   22.6   0.6    19   198     3   220     2   233 0.67 -
TRINITY_DN2477_c0_g1_i2:69-887     -            273 7089at3041           -            217   3.2e-09   32.6   0.9   2   2       1.1       7.6    1.9   0.0   186   215   232   261   221   263 0.86 -
TRINITY_DN5119_c0_g1_i2:408-884    -            159 7089at3041           -            217   3.4e-09   32.5   0.0   1   1   1.3e-08   8.7e-08   27.9   0.0   100   172     1    96     1   157 0.74 -
TRINITY_DN166_c0_g1_i3:326-1186    -            287 7089at3041           -            217   3.6e-09   32.4   0.7   1   1   2.2e-09   1.5e-08   30.4   0.7    20   167     8   189     3   206 0.73 -
TRINITY_DN8040_c0_g1_i3:47-754     -            236 7089at3041           -            217   3.7e-09   32.4   0.0   1   2     0.027      0.18    7.2   0.0    54    91     1    40     1    43 0.80 -
TRINITY_DN8040_c0_g1_i3:47-754     -            236 7089at3041           -            217   3.7e-09   32.4   0.0   2   2   5.1e-07   3.5e-06   22.6   0.0    93   171    93   194    89   204 0.75 -
TRINITY_DN5610_c0_g1_i3:21-479     -            153 7089at3041           -            217   4.7e-09   32.0   0.0   1   1   1.3e-09   8.9e-09   31.1   0.0    93   173    34   132    23   143 0.77 -
TRINITY_DN10203_c0_g1_i1:14-367    -            112 7089at3041           -            217   5.1e-09   31.9   0.0   1   1   9.4e-10   6.4e-09   31.6   0.0    90   165    24   112     1   112 0.77 -
TRINITY_DN5438_c0_g2_i1:27-509     -            161 7089at3041           -            217   5.9e-09   31.7   0.0   1   2      0.48       3.3    3.1   0.1    19    44     5    28     2    34 0.82 -
TRINITY_DN5438_c0_g2_i1:27-509     -            161 7089at3041           -            217   5.9e-09   31.7   0.0   2   2     4e-08   2.7e-07   26.3   0.0    51   132    59   160    42   161 0.67 -
TRINITY_DN116_c0_g1_i4:1289-2224   -            312 7089at3041           -            217   6.5e-09   31.6   0.0   1   2     2e-06   1.4e-05   20.7   0.0    52   133    49   149    15   158 0.70 -
TRINITY_DN116_c0_g1_i4:1289-2224   -            312 7089at3041           -            217   6.5e-09   31.6   0.0   2   2     0.018      0.12    7.8   0.0   153   215   225   300   193   302 0.72 -
TRINITY_DN116_c0_g1_i7:1289-2224   -            312 7089at3041           -            217   6.5e-09   31.6   0.0   1   2     2e-06   1.4e-05   20.7   0.0    52   133    49   149    15   158 0.70 -
TRINITY_DN116_c0_g1_i7:1289-2224   -            312 7089at3041           -            217   6.5e-09   31.6   0.0   2   2     0.018      0.12    7.8   0.0   153   215   225   300   193   302 0.72 -
TRINITY_DN16233_c0_g1_i1:12-638    -            209 7089at3041           -            217   7.2e-09   31.4   0.2   1   2     0.068      0.46    5.9   0.0    21    73     1    58     1    66 0.64 -
TRINITY_DN16233_c0_g1_i1:12-638    -            209 7089at3041           -            217   7.2e-09   31.4   0.2   2   2   3.2e-07   2.2e-06   23.3   0.3    92   125   133   167   122   192 0.89 -
TRINITY_DN9118_c1_g1_i3:1001-1969  -            323 7089at3041           -            217   1.1e-08   30.8   0.4   1   2     0.047      0.32    6.4   0.0    18    72    12    75     6    82 0.59 -
TRINITY_DN9118_c1_g1_i3:1001-1969  -            323 7089at3041           -            217   1.1e-08   30.8   0.4   2   2   3.7e-06   2.5e-05   19.8   0.1    86   171   148   258   138   315 0.75 -
TRINITY_DN1482_c0_g1_i2:1-537      -            179 7089at3041           -            217   1.2e-08   30.7   2.7   1   1   8.5e-09   5.8e-08   28.5   2.7    24   137    22   164     3   174 0.62 -
TRINITY_DN9118_c1_g1_i2:1001-1969  -            323 7089at3041           -            217   1.2e-08   30.7   0.5   1   2     0.047      0.32    6.4   0.0    18    72    12    75     6    82 0.59 -
TRINITY_DN9118_c1_g1_i2:1001-1969  -            323 7089at3041           -            217   1.2e-08   30.7   0.5   2   2   3.8e-06   2.6e-05   19.8   0.2    86   171   148   258   138   315 0.75 -
TRINITY_DN9118_c1_g1_i5:1001-1969  -            323 7089at3041           -            217   1.2e-08   30.7   0.5   1   2     0.047      0.32    6.4   0.0    18    72    12    75     6    82 0.59 -
TRINITY_DN9118_c1_g1_i5:1001-1969  -            323 7089at3041           -            217   1.2e-08   30.7   0.5   2   2   3.8e-06   2.6e-05   19.8   0.2    86   171   148   258   138   315 0.75 -
TRINITY_DN9118_c1_g1_i7:1001-1969  -            323 7089at3041           -            217   1.2e-08   30.7   0.5   1   2     0.047      0.32    6.4   0.0    18    72    12    75     6    82 0.59 -
TRINITY_DN9118_c1_g1_i7:1001-1969  -            323 7089at3041           -            217   1.2e-08   30.7   0.5   2   2   3.8e-06   2.6e-05   19.8   0.2    86   171   148   258   138   315 0.75 -
TRINITY_DN166_c0_g1_i1:326-1198    -            291 7089at3041           -            217   1.6e-08   30.3   0.6   1   1   9.9e-09   6.7e-08   28.3   0.6    20   165     8   187     3   206 0.71 -
TRINITY_DN11580_c0_g1_i1:171-677   -            169 7089at3041           -            217   1.6e-08   30.3   0.4   1   1   3.9e-08   2.6e-07   26.3   0.4    92   179     4   115     1   166 0.66 -
TRINITY_DN3190_c0_g1_i1:2-325      -            108 7089at3041           -            217     2e-08   30.0   0.0   1   1   4.2e-09   2.9e-08   29.5   0.0    86   165    11   108     2   108 0.77 -
TRINITY_DN2477_c0_g1_i1:198-791    -            198 7089at3041           -            217   2.7e-08   29.5   0.4   1   1     8e-07   5.5e-06   22.0   0.4    19   169     3   193     2   196 0.70 -
TRINITY_DN1002_c0_g1_i1:193-645    -            151 7089at3041           -            217   3.3e-08   29.2   0.0   1   1   1.1e-07   7.3e-07   24.9   0.0   111   214    13   147     4   150 0.71 -
TRINITY_DN4669_c0_g2_i2:1-423      -            141 7089at3041           -            217   3.6e-08   29.1   0.0   1   1   1.6e-08   1.1e-07   27.6   0.0    19   123    10   136     3   139 0.73 -
TRINITY_DN23235_c0_g1_i1:0-665     -            222 7089at3041           -            217   4.6e-08   28.8   0.0   1   1   3.2e-08   2.2e-07   26.6   0.0    11   161    23   220    12   222 0.69 -
TRINITY_DN34897_c0_g1_i1:2-397     -            132 7089at3041           -            217   4.7e-08   28.8   0.0   1   1   1.4e-08   9.7e-08   27.7   0.0    51   133    23   125    12   132 0.74 -
TRINITY_DN1899_c0_g1_i2:7-357      -            117 7089at3041           -            217   5.8e-08   28.5   0.1   1   1   1.8e-07   1.2e-06   24.1   0.1    94   171     3   105     1   109 0.74 -
TRINITY_DN1032_c0_g1_i2:133-504    -            124 7089at3041           -            217   6.3e-08   28.4   0.5   1   1     3e-08   2.1e-07   26.7   0.5    42   123    21   118     7   120 0.72 -
TRINITY_DN3013_c0_g1_i1:44-538     -            165 7089at3041           -            217   6.5e-08   28.3   0.1   1   1   4.8e-08   3.3e-07   26.0   0.1    21   147     1   161     1   165 0.66 -
TRINITY_DN2335_c0_g1_i1:497-1468   -            324 7089at3041           -            217   8.7e-08   27.9   0.1   1   2   1.9e-06   1.3e-05   20.8   0.1    18   133    15   161     8   169 0.71 -
TRINITY_DN2335_c0_g1_i1:497-1468   -            324 7089at3041           -            217   8.7e-08   27.9   0.1   2   2         1       6.8    2.1   0.0   193   213   282   302   276   305 0.87 -
TRINITY_DN9339_c0_g2_i1:92-607     -            172 7089at3041           -            217   1.2e-07   27.5   0.0   1   1   5.1e-07   3.5e-06   22.7   0.0    93   171    12   117     5   124 0.73 -
TRINITY_DN1570_c0_g1_i1:0-350      -            117 7089at3041           -            217   1.3e-07   27.3   0.0   1   1   1.8e-07   1.3e-06   24.1   0.0   135   215    17   112     1   114 0.71 -
TRINITY_DN912_c0_g2_i2:7-792       -            262 7089at3041           -            217   1.5e-07   27.2   0.0   1   1     1e-06   6.9e-06   21.7   0.0    21   170    50   248    40   259 0.62 -
TRINITY_DN1848_c1_g1_i1:2-766      -            255 7089at3041           -            217   1.5e-07   27.1   0.0   1   1   3.1e-08   2.1e-07   26.6   0.0    90   174    32   133    19   184 0.78 -
TRINITY_DN738_c0_g3_i1:2-457       -            152 7089at3041           -            217   1.6e-07   27.0   0.0   1   1   2.8e-08   1.9e-07   26.8   0.0    92   170    34   128    12   146 0.76 -
TRINITY_DN9192_c0_g2_i1:10-549     -            180 7089at3041           -            217   1.9e-07   26.8   0.0   1   1   5.8e-08   3.9e-07   25.8   0.0    92   206    32   176    25   180 0.69 -
TRINITY_DN157_c0_g1_i12:336-788    -            151 7089at3041           -            217     2e-07   26.7   1.6   1   1   6.1e-08   4.1e-07   25.7   1.6    20   127     7   135     2   148 0.75 -
TRINITY_DN32132_c0_g1_i1:76-522    -            149 7089at3041           -            217   2.2e-07   26.6   0.5   1   1     2e-07   1.4e-06   24.0   0.5    19   130     6   147     1   149 0.69 -
TRINITY_DN10748_c0_g1_i1:56-445    -            130 7089at3041           -            217   2.4e-07   26.4   0.2   1   1   3.2e-07   2.2e-06   23.3   0.2    53   126     2    91     1   121 0.64 -
TRINITY_DN24559_c0_g1_i1:15-371    -            119 7089at3041           -            217   2.6e-07   26.4   0.0   1   1     7e-08   4.8e-07   25.5   0.0    90   173    13   116     5   118 0.77 -
TRINITY_DN7964_c0_g2_i2:28-432     -            135 7089at3041           -            217   2.9e-07   26.2   0.0   1   1   5.9e-08     4e-07   25.7   0.0    87   135    24    80     7   135 0.72 -
TRINITY_DN24108_c0_g1_i1:24-422    -            133 7089at3041           -            217   3.1e-07   26.1   0.0   1   1   1.2e-07   8.4e-07   24.7   0.0    94   171    32   130    24   132 0.72 -
TRINITY_DN738_c0_g1_i2:7-384       -            126 7089at3041           -            217   3.3e-07   26.0   0.0   1   1   2.4e-07   1.6e-06   23.7   0.0    54   148     3   126     1   126 0.60 -
TRINITY_DN3059_c0_g2_i1:81-491     -            137 7089at3041           -            217   3.4e-07   26.0   0.0   1   1     1e-07   6.9e-07   25.0   0.0    92   173    17   117     2   128 0.70 -
TRINITY_DN644_c0_g1_i3:1-549       -            183 7089at3041           -            217     4e-07   25.7   0.8   1   1   2.6e-07   1.8e-06   23.6   0.8    19   150    11   175     4   183 0.69 -
TRINITY_DN644_c0_g1_i4:1-549       -            183 7089at3041           -            217     4e-07   25.7   0.8   1   1   2.6e-07   1.8e-06   23.6   0.8    19   150    11   175     4   183 0.69 -
TRINITY_DN5140_c0_g2_i1:197-739    -            181 7089at3041           -            217   4.7e-07   25.5   0.2   1   1   5.9e-07     4e-06   22.5   0.2    19   137     5   154     1   170 0.71 -
TRINITY_DN28797_c0_g1_i1:104-448   -            115 7089at3041           -            217   4.7e-07   25.5   0.0   1   1   1.6e-07   1.1e-06   24.3   0.0   124   215     9   111     5   113 0.73 -
TRINITY_DN5438_c3_g2_i1:0-638      -            213 7089at3041           -            217   7.2e-07   24.9   0.3   1   2       1.1       7.6    1.9   0.0    53    90    53    92     9   101 0.70 -
TRINITY_DN5438_c3_g2_i1:0-638      -            213 7089at3041           -            217   7.2e-07   24.9   0.3   2   2   2.2e-06   1.5e-05   20.6   0.0    94   131   148   195   140   201 0.75 -
TRINITY_DN2335_c0_g1_i2:97-1017    -            307 7089at3041           -            217   7.8e-07   24.8   0.1   1   2   1.6e-05   0.00011   17.8   0.1    21   133     1   144     1   159 0.72 -
TRINITY_DN2335_c0_g1_i2:97-1017    -            307 7089at3041           -            217   7.8e-07   24.8   0.1   2   2      0.94       6.4    2.2   0.0   193   213   265   285   259   288 0.87 -
TRINITY_DN503_c0_g1_i1:276-1142    -            289 7089at3041           -            217   8.2e-07   24.7   0.0   1   2   0.00025    0.0017   13.9   0.1    20    67    12    59     3   144 0.60 -
TRINITY_DN503_c0_g1_i1:276-1142    -            289 7089at3041           -            217   8.2e-07   24.7   0.0   2   2      0.18       1.2    4.5   0.0   136   170   182   217   166   230 0.85 -
TRINITY_DN9376_c0_g1_i1:190-792    -            201 7089at3041           -            217     9e-07   24.6   0.3   1   1   4.9e-07   3.4e-06   22.7   0.3    20   138     8   154     2   197 0.71 -
TRINITY_DN2242_c0_g1_i2:43-555     -            171 7089at3041           -            217   1.6e-06   23.8   0.0   1   1   3.6e-07   2.5e-06   23.1   0.0    83   147    69   140     8   147 0.77 -
TRINITY_DN7031_c0_g1_i1:8-382      -            125 7089at3041           -            217   1.6e-06   23.7   0.0   1   1   1.6e-06   1.1e-05   21.1   0.0    51   131    22   124     9   125 0.67 -
TRINITY_DN738_c0_g1_i3:7-384       -            126 7089at3041           -            217   1.6e-06   23.7   0.0   1   1   1.2e-06   7.9e-06   21.5   0.0    54   148     3   126     1   126 0.58 -
TRINITY_DN28448_c0_g1_i1:5-490     -            162 7089at3041           -            217   1.7e-06   23.7   0.0   1   1     4e-07   2.7e-06   23.0   0.0   100   184    24   125    13   161 0.71 -
TRINITY_DN8807_c0_g1_i1:35-493     -            153 7089at3041           -            217   1.9e-06   23.5   0.0   1   1   3.6e-07   2.4e-06   23.2   0.0    66   148    32   129    13   136 0.69 -
TRINITY_DN11367_c0_g1_i1:616-1077  -            154 7089at3041           -            217   2.5e-06   23.1   0.8   1   1   1.2e-06   7.9e-06   21.5   0.8    19   132    12   154     3   154 0.71 -
TRINITY_DN11367_c0_g1_i2:1467-1928 -            154 7089at3041           -            217   2.5e-06   23.1   0.8   1   1   1.2e-06   7.9e-06   21.5   0.8    19   132    12   154     3   154 0.71 -
TRINITY_DN7265_c0_g1_i1:642-1658   -            339 7089at3041           -            217   3.1e-06   22.8   0.0   1   2       3.7        25    0.2   0.0    19    51     9    41     3    69 0.81 -
TRINITY_DN7265_c0_g1_i1:642-1658   -            339 7089at3041           -            217   3.1e-06   22.8   0.0   2   2   5.5e-06   3.7e-05   19.3   0.0    83   170   103   212    89   221 0.73 -
TRINITY_DN2067_c0_g1_i4:39-464     -            142 7089at3041           -            217   3.4e-06   22.7   0.1   1   1   1.4e-05   9.7e-05   17.9   0.1    20   125     8   142     2   142 0.62 -
TRINITY_DN2067_c0_g1_i5:39-461     -            141 7089at3041           -            217   3.5e-06   22.7   0.1   1   1   1.4e-05   9.4e-05   18.0   0.1    20   125     7   141     1   141 0.62 -
TRINITY_DN3689_c0_g1_i1:1-519      -            173 7089at3041           -            217   3.6e-06   22.6   0.1   1   1   1.2e-06   8.2e-06   21.4   0.1    99   176    33   134    18   155 0.66 -
TRINITY_DN1270_c0_g1_i5:60-776     -            239 7089at3041           -            217   4.5e-06   22.3   0.0   1   3       2.1        14    1.0   0.0    19    47    22    50    15    73 0.70 -
TRINITY_DN1270_c0_g1_i5:60-776     -            239 7089at3041           -            217   4.5e-06   22.3   0.0   2   3   0.00076    0.0052   12.3   0.0    99   131   126   159   118   176 0.81 -
TRINITY_DN1270_c0_g1_i5:60-776     -            239 7089at3041           -            217   4.5e-06   22.3   0.0   3   3       0.1       0.7    5.3   0.0   125   173   182   238   175   239 0.70 -
TRINITY_DN418_c0_g1_i1:260-700     -            147 7089at3041           -            217   6.2e-06   21.8   1.6   1   1   7.2e-06   4.9e-05   18.9   1.6    16   123     2   137     1   144 0.68 -
TRINITY_DN30071_c0_g1_i1:3-452     -            150 7089at3041           -            217   6.9e-06   21.7   0.0   1   1   1.3e-06   9.1e-06   21.3   0.0   100   170    60   150    37   150 0.70 -
TRINITY_DN430_c0_g1_i6:57-749      -            231 7089at3041           -            217     1e-05   21.1   0.2   1   3      0.68       4.6    2.6   0.0    20    51     6    37     4    57 0.87 -
TRINITY_DN430_c0_g1_i6:57-749      -            231 7089at3041           -            217     1e-05   21.1   0.2   2   3   0.00011   0.00077   15.0   0.0    83   128    86   132    80   153 0.84 -
TRINITY_DN430_c0_g1_i6:57-749      -            231 7089at3041           -            217     1e-05   21.1   0.2   3   3       6.1        41   -0.5   0.0   138   180   167   210   161   227 0.68 -
TRINITY_DN7173_c0_g1_i1:126-476    -            117 7089at3041           -            217     1e-05   21.1   0.6   1   1   4.5e-06   3.1e-05   19.6   0.6    96   125    23    53    16   105 0.76 -
TRINITY_DN3829_c0_g1_i1:48-356     -            103 7089at3041           -            217   1.1e-05   21.0   0.5   1   1   3.9e-06   2.6e-05   19.8   0.5    94   125    44    76    35   103 0.77 -
TRINITY_DN4424_c0_g1_i2:16-399     -            128 7089at3041           -            217   1.1e-05   21.0   0.1   1   2   0.00015   0.00099   14.6   0.0   100   126     4    31     1    50 0.86 -
TRINITY_DN4424_c0_g1_i2:16-399     -            128 7089at3041           -            217   1.1e-05   21.0   0.1   2   2      0.14      0.97    4.8   0.0   137   168    93   126    67   128 0.77 -
TRINITY_DN430_c0_g1_i13:881-1761   -            231 7089at3041           -            217   1.4e-05   20.7   0.1   1   2      0.68       4.6    2.6   0.0    20    51     6    37     4    57 0.87 -
TRINITY_DN430_c0_g1_i13:881-1761   -            231 7089at3041           -            217   1.4e-05   20.7   0.1   2   2   0.00011   0.00077   15.0   0.0    83   128    86   132    80   153 0.84 -
TRINITY_DN430_c0_g1_i5:881-1939    -            231 7089at3041           -            217   1.4e-05   20.7   0.1   1   2      0.68       4.6    2.6   0.0    20    51     6    37     4    57 0.87 -
TRINITY_DN430_c0_g1_i5:881-1939    -            231 7089at3041           -            217   1.4e-05   20.7   0.1   2   2   0.00011   0.00077   15.0   0.0    83   128    86   132    80   153 0.84 -
TRINITY_DN430_c0_g1_i9:80-1196     -            231 7089at3041           -            217   1.4e-05   20.7   0.1   1   2      0.68       4.6    2.6   0.0    20    51     6    37     4    57 0.87 -
TRINITY_DN430_c0_g1_i9:80-1196     -            231 7089at3041           -            217   1.4e-05   20.7   0.1   2   2   0.00011   0.00077   15.0   0.0    83   128    86   132    80   153 0.84 -
TRINITY_DN157_c0_g2_i1:22-342      -            107 7089at3041           -            217   1.5e-05   20.6   0.0   1   1   4.7e-05   0.00032   16.2   0.0   136   214     8   101     2   104 0.67 -
TRINITY_DN33282_c0_g1_i1:1-420     -            140 7089at3041           -            217   1.7e-05   20.4   0.0   1   1   5.6e-06   3.8e-05   19.3   0.0    51   123    49   136    32   138 0.70 -
TRINITY_DN691_c0_g1_i2:8-376       -            123 7089at3041           -            217   1.7e-05   20.4   0.0   1   1   4.5e-05   0.00031   16.3   0.0    97   174     3   103     1   109 0.66 -
TRINITY_DN503_c0_g1_i2:216-1451    -            247 7089at3041           -            217     2e-05   20.2   0.0   1   2   0.00041    0.0028   13.1   0.0    20    67    32    79    19   110 0.90 -
TRINITY_DN503_c0_g1_i2:216-1451    -            247 7089at3041           -            217     2e-05   20.2   0.0   2   2      0.14      0.93    4.9   0.0   136   170   138   173   119   185 0.85 -
TRINITY_DN691_c0_g2_i1:0-395       -            132 7089at3041           -            217   2.1e-05   20.1   0.0   1   1   5.2e-05   0.00035   16.1   0.0    93   168    31   130    24   132 0.70 -
TRINITY_DN1891_c0_g1_i5:768-1343   -            192 7089at3041           -            217   3.5e-05   19.4   0.1   1   2   1.6e-05   0.00011   17.8   0.0    83   128    47    93    43   117 0.83 -
TRINITY_DN1891_c0_g1_i5:768-1343   -            192 7089at3041           -            217   3.5e-05   19.4   0.1   2   2       9.8        67   -1.2   0.0   138   185   128   176   123   187 0.64 -
TRINITY_DN530_c0_g1_i1:65-460      -            132 7089at3041           -            217   3.8e-05   19.3   0.0   1   2    0.0073      0.05    9.1   0.0   142   173    12    45     9    59 0.84 -
TRINITY_DN530_c0_g1_i1:65-460      -            132 7089at3041           -            217   3.8e-05   19.3   0.0   2   2     0.012     0.081    8.4   0.0   186   215    98   127    82   129 0.82 -
TRINITY_DN12818_c0_g1_i1:50-541    -            164 7089at3041           -            217     4e-05   19.2   0.1   1   1   0.00064    0.0043   12.5   0.1    99   171     3   104     1   160 0.66 -
TRINITY_DN912_c0_g1_i1:142-480     -            113 7089at3041           -            217   4.2e-05   19.1   0.2   1   1   1.2e-05   8.2e-05   18.2   0.2    20   102    10    87     2   101 0.59 -
TRINITY_DN26611_c0_g1_i1:6-377     -            124 7089at3041           -            217   4.3e-05   19.1   0.3   1   1   1.4e-05   9.8e-05   17.9   0.3    92   133    45    93     1   100 0.70 -
TRINITY_DN1525_c0_g1_i1:5-592      -            196 7089at3041           -            217   5.4e-05   18.8   0.0   1   2    0.0041     0.028    9.9   0.0    92   123    33    65    28    75 0.89 -
TRINITY_DN1525_c0_g1_i1:5-592      -            196 7089at3041           -            217   5.4e-05   18.8   0.0   2   2     0.053      0.36    6.3   0.0   120   171   127   190   122   196 0.66 -
TRINITY_DN32527_c0_g1_i1:29-241    -             71 7089at3041           -            217   5.4e-05   18.8   0.0   1   1     2e-05   0.00014   17.4   0.0   156   215     2    70     1    71 0.79 -
TRINITY_DN9765_c0_g1_i1:4-471      -            156 7089at3041           -            217   6.2e-05   18.6   0.3   1   2   8.1e-05   0.00055   15.5   0.1   101   125     2    27     1    52 0.85 -
TRINITY_DN9765_c0_g1_i1:4-471      -            156 7089at3041           -            217   6.2e-05   18.6   0.3   2   2       1.9        13    1.2   0.0   193   211   137   155    67   156 0.80 -
TRINITY_DN430_c0_g1_i4:967-1548    -            194 7089at3041           -            217   7.3e-05   18.3   0.0   1   2   8.9e-05   0.00061   15.3   0.0    83   128    15    61    12    82 0.83 -
TRINITY_DN430_c0_g1_i4:967-1548    -            194 7089at3041           -            217   7.3e-05   18.3   0.0   2   2       2.5        17    0.8   0.0   138   181    96   140    90   167 0.62 -
TRINITY_DN6421_c0_g1_i1:7-456      -            150 7089at3041           -            217   7.3e-05   18.3   0.0   1   1     3e-05   0.00021   16.9   0.0    76   138    37   107     1   150 0.69 -
TRINITY_DN23355_c0_g1_i1:20-346    -            109 7089at3041           -            217   8.6e-05   18.1   0.1   1   2         3        21    0.5   0.0   187   215    11    39     7    41 0.83 -
TRINITY_DN23355_c0_g1_i1:20-346    -            109 7089at3041           -            217   8.6e-05   18.1   0.1   2   2   7.6e-05   0.00052   15.6   0.0    94   123    75   105    63   108 0.79 -
TRINITY_DN644_c0_g1_i2:1-399       -            133 7089at3041           -            217   9.8e-05   17.9   0.1   1   1   1.9e-05   0.00013   17.5   0.1    88   150    48   125     1   133 0.74 -
TRINITY_DN839_c0_g1_i2:244-1098    -            285 7089at3041           -            217   0.00012   17.7   0.0   1   1    0.0003    0.0021   13.6   0.0    95   209   128   274   120   281 0.63 -
TRINITY_DN32150_c0_g1_i1:0-344     -            115 7089at3041           -            217   0.00014   17.4   0.0   1   1   2.4e-05   0.00016   17.2   0.0    20    71     2    62     1    88 0.74 -
TRINITY_DN3448_c0_g2_i3:138-917    -            260 7089at3041           -            217   0.00016   17.3   1.7   1   1    0.0046     0.031    9.7   1.7   124   170   135   186     2   254 0.73 -
TRINITY_DN11752_c0_g1_i1:7-246     -             80 7089at3041           -            217   0.00025   16.6   0.0   1   1   0.00012   0.00083   14.9   0.0   153   215     4    79     2    80 0.69 -
TRINITY_DN28411_c0_g1_i1:16-408    -            131 7089at3041           -            217   0.00025   16.6   0.2   1   1   0.00014   0.00093   14.7   0.2    64   125    45   121     1   127 0.58 -
TRINITY_DN33742_c0_g1_i1:26-424    -            133 7089at3041           -            217   0.00028   16.4   0.0   1   2      0.08      0.54    5.7   0.0   142   174     6    40     3    68 0.82 -
TRINITY_DN33742_c0_g1_i1:26-424    -            133 7089at3041           -            217   0.00028   16.4   0.0   2   2    0.0065     0.044    9.2   0.0   181   214    88   121    73   124 0.85 -
TRINITY_DN18341_c0_g1_i1:1-351     -            117 7089at3041           -            217   0.00038   16.0   0.0   1   1   0.00017    0.0011   14.4   0.0    21   116     1   117     1   117 0.69 -
TRINITY_DN5814_c0_g1_i1:2-388      -            129 7089at3041           -            217   0.00038   16.0   0.2   1   1   0.00038    0.0026   13.3   0.2    90   169    26   128    18   129 0.71 -
TRINITY_DN3448_c0_g2_i1:12-608     -            199 7089at3041           -            217    0.0004   15.9   0.0   1   1     0.005     0.034    9.6   0.0    97   170    29   125    16   193 0.51 -
TRINITY_DN19639_c0_g1_i1:23-553    -            177 7089at3041           -            217   0.00061   15.3   0.0   1   1   0.00022    0.0015   14.1   0.0    98   147     1    57     1    64 0.77 -
TRINITY_DN985_c1_g1_i1:91-498      -            136 7089at3041           -            217   0.00064   15.2   0.0   1   2      0.27       1.9    3.9   0.1    20    45     2    25     1    41 0.75 -
TRINITY_DN985_c1_g1_i1:91-498      -            136 7089at3041           -            217   0.00064   15.2   0.0   2   2    0.0056     0.038    9.4   0.0    53    90    61   100    45   105 0.84 -
TRINITY_DN11649_c0_g1_i1:10-357    -            116 7089at3041           -            217   0.00066   15.2   0.0   1   1   0.00042    0.0029   13.1   0.0    98   170    11   107     2   112 0.70 -
TRINITY_DN15977_c0_g1_i1:191-640   -            150 7089at3041           -            217   0.00067   15.2   0.0   1   1   0.00061    0.0041   12.6   0.0   137   180    54    98    49   148 0.63 -
TRINITY_DN1525_c0_g2_i1:299-979    -            227 7089at3041           -            217   0.00068   15.2   0.0   1   1   0.00039    0.0027   13.2   0.0    94   169   124   221    61   227 0.76 -
TRINITY_DN9295_c0_g1_i1:41-721     -            227 7089at3041           -            217   0.00075   15.0   0.3   1   2      0.53       3.6    3.0   0.0    18    45    24    49    10    62 0.83 -
TRINITY_DN9295_c0_g1_i1:41-721     -            227 7089at3041           -            217   0.00075   15.0   0.3   2   2    0.0069     0.047    9.2   0.0    94   128   168   203   155   224 0.83 -
TRINITY_DN1033_c0_g1_i1:301-846    -            182 7089at3041           -            217   0.00082   14.9   0.0   1   1    0.0002    0.0014   14.1   0.0    90   125   117   155   103   176 0.83 -
TRINITY_DN1033_c0_g1_i2:301-846    -            182 7089at3041           -            217   0.00082   14.9   0.0   1   1    0.0002    0.0014   14.1   0.0    90   125   117   155   103   176 0.83 -
TRINITY_DN977_c0_g1_i1:1057-1356   -            100 7089at3041           -            217   0.00093   14.7   0.0   1   2      0.33       2.2    3.7   0.0   151   171    16    36     1    47 0.77 -
TRINITY_DN977_c0_g1_i1:1057-1356   -            100 7089at3041           -            217   0.00093   14.7   0.0   2   2    0.0051     0.035    9.6   0.0   189   215    70    96    60    98 0.86 -
TRINITY_DN6572_c0_g1_i1:57-473     -            139 7089at3041           -            217    0.0011   14.5   0.1   1   1   0.00018    0.0013   14.3   0.1    19    89    47   129    31   139 0.69 -
TRINITY_DN116_c0_g1_i3:25-468      -            148 7089at3041           -            217    0.0014   14.2   0.0   1   1    0.0003     0.002   13.6   0.0    99   134    38    81     7    91 0.80 -
TRINITY_DN31600_c0_g1_i1:16-387    -            124 7089at3041           -            217    0.0017   13.9   0.0   1   1   0.00066    0.0045   12.5   0.0    94   127    36    70    28    85 0.83 -
TRINITY_DN33742_c0_g1_i2:26-403    -            126 7089at3041           -            217    0.0021   13.5   0.0   1   2      0.66       4.5    2.7   0.0   146   174     3    33     1    61 0.76 -
TRINITY_DN33742_c0_g1_i2:26-403    -            126 7089at3041           -            217    0.0021   13.5   0.0   2   2    0.0058      0.04    9.4   0.0   181   214    81   114    66   117 0.85 -
TRINITY_DN116_c0_g1_i6:1274-1588   -            105 7089at3041           -            217    0.0039   12.7   0.0   1   1    0.0021     0.014   10.9   0.0   152   215    12    88     6    90 0.73 -
TRINITY_DN16690_c0_g1_i1:1-291     -             97 7089at3041           -            217    0.0094   11.4   0.0   1   1    0.0015      0.01   11.3   0.0    94   125    33    65    21    94 0.79 -
TRINITY_DN7423_c0_g1_i1:83-313     -             77 7089at3041           -            217     0.011   11.3   0.0   1   1    0.0017     0.011   11.2   0.0   164   215     6    54     1    56 0.73 -
#
# Program:         hmmsearch
# Version:         3.2.1 (June 2018)
# Pipeline mode:   SEARCH
# Query file:      /sw/bioinfo/BUSCO/v5_lineage_sets/lineages/chlorophyta_odb10/hmms/7089at3041.hmm
# Target file:     /crex/proj/snic2022-23-81/expression_algae/code/busco/trinity_VA-3180-Osg12Pal/run_chlorophyta_odb10/metaeuk_output/rerun_results/trinity_VA-3180-Osg12Pal.Trinity.fasta.modified.fas
# Option settings: hmmsearch --domtblout /crex/proj/snic2022-23-81/expression_algae/code/busco/trinity_VA-3180-Osg12Pal/run_chlorophyta_odb10/hmmer_output/rerun_results/7089at3041.out --cpu 1 /sw/bioinfo/BUSCO/v5_lineage_sets/lineages/chlorophyta_odb10/hmms/7089at3041.hmm /crex/proj/snic2022-23-81/expression_algae/code/busco/trinity_VA-3180-Osg12Pal/run_chlorophyta_odb10/metaeuk_output/rerun_results/trinity_VA-3180-Osg12Pal.Trinity.fasta.modified.fas 
# Current dir:     /crex/proj/snic2022-23-81/expression_algae/code/busco
# Date:            Fri Sep 23 10:12:58 2022
# [ok]
