#                                                                                         --- full sequence --- -------------- this domain -------------   hmm coord   ali coord   env coord
# target name                     accession   tlen query name           accession   qlen   E-value  score  bias   #  of  c-Evalue  i-Evalue  score  bias  from    to  from    to  from    to  acc description of target
#             ------------------- ---------- ----- -------------------- ---------- ----- --------- ------ ----- --- --- --------- --------- ------ ----- ----- ----- ----- ----- ----- ----- ---- ---------------------
TRINITY_DN9052_c0_g5_i2:52-936    -            295 8190at3041           -            278   4.4e-20   68.1  11.8   1   3   6.4e-07   1.2e-05   20.8   0.2   115   181    20    90     5   103 0.80 -
TRINITY_DN9052_c0_g5_i2:52-936    -            295 8190at3041           -            278   4.4e-20   68.1  11.8   2   3   5.2e-10   9.3e-09   31.0   3.3   109   225    97   220    93   226 0.82 -
TRINITY_DN9052_c0_g5_i2:52-936    -            295 8190at3041           -            278   4.4e-20   68.1  11.8   3   3   2.3e-07   4.2e-06   22.3   0.1   104   173   222   295   218   295 0.88 -
TRINITY_DN4647_c0_g1_i1:56-859    -            268 8190at3041           -            278   4.4e-18   61.5   9.2   1   2   2.9e-10   5.2e-09   31.8   3.5   116   221    14   125     5   127 0.84 -
TRINITY_DN4647_c0_g1_i1:56-859    -            268 8190at3041           -            278   4.4e-18   61.5   9.2   2   2   2.2e-13     4e-12   42.0   2.3   108   229    89   219    85   235 0.76 -
TRINITY_DN255_c0_g1_i1:302-1183   -            294 8190at3041           -            278     3e-16   55.5   0.7   1   3    0.0019     0.034    9.4   0.0   156   221    17    84     7    87 0.63 -
TRINITY_DN255_c0_g1_i1:302-1183   -            294 8190at3041           -            278     3e-16   55.5   0.7   2   3   3.9e-10   7.1e-09   31.3   0.1   115   225    98   214    90   218 0.85 -
TRINITY_DN255_c0_g1_i1:302-1183   -            294 8190at3041           -            278     3e-16   55.5   0.7   3   3   0.00013    0.0023   13.2   0.0   140   183   211   254   210   258 0.91 -
TRINITY_DN1679_c0_g1_i1:184-903   -            240 8190at3041           -            278   8.6e-16   54.0   1.7   1   3   0.00025    0.0044   12.3   0.0   186   236     7    57     3    62 0.84 -
TRINITY_DN1679_c0_g1_i1:184-903   -            240 8190at3041           -            278   8.6e-16   54.0   1.7   2   3   1.3e-09   2.4e-08   29.6   0.2   116   222    62   178    55   187 0.84 -
TRINITY_DN1679_c0_g1_i1:184-903   -            240 8190at3041           -            278   8.6e-16   54.0   1.7   3   3     0.002     0.036    9.3   0.1   153   184   191   222   180   227 0.82 -
TRINITY_DN9902_c0_g1_i6:55-417    -            121 8190at3041           -            278   1.6e-12   43.3   1.5   1   1     1e-13   1.8e-12   43.1   1.5   120   225     2   113     1   120 0.85 -
TRINITY_DN1679_c0_g1_i2:210-965   -            252 8190at3041           -            278   2.3e-12   42.8   2.1   1   4   1.9e-09   3.4e-08   29.1   0.1   117   222     5   120     1   129 0.84 -
TRINITY_DN1679_c0_g1_i2:210-965   -            252 8190at3041           -            278   2.3e-12   42.8   2.1   2   4     8e-07   1.4e-05   20.5   0.2   157   222    93   162    92   176 0.81 -
TRINITY_DN1679_c0_g1_i2:210-965   -            252 8190at3041           -            278   2.3e-12   42.8   2.1   3   4    0.0011      0.02   10.2   0.1   153   185   133   165   121   209 0.70 -
TRINITY_DN1679_c0_g1_i2:210-965   -            252 8190at3041           -            278   2.3e-12   42.8   2.1   4   4         1        19    0.5   0.0    79   178   225   249   194   252 0.62 -
TRINITY_DN5368_c1_g1_i1:399-851   -            151 8190at3041           -            278   3.9e-12   42.0   2.8   1   2     1e-09   1.9e-08   30.0   0.6   118   222     2   112     1   114 0.88 -
TRINITY_DN5368_c1_g1_i1:399-851   -            151 8190at3041           -            278   3.9e-12   42.0   2.8   2   2   2.9e-06   5.2e-05   18.7   0.1   125   179    95   151    92   151 0.93 -
TRINITY_DN12003_c0_g1_i1:37-624   -            196 8190at3041           -            278   5.5e-12   41.5   5.6   1   3   1.6e-08   2.9e-07   26.0   1.7   121   181     3    67     1    71 0.87 -
TRINITY_DN12003_c0_g1_i1:37-624   -            196 8190at3041           -            278   5.5e-12   41.5   5.6   2   3    0.0005    0.0089   11.3   0.0   141   179    69   107    67   111 0.91 -
TRINITY_DN12003_c0_g1_i1:37-624   -            196 8190at3041           -            278   5.5e-12   41.5   5.6   3   3     0.055      0.99    4.6   0.0   115   142   143   172   125   192 0.68 -
TRINITY_DN586_c0_g1_i5:548-2155   -            536 8190at3041           -            278   8.2e-12   41.0  23.5   1   5      0.64        12    1.1   0.1   208   223     9    25     6    37 0.80 -
TRINITY_DN586_c0_g1_i5:548-2155   -            536 8190at3041           -            278   8.2e-12   41.0  23.5   2   5      0.26       4.6    2.4   0.8   153   224    76   154    42   169 0.65 -
TRINITY_DN586_c0_g1_i5:548-2155   -            536 8190at3041           -            278   8.2e-12   41.0  23.5   3   5   7.9e-08   1.4e-06   23.8   1.5   155   222   215   284   175   325 0.86 -
TRINITY_DN586_c0_g1_i5:548-2155   -            536 8190at3041           -            278   8.2e-12   41.0  23.5   4   5   8.8e-05    0.0016   13.8   0.5    71   217   292   405   283   419 0.51 -
TRINITY_DN586_c0_g1_i5:548-2155   -            536 8190at3041           -            278   8.2e-12   41.0  23.5   5   5   0.00026    0.0047   12.3   0.4    82   170   427   526   409   530 0.46 -
TRINITY_DN586_c0_g1_i3:501-1397   -            299 8190at3041           -            278   1.8e-11   39.9   6.7   1   2     3e-08   5.4e-07   25.2   1.7   155   222    62   131    21   173 0.86 -
TRINITY_DN586_c0_g1_i3:501-1397   -            299 8190at3041           -            278   1.8e-11   39.9   6.7   2   2   1.7e-05   0.00031   16.1   0.7    70   218   138   253   130   298 0.58 -
TRINITY_DN255_c0_g1_i2:220-753    -            178 8190at3041           -            278   2.7e-11   39.3   0.3   1   2   4.8e-08   8.6e-07   24.5   0.1   142   224    11    95     2    99 0.77 -
TRINITY_DN255_c0_g1_i2:220-753    -            178 8190at3041           -            278   2.7e-11   39.3   0.3   2   2   5.8e-05     0.001   14.4   0.0   140   183    93   136    92   140 0.91 -
TRINITY_DN9052_c0_g4_i1:8-388     -            127 8190at3041           -            278   1.3e-09   33.7   1.9   1   1   3.7e-07   6.6e-06   21.6   0.6   114   188    47   125    41   126 0.84 -
TRINITY_DN8100_c0_g1_i1:56-676    -            207 8190at3041           -            278   2.4e-09   32.9  10.1   1   3     0.012      0.22    6.8   0.2   208   223    21    36     8    44 0.80 -
TRINITY_DN8100_c0_g1_i1:56-676    -            207 8190at3041           -            278   2.4e-09   32.9  10.1   2   3   3.2e-05   0.00058   15.2   0.5   150   223    45   121    42   136 0.78 -
TRINITY_DN8100_c0_g1_i1:56-676    -            207 8190at3041           -            278   2.4e-09   32.9  10.1   3   3   2.9e-05   0.00051   15.4   0.4   119   182   138   206   126   207 0.80 -
TRINITY_DN12299_c0_g1_i1:250-1137 -            296 8190at3041           -            278   9.4e-09   30.9   1.8   1   2    0.0062      0.11    7.7   0.2   209   226   196   213   176   223 0.82 -
TRINITY_DN12299_c0_g1_i1:250-1137 -            296 8190at3041           -            278   9.4e-09   30.9   1.8   2   2   1.7e-07     3e-06   22.7   0.1   186   244   224   281   215   291 0.86 -
TRINITY_DN3143_c0_g1_i1:180-548   -            123 8190at3041           -            278   1.2e-08   30.6   1.9   1   2   7.4e-10   1.3e-08   30.4   0.7   156   225    11    87     3   104 0.81 -
TRINITY_DN3143_c0_g1_i1:180-548   -            123 8190at3041           -            278   1.2e-08   30.6   1.9   2   2       2.5        45   -0.8   0.1   207   220   110   123    88   123 0.56 -
TRINITY_DN24649_c0_g1_i1:28-378   -            117 8190at3041           -            278   2.1e-08   29.8   2.6   1   2   1.7e-05    0.0003   16.2   0.6   154   232     2    80     1    84 0.82 -
TRINITY_DN24649_c0_g1_i1:28-378   -            117 8190at3041           -            278   2.1e-08   29.8   2.6   2   2   2.8e-06     5e-05   18.7   0.1   114   182    42   114    38   117 0.80 -
TRINITY_DN9052_c0_g4_i2:8-382     -            125 8190at3041           -            278   5.5e-08   28.4   1.6   1   1   8.7e-09   1.6e-07   26.9   1.6   117   222     6   117     2   124 0.77 -
TRINITY_DN296_c0_g1_i5:516-782    -             89 8190at3041           -            278   5.6e-08   28.4   0.4   1   1   3.7e-09   6.7e-08   28.1   0.4   155   225     9    81     3    87 0.76 -
TRINITY_DN9052_c1_g1_i1:2-364     -            121 8190at3041           -            278   6.3e-08   28.2   1.6   1   1   5.4e-09   9.6e-08   27.6   1.6   116   224     4   119     1   121 0.78 -
TRINITY_DN14487_c0_g1_i1:74-571   -            166 8190at3041           -            278   9.6e-08   27.6   0.6   1   2   0.00086     0.016   10.5   0.1   156   221     5    77     3    94 0.71 -
TRINITY_DN14487_c0_g1_i1:74-571   -            166 8190at3041           -            278   9.6e-08   27.6   0.6   2   2   2.3e-05   0.00042   15.7   0.1   154   204   100   154    84   166 0.79 -
TRINITY_DN586_c0_g1_i5:1433-2062  -            210 8190at3041           -            278     1e-07   27.5   2.4   1   2   6.2e-05    0.0011   14.3   0.7   116   218     3   111     1   122 0.74 -
TRINITY_DN586_c0_g1_i5:1433-2062  -            210 8190at3041           -            278     1e-07   27.5   2.4   2   2   4.7e-06   8.4e-05   18.0   0.3   114   222    85   201    81   208 0.79 -
TRINITY_DN296_c0_g1_i3:8-271      -             88 8190at3041           -            278   1.1e-07   27.5   0.5   1   1   7.4e-09   1.3e-07   27.2   0.5   156   225     9    80     2    86 0.80 -
TRINITY_DN17425_c0_g1_i1:8-226    -             73 8190at3041           -            278   1.3e-07   27.2   0.0   1   2     0.026      0.46    5.7   0.0   154   185     4    35     2    37 0.91 -
TRINITY_DN17425_c0_g1_i1:8-226    -             73 8190at3041           -            278   1.3e-07   27.2   0.0   2   2     1e-06   1.9e-05   20.1   0.0   146   181    38    73    34    73 0.92 -
TRINITY_DN25985_c0_g1_i1:3-293    -             97 8190at3041           -            278   1.6e-07   26.9   0.0   1   1   9.7e-09   1.7e-07   26.8   0.0   109   180    18    93     2    97 0.84 -
TRINITY_DN296_c0_g1_i1:112-348    -             79 8190at3041           -            278   2.4e-07   26.3   0.6   1   1   1.6e-08   2.8e-07   26.1   0.6   156   222     9    77     2    79 0.83 -
TRINITY_DN1365_c0_g1_i2:54-506    -            151 8190at3041           -            278   4.9e-07   25.3   0.1   1   1   3.9e-08     7e-07   24.8   0.1   125   180    74   130    61   139 0.92 -
TRINITY_DN9390_c0_g1_i1:1-231     -             77 8190at3041           -            278   7.9e-07   24.6   2.4   1   1   6.2e-08   1.1e-06   24.2   2.4   153   221     3    75     1    77 0.81 -
TRINITY_DN7041_c0_g2_i1:3-617     -            205 8190at3041           -            278   9.8e-07   24.3   0.5   1   3   0.00026    0.0046   12.3   0.0   124   185    14    76     5    84 0.77 -
TRINITY_DN7041_c0_g2_i1:3-617     -            205 8190at3041           -            278   9.8e-07   24.3   0.5   2   3     1e-05   0.00018   16.9   0.4   116   184    45   119    44   152 0.73 -
TRINITY_DN7041_c0_g2_i1:3-617     -            205 8190at3041           -            278   9.8e-07   24.3   0.5   3   3       2.1        38   -0.6   0.0   111   142   146   181   122   185 0.59 -
TRINITY_DN26251_c0_g1_i1:23-379   -            119 8190at3041           -            278   1.2e-06   24.0   1.3   1   1   9.3e-08   1.7e-06   23.6   1.3   115   220     4   114     2   118 0.80 -
TRINITY_DN26098_c0_g1_i1:0-218    -             73 8190at3041           -            278   1.3e-06   23.9   0.1   1   1     8e-08   1.4e-06   23.8   0.1   156   222     2    70     1    73 0.87 -
TRINITY_DN13194_c0_g1_i1:10-225   -             72 8190at3041           -            278   1.4e-06   23.8   0.4   1   1     8e-08   1.4e-06   23.8   0.4   127   191     3    70     1    72 0.88 -
TRINITY_DN13431_c0_g1_i1:0-353    -            118 8190at3041           -            278   2.5e-06   23.0   1.0   1   2      0.38       6.8    1.9   0.1   207   223     1    17     1    28 0.80 -
TRINITY_DN13431_c0_g1_i1:0-353    -            118 8190at3041           -            278   2.5e-06   23.0   1.0   2   2     9e-07   1.6e-05   20.3   0.1   114   183    28   101    16   110 0.67 -
TRINITY_DN29644_c0_g1_i1:3-374    -            124 8190at3041           -            278   2.9e-06   22.8   0.0   1   1   2.2e-07     4e-06   22.3   0.0   126   183     4    64     1    74 0.88 -
TRINITY_DN18626_c0_g1_i1:29-784   -            252 8190at3041           -            278     4e-06   22.3   2.1   1   2   1.2e-06   2.2e-05   19.9   0.3   128   244    16   133     2   149 0.73 -
TRINITY_DN18626_c0_g1_i1:29-784   -            252 8190at3041           -            278     4e-06   22.3   2.1   2   2      0.55       9.9    1.4   0.1   114   141   168   196   161   250 0.75 -
TRINITY_DN7192_c0_g1_i1:15-302    -             96 8190at3041           -            278   6.3e-06   21.7   0.2   1   1   4.2e-07   7.6e-06   21.4   0.2   154   220    10    79     5    89 0.86 -
TRINITY_DN5674_c0_g1_i1:30-632    -            201 8190at3041           -            278   6.5e-06   21.6   0.0   1   2   2.3e-05   0.00042   15.7   0.0   149   184   108   140    33   146 0.58 -
TRINITY_DN5674_c0_g1_i1:30-632    -            201 8190at3041           -            278   6.5e-06   21.6   0.0   2   2      0.69        12    1.0   0.0    38    61   168   191   145   198 0.75 -
TRINITY_DN2275_c0_g1_i1:92-835    -            248 8190at3041           -            278   7.3e-06   21.5   0.4   1   2      0.12       2.2    3.5   0.0   155   185    47    78     4    83 0.81 -
TRINITY_DN2275_c0_g1_i1:92-835    -            248 8190at3041           -            278   7.3e-06   21.5   0.4   2   2   4.6e-06   8.2e-05   18.0   0.2    29   219    46   239    43   247 0.67 -
TRINITY_DN9481_c0_g1_i1:3-254     -             84 8190at3041           -            278   9.9e-06   21.0   0.0   1   1   6.1e-07   1.1e-05   20.9   0.0   154   223    11    82     5    84 0.80 -
TRINITY_DN6377_c0_g1_i1:1-357     -            119 8190at3041           -            278   1.5e-05   20.5   0.1   1   1     1e-06   1.8e-05   20.1   0.1   127   225     2   104     1   111 0.82 -
TRINITY_DN1432_c0_g1_i1:261-914   -            218 8190at3041           -            278     2e-05   20.0   3.3   1   3       2.7        49   -0.9   0.2   187   224    28    65    13    89 0.77 -
TRINITY_DN1432_c0_g1_i1:261-914   -            218 8190at3041           -            278     2e-05   20.0   3.3   2   3      0.56        10    1.3   0.1    45   104    97   149    56   169 0.56 -
TRINITY_DN1432_c0_g1_i1:261-914   -            218 8190at3041           -            278     2e-05   20.0   3.3   3   3   2.2e-06     4e-05   19.1   0.2   166   219   157   218   142   218 0.78 -
TRINITY_DN873_c0_g1_i3:268-900    -            211 8190at3041           -            278   2.4e-05   19.8   0.1   1   2      0.25       4.4    2.5   0.0   116   140    40    66    12    75 0.75 -
TRINITY_DN873_c0_g1_i3:268-900    -            211 8190at3041           -            278   2.4e-05   19.8   0.1   2   2   7.6e-05    0.0014   14.0   0.0    27   140    86   201    72   205 0.66 -
TRINITY_DN1466_c0_g1_i1:39-293    -             85 8190at3041           -            278   2.4e-05   19.8   0.1   1   1   1.6e-06   2.9e-05   19.5   0.1   127   185     2    62     1    76 0.88 -
TRINITY_DN23393_c0_g1_i1:7-246    -             80 8190at3041           -            278   2.5e-05   19.7   1.1   1   1     2e-06   3.7e-05   19.2   1.1   146   222     3    78     1    80 0.62 -
TRINITY_DN296_c0_g2_i1:0-239      -             80 8190at3041           -            278   2.5e-05   19.7   0.2   1   1   2.1e-06   3.7e-05   19.1   0.2   107   164    18    80     4    80 0.81 -
TRINITY_DN9052_c0_g4_i3:8-319     -            104 8190at3041           -            278   2.9e-05   19.5   0.4   1   1   2.9e-06   5.2e-05   18.7   0.4   142   223    14    97     1   103 0.56 -
TRINITY_DN15302_c0_g1_i1:35-628   -            198 8190at3041           -            278   3.7e-05   19.2   0.1   1   2    0.0095      0.17    7.1   0.1   175   224     8    61     1    70 0.75 -
TRINITY_DN15302_c0_g1_i1:35-628   -            198 8190at3041           -            278   3.7e-05   19.2   0.1   2   2    0.0011      0.02   10.2   0.0   154   220    73   143    66   152 0.77 -
TRINITY_DN5674_c0_g1_i2:189-467   -             93 8190at3041           -            278   3.8e-05   19.1   0.0   1   2     0.084       1.5    4.0   0.0   159   184    21    46    14    55 0.83 -
TRINITY_DN5674_c0_g1_i2:189-467   -             93 8190at3041           -            278   3.8e-05   19.1   0.0   2   2    0.0001    0.0018   13.6   0.0   154   180    66    92    47    93 0.85 -
TRINITY_DN1505_c0_g2_i1:29-400    -            124 8190at3041           -            278     4e-05   19.1   0.2   1   1   9.6e-06   0.00017   17.0   0.2    79   221     7   118     2   123 0.45 -
TRINITY_DN7679_c0_g1_i1:10-477    -            156 8190at3041           -            278   4.1e-05   19.0   6.0   1   1   2.4e-06   4.4e-05   18.9   4.9   117   222     9   117     3   123 0.74 -
TRINITY_DN9835_c0_g1_i1:7-252     -             82 8190at3041           -            278   5.3e-05   18.6   0.1   1   1   4.4e-06   7.8e-05   18.1   0.1   121   182     1    70     1    81 0.62 -
TRINITY_DN825_c0_g1_i3:138-791    -            218 8190at3041           -            278   5.6e-05   18.6   1.6   1   2      0.13       2.4    3.4   0.0   123   143     5    25     1    30 0.80 -
TRINITY_DN825_c0_g1_i3:138-791    -            218 8190at3041           -            278   5.6e-05   18.6   1.6   2   2   7.5e-05    0.0013   14.0   0.8    83   195    72   194    47   217 0.71 -
TRINITY_DN26175_c0_g1_i1:5-178    -             58 8190at3041           -            278   0.00012   17.5   0.1   1   1   6.8e-06   0.00012   17.5   0.1   155   183     6    34     4    57 0.82 -
TRINITY_DN255_c0_g1_i4:332-727    -            132 8190at3041           -            278   0.00016   17.1   0.1   1   2   0.00026    0.0047   12.3   0.0   156   221     7    74     3   118 0.71 -
TRINITY_DN255_c0_g1_i4:332-727    -            132 8190at3041           -            278   0.00016   17.1   0.1   2   2     0.081       1.5    4.1   0.0   249   276    86   115    79   132 0.64 -
TRINITY_DN9902_c0_g1_i16:2-325    -            108 8190at3041           -            278   0.00016   17.1   0.7   1   2      0.11       1.9    3.7   0.1   127   166     4    45     1    50 0.62 -
TRINITY_DN9902_c0_g1_i16:2-325    -            108 8190at3041           -            278   0.00016   17.1   0.7   2   2   0.00026    0.0047   12.3   0.1   156   204    52   104    47   108 0.64 -
TRINITY_DN873_c0_g1_i1:149-652    -            168 8190at3041           -            278   0.00017   17.0   0.0   1   2      0.13       2.3    3.4   0.0   116   140    49    75     4    84 0.75 -
TRINITY_DN873_c0_g1_i1:149-652    -            168 8190at3041           -            278   0.00017   17.0   0.0   2   2    0.0003    0.0053   12.1   0.0    27   102    95   166    78   168 0.75 -
TRINITY_DN12314_c0_g1_i1:58-495   -            146 8190at3041           -            278   0.00025   16.4   2.6   1   3    0.0048     0.086    8.1   0.1   207   230    11    33     8    54 0.82 -
TRINITY_DN12314_c0_g1_i1:58-495   -            146 8190at3041           -            278   0.00025   16.4   2.6   2   3     0.085       1.5    4.0   0.2   209   225    80    96    52   114 0.67 -
TRINITY_DN12314_c0_g1_i1:58-495   -            146 8190at3041           -            278   0.00025   16.4   2.6   3   3      0.14       2.4    3.4   0.0   155   183   116   145   110   146 0.81 -
TRINITY_DN31016_c0_g1_i1:128-295  -             56 8190at3041           -            278   0.00028   16.2   0.3   1   1   1.6e-05   0.00029   16.2   0.3   154   181    26    53     3    55 0.84 -
TRINITY_DN24617_c0_g1_i1:1-450    -            150 8190at3041           -            278   0.00041   15.7   0.1   1   2    0.0056       0.1    7.9   0.0   207   235    11    37     9    44 0.81 -
TRINITY_DN24617_c0_g1_i1:1-450    -            150 8190at3041           -            278   0.00041   15.7   0.1   2   2      0.02      0.35    6.1   0.0    31    88    53   105    46   132 0.82 -
TRINITY_DN1245_c0_g1_i1:10-471    -            154 8190at3041           -            278   0.00049   15.5   0.3   1   3     0.082       1.5    4.1   0.0   130   167     9    48     2    59 0.46 -
TRINITY_DN1245_c0_g1_i1:10-471    -            154 8190at3041           -            278   0.00049   15.5   0.3   2   3    0.0027     0.049    8.9   0.0   184   226    79   119    73   139 0.81 -
TRINITY_DN1245_c0_g1_i1:10-471    -            154 8190at3041           -            278   0.00049   15.5   0.3   3   3         4        71   -1.5   0.0   121   140   132   153   126   154 0.72 -
TRINITY_DN5395_c0_g1_i1:139-810   -            224 8190at3041           -            278   0.00051   15.4   0.6   1   2      0.16       2.9    3.1   0.0   207   235    37    65     5    77 0.69 -
TRINITY_DN5395_c0_g1_i1:139-810   -            224 8190at3041           -            278   0.00051   15.4   0.6   2   2   0.00088     0.016   10.5   0.1   113   185   112   188    87   224 0.82 -
TRINITY_DN14591_c0_g1_i1:141-452  -            104 8190at3041           -            278    0.0012   14.2   0.0   1   2   0.00039    0.0069   11.7   0.0   155   186    36    67    31    74 0.91 -
TRINITY_DN14591_c0_g1_i1:141-452  -            104 8190at3041           -            278    0.0012   14.2   0.0   2   2      0.92        16    0.6   0.0   148   169    78    99    66   103 0.67 -
TRINITY_DN1490_c0_g1_i1:420-896   -            159 8190at3041           -            278    0.0029   12.9   0.0   1   2    0.0032     0.057    8.7   0.0   126   181    15    72     1    79 0.65 -
TRINITY_DN1490_c0_g1_i1:420-896   -            159 8190at3041           -            278    0.0029   12.9   0.0   2   2      0.26       4.7    2.4   0.0    76   104   119   150   107   158 0.67 -
TRINITY_DN255_c0_g1_i6:290-529    -             80 8190at3041           -            278    0.0063   11.8   0.0   1   1   0.00036    0.0065   11.8   0.0   249   275    16    44     5    73 0.57 -
TRINITY_DN20376_c0_g1_i1:6-251    -             82 8190at3041           -            278    0.0066   11.8   1.1   1   1    0.0016     0.028    9.7   1.1   185   221     9    41     4    82 0.73 -
TRINITY_DN32985_c0_g1_i1:139-360  -             74 8190at3041           -            278    0.0072   11.6   0.0   1   1   0.00058      0.01   11.1   0.0   159   185     6    32     2    39 0.85 -
TRINITY_DN10233_c0_g2_i1:25-504   -            160 8190at3041           -            278     0.013   10.9   1.3   1   1    0.0034      0.06    8.6   1.3   114   209    50   152     4   159 0.63 -
#
# Program:         hmmsearch
# Version:         3.2.1 (June 2018)
# Pipeline mode:   SEARCH
# Query file:      /sw/bioinfo/BUSCO/v5_lineage_sets/lineages/chlorophyta_odb10/hmms/8190at3041.hmm
# Target file:     /crex/proj/snic2022-23-81/expression_algae/code/busco/trinity_VA-3180-Osg12Pal/run_chlorophyta_odb10/metaeuk_output/rerun_results/trinity_VA-3180-Osg12Pal.Trinity.fasta.modified.fas
# Option settings: hmmsearch --domtblout /crex/proj/snic2022-23-81/expression_algae/code/busco/trinity_VA-3180-Osg12Pal/run_chlorophyta_odb10/hmmer_output/rerun_results/8190at3041.out --cpu 1 /sw/bioinfo/BUSCO/v5_lineage_sets/lineages/chlorophyta_odb10/hmms/8190at3041.hmm /crex/proj/snic2022-23-81/expression_algae/code/busco/trinity_VA-3180-Osg12Pal/run_chlorophyta_odb10/metaeuk_output/rerun_results/trinity_VA-3180-Osg12Pal.Trinity.fasta.modified.fas 
# Current dir:     /crex/proj/snic2022-23-81/expression_algae/code/busco
# Date:            Fri Sep 23 10:12:59 2022
# [ok]
