#                                                                                        --- full sequence --- -------------- this domain -------------   hmm coord   ali coord   env coord
# target name                    accession   tlen query name           accession   qlen   E-value  score  bias   #  of  c-Evalue  i-Evalue  score  bias  from    to  from    to  from    to  acc description of target
#            ------------------- ---------- ----- -------------------- ---------- ----- --------- ------ ----- --- --- --------- --------- ------ ----- ----- ----- ----- ----- ----- ----- ---- ---------------------
TRINITY_DN13827_c0_g1_i1:131-562 -            144 8296at3041           -            144   8.6e-32  105.9   0.0   1   1     1e-33   9.3e-32  105.8   0.0     5   133    15   144     8   144 0.93 -
TRINITY_DN6136_c0_g1_i2:287-712  -            142 8296at3041           -            144   1.3e-28   95.6   0.0   1   1   1.6e-30   1.4e-28   95.5   0.0     4   130    15   142     9   142 0.93 -
TRINITY_DN14198_c0_g1_i1:545-976 -            144 8296at3041           -            144   3.5e-28   94.2   0.0   1   1   4.1e-30   3.8e-28   94.1   0.0     3   137     5   143     3   144 0.88 -
TRINITY_DN485_c0_g1_i2:162-569   -            136 8296at3041           -            144   2.2e-24   81.9   0.0   1   1   2.5e-26   2.3e-24   81.8   0.0    31   129    34   136     2   136 0.85 -
TRINITY_DN485_c0_g1_i3:162-476   -            105 8296at3041           -            144   2.2e-24   81.9   0.0   1   1   2.5e-26   2.3e-24   81.8   0.0    32   129     4   105     1   105 0.91 -
TRINITY_DN11244_c0_g1_i2:20-409  -            130 8296at3041           -            144   8.5e-24   80.0   0.0   1   1   1.1e-25     1e-23   79.8   0.0    14   136     1   126     1   129 0.92 -
TRINITY_DN27335_c0_g1_i1:211-663 -            151 8296at3041           -            144   9.4e-24   79.9   0.0   1   1   7.2e-25   6.5e-23   77.1   0.0     3   129     6   147     1   151 0.83 -
TRINITY_DN33233_c0_g1_i1:20-436  -            139 8296at3041           -            144   4.2e-23   77.7   0.0   1   1   4.6e-25   4.2e-23   77.7   0.0    19   128    28   138     7   139 0.90 -
TRINITY_DN2579_c0_g2_i1:82-309   -             76 8296at3041           -            144   1.2e-18   63.3   0.0   1   1   1.4e-20   1.3e-18   63.2   0.0     3    71     4    75     2    76 0.90 -
TRINITY_DN11244_c0_g1_i1:75-398  -            108 8296at3041           -            144     3e-18   62.0   0.0   1   1   3.9e-20   3.6e-18   61.8   0.0    36   136     1   104     1   107 0.91 -
TRINITY_DN31890_c0_g1_i1:141-380 -             80 8296at3041           -            144   4.3e-16   55.0   0.0   1   1   5.1e-18   4.7e-16   54.9   0.0    52   130     1    80     1    80 0.96 -
TRINITY_DN8009_c0_g1_i1:2-304    -            101 8296at3041           -            144   4.9e-08   28.9   0.0   1   1   6.5e-10   5.9e-08   28.6   0.0     2    64    18    83    17    99 0.70 -
TRINITY_DN5439_c0_g1_i1:631-987  -            119 8296at3041           -            144   6.2e-08   28.6   0.0   1   1   7.2e-10   6.6e-08   28.5   0.0    21    98    31   116    10   119 0.74 -
#
# Program:         hmmsearch
# Version:         3.2.1 (June 2018)
# Pipeline mode:   SEARCH
# Query file:      /sw/bioinfo/BUSCO/v5_lineage_sets/lineages/chlorophyta_odb10/hmms/8296at3041.hmm
# Target file:     /crex/proj/snic2022-23-81/expression_algae/code/busco/trinity_VA-3180-Osg12Pal/run_chlorophyta_odb10/metaeuk_output/rerun_results/trinity_VA-3180-Osg12Pal.Trinity.fasta.modified.fas
# Option settings: hmmsearch --domtblout /crex/proj/snic2022-23-81/expression_algae/code/busco/trinity_VA-3180-Osg12Pal/run_chlorophyta_odb10/hmmer_output/rerun_results/8296at3041.out --cpu 1 /sw/bioinfo/BUSCO/v5_lineage_sets/lineages/chlorophyta_odb10/hmms/8296at3041.hmm /crex/proj/snic2022-23-81/expression_algae/code/busco/trinity_VA-3180-Osg12Pal/run_chlorophyta_odb10/metaeuk_output/rerun_results/trinity_VA-3180-Osg12Pal.Trinity.fasta.modified.fas 
# Current dir:     /crex/proj/snic2022-23-81/expression_algae/code/busco
# Date:            Fri Sep 23 10:12:56 2022
# [ok]
