#                                                                                         --- full sequence --- -------------- this domain -------------   hmm coord   ali coord   env coord
# target name                     accession   tlen query name           accession   qlen   E-value  score  bias   #  of  c-Evalue  i-Evalue  score  bias  from    to  from    to  from    to  acc description of target
#             ------------------- ---------- ----- -------------------- ---------- ----- --------- ------ ----- --- --- --------- --------- ------ ----- ----- ----- ----- ----- ----- ----- ---- ---------------------
TRINITY_DN26328_c0_g1_i1:2-577    -            192 2380at3041           -            270   1.1e-89  296.2   2.8   1   1   1.1e-88   1.6e-87  289.1   2.8    17   183     1   192     1   192 0.92 -
TRINITY_DN5261_c0_g1_i1:272-1447  -            392 2380at3041           -            270   5.3e-30  100.5   0.4   1   3   0.00047     0.007   11.5   0.0   150   194   151   195   105   203 0.62 -
TRINITY_DN5261_c0_g1_i1:272-1447  -            392 2380at3041           -            270   5.3e-30  100.5   0.4   2   3   1.9e-24   2.8e-23   78.4   0.1   109   233   203   331   195   337 0.89 -
TRINITY_DN5261_c0_g1_i1:272-1447  -            392 2380at3041           -            270   5.3e-30  100.5   0.4   3   3     0.013       0.2    6.8   0.0   113   147   354   388   346   391 0.82 -
TRINITY_DN5261_c0_g1_i2:126-1301  -            392 2380at3041           -            270   5.3e-30  100.5   0.4   1   3   0.00047     0.007   11.5   0.0   150   194   151   195   105   203 0.62 -
TRINITY_DN5261_c0_g1_i2:126-1301  -            392 2380at3041           -            270   5.3e-30  100.5   0.4   2   3   1.9e-24   2.8e-23   78.4   0.1   109   233   203   331   195   337 0.89 -
TRINITY_DN5261_c0_g1_i2:126-1301  -            392 2380at3041           -            270   5.3e-30  100.5   0.4   3   3     0.013       0.2    6.8   0.0   113   147   354   388   346   391 0.82 -
TRINITY_DN1632_c0_g1_i2:566-1432  -            289 2380at3041           -            270   1.8e-27   92.2   3.3   1   2   1.3e-06   1.9e-05   19.9   1.2   141   234    22   113     6   118 0.83 -
TRINITY_DN1632_c0_g1_i2:566-1432  -            289 2380at3041           -            270   1.8e-27   92.2   3.3   2   2   9.1e-23   1.4e-21   72.9   0.1   108   265   117   275   113   280 0.85 -
TRINITY_DN1632_c0_g1_i1:548-1381  -            278 2380at3041           -            270   2.1e-27   92.0   1.4   1   2   3.6e-06   5.4e-05   18.5   0.2   175   236     6    66     2    97 0.85 -
TRINITY_DN1632_c0_g1_i1:548-1381  -            278 2380at3041           -            270   2.1e-27   92.0   1.4   2   2   8.6e-23   1.3e-21   73.0   0.1   108   265   100   258    95   263 0.86 -
TRINITY_DN948_c0_g1_i1:131-829    -            233 2380at3041           -            270   9.3e-25   83.3   1.2   1   2   5.7e-09   8.5e-08   27.7   0.0   175   233    11    68     6    71 0.91 -
TRINITY_DN948_c0_g1_i1:131-829    -            233 2380at3041           -            270   9.3e-25   83.3   1.2   2   2     3e-19   4.5e-18   61.4   0.4    90   222    52   183    46   232 0.83 -
TRINITY_DN5128_c0_g1_i1:21-806    -            262 2380at3041           -            270   4.7e-23   77.7   0.0   1   2   1.9e-09   2.9e-08   29.2   0.0   151   243     9   102     4   105 0.79 -
TRINITY_DN5128_c0_g1_i1:21-806    -            262 2380at3041           -            270   4.7e-23   77.7   0.0   2   2   2.4e-15   3.6e-14   48.5   0.0   108   233    94   221    91   234 0.87 -
TRINITY_DN2119_c0_g1_i1:3-422     -            140 2380at3041           -            270   2.2e-22   75.5   0.2   1   2   1.6e-15   2.4e-14   49.2   0.1   175   259    13    98     7    99 0.76 -
TRINITY_DN2119_c0_g1_i1:3-422     -            140 2380at3041           -            270   2.2e-22   75.5   0.2   2   2   8.7e-09   1.3e-07   27.1   0.0   152   213    75   135    71   140 0.82 -
TRINITY_DN176_c0_g1_i2:964-1791   -            276 2380at3041           -            270   3.5e-20   68.3   1.8   1   2   3.6e-16   5.4e-15   51.3   0.1    56   196    24   169     4   182 0.78 -
TRINITY_DN176_c0_g1_i2:964-1791   -            276 2380at3041           -            270   3.5e-20   68.3   1.8   2   2   1.5e-05   0.00022   16.5   0.1    91   145   219   276   197   276 0.45 -
TRINITY_DN176_c0_g1_i3:1439-2266  -            276 2380at3041           -            270   3.5e-20   68.3   1.8   1   2   3.6e-16   5.4e-15   51.3   0.1    56   196    24   169     4   182 0.78 -
TRINITY_DN176_c0_g1_i3:1439-2266  -            276 2380at3041           -            270   3.5e-20   68.3   1.8   2   2   1.5e-05   0.00022   16.5   0.1    91   145   219   276   197   276 0.45 -
TRINITY_DN176_c0_g1_i4:1439-2188  -            250 2380at3041           -            270   1.1e-19   66.7   1.7   1   2   1.3e-15   1.9e-14   49.5   0.1    74   196    23   143    16   156 0.84 -
TRINITY_DN176_c0_g1_i4:1439-2188  -            250 2380at3041           -            270   1.1e-19   66.7   1.7   2   2   1.2e-05   0.00018   16.8   0.2    91   145   193   250   170   250 0.45 -
TRINITY_DN176_c0_g1_i1:1439-2278  -            280 2380at3041           -            270   1.2e-19   66.5   3.7   1   2   4.4e-16   6.6e-15   51.0   0.5    55   196    27   173     3   185 0.77 -
TRINITY_DN176_c0_g1_i1:1439-2278  -            280 2380at3041           -            270   1.2e-19   66.5   3.7   2   2   1.5e-05   0.00022   16.5   0.1    91   145   223   280   201   280 0.45 -
TRINITY_DN1620_c0_g1_i4:572-1291  -            240 2380at3041           -            270   3.8e-19   64.9   0.3   1   1   7.2e-20   1.1e-18   63.4   0.2    51   237    25   224    21   231 0.78 -
TRINITY_DN439_c1_g2_i2:51-461     -            137 2380at3041           -            270   6.9e-18   60.7   0.0   1   1   5.2e-19   7.8e-18   60.6   0.0   109   231     4   124     1   132 0.90 -
TRINITY_DN1620_c0_g1_i2:210-965   -            252 2380at3041           -            270   8.6e-18   60.4   1.4   1   3   6.4e-17   9.6e-16   53.7   0.1    90   238    16   167    10   172 0.84 -
TRINITY_DN1620_c0_g1_i2:210-965   -            252 2380at3041           -            270   8.6e-18   60.4   1.4   2   3     0.031      0.47    5.6   0.1    34    78   169   211   161   233 0.75 -
TRINITY_DN1620_c0_g1_i2:210-965   -            252 2380at3041           -            270   8.6e-18   60.4   1.4   3   3       2.4        35   -0.6   0.0    45    67   230   251   219   252 0.62 -
TRINITY_DN8840_c0_g1_i1:107-511   -            135 2380at3041           -            270   3.4e-16   55.2   0.1   1   1   1.8e-16   2.7e-15   52.3   0.1    92   201    19   128    16   135 0.82 -
TRINITY_DN24436_c0_g1_i1:24-323   -            100 2380at3041           -            270   4.4e-16   54.8   0.1   1   1   3.2e-17   4.8e-16   54.7   0.1    95   191     1    98     1   100 0.91 -
TRINITY_DN2428_c0_g1_i1:423-1043  -            207 2380at3041           -            270     1e-15   53.6   1.5   1   3   8.7e-09   1.3e-07   27.1   0.0   175   232    16    72     5    81 0.87 -
TRINITY_DN2428_c0_g1_i1:423-1043  -            207 2380at3041           -            270     1e-15   53.6   1.5   2   3   2.3e-07   3.5e-06   22.4   0.1    78   152    99   171    82   179 0.78 -
TRINITY_DN2428_c0_g1_i1:423-1043  -            207 2380at3041           -            270     1e-15   53.6   1.5   3   3      0.21       3.1    2.9   0.0   115   146   177   207   168   207 0.81 -
TRINITY_DN2119_c0_g1_i4:2-376     -            125 2380at3041           -            270   2.3e-15   52.5   0.1   1   1   4.8e-16   7.2e-15   50.9   0.1   133   235     4   104     1   113 0.92 -
TRINITY_DN439_c1_g2_i3:35-400     -            122 2380at3041           -            270   3.2e-15   52.0   0.0   1   1   2.4e-16   3.7e-15   51.8   0.0   124   231     4   109     1   117 0.87 -
TRINITY_DN439_c2_g1_i1:1-375      -            125 2380at3041           -            270   5.3e-15   51.3   0.0   1   1     4e-16     6e-15   51.1   0.0    99   219     1   121     1   125 0.90 -
TRINITY_DN28570_c0_g1_i1:13-267   -             85 2380at3041           -            270   8.4e-15   50.6   0.0   1   1   5.8e-16   8.6e-15   50.6   0.0   108   187     8    85     1    85 0.92 -
TRINITY_DN2197_c0_g1_i2:319-1113  -            265 2380at3041           -            270   1.3e-14   50.1   0.9   1   3     0.006      0.09    7.9   0.0   197   235    49    87     4    94 0.60 -
TRINITY_DN2197_c0_g1_i2:319-1113  -            265 2380at3041           -            270   1.3e-14   50.1   0.9   2   3   1.1e-11   1.6e-10   36.6   0.6   122   234   114   232   109   238 0.83 -
TRINITY_DN2197_c0_g1_i2:319-1113  -            265 2380at3041           -            270   1.3e-14   50.1   0.9   3   3       1.1        17    0.4   0.0   120   138   246   264   235   265 0.84 -
TRINITY_DN2197_c0_g1_i4:174-1247  -            358 2380at3041           -            270   5.3e-14   48.0   0.9   1   2     0.011      0.17    7.0   0.0   197   235   142   180    96   184 0.61 -
TRINITY_DN2197_c0_g1_i4:174-1247  -            358 2380at3041           -            270   5.3e-14   48.0   0.9   2   2   2.5e-11   3.7e-10   35.4   1.7   122   235   207   326   202   357 0.75 -
TRINITY_DN8670_c0_g1_i1:1-315     -            105 2380at3041           -            270   1.2e-13   46.8   0.0   1   1   8.4e-15   1.3e-13   46.8   0.0   130   213    17   100     1   105 0.84 -
TRINITY_DN2119_c0_g1_i2:9-284     -             92 2380at3041           -            270   1.2e-13   46.8   0.1   1   1   8.1e-15   1.2e-13   46.8   0.1   175   235    17    76     1    92 0.82 -
TRINITY_DN15899_c0_g1_i1:52-534   -            161 2380at3041           -            270   4.4e-13   45.0   1.0   1   1   3.9e-12   5.8e-11   38.0   1.0    89   185    66   160     1   161 0.69 -
TRINITY_DN33500_c0_g1_i1:245-919  -            225 2380at3041           -            270   9.4e-13   43.9   1.0   1   3   1.7e-09   2.5e-08   29.4   0.1   175   240     1    69     1    74 0.85 -
TRINITY_DN33500_c0_g1_i1:245-919  -            225 2380at3041           -            270   9.4e-13   43.9   1.0   2   3       0.1       1.5    3.9   0.0   201   234    79   113    69   133 0.66 -
TRINITY_DN33500_c0_g1_i1:245-919  -            225 2380at3041           -            270   9.4e-13   43.9   1.0   3   3    0.0072      0.11    7.7   0.0   176   233   159   221   153   224 0.56 -
TRINITY_DN11243_c0_g1_i1:73-612   -            180 2380at3041           -            270   2.3e-12   42.6   0.0   1   2   3.3e-08   4.9e-07   25.2   0.0   131   191     2    65     1    73 0.84 -
TRINITY_DN11243_c0_g1_i1:73-612   -            180 2380at3041           -            270   2.3e-12   42.6   0.0   2   2   2.7e-05    0.0004   15.6   0.0   155   199    95   142    87   149 0.78 -
TRINITY_DN3455_c0_g1_i1:300-695   -            132 2380at3041           -            270   2.7e-12   42.4   0.0   1   1   2.4e-13   3.5e-12   42.0   0.0   123   234    10   118     1   131 0.82 -
TRINITY_DN21476_c0_g1_i1:270-1004 -            245 2380at3041           -            270     3e-12   42.3   0.1   1   1   8.1e-13   1.2e-11   40.3   0.1    12   149    54   202    46   206 0.76 -
TRINITY_DN4766_c0_g1_i1:1-513     -            171 2380at3041           -            270   3.2e-12   42.2   1.6   1   2    0.0043     0.064    8.4   0.0   155   190     9    43     5    50 0.79 -
TRINITY_DN4766_c0_g1_i1:1-513     -            171 2380at3041           -            270   3.2e-12   42.2   1.6   2   2   1.2e-10   1.9e-09   33.1   0.5   107   217    53   166    46   170 0.83 -
TRINITY_DN21144_c0_g1_i1:29-733   -            235 2380at3041           -            270   1.1e-11   40.4   0.7   1   2   1.4e-09   2.2e-08   29.6   0.1    93   245     3   154     1   182 0.71 -
TRINITY_DN21144_c0_g1_i1:29-733   -            235 2380at3041           -            270   1.1e-11   40.4   0.7   2   2    0.0022     0.033    9.3   0.1   154   189   199   233   168   235 0.53 -
TRINITY_DN26406_c0_g1_i1:194-937  -            248 2380at3041           -            270   3.5e-11   38.8   0.2   1   2   2.3e-08   3.5e-07   25.7   0.1    94   211    21   139    19   197 0.49 -
TRINITY_DN26406_c0_g1_i1:194-937  -            248 2380at3041           -            270   3.5e-11   38.8   0.2   2   2    0.0013      0.02   10.1   0.0    89   144   183   239   176   247 0.83 -
TRINITY_DN3368_c0_g1_i1:215-571   -            119 2380at3041           -            270   4.5e-11   38.4   0.0   1   1   3.3e-12   4.9e-11   38.3   0.0    91   187    18   115     1   119 0.74 -
TRINITY_DN36106_c0_g1_i1:0-233    -             78 2380at3041           -            270   4.7e-11   38.3   0.5   1   1   3.7e-12   5.5e-11   38.1   0.5    95   168     1    75     1    77 0.87 -
TRINITY_DN1620_c0_g1_i3:300-704   -            135 2380at3041           -            270   5.5e-11   38.1   0.2   1   1   4.7e-12   7.1e-11   37.8   0.2    86   188    15   122     1   129 0.69 -
TRINITY_DN11474_c0_g1_i1:2-277    -             92 2380at3041           -            270   8.2e-11   37.6   0.9   1   2      0.13         2    3.5   0.0   175   191     3    19     1    32 0.76 -
TRINITY_DN11474_c0_g1_i1:2-277    -             92 2380at3041           -            270   8.2e-11   37.6   0.9   2   2   1.2e-10   1.7e-09   33.2   0.4   114   167    33    86    20    89 0.93 -
TRINITY_DN20751_c0_g1_i1:192-581  -            130 2380at3041           -            270   9.3e-11   37.4   1.0   1   2   1.7e-05   0.00026   16.3   0.1   128   176    13    61     2    71 0.63 -
TRINITY_DN20751_c0_g1_i1:192-581  -            130 2380at3041           -            270   9.3e-11   37.4   1.0   2   2     9e-07   1.3e-05   20.5   0.1   105   149    85   128    68   130 0.89 -
TRINITY_DN14565_c0_g1_i1:52-399   -            116 2380at3041           -            270   7.9e-10   34.3   0.0   1   1   6.1e-11   9.1e-10   34.1   0.0   176   270    19   116     2   116 0.61 -
TRINITY_DN33580_c0_g1_i1:53-412   -            120 2380at3041           -            270   1.9e-09   33.1   0.0   1   2   0.00056    0.0084   11.3   0.0   174   209     9    44     3    50 0.88 -
TRINITY_DN33580_c0_g1_i1:53-412   -            120 2380at3041           -            270   1.9e-09   33.1   0.0   2   2   1.2e-06   1.8e-05   20.1   0.0   173   231    62   119    59   120 0.94 -
TRINITY_DN25820_c0_g1_i1:23-409   -            129 2380at3041           -            270   2.1e-09   32.9   0.0   1   1   1.7e-10   2.5e-09   32.7   0.0   171   265    21   118    18   123 0.83 -
TRINITY_DN2119_c0_g1_i3:105-275   -             57 2380at3041           -            270   2.7e-09   32.6   0.0   1   1   1.9e-10   2.9e-09   32.5   0.0   175   231     1    56     1    57 0.93 -
TRINITY_DN15618_c0_g1_i1:30-242   -             71 2380at3041           -            270   3.6e-09   32.2   0.0   1   1   2.7e-10     4e-09   32.0   0.0   163   231     5    71     2    71 0.73 -
TRINITY_DN439_c1_g1_i1:14-277     -             88 2380at3041           -            270   4.3e-09   31.9   0.0   1   1     3e-10   4.5e-09   31.9   0.0   119   193     8    80     1    88 0.48 -
TRINITY_DN2417_c0_g1_i1:10-348    -            113 2380at3041           -            270   4.4e-09   31.9   0.1   1   1   3.1e-10   4.6e-09   31.8   0.1   110   193    13    94     2   113 0.63 -
TRINITY_DN29402_c0_g1_i1:195-716  -            174 2380at3041           -            270     5e-09   31.7   0.5   1   2   0.00043    0.0065   11.7   0.0    91   146    11    72     5    80 0.81 -
TRINITY_DN29402_c0_g1_i1:195-716  -            174 2380at3041           -            270     5e-09   31.7   0.5   2   2   5.9e-06   8.8e-05   17.8   0.1   114   189    95   174    85   174 0.80 -
TRINITY_DN2197_c0_g1_i3:283-933   -            217 2380at3041           -            270   7.3e-09   31.2   0.2   1   2    0.0048     0.072    8.2   0.0   197   235    61    99    16   103 0.60 -
TRINITY_DN2197_c0_g1_i3:283-933   -            217 2380at3041           -            270   7.3e-09   31.2   0.2   2   2   2.6e-06   3.8e-05   19.0   0.4   122   201   126   211   120   214 0.76 -
TRINITY_DN17201_c0_g1_i1:33-263   -             77 2380at3041           -            270   1.1e-08   30.5   0.0   1   1   8.2e-10   1.2e-08   30.4   0.0   155   230     1    76     1    77 0.90 -
TRINITY_DN13243_c0_g1_i1:4-219    -             72 2380at3041           -            270   1.1e-08   30.5   0.0   1   1   9.6e-10   1.4e-08   30.2   0.0   175   234     3    61     1    72 0.48 -
TRINITY_DN2119_c0_g1_i5:188-361   -             58 2380at3041           -            270   1.5e-08   30.1   0.0   1   1   1.2e-09   1.8e-08   29.9   0.0   175   230     4    58     2    58 0.93 -
TRINITY_DN2119_c0_g1_i6:141-314   -             58 2380at3041           -            270   1.5e-08   30.1   0.0   1   1   1.2e-09   1.8e-08   29.9   0.0   175   230     4    58     2    58 0.93 -
TRINITY_DN2119_c0_g1_i8:111-284   -             58 2380at3041           -            270   1.5e-08   30.1   0.0   1   1   1.2e-09   1.8e-08   29.9   0.0   175   230     4    58     2    58 0.93 -
TRINITY_DN26491_c0_g1_i1:1-672    -            224 2380at3041           -            270   2.3e-08   29.5   0.1   1   1   4.2e-09   6.3e-08   28.1   0.1    40   190    15   172     3   224 0.46 -
TRINITY_DN6301_c0_g1_i1:37-510    -            158 2380at3041           -            270   3.5e-08   28.9   0.0   1   2      0.67        10    1.2   0.0   176   188    17    29     1    39 0.68 -
TRINITY_DN6301_c0_g1_i1:37-510    -            158 2380at3041           -            270   3.5e-08   28.9   0.0   2   2   3.6e-08   5.4e-07   25.0   0.0   170   235    74   144    69   153 0.83 -
TRINITY_DN3353_c0_g1_i1:428-724   -             99 2380at3041           -            270   4.8e-08   28.5   0.0   1   1     4e-09   5.9e-08   28.2   0.0    55   145     2    99     1    99 0.67 -
TRINITY_DN17413_c0_g1_i1:8-547    -            180 2380at3041           -            270     8e-08   27.8   0.0   1   2    0.0011     0.017   10.3   0.0   112   176    19    83     2   101 0.63 -
TRINITY_DN17413_c0_g1_i1:8-547    -            180 2380at3041           -            270     8e-08   27.8   0.0   2   2   2.6e-05   0.00039   15.7   0.0   170   231   118   180   104   180 0.85 -
TRINITY_DN33712_c0_g1_i1:142-600  -            153 2380at3041           -            270   2.6e-07   26.1   0.2   1   1   5.1e-08   7.6e-07   24.6   0.2   109   194    34   127     9   143 0.76 -
TRINITY_DN26909_c0_g1_i1:5-271    -             89 2380at3041           -            270   6.1e-07   24.9   0.0   1   1   4.5e-08   6.7e-07   24.7   0.0   115   201     5    89     2    89 0.81 -
TRINITY_DN2072_c0_g2_i1:20-340    -            107 2380at3041           -            270   6.2e-07   24.8   0.0   1   1     5e-08   7.4e-07   24.6   0.0    95   188    14   106     4   107 0.61 -
TRINITY_DN8670_c0_g2_i1:14-298    -             95 2380at3041           -            270   1.1e-06   24.0   0.0   1   2   2.1e-07   3.2e-06   22.5   0.0   136   190     1    55     1    76 0.76 -
TRINITY_DN8670_c0_g2_i1:14-298    -             95 2380at3041           -            270   1.1e-06   24.0   0.0   2   2       1.8        27   -0.2   0.0   167   188    73    94    57    95 0.62 -
TRINITY_DN4274_c0_g1_i1:417-1199  -            261 2380at3041           -            270   1.8e-06   23.3   0.3   1   2   0.00023    0.0034   12.6   0.0   162   216     5    57     1    78 0.76 -
TRINITY_DN4274_c0_g1_i1:417-1199  -            261 2380at3041           -            270   1.8e-06   23.3   0.3   2   2    0.0045     0.067    8.3   0.1   139   224   118   201    99   212 0.60 -
TRINITY_DN25984_c0_g1_i1:58-624   -            189 2380at3041           -            270   2.2e-06   23.0   0.5   1   1   3.9e-07   5.8e-06   21.7   0.5   132   267     6   141     1   145 0.85 -
TRINITY_DN439_c2_g1_i2:81-266     -             62 2380at3041           -            270   3.4e-06   22.4   0.0   1   1   2.5e-07   3.7e-06   22.3   0.0   140   201     1    61     1    62 0.60 -
TRINITY_DN2364_c0_g1_i3:259-867   -            203 2380at3041           -            270   3.5e-06   22.4   0.0   1   1   1.8e-06   2.7e-05   19.5   0.1   174   233    10    69     6   110 0.77 -
TRINITY_DN9881_c0_g1_i1:1-183     -             61 2380at3041           -            270   9.2e-06   21.0   0.3   1   1   6.7e-07     1e-05   20.9   0.3   119   168     3    52     1    58 0.95 -
TRINITY_DN18918_c0_g1_i1:56-268   -             71 2380at3041           -            270     1e-05   20.8   0.1   1   1     7e-07     1e-05   20.8   0.1   174   227    19    71     1    71 0.64 -
TRINITY_DN22839_c0_g1_i1:137-466  -            110 2380at3041           -            270   1.5e-05   20.3   0.5   1   1   1.3e-06   1.9e-05   20.0   0.5   133   234     2   105     1   109 0.80 -
TRINITY_DN5073_c0_g1_i2:1-684     -            228 2380at3041           -            270   1.8e-05   20.0   2.4   1   1   2.2e-05   0.00033   15.9   2.1   127   234    32   142    24   228 0.82 -
TRINITY_DN2364_c0_g1_i4:259-825   -            189 2380at3041           -            270   2.3e-05   19.7   0.0   1   1   1.6e-05   0.00024   16.3   0.0   184   233     7    55     1    96 0.60 -
TRINITY_DN4274_c0_g1_i2:810-1313  -            168 2380at3041           -            270   4.8e-05   18.6   0.1   1   2   1.1e-05   0.00016   16.9   0.0   130   217    11    96     3   119 0.77 -
TRINITY_DN4274_c0_g1_i2:810-1313  -            168 2380at3041           -            270   4.8e-05   18.6   0.1   2   2       2.6        38   -0.7   0.0   207   232   139   163   127   167 0.55 -
TRINITY_DN27943_c0_g1_i1:59-238   -             60 2380at3041           -            270   0.00022   16.5   0.1   1   1   1.7e-05   0.00026   16.3   0.1   158   212     2    58     1    59 0.83 -
TRINITY_DN2188_c0_g1_i1:3-344     -            114 2380at3041           -            270    0.0011   14.2   0.0   1   1     9e-05    0.0013   13.9   0.0   136   231    15   114     3   114 0.80 -
#
# Program:         hmmsearch
# Version:         3.2.1 (June 2018)
# Pipeline mode:   SEARCH
# Query file:      /sw/bioinfo/BUSCO/v5_lineage_sets/lineages/chlorophyta_odb10/hmms/2380at3041.hmm
# Target file:     /crex/proj/snic2022-23-81/expression_algae/code/busco/trinity_VA-3180-Osg03Sin/run_chlorophyta_odb10/metaeuk_output/rerun_results/trinity_VA-3180-Osg03Sin.Trinity.fasta.modified.fas
# Option settings: hmmsearch --domtblout /crex/proj/snic2022-23-81/expression_algae/code/busco/trinity_VA-3180-Osg03Sin/run_chlorophyta_odb10/hmmer_output/rerun_results/2380at3041.out --cpu 1 /sw/bioinfo/BUSCO/v5_lineage_sets/lineages/chlorophyta_odb10/hmms/2380at3041.hmm /crex/proj/snic2022-23-81/expression_algae/code/busco/trinity_VA-3180-Osg03Sin/run_chlorophyta_odb10/metaeuk_output/rerun_results/trinity_VA-3180-Osg03Sin.Trinity.fasta.modified.fas 
# Current dir:     /crex/proj/snic2022-23-81/expression_algae/code/busco
# Date:            Fri Sep 23 10:12:12 2022
# [ok]
