#                                                                                        --- full sequence --- -------------- this domain -------------   hmm coord   ali coord   env coord
# target name                    accession   tlen query name           accession   qlen   E-value  score  bias   #  of  c-Evalue  i-Evalue  score  bias  from    to  from    to  from    to  acc description of target
#            ------------------- ---------- ----- -------------------- ---------- ----- --------- ------ ----- --- --- --------- --------- ------ ----- ----- ----- ----- ----- ----- ----- ---- ---------------------
TRINITY_DN8426_c0_g1_i1:0-695    -            232 4160at3041           -            370   2.4e-77  256.6   1.6   1   1   2.8e-79   5.1e-77  255.5   1.6     2   188    12   232    11   232 0.89 -
TRINITY_DN1845_c0_g1_i3:96-1055  -            320 4160at3041           -            370   5.1e-18   61.4  17.6   1   4   7.7e-09   1.4e-06   23.7   0.9    41   125    35   131    27   141 0.75 -
TRINITY_DN1845_c0_g1_i3:96-1055  -            320 4160at3041           -            370   5.1e-18   61.4  17.6   2   4   5.1e-11   9.3e-09   30.9   0.2    25   138    81   209    68   217 0.68 -
TRINITY_DN1845_c0_g1_i3:96-1055  -            320 4160at3041           -            370   5.1e-18   61.4  17.6   3   4   6.9e-10   1.3e-07   27.2   0.7    21   139   138   275   128   290 0.65 -
TRINITY_DN1845_c0_g1_i3:96-1055  -            320 4160at3041           -            370   5.1e-18   61.4  17.6   4   4     4e-05    0.0072   11.5   0.2    85   122   282   319   264   320 0.79 -
TRINITY_DN5245_c0_g3_i1:74-481   -            136 4160at3041           -            370   1.3e-17   60.1   3.8   1   2   5.1e-12   9.2e-10   34.2   0.4    40   103     1    74     1    81 0.78 -
TRINITY_DN5245_c0_g3_i1:74-481   -            136 4160at3041           -            370   1.3e-17   60.1   3.8   2   2   6.8e-11   1.2e-08   30.5   1.1    40   111    60   136    47   136 0.82 -
TRINITY_DN1845_c0_g1_i1:223-1149 -            309 4160at3041           -            370   2.5e-17   59.1  15.4   1   4    0.0015      0.27    6.3   0.5    89   124     1    36     1    52 0.89 -
TRINITY_DN1845_c0_g1_i1:223-1149 -            309 4160at3041           -            370   2.5e-17   59.1  15.4   2   4   4.4e-06    0.0008   14.7   0.2    36    75    57    97    41   108 0.76 -
TRINITY_DN1845_c0_g1_i1:223-1149 -            309 4160at3041           -            370   2.5e-17   59.1  15.4   3   4     7e-09   1.3e-06   23.9   0.9    41   125   124   220   115   231 0.75 -
TRINITY_DN1845_c0_g1_i1:223-1149 -            309 4160at3041           -            370   2.5e-17   59.1  15.4   4   4   1.9e-08   3.4e-06   22.5   0.2    25    85   231   294   217   298 0.66 -
TRINITY_DN3136_c0_g1_i1:350-805  -            152 4160at3041           -            370   1.9e-06   23.3   2.0   1   2   4.5e-07   8.2e-05   17.9   0.2    41   150     2   111     1   112 0.80 -
TRINITY_DN3136_c0_g1_i1:350-805  -            152 4160at3041           -            370   1.9e-06   23.3   2.0   2   2   1.9e-05    0.0035   12.6   0.7    39   101    88   151    81   152 0.76 -
TRINITY_DN3136_c0_g1_i2:416-871  -            152 4160at3041           -            370   1.9e-06   23.3   2.0   1   2   4.5e-07   8.2e-05   17.9   0.2    41   150     2   111     1   112 0.80 -
TRINITY_DN3136_c0_g1_i2:416-871  -            152 4160at3041           -            370   1.9e-06   23.3   2.0   2   2   1.9e-05    0.0035   12.6   0.7    39   101    88   151    81   152 0.76 -
#
# Program:         hmmsearch
# Version:         3.2.1 (June 2018)
# Pipeline mode:   SEARCH
# Query file:      /sw/bioinfo/BUSCO/v5_lineage_sets/lineages/chlorophyta_odb10/hmms/4160at3041.hmm
# Target file:     /crex/proj/snic2022-23-81/expression_algae/code/busco/trinity_VA-3180-Osg03Sin/run_chlorophyta_odb10/metaeuk_output/rerun_results/trinity_VA-3180-Osg03Sin.Trinity.fasta.modified.fas
# Option settings: hmmsearch --domtblout /crex/proj/snic2022-23-81/expression_algae/code/busco/trinity_VA-3180-Osg03Sin/run_chlorophyta_odb10/hmmer_output/rerun_results/4160at3041.out --cpu 1 /sw/bioinfo/BUSCO/v5_lineage_sets/lineages/chlorophyta_odb10/hmms/4160at3041.hmm /crex/proj/snic2022-23-81/expression_algae/code/busco/trinity_VA-3180-Osg03Sin/run_chlorophyta_odb10/metaeuk_output/rerun_results/trinity_VA-3180-Osg03Sin.Trinity.fasta.modified.fas 
# Current dir:     /crex/proj/snic2022-23-81/expression_algae/code/busco
# Date:            Fri Sep 23 10:12:12 2022
# [ok]
