#                                                                                       --- full sequence --- -------------- this domain -------------   hmm coord   ali coord   env coord
# target name                   accession   tlen query name           accession   qlen   E-value  score  bias   #  of  c-Evalue  i-Evalue  score  bias  from    to  from    to  from    to  acc description of target
#           ------------------- ---------- ----- -------------------- ---------- ----- --------- ------ ----- --- --- --------- --------- ------ ----- ----- ----- ----- ----- ----- ----- ---- ---------------------
TRINITY_DN572_c0_g1_i3:259-531  -             91 5657at3041           -            174   4.7e-07   25.9   0.0   1   1   3.1e-09   5.7e-07   25.6   0.0    87   133    30    80    23    86 0.84 -
TRINITY_DN572_c0_g1_i2:379-651  -             91 5657at3041           -            174   2.7e-06   23.4   0.1   1   1   1.8e-08   3.3e-06   23.1   0.1    88   131    30    77    23    87 0.80 -
TRINITY_DN572_c0_g1_i5:379-651  -             91 5657at3041           -            174     3e-06   23.2   0.1   1   1     2e-08   3.7e-06   22.9   0.1    89   131    31    77    24    87 0.80 -
TRINITY_DN572_c0_g1_i6:432-776  -            115 5657at3041           -            174   0.00034   16.5   0.1   1   2    0.0024      0.43    6.4   0.0    18    40    16    38     7    52 0.83 -
TRINITY_DN572_c0_g1_i6:432-776  -            115 5657at3041           -            174   0.00034   16.5   0.1   2   2   0.00056       0.1    8.5   0.0    87   118    81   115    74   115 0.78 -
TRINITY_DN33463_c0_g1_i1:75-356 -             94 5657at3041           -            174   0.00057   15.8   0.0   1   1   3.5e-06   0.00064   15.6   0.0    87   139    32    87    21    92 0.79 -
TRINITY_DN11533_c0_g1_i1:7-432  -            142 5657at3041           -            174     0.002   14.0   0.0   1   1   1.4e-05    0.0026   13.7   0.0    86   133    87   138    77   142 0.83 -
#
# Program:         hmmsearch
# Version:         3.2.1 (June 2018)
# Pipeline mode:   SEARCH
# Query file:      /sw/bioinfo/BUSCO/v5_lineage_sets/lineages/chlorophyta_odb10/hmms/5657at3041.hmm
# Target file:     /crex/proj/snic2022-23-81/expression_algae/code/busco/trinity_VA-3180-Osg03Sin/run_chlorophyta_odb10/metaeuk_output/rerun_results/trinity_VA-3180-Osg03Sin.Trinity.fasta.modified.fas
# Option settings: hmmsearch --domtblout /crex/proj/snic2022-23-81/expression_algae/code/busco/trinity_VA-3180-Osg03Sin/run_chlorophyta_odb10/hmmer_output/rerun_results/5657at3041.out --cpu 1 /sw/bioinfo/BUSCO/v5_lineage_sets/lineages/chlorophyta_odb10/hmms/5657at3041.hmm /crex/proj/snic2022-23-81/expression_algae/code/busco/trinity_VA-3180-Osg03Sin/run_chlorophyta_odb10/metaeuk_output/rerun_results/trinity_VA-3180-Osg03Sin.Trinity.fasta.modified.fas 
# Current dir:     /crex/proj/snic2022-23-81/expression_algae/code/busco
# Date:            Fri Sep 23 10:12:10 2022
# [ok]
