#                                                                                        --- full sequence --- -------------- this domain -------------   hmm coord   ali coord   env coord
# target name                    accession   tlen query name           accession   qlen   E-value  score  bias   #  of  c-Evalue  i-Evalue  score  bias  from    to  from    to  from    to  acc description of target
#            ------------------- ---------- ----- -------------------- ---------- ----- --------- ------ ----- --- --- --------- --------- ------ ----- ----- ----- ----- ----- ----- ----- ---- ---------------------
TRINITY_DN16535_c0_g1_i1:0-281   -             94 7539at3041           -            123   2.2e-51  169.3   0.3   1   1   1.3e-52   2.4e-51  169.1   0.3     1    91     4    94     4    94 0.99 -
TRINITY_DN319_c0_g1_i1:548-1327  -            260 7539at3041           -            123   9.5e-35  115.5   2.8   1   3   9.2e-11   1.8e-09   33.9   0.1    29    89     4    63     1    76 0.89 -
TRINITY_DN319_c0_g1_i1:548-1327  -            260 7539at3041           -            123   9.5e-35  115.5   2.8   2   3   5.9e-13   1.2e-11   41.0   0.1    11    96    75   159    69   179 0.85 -
TRINITY_DN319_c0_g1_i1:548-1327  -            260 7539at3041           -            123   9.5e-35  115.5   2.8   3   3   8.7e-13   1.7e-11   40.4   0.0    15    93   182   259   170   260 0.92 -
TRINITY_DN163_c0_g2_i1:80-712    -            211 7539at3041           -            123   7.5e-28   93.2   2.0   1   2   5.7e-17   1.1e-15   53.9   0.4     7    97    18   107    12   123 0.88 -
TRINITY_DN163_c0_g2_i1:80-712    -            211 7539at3041           -            123   7.5e-28   93.2   2.0   2   2   1.6e-12     3e-11   39.6   0.1     6    89   116   203   108   210 0.80 -
TRINITY_DN163_c0_g2_i3:80-712    -            211 7539at3041           -            123   7.5e-28   93.2   2.0   1   2   5.7e-17   1.1e-15   53.9   0.4     7    97    18   107    12   123 0.88 -
TRINITY_DN163_c0_g2_i3:80-712    -            211 7539at3041           -            123   7.5e-28   93.2   2.0   2   2   1.6e-12     3e-11   39.6   0.1     6    89   116   203   108   210 0.80 -
TRINITY_DN319_c0_g1_i1:401-1012  -            204 7539at3041           -            123   1.5e-24   82.6   2.1   1   2   8.2e-14   1.6e-12   43.7   0.2    16    89    40   112    32   124 0.91 -
TRINITY_DN319_c0_g1_i1:401-1012  -            204 7539at3041           -            123   1.5e-24   82.6   2.1   2   2   2.9e-12   5.6e-11   38.7   0.1    11    88   124   200   118   204 0.87 -
TRINITY_DN1546_c0_g1_i4:289-915  -            209 7539at3041           -            123   6.8e-24   80.4   0.0   1   2     3e-13   5.9e-12   41.9   0.0    16    73    21    78     9    85 0.91 -
TRINITY_DN1546_c0_g1_i4:289-915  -            209 7539at3041           -            123   6.8e-24   80.4   0.0   2   2   1.2e-11   2.4e-10   36.7   0.0    12    73   103   164    93   198 0.86 -
TRINITY_DN10137_c0_g1_i1:175-453 -             93 7539at3041           -            123     2e-22   75.7   0.3   1   1   1.1e-23   2.1e-22   75.6   0.3     8    94     6    92     1    93 0.94 -
TRINITY_DN1289_c0_g1_i1:83-343   -             87 7539at3041           -            123   7.8e-20   67.3   0.0   1   1   4.5e-21   8.7e-20   67.2   0.0    18    97     1    80     1    86 0.95 -
TRINITY_DN202_c0_g1_i2:510-755   -             82 7539at3041           -            123     1e-19   67.0   0.0   1   1   5.4e-21   1.1e-19   66.9   0.0    19    96     4    81     1    82 0.96 -
TRINITY_DN376_c0_g1_i2:213-476   -             88 7539at3041           -            123   7.5e-18   60.9   0.0   1   1   4.1e-19     8e-18   60.9   0.0     7    93     3    88     1    88 0.92 -
TRINITY_DN15230_c0_g1_i1:227-574 -            116 7539at3041           -            123   5.9e-17   58.1   0.1   1   2     1e-14     2e-13   46.6   0.1    13    74     2    63     1    76 0.92 -
TRINITY_DN15230_c0_g1_i1:227-574 -            116 7539at3041           -            123   5.9e-17   58.1   0.1   2   2    0.0027     0.052    9.8   0.0     7    31    90   114    87   116 0.89 -
TRINITY_DN331_c0_g1_i1:654-872   -             73 7539at3041           -            123   1.7e-16   56.6   0.0   1   1   9.1e-18   1.8e-16   56.5   0.0    17    88     1    72     1    73 0.95 -
TRINITY_DN163_c0_g2_i1:380-640   -             87 7539at3041           -            123   1.1e-15   53.9   0.0   1   1   6.7e-17   1.3e-15   53.7   0.0    14    95     1    81     1    86 0.94 -
TRINITY_DN163_c0_g2_i3:380-640   -             87 7539at3041           -            123   1.1e-15   53.9   0.0   1   1   6.7e-17   1.3e-15   53.7   0.0    14    95     1    81     1    86 0.94 -
TRINITY_DN376_c0_g1_i1:210-434   -             75 7539at3041           -            123   1.6e-15   53.4   0.0   1   1   8.7e-17   1.7e-15   53.3   0.0    19    94     1    75     1    75 0.92 -
TRINITY_DN21167_c0_g1_i1:5-199   -             65 7539at3041           -            123   2.5e-15   52.8   0.0   1   1   1.4e-16   2.7e-15   52.7   0.0    18    80     2    64     1    65 0.96 -
TRINITY_DN4382_c0_g1_i1:23-286   -             88 7539at3041           -            123   4.1e-15   52.1   0.0   1   1   2.3e-16   4.5e-15   52.0   0.0    10    79     4    73     1    79 0.91 -
TRINITY_DN10053_c0_g1_i1:20-205  -             62 7539at3041           -            123   6.4e-15   51.5   0.0   1   1   3.4e-16   6.6e-15   51.4   0.0    31    89     1    59     1    62 0.95 -
TRINITY_DN1334_c0_g1_i2:207-461  -             85 7539at3041           -            123   7.9e-15   51.2   0.0   1   1   4.2e-16   8.1e-15   51.1   0.0    11    89     5    83     1    85 0.94 -
TRINITY_DN26249_c0_g1_i1:124-360 -             79 7539at3041           -            123   9.4e-15   50.9   0.0   1   1     5e-16   9.7e-15   50.9   0.0    19    92     6    79     1    79 0.93 -
TRINITY_DN15230_c0_g1_i2:37-249  -             71 7539at3041           -            123   4.7e-14   48.7   0.1   1   1   2.7e-15   5.3e-14   48.5   0.1    13    74     2    63     1    69 0.93 -
TRINITY_DN19253_c0_g1_i1:112-327 -             72 7539at3041           -            123   1.4e-13   47.1   0.0   1   1   7.7e-15   1.5e-13   47.0   0.0    18    88     2    72     1    72 0.93 -
TRINITY_DN2781_c0_g1_i1:10-240   -             77 7539at3041           -            123     2e-13   46.7   0.0   1   1   1.1e-14   2.2e-13   46.5   0.0    17    86     2    70     1    75 0.89 -
TRINITY_DN2781_c0_g1_i3:10-240   -             77 7539at3041           -            123     2e-13   46.7   0.0   1   1   1.1e-14   2.2e-13   46.5   0.0    17    86     2    70     1    75 0.89 -
TRINITY_DN28982_c0_g1_i1:226-420 -             65 7539at3041           -            123   5.5e-13   45.2   0.2   1   1   3.2e-14   6.3e-13   45.0   0.2    17    77     1    61     1    64 0.95 -
TRINITY_DN100_c0_g2_i1:1444-1656 -             71 7539at3041           -            123   2.5e-12   43.1   0.0   1   1   1.4e-13   2.7e-12   43.0   0.0    18    86     1    69     1    71 0.95 -
TRINITY_DN3212_c0_g1_i1:470-748  -             93 7539at3041           -            123     4e-12   42.4   0.0   1   1   2.5e-13   4.8e-12   42.2   0.0    16    94    10    88     3    92 0.84 -
TRINITY_DN7474_c0_g1_i1:249-476  -             76 7539at3041           -            123   4.4e-12   42.3   0.0   1   1   2.4e-13   4.6e-12   42.2   0.0     7    80     1    74     1    76 0.95 -
TRINITY_DN227_c0_g1_i1:2-241     -             80 7539at3041           -            123   7.9e-12   41.5   0.0   1   1   4.7e-13   9.1e-12   41.3   0.0    12    89     4    78     1    80 0.91 -
TRINITY_DN726_c0_g1_i2:291-482   -             64 7539at3041           -            123   1.7e-11   40.4   0.1   1   1   9.2e-13   1.8e-11   40.3   0.1    16    75     2    62     1    64 0.91 -
TRINITY_DN31424_c0_g1_i1:118-378 -             87 7539at3041           -            123     6e-11   38.6   0.0   1   1   3.5e-12   6.7e-11   38.5   0.0    12    88    13    87     4    87 0.91 -
TRINITY_DN1546_c0_g1_i1:50-337   -             96 7539at3041           -            123   8.4e-11   38.2   0.0   1   1   4.8e-12   9.3e-11   38.0   0.0    14    73     3    62     1    84 0.87 -
TRINITY_DN133_c0_g1_i2:462-665   -             68 7539at3041           -            123   1.4e-10   37.4   0.0   1   1     8e-12   1.6e-10   37.3   0.0    15    76     6    66     2    68 0.91 -
TRINITY_DN133_c0_g1_i4:462-950   -            163 7539at3041           -            123   8.7e-10   34.9   0.0   1   1   6.7e-11   1.3e-09   34.3   0.0    14    76   100   161    87   163 0.90 -
TRINITY_DN35015_c0_g1_i1:33-362  -            110 7539at3041           -            123   1.5e-09   34.2   0.0   1   2   7.2e-08   1.4e-06   24.5   0.0    17    49     1    33     1    42 0.89 -
TRINITY_DN35015_c0_g1_i1:33-362  -            110 7539at3041           -            123   1.5e-09   34.2   0.0   2   2      0.01       0.2    7.9   0.0    54    93    69   110    61   110 0.83 -
TRINITY_DN28564_c0_g1_i1:1-315   -            105 7539at3041           -            123   2.6e-09   33.4   0.0   1   1   1.8e-10   3.5e-09   33.0   0.0    14    89    28   103    22   104 0.94 -
TRINITY_DN14297_c0_g1_i1:62-280  -             73 7539at3041           -            123   3.1e-09   33.1   0.0   1   1   1.6e-10   3.1e-09   33.1   0.0    14    81     1    68     1    73 0.93 -
TRINITY_DN14297_c0_g1_i2:62-280  -             73 7539at3041           -            123   3.1e-09   33.1   0.0   1   1   1.6e-10   3.1e-09   33.1   0.0    14    81     1    68     1    73 0.93 -
TRINITY_DN6804_c0_g2_i1:554-763  -             70 7539at3041           -            123   3.1e-09   33.1   0.0   1   1   1.8e-10   3.5e-09   32.9   0.0    17    88     1    69     1    70 0.94 -
TRINITY_DN1339_c0_g2_i1:106-327  -             74 7539at3041           -            123   5.4e-09   32.3   0.0   1   1     3e-10   5.9e-09   32.2   0.0    17    90     1    74     1    74 0.93 -
TRINITY_DN6999_c0_g1_i3:85-222   -             46 7539at3041           -            123     1e-08   31.5   0.3   1   1   5.5e-10   1.1e-08   31.4   0.3    17    64     1    45     1    46 0.86 -
TRINITY_DN3660_c0_g1_i1:468-713  -             82 7539at3041           -            123   1.1e-08   31.4   0.0   1   1   5.9e-10   1.2e-08   31.3   0.0    16    81     6    68     2    81 0.90 -
TRINITY_DN3660_c0_g1_i1:204-434  -             77 7539at3041           -            123   1.1e-08   31.4   0.0   1   1   5.9e-10   1.1e-08   31.3   0.0    17    91     1    76     1    77 0.86 -
TRINITY_DN726_c0_g1_i2:36-272    -             79 7539at3041           -            123   1.1e-08   31.4   0.0   1   1   5.5e-10   1.1e-08   31.4   0.0    15    76     3    64     1    79 0.91 -
TRINITY_DN28213_c0_g1_i1:0-194   -             65 7539at3041           -            123   3.7e-08   29.6   0.0   1   1     2e-09   3.8e-08   29.6   0.0    34    84     3    53     1    61 0.90 -
TRINITY_DN34036_c0_g1_i1:622-864 -             81 7539at3041           -            123   3.9e-08   29.5   0.0   1   1   2.3e-09   4.4e-08   29.4   0.0    15    92     3    81     1    81 0.86 -
TRINITY_DN6227_c0_g1_i1:95-334   -             80 7539at3041           -            123   5.9e-08   29.0   0.0   1   1   3.5e-09   6.8e-08   28.8   0.0    17    92     1    79     1    80 0.83 -
TRINITY_DN12428_c0_g1_i1:5-205   -             67 7539at3041           -            123   1.3e-07   27.9   0.3   1   1   1.3e-08   2.6e-07   26.9   0.3    27    92     9    66     5    67 0.88 -
TRINITY_DN12428_c0_g1_i2:5-181   -             59 7539at3041           -            123   1.7e-07   27.5   0.3   1   1   1.6e-08   3.1e-07   26.6   0.3    30    92     4    58     1    59 0.86 -
TRINITY_DN834_c0_g1_i1:758-1003  -             82 7539at3041           -            123   4.3e-07   26.2   0.0   1   1   2.7e-08   5.3e-07   25.9   0.0    11    93     4    81     2    82 0.93 -
TRINITY_DN34030_c0_g1_i1:96-302  -             69 7539at3041           -            123   8.6e-07   25.2   0.0   1   1   4.7e-08   9.2e-07   25.1   0.0    17    86     1    67     1    69 0.92 -
TRINITY_DN1995_c0_g3_i1:174-452  -             93 7539at3041           -            123   5.2e-06   22.7   0.0   1   1   3.2e-07   6.1e-06   22.5   0.0    12    75     3    60     1    78 0.89 -
TRINITY_DN759_c0_g1_i1:102-278   -             59 7539at3041           -            123   1.2e-05   21.6   0.0   1   1   8.5e-07   1.7e-05   21.1   0.0    17    76     1    55     1    59 0.92 -
TRINITY_DN882_c0_g1_i1:42-284    -             81 7539at3041           -            123   1.5e-05   21.2   0.0   1   1   8.8e-07   1.7e-05   21.0   0.0    16    75    19    79    11    81 0.84 -
TRINITY_DN882_c0_g1_i2:42-284    -             81 7539at3041           -            123   1.5e-05   21.2   0.0   1   1   8.8e-07   1.7e-05   21.0   0.0    16    75    19    79    11    81 0.84 -
TRINITY_DN477_c0_g1_i1:107-397   -             97 7539at3041           -            123   1.6e-05   21.1   0.0   1   1   8.5e-07   1.7e-05   21.1   0.0    19    83     6    66     1    87 0.82 -
#
# Program:         hmmsearch
# Version:         3.2.1 (June 2018)
# Pipeline mode:   SEARCH
# Query file:      /sw/bioinfo/BUSCO/v5_lineage_sets/lineages/chlorophyta_odb10/hmms/7539at3041.hmm
# Target file:     /crex/proj/snic2022-23-81/expression_algae/code/busco/trinity_VA-3180-Osg03Sin/run_chlorophyta_odb10/metaeuk_output/rerun_results/trinity_VA-3180-Osg03Sin.Trinity.fasta.modified.fas
# Option settings: hmmsearch --domtblout /crex/proj/snic2022-23-81/expression_algae/code/busco/trinity_VA-3180-Osg03Sin/run_chlorophyta_odb10/hmmer_output/rerun_results/7539at3041.out --cpu 1 /sw/bioinfo/BUSCO/v5_lineage_sets/lineages/chlorophyta_odb10/hmms/7539at3041.hmm /crex/proj/snic2022-23-81/expression_algae/code/busco/trinity_VA-3180-Osg03Sin/run_chlorophyta_odb10/metaeuk_output/rerun_results/trinity_VA-3180-Osg03Sin.Trinity.fasta.modified.fas 
# Current dir:     /crex/proj/snic2022-23-81/expression_algae/code/busco
# Date:            Fri Sep 23 10:12:10 2022
# [ok]
