#                                                                                         --- full sequence --- -------------- this domain -------------   hmm coord   ali coord   env coord
# target name                     accession   tlen query name           accession   qlen   E-value  score  bias   #  of  c-Evalue  i-Evalue  score  bias  from    to  from    to  from    to  acc description of target
#             ------------------- ---------- ----- -------------------- ---------- ----- --------- ------ ----- --- --- --------- --------- ------ ----- ----- ----- ----- ----- ----- ----- ---- ---------------------
TRINITY_DN1400_c0_g1_i1:9-1439    -            477 3323at3041           -            234   2.2e-16   55.8   0.1   1   3   1.9e-07   7.7e-06   21.2   0.0   112   208    61   159    41   179 0.80 -
TRINITY_DN1400_c0_g1_i1:9-1439    -            477 3323at3041           -            234   2.2e-16   55.8   0.1   2   3     3e-05    0.0012   14.1   0.0    26    49   279   302   266   320 0.86 -
TRINITY_DN1400_c0_g1_i1:9-1439    -            477 3323at3041           -            234   2.2e-16   55.8   0.1   3   3     5e-06    0.0002   16.6   0.0   130   174   374   418   369   434 0.87 -
TRINITY_DN21390_c0_g1_i1:4-477    -            158 3323at3041           -            234   6.2e-09   31.4   0.1   1   1   3.2e-10   1.3e-08   30.3   0.1    24   163    14   158     9   158 0.80 -
TRINITY_DN1406_c0_g1_i1:14-682    -            223 3323at3041           -            234   4.8e-08   28.5   0.1   1   2     0.089       3.6    2.7   0.0    21    44    25    48     6    53 0.76 -
TRINITY_DN1406_c0_g1_i1:14-682    -            223 3323at3041           -            234   4.8e-08   28.5   0.1   2   2   3.3e-08   1.4e-06   23.7   0.1   131   190   139   197   130   219 0.79 -
TRINITY_DN1406_c0_g1_i9:14-682    -            223 3323at3041           -            234   4.8e-08   28.5   0.1   1   2     0.089       3.6    2.7   0.0    21    44    25    48     6    53 0.76 -
TRINITY_DN1406_c0_g1_i9:14-682    -            223 3323at3041           -            234   4.8e-08   28.5   0.1   2   2   3.3e-08   1.4e-06   23.7   0.1   131   190   139   197   130   219 0.79 -
TRINITY_DN721_c0_g1_i1:292-960    -            223 3323at3041           -            234   1.3e-07   27.0   0.1   1   1     8e-09   3.2e-07   25.7   0.1    26   169    13   170     7   190 0.73 -
TRINITY_DN1406_c0_g1_i4:1485-1931 -            149 3323at3041           -            234   1.7e-07   26.7   0.1   1   1   5.3e-09   2.1e-07   26.3   0.1   128   188    59   118    46   142 0.80 -
TRINITY_DN3224_c0_g1_i2:641-1333  -            231 3323at3041           -            234     8e-07   24.5   0.2   1   2   0.00057     0.023    9.9   0.0    24    49    13    38     5    52 0.85 -
TRINITY_DN3224_c0_g1_i2:641-1333  -            231 3323at3041           -            234     8e-07   24.5   0.2   2   2   8.1e-05    0.0033   12.6   0.1   127   195   139   204   109   223 0.67 -
TRINITY_DN3224_c0_g1_i1:457-1140  -            228 3323at3041           -            234     2e-06   23.2   0.1   1   2   0.00056     0.023    9.9   0.0    24    49    13    38     5    52 0.85 -
TRINITY_DN3224_c0_g1_i1:457-1140  -            228 3323at3041           -            234     2e-06   23.2   0.1   2   2   0.00021    0.0083   11.3   0.0   127   173   139   186   109   219 0.79 -
TRINITY_DN9545_c0_g1_i2:160-696   -            179 3323at3041           -            234   2.6e-06   22.8   0.7   1   2   0.00017     0.007   11.6   0.1    30    48     2    20     1    26 0.91 -
TRINITY_DN9545_c0_g1_i2:160-696   -            179 3323at3041           -            234   2.6e-06   22.8   0.7   2   2    0.0005      0.02   10.1   0.0   119   181    79   143    63   170 0.75 -
TRINITY_DN7190_c0_g2_i1:333-842   -            170 3323at3041           -            234   3.8e-06   22.2   0.0   1   1   1.6e-07   6.3e-06   21.5   0.0   131   179    64   112    45   145 0.79 -
TRINITY_DN1400_c0_g1_i2:563-1057  -            165 3323at3041           -            234   4.5e-06   22.0   0.0   1   1   1.4e-06   5.5e-05   18.4   0.0    25   164    12   164     4   165 0.74 -
TRINITY_DN3357_c0_g1_i1:491-850   -            120 3323at3041           -            234   2.3e-05   19.7   0.0   1   1   7.2e-07   2.9e-05   19.4   0.0   131   187    22    78    14    96 0.83 -
TRINITY_DN3224_c0_g1_i2:2-340     -            113 3323at3041           -            234   7.6e-05   18.0   0.1   1   1   2.9e-06   0.00012   17.4   0.1    25    48    16    39     9    44 0.91 -
TRINITY_DN11336_c0_g1_i1:471-935  -            155 3323at3041           -            234   8.1e-05   17.9   0.1   1   1   4.3e-06   0.00018   16.8   0.1    28   157    18   155     2   155 0.72 -
TRINITY_DN433_c0_g1_i3:958-1455   -            166 3323at3041           -            234    0.0002   16.7   0.1   1   2    0.0031      0.13    7.5   0.0    23    46    30    53    15    62 0.83 -
TRINITY_DN433_c0_g1_i3:958-1455   -            166 3323at3041           -            234    0.0002   16.7   0.1   2   2    0.0044      0.18    7.0   0.0   132   164   126   158   120   164 0.90 -
TRINITY_DN433_c0_g1_i5:1459-1956  -            166 3323at3041           -            234    0.0002   16.7   0.1   1   2    0.0031      0.13    7.5   0.0    23    46    30    53    15    62 0.83 -
TRINITY_DN433_c0_g1_i5:1459-1956  -            166 3323at3041           -            234    0.0002   16.7   0.1   2   2    0.0044      0.18    7.0   0.0   132   164   126   158   120   164 0.90 -
TRINITY_DN433_c0_g1_i6:1656-2153  -            166 3323at3041           -            234    0.0002   16.7   0.1   1   2    0.0031      0.13    7.5   0.0    23    46    30    53    15    62 0.83 -
TRINITY_DN433_c0_g1_i6:1656-2153  -            166 3323at3041           -            234    0.0002   16.7   0.1   2   2    0.0044      0.18    7.0   0.0   132   164   126   158   120   164 0.90 -
TRINITY_DN433_c0_g1_i7:1803-2300  -            166 3323at3041           -            234    0.0002   16.7   0.1   1   2    0.0031      0.13    7.5   0.0    23    46    30    53    15    62 0.83 -
TRINITY_DN433_c0_g1_i7:1803-2300  -            166 3323at3041           -            234    0.0002   16.7   0.1   2   2    0.0044      0.18    7.0   0.0   132   164   126   158   120   164 0.90 -
TRINITY_DN12242_c0_g1_i1:121-501  -            127 3323at3041           -            234   0.00027   16.2   0.0   1   1   7.5e-06    0.0003   16.0   0.0   132   190    30    88    20   109 0.83 -
TRINITY_DN27646_c0_g1_i1:0-452    -            151 3323at3041           -            234   0.00046   15.4   1.3   1   2     0.025         1    4.5   0.4    24    46    10    32     4    68 0.90 -
TRINITY_DN27646_c0_g1_i1:0-452    -            151 3323at3041           -            234   0.00046   15.4   1.3   2   2   0.00058     0.024    9.8   0.0   131   159   122   150   114   151 0.92 -
TRINITY_DN14754_c0_g1_i1:28-618   -            197 3323at3041           -            234    0.0062   11.7   0.0   1   1   0.00025      0.01   11.0   0.0    28    60    38    70    28    79 0.89 -
TRINITY_DN1514_c0_g1_i1:14-439    -            142 3323at3041           -            234    0.0068   11.6   0.2   1   1   0.00028     0.011   10.9   0.2    23    46    31    54    18    60 0.83 -
TRINITY_DN1514_c0_g1_i5:14-439    -            142 3323at3041           -            234    0.0068   11.6   0.2   1   1   0.00028     0.011   10.9   0.2    23    46    31    54    18    60 0.83 -
#
# Program:         hmmsearch
# Version:         3.2.1 (June 2018)
# Pipeline mode:   SEARCH
# Query file:      /sw/bioinfo/BUSCO/v5_lineage_sets/lineages/chlorophyta_odb10/hmms/3323at3041.hmm
# Target file:     /crex/proj/snic2022-23-81/expression_algae/code/busco/trinity_VA-3180-Osg03Pal/run_chlorophyta_odb10/metaeuk_output/rerun_results/trinity_VA-3180-Osg03Pal.Trinity.fasta.modified.fas
# Option settings: hmmsearch --domtblout /crex/proj/snic2022-23-81/expression_algae/code/busco/trinity_VA-3180-Osg03Pal/run_chlorophyta_odb10/hmmer_output/rerun_results/3323at3041.out --cpu 1 /sw/bioinfo/BUSCO/v5_lineage_sets/lineages/chlorophyta_odb10/hmms/3323at3041.hmm /crex/proj/snic2022-23-81/expression_algae/code/busco/trinity_VA-3180-Osg03Pal/run_chlorophyta_odb10/metaeuk_output/rerun_results/trinity_VA-3180-Osg03Pal.Trinity.fasta.modified.fas 
# Current dir:     /crex/proj/snic2022-23-81/expression_algae/code/busco
# Date:            Fri Sep 23 10:12:04 2022
# [ok]
