#                                                                                        --- full sequence --- -------------- this domain -------------   hmm coord   ali coord   env coord
# target name                    accession   tlen query name           accession   qlen   E-value  score  bias   #  of  c-Evalue  i-Evalue  score  bias  from    to  from    to  from    to  acc description of target
#            ------------------- ---------- ----- -------------------- ---------- ----- --------- ------ ----- --- --- --------- --------- ------ ----- ----- ----- ----- ----- ----- ----- ---- ---------------------
TRINITY_DN2783_c0_g1_i1:114-470  -            119 3587at3041           -            224   8.7e-21   70.3   1.0   1   1   5.5e-21   5.7e-19   64.4   1.0    58   145     5    88     2   119 0.84 -
TRINITY_DN5555_c0_g1_i3:489-1064 -            192 3587at3041           -            224   1.7e-15   53.0   0.2   1   1   2.7e-16   2.8e-14   49.1   0.2     9   184     3   191     1   192 0.73 -
TRINITY_DN5555_c0_g1_i4:419-994  -            192 3587at3041           -            224   1.7e-15   53.0   0.2   1   1   2.7e-16   2.8e-14   49.1   0.2     9   184     3   191     1   192 0.73 -
TRINITY_DN2106_c0_g1_i1:569-1279 -            237 3587at3041           -            224   3.4e-15   52.1   0.1   1   1   9.7e-16     1e-13   47.2   0.1     2   149    11   165    10   236 0.65 -
TRINITY_DN2106_c0_g1_i2:569-1309 -            247 3587at3041           -            224   4.1e-15   51.8   0.1   1   1   1.1e-15   1.2e-13   47.0   0.1     2   149    21   175    20   246 0.65 -
TRINITY_DN4586_c0_g1_i1:768-1277 -            170 3587at3041           -            224   2.1e-14   49.5   0.0   1   1   3.3e-16   3.4e-14   48.8   0.0    73   185     3   111     1   122 0.85 -
TRINITY_DN5555_c0_g1_i1:541-1083 -            181 3587at3041           -            224   2.1e-13   46.2   0.2   1   1   3.3e-14   3.5e-12   42.2   0.2    34   184    20   180     1   181 0.68 -
TRINITY_DN703_c0_g1_i1:8-403     -            132 3587at3041           -            224     1e-06   24.3   0.9   1   1   1.8e-06   0.00019   16.9   0.9    95   185     1    78     1   132 0.76 -
TRINITY_DN5282_c0_g2_i1:4-288    -             95 3587at3041           -            224    0.0021   13.5   0.1   1   2      0.21        21    0.4   0.0   133   145     1    13     1    15 0.88 -
TRINITY_DN5282_c0_g2_i1:4-288    -             95 3587at3041           -            224    0.0021   13.5   0.1   2   2   0.00039     0.041    9.3   0.0   163   185    16    43    13    95 0.77 -
#
# Program:         hmmsearch
# Version:         3.2.1 (June 2018)
# Pipeline mode:   SEARCH
# Query file:      /sw/bioinfo/BUSCO/v5_lineage_sets/lineages/chlorophyta_odb10/hmms/3587at3041.hmm
# Target file:     /crex/proj/snic2022-23-81/expression_algae/code/busco/trinity_VA-3180-Osg03Pal/run_chlorophyta_odb10/metaeuk_output/rerun_results/trinity_VA-3180-Osg03Pal.Trinity.fasta.modified.fas
# Option settings: hmmsearch --domtblout /crex/proj/snic2022-23-81/expression_algae/code/busco/trinity_VA-3180-Osg03Pal/run_chlorophyta_odb10/hmmer_output/rerun_results/3587at3041.out --cpu 1 /sw/bioinfo/BUSCO/v5_lineage_sets/lineages/chlorophyta_odb10/hmms/3587at3041.hmm /crex/proj/snic2022-23-81/expression_algae/code/busco/trinity_VA-3180-Osg03Pal/run_chlorophyta_odb10/metaeuk_output/rerun_results/trinity_VA-3180-Osg03Pal.Trinity.fasta.modified.fas 
# Current dir:     /crex/proj/snic2022-23-81/expression_algae/code/busco
# Date:            Fri Sep 23 10:12:01 2022
# [ok]
