#                                                                                       --- full sequence --- -------------- this domain -------------   hmm coord   ali coord   env coord
# target name                   accession   tlen query name           accession   qlen   E-value  score  bias   #  of  c-Evalue  i-Evalue  score  bias  from    to  from    to  from    to  acc description of target
#           ------------------- ---------- ----- -------------------- ---------- ----- --------- ------ ----- --- --- --------- --------- ------ ----- ----- ----- ----- ----- ----- ----- ---- ---------------------
TRINITY_DN4380_c0_g1_i1:45-524  -            160 363at3041            -            702   3.9e-44  146.5   0.9   1   1   1.5e-46   4.6e-44  146.3   0.9     1    75    82   160    82   160 0.95 -
TRINITY_DN5751_c0_g1_i2:7-1773  -            589 363at3041            -            702   2.8e-11   38.0   3.5   1   3   2.7e-12   8.6e-10   33.0   0.2    42   164     4   145     1   153 0.74 -
TRINITY_DN5751_c0_g1_i2:7-1773  -            589 363at3041            -            702   2.8e-11   38.0   3.5   2   3    0.0086       2.7    1.7   0.1   173   217   375   422   355   426 0.81 -
TRINITY_DN5751_c0_g1_i2:7-1773  -            589 363at3041            -            702   2.8e-11   38.0   3.5   3   3    0.0046       1.4    2.6   0.1   335   359   421   443   410   452 0.82 -
TRINITY_DN5751_c0_g1_i1:70-1524 -            485 363at3041            -            702   0.00018   15.5   2.7   1   3   2.8e-05    0.0088    9.9   0.1   107   164     4    62     1    71 0.84 -
TRINITY_DN5751_c0_g1_i1:70-1524 -            485 363at3041            -            702   0.00018   15.5   2.7   2   3    0.0061       1.9    2.2   0.1   173   217   292   339   268   343 0.80 -
TRINITY_DN5751_c0_g1_i1:70-1524 -            485 363at3041            -            702   0.00018   15.5   2.7   3   3    0.0056       1.8    2.3   0.1   341   359   342   360   337   369 0.82 -
#
# Program:         hmmsearch
# Version:         3.2.1 (June 2018)
# Pipeline mode:   SEARCH
# Query file:      /sw/bioinfo/BUSCO/v5_lineage_sets/lineages/chlorophyta_odb10/hmms/363at3041.hmm
# Target file:     /crex/proj/snic2022-23-81/expression_algae/code/busco/trinity_VA-3180-Osg03Pal/run_chlorophyta_odb10/metaeuk_output/rerun_results/trinity_VA-3180-Osg03Pal.Trinity.fasta.modified.fas
# Option settings: hmmsearch --domtblout /crex/proj/snic2022-23-81/expression_algae/code/busco/trinity_VA-3180-Osg03Pal/run_chlorophyta_odb10/hmmer_output/rerun_results/363at3041.out --cpu 1 /sw/bioinfo/BUSCO/v5_lineage_sets/lineages/chlorophyta_odb10/hmms/363at3041.hmm /crex/proj/snic2022-23-81/expression_algae/code/busco/trinity_VA-3180-Osg03Pal/run_chlorophyta_odb10/metaeuk_output/rerun_results/trinity_VA-3180-Osg03Pal.Trinity.fasta.modified.fas 
# Current dir:     /crex/proj/snic2022-23-81/expression_algae/code/busco
# Date:            Fri Sep 23 10:12:05 2022
# [ok]
