#                                                                                         --- full sequence --- -------------- this domain -------------   hmm coord   ali coord   env coord
# target name                     accession   tlen query name           accession   qlen   E-value  score  bias   #  of  c-Evalue  i-Evalue  score  bias  from    to  from    to  from    to  acc description of target
#             ------------------- ---------- ----- -------------------- ---------- ----- --------- ------ ----- --- --- --------- --------- ------ ----- ----- ----- ----- ----- ----- ----- ---- ---------------------
TRINITY_DN5152_c0_g1_i1:8-970     -            321 505at3041            -            538    2e-157  520.7   0.4   1   1  2.5e-159  2.6e-157  520.3   0.4     1   280    11   321    11   321 0.95 -
TRINITY_DN4_c0_g1_i5:355-1413     -            353 505at3041            -            538   1.3e-33  112.0   0.0   1   1   1.5e-35   1.6e-33  111.8   0.0   164   459    55   348    33   353 0.88 -
TRINITY_DN4_c0_g1_i6:629-1606     -            326 505at3041            -            538   4.1e-33  110.4   0.0   1   1   4.5e-35   4.7e-33  110.2   0.0   177   465     1   286     1   316 0.88 -
TRINITY_DN197_c0_g5_i2:854-1804   -            317 505at3041            -            538   1.7e-31  105.1   0.0   1   1   1.8e-33   1.9e-31  104.9   0.0   178   467    29   314     5   317 0.89 -
TRINITY_DN197_c0_g5_i4:2602-3552  -            317 505at3041            -            538   1.7e-31  105.1   0.0   1   1   1.8e-33   1.9e-31  104.9   0.0   178   467    29   314     5   317 0.89 -
TRINITY_DN16189_c0_g1_i1:182-1186 -            335 505at3041            -            538     1e-23   79.4   0.0   1   1   1.3e-25   1.4e-23   79.0   0.0   250   470    97   320    75   333 0.88 -
TRINITY_DN74_c0_g2_i1:260-1360    -            367 505at3041            -            538   5.6e-16   53.9   0.2   1   1   8.2e-18   8.5e-16   53.3   0.2   165   407   129   360   105   363 0.85 -
TRINITY_DN3636_c0_g1_i4:794-1867  -            358 505at3041            -            538   2.3e-13   45.3   1.6   1   2     0.028       2.9    2.0   0.1    32    83    39    94    16   100 0.79 -
TRINITY_DN3636_c0_g1_i4:794-1867  -            358 505at3041            -            538   2.3e-13   45.3   1.6   2   2   1.9e-14     2e-12   42.2   0.1   160   406   108   351    95   354 0.79 -
TRINITY_DN3636_c0_g1_i6:1594-2667 -            358 505at3041            -            538   2.3e-13   45.3   1.6   1   2     0.028       2.9    2.0   0.1    32    83    39    94    16   100 0.79 -
TRINITY_DN3636_c0_g1_i6:1594-2667 -            358 505at3041            -            538   2.3e-13   45.3   1.6   2   2   1.9e-14     2e-12   42.2   0.1   160   406   108   351    95   354 0.79 -
#
# Program:         hmmsearch
# Version:         3.2.1 (June 2018)
# Pipeline mode:   SEARCH
# Query file:      /sw/bioinfo/BUSCO/v5_lineage_sets/lineages/chlorophyta_odb10/hmms/505at3041.hmm
# Target file:     /crex/proj/snic2022-23-81/expression_algae/code/busco/trinity_VA-3180-Osg03Pal/run_chlorophyta_odb10/metaeuk_output/rerun_results/trinity_VA-3180-Osg03Pal.Trinity.fasta.modified.fas
# Option settings: hmmsearch --domtblout /crex/proj/snic2022-23-81/expression_algae/code/busco/trinity_VA-3180-Osg03Pal/run_chlorophyta_odb10/hmmer_output/rerun_results/505at3041.out --cpu 1 /sw/bioinfo/BUSCO/v5_lineage_sets/lineages/chlorophyta_odb10/hmms/505at3041.hmm /crex/proj/snic2022-23-81/expression_algae/code/busco/trinity_VA-3180-Osg03Pal/run_chlorophyta_odb10/metaeuk_output/rerun_results/trinity_VA-3180-Osg03Pal.Trinity.fasta.modified.fas 
# Current dir:     /crex/proj/snic2022-23-81/expression_algae/code/busco
# Date:            Fri Sep 23 10:12:01 2022
# [ok]
