#                                                                                        --- full sequence --- -------------- this domain -------------   hmm coord   ali coord   env coord
# target name                    accession   tlen query name           accession   qlen   E-value  score  bias   #  of  c-Evalue  i-Evalue  score  bias  from    to  from    to  from    to  acc description of target
#            ------------------- ---------- ----- -------------------- ---------- ----- --------- ------ ----- --- --- --------- --------- ------ ----- ----- ----- ----- ----- ----- ----- ---- ---------------------
TRINITY_DN18458_c0_g1_i1:5-466   -            154 6111at3041           -            181   2.2e-40  134.1   0.0   1   1   2.2e-42   2.5e-40  133.9   0.0    15   152     1   148     1   153 0.89 -
TRINITY_DN16557_c0_g1_i1:0-341   -            114 6111at3041           -            181   9.2e-38  125.6   0.0   1   1   8.6e-40     1e-37  125.5   0.0    16   122     2   114     1   114 0.93 -
TRINITY_DN10469_c0_g3_i1:144-491 -            116 6111at3041           -            181   1.9e-23   79.0   0.1   1   1   1.7e-25     2e-23   78.8   0.1    22   128     1   116     1   116 0.85 -
TRINITY_DN200_c0_g1_i3:116-466   -            117 6111at3041           -            181   4.6e-22   74.4   0.0   1   1   4.3e-24     5e-22   74.3   0.0    24   127     3   117     1   117 0.86 -
TRINITY_DN10469_c0_g2_i1:79-423  -            115 6111at3041           -            181   5.3e-22   74.2   0.0   1   1     5e-24   5.9e-22   74.1   0.0    48   140     3   101     2   115 0.85 -
TRINITY_DN294_c0_g1_i1:358-630   -             91 6111at3041           -            181   4.7e-14   48.3   0.0   1   1   4.3e-16     5e-14   48.2   0.0    70   139     1    75     1    89 0.81 -
TRINITY_DN294_c0_g1_i2:358-630   -             91 6111at3041           -            181   4.7e-14   48.3   0.0   1   1   4.3e-16     5e-14   48.2   0.0    70   139     1    75     1    89 0.81 -
TRINITY_DN200_c0_g1_i2:330-602   -             91 6111at3041           -            181   1.3e-13   46.9   0.1   1   1   1.2e-15   1.4e-13   46.7   0.1    70   138     2    75     1    80 0.87 -
#
# Program:         hmmsearch
# Version:         3.2.1 (June 2018)
# Pipeline mode:   SEARCH
# Query file:      /sw/bioinfo/BUSCO/v5_lineage_sets/lineages/chlorophyta_odb10/hmms/6111at3041.hmm
# Target file:     /crex/proj/snic2022-23-81/expression_algae/code/busco/trinity_VA-3180-Osg03Pal/run_chlorophyta_odb10/metaeuk_output/rerun_results/trinity_VA-3180-Osg03Pal.Trinity.fasta.modified.fas
# Option settings: hmmsearch --domtblout /crex/proj/snic2022-23-81/expression_algae/code/busco/trinity_VA-3180-Osg03Pal/run_chlorophyta_odb10/hmmer_output/rerun_results/6111at3041.out --cpu 1 /sw/bioinfo/BUSCO/v5_lineage_sets/lineages/chlorophyta_odb10/hmms/6111at3041.hmm /crex/proj/snic2022-23-81/expression_algae/code/busco/trinity_VA-3180-Osg03Pal/run_chlorophyta_odb10/metaeuk_output/rerun_results/trinity_VA-3180-Osg03Pal.Trinity.fasta.modified.fas 
# Current dir:     /crex/proj/snic2022-23-81/expression_algae/code/busco
# Date:            Fri Sep 23 10:12:04 2022
# [ok]
