#                                                                                          --- full sequence --- -------------- this domain -------------   hmm coord   ali coord   env coord
# target name                      accession   tlen query name           accession   qlen   E-value  score  bias   #  of  c-Evalue  i-Evalue  score  bias  from    to  from    to  from    to  acc description of target
#              ------------------- ---------- ----- -------------------- ---------- ----- --------- ------ ----- --- --- --------- --------- ------ ----- ----- ----- ----- ----- ----- ----- ---- ---------------------
TRINITY_DN176_c0_g1_i1:42-674      -            211 7539at3041           -            123   6.4e-28   93.2   2.0   1   2   5.3e-17   9.5e-16   53.9   0.4     7    97    18   107    12   123 0.88 -
TRINITY_DN176_c0_g1_i1:42-674      -            211 7539at3041           -            123   6.4e-28   93.2   2.0   2   2   1.4e-12   2.6e-11   39.6   0.1     6    89   116   203   108   210 0.80 -
TRINITY_DN176_c0_g1_i3:42-674      -            211 7539at3041           -            123   6.4e-28   93.2   2.0   1   2   5.3e-17   9.5e-16   53.9   0.4     7    97    18   107    12   123 0.88 -
TRINITY_DN176_c0_g1_i3:42-674      -            211 7539at3041           -            123   6.4e-28   93.2   2.0   2   2   1.4e-12   2.6e-11   39.6   0.1     6    89   116   203   108   210 0.80 -
TRINITY_DN176_c0_g1_i4:42-674      -            211 7539at3041           -            123   6.4e-28   93.2   2.0   1   2   5.3e-17   9.5e-16   53.9   0.4     7    97    18   107    12   123 0.88 -
TRINITY_DN176_c0_g1_i4:42-674      -            211 7539at3041           -            123   6.4e-28   93.2   2.0   2   2   1.4e-12   2.6e-11   39.6   0.1     6    89   116   203   108   210 0.80 -
TRINITY_DN176_c0_g1_i7:42-674      -            211 7539at3041           -            123   6.4e-28   93.2   2.0   1   2   5.3e-17   9.5e-16   53.9   0.4     7    97    18   107    12   123 0.88 -
TRINITY_DN176_c0_g1_i7:42-674      -            211 7539at3041           -            123   6.4e-28   93.2   2.0   2   2   1.4e-12   2.6e-11   39.6   0.1     6    89   116   203   108   210 0.80 -
TRINITY_DN1639_c0_g1_i1:868-1365   -            166 7539at3041           -            123   1.4e-25   85.7   0.1   1   2   4.4e-13   7.8e-12   41.3   0.0    14    93     2    84     1    95 0.84 -
TRINITY_DN1639_c0_g1_i1:868-1365   -            166 7539at3041           -            123   1.4e-25   85.7   0.1   2   2   1.2e-13   2.2e-12   43.0   0.2    16    87    95   165    86   166 0.93 -
TRINITY_DN3693_c0_g1_i2:227-853    -            209 7539at3041           -            123   5.9e-24   80.4   0.0   1   2   2.8e-13   5.1e-12   41.9   0.0    16    73    21    78     9    85 0.91 -
TRINITY_DN3693_c0_g1_i2:227-853    -            209 7539at3041           -            123   5.9e-24   80.4   0.0   2   2   1.1e-11     2e-10   36.7   0.0    12    73   103   164    93   198 0.86 -
TRINITY_DN3693_c0_g1_i3:227-853    -            209 7539at3041           -            123   5.9e-24   80.4   0.0   1   2   2.8e-13   5.1e-12   41.9   0.0    16    73    21    78     9    85 0.91 -
TRINITY_DN3693_c0_g1_i3:227-853    -            209 7539at3041           -            123   5.9e-24   80.4   0.0   2   2   1.1e-11     2e-10   36.7   0.0    12    73   103   164    93   198 0.86 -
TRINITY_DN1928_c0_g1_i2:216-461    -             82 7539at3041           -            123   8.6e-20   67.0   0.0   1   1     5e-21     9e-20   66.9   0.0    19    96     4    81     1    82 0.96 -
TRINITY_DN14498_c0_g1_i1:2-226     -             75 7539at3041           -            123   5.3e-19   64.4   0.0   1   1   3.2e-20   5.8e-19   64.3   0.0    18    92     1    75     1    75 0.98 -
TRINITY_DN121_c0_g1_i1:77-340      -             88 7539at3041           -            123   6.4e-18   60.9   0.0   1   1   3.8e-19   6.8e-18   60.9   0.0     7    93     3    88     1    88 0.92 -
TRINITY_DN15084_c0_g1_i1:82-342    -             87 7539at3041           -            123   3.5e-17   58.6   0.0   1   1   2.1e-18   3.7e-17   58.5   0.0    17    99     1    84     1    87 0.93 -
TRINITY_DN8998_c0_g1_i1:46-264     -             73 7539at3041           -            123   1.4e-16   56.6   0.0   1   1   8.4e-18   1.5e-16   56.5   0.0    17    88     1    72     1    73 0.95 -
TRINITY_DN4955_c0_g1_i1:5-199      -             65 7539at3041           -            123   2.2e-15   52.8   0.0   1   1   1.3e-16   2.3e-15   52.7   0.0    18    80     2    64     1    65 0.96 -
TRINITY_DN338_c0_g1_i2:106-291     -             62 7539at3041           -            123   5.5e-15   51.5   0.0   1   1   3.2e-16   5.7e-15   51.4   0.0    31    89     1    59     1    62 0.95 -
TRINITY_DN6848_c0_g2_i1:787-1311   -            175 7539at3041           -            123   3.3e-14   49.0   0.1   1   1   2.4e-15   4.3e-14   48.6   0.1    17    69     1    53     1    80 0.88 -
TRINITY_DN6848_c0_g1_i1:36-236     -             67 7539at3041           -            123   4.4e-14   48.6   0.1   1   1   2.5e-15   4.5e-14   48.5   0.1    13    73     2    62     1    67 0.93 -
TRINITY_DN5129_c0_g1_i1:105-347    -             81 7539at3041           -            123   6.4e-14   48.0   0.0   1   1   3.8e-15   6.8e-14   47.9   0.0    14    92     4    81     1    81 0.95 -
TRINITY_DN12193_c0_g1_i1:130-351   -             74 7539at3041           -            123   1.1e-13   47.3   0.0   1   1   6.3e-15   1.1e-13   47.2   0.0    20    93     1    73     1    74 0.94 -
TRINITY_DN3987_c0_g2_i1:152-382    -             77 7539at3041           -            123   1.7e-13   46.7   0.0   1   1     1e-14   1.9e-13   46.5   0.0    17    86     2    70     1    75 0.89 -
TRINITY_DN3172_c0_g1_i1:38-253     -             72 7539at3041           -            123   1.1e-12   44.1   0.0   1   1   6.5e-14   1.2e-12   44.0   0.0    17    88     1    72     1    72 0.95 -
TRINITY_DN3172_c0_g1_i2:38-253     -             72 7539at3041           -            123   1.1e-12   44.1   0.0   1   1   6.5e-14   1.2e-12   44.0   0.0    17    88     1    72     1    72 0.95 -
TRINITY_DN1639_c0_g1_i1:1084-1362  -             93 7539at3041           -            123   1.8e-12   43.3   0.0   1   1   1.1e-13     2e-12   43.2   0.0    15    93     2    83     1    91 0.85 -
TRINITY_DN276_c0_g1_i2:1492-1704   -             71 7539at3041           -            123   2.2e-12   43.1   0.0   1   1   1.3e-13   2.3e-12   43.0   0.0    18    86     1    69     1    71 0.95 -
TRINITY_DN3905_c0_g1_i2:236-514    -             93 7539at3041           -            123   3.4e-12   42.4   0.0   1   1   2.3e-13   4.1e-12   42.2   0.0    16    94    10    88     3    92 0.84 -
TRINITY_DN3905_c0_g1_i1:149-397    -             83 7539at3041           -            123   8.6e-12   41.2   0.1   1   1   5.5e-13   9.9e-12   41.0   0.1    17    94     1    78     1    82 0.85 -
TRINITY_DN31036_c0_g1_i1:3-221     -             73 7539at3041           -            123     5e-11   38.7   0.0   1   1   2.8e-12   5.1e-11   38.7   0.0    25    92     5    72     1    73 0.93 -
TRINITY_DN121_c0_g1_i2:352-495     -             48 7539at3041           -            123   1.9e-10   36.8   0.0   1   1   1.1e-11     2e-10   36.7   0.0    17    64     1    48     1    48 0.97 -
TRINITY_DN3498_c0_g1_i2:275-547    -             91 7539at3041           -            123   3.6e-10   35.9   0.0   1   1   2.1e-11   3.8e-10   35.8   0.0    17    77     1    61     1    89 0.86 -
TRINITY_DN45_c0_g1_i11:468-956     -            163 7539at3041           -            123   7.4e-10   34.9   0.0   1   1   6.2e-11   1.1e-09   34.3   0.0    14    76   100   161    87   163 0.90 -
TRINITY_DN10569_c0_g1_i1:232-399   -             56 7539at3041           -            123   1.1e-09   34.3   0.1   1   1   6.4e-11   1.1e-09   34.3   0.1    16    68     4    56     1    56 0.96 -
TRINITY_DN45_c0_g1_i10:468-1049    -            194 7539at3041           -            123   1.2e-09   34.2   0.0   1   1   1.1e-10     2e-09   33.5   0.0    15    76   132   192   125   194 0.91 -
TRINITY_DN2964_c0_g2_i2:0-242      -             81 7539at3041           -            123   1.3e-09   34.1   0.1   1   1   9.2e-11   1.7e-09   33.8   0.1    12    74     4    73     1    81 0.80 -
TRINITY_DN34067_c0_g1_i1:48-266    -             73 7539at3041           -            123   2.6e-09   33.1   0.0   1   1   1.5e-10   2.7e-09   33.1   0.0    14    81     1    68     1    73 0.93 -
TRINITY_DN25463_c0_g1_i1:1011-1220 -             70 7539at3041           -            123   2.6e-09   33.1   0.0   1   1   1.7e-10     3e-09   32.9   0.0    17    88     1    69     1    70 0.94 -
TRINITY_DN2729_c0_g1_i2:60-431     -            124 7539at3041           -            123   5.7e-09   32.0   0.0   1   1   4.1e-10   7.4e-09   31.7   0.0    16    75     4    63     1    70 0.94 -
TRINITY_DN32258_c0_g1_i1:65-310    -             82 7539at3041           -            123   9.1e-09   31.4   0.0   1   1   5.5e-10   9.9e-09   31.3   0.0    16    81     6    68     2    81 0.90 -
TRINITY_DN2964_c0_g2_i1:12-188     -             59 7539at3041           -            123   1.3e-08   30.9   0.0   1   1   9.5e-10   1.7e-08   30.5   0.0    17    74     1    55     1    57 0.92 -
TRINITY_DN121_c0_g1_i3:352-486     -             45 7539at3041           -            123   2.1e-08   30.2   0.0   1   1   1.2e-09   2.1e-08   30.2   0.0    22    64     3    45     1    45 0.89 -
TRINITY_DN3532_c0_g1_i1:78-296     -             73 7539at3041           -            123   2.3e-08   30.1   0.0   1   1   1.4e-09   2.4e-08   30.0   0.0    17    88     1    72     1    73 0.89 -
TRINITY_DN8277_c0_g1_i1:7-321      -            105 7539at3041           -            123   2.9e-08   29.8   0.0   1   1   1.8e-09   3.2e-08   29.6   0.0    41   107     2    73     1    91 0.76 -
TRINITY_DN12346_c0_g1_i1:20-259    -             80 7539at3041           -            123     5e-08   29.0   0.0   1   1   3.2e-09   5.8e-08   28.8   0.0    17    92     1    79     1    80 0.83 -
TRINITY_DN22263_c0_g1_i1:220-402   -             61 7539at3041           -            123   5.1e-08   29.0   0.0   1   1   3.3e-09   5.9e-08   28.8   0.0    17    74     1    57     1    60 0.93 -
TRINITY_DN2408_c0_g1_i1:148-360    -             71 7539at3041           -            123   7.7e-08   28.4   0.0   1   1   4.8e-09   8.7e-08   28.2   0.0    17    75     1    59     1    65 0.94 -
TRINITY_DN7083_c0_g2_i2:261-455    -             65 7539at3041           -            123     1e-07   28.0   0.0   1   1     6e-09   1.1e-07   27.9   0.0    17    78     1    62     1    65 0.85 -
TRINITY_DN24025_c0_g1_i1:4-201     -             66 7539at3041           -            123   1.7e-07   27.3   0.2   1   1   1.9e-08   3.4e-07   26.3   0.2    27    92     9    66     5    66 0.88 -
TRINITY_DN508_c0_g1_i2:578-823     -             82 7539at3041           -            123   3.7e-07   26.2   0.0   1   1   2.5e-08   4.6e-07   25.9   0.0    11    93     4    81     2    82 0.93 -
TRINITY_DN24787_c0_g1_i1:145-351   -             69 7539at3041           -            123   7.4e-07   25.2   0.0   1   1   4.4e-08   7.9e-07   25.1   0.0    17    86     1    67     1    69 0.92 -
TRINITY_DN6357_c0_g1_i1:880-1158   -             93 7539at3041           -            123   4.4e-06   22.7   0.0   1   1   2.9e-07   5.3e-06   22.5   0.0    12    75     3    60     1    78 0.89 -
TRINITY_DN6357_c0_g1_i2:269-547    -             93 7539at3041           -            123   4.4e-06   22.7   0.0   1   1   2.9e-07   5.3e-06   22.5   0.0    12    75     3    60     1    78 0.89 -
TRINITY_DN138_c0_g2_i2:83-253      -             57 7539at3041           -            123   1.1e-05   21.4   0.0   1   1     9e-07   1.6e-05   20.9   0.0    17    76     1    55     1    57 0.93 -
TRINITY_DN1686_c0_g1_i1:81-371     -             97 7539at3041           -            123   1.4e-05   21.1   0.0   1   1   7.9e-07   1.4e-05   21.1   0.0    19    83     6    66     1    87 0.82 -
TRINITY_DN33292_c0_g1_i1:8-220     -             71 7539at3041           -            123   1.9e-05   20.7   0.0   1   1     1e-06   1.9e-05   20.7   0.0    22    74     1    53     1    71 0.86 -
#
# Program:         hmmsearch
# Version:         3.2.1 (June 2018)
# Pipeline mode:   SEARCH
# Query file:      /sw/bioinfo/BUSCO/v5_lineage_sets/lineages/chlorophyta_odb10/hmms/7539at3041.hmm
# Target file:     /crex/proj/snic2022-23-81/expression_algae/code/busco/trinity_VA-3180-Osg03Pal/run_chlorophyta_odb10/metaeuk_output/rerun_results/trinity_VA-3180-Osg03Pal.Trinity.fasta.modified.fas
# Option settings: hmmsearch --domtblout /crex/proj/snic2022-23-81/expression_algae/code/busco/trinity_VA-3180-Osg03Pal/run_chlorophyta_odb10/hmmer_output/rerun_results/7539at3041.out --cpu 1 /sw/bioinfo/BUSCO/v5_lineage_sets/lineages/chlorophyta_odb10/hmms/7539at3041.hmm /crex/proj/snic2022-23-81/expression_algae/code/busco/trinity_VA-3180-Osg03Pal/run_chlorophyta_odb10/metaeuk_output/rerun_results/trinity_VA-3180-Osg03Pal.Trinity.fasta.modified.fas 
# Current dir:     /crex/proj/snic2022-23-81/expression_algae/code/busco
# Date:            Fri Sep 23 10:12:02 2022
# [ok]
