#                                                                                         --- full sequence --- -------------- this domain -------------   hmm coord   ali coord   env coord
# target name                     accession   tlen query name           accession   qlen   E-value  score  bias   #  of  c-Evalue  i-Evalue  score  bias  from    to  from    to  from    to  acc description of target
#             ------------------- ---------- ----- -------------------- ---------- ----- --------- ------ ----- --- --- --------- --------- ------ ----- ----- ----- ----- ----- ----- ----- ---- ---------------------
TRINITY_DN2714_c0_g2_i2:12-1739   -            576 1103at3041           -            398   8.9e-90  298.1   0.6   1   3       5.3   4.4e+02   -3.8   0.0    89   125    34    72    22    95 0.58 -
TRINITY_DN2714_c0_g2_i2:12-1739   -            576 1103at3041           -            398   8.9e-90  298.1   0.6   2   3   7.6e-67   6.4e-65  216.3   0.4   145   378   209   443   200   455 0.94 -
TRINITY_DN2714_c0_g2_i2:12-1739   -            576 1103at3041           -            398   8.9e-90  298.1   0.6   3   3   2.2e-25   1.8e-23   79.8   0.0   132   236   469   573   446   576 0.90 -
TRINITY_DN10728_c0_g1_i2:128-568  -            147 1103at3041           -            398   7.6e-64  212.7   0.1   1   1   9.9e-66   8.2e-64  212.6   0.1   185   325     2   145     1   147 0.96 -
TRINITY_DN10728_c0_g1_i1:11-301   -             97 1103at3041           -            398     3e-58  194.3   0.1   1   1   3.9e-60   3.3e-58  194.2   0.1   208   301     1    97     1    97 0.98 -
TRINITY_DN10728_c0_g1_i4:2-355    -            118 1103at3041           -            398   5.5e-49  163.8   0.0   1   1   7.1e-51     6e-49  163.7   0.0   185   297     2   117     1   118 0.98 -
TRINITY_DN2714_c0_g1_i2:163-954   -            264 1103at3041           -            398     6e-48  160.4   0.0   1   1   8.7e-50   7.2e-48  160.1   0.0   141   369    33   264    21   264 0.88 -
TRINITY_DN10728_c0_g2_i3:135-1217 -            361 1103at3041           -            398   4.5e-46  154.2   0.1   1   1   7.2e-48     6e-46  153.8   0.1   149   393     4   251     2   255 0.87 -
TRINITY_DN2499_c0_g1_i2:25-432    -            136 1103at3041           -            398   4.4e-37  124.6   0.0   1   1   5.7e-39   4.7e-37  124.5   0.0   147   279     2   134     1   136 0.97 -
TRINITY_DN2433_c0_g1_i1:235-1032  -            266 1103at3041           -            398   3.4e-36  121.7   0.5   1   1   6.5e-38   5.4e-36  121.0   0.5   151   383     1   263     1   266 0.76 -
TRINITY_DN10728_c0_g2_i1:0-890    -            297 1103at3041           -            398   1.1e-35  120.0   0.1   1   1   1.6e-37   1.4e-35  119.7   0.1   195   393     2   204     1   208 0.87 -
TRINITY_DN2714_c0_g2_i1:116-643   -            176 1103at3041           -            398   1.3e-34  116.5   0.0   1   1   1.7e-36   1.4e-34  116.4   0.0   198   369     1   176     1   176 0.94 -
TRINITY_DN34515_c0_g1_i1:2-541    -            180 1103at3041           -            398   1.7e-34  116.1   0.0   1   1   2.3e-36   1.9e-34  115.9   0.0   181   340     8   167     4   180 0.87 -
TRINITY_DN2714_c0_g4_i1:1-483     -            161 1103at3041           -            398   2.5e-33  112.3   0.0   1   1   3.4e-35   2.9e-33  112.1   0.0   193   337     1   145     1   158 0.89 -
TRINITY_DN10728_c0_g1_i5:58-654   -            199 1103at3041           -            398     6e-33  111.0   0.0   1   1   7.8e-35   6.5e-33  110.9   0.0   182   368     3   197     1   199 0.86 -
TRINITY_DN40997_c0_g1_i1:112-483  -            124 1103at3041           -            398   3.9e-32  108.3   0.0   1   1   5.1e-34   4.3e-32  108.2   0.0    98   215     1   124     1   124 0.94 -
TRINITY_DN8228_c0_g1_i1:10-561    -            184 1103at3041           -            398   5.6e-29   97.9   0.4   1   1   7.5e-31   6.3e-29   97.8   0.4    74   195    57   184    14   184 0.82 -
TRINITY_DN35688_c0_g1_i1:5-343    -            113 1103at3041           -            398   4.8e-26   88.3   0.0   1   1   6.1e-28   5.1e-26   88.2   0.0   182   292     1   112     1   113 0.86 -
TRINITY_DN15606_c0_g2_i1:0-296    -             99 1103at3041           -            398   1.6e-25   86.6   0.0   1   1   2.1e-27   1.7e-25   86.4   0.0   153   250     2    99     1    99 0.99 -
TRINITY_DN2714_c0_g2_i3:24-317    -             98 1103at3041           -            398   1.8e-24   83.1   0.0   1   1   2.6e-26   2.1e-24   82.8   0.0   142   235     5    98     2    98 0.97 -
TRINITY_DN2714_c0_g2_i4:24-317    -             98 1103at3041           -            398   1.8e-24   83.1   0.0   1   1   2.6e-26   2.1e-24   82.8   0.0   142   235     5    98     2    98 0.97 -
TRINITY_DN4343_c0_g2_i1:1-270     -             90 1103at3041           -            398   7.3e-22   74.5   0.0   1   1   9.5e-24     8e-22   74.4   0.0   192   282     2    90     1    90 0.93 -
TRINITY_DN3227_c0_g2_i1:5-283     -             93 1103at3041           -            398   1.3e-20   70.3   0.0   1   1   1.7e-22   1.5e-20   70.2   0.0   216   304     2    93     1    93 0.94 -
TRINITY_DN2538_c0_g1_i1:14-406    -            131 1103at3041           -            398   2.1e-20   69.7   0.1   1   1   2.9e-22   2.4e-20   69.5   0.1   267   379     5   121     1   128 0.86 -
TRINITY_DN2714_c0_g2_i5:122-421   -            100 1103at3041           -            398   1.4e-16   57.1   0.0   1   1   1.9e-18   1.6e-16   57.0   0.0   198   294     1   100     1   100 0.91 -
TRINITY_DN7471_c0_g1_i1:1-936     -            312 1103at3041           -            398    0.0028   13.3   0.8   1   3         4   3.4e+02   -3.4   0.5   345   374    31    62    13    82 0.50 -
TRINITY_DN7471_c0_g1_i1:1-936     -            312 1103at3041           -            398    0.0028   13.3   0.8   2   3       4.3   3.6e+02   -3.5   0.0   212   236   168   190   153   192 0.74 -
TRINITY_DN7471_c0_g1_i1:1-936     -            312 1103at3041           -            398    0.0028   13.3   0.8   3   3   5.6e-05    0.0047   12.6   0.0   182   216   243   277   220   311 0.83 -
#
# Program:         hmmsearch
# Version:         3.2.1 (June 2018)
# Pipeline mode:   SEARCH
# Query file:      /sw/bioinfo/BUSCO/v5_lineage_sets/lineages/chlorophyta_odb10/hmms/1103at3041.hmm
# Target file:     /crex/proj/snic2022-23-81/expression_algae/code/busco/trinity_VA-3180-Osg12Sin/run_chlorophyta_odb10/metaeuk_output/initial_results/trinity_VA-3180-Osg12Sin.Trinity.fasta.modified.fas
# Option settings: hmmsearch --domtblout /crex/proj/snic2022-23-81/expression_algae/code/busco/trinity_VA-3180-Osg12Sin/run_chlorophyta_odb10/hmmer_output/initial_run_results/1103at3041.out --cpu 1 /sw/bioinfo/BUSCO/v5_lineage_sets/lineages/chlorophyta_odb10/hmms/1103at3041.hmm /crex/proj/snic2022-23-81/expression_algae/code/busco/trinity_VA-3180-Osg12Sin/run_chlorophyta_odb10/metaeuk_output/initial_results/trinity_VA-3180-Osg12Sin.Trinity.fasta.modified.fas 
# Current dir:     /crex/proj/snic2022-23-81/expression_algae/code/busco
# Date:            Fri Sep 23 10:11:59 2022
# [ok]
