#                                                                                        --- full sequence --- -------------- this domain -------------   hmm coord   ali coord   env coord
# target name                    accession   tlen query name           accession   qlen   E-value  score  bias   #  of  c-Evalue  i-Evalue  score  bias  from    to  from    to  from    to  acc description of target
#            ------------------- ---------- ----- -------------------- ---------- ----- --------- ------ ----- --- --- --------- --------- ------ ----- ----- ----- ----- ----- ----- ----- ---- ---------------------
TRINITY_DN30673_c0_g1_i1:127-438 -            104 12560at3041          -            116   1.3e-14   51.3   0.2   1   2     2e-16   2.9e-14   50.2   0.2    62   115     7    64     4    65 0.89 -
TRINITY_DN30673_c0_g1_i1:127-438 -            104 12560at3041          -            116   1.3e-14   51.3   0.2   2   2       2.8     4e+02   -1.8   0.0    40    65    78   103    75   104 0.75 -
TRINITY_DN28432_c0_g1_i1:65-232  -             56 12560at3041          -            116   1.8e-13   47.7   0.1   1   1   1.3e-15   1.8e-13   47.6   0.1    63   114     2    54     1    56 0.89 -
TRINITY_DN7652_c0_g1_i2:367-546  -             60 12560at3041          -            116   1.2e-12   45.0   0.0   1   1   9.3e-15   1.3e-12   44.8   0.0    65   115     1    51     1    52 0.97 -
TRINITY_DN37652_c0_g1_i1:62-202  -             47 12560at3041          -            116   5.7e-11   39.6   0.2   1   1   4.4e-13   6.3e-11   39.4   0.2    79   115     1    38     1    39 0.92 -
TRINITY_DN27033_c0_g1_i1:13-201  -             63 12560at3041          -            116   4.1e-10   36.8   0.1   1   1   3.3e-12   4.7e-10   36.6   0.1    65   115     1    54     1    55 0.88 -
TRINITY_DN1534_c0_g1_i1:442-588  -             49 12560at3041          -            116   5.9e-10   36.3   0.0   1   1   4.5e-12   6.4e-10   36.2   0.0    65   115     1    48     1    49 0.93 -
TRINITY_DN40123_c0_g1_i1:2-283   -             94 12560at3041          -            116   1.2e-09   35.3   0.1   1   1   1.1e-11   1.5e-09   35.0   0.1    67   114     1    50     1    52 0.90 -
TRINITY_DN28162_c0_g1_i1:28-180  -             51 12560at3041          -            116   1.3e-08   32.0   0.1   1   1   9.7e-11   1.4e-08   31.9   0.1    68   115     1    49     1    50 0.87 -
TRINITY_DN27525_c0_g1_i1:0-101   -             34 12560at3041          -            116   1.9e-08   31.4   0.0   1   1   1.3e-10   1.9e-08   31.4   0.0    62    93     3    34     1    34 0.94 -
TRINITY_DN34854_c0_g1_i1:421-543 -             41 12560at3041          -            116   2.6e-08   31.0   0.0   1   1   1.9e-10   2.7e-08   31.0   0.0    65   104     1    40     1    41 0.95 -
TRINITY_DN17156_c0_g1_i1:83-313  -             77 12560at3041          -            116   2.9e-08   30.8   0.1   1   1   6.9e-10   9.9e-08   29.1   0.1    65   115     3    64     1    65 0.80 -
TRINITY_DN1534_c0_g1_i2:272-1684 -            471 12560at3041          -            116     1e-07   29.1   0.2   1   3   2.4e-09   3.4e-07   27.4   0.1    62    99    16    53     9    66 0.87 -
TRINITY_DN1534_c0_g1_i2:272-1684 -            471 12560at3041          -            116     1e-07   29.1   0.2   2   3       7.2     1e+03   -3.2   0.0   102   115    95   108    92   109 0.77 -
TRINITY_DN1534_c0_g1_i2:272-1684 -            471 12560at3041          -            116     1e-07   29.1   0.2   3   3       9.5   1.4e+03   -3.6   0.0    86   101   185   200   184   201 0.78 -
TRINITY_DN12356_c0_g1_i1:3-284   -             94 12560at3041          -            116     1e-07   29.1   0.0   1   1     1e-09   1.5e-07   28.6   0.0    65   115     1    50     1    51 0.90 -
TRINITY_DN1027_c0_g1_i1:70-954   -            295 12560at3041          -            116   0.00032   17.8   0.8   1   2   2.2e-06   0.00032   17.8   0.8    61   115   104   169    89   170 0.75 -
TRINITY_DN1027_c0_g1_i1:70-954   -            295 12560at3041          -            116   0.00032   17.8   0.8   2   2       6.3     9e+02   -3.0   0.2    12    29   261   278   250   287 0.50 -
#
# Program:         hmmsearch
# Version:         3.2.1 (June 2018)
# Pipeline mode:   SEARCH
# Query file:      /sw/bioinfo/BUSCO/v5_lineage_sets/lineages/chlorophyta_odb10/hmms/12560at3041.hmm
# Target file:     /crex/proj/snic2022-23-81/expression_algae/code/busco/trinity_VA-3180-Osg12Sin/run_chlorophyta_odb10/metaeuk_output/initial_results/trinity_VA-3180-Osg12Sin.Trinity.fasta.modified.fas
# Option settings: hmmsearch --domtblout /crex/proj/snic2022-23-81/expression_algae/code/busco/trinity_VA-3180-Osg12Sin/run_chlorophyta_odb10/hmmer_output/initial_run_results/12560at3041.out --cpu 1 /sw/bioinfo/BUSCO/v5_lineage_sets/lineages/chlorophyta_odb10/hmms/12560at3041.hmm /crex/proj/snic2022-23-81/expression_algae/code/busco/trinity_VA-3180-Osg12Sin/run_chlorophyta_odb10/metaeuk_output/initial_results/trinity_VA-3180-Osg12Sin.Trinity.fasta.modified.fas 
# Current dir:     /crex/proj/snic2022-23-81/expression_algae/code/busco
# Date:            Fri Sep 23 10:12:00 2022
# [ok]
