#                                                                                         --- full sequence --- -------------- this domain -------------   hmm coord   ali coord   env coord
# target name                     accession   tlen query name           accession   qlen   E-value  score  bias   #  of  c-Evalue  i-Evalue  score  bias  from    to  from    to  from    to  acc description of target
#             ------------------- ---------- ----- -------------------- ---------- ----- --------- ------ ----- --- --- --------- --------- ------ ----- ----- ----- ----- ----- ----- ----- ---- ---------------------
TRINITY_DN8181_c0_g2_i1:1-594     -            198 1490at3041           -            406  7.6e-115  380.6   1.2   1   1  2.7e-116  8.4e-115  380.5   1.2   165   353     1   198     1   198 0.95 -
TRINITY_DN8181_c0_g1_i1:0-560     -            187 1490at3041           -            406   6.7e-73  242.5   2.5   1   2     9e-68   2.8e-66  220.7   0.0     1   139     1   144     1   155 0.96 -
TRINITY_DN8181_c0_g1_i1:0-560     -            187 1490at3041           -            406   6.7e-73  242.5   2.5   2   2   2.3e-07     7e-06   21.7   1.0   134   159   160   187   146   187 0.84 -
TRINITY_DN1661_c0_g1_i1:55-666    -            204 1490at3041           -            406   1.5e-20   70.0   7.1   1   3   7.3e-09   2.3e-07   26.7   0.1    63   118     7    62     2    65 0.90 -
TRINITY_DN1661_c0_g1_i1:55-666    -            204 1490at3041           -            406   1.5e-20   70.0   7.1   2   3   3.9e-11   1.2e-09   34.2   1.2    78   135    63   124    61   144 0.83 -
TRINITY_DN1661_c0_g1_i1:55-666    -            204 1490at3041           -            406   1.5e-20   70.0   7.1   3   3   0.00011    0.0034   12.9   0.1    66   122   138   194   128   204 0.74 -
TRINITY_DN7223_c0_g2_i1:24-554    -            177 1490at3041           -            406   2.6e-20   69.3  11.5   1   3     1e-11   3.2e-10   36.1   1.9    62   139    19   101     1   116 0.80 -
TRINITY_DN7223_c0_g2_i1:24-554    -            177 1490at3041           -            406   2.6e-20   69.3  11.5   2   3     4e-08   1.2e-06   24.2   0.1    80   132    80   136    78   137 0.85 -
TRINITY_DN7223_c0_g2_i1:24-554    -            177 1490at3041           -            406   2.6e-20   69.3  11.5   3   3   4.3e-09   1.3e-07   27.4   0.2    63   131   106   177    97   177 0.85 -
TRINITY_DN1795_c0_g2_i1:12-497    -            162 1490at3041           -            406     9e-20   67.5   5.1   1   3   1.6e-07   4.9e-06   22.3   0.0   299   334     6    41     3    46 0.93 -
TRINITY_DN1795_c0_g2_i1:12-497    -            162 1490at3041           -            406     9e-20   67.5   5.1   2   3     2e-06     6e-05   18.7   0.2   299   335    48    86    43    91 0.87 -
TRINITY_DN1795_c0_g2_i1:12-497    -            162 1490at3041           -            406     9e-20   67.5   5.1   3   3   3.2e-08   9.9e-07   24.6   0.2   261   325    94   160    92   162 0.74 -
TRINITY_DN30718_c0_g1_i1:45-536   -            164 1490at3041           -            406   1.1e-18   64.0   6.9   1   3   2.2e-08   6.8e-07   25.1   0.1    63   131     9    76     2    80 0.82 -
TRINITY_DN30718_c0_g1_i1:45-536   -            164 1490at3041           -            406   1.1e-18   64.0   6.9   2   3   7.1e-09   2.2e-07   26.7   0.2    79   131    62   116    57   120 0.85 -
TRINITY_DN30718_c0_g1_i1:45-536   -            164 1490at3041           -            406   1.1e-18   64.0   6.9   3   3   4.1e-09   1.3e-07   27.5   0.3    78   133   101   158    98   162 0.88 -
TRINITY_DN1795_c0_g1_i1:105-404   -            100 1490at3041           -            406   1.1e-18   64.0   1.2   1   2   1.7e-10   5.2e-09   32.1   0.2    80   131     1    56     1    58 0.87 -
TRINITY_DN1795_c0_g1_i1:105-404   -            100 1490at3041           -            406   1.1e-18   64.0   1.2   2   2   6.7e-12   2.1e-10   36.7   0.0   258   324    30    98    29   100 0.89 -
TRINITY_DN1175_c0_g1_i4:368-2497  -            710 1490at3041           -            406   3.3e-17   59.1  24.8   1   7   1.9e-06   5.7e-05   18.7   0.2    65   133     8    80     2   105 0.81 -
TRINITY_DN1175_c0_g1_i4:368-2497  -            710 1490at3041           -            406   3.3e-17   59.1  24.8   2   7   5.9e-05    0.0018   13.8   0.1    64   122   134   192   116   205 0.66 -
TRINITY_DN1175_c0_g1_i4:368-2497  -            710 1490at3041           -            406   3.3e-17   59.1  24.8   3   7       0.1       3.1    3.2   0.0   160   216   206   261   191   278 0.73 -
TRINITY_DN1175_c0_g1_i4:368-2497  -            710 1490at3041           -            406   3.3e-17   59.1  24.8   4   7       1.2        36   -0.3   0.0    79   113   276   311   269   317 0.73 -
TRINITY_DN1175_c0_g1_i4:368-2497  -            710 1490at3041           -            406   3.3e-17   59.1  24.8   5   7    0.0031     0.095    8.1   0.4   156   324   330   497   316   504 0.72 -
TRINITY_DN1175_c0_g1_i4:368-2497  -            710 1490at3041           -            406   3.3e-17   59.1  24.8   6   7   9.7e-08     3e-06   23.0   2.9    78   206   482   630   464   643 0.70 -
TRINITY_DN1175_c0_g1_i4:368-2497  -            710 1490at3041           -            406   3.3e-17   59.1  24.8   7   7     0.005      0.15    7.5   0.3    78   130   653   710   634   710 0.81 -
TRINITY_DN21349_c0_g1_i1:1-516    -            172 1490at3041           -            406   1.2e-16   57.2   0.9   1   2   1.4e-08   4.2e-07   25.8   0.0    67   134     8    78     2    88 0.81 -
TRINITY_DN21349_c0_g1_i1:1-516    -            172 1490at3041           -            406   1.2e-16   57.2   0.9   2   2   3.7e-10   1.1e-08   30.9   0.2    63   139    88   167    79   172 0.79 -
TRINITY_DN1996_c0_g1_i2:70-975    -            302 1490at3041           -            406   5.6e-16   55.0   6.7   1   4      0.14       4.4    2.6   0.0    63   121     4    69     2    71 0.68 -
TRINITY_DN1996_c0_g1_i2:70-975    -            302 1490at3041           -            406   5.6e-16   55.0   6.7   2   4   6.1e-08   1.9e-06   23.6   0.2    81   131    70   124    67   135 0.85 -
TRINITY_DN1996_c0_g1_i2:70-975    -            302 1490at3041           -            406   5.6e-16   55.0   6.7   3   4   1.5e-08   4.5e-07   25.7   0.2    63   135   139   216   129   263 0.74 -
TRINITY_DN1996_c0_g1_i2:70-975    -            302 1490at3041           -            406   5.6e-16   55.0   6.7   4   4     0.078       2.4    3.5   0.0   294   323   271   302   267   302 0.77 -
TRINITY_DN1795_c0_g4_i1:10-501    -            164 1490at3041           -            406     9e-16   54.3   3.6   1   3   9.1e-08   2.8e-06   23.1   0.2    79   132     4    61     2    72 0.84 -
TRINITY_DN1795_c0_g4_i1:10-501    -            164 1490at3041           -            406     9e-16   54.3   3.6   2   3   2.2e-10   6.7e-09   31.7   0.3    63   132    73   145    64   152 0.81 -
TRINITY_DN1795_c0_g4_i1:10-501    -            164 1490at3041           -            406     9e-16   54.3   3.6   3   3     0.021      0.64    5.4   0.0    80   111   131   163   129   164 0.82 -
TRINITY_DN1795_c0_g1_i2:0-278     -             93 1490at3041           -            406     1e-15   54.1   0.9   1   2   4.3e-10   1.3e-08   30.7   0.1    80   130     1    55     1    55 0.88 -
TRINITY_DN1795_c0_g1_i2:0-278     -             93 1490at3041           -            406     1e-15   54.1   0.9   2   2   3.1e-09   9.4e-08   27.9   0.1   257   317    29    91    28    93 0.88 -
TRINITY_DN5365_c0_g1_i1:848-1714  -            289 1490at3041           -            406   2.5e-15   52.9   2.3   1   4   0.00056     0.017   10.6   0.1   263   331     5    75     1    83 0.68 -
TRINITY_DN5365_c0_g1_i1:848-1714  -            289 1490at3041           -            406   2.5e-15   52.9   2.3   2   4      0.02      0.62    5.5   0.0   299   324    85   110    78   114 0.79 -
TRINITY_DN5365_c0_g1_i1:848-1714  -            289 1490at3041           -            406   2.5e-15   52.9   2.3   3   4   6.7e-07   2.1e-05   20.2   0.1   154   207   106   160    98   164 0.91 -
TRINITY_DN5365_c0_g1_i1:848-1714  -            289 1490at3041           -            406   2.5e-15   52.9   2.3   4   4   1.6e-06     5e-05   18.9   0.0    63   133   167   242   160   262 0.80 -
TRINITY_DN528_c0_g1_i2:14-373     -            120 1490at3041           -            406     4e-15   52.2   1.2   1   2     8e-07   2.5e-05   20.0   0.1    69   119     5    55     1    58 0.80 -
TRINITY_DN528_c0_g1_i2:14-373     -            120 1490at3041           -            406     4e-15   52.2   1.2   2   2   9.5e-12   2.9e-10   36.2   0.3    63   133    41   114    41   119 0.82 -
TRINITY_DN4860_c0_g2_i1:5-304     -            100 1490at3041           -            406   9.9e-15   50.9   2.0   1   2   7.9e-08   2.4e-06   23.3   0.1    81   133     3    59     1    72 0.54 -
TRINITY_DN4860_c0_g2_i1:5-304     -            100 1490at3041           -            406   9.9e-15   50.9   2.0   2   2   8.3e-11   2.5e-09   33.1   0.3   257   324    30    99    20   100 0.69 -
TRINITY_DN2265_c0_g1_i1:250-1491  -            414 1490at3041           -            406   5.6e-14   48.4   1.2   1   5         2        63   -1.1   0.1   340   368   123   151   113   160 0.80 -
TRINITY_DN2265_c0_g1_i1:250-1491  -            414 1490at3041           -            406   5.6e-14   48.4   1.2   2   5    0.0075      0.23    6.9   0.0    69   106   183   222   167   258 0.63 -
TRINITY_DN2265_c0_g1_i1:250-1491  -            414 1490at3041           -            406   5.6e-14   48.4   1.2   3   5     0.016      0.49    5.8   0.0   175   204   231   260   221   274 0.86 -
TRINITY_DN2265_c0_g1_i1:250-1491  -            414 1490at3041           -            406   5.6e-14   48.4   1.2   4   5   4.5e-05    0.0014   14.2   0.0   174   204   276   306   267   312 0.89 -
TRINITY_DN2265_c0_g1_i1:250-1491  -            414 1490at3041           -            406   5.6e-14   48.4   1.2   5   5   5.2e-06   0.00016   17.3   0.1   162   243   308   405   304   410 0.65 -
TRINITY_DN2811_c0_g1_i1:17-373    -            119 1490at3041           -            406   1.9e-13   46.7   0.9   1   2     1e-10   3.1e-09   32.8   0.2    80   136     1    60     1    65 0.93 -
TRINITY_DN2811_c0_g1_i1:17-373    -            119 1490at3041           -            406   1.9e-13   46.7   0.9   2   2   0.00014    0.0043   12.6   0.0    63   113    68   118    60   119 0.81 -
TRINITY_DN6803_c0_g1_i1:251-862   -            204 1490at3041           -            406   2.4e-13   46.3   1.1   1   2   8.1e-07   2.5e-05   19.9   0.1    54   133    35   119    22   125 0.80 -
TRINITY_DN6803_c0_g1_i1:251-862   -            204 1490at3041           -            406   2.4e-13   46.3   1.1   2   2   1.5e-08   4.7e-07   25.6   0.1    73   132   140   202   121   204 0.83 -
TRINITY_DN13578_c0_g1_i1:2-691    -            230 1490at3041           -            406   4.4e-13   45.5   4.7   1   3     9e-05    0.0028   13.2   0.0    87   135     6    60     1    70 0.60 -
TRINITY_DN13578_c0_g1_i1:2-691    -            230 1490at3041           -            406   4.4e-13   45.5   4.7   2   3     5e-06   0.00016   17.3   0.2    78   136    82   145    69   155 0.80 -
TRINITY_DN13578_c0_g1_i1:2-691    -            230 1490at3041           -            406   4.4e-13   45.5   4.7   3   3   1.6e-05   0.00051   15.6   0.2    76   130   172   230   151   230 0.79 -
TRINITY_DN1175_c0_g1_i6:1242-2090 -            283 1490at3041           -            406   4.7e-12   42.1   3.5   1   3     1e-06   3.1e-05   19.6   0.2    74   132    11    73     1    78 0.80 -
TRINITY_DN1175_c0_g1_i6:1242-2090 -            283 1490at3041           -            406   4.7e-12   42.1   3.5   2   3   1.5e-05   0.00046   15.8   0.1    64   122   128   186   114   200 0.65 -
TRINITY_DN1175_c0_g1_i6:1242-2090 -            283 1490at3041           -            406   4.7e-12   42.1   3.5   3   3     0.019      0.59    5.5   0.0   158   216   198   255   182   273 0.72 -
TRINITY_DN1133_c0_g1_i4:2-1759    -            586 1490at3041           -            406   9.7e-12   41.0   8.4   1   5    0.0032     0.099    8.1   0.0    63   133    19    99    10   147 0.75 -
TRINITY_DN1133_c0_g1_i4:2-1759    -            586 1490at3041           -            406   9.7e-12   41.0   8.4   2   5    0.0077      0.24    6.8   0.0    61   321   301   371   269   384 0.58 -
TRINITY_DN1133_c0_g1_i4:2-1759    -            586 1490at3041           -            406   9.7e-12   41.0   8.4   3   5   8.4e-06   0.00026   16.6   0.3    60   134   385   464   379   482 0.79 -
TRINITY_DN1133_c0_g1_i4:2-1759    -            586 1490at3041           -            406   9.7e-12   41.0   8.4   4   5      0.27       8.4    1.7   0.0   176   209   478   510   469   515 0.83 -
TRINITY_DN1133_c0_g1_i4:2-1759    -            586 1490at3041           -            406   9.7e-12   41.0   8.4   5   5     0.015      0.47    5.9   0.2    77   130   529   586   516   586 0.78 -
TRINITY_DN4860_c1_g1_i1:156-566   -            137 1490at3041           -            406   1.2e-11   40.7   2.1   1   2   0.00013    0.0041   12.7   0.1   103   132     2    34     1    44 0.63 -
TRINITY_DN4860_c1_g1_i1:156-566   -            137 1490at3041           -            406   1.2e-11   40.7   2.1   2   2   3.1e-09   9.5e-08   27.9   0.5    62   135    43   121    38   136 0.59 -
TRINITY_DN4860_c1_g1_i2:220-630   -            137 1490at3041           -            406   1.2e-11   40.7   2.1   1   2   0.00013    0.0041   12.7   0.1   103   132     2    34     1    44 0.63 -
TRINITY_DN4860_c1_g1_i2:220-630   -            137 1490at3041           -            406   1.2e-11   40.7   2.1   2   2   3.1e-09   9.5e-08   27.9   0.5    62   135    43   121    38   136 0.59 -
TRINITY_DN10109_c0_g1_i1:8-529    -            174 1490at3041           -            406   2.3e-11   39.8   0.5   1   1   1.9e-12   5.8e-11   38.5   0.5   128   283     5   172     2   174 0.85 -
TRINITY_DN5113_c0_g1_i1:2-919     -            306 1490at3041           -            406   5.4e-11   38.6   2.3   1   3   9.5e-10   2.9e-08   29.6   0.4   256   330    81   161    72   167 0.79 -
TRINITY_DN5113_c0_g1_i1:2-919     -            306 1490at3041           -            406   5.4e-11   38.6   2.3   2   3     0.005      0.16    7.4   0.0    63    96   168   201   161   246 0.75 -
TRINITY_DN5113_c0_g1_i1:2-919     -            306 1490at3041           -            406   5.4e-11   38.6   2.3   3   3       1.9        59   -1.1   0.0    77    95   278   296   252   304 0.67 -
TRINITY_DN12596_c0_g1_i1:1-297    -             99 1490at3041           -            406   1.1e-10   37.6   0.0   1   1   4.5e-12   1.4e-10   37.2   0.0   261   334     3    78     1    96 0.87 -
TRINITY_DN379_c0_g1_i4:169-579    -            137 1490at3041           -            406   1.2e-09   34.1   0.5   1   2   0.00078     0.024   10.1   0.1   103   135     2    37     1    60 0.63 -
TRINITY_DN379_c0_g1_i4:169-579    -            137 1490at3041           -            406   1.2e-09   34.1   0.5   2   2   7.6e-08   2.3e-06   23.3   0.1    78   149    60   136    40   137 0.75 -
TRINITY_DN7461_c0_g1_i2:107-1192  -            362 1490at3041           -            406   1.7e-09   33.6   0.1   1   3       3.1        97   -1.8   0.0   175   190    33    48    28    54 0.70 -
TRINITY_DN7461_c0_g1_i2:107-1192  -            362 1490at3041           -            406   1.7e-09   33.6   0.1   2   3    0.0064       0.2    7.1   0.0    64    98    81   115    66   175 0.60 -
TRINITY_DN7461_c0_g1_i2:107-1192  -            362 1490at3041           -            406   1.7e-09   33.6   0.1   3   3   1.8e-07   5.5e-06   22.1   0.0   174   251   242   323   219   354 0.79 -
TRINITY_DN7461_c0_g1_i1:118-1095  -            326 1490at3041           -            406   2.2e-09   33.3   0.1   1   3       2.7        82   -1.5   0.0   175   190    33    48    27    54 0.70 -
TRINITY_DN7461_c0_g1_i1:118-1095  -            326 1490at3041           -            406   2.2e-09   33.3   0.1   2   3     0.005      0.15    7.5   0.0    63    98    80   115    59   169 0.59 -
TRINITY_DN7461_c0_g1_i1:118-1095  -            326 1490at3041           -            406   2.2e-09   33.3   0.1   3   3   2.9e-07   8.9e-06   21.4   0.0   174   245   242   315   219   325 0.83 -
TRINITY_DN1996_c0_g1_i1:127-693   -            189 1490at3041           -            406   3.8e-09   32.5   1.3   1   3      0.42        13    1.1   0.0    79   121     2    50     1    53 0.62 -
TRINITY_DN1996_c0_g1_i1:127-693   -            189 1490at3041           -            406   3.8e-09   32.5   1.3   2   3   2.4e-08   7.5e-07   25.0   0.2    80   131    50   105    41   113 0.85 -
TRINITY_DN1996_c0_g1_i1:127-693   -            189 1490at3041           -            406   3.8e-09   32.5   1.3   3   3     0.033         1    4.7   0.0    63   100   120   158   110   170 0.72 -
TRINITY_DN18519_c0_g1_i1:91-396   -            102 1490at3041           -            406   4.6e-09   32.2   0.0   1   1   1.6e-10   5.1e-09   32.1   0.0    62   135    18    95     4   101 0.83 -
TRINITY_DN19397_c0_g1_i1:53-403   -            117 1490at3041           -            406   5.2e-09   32.1   0.3   1   2   5.6e-07   1.7e-05   20.5   0.2   258   327     4    77     1    81 0.81 -
TRINITY_DN19397_c0_g1_i1:53-403   -            117 1490at3041           -            406   5.2e-09   32.1   0.3   2   2   3.4e-05    0.0011   14.6   0.0    79   131    60   116    54   117 0.77 -
TRINITY_DN2265_c0_g1_i2:250-1359  -            370 1490at3041           -            406   1.5e-08   30.6   1.1   1   4       1.8        54   -0.9   0.1   340   368   123   151   113   160 0.80 -
TRINITY_DN2265_c0_g1_i2:250-1359  -            370 1490at3041           -            406   1.5e-08   30.6   1.1   2   4     0.013      0.41    6.0   0.0    69   105   183   221   167   235 0.72 -
TRINITY_DN2265_c0_g1_i2:250-1359  -            370 1490at3041           -            406   1.5e-08   30.6   1.1   3   4     0.015      0.46    5.9   0.0   175   204   231   260   220   271 0.87 -
TRINITY_DN2265_c0_g1_i2:250-1359  -            370 1490at3041           -            406   1.5e-08   30.6   1.1   4   4   0.00011    0.0034   12.9   0.1   174   204   276   306   268   366 0.59 -
TRINITY_DN1795_c2_g3_i1:2-241     -             80 1490at3041           -            406   1.5e-08   30.6   0.2   1   2   1.6e-05    0.0005   15.7   0.1    86   131     2    51     1    54 0.83 -
TRINITY_DN1795_c2_g3_i1:2-241     -             80 1490at3041           -            406   1.5e-08   30.6   0.2   2   2   2.1e-06   6.5e-05   18.6   0.0    80   119    38    78    36    80 0.87 -
TRINITY_DN12406_c0_g1_i1:6-428    -            141 1490at3041           -            406   2.5e-08   29.8   1.5   1   2     0.023      0.71    5.3   0.1    83   131     1    53     1    61 0.68 -
TRINITY_DN12406_c0_g1_i1:6-428    -            141 1490at3041           -            406   2.5e-08   29.8   1.5   2   2   4.6e-08   1.4e-06   24.0   0.2    63   130    66   140    58   141 0.82 -
TRINITY_DN2811_c0_g1_i3:164-409   -             82 1490at3041           -            406   2.5e-08   29.8   0.0   1   1   1.1e-09   3.3e-08   29.4   0.0   258   328     5    77     2    81 0.84 -
TRINITY_DN1175_c0_g1_i7:162-851   -            230 1490at3041           -            406   2.8e-08   29.7   5.7   1   3    0.0022     0.068    8.6   0.0    64   119     6    62     2    70 0.75 -
TRINITY_DN1175_c0_g1_i7:162-851   -            230 1490at3041           -            406   2.8e-08   29.7   5.7   2   3    0.0004     0.012   11.1   0.1   152   207    71   126    66   145 0.83 -
TRINITY_DN1175_c0_g1_i7:162-851   -            230 1490at3041           -            406   2.8e-08   29.7   5.7   3   3   0.00022    0.0068   11.9   0.3    78   132   148   207   129   216 0.82 -
TRINITY_DN3003_c1_g1_i1:35-337    -            101 1490at3041           -            406   2.9e-08   29.6   0.1   1   1     1e-09   3.2e-08   29.4   0.1    63   128     3    71     1    86 0.81 -
TRINITY_DN180_c0_g2_i1:60-398     -            113 1490at3041           -            406   3.1e-08   29.5   0.3   1   2     9e-09   2.8e-07   26.4   0.3    80   146    18    89    12    94 0.82 -
TRINITY_DN180_c0_g2_i1:60-398     -            113 1490at3041           -            406   3.1e-08   29.5   0.3   2   2      0.11       3.3    3.1   0.0   253   281    84   112    77   113 0.57 -
TRINITY_DN17312_c0_g1_i1:3-878    -            292 1490at3041           -            406   8.6e-08   28.0   5.0   1   3   2.6e-05   0.00079   15.0   0.3   258   288    18    46     4    90 0.58 -
TRINITY_DN17312_c0_g1_i1:3-878    -            292 1490at3041           -            406   8.6e-08   28.0   5.0   2   3      0.13       3.9    2.8   0.0   116   132   129   145    90   152 0.65 -
TRINITY_DN17312_c0_g1_i1:3-878    -            292 1490at3041           -            406   8.6e-08   28.0   5.0   3   3    0.0013     0.041    9.3   0.1    51   167   150   273   147   275 0.71 -
TRINITY_DN40744_c0_g1_i1:7-510    -            168 1490at3041           -            406   9.4e-08   27.9   1.4   1   3   5.8e-07   1.8e-05   20.4   0.2    78   131    14    71     4    79 0.80 -
TRINITY_DN40744_c0_g1_i1:7-510    -            168 1490at3041           -            406   9.4e-08   27.9   1.4   2   3   7.1e-05    0.0022   13.5   0.2    79   135    57   117    53   134 0.63 -
TRINITY_DN40744_c0_g1_i1:7-510    -            168 1490at3041           -            406   9.4e-08   27.9   1.4   3   3     0.016      0.48    5.8   0.1    78    98    98   118    79   161 0.59 -
TRINITY_DN17312_c0_g1_i2:3-851    -            283 1490at3041           -            406   1.5e-07   27.3   5.1   1   4   4.7e-05    0.0014   14.1   0.2   258   288     9    37     3    81 0.61 -
TRINITY_DN17312_c0_g1_i2:3-851    -            283 1490at3041           -            406   1.5e-07   27.3   5.1   2   4      0.11       3.3    3.1   0.1   116   132   120   136    82   144 0.64 -
TRINITY_DN17312_c0_g1_i2:3-851    -            283 1490at3041           -            406   1.5e-07   27.3   5.1   3   4     0.013       0.4    6.1   0.2    81   282   123   180   101   184 0.40 -
TRINITY_DN17312_c0_g1_i2:3-851    -            283 1490at3041           -            406   1.5e-07   27.3   5.1   4   4     0.001     0.032    9.7   0.2    51   167   141   264   137   268 0.72 -
TRINITY_DN13972_c0_g1_i3:7-747    -            247 1490at3041           -            406   1.6e-07   27.2   0.1   1   2     0.066         2    3.8   0.0    81   117    16    52     5    78 0.65 -
TRINITY_DN13972_c0_g1_i3:7-747    -            247 1490at3041           -            406   1.6e-07   27.2   0.1   2   2   1.3e-07   3.9e-06   22.6   0.0   154   329    66   242    51   246 0.74 -
TRINITY_DN13972_c0_g1_i2:7-921    -            305 1490at3041           -            406     2e-07   26.8   0.1   1   2      0.32       9.9    1.5   0.0   304   331    66    93    13   103 0.65 -
TRINITY_DN13972_c0_g1_i2:7-921    -            305 1490at3041           -            406     2e-07   26.8   0.1   2   2   6.8e-08   2.1e-06   23.5   0.1   142   329   109   300    52   304 0.67 -
TRINITY_DN2638_c0_g1_i2:58-516    -            153 1490at3041           -            406   2.1e-07   26.8   0.1   1   1   2.6e-08   8.1e-07   24.8   0.1    78   218    12   147     1   153 0.76 -
TRINITY_DN1067_c0_g1_i2:223-924   -            234 1490at3041           -            406   2.8e-07   26.4   0.8   1   4    0.0071      0.22    7.0   0.0    87   324    14    62     5    76 0.55 -
TRINITY_DN1067_c0_g1_i2:223-924   -            234 1490at3041           -            406   2.8e-07   26.4   0.8   2   4   0.00017    0.0051   12.3   0.1    66   140    36   114    27   148 0.75 -
TRINITY_DN1067_c0_g1_i2:223-924   -            234 1490at3041           -            406   2.8e-07   26.4   0.8   3   4    0.0012     0.037    9.5   0.1    80   133   134   192   123   201 0.76 -
TRINITY_DN1067_c0_g1_i2:223-924   -            234 1490at3041           -            406   2.8e-07   26.4   0.8   4   4       1.1        34   -0.3   0.0    63    93   205   234   198   234 0.77 -
TRINITY_DN7407_c0_g1_i1:8-544     -            179 1490at3041           -            406   9.1e-07   24.7   0.3   1   2   0.00014    0.0042   12.6   0.0    32   130    17   123     9   124 0.72 -
TRINITY_DN7407_c0_g1_i1:8-544     -            179 1490at3041           -            406   9.1e-07   24.7   0.3   2   2      0.01      0.31    6.5   0.1    71    95   148   172   129   177 0.71 -
TRINITY_DN25062_c0_g1_i1:5-352    -            116 1490at3041           -            406   9.7e-07   24.6   1.1   1   2     0.053       1.6    4.1   0.1    82   118     4    41     1    45 0.72 -
TRINITY_DN25062_c0_g1_i1:5-352    -            116 1490at3041           -            406   9.7e-07   24.6   1.1   2   2   8.5e-07   2.6e-05   19.9   0.2    79   137    43   105    41   114 0.83 -
TRINITY_DN1175_c0_g1_i6:1617-2081 -            155 1490at3041           -            406   1.1e-06   24.4   0.2   1   2   8.8e-06   0.00027   16.5   0.1    75   192    13    64     2    76 0.57 -
TRINITY_DN1175_c0_g1_i6:1617-2081 -            155 1490at3041           -            406   1.1e-06   24.4   0.2   2   2    0.0062      0.19    7.1   0.0   159   217    74   131    59   148 0.72 -
TRINITY_DN2811_c0_g1_i2:2-220     -             73 1490at3041           -            406   1.4e-06   24.1   0.0   1   1   5.4e-08   1.7e-06   23.8   0.0    79   141     5    71     2    73 0.88 -
TRINITY_DN550_c0_g1_i2:9-701      -            231 1490at3041           -            406   1.8e-05   20.4   0.0   1   2     3e-05   0.00091   14.8   0.0    78   132   120   179    94   183 0.86 -
TRINITY_DN550_c0_g1_i2:9-701      -            231 1490at3041           -            406   1.8e-05   20.4   0.0   2   2     0.072       2.2    3.6   0.0   246   285   191   227   185   230 0.78 -
TRINITY_DN643_c0_g1_i4:47-934     -            296 1490at3041           -            406   2.6e-05   19.9   0.2   1   3    0.0014     0.042    9.3   0.0    77   114    36    73    17    89 0.71 -
TRINITY_DN643_c0_g1_i4:47-934     -            296 1490at3041           -            406   2.6e-05   19.9   0.2   2   3     0.047       1.5    4.2   0.1    79   132   132   189   100   216 0.70 -
TRINITY_DN643_c0_g1_i4:47-934     -            296 1490at3041           -            406   2.6e-05   19.9   0.2   3   3     0.089       2.8    3.3   0.0    96   131   247   285   193   294 0.63 -
TRINITY_DN643_c0_g1_i5:196-1167   -            324 1490at3041           -            406   2.7e-05   19.8   0.2   1   3    0.0012     0.036    9.5   0.0    77   113    64   100     4   117 0.75 -
TRINITY_DN643_c0_g1_i5:196-1167   -            324 1490at3041           -            406   2.7e-05   19.8   0.2   2   3     0.056       1.7    4.0   0.1    79   132   160   217   128   244 0.70 -
TRINITY_DN643_c0_g1_i5:196-1167   -            324 1490at3041           -            406   2.7e-05   19.8   0.2   3   3       0.1       3.1    3.1   0.0    96   131   275   313   220   322 0.63 -
TRINITY_DN1067_c0_g1_i1:186-710   -            175 1490at3041           -            406   4.6e-05   19.1   0.3   1   3      0.03      0.93    4.9   0.0    78   118    17    59     1    87 0.57 -
TRINITY_DN1067_c0_g1_i1:186-710   -            175 1490at3041           -            406   4.6e-05   19.1   0.3   2   3   0.00066      0.02   10.4   0.1    79   133    61   120    49   128 0.77 -
TRINITY_DN1067_c0_g1_i1:186-710   -            175 1490at3041           -            406   4.6e-05   19.1   0.3   3   3      0.29       8.8    1.7   0.0    63    94   133   163   126   171 0.79 -
TRINITY_DN1791_c0_g1_i2:1274-2707 -            478 1490at3041           -            406    0.0001   17.9   0.7   1   5      0.51        16    0.8   0.1    78   113   121   157   109   227 0.52 -
TRINITY_DN1791_c0_g1_i2:1274-2707 -            478 1490at3041           -            406    0.0001   17.9   0.7   2   5      0.22       6.8    2.0   0.0    95   329   191   235   169   244 0.51 -
TRINITY_DN1791_c0_g1_i2:1274-2707 -            478 1490at3041           -            406    0.0001   17.9   0.7   3   5     0.016      0.48    5.8   0.0   172   205   252   285   242   292 0.89 -
TRINITY_DN1791_c0_g1_i2:1274-2707 -            478 1490at3041           -            406    0.0001   17.9   0.7   4   5     0.059       1.8    3.9   0.0   301   348   316   363   301   367 0.81 -
TRINITY_DN1791_c0_g1_i2:1274-2707 -            478 1490at3041           -            406    0.0001   17.9   0.7   5   5      0.93        29   -0.0   0.0   251   285   363   397   338   401 0.69 -
TRINITY_DN1791_c0_g1_i1:1274-2812 -            477 1490at3041           -            406   0.00012   17.7   0.6   1   4      0.21       6.6    2.1   0.0    95   134   190   232   130   247 0.73 -
TRINITY_DN1791_c0_g1_i1:1274-2812 -            477 1490at3041           -            406   0.00012   17.7   0.6   2   4     0.016      0.49    5.8   0.0   172   205   251   284   243   291 0.89 -
TRINITY_DN1791_c0_g1_i1:1274-2812 -            477 1490at3041           -            406   0.00012   17.7   0.6   3   4     0.059       1.8    3.9   0.0   301   348   315   362   300   366 0.81 -
TRINITY_DN1791_c0_g1_i1:1274-2812 -            477 1490at3041           -            406   0.00012   17.7   0.6   4   4      0.93        29   -0.0   0.0   251   285   362   396   337   400 0.69 -
TRINITY_DN1814_c0_g1_i1:518-1336  -            273 1490at3041           -            406   0.00029   16.4   0.3   1   2    0.0003    0.0094   11.5   0.1    59   141    69   154    51   192 0.75 -
TRINITY_DN1814_c0_g1_i1:518-1336  -            273 1490at3041           -            406   0.00029   16.4   0.3   2   2      0.11       3.3    3.1   0.0   275   323   221   272   199   273 0.76 -
TRINITY_DN29416_c0_g1_i1:37-189   -             51 1490at3041           -            406   0.00031   16.4   0.0   1   1   9.9e-06   0.00031   16.4   0.0   296   325     4    33     1    45 0.79 -
TRINITY_DN643_c0_g1_i3:196-1089   -            298 1490at3041           -            406   0.00037   16.1   0.0   1   2     0.001     0.032    9.7   0.0    77   113    64   100     4   117 0.75 -
TRINITY_DN643_c0_g1_i3:196-1089   -            298 1490at3041           -            406   0.00037   16.1   0.0   2   2     0.036       1.1    4.6   0.0    79   133   160   218   128   297 0.78 -
TRINITY_DN9611_c0_g1_i1:10-747    -            246 1490at3041           -            406   0.00048   15.7   0.0   1   3    0.0018     0.056    8.9   0.0   158   208    13    63     5    91 0.62 -
TRINITY_DN9611_c0_g1_i1:10-747    -            246 1490at3041           -            406   0.00048   15.7   0.0   2   3      0.35        11    1.4   0.0    63    99   154   189   146   206 0.78 -
TRINITY_DN9611_c0_g1_i1:10-747    -            246 1490at3041           -            406   0.00048   15.7   0.0   3   3      0.32       9.9    1.5   0.0   299   323   222   246   214   246 0.80 -
TRINITY_DN15052_c0_g1_i1:366-872  -            169 1490at3041           -            406    0.0024   13.4   0.0   1   1   0.00043     0.013   11.0   0.0    63   134    33   113    11   161 0.58 -
TRINITY_DN15052_c0_g1_i2:366-872  -            169 1490at3041           -            406    0.0024   13.4   0.0   1   1   0.00043     0.013   11.0   0.0    63   134    33   113    11   161 0.58 -
TRINITY_DN379_c0_g1_i1:169-375    -             69 1490at3041           -            406    0.0034   12.9   0.1   1   1   0.00011    0.0035   12.9   0.1   103   136     2    38     1    67 0.62 -
TRINITY_DN8589_c0_g1_i2:178-1152  -            325 1490at3041           -            406    0.0081   11.7   0.1   1   2       1.1        32   -0.2   0.0   228   256   176   204   141   212 0.67 -
TRINITY_DN8589_c0_g1_i2:178-1152  -            325 1490at3041           -            406    0.0081   11.7   0.1   2   2    0.0014     0.043    9.3   0.0    82   133   261   316   235   324 0.64 -
TRINITY_DN38465_c0_g1_i1:352-570  -             73 1490at3041           -            406    0.0085   11.6   0.0   1   2      0.34        11    1.4   0.0   299   326     1    27     1    40 0.78 -
TRINITY_DN38465_c0_g1_i1:352-570  -             73 1490at3041           -            406    0.0085   11.6   0.0   2   2    0.0017     0.053    9.0   0.0   254   283    44    73    28    73 0.82 -
#
# Program:         hmmsearch
# Version:         3.2.1 (June 2018)
# Pipeline mode:   SEARCH
# Query file:      /sw/bioinfo/BUSCO/v5_lineage_sets/lineages/chlorophyta_odb10/hmms/1490at3041.hmm
# Target file:     /crex/proj/snic2022-23-81/expression_algae/code/busco/trinity_VA-3180-Osg12Sin/run_chlorophyta_odb10/metaeuk_output/initial_results/trinity_VA-3180-Osg12Sin.Trinity.fasta.modified.fas
# Option settings: hmmsearch --domtblout /crex/proj/snic2022-23-81/expression_algae/code/busco/trinity_VA-3180-Osg12Sin/run_chlorophyta_odb10/hmmer_output/initial_run_results/1490at3041.out --cpu 1 /sw/bioinfo/BUSCO/v5_lineage_sets/lineages/chlorophyta_odb10/hmms/1490at3041.hmm /crex/proj/snic2022-23-81/expression_algae/code/busco/trinity_VA-3180-Osg12Sin/run_chlorophyta_odb10/metaeuk_output/initial_results/trinity_VA-3180-Osg12Sin.Trinity.fasta.modified.fas 
# Current dir:     /crex/proj/snic2022-23-81/expression_algae/code/busco
# Date:            Fri Sep 23 10:12:01 2022
# [ok]
