#                                                                                        --- full sequence --- -------------- this domain -------------   hmm coord   ali coord   env coord
# target name                    accession   tlen query name           accession   qlen   E-value  score  bias   #  of  c-Evalue  i-Evalue  score  bias  from    to  from    to  from    to  acc description of target
#            ------------------- ---------- ----- -------------------- ---------- ----- --------- ------ ----- --- --- --------- --------- ------ ----- ----- ----- ----- ----- ----- ----- ---- ---------------------
TRINITY_DN1230_c0_g1_i1:169-1392 -            408 2576at3041           -            416  8.8e-100  331.1   0.9   1   1  6.1e-100   3.1e-98  325.9   0.9    17   382     2   407     1   408 0.82 -
TRINITY_DN1230_c0_g1_i2:169-1390 -            405 2576at3041           -            416   1.2e-98  327.3   1.2   1   1   8.4e-99   4.3e-97  322.2   1.2    17   382     2   404     1   405 0.82 -
TRINITY_DN116_c0_g1_i1:393-1676  -            428 2576at3041           -            416     7e-88  291.9   6.0   1   1   2.5e-88   1.3e-86  287.7   6.0     9   340    15   368     5   428 0.84 -
TRINITY_DN7530_c0_g2_i1:44-1201  -            386 2576at3041           -            416   9.9e-70  232.1   4.0   1   1   2.4e-71   1.2e-69  231.8   4.0     8   339    16   370     6   382 0.83 -
TRINITY_DN42_c0_g4_i2:1141-2235  -            365 2576at3041           -            416   2.1e-68  227.7   0.0   1   1   6.9e-70   3.5e-68  226.9   0.0    11   325     4   347     1   364 0.84 -
TRINITY_DN42_c0_g4_i1:1141-2673  -            511 2576at3041           -            416   3.9e-68  226.8   0.0   1   1   1.2e-69   6.2e-68  226.1   0.0     9   325   148   493   137   510 0.83 -
TRINITY_DN200_c0_g1_i3:1-1215    -            405 2576at3041           -            416   1.2e-67  225.1   0.0   1   1     3e-69   1.5e-67  224.8   0.0    11   342    53   404    45   405 0.85 -
TRINITY_DN42_c0_g1_i4:2-1156     -            385 2576at3041           -            416   1.5e-62  208.4   0.0   1   1   4.5e-64   2.3e-62  207.8   0.0    10   342    26   379    15   383 0.82 -
TRINITY_DN1835_c0_g1_i1:0-1205   -            402 2576at3041           -            416   2.3e-60  201.2   1.8   1   1   5.4e-62   2.8e-60  200.9   1.8     8   329    21   360    11   377 0.86 -
TRINITY_DN42_c0_g1_i6:814-2454   -            547 2576at3041           -            416   2.8e-60  200.9   0.0   1   1     7e-62   3.6e-60  200.6   0.0     8   327   169   518   159   538 0.78 -
TRINITY_DN42_c0_g1_i5:2-1612     -            537 2576at3041           -            416   8.7e-60  199.3   0.0   1   1   2.4e-61   1.2e-59  198.8   0.0     8   341   169   530   159   535 0.79 -
TRINITY_DN4952_c0_g1_i2:218-1288 -            357 2576at3041           -            416   2.1e-53  178.3   0.4   1   1   5.2e-55   2.7e-53  177.9   0.4    21   329     6   346     1   356 0.77 -
TRINITY_DN42_c1_g1_i1:1-1398     -            466 2576at3041           -            416   4.6e-52  173.9   0.2   1   1   1.4e-53     7e-52  173.3   0.2    11   332   113   464   104   466 0.81 -
TRINITY_DN96_c0_g2_i1:110-1309   -            400 2576at3041           -            416   5.7e-51  170.3   0.7   1   1   1.4e-52   6.9e-51  170.0   0.7     8   338    38   382    28   392 0.82 -
TRINITY_DN96_c0_g1_i4:560-1879   -            440 2576at3041           -            416   5.8e-50  167.0   0.1   1   1   1.4e-51   7.2e-50  166.6   0.1     9   337    79   421    68   434 0.84 -
TRINITY_DN4952_c0_g1_i1:218-1282 -            355 2576at3041           -            416   6.4e-50  166.8   0.1   1   1   1.7e-51   8.8e-50  166.4   0.1    32   329    15   344     8   354 0.76 -
TRINITY_DN96_c0_g1_i11:110-1429  -            440 2576at3041           -            416   1.2e-48  162.7   0.1   1   1   2.8e-50   1.4e-48  162.3   0.1     9   338    79   422    68   432 0.83 -
TRINITY_DN42_c0_g1_i7:2-943      -            314 2576at3041           -            416   1.7e-47  158.8   0.0   1   1   5.2e-49   2.7e-47  158.2   0.0    10   286    16   314     5   314 0.80 -
TRINITY_DN533_c0_g1_i4:402-1706  -            435 2576at3041           -            416   5.1e-44  147.4   0.0   1   1   1.5e-45   7.5e-44  146.8   0.0     8   336    51   410    41   419 0.81 -
TRINITY_DN42_c0_g3_i2:65-997     -            311 2576at3041           -            416   5.5e-41  137.4   0.0   1   2   3.6e-16   1.9e-14   50.0   0.0    77   166     1    91     1   119 0.87 -
TRINITY_DN42_c0_g3_i2:65-997     -            311 2576at3041           -            416   5.5e-41  137.4   0.0   2   2   5.3e-27   2.7e-25   85.7   0.0   168   326   130   309   125   311 0.81 -
TRINITY_DN96_c0_g1_i9:560-1810   -            417 2576at3041           -            416   9.9e-41  136.5   0.1   1   2   8.1e-15   4.1e-13   45.5   0.0     9    99    79   164    68   183 0.79 -
TRINITY_DN96_c0_g1_i9:560-1810   -            417 2576at3041           -            416   9.9e-41  136.5   0.1   2   2   2.8e-28   1.4e-26   89.9   0.0   135   337   180   398   173   408 0.83 -
TRINITY_DN42_c0_g3_i1:1-1068     -            356 2576at3041           -            416   1.1e-39  133.1   0.0   1   2   4.8e-16   2.5e-14   49.6   0.0    77   166     1    91     1   118 0.87 -
TRINITY_DN42_c0_g3_i1:1-1068     -            356 2576at3041           -            416   1.1e-39  133.1   0.0   2   2   8.9e-26   4.6e-24   81.6   0.1   168   337   130   320   125   349 0.78 -
TRINITY_DN818_c0_g1_i1:1-408     -            136 2576at3041           -            416   9.1e-33  110.3   0.0   1   1     2e-34     1e-32  110.1   0.0    19   155     1   136     1   136 0.90 -
TRINITY_DN1204_c0_g2_i1:119-637  -            173 2576at3041           -            416   1.7e-31  106.1   0.5   1   1   3.9e-33     2e-31  105.9   0.5    20   177     1   172     1   173 0.79 -
TRINITY_DN3663_c0_g1_i2:2-721    -            240 2576at3041           -            416   4.9e-29   98.0   0.1   1   1   1.3e-30   6.4e-29   97.6   0.1   112   326     5   232     2   237 0.85 -
TRINITY_DN96_c0_g1_i10:97-897    -            267 2576at3041           -            416   3.2e-27   92.0   0.0   1   1   7.5e-29   3.9e-27   91.8   0.0     9   182    79   250    68   262 0.86 -
TRINITY_DN7072_c0_g1_i2:1-594    -            198 2576at3041           -            416   8.1e-27   90.7   0.0   1   1   1.8e-28   9.4e-27   90.5   0.0     2   129    64   198    63   198 0.85 -
TRINITY_DN35416_c0_g1_i1:0-416   -            139 2576at3041           -            416   6.2e-26   87.8   0.0   1   1   1.3e-27   6.9e-26   87.6   0.0    19   150     2   139     1   139 0.88 -
TRINITY_DN7072_c0_g1_i1:7-351    -            115 2576at3041           -            416   1.9e-24   82.9   0.2   1   1   4.1e-26   2.1e-24   82.8   0.2    19   127     1   115     1   115 0.87 -
TRINITY_DN6450_c0_g1_i1:8-571    -            188 2576at3041           -            416     4e-23   78.5   0.1   1   1   8.7e-25   4.5e-23   78.4   0.1     2   145    35   188    34   188 0.79 -
TRINITY_DN200_c0_g1_i2:43-561    -            173 2576at3041           -            416   2.8e-20   69.2   0.0   1   1   5.4e-22   2.8e-20   69.2   0.0   203   325    39   169     2   173 0.79 -
TRINITY_DN533_c0_g1_i3:6-404     -            133 2576at3041           -            416   5.5e-20   68.2   0.0   1   1   1.2e-21   6.1e-20   68.0   0.0    23   154     1   132     1   133 0.88 -
TRINITY_DN15809_c0_g1_i1:5-643   -            213 2576at3041           -            416   3.8e-18   62.1   1.4   1   1     6e-19   3.1e-17   59.2   1.4    42   184     5   176     1   182 0.75 -
TRINITY_DN21823_c0_g1_i1:21-317  -             99 2576at3041           -            416     4e-17   58.8   0.1   1   1   9.2e-19   4.7e-17   58.5   0.1    20    90     1    74     1    80 0.90 -
TRINITY_DN533_c0_g1_i2:402-1106  -            235 2576at3041           -            416   2.8e-16   56.0   0.0   1   1   9.1e-18   4.7e-16   55.3   0.0   162   337     6   211     2   219 0.73 -
TRINITY_DN533_c0_g1_i5:405-1034  -            210 2576at3041           -            416     4e-15   52.2   0.0   1   1   1.3e-16   6.5e-15   51.5   0.0   205   337    34   187    13   195 0.75 -
TRINITY_DN6352_c0_g1_i1:44-583   -            180 2576at3041           -            416   9.6e-13   44.4   0.0   1   1     2e-14     1e-12   44.2   0.0   174   308    21   180     1   180 0.67 -
TRINITY_DN15231_c0_g1_i1:174-791 -            206 2576at3041           -            416    0.0002   17.0   0.0   1   1   4.3e-06   0.00022   16.8   0.0    29   153    11   141     2   186 0.63 -
TRINITY_DN15231_c0_g1_i2:75-1847 -            591 2576at3041           -            416   0.00029   16.4   0.0   1   2     2e-05     0.001   14.6   0.0    23   154    37   175    28   284 0.64 -
TRINITY_DN15231_c0_g1_i2:75-1847 -            591 2576at3041           -            416   0.00029   16.4   0.0   2   2       1.4        70   -1.3   0.0   255   296   342   383   336   392 0.88 -
#
# Program:         hmmsearch
# Version:         3.2.1 (June 2018)
# Pipeline mode:   SEARCH
# Query file:      /sw/bioinfo/BUSCO/v5_lineage_sets/lineages/chlorophyta_odb10/hmms/2576at3041.hmm
# Target file:     /crex/proj/snic2022-23-81/expression_algae/code/busco/trinity_VA-3180-Osg12Sin/run_chlorophyta_odb10/metaeuk_output/initial_results/trinity_VA-3180-Osg12Sin.Trinity.fasta.modified.fas
# Option settings: hmmsearch --domtblout /crex/proj/snic2022-23-81/expression_algae/code/busco/trinity_VA-3180-Osg12Sin/run_chlorophyta_odb10/hmmer_output/initial_run_results/2576at3041.out --cpu 1 /sw/bioinfo/BUSCO/v5_lineage_sets/lineages/chlorophyta_odb10/hmms/2576at3041.hmm /crex/proj/snic2022-23-81/expression_algae/code/busco/trinity_VA-3180-Osg12Sin/run_chlorophyta_odb10/metaeuk_output/initial_results/trinity_VA-3180-Osg12Sin.Trinity.fasta.modified.fas 
# Current dir:     /crex/proj/snic2022-23-81/expression_algae/code/busco
# Date:            Fri Sep 23 10:12:02 2022
# [ok]
