#                                                                                        --- full sequence --- -------------- this domain -------------   hmm coord   ali coord   env coord
# target name                    accession   tlen query name           accession   qlen   E-value  score  bias   #  of  c-Evalue  i-Evalue  score  bias  from    to  from    to  from    to  acc description of target
#            ------------------- ---------- ----- -------------------- ---------- ----- --------- ------ ----- --- --- --------- --------- ------ ----- ----- ----- ----- ----- ----- ----- ---- ---------------------
TRINITY_DN1322_c0_g1_i1:35-505   -            157 2694at3041           -            246   6.4e-47  156.8   0.1   1   1     4e-49     8e-47  156.5   0.1   103   240     2   157     1   157 0.88 -
TRINITY_DN1322_c0_g1_i2:35-508   -            158 2694at3041           -            246   3.4e-44  147.9   0.1   1   1   2.2e-46   4.3e-44  147.5   0.1   103   241     2   158     1   158 0.88 -
TRINITY_DN1561_c0_g1_i2:1-501    -            167 2694at3041           -            246   1.2e-37  126.4   3.1   1   1   7.3e-40   1.5e-37  126.2   3.1    91   239    14   167     3   167 0.87 -
TRINITY_DN6966_c0_g1_i1:59-508   -            150 2694at3041           -            246   4.8e-25   85.1   0.1   1   1     3e-27     6e-25   84.8   0.1     2    77    62   150    61   150 0.89 -
TRINITY_DN1292_c0_g1_i4:29-475   -            149 2694at3041           -            246   8.6e-20   68.0   0.0   1   1   5.5e-22   1.1e-19   67.6   0.0     3    77    61   149    59   149 0.86 -
TRINITY_DN30081_c0_g1_i1:147-644 -            166 2694at3041           -            246   5.2e-19   65.4   0.1   1   1   3.2e-21   6.5e-19   65.1   0.1     2    77    80   166    79   166 0.83 -
TRINITY_DN30687_c0_g1_i1:207-677 -            157 2694at3041           -            246   4.2e-18   62.4   0.0   1   2   1.8e-13   3.6e-11   39.7   0.1     3    42    52    90    50    93 0.91 -
TRINITY_DN30687_c0_g1_i1:207-677 -            157 2694at3041           -            246   4.2e-18   62.4   0.0   2   2   1.2e-07   2.3e-05   20.7   0.0    41    77   110   155    98   156 0.79 -
TRINITY_DN1561_c0_g3_i1:23-463   -            147 2694at3041           -            246   3.9e-16   56.0   0.0   1   1   2.6e-18   5.1e-16   55.6   0.0     2    78    55   141    54   144 0.86 -
TRINITY_DN3946_c0_g1_i1:5-958    -            318 2694at3041           -            246   8.4e-14   48.3   0.0   1   1   5.8e-16   1.2e-13   47.9   0.0     2    94   188   292   187   318 0.76 -
TRINITY_DN8041_c0_g1_i1:5-379    -            125 2694at3041           -            246   1.4e-13   47.6   0.6   1   1   9.8e-16     2e-13   47.1   0.6     2    42    82   122    81   125 0.94 -
#
# Program:         hmmsearch
# Version:         3.2.1 (June 2018)
# Pipeline mode:   SEARCH
# Query file:      /sw/bioinfo/BUSCO/v5_lineage_sets/lineages/chlorophyta_odb10/hmms/2694at3041.hmm
# Target file:     /crex/proj/snic2022-23-81/expression_algae/code/busco/trinity_VA-3180-Osg12Sin/run_chlorophyta_odb10/metaeuk_output/initial_results/trinity_VA-3180-Osg12Sin.Trinity.fasta.modified.fas
# Option settings: hmmsearch --domtblout /crex/proj/snic2022-23-81/expression_algae/code/busco/trinity_VA-3180-Osg12Sin/run_chlorophyta_odb10/hmmer_output/initial_run_results/2694at3041.out --cpu 1 /sw/bioinfo/BUSCO/v5_lineage_sets/lineages/chlorophyta_odb10/hmms/2694at3041.hmm /crex/proj/snic2022-23-81/expression_algae/code/busco/trinity_VA-3180-Osg12Sin/run_chlorophyta_odb10/metaeuk_output/initial_results/trinity_VA-3180-Osg12Sin.Trinity.fasta.modified.fas 
# Current dir:     /crex/proj/snic2022-23-81/expression_algae/code/busco
# Date:            Fri Sep 23 10:12:01 2022
# [ok]
