#                                                                                         --- full sequence --- -------------- this domain -------------   hmm coord   ali coord   env coord
# target name                     accession   tlen query name           accession   qlen   E-value  score  bias   #  of  c-Evalue  i-Evalue  score  bias  from    to  from    to  from    to  acc description of target
#             ------------------- ---------- ----- -------------------- ---------- ----- --------- ------ ----- --- --- --------- --------- ------ ----- ----- ----- ----- ----- ----- ----- ---- ---------------------
TRINITY_DN1171_c0_g1_i5:488-1375  -            296 3208at3041           -            277   1.1e-66  221.5   0.0   1   1   1.8e-67   1.3e-66  221.2   0.0     6   266     4   292     1   295 0.86 -
TRINITY_DN4705_c0_g1_i3:296-1144  -            283 3208at3041           -            277   2.4e-61  204.0   0.0   1   1   3.6e-62   2.7e-61  203.8   0.0     1   265     2   283     2   283 0.90 -
TRINITY_DN354_c0_g1_i3:392-1474   -            361 3208at3041           -            277   1.3e-59  198.3   0.0   1   1   2.3e-60   1.7e-59  197.9   0.0     2   274    32   327    31   330 0.81 -
TRINITY_DN354_c0_g1_i2:392-1549   -            386 3208at3041           -            277   1.6e-59  198.0   0.0   1   1   2.9e-60   2.1e-59  197.6   0.0     2   274    57   352    56   355 0.81 -
TRINITY_DN354_c0_g1_i4:392-1549   -            386 3208at3041           -            277   1.6e-59  198.0   0.0   1   1   2.9e-60   2.1e-59  197.6   0.0     2   274    57   352    56   355 0.81 -
TRINITY_DN2995_c0_g4_i1:505-1557  -            351 3208at3041           -            277   1.3e-55  185.2   0.0   1   1   2.4e-56   1.8e-55  184.7   0.0     2   267     4   302     3   310 0.82 -
TRINITY_DN4705_c0_g1_i1:197-961   -            255 3208at3041           -            277   6.5e-55  182.9   0.0   1   1   9.8e-56   7.3e-55  182.7   0.0    26   265     1   254     1   255 0.89 -
TRINITY_DN2995_c0_g4_i2:74-1126   -            351 3208at3041           -            277     5e-53  176.7   0.0   1   1   9.9e-54   7.3e-53  176.2   0.0    12   267    14   302    11   310 0.81 -
TRINITY_DN1742_c0_g1_i2:158-712   -            185 3208at3041           -            277   1.4e-51  171.9   0.1   1   1   2.2e-52   1.6e-51  171.7   0.1     1   168     2   183     2   185 0.87 -
TRINITY_DN1537_c3_g1_i1:36-830    -            265 3208at3041           -            277   1.3e-47  159.0   0.0   1   1   2.1e-48   1.6e-47  158.7   0.0     2   229     3   243     2   250 0.88 -
TRINITY_DN2995_c0_g3_i1:2-883     -            294 3208at3041           -            277   2.5e-47  158.0   0.0   1   1   4.4e-48   3.2e-47  157.7   0.0    25   264    22   294     1   294 0.79 -
TRINITY_DN14147_c0_g1_i1:5-616    -            204 3208at3041           -            277   2.9e-47  157.8   0.0   1   1   4.3e-48   3.2e-47  157.7   0.0     8   190     2   199     1   204 0.87 -
TRINITY_DN1092_c0_g2_i3:40-915    -            292 3208at3041           -            277     6e-44  146.9   0.2   1   1     1e-43   7.4e-43  143.4   0.2     6   265     4   288     1   291 0.81 -
TRINITY_DN2995_c0_g2_i1:5-685     -            227 3208at3041           -            277   2.3e-43  145.0   0.0   1   1   3.7e-44   2.7e-43  144.8   0.0    22   214     1   211     1   222 0.85 -
TRINITY_DN1092_c0_g2_i2:2-865     -            288 3208at3041           -            277   1.7e-42  142.2   0.4   1   1   2.6e-42   1.9e-41  138.7   0.4     2   263     2   288     1   288 0.79 -
TRINITY_DN1092_c0_g2_i4:55-918    -            288 3208at3041           -            277   1.4e-41  139.2   0.2   1   1   2.4e-41   1.7e-40  135.6   0.2     8   264     9   288     4   288 0.83 -
TRINITY_DN3126_c0_g1_i1:1-336     -            112 3208at3041           -            277   3.4e-40  134.6   0.0   1   1   5.1e-41   3.8e-40  134.5   0.0   100   205     2   112     1   112 0.93 -
TRINITY_DN2588_c0_g1_i2:10-552    -            181 3208at3041           -            277   8.1e-35  117.0   0.0   1   1   1.3e-35   9.7e-35  116.7   0.0   112   267     1   169     1   178 0.85 -
TRINITY_DN1092_c0_g4_i2:26-628    -            201 3208at3041           -            277   1.8e-34  115.9   0.0   1   1   2.8e-35     2e-34  115.7   0.0     1   189     1   201     1   201 0.83 -
TRINITY_DN4888_c0_g1_i2:688-1995  -            436 3208at3041           -            277   2.7e-32  108.7   0.1   1   1   1.4e-30     1e-29  100.2   0.1     9   267     1   255     1   266 0.78 -
TRINITY_DN4888_c0_g1_i3:688-1995  -            436 3208at3041           -            277   2.7e-32  108.7   0.1   1   1   1.4e-30     1e-29  100.2   0.1     9   267     1   255     1   266 0.78 -
TRINITY_DN4888_c0_g1_i4:688-1995  -            436 3208at3041           -            277   2.7e-32  108.7   0.1   1   1   1.4e-30     1e-29  100.2   0.1     9   267     1   255     1   266 0.78 -
TRINITY_DN14147_c2_g1_i1:4-306    -            101 3208at3041           -            277   3.5e-32  108.3   0.0   1   1     5e-33   3.7e-32  108.3   0.0   105   197     2    99     1   101 0.91 -
TRINITY_DN2995_c0_g1_i1:13-441    -            143 3208at3041           -            277   1.3e-31  106.4   0.0   1   1   2.1e-32   1.6e-31  106.2   0.0   146   267     2   132     1   140 0.83 -
TRINITY_DN1724_c0_g1_i5:639-1475  -            279 3208at3041           -            277   1.9e-31  106.0   0.1   1   2   4.6e-27   3.4e-26   88.7   0.0     3   187    14   218    12   247 0.80 -
TRINITY_DN1724_c0_g1_i5:639-1475  -            279 3208at3041           -            277   1.9e-31  106.0   0.1   2   2   8.4e-05   0.00062   15.7   0.0   235   264   248   277   238   279 0.90 -
TRINITY_DN1724_c0_g1_i8:639-1475  -            279 3208at3041           -            277   1.9e-31  106.0   0.1   1   2   4.6e-27   3.4e-26   88.7   0.0     3   187    14   218    12   247 0.80 -
TRINITY_DN1724_c0_g1_i8:639-1475  -            279 3208at3041           -            277   1.9e-31  106.0   0.1   2   2   8.4e-05   0.00062   15.7   0.0   235   264   248   277   238   279 0.90 -
TRINITY_DN2951_c0_g1_i1:346-1641  -            432 3208at3041           -            277   4.5e-31  104.7   0.1   1   2   9.1e-27   6.8e-26   87.7   0.0    10   217     2   224     1   227 0.82 -
TRINITY_DN2951_c0_g1_i1:346-1641  -            432 3208at3041           -            277   4.5e-31  104.7   0.1   2   2   7.5e-05   0.00055   15.8   0.1   235   272   223   260   217   263 0.88 -
TRINITY_DN8262_c0_g1_i1:70-819    -            250 3208at3041           -            277   4.9e-31  104.6   0.1   1   1   7.1e-29   5.3e-28   94.6   0.1    45   216    35   215    20   250 0.81 -
TRINITY_DN2853_c0_g1_i1:347-1132  -            262 3208at3041           -            277   1.8e-30  102.7   0.0   1   1   2.9e-31   2.2e-30  102.5   0.0     1   201     2   217     2   255 0.78 -
TRINITY_DN8262_c0_g1_i3:129-881   -            251 3208at3041           -            277   3.5e-30  101.8   0.1   1   1   2.2e-29   1.7e-28   96.3   0.1    10   216     2   222     1   251 0.78 -
TRINITY_DN2951_c0_g1_i2:346-1635  -            430 3208at3041           -            277   6.6e-30  100.9   0.1   1   2   1.3e-25     1e-24   83.9   0.0    11   217     3   222     1   225 0.81 -
TRINITY_DN2951_c0_g1_i2:346-1635  -            430 3208at3041           -            277   6.6e-30  100.9   0.1   2   2   8.6e-05   0.00063   15.7   0.0   235   272   221   258   218   261 0.89 -
TRINITY_DN2853_c0_g1_i3:67-660    -            198 3208at3041           -            277   7.9e-29   97.3   0.0   1   1   1.2e-29     9e-29   97.2   0.0     1   182     3   198     3   198 0.82 -
TRINITY_DN2944_c0_g1_i2:2-667     -            222 3208at3041           -            277   1.7e-28   96.3   0.0   1   1   2.6e-29   1.9e-28   96.1   0.0     1   194    10   218    10   222 0.79 -
TRINITY_DN1742_c0_g1_i1:115-456   -            114 3208at3041           -            277   9.5e-28   93.8   0.1   1   1   1.5e-28   1.1e-27   93.6   0.1    61   163     2   114     1   114 0.83 -
TRINITY_DN1981_c0_g1_i1:39-374    -            112 3208at3041           -            277   1.1e-27   93.6   0.0   1   1   1.5e-28   1.1e-27   93.5   0.0    89   189     3   108     1   112 0.87 -
TRINITY_DN102_c0_g1_i2:317-1609   -            431 3208at3041           -            277   1.8e-27   92.9   0.0   1   1   7.9e-26   5.8e-25   84.7   0.0     9   213     1   220     1   259 0.72 -
TRINITY_DN2951_c0_g1_i3:343-1515  -            391 3208at3041           -            277   2.1e-27   92.7   0.2   1   2   4.7e-23   3.4e-22   75.6   0.0    46   217     1   182     1   185 0.84 -
TRINITY_DN2951_c0_g1_i3:343-1515  -            391 3208at3041           -            277   2.1e-27   92.7   0.2   2   2   5.6e-05   0.00042   16.3   0.0   235   272   181   218   171   221 0.88 -
TRINITY_DN1582_c0_g1_i10:138-1016 -            293 3208at3041           -            277   5.9e-27   91.2   0.0   1   2   1.4e-25   1.1e-24   83.8   0.0     7   189     6   199     3   205 0.83 -
TRINITY_DN1582_c0_g1_i10:138-1016 -            293 3208at3041           -            277   5.9e-27   91.2   0.0   2   2      0.11      0.84    5.4   0.0   235   267   225   263   210   273 0.75 -
TRINITY_DN1582_c0_g1_i15:138-1016 -            293 3208at3041           -            277   5.9e-27   91.2   0.0   1   2   1.4e-25   1.1e-24   83.8   0.0     7   189     6   199     3   205 0.83 -
TRINITY_DN1582_c0_g1_i15:138-1016 -            293 3208at3041           -            277   5.9e-27   91.2   0.0   2   2      0.11      0.84    5.4   0.0   235   267   225   263   210   273 0.75 -
TRINITY_DN4888_c2_g1_i2:217-1017  -            267 3208at3041           -            277   9.9e-27   90.5   0.0   1   2   3.1e-26   2.3e-25   86.0   0.0     6   189     5   200     1   215 0.78 -
TRINITY_DN4888_c2_g1_i2:217-1017  -            267 3208at3041           -            277   9.9e-27   90.5   0.0   2   2      0.78       5.8    2.7   0.0   235   267   224   261   218   267 0.79 -
TRINITY_DN10307_c0_g1_i1:242-850  -            203 3208at3041           -            277   2.8e-26   89.0   0.0   1   1   4.6e-27   3.4e-26   88.7   0.0    24   173    41   203     2   203 0.83 -
TRINITY_DN10307_c0_g1_i2:190-660  -            157 3208at3041           -            277   8.1e-26   87.5   0.0   1   1   1.3e-26   9.7e-26   87.2   0.0    37   173     9   157     3   157 0.81 -
TRINITY_DN189_c0_g2_i1:1-243      -             81 3208at3041           -            277   9.2e-26   87.3   0.0   1   1   1.4e-26     1e-25   87.2   0.0   113   189     1    81     1    81 0.90 -
TRINITY_DN1028_c0_g1_i6:48-1109   -            354 3208at3041           -            277   3.3e-25   85.5   0.0   1   2   7.2e-22   5.3e-21   71.7   0.0    26   183     1   164     1   184 0.87 -
TRINITY_DN1028_c0_g1_i6:48-1109   -            354 3208at3041           -            277   3.3e-25   85.5   0.0   2   2     0.001    0.0077   12.1   0.0   231   276   196   241   173   242 0.79 -
TRINITY_DN25288_c0_g1_i1:152-1069 -            306 3208at3041           -            277   3.8e-25   85.3   0.2   1   1     5e-24   3.7e-23   78.7   0.2     3   270     4   274     2   280 0.73 -
TRINITY_DN8902_c0_g1_i2:168-965   -            266 3208at3041           -            277     1e-24   83.8   0.3   1   1   3.7e-25   2.7e-24   82.5   0.2     3   189     8   207     6   225 0.80 -
TRINITY_DN8902_c0_g1_i3:134-751   -            206 3208at3041           -            277   2.7e-24   82.5   0.1   1   1   4.1e-25   3.1e-24   82.3   0.1     3   186     8   203     6   206 0.80 -
TRINITY_DN3285_c0_g2_i1:345-1175  -            277 3208at3041           -            277   3.5e-24   82.1   0.0   1   2   8.3e-22   6.1e-21   71.5   0.0    44   200    61   230     3   239 0.76 -
TRINITY_DN3285_c0_g2_i1:345-1175  -            277 3208at3041           -            277   3.5e-24   82.1   0.0   2   2     0.011     0.078    8.8   0.0   237   265   246   275   241   277 0.87 -
TRINITY_DN4888_c0_g1_i1:688-1809  -            374 3208at3041           -            277   3.5e-24   82.1   0.0   1   1   2.2e-22   1.6e-21   73.3   0.0    66   267     2   193     1   204 0.78 -
TRINITY_DN6979_c0_g2_i1:0-713     -            238 3208at3041           -            277   5.1e-24   81.6   0.1   1   1   8.5e-25   6.2e-24   81.3   0.1     8   189    12   202     6   219 0.81 -
TRINITY_DN6979_c0_g2_i2:0-713     -            238 3208at3041           -            277   5.1e-24   81.6   0.1   1   1   8.5e-25   6.2e-24   81.3   0.1     8   189    12   202     6   219 0.81 -
TRINITY_DN967_c0_g1_i2:333-1211   -            293 3208at3041           -            277     6e-24   81.3   0.1   1   1   3.1e-24   2.3e-23   79.4   0.1     3   270     5   293     3   293 0.79 -
TRINITY_DN9563_c0_g1_i1:269-1189  -            307 3208at3041           -            277   8.8e-24   80.8   0.0   1   2   4.4e-21   3.3e-20   69.1   0.0    45   190    97   253    86   267 0.78 -
TRINITY_DN9563_c0_g1_i1:269-1189  -            307 3208at3041           -            277   8.8e-24   80.8   0.0   2   2      0.01     0.074    8.9   0.0   233   264   276   307   269   307 0.92 -
TRINITY_DN9563_c0_g1_i2:269-1189  -            307 3208at3041           -            277   8.8e-24   80.8   0.0   1   2   4.4e-21   3.3e-20   69.1   0.0    45   190    97   253    86   267 0.78 -
TRINITY_DN9563_c0_g1_i2:269-1189  -            307 3208at3041           -            277   8.8e-24   80.8   0.0   2   2      0.01     0.074    8.9   0.0   233   264   276   307   269   307 0.92 -
TRINITY_DN2810_c0_g1_i2:1-525     -            175 3208at3041           -            277   1.1e-23   80.4   0.0   1   1   1.8e-24   1.3e-23   80.2   0.0     1   160     2   171     2   174 0.83 -
TRINITY_DN1166_c0_g1_i3:640-1506  -            289 3208at3041           -            277   2.2e-23   79.5   0.2   1   1   2.2e-23   1.6e-22   76.7   0.2    10   270    13   288     4   289 0.75 -
TRINITY_DN34573_c0_g1_i1:9-770    -            254 3208at3041           -            277   2.2e-23   79.5   0.0   1   2     1e-21   7.6e-21   71.2   0.0    55   205    16   174     1   185 0.79 -
TRINITY_DN34573_c0_g1_i1:9-770    -            254 3208at3041           -            277   2.2e-23   79.5   0.0   2   2     0.048      0.36    6.6   0.0   238   264   228   254   208   254 0.84 -
TRINITY_DN97_c0_g2_i1:31-927      -            299 3208at3041           -            277   4.9e-23   78.3   2.0   1   1   5.7e-22   4.2e-21   72.0   2.0     1   188    16   229    16   299 0.75 -
TRINITY_DN2944_c0_g1_i1:2-550     -            183 3208at3041           -            277   5.2e-23   78.2   0.0   1   1   7.6e-24   5.6e-23   78.1   0.0    41   194    15   179     1   183 0.80 -
TRINITY_DN14147_c1_g1_i1:1-420    -            140 3208at3041           -            277   6.5e-23   77.9   0.0   1   1     1e-23   7.7e-23   77.7   0.0     2   120     4   140     3   140 0.82 -
TRINITY_DN97_c0_g2_i3:961-1845    -            295 3208at3041           -            277   7.2e-23   77.8   1.5   1   1   8.5e-22   6.3e-21   71.4   1.5     1   188    12   225    12   295 0.75 -
TRINITY_DN4888_c3_g2_i2:184-720   -            179 3208at3041           -            277   3.1e-22   75.7   0.0   1   1   4.8e-23   3.5e-22   75.5   0.0     3   160     6   179     4   179 0.77 -
TRINITY_DN2588_c0_g1_i1:28-426    -            133 3208at3041           -            277   6.9e-22   74.6   0.0   1   1   1.1e-22     8e-22   74.4   0.0   149   267     1   127     1   133 0.86 -
TRINITY_DN7187_c0_g3_i1:350-1243  -            298 3208at3041           -            277   8.2e-22   74.3   0.4   1   1   3.2e-22   2.3e-21   72.8   0.3     9   189    39   244    31   271 0.77 -
TRINITY_DN1028_c0_g1_i3:48-1184   -            379 3208at3041           -            277   9.7e-22   74.1   0.0   1   2      0.91       6.7    2.5   0.0    26    68     1    41     1    51 0.82 -
TRINITY_DN1028_c0_g1_i3:48-1184   -            379 3208at3041           -            277   9.7e-22   74.1   0.0   2   2   1.5e-18   1.1e-17   60.8   0.0    55   276    53   266    45   267 0.81 -
TRINITY_DN2775_c2_g1_i3:2211-3068 -            286 3208at3041           -            277     1e-21   74.0   0.1   1   1     5e-22   3.7e-21   72.2   0.1     2   195     5   224     4   235 0.77 -
TRINITY_DN1092_c0_g4_i1:92-640    -            183 3208at3041           -            277   1.1e-21   73.9   0.0   1   1   1.8e-22   1.3e-21   73.7   0.0     1   155     4   170     4   181 0.78 -
TRINITY_DN20699_c0_g1_i1:204-689  -            162 3208at3041           -            277   1.3e-21   73.6   0.0   1   1     2e-22   1.5e-21   73.5   0.0     8   140    10   152     3   160 0.82 -
TRINITY_DN967_c0_g1_i1:333-1070   -            246 3208at3041           -            277   1.4e-21   73.5   0.0   1   1   7.6e-22   5.6e-21   71.6   0.0    45   270     3   246     1   246 0.76 -
TRINITY_DN31207_c0_g1_i1:56-892   -            279 3208at3041           -            277   2.9e-21   72.5   0.0   1   2   3.7e-20   2.7e-19   66.0   0.0     6   193    13   226     8   242 0.74 -
TRINITY_DN31207_c0_g1_i1:56-892   -            279 3208at3041           -            277   2.9e-21   72.5   0.0   2   2      0.39       2.9    3.7   0.0   235   265   244   274   234   277 0.90 -
TRINITY_DN25305_c0_g1_i1:1-351    -            117 3208at3041           -            277   4.4e-21   71.9   0.0   1   1   6.3e-22   4.7e-21   71.9   0.0    93   194     4   107     1   116 0.83 -
TRINITY_DN363_c0_g1_i2:1858-2715  -            286 3208at3041           -            277   4.4e-21   71.9   0.0   1   1   6.9e-21   5.1e-20   68.4   0.0     1   264     5   285     5   286 0.80 -
TRINITY_DN954_c0_g2_i2:2-547      -            182 3208at3041           -            277     6e-21   71.5   0.0   1   1   9.4e-22   6.9e-21   71.3   0.0     2   164     1   173     1   181 0.86 -
TRINITY_DN14106_c0_g1_i1:415-780  -            122 3208at3041           -            277   8.7e-21   71.0   0.0   1   1   1.2e-21   8.9e-21   70.9   0.0    87   188    18   122     1   122 0.80 -
TRINITY_DN10791_c0_g2_i1:28-573   -            182 3208at3041           -            277   1.1e-20   70.7   0.2   1   1   1.6e-21   1.2e-20   70.6   0.2     8   141    18   162    11   182 0.78 -
TRINITY_DN1166_c0_g1_i4:310-954   -            215 3208at3041           -            277   1.1e-20   70.6   0.1   1   1     5e-21   3.7e-20   68.9   0.1    10   182    13   207     4   212 0.78 -
TRINITY_DN8262_c0_g1_i6:82-600    -            173 3208at3041           -            277   3.1e-20   69.1   0.1   1   1   9.3e-20   6.9e-19   64.7   0.1    88   215    14   145     1   173 0.81 -
TRINITY_DN1724_c0_g1_i4:633-1070  -            146 3208at3041           -            277   3.3e-20   69.1   0.1   1   2     2e-15   1.5e-14   50.5   0.0   112   192     3    89     1   114 0.80 -
TRINITY_DN1724_c0_g1_i4:633-1070  -            146 3208at3041           -            277   3.3e-20   69.1   0.1   2   2   2.8e-05   0.00021   17.2   0.0   235   265   113   143   106   145 0.90 -
TRINITY_DN2043_c0_g4_i1:31-678    -            216 3208at3041           -            277   3.7e-20   68.9   0.0   1   1   6.2e-21   4.6e-20   68.6   0.0    10   200     1   207     1   211 0.82 -
TRINITY_DN16741_c0_g1_i1:3-488    -            162 3208at3041           -            277   4.4e-20   68.7   0.0   1   1   7.4e-21   5.5e-20   68.3   0.0     1   141     1   161     1   162 0.76 -
TRINITY_DN1171_c1_g1_i1:56-505    -            150 3208at3041           -            277   4.7e-20   68.6   0.0   1   1   9.3e-21   6.8e-20   68.0   0.0     3   139     3   150     1   150 0.83 -
TRINITY_DN421_c0_g1_i1:2-607      -            202 3208at3041           -            277   4.9e-20   68.5   0.0   1   2   1.1e-19   8.3e-19   64.5   0.0    54   188     1   144     1   159 0.83 -
TRINITY_DN421_c0_g1_i1:2-607      -            202 3208at3041           -            277   4.9e-20   68.5   0.0   2   2      0.98       7.2    2.3   0.0   237   264   174   201   154   202 0.85 -
TRINITY_DN3633_c0_g1_i6:154-714   -            187 3208at3041           -            277   6.6e-20   68.1   0.0   1   1   1.2e-20   8.6e-20   67.7   0.0    25   145    49   175    40   180 0.81 -
TRINITY_DN4852_c0_g1_i3:2-1264    -            421 3208at3041           -            277   9.2e-20   67.6   0.0   1   2   5.4e-10     4e-09   32.7   0.0     2   127   114   252   113   262 0.78 -
TRINITY_DN4852_c0_g1_i3:2-1264    -            421 3208at3041           -            277   9.2e-20   67.6   0.0   2   2   5.2e-10   3.8e-09   32.8   0.0   126   205   274   353   269   364 0.88 -
TRINITY_DN1028_c0_g1_i1:1-441     -            147 3208at3041           -            277   1.3e-19   67.1   0.0   1   1     2e-20   1.5e-19   66.9   0.0     2   137     3   146     2   147 0.86 -
TRINITY_DN815_c0_g1_i1:84-695     -            204 3208at3041           -            277   1.9e-19   66.6   0.1   1   1   3.1e-20   2.3e-19   66.3   0.1     8   160    37   204    31   204 0.82 -
TRINITY_DN815_c0_g1_i3:84-695     -            204 3208at3041           -            277   1.9e-19   66.6   0.1   1   1   3.1e-20   2.3e-19   66.3   0.1     8   160    37   204    31   204 0.82 -
TRINITY_DN31129_c0_g1_i1:1-240    -             80 3208at3041           -            277   2.5e-19   66.2   0.0   1   1   3.9e-20   2.9e-19   66.0   0.0   112   182     1    77     1    79 0.83 -
TRINITY_DN18550_c0_g1_i1:7-453    -            149 3208at3041           -            277   6.3e-19   64.9   0.0   1   1     1e-19   7.4e-19   64.6   0.0    91   198     4   119     1   141 0.85 -
TRINITY_DN52_c0_g1_i1:669-1604    -            312 3208at3041           -            277   9.8e-19   64.2   0.0   1   3     3e-16   2.2e-15   53.2   0.0    22   140    27   150    13   157 0.79 -
TRINITY_DN52_c0_g1_i1:669-1604    -            312 3208at3041           -            277   9.8e-19   64.2   0.0   2   3       2.5        19    1.0   0.0   165   181   222   238   200   247 0.69 -
TRINITY_DN52_c0_g1_i1:669-1604    -            312 3208at3041           -            277   9.8e-19   64.2   0.0   3   3     0.065      0.48    6.2   0.0   235   267   273   305   260   312 0.86 -
TRINITY_DN52_c0_g1_i3:586-1521    -            312 3208at3041           -            277   9.8e-19   64.2   0.0   1   3     3e-16   2.2e-15   53.2   0.0    22   140    27   150    13   157 0.79 -
TRINITY_DN52_c0_g1_i3:586-1521    -            312 3208at3041           -            277   9.8e-19   64.2   0.0   2   3       2.5        19    1.0   0.0   165   181   222   238   200   247 0.69 -
TRINITY_DN52_c0_g1_i3:586-1521    -            312 3208at3041           -            277   9.8e-19   64.2   0.0   3   3     0.065      0.48    6.2   0.0   235   267   273   305   260   312 0.86 -
TRINITY_DN902_c0_g1_i1:6-455      -            150 3208at3041           -            277   1.1e-18   64.1   0.0   1   2   7.7e-15   5.7e-14   48.6   0.0   108   200     2   103     1   120 0.74 -
TRINITY_DN902_c0_g1_i1:6-455      -            150 3208at3041           -            277   1.1e-18   64.1   0.0   2   2   0.00021    0.0015   14.4   0.0   235   265   119   149   107   150 0.92 -
TRINITY_DN2775_c2_g2_i3:325-1023  -            233 3208at3041           -            277   1.1e-18   64.0   0.7   1   1   7.4e-19   5.5e-18   61.8   0.6    44   188     4   169     1   178 0.75 -
TRINITY_DN2775_c2_g2_i7:161-859   -            233 3208at3041           -            277   1.1e-18   64.0   0.7   1   1   7.4e-19   5.5e-18   61.8   0.6    44   188     4   169     1   178 0.75 -
TRINITY_DN2775_c2_g1_i2:3-524     -            174 3208at3041           -            277   1.3e-18   63.8   0.1   1   1     2e-19   1.5e-18   63.6   0.1     2   157     5   172     4   174 0.78 -
TRINITY_DN2775_c2_g2_i5:143-958   -            272 3208at3041           -            277     2e-18   63.2   0.1   1   1   1.1e-18   8.4e-18   61.2   0.1    21   187    13   201     1   209 0.76 -
TRINITY_DN2775_c2_g1_i5:211-744   -            178 3208at3041           -            277   3.6e-18   62.4   0.1   1   1   6.1e-19   4.5e-18   62.1   0.1     2   138    18   165    17   170 0.83 -
TRINITY_DN8184_c0_g1_i2:16-690    -            225 3208at3041           -            277   5.1e-18   61.9   0.3   1   2     2e-16   1.5e-15   53.8   0.1    45   202     8   173     4   200 0.67 -
TRINITY_DN8184_c0_g1_i2:16-690    -            225 3208at3041           -            277   5.1e-18   61.9   0.3   2   2     0.028      0.21    7.4   0.0   240   267   194   221   180   225 0.83 -
TRINITY_DN954_c0_g1_i1:0-641      -            214 3208at3041           -            277   5.3e-18   61.8   0.2   1   1     5e-17   3.7e-16   55.8   0.2    88   270     3   182     1   188 0.80 -
TRINITY_DN3633_c0_g1_i7:133-462   -            110 3208at3041           -            277   6.2e-18   61.6   0.0   1   1   9.3e-19   6.9e-18   61.5   0.0    45   145     1   106     1   110 0.83 -
TRINITY_DN52_c0_g1_i6:836-1715    -            265 3208at3041           -            277   8.9e-18   61.1   0.1   1   3   3.9e-15   2.9e-14   49.6   0.0    46   140     5   103     2   110 0.84 -
TRINITY_DN52_c0_g1_i6:836-1715    -            265 3208at3041           -            277   8.9e-18   61.1   0.1   2   3         2        15    1.3   0.0   165   181   175   191   153   201 0.69 -
TRINITY_DN52_c0_g1_i6:836-1715    -            265 3208at3041           -            277   8.9e-18   61.1   0.1   3   3     0.051      0.38    6.6   0.0   235   267   226   258   212   265 0.86 -
TRINITY_DN815_c1_g1_i1:8-517      -            170 3208at3041           -            277   9.6e-18   61.0   0.0   1   1   1.5e-18   1.1e-17   60.8   0.0   106   265     1   170     1   170 0.81 -
TRINITY_DN10908_c0_g1_i1:160-702  -            181 3208at3041           -            277     1e-17   60.9   0.0   1   1   7.1e-17   5.2e-16   55.3   0.0    94   190    13   111     5   176 0.84 -
TRINITY_DN4888_c2_g1_i1:217-657   -            147 3208at3041           -            277   1.1e-17   60.8   0.0   1   2     8e-17   5.9e-16   55.1   0.0   112   189     1    80     1    96 0.84 -
TRINITY_DN4888_c2_g1_i1:217-657   -            147 3208at3041           -            277   1.1e-17   60.8   0.0   2   2      0.28       2.1    4.1   0.0   235   267   104   141    97   147 0.79 -
TRINITY_DN740_c0_g1_i3:116-958    -            281 3208at3041           -            277   1.4e-17   60.5   0.0   1   3      0.53       3.9    3.2   0.0    15    77     7    69     1    87 0.87 -
TRINITY_DN740_c0_g1_i3:116-958    -            281 3208at3041           -            277   1.4e-17   60.5   0.0   2   3   6.3e-16   4.7e-15   52.2   0.0    94   188   116   212   105   228 0.87 -
TRINITY_DN740_c0_g1_i3:116-958    -            281 3208at3041           -            277   1.4e-17   60.5   0.0   3   3       1.6        12    1.6   0.0   237   267   243   278   224   280 0.78 -
TRINITY_DN10759_c0_g1_i1:14-721   -            236 3208at3041           -            277   1.9e-17   60.0   0.2   1   2   1.3e-13   9.3e-13   44.6   0.0    85   139     4    58     1    63 0.94 -
TRINITY_DN10759_c0_g1_i1:14-721   -            236 3208at3041           -            277   1.9e-17   60.0   0.2   2   2   0.00051    0.0038   13.1   0.1   151   190   109   148   103   172 0.81 -
TRINITY_DN8184_c0_g1_i1:31-804    -            258 3208at3041           -            277     2e-17   59.9   0.1   1   2   5.2e-17   3.8e-16   55.7   0.0     8   223     3   235     1   240 0.70 -
TRINITY_DN8184_c0_g1_i1:31-804    -            258 3208at3041           -            277     2e-17   59.9   0.1   2   2      0.39       2.9    3.7   0.0   240   266   232   258   219   258 0.85 -
TRINITY_DN8184_c0_g1_i3:31-804    -            258 3208at3041           -            277     2e-17   59.9   0.1   1   2   5.2e-17   3.8e-16   55.7   0.0     8   223     3   235     1   240 0.70 -
TRINITY_DN8184_c0_g1_i3:31-804    -            258 3208at3041           -            277     2e-17   59.9   0.1   2   2      0.39       2.9    3.7   0.0   240   266   232   258   219   258 0.85 -
TRINITY_DN8382_c0_g1_i1:3-362     -            120 3208at3041           -            277   2.6e-17   59.6   0.0   1   1   3.6e-18   2.7e-17   59.5   0.0    79   182    10   120     1   120 0.81 -
TRINITY_DN52_c0_g1_i4:586-1689    -            309 3208at3041           -            277   4.4e-17   58.8   0.1   1   3   1.3e-14   9.7e-14   47.8   0.0    22   140    27   147    13   154 0.79 -
TRINITY_DN52_c0_g1_i4:586-1689    -            309 3208at3041           -            277   4.4e-17   58.8   0.1   2   3       2.5        18    1.0   0.0   165   181   219   235   197   244 0.69 -
TRINITY_DN52_c0_g1_i4:586-1689    -            309 3208at3041           -            277   4.4e-17   58.8   0.1   3   3     0.065      0.48    6.2   0.0   235   267   270   302   257   309 0.86 -
TRINITY_DN6765_c0_g1_i1:14-400    -            129 3208at3041           -            277   5.1e-17   58.6   0.0   1   1   7.6e-18   5.6e-17   58.5   0.0    95   194    23   125     6   129 0.81 -
TRINITY_DN10791_c1_g1_i1:253-582  -            110 3208at3041           -            277   8.1e-17   57.9   0.0   1   1   1.3e-17   9.4e-17   57.7   0.0   101   188    10   103     4   108 0.82 -
TRINITY_DN4680_c0_g1_i1:1335-2225 -            297 3208at3041           -            277   1.7e-16   56.9   0.1   1   2   1.2e-13   9.1e-13   44.7   0.1     4   142     7   157     5   169 0.81 -
TRINITY_DN4680_c0_g1_i1:1335-2225 -            297 3208at3041           -            277   1.7e-16   56.9   0.1   2   2    0.0038     0.028   10.3   0.0   151   186   223   257   211   275 0.81 -
TRINITY_DN4680_c0_g1_i2:1242-2132 -            297 3208at3041           -            277   1.7e-16   56.9   0.1   1   2   1.2e-13   9.1e-13   44.7   0.1     4   142     7   157     5   169 0.81 -
TRINITY_DN4680_c0_g1_i2:1242-2132 -            297 3208at3041           -            277   1.7e-16   56.9   0.1   2   2    0.0038     0.028   10.3   0.0   151   186   223   257   211   275 0.81 -
TRINITY_DN5311_c0_g3_i1:77-1006   -            310 3208at3041           -            277   2.2e-16   56.5   0.0   1   2    0.0001   0.00076   15.4   0.0     7    79     9    88     6   101 0.84 -
TRINITY_DN5311_c0_g3_i1:77-1006   -            310 3208at3041           -            277   2.2e-16   56.5   0.0   2   2     6e-12   4.4e-11   39.1   0.0   101   201   156   264   145   272 0.82 -
TRINITY_DN8184_c0_g1_i4:16-690    -            225 3208at3041           -            277   2.5e-16   56.3   0.1   1   2   3.4e-15   2.5e-14   49.8   0.0    45   202     8   173     4   199 0.68 -
TRINITY_DN8184_c0_g1_i4:16-690    -            225 3208at3041           -            277   2.5e-16   56.3   0.1   2   2     0.093      0.69    5.7   0.0   239   267   193   221   181   225 0.84 -
TRINITY_DN9010_c0_g1_i1:17-358    -            114 3208at3041           -            277   3.1e-16   56.1   0.0   1   1   4.3e-17   3.1e-16   56.0   0.0    87   183    12   112     1   114 0.83 -
TRINITY_DN4460_c0_g1_i3:433-936   -            168 3208at3041           -            277   4.3e-16   55.6   0.0   1   1     7e-17   5.1e-16   55.3   0.0     1   123    33   168    33   168 0.87 -
TRINITY_DN4460_c0_g1_i4:346-849   -            168 3208at3041           -            277   4.3e-16   55.6   0.0   1   1     7e-17   5.1e-16   55.3   0.0     1   123    33   168    33   168 0.87 -
TRINITY_DN31881_c0_g1_i1:2-550    -            183 3208at3041           -            277   4.5e-16   55.5   0.0   1   1   7.3e-17   5.4e-16   55.3   0.0     2   138    18   165    17   173 0.82 -
TRINITY_DN3014_c0_g1_i2:8-559     -            184 3208at3041           -            277     7e-16   54.9   0.0   1   1   1.2e-16   9.1e-16   54.5   0.0     2   162     4   183     3   184 0.78 -
TRINITY_DN3014_c0_g1_i1:8-571     -            188 3208at3041           -            277   7.3e-16   54.8   0.0   1   1   1.3e-16   9.5e-16   54.4   0.0     2   162     8   187     7   188 0.78 -
TRINITY_DN421_c0_g1_i2:1-486      -            162 3208at3041           -            277   1.1e-15   54.3   0.0   1   2   3.2e-15   2.3e-14   49.9   0.0    97   188     9   104     3   120 0.82 -
TRINITY_DN421_c0_g1_i2:1-486      -            162 3208at3041           -            277   1.1e-15   54.3   0.0   2   2       0.8       5.9    2.6   0.0   237   264   134   161   124   162 0.83 -
TRINITY_DN1028_c0_g1_i4:7-381     -            125 3208at3041           -            277   1.2e-15   54.1   0.0   1   1   1.9e-16   1.4e-15   53.9   0.0    25   136     9   125     3   125 0.87 -
TRINITY_DN21876_c0_g1_i1:2-289    -             96 3208at3041           -            277   1.5e-15   53.8   0.0   1   1   2.1e-16   1.5e-15   53.8   0.0   102   189     2    92     1    96 0.84 -
TRINITY_DN31879_c0_g1_i1:2-412    -            137 3208at3041           -            277   1.8e-15   53.6   0.0   1   1   2.7e-16     2e-15   53.4   0.0     3   115    15   137    13   137 0.87 -
TRINITY_DN1891_c0_g1_i6:43-675    -            211 3208at3041           -            277   7.5e-15   51.5   0.0   1   1   1.2e-15   8.7e-15   51.3   0.0     9   183    10   206     2   211 0.76 -
TRINITY_DN1891_c0_g1_i4:43-666    -            208 3208at3041           -            277   8.7e-15   51.3   0.0   1   1   1.4e-15   1.1e-14   51.0   0.0     4   183     2   203     1   208 0.76 -
TRINITY_DN9259_c0_g1_i2:687-1631  -            315 3208at3041           -            277     9e-15   51.2   0.0   1   2    0.0099     0.073    8.9   0.0     9    61     1    53     1    62 0.83 -
TRINITY_DN9259_c0_g1_i2:687-1631  -            315 3208at3041           -            277     9e-15   51.2   0.0   2   2   2.6e-12   1.9e-11   40.3   0.0    98   200   164   272   151   281 0.78 -
TRINITY_DN16654_c0_g1_i2:219-935  -            239 3208at3041           -            277     1e-14   51.0   0.0   1   2     0.092      0.68    5.7   0.1     4    31    13    41    11    52 0.85 -
TRINITY_DN16654_c0_g1_i2:219-935  -            239 3208at3041           -            277     1e-14   51.0   0.0   2   2   2.8e-13     2e-12   43.5   0.0    37   144    86   203    81   239 0.77 -
TRINITY_DN421_c0_g1_i4:308-991    -            228 3208at3041           -            277   1.6e-14   50.4   0.1   1   3      0.25       1.9    4.3   0.0   240   270     9    39     3    46 0.79 -
TRINITY_DN421_c0_g1_i4:308-991    -            228 3208at3041           -            277   1.6e-14   50.4   0.1   2   3   2.1e-12   1.5e-11   40.6   0.0   100   188    79   170    73   186 0.82 -
TRINITY_DN421_c0_g1_i4:308-991    -            228 3208at3041           -            277   1.6e-14   50.4   0.1   3   3       1.3       9.7    1.9   0.0   237   264   200   227   189   228 0.83 -
TRINITY_DN97_c0_g2_i2:120-629     -            170 3208at3041           -            277   3.5e-14   49.3   0.5   1   1   9.4e-13     7e-12   41.8   0.5   103   190     1   102     1   170 0.68 -
TRINITY_DN2775_c1_g1_i2:164-778   -            205 3208at3041           -            277   3.8e-14   49.2   0.1   1   1   2.2e-14   1.7e-13   47.1   0.1    97   184    38   139    24   147 0.80 -
TRINITY_DN3847_c0_g1_i1:1531-2331 -            267 3208at3041           -            277   7.8e-14   48.2   0.0   1   1     3e-13   2.2e-12   43.4   0.0     9   264     1   267     1   267 0.80 -
TRINITY_DN493_c0_g1_i14:238-1086  -            283 3208at3041           -            277   8.5e-14   48.0   0.0   1   1   1.7e-14   1.3e-13   47.4   0.0     2   168    10   183     9   188 0.81 -
TRINITY_DN1891_c0_g1_i1:43-660    -            206 3208at3041           -            277   1.1e-13   47.7   0.0   1   1   1.9e-14   1.4e-13   47.3   0.0    12   183     8   201     5   206 0.75 -
TRINITY_DN493_c0_g1_i3:238-1218   -            327 3208at3041           -            277   1.2e-13   47.5   0.0   1   1   2.6e-14   1.9e-13   46.9   0.0     2   168    10   183     9   188 0.81 -
TRINITY_DN493_c0_g1_i12:238-1236  -            333 3208at3041           -            277   1.3e-13   47.4   0.0   1   1   2.7e-14     2e-13   46.8   0.0     2   168    10   183     9   188 0.81 -
TRINITY_DN189_c1_g1_i1:311-1309   -            333 3208at3041           -            277   1.4e-13   47.4   0.1   1   2     6e-13   4.4e-12   42.4   0.0     7   140     5   161     2   171 0.73 -
TRINITY_DN189_c1_g1_i1:311-1309   -            333 3208at3041           -            277   1.4e-13   47.4   0.1   2   2       3.3        24    0.6   0.0   154   184   237   266   228   286 0.79 -
TRINITY_DN493_c0_g1_i8:238-1303   -            333 3208at3041           -            277   2.2e-13   46.7   0.0   1   1     5e-14   3.7e-13   45.9   0.0     2   168    10   183     9   188 0.75 -
TRINITY_DN552_c0_g1_i1:876-1664   -            263 3208at3041           -            277   2.5e-13   46.5   0.0   1   1   4.6e-13   3.4e-12   42.8   0.0    10   183     1   204     1   222 0.74 -
TRINITY_DN493_c0_g1_i9:589-1557   -            323 3208at3041           -            277   4.1e-13   45.8   0.0   1   1   8.5e-14   6.3e-13   45.2   0.0     3   168     1   173     1   178 0.80 -
TRINITY_DN11841_c0_g1_i1:9-299    -             97 3208at3041           -            277   4.6e-13   45.6   0.0   1   1   7.1e-14   5.2e-13   45.4   0.0    89   143    23    77    15    88 0.91 -
TRINITY_DN14996_c0_g1_i2:300-650  -            117 3208at3041           -            277   6.5e-13   45.1   0.0   1   1   9.4e-14   6.9e-13   45.0   0.0    88   151    42   105    27   117 0.85 -
TRINITY_DN2141_c1_g2_i1:31-591    -            187 3208at3041           -            277   7.2e-13   45.0   0.0   1   1   1.2e-13   8.9e-13   44.7   0.0    93   202    28   145    20   162 0.79 -
TRINITY_DN10791_c3_g1_i1:0-413    -            138 3208at3041           -            277   7.4e-13   45.0   0.0   1   1   9.5e-13     7e-12   41.7   0.0   111   200     3   108     1   123 0.74 -
TRINITY_DN3286_c0_g2_i1:40-993    -            318 3208at3041           -            277   8.7e-13   44.7   0.1   1   2   0.00042    0.0031   13.4   0.0     7    60    24    82    18    90 0.82 -
TRINITY_DN3286_c0_g2_i1:40-993    -            318 3208at3041           -            277   8.7e-13   44.7   0.1   2   2   5.9e-09   4.3e-08   29.3   0.0   102   182   169   258   146   265 0.79 -
TRINITY_DN2141_c1_g2_i3:1237-1797 -            187 3208at3041           -            277   8.7e-13   44.7   0.0   1   1   1.5e-13   1.1e-12   44.4   0.0    93   201    28   144    20   161 0.80 -
TRINITY_DN4888_c3_g2_i1:134-463   -            110 3208at3041           -            277     9e-13   44.7   0.1   1   1   1.5e-13   1.1e-12   44.4   0.1    45   128    16   105     5   108 0.82 -
TRINITY_DN1891_c0_g3_i1:0-635     -            212 3208at3041           -            277   9.6e-13   44.6   0.0   1   2   1.5e-08   1.1e-07   28.0   0.0    95   188    45   150    29   166 0.78 -
TRINITY_DN1891_c0_g3_i1:0-635     -            212 3208at3041           -            277   9.6e-13   44.6   0.0   2   2   0.00019    0.0014   14.5   0.0   233   265   178   210   165   212 0.87 -
TRINITY_DN17320_c0_g3_i1:5-415    -            137 3208at3041           -            277   1.1e-12   44.4   0.0   1   1   1.7e-13   1.2e-12   44.2   0.0    37   140     3   116     1   136 0.82 -
TRINITY_DN954_c0_g1_i2:70-414     -            115 3208at3041           -            277   1.2e-12   44.3   0.0   1   1   1.6e-13   1.2e-12   44.3   0.0    88   183     3   106     1   115 0.81 -
TRINITY_DN14996_c0_g1_i1:492-830  -            113 3208at3041           -            277   1.5e-12   44.0   0.0   1   1   2.3e-13   1.7e-12   43.8   0.0    88   147    42   101    26   106 0.92 -
TRINITY_DN552_c2_g1_i1:3-515      -            171 3208at3041           -            277   1.6e-12   43.9   0.0   1   1   2.4e-13   1.8e-12   43.7   0.0    45   183     2   153     1   168 0.80 -
TRINITY_DN552_c2_g1_i3:3-600      -            171 3208at3041           -            277   1.6e-12   43.9   0.0   1   1   2.4e-13   1.8e-12   43.7   0.0    45   183     2   153     1   168 0.80 -
TRINITY_DN1848_c0_g2_i2:42-713    -            224 3208at3041           -            277   1.6e-12   43.9   0.0   1   1     3e-13   2.2e-12   43.4   0.0    45   189    10   172     4   186 0.77 -
TRINITY_DN1848_c1_g1_i1:96-455    -            120 3208at3041           -            277   2.3e-12   43.3   0.0   1   1   3.7e-13   2.8e-12   43.1   0.0    99   196     9   114     2   119 0.80 -
TRINITY_DN9342_c0_g1_i1:4-336     -            111 3208at3041           -            277   2.7e-12   43.1   0.0   1   1     4e-13     3e-12   43.0   0.0    45   142     4   110     1   111 0.81 -
TRINITY_DN9259_c0_g1_i1:1214-1723 -            170 3208at3041           -            277   3.3e-12   42.8   0.0   1   1   5.4e-13     4e-12   42.6   0.0    98   200    18   126     5   135 0.78 -
TRINITY_DN10521_c0_g1_i1:720-1277 -            186 3208at3041           -            277   3.3e-12   42.8   0.1   1   1   5.1e-13   3.8e-12   42.6   0.1     3   140     4   155     2   178 0.74 -
TRINITY_DN67_c0_g2_i5:11-559      -            183 3208at3041           -            277   3.5e-12   42.8   0.0   1   1   5.9e-13   4.3e-12   42.4   0.0    83   186    20   129     7   143 0.82 -
TRINITY_DN14818_c0_g1_i1:11-460   -            150 3208at3041           -            277   4.1e-12   42.5   0.0   1   1   6.3e-13   4.6e-12   42.3   0.0     9   144     2   149     1   150 0.85 -
TRINITY_DN3798_c0_g3_i2:1-516     -            172 3208at3041           -            277   4.9e-12   42.3   0.0   1   1   7.9e-13   5.8e-12   42.0   0.0    99   209    32   150    17   164 0.78 -
TRINITY_DN8523_c0_g1_i8:112-489   -            126 3208at3041           -            277   6.8e-12   41.8   0.0   1   1   1.2e-12   8.8e-12   41.4   0.0   103   200     6   119     2   124 0.79 -
TRINITY_DN740_c0_g1_i4:104-601    -            166 3208at3041           -            277   8.5e-12   41.5   0.0   1   2     0.025      0.19    7.5   0.0     8    77     1    73     1    92 0.84 -
TRINITY_DN740_c0_g1_i4:104-601    -            166 3208at3041           -            277   8.5e-12   41.5   0.0   2   2   7.4e-10   5.4e-09   32.3   0.0    94   140   120   166   108   166 0.91 -
TRINITY_DN67_c0_g2_i4:11-472      -            154 3208at3041           -            277   1.3e-11   40.9   0.0   1   1     2e-12   1.5e-11   40.7   0.0    96   186     4   100     1   114 0.82 -
TRINITY_DN4220_c0_g1_i2:87-425    -            113 3208at3041           -            277   1.3e-11   40.9   0.0   1   1   1.8e-12   1.4e-11   40.8   0.0    85   139    59   113    29   113 0.90 -
TRINITY_DN186_c0_g1_i1:1596-2564  -            323 3208at3041           -            277   1.4e-11   40.8   0.1   1   2     0.014       0.1    8.4   0.0     7    61    13    72     9    79 0.75 -
TRINITY_DN186_c0_g1_i1:1596-2564  -            323 3208at3041           -            277   1.4e-11   40.8   0.1   2   2     3e-09   2.2e-08   30.3   0.0    88   185   151   257   116   275 0.74 -
TRINITY_DN186_c0_g1_i3:1597-2565  -            323 3208at3041           -            277   1.4e-11   40.8   0.1   1   2     0.014       0.1    8.4   0.0     7    61    13    72     9    79 0.75 -
TRINITY_DN186_c0_g1_i3:1597-2565  -            323 3208at3041           -            277   1.4e-11   40.8   0.1   2   2     3e-09   2.2e-08   30.3   0.0    88   185   151   257   116   275 0.74 -
TRINITY_DN186_c0_g1_i8:1597-2565  -            323 3208at3041           -            277   1.4e-11   40.8   0.1   1   2     0.014       0.1    8.4   0.0     7    61    13    72     9    79 0.75 -
TRINITY_DN186_c0_g1_i8:1597-2565  -            323 3208at3041           -            277   1.4e-11   40.8   0.1   2   2     3e-09   2.2e-08   30.3   0.0    88   185   151   257   116   275 0.74 -
TRINITY_DN2141_c1_g1_i4:121-690   -            190 3208at3041           -            277   1.4e-11   40.8   0.0   1   2    0.0098     0.073    8.9   0.0    10    80     9    94     4   111 0.62 -
TRINITY_DN2141_c1_g1_i4:121-690   -            190 3208at3041           -            277   1.4e-11   40.8   0.0   2   2   1.1e-08   8.1e-08   28.4   0.0    99   141   135   180   124   184 0.82 -
TRINITY_DN394_c0_g1_i1:701-1618   -            306 3208at3041           -            277   1.5e-11   40.7   0.0   1   1   3.5e-12   2.6e-11   39.9   0.0     2   150     4   161     3   182 0.74 -
TRINITY_DN394_c0_g1_i2:701-1685   -            306 3208at3041           -            277   1.5e-11   40.7   0.0   1   1   3.5e-12   2.6e-11   39.9   0.0     2   150     4   161     3   182 0.74 -
TRINITY_DN20653_c0_g1_i1:5-475    -            157 3208at3041           -            277   1.6e-11   40.5   0.0   1   2   1.2e-10   8.9e-10   34.9   0.0    94   197     5   109     2   135 0.76 -
TRINITY_DN20653_c0_g1_i1:5-475    -            157 3208at3041           -            277   1.6e-11   40.5   0.0   2   2      0.17       1.2    4.9   0.0   237   264   128   156   102   157 0.79 -
TRINITY_DN2775_c1_g1_i1:74-388    -            105 3208at3041           -            277   1.8e-11   40.4   0.0   1   1   2.4e-12   1.8e-11   40.4   0.0    96   158    42   105     6   105 0.82 -
TRINITY_DN1796_c0_g1_i1:8-442     -            145 3208at3041           -            277   1.9e-11   40.3   0.0   1   2     0.022      0.16    7.8   0.0    45    79     4    38     1    47 0.88 -
TRINITY_DN1796_c0_g1_i1:8-442     -            145 3208at3041           -            277   1.9e-11   40.3   0.0   2   2     2e-09   1.5e-08   30.9   0.0    97   142    96   144    87   145 0.82 -
TRINITY_DN8379_c0_g1_i1:0-446     -            149 3208at3041           -            277   2.2e-11   40.1   0.0   1   1   3.5e-12   2.6e-11   39.9   0.0    97   194     5   110     2   131 0.76 -
TRINITY_DN2775_c2_g2_i2:161-625   -            155 3208at3041           -            277   2.5e-11   39.9   0.1   1   1   9.8e-12   7.2e-11   38.4   0.1   112   189     1    92     1   155 0.83 -
TRINITY_DN186_c0_g1_i10:5-898     -            298 3208at3041           -            277   3.6e-11   39.4   0.1   1   2     0.012     0.089    8.6   0.0     7    61    13    72     9    79 0.75 -
TRINITY_DN186_c0_g1_i10:5-898     -            298 3208at3041           -            277   3.6e-11   39.4   0.1   2   2   8.6e-09   6.3e-08   28.8   0.0    88   188   151   261   116   276 0.73 -
TRINITY_DN1711_c0_g1_i1:2-328     -            109 3208at3041           -            277   3.7e-11   39.4   0.0   1   1   5.6e-12   4.2e-11   39.2   0.0    86   163     3    83     1   109 0.74 -
TRINITY_DN552_c0_g1_i3:876-1733   -            286 3208at3041           -            277   5.9e-11   38.7   0.0   1   2       1.3       9.4    2.0   0.0    10    32     1    24     1    39 0.72 -
TRINITY_DN552_c0_g1_i3:876-1733   -            286 3208at3041           -            277   5.9e-11   38.7   0.0   2   2   1.6e-09   1.1e-08   31.2   0.0    45   182    59   226    49   242 0.71 -
TRINITY_DN1891_c0_g3_i2:4-342     -            113 3208at3041           -            277   5.9e-11   38.7   0.0   1   1   8.7e-12   6.5e-11   38.6   0.0    46   128     1    88     1   113 0.78 -
TRINITY_DN7976_c0_g1_i1:9-329     -            107 3208at3041           -            277   8.9e-11   38.1   0.2   1   1   6.8e-11     5e-10   35.7   0.2   100   184     5   103     1   106 0.70 -
TRINITY_DN11218_c0_g2_i1:82-840   -            253 3208at3041           -            277   1.2e-10   37.7   0.0   1   3       0.5       3.7    3.3   0.0     8    31    15    39    11    45 0.82 -
TRINITY_DN11218_c0_g2_i1:82-840   -            253 3208at3041           -            277   1.2e-10   37.7   0.0   2   3     0.042      0.31    6.8   0.0    41    78    81   118    68   125 0.87 -
TRINITY_DN11218_c0_g2_i1:82-840   -            253 3208at3041           -            277   1.2e-10   37.7   0.0   3   3   2.6e-07   1.9e-06   23.9   0.0    99   140   184   228   173   250 0.79 -
TRINITY_DN11218_c0_g2_i2:82-840   -            253 3208at3041           -            277   1.2e-10   37.7   0.0   1   3       0.5       3.7    3.3   0.0     8    31    15    39    11    45 0.82 -
TRINITY_DN11218_c0_g2_i2:82-840   -            253 3208at3041           -            277   1.2e-10   37.7   0.0   2   3     0.042      0.31    6.8   0.0    41    78    81   118    68   125 0.87 -
TRINITY_DN11218_c0_g2_i2:82-840   -            253 3208at3041           -            277   1.2e-10   37.7   0.0   3   3   2.6e-07   1.9e-06   23.9   0.0    99   140   184   228   173   250 0.79 -
TRINITY_DN2043_c0_g2_i1:34-369    -            112 3208at3041           -            277   1.3e-10   37.6   0.0   1   1   1.7e-11   1.3e-10   37.6   0.0   101   182    16   105     3   112 0.75 -
TRINITY_DN8523_c0_g1_i9:115-501   -            129 3208at3041           -            277   1.4e-10   37.5   0.0   1   1   2.2e-11   1.6e-10   37.3   0.0   103   192     5   109     1   124 0.73 -
TRINITY_DN4852_c0_g1_i1:143-448   -            102 3208at3041           -            277   1.6e-10   37.3   0.0   1   1   2.3e-11   1.7e-10   37.2   0.0   127   205     3    81     1    93 0.89 -
TRINITY_DN552_c0_g1_i4:876-1565   -            230 3208at3041           -            277   1.9e-10   37.1   0.1   1   1   3.9e-10   2.9e-09   33.2   0.1    46   183     7   171     2   189 0.70 -
TRINITY_DN186_c0_g1_i4:5-898      -            298 3208at3041           -            277     2e-10   36.9   0.1   1   2     0.075      0.55    6.0   0.0     7    61    13    72     9    79 0.75 -
TRINITY_DN186_c0_g1_i4:5-898      -            298 3208at3041           -            277     2e-10   36.9   0.1   2   2   7.8e-09   5.8e-08   28.9   0.0    88   188   151   261   116   276 0.72 -
TRINITY_DN8523_c0_g1_i5:115-579   -            155 3208at3041           -            277   2.3e-10   36.8   0.0   1   1   3.9e-11   2.9e-10   36.5   0.0   103   193     5   110     1   122 0.80 -
TRINITY_DN17320_c3_g1_i1:108-569  -            154 3208at3041           -            277   2.5e-10   36.7   0.1   1   1   4.1e-11   3.1e-10   36.4   0.1    97   191    46   148    35   153 0.76 -
TRINITY_DN552_c0_g1_i6:0-533      -            178 3208at3041           -            277   2.5e-10   36.7   0.0   1   2      0.65       4.8    2.9   0.0    10    32     1    24     1    39 0.72 -
TRINITY_DN552_c0_g1_i6:0-533      -            178 3208at3041           -            277   2.5e-10   36.7   0.0   2   2   1.1e-09   8.3e-09   31.7   0.0    45   140    59   168    45   174 0.76 -
TRINITY_DN1423_c0_g1_i2:4-453     -            150 3208at3041           -            277   2.6e-10   36.6   0.0   1   1   3.9e-11   2.9e-10   36.5   0.0    98   183    55   150    17   150 0.79 -
TRINITY_DN363_c0_g1_i3:183-563    -            127 3208at3041           -            277   3.1e-10   36.4   0.0   1   1   4.7e-11   3.5e-10   36.2   0.0     8   119     2   126     1   127 0.81 -
TRINITY_DN3698_c0_g1_i1:27-1139   -            371 3208at3041           -            277   3.4e-10   36.2   0.4   1   1   4.8e-10   3.5e-09   32.9   0.4   129   267     4   129     1   139 0.83 -
TRINITY_DN25673_c0_g1_i1:3-344    -            114 3208at3041           -            277   3.6e-10   36.2   0.4   1   1   5.5e-11     4e-10   36.0   0.4    26   125     2   112     1   114 0.76 -
TRINITY_DN552_c1_g2_i1:214-579    -            122 3208at3041           -            277   3.7e-10   36.1   0.0   1   1   5.4e-11     4e-10   36.0   0.0   112   184     1    79     1   107 0.76 -
TRINITY_DN2003_c0_g1_i1:1369-1803 -            145 3208at3041           -            277   4.3e-10   35.9   0.0   1   2   1.8e-08   1.3e-07   27.7   0.0   105   183     2    82     1    97 0.79 -
TRINITY_DN2003_c0_g1_i1:1369-1803 -            145 3208at3041           -            277   4.3e-10   35.9   0.0   2   2     0.056      0.41    6.4   0.0   248   266   120   138   103   143 0.77 -
TRINITY_DN879_c0_g1_i1:384-827    -            148 3208at3041           -            277     5e-10   35.7   0.3   1   2     0.066      0.49    6.2   0.1    42    78     1    37     1    46 0.90 -
TRINITY_DN879_c0_g1_i1:384-827    -            148 3208at3041           -            277     5e-10   35.7   0.3   2   2   1.6e-08   1.2e-07   27.9   0.0    99   140    97   141    85   144 0.78 -
TRINITY_DN1848_c0_g2_i3:57-449    -            131 3208at3041           -            277   8.8e-10   34.9   0.0   1   1   1.4e-10     1e-09   34.6   0.0    45   142     5   112     2   131 0.80 -
TRINITY_DN2521_c1_g4_i1:23-439    -            139 3208at3041           -            277   1.1e-09   34.5   0.0   1   1   1.9e-10   1.4e-09   34.2   0.0   102   184     3    94     1   101 0.81 -
TRINITY_DN5707_c0_g1_i1:171-815   -            215 3208at3041           -            277   1.3e-09   34.4   0.0   1   1   2.4e-10   1.8e-09   33.9   0.0    72   189    10   153     8   187 0.74 -
TRINITY_DN5707_c0_g1_i2:858-1502  -            215 3208at3041           -            277   1.3e-09   34.4   0.0   1   1   2.4e-10   1.8e-09   33.9   0.0    72   189    10   153     8   187 0.74 -
TRINITY_DN2236_c0_g1_i4:37-540    -            168 3208at3041           -            277   1.9e-09   33.8   0.0   1   1     3e-10   2.2e-09   33.5   0.0   104   186    31   121    16   147 0.79 -
TRINITY_DN22545_c0_g1_i1:2-283    -             94 3208at3041           -            277     2e-09   33.7   0.0   1   1   2.9e-10   2.1e-09   33.6   0.0    58   140     2    93     1    94 0.74 -
TRINITY_DN17320_c0_g4_i1:55-471   -            139 3208at3041           -            277   2.2e-09   33.6   0.0   1   1   6.3e-10   4.6e-09   32.5   0.0    46   145     4   116     2   135 0.74 -
TRINITY_DN12090_c0_g1_i1:493-918  -            142 3208at3041           -            277   2.3e-09   33.5   0.0   1   1   3.7e-10   2.7e-09   33.3   0.0    17   137     9   141     2   142 0.77 -
TRINITY_DN2236_c0_g1_i1:37-453    -            139 3208at3041           -            277   2.3e-09   33.5   0.0   1   1   3.2e-10   2.4e-09   33.5   0.0   111   186    11    92     1   124 0.80 -
TRINITY_DN6273_c0_g1_i1:91-654    -            188 3208at3041           -            277   2.6e-09   33.3   0.0   1   1   4.3e-10   3.2e-09   33.0   0.0    95   198    38   149    28   170 0.79 -
TRINITY_DN15296_c0_g1_i2:49-948   -            300 3208at3041           -            277   3.4e-09   33.0   0.2   1   2    0.0082     0.061    9.2   0.0     7    65     8    71     3    78 0.78 -
TRINITY_DN15296_c0_g1_i2:49-948   -            300 3208at3041           -            277   3.4e-09   33.0   0.2   2   2   1.2e-06   8.7e-06   21.8   0.0    98   183   199   294   157   299 0.73 -
TRINITY_DN9777_c0_g1_i1:23-358    -            112 3208at3041           -            277   3.5e-09   32.9   0.0   1   1   5.2e-10   3.8e-09   32.8   0.0    95   139    66   112     5   112 0.71 -
TRINITY_DN6273_c0_g1_i2:39-719    -            227 3208at3041           -            277     4e-09   32.7   0.0   1   1   7.3e-10   5.4e-09   32.3   0.0    95   198    77   188    66   206 0.79 -
TRINITY_DN186_c0_g4_i1:5-421      -            139 3208at3041           -            277   5.2e-09   32.3   0.0   1   1   8.3e-10   6.1e-09   32.1   0.0    96   183    40   137     9   138 0.81 -
TRINITY_DN1110_c0_g1_i1:1230-2102 -            291 3208at3041           -            277   5.3e-09   32.3   0.2   1   2     0.001    0.0076   12.1   0.0   153   200     4    50     2    66 0.76 -
TRINITY_DN1110_c0_g1_i1:1230-2102 -            291 3208at3041           -            277   5.3e-09   32.3   0.2   2   2   1.5e-05   0.00011   18.2   0.0   234   268    65    99    47   106 0.88 -
TRINITY_DN8301_c0_g3_i1:11-409    -            133 3208at3041           -            277   5.5e-09   32.2   0.0   1   1   8.8e-10   6.5e-09   32.0   0.0    48   141     2   106     1   129 0.74 -
TRINITY_DN11218_c0_g1_i2:39-437   -            133 3208at3041           -            277   9.8e-09   31.4   0.0   1   1   1.4e-09     1e-08   31.3   0.0    45   143     6   114     1   133 0.74 -
TRINITY_DN2067_c0_g1_i1:156-758   -            201 3208at3041           -            277     1e-08   31.4   0.0   1   1   1.7e-09   1.3e-08   31.1   0.0     1   125    53   195    53   198 0.75 -
TRINITY_DN34201_c0_g1_i1:27-437   -            137 3208at3041           -            277   1.5e-08   30.8   0.0   1   1   2.3e-09   1.7e-08   30.7   0.0    95   186    36   136    12   137 0.80 -
TRINITY_DN2141_c1_g1_i2:18-620    -            201 3208at3041           -            277     2e-08   30.4   0.0   1   1   3.3e-09   2.5e-08   30.1   0.0    99   192    47   148    34   163 0.72 -
TRINITY_DN2141_c1_g1_i3:18-620    -            201 3208at3041           -            277     2e-08   30.4   0.0   1   1   3.5e-09   2.6e-08   30.1   0.0    99   192    47   148    36   163 0.71 -
TRINITY_DN22076_c0_g1_i1:53-775   -            241 3208at3041           -            277   2.1e-08   30.3   0.1   1   1   1.4e-08   1.1e-07   28.0   0.1     9   141     3   151     1   194 0.73 -
TRINITY_DN186_c0_g1_i2:5-529      -            175 3208at3041           -            277   2.2e-08   30.3   0.0   1   1   3.2e-09   2.4e-08   30.2   0.0    92   189    32   139     1   154 0.77 -
TRINITY_DN1171_c0_g1_i2:30-452    -            141 3208at3041           -            277   2.7e-08   30.0   0.0   1   2    0.0006    0.0044   12.9   0.0   176   206     3    34     1    53 0.79 -
TRINITY_DN1171_c0_g1_i2:30-452    -            141 3208at3041           -            277   2.7e-08   30.0   0.0   2   2   9.8e-05   0.00072   15.5   0.0   233   264   110   141    93   141 0.88 -
TRINITY_DN36203_c0_g1_i1:0-386    -            129 3208at3041           -            277   5.4e-08   29.0   0.0   1   1   8.2e-09   6.1e-08   28.8   0.0     6   116     8   129     3   129 0.78 -
TRINITY_DN1954_c0_g4_i1:85-555    -            157 3208at3041           -            277   6.1e-08   28.8   0.0   1   1   1.2e-08   9.2e-08   28.2   0.0    98   187    46   153    37   157 0.75 -
TRINITY_DN21885_c0_g1_i1:168-593  -            142 3208at3041           -            277   1.2e-07   27.9   0.0   1   1   2.1e-08   1.5e-07   27.5   0.0     7   139     6   142     2   142 0.70 -
TRINITY_DN2347_c0_g1_i3:374-1222  -            283 3208at3041           -            277   1.3e-07   27.7   0.1   1   2       7.8        58   -0.6   0.0    46    70    29    50    20    58 0.74 -
TRINITY_DN2347_c0_g1_i3:374-1222  -            283 3208at3041           -            277   1.3e-07   27.7   0.1   2   2   8.4e-08   6.2e-07   25.5   0.0    96   191   131   241   124   251 0.74 -
TRINITY_DN5660_c0_g1_i1:58-306    -             83 3208at3041           -            277   1.7e-07   27.4   0.0   1   1   2.3e-08   1.7e-07   27.4   0.0   133   185     2    53     1    73 0.88 -
TRINITY_DN11075_c0_g1_i2:12-404   -            131 3208at3041           -            277   1.8e-07   27.3   0.0   1   1   2.8e-08   2.1e-07   27.1   0.0     9   123     7   131     1   131 0.82 -
TRINITY_DN2347_c0_g6_i1:307-837   -            177 3208at3041           -            277   2.1e-07   27.0   0.0   1   1   3.7e-08   2.8e-07   26.7   0.0    93   184     8   106     1   119 0.75 -
TRINITY_DN4528_c0_g1_i1:60-407    -            116 3208at3041           -            277   2.7e-07   26.7   0.0   1   1   3.8e-08   2.8e-07   26.7   0.0    24   125     9   116     1   116 0.77 -
TRINITY_DN1891_c0_g1_i2:25-417    -            131 3208at3041           -            277   2.7e-07   26.7   0.0   1   1   4.6e-08   3.4e-07   26.4   0.0    91   192    17   129     4   131 0.73 -
TRINITY_DN1167_c0_g1_i3:830-1585  -            252 3208at3041           -            277   2.8e-07   26.6   0.7   1   1   6.3e-06   4.6e-05   19.4   0.7    47   161     5   129     3   252 0.61 -
TRINITY_DN11950_c0_g1_i1:19-591   -            191 3208at3041           -            277     3e-07   26.6   0.0   1   2   0.00029    0.0022   13.9   0.0   106   142     9    51     2    59 0.77 -
TRINITY_DN11950_c0_g1_i1:19-591   -            191 3208at3041           -            277     3e-07   26.6   0.0   2   2    0.0027      0.02   10.7   0.0   147   190   104   148    94   165 0.81 -
TRINITY_DN2347_c0_g5_i1:74-592    -            173 3208at3041           -            277   3.1e-07   26.5   0.0   1   1   6.4e-08   4.7e-07   25.9   0.0   100   185     8   101     2   111 0.78 -
TRINITY_DN17237_c0_g4_i1:0-227    -             76 3208at3041           -            277   3.5e-07   26.4   0.0   1   1     5e-08   3.7e-07   26.3   0.0   107   174     2    76     1    76 0.77 -
TRINITY_DN8301_c0_g1_i1:66-416    -            117 3208at3041           -            277     8e-07   25.2   0.0   1   1   1.3e-07   9.9e-07   24.9   0.0    94   143    24    76    17    86 0.79 -
TRINITY_DN14844_c0_g1_i1:311-898  -            196 3208at3041           -            277   8.2e-07   25.1   0.2   1   2   0.00022    0.0016   14.3   0.0     8    66     7    67     3    80 0.81 -
TRINITY_DN14844_c0_g1_i1:311-898  -            196 3208at3041           -            277   8.2e-07   25.1   0.2   2   2    0.0096     0.071    8.9   0.0   102   124   173   195   148   196 0.78 -
TRINITY_DN1167_c0_g1_i2:698-1381  -            228 3208at3041           -            277   8.3e-07   25.1   0.2   1   1   2.8e-06   2.1e-05   20.5   0.2    45   160    47   172    11   227 0.70 -
TRINITY_DN18728_c0_g1_i2:11-313   -            101 3208at3041           -            277   8.5e-07   25.1   0.0   1   1   3.9e-07   2.9e-06   23.3   0.0   104   183     2    99     1   101 0.64 -
TRINITY_DN2347_c0_g3_i1:127-639   -            171 3208at3041           -            277   9.5e-07   24.9   0.1   1   1   5.3e-07   3.9e-06   22.9   0.1   103   193     5   116     1   138 0.71 -
TRINITY_DN93_c0_g2_i1:91-759      -            223 3208at3041           -            277   1.4e-06   24.4   0.0   1   1   2.3e-07   1.7e-06   24.1   0.0    96   202    62   179     1   213 0.72 -
TRINITY_DN6572_c0_g1_i1:46-606    -            187 3208at3041           -            277   1.5e-06   24.3   0.7   1   2   0.00044    0.0033   13.3   0.0   102   141     9    51     3    56 0.87 -
TRINITY_DN6572_c0_g1_i1:46-606    -            187 3208at3041           -            277   1.5e-06   24.3   0.7   2   2     0.009     0.067    9.0   0.1   144   191    74   121    70   133 0.81 -
TRINITY_DN97_c0_g2_i4:70-363      -             98 3208at3041           -            277   4.4e-06   22.7   0.2   1   1   6.4e-07   4.7e-06   22.6   0.2     1    78     3    85     3    97 0.79 -
TRINITY_DN1891_c0_g3_i5:4-324     -            107 3208at3041           -            277   7.6e-06   21.9   0.0   1   1     1e-06   7.6e-06   21.9   0.0    90   141    44   105     1   107 0.58 -
TRINITY_DN203_c0_g1_i2:154-639    -            162 3208at3041           -            277     8e-06   21.9   0.0   1   1   1.4e-06     1e-05   21.5   0.0   100   191     4   108     1   127 0.76 -
TRINITY_DN203_c0_g1_i5:154-639    -            162 3208at3041           -            277     8e-06   21.9   0.0   1   1   1.4e-06     1e-05   21.5   0.0   100   191     4   108     1   127 0.76 -
TRINITY_DN12427_c0_g1_i1:6-278    -             91 3208at3041           -            277   8.8e-06   21.7   0.0   1   1   1.4e-06   1.1e-05   21.5   0.0    98   138    45    91    29    91 0.75 -
TRINITY_DN2347_c0_g4_i2:281-772   -            164 3208at3041           -            277   2.5e-05   20.2   0.0   1   1   5.6e-06   4.2e-05   19.5   0.0   101   188    10   113     2   129 0.72 -
TRINITY_DN2347_c0_g4_i1:271-858   -            196 3208at3041           -            277   2.6e-05   20.2   0.0   1   1   5.8e-06   4.3e-05   19.5   0.0   100   188    41   145    27   161 0.71 -
TRINITY_DN2347_c0_g4_i3:245-832   -            196 3208at3041           -            277   2.6e-05   20.2   0.0   1   1   5.8e-06   4.3e-05   19.5   0.0   100   188    41   145    27   161 0.71 -
TRINITY_DN1891_c0_g3_i6:136-513   -            126 3208at3041           -            277   3.6e-05   19.7   0.0   1   1   4.9e-06   3.6e-05   19.7   0.0    90   126    44    80     1   126 0.67 -
TRINITY_DN859_c0_g1_i4:4-519      -            172 3208at3041           -            277   3.8e-05   19.7   0.0   1   1   1.1e-05     8e-05   18.6   0.0    23   137    30   172     6   172 0.63 -
TRINITY_DN8523_c0_g1_i1:13-351    -            113 3208at3041           -            277   4.3e-05   19.5   0.0   1   1   6.7e-06     5e-05   19.3   0.0    99   142    39    88    27   104 0.76 -
TRINITY_DN16730_c0_g1_i1:209-661  -            151 3208at3041           -            277     5e-05   19.3   0.0   1   2    0.0097     0.071    8.9   0.0   148   197    20    79     1    88 0.58 -
TRINITY_DN16730_c0_g1_i1:209-661  -            151 3208at3041           -            277     5e-05   19.3   0.0   2   2      0.01     0.077    8.8   0.0   235   270    96   131    85   138 0.86 -
TRINITY_DN879_c0_g1_i2:393-749    -            119 3208at3041           -            277   8.3e-05   18.6   0.8   1   2      0.32       2.3    4.0   0.1    46    78     2    34     1    43 0.89 -
TRINITY_DN879_c0_g1_i2:393-749    -            119 3208at3041           -            277   8.3e-05   18.6   0.8   2   2   0.00038    0.0028   13.5   0.1    99   125    94   119    82   119 0.80 -
TRINITY_DN879_c0_g1_i5:139-495    -            119 3208at3041           -            277   8.3e-05   18.6   0.8   1   2      0.32       2.3    4.0   0.1    46    78     2    34     1    43 0.89 -
TRINITY_DN879_c0_g1_i5:139-495    -            119 3208at3041           -            277   8.3e-05   18.6   0.8   2   2   0.00038    0.0028   13.5   0.1    99   125    94   119    82   119 0.80 -
TRINITY_DN26321_c0_g1_i1:2-352    -            117 3208at3041           -            277    0.0001   18.3   0.0   1   1   1.6e-05   0.00012   18.0   0.0    65   137    28   117     1   117 0.62 -
TRINITY_DN4732_c0_g3_i1:11-631    -            207 3208at3041           -            277   0.00017   17.5   0.0   1   1   3.5e-05   0.00026   16.9   0.0    99   190    42   146    21   159 0.75 -
TRINITY_DN34579_c0_g1_i3:683-937  -             85 3208at3041           -            277   0.00035   16.5   0.0   1   1   4.9e-05   0.00036   16.4   0.0    73   137    22    85     3    85 0.78 -
TRINITY_DN102_c0_g1_i1:243-1043   -            267 3208at3041           -            277   0.00037   16.4   0.1   1   2     0.076      0.56    6.0   0.0   164   199     6    42     3    60 0.71 -
TRINITY_DN102_c0_g1_i1:243-1043   -            267 3208at3041           -            277   0.00037   16.4   0.1   2   2     0.011     0.081    8.7   0.0   235   265    59    89    43    96 0.85 -
TRINITY_DN23743_c0_g1_i1:323-541  -             73 3208at3041           -            277    0.0004   16.3   0.0   1   1   5.4e-05    0.0004   16.3   0.0   157   200     3    48     1    66 0.80 -
TRINITY_DN29754_c0_g1_i1:130-609  -            160 3208at3041           -            277   0.00049   16.0   0.1   1   1   0.00016    0.0012   14.7   0.1    43   128    55   160     1   160 0.63 -
TRINITY_DN38758_c0_g1_i2:127-630  -            168 3208at3041           -            277   0.00089   15.2   0.1   1   2      0.84       6.2    2.6   0.0    10    60     2    61     1    69 0.65 -
TRINITY_DN38758_c0_g1_i2:127-630  -            168 3208at3041           -            277   0.00089   15.2   0.1   2   2    0.0022     0.016   11.0   0.0   110   138   134   167    92   168 0.75 -
TRINITY_DN5797_c0_g1_i1:578-1063  -            162 3208at3041           -            277    0.0013   14.6   0.0   1   1    0.0004    0.0029   13.5   0.0     8    66     4    63     2    74 0.81 -
TRINITY_DN30877_c0_g1_i1:0-263    -             88 3208at3041           -            277    0.0017   14.2   0.0   1   1   0.00031    0.0023   13.8   0.0   112   182     3    85     1    87 0.72 -
TRINITY_DN203_c1_g1_i2:3-281      -             93 3208at3041           -            277    0.0029   13.5   0.0   1   1   0.00052    0.0038   13.1   0.0   103   179     1    90     1    93 0.67 -
TRINITY_DN1790_c0_g1_i1:25-249    -             75 3208at3041           -            277    0.0032   13.3   0.0   1   1   0.00044    0.0032   13.3   0.0   164   195    11    43     1    58 0.80 -
TRINITY_DN3798_c0_g3_i1:280-504   -             75 3208at3041           -            277      0.01   11.7   0.0   1   1    0.0014      0.01   11.7   0.0   157   213     3    63     1    74 0.73 -
TRINITY_DN2539_c0_g2_i1:267-536   -             90 3208at3041           -            277     0.026   10.4   0.6   1   1     0.024      0.17    7.6   0.6   235   263    62    90     1    90 0.74 -
#
# Program:         hmmsearch
# Version:         3.2.1 (June 2018)
# Pipeline mode:   SEARCH
# Query file:      /sw/bioinfo/BUSCO/v5_lineage_sets/lineages/chlorophyta_odb10/hmms/3208at3041.hmm
# Target file:     /crex/proj/snic2022-23-81/expression_algae/code/busco/trinity_VA-3180-Osg12Sin/run_chlorophyta_odb10/metaeuk_output/initial_results/trinity_VA-3180-Osg12Sin.Trinity.fasta.modified.fas
# Option settings: hmmsearch --domtblout /crex/proj/snic2022-23-81/expression_algae/code/busco/trinity_VA-3180-Osg12Sin/run_chlorophyta_odb10/hmmer_output/initial_run_results/3208at3041.out --cpu 1 /sw/bioinfo/BUSCO/v5_lineage_sets/lineages/chlorophyta_odb10/hmms/3208at3041.hmm /crex/proj/snic2022-23-81/expression_algae/code/busco/trinity_VA-3180-Osg12Sin/run_chlorophyta_odb10/metaeuk_output/initial_results/trinity_VA-3180-Osg12Sin.Trinity.fasta.modified.fas 
# Current dir:     /crex/proj/snic2022-23-81/expression_algae/code/busco
# Date:            Fri Sep 23 10:12:00 2022
# [ok]
