#                                                                                         --- full sequence --- -------------- this domain -------------   hmm coord   ali coord   env coord
# target name                     accession   tlen query name           accession   qlen   E-value  score  bias   #  of  c-Evalue  i-Evalue  score  bias  from    to  from    to  from    to  acc description of target
#             ------------------- ---------- ----- -------------------- ---------- ----- --------- ------ ----- --- --- --------- --------- ------ ----- ----- ----- ----- ----- ----- ----- ---- ---------------------
TRINITY_DN18612_c0_g1_i1:0-554    -            185 3950at3041           -            272   6.6e-41  137.4   0.9   1   1   2.6e-42   8.6e-41  137.0   0.9    58   227     2   185     1   185 0.88 -
TRINITY_DN1175_c0_g1_i4:368-2497  -            710 3950at3041           -            272   1.2e-25   87.3   4.5   1   6   2.3e-06   7.5e-05   19.1   0.0    90   181    22   116    13   126 0.78 -
TRINITY_DN1175_c0_g1_i4:368-2497  -            710 3950at3041           -            272   1.2e-25   87.3   4.5   2   6   5.9e-08     2e-06   24.3   0.0    98   228   115   248   113   258 0.78 -
TRINITY_DN1175_c0_g1_i4:368-2497  -            710 3950at3041           -            272   1.2e-25   87.3   4.5   3   6     0.016      0.54    6.4   0.0   129   182   319   371   316   385 0.78 -
TRINITY_DN1175_c0_g1_i4:368-2497  -            710 3950at3041           -            272   1.2e-25   87.3   4.5   4   6    0.0038      0.13    8.5   0.0   124   172   478   527   446   548 0.74 -
TRINITY_DN1175_c0_g1_i4:368-2497  -            710 3950at3041           -            272   1.2e-25   87.3   4.5   5   6    0.0017     0.056    9.7   0.0    87   177   524   617   517   628 0.83 -
TRINITY_DN1175_c0_g1_i4:368-2497  -            710 3950at3041           -            272   1.2e-25   87.3   4.5   6   6   0.00015     0.005   13.1   0.0   113   175   639   701   629   707 0.76 -
TRINITY_DN7223_c0_g2_i1:24-554    -            177 3950at3041           -            272   1.8e-23   80.1   0.8   1   4   1.2e-05    0.0004   16.7   0.0   136   176     2    42     1    44 0.95 -
TRINITY_DN7223_c0_g2_i1:24-554    -            177 3950at3041           -            272   1.8e-23   80.1   0.8   2   4   5.6e-07   1.9e-05   21.1   0.0   136   181    44    89    40    92 0.91 -
TRINITY_DN7223_c0_g2_i1:24-554    -            177 3950at3041           -            272   1.8e-23   80.1   0.8   3   4   5.9e-05     0.002   14.4   0.1   136   178    86   128    83   131 0.90 -
TRINITY_DN7223_c0_g2_i1:24-554    -            177 3950at3041           -            272   1.8e-23   80.1   0.8   4   4   4.4e-09   1.5e-07   28.0   0.0   136   180   128   172   125   176 0.93 -
TRINITY_DN6803_c0_g1_i1:251-862   -            204 3950at3041           -            272     2e-22   76.7   0.3   1   3   3.7e-15   1.2e-13   47.9   0.1    89   186    19   117     2   123 0.85 -
TRINITY_DN6803_c0_g1_i1:251-862   -            204 3950at3041           -            272     2e-22   76.7   0.3   2   3    0.0023     0.076    9.2   0.0   136   181   110   155   108   155 0.94 -
TRINITY_DN6803_c0_g1_i1:251-862   -            204 3950at3041           -            272     2e-22   76.7   0.3   3   3   1.3e-08   4.3e-07   26.5   0.0   127   188   144   203   135   204 0.89 -
TRINITY_DN1795_c0_g2_i1:12-497    -            162 3950at3041           -            272     1e-17   61.3   6.5   1   4     0.005      0.17    8.1   0.1   156   177     2    23     1    26 0.91 -
TRINITY_DN1795_c0_g2_i1:12-497    -            162 3950at3041           -            272     1e-17   61.3   6.5   2   4   4.2e-07   1.4e-05   21.5   0.0   134   177    22    65    20    68 0.93 -
TRINITY_DN1795_c0_g2_i1:12-497    -            162 3950at3041           -            272     1e-17   61.3   6.5   3   4   5.9e-06    0.0002   17.7   0.1   134   181    66   113    64   113 0.93 -
TRINITY_DN1795_c0_g2_i1:12-497    -            162 3950at3041           -            272     1e-17   61.3   6.5   4   4   1.2e-06     4e-05   20.0   0.2   137   181   111   155   108   161 0.92 -
TRINITY_DN1067_c0_g1_i2:223-924   -            234 3950at3041           -            272   3.2e-17   59.6   0.4   1   4    0.0026     0.087    9.0   0.0   129   175     6    52     2    55 0.91 -
TRINITY_DN1067_c0_g1_i2:223-924   -            234 3950at3041           -            272   3.2e-17   59.6   0.4   2   4   3.6e-08   1.2e-06   25.0   0.0   136   227    55   144    52   146 0.86 -
TRINITY_DN1067_c0_g1_i2:223-924   -            234 3950at3041           -            272   3.2e-17   59.6   0.4   3   4   7.1e-05    0.0024   14.2   0.0   138   186   143   190   138   194 0.88 -
TRINITY_DN1067_c0_g1_i2:223-924   -            234 3950at3041           -            272   3.2e-17   59.6   0.4   4   4    0.0012     0.041   10.1   0.0   140   181   190   230   183   231 0.81 -
TRINITY_DN1795_c0_g4_i1:10-501    -            164 3950at3041           -            272   4.4e-17   59.2   1.9   1   4   2.5e-06   8.4e-05   18.9   0.1   133   181     9    56     2    56 0.89 -
TRINITY_DN1795_c0_g4_i1:10-501    -            164 3950at3041           -            272   4.4e-17   59.2   1.9   2   4   1.6e-08   5.3e-07   26.2   0.1   129   181    47    98    45    98 0.92 -
TRINITY_DN1795_c0_g4_i1:10-501    -            164 3950at3041           -            272   4.4e-17   59.2   1.9   3   4     3e-06   9.9e-05   18.7   0.1   136   183    95   141    93   149 0.90 -
TRINITY_DN1795_c0_g4_i1:10-501    -            164 3950at3041           -            272   4.4e-17   59.2   1.9   4   4     0.028      0.94    5.7   0.0   129   162   131   163   130   164 0.85 -
TRINITY_DN1661_c0_g1_i1:55-666    -            204 3950at3041           -            272   2.4e-14   50.2   0.1   1   3   0.00017    0.0057   12.9   0.0   119   170    11    63     1    71 0.82 -
TRINITY_DN1661_c0_g1_i1:55-666    -            204 3950at3041           -            272   2.4e-14   50.2   0.1   2   3   1.5e-06   4.9e-05   19.7   0.0    95   171    70   150    63   155 0.85 -
TRINITY_DN1661_c0_g1_i1:55-666    -            204 3950at3041           -            272   2.4e-14   50.2   0.1   3   3   3.5e-05    0.0012   15.2   0.0   133   176   154   197   142   202 0.87 -
TRINITY_DN1175_c0_g1_i6:1242-2090 -            283 3950at3041           -            272   4.1e-14   49.5   0.0   1   2   3.5e-07   1.2e-05   21.8   0.0    90   186    16   114     7   128 0.75 -
TRINITY_DN1175_c0_g1_i6:1242-2090 -            283 3950at3041           -            272   4.1e-14   49.5   0.0   2   2   1.1e-08   3.6e-07   26.7   0.0    98   228   109   242   108   255 0.78 -
TRINITY_DN1795_c0_g1_i1:105-404   -            100 3950at3041           -            272   4.1e-14   49.5   0.2   1   2   1.6e-09   5.2e-08   29.5   0.0   133   181     4    52     1    52 0.93 -
TRINITY_DN1795_c0_g1_i1:105-404   -            100 3950at3041           -            272   4.1e-14   49.5   0.2   2   2   4.3e-07   1.4e-05   21.5   0.0   136   181    49    94    46    99 0.92 -
TRINITY_DN13578_c0_g1_i1:2-691    -            230 3950at3041           -            272   7.3e-14   48.7   0.1   1   3     4e-08   1.3e-06   24.8   0.0   137   228     6    99     1   111 0.85 -
TRINITY_DN13578_c0_g1_i1:2-691    -            230 3950at3041           -            272   7.3e-14   48.7   0.1   2   3    0.0035      0.12    8.6   0.0   199   229   113   143   110   154 0.83 -
TRINITY_DN13578_c0_g1_i1:2-691    -            230 3950at3041           -            272   7.3e-14   48.7   0.1   3   3   0.00034     0.011   11.9   0.0   150   225   154   230   147   230 0.86 -
TRINITY_DN1795_c0_g1_i2:0-278     -             93 3950at3041           -            272   1.2e-13   47.9   0.2   1   2   1.3e-09   4.3e-08   29.7   0.0   133   181     4    52     1    52 0.93 -
TRINITY_DN1795_c0_g1_i2:0-278     -             93 3950at3041           -            272   1.2e-13   47.9   0.2   2   2   1.3e-06   4.4e-05   19.8   0.1   136   178    49    91    46    93 0.93 -
TRINITY_DN528_c0_g1_i2:14-373     -            120 3950at3041           -            272   7.9e-13   45.3   0.5   1   1   2.4e-13     8e-12   42.0   0.5   126   228    11   114     3   116 0.85 -
TRINITY_DN1067_c0_g1_i1:186-710   -            175 3950at3041           -            272   1.4e-12   44.4   0.2   1   3   3.8e-06   0.00013   18.4   0.0   156   227     3    72     1    74 0.84 -
TRINITY_DN1067_c0_g1_i1:186-710   -            175 3950at3041           -            272   1.4e-12   44.4   0.2   2   3   5.7e-05    0.0019   14.5   0.0   138   184    71   116    65   119 0.88 -
TRINITY_DN1067_c0_g1_i1:186-710   -            175 3950at3041           -            272   1.4e-12   44.4   0.2   3   3   0.00068     0.023   11.0   0.0   140   181   118   158   111   162 0.82 -
TRINITY_DN180_c0_g2_i1:60-398     -            113 3950at3041           -            272   1.5e-12   44.3   0.4   1   2     0.056       1.9    4.7   0.0   156   183     2    29     1    39 0.80 -
TRINITY_DN180_c0_g2_i1:60-398     -            113 3950at3041           -            272   1.5e-12   44.3   0.4   2   2   4.7e-12   1.6e-10   37.7   0.1   119   181    50   111    30   113 0.84 -
TRINITY_DN8566_c0_g1_i1:146-1189  -            348 3950at3041           -            272   4.5e-12   42.8   0.2   1   3      0.35        12    2.1   0.0   198   233    17    52    11    62 0.87 -
TRINITY_DN8566_c0_g1_i1:146-1189  -            348 3950at3041           -            272   4.5e-12   42.8   0.2   2   3    0.0001    0.0035   13.6   0.1   158   237   161   243   140   263 0.79 -
TRINITY_DN8566_c0_g1_i1:146-1189  -            348 3950at3041           -            272   4.5e-12   42.8   0.2   3   3   1.8e-07     6e-06   22.7   0.0   157   229   266   344   253   348 0.81 -
TRINITY_DN1996_c0_g1_i2:70-975    -            302 3950at3041           -            272   7.1e-12   42.1   0.0   1   2    0.0002    0.0067   12.7   0.0   131   226    23   124    12   135 0.76 -
TRINITY_DN1996_c0_g1_i2:70-975    -            302 3950at3041           -            272   7.1e-12   42.1   0.0   2   2   1.7e-08   5.6e-07   26.1   0.0   135   267   162   291   145   295 0.77 -
TRINITY_DN4860_c0_g2_i1:5-304     -            100 3950at3041           -            272   1.3e-11   41.3   0.3   1   1   5.9e-13     2e-11   40.7   0.3   131   226     4    99     1   100 0.86 -
TRINITY_DN13972_c0_g1_i2:7-921    -            305 3950at3041           -            272   4.2e-11   39.6   0.0   1   3      0.22       7.3    2.7   0.0   153   179     9    38     2    45 0.83 -
TRINITY_DN13972_c0_g1_i2:7-921    -            305 3950at3041           -            272   4.2e-11   39.6   0.0   2   3   1.5e-05   0.00051   16.4   0.0   120   245    63   191    52   195 0.79 -
TRINITY_DN13972_c0_g1_i2:7-921    -            305 3950at3041           -            272   4.2e-11   39.6   0.0   3   3   7.1e-07   2.4e-05   20.7   0.0    63   185   170   294   168   300 0.79 -
TRINITY_DN4860_c1_g1_i1:156-566   -            137 3950at3041           -            272   4.5e-11   39.5   2.7   1   3   5.9e-05     0.002   14.5   0.1   154   181     2    29     1    36 0.67 -
TRINITY_DN4860_c1_g1_i1:156-566   -            137 3950at3041           -            272   4.5e-11   39.5   2.7   2   3   0.00019    0.0065   12.8   0.1   134   180    24    70    23    79 0.88 -
TRINITY_DN4860_c1_g1_i1:156-566   -            137 3950at3041           -            272   4.5e-11   39.5   2.7   3   3   6.6e-07   2.2e-05   20.8   0.2   135   187    67   118    61   129 0.85 -
TRINITY_DN4860_c1_g1_i2:220-630   -            137 3950at3041           -            272   4.5e-11   39.5   2.7   1   3   5.9e-05     0.002   14.5   0.1   154   181     2    29     1    36 0.67 -
TRINITY_DN4860_c1_g1_i2:220-630   -            137 3950at3041           -            272   4.5e-11   39.5   2.7   2   3   0.00019    0.0065   12.8   0.1   134   180    24    70    23    79 0.88 -
TRINITY_DN4860_c1_g1_i2:220-630   -            137 3950at3041           -            272   4.5e-11   39.5   2.7   3   3   6.6e-07   2.2e-05   20.8   0.2   135   187    67   118    61   129 0.85 -
TRINITY_DN10109_c0_g1_i1:8-529    -            174 3950at3041           -            272   1.3e-10   38.0   0.0   1   2     8e-05    0.0027   14.0   0.0   136   187    31    81    18    86 0.78 -
TRINITY_DN10109_c0_g1_i1:8-529    -            174 3950at3041           -            272   1.3e-10   38.0   0.0   2   2   3.2e-07   1.1e-05   21.9   0.0   119   177   108   165    85   174 0.83 -
TRINITY_DN40744_c0_g1_i1:7-510    -            168 3950at3041           -            272   1.9e-10   37.5   0.6   1   2   0.00089      0.03   10.6   0.1   134   181    20    67     9    67 0.89 -
TRINITY_DN40744_c0_g1_i1:7-510    -            168 3950at3041           -            272   1.9e-10   37.5   0.6   2   2   3.5e-10   1.2e-08   31.6   0.3   127   227    56   156    49   163 0.81 -
TRINITY_DN13972_c0_g1_i3:7-747    -            247 3950at3041           -            272   5.3e-10   36.0   0.0   1   2   1.3e-05   0.00045   16.6   0.0   121   244     6   132     2   136 0.79 -
TRINITY_DN13972_c0_g1_i3:7-747    -            247 3950at3041           -            272   5.3e-10   36.0   0.0   2   2   4.3e-07   1.4e-05   21.5   0.0    63   185   112   236   110   242 0.79 -
TRINITY_DN2811_c0_g1_i1:17-373    -            119 3950at3041           -            272   1.1e-08   31.7   0.0   1   2   8.7e-05    0.0029   13.9   0.0   135   181     6    51     1    51 0.88 -
TRINITY_DN2811_c0_g1_i1:17-373    -            119 3950at3041           -            272   1.1e-08   31.7   0.0   2   2   2.8e-06   9.4e-05   18.8   0.0   134   182    46    94    42   108 0.87 -
TRINITY_DN25062_c0_g1_i1:5-352    -            116 3950at3041           -            272   1.3e-08   31.5   0.5   1   1     5e-10   1.7e-08   31.1   0.5   129   226     1    99     1   110 0.79 -
TRINITY_DN1175_c0_g1_i7:162-851   -            230 3950at3041           -            272   1.9e-08   30.9   0.0   1   2    0.0002    0.0066   12.7   0.0    87   177    19   112    10   122 0.84 -
TRINITY_DN1175_c0_g1_i7:162-851   -            230 3950at3041           -            272   1.9e-08   30.9   0.0   2   2   1.7e-05   0.00056   16.2   0.0   112   176   133   197   114   210 0.78 -
TRINITY_DN5365_c0_g1_i1:848-1714  -            289 3950at3041           -            272     3e-08   30.2   0.0   1   2   8.4e-06   0.00028   17.2   0.0    81   186    43   154    16   176 0.78 -
TRINITY_DN5365_c0_g1_i1:848-1714  -            289 3950at3041           -            272     3e-08   30.2   0.0   2   2   0.00012     0.004   13.4   0.0    96   222   147   278   144   282 0.74 -
TRINITY_DN15052_c0_g1_i1:366-872  -            169 3950at3041           -            272   4.7e-08   29.6   0.0   1   2    0.0048      0.16    8.2   0.0   199   232    35    68    31    77 0.89 -
TRINITY_DN15052_c0_g1_i1:366-872  -            169 3950at3041           -            272   4.7e-08   29.6   0.0   2   2   1.5e-06     5e-05   19.7   0.0   121   189    89   156    75   163 0.86 -
TRINITY_DN15052_c0_g1_i2:366-872  -            169 3950at3041           -            272   4.7e-08   29.6   0.0   1   2    0.0048      0.16    8.2   0.0   199   232    35    68    31    77 0.89 -
TRINITY_DN15052_c0_g1_i2:366-872  -            169 3950at3041           -            272   4.7e-08   29.6   0.0   2   2   1.5e-06     5e-05   19.7   0.0   121   189    89   156    75   163 0.86 -
TRINITY_DN1133_c0_g1_i4:2-1759    -            586 3950at3041           -            272   5.1e-08   29.5   0.1   1   5    0.0032      0.11    8.8   0.0   154   214    17    83     1    84 0.51 -
TRINITY_DN1133_c0_g1_i4:2-1759    -            586 3950at3041           -            272   5.1e-08   29.5   0.1   2   5     0.014      0.48    6.6   0.0   138   175    48    85    42   141 0.84 -
TRINITY_DN1133_c0_g1_i4:2-1759    -            586 3950at3041           -            272   5.1e-08   29.5   0.1   3   5    0.0006      0.02   11.1   0.0   135   264   324   455   293   462 0.72 -
TRINITY_DN1133_c0_g1_i4:2-1759    -            586 3950at3041           -            272   5.1e-08   29.5   0.1   4   5    0.0069      0.23    7.7   0.0   110   192   381   467   367   499 0.70 -
TRINITY_DN1133_c0_g1_i4:2-1759    -            586 3950at3041           -            272   5.1e-08   29.5   0.1   5   5      0.58        19    1.3   0.0    99   174   457   534   451   585 0.72 -
TRINITY_DN30718_c0_g1_i1:45-536   -            164 3950at3041           -            272   1.2e-07   28.2   0.0   1   2    0.0045      0.15    8.3   0.0   110   164     3    57     1    64 0.82 -
TRINITY_DN30718_c0_g1_i1:45-536   -            164 3950at3041           -            272   1.2e-07   28.2   0.0   2   2   3.4e-06   0.00011   18.5   0.0    96   167    69   140    57   162 0.89 -
TRINITY_DN643_c0_g1_i5:196-1167   -            324 3950at3041           -            272   1.8e-07   27.7   0.0   1   4     0.041       1.4    5.1   0.0   153   177     6    30     4    32 0.91 -
TRINITY_DN643_c0_g1_i5:196-1167   -            324 3950at3041           -            272   1.8e-07   27.7   0.0   2   4     0.045       1.5    5.0   0.0   132   176    69   112    51   115 0.87 -
TRINITY_DN643_c0_g1_i5:196-1167   -            324 3950at3041           -            272   1.8e-07   27.7   0.0   3   4    0.0016     0.052    9.8   0.0   131   186   162   219   145   244 0.76 -
TRINITY_DN643_c0_g1_i5:196-1167   -            324 3950at3041           -            272   1.8e-07   27.7   0.0   4   4      0.27       8.9    2.5   0.0   147   187   275   314   250   320 0.78 -
TRINITY_DN9611_c0_g1_i1:10-747    -            246 3950at3041           -            272     2e-07   27.6   0.1   1   3    0.0012     0.041   10.1   0.0   138   207     8    78     3    84 0.85 -
TRINITY_DN9611_c0_g1_i1:10-747    -            246 3950at3041           -            272     2e-07   27.6   0.1   2   3    0.0075      0.25    7.6   0.0    98   181    96   179    91   189 0.76 -
TRINITY_DN9611_c0_g1_i1:10-747    -            246 3950at3041           -            272     2e-07   27.6   0.1   3   3     0.016      0.54    6.4   0.1   148   182   210   244   184   246 0.79 -
TRINITY_DN1175_c0_g1_i6:1617-2081 -            155 3950at3041           -            272   2.1e-07   27.5   0.0   1   1   8.1e-09   2.7e-07   27.1   0.0   119   229     7   118     3   155 0.85 -
TRINITY_DN12406_c0_g1_i1:6-428    -            141 3950at3041           -            272   3.2e-07   26.9   0.0   1   2   6.8e-05    0.0023   14.2   0.0   136   182     4    50     1    82 0.91 -
TRINITY_DN12406_c0_g1_i1:6-428    -            141 3950at3041           -            272   3.2e-07   26.9   0.0   2   2   0.00078     0.026   10.8   0.0   127   180    84   136    76   139 0.85 -
TRINITY_DN21349_c0_g1_i1:1-516    -            172 3950at3041           -            272   3.4e-07   26.8   0.0   1   2     0.038       1.3    5.2   0.0   122   167    12    57     7    66 0.79 -
TRINITY_DN21349_c0_g1_i1:1-516    -            172 3950at3041           -            272   3.4e-07   26.8   0.0   2   2   1.4e-06   4.7e-05   19.8   0.0   136   229    68   162    59   172 0.79 -
TRINITY_DN3003_c1_g1_i1:35-337    -            101 3950at3041           -            272   4.9e-07   26.3   0.1   1   1     2e-07   6.6e-06   22.6   0.1   129   187    19    76     7    84 0.81 -
TRINITY_DN17312_c0_g1_i1:3-878    -            292 3950at3041           -            272   1.2e-06   25.0   0.2   1   3      0.29       9.8    2.3   0.0   198   234    14    50     5    90 0.72 -
TRINITY_DN17312_c0_g1_i1:3-878    -            292 3950at3041           -            272   1.2e-06   25.0   0.2   2   3   8.1e-05    0.0027   14.0   0.1   127   186   128   191   123   207 0.78 -
TRINITY_DN17312_c0_g1_i1:3-878    -            292 3950at3041           -            272   1.2e-06   25.0   0.2   3   3      0.04       1.3    5.2   0.0   199   235   236   272   223   283 0.85 -
TRINITY_DN17312_c0_g1_i2:3-851    -            283 3950at3041           -            272   1.2e-06   25.0   0.1   1   3      0.35        12    2.1   0.0   199   235     6    42     2    81 0.73 -
TRINITY_DN17312_c0_g1_i2:3-851    -            283 3950at3041           -            272   1.2e-06   25.0   0.1   2   3   7.7e-05    0.0026   14.1   0.1   127   186   119   182   114   198 0.78 -
TRINITY_DN17312_c0_g1_i2:3-851    -            283 3950at3041           -            272   1.2e-06   25.0   0.1   3   3     0.038       1.3    5.2   0.0   198   235   226   263   214   274 0.85 -
TRINITY_DN8589_c0_g1_i2:178-1152  -            325 3950at3041           -            272   1.2e-06   25.0   0.6   1   2    0.0085      0.28    7.4   0.1    60   171   145   258   142   268 0.73 -
TRINITY_DN8589_c0_g1_i2:178-1152  -            325 3950at3041           -            272   1.2e-06   25.0   0.6   2   2   2.9e-06   9.6e-05   18.7   0.2   118   178   244   307   233   319 0.82 -
TRINITY_DN643_c0_g1_i3:196-1089   -            298 3950at3041           -            272   1.4e-06   24.8   0.0   1   4     0.037       1.2    5.3   0.0   153   177     6    30     4    32 0.91 -
TRINITY_DN643_c0_g1_i3:196-1089   -            298 3950at3041           -            272   1.4e-06   24.8   0.0   2   4      0.04       1.3    5.2   0.0   132   176    69   112    51   115 0.87 -
TRINITY_DN643_c0_g1_i3:196-1089   -            298 3950at3041           -            272   1.4e-06   24.8   0.0   3   4    0.0013     0.045   10.0   0.0   131   187   162   220   145   244 0.75 -
TRINITY_DN643_c0_g1_i3:196-1089   -            298 3950at3041           -            272   1.4e-06   24.8   0.0   4   4       9.7   3.2e+02   -2.7   0.0   148   169   276   297   258   298 0.79 -
TRINITY_DN12596_c0_g1_i1:1-297    -             99 3950at3041           -            272   1.8e-06   24.4   0.0   1   2   7.1e-05    0.0024   14.2   0.0   123   174     6    57     2    61 0.85 -
TRINITY_DN12596_c0_g1_i1:1-297    -             99 3950at3041           -            272   1.8e-06   24.4   0.0   2   2    0.0023     0.077    9.2   0.0   136   165    61    90    53    98 0.87 -
TRINITY_DN26970_c0_g1_i1:30-701   -            224 3950at3041           -            272   4.1e-06   23.2   0.1   1   2     0.033       1.1    5.4   0.1   157   194    10    44     6    73 0.72 -
TRINITY_DN26970_c0_g1_i1:30-701   -            224 3950at3041           -            272   4.1e-06   23.2   0.1   2   2     3e-05   0.00098   15.4   0.0    92   185    71   167    57   174 0.75 -
TRINITY_DN1795_c2_g3_i1:2-241     -             80 3950at3041           -            272   4.2e-06   23.2   0.0   1   1   1.9e-07   6.2e-06   22.6   0.0   137   211     3    78     1    80 0.81 -
TRINITY_DN379_c0_g1_i4:169-579    -            137 3950at3041           -            272   5.3e-06   22.9   0.0   1   2   4.2e-06   0.00014   18.2   0.0   154   228     2    77     1    82 0.82 -
TRINITY_DN379_c0_g1_i4:169-579    -            137 3950at3041           -            272   5.3e-06   22.9   0.0   2   2    0.0045      0.15    8.3   0.0    86   160    58   134    46   137 0.65 -
TRINITY_DN2811_c0_g1_i3:164-409   -             82 3950at3041           -            272   6.7e-06   22.5   0.0   1   2      0.11       3.8    3.7   0.0   156   181     2    27     1    27 0.90 -
TRINITY_DN2811_c0_g1_i3:164-409   -             82 3950at3041           -            272   6.7e-06   22.5   0.0   2   2   1.2e-06   3.9e-05   20.0   0.0   134   182    22    70    18    81 0.88 -
TRINITY_DN3100_c0_g1_i1:661-861   -             67 3950at3041           -            272   9.3e-06   22.1   0.0   1   1     3e-07     1e-05   22.0   0.0   132   181    10    59     4    66 0.92 -
TRINITY_DN643_c0_g1_i4:47-934     -            296 3950at3041           -            272   1.4e-05   21.5   0.0   1   3     0.039       1.3    5.2   0.0   132   176    41    84    23    87 0.87 -
TRINITY_DN643_c0_g1_i4:47-934     -            296 3950at3041           -            272   1.4e-05   21.5   0.0   2   3    0.0013     0.044   10.0   0.0   131   187   134   192   117   216 0.75 -
TRINITY_DN643_c0_g1_i4:47-934     -            296 3950at3041           -            272   1.4e-05   21.5   0.0   3   3      0.23       7.8    2.6   0.0   147   187   247   286   222   292 0.78 -
TRINITY_DN8181_c0_g1_i1:0-560     -            187 3950at3041           -            272   2.8e-05   20.5   0.0   1   1   1.1e-06   3.5e-05   20.2   0.0   131   197    82   147    57   161 0.76 -
TRINITY_DN2811_c0_g1_i2:2-220     -             73 3950at3041           -            272   6.8e-05   19.2   0.0   1   1   2.2e-06   7.4e-05   19.1   0.0   130   182     7    57     2    69 0.85 -
TRINITY_DN38465_c0_g1_i1:352-570  -             73 3950at3041           -            272    0.0004   16.7   0.0   1   1   3.4e-05    0.0011   15.2   0.0   164   225     5    73     1    73 0.55 -
TRINITY_DN2638_c0_g1_i2:58-516    -            153 3950at3041           -            272   0.00049   16.4   0.0   1   2   3.7e-05    0.0012   15.1   0.0   158   219    53   119    19   136 0.75 -
TRINITY_DN2638_c0_g1_i2:58-516    -            153 3950at3041           -            272   0.00049   16.4   0.0   2   2      0.39        13    1.9   0.0   127   166   113   153    98   153 0.82 -
TRINITY_DN379_c0_g1_i1:169-375    -             69 3950at3041           -            272   0.00054   16.3   0.0   1   1   1.8e-05   0.00059   16.2   0.0   155   216     3    65     1    68 0.59 -
TRINITY_DN26199_c0_g1_i1:2-298    -             99 3950at3041           -            272    0.0019   14.5   0.0   1   1   9.1e-05     0.003   13.8   0.0   125   178    31    84    19    91 0.86 -
TRINITY_DN1996_c0_g1_i1:127-693   -            189 3950at3041           -            272    0.0021   14.4   0.0   1   1   9.7e-05    0.0032   13.7   0.0   133   227     6   106     2   140 0.74 -
TRINITY_DN5113_c0_g1_i1:2-919     -            306 3950at3041           -            272    0.0023   14.2   0.0   1   2     0.002     0.067    9.4   0.0    93   168    60   138    55   182 0.59 -
TRINITY_DN5113_c0_g1_i1:2-919     -            306 3950at3041           -            272    0.0023   14.2   0.0   2   2      0.47        16    1.7   0.0   155   229   215   297   190   304 0.66 -
TRINITY_DN2265_c0_g1_i1:250-1491  -            414 3950at3041           -            272     0.004   13.4   0.0   1   3    0.0069      0.23    7.7   0.0   148   182   265   300   249   315 0.81 -
TRINITY_DN2265_c0_g1_i1:250-1491  -            414 3950at3041           -            272     0.004   13.4   0.0   2   3    0.0049      0.16    8.2   0.0   154   185   271   302   264   352 0.50 -
TRINITY_DN2265_c0_g1_i1:250-1491  -            414 3950at3041           -            272     0.004   13.4   0.0   3   3      0.47        16    1.7   0.0   154   191   372   409   364   412 0.80 -
TRINITY_DN19397_c0_g1_i1:53-403   -            117 3950at3041           -            272    0.0043   13.3   0.0   1   1   0.00017    0.0056   12.9   0.0   131   186    62   116    15   117 0.82 -
TRINITY_DN1187_c0_g1_i3:44-718    -            225 3950at3041           -            272     0.012   11.9   0.0   1   2    0.0051      0.17    8.1   0.0   154   181    26    55    13    62 0.80 -
TRINITY_DN1187_c0_g1_i3:44-718    -            225 3950at3041           -            272     0.012   11.9   0.0   2   2      0.47        16    1.7   0.0   154   175   182   203   147   212 0.79 -
#
# Program:         hmmsearch
# Version:         3.2.1 (June 2018)
# Pipeline mode:   SEARCH
# Query file:      /sw/bioinfo/BUSCO/v5_lineage_sets/lineages/chlorophyta_odb10/hmms/3950at3041.hmm
# Target file:     /crex/proj/snic2022-23-81/expression_algae/code/busco/trinity_VA-3180-Osg12Sin/run_chlorophyta_odb10/metaeuk_output/initial_results/trinity_VA-3180-Osg12Sin.Trinity.fasta.modified.fas
# Option settings: hmmsearch --domtblout /crex/proj/snic2022-23-81/expression_algae/code/busco/trinity_VA-3180-Osg12Sin/run_chlorophyta_odb10/hmmer_output/initial_run_results/3950at3041.out --cpu 1 /sw/bioinfo/BUSCO/v5_lineage_sets/lineages/chlorophyta_odb10/hmms/3950at3041.hmm /crex/proj/snic2022-23-81/expression_algae/code/busco/trinity_VA-3180-Osg12Sin/run_chlorophyta_odb10/metaeuk_output/initial_results/trinity_VA-3180-Osg12Sin.Trinity.fasta.modified.fas 
# Current dir:     /crex/proj/snic2022-23-81/expression_algae/code/busco
# Date:            Fri Sep 23 10:12:03 2022
# [ok]
