#                                                                                        --- full sequence --- -------------- this domain -------------   hmm coord   ali coord   env coord
# target name                    accession   tlen query name           accession   qlen   E-value  score  bias   #  of  c-Evalue  i-Evalue  score  bias  from    to  from    to  from    to  acc description of target
#            ------------------- ---------- ----- -------------------- ---------- ----- --------- ------ ----- --- --- --------- --------- ------ ----- ----- ----- ----- ----- ----- ----- ---- ---------------------
TRINITY_DN42_c0_g4_i1:1141-2673  -            511 4431at3041           -            365   2.5e-45  152.1   0.5   1   1   6.3e-46   3.4e-44  148.3   0.5     2   341   138   509   137   511 0.79 -
TRINITY_DN42_c0_g4_i2:1141-2235  -            365 4431at3041           -            365   5.1e-45  151.1   0.3   1   1   1.7e-45   9.4e-44  146.9   0.3    19   341    12   363     2   365 0.79 -
TRINITY_DN42_c0_g1_i4:2-1156     -            385 4431at3041           -            365   2.1e-39  132.6   0.0   1   1   2.2e-39   1.2e-37  126.8   0.0    11   331    25   362    14   366 0.74 -
TRINITY_DN116_c0_g1_i1:393-1676  -            428 4431at3041           -            365   1.8e-36  122.9   0.1   1   2   2.8e-21   1.5e-19   67.2   0.1    17   159    23   179     7   199 0.76 -
TRINITY_DN116_c0_g1_i1:393-1676  -            428 4431at3041           -            365   1.8e-36  122.9   0.1   2   2   4.1e-17   2.2e-15   53.5   0.0   279   333   300   354   292   367 0.92 -
TRINITY_DN1835_c0_g1_i1:0-1205   -            402 4431at3041           -            365   2.6e-36  122.4   1.1   1   2   2.1e-23   1.2e-21   74.2   0.1    11   159    22   185    13   195 0.78 -
TRINITY_DN1835_c0_g1_i1:0-1205   -            402 4431at3041           -            365   2.6e-36  122.4   1.1   2   2   4.2e-15   2.2e-13   46.9   0.1   279   332   304   357   273   363 0.90 -
TRINITY_DN1230_c0_g1_i2:169-1390 -            405 4431at3041           -            365   6.4e-36  121.1   0.0   1   2   3.6e-22     2e-20   70.2   0.0    20   163     5   160     1   185 0.77 -
TRINITY_DN1230_c0_g1_i2:169-1390 -            405 4431at3041           -            365   6.4e-36  121.1   0.0   2   2     1e-15   5.5e-14   48.9   0.0   266   333   256   329   218   346 0.69 -
TRINITY_DN4952_c0_g1_i2:218-1288 -            357 4431at3041           -            365   6.7e-36  121.1   0.9   1   2   1.6e-22   8.8e-21   71.3   0.2    21   185     6   196     2   215 0.73 -
TRINITY_DN4952_c0_g1_i2:218-1288 -            357 4431at3041           -            365   6.7e-36  121.1   0.9   2   2   1.7e-15   9.2e-14   48.2   0.0   278   331   289   342   228   350 0.88 -
TRINITY_DN7530_c0_g2_i1:44-1201  -            386 4431at3041           -            365     4e-35  118.5   5.1   1   2   1.7e-22   9.4e-21   71.2   1.7     8   155    14   177     6   237 0.81 -
TRINITY_DN7530_c0_g2_i1:44-1201  -            386 4431at3041           -            365     4e-35  118.5   5.1   2   2   1.2e-15   6.2e-14   48.8   0.1   265   331   283   356   249   360 0.81 -
TRINITY_DN42_c0_g1_i5:2-1612     -            537 4431at3041           -            365   1.2e-34  116.9   0.0   1   1   1.2e-34   6.2e-33  111.3   0.0    20   331   181   514   164   519 0.73 -
TRINITY_DN1230_c0_g1_i1:169-1392 -            408 4431at3041           -            365   1.7e-34  116.4   0.0   1   2   9.5e-21   5.1e-19   65.5   0.0    20   163     5   163     1   188 0.76 -
TRINITY_DN1230_c0_g1_i1:169-1392 -            408 4431at3041           -            365   1.7e-34  116.4   0.0   2   2     1e-15   5.6e-14   48.9   0.0   266   333   259   332   221   349 0.69 -
TRINITY_DN200_c0_g1_i3:1-1215    -            405 4431at3041           -            365     2e-34  116.2   0.0   1   2     2e-18   1.1e-16   57.9   0.0    21   160    63   217    46   239 0.72 -
TRINITY_DN200_c0_g1_i3:1-1215    -            405 4431at3041           -            365     2e-34  116.2   0.0   2   2   6.4e-18   3.4e-16   56.2   0.0   243   330   285   386   276   396 0.81 -
TRINITY_DN4952_c0_g1_i1:218-1282 -            355 4431at3041           -            365   4.5e-34  115.0   0.4   1   2   1.4e-20   7.7e-19   64.9   0.1    33   186    17   195    10   217 0.73 -
TRINITY_DN4952_c0_g1_i1:218-1282 -            355 4431at3041           -            365   4.5e-34  115.0   0.4   2   2   1.7e-15   9.2e-14   48.2   0.0   278   331   287   340   226   348 0.88 -
TRINITY_DN42_c0_g1_i6:814-2454   -            547 4431at3041           -            365   2.8e-29   99.3   0.0   1   2   2.4e-14   1.3e-12   44.4   0.0    20   161   181   343   162   360 0.74 -
TRINITY_DN42_c0_g1_i6:814-2454   -            547 4431at3041           -            365   2.8e-29   99.3   0.0   2   2   7.7e-17   4.2e-15   52.6   0.1   271   328   452   513   413   523 0.80 -
TRINITY_DN96_c0_g1_i11:110-1429  -            440 4431at3041           -            365     6e-29   98.2   0.0   1   2   1.3e-16   6.8e-15   51.9   0.0    13   159    81   239    68   251 0.77 -
TRINITY_DN96_c0_g1_i11:110-1429  -            440 4431at3041           -            365     6e-29   98.2   0.0   2   2   2.7e-14   1.5e-12   44.2   0.1   241   338   305   416   278   425 0.74 -
TRINITY_DN96_c0_g1_i4:560-1879   -            440 4431at3041           -            365   1.1e-28   97.3   0.0   1   2   1.3e-16   6.8e-15   51.9   0.0    13   159    81   239    68   251 0.77 -
TRINITY_DN96_c0_g1_i4:560-1879   -            440 4431at3041           -            365   1.1e-28   97.3   0.0   2   2   4.9e-14   2.6e-12   43.4   0.0   241   332   305   410   278   420 0.75 -
TRINITY_DN42_c0_g3_i2:65-997     -            311 4431at3041           -            365   2.3e-27   92.9   1.1   1   2   2.9e-09   1.6e-07   27.7   0.2    74   176     4   113     1   202 0.67 -
TRINITY_DN42_c0_g3_i2:65-997     -            311 4431at3041           -            365   2.3e-27   92.9   1.1   2   2   2.1e-20   1.1e-18   64.4   0.0   244   328   208   305   198   309 0.83 -
TRINITY_DN42_c1_g1_i1:1-1398     -            466 4431at3041           -            365   7.1e-27   91.4   0.0   1   2     1e-15   5.5e-14   48.9   0.0    13   156   113   279   101   291 0.72 -
TRINITY_DN42_c1_g1_i1:1-1398     -            466 4431at3041           -            365   7.1e-27   91.4   0.0   2   2   5.6e-13     3e-11   39.9   0.0   244   332   357   458   346   462 0.76 -
TRINITY_DN96_c0_g1_i9:560-1810   -            417 4431at3041           -            365   1.7e-24   83.5   0.3   1   2   7.6e-11   4.1e-09   32.9   0.0    13   159    81   216    68   228 0.73 -
TRINITY_DN96_c0_g1_i9:560-1810   -            417 4431at3041           -            365   1.7e-24   83.5   0.3   2   2   4.4e-14   2.4e-12   43.6   0.0   241   332   282   387   255   397 0.75 -
TRINITY_DN42_c0_g3_i1:1-1068     -            356 4431at3041           -            365     2e-24   83.3   1.9   1   2   4.1e-09   2.2e-07   27.2   0.2    74   176     4   113     1   201 0.68 -
TRINITY_DN42_c0_g3_i1:1-1068     -            356 4431at3041           -            365     2e-24   83.3   1.9   2   2   9.1e-18   4.9e-16   55.7   0.1   244   331   208   308   205   318 0.82 -
TRINITY_DN96_c0_g2_i1:110-1309   -            400 4431at3041           -            365   2.9e-23   79.5   0.6   1   2   2.9e-11   1.5e-09   34.3   0.1    12   158    40   198    28   232 0.77 -
TRINITY_DN96_c0_g2_i1:110-1309   -            400 4431at3041           -            365   2.9e-23   79.5   0.6   2   2   3.6e-14   1.9e-12   43.9   0.1   264   338   295   376   238   385 0.76 -
TRINITY_DN533_c0_g1_i4:402-1706  -            435 4431at3041           -            365     3e-23   79.4   0.1   1   1   2.3e-22   1.3e-20   70.8   0.1    11   329    52   396    42   413 0.64 -
TRINITY_DN818_c0_g1_i1:1-408     -            136 4431at3041           -            365     1e-22   77.7   0.0   1   1   2.1e-24   1.1e-22   77.6   0.0    21   142     3   135     1   136 0.85 -
TRINITY_DN42_c0_g1_i7:2-943      -            314 4431at3041           -            365   1.3e-20   70.8   0.0   1   1     3e-20   1.6e-18   63.8   0.0    11   292    15   314     4   314 0.65 -
TRINITY_DN3663_c0_g1_i2:2-721    -            240 4431at3041           -            365   2.6e-19   66.5   0.1   1   2   1.7e-06   9.4e-05   18.6   0.0   109   157    10    61     6    93 0.80 -
TRINITY_DN3663_c0_g1_i2:2-721    -            240 4431at3041           -            365   2.6e-19   66.5   0.1   2   2   7.2e-15   3.9e-13   46.2   0.0   234   332   130   232   107   236 0.75 -
TRINITY_DN1204_c0_g2_i1:119-637  -            173 4431at3041           -            365   2.9e-18   63.0   0.2   1   1   1.4e-19   7.4e-18   61.7   0.2    21   155     2   160     1   171 0.72 -
TRINITY_DN6450_c0_g1_i1:8-571    -            188 4431at3041           -            365   1.8e-17   60.4   0.1   1   1     4e-19   2.2e-17   60.1   0.1     3   128    36   180    34   186 0.76 -
TRINITY_DN200_c0_g1_i2:43-561    -            173 4431at3041           -            365   4.3e-17   59.2   0.0   1   1   1.1e-18   5.9e-17   58.7   0.0   243   328    67   166    57   171 0.81 -
TRINITY_DN96_c0_g1_i10:97-897    -            267 4431at3041           -            365   1.6e-15   54.0   0.0   1   1   3.7e-17     2e-15   53.7   0.0    12   159    80   239    68   250 0.77 -
TRINITY_DN6352_c0_g1_i1:44-583   -            180 4431at3041           -            365   1.3e-13   47.7   0.0   1   1   4.2e-15   2.3e-13   46.9   0.0   194   314    30   180    20   180 0.75 -
TRINITY_DN533_c0_g1_i3:6-404     -            133 4431at3041           -            365   3.5e-13   46.3   0.0   1   1   7.6e-15   4.1e-13   46.1   0.0    23   142     1   132     1   133 0.75 -
TRINITY_DN15809_c0_g1_i1:5-643   -            213 4431at3041           -            365   5.1e-13   45.8   0.6   1   2   2.3e-07   1.2e-05   21.5   0.1    37    69     1    33     1    40 0.90 -
TRINITY_DN15809_c0_g1_i1:5-643   -            213 4431at3041           -            365   5.1e-13   45.8   0.6   2   2   8.8e-07   4.8e-05   19.5   0.1    60   144    44   146    36   211 0.75 -
TRINITY_DN35416_c0_g1_i1:0-416   -            139 4431at3041           -            365   3.4e-12   43.0   0.1   1   1   8.2e-14   4.4e-12   42.7   0.1    21   138     4   139     1   139 0.73 -
TRINITY_DN533_c0_g1_i2:402-1106  -            235 4431at3041           -            365     5e-08   29.3   0.3   1   1   2.2e-09   1.2e-07   28.1   0.3   232   329    70   196    13   214 0.64 -
TRINITY_DN533_c0_g1_i5:405-1034  -            210 4431at3041           -            365   6.4e-08   29.0   0.4   1   1   2.7e-09   1.5e-07   27.8   0.4   236   329    50   172    14   190 0.65 -
TRINITY_DN21823_c0_g1_i1:21-317  -             99 4431at3041           -            365   2.9e-07   26.8   0.0   1   1   5.9e-09   3.2e-07   26.7   0.0    21    87     2    77     1    93 0.77 -
TRINITY_DN7072_c0_g1_i2:1-594    -            198 4431at3041           -            365     1e-06   25.0   0.0   1   1   2.5e-08   1.3e-06   24.7   0.0    15    86    78   157    64   198 0.71 -
TRINITY_DN7072_c0_g1_i1:7-351    -            115 4431at3041           -            365   1.2e-06   24.8   0.0   1   1   2.4e-08   1.3e-06   24.7   0.0    21    85     3    75     2   115 0.75 -
#
# Program:         hmmsearch
# Version:         3.2.1 (June 2018)
# Pipeline mode:   SEARCH
# Query file:      /sw/bioinfo/BUSCO/v5_lineage_sets/lineages/chlorophyta_odb10/hmms/4431at3041.hmm
# Target file:     /crex/proj/snic2022-23-81/expression_algae/code/busco/trinity_VA-3180-Osg12Sin/run_chlorophyta_odb10/metaeuk_output/initial_results/trinity_VA-3180-Osg12Sin.Trinity.fasta.modified.fas
# Option settings: hmmsearch --domtblout /crex/proj/snic2022-23-81/expression_algae/code/busco/trinity_VA-3180-Osg12Sin/run_chlorophyta_odb10/hmmer_output/initial_run_results/4431at3041.out --cpu 1 /sw/bioinfo/BUSCO/v5_lineage_sets/lineages/chlorophyta_odb10/hmms/4431at3041.hmm /crex/proj/snic2022-23-81/expression_algae/code/busco/trinity_VA-3180-Osg12Sin/run_chlorophyta_odb10/metaeuk_output/initial_results/trinity_VA-3180-Osg12Sin.Trinity.fasta.modified.fas 
# Current dir:     /crex/proj/snic2022-23-81/expression_algae/code/busco
# Date:            Fri Sep 23 10:12:03 2022
# [ok]
