#                                                                                         --- full sequence --- -------------- this domain -------------   hmm coord   ali coord   env coord
# target name                     accession   tlen query name           accession   qlen   E-value  score  bias   #  of  c-Evalue  i-Evalue  score  bias  from    to  from    to  from    to  acc description of target
#             ------------------- ---------- ----- -------------------- ---------- ----- --------- ------ ----- --- --- --------- --------- ------ ----- ----- ----- ----- ----- ----- ----- ---- ---------------------
TRINITY_DN1848_c0_g2_i2:42-713    -            224 4971at3041           -            197   1.6e-48  161.8   0.1   1   1   1.4e-48   9.8e-48  159.2   0.1    23   196     8   221     4   222 0.77 -
TRINITY_DN5311_c0_g3_i1:77-1006   -            310 4971at3041           -            197   2.2e-48  161.3   5.4   1   4     0.027      0.19    8.1   0.3     6    29     8    31     4    37 0.86 -
TRINITY_DN5311_c0_g3_i1:77-1006   -            310 4971at3041           -            197   2.2e-48  161.3   5.4   2   4   1.8e-12   1.3e-11   41.3   0.1    21    63    50    91    38    98 0.88 -
TRINITY_DN5311_c0_g3_i1:77-1006   -            310 4971at3041           -            197   2.2e-48  161.3   5.4   3   4   3.9e-31   2.8e-30  102.2   0.0    62   179   141   273   134   276 0.84 -
TRINITY_DN5311_c0_g3_i1:77-1006   -            310 4971at3041           -            197   2.2e-48  161.3   5.4   4   4     0.011     0.082    9.3   0.2   178   196   289   307   282   308 0.88 -
TRINITY_DN2043_c0_g4_i1:31-678    -            216 4971at3041           -            197   8.9e-47  156.1   0.0   1   2     0.036      0.26    7.7   0.2    10    29     1    20     1    28 0.84 -
TRINITY_DN2043_c0_g4_i1:31-678    -            216 4971at3041           -            197   8.9e-47  156.1   0.0   2   2   1.1e-44     8e-44  146.5   0.0    22   178    39   216    24   216 0.83 -
TRINITY_DN552_c2_g1_i1:3-515      -            171 4971at3041           -            197   6.4e-46  153.3   0.1   1   1   1.8e-46   1.3e-45  152.3   0.1    24   168     1   170     1   171 0.83 -
TRINITY_DN552_c2_g1_i3:3-600      -            171 4971at3041           -            197   6.4e-46  153.3   0.1   1   1   1.8e-46   1.3e-45  152.3   0.1    24   168     1   170     1   171 0.83 -
TRINITY_DN6979_c0_g2_i1:0-713     -            238 4971at3041           -            197   1.5e-44  148.8   0.2   1   2     0.064      0.46    6.9   0.0     7    29    11    33     5    43 0.84 -
TRINITY_DN6979_c0_g2_i1:0-713     -            238 4971at3041           -            197   1.5e-44  148.8   0.2   2   2     1e-42   7.2e-42  140.1   0.0    22   176    48   220    40   238 0.80 -
TRINITY_DN6979_c0_g2_i2:0-713     -            238 4971at3041           -            197   1.5e-44  148.8   0.2   1   2     0.064      0.46    6.9   0.0     7    29    11    33     5    43 0.84 -
TRINITY_DN6979_c0_g2_i2:0-713     -            238 4971at3041           -            197   1.5e-44  148.8   0.2   2   2     1e-42   7.2e-42  140.1   0.0    22   176    48   220    40   238 0.80 -
TRINITY_DN552_c0_g1_i1:876-1664   -            263 4971at3041           -            197   3.2e-43  144.5   1.1   1   3      0.42         3    4.2   0.1    10    33     1    24     1    31 0.87 -
TRINITY_DN552_c0_g1_i1:876-1664   -            263 4971at3041           -            197   3.2e-43  144.5   1.1   2   3   1.9e-20   1.4e-19   67.3   0.1     5   104    19   131    16   136 0.80 -
TRINITY_DN552_c0_g1_i1:876-1664   -            263 4971at3041           -            197   3.2e-43  144.5   1.1   3   3   3.1e-21   2.2e-20   69.9   0.0   102   196   146   261   142   262 0.77 -
TRINITY_DN552_c0_g1_i3:876-1733   -            286 4971at3041           -            197   2.1e-41  138.6   1.2   1   4       2.2        16    1.9   0.1    10    33     1    23     1    28 0.69 -
TRINITY_DN552_c0_g1_i3:876-1733   -            286 4971at3041           -            197   2.1e-41  138.6   1.2   2   4   2.6e-11   1.9e-10   37.6   0.0    23    64    57    97    49   106 0.90 -
TRINITY_DN552_c0_g1_i3:876-1733   -            286 4971at3041           -            197   2.1e-41  138.6   1.2   3   4   4.3e-07   3.1e-06   23.8   0.0    65   104   114   154   107   159 0.88 -
TRINITY_DN552_c0_g1_i3:876-1733   -            286 4971at3041           -            197   2.1e-41  138.6   1.2   4   4   3.8e-21   2.7e-20   69.7   0.0   102   196   169   284   165   285 0.77 -
TRINITY_DN552_c0_g1_i4:876-1565   -            230 4971at3041           -            197   3.6e-35  118.2   0.6   1   2   2.8e-13     2e-12   44.0   0.2    23   104     4    98     2   103 0.80 -
TRINITY_DN552_c0_g1_i4:876-1565   -            230 4971at3041           -            197   3.6e-35  118.2   0.6   2   2   2.2e-21   1.6e-20   70.4   0.0   102   196   113   228   109   229 0.77 -
TRINITY_DN2141_c1_g2_i3:1237-1797 -            187 4971at3041           -            197   3.8e-34  114.9   0.0   1   1     2e-34   1.5e-33  113.0   0.0    61   179    20   153    17   185 0.82 -
TRINITY_DN2141_c1_g2_i1:31-591    -            187 4971at3041           -            197   4.7e-34  114.6   0.0   1   1   1.9e-34   1.4e-33  113.1   0.0    61   180    20   154    17   185 0.83 -
TRINITY_DN17320_c0_g3_i1:5-415    -            137 4971at3041           -            197     4e-32  108.3   0.1   1   1   1.8e-32   1.3e-31  106.6   0.1    22   128     8   137     4   137 0.79 -
TRINITY_DN2141_c1_g1_i2:18-620    -            201 4971at3041           -            197   8.8e-32  107.2   0.0   1   1   7.6e-31   5.5e-30  101.3   0.0    41   195     1   197     1   199 0.74 -
TRINITY_DN8301_c0_g3_i1:11-409    -            133 4971at3041           -            197   1.1e-31  106.8   0.0   1   1     7e-32   5.1e-31  104.7   0.0    27   131     1   129     1   132 0.81 -
TRINITY_DN2141_c1_g1_i3:18-620    -            201 4971at3041           -            197   1.4e-31  106.5   0.0   1   1   1.1e-30   7.7e-30  100.8   0.0    41   195     1   197     1   199 0.74 -
TRINITY_DN1848_c0_g2_i3:57-449    -            131 4971at3041           -            197   2.2e-31  105.9   0.5   1   1   6.8e-32   4.9e-31  104.7   0.5    23   128     3   131     1   131 0.79 -
TRINITY_DN11218_c0_g2_i1:82-840   -            253 4971at3041           -            197   9.7e-31  103.8   0.6   1   3      0.19       1.4    5.4   0.1     8    29    15    36     7    43 0.80 -
TRINITY_DN11218_c0_g2_i1:82-840   -            253 4971at3041           -            197   9.7e-31  103.8   0.6   2   3   5.8e-13   4.2e-12   42.9   0.1    25    66    85   125    78   133 0.91 -
TRINITY_DN11218_c0_g2_i1:82-840   -            253 4971at3041           -            197   9.7e-31  103.8   0.6   3   3   7.7e-16   5.6e-15   52.3   0.0    63   131   172   252   149   253 0.80 -
TRINITY_DN11218_c0_g2_i2:82-840   -            253 4971at3041           -            197   9.7e-31  103.8   0.6   1   3      0.19       1.4    5.4   0.1     8    29    15    36     7    43 0.80 -
TRINITY_DN11218_c0_g2_i2:82-840   -            253 4971at3041           -            197   9.7e-31  103.8   0.6   2   3   5.8e-13   4.2e-12   42.9   0.1    25    66    85   125    78   133 0.91 -
TRINITY_DN11218_c0_g2_i2:82-840   -            253 4971at3041           -            197   9.7e-31  103.8   0.6   3   3   7.7e-16   5.6e-15   52.3   0.0    63   131   172   252   149   253 0.80 -
TRINITY_DN189_c1_g1_i1:311-1309   -            333 4971at3041           -            197   4.5e-30  101.6   1.8   1   3     0.046      0.33    7.4   0.1     7    29     5    27     2    33 0.81 -
TRINITY_DN189_c1_g1_i1:311-1309   -            333 4971at3041           -            197   4.5e-30  101.6   1.8   2   3   8.3e-16     6e-15   52.2   0.0    15   101    34   133    31   173 0.83 -
TRINITY_DN189_c1_g1_i1:311-1309   -            333 4971at3041           -            197   4.5e-30  101.6   1.8   3   3   6.6e-11   4.8e-10   36.2   0.1   118   196   231   324   219   325 0.76 -
TRINITY_DN16654_c0_g1_i2:219-935  -            239 4971at3041           -            197   1.4e-29  100.0   0.8   1   2     0.024      0.17    8.3   0.2     7    29    16    38    11    43 0.85 -
TRINITY_DN16654_c0_g1_i2:219-935  -            239 4971at3041           -            197   1.4e-29  100.0   0.8   2   2   3.1e-27   2.2e-26   89.5   0.0    21   140    90   236    84   239 0.79 -
TRINITY_DN93_c0_g2_i1:91-759      -            223 4971at3041           -            197     1e-28   97.2   0.1   1   2   5.6e-25   4.1e-24   82.1   0.0    26   178     1   189     1   193 0.71 -
TRINITY_DN93_c0_g2_i1:91-759      -            223 4971at3041           -            197     1e-28   97.2   0.1   2   2     0.032      0.23    7.9   0.0   179   195   207   223   201   223 0.90 -
TRINITY_DN2141_c1_g1_i4:121-690   -            190 4971at3041           -            197   1.3e-28   96.9   1.1   1   3     0.029      0.21    8.0   0.2     9    29     8    28     2    47 0.84 -
TRINITY_DN2141_c1_g1_i4:121-690   -            190 4971at3041           -            197   1.3e-28   96.9   1.1   2   3   5.1e-14   3.7e-13   46.4   0.2    23    67    57   100    37   112 0.87 -
TRINITY_DN2141_c1_g1_i4:121-690   -            190 4971at3041           -            197   1.3e-28   96.9   1.1   3   3   3.9e-12   2.8e-11   40.2   0.0    61   114   121   180   117   190 0.82 -
TRINITY_DN8184_c0_g1_i1:31-804    -            258 4971at3041           -            197   1.5e-28   96.6   0.0   1   1   1.2e-28   8.4e-28   94.2   0.0    25   195    46   247    39   249 0.78 -
TRINITY_DN8184_c0_g1_i3:31-804    -            258 4971at3041           -            197   1.5e-28   96.6   0.0   1   1   1.2e-28   8.4e-28   94.2   0.0    25   195    46   247    39   249 0.78 -
TRINITY_DN11218_c0_g1_i2:39-437   -            133 4971at3041           -            197   6.8e-28   94.5   0.0   1   1   2.1e-28   1.5e-27   93.3   0.0    24   129     5   133     2   133 0.81 -
TRINITY_DN2944_c0_g1_i2:2-667     -            222 4971at3041           -            197   6.2e-27   91.3   0.0   1   2      0.16       1.1    5.6   0.0     6    34    15    44    11    48 0.79 -
TRINITY_DN2944_c0_g1_i2:2-667     -            222 4971at3041           -            197   6.2e-27   91.3   0.0   2   2   2.1e-24   1.5e-23   80.3   0.0    20   156    53   213    46   220 0.74 -
TRINITY_DN17320_c0_g4_i1:55-471   -            139 4971at3041           -            197   6.3e-27   91.3   0.2   1   1   8.7e-27   6.3e-26   88.1   0.2    24   131     2   135     1   138 0.76 -
TRINITY_DN2043_c0_g2_i1:34-369    -            112 4971at3041           -            197   1.2e-26   90.4   0.0   1   1   2.1e-27   1.5e-26   90.1   0.0    64   156     3   112     2   112 0.84 -
TRINITY_DN10791_c1_g1_i1:253-582  -            110 4971at3041           -            197   1.2e-26   90.4   0.0   1   1   1.9e-27   1.4e-26   90.2   0.0    69   160     2   107     1   110 0.83 -
TRINITY_DN8184_c0_g1_i2:16-690    -            225 4971at3041           -            197   4.3e-26   88.6   0.0   1   1   9.2e-27   6.7e-26   88.0   0.0    24   196     7   210     2   211 0.77 -
TRINITY_DN186_c0_g1_i1:1596-2564  -            323 4971at3041           -            197   1.1e-25   87.2   1.0   1   3     0.033      0.24    7.8   0.2     6    29    12    35     9    45 0.84 -
TRINITY_DN186_c0_g1_i1:1596-2564  -            323 4971at3041           -            197   1.1e-25   87.2   1.0   2   3      0.35       2.5    4.5   0.0    15    49    46    80    35    92 0.85 -
TRINITY_DN186_c0_g1_i1:1596-2564  -            323 4971at3041           -            197   1.1e-25   87.2   1.0   3   3   6.4e-22   4.7e-21   72.2   0.0    57   196   145   308   142   309 0.75 -
TRINITY_DN186_c0_g1_i3:1597-2565  -            323 4971at3041           -            197   1.1e-25   87.2   1.0   1   3     0.033      0.24    7.8   0.2     6    29    12    35     9    45 0.84 -
TRINITY_DN186_c0_g1_i3:1597-2565  -            323 4971at3041           -            197   1.1e-25   87.2   1.0   2   3      0.35       2.5    4.5   0.0    15    49    46    80    35    92 0.85 -
TRINITY_DN186_c0_g1_i3:1597-2565  -            323 4971at3041           -            197   1.1e-25   87.2   1.0   3   3   6.4e-22   4.7e-21   72.2   0.0    57   196   145   308   142   309 0.75 -
TRINITY_DN186_c0_g1_i8:1597-2565  -            323 4971at3041           -            197   1.1e-25   87.2   1.0   1   3     0.033      0.24    7.8   0.2     6    29    12    35     9    45 0.84 -
TRINITY_DN186_c0_g1_i8:1597-2565  -            323 4971at3041           -            197   1.1e-25   87.2   1.0   2   3      0.35       2.5    4.5   0.0    15    49    46    80    35    92 0.85 -
TRINITY_DN186_c0_g1_i8:1597-2565  -            323 4971at3041           -            197   1.1e-25   87.2   1.0   3   3   6.4e-22   4.7e-21   72.2   0.0    57   196   145   308   142   309 0.75 -
TRINITY_DN9259_c0_g1_i2:687-1631  -            315 4971at3041           -            197   1.2e-25   87.1   0.0   1   2       2.1        15    1.9   0.1     9    29     1    21     1    64 0.76 -
TRINITY_DN9259_c0_g1_i2:687-1631  -            315 4971at3041           -            197   1.2e-25   87.1   0.0   2   2   4.4e-25   3.2e-24   82.5   0.0    68   196   158   306   152   307 0.74 -
TRINITY_DN4888_c2_g1_i2:217-1017  -            267 4971at3041           -            197   1.7e-25   86.6   0.0   1   2      0.36       2.6    4.4   0.1     6    22     5    21     3    41 0.69 -
TRINITY_DN4888_c2_g1_i2:217-1017  -            267 4971at3041           -            197   1.7e-25   86.6   0.0   2   2   2.2e-24   1.6e-23   80.2   0.0    20   161    44   205    40   242 0.79 -
TRINITY_DN552_c1_g2_i1:214-579    -            122 4971at3041           -            197   2.5e-25   86.1   0.0   1   1   4.5e-26   3.2e-25   85.7   0.0    86   180     1   108     1   115 0.83 -
TRINITY_DN8184_c0_g1_i4:16-690    -            225 4971at3041           -            197     4e-25   85.4   0.0   1   1   8.6e-26   6.2e-25   84.8   0.0    24   195     7   209     2   211 0.78 -
TRINITY_DN9259_c0_g1_i1:1214-1723 -            170 4971at3041           -            197     4e-25   85.4   0.0   1   1   7.3e-26   5.3e-25   85.0   0.0    68   196    12   160     7   161 0.74 -
TRINITY_DN2944_c0_g1_i1:2-550     -            183 4971at3041           -            197   4.3e-25   85.3   0.0   1   1   1.1e-24   7.9e-24   81.2   0.0    20   156    14   174     8   181 0.74 -
TRINITY_DN8902_c0_g1_i2:168-965   -            266 4971at3041           -            197   5.6e-25   85.0   0.0   1   2      0.99       7.1    3.0   0.1     4    20     9    25     6    42 0.81 -
TRINITY_DN8902_c0_g1_i2:168-965   -            266 4971at3041           -            197   5.6e-25   85.0   0.0   2   2   4.4e-24   3.2e-23   79.2   0.0    24   195    53   250    43   252 0.76 -
TRINITY_DN186_c0_g1_i4:5-898      -            298 4971at3041           -            197   8.1e-25   84.4   1.1   1   3     0.008     0.058    9.8   0.2     6    30    12    36     9    40 0.88 -
TRINITY_DN186_c0_g1_i4:5-898      -            298 4971at3041           -            197   8.1e-25   84.4   1.1   2   3     0.049      0.35    7.3   0.0     9    50    40    81    35    96 0.81 -
TRINITY_DN186_c0_g1_i4:5-898      -            298 4971at3041           -            197   8.1e-25   84.4   1.1   3   3   9.9e-20   7.2e-19   65.0   0.0    57   159   145   264   142   284 0.77 -
TRINITY_DN9777_c0_g1_i1:23-358    -            112 4971at3041           -            197   1.2e-24   83.8   0.0   1   1   3.4e-25   2.4e-24   82.9   0.0    21   112     6   112     3   112 0.82 -
TRINITY_DN20653_c0_g1_i1:5-475    -            157 4971at3041           -            197   1.4e-24   83.7   0.0   1   1   2.5e-25   1.8e-24   83.3   0.0    74   196     9   148     2   149 0.80 -
TRINITY_DN9342_c0_g1_i1:4-336     -            111 4971at3041           -            197   1.8e-24   83.3   0.1   1   1   5.7e-25   4.1e-24   82.1   0.1    23   113     2   108     1   111 0.82 -
TRINITY_DN1796_c0_g1_i1:8-442     -            145 4971at3041           -            197     2e-24   83.2   0.1   1   2   6.1e-12   4.4e-11   39.6   0.1    23    63     2    41     1    47 0.92 -
TRINITY_DN1796_c0_g1_i1:8-442     -            145 4971at3041           -            197     2e-24   83.2   0.1   2   2   1.4e-12     1e-11   41.7   0.0    62   113    85   142    66   144 0.85 -
TRINITY_DN1848_c1_g1_i1:96-455    -            120 4971at3041           -            197   3.2e-24   82.5   0.0   1   1   5.2e-25   3.8e-24   82.2   0.0    68   158     2   108     1   119 0.81 -
TRINITY_DN879_c0_g1_i1:384-827    -            148 4971at3041           -            197   4.7e-24   82.0   0.6   1   2     1e-11   7.2e-11   38.9   0.2    25    63     4    41     1    47 0.92 -
TRINITY_DN879_c0_g1_i1:384-827    -            148 4971at3041           -            197   4.7e-24   82.0   0.6   2   2   1.5e-12   1.1e-11   41.6   0.0    60   113    82   141    76   148 0.83 -
TRINITY_DN3798_c0_g3_i2:1-516     -            172 4971at3041           -            197   1.2e-23   80.6   0.0   1   1   2.2e-24   1.6e-23   80.2   0.0    59   176    16   148     5   172 0.84 -
TRINITY_DN186_c0_g1_i10:5-898     -            298 4971at3041           -            197   1.6e-23   80.2   1.2   1   3      0.03      0.22    8.0   0.3     6    29    12    35     9    45 0.84 -
TRINITY_DN186_c0_g1_i10:5-898     -            298 4971at3041           -            197   1.6e-23   80.2   1.2   2   3      0.31       2.3    4.7   0.0    15    49    46    80    35    92 0.85 -
TRINITY_DN186_c0_g1_i10:5-898     -            298 4971at3041           -            197   1.6e-23   80.2   1.2   3   3   9.9e-20   7.2e-19   65.0   0.0    57   159   145   264   142   284 0.77 -
TRINITY_DN8902_c0_g1_i3:134-751   -            206 4971at3041           -            197   3.4e-23   79.1   0.0   1   2      0.69         5    3.5   0.1     4    20     9    25     6    43 0.81 -
TRINITY_DN8902_c0_g1_i3:134-751   -            206 4971at3041           -            197   3.4e-23   79.1   0.0   2   2   3.4e-22   2.5e-21   73.1   0.0    24   155    53   205    41   206 0.80 -
TRINITY_DN203_c0_g1_i2:154-639    -            162 4971at3041           -            197   6.7e-23   78.2   0.0   1   1   2.4e-23   1.7e-22   76.8   0.0    74   196     2   152     1   153 0.75 -
TRINITY_DN203_c0_g1_i5:154-639    -            162 4971at3041           -            197   6.7e-23   78.2   0.0   1   1   2.4e-23   1.7e-22   76.8   0.0    74   196     2   152     1   153 0.75 -
TRINITY_DN552_c0_g1_i6:0-533      -            178 4971at3041           -            197   6.7e-23   78.2   0.4   1   3       1.1       7.8    2.9   0.1    10    33     1    23     1    29 0.70 -
TRINITY_DN552_c0_g1_i6:0-533      -            178 4971at3041           -            197   6.7e-23   78.2   0.4   2   3   1.2e-11   8.7e-11   38.6   0.1    23    64    57    97    49   105 0.90 -
TRINITY_DN552_c0_g1_i6:0-533      -            178 4971at3041           -            197   6.7e-23   78.2   0.4   3   3   4.6e-10   3.3e-09   33.5   0.0    65   115   114   170   109   177 0.82 -
TRINITY_DN15296_c0_g1_i2:49-948   -            300 4971at3041           -            197   8.1e-23   77.9   0.8   1   3    0.0075     0.054    9.9   0.1     6    31     7    32     1    41 0.84 -
TRINITY_DN15296_c0_g1_i2:49-948   -            300 4971at3041           -            197   8.1e-23   77.9   0.8   2   3      0.53       3.8    3.9   0.0    19    46    45    72    37    77 0.81 -
TRINITY_DN15296_c0_g1_i2:49-948   -            300 4971at3041           -            197   8.1e-23   77.9   0.8   3   3   1.6e-18   1.1e-17   61.1   0.0    61   155   186   299   179   300 0.77 -
TRINITY_DN1423_c0_g1_i2:4-453     -            150 4971at3041           -            197   1.5e-22   77.0   0.1   1   1   3.7e-23   2.7e-22   76.2   0.1    65   150    46   150    34   150 0.81 -
TRINITY_DN2236_c0_g1_i4:37-540    -            168 4971at3041           -            197   1.5e-22   77.0   0.0   1   1   2.3e-23   1.7e-22   76.9   0.0    60   166    11   133     8   168 0.76 -
TRINITY_DN9563_c0_g1_i1:269-1189  -            307 4971at3041           -            197   1.5e-22   77.0   0.0   1   2      0.73       5.3    3.5   0.0     4    20     8    24     5    59 0.76 -
TRINITY_DN9563_c0_g1_i1:269-1189  -            307 4971at3041           -            197   1.5e-22   77.0   0.0   2   2   1.4e-21     1e-20   71.0   0.0    24   194    96   297    90   300 0.70 -
TRINITY_DN9563_c0_g1_i2:269-1189  -            307 4971at3041           -            197   1.5e-22   77.0   0.0   1   2      0.73       5.3    3.5   0.0     4    20     8    24     5    59 0.76 -
TRINITY_DN9563_c0_g1_i2:269-1189  -            307 4971at3041           -            197   1.5e-22   77.0   0.0   2   2   1.4e-21     1e-20   71.0   0.0    24   194    96   297    90   300 0.70 -
TRINITY_DN6273_c0_g1_i2:39-719    -            227 4971at3041           -            197   1.9e-22   76.7   0.0   1   2       6.6        48    0.3   0.0    31    47     6    22     1    27 0.78 -
TRINITY_DN6273_c0_g1_i2:39-719    -            227 4971at3041           -            197   1.9e-22   76.7   0.0   2   2   1.7e-22   1.3e-21   74.0   0.0    64   197    70   225    62   225 0.78 -
TRINITY_DN3285_c0_g2_i1:345-1175  -            277 4971at3041           -            197   2.4e-22   76.4   0.0   1   2       3.1        23    1.4   0.0     4    18     6    20     3    28 0.84 -
TRINITY_DN3285_c0_g2_i1:345-1175  -            277 4971at3041           -            197   2.4e-22   76.4   0.0   2   2   5.9e-22   4.2e-21   72.3   0.0    23   169    60   234    50   267 0.73 -
TRINITY_DN1028_c0_g1_i6:48-1109   -            354 4971at3041           -            197   3.2e-22   75.9   0.0   1   1     1e-22   7.3e-22   74.8   0.0    24   162    17   176     6   221 0.76 -
TRINITY_DN6273_c0_g1_i1:91-654    -            188 4971at3041           -            197   5.1e-22   75.3   0.0   1   1   9.2e-23   6.7e-22   74.9   0.0    64   197    31   186    23   186 0.78 -
TRINITY_DN2853_c0_g1_i1:347-1132  -            262 4971at3041           -            197   8.5e-22   74.6   0.0   1   2         4        29    1.0   0.0     7    22     8    23     5    33 0.84 -
TRINITY_DN2853_c0_g1_i1:347-1132  -            262 4971at3041           -            197   8.5e-22   74.6   0.0   2   2   6.3e-21   4.6e-20   68.9   0.0    25   169    48   216    43   252 0.72 -
TRINITY_DN1582_c0_g1_i10:138-1016 -            293 4971at3041           -            197     1e-21   74.3   0.0   1   1     4e-22   2.9e-21   72.8   0.0    25   160    49   203    38   244 0.81 -
TRINITY_DN1582_c0_g1_i15:138-1016 -            293 4971at3041           -            197     1e-21   74.3   0.0   1   1     4e-22   2.9e-21   72.8   0.0    25   160    49   203    38   244 0.81 -
TRINITY_DN7187_c0_g3_i1:350-1243  -            298 4971at3041           -            197   4.2e-21   72.3   0.3   1   1   4.4e-20   3.2e-19   66.2   0.1    21   159    75   247    68   290 0.73 -
TRINITY_DN2853_c0_g1_i3:67-660    -            198 4971at3041           -            197   8.9e-21   71.2   0.0   1   2       2.7        20    1.6   0.0     7    22     9    24     6    35 0.84 -
TRINITY_DN2853_c0_g1_i3:67-660    -            198 4971at3041           -            197   8.9e-21   71.2   0.0   2   2   1.1e-19   7.8e-19   64.9   0.0    25   148    49   197    43   198 0.77 -
TRINITY_DN879_c0_g1_i2:393-749    -            119 4971at3041           -            197     1e-20   71.1   0.6   1   2   1.4e-11   9.9e-11   38.5   0.1    25    63     1    38     1    44 0.93 -
TRINITY_DN879_c0_g1_i2:393-749    -            119 4971at3041           -            197     1e-20   71.1   0.6   2   2   2.2e-09   1.6e-08   31.3   0.0    60    98    79   118    71   119 0.91 -
TRINITY_DN879_c0_g1_i5:139-495    -            119 4971at3041           -            197     1e-20   71.1   0.6   1   2   1.4e-11   9.9e-11   38.5   0.1    25    63     1    38     1    44 0.93 -
TRINITY_DN879_c0_g1_i5:139-495    -            119 4971at3041           -            197     1e-20   71.1   0.6   2   2   2.2e-09   1.6e-08   31.3   0.0    60    98    79   118    71   119 0.91 -
TRINITY_DN2347_c0_g1_i3:374-1222  -            283 4971at3041           -            197   1.6e-20   70.4   0.4   1   2    0.0016     0.011   12.2   0.0    16    46    19    49     5    63 0.83 -
TRINITY_DN2347_c0_g1_i3:374-1222  -            283 4971at3041           -            197   1.6e-20   70.4   0.4   2   2   4.3e-16   3.1e-15   53.2   0.1    71   194   129   283   122   283 0.67 -
TRINITY_DN2236_c0_g1_i1:37-453    -            139 4971at3041           -            197   1.8e-20   70.2   0.0   1   1   2.6e-21   1.8e-20   70.2   0.0    83   166     9   104     1   139 0.74 -
TRINITY_DN25305_c0_g1_i1:1-351    -            117 4971at3041           -            197   2.7e-20   69.7   0.0   1   1   4.2e-21     3e-20   69.5   0.0    71   157     6   103     1   115 0.80 -
TRINITY_DN25288_c0_g1_i1:152-1069 -            306 4971at3041           -            197   3.3e-20   69.4   0.3   1   2       7.7        55    0.1   0.0     6    28     7    29     4    38 0.75 -
TRINITY_DN25288_c0_g1_i1:152-1069 -            306 4971at3041           -            197   3.3e-20   69.4   0.3   2   2   3.5e-20   2.5e-19   66.5   0.0    20   162    41   209    34   235 0.74 -
TRINITY_DN3286_c0_g2_i1:40-993    -            318 4971at3041           -            197   6.3e-20   68.5   0.2   1   3    0.0015     0.011   12.2   0.4     5    29    22    46    18    56 0.87 -
TRINITY_DN3286_c0_g2_i1:40-993    -            318 4971at3041           -            197   6.3e-20   68.5   0.2   2   3         4        29    1.0   0.0    26    47    68    89    54    94 0.81 -
TRINITY_DN3286_c0_g2_i1:40-993    -            318 4971at3041           -            197   6.3e-20   68.5   0.2   3   3   1.9e-15   1.3e-14   51.1   0.0    68   196   159   307   155   308 0.76 -
TRINITY_DN2347_c0_g6_i1:307-837   -            177 4971at3041           -            197   7.2e-20   68.3   0.0   1   2     1e-18   7.3e-18   61.7   0.0    69   163     8   118     3   139 0.80 -
TRINITY_DN2347_c0_g6_i1:307-837   -            177 4971at3041           -            197   7.2e-20   68.3   0.0   2   2       0.3       2.2    4.7   0.1   180   195   151   166   144   168 0.87 -
TRINITY_DN186_c0_g1_i2:5-529      -            175 4971at3041           -            197   1.2e-19   67.5   0.0   1   1   2.2e-20   1.6e-19   67.1   0.0    57   159    22   141    19   162 0.77 -
TRINITY_DN2775_c2_g2_i5:143-958   -            272 4971at3041           -            197   1.7e-19   67.1   0.1   1   1   1.7e-18   1.2e-17   61.0   0.1    23   154    36   201    18   209 0.69 -
TRINITY_DN1711_c0_g1_i1:2-328     -            109 4971at3041           -            197     2e-19   66.8   0.0   1   1     2e-19   1.5e-18   64.0   0.0    64   147     5   109     2   109 0.78 -
TRINITY_DN4732_c0_g3_i1:11-631    -            207 4971at3041           -            197   2.1e-19   66.8   0.0   1   1   7.7e-20   5.6e-19   65.4   0.0    62   195    29   190    20   192 0.73 -
TRINITY_DN2775_c2_g1_i3:2211-3068 -            286 4971at3041           -            197   2.2e-19   66.7   0.1   1   1   9.6e-19   6.9e-18   61.8   0.0    23   156    50   217    41   263 0.72 -
TRINITY_DN2347_c0_g5_i1:74-592    -            173 4971at3041           -            197   4.3e-19   65.8   0.0   1   1     6e-19   4.3e-18   62.5   0.0    72   196     4   161     1   162 0.72 -
TRINITY_DN1724_c0_g1_i5:639-1475  -            279 4971at3041           -            197   7.2e-19   65.0   0.0   1   1   1.8e-19   1.3e-18   64.2   0.0    24   160    65   225    57   269 0.77 -
TRINITY_DN1724_c0_g1_i8:639-1475  -            279 4971at3041           -            197   7.2e-19   65.0   0.0   1   1   1.8e-19   1.3e-18   64.2   0.0    24   160    65   225    57   269 0.77 -
TRINITY_DN740_c0_g1_i3:116-958    -            281 4971at3041           -            197   8.1e-19   64.9   0.0   1   2     0.068      0.49    6.8   0.0    21    66    33    78    21    90 0.87 -
TRINITY_DN740_c0_g1_i3:116-958    -            281 4971at3041           -            197   8.1e-19   64.9   0.0   2   2   5.5e-17     4e-16   56.1   0.0    76   171   122   229   110   260 0.79 -
TRINITY_DN10791_c0_g2_i1:28-573   -            182 4971at3041           -            197   8.8e-19   64.7   0.1   1   1   5.2e-19   3.8e-18   62.7   0.1    24   129    58   181    50   182 0.74 -
TRINITY_DN1891_c0_g3_i1:0-635     -            212 4971at3041           -            197     1e-18   64.5   0.0   1   1     5e-19   3.6e-18   62.7   0.0    38   194     3   199     1   202 0.66 -
TRINITY_DN17320_c3_g1_i1:108-569  -            154 4971at3041           -            197   1.2e-18   64.4   0.0   1   1   1.8e-19   1.3e-18   64.2   0.0    64   164    37   152    12   154 0.79 -
TRINITY_DN1028_c0_g1_i3:48-1184   -            379 4971at3041           -            197   1.3e-18   64.2   0.0   1   1     5e-19   3.6e-18   62.7   0.0    38   162    56   201    45   246 0.74 -
TRINITY_DN52_c0_g1_i4:586-1689    -            309 4971at3041           -            197   1.4e-18   64.0   0.0   1   2     1e-13   7.2e-13   45.4   0.0    22   115    48   149    43   159 0.78 -
TRINITY_DN52_c0_g1_i4:586-1689    -            309 4971at3041           -            197   1.4e-18   64.0   0.0   2   2   8.4e-05    0.0006   16.3   0.0   113   173   190   261   186   292 0.61 -
TRINITY_DN97_c0_g2_i3:961-1845    -            295 4971at3041           -            197   1.6e-18   63.8   0.1   1   2   8.3e-16     6e-15   52.2   0.0    22   129    57   183    52   190 0.73 -
TRINITY_DN97_c0_g2_i3:961-1845    -            295 4971at3041           -            197   1.6e-18   63.8   0.1   2   2     0.052      0.38    7.2   0.0   134   155   204   225   198   241 0.85 -
TRINITY_DN2775_c2_g2_i3:325-1023  -            233 4971at3041           -            197     2e-18   63.6   0.2   1   1     4e-17   2.9e-16   56.5   0.2    23   153     3   167     1   175 0.68 -
TRINITY_DN2775_c2_g2_i7:161-859   -            233 4971at3041           -            197     2e-18   63.6   0.2   1   1     4e-17   2.9e-16   56.5   0.2    23   153     3   167     1   175 0.68 -
TRINITY_DN2347_c0_g4_i1:271-858   -            196 4971at3041           -            197   2.5e-18   63.2   0.0   1   1   2.3e-18   1.7e-17   60.6   0.0    69   195    34   191    20   193 0.74 -
TRINITY_DN2347_c0_g4_i3:245-832   -            196 4971at3041           -            197   2.5e-18   63.2   0.0   1   1   2.3e-18   1.7e-17   60.6   0.0    69   195    34   191    20   193 0.74 -
TRINITY_DN2347_c0_g4_i2:281-772   -            164 4971at3041           -            197   2.6e-18   63.2   0.1   1   1   2.3e-18   1.7e-17   60.5   0.1    73   196     6   160     1   161 0.73 -
TRINITY_DN2810_c0_g1_i2:1-525     -            175 4971at3041           -            197   2.6e-18   63.2   0.3   1   2      0.47       3.4    4.1   0.1     3    23     4    24     2    40 0.73 -
TRINITY_DN2810_c0_g1_i2:1-525     -            175 4971at3041           -            197   2.6e-18   63.2   0.3   2   2   2.4e-17   1.7e-16   57.2   0.0    24   131    46   172    37   175 0.79 -
TRINITY_DN52_c0_g1_i1:669-1604    -            312 4971at3041           -            197   2.6e-18   63.2   0.0   1   2   1.9e-13   1.3e-12   44.6   0.0    22   115    48   152    43   162 0.79 -
TRINITY_DN52_c0_g1_i1:669-1604    -            312 4971at3041           -            197   2.6e-18   63.2   0.0   2   2   8.5e-05   0.00062   16.3   0.0   113   173   193   264   189   295 0.61 -
TRINITY_DN52_c0_g1_i3:586-1521    -            312 4971at3041           -            197   2.6e-18   63.2   0.0   1   2   1.9e-13   1.3e-12   44.6   0.0    22   115    48   152    43   162 0.79 -
TRINITY_DN52_c0_g1_i3:586-1521    -            312 4971at3041           -            197   2.6e-18   63.2   0.0   2   2   8.5e-05   0.00062   16.3   0.0   113   173   193   264   189   295 0.61 -
TRINITY_DN2775_c2_g1_i2:3-524     -            174 4971at3041           -            197   3.3e-18   62.8   0.0   1   1   1.3e-18   9.2e-18   61.4   0.0    23   128    50   173    41   174 0.73 -
TRINITY_DN5707_c0_g1_i1:171-815   -            215 4971at3041           -            197   4.3e-18   62.5   0.0   1   1     3e-18   2.2e-17   60.2   0.0    73   196    46   201     5   202 0.74 -
TRINITY_DN5707_c0_g1_i2:858-1502  -            215 4971at3041           -            197   4.3e-18   62.5   0.0   1   1     3e-18   2.2e-17   60.2   0.0    73   196    46   201     5   202 0.74 -
TRINITY_DN2347_c0_g3_i1:127-639   -            171 4971at3041           -            197   6.6e-18   61.9   0.0   1   1   5.7e-17   4.1e-16   56.0   0.0    75   196     1   161     1   162 0.69 -
TRINITY_DN52_c0_g1_i6:836-1715    -            265 4971at3041           -            197   7.1e-18   61.8   0.0   1   2   6.3e-13   4.6e-12   42.8   0.0    24   115     3   105     1   115 0.78 -
TRINITY_DN52_c0_g1_i6:836-1715    -            265 4971at3041           -            197   7.1e-18   61.8   0.0   2   2   6.2e-05   0.00045   16.7   0.0   113   173   146   217   142   248 0.61 -
TRINITY_DN67_c0_g2_i5:11-559      -            183 4971at3041           -            197   8.6e-18   61.5   0.0   1   1   1.8e-18   1.3e-17   60.9   0.0    67   172    28   149    17   158 0.75 -
TRINITY_DN97_c0_g2_i1:31-927      -            299 4971at3041           -            197     1e-17   61.3   0.1   1   2     2e-15   1.4e-14   51.0   0.0    22   129    61   187    56   194 0.73 -
TRINITY_DN97_c0_g2_i1:31-927      -            299 4971at3041           -            197     1e-17   61.3   0.1   2   2     0.053      0.38    7.2   0.0   134   155   208   229   202   245 0.85 -
TRINITY_DN8262_c0_g1_i3:129-881   -            251 4971at3041           -            197   1.5e-17   60.7   0.2   1   1   5.4e-18   3.9e-17   59.4   0.1    19   156    36   194    19   200 0.74 -
TRINITY_DN67_c0_g2_i4:11-472      -            154 4971at3041           -            197   1.8e-17   60.5   0.0   1   1   3.8e-18   2.7e-17   59.9   0.0    74   173     6   121     2   129 0.76 -
TRINITY_DN4888_c2_g1_i1:217-657   -            147 4971at3041           -            197   1.9e-17   60.4   0.0   1   1   2.8e-18     2e-17   60.3   0.0    86   164     1    89     1   123 0.79 -
TRINITY_DN4888_c0_g1_i2:688-1995  -            436 4971at3041           -            197     2e-17   60.3   0.1   1   1   2.1e-17   1.5e-16   57.4   0.0    23   158    40   197    35   211 0.75 -
TRINITY_DN4888_c0_g1_i3:688-1995  -            436 4971at3041           -            197     2e-17   60.3   0.1   1   1   2.1e-17   1.5e-16   57.4   0.0    23   158    40   197    35   211 0.75 -
TRINITY_DN4888_c0_g1_i4:688-1995  -            436 4971at3041           -            197     2e-17   60.3   0.1   1   1   2.1e-17   1.5e-16   57.4   0.0    23   158    40   197    35   211 0.75 -
TRINITY_DN8262_c0_g1_i1:70-819    -            250 4971at3041           -            197   2.1e-17   60.3   0.0   1   1   5.5e-18   3.9e-17   59.3   0.0    20   156    30   187    15   195 0.75 -
TRINITY_DN17320_c2_g1_i1:121-339  -             73 4971at3041           -            197   2.1e-17   60.2   0.0   1   1   3.2e-18   2.3e-17   60.1   0.0   125   183     1    62     1    70 0.92 -
TRINITY_DN954_c0_g2_i2:2-547      -            182 4971at3041           -            197   2.5e-17   60.0   0.0   1   1   1.2e-17   8.9e-17   58.2   0.0    21   130    41   169    37   177 0.74 -
TRINITY_DN21876_c0_g1_i1:2-289    -             96 4971at3041           -            197   4.3e-17   59.2   0.0   1   1   6.8e-18   4.9e-17   59.0   0.0    84   158    10    93     2    96 0.82 -
TRINITY_DN6572_c0_g1_i1:46-606    -            187 4971at3041           -            197   1.4e-16   57.5   3.1   1   2   3.3e-06   2.4e-05   20.9   0.0    74   123     5    60     1    66 0.77 -
TRINITY_DN6572_c0_g1_i1:46-606    -            187 4971at3041           -            197   1.4e-16   57.5   3.1   2   2   3.8e-08   2.8e-07   27.2   4.3   121   196    86   180    73   181 0.61 -
TRINITY_DN3633_c0_g1_i7:133-462   -            110 4971at3041           -            197   1.6e-16   57.4   0.0   1   1   4.6e-17   3.3e-16   56.3   0.0    25   116     1   106     1   109 0.79 -
TRINITY_DN1166_c0_g1_i3:640-1506  -            289 4971at3041           -            197   1.7e-16   57.2   0.0   1   1   3.1e-16   2.2e-15   53.6   0.0    77   162   120   220    42   248 0.82 -
TRINITY_DN3633_c0_g1_i6:154-714   -            187 4971at3041           -            197   1.9e-16   57.1   0.0   1   1   6.1e-17   4.4e-16   55.9   0.0    23   116    68   175    53   183 0.79 -
TRINITY_DN10908_c0_g1_i1:160-702  -            181 4971at3041           -            197     2e-16   57.0   0.0   1   1   3.3e-17   2.4e-16   56.8   0.0    76   169    19   124    11   156 0.82 -
TRINITY_DN8523_c0_g1_i8:112-489   -            126 4971at3041           -            197   2.6e-16   56.7   0.0   1   1   1.6e-16   1.1e-15   54.6   0.0    75   159     2   110     1   125 0.77 -
TRINITY_DN11950_c0_g1_i1:19-591   -            191 4971at3041           -            197   2.8e-16   56.5   0.0   1   2    0.0004    0.0029   14.1   0.0    75   114     2    50     1    61 0.72 -
TRINITY_DN11950_c0_g1_i1:19-591   -            191 4971at3041           -            197   2.8e-16   56.5   0.0   2   2   3.2e-12   2.3e-11   40.5   0.0   118   194   105   191    99   191 0.76 -
TRINITY_DN421_c0_g1_i1:2-607      -            202 4971at3041           -            197   3.3e-16   56.3   0.0   1   1   8.1e-17   5.9e-16   55.5   0.0    64   173    41   161     1   193 0.72 -
TRINITY_DN2951_c0_g1_i1:346-1641  -            432 4971at3041           -            197   3.6e-16   56.2   0.0   1   2   7.5e-16   5.4e-15   52.4   0.0    25   156    42   195    34   209 0.75 -
TRINITY_DN2951_c0_g1_i1:346-1641  -            432 4971at3041           -            197   3.6e-16   56.2   0.0   2   2       4.1        29    1.0   0.1   137   194   209   260   202   263 0.69 -
TRINITY_DN2951_c0_g1_i2:346-1635  -            430 4971at3041           -            197   3.8e-16   56.2   0.0   1   2   6.8e-16   4.9e-15   52.5   0.0    25   157    40   194    32   211 0.75 -
TRINITY_DN2951_c0_g1_i2:346-1635  -            430 4971at3041           -            197   3.8e-16   56.2   0.0   2   2       4.1        29    1.0   0.1   137   194   207   258   200   261 0.69 -
TRINITY_DN1166_c0_g1_i4:310-954   -            215 4971at3041           -            197   3.9e-16   56.1   0.0   1   1   9.1e-16   6.5e-15   52.1   0.0    76   156   119   214    42   215 0.82 -
TRINITY_DN31207_c0_g1_i1:56-892   -            279 4971at3041           -            197     4e-16   56.1   0.0   1   1   2.3e-15   1.6e-14   50.8   0.0    24   195    55   264    47   266 0.69 -
TRINITY_DN9843_c0_g1_i1:33-257    -             75 4971at3041           -            197   4.1e-16   56.0   0.0   1   1   6.2e-17   4.5e-16   55.9   0.0   125   181     1    60     1    70 0.91 -
TRINITY_DN1891_c0_g1_i4:43-666    -            208 4971at3041           -            197   5.5e-16   55.6   0.1   1   1   3.8e-16   2.7e-15   53.3   0.0    24   155    48   208    42   208 0.76 -
TRINITY_DN10307_c0_g1_i1:242-850  -            203 4971at3041           -            197   6.3e-16   55.4   0.4   1   2         3        22    1.4   0.1     7    19     8    20     5    26 0.82 -
TRINITY_DN10307_c0_g1_i1:242-850  -            203 4971at3041           -            197   6.3e-16   55.4   0.4   2   2   1.3e-15   9.2e-15   51.6   0.0    24   117    62   168    49   191 0.77 -
TRINITY_DN815_c1_g1_i1:8-517      -            170 4971at3041           -            197   7.3e-16   55.2   0.0   1   1   1.3e-16   9.1e-16   54.9   0.0    84   169     5   102     1   122 0.76 -
TRINITY_DN14147_c0_g1_i1:5-616    -            204 4971at3041           -            197   7.4e-16   55.2   0.4   1   2      0.62       4.5    3.7   0.1     8    23     2    17     1    34 0.70 -
TRINITY_DN14147_c0_g1_i1:5-616    -            204 4971at3041           -            197   7.4e-16   55.2   0.4   2   2   7.3e-15   5.2e-14   49.2   0.0    24   151    41   193    34   200 0.71 -
TRINITY_DN2951_c0_g1_i3:343-1515  -            391 4971at3041           -            197   8.2e-16   55.1   0.0   1   2   1.7e-15   1.2e-14   51.2   0.0    34   156    10   153     1   167 0.74 -
TRINITY_DN2951_c0_g1_i3:343-1515  -            391 4971at3041           -            197   8.2e-16   55.1   0.0   2   2       3.5        26    1.2   0.1   137   194   167   218   160   221 0.69 -
TRINITY_DN1891_c0_g1_i1:43-660    -            206 4971at3041           -            197     1e-15   54.7   0.0   1   1   3.6e-16   2.6e-15   53.4   0.0    24   155    46   206    40   206 0.76 -
TRINITY_DN421_c0_g1_i2:1-486      -            162 4971at3041           -            197   1.1e-15   54.6   0.0   1   1   1.9e-16   1.4e-15   54.3   0.0    71   174     7   122     2   154 0.77 -
TRINITY_DN967_c0_g1_i2:333-1211   -            293 4971at3041           -            197   1.5e-15   54.2   0.0   1   1   8.2e-14   5.9e-13   45.7   0.0    25   159    50   223    25   245 0.68 -
TRINITY_DN4888_c3_g2_i2:184-720   -            179 4971at3041           -            197   1.6e-15   54.1   0.0   1   1   9.6e-16   6.9e-15   52.0   0.0    23   129    51   178    44   179 0.72 -
TRINITY_DN967_c0_g1_i1:333-1070   -            246 4971at3041           -            197   1.6e-15   54.1   0.0   1   2     0.047      0.34    7.3   0.0    25    67     3    47     1    57 0.86 -
TRINITY_DN967_c0_g1_i1:333-1070   -            246 4971at3041           -            197   1.6e-15   54.1   0.0   2   2   2.1e-13   1.5e-12   44.4   0.0    60   159    57   176    51   200 0.76 -
TRINITY_DN4680_c0_g1_i1:1335-2225 -            297 4971at3041           -            197   2.1e-15   53.7   0.1   1   2   8.8e-10   6.4e-09   32.6   0.1    25   114    53   156    45   173 0.76 -
TRINITY_DN4680_c0_g1_i1:1335-2225 -            297 4971at3041           -            197   2.1e-15   53.7   0.1   2   2   1.8e-05   0.00013   18.5   0.0   117   158   219   262   210   274 0.85 -
TRINITY_DN4680_c0_g1_i2:1242-2132 -            297 4971at3041           -            197   2.1e-15   53.7   0.1   1   2   8.8e-10   6.4e-09   32.6   0.1    25   114    53   156    45   173 0.76 -
TRINITY_DN4680_c0_g1_i2:1242-2132 -            297 4971at3041           -            197   2.1e-15   53.7   0.1   2   2   1.8e-05   0.00013   18.5   0.0   117   158   219   262   210   274 0.85 -
TRINITY_DN10307_c0_g1_i2:190-660  -            157 4971at3041           -            197   2.4e-15   53.5   0.0   1   1   6.7e-16   4.8e-15   52.5   0.0    24   117    16   122    10   145 0.77 -
TRINITY_DN8523_c0_g1_i5:115-579   -            155 4971at3041           -            197   3.3e-15   53.1   0.0   1   1   1.7e-15   1.3e-14   51.2   0.0    75   161     1   111     1   128 0.77 -
TRINITY_DN1891_c0_g1_i2:25-417    -            131 4971at3041           -            197   5.4e-15   52.4   0.0   1   1   1.8e-15   1.3e-14   51.1   0.0    68   157    18   127     5   130 0.77 -
TRINITY_DN9010_c0_g1_i1:17-358    -            114 4971at3041           -            197   5.9e-15   52.2   0.0   1   1     9e-16   6.5e-15   52.1   0.0    76   152    25   114     7   114 0.77 -
TRINITY_DN102_c0_g1_i2:317-1609   -            431 4971at3041           -            197     6e-15   52.2   0.1   1   2       5.5        40    0.6   0.2     9    23     1    15     1    34 0.74 -
TRINITY_DN102_c0_g1_i2:317-1609   -            431 4971at3041           -            197     6e-15   52.2   0.1   2   2   1.2e-14   8.6e-14   48.4   0.0    23   163    40   203    31   228 0.71 -
TRINITY_DN31881_c0_g1_i1:2-550    -            183 4971at3041           -            197     6e-15   52.2   0.1   1   1   3.3e-15   2.4e-14   50.3   0.1    21   125    61   183    55   183 0.72 -
TRINITY_DN6765_c0_g1_i1:14-400    -            129 4971at3041           -            197   6.8e-15   52.0   0.0   1   1   1.1e-15   8.1e-15   51.8   0.0    74   158    26   122     7   127 0.77 -
TRINITY_DN363_c0_g1_i2:1858-2715  -            286 4971at3041           -            197     1e-14   51.4   0.2   1   2       6.2        45    0.4   0.0     7    21    11    25     6    40 0.78 -
TRINITY_DN363_c0_g1_i2:1858-2715  -            286 4971at3041           -            197     1e-14   51.4   0.2   2   2   3.4e-13   2.4e-12   43.7   0.0    23   156    54   221    43   233 0.73 -
TRINITY_DN1891_c0_g1_i6:43-675    -            211 4971at3041           -            197   2.5e-14   50.2   0.0   1   1   8.1e-15   5.9e-14   49.0   0.0    24   155    51   211    45   211 0.74 -
TRINITY_DN8523_c0_g1_i9:115-501   -            129 4971at3041           -            197   2.6e-14   50.1   0.0   1   1   1.6e-14   1.2e-13   48.0   0.0    75   159     1   109     1   127 0.75 -
TRINITY_DN34201_c0_g1_i1:27-437   -            137 4971at3041           -            197   2.6e-14   50.1   0.0   1   1   4.6e-15   3.3e-14   49.8   0.0    68   153    33   136    21   137 0.80 -
TRINITY_DN18728_c0_g1_i2:11-313   -            101 4971at3041           -            197   3.2e-14   49.9   0.0   1   1   3.1e-13   2.2e-12   43.9   0.0    83   152     7   101     1   101 0.69 -
TRINITY_DN14106_c0_g1_i1:415-780  -            122 4971at3041           -            197   4.9e-14   49.2   0.0   1   1   7.9e-15   5.7e-14   49.0   0.0    60   153    15   119     7   122 0.76 -
TRINITY_DN421_c0_g1_i4:308-991    -            228 4971at3041           -            197   5.2e-14   49.2   0.0   1   1   1.1e-14     8e-14   48.6   0.0    81   173    86   187    66   219 0.79 -
TRINITY_DN1954_c0_g4_i1:85-555    -            157 4971at3041           -            197   5.7e-14   49.0   0.1   1   1   1.4e-13   9.8e-13   45.0   0.1    74   153    46   152    37   155 0.69 -
TRINITY_DN20699_c0_g1_i1:204-689  -            162 4971at3041           -            197   6.2e-14   48.9   0.0   1   2       2.5        18    1.7   0.0     6    21     8    23     6    42 0.83 -
TRINITY_DN20699_c0_g1_i1:204-689  -            162 4971at3041           -            197   6.2e-14   48.9   0.0   2   2   1.2e-13     9e-13   45.1   0.0    23   115    50   154    40   159 0.76 -
TRINITY_DN12897_c0_g2_i1:289-498  -             70 4971at3041           -            197   6.5e-14   48.9   0.0   1   1     9e-15   6.5e-14   48.8   0.0   132   181     9    57     1    62 0.92 -
TRINITY_DN2995_c0_g3_i1:2-883     -            294 4971at3041           -            197   6.7e-14   48.8   0.0   1   1   3.7e-14   2.7e-13   46.9   0.0    25   128    46   168    38   223 0.75 -
TRINITY_DN1724_c0_g1_i4:633-1070  -            146 4971at3041           -            197   7.4e-14   48.7   0.0   1   1   1.2e-14   8.5e-14   48.5   0.0    85   161     2    91     1   135 0.75 -
TRINITY_DN4705_c0_g1_i3:296-1144  -            283 4971at3041           -            197   7.9e-14   48.6   0.0   1   2       0.5       3.6    4.0   0.0     6    22     7    23     3    39 0.73 -
TRINITY_DN4705_c0_g1_i3:296-1144  -            283 4971at3041           -            197   7.9e-14   48.6   0.0   2   2   1.1e-12   7.9e-12   42.0   0.0    24   149    48   192    41   222 0.78 -
TRINITY_DN2995_c0_g2_i1:5-685     -            227 4971at3041           -            197   7.9e-14   48.6   0.0   1   1   3.8e-14   2.8e-13   46.8   0.0    14   167    14   198     3   215 0.72 -
TRINITY_DN18550_c0_g1_i1:7-453    -            149 4971at3041           -            197   8.5e-14   48.5   0.0   1   1   2.3e-14   1.6e-13   47.5   0.0    67   158     4   112     1   129 0.73 -
TRINITY_DN10521_c0_g1_i1:720-1277 -            186 4971at3041           -            197   8.7e-14   48.4   0.0   1   1   6.6e-14   4.7e-13   46.0   0.0    21   130    46   176    41   181 0.74 -
TRINITY_DN4528_c0_g1_i1:60-407    -            116 4971at3041           -            197   8.8e-14   48.4   0.0   1   1   2.1e-14   1.5e-13   47.6   0.0    23    98    27   115    21   116 0.80 -
TRINITY_DN2775_c2_g1_i5:211-744   -            178 4971at3041           -            197   9.7e-14   48.3   0.1   1   1   3.7e-14   2.7e-13   46.8   0.1    23   111    63   165    54   177 0.74 -
TRINITY_DN8301_c0_g1_i1:66-416    -            117 4971at3041           -            197   1.2e-13   48.0   0.0   1   1   2.2e-14   1.6e-13   47.6   0.0    64   128    18    94    15   102 0.81 -
TRINITY_DN1742_c0_g1_i2:158-712   -            185 4971at3041           -            197   1.3e-13   47.9   0.0   1   2       0.4       2.9    4.3   0.0     5    32     6    34     3    39 0.75 -
TRINITY_DN1742_c0_g1_i2:158-712   -            185 4971at3041           -            197   1.3e-13   47.9   0.0   2   2   5.9e-12   4.2e-11   39.7   0.0    24   128    49   173    44   180 0.66 -
TRINITY_DN186_c0_g4_i1:5-421      -            139 4971at3041           -            197   1.7e-13   47.5   0.0   1   1   3.2e-14   2.3e-13   47.0   0.0    67   152    35   139     4   139 0.70 -
TRINITY_DN203_c1_g1_i1:0-428      -            143 4971at3041           -            197   2.4e-13   47.0   0.0   1   1   9.8e-14   7.1e-13   45.5   0.0    68   149    39   142    28   143 0.75 -
TRINITY_DN10759_c0_g1_i1:14-721   -            236 4971at3041           -            197   4.6e-13   46.1   0.0   1   2   1.8e-06   1.3e-05   21.7   0.0    82   118    27    64     1    71 0.70 -
TRINITY_DN10759_c0_g1_i1:14-721   -            236 4971at3041           -            197   4.6e-13   46.1   0.0   2   2   1.1e-06   7.9e-06   22.5   0.0   115   157   103   147    98   167 0.85 -
TRINITY_DN2995_c0_g4_i1:505-1557  -            351 4971at3041           -            197   4.7e-13   46.0   0.1   1   2         5        36    0.7   0.1     7    21     9    23     4    31 0.86 -
TRINITY_DN2995_c0_g4_i1:505-1557  -            351 4971at3041           -            197   4.7e-13   46.0   0.1   2   2   2.9e-12   2.1e-11   40.6   0.0    13   168    39   229    28   245 0.68 -
TRINITY_DN354_c0_g1_i3:392-1474   -            361 4971at3041           -            197   5.2e-13   45.9   0.1   1   3         5        36    0.7   0.1     8    25    38    55    35    66 0.82 -
TRINITY_DN354_c0_g1_i3:392-1474   -            361 4971at3041           -            197   5.2e-13   45.9   0.1   2   3      0.32       2.3    4.6   0.0    17    42    64    90    51    99 0.77 -
TRINITY_DN354_c0_g1_i3:392-1474   -            361 4971at3041           -            197   5.2e-13   45.9   0.1   3   3   4.3e-11   3.1e-10   36.8   0.0    76   153   141   230   120   258 0.76 -
TRINITY_DN1790_c0_g1_i1:25-249    -             75 4971at3041           -            197   5.5e-13   45.8   0.0   1   1   8.6e-14   6.2e-13   45.6   0.0   125   181     1    60     1    66 0.89 -
TRINITY_DN1171_c0_g1_i5:488-1375  -            296 4971at3041           -            197     6e-13   45.7   0.0   1   2       1.9        13    2.1   0.1     7    22     5    20     3    43 0.81 -
TRINITY_DN1171_c0_g1_i5:488-1375  -            296 4971at3041           -            197     6e-13   45.7   0.0   2   2   2.7e-12   1.9e-11   40.8   0.0    24   153    46   202    38   217 0.76 -
TRINITY_DN354_c0_g1_i2:392-1549   -            386 4971at3041           -            197   6.2e-13   45.6   0.1   1   2      0.28         2    4.8   0.2    17    42    89   115    60   134 0.79 -
TRINITY_DN354_c0_g1_i2:392-1549   -            386 4971at3041           -            197   6.2e-13   45.6   0.1   2   2   4.9e-11   3.5e-10   36.7   0.0    76   153   166   255   145   283 0.76 -
TRINITY_DN354_c0_g1_i4:392-1549   -            386 4971at3041           -            197   6.2e-13   45.6   0.1   1   2      0.28         2    4.8   0.2    17    42    89   115    60   134 0.79 -
TRINITY_DN354_c0_g1_i4:392-1549   -            386 4971at3041           -            197   6.2e-13   45.6   0.1   2   2   4.9e-11   3.5e-10   36.7   0.0    76   153   166   255   145   283 0.76 -
TRINITY_DN97_c0_g2_i2:120-629     -            170 4971at3041           -            197   7.3e-13   45.4   0.0   1   2   1.6e-10   1.2e-09   34.9   0.0    81   129     5    58     1    65 0.78 -
TRINITY_DN97_c0_g2_i2:120-629     -            170 4971at3041           -            197   7.3e-13   45.4   0.0   2   2     0.021      0.15    8.5   0.0   134   155    79   100    73   129 0.87 -
TRINITY_DN8382_c0_g1_i1:3-362     -            120 4971at3041           -            197   8.3e-13   45.2   0.0   1   1   1.2e-13     9e-13   45.1   0.0    80   148    44   119    11   120 0.76 -
TRINITY_DN10791_c3_g1_i1:0-413    -            138 4971at3041           -            197     1e-12   44.9   0.0   1   2   5.9e-11   4.3e-10   36.4   0.0    84   136     2    59     1    62 0.78 -
TRINITY_DN10791_c3_g1_i1:0-413    -            138 4971at3041           -            197     1e-12   44.9   0.0   2   2      0.06      0.44    7.0   0.0   134   160    74   100    68   133 0.87 -
TRINITY_DN902_c0_g1_i1:6-455      -            150 4971at3041           -            197   1.2e-12   44.7   0.0   1   1     2e-13   1.5e-12   44.4   0.0    84   160     4    95     1   115 0.76 -
TRINITY_DN30342_c0_g1_i1:202-402  -             67 4971at3041           -            197   1.3e-12   44.6   0.0   1   1   2.1e-13   1.5e-12   44.4   0.0   133   179     5    50     3    53 0.95 -
TRINITY_DN2588_c0_g1_i2:10-552    -            181 4971at3041           -            197   1.9e-12   44.1   0.0   1   1   9.5e-13   6.8e-12   42.2   0.0    86   166     1    94     1   111 0.70 -
TRINITY_DN4888_c0_g1_i1:688-1809  -            374 4971at3041           -            197   1.9e-12   44.1   0.0   1   1   6.9e-13     5e-12   42.7   0.0    48   158     4   135     1   149 0.69 -
TRINITY_DN7976_c0_g1_i1:9-329     -            107 4971at3041           -            197   2.2e-12   43.9   0.0   1   2   2.8e-10     2e-09   34.2   0.0    82   129    13    65     3    72 0.80 -
TRINITY_DN7976_c0_g1_i1:9-329     -            107 4971at3041           -            197   2.2e-12   43.9   0.0   2   2      0.03      0.21    8.0   0.0   134   152    86   104    80   107 0.87 -
TRINITY_DN2775_c1_g1_i2:164-778   -            205 4971at3041           -            197   2.4e-12   43.7   0.0   1   1     2e-11   1.4e-10   38.0   0.0    60   195    25   187    22   189 0.63 -
TRINITY_DN2995_c0_g4_i2:74-1126   -            351 4971at3041           -            197   2.8e-12   43.5   0.0   1   1   3.1e-12   2.2e-11   40.6   0.0    13   168    39   229    29   245 0.68 -
TRINITY_DN4705_c0_g1_i1:197-961   -            255 4971at3041           -            197   2.9e-12   43.5   0.0   1   1   8.4e-13   6.1e-12   42.4   0.0    24   149    19   163    12   192 0.78 -
TRINITY_DN5311_c0_g3_i1:722-961   -             80 4971at3041           -            197     3e-12   43.4   0.0   1   1     5e-13   3.6e-12   43.1   0.0   125   179     1    58     1    61 0.91 -
TRINITY_DN2141_c0_g1_i3:266-484   -             73 4971at3041           -            197   3.3e-12   43.3   0.0   1   1   5.1e-13   3.7e-12   43.1   0.0   126   181     2    60     1    64 0.88 -
TRINITY_DN8262_c0_g1_i6:82-600    -            173 4971at3041           -            197   4.7e-12   42.8   0.0   1   1   7.2e-13   5.2e-12   42.6   0.0    68   157    18   119     4   167 0.75 -
TRINITY_DN30877_c0_g1_i1:0-263    -             88 4971at3041           -            197   5.6e-12   42.5   0.1   1   1   1.3e-12   9.2e-12   41.8   0.1    85   152     2    88     1    88 0.72 -
TRINITY_DN14147_c2_g1_i1:4-306    -            101 4971at3041           -            197   6.5e-12   42.3   0.0   1   1   1.1e-12   8.1e-12   42.0   0.0    83   153     6    87     2   100 0.78 -
TRINITY_DN21885_c0_g1_i1:168-593  -            142 4971at3041           -            197   8.6e-12   41.9   1.0   1   1   1.8e-10   1.3e-09   34.8   1.0     7   112     6   142     1   142 0.70 -
TRINITY_DN23743_c0_g1_i1:323-541  -             73 4971at3041           -            197   9.2e-12   41.8   0.0   1   1   1.3e-12   9.5e-12   41.8   0.0   126   180     2    59     1    71 0.85 -
TRINITY_DN8379_c0_g1_i1:0-446     -            149 4971at3041           -            197   1.5e-11   41.1   0.0   1   1   2.6e-12   1.9e-11   40.8   0.0    79   161    13   109     3   127 0.78 -
TRINITY_DN1537_c3_g1_i1:36-830    -            265 4971at3041           -            197   1.7e-11   41.0   0.0   1   1   7.5e-12   5.4e-11   39.3   0.0    25   151    49   197    43   211 0.75 -
TRINITY_DN1981_c0_g1_i1:39-374    -            112 4971at3041           -            197   1.8e-11   40.9   0.0   1   1   3.7e-12   2.7e-11   40.3   0.0    76   153    16   105     4   109 0.79 -
TRINITY_DN2775_c2_g2_i2:161-625   -            155 4971at3041           -            197   1.8e-11   40.9   0.0   1   3   1.5e-09   1.1e-08   31.8   0.0    86   131     1    51     1    60 0.83 -
TRINITY_DN2775_c2_g2_i2:161-625   -            155 4971at3041           -            197   1.8e-11   40.9   0.0   2   3      0.23       1.7    5.1   0.0   134   156    70    92    63    98 0.87 -
TRINITY_DN2775_c2_g2_i2:161-625   -            155 4971at3041           -            197   1.8e-11   40.9   0.0   3   3         6        43    0.5   0.0   174   195   124   145   109   147 0.85 -
TRINITY_DN3698_c0_g1_i1:27-1139   -            371 4971at3041           -            197   2.2e-11   40.6   0.0   1   1   6.1e-12   4.4e-11   39.6   0.0   104   162     6    72     1   117 0.80 -
TRINITY_DN954_c0_g1_i2:70-414     -            115 4971at3041           -            197   2.5e-11   40.4   0.0   1   1   4.2e-12     3e-11   40.1   0.0    82   157    23   113    12   115 0.75 -
TRINITY_DN1028_c0_g1_i1:1-441     -            147 4971at3041           -            197   2.6e-11   40.4   0.0   1   1   1.4e-11   9.8e-11   38.5   0.0    24   110    46   146    31   147 0.74 -
TRINITY_DN2141_c0_g1_i4:266-475   -             70 4971at3041           -            197   2.7e-11   40.3   0.0   1   1   4.4e-12   3.2e-11   40.1   0.0   130   181     8    57     2    61 0.89 -
TRINITY_DN552_c0_g2_i1:338-529    -             64 4971at3041           -            197   4.4e-11   39.6   0.0   1   1   7.3e-12   5.3e-11   39.4   0.0   133   181     4    51     2    56 0.89 -
TRINITY_DN1891_c0_g3_i6:136-513   -            126 4971at3041           -            197     5e-11   39.4   0.0   1   1   1.9e-11   1.3e-10   38.0   0.0    35   130     4   126     1   126 0.73 -
TRINITY_DN34573_c0_g1_i1:9-770    -            254 4971at3041           -            197   5.2e-11   39.4   0.0   1   1   1.1e-11   7.9e-11   38.8   0.0    37   171    18   172     7   179 0.74 -
TRINITY_DN1028_c0_g1_i4:7-381     -            125 4971at3041           -            197   5.3e-11   39.3   0.0   1   1   1.9e-11   1.3e-10   38.0   0.0    23   109    25   125     7   125 0.74 -
TRINITY_DN954_c0_g1_i1:0-641      -            214 4971at3041           -            197   6.8e-11   39.0   0.0   1   1   1.6e-11   1.2e-10   38.2   0.0    82   158    23   114    13   143 0.76 -
TRINITY_DN4888_c3_g2_i1:134-463   -            110 4971at3041           -            197   9.7e-11   38.5   0.3   1   1   3.7e-11   2.6e-10   37.1   0.3    23   101    14   104     9   107 0.72 -
TRINITY_DN17237_c0_g4_i1:0-227    -             76 4971at3041           -            197     1e-10   38.4   0.0   1   1   1.8e-11   1.3e-10   38.0   0.0    85   141     6    76     2    76 0.72 -
TRINITY_DN1167_c0_g1_i2:698-1381  -            228 4971at3041           -            197   1.2e-10   38.2   1.0   1   1   1.1e-07   7.6e-07   25.8   1.0    37   156    60   220    27   228 0.59 -
TRINITY_DN1167_c0_g1_i3:830-1585  -            252 4971at3041           -            197   1.2e-10   38.1   0.7   1   2   1.8e-05   0.00013   18.5   0.2    80   132    72   130     2   139 0.56 -
TRINITY_DN1167_c0_g1_i3:830-1585  -            252 4971at3041           -            197   1.2e-10   38.1   0.7   2   2   4.3e-05   0.00031   17.2   0.0   125   156   145   176   142   199 0.85 -
TRINITY_DN2521_c1_g4_i1:23-439    -            139 4971at3041           -            197   1.6e-10   37.7   0.0   1   1   2.6e-11   1.9e-10   37.6   0.0    77   155     2    98     1   139 0.73 -
TRINITY_DN38758_c0_g1_i2:127-630  -            168 4971at3041           -            197   1.8e-10   37.6   0.0   1   2       1.5        11    2.5   0.0     9    24     1    16     1    25 0.88 -
TRINITY_DN38758_c0_g1_i2:127-630  -            168 4971at3041           -            197   1.8e-10   37.6   0.0   2   2   1.2e-08   8.9e-08   28.8   0.0    23   112    44   168    37   168 0.69 -
TRINITY_DN31129_c0_g1_i1:1-240    -             80 4971at3041           -            197   1.9e-10   37.6   0.0   1   1   3.6e-11   2.6e-10   37.1   0.0    86   152     1    80     1    80 0.76 -
TRINITY_DN40892_c0_g1_i1:95-286   -             64 4971at3041           -            197   2.1e-10   37.4   0.0   1   1   2.9e-11   2.1e-10   37.4   0.0   134   180     1    46     1    59 0.94 -
TRINITY_DN203_c1_g1_i2:3-281      -             93 4971at3041           -            197   2.5e-10   37.2   0.0   1   1   8.2e-11   5.9e-10   35.9   0.0    84   149     8    93     1    93 0.69 -
TRINITY_DN22076_c0_g1_i1:53-775   -            241 4971at3041           -            197   3.1e-10   36.8   0.0   1   1   1.4e-10   9.8e-10   35.2   0.0    32   179    52   212    39   225 0.77 -
TRINITY_DN20802_c0_g1_i1:369-572  -             68 4971at3041           -            197   4.5e-10   36.3   0.0   1   1     7e-11   5.1e-10   36.1   0.0   133   180     8    54     2    59 0.90 -
TRINITY_DN189_c0_g2_i1:1-243      -             81 4971at3041           -            197   7.1e-10   35.7   0.0   1   1   1.5e-10   1.1e-09   35.1   0.0    87   153     1    78     1    80 0.75 -
TRINITY_DN2003_c0_g1_i1:1369-1803 -            145 4971at3041           -            197   8.4e-10   35.4   0.0   1   1   1.8e-10   1.3e-09   34.8   0.0    86   149     9    81     2    87 0.82 -
TRINITY_DN2775_c1_g1_i1:74-388    -            105 4971at3041           -            197   9.6e-10   35.2   0.0   1   1   1.5e-10   1.1e-09   35.1   0.0    60   128    30   105     5   105 0.81 -
TRINITY_DN1092_c0_g4_i2:26-628    -            201 4971at3041           -            197   1.1e-09   35.0   0.0   1   2      0.12      0.86    6.0   0.1     5    22     5    22     2    33 0.87 -
TRINITY_DN1092_c0_g4_i2:26-628    -            201 4971at3041           -            197   1.1e-09   35.0   0.0   2   2   6.4e-08   4.6e-07   26.5   0.0    22   140    46   185    38   198 0.61 -
TRINITY_DN3126_c0_g1_i1:1-336     -            112 4971at3041           -            197   1.3e-09   34.8   0.0   1   1   2.5e-10   1.8e-09   34.4   0.0    81   167     9   108     2   111 0.73 -
TRINITY_DN14996_c0_g1_i2:300-650  -            117 4971at3041           -            197   2.1e-09   34.1   0.0   1   1   3.6e-10   2.6e-09   33.8   0.0    74   129    52   116    42   117 0.77 -
TRINITY_DN740_c0_g1_i4:104-601    -            166 4971at3041           -            197   3.1e-09   33.6   0.0   1   2     0.025      0.18    8.2   0.0    21    66    37    82    23    94 0.87 -
TRINITY_DN740_c0_g1_i4:104-601    -            166 4971at3041           -            197   3.1e-09   33.6   0.0   2   2   5.2e-07   3.8e-06   23.5   0.0    76   113   126   166   111   166 0.82 -
TRINITY_DN815_c0_g1_i1:84-695     -            204 4971at3041           -            197     8e-09   32.2   0.0   1   1   3.5e-09   2.5e-08   30.6   0.0    36   129    92   203    72   204 0.58 -
TRINITY_DN815_c0_g1_i3:84-695     -            204 4971at3041           -            197     8e-09   32.2   0.0   1   1   3.5e-09   2.5e-08   30.6   0.0    36   129    92   203    72   204 0.58 -
TRINITY_DN1092_c0_g4_i1:92-640    -            183 4971at3041           -            197   9.5e-09   32.0   0.2   1   2     0.096      0.69    6.3   0.1     5    22     8    25     5    43 0.87 -
TRINITY_DN1092_c0_g4_i1:92-640    -            183 4971at3041           -            197   9.5e-09   32.0   0.2   2   2   7.1e-07   5.1e-06   23.1   0.0    22   113    49   153    44   158 0.66 -
TRINITY_DN1742_c0_g1_i1:115-456   -            114 4971at3041           -            197   1.1e-08   31.8   0.0   1   1   1.9e-09   1.4e-08   31.4   0.0    79   116    52    91    36   113 0.71 -
TRINITY_DN1891_c0_g3_i5:4-324     -            107 4971at3041           -            197   1.3e-08   31.6   0.1   1   1   3.2e-09   2.3e-08   30.7   0.1    34   101     3    81     1   105 0.76 -
TRINITY_DN36203_c0_g1_i1:0-386    -            129 4971at3041           -            197   1.3e-08   31.5   0.0   1   2       1.5        11    2.4   0.0     4    22     6    24     3    38 0.81 -
TRINITY_DN36203_c0_g1_i1:0-386    -            129 4971at3041           -            197   1.3e-08   31.5   0.0   2   2   4.6e-08   3.3e-07   26.9   0.0    22    66    48    92    39   129 0.80 -
TRINITY_DN859_c0_g1_i4:4-519      -            172 4971at3041           -            197   1.5e-08   31.4   0.1   1   2       1.3       9.5    2.6   0.0    25    43    54    72    12    99 0.84 -
TRINITY_DN859_c0_g1_i4:4-519      -            172 4971at3041           -            197   1.5e-08   31.4   0.1   2   2   3.5e-08   2.5e-07   27.3   0.0    51   110   102   172    46   172 0.75 -
TRINITY_DN26321_c0_g1_i1:2-352    -            117 4971at3041           -            197   1.5e-08   31.3   0.0   1   1   6.2e-09   4.5e-08   29.8   0.0    57   110    55   117     1   117 0.81 -
TRINITY_DN12284_c0_g1_i1:31-240   -             70 4971at3041           -            197   1.8e-08   31.1   0.0   1   1   2.8e-09     2e-08   30.9   0.0   132   181     9    56     2    64 0.81 -
TRINITY_DN3847_c0_g1_i1:1531-2331 -            267 4971at3041           -            197   2.1e-08   30.8   0.0   1   1   1.3e-08   9.6e-08   28.7   0.0    42   156    61   202    38   215 0.74 -
TRINITY_DN4852_c0_g1_i3:2-1264    -            421 4971at3041           -            197   5.5e-08   29.5   0.0   1   3       6.8        49    0.3   0.0     6    25   118   137   116   166 0.78 -
TRINITY_DN4852_c0_g1_i3:2-1264    -            421 4971at3041           -            197   5.5e-08   29.5   0.0   2   3    0.0081     0.059    9.8   0.0    73    99   222   250   175   256 0.81 -
TRINITY_DN4852_c0_g1_i3:2-1264    -            421 4971at3041           -            197   5.5e-08   29.5   0.0   3   3   0.00019    0.0013   15.2   0.0   101   166   276   346   274   361 0.78 -
TRINITY_DN12427_c0_g1_i1:6-278    -             91 4971at3041           -            197   7.1e-08   29.1   0.0   1   1   3.8e-08   2.8e-07   27.2   0.0    64   111    35    91     1    91 0.75 -
TRINITY_DN14818_c0_g1_i1:11-460   -            150 4971at3041           -            197   7.2e-08   29.1   0.2   1   1   1.9e-08   1.4e-07   28.2   0.0    20   113    36   145    30   150 0.80 -
TRINITY_DN31879_c0_g1_i1:2-412    -            137 4971at3041           -            197     9e-08   28.8   0.6   1   2       1.1       7.8    2.9   0.1     8    30    20    42    16    53 0.81 -
TRINITY_DN31879_c0_g1_i1:2-412    -            137 4971at3041           -            197     9e-08   28.8   0.6   2   2   2.2e-07   1.6e-06   24.7   0.0    21    71    57   108    44   128 0.81 -
TRINITY_DN22545_c0_g1_i1:2-283    -             94 4971at3041           -            197   1.1e-07   28.5   0.0   1   1   7.3e-08   5.3e-07   26.3   0.0    38   113     2    93     1    94 0.65 -
TRINITY_DN14844_c0_g1_i1:311-898  -            196 4971at3041           -            197   1.8e-07   27.8   2.5   1   3       5.1        37    0.7   0.1     8    24     7    23     2    41 0.81 -
TRINITY_DN14844_c0_g1_i1:311-898  -            196 4971at3041           -            197   1.8e-07   27.8   2.5   2   3    0.0044     0.032   10.7   0.0    24    46    45    67    39    78 0.86 -
TRINITY_DN14844_c0_g1_i1:311-898  -            196 4971at3041           -            197   1.8e-07   27.8   2.5   3   3   0.00024    0.0017   14.8   0.0    66    98   161   195   146   196 0.84 -
TRINITY_DN11841_c0_g1_i1:9-299    -             97 4971at3041           -            197   2.5e-07   27.3   0.0   1   1   3.5e-08   2.6e-07   27.3   0.0    76   116    34    77    12    97 0.70 -
TRINITY_DN8523_c0_g1_i1:13-351    -            113 4971at3041           -            197   3.5e-07   26.9   0.1   1   1   2.3e-07   1.6e-06   24.7   0.1    74   128    38   113    28   113 0.73 -
TRINITY_DN1092_c0_g2_i3:40-915    -            292 4971at3041           -            197   4.8e-07   26.4   0.0   1   2       4.5        33    0.9   0.0     6    38     4    42     3    66 0.59 -
TRINITY_DN1092_c0_g2_i3:40-915    -            292 4971at3041           -            197   4.8e-07   26.4   0.0   2   2   3.2e-07   2.3e-06   24.2   0.0    23   155    42   195    35   216 0.65 -
TRINITY_DN29754_c0_g1_i1:130-609  -            160 4971at3041           -            197   5.1e-07   26.3   0.4   1   2      0.25       1.8    5.0   0.0    21    45    53    77    48    83 0.85 -
TRINITY_DN29754_c0_g1_i1:130-609  -            160 4971at3041           -            197   5.1e-07   26.3   0.4   2   2   1.3e-05   9.2e-05   19.0   0.0    53   100   107   158    89   160 0.82 -
TRINITY_DN394_c0_g1_i1:701-1618   -            306 4971at3041           -            197   5.3e-07   26.3   0.1   1   1   7.5e-07   5.5e-06   23.0   0.0    65   163    97   216    86   239 0.73 -
TRINITY_DN394_c0_g1_i2:701-1685   -            306 4971at3041           -            197   5.3e-07   26.3   0.1   1   1   7.5e-07   5.5e-06   23.0   0.0    65   163    97   216    86   239 0.73 -
TRINITY_DN14996_c0_g1_i1:492-830  -            113 4971at3041           -            197   6.7e-07   26.0   0.0   1   1     1e-07   7.5e-07   25.8   0.0    74   114    52    95    42   113 0.73 -
TRINITY_DN493_c0_g1_i14:238-1086  -            283 4971at3041           -            197   6.8e-07   25.9   0.1   1   2       3.3        24    1.3   0.0     7    32    15    40    13    55 0.79 -
TRINITY_DN493_c0_g1_i14:238-1086  -            283 4971at3041           -            197   6.8e-07   25.9   0.1   2   2   3.4e-06   2.4e-05   20.9   0.0    69   163   107   222   100   245 0.68 -
TRINITY_DN1092_c0_g2_i2:2-865     -            288 4971at3041           -            197   7.7e-07   25.8   0.0   1   2       3.8        28    1.1   0.0     6    38     6    44     4    69 0.60 -
TRINITY_DN1092_c0_g2_i2:2-865     -            288 4971at3041           -            197   7.7e-07   25.8   0.0   2   2   5.5e-07   3.9e-06   23.4   0.0    23   150    44   192    37   217 0.63 -
TRINITY_DN493_c0_g1_i9:589-1557   -            323 4971at3041           -            197   1.2e-06   25.2   0.1   1   2         4        29    1.0   0.0     7    32     5    30     3    44 0.79 -
TRINITY_DN493_c0_g1_i9:589-1557   -            323 4971at3041           -            197   1.2e-06   25.2   0.1   2   2   4.3e-06   3.1e-05   20.5   0.0    68   163    96   212    88   235 0.69 -
TRINITY_DN493_c0_g1_i3:238-1218   -            327 4971at3041           -            197   1.2e-06   25.1   0.1   1   2       4.1        29    1.0   0.0     7    32    15    40    13    54 0.79 -
TRINITY_DN493_c0_g1_i3:238-1218   -            327 4971at3041           -            197   1.2e-06   25.1   0.1   2   2   4.5e-06   3.2e-05   20.5   0.0    68   163   106   222    98   245 0.69 -
TRINITY_DN493_c0_g1_i12:238-1236  -            333 4971at3041           -            197   1.3e-06   25.1   0.1   1   2       4.2        30    1.0   0.0     7    32    15    40    13    54 0.79 -
TRINITY_DN493_c0_g1_i12:238-1236  -            333 4971at3041           -            197   1.3e-06   25.1   0.1   2   2   4.7e-06   3.4e-05   20.4   0.0    69   163   107   222    99   245 0.68 -
TRINITY_DN493_c0_g1_i8:238-1303   -            333 4971at3041           -            197   1.3e-06   25.1   0.1   1   2       4.2        30    1.0   0.0     7    32    15    40    13    54 0.79 -
TRINITY_DN493_c0_g1_i8:238-1303   -            333 4971at3041           -            197   1.3e-06   25.1   0.1   2   2   4.6e-06   3.3e-05   20.4   0.0    68   163   106   222    98   245 0.69 -
TRINITY_DN1092_c0_g2_i4:55-918    -            288 4971at3041           -            197   1.3e-06   25.1   0.0   1   2       4.2        30    1.0   0.0     6    39     7    44     3    65 0.72 -
TRINITY_DN1092_c0_g2_i4:55-918    -            288 4971at3041           -            197   1.3e-06   25.1   0.0   2   2   1.2e-06   8.3e-06   22.4   0.0    74   155   103   196    37   217 0.63 -
TRINITY_DN1171_c1_g1_i1:56-505    -            150 4971at3041           -            197   1.9e-06   24.4   0.0   1   1   8.2e-07     6e-06   22.9   0.0    82   112   119   150    99   150 0.78 -
TRINITY_DN11075_c0_g1_i2:12-404   -            131 4971at3041           -            197   3.4e-06   23.7   0.0   1   1   2.1e-06   1.5e-05   21.5   0.0    25    97    46   131    39   131 0.79 -
TRINITY_DN16741_c0_g1_i1:3-488    -            162 4971at3041           -            197     6e-06   22.8   1.4   1   2       5.9        43    0.5   0.1     7    18     7    18     5    29 0.87 -
TRINITY_DN16741_c0_g1_i1:3-488    -            162 4971at3041           -            197     6e-06   22.8   1.4   2   2     3e-06   2.2e-05   21.0   0.1    19   111    51   158    34   161 0.71 -
TRINITY_DN3014_c0_g1_i2:8-559     -            184 4971at3041           -            197   1.2e-05   21.8   0.0   1   1   7.1e-06   5.1e-05   19.8   0.0    66   129   109   180    48   184 0.77 -
TRINITY_DN3014_c0_g1_i1:8-571     -            188 4971at3041           -            197   1.3e-05   21.7   0.0   1   1   7.5e-06   5.4e-05   19.7   0.0    66   129   113   184    52   188 0.78 -
TRINITY_DN16730_c0_g1_i1:209-661  -            151 4971at3041           -            197   2.7e-05   20.7   0.0   1   1   1.2e-05   8.6e-05   19.1   0.0   107   195     1   116     1   118 0.59 -
TRINITY_DN1891_c0_g3_i2:4-342     -            113 4971at3041           -            197   3.8e-05   20.2   0.1   1   1   7.5e-06   5.4e-05   19.7   0.1    26   101     1    87     1   111 0.76 -
TRINITY_DN4852_c0_g1_i1:143-448   -            102 4971at3041           -            197   4.8e-05   19.9   0.0   1   1   7.3e-06   5.2e-05   19.8   0.0   101   168     4    76     2    92 0.78 -
TRINITY_DN12090_c0_g1_i1:493-918  -            142 4971at3041           -            197   5.1e-05   19.8   0.1   1   1     2e-05   0.00014   18.4   0.1    34   109    49   140    32   142 0.70 -
TRINITY_DN3798_c0_g3_i1:280-504   -             75 4971at3041           -            197   5.3e-05   19.7   0.0   1   1   8.1e-06   5.9e-05   19.6   0.0   125   177     1    56     1    70 0.78 -
TRINITY_DN5660_c0_g1_i1:58-306    -             83 4971at3041           -            197   0.00013   18.5   0.0   1   1   2.1e-05   0.00015   18.3   0.0   105   154     1    55     1    64 0.81 -
TRINITY_DN97_c0_g2_i4:70-363      -             98 4971at3041           -            197   0.00026   17.5   0.1   1   1    0.0001   0.00072   16.1   0.1    22    65    48    92    43    97 0.86 -
TRINITY_DN4220_c0_g1_i2:87-425    -            113 4971at3041           -            197   0.00038   17.0   0.0   1   1   5.3e-05   0.00038   17.0   0.0    81   112    81   113    32   113 0.84 -
TRINITY_DN4460_c0_g1_i3:433-936   -            168 4971at3041           -            197     0.001   15.6   0.1   1   1   0.00057    0.0041   13.6   0.0    24    97    84   168    79   168 0.71 -
TRINITY_DN4460_c0_g1_i4:346-849   -            168 4971at3041           -            197     0.001   15.6   0.1   1   1   0.00057    0.0041   13.6   0.0    24    97    84   168    79   168 0.71 -
TRINITY_DN5797_c0_g1_i1:578-1063  -            162 4971at3041           -            197    0.0011   15.5   2.8   1   3      0.04      0.29    7.6   0.2     7    28     3    24     1    33 0.79 -
TRINITY_DN5797_c0_g1_i1:578-1063  -            162 4971at3041           -            197    0.0011   15.5   2.8   2   3      0.33       2.4    4.6   0.0    25    47    42    64    31    71 0.82 -
TRINITY_DN5797_c0_g1_i1:578-1063  -            162 4971at3041           -            197    0.0011   15.5   2.8   3   3       1.3       9.3    2.6   0.1    66    89   136   161   109   162 0.80 -
TRINITY_DN25673_c0_g1_i1:3-344    -            114 4971at3041           -            197    0.0011   15.5   0.3   1   1   0.00037    0.0027   14.2   0.3    35   100    35   113     9   114 0.67 -
TRINITY_DN14147_c1_g1_i1:1-420    -            140 4971at3041           -            197    0.0017   14.9   0.4   1   2     0.084       0.6    6.5   0.0     5    22     7    24     5    37 0.84 -
TRINITY_DN14147_c1_g1_i1:1-420    -            140 4971at3041           -            197    0.0017   14.9   0.4   2   2      0.19       1.4    5.4   0.0    74    94   118   140   106   140 0.66 -
TRINITY_DN2067_c0_g1_i1:156-758   -            201 4971at3041           -            197    0.0056   13.2   0.1   1   1    0.0018     0.013   12.0   0.1    49    99   132   195    89   199 0.59 -
TRINITY_DN1110_c0_g1_i1:1230-2102 -            291 4971at3041           -            197    0.0061   13.0   0.1   1   1    0.0021     0.015   11.8   0.0   120   157     1    39     1    65 0.84 -
TRINITY_DN2588_c0_g1_i1:28-426    -            133 4971at3041           -            197     0.014   11.9   0.0   1   1    0.0063     0.045   10.2   0.0   121   167     3    53     1    70 0.71 -
#
# Program:         hmmsearch
# Version:         3.2.1 (June 2018)
# Pipeline mode:   SEARCH
# Query file:      /sw/bioinfo/BUSCO/v5_lineage_sets/lineages/chlorophyta_odb10/hmms/4971at3041.hmm
# Target file:     /crex/proj/snic2022-23-81/expression_algae/code/busco/trinity_VA-3180-Osg12Sin/run_chlorophyta_odb10/metaeuk_output/initial_results/trinity_VA-3180-Osg12Sin.Trinity.fasta.modified.fas
# Option settings: hmmsearch --domtblout /crex/proj/snic2022-23-81/expression_algae/code/busco/trinity_VA-3180-Osg12Sin/run_chlorophyta_odb10/hmmer_output/initial_run_results/4971at3041.out --cpu 1 /sw/bioinfo/BUSCO/v5_lineage_sets/lineages/chlorophyta_odb10/hmms/4971at3041.hmm /crex/proj/snic2022-23-81/expression_algae/code/busco/trinity_VA-3180-Osg12Sin/run_chlorophyta_odb10/metaeuk_output/initial_results/trinity_VA-3180-Osg12Sin.Trinity.fasta.modified.fas 
# Current dir:     /crex/proj/snic2022-23-81/expression_algae/code/busco
# Date:            Fri Sep 23 10:12:03 2022
# [ok]
