#                                                                                        --- full sequence --- -------------- this domain -------------   hmm coord   ali coord   env coord
# target name                    accession   tlen query name           accession   qlen   E-value  score  bias   #  of  c-Evalue  i-Evalue  score  bias  from    to  from    to  from    to  acc description of target
#            ------------------- ---------- ----- -------------------- ---------- ----- --------- ------ ----- --- --- --------- --------- ------ ----- ----- ----- ----- ----- ----- ----- ---- ---------------------
TRINITY_DN38496_c0_g1_i1:1-627   -            209 4975at3041           -            302   7.4e-14   48.3   0.2   1   1   8.3e-16   3.3e-13   46.1   0.2    33   153    69   205    60   208 0.70 -
TRINITY_DN10597_c0_g1_i1:2-853   -            284 4975at3041           -            302   1.8e-09   33.9   0.0   1   1   8.8e-12   3.5e-09   32.9   0.0    43   179   114   266   104   269 0.69 -
TRINITY_DN2238_c0_g1_i1:63-1382  -            440 4975at3041           -            302   2.8e-06   23.4   0.0   1   2     0.076        30    0.3   0.0    34    85   118   169   111   180 0.78 -
TRINITY_DN2238_c0_g1_i1:63-1382  -            440 4975at3041           -            302   2.8e-06   23.4   0.0   2   2   4.6e-07   0.00018   17.4   0.0   101   300   204   436   199   438 0.66 -
TRINITY_DN2238_c0_g1_i4:116-1021 -            302 4975at3041           -            302   8.5e-05   18.5   0.0   1   2     0.043        17    1.1   0.0    34    85   118   169   111   180 0.78 -
TRINITY_DN2238_c0_g1_i4:116-1021 -            302 4975at3041           -            302   8.5e-05   18.5   0.0   2   2     3e-06    0.0012   14.7   0.0   101   152   204   256   192   270 0.88 -
TRINITY_DN2238_c0_g1_i3:259-1218 -            320 4975at3041           -            302   9.8e-05   18.3   0.0   1   2     0.047        19    1.0   0.0    34    85   118   169   111   180 0.78 -
TRINITY_DN2238_c0_g1_i3:259-1218 -            320 4975at3041           -            302   9.8e-05   18.3   0.0   2   2   3.3e-06    0.0013   14.6   0.0   101   152   204   256   192   270 0.88 -
#
# Program:         hmmsearch
# Version:         3.2.1 (June 2018)
# Pipeline mode:   SEARCH
# Query file:      /sw/bioinfo/BUSCO/v5_lineage_sets/lineages/chlorophyta_odb10/hmms/4975at3041.hmm
# Target file:     /crex/proj/snic2022-23-81/expression_algae/code/busco/trinity_VA-3180-Osg12Sin/run_chlorophyta_odb10/metaeuk_output/initial_results/trinity_VA-3180-Osg12Sin.Trinity.fasta.modified.fas
# Option settings: hmmsearch --domtblout /crex/proj/snic2022-23-81/expression_algae/code/busco/trinity_VA-3180-Osg12Sin/run_chlorophyta_odb10/hmmer_output/initial_run_results/4975at3041.out --cpu 1 /sw/bioinfo/BUSCO/v5_lineage_sets/lineages/chlorophyta_odb10/hmms/4975at3041.hmm /crex/proj/snic2022-23-81/expression_algae/code/busco/trinity_VA-3180-Osg12Sin/run_chlorophyta_odb10/metaeuk_output/initial_results/trinity_VA-3180-Osg12Sin.Trinity.fasta.modified.fas 
# Current dir:     /crex/proj/snic2022-23-81/expression_algae/code/busco
# Date:            Fri Sep 23 10:12:03 2022
# [ok]
