#                                                                                        --- full sequence --- -------------- this domain -------------   hmm coord   ali coord   env coord
# target name                    accession   tlen query name           accession   qlen   E-value  score  bias   #  of  c-Evalue  i-Evalue  score  bias  from    to  from    to  from    to  acc description of target
#            ------------------- ---------- ----- -------------------- ---------- ----- --------- ------ ----- --- --- --------- --------- ------ ----- ----- ----- ----- ----- ----- ----- ---- ---------------------
TRINITY_DN1117_c0_g1_i5:327-2387 -            687 731at3041            -            549  1.4e-279  924.9   7.8   1   2  2.3e-223  1.2e-220  730.5   4.1     1   414     8   481     8   494 0.88 -
TRINITY_DN1117_c0_g1_i5:327-2387 -            687 731at3041            -            549  1.4e-279  924.9   7.8   2   2   3.5e-59   1.8e-56  188.5   0.1   413   543   515   661   497   666 0.86 -
TRINITY_DN1117_c0_g1_i6:355-2415 -            687 731at3041            -            549  1.4e-279  924.9   7.8   1   2  2.3e-223  1.2e-220  730.5   4.1     1   414     8   481     8   494 0.88 -
TRINITY_DN1117_c0_g1_i6:355-2415 -            687 731at3041            -            549  1.4e-279  924.9   7.8   2   2   3.5e-59   1.8e-56  188.5   0.1   413   543   515   661   497   666 0.86 -
TRINITY_DN1117_c0_g1_i3:355-2076 -            574 731at3041            -            549  1.2e-245  813.0   0.9   1   2  2.3e-190  1.2e-187  621.5   0.1    79   414     1   368     1   381 0.91 -
TRINITY_DN1117_c0_g1_i3:355-2076 -            574 731at3041            -            549  1.2e-245  813.0   0.9   2   2   2.5e-59   1.2e-56  189.1   0.1   413   543   402   548   381   553 0.86 -
TRINITY_DN1117_c0_g1_i2:218-1774 -            519 731at3041            -            549  1.4e-223  740.1   4.1   1   1  9.7e-224  4.8e-221  731.7   4.1     1   414     8   481     8   493 0.88 -
#
# Program:         hmmsearch
# Version:         3.2.1 (June 2018)
# Pipeline mode:   SEARCH
# Query file:      /sw/bioinfo/BUSCO/v5_lineage_sets/lineages/chlorophyta_odb10/hmms/731at3041.hmm
# Target file:     /crex/proj/snic2022-23-81/expression_algae/code/busco/trinity_VA-3180-Osg12Sin/run_chlorophyta_odb10/metaeuk_output/initial_results/trinity_VA-3180-Osg12Sin.Trinity.fasta.modified.fas
# Option settings: hmmsearch --domtblout /crex/proj/snic2022-23-81/expression_algae/code/busco/trinity_VA-3180-Osg12Sin/run_chlorophyta_odb10/hmmer_output/initial_run_results/731at3041.out --cpu 1 /sw/bioinfo/BUSCO/v5_lineage_sets/lineages/chlorophyta_odb10/hmms/731at3041.hmm /crex/proj/snic2022-23-81/expression_algae/code/busco/trinity_VA-3180-Osg12Sin/run_chlorophyta_odb10/metaeuk_output/initial_results/trinity_VA-3180-Osg12Sin.Trinity.fasta.modified.fas 
# Current dir:     /crex/proj/snic2022-23-81/expression_algae/code/busco
# Date:            Fri Sep 23 10:12:04 2022
# [ok]
