#                                                                                        --- full sequence --- -------------- this domain -------------   hmm coord   ali coord   env coord
# target name                    accession   tlen query name           accession   qlen   E-value  score  bias   #  of  c-Evalue  i-Evalue  score  bias  from    to  from    to  from    to  acc description of target
#            ------------------- ---------- ----- -------------------- ---------- ----- --------- ------ ----- --- --- --------- --------- ------ ----- ----- ----- ----- ----- ----- ----- ---- ---------------------
TRINITY_DN21349_c0_g1_i1:1-516   -            172 9991at3041           -            255   6.7e-19   64.9   1.3   1   3   0.00032     0.012   11.7   0.0   147   183     7    42     2    61 0.76 -
TRINITY_DN21349_c0_g1_i1:1-516   -            172 9991at3041           -            255   6.7e-19   64.9   1.3   2   3   2.4e-11   8.6e-10   35.1   0.2   118   187    61   130    51   135 0.86 -
TRINITY_DN21349_c0_g1_i1:1-516   -            172 9991at3041           -            255   6.7e-19   64.9   1.3   3   3   8.2e-06    0.0003   16.9   0.0   147   184   133   169   129   172 0.76 -
TRINITY_DN17312_c0_g1_i1:3-878   -            292 9991at3041           -            255   1.3e-14   50.9   0.6   1   3     3e-06   0.00011   18.4   0.0   143   208    12    79     8    95 0.77 -
TRINITY_DN17312_c0_g1_i1:3-878   -            292 9991at3041           -            255   1.3e-14   50.9   0.6   2   3   5.4e-06    0.0002   17.5   0.1   133   184   103   154    92   164 0.87 -
TRINITY_DN17312_c0_g1_i1:3-878   -            292 9991at3041           -            255   1.3e-14   50.9   0.6   3   3    0.0003     0.011   11.8   0.0   140   184   230   273   219   291 0.77 -
TRINITY_DN2265_c0_g1_i1:250-1491 -            414 9991at3041           -            255   1.4e-14   50.8   3.8   1   3      0.21       7.6    2.5   0.0   182   221   117   156   112   165 0.85 -
TRINITY_DN2265_c0_g1_i1:250-1491 -            414 9991at3041           -            255   1.4e-14   50.8   3.8   2   3     0.052       1.9    4.5   0.2   160   184   193   217   176   244 0.63 -
TRINITY_DN2265_c0_g1_i1:250-1491 -            414 9991at3041           -            255   1.4e-14   50.8   3.8   3   3   4.9e-14   1.8e-12   43.9   0.4   108   211   232   339   217   356 0.81 -
TRINITY_DN17312_c0_g1_i2:3-851   -            283 9991at3041           -            255   1.5e-14   50.7   0.7   1   3   3.1e-06   0.00011   18.3   0.0   143   208     3    70     1    85 0.77 -
TRINITY_DN17312_c0_g1_i2:3-851   -            283 9991at3041           -            255   1.5e-14   50.7   0.7   2   3   5.2e-06   0.00019   17.6   0.1   133   184    94   145    83   155 0.87 -
TRINITY_DN17312_c0_g1_i2:3-851   -            283 9991at3041           -            255   1.5e-14   50.7   0.7   3   3   0.00028      0.01   11.9   0.0   140   184   221   264   209   282 0.77 -
TRINITY_DN1661_c0_g1_i1:55-666   -            204 9991at3041           -            255   3.5e-14   49.5   7.0   1   3     1e-05   0.00037   16.6   0.1   141   176     5    38     2    47 0.79 -
TRINITY_DN1661_c0_g1_i1:55-666   -            204 9991at3041           -            255   3.5e-14   49.5   7.0   2   3   6.4e-09   2.3e-07   27.1   0.7   117   178    63   124    45   140 0.79 -
TRINITY_DN1661_c0_g1_i1:55-666   -            204 9991at3041           -            255   3.5e-14   49.5   7.0   3   3    0.0048      0.17    7.9   0.0   147   177   138   167   125   184 0.78 -
TRINITY_DN1795_c0_g1_i1:105-404  -            100 9991at3041           -            255   1.7e-13   47.2   1.4   1   2   3.3e-09   1.2e-07   28.1   0.4   121   177     3    59     1    75 0.85 -
TRINITY_DN1795_c0_g1_i1:105-404  -            100 9991at3041           -            255   1.7e-13   47.2   1.4   2   2   2.1e-06   7.6e-05   18.9   0.1   143   175    68    99    59   100 0.85 -
TRINITY_DN2265_c0_g1_i2:250-1359 -            370 9991at3041           -            255   7.6e-13   45.1   1.5   1   3      0.18       6.5    2.7   0.0   182   221   117   156   112   165 0.85 -
TRINITY_DN2265_c0_g1_i2:250-1359 -            370 9991at3041           -            255   7.6e-13   45.1   1.5   2   3     0.085       3.1    3.8   0.1   161   181   194   214   177   237 0.69 -
TRINITY_DN2265_c0_g1_i2:250-1359 -            370 9991at3041           -            255   7.6e-13   45.1   1.5   3   3   1.4e-11   5.2e-10   35.8   0.1   108   178   232   307   218   319 0.82 -
TRINITY_DN30718_c0_g1_i1:45-536  -            164 9991at3041           -            255     1e-12   44.7   8.1   1   2   2.9e-09     1e-07   28.3   0.9   108   182    12    84     3    97 0.76 -
TRINITY_DN30718_c0_g1_i1:45-536  -            164 9991at3041           -            255     1e-12   44.7   8.1   2   2   6.9e-07   2.5e-05   20.5   1.4   113   175    97   157    85   162 0.76 -
TRINITY_DN528_c0_g1_i2:14-373    -            120 9991at3041           -            255   9.1e-11   38.3   0.5   1   3    0.0013     0.046    9.8   0.0   154   177     9    31     3    38 0.76 -
TRINITY_DN528_c0_g1_i2:14-373    -            120 9991at3041           -            255   9.1e-11   38.3   0.5   2   3     1e-07   3.7e-06   23.2   0.1   120   178    16    74    11    84 0.84 -
TRINITY_DN528_c0_g1_i2:14-373    -            120 9991at3041           -            255   9.1e-11   38.3   0.5   3   3   0.00045     0.016   11.2   0.0   144   177    83   115    77   119 0.78 -
TRINITY_DN7461_c0_g1_i1:118-1095 -            326 9991at3041           -            255   1.4e-10   37.6   0.9   1   2   3.3e-08   1.2e-06   24.8   0.0   145   204    81   144    61   162 0.78 -
TRINITY_DN7461_c0_g1_i1:118-1095 -            326 9991at3041           -            255   1.4e-10   37.6   0.9   2   2   0.00075     0.027   10.5   0.2   148   220   243   313   230   319 0.73 -
TRINITY_DN7461_c0_g1_i2:107-1192 -            362 9991at3041           -            255   1.8e-10   37.3   1.0   1   2     4e-08   1.5e-06   24.5   0.0   145   204    81   144    61   162 0.78 -
TRINITY_DN7461_c0_g1_i2:107-1192 -            362 9991at3041           -            255   1.8e-10   37.3   1.0   2   2   0.00077     0.028   10.5   0.3   147   221   242   314   228   327 0.74 -
TRINITY_DN1067_c0_g1_i2:223-924  -            234 9991at3041           -            255   2.5e-10   36.8   1.7   1   2   2.4e-07   8.7e-06   22.0   0.1   107   177    33   107    22   129 0.79 -
TRINITY_DN1067_c0_g1_i2:223-924  -            234 9991at3041           -            255   2.5e-10   36.8   1.7   2   2   4.4e-05    0.0016   14.5   0.2   118   206   133   222   123   229 0.69 -
TRINITY_DN5365_c0_g1_i1:848-1714 -            289 9991at3041           -            255   3.4e-10   36.4   0.7   1   2   3.5e-05    0.0013   14.9   0.2   118   217    54   152    44   160 0.73 -
TRINITY_DN5365_c0_g1_i1:848-1714 -            289 9991at3041           -            255   3.4e-10   36.4   0.7   2   2   7.1e-06   0.00026   17.1   0.0   119   174   185   240   182   271 0.86 -
TRINITY_DN13578_c0_g1_i1:2-691   -            230 9991at3041           -            255   1.6e-09   34.2   2.5   1   2   1.8e-10   6.5e-09   32.2   0.8   107   217    27   138    16   154 0.77 -
TRINITY_DN13578_c0_g1_i1:2-691   -            230 9991at3041           -            255   1.6e-09   34.2   2.5   2   2       0.6        22    1.0   0.0   153   175   171   190   152   205 0.78 -
TRINITY_DN6803_c0_g1_i1:251-862  -            204 9991at3041           -            255   3.2e-09   33.2   4.2   1   2   2.3e-09   8.3e-08   28.6   3.7   128   230    71   170     8   174 0.87 -
TRINITY_DN6803_c0_g1_i1:251-862  -            204 9991at3041           -            255   3.2e-09   33.2   4.2   2   2   0.00011    0.0042   13.2   0.2   122   177   149   204   148   204 0.84 -
TRINITY_DN5113_c0_g1_i1:2-919    -            306 9991at3041           -            255   4.9e-09   32.6   2.4   1   4       5.8   2.1e+02   -2.2   0.0    81   122    30    71    26    77 0.85 -
TRINITY_DN5113_c0_g1_i1:2-919    -            306 9991at3041           -            255   4.9e-09   32.6   2.4   2   4       3.3   1.2e+02   -1.4   0.0   158   175    97   114    90   135 0.69 -
TRINITY_DN5113_c0_g1_i1:2-919    -            306 9991at3041           -            255   4.9e-09   32.6   2.4   3   4   1.4e-09   5.1e-08   29.3   1.5   119   178   142   202   114   235 0.89 -
TRINITY_DN5113_c0_g1_i1:2-919    -            306 9991at3041           -            255   4.9e-09   32.6   2.4   4   4       1.2        44   -0.0   0.0   146   175   260   295   240   303 0.69 -
TRINITY_DN8181_c0_g2_i1:1-594    -            198 9991at3041           -            255   5.5e-09   32.4   2.5   1   3    0.0018     0.066    9.2   0.0   147   180    10    43     2    62 0.74 -
TRINITY_DN8181_c0_g2_i1:1-594    -            198 9991at3041           -            255   5.5e-09   32.4   2.5   2   3     2e-06   7.3e-05   18.9   0.2   119   176    65   124    50   145 0.81 -
TRINITY_DN8181_c0_g2_i1:1-594    -            198 9991at3041           -            255   5.5e-09   32.4   2.5   3   3      0.12       4.3    3.3   0.1   118   135   151   168   141   175 0.73 -
TRINITY_DN7223_c0_g2_i1:24-554   -            177 9991at3041           -            255   6.2e-09   32.3   5.9   1   2   0.00015    0.0054   12.8   0.1   127   175     4    52     1    59 0.75 -
TRINITY_DN7223_c0_g2_i1:24-554   -            177 9991at3041           -            255   6.2e-09   32.3   5.9   2   2   8.7e-09   3.2e-07   26.7   4.1   111   246    30   168    20   176 0.74 -
TRINITY_DN2811_c0_g1_i1:17-373   -            119 9991at3041           -            255   7.9e-09   31.9   1.8   1   1   8.4e-10     3e-08   30.0   1.8   121   201     3    80     1   102 0.82 -
TRINITY_DN1795_c0_g4_i1:10-501   -            164 9991at3041           -            255   8.1e-09   31.9   1.4   1   4       0.3        11    2.0   0.0   160   175     4    19     1    30 0.84 -
TRINITY_DN1795_c0_g4_i1:10-501   -            164 9991at3041           -            255   8.1e-09   31.9   1.4   2   4     0.011      0.39    6.7   0.1   144   175    31    61    14    69 0.75 -
TRINITY_DN1795_c0_g4_i1:10-501   -            164 9991at3041           -            255   8.1e-09   31.9   1.4   3   4   5.3e-05    0.0019   14.3   0.0   139   176    68   104    62   118 0.85 -
TRINITY_DN1795_c0_g4_i1:10-501   -            164 9991at3041           -            255   8.1e-09   31.9   1.4   4   4     0.013      0.48    6.4   0.0   148   177   119   147   110   162 0.77 -
TRINITY_DN13972_c0_g1_i3:7-747   -            247 9991at3041           -            255   1.3e-08   31.2   3.8   1   3   1.7e-05   0.00061   15.9   0.0   119   182    15    78     2    91 0.86 -
TRINITY_DN13972_c0_g1_i3:7-747   -            247 9991at3041           -            255   1.3e-08   31.2   3.8   2   3     0.021      0.75    5.8   0.1   120   177   102   157    83   168 0.75 -
TRINITY_DN13972_c0_g1_i3:7-747   -            247 9991at3041           -            255   1.3e-08   31.2   3.8   3   3   0.00098     0.035   10.1   0.7    93   173   155   236   145   240 0.75 -
TRINITY_DN13972_c0_g1_i2:7-921   -            305 9991at3041           -            255   1.6e-08   30.9   4.9   1   3     5e-06   0.00018   17.6   0.1   106   182    56   136    44   149 0.87 -
TRINITY_DN13972_c0_g1_i2:7-921   -            305 9991at3041           -            255   1.6e-08   30.9   4.9   2   3     0.026      0.96    5.4   0.0   119   177   159   215   138   226 0.74 -
TRINITY_DN13972_c0_g1_i2:7-921   -            305 9991at3041           -            255   1.6e-08   30.9   4.9   3   3    0.0014     0.052    9.6   0.7    93   173   213   294   203   298 0.75 -
TRINITY_DN1996_c0_g1_i1:127-693  -            189 9991at3041           -            255   2.1e-08   30.5   0.2   1   2    0.0003     0.011   11.8   0.0   156   177    45    66    27    74 0.82 -
TRINITY_DN1996_c0_g1_i1:127-693  -            189 9991at3041           -            255   2.1e-08   30.5   0.2   2   2   6.6e-06   0.00024   17.2   0.0   105   178    74   155    66   165 0.81 -
TRINITY_DN1795_c0_g1_i2:0-278    -             93 9991at3041           -            255   2.2e-08   30.5   0.8   1   2   3.2e-09   1.2e-07   28.1   0.3   121   177     3    59     1    69 0.86 -
TRINITY_DN1795_c0_g1_i2:0-278    -             93 9991at3041           -            255   2.2e-08   30.5   0.8   2   2      0.37        13    1.7   0.0    63    93    60    90    57    93 0.78 -
TRINITY_DN1996_c0_g1_i2:70-975   -            302 9991at3041           -            255   3.1e-08   30.0   3.7   1   5       3.5   1.3e+02   -1.5   0.0   144   182     4    43     2    58 0.71 -
TRINITY_DN1996_c0_g1_i2:70-975   -            302 9991at3041           -            255   3.1e-08   30.0   3.7   2   5   0.00059     0.021   10.8   0.1   156   178    64    86    50    97 0.82 -
TRINITY_DN1996_c0_g1_i2:70-975   -            302 9991at3041           -            255   3.1e-08   30.0   3.7   3   5   1.7e-05   0.00063   15.9   0.0   105   178    93   174    85   184 0.81 -
TRINITY_DN1996_c0_g1_i2:70-975   -            302 9991at3041           -            255   3.1e-08   30.0   3.7   4   5   0.00064     0.023   10.7   0.1   119   182   157   220   156   254 0.82 -
TRINITY_DN1996_c0_g1_i2:70-975   -            302 9991at3041           -            255   3.1e-08   30.0   3.7   5   5       1.8        65   -0.6   0.0   154   173   283   302   242   302 0.62 -
TRINITY_DN7407_c0_g1_i1:8-544    -            179 9991at3041           -            255   3.1e-08   30.0   1.0   1   2   5.7e-06   0.00021   17.4   0.1   144   191    94   141    53   150 0.86 -
TRINITY_DN7407_c0_g1_i1:8-544    -            179 9991at3041           -            255   3.1e-08   30.0   1.0   2   2   0.00032     0.011   11.7   0.1   156   179   152   175   141   179 0.60 -
TRINITY_DN1795_c0_g2_i1:12-497   -            162 9991at3041           -            255   5.3e-08   29.2   1.4   1   3   0.00083      0.03   10.4   0.1   118   174    17    75     2    80 0.78 -
TRINITY_DN1795_c0_g2_i1:12-497   -            162 9991at3041           -            255   5.3e-08   29.2   1.4   2   3   2.6e-05   0.00094   15.3   0.2   121   175    64   118    34   124 0.83 -
TRINITY_DN1795_c0_g2_i1:12-497   -            162 9991at3041           -            255   5.3e-08   29.2   1.4   3   3     0.017      0.64    6.0   0.0   144   174   130   159   123   162 0.82 -
TRINITY_DN10109_c0_g1_i1:8-529   -            174 9991at3041           -            255   7.5e-08   28.7   1.1   1   2   1.1e-06     4e-05   19.8   0.2   102   177    46   134     6   146 0.67 -
TRINITY_DN10109_c0_g1_i1:8-529   -            174 9991at3041           -            255   7.5e-08   28.7   1.1   2   2    0.0043      0.15    8.0   0.1   144   175   144   174   136   174 0.80 -
TRINITY_DN19397_c0_g1_i1:53-403  -            117 9991at3041           -            255   5.2e-07   26.0   0.4   1   2   7.8e-06   0.00028   17.0   0.1   144   203     1    56     1    61 0.84 -
TRINITY_DN19397_c0_g1_i1:53-403  -            117 9991at3041           -            255   5.2e-07   26.0   0.4   2   2    0.0037      0.14    8.2   0.1   117   174    59   116    56   117 0.83 -
TRINITY_DN4860_c0_g2_i1:5-304    -            100 9991at3041           -            255   6.7e-07   25.6   1.4   1   2   6.7e-05    0.0024   13.9   0.1   120   175     3    58     1    68 0.84 -
TRINITY_DN4860_c0_g2_i1:5-304    -            100 9991at3041           -            255   6.7e-07   25.6   1.4   2   2   0.00069     0.025   10.6   0.1   144   175    70   100    64   100 0.83 -
TRINITY_DN180_c0_g2_i1:60-398    -            113 9991at3041           -            255   8.7e-07   25.2   0.0   1   1   3.6e-08   1.3e-06   24.7   0.0   115   205    14   102     1   113 0.70 -
TRINITY_DN40744_c0_g1_i1:7-510   -            168 9991at3041           -            255   1.7e-06   24.3   2.1   1   2   3.1e-06   0.00011   18.3   0.3   156   225    11    77     3    88 0.75 -
TRINITY_DN40744_c0_g1_i1:7-510   -            168 9991at3041           -            255   1.7e-06   24.3   2.1   2   2     0.032       1.2    5.2   0.4   159   182    98   121    64   164 0.60 -
TRINITY_DN2811_c0_g1_i3:164-409  -             82 9991at3041           -            255   2.2e-06   23.9   0.5   1   1   9.5e-08   3.5e-06   23.3   0.5   144   201     2    56     1    75 0.74 -
TRINITY_DN4860_c1_g1_i1:156-566  -            137 9991at3041           -            255     5e-06   22.7   1.2   1   2     2e-05   0.00075   15.6   0.4   116   174    17    75     2    80 0.78 -
TRINITY_DN4860_c1_g1_i1:156-566  -            137 9991at3041           -            255     5e-06   22.7   1.2   2   2     0.041       1.5    4.8   0.0   148   177    92   120    77   134 0.78 -
TRINITY_DN4860_c1_g1_i2:220-630  -            137 9991at3041           -            255     5e-06   22.7   1.2   1   2     2e-05   0.00075   15.6   0.4   116   174    17    75     2    80 0.78 -
TRINITY_DN4860_c1_g1_i2:220-630  -            137 9991at3041           -            255     5e-06   22.7   1.2   2   2     0.041       1.5    4.8   0.0   148   177    92   120    77   134 0.78 -
TRINITY_DN8181_c0_g1_i1:0-560    -            187 9991at3041           -            255   5.4e-06   22.6   0.1   1   2   6.8e-07   2.5e-05   20.5   0.0   143   179    63    99    53   118 0.81 -
TRINITY_DN8181_c0_g1_i1:0-560    -            187 9991at3041           -            255   5.4e-06   22.6   0.1   2   2      0.69        25    0.8   0.0   143   175   106   137    97   146 0.81 -
TRINITY_DN1067_c0_g1_i1:186-710  -            175 9991at3041           -            255   2.2e-05   20.6   0.7   1   2     0.082         3    3.8   0.0   144   177     3    35     1    55 0.76 -
TRINITY_DN1067_c0_g1_i1:186-710  -            175 9991at3041           -            255   2.2e-05   20.6   0.7   2   2   2.1e-05   0.00076   15.6   0.2   118   207    61   151    52   161 0.71 -
TRINITY_DN9611_c0_g1_i1:10-747   -            246 9991at3041           -            255   6.5e-05   19.1   0.1   1   1   4.5e-06   0.00016   17.8   0.0   143   179    25    61    15    70 0.89 -
TRINITY_DN379_c0_g1_i1:169-375   -             69 9991at3041           -            255    0.0001   18.4   0.1   1   1   3.3e-06   0.00012   18.2   0.1   152   208    12    65     3    68 0.81 -
TRINITY_DN379_c0_g1_i4:169-579   -            137 9991at3041           -            255   0.00013   18.1   0.3   1   2   1.1e-05   0.00039   16.6   0.2   153   209    13    66     3    92 0.79 -
TRINITY_DN379_c0_g1_i4:169-579   -            137 9991at3041           -            255   0.00013   18.1   0.3   2   2       1.2        45   -0.1   0.0   111   134    96   119    68   130 0.59 -
TRINITY_DN12596_c0_g1_i1:1-297   -             99 9991at3041           -            255   0.00018   17.6   0.5   1   2   0.00048     0.017   11.1   0.0   157   175     9    27     1    39 0.81 -
TRINITY_DN12596_c0_g1_i1:1-297   -             99 9991at3041           -            255   0.00018   17.6   0.5   2   2     0.043       1.6    4.7   0.1   156   175    50    69    34    84 0.76 -
TRINITY_DN1551_c0_g1_i3:2-868    -            289 9991at3041           -            255   0.00024   17.2   0.0   1   2    0.0002    0.0073   12.4   0.0   145   185   193   233   175   240 0.81 -
TRINITY_DN1551_c0_g1_i3:2-868    -            289 9991at3041           -            255   0.00024   17.2   0.0   2   2      0.23       8.2    2.4   0.0   161   183   257   279   249   288 0.81 -
TRINITY_DN8566_c0_g1_i1:146-1189 -            348 9991at3041           -            255   0.00028   17.0   0.4   1   2      0.51        19    1.2   0.0   146   184    18    55     5    61 0.69 -
TRINITY_DN8566_c0_g1_i1:146-1189 -            348 9991at3041           -            255   0.00028   17.0   0.4   2   2    0.0001    0.0038   13.3   0.5   119   209   175   267   153   289 0.81 -
TRINITY_DN1551_c0_g1_i1:2-937    -            312 9991at3041           -            255   0.00031   16.9   0.0   1   2   0.00023    0.0082   12.2   0.0   145   185   216   256   198   263 0.81 -
TRINITY_DN1551_c0_g1_i1:2-937    -            312 9991at3041           -            255   0.00031   16.9   0.0   2   2      0.25       9.1    2.2   0.0   161   183   280   302   272   311 0.81 -
TRINITY_DN1551_c0_g1_i2:2-937    -            312 9991at3041           -            255   0.00031   16.9   0.0   1   2   0.00023    0.0082   12.2   0.0   145   185   216   256   198   263 0.81 -
TRINITY_DN1551_c0_g1_i2:2-937    -            312 9991at3041           -            255   0.00031   16.9   0.0   2   2      0.25       9.1    2.2   0.0   161   183   280   302   272   311 0.81 -
TRINITY_DN26199_c0_g1_i1:2-298   -             99 9991at3041           -            255   0.00066   15.8   0.4   1   1   2.6e-05   0.00095   15.3   0.4   109   161    29    79     3    84 0.59 -
TRINITY_DN1814_c0_g1_i1:518-1336 -            273 9991at3041           -            255   0.00071   15.7   1.4   1   3       0.5        18    1.2   0.0   151   178    15    42     3    50 0.80 -
TRINITY_DN1814_c0_g1_i1:518-1336 -            273 9991at3041           -            255   0.00071   15.7   1.4   2   3     0.094       3.4    3.6   0.1   118   174   172   230   149   246 0.58 -
TRINITY_DN1814_c0_g1_i1:518-1336 -            273 9991at3041           -            255   0.00071   15.7   1.4   3   3    0.0053      0.19    7.7   0.1   115   132   256   273   236   273 0.69 -
TRINITY_DN3003_c1_g1_i1:35-337   -            101 9991at3041           -            255     0.001   15.1   0.1   1   1   3.6e-05    0.0013   14.8   0.1   144   180     3    38     1    69 0.82 -
TRINITY_DN643_c0_g1_i4:47-934    -            296 9991at3041           -            255     0.001   15.1   0.7   1   3    0.0032      0.12    8.4   0.0   158   179    36    57    23    69 0.82 -
TRINITY_DN643_c0_g1_i4:47-934    -            296 9991at3041           -            255     0.001   15.1   0.7   2   3     0.062       2.3    4.2   0.1   119   178   133   192   121   233 0.79 -
TRINITY_DN643_c0_g1_i4:47-934    -            296 9991at3041           -            255     0.001   15.1   0.7   3   3       3.9   1.4e+02   -1.7   0.0   135   173   247   284   222   287 0.71 -
TRINITY_DN643_c0_g1_i5:196-1167  -            324 9991at3041           -            255    0.0013   14.9   0.6   1   3    0.0036      0.13    8.3   0.0   158   179    64    85    50    97 0.82 -
TRINITY_DN643_c0_g1_i5:196-1167  -            324 9991at3041           -            255    0.0013   14.9   0.6   2   3     0.071       2.6    4.0   0.1   119   178   161   220   149   263 0.79 -
TRINITY_DN643_c0_g1_i5:196-1167  -            324 9991at3041           -            255    0.0013   14.9   0.6   3   3       4.4   1.6e+02   -1.9   0.0   135   173   275   312   250   315 0.71 -
TRINITY_DN643_c0_g1_i3:196-1089  -            298 9991at3041           -            255    0.0016   14.5   0.4   1   2    0.0032      0.12    8.4   0.0   158   179    64    85    50    97 0.82 -
TRINITY_DN643_c0_g1_i3:196-1089  -            298 9991at3041           -            255    0.0016   14.5   0.4   2   2     0.061       2.2    4.2   0.1   118   178   160   220   148   261 0.79 -
TRINITY_DN2638_c0_g1_i2:58-516   -            153 9991at3041           -            255    0.0017   14.5   0.0   1   2     0.011       0.4    6.7   0.0   158   192    11    45     5    79 0.75 -
TRINITY_DN2638_c0_g1_i2:58-516   -            153 9991at3041           -            255    0.0017   14.5   0.0   2   2       0.2       7.1    2.6   0.0   160   182   112   137   100   152 0.59 -
TRINITY_DN550_c0_g1_i2:9-701     -            231 9991at3041           -            255    0.0025   13.9   0.0   1   1   0.00013    0.0046   13.0   0.0   117   173   120   177   115   192 0.70 -
TRINITY_DN15052_c0_g1_i1:366-872 -            169 9991at3041           -            255    0.0033   13.5   0.0   1   2       5.5     2e+02   -2.2   0.0   158   173    46    61    33    70 0.76 -
TRINITY_DN15052_c0_g1_i1:366-872 -            169 9991at3041           -            255    0.0033   13.5   0.0   2   2   0.00093     0.034   10.2   0.0   158   206    94   141    73   156 0.69 -
TRINITY_DN15052_c0_g1_i2:366-872 -            169 9991at3041           -            255    0.0033   13.5   0.0   1   2       5.5     2e+02   -2.2   0.0   158   173    46    61    33    70 0.76 -
TRINITY_DN15052_c0_g1_i2:366-872 -            169 9991at3041           -            255    0.0033   13.5   0.0   2   2   0.00093     0.034   10.2   0.0   158   206    94   141    73   156 0.69 -
#
# Program:         hmmsearch
# Version:         3.2.1 (June 2018)
# Pipeline mode:   SEARCH
# Query file:      /sw/bioinfo/BUSCO/v5_lineage_sets/lineages/chlorophyta_odb10/hmms/9991at3041.hmm
# Target file:     /crex/proj/snic2022-23-81/expression_algae/code/busco/trinity_VA-3180-Osg12Sin/run_chlorophyta_odb10/metaeuk_output/initial_results/trinity_VA-3180-Osg12Sin.Trinity.fasta.modified.fas
# Option settings: hmmsearch --domtblout /crex/proj/snic2022-23-81/expression_algae/code/busco/trinity_VA-3180-Osg12Sin/run_chlorophyta_odb10/hmmer_output/initial_run_results/9991at3041.out --cpu 1 /sw/bioinfo/BUSCO/v5_lineage_sets/lineages/chlorophyta_odb10/hmms/9991at3041.hmm /crex/proj/snic2022-23-81/expression_algae/code/busco/trinity_VA-3180-Osg12Sin/run_chlorophyta_odb10/metaeuk_output/initial_results/trinity_VA-3180-Osg12Sin.Trinity.fasta.modified.fas 
# Current dir:     /crex/proj/snic2022-23-81/expression_algae/code/busco
# Date:            Fri Sep 23 10:12:06 2022
# [ok]
