#                                                                                          --- full sequence --- -------------- this domain -------------   hmm coord   ali coord   env coord
# target name                      accession   tlen query name           accession   qlen   E-value  score  bias   #  of  c-Evalue  i-Evalue  score  bias  from    to  from    to  from    to  acc description of target
#              ------------------- ---------- ----- -------------------- ---------- ----- --------- ------ ----- --- --- --------- --------- ------ ----- ----- ----- ----- ----- ----- ----- ---- ---------------------
TRINITY_DN60424_c0_g1_i1:1119-1391 -             91 10100at3041          -            213   4.1e-10   37.1   6.1   1   1   1.6e-12   4.3e-10   37.1   6.1   159   205    41    90    22    91 0.89 -
TRINITY_DN55860_c0_g1_i1:8-166     -             53 10100at3041          -            213   1.8e-09   35.1   7.8   1   1   6.4e-12   1.8e-09   35.1   7.8   161   206     5    52     1    53 0.88 -
TRINITY_DN41490_c0_g1_i1:141-224   -             28 10100at3041          -            213   1.9e-06   25.2   5.1   1   1   6.9e-09   1.9e-06   25.2   5.1   179   205     1    27     1    28 0.97 -
TRINITY_DN19024_c0_g1_i1:14-211    -             66 10100at3041          -            213   4.9e-05   20.5   4.9   1   1   2.6e-07   7.3e-05   20.0   4.9   178   205    36    63    30    66 0.91 -
TRINITY_DN19024_c0_g1_i2:14-211    -             66 10100at3041          -            213   4.9e-05   20.5   4.9   1   1   2.6e-07   7.3e-05   20.0   4.9   178   205    36    63    30    66 0.91 -
TRINITY_DN2778_c0_g1_i1:26-151     -             42 10100at3041          -            213   0.00075   16.7   4.4   1   1   2.8e-06   0.00075   16.7   4.4   165   201     3    42     1    42 0.74 -
TRINITY_DN2778_c0_g1_i2:26-151     -             42 10100at3041          -            213   0.00075   16.7   4.4   1   1   2.8e-06   0.00075   16.7   4.4   165   201     3    42     1    42 0.74 -
TRINITY_DN26542_c0_g1_i1:267-458   -             64 10100at3041          -            213     0.003   14.7   2.7   1   2      0.75     2e+02   -1.1   0.1   197   206     5    14     2    17 0.82 -
TRINITY_DN26542_c0_g1_i1:267-458   -             64 10100at3041          -            213     0.003   14.7   2.7   2   2   1.1e-05     0.003   14.7   2.7   178   205    33    62    25    64 0.83 -
TRINITY_DN59976_c0_g1_i1:170-271   -             34 10100at3041          -            213    0.0056   13.8   5.6   1   1     2e-05    0.0056   13.8   5.6   174   201     7    34     2    34 0.93 -
TRINITY_DN29051_c0_g1_i1:613-756   -             48 10100at3041          -            213     0.016   12.3   8.1   1   1   6.2e-05     0.017   12.2   8.1   164   204     1    47     1    48 0.80 -
TRINITY_DN91645_c0_g1_i1:15-140    -             42 10100at3041          -            213     0.058   10.5   4.7   1   1   0.00021     0.058   10.5   4.7   164   201     4    42     1    42 0.84 -
TRINITY_DN91102_c0_g1_i1:391-519   -             43 10100at3041          -            213      0.16    9.1   7.9   1   1   0.00055      0.15    9.1   7.9   164   196     1    34     1    43 0.76 -
#
# Program:         hmmsearch
# Version:         3.2.1 (June 2018)
# Pipeline mode:   SEARCH
# Query file:      /sw/bioinfo/BUSCO/v5_lineage_sets/lineages/chlorophyta_odb10/hmms/10100at3041.hmm
# Target file:     /crex/proj/snic2022-23-81/expression_algae/code/busco/trinity_VA-3180-Osg10Sin/run_chlorophyta_odb10/metaeuk_output/rerun_results/trinity_VA-3180-Osg10Sin.Trinity.fasta.modified.fas
# Option settings: hmmsearch --domtblout /crex/proj/snic2022-23-81/expression_algae/code/busco/trinity_VA-3180-Osg10Sin/run_chlorophyta_odb10/hmmer_output/rerun_results/10100at3041.out --cpu 1 /sw/bioinfo/BUSCO/v5_lineage_sets/lineages/chlorophyta_odb10/hmms/10100at3041.hmm /crex/proj/snic2022-23-81/expression_algae/code/busco/trinity_VA-3180-Osg10Sin/run_chlorophyta_odb10/metaeuk_output/rerun_results/trinity_VA-3180-Osg10Sin.Trinity.fasta.modified.fas 
# Current dir:     /crex/proj/snic2022-23-81/expression_algae/code/busco
# Date:            Fri Sep 23 10:15:27 2022
# [ok]
