#                                                                                        --- full sequence --- -------------- this domain -------------   hmm coord   ali coord   env coord
# target name                    accession   tlen query name           accession   qlen   E-value  score  bias   #  of  c-Evalue  i-Evalue  score  bias  from    to  from    to  from    to  acc description of target
#            ------------------- ---------- ----- -------------------- ---------- ----- --------- ------ ----- --- --- --------- --------- ------ ----- ----- ----- ----- ----- ----- ----- ---- ---------------------
TRINITY_DN364_c0_g1_i4:293-1963  -            557 1116at3041           -            519   2.8e-50  169.0  10.1   1   4   3.9e-07   0.00014   18.1   0.1   171   202    69   100    62   107 0.88 -
TRINITY_DN364_c0_g1_i4:293-1963  -            557 1116at3041           -            519   2.8e-50  169.0  10.1   2   4    0.0021      0.76    5.8   0.1   232   257   107   132   101   147 0.85 -
TRINITY_DN364_c0_g1_i4:293-1963  -            557 1116at3041           -            519   2.8e-50  169.0  10.1   3   4   4.2e-22   1.6e-19   67.5   0.0   290   403   210   335   189   373 0.79 -
TRINITY_DN364_c0_g1_i4:293-1963  -            557 1116at3041           -            519   2.8e-50  169.0  10.1   4   4   3.4e-26   1.2e-23   81.0   1.1   424   512   461   553   443   557 0.91 -
TRINITY_DN689_c1_g3_i1:72-443    -            124 1116at3041           -            519   4.5e-05   19.8   0.1   1   2   2.1e-07   7.8e-05   19.0   0.0   177   203    41    67    19    91 0.79 -
TRINITY_DN689_c1_g3_i1:72-443    -            124 1116at3041           -            519   4.5e-05   19.8   0.1   2   2      0.48   1.7e+02   -2.0   0.0    29    42   107   120    92   123 0.55 -
TRINITY_DN689_c1_g3_i2:72-425    -            118 1116at3041           -            519   6.7e-05   19.2   0.0   1   1   1.9e-07     7e-05   19.2   0.0   177   203    41    67    19    91 0.78 -
TRINITY_DN1684_c0_g1_i1:203-622  -            140 1116at3041           -            519    0.0066   12.6   0.3   1   1   2.8e-05      0.01   12.0   0.2   186   207     2    23     1    56 0.82 -
TRINITY_DN3700_c0_g1_i4:15-404   -            130 1116at3041           -            519    0.0068   12.6   0.0   1   1   1.9e-05    0.0068   12.6   0.0   172   217     5    49     1   122 0.79 -
TRINITY_DN11553_c0_g1_i1:2-346   -            115 1116at3041           -            519     0.013   11.7   0.0   1   1   3.6e-05     0.013   11.6   0.0   185   228    26    73    19    98 0.70 -
TRINITY_DN3700_c0_g1_i2:881-1432 -            184 1116at3041           -            519     0.026   10.7   0.0   1   1   7.1e-05     0.026   10.7   0.0   173   212     2    41     1   118 0.80 -
TRINITY_DN12210_c1_g1_i1:1-372   -            124 1116at3041           -            519     0.033   10.3   0.1   1   1   0.00011      0.04   10.1   0.1   156   197    16    57     4    63 0.71 -
TRINITY_DN4866_c0_g1_i1:63-749   -            229 1116at3041           -            519     0.038   10.1   0.4   1   2   0.00019     0.069    9.3   0.1   185   198    40    53    30    58 0.84 -
TRINITY_DN4866_c0_g1_i1:63-749   -            229 1116at3041           -            519     0.038   10.1   0.4   2   2       1.1     4e+02   -3.1   0.0   221   252   125   158   112   161 0.57 -
#
# Program:         hmmsearch
# Version:         3.2.1 (June 2018)
# Pipeline mode:   SEARCH
# Query file:      /sw/bioinfo/BUSCO/v5_lineage_sets/lineages/chlorophyta_odb10/hmms/1116at3041.hmm
# Target file:     /crex/proj/snic2022-23-81/expression_algae/code/busco/trinity_VA-3180-Osg10Sin/run_chlorophyta_odb10/metaeuk_output/rerun_results/trinity_VA-3180-Osg10Sin.Trinity.fasta.modified.fas
# Option settings: hmmsearch --domtblout /crex/proj/snic2022-23-81/expression_algae/code/busco/trinity_VA-3180-Osg10Sin/run_chlorophyta_odb10/hmmer_output/rerun_results/1116at3041.out --cpu 1 /sw/bioinfo/BUSCO/v5_lineage_sets/lineages/chlorophyta_odb10/hmms/1116at3041.hmm /crex/proj/snic2022-23-81/expression_algae/code/busco/trinity_VA-3180-Osg10Sin/run_chlorophyta_odb10/metaeuk_output/rerun_results/trinity_VA-3180-Osg10Sin.Trinity.fasta.modified.fas 
# Current dir:     /crex/proj/snic2022-23-81/expression_algae/code/busco
# Date:            Fri Sep 23 10:15:30 2022
# [ok]
