#                                                                                         --- full sequence --- -------------- this domain -------------   hmm coord   ali coord   env coord
# target name                     accession   tlen query name           accession   qlen   E-value  score  bias   #  of  c-Evalue  i-Evalue  score  bias  from    to  from    to  from    to  acc description of target
#             ------------------- ---------- ----- -------------------- ---------- ----- --------- ------ ----- --- --- --------- --------- ------ ----- ----- ----- ----- ----- ----- ----- ---- ---------------------
TRINITY_DN4578_c0_g1_i2:7-399     -            131 2671at3041           -            427   2.9e-09   33.5   0.5   1   1     3e-11   1.7e-08   31.0   0.4   338   417    15    98     1   107 0.88 -
TRINITY_DN25864_c0_g1_i1:665-1051 -            129 2671at3041           -            427   2.8e-08   30.3   0.0   1   1   6.2e-11   3.4e-08   30.0   0.0   292   382    32   125    22   129 0.63 -
TRINITY_DN6725_c0_g2_i2:566-874   -            103 2671at3041           -            427   1.9e-07   27.5   0.1   1   1   5.5e-10     3e-07   26.9   0.1   300   383    16   102     7   103 0.89 -
TRINITY_DN9827_c0_g1_i1:298-600   -            101 2671at3041           -            427   8.6e-07   25.4   0.1   1   1   7.6e-09   4.1e-06   23.1   0.1   330   413     5   100     1   101 0.73 -
TRINITY_DN9827_c0_g1_i2:331-633   -            101 2671at3041           -            427   8.6e-07   25.4   0.1   1   1   7.6e-09   4.1e-06   23.1   0.1   330   413     5   100     1   101 0.73 -
TRINITY_DN82361_c0_g1_i1:315-1031 -            239 2671at3041           -            427   1.1e-06   25.0   0.2   1   2    0.0089       4.9    3.1   0.0    87   124    53    90    17    98 0.67 -
TRINITY_DN82361_c0_g1_i1:315-1031 -            239 2671at3041           -            427   1.1e-06   25.0   0.2   2   2   3.4e-08   1.9e-05   21.0   0.1   229   354    94   222    85   234 0.88 -
#
# Program:         hmmsearch
# Version:         3.2.1 (June 2018)
# Pipeline mode:   SEARCH
# Query file:      /sw/bioinfo/BUSCO/v5_lineage_sets/lineages/chlorophyta_odb10/hmms/2671at3041.hmm
# Target file:     /crex/proj/snic2022-23-81/expression_algae/code/busco/trinity_VA-3180-Osg10Sin/run_chlorophyta_odb10/metaeuk_output/rerun_results/trinity_VA-3180-Osg10Sin.Trinity.fasta.modified.fas
# Option settings: hmmsearch --domtblout /crex/proj/snic2022-23-81/expression_algae/code/busco/trinity_VA-3180-Osg10Sin/run_chlorophyta_odb10/hmmer_output/rerun_results/2671at3041.out --cpu 1 /sw/bioinfo/BUSCO/v5_lineage_sets/lineages/chlorophyta_odb10/hmms/2671at3041.hmm /crex/proj/snic2022-23-81/expression_algae/code/busco/trinity_VA-3180-Osg10Sin/run_chlorophyta_odb10/metaeuk_output/rerun_results/trinity_VA-3180-Osg10Sin.Trinity.fasta.modified.fas 
# Current dir:     /crex/proj/snic2022-23-81/expression_algae/code/busco
# Date:            Fri Sep 23 10:15:27 2022
# [ok]
