#                                                                                          --- full sequence --- -------------- this domain -------------   hmm coord   ali coord   env coord
# target name                      accession   tlen query name           accession   qlen   E-value  score  bias   #  of  c-Evalue  i-Evalue  score  bias  from    to  from    to  from    to  acc description of target
#              ------------------- ---------- ----- -------------------- ---------- ----- --------- ------ ----- --- --- --------- --------- ------ ----- ----- ----- ----- ----- ----- ----- ---- ---------------------
TRINITY_DN7888_c0_g1_i3:178-1047   -            290 3208at3041           -            277   1.9e-85  283.7   0.0   1   1   2.4e-86   2.2e-85  283.5   0.0     1   266     3   289     3   290 0.87 -
TRINITY_DN2303_c0_g1_i7:154-1135   -            258 3208at3041           -            277     3e-70  233.9   0.0   1   1   3.8e-71   3.5e-70  233.7   0.0     7   217    37   257    31   258 0.92 -
TRINITY_DN2303_c0_g1_i11:307-1573  -            328 3208at3041           -            277   4.4e-69  230.1   1.0   1   2   1.6e-11   1.4e-10   38.2   0.1    21    67     3    50     1    75 0.77 -
TRINITY_DN2303_c0_g1_i11:307-1573  -            328 3208at3041           -            277   4.4e-69  230.1   1.0   2   2   2.6e-57   2.4e-56  188.3   0.1    84   271   103   283    97   291 0.92 -
TRINITY_DN7276_c0_g2_i3:378-1329   -            289 3208at3041           -            277   1.1e-64  215.7   0.0   1   1   1.3e-65   1.2e-64  215.5   0.0     2   264     3   289     2   289 0.87 -
TRINITY_DN7276_c0_g2_i2:486-1428   -            286 3208at3041           -            277   3.6e-64  214.0   0.0   1   1   4.6e-65   4.2e-64  213.7   0.0     6   264     4   286     1   286 0.86 -
TRINITY_DN7888_c0_g1_i1:96-761     -            222 3208at3041           -            277   2.3e-63  211.3   0.1   1   1   2.9e-64   2.6e-63  211.1   0.1    61   265     1   222     1   222 0.85 -
TRINITY_DN779_c0_g3_i3:414-1277    -            288 3208at3041           -            277   3.1e-62  207.6   0.0   1   1   3.8e-63   3.5e-62  207.4   0.0     7   264     5   288     1   288 0.85 -
TRINITY_DN14927_c0_g1_i2:286-1134  -            283 3208at3041           -            277   3.9e-61  204.0   0.0   1   1   4.8e-62   4.4e-61  203.8   0.0     1   265     2   283     2   283 0.90 -
TRINITY_DN31339_c0_g1_i1:11-394    -            128 3208at3041           -            277   1.1e-60  202.5   0.0   1   1   1.4e-61   1.3e-60  202.3   0.0    40   159     1   128     1   128 0.96 -
TRINITY_DN732_c0_g1_i3:1003-1854   -            284 3208at3041           -            277   3.8e-58  194.2   0.0   1   1   4.9e-59   4.6e-58  194.0   0.0     3   265     1   284     1   284 0.82 -
TRINITY_DN732_c0_g1_i5:474-1325    -            284 3208at3041           -            277   3.8e-58  194.2   0.0   1   1   4.9e-59   4.6e-58  194.0   0.0     3   265     1   284     1   284 0.82 -
TRINITY_DN732_c0_g1_i6:1003-1854   -            284 3208at3041           -            277   3.8e-58  194.2   0.0   1   1   4.9e-59   4.6e-58  194.0   0.0     3   265     1   284     1   284 0.82 -
TRINITY_DN1383_c0_g2_i4:327-1139   -            271 3208at3041           -            277   1.2e-56  189.3   0.0   1   1   1.5e-57   1.4e-56  189.1   0.0     3   249     1   271     1   271 0.85 -
TRINITY_DN1383_c0_g2_i5:508-1320   -            271 3208at3041           -            277   1.2e-56  189.3   0.0   1   1   1.5e-57   1.4e-56  189.1   0.0     3   249     1   271     1   271 0.85 -
TRINITY_DN2303_c0_g1_i1:3-809      -            214 3208at3041           -            277     4e-56  187.6   0.0   1   1   5.9e-57   5.5e-56  187.1   0.0    88   270    14   211     3   213 0.84 -
TRINITY_DN2303_c0_g1_i4:265-979    -            199 3208at3041           -            277   5.7e-56  187.1   0.0   1   1     7e-57   6.5e-56  186.9   0.0     9   189     2   197     1   199 0.87 -
TRINITY_DN779_c0_g3_i2:128-859     -            244 3208at3041           -            277   5.9e-56  187.0   0.0   1   1   7.4e-57   6.8e-56  186.8   0.0    44   264     2   244     1   244 0.85 -
TRINITY_DN15867_c1_g1_i1:1405-2376 -            324 3208at3041           -            277   1.6e-55  185.6   0.0   1   1   2.4e-56   2.2e-55  185.2   0.0     2   267    11   309    10   317 0.82 -
TRINITY_DN14927_c0_g1_i1:240-1004  -            255 3208at3041           -            277   1.1e-54  182.9   0.0   1   1   1.3e-55   1.2e-54  182.7   0.0    26   265     1   254     1   255 0.89 -
TRINITY_DN2285_c0_g1_i3:610-1521   -            304 3208at3041           -            277   7.4e-52  173.6   0.0   1   1   9.6e-53   8.8e-52  173.3   0.0     2   267     2   290     1   299 0.83 -
TRINITY_DN9828_c0_g1_i1:2-778      -            259 3208at3041           -            277   1.1e-46  156.6   0.0   1   1   1.3e-47   1.2e-46  156.5   0.0    10   230     1   234     1   259 0.84 -
TRINITY_DN9828_c0_g1_i2:2-778      -            259 3208at3041           -            277   1.1e-46  156.6   0.0   1   1   1.3e-47   1.2e-46  156.5   0.0    10   230     1   234     1   259 0.84 -
TRINITY_DN2896_c0_g2_i2:223-1155   -            311 3208at3041           -            277     4e-46  154.8   0.3   1   1   2.4e-46   2.2e-45  152.4   0.3     2   269     2   296     1   309 0.76 -
TRINITY_DN732_c0_g1_i2:110-760     -            217 3208at3041           -            277   1.2e-45  153.2   0.0   1   1   1.6e-46   1.5e-45  152.9   0.0     9   209     1   216     1   217 0.83 -
TRINITY_DN732_c0_g1_i4:110-760     -            217 3208at3041           -            277   1.2e-45  153.2   0.0   1   1   1.6e-46   1.5e-45  152.9   0.0     9   209     1   216     1   217 0.83 -
TRINITY_DN3842_c1_g1_i2:274-924    -            217 3208at3041           -            277   4.3e-45  151.4   0.0   1   1   5.2e-46   4.8e-45  151.2   0.0     2   193     8   215     7   217 0.84 -
TRINITY_DN2896_c0_g1_i1:307-1173   -            289 3208at3041           -            277   4.6e-44  148.0   0.3   1   1   5.5e-44   5.1e-43  144.6   0.3     6   265     4   288     1   289 0.78 -
TRINITY_DN2896_c0_g1_i8:324-1184   -            287 3208at3041           -            277   1.8e-42  142.8   0.7   1   1   2.2e-42     2e-41  139.4   0.7     2   265     1   287     1   287 0.81 -
TRINITY_DN2896_c0_g1_i5:318-1181   -            288 3208at3041           -            277   3.3e-42  142.0   0.4   1   1   4.2e-42   3.9e-41  138.4   0.4     1   264     2   288     2   288 0.84 -
TRINITY_DN2896_c0_g1_i7:296-1036   -            247 3208at3041           -            277   5.7e-42  141.1   0.8   1   1   7.6e-42   7.1e-41  137.6   0.8    44   265     1   246     1   247 0.82 -
TRINITY_DN779_c0_g2_i1:205-774     -            190 3208at3041           -            277   1.4e-41  139.9   0.0   1   1   1.7e-42   1.5e-41  139.7   0.0     6   177     4   190     1   190 0.86 -
TRINITY_DN15867_c1_g1_i4:1405-2082 -            226 3208at3041           -            277   1.7e-41  139.6   0.0   1   1   2.4e-42   2.2e-41  139.2   0.0    79   267     1   211     1   220 0.81 -
TRINITY_DN1383_c0_g2_i3:121-663    -            181 3208at3041           -            277   2.4e-38  129.3   0.0   1   1     3e-39   2.8e-38  129.0   0.0    94   249    12   181     7   181 0.84 -
TRINITY_DN20000_c0_g1_i3:2-457     -            152 3208at3041           -            277   5.7e-37  124.8   0.1   1   1   6.8e-38   6.3e-37  124.6   0.1   130   266     2   151     1   152 0.85 -
TRINITY_DN3872_c0_g3_i2:1280-2056  -            259 3208at3041           -            277   1.6e-33  113.5   0.1   1   2   4.7e-31   4.3e-30  102.2   0.0     3   211     2   222     1   232 0.78 -
TRINITY_DN3872_c0_g3_i2:1280-2056  -            259 3208at3041           -            277   1.6e-33  113.5   0.1   2   2    0.0059     0.054   10.0   0.0   235   264   230   259   227   259 0.91 -
TRINITY_DN3872_c0_g3_i3:1280-2056  -            259 3208at3041           -            277   1.6e-33  113.5   0.1   1   2   4.7e-31   4.3e-30  102.2   0.0     3   211     2   222     1   232 0.78 -
TRINITY_DN3872_c0_g3_i3:1280-2056  -            259 3208at3041           -            277   1.6e-33  113.5   0.1   2   2    0.0059     0.054   10.0   0.0   235   264   230   259   227   259 0.91 -
TRINITY_DN779_c0_g1_i1:580-1155    -            192 3208at3041           -            277   8.8e-33  111.0   0.0   1   1   1.1e-33     1e-32  110.8   0.0     1   159    15   192    15   192 0.84 -
TRINITY_DN779_c0_g1_i2:402-977     -            192 3208at3041           -            277   8.8e-33  111.0   0.0   1   1   1.1e-33     1e-32  110.8   0.0     1   159    15   192    15   192 0.84 -
TRINITY_DN7176_c0_g1_i1:463-1332   -            290 3208at3041           -            277   2.4e-32  109.6   0.1   1   2   7.2e-29   6.6e-28   95.0   0.0     1   216    28   258    28   261 0.83 -
TRINITY_DN7176_c0_g1_i1:463-1332   -            290 3208at3041           -            277   2.4e-32  109.6   0.1   2   2   0.00028    0.0026   14.4   0.1   235   266   258   289   247   290 0.89 -
TRINITY_DN22523_c0_g1_i1:78-872    -            265 3208at3041           -            277   3.3e-32  109.1   0.1   1   2   7.3e-30   6.7e-29   98.3   0.0     3   215     3   229     1   234 0.78 -
TRINITY_DN22523_c0_g1_i1:78-872    -            265 3208at3041           -            277   3.3e-32  109.1   0.1   2   2    0.0075     0.069    9.7   0.0   236   267   231   262   229   265 0.89 -
TRINITY_DN3872_c0_g2_i1:719-1528   -            270 3208at3041           -            277   3.7e-32  109.0   0.1   1   2   2.7e-28   2.5e-27   93.2   0.0     3   202    13   227    11   242 0.76 -
TRINITY_DN3872_c0_g2_i1:719-1528   -            270 3208at3041           -            277   3.7e-32  109.0   0.1   2   2   0.00022     0.002   14.7   0.0   234   264   240   270   226   270 0.91 -
TRINITY_DN19027_c0_g1_i2:21-647    -            209 3208at3041           -            277   6.8e-32  108.1   0.1   1   1   3.4e-32   3.1e-31  105.9   0.1    22   180    37   209     1   209 0.73 -
TRINITY_DN6969_c1_g1_i1:113-853    -            247 3208at3041           -            277   1.8e-31  106.7   0.0   1   2   1.3e-21   1.2e-20   71.2   0.0     3   126     3   136     1   140 0.88 -
TRINITY_DN6969_c1_g1_i1:113-853    -            247 3208at3041           -            277   1.8e-31  106.7   0.0   2   2   3.6e-10   3.3e-09   33.7   0.0   128   200   170   243   166   247 0.85 -
TRINITY_DN20000_c0_g1_i4:2-370     -            123 3208at3041           -            277   2.7e-31  106.1   0.0   1   1   3.3e-32     3e-31  106.0   0.0   154   266     1   122     1   123 0.87 -
TRINITY_DN3620_c0_g1_i3:556-1392   -            279 3208at3041           -            277   3.1e-31  106.0   0.1   1   2     6e-27   5.6e-26   88.7   0.0     3   187    14   218    12   247 0.80 -
TRINITY_DN3620_c0_g1_i3:556-1392   -            279 3208at3041           -            277   3.1e-31  106.0   0.1   2   2   0.00011     0.001   15.7   0.0   235   264   248   277   238   279 0.90 -
TRINITY_DN1851_c1_g3_i1:151-759    -            203 3208at3041           -            277   4.8e-31  105.3   0.0   1   1   6.1e-32   5.7e-31  105.1   0.0     2   162    22   203    21   203 0.82 -
TRINITY_DN83778_c0_g1_i1:108-872   -            255 3208at3041           -            277   5.8e-30  101.8   0.0   1   2   2.2e-29     2e-28   96.7   0.0     2   198     3   211     2   222 0.87 -
TRINITY_DN83778_c0_g1_i1:108-872   -            255 3208at3041           -            277   5.8e-30  101.8   0.0   2   2      0.66       6.1    3.3   0.0   233   264   224   255   216   255 0.88 -
TRINITY_DN88739_c0_g1_i1:17-544    -            176 3208at3041           -            277   7.8e-30  101.3   0.0   1   1   3.7e-30   3.5e-29   99.2   0.0     3   144     1   173     1   175 0.76 -
TRINITY_DN3872_c0_g3_i1:1280-2251  -            324 3208at3041           -            277   1.4e-29  100.5   0.9   1   2   1.7e-22   1.6e-21   74.1   0.0     2   141     2   155     1   166 0.80 -
TRINITY_DN3872_c0_g3_i1:1280-2251  -            324 3208at3041           -            277   1.4e-29  100.5   0.9   2   2   3.5e-05   0.00033   17.3   0.1   146   263   226   323   212   324 0.73 -
TRINITY_DN5705_c0_g1_i6:193-1059   -            289 3208at3041           -            277     2e-29  100.0   0.0   1   2   5.2e-26   4.8e-25   85.7   0.0     2   183     3   193     2   205 0.86 -
TRINITY_DN5705_c0_g1_i6:193-1059   -            289 3208at3041           -            277     2e-29  100.0   0.0   2   2     0.001    0.0094   12.5   0.0   231   276   225   270   203   271 0.79 -
TRINITY_DN3842_c1_g1_i3:469-843    -            125 3208at3041           -            277   3.1e-29   99.4   0.0   1   1   3.4e-30   3.1e-29   99.4   0.0    88   189    20   125     1   125 0.85 -
TRINITY_DN15867_c1_g1_i2:1405-1950 -            182 3208at3041           -            277   4.4e-29   98.9   0.0   1   1   6.2e-30   5.7e-29   98.5   0.0   121   267     1   167     1   176 0.78 -
TRINITY_DN3841_c0_g1_i1:11-415     -            135 3208at3041           -            277   4.9e-29   98.7   0.0   1   1   6.3e-30   5.8e-29   98.5   0.0   153   267     1   124     1   132 0.83 -
TRINITY_DN3872_c0_g1_i1:624-1493   -            290 3208at3041           -            277   1.2e-28   97.5   0.1   1   2     4e-27   3.7e-26   89.3   0.0     2   199    32   244    31   262 0.75 -
TRINITY_DN3872_c0_g1_i1:624-1493   -            290 3208at3041           -            277   1.2e-28   97.5   0.1   2   2     0.049      0.45    7.0   0.1   235   264   261   290   246   290 0.86 -
TRINITY_DN3872_c0_g1_i2:624-1493   -            290 3208at3041           -            277   1.2e-28   97.5   0.1   1   2     4e-27   3.7e-26   89.3   0.0     2   199    32   244    31   262 0.75 -
TRINITY_DN3872_c0_g1_i2:624-1493   -            290 3208at3041           -            277   1.2e-28   97.5   0.1   2   2     0.049      0.45    7.0   0.1   235   264   261   290   246   290 0.86 -
TRINITY_DN3620_c0_g1_i2:1008-1652  -            215 3208at3041           -            277   1.8e-28   96.9   0.1   1   2   5.8e-24   5.3e-23   78.9   0.0    45   187     1   153     1   180 0.85 -
TRINITY_DN3620_c0_g1_i2:1008-1652  -            215 3208at3041           -            277   1.8e-28   96.9   0.1   2   2   6.6e-05   0.00061   16.4   0.0   235   265   183   213   174   215 0.90 -
TRINITY_DN386_c0_g1_i1:1-666       -            222 3208at3041           -            277   2.8e-28   96.3   0.0   1   1   3.4e-29   3.2e-28   96.1   0.0     1   194    10   218    10   222 0.79 -
TRINITY_DN6355_c0_g1_i9:224-1132   -            303 3208at3041           -            277   2.8e-28   96.2   0.0   1   1   8.9e-27   8.2e-26   88.2   0.0     2   268     2   268     1   275 0.80 -
TRINITY_DN2067_c1_g1_i1:607-1137   -            177 3208at3041           -            277     3e-28   96.1   0.0   1   1   4.5e-29   4.2e-28   95.7   0.0   108   265     2   177     1   177 0.79 -
TRINITY_DN3842_c2_g2_i1:275-709    -            145 3208at3041           -            277   6.7e-28   95.0   0.2   1   1   8.1e-29   7.5e-28   94.9   0.2     1   135     3   145     3   145 0.91 -
TRINITY_DN33264_c0_g1_i1:4-606     -            201 3208at3041           -            277   2.9e-27   92.9   0.1   1   1   3.4e-28   3.2e-27   92.8   0.1    49   198     2   160     1   194 0.89 -
TRINITY_DN10606_c0_g1_i6:164-1024  -            287 3208at3041           -            277   8.3e-27   91.4   0.0   1   2   1.6e-25   1.5e-24   84.0   0.0     7   189    16   209    11   215 0.83 -
TRINITY_DN10606_c0_g1_i6:164-1024  -            287 3208at3041           -            277   8.3e-27   91.4   0.0   2   2      0.15       1.3    5.5   0.0   235   267   235   273   220   283 0.75 -
TRINITY_DN3899_c0_g1_i1:209-1051   -            281 3208at3041           -            277   1.2e-26   90.9   0.0   1   1   4.9e-25   4.5e-24   82.5   0.0     1   264     6   280     6   281 0.71 -
TRINITY_DN3842_c1_g1_i4:277-906    -            210 3208at3041           -            277   7.3e-26   88.3   0.0   1   1   8.9e-27   8.3e-26   88.1   0.0     2   183     7   208     6   210 0.80 -
TRINITY_DN3864_c0_g1_i1:24-740     -            239 3208at3041           -            277   9.9e-26   87.9   0.0   1   1   1.3e-26   1.2e-25   87.7   0.0     1   199     1   213     1   236 0.81 -
TRINITY_DN2237_c0_g1_i1:36-788     -            251 3208at3041           -            277   1.2e-25   87.6   0.0   1   1   1.5e-26   1.4e-25   87.4   0.0     7   195     5   208     1   235 0.81 -
TRINITY_DN13608_c0_g1_i2:29-658    -            210 3208at3041           -            277   2.1e-25   86.8   0.1   1   1   2.6e-26   2.4e-25   86.6   0.1    54   207    32   193     1   202 0.78 -
TRINITY_DN33264_c0_g1_i2:179-673   -            165 3208at3041           -            277   2.1e-25   86.8   0.1   1   1   2.7e-26   2.5e-25   86.6   0.1    49   191     2   153     1   164 0.87 -
TRINITY_DN3872_c0_g3_i8:1268-1867  -            200 3208at3041           -            277   2.3e-25   86.7   0.0   1   2   4.5e-22   4.2e-21   72.7   0.0    63   211     5   159     1   169 0.79 -
TRINITY_DN3872_c0_g3_i8:1268-1867  -            200 3208at3041           -            277   2.3e-25   86.7   0.0   2   2   0.00066    0.0061   13.1   0.0   235   266   167   198   156   200 0.89 -
TRINITY_DN779_c0_g1_i4:375-965     -            197 3208at3041           -            277   3.3e-25   86.2   3.2   1   2   1.1e-24   1.1e-23   81.2   0.3     1   134    24   170    24   177 0.87 -
TRINITY_DN779_c0_g1_i4:375-965     -            197 3208at3041           -            277   3.3e-25   86.2   3.2   2   2     0.097      0.89    6.0   0.2    43    59   181   197   173   197 0.87 -
TRINITY_DN6355_c0_g1_i3:242-1106   -            261 3208at3041           -            277   4.7e-25   85.7   0.0   1   2   2.1e-21     2e-20   70.5   0.0     9   184     3   191     1   215 0.82 -
TRINITY_DN6355_c0_g1_i3:242-1106   -            261 3208at3041           -            277   4.7e-25   85.7   0.0   2   2   0.00043     0.004   13.7   0.0   231   265   225   259   199   261 0.84 -
TRINITY_DN5705_c0_g1_i1:193-1017   -            275 3208at3041           -            277     6e-25   85.3   0.0   1   2   1.9e-21   1.7e-20   70.7   0.0    33   183    21   179     2   190 0.86 -
TRINITY_DN5705_c0_g1_i1:193-1017   -            275 3208at3041           -            277     6e-25   85.3   0.0   2   2   0.00087     0.008   12.7   0.0   231   276   211   256   185   257 0.79 -
TRINITY_DN3538_c0_g1_i2:492-1316   -            275 3208at3041           -            277   9.3e-25   84.7   0.1   1   2     2e-24   1.8e-23   80.5   0.1    38   192    46   223     6   237 0.76 -
TRINITY_DN3538_c0_g1_i2:492-1316   -            275 3208at3041           -            277   9.3e-25   84.7   0.1   2   2       3.7        34    0.8   0.0   232   265   239   274   233   275 0.82 -
TRINITY_DN7073_c0_g1_i2:21-722     -            234 3208at3041           -            277   9.4e-25   84.7   0.0   1   1   1.2e-25   1.1e-24   84.5   0.0     1   186    28   230    28   234 0.83 -
TRINITY_DN7619_c0_g1_i1:10-489     -            160 3208at3041           -            277   1.2e-24   84.4   0.1   1   1   1.4e-25   1.3e-24   84.2   0.1    56   189    20   160     3   160 0.87 -
TRINITY_DN390_c0_g2_i1:330-1127    -            266 3208at3041           -            277   1.7e-24   83.8   0.3   1   1   4.8e-25   4.4e-24   82.5   0.2     3   189     8   207     6   225 0.80 -
TRINITY_DN7184_c0_g1_i1:74-910     -            279 3208at3041           -            277   1.9e-24   83.7   0.1   1   1   6.9e-25   6.4e-24   82.0   0.1     9   203    19   239    11   247 0.78 -
TRINITY_DN7184_c0_g1_i4:74-910     -            279 3208at3041           -            277   1.9e-24   83.7   0.1   1   1   6.9e-25   6.4e-24   82.0   0.1     9   203    19   239    11   247 0.78 -
TRINITY_DN22764_c0_g1_i2:9-626     -            206 3208at3041           -            277   2.8e-24   83.2   0.0   1   1   3.6e-25   3.4e-24   82.9   0.0    44   192     3   160     1   172 0.85 -
TRINITY_DN29747_c0_g1_i1:229-876   -            216 3208at3041           -            277   4.2e-24   82.5   0.0   1   2   3.9e-21   3.6e-20   69.6   0.0    46   190     2   157     1   171 0.79 -
TRINITY_DN29747_c0_g1_i1:229-876   -            216 3208at3041           -            277   4.2e-24   82.5   0.0   2   2    0.0029     0.027   11.0   0.0   233   265   180   212   173   215 0.92 -
TRINITY_DN4790_c0_g1_i1:46-678     -            211 3208at3041           -            277   4.8e-24   82.4   0.0   1   1   6.6e-25   6.1e-24   82.0   0.0    24   167    42   198     3   206 0.81 -
TRINITY_DN10606_c0_g1_i8:164-913   -            250 3208at3041           -            277   5.7e-24   82.1   0.0   1   2   1.3e-22   1.2e-21   74.4   0.0    43   189    20   172     5   178 0.84 -
TRINITY_DN10606_c0_g1_i8:164-913   -            250 3208at3041           -            277   5.7e-24   82.1   0.0   2   2      0.12       1.1    5.8   0.0   235   267   198   236   183   246 0.75 -
TRINITY_DN1992_c0_g1_i1:1-477      -            159 3208at3041           -            277   9.4e-24   81.4   0.0   1   2   5.1e-20   4.7e-19   66.0   0.0   103   195     1    95     1   105 0.86 -
TRINITY_DN1992_c0_g1_i1:1-477      -            159 3208at3041           -            277   9.4e-24   81.4   0.0   2   2   0.00044    0.0041   13.7   0.0   237   271   115   149   106   154 0.88 -
TRINITY_DN22900_c0_g1_i2:5-892     -            296 3208at3041           -            277   1.1e-23   81.2   0.2   1   2   1.7e-21   1.6e-20   70.8   0.0     8   140    11   153     4   161 0.82 -
TRINITY_DN22900_c0_g1_i2:5-892     -            296 3208at3041           -            277   1.1e-23   81.2   0.2   2   2     0.016      0.15    8.6   0.0   149   176   270   296   259   296 0.85 -
TRINITY_DN17206_c0_g1_i1:18-566    -            183 3208at3041           -            277   1.3e-23   81.0   0.0   1   1   2.1e-24   1.9e-23   80.4   0.0   108   267     3   182     1   183 0.75 -
TRINITY_DN3912_c0_g1_i8:43-648     -            202 3208at3041           -            277   1.4e-23   80.8   0.1   1   1   1.7e-24   1.6e-23   80.6   0.1     8   186    12   198     6   202 0.82 -
TRINITY_DN3899_c0_g1_i2:301-978    -            226 3208at3041           -            277   3.1e-23   79.7   0.0   1   1   1.4e-21   1.3e-20   71.1   0.0    45   264     7   225     3   226 0.72 -
TRINITY_DN48142_c0_g1_i1:606-1622  -            339 3208at3041           -            277   3.4e-23   79.6   0.2   1   1   2.6e-23   2.4e-22   76.8   0.2    10   271    15   291     6   296 0.75 -
TRINITY_DN6355_c0_g2_i1:288-1139   -            284 3208at3041           -            277   1.3e-22   77.7   0.0   1   2   1.3e-12   1.2e-11   41.7   0.0     9   126     1   129     1   135 0.76 -
TRINITY_DN6355_c0_g2_i1:288-1139   -            284 3208at3041           -            277   1.3e-22   77.7   0.0   2   2   4.2e-09   3.9e-08   30.2   0.0   129   267   152   281   148   284 0.82 -
TRINITY_DN6355_c0_g1_i1:212-763    -            184 3208at3041           -            277   2.5e-22   76.7   0.0   1   1     3e-23   2.8e-22   76.6   0.0     2   170     6   184     5   184 0.87 -
TRINITY_DN71598_c0_g1_i1:103-747   -            215 3208at3041           -            277   7.5e-22   75.2   0.1   1   1   9.7e-23     9e-22   74.9   0.1     3   182    12   204    10   211 0.77 -
TRINITY_DN13608_c0_g1_i1:80-451    -            124 3208at3041           -            277   8.2e-22   75.0   0.0   1   1   9.1e-23   8.4e-22   75.0   0.0    88   202     4   119     1   124 0.86 -
TRINITY_DN3869_c1_g3_i1:3-542      -            180 3208at3041           -            277   1.3e-21   74.4   0.0   1   1   1.5e-22   1.4e-21   74.3   0.0     7   157    17   179    11   180 0.79 -
TRINITY_DN8593_c0_g7_i1:2221-3078  -            286 3208at3041           -            277   1.7e-21   74.0   0.1   1   1   6.5e-22     6e-21   72.2   0.1     2   195     5   224     4   235 0.77 -
TRINITY_DN12867_c0_g1_i6:1372-2196 -            275 3208at3041           -            277   1.9e-21   73.9   0.0   1   2   1.2e-20   1.1e-19   68.1   0.0     7   188    12   207     5   223 0.79 -
TRINITY_DN12867_c0_g1_i6:1372-2196 -            275 3208at3041           -            277   1.9e-21   73.9   0.0   2   2      0.42       3.9    3.9   0.0   237   269   237   269   225   274 0.81 -
TRINITY_DN10337_c0_g1_i4:180-1127  -            316 3208at3041           -            277   1.9e-21   73.8   0.2   1   1   5.1e-22   4.7e-21   72.5   0.2     9   189    74   279    66   301 0.76 -
TRINITY_DN10337_c0_g1_i2:180-1178  -            333 3208at3041           -            277   1.9e-21   73.8   0.3   1   1   6.8e-22   6.3e-21   72.1   0.2     9   189    74   279    66   292 0.76 -
TRINITY_DN25175_c0_g1_i1:24-557    -            178 3208at3041           -            277   2.1e-21   73.7   0.0   1   2   9.5e-22   8.8e-21   71.7   0.0    87   190    24   130     2   149 0.77 -
TRINITY_DN25175_c0_g1_i1:24-557    -            178 3208at3041           -            277   2.1e-21   73.7   0.0   2   2       7.8        72   -0.2   0.0   240   253   161   174   145   176 0.74 -
TRINITY_DN4790_c0_g1_i2:88-489     -            134 3208at3041           -            277   2.5e-21   73.5   0.1   1   1     3e-22   2.8e-21   73.3   0.1    45   162     1   131     1   134 0.81 -
TRINITY_DN1097_c0_g1_i2:1849-2715  -            289 3208at3041           -            277   3.6e-21   72.9   0.0   1   1   4.9e-21   4.5e-20   69.3   0.0     1   265     5   286     5   288 0.80 -
TRINITY_DN12867_c0_g1_i3:1085-1876 -            264 3208at3041           -            277   3.7e-21   72.9   0.0   1   2   2.4e-20   2.3e-19   67.0   0.0     8   188     2   196     1   212 0.79 -
TRINITY_DN12867_c0_g1_i3:1085-1876 -            264 3208at3041           -            277   3.7e-21   72.9   0.0   2   2      0.41       3.8    4.0   0.0   237   269   226   258   216   263 0.81 -
TRINITY_DN12867_c0_g1_i4:1372-2163 -            264 3208at3041           -            277   3.7e-21   72.9   0.0   1   2   2.4e-20   2.3e-19   67.0   0.0     8   188     2   196     1   212 0.79 -
TRINITY_DN12867_c0_g1_i4:1372-2163 -            264 3208at3041           -            277   3.7e-21   72.9   0.0   2   2      0.41       3.8    4.0   0.0   237   269   226   258   216   263 0.81 -
TRINITY_DN70452_c0_g1_i1:35-811    -            259 3208at3041           -            277   5.8e-21   72.2   0.0   1   2      0.66       6.1    3.3   0.0     7    32    11    37     6    43 0.83 -
TRINITY_DN70452_c0_g1_i1:35-811    -            259 3208at3041           -            277   5.8e-21   72.2   0.0   2   2   2.7e-20   2.5e-19   66.9   0.0    45   195    70   232    65   244 0.82 -
TRINITY_DN8593_c0_g2_i1:1538-2383  -            282 3208at3041           -            277   7.2e-21   71.9   0.5   1   1   3.6e-21   3.3e-20   69.8   0.4     2   187     7   217     6   225 0.76 -
TRINITY_DN10606_c0_g1_i7:164-754   -            197 3208at3041           -            277   1.1e-20   71.4   0.0   1   2   3.5e-19   3.3e-18   63.2   0.0    95   189    25   119    14   125 0.90 -
TRINITY_DN10606_c0_g1_i7:164-754   -            197 3208at3041           -            277   1.1e-20   71.4   0.0   2   2     0.079      0.73    6.3   0.0   235   267   145   183   130   193 0.75 -
TRINITY_DN1992_c0_g2_i1:28-600     -            191 3208at3041           -            277   1.5e-20   70.9   0.0   1   2   5.3e-16   4.9e-15   52.8   0.0    87   189     2   125     1   133 0.75 -
TRINITY_DN1992_c0_g2_i1:28-600     -            191 3208at3041           -            277   1.5e-20   70.9   0.0   2   2    0.0009    0.0083   12.7   0.0   233   266   156   189   141   191 0.92 -
TRINITY_DN22523_c0_g1_i2:87-659    -            191 3208at3041           -            277   1.9e-20   70.6   0.0   1   2   4.2e-18   3.9e-17   59.7   0.0    89   215    28   158     3   160 0.80 -
TRINITY_DN22523_c0_g1_i2:87-659    -            191 3208at3041           -            277   1.9e-20   70.6   0.0   2   2    0.0075      0.07    9.7   0.0   236   266   160   190   157   191 0.91 -
TRINITY_DN1516_c0_g1_i2:162-1011   -            281 3208at3041           -            277   1.9e-20   70.5   0.0   1   1   2.5e-21   2.3e-20   70.3   0.0     7   205     5   215     1   225 0.77 -
TRINITY_DN8438_c0_g1_i1:635-1738   -            368 3208at3041           -            277   2.5e-20   70.2   0.0   1   1   8.7e-20     8e-19   65.2   0.0     6   273     4   297     1   301 0.72 -
TRINITY_DN7184_c0_g1_i3:58-573     -            172 3208at3041           -            277   3.1e-20   69.9   0.2   1   1     4e-21   3.7e-20   69.6   0.2     8   138    18   159    11   166 0.82 -
TRINITY_DN6355_c0_g5_i1:215-763    -            183 3208at3041           -            277   3.5e-20   69.7   0.0   1   1   4.3e-21   3.9e-20   69.5   0.0     9   176     3   183     1   183 0.83 -
TRINITY_DN386_c0_g2_i2:20-613      -            198 3208at3041           -            277   8.9e-20   68.4   0.0   1   1   1.1e-20     1e-19   68.1   0.0    85   201    33   152    10   194 0.79 -
TRINITY_DN94032_c0_g1_i1:19-678    -            220 3208at3041           -            277   1.1e-19   68.1   0.0   1   1   1.3e-20   1.2e-19   67.9   0.0     3   195     9   218     7   220 0.80 -
TRINITY_DN2197_c2_g1_i1:242-1105   -            288 3208at3041           -            277   1.2e-19   67.9   0.0   1   2     0.026      0.24    7.9   0.0     9    77     1    72     1    95 0.83 -
TRINITY_DN2197_c2_g1_i1:242-1105   -            288 3208at3041           -            277   1.2e-19   67.9   0.0   2   2     3e-16   2.8e-15   53.6   0.0    93   190   119   218   108   283 0.85 -
TRINITY_DN8593_c0_g3_i4:11-724     -            238 3208at3041           -            277   1.4e-19   67.7   0.0   1   1   4.3e-20     4e-19   66.2   0.0    15   192     8   210     3   219 0.77 -
TRINITY_DN2030_c0_g1_i4:1016-1882  -            289 3208at3041           -            277   1.6e-19   67.5   0.3   1   1   1.3e-19   1.2e-18   64.7   0.3     2   184     5   212     4   219 0.78 -
TRINITY_DN845_c0_g1_i1:2-703       -            234 3208at3041           -            277   1.9e-19   67.3   0.3   1   1   3.4e-20   3.1e-19   66.6   0.0     8   160    37   204    31   212 0.82 -
TRINITY_DN845_c0_g1_i2:2-703       -            234 3208at3041           -            277   1.9e-19   67.3   0.3   1   1   3.4e-20   3.1e-19   66.6   0.0     8   160    37   204    31   212 0.82 -
TRINITY_DN5705_c0_g1_i5:202-636    -            145 3208at3041           -            277   3.2e-19   66.5   0.0   1   1   3.8e-20   3.5e-19   66.4   0.0     6   138     4   144     1   145 0.85 -
TRINITY_DN18467_c0_g4_i1:13-405    -            131 3208at3041           -            277   3.5e-19   66.4   0.0   1   1   4.3e-20     4e-19   66.2   0.0    87   195    10   122     1   129 0.84 -
TRINITY_DN3538_c0_g1_i3:6-659      -            218 3208at3041           -            277   5.2e-19   65.8   0.0   1   1   6.6e-20   6.1e-19   65.6   0.0    38   139    54   162    13   185 0.79 -
TRINITY_DN7073_c0_g1_i1:127-642    -            172 3208at3041           -            277   5.4e-19   65.8   0.0   1   1   6.8e-20   6.3e-19   65.6   0.0     1   138     8   161     8   170 0.84 -
TRINITY_DN2086_c0_g2_i3:62-577     -            172 3208at3041           -            277   8.2e-19   65.2   0.0   1   1   1.1e-19     1e-18   64.9   0.0     2   138    11   158    10   166 0.83 -
TRINITY_DN347_c0_g1_i1:1283-2218   -            312 3208at3041           -            277   1.6e-18   64.2   0.0   1   3   3.9e-16   3.6e-15   53.2   0.0    22   140    27   150    13   157 0.79 -
TRINITY_DN347_c0_g1_i1:1283-2218   -            312 3208at3041           -            277   1.6e-18   64.2   0.0   2   3       3.3        31    1.0   0.0   165   181   222   238   200   247 0.69 -
TRINITY_DN347_c0_g1_i1:1283-2218   -            312 3208at3041           -            277   1.6e-18   64.2   0.0   3   3     0.086      0.79    6.2   0.0   235   267   273   305   260   312 0.86 -
TRINITY_DN386_c0_g2_i1:23-475      -            151 3208at3041           -            277   1.7e-18   64.1   0.0   1   1   2.1e-19   1.9e-18   64.0   0.0   101   201     3   106     1   149 0.79 -
TRINITY_DN1097_c0_g1_i7:83-844     -            254 3208at3041           -            277     2e-18   63.9   0.0   1   1   1.4e-18   1.3e-17   61.3   0.0     1   189    25   241    25   250 0.78 -
TRINITY_DN6355_c0_g1_i8:212-667    -            152 3208at3041           -            277   2.1e-18   63.8   0.0   1   1   2.6e-19   2.4e-18   63.7   0.0     2   140     6   152     5   152 0.87 -
TRINITY_DN15956_c0_g2_i3:131-976   -            282 3208at3041           -            277   3.1e-18   63.3   0.0   1   3     0.032       0.3    7.6   0.0     6    77     1    75     1    93 0.85 -
TRINITY_DN15956_c0_g2_i3:131-976   -            282 3208at3041           -            277   3.1e-18   63.3   0.0   2   3   8.2e-16   7.6e-15   52.2   0.0    94   188   122   218   111   235 0.87 -
TRINITY_DN15956_c0_g2_i3:131-976   -            282 3208at3041           -            277   3.1e-18   63.3   0.0   3   3       8.4        77   -0.3   0.0   237   259   249   271   238   282 0.75 -
TRINITY_DN7047_c0_g1_i1:83-478     -            132 3208at3041           -            277   3.9e-18   63.0   0.0   1   1   6.1e-19   5.7e-18   62.4   0.0   148   266     6   131     3   132 0.78 -
TRINITY_DN13838_c0_g1_i2:433-1206  -            258 3208at3041           -            277   4.6e-18   62.7   0.1   1   2   1.7e-13   1.6e-12   44.6   0.0    19   167    11   173     1   184 0.72 -
TRINITY_DN13838_c0_g1_i2:433-1206  -            258 3208at3041           -            277   4.6e-18   62.7   0.1   2   2   7.7e-05   0.00071   16.2   0.0   164   192   190   218   184   230 0.87 -
TRINITY_DN3024_c0_g1_i6:254-1033   -            260 3208at3041           -            277     5e-18   62.6   0.2   1   1   2.1e-18     2e-17   60.7   0.2     3   224     1   240     1   258 0.69 -
TRINITY_DN8593_c0_g7_i2:201-734    -            178 3208at3041           -            277   5.9e-18   62.4   0.1   1   1   8.1e-19   7.4e-18   62.1   0.1     2   138    18   165    17   170 0.83 -
TRINITY_DN845_c0_g2_i1:1-645       -            215 3208at3041           -            277   7.5e-18   62.0   0.1   1   1   2.4e-18   2.2e-17   60.5   0.1     6   165    16   187    11   214 0.72 -
TRINITY_DN845_c0_g2_i2:1-645       -            215 3208at3041           -            277   7.5e-18   62.0   0.1   1   1   2.4e-18   2.2e-17   60.5   0.1     6   165    16   187    11   214 0.72 -
TRINITY_DN18467_c0_g2_i1:168-1016  -            283 3208at3041           -            277   8.7e-18   61.8   0.0   1   1   1.3e-18   1.2e-17   61.4   0.0     5   201     3   233     1   254 0.76 -
TRINITY_DN4973_c0_g1_i1:17-538     -            174 3208at3041           -            277   9.9e-18   61.7   0.1   1   1   3.5e-18   3.2e-17   60.0   0.1   106   270     2   169     1   172 0.82 -
TRINITY_DN9442_c0_g2_i2:10-477     -            156 3208at3041           -            277   1.3e-17   61.3   0.0   1   1   1.4e-18   1.3e-17   61.2   0.0    89   183    37   132    17   155 0.88 -
TRINITY_DN64387_c0_g1_i1:3-467     -            155 3208at3041           -            277   1.4e-17   61.2   0.0   1   1   1.5e-18   1.4e-17   61.2   0.0    91   198    43   152     1   155 0.75 -
TRINITY_DN2086_c0_g2_i1:207-881    -            225 3208at3041           -            277   1.5e-17   61.1   0.1   1   1   6.7e-18   6.2e-17   59.0   0.1    54   191     6   165     1   171 0.72 -
TRINITY_DN3912_c0_g1_i10:125-601   -            159 3208at3041           -            277   1.5e-17   61.1   0.1   1   1     2e-18   1.8e-17   60.8   0.1     8   138    12   149     6   155 0.83 -
TRINITY_DN3912_c0_g1_i5:125-601    -            159 3208at3041           -            277   1.5e-17   61.1   0.1   1   1     2e-18   1.8e-17   60.8   0.1     8   138    12   149     6   155 0.83 -
TRINITY_DN3912_c0_g1_i6:125-601    -            159 3208at3041           -            277   1.5e-17   61.1   0.1   1   1     2e-18   1.8e-17   60.8   0.1     8   138    12   149     6   155 0.83 -
TRINITY_DN92940_c0_g1_i1:44-496    -            151 3208at3041           -            277   1.5e-17   61.1   0.3   1   1   6.8e-18   6.3e-17   59.0   0.3     2   124    11   151    10   151 0.75 -
TRINITY_DN8593_c0_g2_i3:100-618    -            173 3208at3041           -            277   1.8e-17   60.8   0.1   1   1   2.3e-18   2.2e-17   60.5   0.1     2   138    12   159    11   167 0.84 -
TRINITY_DN8593_c0_g3_i1:11-598     -            196 3208at3041           -            277   2.9e-17   60.1   0.1   1   1   9.6e-18   8.8e-17   58.5   0.1    46   192     1   168     1   177 0.78 -
TRINITY_DN89878_c0_g1_i1:76-408    -            111 3208at3041           -            277   3.3e-17   59.9   0.0   1   1     4e-18   3.7e-17   59.8   0.0    43   140     4   110     1   111 0.86 -
TRINITY_DN592_c1_g1_i1:260-1111    -            284 3208at3041           -            277   3.6e-17   59.8   0.0   1   2      0.15       1.4    5.4   0.0     7    33    25    52    20    61 0.82 -
TRINITY_DN592_c1_g1_i1:260-1111    -            284 3208at3041           -            277   3.6e-17   59.8   0.0   2   2   6.7e-16   6.2e-15   52.5   0.0    45   200    82   248    71   256 0.83 -
TRINITY_DN8593_c0_g6_i1:30-470     -            147 3208at3041           -            277     4e-17   59.7   0.1   1   1   4.8e-18   4.4e-17   59.5   0.1    38   140    18   127     2   147 0.80 -
TRINITY_DN3024_c0_g1_i1:314-1099   -            262 3208at3041           -            277   1.1e-16   58.2   0.0   1   1   2.1e-17     2e-16   57.4   0.0     7   224     8   242     1   260 0.71 -
TRINITY_DN2030_c0_g1_i3:70-1051    -            262 3208at3041           -            277   1.3e-16   57.9   1.2   1   1     7e-17   6.5e-16   55.7   0.6    43   184    24   185     1   193 0.75 -
TRINITY_DN2285_c0_g1_i2:45-422     -            126 3208at3041           -            277   1.4e-16   57.9   0.0   1   1   1.7e-17   1.6e-16   57.7   0.0   156   267     1   120     1   126 0.85 -
TRINITY_DN3024_c0_g1_i8:254-982    -            243 3208at3041           -            277   2.1e-16   57.3   0.6   1   1   2.2e-16   2.1e-15   54.0   0.6     3   224     1   223     1   240 0.73 -
TRINITY_DN390_c0_g2_i3:345-948     -            170 3208at3041           -            277   2.5e-16   57.0   0.8   1   1   3.1e-17   2.9e-16   56.9   0.8     3   140     3   145     1   159 0.82 -
TRINITY_DN3869_c1_g2_i7:6-617      -            204 3208at3041           -            277   2.6e-16   57.0   0.0   1   1     3e-17   2.8e-16   56.9   0.0     2   143    13   175    12   204 0.75 -
TRINITY_DN10225_c0_g1_i3:310-1149  -            280 3208at3041           -            277   2.8e-16   56.9   0.0   1   1   8.6e-16   7.9e-15   52.1   0.0     2   265     6   280     5   280 0.81 -
TRINITY_DN9461_c0_g1_i1:0-365      -            122 3208at3041           -            277   5.2e-16   56.0   0.0   1   1   6.9e-17   6.4e-16   55.7   0.0   101   189     1    97     1   117 0.79 -
TRINITY_DN58320_c0_g1_i1:44-403    -            120 3208at3041           -            277   6.5e-16   55.7   0.0   1   1   8.5e-17   7.9e-16   55.4   0.0    83   182    10   113     6   118 0.85 -
TRINITY_DN4788_c0_g1_i1:131-1015   -            295 3208at3041           -            277   1.7e-15   54.3   0.0   1   1   2.7e-15   2.5e-14   50.5   0.0     9   190    31   243    25   262 0.74 -
TRINITY_DN10393_c0_g1_i5:2-412     -            137 3208at3041           -            277   1.7e-15   54.3   0.0   1   1   2.1e-16   1.9e-15   54.1   0.0     8   128     3   136     1   137 0.79 -
TRINITY_DN4325_c0_g1_i1:39-416     -            126 3208at3041           -            277   2.7e-15   53.7   0.0   1   1     3e-16   2.8e-15   53.6   0.0    45   142     3   108     1   126 0.80 -
TRINITY_DN7619_c0_g2_i2:264-980    -            239 3208at3041           -            277   2.7e-15   53.7   0.1   1   2     9e-05   0.00083   16.0   0.0    10    67     1    59     1    63 0.87 -
TRINITY_DN7619_c0_g2_i2:264-980    -            239 3208at3041           -            277   2.7e-15   53.7   0.1   2   2   7.2e-11   6.7e-10   36.0   0.0    92   183   129   233    90   239 0.75 -
TRINITY_DN7619_c0_g2_i3:1972-2688  -            239 3208at3041           -            277   2.7e-15   53.7   0.1   1   2     9e-05   0.00083   16.0   0.0    10    67     1    59     1    63 0.87 -
TRINITY_DN7619_c0_g2_i3:1972-2688  -            239 3208at3041           -            277   2.7e-15   53.7   0.1   2   2   7.2e-11   6.7e-10   36.0   0.0    92   183   129   233    90   239 0.75 -
TRINITY_DN1097_c0_g1_i3:1846-2514  -            223 3208at3041           -            277     3e-15   53.5   0.1   1   1   4.8e-15   4.4e-14   49.7   0.1    56   266     1   220     1   223 0.82 -
TRINITY_DN13838_c0_g1_i1:143-688   -            182 3208at3041           -            277   3.5e-15   53.3   0.1   1   2   2.1e-10   1.9e-09   34.4   0.0   107   167    36    97    24   109 0.77 -
TRINITY_DN13838_c0_g1_i1:143-688   -            182 3208at3041           -            277   3.5e-15   53.3   0.1   2   2   4.5e-05   0.00042   16.9   0.0   164   192   114   142   108   154 0.87 -
TRINITY_DN3057_c0_g4_i1:11-337     -            109 3208at3041           -            277   3.6e-15   53.2   0.0   1   1   4.5e-16   4.2e-15   53.0   0.0   108   200     1    99     1   104 0.89 -
TRINITY_DN1296_c0_g1_i1:1314-2288  -            325 3208at3041           -            277     4e-15   53.1   0.0   1   2   0.00075    0.0069   13.0   0.0     8    66     7    67     3    78 0.81 -
TRINITY_DN1296_c0_g1_i1:1314-2288  -            325 3208at3041           -            277     4e-15   53.1   0.0   2   2   1.8e-11   1.6e-10   38.0   0.0   102   195   173   277   150   291 0.76 -
TRINITY_DN1296_c0_g1_i3:1898-2872  -            325 3208at3041           -            277     4e-15   53.1   0.0   1   2   0.00075    0.0069   13.0   0.0     8    66     7    67     3    78 0.81 -
TRINITY_DN1296_c0_g1_i3:1898-2872  -            325 3208at3041           -            277     4e-15   53.1   0.0   2   2   1.8e-11   1.6e-10   38.0   0.0   102   195   173   277   150   291 0.76 -
TRINITY_DN1296_c0_g1_i4:1974-2948  -            325 3208at3041           -            277     4e-15   53.1   0.0   1   2   0.00075    0.0069   13.0   0.0     8    66     7    67     3    78 0.81 -
TRINITY_DN1296_c0_g1_i4:1974-2948  -            325 3208at3041           -            277     4e-15   53.1   0.0   2   2   1.8e-11   1.6e-10   38.0   0.0   102   195   173   277   150   291 0.76 -
TRINITY_DN22523_c1_g1_i1:13-381    -            123 3208at3041           -            277   7.9e-15   52.1   0.0   1   1   9.7e-16   8.9e-15   52.0   0.0    41   137    17   122     2   123 0.79 -
TRINITY_DN4788_c0_g1_i6:131-1015   -            295 3208at3041           -            277   1.3e-14   51.4   0.0   1   1   1.9e-14   1.8e-13   47.7   0.0     9   182    31   235    26   251 0.76 -
TRINITY_DN1085_c0_g1_i2:207-1151   -            315 3208at3041           -            277   1.5e-14   51.2   0.0   1   2     0.013      0.12    8.9   0.0     9    61     1    53     1    62 0.83 -
TRINITY_DN1085_c0_g1_i2:207-1151   -            315 3208at3041           -            277   1.5e-14   51.2   0.0   2   2   3.4e-12   3.1e-11   40.3   0.0    98   200   164   272   151   281 0.78 -
TRINITY_DN38861_c0_g1_i1:4-582     -            193 3208at3041           -            277   1.7e-14   51.0   0.0   1   1   2.6e-15   2.4e-14   50.5   0.0    11   181     1   192     1   193 0.69 -
TRINITY_DN3912_c0_g1_i1:34-372     -            113 3208at3041           -            277   1.8e-14   50.9   0.0   1   1   2.1e-15     2e-14   50.8   0.0    98   186    17   106     4   113 0.81 -
TRINITY_DN9885_c0_g5_i1:1-711      -            237 3208at3041           -            277   1.9e-14   50.9   0.0   1   2      0.12       1.1    5.7   0.1     4    32    13    42    11    52 0.85 -
TRINITY_DN9885_c0_g5_i1:1-711      -            237 3208at3041           -            277   1.9e-14   50.9   0.0   2   2   4.5e-13   4.1e-12   43.2   0.0    37   143    86   202    81   235 0.80 -
TRINITY_DN3869_c1_g1_i1:86-436     -            117 3208at3041           -            277   2.7e-14   50.4   0.1   1   1   1.2e-14   1.1e-13   48.4   0.1   101   184     3   100     1   107 0.80 -
TRINITY_DN5731_c0_g1_i4:86-951     -            214 3208at3041           -            277     3e-14   50.2   0.0   1   1   6.1e-15   5.6e-14   49.3   0.0     8   183     6   211     2   214 0.80 -
TRINITY_DN22523_c1_g2_i1:45-413    -            123 3208at3041           -            277   3.4e-14   50.1   0.0   1   1   3.8e-15   3.5e-14   50.0   0.0    45   142     1   105     1   123 0.79 -
TRINITY_DN8593_c0_g5_i1:305-1057   -            251 3208at3041           -            277   3.7e-14   49.9   0.1   1   1   2.2e-14     2e-13   47.5   0.1    44   189    21   188    11   221 0.77 -
TRINITY_DN3635_c0_g1_i1:212-619    -            136 3208at3041           -            277   4.3e-14   49.7   0.0   1   1   5.8e-15   5.4e-14   49.4   0.0     3   116    13   136    12   136 0.79 -
TRINITY_DN12867_c2_g1_i1:4-510     -            169 3208at3041           -            277   5.5e-14   49.4   0.4   1   1   2.5e-13   2.3e-12   44.0   0.4   100   189     4   107     1   169 0.81 -
TRINITY_DN3869_c1_g1_i2:86-436     -            117 3208at3041           -            277   7.2e-14   49.0   0.0   1   1   3.2e-14     3e-13   46.9   0.0   101   184     3   100     1   107 0.80 -
TRINITY_DN347_c0_g1_i2:1310-2330   -            250 3208at3041           -            277   8.1e-14   48.8   0.1   1   3   7.1e-12   6.5e-11   39.3   0.0    46   140     5    97     2   104 0.79 -
TRINITY_DN347_c0_g1_i2:1310-2330   -            250 3208at3041           -            277   8.1e-14   48.8   0.1   2   3       2.4        22    1.5   0.0   165   181   169   185   146   195 0.70 -
TRINITY_DN347_c0_g1_i2:1310-2330   -            250 3208at3041           -            277   8.1e-14   48.8   0.1   3   3      0.29       2.7    4.5   0.0   235   264   220   249   206   250 0.89 -
TRINITY_DN68725_c0_g1_i1:4-369     -            122 3208at3041           -            277   1.6e-13   47.9   0.5   1   2   2.6e-13   2.4e-12   44.0   0.0   116   200     1    89     1   101 0.86 -
TRINITY_DN68725_c0_g1_i1:4-369     -            122 3208at3041           -            277   1.6e-13   47.9   0.5   2   2      0.99       9.1    2.7   0.1   237   254   105   122    94   122 0.84 -
TRINITY_DN39288_c0_g2_i1:216-587   -            124 3208at3041           -            277   2.2e-13   47.4   0.0   1   2   1.7e-09   1.6e-08   31.4   0.0   130   200     1    77     1    93 0.73 -
TRINITY_DN39288_c0_g2_i1:216-587   -            124 3208at3041           -            277   2.2e-13   47.4   0.0   2   2   0.00022     0.002   14.7   0.0   235   265    93   123    87   124 0.91 -
TRINITY_DN2962_c0_g1_i1:252-656    -            135 3208at3041           -            277   2.3e-13   47.4   0.0   1   1   2.5e-14   2.3e-13   47.3   0.0   112   193     1    85     1   128 0.82 -
TRINITY_DN783_c0_g2_i1:1346-1876   -            177 3208at3041           -            277   2.3e-13   47.3   0.1   1   1   3.3e-14     3e-13   46.9   0.1     4   142     7   157     5   169 0.81 -
TRINITY_DN893_c0_g1_i2:267-1147    -            231 3208at3041           -            277   2.7e-13   47.1   0.0   1   1   4.2e-14   3.9e-13   46.6   0.0     3   168     1   173     1   178 0.80 -
TRINITY_DN1533_c0_g2_i2:44-763     -            240 3208at3041           -            277     3e-13   47.0   0.0   1   1     8e-14   7.4e-13   45.7   0.0    48   178    96   238    89   240 0.80 -
TRINITY_DN12880_c0_g2_i1:13-393    -            127 3208at3041           -            277   3.4e-13   46.8   0.0   1   1   4.1e-14   3.8e-13   46.6   0.0    46   160     2   125     1   127 0.83 -
TRINITY_DN79228_c0_g1_i1:3-326     -            108 3208at3041           -            277   4.4e-13   46.4   0.0   1   1   5.7e-14   5.3e-13   46.1   0.0    99   174    30   108    23   108 0.83 -
TRINITY_DN1603_c0_g2_i4:414-1231   -            194 3208at3041           -            277   5.1e-13   46.2   0.0   1   1   7.2e-14   6.6e-13   45.8   0.0     9   179     1   192     1   194 0.73 -
TRINITY_DN592_c3_g1_i1:5-598       -            198 3208at3041           -            277   5.7e-13   46.0   0.0   1   1   7.2e-14   6.6e-13   45.8   0.0    37   184     2   163     1   183 0.76 -
TRINITY_DN18474_c0_g1_i2:2-433     -            144 3208at3041           -            277   6.1e-13   45.9   0.0   1   1   7.4e-14   6.9e-13   45.8   0.0     9   136     7   144     1   144 0.84 -
TRINITY_DN33005_c0_g1_i1:142-579   -            146 3208at3041           -            277   7.5e-13   45.6   0.2   1   2   1.2e-11   1.1e-10   38.5   0.0   113   200     1   104     1   116 0.73 -
TRINITY_DN33005_c0_g1_i1:142-579   -            146 3208at3041           -            277   7.5e-13   45.6   0.2   2   2      0.82       7.6    3.0   0.1   235   264   116   145   105   146 0.84 -
TRINITY_DN2197_c0_g1_i2:1-399      -            133 3208at3041           -            277   1.2e-12   45.0   0.1   1   2   3.4e-10   3.2e-09   33.8   0.0   117   200     1    88     1    96 0.80 -
TRINITY_DN2197_c0_g1_i2:1-399      -            133 3208at3041           -            277   1.2e-12   45.0   0.1   2   2    0.0078     0.072    9.6   0.0   237   264   104   132    98   133 0.87 -
TRINITY_DN21311_c1_g1_i1:35-361    -            109 3208at3041           -            277   1.3e-12   44.9   0.0   1   1   1.2e-12   1.1e-11   41.8   0.0   100   187     5   107     2   109 0.75 -
TRINITY_DN1603_c0_g2_i3:231-1184   -            318 3208at3041           -            277   1.4e-12   44.7   0.1   1   2   0.00055     0.005   13.4   0.0     7    60    24    82    18    90 0.82 -
TRINITY_DN1603_c0_g2_i3:231-1184   -            318 3208at3041           -            277   1.4e-12   44.7   0.1   2   2   7.7e-09   7.1e-08   29.3   0.0   102   182   169   258   146   265 0.79 -
TRINITY_DN3869_c1_g2_i5:0-500      -            167 3208at3041           -            277   1.5e-12   44.7   0.0   1   1   1.8e-13   1.6e-12   44.5   0.0    43   172    21   166     1   167 0.76 -
TRINITY_DN1296_c1_g2_i1:176-733    -            186 3208at3041           -            277   1.5e-12   44.7   0.0   1   2   3.5e-11   3.2e-10   37.0   0.0   100   158     1    62     1    70 0.86 -
TRINITY_DN1296_c1_g2_i1:176-733    -            186 3208at3041           -            277   1.5e-12   44.7   0.0   2   2      0.11       1.1    5.8   0.0   241   264   162   185   130   186 0.76 -
TRINITY_DN2030_c0_g1_i1:50-616     -            189 3208at3041           -            277   1.7e-12   44.5   0.4   1   1   1.3e-12   1.2e-11   41.7   0.4    97   184    11   112     2   189 0.83 -
TRINITY_DN22764_c0_g1_i1:6-392     -            129 3208at3041           -            277     2e-12   44.3   0.0   1   1   2.6e-13   2.4e-12   44.0   0.0   115   193     1    83     1    95 0.80 -
TRINITY_DN9885_c0_g5_i5:1-657      -            219 3208at3041           -            277   2.6e-12   43.9   0.0   1   1   3.6e-13   3.3e-12   43.5   0.0    37   143    68   184    63   217 0.80 -
TRINITY_DN2197_c1_g1_i1:190-609    -            140 3208at3041           -            277   2.6e-12   43.9   0.0   1   2   1.8e-11   1.7e-10   38.0   0.0   119   189     1    73     1    87 0.83 -
TRINITY_DN2197_c1_g1_i1:190-609    -            140 3208at3041           -            277   2.6e-12   43.9   0.0   2   2      0.36       3.3    4.2   0.0   235   267    97   134    92   140 0.78 -
TRINITY_DN5731_c0_g1_i7:86-829     -            248 3208at3041           -            277   3.2e-12   43.6   0.1   1   2   5.7e-05   0.00053   16.6   0.0     8    60     6    59     2    66 0.90 -
TRINITY_DN5731_c0_g1_i7:86-829     -            248 3208at3041           -            277   3.2e-12   43.6   0.1   2   2   1.6e-07   1.4e-06   25.0   0.0   100   179   158   246   146   248 0.79 -
TRINITY_DN4788_c0_g1_i16:131-1018  -            296 3208at3041           -            277   3.8e-12   43.3   0.0   1   2     0.058      0.54    6.8   0.0     7    32     8    34     4    48 0.86 -
TRINITY_DN4788_c0_g1_i16:131-1018  -            296 3208at3041           -            277   3.8e-12   43.3   0.0   2   2   2.2e-09     2e-08   31.1   0.0    45   182    69   236    54   248 0.71 -
TRINITY_DN11290_c0_g1_i1:2-421     -            140 3208at3041           -            277   3.8e-12   43.3   0.0   1   1   4.4e-13     4e-12   43.2   0.0   110   210     8   114     1   134 0.77 -
TRINITY_DN1642_c0_g1_i1:3-449      -            149 3208at3041           -            277   5.8e-12   42.7   0.0   1   2   1.8e-11   1.6e-10   38.0   0.0   108   191     1    98     1   112 0.76 -
TRINITY_DN1642_c0_g1_i1:3-449      -            149 3208at3041           -            277   5.8e-12   42.7   0.0   2   2       4.8        45    0.5   0.0   235   264   120   149   105   149 0.89 -
TRINITY_DN10083_c0_g1_i1:4-468     -            155 3208at3041           -            277   9.8e-12   42.0   0.0   1   1   1.3e-12   1.2e-11   41.7   0.0     9   144     1   148     1   151 0.85 -
TRINITY_DN5049_c0_g7_i1:1-990      -            330 3208at3041           -            277     1e-11   41.9   0.1   1   3      0.93       8.6    2.8   0.0     8    31    15    39    11    45 0.82 -
TRINITY_DN5049_c0_g7_i1:1-990      -            330 3208at3041           -            277     1e-11   41.9   0.1   2   3     0.081      0.75    6.3   0.0    41    78    81   118    68   125 0.87 -
TRINITY_DN5049_c0_g7_i1:1-990      -            330 3208at3041           -            277     1e-11   41.9   0.1   3   3   9.2e-09   8.5e-08   29.1   0.0    99   184   184   276   173   294 0.74 -
TRINITY_DN1383_c0_g3_i1:76-1068    -            290 3208at3041           -            277   1.1e-11   41.8   0.0   1   1   1.2e-11   1.1e-10   38.5   0.0    46   190    69   238    53   251 0.66 -
TRINITY_DN1383_c0_g3_i2:76-1262    -            290 3208at3041           -            277   1.1e-11   41.8   0.0   1   1   1.2e-11   1.1e-10   38.5   0.0    46   190    69   238    53   251 0.66 -
TRINITY_DN26361_c0_g1_i1:43-480    -            146 3208at3041           -            277   1.6e-11   41.3   0.0   1   1   2.1e-12   1.9e-11   41.0   0.0    40   147    17   130     1   146 0.72 -
TRINITY_DN4448_c0_g2_i2:2-520      -            173 3208at3041           -            277   1.6e-11   41.3   0.0   1   1   2.2e-12     2e-11   40.9   0.0    42   188    11   172     4   173 0.72 -
TRINITY_DN6386_c0_g1_i2:8-835      -            276 3208at3041           -            277   1.9e-11   41.0   0.1   1   2   0.00074    0.0069   13.0   0.0     6    61     6    64     1    74 0.82 -
TRINITY_DN6386_c0_g1_i2:8-835      -            276 3208at3041           -            277   1.9e-11   41.0   0.1   2   2   6.9e-08   6.4e-07   26.2   0.0    96   187   136   236   125   243 0.76 -
TRINITY_DN3743_c0_g1_i13:1000-1968 -            323 3208at3041           -            277   2.3e-11   40.8   0.1   1   2     0.018      0.17    8.4   0.0     7    61    13    72     9    79 0.75 -
TRINITY_DN3743_c0_g1_i13:1000-1968 -            323 3208at3041           -            277   2.3e-11   40.8   0.1   2   2   3.9e-09   3.6e-08   30.3   0.0    88   185   151   257   116   275 0.74 -
TRINITY_DN3743_c0_g1_i3:1000-1968  -            323 3208at3041           -            277   2.3e-11   40.8   0.1   1   2     0.018      0.17    8.4   0.0     7    61    13    72     9    79 0.75 -
TRINITY_DN3743_c0_g1_i3:1000-1968  -            323 3208at3041           -            277   2.3e-11   40.8   0.1   2   2   3.9e-09   3.6e-08   30.3   0.0    88   185   151   257   116   275 0.74 -
TRINITY_DN3743_c0_g1_i9:1000-1968  -            323 3208at3041           -            277   2.3e-11   40.8   0.1   1   2     0.018      0.17    8.4   0.0     7    61    13    72     9    79 0.75 -
TRINITY_DN3743_c0_g1_i9:1000-1968  -            323 3208at3041           -            277   2.3e-11   40.8   0.1   2   2   3.9e-09   3.6e-08   30.3   0.0    88   185   151   257   116   275 0.74 -
TRINITY_DN10393_c0_g1_i4:5-373     -            123 3208at3041           -            277   2.5e-11   40.6   0.0   1   1     3e-12   2.7e-11   40.5   0.0    41   128    27   123     3   123 0.82 -
TRINITY_DN10337_c0_g1_i1:91-531    -            147 3208at3041           -            277   3.1e-11   40.3   0.0   1   1   1.6e-11   1.5e-10   38.1   0.0   112   190     1    93     1   147 0.80 -
TRINITY_DN893_c0_g1_i5:547-1137    -            197 3208at3041           -            277   3.5e-11   40.2   0.0   1   1     5e-12   4.7e-11   39.8   0.0    79   168    43   133    32   138 0.85 -
TRINITY_DN14924_c0_g2_i1:2-478     -            159 3208at3041           -            277   4.2e-11   39.9   0.0   1   1     5e-12   4.6e-11   39.8   0.0   128   266    13   157     1   159 0.78 -
TRINITY_DN5049_c1_g1_i1:11-421     -            137 3208at3041           -            277   4.2e-11   39.9   0.1   1   1   5.1e-12   4.7e-11   39.7   0.1     3   124     5   137     3   137 0.77 -
TRINITY_DN1296_c0_g1_i2:292-756    -            155 3208at3041           -            277   4.5e-11   39.8   0.0   1   1   5.6e-12   5.2e-11   39.6   0.0   103   196     5   109     1   129 0.78 -
TRINITY_DN3869_c1_g2_i3:39-431     -            131 3208at3041           -            277   5.8e-11   39.4   0.0   1   1   7.3e-12   6.7e-11   39.2   0.0    46   128     1    88     1   121 0.79 -
TRINITY_DN18866_c0_g2_i1:6-635     -            210 3208at3041           -            277   6.5e-11   39.3   0.0   1   1   9.8e-12   9.1e-11   38.8   0.0    46   184     7   155     3   175 0.74 -
TRINITY_DN3743_c0_g1_i18:1000-1968 -            323 3208at3041           -            277   7.2e-11   39.1   0.1   1   2     0.018      0.17    8.4   0.0     7    61    13    72     9    79 0.75 -
TRINITY_DN3743_c0_g1_i18:1000-1968 -            323 3208at3041           -            277   7.2e-11   39.1   0.1   2   2   1.2e-08   1.1e-07   28.7   0.0    88   185   151   257   116   275 0.73 -
TRINITY_DN6355_c0_g4_i2:4-453      -            150 3208at3041           -            277   7.6e-11   39.1   0.1   1   1   7.3e-10   6.7e-09   32.7   0.1   112   264     1   150     1   150 0.78 -
TRINITY_DN3743_c0_g1_i17:1000-1968 -            323 3208at3041           -            277     1e-10   38.6   0.1   1   2     0.082      0.76    6.3   0.0     7    61    13    72     9    79 0.75 -
TRINITY_DN3743_c0_g1_i17:1000-1968 -            323 3208at3041           -            277     1e-10   38.6   0.1   2   2   3.9e-09   3.6e-08   30.3   0.0    88   185   151   257   116   275 0.74 -
TRINITY_DN3379_c0_g1_i6:17-448     -            144 3208at3041           -            277   1.3e-10   38.3   0.2   1   1   1.6e-11   1.4e-10   38.2   0.2    12   138     1   141     1   144 0.75 -
TRINITY_DN1296_c2_g2_i1:1-354      -            118 3208at3041           -            277   1.6e-10   38.0   0.0   1   1   1.8e-11   1.6e-10   38.0   0.0    98   140    55    96     1   118 0.79 -
TRINITY_DN21537_c0_g1_i1:126-995   -            290 3208at3041           -            277   1.7e-10   37.9   0.0   1   2     0.086      0.79    6.2   0.0     9    60     7    63     3    70 0.82 -
TRINITY_DN21537_c0_g1_i1:126-995   -            290 3208at3041           -            277   1.7e-10   37.9   0.0   2   2   5.7e-09   5.3e-08   29.7   0.0    95   189   163   266   140   281 0.82 -
TRINITY_DN9653_c0_g1_i2:309-851    -            181 3208at3041           -            277   1.8e-10   37.8   0.0   1   1   2.5e-11   2.3e-10   37.5   0.0    85   165    39   120    24   128 0.79 -
TRINITY_DN9653_c0_g1_i3:422-964    -            181 3208at3041           -            277   1.8e-10   37.8   0.0   1   1   2.5e-11   2.3e-10   37.5   0.0    85   165    39   120    24   128 0.79 -
TRINITY_DN3379_c0_g1_i2:32-628     -            199 3208at3041           -            277   1.9e-10   37.8   0.2   1   1   2.4e-11   2.2e-10   37.6   0.2     3   136    52   199    50   199 0.76 -
TRINITY_DN3057_c0_g5_i1:75-410     -            112 3208at3041           -            277   2.1e-10   37.6   0.0   1   1   2.2e-11   2.1e-10   37.6   0.0   101   182    16   105     3   112 0.75 -
TRINITY_DN12880_c0_g1_i1:183-593   -            137 3208at3041           -            277   2.3e-10   37.5   0.0   1   1   2.8e-11   2.6e-10   37.3   0.0   107   184    32   114    18   134 0.76 -
TRINITY_DN60452_c0_g1_i1:231-740   -            170 3208at3041           -            277   2.4e-10   37.4   0.1   1   1   3.2e-11     3e-10   37.1   0.1     1   146     3   158     3   163 0.78 -
TRINITY_DN32964_c0_g1_i1:81-512    -            144 3208at3041           -            277   2.8e-10   37.2   0.0   1   1   3.2e-11     3e-10   37.1   0.0   111   194     8   100     1   128 0.73 -
TRINITY_DN3743_c0_g1_i15:1000-1968 -            323 3208at3041           -            277   3.2e-10   37.0   0.1   1   2     0.082      0.76    6.3   0.0     7    61    13    72     9    79 0.75 -
TRINITY_DN3743_c0_g1_i15:1000-1968 -            323 3208at3041           -            277   3.2e-10   37.0   0.1   2   2   1.2e-08   1.1e-07   28.7   0.0    88   185   151   257   116   275 0.73 -
TRINITY_DN12880_c0_g1_i2:1-528     -            176 3208at3041           -            277   3.4e-10   36.9   0.0   1   1   4.7e-11   4.3e-10   36.6   0.0   107   184    41   123    27   150 0.75 -
TRINITY_DN9621_c0_g1_i1:126-953    -            276 3208at3041           -            277   3.7e-10   36.8   0.0   1   1   1.3e-10   1.2e-09   35.2   0.0     7   201     8   230     3   264 0.72 -
TRINITY_DN14004_c0_g1_i1:6-620     -            205 3208at3041           -            277   4.3e-10   36.6   0.0   1   1   5.9e-11   5.5e-10   36.3   0.0    55   202     1   164     1   175 0.72 -
TRINITY_DN82519_c0_g1_i1:87-566    -            160 3208at3041           -            277   5.3e-10   36.3   0.0   1   1   7.1e-11   6.5e-10   36.0   0.0   105   186     2    89     1   103 0.81 -
TRINITY_DN91223_c0_g1_i1:69-461    -            131 3208at3041           -            277   5.8e-10   36.2   0.1   1   1   4.2e-10   3.9e-09   33.5   0.1    97   183    20   125    11   128 0.71 -
TRINITY_DN59608_c0_g1_i1:8-568     -            187 3208at3041           -            277     7e-10   35.9   0.1   1   2   1.1e-05   9.9e-05   19.0   0.0   130   183     1    56     1    91 0.76 -
TRINITY_DN59608_c0_g1_i1:8-568     -            187 3208at3041           -            277     7e-10   35.9   0.1   2   2   0.00015    0.0013   15.3   0.0   239   267    92   120    85   125 0.88 -
TRINITY_DN1085_c0_g1_i1:100-543    -            148 3208at3041           -            277   7.1e-10   35.9   0.0   1   1     1e-10   9.2e-10   35.5   0.0    98   178    62   147    48   148 0.77 -
TRINITY_DN2208_c0_g2_i1:24-668     -            215 3208at3041           -            277   7.2e-10   35.8   0.1   1   1   1.1e-10     1e-09   35.4   0.1    97   191    66   168    56   182 0.77 -
TRINITY_DN9621_c0_g2_i2:437-1351   -            305 3208at3041           -            277     1e-09   35.4   0.2   1   2       0.9       8.3    2.8   0.1     8    38     4    35     2    82 0.77 -
TRINITY_DN9621_c0_g2_i2:437-1351   -            305 3208at3041           -            277     1e-09   35.4   0.2   2   2   4.1e-09   3.8e-08   30.2   0.0    97   197   150   260   142   272 0.71 -
TRINITY_DN1443_c0_g2_i10:3-530     -            176 3208at3041           -            277     1e-09   35.3   0.0   1   1   3.6e-10   3.3e-09   33.7   0.0    10   158     1   172     1   175 0.65 -
TRINITY_DN1443_c0_g2_i11:3-530     -            176 3208at3041           -            277     1e-09   35.3   0.0   1   1   3.6e-10   3.3e-09   33.7   0.0    10   158     1   172     1   175 0.65 -
TRINITY_DN1443_c0_g2_i13:3-530     -            176 3208at3041           -            277     1e-09   35.3   0.0   1   1   3.6e-10   3.3e-09   33.7   0.0    10   158     1   172     1   175 0.65 -
TRINITY_DN1443_c0_g2_i4:3-530      -            176 3208at3041           -            277     1e-09   35.3   0.0   1   1   3.6e-10   3.3e-09   33.7   0.0    10   158     1   172     1   175 0.65 -
TRINITY_DN2735_c0_g1_i3:8-565      -            186 3208at3041           -            277   1.2e-09   35.1   0.0   1   2   3.3e-08   3.1e-07   27.2   0.0    91   198    16   134     4   148 0.76 -
TRINITY_DN2735_c0_g1_i3:8-565      -            186 3208at3041           -            277   1.2e-09   35.1   0.0   2   2     0.088      0.81    6.2   0.0   235   265   155   185   141   186 0.86 -
TRINITY_DN1296_c2_g1_i1:16-447     -            144 3208at3041           -            277   2.1e-09   34.3   0.0   1   1   3.2e-10     3e-09   33.8   0.0   112   192     1    90     1    99 0.76 -
TRINITY_DN27762_c0_g3_i1:156-665   -            170 3208at3041           -            277   2.3e-09   34.2   0.0   1   1   2.7e-10   2.5e-09   34.1   0.0   102   198     9   116     4   167 0.72 -
TRINITY_DN14392_c0_g1_i2:137-700   -            188 3208at3041           -            277   4.3e-09   33.3   0.0   1   1   5.6e-10   5.2e-09   33.0   0.0    95   198    38   149    28   170 0.79 -
TRINITY_DN12867_c1_g1_i3:445-1032  -            196 3208at3041           -            277   5.2e-09   33.1   0.4   1   1   1.8e-09   1.6e-08   31.4   0.0    92   138   131   178   126   182 0.89 -
TRINITY_DN4427_c0_g1_i1:83-514     -            144 3208at3041           -            277   6.5e-09   32.7   0.0   1   1   8.5e-10   7.8e-09   32.5   0.0    99   192    35   136    24   143 0.73 -
TRINITY_DN3635_c0_g1_i2:400-699    -            100 3208at3041           -            277   6.7e-09   32.7   0.0   1   1   8.2e-10   7.5e-09   32.5   0.0    23   115     1   100     1   100 0.78 -
TRINITY_DN3635_c0_g1_i4:367-666    -            100 3208at3041           -            277   6.7e-09   32.7   0.0   1   1   8.2e-10   7.5e-09   32.5   0.0    23   115     1   100     1   100 0.78 -
TRINITY_DN893_c0_g1_i6:649-1260    -            204 3208at3041           -            277   7.2e-09   32.6   0.0   1   1   1.1e-09     1e-08   32.1   0.0   105   168     2    66     1    71 0.85 -
TRINITY_DN11583_c0_g1_i1:38-487    -            150 3208at3041           -            277     8e-09   32.4   0.1   1   2   1.9e-05   0.00017   18.2   0.0   103   142     6    51     2    61 0.78 -
TRINITY_DN11583_c0_g1_i1:38-487    -            150 3208at3041           -            277     8e-09   32.4   0.1   2   2     0.001    0.0096   12.5   0.0   153   190    95   133    80   145 0.83 -
TRINITY_DN1098_c0_g1_i4:71-559     -            163 3208at3041           -            277   8.3e-09   32.4   0.0   1   1   1.1e-09     1e-08   32.1   0.0     1   125    15   157    15   160 0.75 -
TRINITY_DN11583_c0_g1_i2:77-529    -            151 3208at3041           -            277   8.6e-09   32.3   0.1   1   2   1.9e-05   0.00018   18.2   0.0   103   142     5    50     1    60 0.78 -
TRINITY_DN11583_c0_g1_i2:77-529    -            151 3208at3041           -            277   8.6e-09   32.3   0.1   2   2     0.001    0.0095   12.5   0.0   153   191    94   133    79   145 0.83 -
TRINITY_DN60017_c0_g1_i1:245-793   -            183 3208at3041           -            277     1e-08   32.1   0.0   1   2   1.1e-07   9.7e-07   25.6   0.0    99   191    14   105     4   121 0.84 -
TRINITY_DN60017_c0_g1_i1:245-793   -            183 3208at3041           -            277     1e-08   32.1   0.0   2   2       0.2       1.9    5.0   0.0   236   258   130   152   106   173 0.77 -
TRINITY_DN783_c0_g1_i1:435-1101    -            162 3208at3041           -            277     1e-08   32.1   0.0   1   1   1.5e-09   1.4e-08   31.7   0.0     6   128     4   129     1   145 0.80 -
TRINITY_DN5049_c3_g2_i2:352-768    -            139 3208at3041           -            277   1.5e-08   31.5   0.4   1   2     0.078      0.72    6.3   0.1    42    78     1    37     1    46 0.90 -
TRINITY_DN5049_c3_g2_i2:352-768    -            139 3208at3041           -            277   1.5e-08   31.5   0.4   2   2   3.8e-07   3.5e-06   23.8   0.0    99   138    97   139    85   139 0.77 -
TRINITY_DN2208_c0_g1_i1:259-666    -            136 3208at3041           -            277   1.6e-08   31.4   0.0   1   1   2.1e-09   1.9e-08   31.2   0.0   109   200     2   102     1   117 0.74 -
TRINITY_DN1098_c0_g1_i1:186-788    -            201 3208at3041           -            277   1.6e-08   31.4   0.0   1   1   2.3e-09   2.1e-08   31.1   0.0     1   125    53   195    53   198 0.75 -
TRINITY_DN3743_c0_g1_i7:1000-1527  -            176 3208at3041           -            277   1.7e-08   31.4   0.0   1   1   2.3e-09   2.1e-08   31.0   0.0    98   186    14   111     3   130 0.80 -
TRINITY_DN2208_c0_g1_i3:324-731    -            136 3208at3041           -            277   1.8e-08   31.3   0.0   1   1   2.2e-09   2.1e-08   31.1   0.0   109   200     2   102     1   113 0.74 -
TRINITY_DN50786_c0_g1_i1:7-441     -            145 3208at3041           -            277   2.1e-08   31.0   0.0   1   1   2.5e-09   2.3e-08   30.9   0.0   112   141     1    30     1    89 0.70 -
TRINITY_DN5731_c0_g1_i6:2-427      -            142 3208at3041           -            277   2.9e-08   30.6   0.0   1   1   3.8e-09   3.5e-08   30.3   0.0    95   183    42   139    32   142 0.79 -
TRINITY_DN60219_c0_g1_i1:101-820   -            240 3208at3041           -            277   3.4e-08   30.3   0.1   1   1   1.9e-08   1.7e-07   28.1   0.1     9   141     3   151     1   194 0.73 -
TRINITY_DN4788_c0_g1_i11:28-555    -            176 3208at3041           -            277   4.9e-08   29.9   0.1   1   2   1.9e-05   0.00018   18.2   0.0     9    79    31   107    25   119 0.78 -
TRINITY_DN4788_c0_g1_i11:28-555    -            176 3208at3041           -            277   4.9e-08   29.9   0.1   2   2    0.0067     0.062    9.8   0.1    99   124   152   176   140   176 0.77 -
TRINITY_DN4788_c0_g1_i4:28-555     -            176 3208at3041           -            277   4.9e-08   29.9   0.1   1   2   1.9e-05   0.00018   18.2   0.0     9    79    31   107    25   119 0.78 -
TRINITY_DN4788_c0_g1_i4:28-555     -            176 3208at3041           -            277   4.9e-08   29.9   0.1   2   2    0.0067     0.062    9.8   0.1    99   124   152   176   140   176 0.77 -
TRINITY_DN4788_c0_g1_i8:28-555     -            176 3208at3041           -            277   4.9e-08   29.9   0.1   1   2   1.9e-05   0.00018   18.2   0.0     9    79    31   107    25   119 0.78 -
TRINITY_DN4788_c0_g1_i8:28-555     -            176 3208at3041           -            277   4.9e-08   29.9   0.1   2   2    0.0067     0.062    9.8   0.1    99   124   152   176   140   176 0.77 -
TRINITY_DN1085_c0_g2_i1:20-595     -            192 3208at3041           -            277   5.1e-08   29.8   0.0   1   1   6.7e-09   6.2e-08   29.5   0.0    91   190    36   144    32   169 0.80 -
TRINITY_DN18866_c0_g2_i2:76-543    -            156 3208at3041           -            277   5.3e-08   29.7   0.0   1   1     7e-09   6.5e-08   29.5   0.0   104   184    20   101     9   121 0.75 -
TRINITY_DN13179_c0_g1_i1:8-436     -            143 3208at3041           -            277   6.4e-08   29.5   0.0   1   1   7.8e-09   7.2e-08   29.3   0.0   100   181    44   133    33   143 0.73 -
TRINITY_DN33016_c0_g1_i1:16-363    -            116 3208at3041           -            277   7.4e-08   29.3   0.1   1   2   5.2e-06   4.8e-05   20.0   0.0   134   214     1    82     1    86 0.80 -
TRINITY_DN33016_c0_g1_i1:16-363    -            116 3208at3041           -            277   7.4e-08   29.3   0.1   2   2     0.017      0.16    8.5   0.0   235   266    84   115    78   116 0.91 -
TRINITY_DN7622_c0_g1_i1:299-700    -            134 3208at3041           -            277   7.7e-08   29.2   0.0   1   1     9e-09   8.3e-08   29.1   0.0    84   136    29    84    10   106 0.81 -
TRINITY_DN7622_c0_g1_i2:299-700    -            134 3208at3041           -            277   7.7e-08   29.2   0.0   1   1     9e-09   8.3e-08   29.1   0.0    84   136    29    84    10   106 0.81 -
TRINITY_DN4788_c0_g1_i3:131-640    -            170 3208at3041           -            277   7.9e-08   29.2   0.1   1   1   1.9e-07   1.7e-06   24.8   0.1   100   194     8   122     4   145 0.69 -
TRINITY_DN6386_c0_g1_i1:131-466    -            112 3208at3041           -            277     1e-07   28.8   0.0   1   1   1.2e-08   1.1e-07   28.7   0.0    94   183    11   109     2   112 0.75 -
TRINITY_DN6386_c0_g1_i3:92-535     -            148 3208at3041           -            277   1.1e-07   28.7   0.0   1   1   1.4e-08   1.3e-07   28.4   0.0    96   187    36   136    26   142 0.76 -
TRINITY_DN1992_c0_g1_i2:52-378     -            109 3208at3041           -            277   1.5e-07   28.3   0.0   1   2   2.1e-05    0.0002   18.0   0.0   153   197    20    64     9    78 0.85 -
TRINITY_DN1992_c0_g1_i2:52-378     -            109 3208at3041           -            277   1.5e-07   28.3   0.0   2   2     0.014      0.13    8.7   0.0   237   264    82   109    76   109 0.90 -
TRINITY_DN4788_c0_g1_i9:131-706    -            192 3208at3041           -            277   1.6e-07   28.1   0.0   1   1   3.2e-07     3e-06   24.0   0.0    99   183    30   133    16   151 0.71 -
TRINITY_DN702_c0_g5_i1:34-555      -            174 3208at3041           -            277   1.6e-07   28.1   0.0   1   1   2.6e-08   2.4e-07   27.6   0.0    97   183    42   144    27   153 0.77 -
TRINITY_DN1085_c0_g2_i2:47-649     -            201 3208at3041           -            277   1.8e-07   28.0   0.1   1   1   2.6e-08   2.4e-07   27.6   0.1    96   190    59   162    49   185 0.79 -
TRINITY_DN2496_c0_g1_i1:123-572    -            150 3208at3041           -            277     2e-07   27.8   0.0   1   1   2.4e-08   2.2e-07   27.7   0.0   102   177     6    88     2   119 0.67 -
TRINITY_DN29308_c0_g2_i1:210-857   -            216 3208at3041           -            277     2e-07   27.8   0.0   1   1   3.6e-08   3.3e-07   27.1   0.0   100   183    37   135    24   149 0.77 -
TRINITY_DN702_c0_g2_i2:329-1177    -            283 3208at3041           -            277   2.1e-07   27.7   0.1   1   1   1.1e-07     1e-06   25.5   0.0    96   191   131   241   124   251 0.74 -
TRINITY_DN702_c0_g2_i4:405-1253    -            283 3208at3041           -            277   2.1e-07   27.7   0.1   1   1   1.1e-07     1e-06   25.5   0.0    96   191   131   241   124   251 0.74 -
TRINITY_DN29308_c0_g2_i2:240-899   -            220 3208at3041           -            277   2.3e-07   27.7   0.0   1   1     4e-08   3.7e-07   27.0   0.0   100   183    51   149    38   161 0.76 -
TRINITY_DN1516_c0_g1_i7:120-509    -            130 3208at3041           -            277   2.4e-07   27.6   0.1   1   2   2.5e-05   0.00023   17.8   0.1   156   205     1    50     1    63 0.84 -
TRINITY_DN1516_c0_g1_i7:120-509    -            130 3208at3041           -            277   2.4e-07   27.6   0.1   2   2     0.021      0.19    8.2   0.0   237   264   103   130    83   130 0.83 -
TRINITY_DN44401_c0_g1_i1:46-450    -            135 3208at3041           -            277   3.2e-07   27.2   0.0   1   1   4.2e-08   3.9e-07   26.9   0.0   115   191     1    88     1   102 0.77 -
TRINITY_DN2735_c0_g1_i2:2-397      -            132 3208at3041           -            277   4.6e-07   26.7   0.0   1   1   6.2e-08   5.7e-07   26.4   0.0    91   192    18   130     5   132 0.73 -
TRINITY_DN1443_c0_g2_i1:73-585     -            171 3208at3041           -            277   4.7e-07   26.6   0.0   1   1     2e-07   1.8e-06   24.7   0.0     6   125    15   150    11   167 0.71 -
TRINITY_DN47607_c0_g1_i1:102-620   -            173 3208at3041           -            277   5.1e-07   26.5   0.0   1   1   8.4e-08   7.7e-07   25.9   0.0   100   185     8   101     2   111 0.78 -
TRINITY_DN4788_c0_g1_i23:131-640   -            170 3208at3041           -            277   6.9e-07   26.1   0.1   1   1   1.5e-06   1.4e-05   21.8   0.1   100   183     8   111     4   130 0.71 -
TRINITY_DN4788_c0_g1_i7:131-640    -            170 3208at3041           -            277   6.9e-07   26.1   0.1   1   1   1.5e-06   1.4e-05   21.8   0.1   100   183     8   111     4   130 0.71 -
TRINITY_DN460_c0_g1_i5:1252-2100   -            283 3208at3041           -            277     7e-07   26.1   0.0   1   2     0.031      0.29    7.6   0.0     7    33    74   101    69   136 0.83 -
TRINITY_DN460_c0_g1_i5:1252-2100   -            283 3208at3041           -            277     7e-07   26.1   0.0   2   2   6.8e-05   0.00063   16.4   0.0    97   138   233   279   215   282 0.83 -
TRINITY_DN460_c0_g1_i6:1318-2166   -            283 3208at3041           -            277     7e-07   26.1   0.0   1   2     0.031      0.29    7.6   0.0     7    33    74   101    69   136 0.83 -
TRINITY_DN460_c0_g1_i6:1318-2166   -            283 3208at3041           -            277     7e-07   26.1   0.0   2   2   6.8e-05   0.00063   16.4   0.0    97   138   233   279   215   282 0.83 -
TRINITY_DN49854_c0_g1_i1:97-633    -            179 3208at3041           -            277   7.8e-07   25.9   0.0   1   1   1.1e-07     1e-06   25.5   0.0   101   184    22   114    11   126 0.78 -
TRINITY_DN9885_c1_g1_i2:37-381     -            115 3208at3041           -            277   9.9e-07   25.6   0.0   1   1   1.9e-06   1.8e-05   21.5   0.0    98   147    37   100     1   115 0.66 -
TRINITY_DN1443_c0_g2_i14:73-540    -            156 3208at3041           -            277   1.1e-06   25.4   0.0   1   1   4.5e-07   4.2e-06   23.5   0.0     8   125     2   135     1   152 0.71 -
TRINITY_DN4832_c0_g1_i2:3-812      -            270 3208at3041           -            277   1.9e-06   24.7   0.2   1   1   5.7e-06   5.3e-05   19.9   0.2    45   160    43   168     8   233 0.71 -
TRINITY_DN8542_c0_g1_i1:2-493      -            164 3208at3041           -            277   2.2e-06   24.5   0.0   1   1   3.6e-07   3.4e-06   23.8   0.0   113   185     1    88     1   118 0.74 -
TRINITY_DN8339_c0_g1_i1:344-685    -            114 3208at3041           -            277   2.2e-06   24.4   0.0   1   1   2.6e-07   2.4e-06   24.3   0.0    44   119    32   114     9   114 0.85 -
TRINITY_DN3057_c1_g1_i1:85-504     -            140 3208at3041           -            277   2.8e-06   24.1   0.0   1   1   3.7e-07   3.4e-06   23.8   0.0     5   118    17   140    14   140 0.77 -
TRINITY_DN35233_c0_g1_i1:111-548   -            146 3208at3041           -            277     3e-06   24.0   0.0   1   1   4.9e-07   4.5e-06   23.4   0.0   103   181     1    94     1   104 0.61 -
TRINITY_DN1519_c3_g1_i2:15-347     -            111 3208at3041           -            277   3.2e-06   23.9   0.0   1   1   4.4e-07   4.1e-06   23.5   0.0   167   262     1   105     1   109 0.79 -
TRINITY_DN6394_c0_g1_i1:14-499     -            162 3208at3041           -            277   6.9e-06   22.8   0.0   1   2   0.00042    0.0039   13.8   0.0    93   126    42    75    33    80 0.84 -
TRINITY_DN6394_c0_g1_i1:14-499     -            162 3208at3041           -            277   6.9e-06   22.8   0.0   2   2     0.045      0.41    7.1   0.0   131   187   101   160    97   162 0.74 -
TRINITY_DN84057_c0_g1_i1:0-377     -            126 3208at3041           -            277   1.2e-05   22.0   0.4   1   1   1.1e-05   9.8e-05   19.0   0.4   167   256    42   126    25   126 0.74 -
TRINITY_DN2477_c0_g2_i10:129-614   -            162 3208at3041           -            277   1.3e-05   21.9   0.0   1   1   1.8e-06   1.7e-05   21.5   0.0   100   191     4   108     1   127 0.76 -
TRINITY_DN2477_c0_g2_i12:129-614   -            162 3208at3041           -            277   1.3e-05   21.9   0.0   1   1   1.8e-06   1.7e-05   21.5   0.0   100   191     4   108     1   127 0.76 -
TRINITY_DN2477_c0_g2_i14:129-614   -            162 3208at3041           -            277   1.3e-05   21.9   0.0   1   1   1.8e-06   1.7e-05   21.5   0.0   100   191     4   108     1   127 0.76 -
TRINITY_DN2477_c0_g2_i5:129-614    -            162 3208at3041           -            277   1.3e-05   21.9   0.0   1   1   1.8e-06   1.7e-05   21.5   0.0   100   191     4   108     1   127 0.76 -
TRINITY_DN2477_c0_g2_i7:156-641    -            162 3208at3041           -            277   1.3e-05   21.9   0.0   1   1   1.8e-06   1.7e-05   21.5   0.0   100   191     4   108     1   127 0.76 -
TRINITY_DN2477_c0_g2_i8:129-614    -            162 3208at3041           -            277   1.3e-05   21.9   0.0   1   1   1.8e-06   1.7e-05   21.5   0.0   100   191     4   108     1   127 0.76 -
TRINITY_DN4832_c0_g1_i1:3-578      -            192 3208at3041           -            277   1.8e-05   21.4   0.1   1   2   0.00019    0.0017   14.9   0.0   103   159    31    89    15    95 0.74 -
TRINITY_DN4832_c0_g1_i1:3-578      -            192 3208at3041           -            277   1.8e-05   21.4   0.1   2   2      0.23       2.1    4.8   0.0   165   191   114   141    89   165 0.79 -
TRINITY_DN3842_c3_g1_i2:89-538     -            150 3208at3041           -            277   2.1e-05   21.2   0.0   1   2   0.00032    0.0029   14.2   0.0     6    78     2    81     1    89 0.72 -
TRINITY_DN3842_c3_g1_i2:89-538     -            150 3208at3041           -            277   2.1e-05   21.2   0.0   2   2      0.17       1.5    5.2   0.0    98   121   128   150   116   150 0.82 -
TRINITY_DN6731_c0_g1_i5:198-722    -            175 3208at3041           -            277   2.2e-05   21.1   0.0   1   1     5e-06   4.6e-05   20.1   0.0    23   138    30   173     6   175 0.63 -
TRINITY_DN3842_c2_g1_i1:44-424     -            127 3208at3041           -            277   2.9e-05   20.7   0.0   1   2   5.9e-05   0.00054   16.6   0.0   153   194    10    50     4    63 0.80 -
TRINITY_DN3842_c2_g1_i1:44-424     -            127 3208at3041           -            277   2.9e-05   20.7   0.0   2   2       1.4        12    2.3   0.0   240   275    74   109    62   111 0.84 -
TRINITY_DN51377_c0_g1_i1:28-366    -            113 3208at3041           -            277     4e-05   20.3   0.0   1   1   4.6e-06   4.3e-05   20.2   0.0    89   138    55   110    18   113 0.71 -
TRINITY_DN55311_c0_g1_i1:8-394     -            129 3208at3041           -            277   4.2e-05   20.2   0.0   1   2     0.024      0.22    8.0   0.0   102   129    11    38     3    45 0.89 -
TRINITY_DN55311_c0_g1_i1:8-394     -            129 3208at3041           -            277   4.2e-05   20.2   0.0   2   2    0.0043      0.04   10.5   0.0   130   182    74   129    63   129 0.74 -
TRINITY_DN1197_c0_g1_i2:899-1465   -            189 3208at3041           -            277   4.3e-05   20.2   0.0   1   1   5.9e-06   5.4e-05   19.9   0.0    87   142    22    82    14   110 0.79 -
TRINITY_DN1197_c0_g1_i3:450-1103   -            218 3208at3041           -            277   4.8e-05   20.0   0.0   1   1   8.3e-06   7.6e-05   19.4   0.0    87   142   100   160    92   187 0.79 -
TRINITY_DN5049_c1_g2_i1:128-514    -            129 3208at3041           -            277   5.2e-05   19.9   0.1   1   1   8.4e-06   7.7e-05   19.4   0.1    90   124    95   129     1   129 0.85 -
TRINITY_DN702_c0_g6_i1:124-573     -            150 3208at3041           -            277   5.9e-05   19.7   0.0   1   1   9.8e-06   9.1e-05   19.1   0.0   103   188     5   106     1   122 0.73 -
TRINITY_DN59290_c0_g1_i1:1-384     -            128 3208at3041           -            277   6.9e-05   19.5   0.0   1   2   0.00014    0.0013   15.3   0.0   129   197     1    84     1    94 0.69 -
TRINITY_DN59290_c0_g1_i1:1-384     -            128 3208at3041           -            277   6.9e-05   19.5   0.0   2   2       1.3        12    2.3   0.0   235   262   101   128    92   128 0.93 -
TRINITY_DN702_c0_g1_i2:1-480       -            160 3208at3041           -            277   8.9e-05   19.2   0.0   1   1   1.3e-05   0.00012   18.7   0.0   105   184     2    89     1   102 0.74 -
TRINITY_DN702_c0_g2_i1:666-1082    -            139 3208at3041           -            277   0.00012   18.8   0.0   1   1   1.8e-05   0.00017   18.3   0.0    96   177    44   139    37   139 0.72 -
TRINITY_DN13290_c0_g1_i2:26-544    -            173 3208at3041           -            277   0.00013   18.7   0.0   1   1   1.6e-05   0.00014   18.5   0.0    99   194    14   117     5   161 0.71 -
TRINITY_DN5049_c3_g2_i1:361-717    -            119 3208at3041           -            277   0.00014   18.6   0.8   1   2      0.41       3.8    4.0   0.1    46    78     2    34     1    43 0.89 -
TRINITY_DN5049_c3_g2_i1:361-717    -            119 3208at3041           -            277   0.00014   18.6   0.8   2   2    0.0005    0.0046   13.5   0.1    99   125    94   119    82   119 0.80 -
TRINITY_DN13290_c0_g1_i1:26-511    -            162 3208at3041           -            277   0.00016   18.3   0.0   1   1   2.3e-05   0.00021   17.9   0.0    99   183    14   105     5   130 0.73 -
TRINITY_DN48330_c0_g1_i1:219-668   -            150 3208at3041           -            277   0.00016   18.3   0.0   1   2      0.67       6.2    3.3   0.0   130   143     6    19     2    32 0.76 -
TRINITY_DN48330_c0_g1_i1:219-668   -            150 3208at3041           -            277   0.00016   18.3   0.0   2   2   0.00067    0.0062   13.1   0.0   154   200    59   105    56   133 0.83 -
TRINITY_DN6355_c0_g2_i2:69-404     -            112 3208at3041           -            277    0.0002   18.0   0.0   1   1   0.00058    0.0053   13.3   0.0   155   262    14   111     4   112 0.71 -
TRINITY_DN1533_c0_g3_i1:4-492      -            163 3208at3041           -            277   0.00029   17.5   0.0   1   2       9.7        89   -0.5   0.0     6    30    19    45    15    50 0.75 -
TRINITY_DN1533_c0_g3_i1:4-492      -            163 3208at3041           -            277   0.00029   17.5   0.0   2   2   0.00013    0.0012   15.5   0.0    48   119    83   163    74   163 0.75 -
TRINITY_DN91758_c0_g1_i1:26-355    -            110 3208at3041           -            277   0.00046   16.8   0.0   1   2    0.0078     0.072    9.6   0.0   166   192    34    61    29    72 0.75 -
TRINITY_DN91758_c0_g1_i1:26-355    -            110 3208at3041           -            277   0.00046   16.8   0.0   2   2      0.15       1.4    5.4   0.0   234   264    79   109    67   110 0.90 -
TRINITY_DN21013_c0_g1_i1:89-658    -            190 3208at3041           -            277   0.00053   16.6   0.0   1   1   0.00011     0.001   15.7   0.0   101   137     2    39     1    65 0.89 -
TRINITY_DN16609_c0_g1_i2:17-499    -            161 3208at3041           -            277   0.00067   16.3   0.0   1   1   9.6e-05   0.00088   15.9   0.0   233   269    21    57    10    66 0.82 -
TRINITY_DN52698_c0_g1_i1:49-483    -            145 3208at3041           -            277   0.00082   16.0   0.0   1   1   8.9e-05   0.00082   16.0   0.0     6    77    25    95    20   145 0.68 -
TRINITY_DN29431_c0_g1_i2:115-513   -            133 3208at3041           -            277   0.00095   15.8   0.0   1   1    0.0001   0.00095   15.8   0.0    98   139    65   110     2   133 0.69 -
TRINITY_DN29431_c0_g1_i1:17-478    -            154 3208at3041           -            277     0.001   15.7   0.0   1   1   0.00011     0.001   15.7   0.0    98   140    84   130    14   154 0.67 -
TRINITY_DN4675_c0_g1_i1:7-339      -            111 3208at3041           -            277    0.0013   15.3   0.0   1   1   0.00015    0.0014   15.2   0.0     3    78     1    81     1   102 0.83 -
TRINITY_DN3899_c0_g1_i2:721-972    -             84 3208at3041           -            277    0.0018   14.9   0.4   1   2      0.72       6.6    3.2   0.1   168   183     1    16     1    45 0.84 -
TRINITY_DN3899_c0_g1_i2:721-972    -             84 3208at3041           -            277    0.0018   14.9   0.4   2   2    0.0037     0.034   10.7   0.0   234   263    55    84    44    84 0.91 -
TRINITY_DN6355_c0_g1_i5:210-482    -             91 3208at3041           -            277    0.0033   14.0   0.1   1   2       8.5        78   -0.3   0.0   169   184    11    26     7    50 0.70 -
TRINITY_DN6355_c0_g1_i5:210-482    -             91 3208at3041           -            277    0.0033   14.0   0.1   2   2   0.00096    0.0088   12.6   0.0   230   262    59    91    34    91 0.78 -
TRINITY_DN63608_c0_g1_i1:148-489   -            114 3208at3041           -            277     0.006   13.2   0.0   1   1   0.00083    0.0076   12.8   0.0    91   130    31    70    10   105 0.77 -
TRINITY_DN813_c0_g2_i1:309-890     -            194 3208at3041           -            277    0.0071   12.9   0.1   1   1    0.0024     0.022   11.3   0.1    43   124    92   193    33   194 0.59 -
TRINITY_DN347_c0_g1_i5:1268-1582   -            105 3208at3041           -            277    0.0099   12.4   0.5   1   2       2.2        21    1.6   0.0   168   181    13    26     6    48 0.66 -
TRINITY_DN347_c0_g1_i5:1268-1582   -            105 3208at3041           -            277    0.0099   12.4   0.5   2   2    0.0086     0.079    9.5   0.1   235   268    61    94    51   104 0.82 -
TRINITY_DN10278_c0_g1_i1:2361-2579 -             73 3208at3041           -            277     0.011   12.3   0.0   1   1    0.0016     0.015   11.9   0.0   169   193     1    25     1    40 0.85 -
TRINITY_DN4710_c0_g1_i4:167-745    -            193 3208at3041           -            277     0.013   12.1   0.1   1   2      0.79       7.3    3.0   0.0     9    60    29    89    23    97 0.68 -
TRINITY_DN4710_c0_g1_i4:167-745    -            193 3208at3041           -            277     0.013   12.1   0.1   2   2     0.039      0.36    7.3   0.0   110   136   162   193   120   193 0.73 -
TRINITY_DN8350_c0_g1_i1:50-505     -            152 3208at3041           -            277     0.026   11.1   0.1   1   1    0.0078     0.072    9.6   0.1   144   191    39    86    35    99 0.81 -
TRINITY_DN8438_c0_g1_i3:145-414    -             90 3208at3041           -            277     0.043   10.4   0.6   1   1     0.031      0.29    7.6   0.6   235   263    62    90     1    90 0.74 -
#
# Program:         hmmsearch
# Version:         3.2.1 (June 2018)
# Pipeline mode:   SEARCH
# Query file:      /sw/bioinfo/BUSCO/v5_lineage_sets/lineages/chlorophyta_odb10/hmms/3208at3041.hmm
# Target file:     /crex/proj/snic2022-23-81/expression_algae/code/busco/trinity_VA-3180-Osg10Sin/run_chlorophyta_odb10/metaeuk_output/rerun_results/trinity_VA-3180-Osg10Sin.Trinity.fasta.modified.fas
# Option settings: hmmsearch --domtblout /crex/proj/snic2022-23-81/expression_algae/code/busco/trinity_VA-3180-Osg10Sin/run_chlorophyta_odb10/hmmer_output/rerun_results/3208at3041.out --cpu 1 /sw/bioinfo/BUSCO/v5_lineage_sets/lineages/chlorophyta_odb10/hmms/3208at3041.hmm /crex/proj/snic2022-23-81/expression_algae/code/busco/trinity_VA-3180-Osg10Sin/run_chlorophyta_odb10/metaeuk_output/rerun_results/trinity_VA-3180-Osg10Sin.Trinity.fasta.modified.fas 
# Current dir:     /crex/proj/snic2022-23-81/expression_algae/code/busco
# Date:            Fri Sep 23 10:15:27 2022
# [ok]
