#                                                                                          --- full sequence --- -------------- this domain -------------   hmm coord   ali coord   env coord
# target name                      accession   tlen query name           accession   qlen   E-value  score  bias   #  of  c-Evalue  i-Evalue  score  bias  from    to  from    to  from    to  acc description of target
#              ------------------- ---------- ----- -------------------- ---------- ----- --------- ------ ----- --- --- --------- --------- ------ ----- ----- ----- ----- ----- ----- ----- ---- ---------------------
TRINITY_DN689_c0_g1_i5:742-1305    -            188 4758at3041           -            220   2.6e-17   60.8   0.0   1   1   1.4e-18   3.5e-17   60.3   0.0    63   209    37   178    30   184 0.82 -
TRINITY_DN4866_c0_g1_i1:63-749     -            229 4758at3041           -            220   3.4e-17   60.4   0.0   1   1   1.9e-18   4.6e-17   59.9   0.0    62   189    39   156    29   181 0.83 -
TRINITY_DN689_c0_g1_i4:104-883     -            260 4758at3041           -            220   3.7e-17   60.3   0.0   1   1   2.3e-18   5.7e-17   59.6   0.0    61   201    71   206    58   222 0.85 -
TRINITY_DN689_c0_g1_i3:1537-2409   -            291 4758at3041           -            220   4.1e-17   60.1   0.0   1   1   3.2e-18   7.8e-17   59.2   0.0    61   201    45   180    34   196 0.85 -
TRINITY_DN689_c0_g1_i1:847-1404    -            186 4758at3041           -            220   6.5e-17   59.5   0.0   1   1   3.5e-18   8.7e-17   59.0   0.0    63   189    46   162    38   185 0.84 -
TRINITY_DN9998_c0_g1_i1:1-738      -            246 4758at3041           -            220   7.2e-17   59.3   0.0   1   1   4.2e-18     1e-16   58.8   0.0    63   202    65   195    61   207 0.82 -
TRINITY_DN689_c0_g1_i3:721-1500    -            260 4758at3041           -            220   9.4e-17   58.9   0.0   1   1   5.6e-18   1.4e-16   58.4   0.0    63   202    46   177    39   194 0.83 -
TRINITY_DN16480_c0_g1_i1:58-615    -            186 4758at3041           -            220   3.4e-14   50.6   0.0   1   1   1.7e-15   4.2e-14   50.3   0.0    61   202    39   173    30   185 0.77 -
TRINITY_DN689_c2_g1_i2:2-844       -            281 4758at3041           -            220   4.9e-14   50.1   0.0   1   1   2.9e-15   7.1e-14   49.5   0.0    57   171   169   277   162   281 0.87 -
TRINITY_DN1843_c0_g1_i4:147-797    -            217 4758at3041           -            220   6.6e-14   49.6   0.0   1   1   3.4e-15   8.3e-14   49.3   0.0    63   200    58   187    30   207 0.83 -
TRINITY_DN1843_c0_g1_i2:85-735     -            217 4758at3041           -            220   6.6e-14   49.6   0.0   1   1   3.4e-15   8.3e-14   49.3   0.0    63   200    58   187    30   207 0.83 -
TRINITY_DN2638_c0_g1_i2:18-938     -            307 4758at3041           -            220   7.7e-14   49.4   0.0   1   1   6.2e-15   1.5e-13   48.4   0.0    62   191    39   159    27   183 0.84 -
TRINITY_DN2638_c0_g1_i1:0-1376     -            459 4758at3041           -            220   1.8e-13   48.2   0.0   1   1   1.3e-14   3.2e-13   47.4   0.0    62   191   185   305   170   336 0.84 -
TRINITY_DN32272_c0_g1_i1:68-670    -            201 4758at3041           -            220   7.8e-13   46.1   0.0   1   1   3.8e-14   9.2e-13   45.9   0.0    57   180    76   200    54   201 0.88 -
TRINITY_DN81195_c0_g1_i1:3-713     -            237 4758at3041           -            220   2.8e-12   44.3   0.0   1   1   2.9e-13   7.2e-12   43.0   0.0    62   180   110   236   103   237 0.85 -
TRINITY_DN23199_c2_g1_i1:22-987    -            322 4758at3041           -            220     1e-11   42.5   0.0   1   1   6.2e-13   1.5e-11   41.9   0.0    62   209   105   250   100   259 0.82 -
TRINITY_DN23199_c1_g2_i6:33-749    -            239 4758at3041           -            220     2e-11   41.5   0.0   1   1   1.1e-12   2.8e-11   41.0   0.0    62   183   122   236   116   239 0.80 -
TRINITY_DN8553_c1_g2_i1:4-498      -            165 4758at3041           -            220   2.5e-11   41.2   0.0   1   1   1.4e-12   3.5e-11   40.7   0.0    63   189    40   159    33   162 0.83 -
TRINITY_DN4167_c0_g1_i3:69-653     -            195 4758at3041           -            220   2.6e-11   41.1   0.0   1   1   1.5e-12   3.8e-11   40.6   0.0    60   202    41   178    34   192 0.79 -
TRINITY_DN4167_c0_g1_i4:69-653     -            195 4758at3041           -            220   2.6e-11   41.1   0.0   1   1   1.5e-12   3.8e-11   40.6   0.0    60   202    41   178    34   192 0.79 -
TRINITY_DN4167_c0_g1_i5:40-618     -            193 4758at3041           -            220   2.9e-11   41.0   0.0   1   1   1.8e-12   4.3e-11   40.4   0.0    61   202     5   141     2   157 0.79 -
TRINITY_DN38170_c0_g1_i1:1086-2372 -            429 4758at3041           -            220   3.9e-11   40.5   0.0   1   1     3e-12   7.3e-11   39.7   0.0    62   190   117   238   112   262 0.83 -
TRINITY_DN23199_c1_g2_i3:162-1466  -            435 4758at3041           -            220   4.2e-11   40.5   0.0   1   1   2.7e-12   6.5e-11   39.8   0.0    62   190   175   296   167   320 0.81 -
TRINITY_DN23199_c1_g2_i4:162-1466  -            435 4758at3041           -            220   7.1e-11   39.7   0.0   1   1   4.5e-12   1.1e-10   39.1   0.0    62   190   175   296   167   320 0.81 -
TRINITY_DN4167_c0_g1_i6:6-1400     -            465 4758at3041           -            220   1.1e-10   39.1   0.0   1   1   1.3e-11   3.2e-10   37.6   0.0    60   202    62   199    55   215 0.79 -
TRINITY_DN4167_c0_g1_i7:6-1400     -            465 4758at3041           -            220   1.1e-10   39.1   0.0   1   1   1.3e-11   3.2e-10   37.6   0.0    60   202    62   199    55   215 0.79 -
TRINITY_DN4167_c0_g1_i8:6-1400     -            465 4758at3041           -            220   1.1e-10   39.1   0.0   1   1   1.3e-11   3.2e-10   37.6   0.0    60   202    62   199    55   215 0.79 -
TRINITY_DN4167_c0_g1_i9:6-1400     -            465 4758at3041           -            220   1.1e-10   39.1   0.0   1   1   1.3e-11   3.2e-10   37.6   0.0    60   202    62   199    55   215 0.79 -
TRINITY_DN689_c0_g4_i1:1-777       -            259 4758at3041           -            220   1.1e-10   39.1   0.0   1   2   2.1e-11   5.1e-10   36.9   0.0    62   189     7   127     4   144 0.86 -
TRINITY_DN689_c0_g4_i1:1-777       -            259 4758at3041           -            220   1.1e-10   39.1   0.0   2   2       5.9   1.4e+02   -0.5   0.1   180   205   204   230   200   243 0.77 -
TRINITY_DN50_c0_g2_i4:32-1525      -            498 4758at3041           -            220   1.8e-10   38.4   0.0   1   1   1.6e-11   3.9e-10   37.3   0.0    61   202   120   256   117   268 0.79 -
TRINITY_DN50_c0_g2_i6:32-1624      -            531 4758at3041           -            220     2e-10   38.2   0.0   1   1   1.8e-11   4.4e-10   37.1   0.0    61   202   153   289   150   301 0.79 -
TRINITY_DN50_c0_g2_i3:2400-4130    -            577 4758at3041           -            220   2.1e-10   38.2   0.0   1   1   2.1e-11   5.1e-10   36.9   0.0    61   202   153   289   150   301 0.79 -
TRINITY_DN50_c0_g2_i5:2400-4130    -            577 4758at3041           -            220   2.2e-10   38.1   0.0   1   1   2.1e-11   5.1e-10   36.9   0.0    61   202   153   289   150   301 0.79 -
TRINITY_DN50_c0_g2_i7:2400-4130    -            577 4758at3041           -            220   2.2e-10   38.1   0.0   1   1   2.1e-11   5.1e-10   36.9   0.0    61   202   153   289   150   301 0.79 -
TRINITY_DN8553_c0_g3_i1:35-964     -            310 4758at3041           -            220   3.4e-10   37.5   0.0   1   1   2.1e-11   5.3e-10   36.9   0.0    62   197   100   230    91   251 0.81 -
TRINITY_DN1134_c0_g1_i1:37-468     -            144 4758at3041           -            220   3.7e-10   37.4   0.0   1   1   1.9e-11   4.7e-10   37.0   0.0    61   164    50   143    38   144 0.86 -
TRINITY_DN12210_c2_g1_i1:230-1966  -            579 4758at3041           -            220   3.2e-09   34.3   0.0   1   1   2.3e-10   5.6e-09   33.5   0.0    61   201   171   306   168   319 0.80 -
TRINITY_DN12210_c2_g1_i2:110-1846  -            579 4758at3041           -            220   3.3e-09   34.2   0.0   1   1   2.3e-10   5.6e-09   33.5   0.0    61   201   171   306   168   319 0.80 -
TRINITY_DN1870_c0_g1_i3:105-1799   -            565 4758at3041           -            220   3.6e-09   34.1   0.0   1   1   3.1e-10   7.5e-09   33.1   0.0    60   202   155   292   148   306 0.79 -
TRINITY_DN1870_c0_g1_i6:105-1799   -            565 4758at3041           -            220   3.6e-09   34.1   0.0   1   1   3.1e-10   7.5e-09   33.1   0.0    60   202   155   292   148   306 0.79 -
TRINITY_DN1870_c0_g1_i8:58-1752    -            565 4758at3041           -            220   3.6e-09   34.1   0.0   1   1   3.1e-10   7.5e-09   33.1   0.0    60   202   155   292   148   306 0.79 -
TRINITY_DN1870_c0_g1_i9:105-1799   -            565 4758at3041           -            220   3.6e-09   34.1   0.0   1   1   3.1e-10   7.5e-09   33.1   0.0    60   202   155   292   148   306 0.79 -
TRINITY_DN689_c1_g4_i1:4-561       -            186 4758at3041           -            220   6.6e-09   33.3   0.0   1   1   4.1e-10     1e-08   32.7   0.0    60   117   122   178    92   184 0.85 -
TRINITY_DN1843_c0_g1_i7:136-522    -            129 4758at3041           -            220   7.2e-09   33.2   0.0   1   1     3e-10   7.3e-09   33.1   0.0    63   119    41    96    12   128 0.83 -
TRINITY_DN1134_c0_g1_i2:164-466    -            101 4758at3041           -            220   8.5e-09   32.9   0.0   1   1   4.2e-10     1e-08   32.6   0.0    61   119    37    94    24   100 0.92 -
TRINITY_DN9463_c0_g1_i1:3-803      -            267 4758at3041           -            220     1e-08   32.7   0.0   1   1     9e-10   2.2e-08   31.6   0.0    62   190    37   158    29   188 0.80 -
TRINITY_DN1870_c1_g3_i1:162-1838   -            559 4758at3041           -            220   1.1e-08   32.6   0.0   1   1   9.2e-10   2.3e-08   31.5   0.0    62   202   157   292   151   304 0.79 -
TRINITY_DN21554_c0_g1_i1:410-1654  -            415 4758at3041           -            220   1.3e-08   32.3   0.0   1   1   9.7e-10   2.4e-08   31.4   0.0    62   202    12   147     7   160 0.80 -
TRINITY_DN15604_c0_g1_i1:3-284     -             94 4758at3041           -            220   1.6e-08   32.0   0.0   1   1     7e-10   1.7e-08   31.9   0.0   104   201     1    93     1    94 0.86 -
TRINITY_DN21554_c0_g3_i1:111-1805  -            565 4758at3041           -            220   4.9e-08   30.4   0.0   1   1   4.1e-09     1e-07   29.4   0.0    62   190   161   282   153   305 0.81 -
TRINITY_DN11553_c0_g1_i1:2-346     -            115 4758at3041           -            220   5.6e-08   30.2   0.0   1   1   2.6e-09   6.4e-08   30.0   0.0    59   141    22   104    14   114 0.71 -
TRINITY_DN689_c0_g2_i1:37-732      -            232 4758at3041           -            220     3e-07   27.9   0.0   1   1   3.3e-08   8.1e-07   26.4   0.0    63   196    45   174    40   193 0.79 -
TRINITY_DN80118_c0_g1_i1:7-459     -            151 4758at3041           -            220   1.9e-06   25.2   0.0   1   1   9.7e-08   2.4e-06   24.9   0.0    64   213     2   139     1   146 0.84 -
TRINITY_DN12210_c1_g1_i1:1-372     -            124 4758at3041           -            220   2.7e-06   24.8   0.0   1   1   1.3e-07   3.2e-06   24.5   0.0    56   137    38   113     9   122 0.67 -
TRINITY_DN689_c1_g5_i1:1-597       -            199 4758at3041           -            220   2.9e-06   24.6   0.0   1   1   1.7e-07   4.2e-06   24.1   0.0    72   197     1   121     1   138 0.84 -
TRINITY_DN2920_c0_g5_i1:8-358      -            117 4758at3041           -            220   4.4e-06   24.1   0.0   1   1   1.9e-07   4.6e-06   24.0   0.0    46   138    23   113     7   117 0.73 -
TRINITY_DN560_c0_g1_i1:2703-3053   -            117 4758at3041           -            220   1.1e-05   22.7   0.0   1   1   4.8e-07   1.2e-05   22.6   0.0    62   138    37   113    14   117 0.76 -
TRINITY_DN560_c0_g1_i3:2703-3053   -            117 4758at3041           -            220   1.1e-05   22.7   0.0   1   1   4.8e-07   1.2e-05   22.6   0.0    62   138    37   113    14   117 0.76 -
TRINITY_DN560_c0_g1_i4:2703-3053   -            117 4758at3041           -            220   1.1e-05   22.7   0.0   1   1   4.8e-07   1.2e-05   22.6   0.0    62   138    37   113    14   117 0.76 -
TRINITY_DN560_c0_g1_i5:1859-2209   -            117 4758at3041           -            220   1.1e-05   22.7   0.0   1   1   4.8e-07   1.2e-05   22.6   0.0    62   138    37   113    14   117 0.76 -
TRINITY_DN22476_c0_g1_i1:49-342    -             98 4758at3041           -            220   1.5e-05   22.3   0.0   1   1     7e-07   1.7e-05   22.1   0.0    54    82    69    97    31    98 0.74 -
TRINITY_DN12210_c0_g1_i1:1-351     -            117 4758at3041           -            220     2e-05   21.9   0.0   1   1   1.2e-06     3e-05   21.3   0.0    63   148    31   110    27   114 0.75 -
TRINITY_DN2920_c0_g4_i2:14-364     -            117 4758at3041           -            220   2.8e-05   21.4   0.0   1   1   1.1e-06   2.8e-05   21.4   0.0    62   137    39   114     6   117 0.77 -
TRINITY_DN2920_c0_g4_i1:74-424     -            117 4758at3041           -            220   4.3e-05   20.8   0.0   1   1   1.7e-06   4.3e-05   20.8   0.0    62   137    39   114     6   117 0.76 -
TRINITY_DN12210_c0_g1_i2:1-351     -            117 4758at3041           -            220   5.5e-05   20.5   0.0   1   1   3.1e-06   7.7e-05   20.0   0.0    63   148    31   110    27   114 0.78 -
TRINITY_DN689_c1_g1_i1:8-439       -            144 4758at3041           -            220   7.3e-05   20.1   0.1   1   1   3.4e-06   8.4e-05   19.9   0.1   129   191     4    65     2   110 0.87 -
TRINITY_DN13767_c0_g1_i3:6-425     -            140 4758at3041           -            220   7.3e-05   20.0   0.0   1   1   3.5e-06   8.6e-05   19.8   0.0   114   202    25   116     5   129 0.77 -
TRINITY_DN9301_c0_g1_i2:102-1433   -            444 4758at3041           -            220   7.4e-05   20.0   0.0   1   1   5.6e-06   0.00014   19.1   0.0    63   216    36   187    18   191 0.77 -
TRINITY_DN1626_c0_g1_i2:482-1078   -            199 4758at3041           -            220   7.9e-05   19.9   0.0   1   1   4.1e-06   9.9e-05   19.6   0.0    63   140    93   170    63   187 0.81 -
TRINITY_DN38185_c0_g1_i1:9-572     -            188 4758at3041           -            220   9.2e-05   19.7   0.0   1   2   2.7e-05   0.00067   16.9   0.0    92   167     3    70     1    73 0.83 -
TRINITY_DN38185_c0_g1_i1:9-572     -            188 4758at3041           -            220   9.2e-05   19.7   0.0   2   2         3        74    0.4   0.0   172   205    94   127    92   142 0.78 -
TRINITY_DN9301_c0_g1_i3:102-1433   -            444 4758at3041           -            220   9.5e-05   19.7   0.0   1   1   7.3e-06   0.00018   18.8   0.0    63   212    36   183    18   191 0.77 -
TRINITY_DN1343_c0_g1_i4:492-1127   -            212 4758at3041           -            220   0.00011   19.5   0.0   1   2   8.6e-05    0.0021   15.3   0.1    63    88     5    30     2    37 0.88 -
TRINITY_DN1343_c0_g1_i4:492-1127   -            212 4758at3041           -            220   0.00011   19.5   0.0   2   2       1.1        28    1.8   0.0   171   196   117   142   100   160 0.87 -
TRINITY_DN1343_c0_g1_i5:492-1127   -            212 4758at3041           -            220   0.00011   19.5   0.0   1   2   8.6e-05    0.0021   15.3   0.1    63    88     5    30     2    37 0.88 -
TRINITY_DN1343_c0_g1_i5:492-1127   -            212 4758at3041           -            220   0.00011   19.5   0.0   2   2       1.1        28    1.8   0.0   171   196   117   142   100   160 0.87 -
TRINITY_DN8018_c0_g1_i1:189-593    -            135 4758at3041           -            220   0.00013   19.2   0.0   1   1   8.5e-06   0.00021   18.6   0.0    63    88    19    44    13    47 0.92 -
TRINITY_DN26063_c0_g2_i1:44-406    -            121 4758at3041           -            220   0.00014   19.2   0.0   1   1   5.8e-06   0.00014   19.1   0.0    60   139    39   118    11   121 0.74 -
TRINITY_DN583_c0_g1_i1:682-1113    -            144 4758at3041           -            220   0.00015   19.0   0.0   1   1   6.8e-06   0.00017   18.9   0.0    60   141    39   120    14   138 0.76 -
TRINITY_DN583_c0_g1_i3:682-1113    -            144 4758at3041           -            220   0.00015   19.0   0.0   1   1   6.8e-06   0.00017   18.9   0.0    60   141    39   120    14   138 0.76 -
TRINITY_DN583_c0_g1_i4:682-1113    -            144 4758at3041           -            220   0.00015   19.0   0.0   1   1   6.8e-06   0.00017   18.9   0.0    60   141    39   120    14   138 0.76 -
TRINITY_DN583_c0_g1_i5:682-1113    -            144 4758at3041           -            220   0.00015   19.0   0.0   1   1   6.8e-06   0.00017   18.9   0.0    60   141    39   120    14   138 0.76 -
TRINITY_DN8553_c0_g1_i2:96-524     -            143 4758at3041           -            220   0.00019   18.7   0.0   1   1   1.1e-05   0.00028   18.2   0.0   127   191    12    75     2    92 0.86 -
TRINITY_DN689_c1_g3_i1:72-443      -            124 4758at3041           -            220    0.0002   18.6   0.0   1   1   1.1e-05   0.00026   18.2   0.0    55    94    39    84    20    88 0.77 -
TRINITY_DN689_c1_g3_i2:72-425      -            118 4758at3041           -            220    0.0002   18.6   0.0   1   1   9.9e-06   0.00024   18.3   0.0    55    94    39    84    20    87 0.77 -
TRINITY_DN11208_c0_g1_i1:91-357    -             89 4758at3041           -            220   0.00021   18.6   0.0   1   1   9.2e-06   0.00023   18.4   0.0    63    89    40    66    34    89 0.78 -
TRINITY_DN32887_c0_g1_i1:7-405     -            133 4758at3041           -            220   0.00023   18.4   0.0   1   1   1.5e-05   0.00036   17.8   0.0    63    90    16    43    12    46 0.90 -
TRINITY_DN32887_c0_g1_i2:7-405     -            133 4758at3041           -            220   0.00023   18.4   0.0   1   1   1.5e-05   0.00036   17.8   0.0    63    90    16    43    12    46 0.90 -
TRINITY_DN2920_c0_g4_i3:35-415     -            127 4758at3041           -            220   0.00024   18.4   0.0   1   1   1.1e-05   0.00027   18.2   0.0    62   140    36   114     8   123 0.77 -
TRINITY_DN1626_c0_g1_i1:530-802    -             91 4758at3041           -            220   0.00026   18.3   0.0   1   1   1.2e-05   0.00029   18.1   0.0    63   140     1    78     1    87 0.78 -
TRINITY_DN23199_c1_g2_i2:0-524     -            175 4758at3041           -            220   0.00026   18.2   0.0   1   1   1.3e-05   0.00033   17.9   0.0   116   190    12    87     4   112 0.80 -
TRINITY_DN8553_c1_g1_i1:3-746      -            248 4758at3041           -            220   0.00027   18.2   0.0   1   1     2e-05   0.00049   17.4   0.0   128   190     2    63     1    90 0.83 -
TRINITY_DN1343_c0_g1_i3:492-755    -             88 4758at3041           -            220    0.0003   18.0   0.1   1   1   1.9e-05   0.00047   17.4   0.1    63    88     5    30     2    38 0.88 -
TRINITY_DN1343_c0_g1_i6:283-546    -             88 4758at3041           -            220    0.0003   18.0   0.1   1   1   1.9e-05   0.00047   17.4   0.1    63    88     5    30     2    38 0.88 -
TRINITY_DN1343_c0_g1_i7:492-755    -             88 4758at3041           -            220    0.0003   18.0   0.1   1   1   1.9e-05   0.00047   17.4   0.1    63    88     5    30     2    38 0.88 -
TRINITY_DN13767_c0_g1_i2:1-447     -            149 4758at3041           -            220   0.00035   17.8   0.0   1   1   1.6e-05   0.00039   17.7   0.0   114   190    25   102     5   134 0.75 -
TRINITY_DN9301_c0_g1_i1:4-438      -            145 4758at3041           -            220   0.00052   17.2   0.0   1   1   2.2e-05   0.00055   17.2   0.0    62   116    59   112    19   138 0.81 -
TRINITY_DN97166_c0_g1_i1:54-383    -            110 4758at3041           -            220   0.00062   17.0   0.0   1   1   3.4e-05   0.00082   16.6   0.0    62    87    26    51     5    58 0.85 -
TRINITY_DN1343_c0_g2_i1:836-1321   -            162 4758at3041           -            220   0.00075   16.8   0.0   1   1     5e-05    0.0012   16.1   0.0    55    86    31    62     4    70 0.74 -
TRINITY_DN1600_c0_g1_i2:2795-3103  -            103 4758at3041           -            220    0.0011   16.2   0.0   1   1   4.5e-05    0.0011   16.2   0.0    63   140     1    78     1    97 0.72 -
TRINITY_DN1600_c0_g1_i3:2795-3103  -            103 4758at3041           -            220    0.0011   16.2   0.0   1   1   4.5e-05    0.0011   16.2   0.0    63   140     1    78     1    97 0.72 -
TRINITY_DN1600_c0_g1_i4:2795-3103  -            103 4758at3041           -            220    0.0011   16.2   0.0   1   1   4.5e-05    0.0011   16.2   0.0    63   140     1    78     1    97 0.72 -
TRINITY_DN1600_c0_g1_i6:139-447    -            103 4758at3041           -            220    0.0011   16.2   0.0   1   1   4.5e-05    0.0011   16.2   0.0    63   140     1    78     1    97 0.72 -
TRINITY_DN1600_c0_g1_i8:2795-3103  -            103 4758at3041           -            220    0.0011   16.2   0.0   1   1   4.5e-05    0.0011   16.2   0.0    63   140     1    78     1    97 0.72 -
TRINITY_DN32301_c0_g1_i1:17-787    -            257 4758at3041           -            220    0.0011   16.2   0.0   1   1   6.5e-05    0.0016   15.7   0.0    63   106   189   230   185   257 0.68 -
TRINITY_DN5440_c0_g3_i1:596-994    -            133 4758at3041           -            220    0.0015   15.7   0.0   1   1   9.9e-05    0.0024   15.1   0.0    63    88    17    42    13    44 0.91 -
TRINITY_DN7494_c0_g2_i1:33-305     -             91 4758at3041           -            220    0.0017   15.6   0.0   1   1   7.5e-05    0.0018   15.5   0.0    64   140     2    78     1    88 0.67 -
TRINITY_DN750_c1_g1_i1:10-519      -            170 4758at3041           -            220    0.0025   15.0   0.0   1   2   0.00035    0.0087   13.3   0.0    63    83    42    62     7    84 0.81 -
TRINITY_DN750_c1_g1_i1:10-519      -            170 4758at3041           -            220    0.0025   15.0   0.0   2   2       6.3   1.6e+02   -0.6   0.0   170   184   150   164   129   170 0.82 -
TRINITY_DN7148_c0_g1_i1:317-664    -            116 4758at3041           -            220     0.003   14.8   0.0   1   1   0.00012     0.003   14.8   0.0    62    84    39    61    12   112 0.89 -
TRINITY_DN26547_c0_g1_i1:262-768   -            169 4758at3041           -            220    0.0033   14.6   0.0   1   1   0.00017    0.0042   14.3   0.0    63   140    46   125    23   135 0.72 -
TRINITY_DN7494_c0_g1_i1:380-835    -            152 4758at3041           -            220    0.0034   14.6   0.0   1   1   0.00016    0.0039   14.4   0.0    65   141     3    79     1   102 0.67 -
TRINITY_DN32301_c0_g1_i2:2-436     -            145 4758at3041           -            220    0.0035   14.5   0.0   1   1   0.00023    0.0057   13.9   0.0    63   135    72   138    68   144 0.66 -
TRINITY_DN2906_c0_g1_i2:58-405     -            116 4758at3041           -            220    0.0037   14.5   0.0   1   1   0.00015    0.0037   14.5   0.0    63    84    40    61    16   112 0.89 -
TRINITY_DN59890_c0_g1_i1:249-398   -             50 4758at3041           -            220     0.007   13.6   0.0   1   1   0.00029     0.007   13.6   0.0    64    82     1    19     1    35 0.87 -
TRINITY_DN5440_c0_g2_i2:23-511     -            163 4758at3041           -            220    0.0078   13.4   0.0   1   1   0.00062     0.015   12.5   0.0    63    88     4    29     2    38 0.84 -
TRINITY_DN1684_c0_g1_i1:203-622    -            140 4758at3041           -            220    0.0083   13.3   0.3   1   1   0.00068     0.017   12.3   0.3    64    84     2    22     1    88 0.82 -
TRINITY_DN872_c0_g1_i10:767-1264   -            166 4758at3041           -            220    0.0089   13.2   0.0   1   1     0.001     0.025   11.8   0.0    62    89     5    32     1    41 0.88 -
TRINITY_DN872_c0_g1_i2:2321-2818   -            166 4758at3041           -            220    0.0089   13.2   0.0   1   1     0.001     0.025   11.8   0.0    62    89     5    32     1    41 0.88 -
TRINITY_DN872_c0_g1_i6:1089-1586   -            166 4758at3041           -            220    0.0089   13.2   0.0   1   1     0.001     0.025   11.8   0.0    62    89     5    32     1    41 0.88 -
TRINITY_DN2266_c0_g1_i7:1059-1436  -            126 4758at3041           -            220     0.012   12.8   0.0   1   1   0.00066     0.016   12.4   0.0    62    83    30    51     8    61 0.83 -
TRINITY_DN2266_c0_g1_i8:218-595    -            126 4758at3041           -            220     0.012   12.8   0.0   1   1   0.00066     0.016   12.4   0.0    62    83    30    51     8    61 0.83 -
TRINITY_DN872_c0_g1_i4:1089-1586   -            166 4758at3041           -            220     0.016   12.4   0.0   1   1    0.0017     0.042   11.0   0.0    62    89     5    32     1    41 0.88 -
TRINITY_DN872_c0_g1_i5:2321-2818   -            166 4758at3041           -            220     0.016   12.4   0.0   1   1    0.0017     0.042   11.0   0.0    62    89     5    32     1    41 0.88 -
TRINITY_DN95315_c0_g1_i1:1-453     -            151 4758at3041           -            220     0.016   12.4   0.0   1   1    0.0007     0.017   12.3   0.0    61   111    17    63     7   117 0.77 -
TRINITY_DN8584_c0_g1_i1:154-564    -            137 4758at3041           -            220     0.018   12.3   0.0   1   1     0.001     0.025   11.8   0.0    64    84    33    53    20    58 0.90 -
TRINITY_DN8584_c0_g1_i2:665-1075   -            137 4758at3041           -            220     0.018   12.3   0.0   1   1     0.001     0.025   11.8   0.0    64    84    33    53    20    58 0.90 -
TRINITY_DN23664_c1_g1_i2:80-478    -            133 4758at3041           -            220     0.018   12.2   0.0   1   1    0.0012     0.028   11.6   0.0    64    84    18    38    14    43 0.89 -
TRINITY_DN23664_c1_g1_i3:80-478    -            133 4758at3041           -            220     0.018   12.2   0.0   1   1    0.0012     0.028   11.6   0.0    64    84    18    38    14    43 0.89 -
TRINITY_DN7494_c0_g3_i1:297-977    -            227 4758at3041           -            220     0.019   12.1   0.0   1   1    0.0011     0.027   11.7   0.0    65   140     1    76     1    96 0.68 -
TRINITY_DN1701_c0_g1_i2:3323-3919  -            199 4758at3041           -            220     0.021   12.0   0.1   1   2       7.2   1.8e+02   -0.8   0.0    97   147   100   151    89   161 0.69 -
TRINITY_DN1701_c0_g1_i2:3323-3919  -            199 4758at3041           -            220     0.021   12.0   0.1   2   2    0.0027     0.065   10.4   0.1    64    89   163   188   129   193 0.87 -
TRINITY_DN1701_c0_g1_i6:3323-3919  -            199 4758at3041           -            220     0.021   12.0   0.1   1   2       7.2   1.8e+02   -0.8   0.0    97   147   100   151    89   161 0.69 -
TRINITY_DN1701_c0_g1_i6:3323-3919  -            199 4758at3041           -            220     0.021   12.0   0.1   2   2    0.0027     0.065   10.4   0.1    64    89   163   188   129   193 0.87 -
TRINITY_DN1701_c0_g1_i8:2388-2984  -            199 4758at3041           -            220     0.021   12.0   0.1   1   2       7.2   1.8e+02   -0.8   0.0    97   147   100   151    89   161 0.69 -
TRINITY_DN1701_c0_g1_i8:2388-2984  -            199 4758at3041           -            220     0.021   12.0   0.1   2   2    0.0027     0.065   10.4   0.1    64    89   163   188   129   193 0.87 -
TRINITY_DN2217_c0_g1_i1:1021-1491  -            157 4758at3041           -            220     0.021   12.0   0.0   1   1    0.0012      0.03   11.5   0.0    62    83    26    47     6    57 0.84 -
TRINITY_DN2217_c0_g1_i3:1021-1491  -            157 4758at3041           -            220     0.021   12.0   0.0   1   1    0.0012      0.03   11.5   0.0    62    83    26    47     6    57 0.84 -
TRINITY_DN2217_c0_g1_i8:1021-1491  -            157 4758at3041           -            220     0.021   12.0   0.0   1   1    0.0012      0.03   11.5   0.0    62    83    26    47     6    57 0.84 -
TRINITY_DN2673_c0_g1_i8:1124-1726  -            201 4758at3041           -            220     0.028   11.6   0.0   1   1    0.0029      0.07   10.3   0.0    64   143    26   111    14   127 0.62 -
TRINITY_DN20044_c0_g1_i2:81-560    -            160 4758at3041           -            220     0.036   11.3   0.0   1   1    0.0044      0.11    9.7   0.0    64    85     4    25     1   101 0.72 -
#
# Program:         hmmsearch
# Version:         3.2.1 (June 2018)
# Pipeline mode:   SEARCH
# Query file:      /sw/bioinfo/BUSCO/v5_lineage_sets/lineages/chlorophyta_odb10/hmms/4758at3041.hmm
# Target file:     /crex/proj/snic2022-23-81/expression_algae/code/busco/trinity_VA-3180-Osg10Sin/run_chlorophyta_odb10/metaeuk_output/rerun_results/trinity_VA-3180-Osg10Sin.Trinity.fasta.modified.fas
# Option settings: hmmsearch --domtblout /crex/proj/snic2022-23-81/expression_algae/code/busco/trinity_VA-3180-Osg10Sin/run_chlorophyta_odb10/hmmer_output/rerun_results/4758at3041.out --cpu 1 /sw/bioinfo/BUSCO/v5_lineage_sets/lineages/chlorophyta_odb10/hmms/4758at3041.hmm /crex/proj/snic2022-23-81/expression_algae/code/busco/trinity_VA-3180-Osg10Sin/run_chlorophyta_odb10/metaeuk_output/rerun_results/trinity_VA-3180-Osg10Sin.Trinity.fasta.modified.fas 
# Current dir:     /crex/proj/snic2022-23-81/expression_algae/code/busco
# Date:            Fri Sep 23 10:15:30 2022
# [ok]
