#                                                                                        --- full sequence --- -------------- this domain -------------   hmm coord   ali coord   env coord
# target name                    accession   tlen query name           accession   qlen   E-value  score  bias   #  of  c-Evalue  i-Evalue  score  bias  from    to  from    to  from    to  acc description of target
#            ------------------- ---------- ----- -------------------- ---------- ----- --------- ------ ----- --- --- --------- --------- ------ ----- ----- ----- ----- ----- ----- ----- ---- ---------------------
TRINITY_DN13454_c0_g3_i1:83-424  -            114 5744at3041           -            232   9.5e-07   26.1   1.3   1   2     0.003      0.55    7.2   0.0    25    66     1    43     1    51 0.89 -
TRINITY_DN13454_c0_g3_i1:83-424  -            114 5744at3041           -            232   9.5e-07   26.1   1.3   2   2   1.3e-06   0.00024   18.2   0.3    21    61    69   110    51   114 0.85 -
TRINITY_DN13454_c0_g2_i4:48-377  -            110 5744at3041           -            232   1.4e-05   22.3   1.9   1   2   0.00038     0.069   10.2   0.1    18    62    20    65    14    66 0.84 -
TRINITY_DN13454_c0_g2_i4:48-377  -            110 5744at3041           -            232   1.4e-05   22.3   1.9   2   2   5.6e-07    0.0001   19.5   0.7    20    68    55   104    44   109 0.84 -
TRINITY_DN13454_c0_g2_i6:48-377  -            110 5744at3041           -            232   1.4e-05   22.3   1.9   1   2   0.00038     0.069   10.2   0.1    18    62    20    65    14    66 0.84 -
TRINITY_DN13454_c0_g2_i6:48-377  -            110 5744at3041           -            232   1.4e-05   22.3   1.9   2   2   5.6e-07    0.0001   19.5   0.7    20    68    55   104    44   109 0.84 -
TRINITY_DN13454_c0_g2_i5:108-437 -            110 5744at3041           -            232   1.8e-05   21.9   3.9   1   2   0.00015     0.027   11.5   0.2    18    64    20    67    13    69 0.84 -
TRINITY_DN13454_c0_g2_i5:108-437 -            110 5744at3041           -            232   1.8e-05   21.9   3.9   2   2   2.2e-06    0.0004   17.5   0.5    20    67    55   103    44   109 0.83 -
TRINITY_DN13454_c0_g2_i2:240-587 -            116 5744at3041           -            232   0.00063   16.9   2.2   1   2   8.1e-05     0.015   12.4   0.1    21    66    17    63     6    72 0.87 -
TRINITY_DN13454_c0_g2_i2:240-587 -            116 5744at3041           -            232   0.00063   16.9   2.2   2   2    0.0005     0.092    9.8   0.4    21    67    50   103    36   113 0.72 -
TRINITY_DN13454_c0_g2_i3:98-319  -             74 5744at3041           -            232   0.00098   16.3   1.5   1   1   5.6e-06     0.001   16.2   1.5    21    68    23    71     6    74 0.83 -
TRINITY_DN15669_c0_g1_i1:254-634 -            127 5744at3041           -            232    0.0012   16.0   0.3   1   2   0.00023     0.042   10.9   0.2    18    64    19    73     6    82 0.77 -
TRINITY_DN15669_c0_g1_i1:254-634 -            127 5744at3041           -            232    0.0012   16.0   0.3   2   2    0.0031      0.56    7.2   0.1    17    66    67   118    63   125 0.85 -
TRINITY_DN15669_c0_g1_i2:254-634 -            127 5744at3041           -            232    0.0012   16.0   0.3   1   2   0.00023     0.042   10.9   0.2    18    64    19    73     6    82 0.77 -
TRINITY_DN15669_c0_g1_i2:254-634 -            127 5744at3041           -            232    0.0012   16.0   0.3   2   2    0.0031      0.56    7.2   0.1    17    66    67   118    63   125 0.85 -
TRINITY_DN3517_c0_g1_i2:72-335   -             88 5744at3041           -            232    0.0021   15.2   0.2   1   2    0.0018      0.33    8.0   0.0    27    66    10    49     4    53 0.87 -
TRINITY_DN3517_c0_g1_i2:72-335   -             88 5744at3041           -            232    0.0021   15.2   0.2   2   2   0.00022      0.04   11.0   0.1    23    67    38    83    25    87 0.79 -
TRINITY_DN1985_c0_g2_i1:228-641  -            138 5744at3041           -            232     0.003   14.7   0.8   1   2     0.003      0.54    7.3   0.1    25    64     6    47     3    56 0.81 -
TRINITY_DN1985_c0_g2_i1:228-641  -            138 5744at3041           -            232     0.003   14.7   0.8   2   2    0.0057         1    6.4   0.1    20    68    68   118    50   127 0.73 -
TRINITY_DN17672_c0_g1_i1:655-945 -             97 5744at3041           -            232    0.0038   14.3   0.5   1   2   0.00032     0.059   10.4   0.2    25    73     6    55     2    64 0.83 -
TRINITY_DN17672_c0_g1_i1:655-945 -             97 5744at3041           -            232    0.0038   14.3   0.5   2   2    0.0079       1.4    5.9   0.1    28    66    42    81    40    93 0.81 -
TRINITY_DN3517_c0_g1_i5:319-711  -            131 5744at3041           -            232    0.0038   14.3   0.1   1   2    0.0026      0.48    7.4   0.1    24    65     8    50     3    68 0.87 -
TRINITY_DN3517_c0_g1_i5:319-711  -            131 5744at3041           -            232    0.0038   14.3   0.1   2   2     0.012       2.2    5.3   0.0    23    64    73   115    56   123 0.81 -
TRINITY_DN41781_c0_g1_i1:451-783 -            111 5744at3041           -            232     0.014   12.5   0.0   1   2    0.0026      0.47    7.5   0.0    27    66     5    45     2    55 0.87 -
TRINITY_DN41781_c0_g1_i1:451-783 -            111 5744at3041           -            232     0.014   12.5   0.0   2   2     0.047       8.6    3.4   0.0    25    63    69   108    60   111 0.85 -
TRINITY_DN48111_c0_g1_i1:378-668 -             97 5744at3041           -            232     0.016   12.3   0.1   1   1    0.0001     0.018   12.1   0.1    24    65    39    81    28    94 0.86 -
TRINITY_DN15000_c0_g1_i1:6-491   -            162 5744at3041           -            232     0.021   11.9   0.4   1   2    0.0034      0.62    7.1   0.2    41    68    23    50     2    87 0.54 -
TRINITY_DN15000_c0_g1_i1:6-491   -            162 5744at3041           -            232     0.021   11.9   0.4   2   2     0.053       9.7    3.2   0.0    21    64   104   148    94   157 0.82 -
TRINITY_DN83328_c0_g1_i1:159-524 -            122 5744at3041           -            232     0.021   11.9   0.2   1   2   0.00074      0.13    9.3   0.1    17    66    21    77     9    86 0.77 -
TRINITY_DN83328_c0_g1_i1:159-524 -            122 5744at3041           -            232     0.021   11.9   0.2   2   2    0.0062       1.1    6.2   0.0    25    69    68   113    47   121 0.81 -
TRINITY_DN77220_c0_g1_i1:28-201  -             58 5744at3041           -            232     0.022   11.8   0.0   1   1   0.00013     0.023   11.7   0.0    14    64     5    56     2    58 0.87 -
TRINITY_DN85673_c0_g1_i1:2-325   -            108 5744at3041           -            232     0.027   11.5   0.1   1   1   0.00025     0.045   10.8   0.0    25    66    58   100    40   107 0.85 -
#
# Program:         hmmsearch
# Version:         3.2.1 (June 2018)
# Pipeline mode:   SEARCH
# Query file:      /sw/bioinfo/BUSCO/v5_lineage_sets/lineages/chlorophyta_odb10/hmms/5744at3041.hmm
# Target file:     /crex/proj/snic2022-23-81/expression_algae/code/busco/trinity_VA-3180-Osg10Sin/run_chlorophyta_odb10/metaeuk_output/rerun_results/trinity_VA-3180-Osg10Sin.Trinity.fasta.modified.fas
# Option settings: hmmsearch --domtblout /crex/proj/snic2022-23-81/expression_algae/code/busco/trinity_VA-3180-Osg10Sin/run_chlorophyta_odb10/hmmer_output/rerun_results/5744at3041.out --cpu 1 /sw/bioinfo/BUSCO/v5_lineage_sets/lineages/chlorophyta_odb10/hmms/5744at3041.hmm /crex/proj/snic2022-23-81/expression_algae/code/busco/trinity_VA-3180-Osg10Sin/run_chlorophyta_odb10/metaeuk_output/rerun_results/trinity_VA-3180-Osg10Sin.Trinity.fasta.modified.fas 
# Current dir:     /crex/proj/snic2022-23-81/expression_algae/code/busco
# Date:            Fri Sep 23 10:15:28 2022
# [ok]
