#                                                                                         --- full sequence --- -------------- this domain -------------   hmm coord   ali coord   env coord
# target name                     accession   tlen query name           accession   qlen   E-value  score  bias   #  of  c-Evalue  i-Evalue  score  bias  from    to  from    to  from    to  acc description of target
#             ------------------- ---------- ----- -------------------- ---------- ----- --------- ------ ----- --- --- --------- --------- ------ ----- ----- ----- ----- ----- ----- ----- ---- ---------------------
TRINITY_DN2256_c0_g1_i1:3702-4901 -            400 6105at3041           -            276   2.7e-20   70.3   4.2   1   3   7.2e-10   1.4e-07   28.6   0.0     2   108     7   133     6   151 0.61 -
TRINITY_DN2256_c0_g1_i1:3702-4901 -            400 6105at3041           -            276   2.7e-20   70.3   4.2   2   3   0.00031      0.06   10.1   0.1   107   131   157   181   144   187 0.86 -
TRINITY_DN2256_c0_g1_i1:3702-4901 -            400 6105at3041           -            276   2.7e-20   70.3   4.2   3   3   1.8e-10   3.5e-08   30.6   0.2   166   273   278   400   258   400 0.82 -
TRINITY_DN2256_c0_g1_i2:2298-3497 -            400 6105at3041           -            276   2.7e-20   70.3   4.2   1   3   7.2e-10   1.4e-07   28.6   0.0     2   108     7   133     6   151 0.61 -
TRINITY_DN2256_c0_g1_i2:2298-3497 -            400 6105at3041           -            276   2.7e-20   70.3   4.2   2   3   0.00031      0.06   10.1   0.1   107   131   157   181   144   187 0.86 -
TRINITY_DN2256_c0_g1_i2:2298-3497 -            400 6105at3041           -            276   2.7e-20   70.3   4.2   3   3   1.8e-10   3.5e-08   30.6   0.2   166   273   278   400   258   400 0.82 -
TRINITY_DN90726_c0_g1_i1:93-1151  -            353 6105at3041           -            276   1.3e-18   64.8   0.1   1   3   2.3e-10   4.5e-08   30.2   0.0     2   114     1   135     1   143 0.76 -
TRINITY_DN90726_c0_g1_i1:93-1151  -            353 6105at3041           -            276   1.3e-18   64.8   0.1   2   3     0.018       3.4    4.4   0.0   103   132   146   176   136   203 0.78 -
TRINITY_DN90726_c0_g1_i1:93-1151  -            353 6105at3041           -            276   1.3e-18   64.8   0.1   3   3   6.4e-09   1.2e-06   25.5   0.0   164   233   272   350   257   351 0.88 -
TRINITY_DN2529_c0_g2_i2:145-1236  -            364 6105at3041           -            276   2.6e-18   63.8   0.6   1   4     4e-08   7.7e-06   22.9   0.0     3    56     1    53     1   100 0.79 -
TRINITY_DN2529_c0_g2_i2:145-1236  -            364 6105at3041           -            276   2.6e-18   63.8   0.6   2   4    0.0022      0.42    7.4   0.0    78   109   104   140    99   145 0.87 -
TRINITY_DN2529_c0_g2_i2:145-1236  -            364 6105at3041           -            276   2.6e-18   63.8   0.6   3   4    0.0038      0.74    6.5   0.2   111   129   166   184   158   198 0.89 -
TRINITY_DN2529_c0_g2_i2:145-1236  -            364 6105at3041           -            276   2.6e-18   63.8   0.6   4   4   6.6e-08   1.3e-05   22.2   0.0   162   232   281   364   271   364 0.74 -
TRINITY_DN5098_c0_g1_i1:711-1772  -            354 6105at3041           -            276   1.6e-16   57.9   3.6   1   3   3.9e-10   7.5e-08   29.5   0.3     2   111     1   133     1   138 0.75 -
TRINITY_DN5098_c0_g1_i1:711-1772  -            354 6105at3041           -            276   1.6e-16   57.9   3.6   2   3   0.00096      0.18    8.5   0.2   103   133   146   176   133   180 0.79 -
TRINITY_DN5098_c0_g1_i1:711-1772  -            354 6105at3041           -            276   1.6e-16   57.9   3.6   3   3   1.5e-06   0.00029   17.7   0.0   163   233   267   347   258   354 0.75 -
TRINITY_DN2529_c0_g2_i1:145-861   -            239 6105at3041           -            276     9e-12   42.4   0.8   1   3     2e-08   3.8e-06   23.9   0.0     3    56     1    53     1    96 0.79 -
TRINITY_DN2529_c0_g2_i1:145-861   -            239 6105at3041           -            276     9e-12   42.4   0.8   2   3    0.0011      0.22    8.3   0.0    78   109   104   140    97   145 0.87 -
TRINITY_DN2529_c0_g2_i1:145-861   -            239 6105at3041           -            276     9e-12   42.4   0.8   3   3    0.0021      0.41    7.4   0.1   111   129   166   184   157   202 0.90 -
TRINITY_DN3618_c0_g2_i1:21-875    -            285 6105at3041           -            276   1.7e-11   41.5   1.8   1   2   3.3e-11   6.4e-09   33.0   2.1     3   145     2   165     1   231 0.74 -
TRINITY_DN3618_c0_g2_i1:21-875    -            285 6105at3041           -            276   1.7e-11   41.5   1.8   2   2       3.3   6.4e+02   -3.1   0.0   167   187   264   285   261   285 0.83 -
TRINITY_DN90472_c0_g1_i1:231-1472 -            414 6105at3041           -            276   5.4e-11   39.8   9.3   1   4   3.7e-06   0.00071   16.5   0.5     1    55     1    56     1   151 0.75 -
TRINITY_DN90472_c0_g1_i1:231-1472 -            414 6105at3041           -            276   5.4e-11   39.8   9.3   2   4    0.0035      0.68    6.7   0.1   101   129   149   180   138   194 0.68 -
TRINITY_DN90472_c0_g1_i1:231-1472 -            414 6105at3041           -            276   5.4e-11   39.8   9.3   3   4    0.0057       1.1    6.0   0.2     4    39   163   193   160   236 0.67 -
TRINITY_DN90472_c0_g1_i1:231-1472 -            414 6105at3041           -            276   5.4e-11   39.8   9.3   4   4   1.5e-06   0.00029   17.8   0.5   166   272   286   413   205   414 0.67 -
TRINITY_DN21371_c0_g1_i1:85-975   -            297 6105at3041           -            276   1.7e-08   31.7   0.0   1   2   2.2e-09   4.2e-07   27.0   0.0    28   134     1   138     1   144 0.67 -
TRINITY_DN21371_c0_g1_i1:85-975   -            297 6105at3041           -            276   1.7e-08   31.7   0.0   2   2      0.23        45    0.7   0.0   157   197   210   255   202   274 0.70 -
TRINITY_DN91170_c0_g1_i1:42-962   -            307 6105at3041           -            276   3.6e-08   30.5   0.3   1   2    0.0011      0.21    8.4   0.3    78   110    51    88    18   135 0.64 -
TRINITY_DN91170_c0_g1_i1:42-962   -            307 6105at3041           -            276   3.6e-08   30.5   0.3   2   2   2.3e-05    0.0044   13.9   0.0   157   232   220   307   207   307 0.83 -
TRINITY_DN10689_c0_g2_i1:89-811   -            241 6105at3041           -            276     2e-07   28.1   1.2   1   4      0.02       3.8    4.2   0.0    78   110     1    38     1    51 0.85 -
TRINITY_DN10689_c0_g2_i1:89-811   -            241 6105at3041           -            276     2e-07   28.1   1.2   2   4    0.0012      0.23    8.2   0.0   110   132    64    86    47    90 0.83 -
TRINITY_DN10689_c0_g2_i1:89-811   -            241 6105at3041           -            276     2e-07   28.1   1.2   3   4      0.25        48    0.6   0.0    64   107   142   186   134   192 0.77 -
TRINITY_DN10689_c0_g2_i1:89-811   -            241 6105at3041           -            276     2e-07   28.1   1.2   4   4   0.00012     0.024   11.4   0.0   167   204   196   240   168   241 0.76 -
TRINITY_DN59617_c0_g1_i1:16-705   -            230 6105at3041           -            276   0.00037   17.4   2.0   1   4     0.062        12    2.6   0.0    78   102     1    30     1    38 0.71 -
TRINITY_DN59617_c0_g1_i1:16-705   -            230 6105at3041           -            276   0.00037   17.4   2.0   2   4    0.0025      0.48    7.2   0.2   110   129    59    78    44    85 0.81 -
TRINITY_DN59617_c0_g1_i1:16-705   -            230 6105at3041           -            276   0.00037   17.4   2.0   3   4         1     2e+02   -1.4   0.0    19    39    88   108    83   141 0.80 -
TRINITY_DN59617_c0_g1_i1:16-705   -            230 6105at3041           -            276   0.00037   17.4   2.0   4   4     0.014       2.7    4.7   0.0   166   205   179   230   160   230 0.68 -
TRINITY_DN42_c0_g3_i3:181-1344    -            388 6105at3041           -            276    0.0022   14.8   3.3   1   3      0.29        57    0.4   0.1     4    32     1    26     1    30 0.79 -
TRINITY_DN42_c0_g3_i3:181-1344    -            388 6105at3041           -            276    0.0022   14.8   3.3   2   3   0.00053       0.1    9.4   0.4   106   155   162   215   149   256 0.66 -
TRINITY_DN42_c0_g3_i3:181-1344    -            388 6105at3041           -            276    0.0022   14.8   3.3   3   3     0.031       6.1    3.6   0.0   154   189   268   304   256   324 0.75 -
TRINITY_DN42_c0_g4_i1:374-1384    -            337 6105at3041           -            276    0.0024   14.7   5.2   1   4       0.3        58    0.3   0.3     4    34     2    29     1    32 0.81 -
TRINITY_DN42_c0_g4_i1:374-1384    -            337 6105at3041           -            276    0.0024   14.7   5.2   2   4   0.00072      0.14    8.9   0.3   106   138   163   195   116   245 0.81 -
TRINITY_DN42_c0_g4_i1:374-1384    -            337 6105at3041           -            276    0.0024   14.7   5.2   3   4       1.2   2.3e+02   -1.6   0.0    60    89   235   264   221   272 0.79 -
TRINITY_DN42_c0_g4_i1:374-1384    -            337 6105at3041           -            276    0.0024   14.7   5.2   4   4    0.0089       1.7    5.4   0.0   164   189   281   306   267   327 0.80 -
TRINITY_DN28_c0_g1_i16:4936-5937  -            334 6105at3041           -            276     0.027   11.3   1.4   1   4    0.0025      0.48    7.2   0.0     3    26    17    40    15    50 0.88 -
TRINITY_DN28_c0_g1_i16:4936-5937  -            334 6105at3041           -            276     0.027   11.3   1.4   2   4      0.21        40    0.9   0.1   110   138   197   225   181   248 0.78 -
TRINITY_DN28_c0_g1_i16:4936-5937  -            334 6105at3041           -            276     0.027   11.3   1.4   3   4       1.4   2.7e+02   -1.8   0.0    64    89   268   294   260   318 0.76 -
TRINITY_DN28_c0_g1_i16:4936-5937  -            334 6105at3041           -            276     0.027   11.3   1.4   4   4      0.64   1.2e+02   -0.7   0.0   152   187   298   334   289   334 0.86 -
TRINITY_DN28_c0_g1_i3:4918-5919   -            334 6105at3041           -            276     0.027   11.3   1.4   1   4    0.0025      0.48    7.2   0.0     3    26    17    40    15    50 0.88 -
TRINITY_DN28_c0_g1_i3:4918-5919   -            334 6105at3041           -            276     0.027   11.3   1.4   2   4      0.21        40    0.9   0.1   110   138   197   225   181   248 0.78 -
TRINITY_DN28_c0_g1_i3:4918-5919   -            334 6105at3041           -            276     0.027   11.3   1.4   3   4       1.4   2.7e+02   -1.8   0.0    64    89   268   294   260   318 0.76 -
TRINITY_DN28_c0_g1_i3:4918-5919   -            334 6105at3041           -            276     0.027   11.3   1.4   4   4      0.64   1.2e+02   -0.7   0.0   152   187   298   334   289   334 0.86 -
TRINITY_DN28_c0_g1_i8:4936-5937   -            334 6105at3041           -            276     0.034   10.9   1.3   1   3    0.0025      0.48    7.2   0.0     3    26    17    40    15    50 0.88 -
TRINITY_DN28_c0_g1_i8:4936-5937   -            334 6105at3041           -            276     0.034   10.9   1.3   2   3       0.2        39    0.9   0.1   110   138   197   225   181   249 0.78 -
TRINITY_DN28_c0_g1_i8:4936-5937   -            334 6105at3041           -            276     0.034   10.9   1.3   3   3       0.5        97   -0.4   0.0   152   187   298   334   266   334 0.80 -
#
# Program:         hmmsearch
# Version:         3.2.1 (June 2018)
# Pipeline mode:   SEARCH
# Query file:      /sw/bioinfo/BUSCO/v5_lineage_sets/lineages/chlorophyta_odb10/hmms/6105at3041.hmm
# Target file:     /crex/proj/snic2022-23-81/expression_algae/code/busco/trinity_VA-3180-Osg10Sin/run_chlorophyta_odb10/metaeuk_output/rerun_results/trinity_VA-3180-Osg10Sin.Trinity.fasta.modified.fas
# Option settings: hmmsearch --domtblout /crex/proj/snic2022-23-81/expression_algae/code/busco/trinity_VA-3180-Osg10Sin/run_chlorophyta_odb10/hmmer_output/rerun_results/6105at3041.out --cpu 1 /sw/bioinfo/BUSCO/v5_lineage_sets/lineages/chlorophyta_odb10/hmms/6105at3041.hmm /crex/proj/snic2022-23-81/expression_algae/code/busco/trinity_VA-3180-Osg10Sin/run_chlorophyta_odb10/metaeuk_output/rerun_results/trinity_VA-3180-Osg10Sin.Trinity.fasta.modified.fas 
# Current dir:     /crex/proj/snic2022-23-81/expression_algae/code/busco
# Date:            Fri Sep 23 10:15:26 2022
# [ok]
