#                                                                                          --- full sequence --- -------------- this domain -------------   hmm coord   ali coord   env coord
# target name                      accession   tlen query name           accession   qlen   E-value  score  bias   #  of  c-Evalue  i-Evalue  score  bias  from    to  from    to  from    to  acc description of target
#              ------------------- ---------- ----- -------------------- ---------- ----- --------- ------ ----- --- --- --------- --------- ------ ----- ----- ----- ----- ----- ----- ----- ---- ---------------------
TRINITY_DN7816_c0_g1_i2:146-709    -            188 6986at3041           -            275   1.8e-33  113.8  14.4   1   3   7.5e-15   1.7e-13   48.3   0.4    84   151     5    71     1    73 0.91 -
TRINITY_DN7816_c0_g1_i2:146-709    -            188 6986at3041           -            275   1.8e-33  113.8  14.4   2   3   5.7e-14   1.3e-12   45.4   0.5    86   146    49   108    48   113 0.95 -
TRINITY_DN7816_c0_g1_i2:146-709    -            188 6986at3041           -            275   1.8e-33  113.8  14.4   3   3     1e-12   2.3e-11   41.3   1.7    20   140    71   188    69   188 0.86 -
TRINITY_DN1455_c0_g1_i4:302-1189   -            296 6986at3041           -            275   9.4e-30  101.6  13.0   1   4   6.2e-10   1.4e-08   32.2   0.1    86   148    28    89    10    99 0.89 -
TRINITY_DN1455_c0_g1_i4:302-1189   -            296 6986at3041           -            275   9.4e-30  101.6  13.0   2   4   2.1e-11   4.8e-10   37.0   0.4    78   149   104   174    93   194 0.83 -
TRINITY_DN1455_c0_g1_i4:302-1189   -            296 6986at3041           -            275   9.4e-30  101.6  13.0   3   4   2.2e-09   5.1e-08   30.4   0.2    86   152   154   219   147   220 0.92 -
TRINITY_DN1455_c0_g1_i4:302-1189   -            296 6986at3041           -            275   9.4e-30  101.6  13.0   4   4   2.5e-09   5.8e-08   30.2   0.4    76   152   190   261   172   295 0.79 -
TRINITY_DN2487_c0_g1_i5:107-940    -            278 6986at3041           -            275   1.5e-27   94.4   7.9   1   3   5.1e-12   1.2e-10   39.0   0.1    24   150     1   123     1   126 0.87 -
TRINITY_DN2487_c0_g1_i5:107-940    -            278 6986at3041           -            275   1.5e-27   94.4   7.9   2   3   8.4e-13   1.9e-11   41.6   1.8    32   152    96   209    82   217 0.89 -
TRINITY_DN2487_c0_g1_i5:107-940    -            278 6986at3041           -            275   1.5e-27   94.4   7.9   3   3   2.3e-09   5.2e-08   30.3   0.1    32   136   180   277   166   278 0.75 -
TRINITY_DN2487_c0_g1_i6:107-940    -            278 6986at3041           -            275   1.5e-27   94.4   7.9   1   3   5.1e-12   1.2e-10   39.0   0.1    24   150     1   123     1   126 0.87 -
TRINITY_DN2487_c0_g1_i6:107-940    -            278 6986at3041           -            275   1.5e-27   94.4   7.9   2   3   8.4e-13   1.9e-11   41.6   1.8    32   152    96   209    82   217 0.89 -
TRINITY_DN2487_c0_g1_i6:107-940    -            278 6986at3041           -            275   1.5e-27   94.4   7.9   3   3   2.3e-09   5.2e-08   30.3   0.1    32   136   180   277   166   278 0.75 -
TRINITY_DN9863_c0_g3_i1:15-629     -            205 6986at3041           -            275     1e-26   91.7  20.1   1   3   1.8e-09   4.2e-08   30.6   0.1   106   151     2    47     1    49 0.94 -
TRINITY_DN9863_c0_g3_i1:15-629     -            205 6986at3041           -            275     1e-26   91.7  20.1   2   3   3.4e-17   7.7e-16   56.0   9.2    20   150    47   172    45   175 0.93 -
TRINITY_DN9863_c0_g3_i1:15-629     -            205 6986at3041           -            275     1e-26   91.7  20.1   3   3   1.2e-07   2.7e-06   24.7   0.8    85   141   150   205   147   205 0.94 -
TRINITY_DN26527_c0_g1_i1:489-2357  -            623 6986at3041           -            275   1.4e-25   88.0  15.3   1   6   1.2e-05   0.00028   18.1   0.1    87   148     9    69     2    82 0.90 -
TRINITY_DN26527_c0_g1_i1:489-2357  -            623 6986at3041           -            275   1.4e-25   88.0  15.3   2   6   0.00015    0.0035   14.5   0.2    83   151    89   161    76   260 0.71 -
TRINITY_DN26527_c0_g1_i1:489-2357  -            623 6986at3041           -            275   1.4e-25   88.0  15.3   3   6      0.24       5.5    4.0   0.1    84   121   224   260   202   332 0.66 -
TRINITY_DN26527_c0_g1_i1:489-2357  -            623 6986at3041           -            275   1.4e-25   88.0  15.3   4   6   0.00011    0.0026   14.9   0.0   150   218   389   460   383   465 0.89 -
TRINITY_DN26527_c0_g1_i1:489-2357  -            623 6986at3041           -            275   1.4e-25   88.0  15.3   5   6   0.00015    0.0035   14.5   0.3    73   143   473   537   462   543 0.67 -
TRINITY_DN26527_c0_g1_i1:489-2357  -            623 6986at3041           -            275   1.4e-25   88.0  15.3   6   6   2.8e-08   6.3e-07   26.8   0.5    20   100   545   622   538   623 0.89 -
TRINITY_DN1647_c0_g1_i33:2673-4613 -            647 6986at3041           -            275   2.2e-25   87.3  18.5   1   5     7e-12   1.6e-10   38.6   0.3    32   144     4   109     2   119 0.91 -
TRINITY_DN1647_c0_g1_i33:2673-4613 -            647 6986at3041           -            275   2.2e-25   87.3  18.5   2   5    0.0013      0.03   11.4   0.1    82   147   132   196   121   248 0.69 -
TRINITY_DN1647_c0_g1_i33:2673-4613 -            647 6986at3041           -            275   2.2e-25   87.3  18.5   3   5      0.26         6    3.9   0.2    84   102   261   280   248   374 0.77 -
TRINITY_DN1647_c0_g1_i33:2673-4613 -            647 6986at3041           -            275   2.2e-25   87.3  18.5   4   5   0.00037    0.0084   13.2   0.1    86   145   471   530   451   536 0.76 -
TRINITY_DN1647_c0_g1_i33:2673-4613 -            647 6986at3041           -            275   2.2e-25   87.3  18.5   5   5   1.1e-10   2.6e-09   34.6   1.2    25   146   499   616   493   627 0.87 -
TRINITY_DN771_c0_g1_i1:53-616      -            188 6986at3041           -            275   1.2e-24   84.9   7.9   1   2   9.2e-12   2.1e-10   38.2   0.5    82   153     3    73     1    81 0.91 -
TRINITY_DN771_c0_g1_i1:53-616      -            188 6986at3041           -            275   1.2e-24   84.9   7.9   2   2   6.7e-16   1.5e-14   51.7   2.1    20   142    71   188    69   188 0.93 -
TRINITY_DN5278_c0_g1_i4:179-898    -            240 6986at3041           -            275   1.5e-24   84.6   7.6   1   3   5.8e-10   1.3e-08   32.3   0.1    77   149    19    95     2   100 0.79 -
TRINITY_DN5278_c0_g1_i4:179-898    -            240 6986at3041           -            275   1.5e-24   84.6   7.6   2   3   9.4e-08   2.2e-06   25.0   0.1    87   153    76   140    76   147 0.90 -
TRINITY_DN5278_c0_g1_i4:179-898    -            240 6986at3041           -            275   1.5e-24   84.6   7.6   3   3   1.3e-13   3.1e-12   44.2   0.6    24   151   101   227    97   236 0.83 -
TRINITY_DN1455_c0_g1_i6:302-1081   -            260 6986at3041           -            275   1.6e-24   84.5   7.5   1   3   4.4e-10     1e-08   32.7   0.1    86   148    28    89     8   103 0.89 -
TRINITY_DN1455_c0_g1_i6:302-1081   -            260 6986at3041           -            275   1.6e-24   84.5   7.5   2   3   3.6e-11   8.2e-10   36.2   0.3    79   147   105   172    94   176 0.90 -
TRINITY_DN1455_c0_g1_i6:302-1081   -            260 6986at3041           -            275   1.6e-24   84.5   7.5   3   3   2.1e-09   4.9e-08   30.4   1.0    87   155   155   222   154   240 0.87 -
TRINITY_DN5256_c0_g1_i3:76-534     -            153 6986at3041           -            275   6.9e-23   79.1   9.1   1   2   1.6e-11   3.6e-10   37.4   0.3    83   166    11    97     2    99 0.82 -
TRINITY_DN5256_c0_g1_i3:76-534     -            153 6986at3041           -            275   6.9e-23   79.1   9.1   2   2     7e-16   1.6e-14   51.7   3.2    23   142    39   153    37   153 0.92 -
TRINITY_DN2487_c0_g1_i2:244-957    -            238 6986at3041           -            275   7.1e-23   79.1   0.9   1   2     8e-16   1.8e-14   51.5   0.2     5   151    17   164    16   176 0.84 -
TRINITY_DN2487_c0_g1_i2:244-957    -            238 6986at3041           -            275   7.1e-23   79.1   0.9   2   2   8.2e-07   1.9e-05   21.9   0.2    63   140   166   237   163   238 0.78 -
TRINITY_DN3588_c0_g1_i5:1591-2430  -            280 6986at3041           -            275   1.2e-22   78.4   3.3   1   3       0.7        16    2.5   0.0   108   146     5    43     2    47 0.79 -
TRINITY_DN3588_c0_g1_i5:1591-2430  -            280 6986at3041           -            275   1.2e-22   78.4   3.3   2   3     4e-15   9.2e-14   49.2   0.1    21   143    49   166    46   175 0.93 -
TRINITY_DN3588_c0_g1_i5:1591-2430  -            280 6986at3041           -            275   1.2e-22   78.4   3.3   3   3   4.2e-08   9.7e-07   26.2   0.2    86   142   223   280   197   280 0.87 -
TRINITY_DN13728_c3_g1_i1:53-994    -            314 6986at3041           -            275   1.5e-22   78.0  13.4   1   4   4.6e-05    0.0011   16.2   0.1   106   146    27    67    22    71 0.92 -
TRINITY_DN13728_c3_g1_i1:53-994    -            314 6986at3041           -            275   1.5e-22   78.0  13.4   2   4   2.6e-11   5.9e-10   36.7   1.4    56   151    67   156    63   168 0.86 -
TRINITY_DN13728_c3_g1_i1:53-994    -            314 6986at3041           -            275   1.5e-22   78.0  13.4   3   4      0.01      0.23    8.5   0.1   226   250   175   199   171   216 0.71 -
TRINITY_DN13728_c3_g1_i1:53-994    -            314 6986at3041           -            275   1.5e-22   78.0  13.4   4   4   2.3e-06   5.3e-05   20.5   0.3    21   141   199   314   198   314 0.82 -
TRINITY_DN3588_c0_g1_i1:149-976    -            276 6986at3041           -            275   2.6e-22   77.2   3.7   1   3       1.5        35    1.4   0.0   114   146     7    39     2    43 0.71 -
TRINITY_DN3588_c0_g1_i1:149-976    -            276 6986at3041           -            275   2.6e-22   77.2   3.7   2   3   4.1e-15   9.4e-14   49.2   0.1    21   143    45   162    43   171 0.93 -
TRINITY_DN3588_c0_g1_i1:149-976    -            276 6986at3041           -            275   2.6e-22   77.2   3.7   3   3   4.1e-08   9.4e-07   26.2   0.2    86   142   219   276   193   276 0.87 -
TRINITY_DN3588_c0_g1_i2:1591-2418  -            276 6986at3041           -            275   2.6e-22   77.2   3.7   1   3       1.5        35    1.4   0.0   114   146     7    39     2    43 0.71 -
TRINITY_DN3588_c0_g1_i2:1591-2418  -            276 6986at3041           -            275   2.6e-22   77.2   3.7   2   3   4.1e-15   9.4e-14   49.2   0.1    21   143    45   162    43   171 0.93 -
TRINITY_DN3588_c0_g1_i2:1591-2418  -            276 6986at3041           -            275   2.6e-22   77.2   3.7   3   3   4.1e-08   9.4e-07   26.2   0.2    86   142   219   276   193   276 0.87 -
TRINITY_DN3588_c0_g1_i7:1591-2286  -            232 6986at3041           -            275   3.9e-22   76.6   1.6   1   2   3.4e-15   7.8e-14   49.4   0.1    22   143     2   118     1   128 0.92 -
TRINITY_DN3588_c0_g1_i7:1591-2286  -            232 6986at3041           -            275   3.9e-22   76.6   1.6   2   2     3e-08   6.8e-07   26.7   0.2    86   142   175   232   148   232 0.87 -
TRINITY_DN1159_c0_g1_i6:1-1713     -            571 6986at3041           -            275     5e-21   73.0  11.2   1   5   0.00015    0.0034   14.6   0.1    64   154     2    93     1   140 0.76 -
TRINITY_DN1159_c0_g1_i6:1-1713     -            571 6986at3041           -            275     5e-21   73.0  11.2   2   5       2.4        56    0.7   0.1    30   100   149   215   144   226 0.75 -
TRINITY_DN1159_c0_g1_i6:1-1713     -            571 6986at3041           -            275     5e-21   73.0  11.2   3   5       1.4        33    1.5   0.0   212   246   282   322   265   330 0.75 -
TRINITY_DN1159_c0_g1_i6:1-1713     -            571 6986at3041           -            275     5e-21   73.0  11.2   4   5   1.4e-11   3.2e-10   37.6   0.3    32   144   339   447   329   460 0.90 -
TRINITY_DN1159_c0_g1_i6:1-1713     -            571 6986at3041           -            275     5e-21   73.0  11.2   5   5   1.8e-06   4.2e-05   20.8   0.1    82   151   469   538   456   561 0.85 -
TRINITY_DN5278_c0_g1_i2:211-966    -            252 6986at3041           -            275   1.2e-20   71.7   4.0   1   3   2.9e-08   6.7e-07   26.7   0.1    84   153    15    82     4    88 0.88 -
TRINITY_DN5278_c0_g1_i2:211-966    -            252 6986at3041           -            275   1.2e-20   71.7   4.0   2   3   1.8e-12   4.2e-11   40.5   0.2    65   177    87   196    81   209 0.79 -
TRINITY_DN5278_c0_g1_i2:211-966    -            252 6986at3041           -            275   1.2e-20   71.7   4.0   3   3      0.13       2.9    4.9   0.0    82    99   234   251   214   252 0.84 -
TRINITY_DN771_c0_g1_i15:5-490      -            162 6986at3041           -            275   2.6e-20   70.7   5.3   1   2   1.1e-05   0.00024   18.3   0.0   109   151     3    45     1    47 0.92 -
TRINITY_DN771_c0_g1_i15:5-490      -            162 6986at3041           -            275   2.6e-20   70.7   5.3   2   2   3.7e-16   8.6e-15   52.6   2.8    20   142    45   162    44   162 0.93 -
TRINITY_DN1647_c0_g1_i10:2636-4423 -            596 6986at3041           -            275   4.6e-20   69.9  18.3   1   5    0.0013      0.03   11.4   0.1    83   146    14    76     4   126 0.69 -
TRINITY_DN1647_c0_g1_i10:2636-4423 -            596 6986at3041           -            275   4.6e-20   69.9  18.3   2   5      0.24       5.5    4.0   0.2    84   102   142   161   129   253 0.78 -
TRINITY_DN1647_c0_g1_i10:2636-4423 -            596 6986at3041           -            275   4.6e-20   69.9  18.3   3   5    0.0003    0.0069   13.5   0.2    84   145   349   411   319   415 0.76 -
TRINITY_DN1647_c0_g1_i10:2636-4423 -            596 6986at3041           -            275   4.6e-20   69.9  18.3   4   5     5e-11   1.1e-09   35.8   1.0    25   146   380   497   375   527 0.82 -
TRINITY_DN1647_c0_g1_i10:2636-4423 -            596 6986at3041           -            275   4.6e-20   69.9  18.3   5   5   1.1e-11   2.6e-10   37.9   2.1    23   156   463   593   463   595 0.86 -
TRINITY_DN1647_c0_g1_i23:2636-4423 -            596 6986at3041           -            275   4.6e-20   69.9  18.3   1   5    0.0013      0.03   11.4   0.1    83   146    14    76     4   126 0.69 -
TRINITY_DN1647_c0_g1_i23:2636-4423 -            596 6986at3041           -            275   4.6e-20   69.9  18.3   2   5      0.24       5.5    4.0   0.2    84   102   142   161   129   253 0.78 -
TRINITY_DN1647_c0_g1_i23:2636-4423 -            596 6986at3041           -            275   4.6e-20   69.9  18.3   3   5    0.0003    0.0069   13.5   0.2    84   145   349   411   319   415 0.76 -
TRINITY_DN1647_c0_g1_i23:2636-4423 -            596 6986at3041           -            275   4.6e-20   69.9  18.3   4   5     5e-11   1.1e-09   35.8   1.0    25   146   380   497   375   527 0.82 -
TRINITY_DN1647_c0_g1_i23:2636-4423 -            596 6986at3041           -            275   4.6e-20   69.9  18.3   5   5   1.1e-11   2.6e-10   37.9   2.1    23   156   463   593   463   595 0.86 -
TRINITY_DN1647_c0_g1_i29:350-2137  -            596 6986at3041           -            275   4.6e-20   69.9  18.3   1   5    0.0013      0.03   11.4   0.1    83   146    14    76     4   126 0.69 -
TRINITY_DN1647_c0_g1_i29:350-2137  -            596 6986at3041           -            275   4.6e-20   69.9  18.3   2   5      0.24       5.5    4.0   0.2    84   102   142   161   129   253 0.78 -
TRINITY_DN1647_c0_g1_i29:350-2137  -            596 6986at3041           -            275   4.6e-20   69.9  18.3   3   5    0.0003    0.0069   13.5   0.2    84   145   349   411   319   415 0.76 -
TRINITY_DN1647_c0_g1_i29:350-2137  -            596 6986at3041           -            275   4.6e-20   69.9  18.3   4   5     5e-11   1.1e-09   35.8   1.0    25   146   380   497   375   527 0.82 -
TRINITY_DN1647_c0_g1_i29:350-2137  -            596 6986at3041           -            275   4.6e-20   69.9  18.3   5   5   1.1e-11   2.6e-10   37.9   2.1    23   156   463   593   463   595 0.86 -
TRINITY_DN1647_c0_g1_i31:2636-4423 -            596 6986at3041           -            275   4.6e-20   69.9  18.3   1   5    0.0013      0.03   11.4   0.1    83   146    14    76     4   126 0.69 -
TRINITY_DN1647_c0_g1_i31:2636-4423 -            596 6986at3041           -            275   4.6e-20   69.9  18.3   2   5      0.24       5.5    4.0   0.2    84   102   142   161   129   253 0.78 -
TRINITY_DN1647_c0_g1_i31:2636-4423 -            596 6986at3041           -            275   4.6e-20   69.9  18.3   3   5    0.0003    0.0069   13.5   0.2    84   145   349   411   319   415 0.76 -
TRINITY_DN1647_c0_g1_i31:2636-4423 -            596 6986at3041           -            275   4.6e-20   69.9  18.3   4   5     5e-11   1.1e-09   35.8   1.0    25   146   380   497   375   527 0.82 -
TRINITY_DN1647_c0_g1_i31:2636-4423 -            596 6986at3041           -            275   4.6e-20   69.9  18.3   5   5   1.1e-11   2.6e-10   37.9   2.1    23   156   463   593   463   595 0.86 -
TRINITY_DN1647_c0_g1_i34:826-2613  -            596 6986at3041           -            275   4.6e-20   69.9  18.3   1   5    0.0013      0.03   11.4   0.1    83   146    14    76     4   126 0.69 -
TRINITY_DN1647_c0_g1_i34:826-2613  -            596 6986at3041           -            275   4.6e-20   69.9  18.3   2   5      0.24       5.5    4.0   0.2    84   102   142   161   129   253 0.78 -
TRINITY_DN1647_c0_g1_i34:826-2613  -            596 6986at3041           -            275   4.6e-20   69.9  18.3   3   5    0.0003    0.0069   13.5   0.2    84   145   349   411   319   415 0.76 -
TRINITY_DN1647_c0_g1_i34:826-2613  -            596 6986at3041           -            275   4.6e-20   69.9  18.3   4   5     5e-11   1.1e-09   35.8   1.0    25   146   380   497   375   527 0.82 -
TRINITY_DN1647_c0_g1_i34:826-2613  -            596 6986at3041           -            275   4.6e-20   69.9  18.3   5   5   1.1e-11   2.6e-10   37.9   2.1    23   156   463   593   463   595 0.86 -
TRINITY_DN1647_c0_g1_i33:3534-5264 -            577 6986at3041           -            275   4.7e-20   69.8  17.1   1   5     0.059       1.4    6.0   0.2    31   102     2    64     1    77 0.43 -
TRINITY_DN1647_c0_g1_i33:3534-5264 -            577 6986at3041           -            275   4.7e-20   69.8  17.1   2   5    0.0004    0.0092   13.1   0.1    86   147    90   155    84   170 0.83 -
TRINITY_DN1647_c0_g1_i33:3534-5264 -            577 6986at3041           -            275   4.7e-20   69.8  17.1   3   5   3.7e-13   8.4e-12   42.8   0.3    17   144   204   326   201   341 0.89 -
TRINITY_DN1647_c0_g1_i33:3534-5264 -            577 6986at3041           -            275   4.7e-20   69.8  17.1   4   5   0.00099     0.023   11.8   0.1    82   147   349   413   334   469 0.69 -
TRINITY_DN1647_c0_g1_i33:3534-5264 -            577 6986at3041           -            275   4.7e-20   69.8  17.1   5   5      0.33       7.7    3.5   0.2    84   102   478   497   466   515 0.77 -
TRINITY_DN5880_c0_g1_i1:217-1041   -            275 6986at3041           -            275   1.8e-19   67.9   8.2   1   3   5.5e-08   1.3e-06   25.8   0.1    88   148     5    64     2    72 0.88 -
TRINITY_DN5880_c0_g1_i1:217-1041   -            275 6986at3041           -            275   1.8e-19   67.9   8.2   2   3   1.9e-12   4.3e-11   40.5   0.6    21   157    68   198    64   204 0.84 -
TRINITY_DN5880_c0_g1_i1:217-1041   -            275 6986at3041           -            275   1.8e-19   67.9   8.2   3   3      0.16       3.7    4.6   0.3    86   141   212   274   201   275 0.57 -
TRINITY_DN1647_c0_g1_i10:4229-5425 -            399 6986at3041           -            275   2.4e-19   67.5  11.3   1   4     0.011      0.25    8.4   1.4   126   217     4   109     1   110 0.60 -
TRINITY_DN1647_c0_g1_i10:4229-5425 -            399 6986at3041           -            275   2.4e-19   67.5  11.3   2   4   0.00015    0.0035   14.5   0.5    86   147    88   153    45   187 0.80 -
TRINITY_DN1647_c0_g1_i10:4229-5425 -            399 6986at3041           -            275   2.4e-19   67.5  11.3   3   4     2e-13   4.6e-12   43.6   0.3    17   144   202   324   199   335 0.89 -
TRINITY_DN1647_c0_g1_i10:4229-5425 -            399 6986at3041           -            275   2.4e-19   67.5  11.3   4   4     0.011      0.24    8.5   0.1    82   123   347   387   336   399 0.70 -
TRINITY_DN1647_c0_g1_i23:4229-5425 -            399 6986at3041           -            275   2.4e-19   67.5  11.3   1   4     0.011      0.25    8.4   1.4   126   217     4   109     1   110 0.60 -
TRINITY_DN1647_c0_g1_i23:4229-5425 -            399 6986at3041           -            275   2.4e-19   67.5  11.3   2   4   0.00015    0.0035   14.5   0.5    86   147    88   153    45   187 0.80 -
TRINITY_DN1647_c0_g1_i23:4229-5425 -            399 6986at3041           -            275   2.4e-19   67.5  11.3   3   4     2e-13   4.6e-12   43.6   0.3    17   144   202   324   199   335 0.89 -
TRINITY_DN1647_c0_g1_i23:4229-5425 -            399 6986at3041           -            275   2.4e-19   67.5  11.3   4   4     0.011      0.24    8.5   0.1    82   123   347   387   336   399 0.70 -
TRINITY_DN1647_c0_g1_i29:1943-3139 -            399 6986at3041           -            275   2.4e-19   67.5  11.3   1   4     0.011      0.25    8.4   1.4   126   217     4   109     1   110 0.60 -
TRINITY_DN1647_c0_g1_i29:1943-3139 -            399 6986at3041           -            275   2.4e-19   67.5  11.3   2   4   0.00015    0.0035   14.5   0.5    86   147    88   153    45   187 0.80 -
TRINITY_DN1647_c0_g1_i29:1943-3139 -            399 6986at3041           -            275   2.4e-19   67.5  11.3   3   4     2e-13   4.6e-12   43.6   0.3    17   144   202   324   199   335 0.89 -
TRINITY_DN1647_c0_g1_i29:1943-3139 -            399 6986at3041           -            275   2.4e-19   67.5  11.3   4   4     0.011      0.24    8.5   0.1    82   123   347   387   336   399 0.70 -
TRINITY_DN1647_c0_g1_i34:2419-3615 -            399 6986at3041           -            275   2.4e-19   67.5  11.3   1   4     0.011      0.25    8.4   1.4   126   217     4   109     1   110 0.60 -
TRINITY_DN1647_c0_g1_i34:2419-3615 -            399 6986at3041           -            275   2.4e-19   67.5  11.3   2   4   0.00015    0.0035   14.5   0.5    86   147    88   153    45   187 0.80 -
TRINITY_DN1647_c0_g1_i34:2419-3615 -            399 6986at3041           -            275   2.4e-19   67.5  11.3   3   4     2e-13   4.6e-12   43.6   0.3    17   144   202   324   199   335 0.89 -
TRINITY_DN1647_c0_g1_i34:2419-3615 -            399 6986at3041           -            275   2.4e-19   67.5  11.3   4   4     0.011      0.24    8.5   0.1    82   123   347   387   336   399 0.70 -
TRINITY_DN9863_c0_g3_i2:15-461     -            149 6986at3041           -            275   2.4e-19   67.5  13.5   1   2   3.6e-16   8.2e-15   52.6   7.1    32   150     5   116     2   119 0.94 -
TRINITY_DN9863_c0_g3_i2:15-461     -            149 6986at3041           -            275   2.4e-19   67.5  13.5   2   2   8.2e-08   1.9e-06   25.2   0.4    86   141    95   149    94   149 0.95 -
TRINITY_DN9455_c0_g1_i1:525-1391   -            289 6986at3041           -            275   3.3e-19   67.0   0.6   1   2   2.8e-10   6.4e-09   33.3   0.1    33   143    50   155    45   160 0.83 -
TRINITY_DN9455_c0_g1_i1:525-1391   -            289 6986at3041           -            275   3.3e-19   67.0   0.6   2   2   4.5e-09     1e-07   29.3   0.0    18   121   161   261   159   288 0.68 -
TRINITY_DN9455_c0_g1_i4:525-1391   -            289 6986at3041           -            275   3.3e-19   67.0   0.6   1   2   2.8e-10   6.4e-09   33.3   0.1    33   143    50   155    45   160 0.83 -
TRINITY_DN9455_c0_g1_i4:525-1391   -            289 6986at3041           -            275   3.3e-19   67.0   0.6   2   2   4.5e-09     1e-07   29.3   0.0    18   121   161   261   159   288 0.68 -
TRINITY_DN16280_c0_g1_i1:23-565    -            181 6986at3041           -            275   5.5e-19   66.3   2.4   1   2   3.1e-10   7.2e-09   33.1   0.1    89   148     2    60     1    64 0.90 -
TRINITY_DN16280_c0_g1_i1:23-565    -            181 6986at3041           -            275   5.5e-19   66.3   2.4   2   2     2e-09   4.5e-08   30.5   0.4    34   141    79   181    65   181 0.85 -
TRINITY_DN4989_c0_g1_i1:207-1007   -            267 6986at3041           -            275     9e-19   65.6   2.7   1   3   6.3e-07   1.4e-05   22.3   0.2    84   155    13    82     7   114 0.78 -
TRINITY_DN4989_c0_g1_i1:207-1007   -            267 6986at3041           -            275     9e-19   65.6   2.7   2   3   3.2e-06   7.3e-05   20.0   0.1    89   153   100   163    90   176 0.82 -
TRINITY_DN4989_c0_g1_i1:207-1007   -            267 6986at3041           -            275     9e-19   65.6   2.7   3   3   4.2e-07   9.7e-06   22.9   0.0    81   148   185   251   176   262 0.87 -
TRINITY_DN1159_c0_g1_i3:1-735      -            245 6986at3041           -            275   6.5e-18   62.8   4.1   1   3   3.3e-12   7.5e-11   39.6   0.4    32   144    13   121     5   129 0.90 -
TRINITY_DN1159_c0_g1_i3:1-735      -            245 6986at3041           -            275   6.5e-18   62.8   4.1   2   3   4.2e-07   9.6e-06   22.9   0.1    82   151   143   212   129   235 0.84 -
TRINITY_DN1159_c0_g1_i3:1-735      -            245 6986at3041           -            275   6.5e-18   62.8   4.1   3   3       2.4        54    0.7   0.1    65    99   216   245   212   245 0.58 -
TRINITY_DN8424_c0_g1_i1:135-638    -            168 6986at3041           -            275   1.2e-17   61.9   3.0   1   2   0.00011    0.0026   14.9   0.0    84   138     8    59     2    61 0.83 -
TRINITY_DN8424_c0_g1_i1:135-638    -            168 6986at3041           -            275   1.2e-17   61.9   3.0   2   2     1e-14   2.3e-13   47.9   1.5    37   150    59   166    56   168 0.93 -
TRINITY_DN1647_c0_g1_i28:260-1012  -            251 6986at3041           -            275   4.7e-17   60.0   4.8   1   2   8.7e-12     2e-10   38.2   0.8    25   146     5   122     2   151 0.82 -
TRINITY_DN1647_c0_g1_i28:260-1012  -            251 6986at3041           -            275   4.7e-17   60.0   4.8   2   2   1.8e-07   4.2e-06   24.1   0.2    84   157   146   219   120   250 0.85 -
TRINITY_DN1455_c0_g1_i2:169-702    -            178 6986at3041           -            275   1.1e-16   58.8   4.1   1   2     1e-08   2.3e-07   28.2   0.3    94   149     2    56     1    76 0.83 -
TRINITY_DN1455_c0_g1_i2:169-702    -            178 6986at3041           -            275   1.1e-16   58.8   4.1   2   2   9.5e-10   2.2e-08   31.6   0.6    76   153    72   144    58   178 0.76 -
TRINITY_DN1647_c0_g1_i31:4076-4972 -            299 6986at3041           -            275   3.3e-16   57.2   2.5   1   2   9.8e-14   2.2e-12   44.6   0.4    17   144    51   173    48   192 0.88 -
TRINITY_DN1647_c0_g1_i31:4076-4972 -            299 6986at3041           -            275   3.3e-16   57.2   2.5   2   2   0.00051     0.012   12.8   0.1    82   140   196   253   184   295 0.68 -
TRINITY_DN771_c0_g1_i10:20-376     -            119 6986at3041           -            275   6.7e-16   56.2   2.3   1   1   3.9e-17   8.9e-16   55.8   2.3    24   145     2   118     1   119 0.92 -
TRINITY_DN59718_c0_g1_i1:150-740   -            197 6986at3041           -            275     1e-15   55.6   1.2   1   3   1.7e-05   0.00039   17.6   0.0   109   146     2    39     1    46 0.91 -
TRINITY_DN59718_c0_g1_i1:150-740   -            197 6986at3041           -            275     1e-15   55.6   1.2   2   3   2.4e-06   5.5e-05   20.4   0.1    81   144    59   121    51   127 0.87 -
TRINITY_DN59718_c0_g1_i1:150-740   -            197 6986at3041           -            275     1e-15   55.6   1.2   3   3   0.00044      0.01   13.0   0.1    23    56   133   166   128   182 0.87 -
TRINITY_DN26527_c0_g1_i1:1782-2402 -            207 6986at3041           -            275   1.1e-15   55.5   8.1   1   3   1.7e-06   3.9e-05   20.9   0.7    85   145     6    66     1    69 0.91 -
TRINITY_DN26527_c0_g1_i1:1782-2402 -            207 6986at3041           -            275   1.1e-15   55.5   8.1   2   3   8.3e-05    0.0019   15.4   0.3    38   144    50   107    46   123 0.51 -
TRINITY_DN26527_c0_g1_i1:1782-2402 -            207 6986at3041           -            275   1.1e-15   55.5   8.1   3   3   4.9e-10   1.1e-08   32.5   0.3    19   105   113   195   106   207 0.83 -
TRINITY_DN43758_c0_g1_i1:11-397    -            129 6986at3041           -            275   1.5e-15   55.1   0.1   1   3   3.6e-05   0.00082   16.6   0.0    84   123    14    52     7    56 0.89 -
TRINITY_DN43758_c0_g1_i1:11-397    -            129 6986at3041           -            275   1.5e-15   55.1   0.1   2   3   2.7e-06   6.2e-05   20.2   0.0    84   123    54    92    51    95 0.91 -
TRINITY_DN43758_c0_g1_i1:11-397    -            129 6986at3041           -            275   1.5e-15   55.1   0.1   3   3   2.6e-05    0.0006   17.0   0.0    84   118    94   127    91   129 0.90 -
TRINITY_DN771_c0_g1_i3:20-376      -            119 6986at3041           -            275   1.5e-15   55.0   1.5   1   1   1.4e-16   3.3e-15   53.9   1.5    24   145     2   118     1   119 0.91 -
TRINITY_DN2594_c0_g1_i3:210-1166   -            319 6986at3041           -            275   3.8e-15   53.7   5.8   1   3   4.8e-06   0.00011   19.4   0.1    64   147     1    78     1   177 0.90 -
TRINITY_DN2594_c0_g1_i3:210-1166   -            319 6986at3041           -            275   3.8e-15   53.7   5.8   2   3   0.00065     0.015   12.4   0.1    28    75   176   221   161   233 0.79 -
TRINITY_DN2594_c0_g1_i3:210-1166   -            319 6986at3041           -            275   3.8e-15   53.7   5.8   3   3   3.9e-07   8.9e-06   23.0   0.3    27    98   255   319   229   319 0.81 -
TRINITY_DN3588_c0_g1_i2:1936-2409  -            158 6986at3041           -            275   7.8e-15   52.7   0.5   1   2      0.83        19    2.2   0.0   115   146     5    36     1    42 0.69 -
TRINITY_DN3588_c0_g1_i2:1936-2409  -            158 6986at3041           -            275   7.8e-15   52.7   0.5   2   2   4.2e-15   9.6e-14   49.1   0.1    21   142    42   158    38   158 0.94 -
TRINITY_DN3588_c0_g1_i5:1936-2409  -            158 6986at3041           -            275   7.8e-15   52.7   0.5   1   2      0.83        19    2.2   0.0   115   146     5    36     1    42 0.69 -
TRINITY_DN3588_c0_g1_i5:1936-2409  -            158 6986at3041           -            275   7.8e-15   52.7   0.5   2   2   4.2e-15   9.6e-14   49.1   0.1    21   142    42   158    38   158 0.94 -
TRINITY_DN5256_c0_g1_i2:1-408      -            136 6986at3041           -            275   8.4e-15   52.6   2.2   1   1   8.5e-16     2e-14   51.4   2.2    34   153    10   122     2   135 0.89 -
TRINITY_DN80208_c0_g1_i1:68-655    -            196 6986at3041           -            275   1.2e-14   52.1   1.3   1   3   4.6e-08   1.1e-06   26.0   0.2    86   146     5    63     1    68 0.86 -
TRINITY_DN80208_c0_g1_i1:68-655    -            196 6986at3041           -            275   1.2e-14   52.1   1.3   2   3   1.7e-06   3.8e-05   20.9   0.1    87   144    47   108    46   125 0.85 -
TRINITY_DN80208_c0_g1_i1:68-655    -            196 6986at3041           -            275   1.2e-14   52.1   1.3   3   3   0.00032    0.0073   13.4   0.0    81   138   138   194   116   196 0.85 -
TRINITY_DN10102_c0_g1_i1:460-1332  -            291 6986at3041           -            275   1.6e-14   51.7   0.5   1   3   1.2e-10   2.8e-09   34.5   0.0    86   143     3    59     1    64 0.94 -
TRINITY_DN10102_c0_g1_i1:460-1332  -            291 6986at3041           -            275   1.6e-14   51.7   0.5   2   3     0.021      0.48    7.5   0.0    26   153   126   249   114   258 0.79 -
TRINITY_DN10102_c0_g1_i1:460-1332  -            291 6986at3041           -            275   1.6e-14   51.7   0.5   3   3    0.0043       0.1    9.7   0.2     3    60   223   288   221   291 0.77 -
TRINITY_DN1647_c0_g1_i33:4326-4988 -            221 6986at3041           -            275   2.2e-14   51.2   1.2   1   2   0.00032    0.0073   13.4   0.1    89   148     1    64     1    98 0.82 -
TRINITY_DN1647_c0_g1_i33:4326-4988 -            221 6986at3041           -            275   2.2e-14   51.2   1.2   2   2   1.9e-11   4.4e-10   37.1   0.1    17   130   112   220   108   221 0.83 -
TRINITY_DN9863_c0_g1_i2:0-350      -            117 6986at3041           -            275   2.5e-14   51.1   0.3   1   2   7.4e-10   1.7e-08   31.9   0.0   106   165     1    64     1    67 0.86 -
TRINITY_DN9863_c0_g1_i2:0-350      -            117 6986at3041           -            275   2.5e-14   51.1   0.3   2   2   6.2e-06   0.00014   19.0   0.0    84   138    64   117    58   117 0.90 -
TRINITY_DN9455_c0_g1_i2:507-1100   -            198 6986at3041           -            275   2.5e-14   51.0   1.5   1   2   4.1e-06   9.5e-05   19.6   0.3    87   144     1    59     1    66 0.87 -
TRINITY_DN9455_c0_g1_i2:507-1100   -            198 6986at3041           -            275   2.5e-14   51.0   1.5   2   2   1.5e-09   3.3e-08   31.0   0.0    18   122    64   165    62   195 0.67 -
TRINITY_DN4026_c0_g1_i1:2-781      -            260 6986at3041           -            275   3.1e-14   50.8   2.5   1   2   7.7e-10   1.8e-08   31.9   0.5    40   148     2   107     1   117 0.88 -
TRINITY_DN4026_c0_g1_i1:2-781      -            260 6986at3041           -            275   3.1e-14   50.8   2.5   2   2   1.7e-05   0.00039   17.6   0.0    40   111   135   198   119   226 0.56 -
TRINITY_DN5393_c0_g1_i4:114-650    -            179 6986at3041           -            275   3.9e-14   50.4   1.1   1   2   1.1e-07   2.5e-06   24.8   0.2    81   145     8    79     4    85 0.78 -
TRINITY_DN5393_c0_g1_i4:114-650    -            179 6986at3041           -            275   3.9e-14   50.4   1.1   2   2     7e-10   1.6e-08   32.0   0.9    24   145    46   169    46   173 0.81 -
TRINITY_DN26527_c0_g1_i5:624-2093  -            490 6986at3041           -            275   1.2e-13   48.8   5.0   1   4   8.2e-05    0.0019   15.4   0.3    83   152    44   117    16   220 0.70 -
TRINITY_DN26527_c0_g1_i5:624-2093  -            490 6986at3041           -            275   1.2e-13   48.8   5.0   2   4      0.18       4.2    4.4   0.1    84   122   179   216   165   288 0.64 -
TRINITY_DN26527_c0_g1_i5:624-2093  -            490 6986at3041           -            275   1.2e-13   48.8   5.0   3   4   7.4e-05    0.0017   15.5   0.0   150   218   344   415   327   420 0.90 -
TRINITY_DN26527_c0_g1_i5:624-2093  -            490 6986at3041           -            275   1.2e-13   48.8   5.0   4   4    0.0018     0.041   11.0   0.2    81   141   431   490   417   490 0.51 -
TRINITY_DN52330_c0_g1_i1:6-368     -            121 6986at3041           -            275   3.2e-13   47.4   4.9   1   1   1.9e-14   4.3e-13   47.0   4.9    30   148     4   116     2   120 0.91 -
TRINITY_DN8135_c0_g1_i1:111-515    -            135 6986at3041           -            275   3.3e-13   47.4   0.6   1   1   1.3e-13   3.1e-12   44.2   0.6    23   152     3   127     1   134 0.88 -
TRINITY_DN8135_c0_g1_i2:406-816    -            137 6986at3041           -            275   3.4e-13   47.3   0.7   1   1   1.4e-13   3.2e-12   44.2   0.7    23   152     3   127     1   135 0.88 -
TRINITY_DN3588_c0_g1_i7:1933-2265  -            111 6986at3041           -            275   3.5e-13   47.3   0.1   1   1   1.8e-14   4.1e-13   47.1   0.1    35   143    10   111     2   111 0.95 -
TRINITY_DN5393_c0_g1_i3:304-1440   -            379 6986at3041           -            275     4e-13   47.1   1.2   1   2   4.5e-07     1e-05   22.8   0.2    81   145   171   242   166   246 0.77 -
TRINITY_DN5393_c0_g1_i3:304-1440   -            379 6986at3041           -            275     4e-13   47.1   1.2   2   2   2.6e-09   5.9e-08   30.1   0.8    24   145   209   332   207   337 0.82 -
TRINITY_DN63282_c0_g1_i1:236-640   -            135 6986at3041           -            275   6.3e-13   46.5   0.2   1   2   4.5e-05     0.001   16.2   0.1   112   149     1    38     1    50 0.90 -
TRINITY_DN63282_c0_g1_i1:236-640   -            135 6986at3041           -            275   6.3e-13   46.5   0.2   2   2     1e-08   2.3e-07   28.2   0.0    85   149    59   122    49   130 0.91 -
TRINITY_DN5312_c0_g2_i12:6-350     -            115 6986at3041           -            275   1.5e-12   45.3   1.6   1   1   1.2e-13   2.7e-12   44.4   1.6    39   151     2   107     1   114 0.91 -
TRINITY_DN9863_c0_g1_i4:0-398      -            133 6986at3041           -            275   1.7e-12   45.1   7.9   1   2      0.11       2.5    5.1   0.0   133   150     2    19     1    21 0.88 -
TRINITY_DN9863_c0_g1_i4:0-398      -            133 6986at3041           -            275   1.7e-12   45.1   7.9   2   2   1.8e-12     4e-11   40.5   5.6    20   138    20   133    18   133 0.90 -
TRINITY_DN35838_c0_g1_i1:400-864   -            155 6986at3041           -            275   2.1e-12   44.8   0.6   1   2   0.00084     0.019   12.1   0.0   107   146     6    45     3    59 0.83 -
TRINITY_DN35838_c0_g1_i1:400-864   -            155 6986at3041           -            275   2.1e-12   44.8   0.6   2   2   1.1e-09   2.6e-08   31.3   0.6    30   120    62   150    48   153 0.86 -
TRINITY_DN26527_c0_g1_i5:1770-2225 -            152 6986at3041           -            275   3.8e-12   43.9   3.4   1   2     7e-07   1.6e-05   22.2   0.7    85   145    10    70     3    75 0.91 -
TRINITY_DN26527_c0_g1_i5:1770-2225 -            152 6986at3041           -            275   3.8e-12   43.9   3.4   2   2   5.2e-07   1.2e-05   22.6   0.1    72   142    87   151    70   152 0.84 -
TRINITY_DN66840_c0_g1_i1:80-400    -            107 6986at3041           -            275   3.8e-12   43.9   1.8   1   1   1.9e-13   4.3e-12   43.7   1.8    30   142     2   106     1   107 0.92 -
TRINITY_DN2487_c0_g1_i4:167-514    -            116 6986at3041           -            275   5.8e-12   43.3   0.3   1   2     6e-08   1.4e-06   25.7   0.1    86   151     2    66     1    68 0.95 -
TRINITY_DN2487_c0_g1_i4:167-514    -            116 6986at3041           -            275   5.8e-12   43.3   0.3   2   2   3.4e-05   0.00078   16.6   0.0    64   114    69   113    66   116 0.51 -
TRINITY_DN58591_c0_g1_i1:13-387    -            125 6986at3041           -            275   1.2e-11   42.3   0.4   1   2     3e-10   6.8e-09   33.2   0.1    82   151    16    84     4   100 0.87 -
TRINITY_DN58591_c0_g1_i1:13-387    -            125 6986at3041           -            275   1.2e-11   42.3   0.4   2   2      0.12       2.8    5.0   0.1   127   143   108   124    85   125 0.80 -
TRINITY_DN4659_c0_g1_i4:338-781    -            148 6986at3041           -            275   1.3e-11   42.1   0.0   1   2   2.1e-08   4.9e-07   27.1   0.0    86   160    11    84     3    87 0.88 -
TRINITY_DN4659_c0_g1_i4:338-781    -            148 6986at3041           -            275   1.3e-11   42.1   0.0   2   2   0.00036    0.0082   13.3   0.0    31    76    89   134    86   148 0.81 -
TRINITY_DN4659_c0_g1_i9:358-801    -            148 6986at3041           -            275   1.3e-11   42.1   0.0   1   2   2.1e-08   4.9e-07   27.1   0.0    86   160    11    84     3    87 0.88 -
TRINITY_DN4659_c0_g1_i9:358-801    -            148 6986at3041           -            275   1.3e-11   42.1   0.0   2   2   0.00036    0.0082   13.3   0.0    31    76    89   134    86   148 0.81 -
TRINITY_DN72687_c0_g1_i1:91-450    -            120 6986at3041           -            275   1.8e-11   41.7   0.3   1   1     1e-12   2.4e-11   41.3   0.3    58   153    12   102     1   119 0.64 -
TRINITY_DN5312_c0_g2_i13:30-308    -             93 6986at3041           -            275   5.7e-11   40.0   1.7   1   1   2.9e-12   6.6e-11   39.8   1.7    47   146     1    93     1    93 0.93 -
TRINITY_DN2487_c0_g1_i3:104-526    -            141 6986at3041           -            275   1.1e-10   39.2   0.0   1   1     2e-08   4.7e-07   27.2   0.0    82   156     5    79     2    88 0.87 -
TRINITY_DN2594_c0_g1_i4:210-950    -            247 6986at3041           -            275   3.7e-10   37.4   3.3   1   3       3.3        76    0.3   0.0   171   223    48    99    36   106 0.68 -
TRINITY_DN2594_c0_g1_i4:210-950    -            247 6986at3041           -            275   3.7e-10   37.4   3.3   2   3   0.00041    0.0094   13.1   0.1    29    75   105   149    92   170 0.80 -
TRINITY_DN2594_c0_g1_i4:210-950    -            247 6986at3041           -            275   3.7e-10   37.4   3.3   3   3   2.4e-07   5.4e-06   23.7   0.3    26    98   182   247   156   247 0.80 -
TRINITY_DN16574_c0_g1_i1:14-370    -            119 6986at3041           -            275     4e-10   37.3   0.2   1   1   2.1e-11   4.7e-10   37.0   0.2    22   138     7   119     5   119 0.88 -
TRINITY_DN5312_c0_g3_i1:16-372     -            119 6986at3041           -            275   4.9e-10   37.0   0.7   1   1   3.6e-11   8.3e-10   36.2   0.7    19   138     4   118     1   119 0.87 -
TRINITY_DN27334_c0_g1_i1:44-598    -            185 6986at3041           -            275   5.7e-10   36.8   2.2   1   2      0.41       9.3    3.3   0.1    86   100    12    26     4   104 0.74 -
TRINITY_DN27334_c0_g1_i1:44-598    -            185 6986at3041           -            275   5.7e-10   36.8   2.2   2   2   1.8e-10     4e-09   34.0   0.4    38   145    72   172    48   176 0.83 -
TRINITY_DN18836_c0_g1_i1:31-345    -            105 6986at3041           -            275   8.2e-10   36.2   1.2   1   1   5.8e-11   1.3e-09   35.5   1.2    35   137     9   104     2   105 0.72 -
TRINITY_DN21207_c0_g1_i1:77-850    -            258 6986at3041           -            275   9.7e-10   36.0   3.6   1   4    0.0046       0.1    9.6   0.0    65   140     6    80     1    90 0.62 -
TRINITY_DN21207_c0_g1_i1:77-850    -            258 6986at3041           -            275   9.7e-10   36.0   3.6   2   4    0.0021     0.047   10.8   0.1   227   253   124   150   119   168 0.73 -
TRINITY_DN21207_c0_g1_i1:77-850    -            258 6986at3041           -            275   9.7e-10   36.0   3.6   3   4    0.0065      0.15    9.1   0.3    81   105   166   190   150   198 0.74 -
TRINITY_DN21207_c0_g1_i1:77-850    -            258 6986at3041           -            275   9.7e-10   36.0   3.6   4   4     0.092       2.1    5.4   0.0   127   143   241   257   203   258 0.53 -
TRINITY_DN21207_c0_g1_i2:77-874    -            266 6986at3041           -            275   1.1e-09   35.8   4.0   1   4     0.004     0.092    9.8   0.0    64   136    13    84     5    97 0.57 -
TRINITY_DN21207_c0_g1_i2:77-874    -            266 6986at3041           -            275   1.1e-09   35.8   4.0   2   4    0.0022      0.05   10.7   0.1   227   253   132   158   127   176 0.74 -
TRINITY_DN21207_c0_g1_i2:77-874    -            266 6986at3041           -            275   1.1e-09   35.8   4.0   3   4    0.0063      0.14    9.2   0.2    81   105   174   198   157   206 0.74 -
TRINITY_DN21207_c0_g1_i2:77-874    -            266 6986at3041           -            275   1.1e-09   35.8   4.0   4   4     0.096       2.2    5.3   0.0   127   143   249   265   211   266 0.53 -
TRINITY_DN16280_c0_g1_i2:138-350   -             71 6986at3041           -            275   1.6e-09   35.3   0.3   1   2   0.00015    0.0035   14.5   0.0   107   147     1    41     1    46 0.86 -
TRINITY_DN16280_c0_g1_i2:138-350   -             71 6986at3041           -            275   1.6e-09   35.3   0.3   2   2   1.4e-07   3.3e-06   24.4   0.1    84   135    21    71    15    71 0.88 -
TRINITY_DN1159_c0_g1_i8:67-468     -            134 6986at3041           -            275   2.5e-09   34.7   0.2   1   2    0.0088       0.2    8.7   0.0   225   250    15    40     1    45 0.76 -
TRINITY_DN1159_c0_g1_i8:67-468     -            134 6986at3041           -            275   2.5e-09   34.7   0.2   2   2   1.4e-07   3.2e-06   24.5   0.0    82   151    54   123    43   132 0.85 -
TRINITY_DN5393_c0_g1_i2:218-739    -            174 6986at3041           -            275     3e-09   34.4   0.3   1   1   1.8e-10   4.1e-09   33.9   0.3    23   145     3   127     1   132 0.83 -
TRINITY_DN38624_c0_g1_i1:30-308    -             93 6986at3041           -            275   3.3e-09   34.3   0.3   1   2   4.4e-07     1e-05   22.8   0.1   111   150     2    41     1    44 0.94 -
TRINITY_DN38624_c0_g1_i1:30-308    -             93 6986at3041           -            275   3.3e-09   34.3   0.3   2   2    0.0029     0.066   10.3   0.0   111   151    44    83    41    91 0.81 -
TRINITY_DN37174_c0_g1_i1:5-532     -            176 6986at3041           -            275   3.3e-09   34.3   3.4   1   3    0.0024     0.056   10.5   0.6    96   149     3    55     1    58 0.91 -
TRINITY_DN37174_c0_g1_i1:5-532     -            176 6986at3041           -            275   3.3e-09   34.3   3.4   2   3     3e-05    0.0007   16.8   0.0    89   152    38   102    37   106 0.88 -
TRINITY_DN37174_c0_g1_i1:5-532     -            176 6986at3041           -            275   3.3e-09   34.3   3.4   3   3   0.00025    0.0056   13.8   0.2    65   135   108   175   104   176 0.81 -
TRINITY_DN28772_c0_g1_i1:5-403     -            133 6986at3041           -            275   3.6e-09   34.1   0.0   1   1   2.1e-10   4.8e-09   33.7   0.0    36   145    15   127     3   132 0.85 -
TRINITY_DN1455_c0_g1_i5:290-529    -             80 6986at3041           -            275   5.3e-09   33.6   0.1   1   2   2.2e-05   0.00051   17.2   0.0   105   147     8    50     4    56 0.89 -
TRINITY_DN1455_c0_g1_i5:290-529    -             80 6986at3041           -            275   5.3e-09   33.6   0.1   2   2   3.4e-06   7.9e-05   19.9   0.0    86   135    32    80    25    80 0.88 -
TRINITY_DN4563_c1_g1_i2:2883-3677  -            265 6986at3041           -            275   5.6e-09   33.5   3.8   1   2     0.012      0.27    8.3   0.0    61   100    49    84    41    89 0.78 -
TRINITY_DN4563_c1_g1_i2:2883-3677  -            265 6986at3041           -            275   5.6e-09   33.5   3.8   2   2   6.1e-06   0.00014   19.1   1.1    43   148   129   235   122   246 0.74 -
TRINITY_DN4563_c1_g1_i4:1604-2398  -            265 6986at3041           -            275   5.6e-09   33.5   3.8   1   2     0.012      0.27    8.3   0.0    61   100    49    84    41    89 0.78 -
TRINITY_DN4563_c1_g1_i4:1604-2398  -            265 6986at3041           -            275   5.6e-09   33.5   3.8   2   2   6.1e-06   0.00014   19.1   1.1    43   148   129   235   122   246 0.74 -
TRINITY_DN11952_c0_g1_i1:246-590   -            115 6986at3041           -            275   6.5e-09   33.3   0.6   1   2   4.8e-09   1.1e-07   29.2   0.2    87   149    12    73     2    83 0.91 -
TRINITY_DN11952_c0_g1_i1:246-590   -            115 6986at3041           -            275   6.5e-09   33.3   0.6   2   2      0.51        12    2.9   0.0   118   143    90   115    74   115 0.75 -
TRINITY_DN17867_c0_g1_i1:105-605   -            167 6986at3041           -            275   1.2e-08   32.4   4.6   1   2     0.045         1    6.4   0.1    82   122    11    51     3    58 0.78 -
TRINITY_DN17867_c0_g1_i1:105-605   -            167 6986at3041           -            275   1.2e-08   32.4   4.6   2   2     7e-09   1.6e-07   28.7   1.8    24   142    42   154    38   163 0.81 -
TRINITY_DN27236_c0_g1_i1:4-360     -            119 6986at3041           -            275   2.2e-08   31.6   0.8   1   1   4.2e-09   9.6e-08   29.5   0.7    41   143     2   100     1   114 0.87 -
TRINITY_DN96266_c0_g1_i1:1-423     -            141 6986at3041           -            275   2.2e-08   31.5   2.3   1   2   1.1e-08   2.5e-07   28.1   0.7    84   147     2    66     1    75 0.90 -
TRINITY_DN96266_c0_g1_i1:1-423     -            141 6986at3041           -            275   2.2e-08   31.5   2.3   2   2       0.4       9.2    3.3   0.0   185   212    78   105    69   119 0.78 -
TRINITY_DN6931_c0_g1_i1:28-681     -            218 6986at3041           -            275   2.4e-08   31.5   0.1   1   2   1.2e-08   2.7e-07   28.0   0.0    83   144    60   122    52   135 0.87 -
TRINITY_DN6931_c0_g1_i1:28-681     -            218 6986at3041           -            275   2.4e-08   31.5   0.1   2   2       2.1        48    0.9   0.0    44    81   159   197   142   213 0.68 -
TRINITY_DN2808_c0_g1_i1:312-1112   -            267 6986at3041           -            275   2.5e-08   31.3   0.4   1   4      0.14       3.1    4.8   0.0   194   212    17    35     3    50 0.85 -
TRINITY_DN2808_c0_g1_i1:312-1112   -            267 6986at3041           -            275   2.5e-08   31.3   0.4   2   4     0.098       2.3    5.3   0.0   226   244    70    88    55   106 0.77 -
TRINITY_DN2808_c0_g1_i1:312-1112   -            267 6986at3041           -            275   2.5e-08   31.3   0.4   3   4   4.8e-05    0.0011   16.2   0.0    71   144   121   193   111   207 0.85 -
TRINITY_DN2808_c0_g1_i1:312-1112   -            267 6986at3041           -            275   2.5e-08   31.3   0.4   4   4       4.1        94   -0.0   0.0    42    56   225   239   211   260 0.61 -
TRINITY_DN5880_c0_g1_i2:118-654    -            179 6986at3041           -            275   2.6e-08   31.3   2.4   1   3   5.1e-07   1.2e-05   22.6   0.1    85   157    16    86     5    93 0.83 -
TRINITY_DN5880_c0_g1_i2:118-654    -            179 6986at3041           -            275   2.6e-08   31.3   2.4   2   3     0.013      0.29    8.2   0.1    94   155    66   126    59   154 0.71 -
TRINITY_DN5880_c0_g1_i2:118-654    -            179 6986at3041           -            275   2.6e-08   31.3   2.4   3   3     0.024      0.55    7.3   0.3    86   146   100   167    90   173 0.64 -
TRINITY_DN5278_c0_g1_i1:214-576    -            121 6986at3041           -            275     5e-08   30.4   0.1   1   2   3.7e-07   8.5e-06   23.1   0.0   113   178     1    67     1    80 0.79 -
TRINITY_DN5278_c0_g1_i1:214-576    -            121 6986at3041           -            275     5e-08   30.4   0.1   2   2     0.071       1.6    5.7   0.1    82    98   104   120    65   121 0.83 -
TRINITY_DN25238_c0_g1_i1:107-268   -             54 6986at3041           -            275   5.3e-08   30.3   0.7   1   1   2.4e-09   5.5e-08   30.2   0.7    91   141     5    54     1    54 0.95 -
TRINITY_DN82505_c0_g1_i1:157-519   -            121 6986at3041           -            275   5.5e-08   30.3   1.1   1   2   4.4e-05     0.001   16.3   0.1    82   151    14    86     7    88 0.81 -
TRINITY_DN82505_c0_g1_i1:157-519   -            121 6986at3041           -            275   5.5e-08   30.3   1.1   2   2   4.8e-06   0.00011   19.4   0.5    24   100    50   119    46   121 0.77 -
TRINITY_DN40567_c0_g1_i1:50-586    -            179 6986at3041           -            275   7.6e-08   29.8   1.0   1   2   3.6e-06   8.3e-05   19.8   0.3    82   152    61   135    52   160 0.77 -
TRINITY_DN40567_c0_g1_i1:50-586    -            179 6986at3041           -            275   7.6e-08   29.8   1.0   2   2    0.0046      0.11    9.6   0.0   226   245   156   175   145   179 0.70 -
TRINITY_DN95617_c0_g1_i1:5-379     -            125 6986at3041           -            275   8.9e-08   29.6   2.3   1   2   6.1e-06   0.00014   19.1   1.2    84   144     8    68     4    72 0.85 -
TRINITY_DN95617_c0_g1_i1:5-379     -            125 6986at3041           -            275   8.9e-08   29.6   2.3   2   2    0.0047      0.11    9.6   0.0   112   146    83   116    72   122 0.87 -
TRINITY_DN1647_c0_g1_i10:4712-5479 -            256 6986at3041           -            275   1.1e-07   29.3   5.6   1   4    0.0039     0.089    9.9   0.4    26   103    13    81    11    87 0.68 -
TRINITY_DN1647_c0_g1_i10:4712-5479 -            256 6986at3041           -            275   1.1e-07   29.3   5.6   2   4      0.26         6    3.9   0.0   227   253    64    90    59   104 0.65 -
TRINITY_DN1647_c0_g1_i10:4712-5479 -            256 6986at3041           -            275   1.1e-07   29.3   5.6   3   4   8.1e-05    0.0019   15.4   0.1    86   148   106   172    99   206 0.82 -
TRINITY_DN1647_c0_g1_i10:4712-5479 -            256 6986at3041           -            275   1.1e-07   29.3   5.6   4   4      0.43       9.9    3.2   0.0    19    51   222   256   212   256 0.63 -
TRINITY_DN1647_c0_g1_i23:4712-5479 -            256 6986at3041           -            275   1.1e-07   29.3   5.6   1   4    0.0039     0.089    9.9   0.4    26   103    13    81    11    87 0.68 -
TRINITY_DN1647_c0_g1_i23:4712-5479 -            256 6986at3041           -            275   1.1e-07   29.3   5.6   2   4      0.26         6    3.9   0.0   227   253    64    90    59   104 0.65 -
TRINITY_DN1647_c0_g1_i23:4712-5479 -            256 6986at3041           -            275   1.1e-07   29.3   5.6   3   4   8.1e-05    0.0019   15.4   0.1    86   148   106   172    99   206 0.82 -
TRINITY_DN1647_c0_g1_i23:4712-5479 -            256 6986at3041           -            275   1.1e-07   29.3   5.6   4   4      0.43       9.9    3.2   0.0    19    51   222   256   212   256 0.63 -
TRINITY_DN1647_c0_g1_i29:2426-3193 -            256 6986at3041           -            275   1.1e-07   29.3   5.6   1   4    0.0039     0.089    9.9   0.4    26   103    13    81    11    87 0.68 -
TRINITY_DN1647_c0_g1_i29:2426-3193 -            256 6986at3041           -            275   1.1e-07   29.3   5.6   2   4      0.26         6    3.9   0.0   227   253    64    90    59   104 0.65 -
TRINITY_DN1647_c0_g1_i29:2426-3193 -            256 6986at3041           -            275   1.1e-07   29.3   5.6   3   4   8.1e-05    0.0019   15.4   0.1    86   148   106   172    99   206 0.82 -
TRINITY_DN1647_c0_g1_i29:2426-3193 -            256 6986at3041           -            275   1.1e-07   29.3   5.6   4   4      0.43       9.9    3.2   0.0    19    51   222   256   212   256 0.63 -
TRINITY_DN1647_c0_g1_i34:2902-3669 -            256 6986at3041           -            275   1.1e-07   29.3   5.6   1   4    0.0039     0.089    9.9   0.4    26   103    13    81    11    87 0.68 -
TRINITY_DN1647_c0_g1_i34:2902-3669 -            256 6986at3041           -            275   1.1e-07   29.3   5.6   2   4      0.26         6    3.9   0.0   227   253    64    90    59   104 0.65 -
TRINITY_DN1647_c0_g1_i34:2902-3669 -            256 6986at3041           -            275   1.1e-07   29.3   5.6   3   4   8.1e-05    0.0019   15.4   0.1    86   148   106   172    99   206 0.82 -
TRINITY_DN1647_c0_g1_i34:2902-3669 -            256 6986at3041           -            275   1.1e-07   29.3   5.6   4   4      0.43       9.9    3.2   0.0    19    51   222   256   212   256 0.63 -
TRINITY_DN37886_c0_g1_i1:20-388    -            123 6986at3041           -            275   1.9e-07   28.5   3.0   1   3    0.0045       0.1    9.7   0.0   112   146     1    35     1    39 0.93 -
TRINITY_DN37886_c0_g1_i1:20-388    -            123 6986at3041           -            275   1.9e-07   28.5   3.0   2   3    0.0027     0.062   10.4   0.0   108   134    39    65    36    82 0.80 -
TRINITY_DN37886_c0_g1_i1:20-388    -            123 6986at3041           -            275   1.9e-07   28.5   3.0   3   3    0.0091      0.21    8.7   0.6    96   145    74   122    68   123 0.89 -
TRINITY_DN81706_c0_g1_i1:35-289    -             85 6986at3041           -            275   2.1e-07   28.4   0.1   1   1     1e-08   2.3e-07   28.2   0.1    82   149    16    82     8    85 0.92 -
TRINITY_DN99301_c0_g1_i1:2-211     -             70 6986at3041           -            275   2.2e-07   28.3   1.0   1   1     1e-08   2.3e-07   28.2   1.0    87   144     3    59     1    68 0.91 -
TRINITY_DN4659_c0_g1_i3:337-597    -             87 6986at3041           -            275   2.3e-07   28.2   0.0   1   1   1.1e-08   2.5e-07   28.1   0.0    85   147    17    78     2    86 0.87 -
TRINITY_DN11422_c0_g1_i1:65-841    -            259 6986at3041           -            275   4.3e-07   27.3   1.4   1   3       1.3        30    1.6   0.0   108   137    13    42     1    56 0.72 -
TRINITY_DN11422_c0_g1_i1:65-841    -            259 6986at3041           -            275   4.3e-07   27.3   1.4   2   3   2.8e-05   0.00065   16.9   0.1    30   139    67   168    59   216 0.70 -
TRINITY_DN11422_c0_g1_i1:65-841    -            259 6986at3041           -            275   4.3e-07   27.3   1.4   3   3     0.043         1    6.4   0.1    84   100   243   259   224   259 0.81 -
TRINITY_DN4659_c0_g1_i1:65-535     -            157 6986at3041           -            275   4.8e-07   27.2   0.1   1   2     0.025      0.57    7.2   0.1    89   144    20    75     4   101 0.63 -
TRINITY_DN4659_c0_g1_i1:65-535     -            157 6986at3041           -            275   4.8e-07   27.2   0.1   2   2   8.7e-06    0.0002   18.6   0.0    84   142   100   157    82   157 0.81 -
TRINITY_DN30251_c0_g1_i1:16-270    -             85 6986at3041           -            275   1.3e-06   25.8   0.2   1   2   2.2e-06     5e-05   20.5   0.0    98   149     1    51     1    55 0.90 -
TRINITY_DN30251_c0_g1_i1:16-270    -             85 6986at3041           -            275   1.3e-06   25.8   0.2   2   2      0.25       5.8    3.9   0.0   133   148    56    71    52    82 0.81 -
TRINITY_DN43128_c0_g1_i1:125-574   -            150 6986at3041           -            275   1.7e-06   25.3   0.0   1   2   3.5e-06     8e-05   19.9   0.0    85   152    34   101    28   110 0.80 -
TRINITY_DN43128_c0_g1_i1:125-574   -            150 6986at3041           -            275   1.7e-06   25.3   0.0   2   2      0.29       6.7    3.7   0.0   119   146   115   144   103   147 0.81 -
TRINITY_DN40301_c0_g1_i1:125-469   -            115 6986at3041           -            275     2e-06   25.1   0.0   1   1   1.4e-07   3.1e-06   24.5   0.0    86   148    17    79     1   112 0.89 -
TRINITY_DN3420_c0_g1_i1:57-698     -            214 6986at3041           -            275   2.1e-06   25.1   2.3   1   2     9e-05    0.0021   15.2   0.2    38   149    30    92     6   105 0.53 -
TRINITY_DN3420_c0_g1_i1:57-698     -            214 6986at3041           -            275   2.1e-06   25.1   2.3   2   2    0.0082      0.19    8.8   0.1    91   239   163   214   128   214 0.53 -
TRINITY_DN6281_c0_g1_i1:55-720     -            222 6986at3041           -            275   2.3e-06   24.9   0.3   1   2   0.00053     0.012   12.7   0.1    94   150     3    60     1    79 0.84 -
TRINITY_DN6281_c0_g1_i1:55-720     -            222 6986at3041           -            275   2.3e-06   24.9   0.3   2   2    0.0033     0.076   10.1   0.0   225   254   174   203   167   216 0.82 -
TRINITY_DN19007_c0_g1_i1:215-721   -            169 6986at3041           -            275   3.4e-06   24.4   0.0   1   1   2.8e-06   6.5e-05   20.2   0.0    40   185     3   160     1   168 0.58 -
TRINITY_DN88623_c0_g1_i1:6-296     -             97 6986at3041           -            275     4e-06   24.1   0.8   1   2    0.0018     0.042   11.0   0.0   108   148    14    53     1    68 0.74 -
TRINITY_DN88623_c0_g1_i1:6-296     -             97 6986at3041           -            275     4e-06   24.1   0.8   2   2   0.00071     0.016   12.3   0.3   225   241    81    97    59    97 0.81 -
TRINITY_DN11422_c0_g1_i3:602-1426  -            275 6986at3041           -            275     1e-05   22.8   1.0   1   4       4.9   1.1e+02   -0.3   0.0   189   212    33    56     3    89 0.67 -
TRINITY_DN11422_c0_g1_i3:602-1426  -            275 6986at3041           -            275     1e-05   22.8   1.0   2   4     0.029      0.67    7.0   0.0   104   148   114   158   106   173 0.76 -
TRINITY_DN11422_c0_g1_i3:602-1426  -            275 6986at3041           -            275     1e-05   22.8   1.0   3   4     0.004     0.091    9.8   0.2    89   179   142   233   122   234 0.72 -
TRINITY_DN11422_c0_g1_i3:602-1426  -            275 6986at3041           -            275     1e-05   22.8   1.0   4   4    0.0018     0.042   10.9   0.2    30    99   213   275   207   275 0.80 -
TRINITY_DN80880_c0_g1_i2:20-400    -            127 6986at3041           -            275   2.4e-05   21.6   0.0   1   2   4.4e-05     0.001   16.3   0.0    83   150     5    72     2    92 0.86 -
TRINITY_DN80880_c0_g1_i2:20-400    -            127 6986at3041           -            275   2.4e-05   21.6   0.0   2   2      0.24       5.5    4.0   0.1    83   113    96   126    77   127 0.83 -
TRINITY_DN73299_c0_g1_i1:53-757    -            235 6986at3041           -            275   4.6e-05   20.7   0.1   1   3    0.0019     0.044   10.9   0.0    84   161     4    79     1   113 0.81 -
TRINITY_DN73299_c0_g1_i1:53-757    -            235 6986at3041           -            275   4.6e-05   20.7   0.1   2   3    0.0021     0.048   10.8   0.0     3   143    47   193    45   207 0.77 -
TRINITY_DN73299_c0_g1_i1:53-757    -            235 6986at3041           -            275   4.6e-05   20.7   0.1   3   3     0.082       1.9    5.5   0.0   226   248   178   200   173   217 0.80 -
TRINITY_DN93117_c0_g1_i1:70-456    -            129 6986at3041           -            275   8.4e-05   19.8   0.0   1   2      0.31       7.1    3.6   0.0   226   242    24    40    17    54 0.74 -
TRINITY_DN93117_c0_g1_i1:70-456    -            129 6986at3041           -            275   8.4e-05   19.8   0.0   2   2    0.0003    0.0069   13.5   0.0    86   146    67   128    63   129 0.89 -
TRINITY_DN55776_c0_g1_i1:13-306    -             98 6986at3041           -            275   8.4e-05   19.8   0.0   1   1   3.7e-06   8.6e-05   19.8   0.0    75   143    35    98     1    98 0.78 -
TRINITY_DN80880_c0_g1_i1:20-427    -            136 6986at3041           -            275   8.9e-05   19.7   0.0   1   2   0.00013    0.0031   14.7   0.0    84   150    15    81     3   102 0.84 -
TRINITY_DN80880_c0_g1_i1:20-427    -            136 6986at3041           -            275   8.9e-05   19.7   0.0   2   2      0.31         7    3.7   0.1    84   113   106   135    89   136 0.84 -
TRINITY_DN84780_c0_g1_i1:120-353   -             78 6986at3041           -            275   0.00011   19.5   0.2   1   1   5.1e-06   0.00012   19.3   0.2    78   146    16    78     1    78 0.79 -
TRINITY_DN6931_c0_g1_i3:235-369    -             45 6986at3041           -            275   0.00012   19.3   0.0   1   1   5.2e-06   0.00012   19.3   0.0   102   140     6    44     1    45 0.90 -
TRINITY_DN2645_c0_g1_i1:369-1040   -            224 6986at3041           -            275   0.00014   19.1   1.9   1   2   0.00018    0.0041   14.3   0.1    21    75    15    68    10    80 0.80 -
TRINITY_DN2645_c0_g1_i1:369-1040   -            224 6986at3041           -            275   0.00014   19.1   1.9   2   2      0.47        11    3.0   0.1    29    51   187   209   153   214 0.78 -
TRINITY_DN2645_c0_g1_i4:369-1040   -            224 6986at3041           -            275   0.00014   19.1   1.9   1   2   0.00018    0.0041   14.3   0.1    21    75    15    68    10    80 0.80 -
TRINITY_DN2645_c0_g1_i4:369-1040   -            224 6986at3041           -            275   0.00014   19.1   1.9   2   2      0.47        11    3.0   0.1    29    51   187   209   153   214 0.78 -
TRINITY_DN19612_c0_g2_i1:39-569    -            177 6986at3041           -            275   0.00023   18.4   0.0   1   2     0.021      0.47    7.5   0.0   117   143     6    32     2    41 0.90 -
TRINITY_DN19612_c0_g2_i1:39-569    -            177 6986at3041           -            275   0.00023   18.4   0.0   2   2    0.0077      0.18    8.9   0.0    49   100   131   175   105   177 0.56 -
TRINITY_DN5708_c0_g1_i2:261-935    -            225 6986at3041           -            275   0.00024   18.3   7.1   1   3     0.043         1    6.4   0.3    88   142     3    61     1    83 0.71 -
TRINITY_DN5708_c0_g1_i2:261-935    -            225 6986at3041           -            275   0.00024   18.3   7.1   2   3      0.32       7.4    3.6   0.1    88   121    99   134    90   150 0.61 -
TRINITY_DN5708_c0_g1_i2:261-935    -            225 6986at3041           -            275   0.00024   18.3   7.1   3   3    0.0033     0.076   10.1   0.3    84   141   156   218   144   223 0.81 -
TRINITY_DN6879_c0_g1_i1:230-733    -            168 6986at3041           -            275   0.00025   18.2   0.1   1   2   4.9e-05    0.0011   16.1   0.0    49   116    24    83     5   106 0.66 -
TRINITY_DN6879_c0_g1_i1:230-733    -            168 6986at3041           -            275   0.00025   18.2   0.1   2   2       4.6   1.1e+02   -0.2   0.0   225   242   147   164   122   167 0.70 -
TRINITY_DN22832_c0_g1_i4:475-1476  -            334 6986at3041           -            275   0.00038   17.6   2.6   1   2   0.00038    0.0087   13.2   0.2    89   143    84   137    78   146 0.92 -
TRINITY_DN22832_c0_g1_i4:475-1476  -            334 6986at3041           -            275   0.00038   17.6   2.6   2   2      0.37       8.5    3.4   0.1    90   143   233   285   205   298 0.77 -
TRINITY_DN21307_c0_g1_i1:3-245     -             81 6986at3041           -            275   0.00044   17.4   0.0   1   1   3.5e-05    0.0008   16.6   0.0    24    99     2    80     1    81 0.59 -
TRINITY_DN10888_c0_g1_i1:2-352     -            117 6986at3041           -            275   0.00046   17.4   0.0   1   1   2.6e-05   0.00059   17.0   0.0    89   149    22    81     8    88 0.86 -
TRINITY_DN3140_c0_g2_i3:194-889    -            232 6986at3041           -            275   0.00061   17.0   1.4   1   3      0.91        21    2.1   0.0   116   144     4    32     1    50 0.73 -
TRINITY_DN3140_c0_g2_i3:194-889    -            232 6986at3041           -            275   0.00061   17.0   1.4   2   3      0.89        20    2.1   0.0   117   144   153   180    61   189 0.61 -
TRINITY_DN3140_c0_g2_i3:194-889    -            232 6986at3041           -            275   0.00061   17.0   1.4   3   3    0.0012     0.027   11.6   0.1   106   143   190   229   172   231 0.73 -
TRINITY_DN83538_c0_g1_i1:388-933   -            182 6986at3041           -            275    0.0025   15.0   0.8   1   1   0.00087      0.02   12.0   0.8    81   127    43    85    29   174 0.59 -
TRINITY_DN26442_c0_g2_i3:10-483    -            158 6986at3041           -            275    0.0025   15.0   1.9   1   2    0.0015     0.036   11.2   0.4    92   251    28    86    10    94 0.50 -
TRINITY_DN26442_c0_g2_i3:10-483    -            158 6986at3041           -            275    0.0025   15.0   1.9   2   2      0.75        17    2.4   0.1    19    51   124   158   111   158 0.62 -
TRINITY_DN26442_c0_g2_i2:7-579     -            191 6986at3041           -            275    0.0043   14.2   3.8   1   2    0.0029     0.066   10.3   1.2   198   251    56   118     4   124 0.61 -
TRINITY_DN26442_c0_g2_i2:7-579     -            191 6986at3041           -            275    0.0043   14.2   3.8   2   2       0.7        16    2.5   0.1    19    51   156   190   144   191 0.64 -
TRINITY_DN2808_c0_g1_i3:58-483     -            142 6986at3041           -            275    0.0067   13.6   5.4   1   3     0.032      0.73    6.9   0.4   122   146    13    35     1    73 0.64 -
TRINITY_DN2808_c0_g1_i3:58-483     -            142 6986at3041           -            275    0.0067   13.6   5.4   2   3    0.0048      0.11    9.6   0.5   103   144    56    98    43   113 0.80 -
TRINITY_DN2808_c0_g1_i3:58-483     -            142 6986at3041           -            275    0.0067   13.6   5.4   3   3       7.7   1.8e+02   -0.9   0.0   196   210   126   140   104   142 0.69 -
TRINITY_DN16837_c0_g2_i1:22-933    -            304 6986at3041           -            275     0.011   12.9   0.4   1   2    0.0023     0.052   10.7   0.3    36   146    25   141    10   148 0.77 -
TRINITY_DN16837_c0_g2_i1:22-933    -            304 6986at3041           -            275     0.011   12.9   0.4   2   2    0.0074      0.17    9.0   0.1    34   130    71   168    64   176 0.80 -
#
# Program:         hmmsearch
# Version:         3.2.1 (June 2018)
# Pipeline mode:   SEARCH
# Query file:      /sw/bioinfo/BUSCO/v5_lineage_sets/lineages/chlorophyta_odb10/hmms/6986at3041.hmm
# Target file:     /crex/proj/snic2022-23-81/expression_algae/code/busco/trinity_VA-3180-Osg10Sin/run_chlorophyta_odb10/metaeuk_output/rerun_results/trinity_VA-3180-Osg10Sin.Trinity.fasta.modified.fas
# Option settings: hmmsearch --domtblout /crex/proj/snic2022-23-81/expression_algae/code/busco/trinity_VA-3180-Osg10Sin/run_chlorophyta_odb10/hmmer_output/rerun_results/6986at3041.out --cpu 1 /sw/bioinfo/BUSCO/v5_lineage_sets/lineages/chlorophyta_odb10/hmms/6986at3041.hmm /crex/proj/snic2022-23-81/expression_algae/code/busco/trinity_VA-3180-Osg10Sin/run_chlorophyta_odb10/metaeuk_output/rerun_results/trinity_VA-3180-Osg10Sin.Trinity.fasta.modified.fas 
# Current dir:     /crex/proj/snic2022-23-81/expression_algae/code/busco
# Date:            Fri Sep 23 10:15:25 2022
# [ok]
