#                                                                                        --- full sequence --- -------------- this domain -------------   hmm coord   ali coord   env coord
# target name                    accession   tlen query name           accession   qlen   E-value  score  bias   #  of  c-Evalue  i-Evalue  score  bias  from    to  from    to  from    to  acc description of target
#            ------------------- ---------- ----- -------------------- ---------- ----- --------- ------ ----- --- --- --------- --------- ------ ----- ----- ----- ----- ----- ----- ----- ---- ---------------------
TRINITY_DN2209_c0_g1_i2:158-607  -            150 7428at3041           -            157   1.8e-27   93.7   3.0   1   1   2.3e-29   1.1e-26   91.2   3.0     1   134     1   150     1   150 0.91 -
TRINITY_DN2209_c0_g1_i9:158-607  -            150 7428at3041           -            157   1.8e-27   93.7   3.0   1   1   2.3e-29   1.1e-26   91.2   3.0     1   134     1   150     1   150 0.91 -
TRINITY_DN2209_c0_g1_i12:158-433 -             92 7428at3041           -            157   1.9e-15   54.6   0.3   1   1   3.2e-17   1.5e-14   51.7   0.3     1    79     1    92     1    92 0.89 -
TRINITY_DN55327_c0_g1_i1:10-345  -            112 7428at3041           -            157   1.7e-05   22.3   0.0   1   1   3.7e-08   1.7e-05   22.3   0.0    57   114    44   101     8   112 0.78 -
TRINITY_DN88282_c0_g1_i1:113-385 -             91 7428at3041           -            157     0.002   15.6   0.0   1   1   4.6e-06    0.0021   15.5   0.0    59   126     8    76     2    90 0.76 -
TRINITY_DN25147_c0_g1_i1:80-340  -             87 7428at3041           -            157    0.0025   15.3   0.1   1   1   5.6e-06    0.0026   15.2   0.1    64   117    29    86     8    87 0.81 -
TRINITY_DN25147_c0_g1_i3:80-340  -             87 7428at3041           -            157    0.0025   15.3   0.1   1   1   5.6e-06    0.0026   15.2   0.1    64   117    29    86     8    87 0.81 -
#
# Program:         hmmsearch
# Version:         3.2.1 (June 2018)
# Pipeline mode:   SEARCH
# Query file:      /sw/bioinfo/BUSCO/v5_lineage_sets/lineages/chlorophyta_odb10/hmms/7428at3041.hmm
# Target file:     /crex/proj/snic2022-23-81/expression_algae/code/busco/trinity_VA-3180-Osg10Sin/run_chlorophyta_odb10/metaeuk_output/rerun_results/trinity_VA-3180-Osg10Sin.Trinity.fasta.modified.fas
# Option settings: hmmsearch --domtblout /crex/proj/snic2022-23-81/expression_algae/code/busco/trinity_VA-3180-Osg10Sin/run_chlorophyta_odb10/hmmer_output/rerun_results/7428at3041.out --cpu 1 /sw/bioinfo/BUSCO/v5_lineage_sets/lineages/chlorophyta_odb10/hmms/7428at3041.hmm /crex/proj/snic2022-23-81/expression_algae/code/busco/trinity_VA-3180-Osg10Sin/run_chlorophyta_odb10/metaeuk_output/rerun_results/trinity_VA-3180-Osg10Sin.Trinity.fasta.modified.fas 
# Current dir:     /crex/proj/snic2022-23-81/expression_algae/code/busco
# Date:            Fri Sep 23 10:15:30 2022
# [ok]
