#                                                                                        --- full sequence --- -------------- this domain -------------   hmm coord   ali coord   env coord
# target name                    accession   tlen query name           accession   qlen   E-value  score  bias   #  of  c-Evalue  i-Evalue  score  bias  from    to  from    to  from    to  acc description of target
#            ------------------- ---------- ----- -------------------- ---------- ----- --------- ------ ----- --- --- --------- --------- ------ ----- ----- ----- ----- ----- ----- ----- ---- ---------------------
TRINITY_DN16705_c0_g1_i2:92-1036 -            315 91at3041             -            820  8.3e-105  348.9   0.1   1   1  2.5e-107    1e-104  348.6   0.1     1   174   133   314   133   315 0.96 -
TRINITY_DN21012_c0_g1_i1:176-913 -            246 91at3041             -            820   2.7e-57  191.7   0.0   1   1   7.3e-60     3e-57  191.6   0.0    44   289     1   243     1   246 0.92 -
TRINITY_DN31763_c0_g1_i1:24-875  -            284 91at3041             -            820   1.9e-21   73.2   1.0   1   2   5.2e-17   2.1e-14   49.8   0.1     3   164    12   170    10   176 0.84 -
TRINITY_DN31763_c0_g1_i1:24-875  -            284 91at3041             -            820   1.9e-21   73.2   1.0   2   2   9.6e-09   3.9e-06   22.5   0.2   226   294   184   254   174   283 0.78 -
TRINITY_DN2576_c0_g1_i4:32-1360  -            443 91at3041             -            820   9.9e-16   54.2   0.2   1   3     0.002      0.81    4.9   0.1    15   138    17   136     3   164 0.76 -
TRINITY_DN2576_c0_g1_i4:32-1360  -            443 91at3041             -            820   9.9e-16   54.2   0.2   2   3     0.002      0.82    4.9   0.0   222   283   173   235   159   245 0.74 -
TRINITY_DN2576_c0_g1_i4:32-1360  -            443 91at3041             -            820   9.9e-16   54.2   0.2   3   3   2.2e-14   8.9e-12   41.2   0.0   367   460   345   441   320   443 0.81 -
TRINITY_DN2576_c0_g1_i2:32-1360  -            443 91at3041             -            820     1e-15   54.2   0.2   1   3     0.002      0.81    4.9   0.1    15   138    17   136     3   164 0.76 -
TRINITY_DN2576_c0_g1_i2:32-1360  -            443 91at3041             -            820     1e-15   54.2   0.2   2   3     0.002      0.82    4.9   0.0   222   283   173   235   159   245 0.74 -
TRINITY_DN2576_c0_g1_i2:32-1360  -            443 91at3041             -            820     1e-15   54.2   0.2   3   3   2.3e-14   9.5e-12   41.1   0.0   367   460   345   441   320   443 0.81 -
TRINITY_DN10289_c0_g1_i3:7-1233  -            409 91at3041             -            820     4e-07   25.8   0.1   1   3      0.26   1.1e+02   -2.1   0.0    53   137    56   135    19   171 0.62 -
TRINITY_DN10289_c0_g1_i3:7-1233  -            409 91at3041             -            820     4e-07   25.8   0.1   2   3     7e-05     0.029    9.7   0.0   223   287   174   239   159   245 0.89 -
TRINITY_DN10289_c0_g1_i3:7-1233  -            409 91at3041             -            820     4e-07   25.8   0.1   3   3   5.7e-06    0.0024   13.3   0.0   344   425   323   406   314   408 0.71 -
TRINITY_DN2576_c0_g1_i3:14-946   -            311 91at3041             -            820     0.002   13.5   0.0   1   2   0.00092      0.38    6.0   0.1    15   138    17   136     3   164 0.76 -
TRINITY_DN2576_c0_g1_i3:14-946   -            311 91at3041             -            820     0.002   13.5   0.0   2   2    0.0012      0.48    5.7   0.0   222   283   173   235   160   245 0.74 -
TRINITY_DN49607_c0_g1_i1:14-763  -            250 91at3041             -            820    0.0022   13.4   0.0   1   1   5.8e-06    0.0024   13.3   0.0   340   459   129   250    81   250 0.77 -
#
# Program:         hmmsearch
# Version:         3.2.1 (June 2018)
# Pipeline mode:   SEARCH
# Query file:      /sw/bioinfo/BUSCO/v5_lineage_sets/lineages/chlorophyta_odb10/hmms/91at3041.hmm
# Target file:     /crex/proj/snic2022-23-81/expression_algae/code/busco/trinity_VA-3180-Osg10Sin/run_chlorophyta_odb10/metaeuk_output/rerun_results/trinity_VA-3180-Osg10Sin.Trinity.fasta.modified.fas
# Option settings: hmmsearch --domtblout /crex/proj/snic2022-23-81/expression_algae/code/busco/trinity_VA-3180-Osg10Sin/run_chlorophyta_odb10/hmmer_output/rerun_results/91at3041.out --cpu 1 /sw/bioinfo/BUSCO/v5_lineage_sets/lineages/chlorophyta_odb10/hmms/91at3041.hmm /crex/proj/snic2022-23-81/expression_algae/code/busco/trinity_VA-3180-Osg10Sin/run_chlorophyta_odb10/metaeuk_output/rerun_results/trinity_VA-3180-Osg10Sin.Trinity.fasta.modified.fas 
# Current dir:     /crex/proj/snic2022-23-81/expression_algae/code/busco
# Date:            Fri Sep 23 10:15:31 2022
# [ok]
