#                                                                                        --- full sequence --- -------------- this domain -------------   hmm coord   ali coord   env coord
# target name                    accession   tlen query name           accession   qlen   E-value  score  bias   #  of  c-Evalue  i-Evalue  score  bias  from    to  from    to  from    to  acc description of target
#            ------------------- ---------- ----- -------------------- ---------- ----- --------- ------ ----- --- --- --------- --------- ------ ----- ----- ----- ----- ----- ----- ----- ---- ---------------------
TRINITY_DN128_c0_g1_i8:362-2032  -            557 1116at3041           -            519   1.2e-50  169.0  10.1   1   4   1.8e-07   6.2e-05   18.1   0.1   171   202    69   100    62   107 0.88 -
TRINITY_DN128_c0_g1_i8:362-2032  -            557 1116at3041           -            519   1.2e-50  169.0  10.1   2   4   0.00093      0.33    5.8   0.1   232   257   107   132   101   147 0.85 -
TRINITY_DN128_c0_g1_i8:362-2032  -            557 1116at3041           -            519   1.2e-50  169.0  10.1   3   4   1.9e-22   6.7e-20   67.5   0.0   290   403   210   335   189   373 0.79 -
TRINITY_DN128_c0_g1_i8:362-2032  -            557 1116at3041           -            519   1.2e-50  169.0  10.1   4   4   1.5e-26   5.4e-24   81.0   1.1   424   512   461   553   443   557 0.91 -
TRINITY_DN128_c0_g1_i10:362-1612 -            417 1116at3041           -            519   3.1e-45  151.1   2.1   1   2     1e-22   3.7e-20   68.4   0.0   290   403    70   195    48   234 0.79 -
TRINITY_DN128_c0_g1_i10:362-1612 -            417 1116at3041           -            519   3.1e-45  151.1   2.1   2   2   8.7e-27   3.1e-24   81.8   1.0   424   512   321   413   302   417 0.91 -
TRINITY_DN63_c0_g1_i4:300-779    -            160 1116at3041           -            519   0.00032   15.8   0.1   1   1   1.1e-06    0.0004   15.5   0.1   184   201   141   158   112   160 0.84 -
TRINITY_DN28976_c0_g1_i1:1-483   -            161 1116at3041           -            519    0.0027   12.7   0.0   1   2   1.9e-05    0.0068   11.4   0.0   182   199     3    20     1    72 0.83 -
TRINITY_DN28976_c0_g1_i1:1-483   -            161 1116at3041           -            519    0.0027   12.7   0.0   2   2      0.12        44   -1.2   0.0   319   345   119   145   107   148 0.81 -
#
# Program:         hmmsearch
# Version:         3.2.1 (June 2018)
# Pipeline mode:   SEARCH
# Query file:      /sw/bioinfo/BUSCO/v5_lineage_sets/lineages/chlorophyta_odb10/hmms/1116at3041.hmm
# Target file:     /crex/proj/snic2022-23-81/expression_algae/code/busco/trinity_VA-3180-Osg03Pal/run_chlorophyta_odb10/metaeuk_output/initial_results/trinity_VA-3180-Osg03Pal.Trinity.fasta.modified.fas
# Option settings: hmmsearch --domtblout /crex/proj/snic2022-23-81/expression_algae/code/busco/trinity_VA-3180-Osg03Pal/run_chlorophyta_odb10/hmmer_output/initial_run_results/1116at3041.out --cpu 1 /sw/bioinfo/BUSCO/v5_lineage_sets/lineages/chlorophyta_odb10/hmms/1116at3041.hmm /crex/proj/snic2022-23-81/expression_algae/code/busco/trinity_VA-3180-Osg03Pal/run_chlorophyta_odb10/metaeuk_output/initial_results/trinity_VA-3180-Osg03Pal.Trinity.fasta.modified.fas 
# Current dir:     /crex/proj/snic2022-23-81/expression_algae/code/busco
# Date:            Fri Sep 23 10:11:07 2022
# [ok]
