#                                                                                       --- full sequence --- -------------- this domain -------------   hmm coord   ali coord   env coord
# target name                   accession   tlen query name           accession   qlen   E-value  score  bias   #  of  c-Evalue  i-Evalue  score  bias  from    to  from    to  from    to  acc description of target
#           ------------------- ---------- ----- -------------------- ---------- ----- --------- ------ ----- --- --- --------- --------- ------ ----- ----- ----- ----- ----- ----- ----- ---- ---------------------
TRINITY_DN692_c0_g1_i4:385-1884 -            500 1459at3041           -            396  8.7e-109  360.1   0.0   1   2   3.6e-70   1.3e-67  224.6   0.0    28   248    50   291    36   334 0.84 -
TRINITY_DN692_c0_g1_i4:385-1884 -            500 1459at3041           -            396  8.7e-109  360.1   0.0   2   2   1.6e-42   5.8e-40  133.5   0.0   273   395   367   500   351   500 0.89 -
TRINITY_DN692_c0_g1_i1:167-1405 -            413 1459at3041           -            396  3.7e-104  344.9   0.0   1   2   2.2e-65   7.9e-63  208.8   0.0    68   248    12   204     6   247 0.86 -
TRINITY_DN692_c0_g1_i1:167-1405 -            413 1459at3041           -            396  3.7e-104  344.9   0.0   2   2   1.1e-42     4e-40  134.1   0.0   273   395   280   413   264   413 0.89 -
TRINITY_DN1671_c0_g1_i1:1-1587  -            529 1459at3041           -            396   3.7e-18   61.7   0.0   1   3      0.17        59   -1.5   0.1    34    60    95   122    90   142 0.76 -
TRINITY_DN1671_c0_g1_i1:1-1587  -            529 1459at3041           -            396   3.7e-18   61.7   0.0   2   3   4.3e-11   1.5e-08   30.1   0.0   116   244   215   348   202   362 0.87 -
TRINITY_DN1671_c0_g1_i1:1-1587  -            529 1459at3041           -            396   3.7e-18   61.7   0.0   3   3   1.4e-10   4.9e-08   28.4   0.0   266   388   402   525   399   529 0.79 -
TRINITY_DN1982_c0_g1_i3:110-973 -            288 1459at3041           -            396   4.1e-14   48.4   0.0   1   2   7.7e-08   2.7e-05   19.4   0.0   198   266    42   111    35   126 0.88 -
TRINITY_DN1982_c0_g1_i3:110-973 -            288 1459at3041           -            396   4.1e-14   48.4   0.0   2   2   3.7e-10   1.3e-07   27.0   0.0   284   393   168   281   161   283 0.83 -
#
# Program:         hmmsearch
# Version:         3.2.1 (June 2018)
# Pipeline mode:   SEARCH
# Query file:      /sw/bioinfo/BUSCO/v5_lineage_sets/lineages/chlorophyta_odb10/hmms/1459at3041.hmm
# Target file:     /crex/proj/snic2022-23-81/expression_algae/code/busco/trinity_VA-3180-Osg03Pal/run_chlorophyta_odb10/metaeuk_output/initial_results/trinity_VA-3180-Osg03Pal.Trinity.fasta.modified.fas
# Option settings: hmmsearch --domtblout /crex/proj/snic2022-23-81/expression_algae/code/busco/trinity_VA-3180-Osg03Pal/run_chlorophyta_odb10/hmmer_output/initial_run_results/1459at3041.out --cpu 1 /sw/bioinfo/BUSCO/v5_lineage_sets/lineages/chlorophyta_odb10/hmms/1459at3041.hmm /crex/proj/snic2022-23-81/expression_algae/code/busco/trinity_VA-3180-Osg03Pal/run_chlorophyta_odb10/metaeuk_output/initial_results/trinity_VA-3180-Osg03Pal.Trinity.fasta.modified.fas 
# Current dir:     /crex/proj/snic2022-23-81/expression_algae/code/busco
# Date:            Fri Sep 23 10:11:07 2022
# [ok]
