#                                                                                        --- full sequence --- -------------- this domain -------------   hmm coord   ali coord   env coord
# target name                    accession   tlen query name           accession   qlen   E-value  score  bias   #  of  c-Evalue  i-Evalue  score  bias  from    to  from    to  from    to  acc description of target
#            ------------------- ---------- ----- -------------------- ---------- ----- --------- ------ ----- --- --- --------- --------- ------ ----- ----- ----- ----- ----- ----- ----- ---- ---------------------
TRINITY_DN1065_c0_g2_i1:205-1110 -            302 2687at3041           -            235     4e-24   81.8   4.6   1   4   8.1e-12   3.6e-10   36.2   0.3    11    97    16   107     4   108 0.85 -
TRINITY_DN1065_c0_g2_i1:205-1110 -            302 2687at3041           -            235     4e-24   81.8   4.6   2   4   0.00013    0.0057   12.6   0.0     1    33    95   127    95   143 0.83 -
TRINITY_DN1065_c0_g2_i1:205-1110 -            302 2687at3041           -            235     4e-24   81.8   4.6   3   4   1.4e-12   6.2e-11   38.7   0.2     1   110   139   258   139   288 0.84 -
TRINITY_DN1065_c0_g2_i1:205-1110 -            302 2687at3041           -            235     4e-24   81.8   4.6   4   4       3.2   1.4e+02   -1.8   0.0   220   235   287   302   271   302 0.61 -
TRINITY_DN25818_c0_g1_i1:72-413  -            114 2687at3041           -            235   2.8e-22   75.8   2.9   1   1   2.7e-23   1.2e-21   73.7   2.9     1   104     1   114     1   114 0.90 -
TRINITY_DN20624_c0_g1_i1:79-594  -            172 2687at3041           -            235   3.5e-20   68.9   1.4   1   1   2.3e-21     1e-19   67.4   1.4     3   147     6   168     4   171 0.85 -
TRINITY_DN4913_c0_g1_i1:238-849  -            204 2687at3041           -            235   9.1e-19   64.3   4.4   1   2   8.7e-07   3.9e-05   19.7   0.0     9    87    13    90    10    92 0.91 -
TRINITY_DN4913_c0_g1_i1:238-849  -            204 2687at3041           -            235   9.1e-19   64.3   4.4   2   2   3.2e-15   1.4e-13   47.3   2.0     1   107    88   204    88   204 0.90 -
TRINITY_DN1896_c0_g1_i1:319-1146 -            276 2687at3041           -            235   1.5e-18   63.6   3.8   1   3   3.4e-06   0.00015   17.8   0.0     5    85    10    90     6    93 0.90 -
TRINITY_DN1896_c0_g1_i1:319-1146 -            276 2687at3041           -            235   1.5e-18   63.6   3.8   2   3   6.4e-09   2.8e-07   26.7   0.3     3    74    92   163    90   169 0.94 -
TRINITY_DN1896_c0_g1_i1:319-1146 -            276 2687at3041           -            235   1.5e-18   63.6   3.8   3   3   8.9e-06   0.00039   16.4   0.1     1    72   203   276   203   276 0.91 -
TRINITY_DN1896_c0_g1_i5:143-970  -            276 2687at3041           -            235   1.5e-18   63.6   3.8   1   3   3.4e-06   0.00015   17.8   0.0     5    85    10    90     6    93 0.90 -
TRINITY_DN1896_c0_g1_i5:143-970  -            276 2687at3041           -            235   1.5e-18   63.6   3.8   2   3   6.4e-09   2.8e-07   26.7   0.3     3    74    92   163    90   169 0.94 -
TRINITY_DN1896_c0_g1_i5:143-970  -            276 2687at3041           -            235   1.5e-18   63.6   3.8   3   3   8.9e-06   0.00039   16.4   0.1     1    72   203   276   203   276 0.91 -
TRINITY_DN1896_c0_g1_i4:319-1158 -            280 2687at3041           -            235   1.6e-18   63.5   3.8   1   3   3.5e-06   0.00015   17.7   0.0     5    85    14    94    10    97 0.90 -
TRINITY_DN1896_c0_g1_i4:319-1158 -            280 2687at3041           -            235   1.6e-18   63.5   3.8   2   3   6.6e-09   2.9e-07   26.6   0.3     3    74    96   167    94   173 0.94 -
TRINITY_DN1896_c0_g1_i4:319-1158 -            280 2687at3041           -            235   1.6e-18   63.5   3.8   3   3   9.1e-06    0.0004   16.4   0.1     1    72   207   280   207   280 0.91 -
TRINITY_DN153_c0_g2_i1:196-1158  -            321 2687at3041           -            235   1.1e-17   60.8   0.1   1   3   1.3e-13   5.7e-12   42.0   0.0     1    87     9    95     9   107 0.91 -
TRINITY_DN153_c0_g2_i1:196-1158  -            321 2687at3041           -            235   1.1e-17   60.8   0.1   2   3   2.7e-05    0.0012   14.8   0.2    20    86   164   230   145   245 0.79 -
TRINITY_DN153_c0_g2_i1:196-1158  -            321 2687at3041           -            235   1.1e-17   60.8   0.1   3   3       1.8        79   -1.0   0.0     2    28   285   311   284   316 0.75 -
TRINITY_DN153_c0_g2_i4:196-1246  -            321 2687at3041           -            235   1.1e-17   60.8   0.1   1   3   1.3e-13   5.7e-12   42.0   0.0     1    87     9    95     9   107 0.91 -
TRINITY_DN153_c0_g2_i4:196-1246  -            321 2687at3041           -            235   1.1e-17   60.8   0.1   2   3   2.7e-05    0.0012   14.8   0.2    20    86   164   230   145   245 0.79 -
TRINITY_DN153_c0_g2_i4:196-1246  -            321 2687at3041           -            235   1.1e-17   60.8   0.1   3   3       1.8        79   -1.0   0.0     2    28   285   311   284   316 0.75 -
TRINITY_DN20287_c0_g1_i1:38-904  -            289 2687at3041           -            235   7.7e-17   58.0   2.0   1   4      0.61        27    0.5   0.0   187   212     8    33     3    41 0.78 -
TRINITY_DN20287_c0_g1_i1:38-904  -            289 2687at3041           -            235   7.7e-17   58.0   2.0   2   4     3e-08   1.3e-06   24.5   0.2     4    86    42   125    39   126 0.95 -
TRINITY_DN20287_c0_g1_i1:38-904  -            289 2687at3041           -            235   7.7e-17   58.0   2.0   3   4   4.2e-10   1.9e-08   30.5   0.1    11   108    91   202    87   204 0.80 -
TRINITY_DN20287_c0_g1_i1:38-904  -            289 2687at3041           -            235   7.7e-17   58.0   2.0   4   4     5e-05    0.0022   13.9   0.0   152   205   187   240   183   254 0.63 -
TRINITY_DN705_c0_g1_i2:1-1236    -            412 2687at3041           -            235   1.1e-15   54.2   2.7   1   4     0.024       1.1    5.1   0.0   190   217   192   219   174   222 0.79 -
TRINITY_DN705_c0_g1_i2:1-1236    -            412 2687at3041           -            235   1.1e-15   54.2   2.7   2   4   0.00014    0.0064   12.4   0.6    38    74   222   259   195   269 0.72 -
TRINITY_DN705_c0_g1_i2:1-1236    -            412 2687at3041           -            235   1.1e-15   54.2   2.7   3   4   3.8e-10   1.7e-08   30.7   0.0     1    74   273   349   273   355 0.86 -
TRINITY_DN705_c0_g1_i2:1-1236    -            412 2687at3041           -            235   1.1e-15   54.2   2.7   4   4     0.054       2.4    4.0   0.0   168   208   366   407   358   410 0.75 -
TRINITY_DN31967_c0_g1_i1:85-423  -            113 2687at3041           -            235   4.2e-15   52.3   0.6   1   2   6.4e-06   0.00028   16.9   0.0    52    85     3    36     1    43 0.72 -
TRINITY_DN31967_c0_g1_i1:85-423  -            113 2687at3041           -            235   4.2e-15   52.3   0.6   2   2   2.8e-11   1.2e-09   34.4   0.1    10    76    45   112    38   113 0.94 -
TRINITY_DN33045_c0_g1_i1:16-474  -            153 2687at3041           -            235   1.1e-14   50.9   0.4   1   2      0.84        37    0.1   0.0    90   103     4    17     1    26 0.68 -
TRINITY_DN33045_c0_g1_i1:16-474  -            153 2687at3041           -            235   1.1e-14   50.9   0.4   2   2   7.2e-15   3.2e-13   46.1   0.2     1   108    30   146    30   151 0.89 -
TRINITY_DN2331_c0_g1_i1:1-291    -             97 2687at3041           -            235   7.9e-14   48.1   0.0   1   1     2e-15     9e-14   47.9   0.0     2    86     8    92     7    95 0.96 -
TRINITY_DN1979_c0_g1_i2:120-398  -             93 2687at3041           -            235   2.4e-10   36.7   0.1   1   1   8.7e-12   3.9e-10   36.1   0.0     1    88     4    91     4    93 0.96 -
TRINITY_DN33096_c0_g1_i1:22-705  -            228 2687at3041           -            235   9.9e-10   34.7   2.2   1   3   1.8e-05   0.00078   15.4   0.1     1    77    12    90    12   103 0.79 -
TRINITY_DN33096_c0_g1_i1:22-705  -            228 2687at3041           -            235   9.9e-10   34.7   2.2   2   3     0.079       3.5    3.5   0.0    54    81   112   140   105   167 0.71 -
TRINITY_DN33096_c0_g1_i1:22-705  -            228 2687at3041           -            235   9.9e-10   34.7   2.2   3   3   5.3e-05    0.0023   13.9   0.0     3    72   159   228   155   228 0.67 -
TRINITY_DN4592_c0_g1_i1:276-1190 -            305 2687at3041           -            235   1.7e-09   34.0   1.3   1   2   3.1e-07   1.4e-05   21.2   0.2     1   126    57   194    57   219 0.82 -
TRINITY_DN4592_c0_g1_i1:276-1190 -            305 2687at3041           -            235   1.7e-09   34.0   1.3   2   2   0.00057     0.025   10.5   0.1    56   204   237   294   193   303 0.62 -
TRINITY_DN705_c0_g1_i1:1-1104    -            368 2687at3041           -            235   3.4e-09   33.0   1.1   1   3     0.021      0.92    5.4   0.0   190   217   192   219   174   222 0.79 -
TRINITY_DN705_c0_g1_i1:1-1104    -            368 2687at3041           -            235   3.4e-09   33.0   1.1   2   3   1.7e-05   0.00077   15.4   0.3     1    74   227   305   227   311 0.73 -
TRINITY_DN705_c0_g1_i1:1-1104    -            368 2687at3041           -            235   3.4e-09   33.0   1.1   3   3     0.047       2.1    4.2   0.0   168   208   322   363   314   366 0.75 -
TRINITY_DN24074_c0_g1_i1:77-298  -             74 2687at3041           -            235   3.5e-07   26.4   0.0   1   1   8.9e-09   3.9e-07   26.2   0.0     1    71     4    74     4    74 0.96 -
TRINITY_DN8926_c0_g2_i1:6-338    -            111 2687at3041           -            235   4.9e-07   25.9   0.1   1   1   3.1e-08   1.4e-06   24.4   0.1    52   116    15    88     4    99 0.74 -
TRINITY_DN6114_c0_g1_i1:154-576  -            141 2687at3041           -            235   7.9e-07   25.2   2.4   1   1   1.2e-07   5.1e-06   22.6   2.4    39   106     7    90     2   140 0.79 -
TRINITY_DN5178_c0_g1_i1:124-663  -            180 2687at3041           -            235   1.1e-05   21.5   0.0   1   1   7.4e-07   3.3e-05   19.9   0.0    20    85     3    69     1   180 0.91 -
TRINITY_DN23907_c0_g1_i1:494-982 -            163 2687at3041           -            235   2.4e-05   20.4   0.0   1   2     0.037       1.6    4.5   0.0     4    41     2    39     1    44 0.81 -
TRINITY_DN23907_c0_g1_i1:494-982 -            163 2687at3041           -            235   2.4e-05   20.4   0.0   2   2   3.9e-05    0.0017   14.3   0.0     3    36    44    77    41    99 0.82 -
TRINITY_DN29348_c0_g1_i1:34-177  -             48 2687at3041           -            235   3.5e-05   19.8   0.0   1   1   8.5e-07   3.7e-05   19.7   0.0     1    46     2    47     2    48 0.95 -
TRINITY_DN29348_c0_g1_i2:34-177  -             48 2687at3041           -            235   3.5e-05   19.8   0.0   1   1   8.5e-07   3.7e-05   19.7   0.0     1    46     2    47     2    48 0.95 -
TRINITY_DN3312_c0_g1_i1:2-574    -            191 2687at3041           -            235   3.8e-05   19.7   0.3   1   2   3.1e-06   0.00014   17.9   0.1    59   107    81   139    66   154 0.73 -
TRINITY_DN3312_c0_g1_i1:2-574    -            191 2687at3041           -            235   3.8e-05   19.7   0.3   2   2   0.00091      0.04    9.8   0.1     1    30   107   136   107   190 0.79 -
TRINITY_DN1979_c0_g1_i1:120-326  -             69 2687at3041           -            235   9.5e-05   18.4   0.1   1   1   2.2e-06   9.9e-05   18.4   0.1    41    88     2    49     1    64 0.88 -
TRINITY_DN4649_c0_g2_i1:285-545  -             87 2687at3041           -            235   0.00013   18.0   0.1   1   1   1.4e-05   0.00062   15.7   0.1     3    81     4    82     2    85 0.87 -
TRINITY_DN4649_c0_g2_i2:329-589  -             87 2687at3041           -            235   0.00013   18.0   0.1   1   1   1.4e-05   0.00062   15.7   0.1     3    81     4    82     2    85 0.87 -
TRINITY_DN17761_c0_g1_i1:2-928   -            309 2687at3041           -            235   0.00019   17.4   0.2   1   3      0.78        35    0.2   0.0    58    74     7    23     2    45 0.59 -
TRINITY_DN17761_c0_g1_i1:2-928   -            309 2687at3041           -            235   0.00019   17.4   0.2   2   3      0.11         5    3.0   0.0    42   220    87   131    57   145 0.65 -
TRINITY_DN17761_c0_g1_i1:2-928   -            309 2687at3041           -            235   0.00019   17.4   0.2   3   3    0.0011     0.047    9.6   0.0     5    45   200   240   197   289 0.88 -
TRINITY_DN21789_c0_g1_i1:0-236   -             79 2687at3041           -            235   0.00024   17.1   0.3   1   2      0.03       1.3    4.8   0.1    91   104    18    31    13    38 0.83 -
TRINITY_DN21789_c0_g1_i1:0-236   -             79 2687at3041           -            235   0.00024   17.1   0.3   2   2    0.0005     0.022   10.7   0.0    40    71    43    78    39    79 0.79 -
TRINITY_DN3748_c0_g1_i2:471-1154 -            228 2687at3041           -            235   0.00055   15.9   0.9   1   2     0.046         2    4.2   0.1    43    75     1    33     1    61 0.76 -
TRINITY_DN3748_c0_g1_i2:471-1154 -            228 2687at3041           -            235   0.00055   15.9   0.9   2   2    0.0087      0.38    6.6   0.1    41    71   197   227   123   227 0.63 -
#
# Program:         hmmsearch
# Version:         3.2.1 (June 2018)
# Pipeline mode:   SEARCH
# Query file:      /sw/bioinfo/BUSCO/v5_lineage_sets/lineages/chlorophyta_odb10/hmms/2687at3041.hmm
# Target file:     /crex/proj/snic2022-23-81/expression_algae/code/busco/trinity_VA-3180-Osg03Pal/run_chlorophyta_odb10/metaeuk_output/initial_results/trinity_VA-3180-Osg03Pal.Trinity.fasta.modified.fas
# Option settings: hmmsearch --domtblout /crex/proj/snic2022-23-81/expression_algae/code/busco/trinity_VA-3180-Osg03Pal/run_chlorophyta_odb10/hmmer_output/initial_run_results/2687at3041.out --cpu 1 /sw/bioinfo/BUSCO/v5_lineage_sets/lineages/chlorophyta_odb10/hmms/2687at3041.hmm /crex/proj/snic2022-23-81/expression_algae/code/busco/trinity_VA-3180-Osg03Pal/run_chlorophyta_odb10/metaeuk_output/initial_results/trinity_VA-3180-Osg03Pal.Trinity.fasta.modified.fas 
# Current dir:     /crex/proj/snic2022-23-81/expression_algae/code/busco
# Date:            Fri Sep 23 10:11:08 2022
# [ok]
