#                                                                                         --- full sequence --- -------------- this domain -------------   hmm coord   ali coord   env coord
# target name                     accession   tlen query name           accession   qlen   E-value  score  bias   #  of  c-Evalue  i-Evalue  score  bias  from    to  from    to  from    to  acc description of target
#             ------------------- ---------- ----- -------------------- ---------- ----- --------- ------ ----- --- --- --------- --------- ------ ----- ----- ----- ----- ----- ----- ----- ---- ---------------------
TRINITY_DN718_c0_g1_i2:329-1600   -            424 2729at3041           -            441   6.1e-79  262.0   0.2   1   1   1.8e-79   8.6e-78  258.2   0.2     8   361     3   419     1   424 0.80 -
TRINITY_DN752_c0_g1_i5:133-1203   -            357 2729at3041           -            441   9.4e-53  175.7   1.1   1   1   5.1e-54   2.4e-52  174.4   1.1     7   305     2   355     1   356 0.72 -
TRINITY_DN752_c0_g1_i1:133-1203   -            357 2729at3041           -            441   1.2e-52  175.3   0.9   1   1   6.7e-54   3.2e-52  174.0   0.9     7   305     2   355     1   356 0.72 -
TRINITY_DN152_c0_g1_i2:13-1431    -            473 2729at3041           -            441   6.4e-48  159.8   0.0   1   1   2.3e-48   1.1e-46  155.7   0.0     2   295   101   445   100   460 0.74 -
TRINITY_DN32128_c0_g1_i1:63-410   -            116 2729at3041           -            441   9.7e-47  155.9   0.2   1   1   2.2e-48   1.1e-46  155.8   0.2     9   113     2   116     1   116 0.94 -
TRINITY_DN10144_c0_g1_i1:0-1088   -            363 2729at3041           -            441     8e-46  152.9   0.6   1   2   9.3e-26   4.4e-24   81.2   0.1     2   172    14   211    13   249 0.74 -
TRINITY_DN10144_c0_g1_i1:0-1088   -            363 2729at3041           -            441     8e-46  152.9   0.6   2   2   1.8e-22   8.5e-21   70.4   0.0   221   296   282   361   270   363 0.92 -
TRINITY_DN49_c0_g1_i2:491-1564    -            358 2729at3041           -            441   6.2e-43  143.3   0.4   1   1   6.6e-44   3.1e-42  141.0   0.4     6   301     4   336     1   349 0.78 -
TRINITY_DN49_c0_g1_i1:43-1362     -            440 2729at3041           -            441   8.3e-43  142.9   0.3   1   1     9e-44   4.3e-42  140.6   0.3     5   300    85   417    82   430 0.79 -
TRINITY_DN30966_c0_g1_i1:152-1375 -            408 2729at3041           -            441   6.5e-41  136.7   0.3   1   1     9e-42   4.3e-40  134.0   0.3     4   296    51   378    48   390 0.77 -
TRINITY_DN49_c0_g2_i1:173-1372    -            400 2729at3041           -            441     1e-37  126.1   5.1   1   1   1.2e-38   5.9e-37  123.6   5.1     7   296    47   373    42   379 0.75 -
TRINITY_DN752_c0_g1_i4:86-760     -            225 2729at3041           -            441   6.8e-33  110.3   0.2   1   1   2.7e-34   1.3e-32  109.4   0.2     5   170    32   222    28   225 0.76 -
TRINITY_DN13783_c0_g1_i1:2-589    -            196 2729at3041           -            441   1.5e-31  105.8   0.3   1   2   5.9e-10   2.8e-08   29.2   0.0   126   207     1    81     1    89 0.85 -
TRINITY_DN13783_c0_g1_i1:2-589    -            196 2729at3041           -            441   1.5e-31  105.8   0.3   2   2   6.6e-24   3.1e-22   75.1   0.2   209   292   109   195    86   196 0.85 -
TRINITY_DN194_c0_g1_i2:397-1701   -            435 2729at3041           -            441   3.9e-30  101.2   0.0   1   1   3.8e-30   1.8e-28   95.7   0.0     3   301    56   407    54   412 0.72 -
TRINITY_DN606_c0_g1_i1:200-1243   -            348 2729at3041           -            441   1.3e-29   99.4   0.0   1   2   4.8e-27   2.3e-25   85.5   0.0     4   179    56   249    53   289 0.79 -
TRINITY_DN606_c0_g1_i1:200-1243   -            348 2729at3041           -            441   1.3e-29   99.4   0.0   2   2   8.7e-05    0.0041   12.1   0.0   222   253   313   348   304   348 0.88 -
TRINITY_DN1365_c0_g1_i1:182-772   -            197 2729at3041           -            441   2.7e-29   98.4   0.2   1   1   7.1e-30   3.4e-28   94.8   0.2   221   302    99   184     1   196 0.83 -
TRINITY_DN10134_c0_g1_i1:2-427    -            142 2729at3041           -            441   7.6e-27   90.3   0.3   1   1   1.8e-28   8.5e-27   90.2   0.3    10   136     2   142     1   142 0.84 -
TRINITY_DN7912_c0_g1_i2:12-464    -            151 2729at3041           -            441   1.6e-24   82.7   0.4   1   1     1e-25   4.8e-24   81.1   0.4   144   267     1   151     1   151 0.81 -
TRINITY_DN902_c0_g1_i2:22-1014    -            331 2729at3041           -            441   1.8e-24   82.5   0.0   1   1   4.8e-26   2.3e-24   82.2   0.0     3   161   152   330   150   331 0.80 -
TRINITY_DN194_c0_g1_i1:109-1062   -            318 2729at3041           -            441   3.7e-23   78.2   0.0   1   1   3.8e-23   1.8e-21   72.6   0.0    14   269     2   297     1   302 0.71 -
TRINITY_DN31249_c0_g1_i1:6-440    -            145 2729at3041           -            441   4.5e-22   74.6   0.1   1   1     1e-23   4.9e-22   74.5   0.1    12   138     1   143     1   145 0.78 -
TRINITY_DN194_c0_g1_i4:397-1185   -            263 2729at3041           -            441   2.5e-17   58.9   0.1   1   1     4e-17   1.9e-15   52.8   0.1   118   301    11   235     8   240 0.71 -
TRINITY_DN9936_c0_g1_i1:427-693   -             89 2729at3041           -            441   2.8e-17   58.8   0.0   1   1   5.9e-19   2.8e-17   58.8   0.0     9    81     2    73     1    89 0.86 -
TRINITY_DN152_c0_g2_i1:70-546     -            159 2729at3041           -            441   1.9e-14   49.5   0.0   1   1   4.2e-16     2e-14   49.4   0.0   105   177     1    84     1   145 0.78 -
TRINITY_DN194_c0_g1_i5:397-1101   -            235 2729at3041           -            441     3e-14   48.8   0.0   1   1   2.9e-14   1.4e-12   43.3   0.0   219   301   108   207     4   210 0.61 -
TRINITY_DN194_c0_g1_i3:400-1029   -            210 2729at3041           -            441   1.7e-12   43.0   0.0   1   1   7.9e-14   3.7e-12   41.9   0.0   221   301    86   183    60   188 0.81 -
TRINITY_DN152_c0_g1_i1:331-642    -            104 2729at3041           -            441   4.2e-12   41.8   0.0   1   1   9.5e-14   4.5e-12   41.7   0.0     9    84     2    83     1    99 0.82 -
TRINITY_DN1742_c0_g1_i1:0-326     -            109 2729at3041           -            441   4.7e-12   41.6   0.1   1   1   1.3e-13     6e-12   41.2   0.1    36   131     1   109     1   109 0.74 -
TRINITY_DN20002_c0_g1_i1:504-830  -            109 2729at3041           -            441   6.6e-11   37.8   0.0   1   1   1.5e-12   6.9e-11   37.7   0.0    11    81     3    75     1    92 0.91 -
TRINITY_DN14548_c0_g1_i1:214-510  -             99 2729at3041           -            441   3.1e-10   35.6   0.0   1   1   7.5e-12   3.5e-10   35.4   0.0    13    87     4    81     1    84 0.78 -
TRINITY_DN925_c0_g2_i1:1-558      -            186 2729at3041           -            441   2.3e-07   26.2   0.9   1   2   2.1e-05   0.00099   14.2   0.1   120   184     2    72     1    84 0.58 -
TRINITY_DN925_c0_g2_i1:1-558      -            186 2729at3041           -            441   2.3e-07   26.2   0.9   2   2   0.00019    0.0088   11.0   0.1   151   208    93   148    83   158 0.78 -
#
# Program:         hmmsearch
# Version:         3.2.1 (June 2018)
# Pipeline mode:   SEARCH
# Query file:      /sw/bioinfo/BUSCO/v5_lineage_sets/lineages/chlorophyta_odb10/hmms/2729at3041.hmm
# Target file:     /crex/proj/snic2022-23-81/expression_algae/code/busco/trinity_VA-3180-Osg03Pal/run_chlorophyta_odb10/metaeuk_output/initial_results/trinity_VA-3180-Osg03Pal.Trinity.fasta.modified.fas
# Option settings: hmmsearch --domtblout /crex/proj/snic2022-23-81/expression_algae/code/busco/trinity_VA-3180-Osg03Pal/run_chlorophyta_odb10/hmmer_output/initial_run_results/2729at3041.out --cpu 1 /sw/bioinfo/BUSCO/v5_lineage_sets/lineages/chlorophyta_odb10/hmms/2729at3041.hmm /crex/proj/snic2022-23-81/expression_algae/code/busco/trinity_VA-3180-Osg03Pal/run_chlorophyta_odb10/metaeuk_output/initial_results/trinity_VA-3180-Osg03Pal.Trinity.fasta.modified.fas 
# Current dir:     /crex/proj/snic2022-23-81/expression_algae/code/busco
# Date:            Fri Sep 23 10:11:09 2022
# [ok]
