#                                                                                        --- full sequence --- -------------- this domain -------------   hmm coord   ali coord   env coord
# target name                    accession   tlen query name           accession   qlen   E-value  score  bias   #  of  c-Evalue  i-Evalue  score  bias  from    to  from    to  from    to  acc description of target
#            ------------------- ---------- ----- -------------------- ---------- ----- --------- ------ ----- --- --- --------- --------- ------ ----- ----- ----- ----- ----- ----- ----- ---- ---------------------
TRINITY_DN70_c0_g2_i3:517-1410   -            298 3885at3041           -            233   1.1e-23   80.1   2.5   1   2     5e-17   4.7e-15   51.9   1.3     4   144     3   187     1   201 0.79 -
TRINITY_DN70_c0_g2_i3:517-1410   -            298 3885at3041           -            233   1.1e-23   80.1   2.5   2   2   3.7e-06   0.00034   16.3   0.0     4    59   223   284   219   298 0.61 -
TRINITY_DN70_c0_g2_i6:1044-1937  -            298 3885at3041           -            233   1.1e-23   80.1   2.5   1   2     5e-17   4.7e-15   51.9   1.3     4   144     3   187     1   201 0.79 -
TRINITY_DN70_c0_g2_i6:1044-1937  -            298 3885at3041           -            233   1.1e-23   80.1   2.5   2   2   3.7e-06   0.00034   16.3   0.0     4    59   223   284   219   298 0.61 -
TRINITY_DN70_c0_g2_i7:611-1504   -            298 3885at3041           -            233   1.1e-23   80.1   2.5   1   2     5e-17   4.7e-15   51.9   1.3     4   144     3   187     1   201 0.79 -
TRINITY_DN70_c0_g2_i7:611-1504   -            298 3885at3041           -            233   1.1e-23   80.1   2.5   2   2   3.7e-06   0.00034   16.3   0.0     4    59   223   284   219   298 0.61 -
TRINITY_DN3744_c0_g1_i1:81-515   -            145 3885at3041           -            233   1.4e-22   76.5   0.0   1   2   4.8e-10   4.5e-08   29.0   0.0   192   232     4    44     1    45 0.94 -
TRINITY_DN3744_c0_g1_i1:81-515   -            145 3885at3041           -            233   1.4e-22   76.5   0.0   2   2   2.6e-15   2.4e-13   46.2   0.0    68   157    47   141    44   145 0.88 -
TRINITY_DN547_c0_g1_i2:100-996   -            299 3885at3041           -            233   3.8e-22   75.0   0.5   1   1     1e-22   9.8e-21   70.4   0.5     3   228    17   287    15   292 0.75 -
TRINITY_DN547_c0_g1_i4:67-963    -            299 3885at3041           -            233   3.8e-22   75.0   0.5   1   1     1e-22   9.8e-21   70.4   0.5     3   228    17   287    15   292 0.75 -
TRINITY_DN523_c0_g1_i4:560-1453  -            298 3885at3041           -            233   1.7e-17   59.8   0.7   1   5      0.35        33    0.0   0.0     3    31     2    30     1    39 0.90 -
TRINITY_DN523_c0_g1_i4:560-1453  -            298 3885at3041           -            233   1.7e-17   59.8   0.7   2   5   0.00013     0.012   11.3   0.0   192   228    47    83    43    88 0.88 -
TRINITY_DN523_c0_g1_i4:560-1453  -            298 3885at3041           -            233   1.7e-17   59.8   0.7   3   5     0.035       3.3    3.3   0.0     2    29   105   132   104   140 0.88 -
TRINITY_DN523_c0_g1_i4:560-1453  -            298 3885at3041           -            233   1.7e-17   59.8   0.7   4   5   1.5e-07   1.4e-05   20.8   0.0   110   188   145   232   142   240 0.76 -
TRINITY_DN523_c0_g1_i4:560-1453  -            298 3885at3041           -            233   1.7e-17   59.8   0.7   5   5   1.2e-06   0.00011   17.9   0.1   110   157   240   287   233   295 0.92 -
TRINITY_DN523_c0_g1_i2:560-1477  -            306 3885at3041           -            233   1.7e-17   59.8   0.7   1   5      0.29        27    0.3   0.0     3    31    10    38     8    48 0.90 -
TRINITY_DN523_c0_g1_i2:560-1477  -            306 3885at3041           -            233   1.7e-17   59.8   0.7   2   5   0.00011      0.01   11.5   0.0   192   228    55    91    43    96 0.86 -
TRINITY_DN523_c0_g1_i2:560-1477  -            306 3885at3041           -            233   1.7e-17   59.8   0.7   3   5     0.036       3.4    3.2   0.0     2    29   113   140   112   148 0.88 -
TRINITY_DN523_c0_g1_i2:560-1477  -            306 3885at3041           -            233   1.7e-17   59.8   0.7   4   5   1.6e-07   1.5e-05   20.7   0.0   110   188   153   240   150   248 0.76 -
TRINITY_DN523_c0_g1_i2:560-1477  -            306 3885at3041           -            233   1.7e-17   59.8   0.7   5   5   1.3e-06   0.00012   17.8   0.1   110   157   248   295   241   303 0.92 -
TRINITY_DN1229_c0_g1_i3:393-1427 -            345 3885at3041           -            233   2.6e-17   59.3   0.6   1   2   1.8e-13   1.7e-11   40.2   0.0    86   231    60   232    32   234 0.76 -
TRINITY_DN1229_c0_g1_i3:393-1427 -            345 3885at3041           -            233   2.6e-17   59.3   0.6   2   2   5.5e-06   0.00052   15.7   0.1     3    68   258   325   256   334 0.85 -
TRINITY_DN25440_c0_g1_i1:21-500  -            160 3885at3041           -            233   4.1e-14   48.8   1.0   1   2   2.8e-11   2.7e-09   33.0   0.3     3    75    40   112    38   118 0.88 -
TRINITY_DN25440_c0_g1_i1:21-500  -            160 3885at3041           -            233   4.1e-14   48.8   1.0   2   2   1.4e-05    0.0014   14.4   0.0     3    34   128   159   126   160 0.93 -
TRINITY_DN7222_c0_g1_i1:160-303  -             48 3885at3041           -            233   5.4e-12   41.8   0.0   1   1   5.8e-14   5.4e-12   41.8   0.0   190   230     7    47     2    48 0.95 -
TRINITY_DN70_c0_g2_i1:1023-1478  -            152 3885at3041           -            233   1.7e-11   40.2   0.2   1   2   1.1e-06   0.00011   18.0   0.0   111   228     1    42     1    58 0.64 -
TRINITY_DN70_c0_g2_i1:1023-1478  -            152 3885at3041           -            233   1.7e-11   40.2   0.2   2   2   9.8e-07   9.3e-05   18.2   0.0     3    59    69   131    67   142 0.74 -
TRINITY_DN523_c0_g1_i3:279-956   -            226 3885at3041           -            233   4.4e-11   38.8   0.3   1   4      0.18        17    0.9   0.0     3    31    10    38     8    50 0.90 -
TRINITY_DN523_c0_g1_i3:279-956   -            226 3885at3041           -            233   4.4e-11   38.8   0.3   2   4   6.8e-05    0.0064   12.1   0.0   192   228    55    91    43    96 0.86 -
TRINITY_DN523_c0_g1_i3:279-956   -            226 3885at3041           -            233   4.4e-11   38.8   0.3   3   4     0.024       2.3    3.8   0.0     2    29   113   140   112   148 0.88 -
TRINITY_DN523_c0_g1_i3:279-956   -            226 3885at3041           -            233   4.4e-11   38.8   0.3   4   4     2e-06   0.00019   17.1   0.0   110   157   153   201   150   214 0.89 -
TRINITY_DN18125_c0_g1_i1:144-269 -             42 3885at3041           -            233   3.9e-09   32.5   0.0   1   1   4.1e-11   3.9e-09   32.5   0.0   193   230     4    41     1    42 0.93 -
TRINITY_DN7253_c0_g1_i1:3-128    -             42 3885at3041           -            233   2.2e-06   23.5   0.0   1   1   2.3e-08   2.2e-06   23.5   0.0   193   231     3    41     1    42 0.93 -
#
# Program:         hmmsearch
# Version:         3.2.1 (June 2018)
# Pipeline mode:   SEARCH
# Query file:      /sw/bioinfo/BUSCO/v5_lineage_sets/lineages/chlorophyta_odb10/hmms/3885at3041.hmm
# Target file:     /crex/proj/snic2022-23-81/expression_algae/code/busco/trinity_VA-3180-Osg03Pal/run_chlorophyta_odb10/metaeuk_output/initial_results/trinity_VA-3180-Osg03Pal.Trinity.fasta.modified.fas
# Option settings: hmmsearch --domtblout /crex/proj/snic2022-23-81/expression_algae/code/busco/trinity_VA-3180-Osg03Pal/run_chlorophyta_odb10/hmmer_output/initial_run_results/3885at3041.out --cpu 1 /sw/bioinfo/BUSCO/v5_lineage_sets/lineages/chlorophyta_odb10/hmms/3885at3041.hmm /crex/proj/snic2022-23-81/expression_algae/code/busco/trinity_VA-3180-Osg03Pal/run_chlorophyta_odb10/metaeuk_output/initial_results/trinity_VA-3180-Osg03Pal.Trinity.fasta.modified.fas 
# Current dir:     /crex/proj/snic2022-23-81/expression_algae/code/busco
# Date:            Fri Sep 23 10:11:08 2022
# [ok]
