#                                                                                         --- full sequence --- -------------- this domain -------------   hmm coord   ali coord   env coord
# target name                     accession   tlen query name           accession   qlen   E-value  score  bias   #  of  c-Evalue  i-Evalue  score  bias  from    to  from    to  from    to  acc description of target
#             ------------------- ---------- ----- -------------------- ---------- ----- --------- ------ ----- --- --- --------- --------- ------ ----- ----- ----- ----- ----- ----- ----- ---- ---------------------
TRINITY_DN81533_c0_g1_i1:25-462   -            146 1503at3041           -            416   4.1e-39  131.4   0.0   1   1   9.3e-42     5e-39  131.2   0.0     1   112     1   137     1   146 0.81 -
TRINITY_DN2933_c0_g1_i2:2997-3977 -            327 1503at3041           -            416     0.006   12.3   1.1   1   3    0.0002      0.11    8.2   0.2   280   320     5    44     2    72 0.85 -
TRINITY_DN2933_c0_g1_i2:2997-3977 -            327 1503at3041           -            416     0.006   12.3   1.1   2   3     0.014       7.6    2.1   0.0   281   308   147   174   134   183 0.81 -
TRINITY_DN2933_c0_g1_i2:2997-3977 -            327 1503at3041           -            416     0.006   12.3   1.1   3   3      0.91   4.8e+02   -3.8   0.0   343   355   286   298   271   303 0.66 -
TRINITY_DN2933_c0_g1_i6:5092-6072 -            327 1503at3041           -            416     0.006   12.3   1.1   1   3    0.0002      0.11    8.2   0.2   280   320     5    44     2    72 0.85 -
TRINITY_DN2933_c0_g1_i6:5092-6072 -            327 1503at3041           -            416     0.006   12.3   1.1   2   3     0.014       7.6    2.1   0.0   281   308   147   174   134   183 0.81 -
TRINITY_DN2933_c0_g1_i6:5092-6072 -            327 1503at3041           -            416     0.006   12.3   1.1   3   3      0.91   4.8e+02   -3.8   0.0   343   355   286   298   271   303 0.66 -
TRINITY_DN2933_c0_g1_i8:5864-6844 -            327 1503at3041           -            416     0.006   12.3   1.1   1   3    0.0002      0.11    8.2   0.2   280   320     5    44     2    72 0.85 -
TRINITY_DN2933_c0_g1_i8:5864-6844 -            327 1503at3041           -            416     0.006   12.3   1.1   2   3     0.014       7.6    2.1   0.0   281   308   147   174   134   183 0.81 -
TRINITY_DN2933_c0_g1_i8:5864-6844 -            327 1503at3041           -            416     0.006   12.3   1.1   3   3      0.91   4.8e+02   -3.8   0.0   343   355   286   298   271   303 0.66 -
#
# Program:         hmmsearch
# Version:         3.2.1 (June 2018)
# Pipeline mode:   SEARCH
# Query file:      /sw/bioinfo/BUSCO/v5_lineage_sets/lineages/chlorophyta_odb10/hmms/1503at3041.hmm
# Target file:     /crex/proj/snic2022-23-81/expression_algae/code/busco/trinity_VA-3180-Osg10Mul/run_chlorophyta_odb10/metaeuk_output/rerun_results/trinity_VA-3180-Osg10Mul.Trinity.fasta.modified.fas
# Option settings: hmmsearch --domtblout /crex/proj/snic2022-23-81/expression_algae/code/busco/trinity_VA-3180-Osg10Mul/run_chlorophyta_odb10/hmmer_output/rerun_results/1503at3041.out --cpu 1 /sw/bioinfo/BUSCO/v5_lineage_sets/lineages/chlorophyta_odb10/hmms/1503at3041.hmm /crex/proj/snic2022-23-81/expression_algae/code/busco/trinity_VA-3180-Osg10Mul/run_chlorophyta_odb10/metaeuk_output/rerun_results/trinity_VA-3180-Osg10Mul.Trinity.fasta.modified.fas 
# Current dir:     /crex/proj/snic2022-23-81/expression_algae/code/busco
# Date:            Fri Sep 23 10:14:09 2022
# [ok]
