#                                                                                         --- full sequence --- -------------- this domain -------------   hmm coord   ali coord   env coord
# target name                     accession   tlen query name           accession   qlen   E-value  score  bias   #  of  c-Evalue  i-Evalue  score  bias  from    to  from    to  from    to  acc description of target
#             ------------------- ---------- ----- -------------------- ---------- ----- --------- ------ ----- --- --- --------- --------- ------ ----- ----- ----- ----- ----- ----- ----- ---- ---------------------
TRINITY_DN9492_c0_g1_i1:1-399     -            133 5458at3041           -            261   1.1e-09   35.2   0.2   1   2   7.6e-09   3.3e-07   27.1   0.1    36   113    17   100    13   108 0.86 -
TRINITY_DN9492_c0_g1_i1:1-399     -            133 5458at3041           -            261   1.1e-09   35.2   0.2   2   2     0.034       1.5    5.2   0.0    87   103   116   132   105   133 0.85 -
TRINITY_DN9535_c0_g1_i1:1-393     -            131 5458at3041           -            261   2.2e-09   34.2   0.7   1   3    0.0044      0.19    8.2   0.0    90   112     1    23     1    27 0.90 -
TRINITY_DN9535_c0_g1_i1:1-393     -            131 5458at3041           -            261   2.2e-09   34.2   0.7   2   3     7e-05     0.003   14.1   0.1   218   245    37    64    31   105 0.68 -
TRINITY_DN9535_c0_g1_i1:1-393     -            131 5458at3041           -            261   2.2e-09   34.2   0.7   3   3    0.0031      0.13    8.7   0.0    85   106   110   131   103   131 0.88 -
TRINITY_DN79590_c0_g1_i1:268-822  -            185 5458at3041           -            261   6.2e-09   32.7   0.1   1   2   4.5e-06    0.0002   18.0   0.0    43   113    46   113    36   119 0.81 -
TRINITY_DN79590_c0_g1_i1:268-822  -            185 5458at3041           -            261   6.2e-09   32.7   0.1   2   2   1.6e-06   6.9e-05   19.5   0.0   173   241    79   149    70   163 0.87 -
TRINITY_DN15484_c0_g1_i1:99-344   -             82 5458at3041           -            261   1.5e-08   31.5   0.1   1   1   2.2e-09   9.6e-08   28.8   0.2   182   245    15    80     8    82 0.86 -
TRINITY_DN9492_c0_g1_i2:7-303     -             99 5458at3041           -            261   7.3e-08   29.2   0.0   1   1   4.7e-09     2e-07   27.7   0.0    36   112    15    97     7    99 0.86 -
TRINITY_DN6929_c0_g1_i1:10-228    -             73 5458at3041           -            261   3.8e-07   26.8   0.0   1   2   2.9e-05    0.0013   15.3   0.0    85   118     3    37     1    54 0.70 -
TRINITY_DN6929_c0_g1_i1:10-228    -             73 5458at3041           -            261   3.8e-07   26.8   0.0   2   2   0.00036     0.016   11.7   0.0    80   109    43    72    33    73 0.81 -
TRINITY_DN701_c0_g1_i2:210-965    -            252 5458at3041           -            261   9.5e-07   25.6   0.1   1   3    0.0087      0.38    7.2   0.0   186   245     9    70     4    81 0.81 -
TRINITY_DN701_c0_g1_i2:210-965    -            252 5458at3041           -            261   9.5e-07   25.6   0.1   2   3     0.085       3.7    4.0   0.0    88   113   135   160   113   209 0.71 -
TRINITY_DN701_c0_g1_i2:210-965    -            252 5458at3041           -            261   9.5e-07   25.6   0.1   3   3   0.00057     0.025   11.1   0.0    76   113   214   251   177   252 0.93 -
TRINITY_DN9535_c2_g1_i1:1-276     -             92 5458at3041           -            261   1.5e-06   24.9   1.7   1   2    0.0003     0.013   12.0   0.2   217   246     4    33     1    44 0.85 -
TRINITY_DN9535_c2_g1_i1:1-276     -             92 5458at3041           -            261   1.5e-06   24.9   1.7   2   2   0.00017    0.0073   12.8   0.1    84   113    47    76    39    85 0.73 -
TRINITY_DN1236_c0_g1_i2:455-1327  -            291 5458at3041           -            261   1.5e-06   24.9   0.3   1   2   4.3e-05    0.0019   14.8   0.0   195   248     4    59     1    64 0.84 -
TRINITY_DN1236_c0_g1_i2:455-1327  -            291 5458at3041           -            261   1.5e-06   24.9   0.3   2   2    0.0073      0.32    7.4   0.1   178   245   207   277   165   282 0.69 -
TRINITY_DN9535_c3_g1_i1:49-327    -             93 5458at3041           -            261   2.4e-06   24.2   0.3   1   1   6.5e-08   2.8e-06   24.0   0.3   180   249     7    78     3    87 0.86 -
TRINITY_DN94162_c0_g1_i1:4-795    -            264 5458at3041           -            261   3.8e-06   23.6   1.1   1   4   0.00076     0.033   10.7   0.1   177   249    10    84     4    92 0.72 -
TRINITY_DN94162_c0_g1_i1:4-795    -            264 5458at3041           -            261   3.8e-06   23.6   1.1   2   4     0.055       2.4    4.6   0.1    58   111    63   122    61   130 0.49 -
TRINITY_DN94162_c0_g1_i1:4-795    -            264 5458at3041           -            261   3.8e-06   23.6   1.1   3   4      0.81        35    0.7   0.0   116   116   127   127    98   179 0.56 -
TRINITY_DN94162_c0_g1_i1:4-795    -            264 5458at3041           -            261   3.8e-06   23.6   1.1   4   4    0.0089      0.39    7.2   0.0    86   116   183   213   171   228 0.85 -
TRINITY_DN9535_c0_g2_i1:41-382    -            114 5458at3041           -            261   3.8e-06   23.6   0.5   1   2    0.0034      0.15    8.5   0.1   223   245     7    29     2    42 0.72 -
TRINITY_DN9535_c0_g2_i1:41-382    -            114 5458at3041           -            261   3.8e-06   23.6   0.5   2   2     0.014      0.63    6.5   0.0    82   110    84   112    74   114 0.74 -
TRINITY_DN64476_c0_g1_i1:2-199    -             66 5458at3041           -            261   4.6e-06   23.3   0.1   1   1   2.2e-07   9.4e-06   22.3   0.1   184   243     3    64     1    66 0.88 -
TRINITY_DN30662_c0_g1_i1:15-326   -            104 5458at3041           -            261   5.5e-06   23.0   0.3   1   2   0.00021    0.0091   12.5   0.0   218   245     2    29     1    42 0.85 -
TRINITY_DN30662_c0_g1_i1:15-326   -            104 5458at3041           -            261   5.5e-06   23.0   0.3   2   2    0.0072      0.31    7.5   0.1   218   243    44    69    34    83 0.79 -
TRINITY_DN4739_c0_g1_i2:0-500     -            167 5458at3041           -            261     9e-06   22.3   0.4   1   1   3.4e-07   1.5e-05   21.7   0.4    80   215    28   164     9   166 0.76 -
TRINITY_DN32855_c0_g1_i1:20-241   -             74 5458at3041           -            261     1e-05   22.1   0.0   1   2    0.0088      0.38    7.2   0.0    90   112    13    35     7    41 0.83 -
TRINITY_DN32855_c0_g1_i1:20-241   -             74 5458at3041           -            261     1e-05   22.1   0.0   2   2    0.0001    0.0046   13.5   0.0    82   108    47    73    39    74 0.85 -
TRINITY_DN94820_c0_g1_i1:1-240    -             80 5458at3041           -            261   1.4e-05   21.7   0.1   1   1      0.01      0.45    6.9   0.0    90   113    10    33     3    38 0.87 -
TRINITY_DN9492_c1_g1_i1:561-866   -            102 5458at3041           -            261   1.7e-05   21.4   0.2   1   2    0.0018     0.077    9.5   0.0    86   113    29    56    21    63 0.78 -
TRINITY_DN9492_c1_g1_i1:561-866   -            102 5458at3041           -            261   1.7e-05   21.4   0.2   2   2    0.0021     0.092    9.2   0.0    85   112    70    97    59   100 0.82 -
TRINITY_DN9535_c0_g3_i1:4-336     -            111 5458at3041           -            261   2.2e-05   21.0   1.2   1   3     0.028       1.2    5.5   0.1   222   244     2    24     1    37 0.65 -
TRINITY_DN9535_c0_g3_i1:4-336     -            111 5458at3041           -            261   2.2e-05   21.0   1.2   2   3    0.0094      0.41    7.1   0.0    86   113    42    69    34    75 0.83 -
TRINITY_DN9535_c0_g3_i1:4-336     -            111 5458at3041           -            261   2.2e-05   21.0   1.2   3   3     0.015      0.64    6.4   0.0    86   112    84   110    76   111 0.83 -
TRINITY_DN9492_c1_g1_i2:25-369    -            115 5458at3041           -            261   2.8e-05   20.8   0.2   1   2    0.0016      0.07    9.6   0.0    86   113    29    56     6    61 0.75 -
TRINITY_DN9492_c1_g1_i2:25-369    -            115 5458at3041           -            261   2.8e-05   20.8   0.2   2   2    0.0026      0.11    8.9   0.0    85   113    70    98    60   106 0.83 -
TRINITY_DN1133_c0_g1_i1:1-765     -            255 5458at3041           -            261   7.4e-05   19.4   4.0   1   3      0.23        10    2.5   0.1   188   244    14    71     7    76 0.82 -
TRINITY_DN1133_c0_g1_i1:1-765     -            255 5458at3041           -            261   7.4e-05   19.4   4.0   2   3   0.00033     0.014   11.9   0.1   186   248   100   164    87   173 0.84 -
TRINITY_DN1133_c0_g1_i1:1-765     -            255 5458at3041           -            261   7.4e-05   19.4   4.0   3   3      0.11       4.6    3.6   0.0    90   205   227   248   194   253 0.67 -
TRINITY_DN101938_c0_g1_i1:71-367  -             99 5458at3041           -            261   9.9e-05   18.9   0.0   1   2     0.002     0.086    9.3   0.0   162   205     6    55     1    70 0.61 -
TRINITY_DN101938_c0_g1_i1:71-367  -             99 5458at3041           -            261   9.9e-05   18.9   0.0   2   2    0.0032      0.14    8.6   0.0    82   112    68    98    58    99 0.85 -
TRINITY_DN67221_c0_g1_i1:19-261   -             81 5458at3041           -            261   0.00023   17.7   0.0   1   1   6.1e-06   0.00027   17.5   0.0   216   249    23    56     9    66 0.85 -
TRINITY_DN1133_c0_g1_i3:127-513   -            129 5458at3041           -            261   0.00042   16.9   0.2   1   3       3.6   1.6e+02   -1.4   0.0   221   244     5    29     2    36 0.71 -
TRINITY_DN1133_c0_g1_i3:127-513   -            129 5458at3041           -            261   0.00042   16.9   0.2   2   3     0.021       0.9    6.0   0.0   213   242    45    74    38    87 0.86 -
TRINITY_DN1133_c0_g1_i3:127-513   -            129 5458at3041           -            261   0.00042   16.9   0.2   3   3   0.00012    0.0051   13.3   0.1   186   247    58   121    55   127 0.84 -
TRINITY_DN8446_c0_g2_i2:9-473     -            155 5458at3041           -            261   0.00065   16.3   0.1   1   2    0.0023       0.1    9.1   0.0   157   209    48   103     5   109 0.82 -
TRINITY_DN8446_c0_g2_i2:9-473     -            155 5458at3041           -            261   0.00065   16.3   0.1   2   2     0.025       1.1    5.7   0.0    85   113   123   151   107   153 0.86 -
TRINITY_DN701_c0_g1_i1:194-913    -            240 5458at3041           -            261   0.00083   15.9   0.7   1   3      0.55        24    1.3   0.0   214   245     6    39     2    43 0.80 -
TRINITY_DN701_c0_g1_i1:194-913    -            240 5458at3041           -            261   0.00083   15.9   0.7   2   3    0.0065      0.28    7.6   0.0   186   245    67   128    52   139 0.81 -
TRINITY_DN701_c0_g1_i1:194-913    -            240 5458at3041           -            261   0.00083   15.9   0.7   3   3      0.18       7.9    2.9   0.0    89   205   194   216   182   228 0.63 -
TRINITY_DN71378_c0_g1_i1:2-199    -             66 5458at3041           -            261   0.00089   15.8   0.1   1   1   0.00035     0.015   11.8   0.1   189   241     3    57     1    65 0.76 -
TRINITY_DN63701_c0_g1_i1:18-323   -            102 5458at3041           -            261    0.0011   15.5   0.2   1   2     0.088       3.8    3.9   0.1    96   113     2    19     1    26 0.89 -
TRINITY_DN63701_c0_g1_i1:18-323   -            102 5458at3041           -            261    0.0011   15.5   0.2   2   2   0.00077     0.033   10.6   0.0    41   109    24    99    17   102 0.71 -
TRINITY_DN1133_c0_g1_i2:139-717   -            193 5458at3041           -            261    0.0012   15.4   0.3   1   2   0.00019    0.0081   12.7   0.1   186   248    54   118    40   126 0.84 -
TRINITY_DN1133_c0_g1_i2:139-717   -            193 5458at3041           -            261    0.0012   15.4   0.3   2   2    0.0074      0.32    7.4   0.1   223   248    93   118    86   186 0.83 -
TRINITY_DN66816_c0_g1_i1:4-570    -            189 5458at3041           -            261    0.0015   15.1   0.2   1   1     7e-05    0.0031   14.1   0.2    68   182    58   172    47   184 0.66 -
TRINITY_DN95941_c0_g1_i1:10-288   -             93 5458at3041           -            261    0.0016   15.0   0.3   1   2     0.014      0.61    6.5   0.1    91   114     1    25     1    36 0.82 -
TRINITY_DN95941_c0_g1_i1:10-288   -             93 5458at3041           -            261    0.0016   15.0   0.3   2   2     0.011      0.47    6.9   0.0    87   115    42    72    33    79 0.82 -
TRINITY_DN5609_c0_g1_i1:2-238     -             79 5458at3041           -            261     0.002   14.7   0.0   1   1   6.7e-05    0.0029   14.1   0.0    85   114     3    32     1    71 0.77 -
TRINITY_DN12420_c0_g1_i2:869-1735 -            289 5458at3041           -            261    0.0023   14.5   0.2   1   3      0.45        20    1.6   0.2   237   237   100   100     4   152 0.64 -
TRINITY_DN12420_c0_g1_i2:869-1735 -            289 5458at3041           -            261    0.0023   14.5   0.2   2   3    0.0093       0.4    7.1   0.0    82   116   209   243   201   255 0.84 -
TRINITY_DN12420_c0_g1_i2:869-1735 -            289 5458at3041           -            261    0.0023   14.5   0.2   3   3     0.082       3.6    4.0   0.0    58   109   221   278   219   282 0.60 -
TRINITY_DN8446_c0_g2_i1:31-309    -             93 5458at3041           -            261    0.0025   14.3   0.0   1   2      0.02      0.86    6.0   0.0   185   209    20    44     4    52 0.73 -
TRINITY_DN8446_c0_g2_i1:31-309    -             93 5458at3041           -            261    0.0025   14.3   0.0   2   2      0.01      0.45    7.0   0.0    84   113    63    92    48    93 0.86 -
TRINITY_DN99093_c0_g1_i1:5-427    -            141 5458at3041           -            261    0.0028   14.2   0.0   1   1   0.00016    0.0067   12.9   0.0    84   132    32    78     1    96 0.78 -
TRINITY_DN7373_c0_g1_i2:18-497    -            160 5458at3041           -            261    0.0032   14.0   0.0   1   1   0.00036     0.016   11.7   0.0    86   112    10    36     2   122 0.91 -
TRINITY_DN45651_c0_g1_i1:15-341   -            109 5458at3041           -            261    0.0033   14.0   0.0   1   1   0.00025     0.011   12.2   0.0   137   207    28   104     3   107 0.63 -
TRINITY_DN23316_c0_g1_i1:115-588  -            158 5458at3041           -            261    0.0034   13.9   0.0   1   3     0.052       2.3    4.6   0.0    52   114     7    75     1    79 0.71 -
TRINITY_DN23316_c0_g1_i1:115-588  -            158 5458at3041           -            261    0.0034   13.9   0.0   2   3      0.39        17    1.8   0.0   218   243    87   112    76   127 0.84 -
TRINITY_DN23316_c0_g1_i1:115-588  -            158 5458at3041           -            261    0.0034   13.9   0.0   3   3     0.074       3.2    4.1   0.1   213   244   124   155   116   158 0.80 -
TRINITY_DN23316_c0_g1_i2:115-588  -            158 5458at3041           -            261    0.0034   13.9   0.0   1   3     0.052       2.3    4.6   0.0    52   114     7    75     1    79 0.71 -
TRINITY_DN23316_c0_g1_i2:115-588  -            158 5458at3041           -            261    0.0034   13.9   0.0   2   3      0.39        17    1.8   0.0   218   243    87   112    76   127 0.84 -
TRINITY_DN23316_c0_g1_i2:115-588  -            158 5458at3041           -            261    0.0034   13.9   0.0   3   3     0.074       3.2    4.1   0.1   213   244   124   155   116   158 0.80 -
TRINITY_DN5550_c0_g1_i1:12-443    -            144 5458at3041           -            261    0.0038   13.7   0.0   1   2     0.049       2.1    4.7   0.0   183   243    33    96     4   103 0.70 -
TRINITY_DN5550_c0_g1_i1:12-443    -            144 5458at3041           -            261    0.0038   13.7   0.0   2   2    0.0092       0.4    7.1   0.0    84   112   115   143   108   144 0.85 -
TRINITY_DN2067_c0_g2_i1:547-906   -            120 5458at3041           -            261    0.0046   13.5   0.0   1   2     0.014      0.59    6.6   0.0   131   178    15    63     9    69 0.85 -
TRINITY_DN2067_c0_g2_i1:547-906   -            120 5458at3041           -            261    0.0046   13.5   0.0   2   2     0.047       2.1    4.8   0.0    85   112    79   106    71   115 0.62 -
TRINITY_DN40292_c0_g1_i1:33-434   -            134 5458at3041           -            261    0.0052   13.3   0.0   1   2      0.37        16    1.9   0.0    88   114     7    33     3    58 0.60 -
TRINITY_DN40292_c0_g1_i1:33-434   -            134 5458at3041           -            261    0.0052   13.3   0.0   2   2    0.0018      0.08    9.4   0.0    81   113    93   125    70   128 0.88 -
TRINITY_DN113677_c0_g1_i1:119-466 -            116 5458at3041           -            261    0.0052   13.3   0.0   1   1   0.00068      0.03   10.8   0.0    71   130     8    83     1    89 0.58 -
TRINITY_DN2906_c0_g1_i2:1-222     -             74 5458at3041           -            261    0.0076   12.7   0.0   1   1   0.00026     0.011   12.2   0.0    79   113    39    73     2    74 0.60 -
TRINITY_DN12420_c0_g1_i1:662-1318 -            219 5458at3041           -            261    0.0078   12.7   0.0   1   4       2.4     1e+02   -0.8   0.0    78   116    22    62    10    70 0.72 -
TRINITY_DN12420_c0_g1_i1:662-1318 -            219 5458at3041           -            261    0.0078   12.7   0.0   2   4    0.0055      0.24    7.8   0.0    81   116    69   104    45   113 0.86 -
TRINITY_DN12420_c0_g1_i1:662-1318 -            219 5458at3041           -            261    0.0078   12.7   0.0   3   4      0.64        28    1.1   0.0    83   110   113   140   103   153 0.87 -
TRINITY_DN12420_c0_g1_i1:662-1318 -            219 5458at3041           -            261    0.0078   12.7   0.0   4   4       7.5   3.3e+02   -2.4   0.0    13    25   206   218   198   219 0.64 -
TRINITY_DN94194_c0_g1_i1:2-295    -             98 5458at3041           -            261    0.0089   12.5   0.1   1   2      0.12       5.1    3.5   0.1   188   235     2    51     1    66 0.59 -
TRINITY_DN94194_c0_g1_i1:2-295    -             98 5458at3041           -            261    0.0089   12.5   0.1   2   2    0.0012     0.052   10.0   0.0   186   240    42    98    33    98 0.84 -
TRINITY_DN66835_c0_g1_i1:55-399   -            115 5458at3041           -            261    0.0096   12.4   0.2   1   1   0.00039     0.017   11.6   0.1   185   245     2    64     1    76 0.76 -
TRINITY_DN1526_c0_g1_i1:28-423    -            132 5458at3041           -            261    0.0099   12.4   0.0   1   1   0.00026     0.011   12.2   0.0    32   111    46   132    12   132 0.80 -
TRINITY_DN41434_c0_g1_i1:144-476  -            111 5458at3041           -            261     0.011   12.3   0.6   1   2    0.0011     0.046   10.2   0.2   186   238     2    57     1    64 0.84 -
TRINITY_DN41434_c0_g1_i1:144-476  -            111 5458at3041           -            261     0.011   12.3   0.6   2   2       2.1        92   -0.6   0.0   230   244    93   107    71   110 0.66 -
#
# Program:         hmmsearch
# Version:         3.2.1 (June 2018)
# Pipeline mode:   SEARCH
# Query file:      /sw/bioinfo/BUSCO/v5_lineage_sets/lineages/chlorophyta_odb10/hmms/5458at3041.hmm
# Target file:     /crex/proj/snic2022-23-81/expression_algae/code/busco/trinity_VA-3180-Osg10Mul/run_chlorophyta_odb10/metaeuk_output/rerun_results/trinity_VA-3180-Osg10Mul.Trinity.fasta.modified.fas
# Option settings: hmmsearch --domtblout /crex/proj/snic2022-23-81/expression_algae/code/busco/trinity_VA-3180-Osg10Mul/run_chlorophyta_odb10/hmmer_output/rerun_results/5458at3041.out --cpu 1 /sw/bioinfo/BUSCO/v5_lineage_sets/lineages/chlorophyta_odb10/hmms/5458at3041.hmm /crex/proj/snic2022-23-81/expression_algae/code/busco/trinity_VA-3180-Osg10Mul/run_chlorophyta_odb10/metaeuk_output/rerun_results/trinity_VA-3180-Osg10Mul.Trinity.fasta.modified.fas 
# Current dir:     /crex/proj/snic2022-23-81/expression_algae/code/busco
# Date:            Fri Sep 23 10:14:06 2022
# [ok]
