#                                                                                          --- full sequence --- -------------- this domain -------------   hmm coord   ali coord   env coord
# target name                      accession   tlen query name           accession   qlen   E-value  score  bias   #  of  c-Evalue  i-Evalue  score  bias  from    to  from    to  from    to  acc description of target
#              ------------------- ---------- ----- -------------------- ---------- ----- --------- ------ ----- --- --- --------- --------- ------ ----- ----- ----- ----- ----- ----- ----- ---- ---------------------
TRINITY_DN35148_c0_g1_i1:123-272   -             50 6448at3041           -            241   3.3e-21   72.7   0.1   1   1   8.2e-23   3.4e-21   72.6   0.1   106   153     3    50     1    50 0.84 -
TRINITY_DN85372_c0_g1_i1:359-520   -             54 6448at3041           -            241   5.5e-21   72.0   0.0   1   1   1.4e-22   5.6e-21   71.9   0.0   106   155     1    50     1    54 0.75 -
TRINITY_DN112776_c0_g1_i1:176-343  -             56 6448at3041           -            241   7.7e-21   71.5   0.0   1   1   1.9e-22   7.8e-21   71.5   0.0   107   158     2    53     1    56 0.86 -
TRINITY_DN5667_c0_g1_i1:12-182     -             57 6448at3041           -            241   1.7e-18   63.8   0.0   1   1   4.2e-20   1.7e-18   63.8   0.0   106   158     2    54     1    57 0.59 -
TRINITY_DN412_c0_g1_i1:13-201      -             63 6448at3041           -            241   1.7e-17   60.5   0.0   1   1     4e-19   1.7e-17   60.5   0.0   106   156     8    58     1    63 0.59 -
TRINITY_DN282_c0_g1_i12:1541-1714  -             58 6448at3041           -            241   7.9e-17   58.3   0.0   1   1     2e-18   8.4e-17   58.3   0.0   106   156     4    54     2    58 0.87 -
TRINITY_DN282_c0_g1_i13:555-728    -             58 6448at3041           -            241   7.9e-17   58.3   0.0   1   1     2e-18   8.4e-17   58.3   0.0   106   156     4    54     2    58 0.87 -
TRINITY_DN282_c0_g1_i1:1328-1501   -             58 6448at3041           -            241   7.9e-17   58.3   0.0   1   1     2e-18   8.4e-17   58.3   0.0   106   156     4    54     2    58 0.87 -
TRINITY_DN282_c0_g1_i2:767-940     -             58 6448at3041           -            241   7.9e-17   58.3   0.0   1   1     2e-18   8.4e-17   58.3   0.0   106   156     4    54     2    58 0.87 -
TRINITY_DN282_c0_g1_i4:1541-1714   -             58 6448at3041           -            241   7.9e-17   58.3   0.0   1   1     2e-18   8.4e-17   58.3   0.0   106   156     4    54     2    58 0.87 -
TRINITY_DN282_c0_g1_i9:1541-1714   -             58 6448at3041           -            241   7.9e-17   58.3   0.0   1   1     2e-18   8.4e-17   58.3   0.0   106   156     4    54     2    58 0.87 -
TRINITY_DN7521_c0_g1_i1:551-706    -             52 6448at3041           -            241   4.4e-15   52.6   0.0   1   1   1.1e-16   4.4e-15   52.6   0.0   115   159     6    50     1    52 0.88 -
TRINITY_DN51024_c0_g1_i1:1-231     -             77 6448at3041           -            241   5.2e-14   49.1   0.1   1   1   1.3e-15   5.5e-14   49.0   0.1     3    68     2    73     1    77 0.87 -
TRINITY_DN2337_c0_g1_i4:228-476    -             83 6448at3041           -            241   2.9e-12   43.4   0.0   1   1   8.5e-14   3.5e-12   43.1   0.0     1    67     7    79     7    82 0.87 -
TRINITY_DN2337_c0_g1_i1:228-476    -             83 6448at3041           -            241   4.1e-12   42.9   0.0   1   1   1.2e-13     5e-12   42.6   0.0     1    67     7    79     7    82 0.87 -
TRINITY_DN2337_c0_g1_i6:482-730    -             83 6448at3041           -            241   4.1e-12   42.9   0.0   1   1   1.2e-13     5e-12   42.6   0.0     1    67     7    79     7    82 0.87 -
TRINITY_DN2337_c0_g1_i2:482-730    -             83 6448at3041           -            241   4.3e-12   42.8   0.0   1   1   1.2e-13   5.2e-12   42.6   0.0     1    67     7    79     7    82 0.87 -
TRINITY_DN2337_c0_g1_i5:181-429    -             83 6448at3041           -            241   6.1e-12   42.3   0.0   1   1   1.8e-13   7.4e-12   42.1   0.0     1    67     7    79     7    82 0.87 -
TRINITY_DN5291_c0_g1_i1:141-404    -             88 6448at3041           -            241   3.6e-11   39.8   0.0   1   1   9.5e-13     4e-11   39.7   0.0     2    68     2    74     1    84 0.85 -
TRINITY_DN11956_c0_g1_i1:469-750   -             94 6448at3041           -            241   6.5e-11   39.0   0.0   1   1   1.8e-12   7.4e-11   38.8   0.0     1    69     9    83     9    93 0.84 -
TRINITY_DN1268_c0_g1_i1:141-389    -             83 6448at3041           -            241   7.2e-11   38.8   0.2   1   1     2e-12   8.2e-11   38.6   0.2     1    68     2    75     2    81 0.85 -
TRINITY_DN1268_c0_g1_i2:106-354    -             83 6448at3041           -            241   7.2e-11   38.8   0.2   1   1     2e-12   8.2e-11   38.6   0.2     1    68     2    75     2    81 0.85 -
TRINITY_DN110889_c0_g1_i1:150-464  -            105 6448at3041           -            241     8e-11   38.7   0.0   1   1   2.4e-12   9.9e-11   38.4   0.0     2    71    26   100    25   103 0.91 -
TRINITY_DN8713_c0_g1_i2:25-288     -             88 6448at3041           -            241   1.8e-10   37.5   0.2   1   1     5e-12   2.1e-10   37.3   0.2     1    71     6    81     6    86 0.90 -
TRINITY_DN115558_c0_g1_i1:96-371   -             92 6448at3041           -            241     7e-10   35.6   0.0   1   1   1.9e-11     8e-10   35.4   0.0     1    70     7    83     7    90 0.82 -
TRINITY_DN4233_c0_g1_i2:95-385     -             97 6448at3041           -            241   7.7e-10   35.5   0.0   1   1   2.2e-11   9.1e-10   35.2   0.0     2    65    23    91    22    96 0.90 -
TRINITY_DN95347_c0_g1_i1:247-678   -            144 6448at3041           -            241   1.5e-09   34.6   0.0   1   2       7.7   3.2e+02   -2.6   0.0   221   239    32    50    29    52 0.66 -
TRINITY_DN95347_c0_g1_i1:247-678   -            144 6448at3041           -            241   1.5e-09   34.6   0.0   2   2   7.1e-11     3e-09   33.5   0.0     2    71    61   137    60   143 0.81 -
TRINITY_DN5375_c0_g1_i1:3-251      -             83 6448at3041           -            241   3.5e-09   33.3   0.0   1   1   9.7e-11     4e-09   33.1   0.0     1    65     7    77     7    82 0.82 -
TRINITY_DN85104_c0_g1_i1:331-555   -             75 6448at3041           -            241   3.5e-09   33.3   0.3   1   1   9.5e-11     4e-09   33.1   0.3     1    54    17    75    17    75 0.89 -
TRINITY_DN5375_c1_g1_i1:83-322     -             80 6448at3041           -            241   4.3e-09   33.0   0.0   1   1   1.1e-10   4.6e-09   32.9   0.0     1    61     7    73     7    80 0.80 -
TRINITY_DN3798_c0_g2_i1:18-287     -             90 6448at3041           -            241   4.9e-09   32.8   0.0   1   1   1.4e-10   5.6e-09   32.6   0.0     1    67     9    81     9    87 0.80 -
TRINITY_DN13060_c0_g1_i1:260-511   -             84 6448at3041           -            241   1.4e-08   31.3   0.0   1   1     4e-10   1.7e-08   31.1   0.0     1    65     2    72     2    81 0.81 -
TRINITY_DN95022_c0_g1_i1:887-1189  -            101 6448at3041           -            241   1.2e-07   28.3   0.0   1   1     4e-09   1.7e-07   27.8   0.0     1    71    15    95    15    99 0.79 -
TRINITY_DN84420_c0_g1_i1:175-354   -             60 6448at3041           -            241     5e-07   26.3   0.0   1   1   1.3e-08   5.4e-07   26.1   0.0     3    53     4    59     2    60 0.84 -
TRINITY_DN52050_c0_g1_i1:134-373   -             80 6448at3041           -            241   5.9e-06   22.7   0.0   1   1   1.6e-07   6.5e-06   22.6   0.0     2    54    17    75    16    80 0.78 -
TRINITY_DN1552_c0_g1_i1:989-1270   -             94 6448at3041           -            241   7.4e-06   22.4   0.0   1   1   1.9e-07   7.9e-06   22.3   0.0     3    69     5    79     3    93 0.73 -
TRINITY_DN28179_c0_g1_i1:29-262    -             78 6448at3041           -            241   2.2e-05   20.9   0.0   1   1   6.1e-07   2.6e-05   20.7   0.0     2    64     2    71     1    77 0.79 -
TRINITY_DN41193_c0_g1_i1:97-318    -             74 6448at3041           -            241   2.5e-05   20.7   0.0   1   1   6.1e-07   2.5e-05   20.7   0.0     1    28    21    48    21    74 0.67 -
TRINITY_DN1552_c0_g1_i3:1259-1471  -             71 6448at3041           -            241   2.8e-05   20.5   0.0   1   1   7.2e-07     3e-05   20.4   0.0     3    61     5    69     3    71 0.77 -
TRINITY_DN3312_c0_g1_i2:2-220      -             73 6448at3041           -            241   5.2e-05   19.6   0.2   1   1   1.7e-06   7.2e-05   19.2   0.2     1    26    47    72    47    73 0.93 -
TRINITY_DN3798_c0_g1_i1:2-172      -             57 6448at3041           -            241   5.9e-05   19.5   0.0   1   1   1.5e-06   6.4e-05   19.4   0.0     1    27    19    45    19    55 0.88 -
TRINITY_DN70105_c0_g1_i1:17-235    -             73 6448at3041           -            241   7.1e-05   19.2   0.0   1   1     2e-06   8.4e-05   19.0   0.0     3    48    23    73    21    73 0.80 -
TRINITY_DN17969_c0_g1_i1:2-391     -            130 6448at3041           -            241   0.00053   16.3   0.0   1   1     2e-05   0.00085   15.7   0.0     1    26    19    44    19    51 0.89 -
TRINITY_DN33158_c0_g1_i1:2555-2914 -            120 6448at3041           -            241   0.00067   16.0   0.1   1   1     2e-05   0.00085   15.7   0.1     2    73    28   109    27   118 0.71 -
TRINITY_DN6619_c0_g1_i1:7-225      -             73 6448at3041           -            241     0.004   13.5   0.0   1   1    0.0001    0.0043   13.4   0.0    16    67     8    61     1    68 0.74 -
TRINITY_DN6619_c0_g1_i2:7-225      -             73 6448at3041           -            241     0.004   13.5   0.0   1   1    0.0001    0.0043   13.4   0.0    16    67     8    61     1    68 0.74 -
TRINITY_DN1552_c0_g1_i3:218-436    -             73 6448at3041           -            241    0.0044   13.3   0.0   1   1   0.00013    0.0054   13.1   0.0     2    58     6    71     5    73 0.73 -
TRINITY_DN5306_c0_g1_i2:109-567    -            153 6448at3041           -            241    0.0083   12.4   0.0   1   2       1.4        57   -0.1   0.0   164   186    13    35     5    40 0.82 -
TRINITY_DN5306_c0_g1_i2:109-567    -            153 6448at3041           -            241    0.0083   12.4   0.0   2   2   0.00095      0.04   10.2   0.0     2    61    69   136    68   150 0.77 -
TRINITY_DN3873_c0_g1_i1:350-622    -             91 6448at3041           -            241     0.014   11.7   0.0   1   1   0.00037     0.015   11.6   0.0     2    28    25    51    24    89 0.76 -
TRINITY_DN22_c0_g1_i2:56-475       -            140 6448at3041           -            241     0.014   11.7   0.0   1   1   0.00067     0.028   10.7   0.0     2    59    51   120    50   136 0.69 -
TRINITY_DN3873_c0_g2_i1:72-323     -             84 6448at3041           -            241     0.016   11.5   0.0   1   1   0.00043     0.018   11.3   0.0     3    55    18    76    16    82 0.73 -
#
# Program:         hmmsearch
# Version:         3.2.1 (June 2018)
# Pipeline mode:   SEARCH
# Query file:      /sw/bioinfo/BUSCO/v5_lineage_sets/lineages/chlorophyta_odb10/hmms/6448at3041.hmm
# Target file:     /crex/proj/snic2022-23-81/expression_algae/code/busco/trinity_VA-3180-Osg10Mul/run_chlorophyta_odb10/metaeuk_output/rerun_results/trinity_VA-3180-Osg10Mul.Trinity.fasta.modified.fas
# Option settings: hmmsearch --domtblout /crex/proj/snic2022-23-81/expression_algae/code/busco/trinity_VA-3180-Osg10Mul/run_chlorophyta_odb10/hmmer_output/rerun_results/6448at3041.out --cpu 1 /sw/bioinfo/BUSCO/v5_lineage_sets/lineages/chlorophyta_odb10/hmms/6448at3041.hmm /crex/proj/snic2022-23-81/expression_algae/code/busco/trinity_VA-3180-Osg10Mul/run_chlorophyta_odb10/metaeuk_output/rerun_results/trinity_VA-3180-Osg10Mul.Trinity.fasta.modified.fas 
# Current dir:     /crex/proj/snic2022-23-81/expression_algae/code/busco
# Date:            Fri Sep 23 10:14:08 2022
# [ok]
