#                                                                                        --- full sequence --- -------------- this domain -------------   hmm coord   ali coord   env coord
# target name                    accession   tlen query name           accession   qlen   E-value  score  bias   #  of  c-Evalue  i-Evalue  score  bias  from    to  from    to  from    to  acc description of target
#            ------------------- ---------- ----- -------------------- ---------- ----- --------- ------ ----- --- --- --------- --------- ------ ----- ----- ----- ----- ----- ----- ----- ---- ---------------------
TRINITY_DN4233_c0_g1_i2:95-385   -             97 7686at3041           -            166   1.9e-07   28.1   0.0   1   1   1.4e-09   2.2e-07   27.9   0.0    84   140    32    88     5    92 0.84 -
TRINITY_DN52050_c0_g1_i1:134-373 -             80 7686at3041           -            166   8.4e-07   26.0   0.0   1   1   5.7e-09   8.6e-07   26.0   0.0    72   134    13    77     3    80 0.85 -
TRINITY_DN116478_c0_g1_i1:95-469 -            125 7686at3041           -            166   1.5e-06   25.2   0.0   1   1   1.2e-08   1.9e-06   24.9   0.0    27   112    12    98     2   125 0.71 -
TRINITY_DN51024_c0_g1_i1:1-231   -             77 7686at3041           -            166   2.1e-06   24.7   0.0   1   1   1.5e-08   2.3e-06   24.6   0.0    84   144    10    71     1    74 0.89 -
TRINITY_DN8713_c0_g1_i2:25-288   -             88 7686at3041           -            166   7.8e-06   22.9   0.0   1   1   6.1e-08   9.2e-06   22.6   0.0    74   143     5    75     2    82 0.90 -
TRINITY_DN2337_c0_g1_i5:181-429  -             83 7686at3041           -            166   3.1e-05   20.9   0.0   1   1   2.1e-07   3.2e-05   20.9   0.0    76   144     8    78     1    81 0.85 -
TRINITY_DN2337_c0_g1_i1:228-476  -             83 7686at3041           -            166   3.9e-05   20.6   0.0   1   1   2.7e-07   4.1e-05   20.5   0.0    76   144     8    78     1    81 0.85 -
TRINITY_DN2337_c0_g1_i6:482-730  -             83 7686at3041           -            166   3.9e-05   20.6   0.0   1   1   2.7e-07   4.1e-05   20.5   0.0    76   144     8    78     1    81 0.85 -
TRINITY_DN2337_c0_g1_i2:482-730  -             83 7686at3041           -            166   4.2e-05   20.5   0.0   1   1   2.9e-07   4.4e-05   20.4   0.0    76   144     8    78     1    81 0.85 -
TRINITY_DN2337_c0_g1_i4:228-476  -             83 7686at3041           -            166   5.4e-05   20.1   0.0   1   1   3.7e-07   5.6e-05   20.1   0.0    76   144     8    78     1    81 0.85 -
TRINITY_DN5291_c0_g1_i1:141-404  -             88 7686at3041           -            166    0.0011   15.9   0.0   1   1   7.7e-06    0.0012   15.8   0.0    84   143    11    71     2    86 0.89 -
TRINITY_DN11956_c0_g1_i1:469-750 -             94 7686at3041           -            166    0.0011   15.8   0.0   1   1   9.3e-06    0.0014   15.5   0.0    84   142    19    78     8    81 0.88 -
TRINITY_DN5375_c1_g1_i1:83-322   -             80 7686at3041           -            166    0.0047   13.8   0.0   1   1   3.2e-05    0.0048   13.8   0.0    75   139     7    73     1    78 0.81 -
TRINITY_DN28179_c0_g1_i1:29-262  -             78 7686at3041           -            166      0.01   12.7   0.0   1   1   6.9e-05      0.01   12.7   0.0   100   142    29    71     1    75 0.79 -
#
# Program:         hmmsearch
# Version:         3.2.1 (June 2018)
# Pipeline mode:   SEARCH
# Query file:      /sw/bioinfo/BUSCO/v5_lineage_sets/lineages/chlorophyta_odb10/hmms/7686at3041.hmm
# Target file:     /crex/proj/snic2022-23-81/expression_algae/code/busco/trinity_VA-3180-Osg10Mul/run_chlorophyta_odb10/metaeuk_output/rerun_results/trinity_VA-3180-Osg10Mul.Trinity.fasta.modified.fas
# Option settings: hmmsearch --domtblout /crex/proj/snic2022-23-81/expression_algae/code/busco/trinity_VA-3180-Osg10Mul/run_chlorophyta_odb10/hmmer_output/rerun_results/7686at3041.out --cpu 1 /sw/bioinfo/BUSCO/v5_lineage_sets/lineages/chlorophyta_odb10/hmms/7686at3041.hmm /crex/proj/snic2022-23-81/expression_algae/code/busco/trinity_VA-3180-Osg10Mul/run_chlorophyta_odb10/metaeuk_output/rerun_results/trinity_VA-3180-Osg10Mul.Trinity.fasta.modified.fas 
# Current dir:     /crex/proj/snic2022-23-81/expression_algae/code/busco
# Date:            Fri Sep 23 10:14:08 2022
# [ok]
