#                                                                                         --- full sequence --- -------------- this domain -------------   hmm coord   ali coord   env coord
# target name                     accession   tlen query name           accession   qlen   E-value  score  bias   #  of  c-Evalue  i-Evalue  score  bias  from    to  from    to  from    to  acc description of target
#             ------------------- ---------- ----- -------------------- ---------- ----- --------- ------ ----- --- --- --------- --------- ------ ----- ----- ----- ----- ----- ----- ----- ---- ---------------------
TRINITY_DN412_c0_g1_i1:524-1255   -            244 1278at3041           -            343   1.3e-48  163.5   0.1   1   1   8.3e-51   1.6e-48  163.1   0.1    20   212    28   244    13   244 0.85 -
TRINITY_DN476_c0_g1_i4:240-1490   -            417 1278at3041           -            343   1.4e-44  150.2   1.2   1   1   4.5e-44   8.9e-42  140.9   1.2    19   342    22   408    12   409 0.76 -
TRINITY_DN476_c0_g1_i8:106-1356   -            417 1278at3041           -            343   1.4e-44  150.2   1.2   1   1   4.5e-44   8.9e-42  140.9   1.2    19   342    22   408    12   409 0.76 -
TRINITY_DN2858_c0_g1_i1:328-1041  -            238 1278at3041           -            343   2.3e-44  149.4   0.1   1   1   1.4e-46   2.8e-44  149.2   0.1    15   210    13   238     1   238 0.82 -
TRINITY_DN2858_c0_g1_i3:342-1055  -            238 1278at3041           -            343   2.3e-44  149.4   0.1   1   1   1.4e-46   2.8e-44  149.2   0.1    15   210    13   238     1   238 0.82 -
TRINITY_DN640_c0_g1_i1:1595-2854  -            420 1278at3041           -            343   4.2e-42  142.0   3.0   1   1   9.4e-42   1.8e-39  133.3   3.0    20   340    23   409    15   412 0.74 -
TRINITY_DN476_c0_g1_i6:12-824     -            271 1278at3041           -            343   1.6e-34  117.1   0.4   1   1   4.2e-36   8.3e-34  114.7   0.4   151   342    43   261     4   262 0.79 -
TRINITY_DN96375_c0_g1_i1:34-948   -            305 1278at3041           -            343   2.2e-29  100.2   0.1   1   1   1.9e-30   3.7e-28   96.2   0.1    38   255    44   305    13   305 0.71 -
TRINITY_DN3695_c0_g1_i1:57-731    -            225 1278at3041           -            343   5.2e-29   99.0   0.1   1   1   5.4e-31   1.1e-28   98.0   0.1    20   198    14   225     4   225 0.73 -
TRINITY_DN476_c0_g1_i2:240-1064   -            275 1278at3041           -            343   5.3e-29   99.0   0.7   1   1   6.9e-29   1.4e-26   91.0   0.7    19   229    22   273    12   275 0.76 -
TRINITY_DN476_c0_g1_i3:240-1064   -            275 1278at3041           -            343   5.3e-29   99.0   0.7   1   1   6.9e-29   1.4e-26   91.0   0.7    19   229    22   273    12   275 0.76 -
TRINITY_DN2495_c0_g1_i1:36-1424   -            463 1278at3041           -            343   4.7e-28   95.8   0.3   1   1     4e-30   7.9e-28   95.1   0.3    21   278    86   374    75   392 0.75 -
TRINITY_DN3745_c0_g2_i2:3-770     -            256 1278at3041           -            343   6.4e-20   69.1   0.1   1   1   5.4e-22   1.1e-19   68.4   0.1    21   215    34   253    25   256 0.78 -
TRINITY_DN111488_c0_g1_i1:195-536 -            114 1278at3041           -            343   3.7e-19   66.6   0.1   1   1     2e-21     4e-19   66.5   0.1   150   230    26   112    11   114 0.89 -
TRINITY_DN3745_c0_g2_i1:3-710     -            236 1278at3041           -            343   1.5e-16   58.0   0.0   1   1   1.3e-18   2.6e-16   57.2   0.0    21   194    34   231    28   236 0.78 -
TRINITY_DN5726_c0_g1_i1:2-781     -            260 1278at3041           -            343   4.5e-13   46.6   0.0   1   1     4e-15   7.9e-13   45.8   0.0    19   210    46   260    34   260 0.73 -
TRINITY_DN1109_c0_g1_i1:1964-2434 -            157 1278at3041           -            343    0.0014   15.3   0.0   1   1   8.8e-06    0.0017   15.1   0.0   217   284     3    78     1   101 0.75 -
TRINITY_DN1109_c0_g1_i5:1964-2434 -            157 1278at3041           -            343    0.0021   14.8   0.0   1   1   1.3e-05    0.0025   14.5   0.0   217   284     3    78     1   101 0.75 -
TRINITY_DN1109_c0_g1_i4:1201-1671 -            157 1278at3041           -            343    0.0023   14.7   0.0   1   1   1.4e-05    0.0027   14.4   0.0   217   284     3    78     1   101 0.75 -
#
# Program:         hmmsearch
# Version:         3.2.1 (June 2018)
# Pipeline mode:   SEARCH
# Query file:      /sw/bioinfo/BUSCO/v5_lineage_sets/lineages/chlorophyta_odb10/hmms/1278at3041.hmm
# Target file:     /crex/proj/snic2022-23-81/expression_algae/code/busco/trinity_VA-3180-Osg10Mul/run_chlorophyta_odb10/metaeuk_output/initial_results/trinity_VA-3180-Osg10Mul.Trinity.fasta.modified.fas
# Option settings: hmmsearch --domtblout /crex/proj/snic2022-23-81/expression_algae/code/busco/trinity_VA-3180-Osg10Mul/run_chlorophyta_odb10/hmmer_output/initial_run_results/1278at3041.out --cpu 1 /sw/bioinfo/BUSCO/v5_lineage_sets/lineages/chlorophyta_odb10/hmms/1278at3041.hmm /crex/proj/snic2022-23-81/expression_algae/code/busco/trinity_VA-3180-Osg10Mul/run_chlorophyta_odb10/metaeuk_output/initial_results/trinity_VA-3180-Osg10Mul.Trinity.fasta.modified.fas 
# Current dir:     /crex/proj/snic2022-23-81/expression_algae/code/busco
# Date:            Fri Sep 23 10:11:48 2022
# [ok]
