#                                                                                         --- full sequence --- -------------- this domain -------------   hmm coord   ali coord   env coord
# target name                     accession   tlen query name           accession   qlen   E-value  score  bias   #  of  c-Evalue  i-Evalue  score  bias  from    to  from    to  from    to  acc description of target
#             ------------------- ---------- ----- -------------------- ---------- ----- --------- ------ ----- --- --- --------- --------- ------ ----- ----- ----- ----- ----- ----- ----- ---- ---------------------
TRINITY_DN7491_c0_g1_i2:0-755     -            252 1738at3041           -            359  1.7e-151  502.2   2.0   1   1  1.5e-152  1.3e-150  499.4   2.0   125   359     1   252     1   252 0.95 -
TRINITY_DN162_c2_g1_i2:586-3042   -            819 1738at3041           -            359  1.3e-106  354.6   0.7   1   2   6.1e-54   5.1e-52  175.0   0.9   116   342   206   443   174   455 0.86 -
TRINITY_DN162_c2_g1_i2:586-3042   -            819 1738at3041           -            359  1.3e-106  354.6   0.7   2   2   4.5e-54   3.7e-52  175.4   0.0   140   335   517   712   453   724 0.87 -
TRINITY_DN3671_c2_g1_i5:327-1286  -            320 1738at3041           -            359   5.7e-87  290.0   0.5   1   1   3.6e-88     3e-86  287.6   0.5    84   344    42   319    16   320 0.92 -
TRINITY_DN3671_c2_g1_i3:333-1241  -            303 1738at3041           -            359     5e-86  286.9   1.6   1   1   2.3e-87   1.9e-85  285.0   1.6    83   343    26   303     6   303 0.90 -
TRINITY_DN3671_c2_g1_i1:327-1034  -            236 1738at3041           -            359     7e-81  269.9   0.8   1   1   4.2e-82   3.5e-80  267.7   0.8   124   344     1   235     1   236 0.92 -
TRINITY_DN7491_c0_g4_i1:1-840     -            280 1738at3041           -            359   1.2e-79  265.9   0.4   1   1   1.2e-80     1e-78  262.8   0.4    76   306    33   280    15   280 0.92 -
TRINITY_DN330_c0_g1_i9:2-901      -            300 1738at3041           -            359   1.9e-59  199.5   0.4   1   1   2.9e-61   2.4e-59  199.1   0.4   140   346    58   264    11   269 0.94 -
TRINITY_DN330_c0_g1_i1:157-1548   -            464 1738at3041           -            359     6e-59  197.8   0.4   1   1     1e-60   8.6e-59  197.3   0.4   140   346    58   264    11   269 0.94 -
TRINITY_DN330_c0_g1_i2:157-1857   -            567 1738at3041           -            359   9.6e-59  197.1   0.5   1   1   1.8e-60   1.5e-58  196.5   0.5   141   346   162   367   115   372 0.94 -
TRINITY_DN330_c0_g1_i3:157-1857   -            567 1738at3041           -            359   9.6e-59  197.1   0.5   1   1   1.8e-60   1.5e-58  196.5   0.5   141   346   162   367   115   372 0.94 -
TRINITY_DN330_c0_g1_i6:157-1857   -            567 1738at3041           -            359   9.6e-59  197.1   0.5   1   1   1.8e-60   1.5e-58  196.5   0.5   141   346   162   367   115   372 0.94 -
TRINITY_DN330_c0_g2_i1:93-1787    -            565 1738at3041           -            359   2.9e-58  195.5   0.4   1   1   6.3e-60   5.2e-58  194.7   0.4   141   346   153   358   106   363 0.94 -
TRINITY_DN3671_c1_g3_i1:61-942    -            294 1738at3041           -            359     5e-56  188.2   2.1   1   1   3.5e-57   2.9e-55  185.7   2.1     6   267    26   294    21   294 0.79 -
TRINITY_DN3671_c1_g2_i1:30-989    -            320 1738at3041           -            359   1.6e-55  186.5   0.0   1   1   2.5e-57   2.1e-55  186.2   0.0   141   345    83   287    47   293 0.96 -
TRINITY_DN2431_c0_g1_i3:42-848    -            269 1738at3041           -            359   4.3e-52  175.2   0.1   1   1     7e-54   5.8e-52  174.8   0.1   141   324    82   262    35   269 0.86 -
TRINITY_DN330_c1_g1_i1:656-1765   -            370 1738at3041           -            359   1.1e-41  141.0   0.4   1   1   2.1e-43   1.8e-41  140.3   0.4   183   343     1   161     1   176 0.96 -
TRINITY_DN162_c3_g1_i2:3-728      -            242 1738at3041           -            359   6.8e-41  138.4   1.7   1   1   2.1e-41   1.8e-39  133.7   1.7    84   224    80   237     8   242 0.84 -
TRINITY_DN2431_c0_g1_i4:20-577    -            186 1738at3041           -            359   4.5e-38  129.1   0.0   1   1   5.4e-40   4.5e-38  129.1   0.0   158   324    16   179     1   186 0.89 -
TRINITY_DN330_c0_g1_i7:31-390     -            120 1738at3041           -            359   2.8e-36  123.2   0.2   1   1   3.7e-38     3e-36  123.1   0.2   179   296     2   119     1   120 0.98 -
TRINITY_DN14633_c0_g1_i1:1-393    -            131 1738at3041           -            359   1.1e-33  114.7   0.3   1   1   1.5e-35   1.2e-33  114.5   0.3   176   296     2   122     1   130 0.95 -
TRINITY_DN2431_c0_g1_i1:20-499    -            160 1738at3041           -            359   7.8e-32  108.6   0.0   1   1   9.6e-34     8e-32  108.6   0.0   158   301    16   159     1   160 0.89 -
TRINITY_DN7491_c0_g2_i3:0-314     -            105 1738at3041           -            359   3.2e-31  106.6   0.2   1   1   4.1e-33   3.4e-31  106.5   0.2   179   277     3   101     1   105 0.96 -
TRINITY_DN7491_c0_g2_i1:0-314     -            105 1738at3041           -            359   6.6e-31  105.5   0.1   1   1   8.5e-33   7.1e-31  105.4   0.1   179   280     3   104     1   105 0.97 -
TRINITY_DN2431_c1_g1_i1:151-1140  -            330 1738at3041           -            359     1e-24   85.2   0.3   1   1   1.7e-26   1.4e-24   84.7   0.3   226   344     2   120     1   134 0.95 -
TRINITY_DN111452_c0_g1_i1:14-412  -            133 1738at3041           -            359   8.5e-22   75.6   0.0   1   1   4.4e-23   3.7e-21   73.5   0.0   140   226    39   123     2   133 0.79 -
TRINITY_DN162_c1_g2_i1:60-491     -            144 1738at3041           -            359     1e-21   75.3   0.0   1   1   2.1e-23   1.8e-21   74.5   0.0   140   235    46   141     4   144 0.91 -
TRINITY_DN56289_c0_g1_i1:41-358   -            106 1738at3041           -            359   7.4e-20   69.2   0.1   1   1   9.4e-22   7.8e-20   69.1   0.1   141   214    33   106    13   106 0.96 -
TRINITY_DN48003_c0_g1_i1:289-747  -            153 1738at3041           -            359   8.7e-19   65.7   0.0   1   1   4.1e-20   3.4e-18   63.7   0.0   139   214    74   149     8   153 0.84 -
TRINITY_DN162_c0_g2_i1:2-370      -            123 1738at3041           -            359   1.1e-18   65.3   0.0   1   1   1.4e-20   1.1e-18   65.3   0.0   203   301     1   101     1   122 0.85 -
TRINITY_DN3671_c2_g1_i2:99-479    -            127 1738at3041           -            359   1.6e-16   58.2   2.5   1   1   1.1e-17   9.4e-16   55.7   2.5    83   166    26   126     4   127 0.78 -
TRINITY_DN1916_c0_g1_i1:57-326    -             90 1738at3041           -            359   3.8e-14   50.4   0.0   1   1   4.6e-16   3.8e-14   50.4   0.0   142   195    37    90     5    90 0.92 -
TRINITY_DN162_c2_g1_i1:35-928     -            298 1738at3041           -            359   4.7e-14   50.1   2.1   1   2       6.6   5.5e+02   -2.8   0.1    47    75    49    77    37   119 0.66 -
TRINITY_DN162_c2_g1_i1:35-928     -            298 1738at3041           -            359   4.7e-14   50.1   2.1   2   2   1.7e-15   1.4e-13   48.5   0.2   116   187   206   291   173   297 0.77 -
TRINITY_DN2655_c0_g1_i1:310-1212  -            301 1738at3041           -            359   1.7e-13   48.2   0.0   1   1   3.4e-15   2.8e-13   47.5   0.0   142   292    26   169    11   178 0.84 -
TRINITY_DN93416_c0_g1_i1:19-453   -            145 1738at3041           -            359   2.8e-13   47.6   0.0   1   1   3.6e-15     3e-13   47.4   0.0   146   290     1   145     1   145 0.86 -
TRINITY_DN330_c1_g2_i1:186-893    -            236 1738at3041           -            359   1.8e-11   41.6   0.0   1   1   2.9e-13   2.4e-11   41.2   0.0   142   188   189   235   149   236 0.91 -
TRINITY_DN5007_c0_g1_i1:669-1055  -            129 1738at3041           -            359   2.3e-06   24.8   0.0   1   1   3.1e-08   2.5e-06   24.7   0.0   137   220    30   119     9   128 0.75 -
TRINITY_DN95579_c0_g1_i1:21-440   -            140 1738at3041           -            359    0.0011   16.0   0.0   1   1   2.2e-05    0.0018   15.2   0.0   148   266     3   132     1   139 0.73 -
TRINITY_DN9615_c0_g1_i1:2328-2966 -            213 1738at3041           -            359    0.0073   13.3   0.0   1   2   0.00018     0.015   12.3   0.0   135   165    40    69    13    78 0.77 -
TRINITY_DN9615_c0_g1_i1:2328-2966 -            213 1738at3041           -            359    0.0073   13.3   0.0   2   2       4.8     4e+02   -2.3   0.0   205   213   132   140    94   201 0.69 -
TRINITY_DN9615_c0_g1_i3:2325-2963 -            213 1738at3041           -            359    0.0073   13.3   0.0   1   2   0.00018     0.015   12.3   0.0   135   165    40    69    13    78 0.77 -
TRINITY_DN9615_c0_g1_i3:2325-2963 -            213 1738at3041           -            359    0.0073   13.3   0.0   2   2       4.8     4e+02   -2.3   0.0   205   213   132   140    94   201 0.69 -
TRINITY_DN9615_c0_g1_i4:2328-2966 -            213 1738at3041           -            359    0.0073   13.3   0.0   1   2   0.00018     0.015   12.3   0.0   135   165    40    69    13    78 0.77 -
TRINITY_DN9615_c0_g1_i4:2328-2966 -            213 1738at3041           -            359    0.0073   13.3   0.0   2   2       4.8     4e+02   -2.3   0.0   205   213   132   140    94   201 0.69 -
TRINITY_DN9615_c0_g1_i5:2331-2969 -            213 1738at3041           -            359    0.0073   13.3   0.0   1   2   0.00018     0.015   12.3   0.0   135   165    40    69    13    78 0.77 -
TRINITY_DN9615_c0_g1_i5:2331-2969 -            213 1738at3041           -            359    0.0073   13.3   0.0   2   2       4.8     4e+02   -2.3   0.0   205   213   132   140    94   201 0.69 -
TRINITY_DN1776_c0_g2_i1:41-823    -            261 1738at3041           -            359      0.01   12.8   0.0   1   1   0.00019     0.015   12.2   0.0   295   346     1    52     1    60 0.90 -
TRINITY_DN1714_c0_g1_i1:63-326    -             88 1738at3041           -            359     0.021   11.7   0.0   1   1   0.00026     0.022   11.7   0.0   148   175     7    34     2    86 0.86 -
TRINITY_DN1714_c0_g1_i4:63-326    -             88 1738at3041           -            359     0.021   11.7   0.0   1   1   0.00026     0.022   11.7   0.0   148   175     7    34     2    86 0.86 -
TRINITY_DN36358_c0_g1_i2:26-436   -            137 1738at3041           -            359     0.033   11.1   0.0   1   1   0.00048      0.04   10.9   0.0   146   181    32    67    11    94 0.77 -
#
# Program:         hmmsearch
# Version:         3.2.1 (June 2018)
# Pipeline mode:   SEARCH
# Query file:      /sw/bioinfo/BUSCO/v5_lineage_sets/lineages/chlorophyta_odb10/hmms/1738at3041.hmm
# Target file:     /crex/proj/snic2022-23-81/expression_algae/code/busco/trinity_VA-3180-Osg10Mul/run_chlorophyta_odb10/metaeuk_output/initial_results/trinity_VA-3180-Osg10Mul.Trinity.fasta.modified.fas
# Option settings: hmmsearch --domtblout /crex/proj/snic2022-23-81/expression_algae/code/busco/trinity_VA-3180-Osg10Mul/run_chlorophyta_odb10/hmmer_output/initial_run_results/1738at3041.out --cpu 1 /sw/bioinfo/BUSCO/v5_lineage_sets/lineages/chlorophyta_odb10/hmms/1738at3041.hmm /crex/proj/snic2022-23-81/expression_algae/code/busco/trinity_VA-3180-Osg10Mul/run_chlorophyta_odb10/metaeuk_output/initial_results/trinity_VA-3180-Osg10Mul.Trinity.fasta.modified.fas 
# Current dir:     /crex/proj/snic2022-23-81/expression_algae/code/busco
# Date:            Fri Sep 23 10:11:47 2022
# [ok]
