#                                                                                          --- full sequence --- -------------- this domain -------------   hmm coord   ali coord   env coord
# target name                      accession   tlen query name           accession   qlen   E-value  score  bias   #  of  c-Evalue  i-Evalue  score  bias  from    to  from    to  from    to  acc description of target
#              ------------------- ---------- ----- -------------------- ---------- ----- --------- ------ ----- --- --- --------- --------- ------ ----- ----- ----- ----- ----- ----- ----- ---- ---------------------
TRINITY_DN32233_c0_g1_i2:351-869   -            173 1937at3041           -            275   3.1e-88  293.5   0.2   1   1   1.3e-89   3.6e-88  293.3   0.2   132   275     3   152     1   152 0.97 -
TRINITY_DN32233_c0_g1_i1:429-797   -            123 1937at3041           -            275   5.3e-64  214.0   0.2   1   1   2.2e-65     6e-64  213.8   0.2   154   270     1   123     1   123 0.97 -
TRINITY_DN36203_c0_g1_i1:60-866    -            269 1937at3041           -            275   6.9e-61  203.8   0.0   1   1   3.6e-62   9.6e-61  203.3   0.0     7   224    33   266    28   268 0.89 -
TRINITY_DN532_c0_g1_i2:88-1149     -            354 1937at3041           -            275   1.2e-45  153.7   0.1   1   1   6.5e-47   1.7e-45  153.3   0.1     7   274    62   345    56   346 0.79 -
TRINITY_DN532_c0_g1_i11:860-2017   -            386 1937at3041           -            275   1.7e-45  153.3   0.1   1   1   8.7e-47   2.3e-45  152.9   0.1     7   274    62   345    56   346 0.79 -
TRINITY_DN532_c0_g1_i16:860-2017   -            386 1937at3041           -            275   1.7e-45  153.3   0.1   1   1   8.7e-47   2.3e-45  152.9   0.1     7   274    62   345    56   346 0.79 -
TRINITY_DN532_c0_g1_i1:860-2017    -            386 1937at3041           -            275   1.7e-45  153.3   0.1   1   1   8.7e-47   2.3e-45  152.9   0.1     7   274    62   345    56   346 0.79 -
TRINITY_DN532_c0_g1_i20:860-2017   -            386 1937at3041           -            275   1.7e-45  153.3   0.1   1   1   8.7e-47   2.3e-45  152.9   0.1     7   274    62   345    56   346 0.79 -
TRINITY_DN532_c0_g1_i17:860-1810   -            317 1937at3041           -            275   3.6e-42  142.4   0.1   1   1   1.7e-43   4.5e-42  142.1   0.1    76   274    63   276    26   277 0.77 -
TRINITY_DN33066_c0_g2_i1:1-693     -            231 1937at3041           -            275     2e-34  117.0   0.0   1   1   9.1e-36   2.4e-34  116.7   0.0     3   197    19   228    17   231 0.81 -
TRINITY_DN1739_c0_g2_i1:1-489      -            163 1937at3041           -            275   1.5e-33  114.1   0.0   1   1   6.6e-35   1.8e-33  113.9   0.0   128   274     7   161     2   162 0.88 -
TRINITY_DN1095_c0_g1_i2:317-1174   -            286 1937at3041           -            275   1.6e-32  110.8   0.9   1   1   3.8e-33     1e-31  108.1   0.9     1   268     1   286     1   286 0.76 -
TRINITY_DN996_c0_g1_i1:28-504      -            159 1937at3041           -            275     3e-31  106.6   0.0   1   1   1.1e-32   3.1e-31  106.5   0.0   111   216     5   114     1   145 0.92 -
TRINITY_DN24669_c0_g1_i1:187-936   -            250 1937at3041           -            275   1.8e-29  100.7   0.0   1   1   8.7e-31   2.3e-29  100.4   0.0    48   270     2   250     1   250 0.79 -
TRINITY_DN7285_c0_g1_i1:72-476     -            135 1937at3041           -            275   2.2e-29  100.4   0.0   1   1   8.8e-31   2.4e-29  100.4   0.0   132   250     2   129     1   135 0.87 -
TRINITY_DN28327_c0_g1_i1:19-474    -            152 1937at3041           -            275     4e-29   99.6   0.1   1   1   1.5e-30     4e-29   99.6   0.1    75   187    34   151     1   152 0.83 -
TRINITY_DN14416_c0_g1_i1:1-354     -            118 1937at3041           -            275   1.7e-27   94.3   0.0   1   1   6.9e-29   1.8e-27   94.1   0.0    76   186     2   118     1   118 0.93 -
TRINITY_DN5902_c0_g1_i2:2-421      -            140 1937at3041           -            275   1.5e-26   91.2   0.2   1   1   6.2e-28   1.6e-26   91.0   0.2     1   128     5   140     5   140 0.82 -
TRINITY_DN64830_c0_g1_i1:2-430     -            143 1937at3041           -            275   5.9e-26   89.2   0.1   1   1   2.4e-27   6.5e-26   89.1   0.1    54   186     3   143     1   143 0.86 -
TRINITY_DN33066_c0_g1_i1:425-862   -            146 1937at3041           -            275   8.6e-24   82.1   0.0   1   1   3.6e-25   9.7e-24   81.9   0.0   153   273     3   133     1   135 0.86 -
TRINITY_DN55322_c0_g1_i1:27-389    -            121 1937at3041           -            275   2.8e-23   80.4   0.0   1   1   1.2e-24   3.1e-23   80.3   0.0   151   262     1   120     1   121 0.83 -
TRINITY_DN56216_c0_g1_i1:5-280     -             92 1937at3041           -            275   3.5e-23   80.1   0.0   1   1   1.5e-24     4e-23   79.9   0.0   132   215     8    92     4    92 0.92 -
TRINITY_DN6856_c0_g1_i2:469-1275   -            269 1937at3041           -            275   3.5e-23   80.1   0.0   1   1   1.7e-24   4.4e-23   79.8   0.0     2   211     7   225     6   234 0.84 -
TRINITY_DN1095_c0_g2_i1:298-912    -            205 1937at3041           -            275   1.2e-22   78.4   0.1   1   1   5.2e-24   1.4e-22   78.1   0.1     1   197     1   202     1   205 0.83 -
TRINITY_DN30173_c0_g1_i1:15-539    -            175 1937at3041           -            275   7.4e-22   75.8   0.1   1   1   3.1e-23   8.4e-22   75.6   0.1    73   202    15   149     1   167 0.77 -
TRINITY_DN53694_c0_g1_i1:86-838    -            251 1937at3041           -            275   5.1e-21   73.0   0.0   1   1   2.3e-22   6.2e-21   72.7   0.0     3   211     9   230     7   241 0.79 -
TRINITY_DN23956_c0_g1_i2:0-1106    -            369 1937at3041           -            275   7.1e-20   69.3   0.1   1   2   9.7e-21   2.6e-19   67.4   0.0     9   223     1   224     1   256 0.77 -
TRINITY_DN23956_c0_g1_i2:0-1106    -            369 1937at3041           -            275   7.1e-20   69.3   0.1   2   2       6.5   1.7e+02   -0.9   0.0   162   209   295   346   281   353 0.76 -
TRINITY_DN114004_c0_g1_i1:3-362    -            120 1937at3041           -            275   1.5e-19   68.2   0.3   1   1   6.2e-21   1.7e-19   68.1   0.3    14   129     1   120     1   120 0.85 -
TRINITY_DN23956_c0_g1_i3:120-1145  -            342 1937at3041           -            275   4.7e-18   63.3   0.0   1   2   6.3e-19   1.7e-17   61.5   0.0     9   206     1   207     1   228 0.73 -
TRINITY_DN23956_c0_g1_i3:120-1145  -            342 1937at3041           -            275   4.7e-18   63.3   0.0   2   2       6.1   1.6e+02   -0.8   0.0   248   270   230   253   222   256 0.79 -
TRINITY_DN23956_c0_g1_i6:576-1883  -            436 1937at3041           -            275     1e-17   62.2   0.1   1   2   1.2e-18   3.2e-17   60.5   0.0     9   206     1   207     1   228 0.73 -
TRINITY_DN23956_c0_g1_i6:576-1883  -            436 1937at3041           -            275     1e-17   62.2   0.1   2   2       8.8   2.3e+02   -1.3   0.0   249   270   231   253   225   256 0.78 -
TRINITY_DN18325_c0_g1_i1:8-292     -             95 1937at3041           -            275   1.1e-17   62.0   0.0   1   1   4.2e-19   1.1e-17   62.0   0.0   132   210    14    94     1    95 0.80 -
TRINITY_DN26008_c0_g1_i4:381-794   -            138 1937at3041           -            275   1.6e-17   61.5   0.1   1   1   7.2e-19   1.9e-17   61.3   0.1     8   130     6   135     1   138 0.80 -
TRINITY_DN49988_c0_g1_i1:667-1458  -            264 1937at3041           -            275   2.4e-17   61.0   0.1   1   2   7.7e-16   2.1e-14   51.3   0.0     9   222     5   233     3   235 0.68 -
TRINITY_DN49988_c0_g1_i1:667-1458  -            264 1937at3041           -            275   2.4e-17   61.0   0.1   2   2     0.011      0.29    8.2   0.0   243   269   235   262   230   264 0.84 -
TRINITY_DN19839_c0_g1_i1:2-370     -            123 1937at3041           -            275   3.7e-17   60.3   0.1   1   1   1.5e-18   4.1e-17   60.2   0.1     2   121     2   123     1   123 0.87 -
TRINITY_DN76290_c0_g1_i1:3-461     -            153 1937at3041           -            275     8e-17   59.2   0.0   1   1   3.3e-18   8.8e-17   59.1   0.0    46   181     7   153     1   153 0.75 -
TRINITY_DN5006_c0_g1_i1:1858-2715  -            286 1937at3041           -            275   4.2e-16   56.9   0.0   1   3   3.4e-12   9.2e-11   39.4   0.0     9   130    13   141     7   145 0.86 -
TRINITY_DN5006_c0_g1_i1:1858-2715  -            286 1937at3041           -            275   4.2e-16   56.9   0.0   2   3    0.0014     0.036   11.2   0.0   156   201   185   229   162   244 0.81 -
TRINITY_DN5006_c0_g1_i1:1858-2715  -            286 1937at3041           -            275   4.2e-16   56.9   0.0   3   3      0.45        12    2.9   0.0   244   269   259   285   248   286 0.83 -
TRINITY_DN26613_c0_g1_i1:5-616     -            204 1937at3041           -            275   4.6e-16   56.8   0.0   1   1   2.5e-17   6.6e-16   56.2   0.0    14   206     1   202     1   204 0.76 -
TRINITY_DN18070_c0_g1_i1:2-313     -            104 1937at3041           -            275   7.2e-16   56.1   0.0   1   1   3.2e-17   8.4e-16   55.9   0.0   122   215     1    99     1   103 0.85 -
TRINITY_DN23956_c0_g1_i4:102-1418  -            439 1937at3041           -            275   1.2e-15   55.3   0.3   1   2   1.7e-15   4.5e-14   50.2   0.0    10   221     1   221     1   227 0.72 -
TRINITY_DN23956_c0_g1_i4:102-1418  -            439 1937at3041           -            275   1.2e-15   55.3   0.3   2   2      0.54        14    2.7   0.0   250   271   232   253   223   256 0.81 -
TRINITY_DN26008_c0_g1_i1:345-722   -            126 1937at3041           -            275   2.7e-15   54.3   0.1   1   1   1.2e-16   3.2e-15   54.0   0.1    12   129     1   125     1   126 0.80 -
TRINITY_DN64319_c0_g1_i1:66-908    -            281 1937at3041           -            275   2.4e-14   51.1   0.3   1   1   3.3e-15   8.7e-14   49.3   0.3     3   188     4   197     2   272 0.80 -
TRINITY_DN23956_c0_g1_i13:102-1304 -            401 1937at3041           -            275   4.7e-14   50.2   0.2   1   1     6e-14   1.6e-12   45.1   0.0    49   221     3   183     1   218 0.70 -
TRINITY_DN1715_c0_g1_i1:1217-2101  -            295 1937at3041           -            275   8.1e-14   49.4   0.3   1   2   4.7e-14   1.3e-12   45.5   0.3     6   188    17   220    12   227 0.72 -
TRINITY_DN1715_c0_g1_i1:1217-2101  -            295 1937at3041           -            275   8.1e-14   49.4   0.3   2   2       2.3        61    0.6   0.0   248   271   269   292   260   294 0.89 -
TRINITY_DN97274_c0_g1_i1:0-560     -            187 1937at3041           -            275     1e-13   49.1   0.0   1   1   4.8e-15   1.3e-13   48.8   0.0    76   192    18   141    11   156 0.77 -
TRINITY_DN55007_c0_g1_i1:60-473    -            138 1937at3041           -            275     1e-13   49.0   0.0   1   1   4.7e-15   1.3e-13   48.8   0.0     9   130     7   132     2   135 0.89 -
TRINITY_DN6222_c0_g1_i1:2-604      -            201 1937at3041           -            275   3.7e-13   47.2   0.0   1   2   3.4e-13   9.2e-12   42.7   0.0   109   187     1    82     1   101 0.82 -
TRINITY_DN6222_c0_g1_i1:2-604      -            201 1937at3041           -            275   3.7e-13   47.2   0.0   2   2      0.61        16    2.5   0.0   246   270   118   143   107   146 0.79 -
TRINITY_DN1242_c0_g1_i1:7-549      -            181 1937at3041           -            275   4.1e-13   47.1   0.1   1   1     2e-14   5.2e-13   46.7   0.1     7   166     5   175     1   180 0.75 -
TRINITY_DN1242_c0_g1_i2:7-549      -            181 1937at3041           -            275   4.1e-13   47.1   0.1   1   1     2e-14   5.2e-13   46.7   0.1     7   166     5   175     1   180 0.75 -
TRINITY_DN3309_c0_g1_i1:29-685     -            219 1937at3041           -            275   1.6e-12   45.2   0.1   1   1   7.3e-14   1.9e-12   44.9   0.1     8   191    12   198     6   215 0.84 -
TRINITY_DN10620_c0_g2_i2:121-951   -            277 1937at3041           -            275   2.9e-12   44.3   0.2   1   1     1e-12   2.7e-11   41.1   0.2     3   187     4   215     2   234 0.71 -
TRINITY_DN10963_c0_g2_i1:2-706     -            235 1937at3041           -            275   3.2e-12   44.1   0.1   1   2     0.019       0.5    7.4   0.0     9    34     1    26     1    34 0.92 -
TRINITY_DN10963_c0_g2_i1:2-706     -            235 1937at3041           -            275   3.2e-12   44.1   0.1   2   2   8.1e-11   2.2e-09   34.9   0.0    91   188   110   210    57   226 0.83 -
TRINITY_DN89957_c0_g1_i1:1-255     -             85 1937at3041           -            275   3.6e-12   44.0   0.0   1   1   1.5e-13   4.1e-12   43.8   0.0   111   182     3    82     1    85 0.82 -
TRINITY_DN49637_c0_g1_i1:18-719    -            234 1937at3041           -            275   4.9e-12   43.6   0.0   1   1   2.1e-13   5.6e-12   43.4   0.0    47   207    20   187     1   202 0.76 -
TRINITY_DN62175_c0_g1_i1:47-517    -            157 1937at3041           -            275   1.7e-11   41.8   0.0   1   1   1.1e-12     3e-11   41.0   0.0   106   189    15   102     9   120 0.88 -
TRINITY_DN7903_c0_g1_i1:1307-2164  -            286 1937at3041           -            275   5.8e-11   40.0   0.3   1   1   5.4e-12   1.4e-10   38.7   0.3     7   189    10   212     4   231 0.74 -
TRINITY_DN7903_c0_g1_i2:1056-1913  -            286 1937at3041           -            275   5.8e-11   40.0   0.3   1   1   5.4e-12   1.4e-10   38.7   0.3     7   189    10   212     4   231 0.74 -
TRINITY_DN1837_c0_g1_i1:7-618      -            204 1937at3041           -            275   8.3e-11   39.5   0.0   1   1   3.6e-12   9.5e-11   39.3   0.0    94   191    52   151     4   172 0.77 -
TRINITY_DN12332_c0_g1_i2:12-416    -            135 1937at3041           -            275   1.3e-10   38.9   0.5   1   1   5.4e-12   1.4e-10   38.7   0.5     2   129     2   134     1   135 0.83 -
TRINITY_DN21041_c0_g1_i1:2-496     -            165 1937at3041           -            275   2.6e-10   37.9   0.0   1   2   2.7e-11   7.1e-10   36.5   0.0   100   205     9   123     4   132 0.82 -
TRINITY_DN21041_c0_g1_i1:2-496     -            165 1937at3041           -            275   2.6e-10   37.9   0.0   2   2       5.9   1.6e+02   -0.8   0.0   246   268   142   165   122   165 0.74 -
TRINITY_DN41694_c0_g1_i2:3-389     -            129 1937at3041           -            275   4.1e-10   37.2   0.0   1   1   1.7e-11   4.6e-10   37.1   0.0     3   125     4   129     2   129 0.81 -
TRINITY_DN3309_c0_g1_i2:71-409     -            113 1937at3041           -            275   5.8e-10   36.8   0.0   1   1   2.5e-11   6.6e-10   36.6   0.0   109   189    22   104     4   110 0.88 -
TRINITY_DN26613_c0_g1_i2:5-526     -            174 1937at3041           -            275   6.4e-10   36.6   0.0   1   1   3.5e-11   9.3e-10   36.1   0.0    14   178     1   173     1   174 0.74 -
TRINITY_DN4053_c0_g1_i2:312-1001   -            230 1937at3041           -            275   6.6e-10   36.6   0.1   1   1   5.1e-11   1.4e-09   35.5   0.1   106   188     9   100     3   171 0.81 -
TRINITY_DN4417_c0_g2_i3:7-495      -            163 1937at3041           -            275   1.1e-09   35.9   0.0   1   1     8e-11   2.1e-09   34.9   0.0   105   207    12   119     2   128 0.80 -
TRINITY_DN51941_c0_g1_i1:3-668     -            222 1937at3041           -            275   1.2e-09   35.8   0.0   1   2   1.8e-10   4.7e-09   33.8   0.0   102   184    43   130    19   145 0.84 -
TRINITY_DN51941_c0_g1_i1:3-668     -            222 1937at3041           -            275   1.2e-09   35.8   0.0   2   2       5.6   1.5e+02   -0.7   0.0   246   270   175   200   166   203 0.81 -
TRINITY_DN1838_c0_g1_i2:1-681      -            227 1937at3041           -            275   4.2e-09   33.9   0.6   1   1     2e-10   5.3e-09   33.6   0.6     8   140    73   214    66   222 0.74 -
TRINITY_DN7955_c0_g1_i1:24-308     -             95 1937at3041           -            275   4.2e-09   33.9   0.0   1   1   1.7e-10   4.5e-09   33.8   0.0   114   188     6    83     1    94 0.70 -
TRINITY_DN16850_c0_g1_i1:11-514    -            168 1937at3041           -            275   4.3e-09   33.9   0.0   1   1   1.8e-10   4.9e-09   33.7   0.0    48   187    11   166     5   168 0.77 -
TRINITY_DN1786_c2_g1_i2:41-574     -            178 1937at3041           -            275   5.8e-09   33.5   0.0   1   1   2.8e-10   7.6e-09   33.1   0.0    99   202    25   136    11   160 0.80 -
TRINITY_DN898_c2_g2_i1:1176-1976   -            267 1937at3041           -            275   5.9e-09   33.5   0.0   1   1   6.1e-09   1.6e-07   28.7   0.0     9   188     1   196     1   267 0.71 -
TRINITY_DN95797_c0_g1_i1:5-370     -            122 1937at3041           -            275   6.2e-09   33.4   0.2   1   1   3.7e-10   9.8e-09   32.7   0.2    49   143     3   120     1   122 0.61 -
TRINITY_DN1715_c0_g1_i4:1217-1726  -            170 1937at3041           -            275   6.8e-09   33.2   0.2   1   2     9e-09   2.4e-07   28.2   0.1   110   188     2    95     1   104 0.72 -
TRINITY_DN1715_c0_g1_i4:1217-1726  -            170 1937at3041           -            275   6.8e-09   33.2   0.2   2   2         1        27    1.7   0.0   248   271   144   167   133   169 0.89 -
TRINITY_DN10620_c0_g2_i3:82-756    -            225 1937at3041           -            275     1e-08   32.7   0.2   1   1   4.9e-09   1.3e-07   29.0   0.2    81   187    23   150    11   169 0.69 -
TRINITY_DN38860_c0_g1_i1:12-566    -            185 1937at3041           -            275   1.6e-08   32.0   0.1   1   2   1.4e-05   0.00039   17.6   0.0   108   144    21    61    13    68 0.82 -
TRINITY_DN38860_c0_g1_i1:12-566    -            185 1937at3041           -            275   1.6e-08   32.0   0.1   2   2   0.00056     0.015   12.4   0.0   157   200   110   152   103   175 0.82 -
TRINITY_DN119797_c0_g1_i1:136-522  -            129 1937at3041           -            275   2.1e-08   31.7   0.0   1   1     9e-10   2.4e-08   31.4   0.0   111   188    15   100     1   108 0.79 -
TRINITY_DN1712_c0_g1_i9:1-774      -            258 1937at3041           -            275   2.7e-08   31.3   0.0   1   1   8.4e-09   2.2e-07   28.3   0.0     9   208     4   211     2   258 0.69 -
TRINITY_DN4053_c0_g1_i1:327-1001   -            225 1937at3041           -            275   3.2e-08   31.0   0.0   1   1   2.4e-09   6.5e-08   30.0   0.0   106   188     9   100     3   171 0.82 -
TRINITY_DN1436_c0_g1_i1:4-825      -            274 1937at3041           -            275   3.7e-08   30.8   0.0   1   2   1.4e-08   3.7e-07   27.5   0.0     2   187     3   212     2   231 0.75 -
TRINITY_DN1436_c0_g1_i1:4-825      -            274 1937at3041           -            275   3.7e-08   30.8   0.0   2   2       2.8        75    0.3   0.0   247   269   251   273   243   274 0.82 -
TRINITY_DN4417_c0_g2_i1:60-512     -            151 1937at3041           -            275   4.3e-08   30.6   0.0   1   1   3.4e-09   8.9e-08   29.6   0.0   111   207     7   107     2   116 0.83 -
TRINITY_DN5134_c0_g1_i2:37-564     -            176 1937at3041           -            275   4.6e-08   30.5   0.0   1   1   5.3e-09   1.4e-07   28.9   0.0   110   194     8   107     4   113 0.69 -
TRINITY_DN4817_c0_g1_i1:73-423     -            117 1937at3041           -            275   7.2e-08   29.9   0.0   1   1   2.9e-09   7.8e-08   29.8   0.0    76   165    22   116     6   117 0.78 -
TRINITY_DN1712_c0_g1_i1:7-825      -            273 1937at3041           -            275   1.7e-07   28.7   0.0   1   1     1e-08   2.8e-07   28.0   0.0     9   191    21   214    17   273 0.70 -
TRINITY_DN79732_c0_g1_i1:2-505     -            168 1937at3041           -            275   1.7e-07   28.7   0.0   1   1   9.1e-09   2.4e-07   28.1   0.0   113   197     1    90     1   161 0.75 -
TRINITY_DN736_c0_g2_i1:101-646     -            182 1937at3041           -            275   1.8e-07   28.6   0.0   1   1   8.4e-09   2.2e-07   28.3   0.0   112   192   102   180    31   182 0.80 -
TRINITY_DN47276_c0_g1_i1:2-340     -            113 1937at3041           -            275   1.8e-07   28.6   0.4   1   1   7.5e-09     2e-07   28.4   0.4    76   140    23    94     2   103 0.71 -
TRINITY_DN1712_c0_g1_i6:7-846      -            239 1937at3041           -            275   2.4e-07   28.2   0.1   1   1   1.7e-08   4.5e-07   27.3   0.0    63   191    47   180     1   229 0.70 -
TRINITY_DN1712_c0_g1_i3:2-640      -            213 1937at3041           -            275   3.6e-07   27.6   0.0   1   1   1.7e-08   4.5e-07   27.3   0.0     9   189     4   195     2   212 0.70 -
TRINITY_DN35034_c0_g1_i1:35-310    -             92 1937at3041           -            275   3.7e-07   27.6   0.0   1   1   1.9e-08   5.1e-07   27.1   0.0   111   187     3    89     1    91 0.86 -
TRINITY_DN7545_c0_g1_i1:265-711    -            149 1937at3041           -            275   4.5e-07   27.3   0.0   1   1   2.2e-07   5.9e-06   23.6   0.0     5   139     6   148     2   149 0.73 -
TRINITY_DN1786_c0_g2_i1:23-976     -            318 1937at3041           -            275   4.5e-07   27.3   0.1   1   2      0.23       6.1    3.9   0.0     6    32    23    47    18    78 0.78 -
TRINITY_DN1786_c0_g2_i1:23-976     -            318 1937at3041           -            275   4.5e-07   27.3   0.1   2   2   1.2e-06   3.1e-05   21.2   0.0    85   188   145   259   138   266 0.76 -
TRINITY_DN2287_c0_g1_i3:26-628     -            201 1937at3041           -            275   6.8e-07   26.7   0.0   1   1   3.3e-08   8.8e-07   26.3   0.0     2   130    54   194    53   199 0.81 -
TRINITY_DN6129_c0_g1_i1:70-585     -            172 1937at3041           -            275   7.8e-07   26.5   0.0   1   1   3.2e-08   8.5e-07   26.4   0.0     6   165     4   172     1   172 0.74 -
TRINITY_DN65771_c0_g1_i1:5-241     -             79 1937at3041           -            275   9.1e-07   26.3   0.0   1   1   4.2e-08   1.1e-06   26.0   0.0   122   187     1    76     1    78 0.79 -
TRINITY_DN8247_c0_g1_i1:108-593    -            162 1937at3041           -            275   1.4e-06   25.6   0.1   1   1   1.8e-07   4.9e-06   23.9   0.1   110   189     8   100     4   127 0.75 -
TRINITY_DN114001_c0_g1_i1:3-290    -             96 1937at3041           -            275   1.7e-06   25.4   0.1   1   1   6.4e-08   1.7e-06   25.4   0.1    48   131     1    89     1    96 0.78 -
TRINITY_DN4205_c0_g1_i2:151-420    -             90 1937at3041           -            275   1.7e-06   25.4   0.0   1   1   9.9e-08   2.6e-06   24.7   0.0   112   187     3    87     1    89 0.82 -
TRINITY_DN4205_c0_g1_i3:213-482    -             90 1937at3041           -            275   1.7e-06   25.4   0.0   1   1   9.9e-08   2.6e-06   24.7   0.0   112   187     3    87     1    89 0.82 -
TRINITY_DN65294_c0_g1_i2:236-1234  -            333 1937at3041           -            275   1.7e-06   25.4   0.1   1   1   1.2e-07   3.2e-06   24.5   0.1     7   173    15   183     9   191 0.81 -
TRINITY_DN12303_c0_g1_i1:2-451     -            150 1937at3041           -            275   2.2e-06   25.0   0.0   1   1     1e-07   2.7e-06   24.7   0.0    10   141     1   140     1   147 0.67 -
TRINITY_DN16218_c0_g1_i13:1-543    -            181 1937at3041           -            275   2.6e-06   24.8   0.0   1   1   1.1e-07   2.9e-06   24.6   0.0    98   189    22   122     1   136 0.77 -
TRINITY_DN98128_c0_g1_i1:18-470    -            151 1937at3041           -            275   3.3e-06   24.4   0.0   1   1   1.6e-07   4.2e-06   24.1   0.0   110   186    62   143    40   149 0.81 -
TRINITY_DN29541_c0_g2_i1:2-361     -            120 1937at3041           -            275   4.6e-06   23.9   0.0   1   1   1.9e-07     5e-06   23.8   0.0   120   189     1    77     1   100 0.81 -
TRINITY_DN2007_c0_g2_i1:44-580     -            179 1937at3041           -            275   4.9e-06   23.9   0.0   1   1   2.1e-07   5.6e-06   23.7   0.0    79   187    46   166    18   176 0.74 -
TRINITY_DN16218_c1_g1_i2:11-595    -            195 1937at3041           -            275   5.5e-06   23.7   0.0   1   1   2.5e-07   6.8e-06   23.4   0.0   109   188   101   188    53   193 0.79 -
TRINITY_DN16218_c0_g1_i2:10-711    -            234 1937at3041           -            275   6.5e-06   23.5   0.1   1   2       3.7        99   -0.1   0.0    10    35     1    24     1    34 0.81 -
TRINITY_DN16218_c0_g1_i2:10-711    -            234 1937at3041           -            275   6.5e-06   23.5   0.1   2   2     8e-05    0.0021   15.2   0.0    76   131    88   149    59   232 0.65 -
TRINITY_DN16218_c0_g1_i11:2-592    -            197 1937at3041           -            275   1.5e-05   22.3   0.0   1   1   0.00012    0.0032   14.6   0.0    76   187     4   137     2   144 0.65 -
TRINITY_DN16218_c0_g1_i25:9-461    -            151 1937at3041           -            275   1.9e-05   21.9   0.0   1   1   9.1e-07   2.4e-05   21.6   0.0     9   141     8   151     1   151 0.64 -
TRINITY_DN8549_c0_g1_i1:34-543     -            170 1937at3041           -            275   3.2e-05   21.2   0.0   1   1   1.7e-06   4.5e-05   20.7   0.0     4   136    17   151    14   168 0.69 -
TRINITY_DN11331_c0_g1_i1:80-607    -            176 1937at3041           -            275   3.3e-05   21.1   0.0   1   1   1.7e-06   4.4e-05   20.7   0.0   108   197    22   118     5   131 0.69 -
TRINITY_DN94351_c0_g1_i1:1-408     -            136 1937at3041           -            275   3.5e-05   21.1   0.2   1   1   2.8e-05   0.00075   16.7   0.2     9   128     5   135     3   136 0.67 -
TRINITY_DN4053_c0_g2_i1:1-429      -            143 1937at3041           -            275   4.4e-05   20.7   0.1   1   1   0.00027    0.0071   13.5   0.1   154   271     4   112     1   115 0.66 -
TRINITY_DN43457_c0_g1_i1:5-313     -            103 1937at3041           -            275   5.1e-05   20.5   0.0   1   1   1.9e-06   5.1e-05   20.5   0.0    92   141    29    83     3   103 0.69 -
TRINITY_DN49611_c0_g1_i1:23-325    -            101 1937at3041           -            275   5.3e-05   20.5   0.0   1   1   2.1e-06   5.7e-05   20.4   0.0    71   139    25   100    13   101 0.75 -
TRINITY_DN958_c0_g1_i2:62-793      -            244 1937at3041           -            275   7.9e-05   19.9   0.0   1   2      0.77        21    2.1   0.0     6    63    11    64     7    74 0.77 -
TRINITY_DN958_c0_g1_i2:62-793      -            244 1937at3041           -            275   7.9e-05   19.9   0.0   2   2   5.1e-05    0.0014   15.9   0.0   101   163   174   244   122   244 0.78 -
TRINITY_DN958_c0_g1_i4:62-793      -            244 1937at3041           -            275   7.9e-05   19.9   0.0   1   2      0.77        21    2.1   0.0     6    63    11    64     7    74 0.77 -
TRINITY_DN958_c0_g1_i4:62-793      -            244 1937at3041           -            275   7.9e-05   19.9   0.0   2   2   5.1e-05    0.0014   15.9   0.0   101   163   174   244   122   244 0.78 -
TRINITY_DN7479_c0_g1_i2:4-240      -             79 1937at3041           -            275    0.0001   19.6   0.0   1   1   3.9e-06    0.0001   19.5   0.0    76   140     9    78     5    79 0.74 -
TRINITY_DN28429_c0_g1_i1:9-473     -            155 1937at3041           -            275   0.00011   19.5   0.1   1   1   4.6e-06   0.00012   19.3   0.1     8   124    35   155    29   155 0.83 -
TRINITY_DN5568_c0_g2_i1:20-874     -            285 1937at3041           -            275   0.00011   19.5   0.0   1   2       3.3        89    0.1   0.0     9    63     7    58     3    63 0.75 -
TRINITY_DN5568_c0_g2_i1:20-874     -            285 1937at3041           -            275   0.00011   19.5   0.0   2   2   2.7e-05   0.00071   16.8   0.0   110   188   151   239   144   246 0.79 -
TRINITY_DN6358_c0_g1_i1:10-435     -            142 1937at3041           -            275   0.00011   19.4   0.0   1   1   5.1e-06   0.00014   19.1   0.0   109   164    72   129    43   133 0.71 -
TRINITY_DN742_c0_g1_i3:217-1152    -            312 1937at3041           -            275   0.00014   19.1   0.0   1   3   4.8e-05    0.0013   15.9   0.0   107   145   110   153    19   157 0.76 -
TRINITY_DN742_c0_g1_i3:217-1152    -            312 1937at3041           -            275   0.00014   19.1   0.0   2   3       8.8   2.3e+02   -1.3   0.0   159   190   204   242   200   263 0.56 -
TRINITY_DN742_c0_g1_i3:217-1152    -            312 1937at3041           -            275   0.00014   19.1   0.0   3   3         5   1.3e+02   -0.5   0.0   249   270   282   303   269   306 0.84 -
TRINITY_DN2775_c0_g1_i1:143-574    -            144 1937at3041           -            275   0.00016   18.9   0.0   1   1   7.9e-06   0.00021   18.5   0.0   110   188     5    88     2    99 0.76 -
TRINITY_DN99058_c0_g1_i1:76-480    -            135 1937at3041           -            275   0.00016   18.9   0.0   1   1   7.9e-06   0.00021   18.5   0.0   109   188    43   132    25   135 0.77 -
TRINITY_DN5568_c0_g2_i2:20-856     -            279 1937at3041           -            275   0.00024   18.4   0.0   1   1   2.6e-05   0.00068   16.8   0.0   110   188   145   233   138   240 0.79 -
TRINITY_DN8867_c0_g2_i2:116-703    -            196 1937at3041           -            275   0.00032   17.9   0.0   1   1   1.2e-05   0.00032   17.9   0.0    76   146    66   144     1   173 0.77 -
TRINITY_DN2775_c0_g1_i2:38-679     -            214 1937at3041           -            275   0.00036   17.8   0.0   1   1     2e-05   0.00054   17.2   0.0   110   188    75   158    66   167 0.76 -
TRINITY_DN1786_c1_g1_i2:56-643     -            196 1937at3041           -            275   0.00037   17.7   0.0   1   1   3.6e-05   0.00096   16.4   0.0    83   187    14   138     8   162 0.67 -
TRINITY_DN8898_c0_g1_i1:2-328      -            109 1937at3041           -            275   0.00049   17.3   0.1   1   2       2.3        62    0.6   0.0   160   196     2    38     1    52 0.83 -
TRINITY_DN8898_c0_g1_i1:2-328      -            109 1937at3041           -            275   0.00049   17.3   0.1   2   2   7.3e-05    0.0019   15.3   0.1   108   135    50    77    38   100 0.77 -
TRINITY_DN2281_c0_g1_i1:1-462      -            154 1937at3041           -            275   0.00066   16.9   0.0   1   1   4.1e-05    0.0011   16.2   0.0   108   141   118   154    50   154 0.68 -
TRINITY_DN97667_c0_g1_i1:0-302     -            101 1937at3041           -            275   0.00068   16.8   0.1   1   1   2.6e-05   0.00068   16.8   0.1    75   132    34    92     2   100 0.71 -
TRINITY_DN8867_c0_g2_i1:741-1625   -            295 1937at3041           -            275   0.00079   16.6   0.0   1   1   3.5e-05   0.00094   16.4   0.0    76   146    66   144     2   173 0.79 -
TRINITY_DN23956_c0_g1_i17:576-1484 -            303 1937at3041           -            275   0.00086   16.5   0.0   1   2   0.00015     0.004   14.3   0.0   150   206    20    74    10    94 0.76 -
TRINITY_DN23956_c0_g1_i17:576-1484 -            303 1937at3041           -            275   0.00086   16.5   0.0   2   2       5.6   1.5e+02   -0.7   0.0   249   270    98   120    92   123 0.78 -
TRINITY_DN8592_c0_g1_i1:0-539      -            180 1937at3041           -            275     0.001   16.3   0.0   1   1   4.8e-05    0.0013   15.9   0.0   154   198   132   175   113   179 0.84 -
TRINITY_DN1317_c0_g2_i1:5-439      -            145 1937at3041           -            275    0.0011   16.2   0.0   1   1   5.6e-05    0.0015   15.7   0.0   109   182    47   139    31   145 0.73 -
TRINITY_DN3662_c1_g1_i2:2-439      -            146 1937at3041           -            275    0.0011   16.1   0.1   1   1   0.00018    0.0048   14.1   0.1   111   185     3    89     1   105 0.70 -
TRINITY_DN79958_c0_g1_i1:344-787   -            148 1937at3041           -            275    0.0012   16.1   0.3   1   1   5.1e-05    0.0014   15.8   0.3     5   131     3   135     1   143 0.75 -
TRINITY_DN1317_c0_g1_i1:337-867    -            177 1937at3041           -            275    0.0012   16.0   0.0   1   1   6.5e-05    0.0017   15.5   0.0   110   189    19   106     6   119 0.81 -
TRINITY_DN2287_c0_g1_i2:28-567     -            180 1937at3041           -            275    0.0029   14.8   0.0   1   1   0.00013    0.0035   14.5   0.0     2   117    54   180    53   180 0.81 -
TRINITY_DN1314_c0_g1_i2:168-680    -            171 1937at3041           -            275    0.0048   14.0   0.1   1   1   0.00091     0.024   11.7   0.1   112   187    13   102     6   118 0.73 -
TRINITY_DN84749_c0_g1_i1:174-668   -            165 1937at3041           -            275      0.01   13.0   0.0   1   1    0.0006     0.016   12.3   0.0   159   196    19    56    15    67 0.86 -
TRINITY_DN99850_c0_g1_i1:5-343     -            113 1937at3041           -            275      0.02   12.0   0.0   1   1   0.00091     0.024   11.7   0.0   107   146    52    98    39   105 0.73 -
#
# Program:         hmmsearch
# Version:         3.2.1 (June 2018)
# Pipeline mode:   SEARCH
# Query file:      /sw/bioinfo/BUSCO/v5_lineage_sets/lineages/chlorophyta_odb10/hmms/1937at3041.hmm
# Target file:     /crex/proj/snic2022-23-81/expression_algae/code/busco/trinity_VA-3180-Osg10Mul/run_chlorophyta_odb10/metaeuk_output/initial_results/trinity_VA-3180-Osg10Mul.Trinity.fasta.modified.fas
# Option settings: hmmsearch --domtblout /crex/proj/snic2022-23-81/expression_algae/code/busco/trinity_VA-3180-Osg10Mul/run_chlorophyta_odb10/hmmer_output/initial_run_results/1937at3041.out --cpu 1 /sw/bioinfo/BUSCO/v5_lineage_sets/lineages/chlorophyta_odb10/hmms/1937at3041.hmm /crex/proj/snic2022-23-81/expression_algae/code/busco/trinity_VA-3180-Osg10Mul/run_chlorophyta_odb10/metaeuk_output/initial_results/trinity_VA-3180-Osg10Mul.Trinity.fasta.modified.fas 
# Current dir:     /crex/proj/snic2022-23-81/expression_algae/code/busco
# Date:            Fri Sep 23 10:11:48 2022
# [ok]
