#                                                                                          --- full sequence --- -------------- this domain -------------   hmm coord   ali coord   env coord
# target name                      accession   tlen query name           accession   qlen   E-value  score  bias   #  of  c-Evalue  i-Evalue  score  bias  from    to  from    to  from    to  acc description of target
#              ------------------- ---------- ----- -------------------- ---------- ----- --------- ------ ----- --- --- --------- --------- ------ ----- ----- ----- ----- ----- ----- ----- ---- ---------------------
TRINITY_DN1715_c0_g1_i1:1217-2101  -            295 3216at3041           -            243   1.8e-44  149.6   0.3   1   1   2.2e-45   5.6e-44  148.0   0.3     2   202     8   227     7   261 0.86 -
TRINITY_DN7903_c0_g1_i1:1307-2164  -            286 3216at3041           -            243   1.8e-41  139.8   0.5   1   1   1.6e-42   3.9e-41  138.7   0.5     3   228     1   246     1   259 0.84 -
TRINITY_DN7903_c0_g1_i2:1056-1913  -            286 3216at3041           -            243   1.8e-41  139.8   0.5   1   1   1.6e-42   3.9e-41  138.7   0.5     3   228     1   246     1   259 0.84 -
TRINITY_DN23956_c0_g1_i3:120-1145  -            342 3216at3041           -            243   1.9e-38  129.9   0.0   1   1   9.2e-40   2.3e-38  129.6   0.0    14   241     1   244     1   246 0.88 -
TRINITY_DN23956_c0_g1_i6:576-1883  -            436 3216at3041           -            243   3.7e-38  128.9   0.0   1   1   1.9e-39   4.7e-38  128.6   0.0    14   241     1   244     1   246 0.88 -
TRINITY_DN23956_c0_g1_i2:0-1106    -            369 3216at3041           -            243   1.1e-37  127.4   0.0   1   1   6.4e-39   1.6e-37  126.8   0.0    14   222     1   216     1   254 0.88 -
TRINITY_DN23956_c0_g1_i4:102-1418  -            439 3216at3041           -            243   5.1e-37  125.2   0.0   1   1   2.9e-38   7.5e-37  124.6   0.0    15   240     1   242     1   245 0.87 -
TRINITY_DN49988_c0_g1_i1:667-1458  -            264 3216at3041           -            243   2.1e-34  116.6   0.0   1   1   9.8e-36   2.5e-34  116.4   0.0    10   220     1   224     1   255 0.81 -
TRINITY_DN1838_c0_g1_i2:1-681      -            227 3216at3041           -            243   8.7e-34  114.6   1.3   1   1   4.2e-35   1.1e-33  114.3   1.3     2   160    62   224    61   227 0.90 -
TRINITY_DN10620_c0_g2_i2:121-951   -            277 3216at3041           -            243   2.2e-33  113.3   0.2   1   1   2.7e-33   6.9e-32  108.4   0.2    13   222     9   244     1   262 0.81 -
TRINITY_DN64319_c0_g1_i1:66-908    -            281 3216at3041           -            243     9e-32  108.0   0.2   1   1   4.4e-33   1.1e-31  107.7   0.2     6   210     2   212     1   230 0.86 -
TRINITY_DN23956_c0_g1_i13:102-1304 -            401 3216at3041           -            243   3.8e-31  106.0   0.0   1   1   2.2e-32   5.7e-31  105.4   0.0    54   240     2   204     1   207 0.85 -
TRINITY_DN10620_c0_g2_i3:82-756    -            225 3216at3041           -            243   1.6e-30  103.9   0.1   1   1   2.5e-30   6.2e-29   98.7   0.1    71   222     4   179     1   197 0.79 -
TRINITY_DN10963_c0_g2_i1:2-706     -            235 3216at3041           -            243   3.5e-30  102.8   0.0   1   2   2.5e-05   0.00064   16.8   0.0    14    98     1    83     1   103 0.87 -
TRINITY_DN10963_c0_g2_i1:2-706     -            235 3216at3041           -            243   3.5e-30  102.8   0.0   2   2   6.6e-26   1.7e-24   84.2   0.0    97   211   111   226   102   234 0.89 -
TRINITY_DN4817_c0_g1_i1:73-423     -            117 3216at3041           -            243   1.7e-28   97.3   0.0   1   1   7.5e-30   1.9e-28   97.1   0.0    63   173     1   116     1   117 0.90 -
TRINITY_DN1436_c0_g1_i1:4-825      -            274 3216at3041           -            243   4.4e-28   95.9   0.0   1   1   2.4e-29   6.1e-28   95.5   0.0     7   230     3   251     1   265 0.80 -
TRINITY_DN51941_c0_g1_i1:3-668     -            222 3216at3041           -            243   8.2e-28   95.0   0.0   1   1   4.3e-29   1.1e-27   94.6   0.0    80   224    13   167     2   179 0.87 -
TRINITY_DN36203_c0_g1_i1:60-866    -            269 3216at3041           -            243   1.7e-27   94.0   0.0   1   1   9.6e-29   2.4e-27   93.5   0.0     8   214    29   249    24   252 0.81 -
TRINITY_DN49637_c0_g1_i1:18-719    -            234 3216at3041           -            243   9.2e-27   91.6   0.1   1   1   4.5e-28   1.1e-26   91.3   0.1    51   216    18   189     2   214 0.83 -
TRINITY_DN742_c0_g1_i3:217-1152    -            312 3216at3041           -            243     2e-26   90.5   0.0   1   2   4.8e-24   1.2e-22   78.1   0.0     6   155     3   155     1   172 0.90 -
TRINITY_DN742_c0_g1_i3:217-1152    -            312 3216at3041           -            243     2e-26   90.5   0.0   2   2     0.002     0.051   10.6   0.0   181   205   226   250   176   303 0.72 -
TRINITY_DN1242_c0_g1_i1:7-549      -            181 3216at3041           -            243   5.1e-26   89.2   0.0   1   1   2.2e-27   5.6e-26   89.1   0.0    10   175     3   176     1   181 0.90 -
TRINITY_DN1242_c0_g1_i2:7-549      -            181 3216at3041           -            243   5.1e-26   89.2   0.0   1   1   2.2e-27   5.6e-26   89.1   0.0    10   175     3   176     1   181 0.90 -
TRINITY_DN1837_c0_g1_i1:7-618      -            204 3216at3041           -            243   7.5e-25   85.3   0.0   1   1   3.5e-26   8.8e-25   85.1   0.0    56   215     1   168     1   185 0.89 -
TRINITY_DN6222_c0_g1_i1:2-604      -            201 3216at3041           -            243   1.1e-23   81.5   0.0   1   1   5.5e-25   1.4e-23   81.2   0.0   116   228     2   118     1   131 0.85 -
TRINITY_DN26613_c0_g1_i1:5-616     -            204 3216at3041           -            243   1.4e-23   81.2   0.0   1   1   5.8e-25   1.5e-23   81.1   0.0    20   205     2   194     1   204 0.81 -
TRINITY_DN6358_c0_g1_i1:10-435     -            142 3216at3041           -            243   1.6e-23   81.0   0.1   1   1   7.4e-25   1.9e-23   80.8   0.1    51   172     2   129     1   138 0.87 -
TRINITY_DN736_c0_g2_i1:101-646     -            182 3216at3041           -            243   4.5e-23   79.5   0.0   1   1   2.1e-24   5.2e-23   79.3   0.0    35   201    15   182    10   182 0.90 -
TRINITY_DN3309_c0_g1_i1:29-685     -            219 3216at3041           -            243   4.5e-23   79.5   0.1   1   1     2e-24   5.2e-23   79.3   0.1     5   202     4   202     1   215 0.84 -
TRINITY_DN532_c0_g1_i2:88-1149     -            354 3216at3041           -            243   9.3e-23   78.5   0.1   1   1   5.3e-24   1.3e-22   78.0   0.1     8   216    58   273    52   288 0.77 -
TRINITY_DN5006_c0_g1_i1:1858-2715  -            286 3216at3041           -            243   1.2e-22   78.2   0.0   1   1   4.4e-23   1.1e-21   75.0   0.0     7   217     6   234     3   255 0.81 -
TRINITY_DN532_c0_g1_i11:860-2017   -            386 3216at3041           -            243   1.2e-22   78.2   0.1   1   1   6.8e-24   1.7e-22   77.6   0.1     8   216    58   273    52   287 0.77 -
TRINITY_DN532_c0_g1_i16:860-2017   -            386 3216at3041           -            243   1.2e-22   78.2   0.1   1   1   6.8e-24   1.7e-22   77.6   0.1     8   216    58   273    52   287 0.77 -
TRINITY_DN532_c0_g1_i1:860-2017    -            386 3216at3041           -            243   1.2e-22   78.2   0.1   1   1   6.8e-24   1.7e-22   77.6   0.1     8   216    58   273    52   287 0.77 -
TRINITY_DN532_c0_g1_i20:860-2017   -            386 3216at3041           -            243   1.2e-22   78.2   0.1   1   1   6.8e-24   1.7e-22   77.6   0.1     8   216    58   273    52   287 0.77 -
TRINITY_DN55007_c0_g1_i1:60-473    -            138 3216at3041           -            243   1.3e-22   78.0   0.0   1   1   6.2e-24   1.6e-22   77.7   0.0     9   136     2   132     1   135 0.92 -
TRINITY_DN24669_c0_g1_i1:187-936   -            250 3216at3041           -            243   2.5e-22   77.1   0.0   1   1   1.1e-23   2.8e-22   76.9   0.0    55   239     3   199     1   203 0.81 -
TRINITY_DN38860_c0_g1_i1:12-566    -            185 3216at3041           -            243   7.5e-22   75.5   0.0   1   2   2.9e-11   7.2e-10   36.3   0.0   101   151     8    58     3    93 0.86 -
TRINITY_DN38860_c0_g1_i1:12-566    -            185 3216at3041           -            243   7.5e-22   75.5   0.0   2   2   1.1e-11   2.8e-10   37.6   0.0   152   225    94   170    87   182 0.83 -
TRINITY_DN5134_c0_g1_i2:37-564     -            176 3216at3041           -            243   8.3e-22   75.4   0.0   1   1   1.3e-22   3.4e-21   73.4   0.0   113   204     5   110     1   117 0.83 -
TRINITY_DN12332_c0_g1_i2:12-416    -            135 3216at3041           -            243   1.1e-21   75.0   0.8   1   1   4.8e-23   1.2e-21   74.8   0.8     7   136     2   135     1   135 0.94 -
TRINITY_DN532_c0_g1_i17:860-1810   -            317 3216at3041           -            243   1.2e-21   74.9   0.0   1   1   6.9e-23   1.7e-21   74.3   0.0    36   216    13   204     7   219 0.77 -
TRINITY_DN47276_c0_g1_i1:2-340     -            113 3216at3041           -            243   2.2e-21   74.0   0.2   1   1   9.6e-23   2.4e-21   73.9   0.2    63   168     2   112     1   113 0.92 -
TRINITY_DN98128_c0_g1_i1:18-470    -            151 3216at3041           -            243   2.6e-21   73.7   0.0   1   1   1.1e-22   2.7e-21   73.7   0.0    69   201    13   151     1   151 0.86 -
TRINITY_DN4417_c0_g2_i3:7-495      -            163 3216at3041           -            243   3.6e-21   73.3   0.0   1   1   1.8e-22   4.5e-21   73.0   0.0   109   221    10   126     2   156 0.85 -
TRINITY_DN4053_c0_g1_i2:312-1001   -            230 3216at3041           -            243   4.3e-21   73.0   0.0   1   1     2e-22   5.1e-21   72.8   0.0   109   235     7   154     1   161 0.76 -
TRINITY_DN2775_c0_g1_i2:38-679     -            214 3216at3041           -            243   4.3e-21   73.0   0.0   1   1   2.2e-22   5.5e-21   72.7   0.0    52   203     7   166     2   185 0.89 -
TRINITY_DN28429_c0_g1_i1:9-473     -            155 3216at3041           -            243     1e-20   71.8   0.2   1   1   4.8e-22   1.2e-20   71.6   0.2     7   130    29   155    25   155 0.95 -
TRINITY_DN97274_c0_g1_i1:0-560     -            187 3216at3041           -            243   1.5e-20   71.3   0.0   1   1   6.9e-22   1.8e-20   71.0   0.0    69   214     3   156     1   169 0.87 -
TRINITY_DN6856_c0_g1_i2:469-1275   -            269 3216at3041           -            243   3.1e-20   70.2   0.1   1   1   1.6e-21     4e-20   69.9   0.1    13   216    13   223     5   233 0.82 -
TRINITY_DN1712_c0_g1_i3:2-640      -            213 3216at3041           -            243     6e-20   69.3   0.0   1   1   2.9e-21   7.3e-20   69.0   0.0    14   212     4   212     2   213 0.86 -
TRINITY_DN1712_c0_g1_i1:7-825      -            273 3216at3041           -            243   6.1e-20   69.3   0.0   1   1   3.2e-21     8e-20   68.9   0.0    13   214    20   231    13   238 0.86 -
TRINITY_DN1712_c0_g1_i9:1-774      -            258 3216at3041           -            243   7.3e-20   69.0   0.0   1   1     4e-21     1e-19   68.5   0.0    14   214     4   214     2   221 0.87 -
TRINITY_DN14416_c0_g1_i1:1-354     -            118 3216at3041           -            243   7.6e-20   69.0   0.0   1   1   3.1e-21     8e-20   68.9   0.0    84   190     5   115     1   118 0.83 -
TRINITY_DN1715_c0_g1_i4:1217-1726  -            170 3216at3041           -            243   2.6e-19   67.2   0.1   1   1   3.6e-20   9.1e-19   65.4   0.0   115   202     1   102     1   154 0.84 -
TRINITY_DN43457_c0_g1_i1:5-313     -            103 3216at3041           -            243   3.2e-19   66.9   0.0   1   1   1.4e-20   3.5e-19   66.8   0.0    75   171     2   103     1   103 0.90 -
TRINITY_DN4053_c0_g1_i1:327-1001   -            225 3216at3041           -            243   6.2e-19   66.0   0.0   1   1   2.9e-20   7.3e-19   65.7   0.0   109   235     7   154     1   161 0.76 -
TRINITY_DN33066_c0_g2_i1:1-693     -            231 3216at3041           -            243   6.2e-19   66.0   0.0   1   1   3.2e-20     8e-19   65.6   0.0     7   201    18   225    13   229 0.81 -
TRINITY_DN7955_c0_g1_i1:24-308     -             95 3216at3041           -            243   8.2e-19   65.6   0.0   1   1   3.4e-20   8.6e-19   65.5   0.0   115   204     1    92     1    95 0.91 -
TRINITY_DN996_c0_g1_i1:28-504      -            159 3216at3041           -            243   1.7e-18   64.5   0.0   1   1   7.6e-20   1.9e-18   64.4   0.0   114   208     2    99     1   126 0.83 -
TRINITY_DN21041_c0_g1_i1:2-496     -            165 3216at3041           -            243   3.4e-18   63.5   0.0   1   1   1.6e-19   4.2e-18   63.3   0.0   101   218     5   130     2   155 0.84 -
TRINITY_DN53694_c0_g1_i1:86-838    -            251 3216at3041           -            243   4.5e-18   63.2   0.4   1   1   2.4e-19   6.1e-18   62.7   0.4    10   197    11   209     5   223 0.81 -
TRINITY_DN1095_c0_g2_i1:298-912    -            205 3216at3041           -            243   4.9e-18   63.0   0.4   1   1   2.5e-19   6.5e-18   62.6   0.4     8   202     3   199     1   205 0.75 -
TRINITY_DN79958_c0_g1_i1:344-787   -            148 3216at3041           -            243   5.9e-18   62.8   0.6   1   1   2.5e-19   6.4e-18   62.6   0.6    12   149     5   147     1   148 0.93 -
TRINITY_DN4417_c0_g2_i1:60-512     -            151 3216at3041           -            243   8.7e-18   62.2   0.0   1   1   4.4e-19   1.1e-17   61.9   0.0   121   224    11   118     3   144 0.85 -
TRINITY_DN1095_c0_g1_i2:317-1174   -            286 3216at3041           -            243     1e-17   62.0   0.6   1   1   6.3e-19   1.6e-17   61.4   0.6     7   216     2   209     1   219 0.78 -
TRINITY_DN30173_c0_g1_i1:15-539    -            175 3216at3041           -            243   3.1e-17   60.4   0.0   1   1   1.4e-18   3.4e-17   60.3   0.0   102   219    41   157     2   171 0.81 -
TRINITY_DN3309_c0_g1_i2:71-409     -            113 3216at3041           -            243   1.6e-16   58.1   0.0   1   1   7.9e-18     2e-16   57.8   0.0   110   201    17   109     8   112 0.90 -
TRINITY_DN28327_c0_g1_i1:19-474    -            152 3216at3041           -            243   5.4e-16   56.3   0.1   1   1   2.3e-17   5.7e-16   56.3   0.1    56   194     2   151     1   152 0.72 -
TRINITY_DN76290_c0_g1_i1:3-461     -            153 3216at3041           -            243     1e-15   55.4   0.0   1   1   4.8e-17   1.2e-15   55.2   0.0    54   188     9   153     2   153 0.80 -
TRINITY_DN97667_c0_g1_i1:0-302     -            101 3216at3041           -            243   2.3e-15   54.3   0.2   1   1   9.8e-17   2.5e-15   54.2   0.2    50   147     2   101     1   101 0.90 -
TRINITY_DN41694_c0_g1_i2:3-389     -            129 3216at3041           -            243   3.9e-15   53.5   0.0   1   1   1.7e-16   4.2e-15   53.4   0.0     7   131     3   129     1   129 0.89 -
TRINITY_DN65294_c0_g1_i2:236-1234  -            333 3216at3041           -            243   3.9e-15   53.5   0.1   1   1   2.4e-16     6e-15   52.9   0.1     8   222    11   239     7   245 0.82 -
TRINITY_DN26613_c0_g1_i2:5-526     -            174 3216at3041           -            243     4e-15   53.5   0.0   1   1   1.7e-16   4.4e-15   53.4   0.0    20   186     2   174     1   174 0.79 -
TRINITY_DN62175_c0_g1_i1:47-517    -            157 3216at3041           -            243   4.3e-15   53.4   0.0   1   1   1.7e-16   4.4e-15   53.4   0.0   101   204     4   110     1   147 0.85 -
TRINITY_DN16218_c0_g1_i25:9-461    -            151 3216at3041           -            243     7e-15   52.7   0.0   1   1     3e-16   7.6e-15   52.6   0.0    13   149     7   149     1   151 0.75 -
TRINITY_DN89957_c0_g1_i1:1-255     -             85 3216at3041           -            243     9e-15   52.3   0.0   1   1     4e-16     1e-14   52.2   0.0   116   189     2    82     1    85 0.85 -
TRINITY_DN79732_c0_g1_i1:2-505     -            168 3216at3041           -            243   9.4e-15   52.3   0.0   1   1   5.1e-16   1.3e-14   51.8   0.0   119   205     1    93     1   104 0.86 -
TRINITY_DN64830_c0_g1_i1:2-430     -            143 3216at3041           -            243   9.9e-15   52.2   0.3   1   1   4.5e-16   1.1e-14   52.0   0.3    65   193     9   143     2   143 0.80 -
TRINITY_DN4031_c0_g1_i2:220-597    -            126 3216at3041           -            243   1.1e-14   52.0   0.1   1   1   4.9e-16   1.2e-14   51.9   0.1     4   100     6   102     3   124 0.91 -
TRINITY_DN49611_c0_g1_i1:23-325    -            101 3216at3041           -            243   2.3e-14   51.0   0.0   1   1     1e-15   2.5e-14   50.9   0.0    56   150     1   101     1   101 0.89 -
TRINITY_DN1712_c0_g1_i6:7-846      -            239 3216at3041           -            243   3.3e-14   50.5   0.1   1   1   5.9e-15   1.5e-13   48.4   0.1    14   214     1   197     1   202 0.84 -
TRINITY_DN7545_c0_g1_i1:265-711    -            149 3216at3041           -            243   3.9e-14   50.3   0.0   1   1   2.2e-15   5.5e-14   49.8   0.0     8   150     4   149     2   149 0.85 -
TRINITY_DN2007_c0_g2_i1:44-580     -            179 3216at3041           -            243   6.6e-14   49.5   0.1   1   1   4.5e-15   1.1e-13   48.7   0.1    56   206     4   178     1   179 0.76 -
TRINITY_DN81586_c0_g1_i1:14-424    -            137 3216at3041           -            243   8.8e-14   49.1   0.0   1   1   1.5e-14   3.9e-13   47.0   0.0   142   229     2   111     1   125 0.67 -
TRINITY_DN1786_c0_g2_i1:23-976     -            318 3216at3041           -            243   3.9e-13   47.0   0.0   1   2   0.00056     0.014   12.4   0.0     9    74    21    86    13    93 0.78 -
TRINITY_DN1786_c0_g2_i1:23-976     -            318 3216at3041           -            243   3.9e-13   47.0   0.0   2   2   4.2e-10   1.1e-08   32.5   0.0    80   196   125   260   121   268 0.68 -
TRINITY_DN6129_c0_g1_i1:70-585     -            172 3216at3041           -            243   4.5e-13   46.8   0.1   1   1     2e-14     5e-13   46.6   0.1    12   172     5   171     1   172 0.80 -
TRINITY_DN12303_c0_g1_i1:2-451     -            150 3216at3041           -            243   1.2e-12   45.4   0.0   1   1   5.8e-14   1.5e-12   45.1   0.0    15   150     1   139     1   146 0.72 -
TRINITY_DN16850_c0_g1_i1:11-514    -            168 3216at3041           -            243   1.3e-12   45.3   0.0   1   1   7.1e-14   1.8e-12   44.8   0.0    59   194    17   166     4   168 0.69 -
TRINITY_DN16218_c0_g1_i2:10-711    -            234 3216at3041           -            243   1.6e-12   45.0   0.0   1   2       5.3   1.3e+02   -0.6   0.0    15    42     1    26     1    39 0.73 -
TRINITY_DN16218_c0_g1_i2:10-711    -            234 3216at3041           -            243   1.6e-12   45.0   0.0   2   2   1.2e-12     3e-11   40.8   0.0    46   201    50   233    44   234 0.73 -
TRINITY_DN114001_c0_g1_i1:3-290    -             96 3216at3041           -            243   1.6e-12   45.0   0.0   1   1   6.7e-14   1.7e-12   44.9   0.0    55   144     2    96     1    96 0.81 -
TRINITY_DN8592_c0_g1_i1:0-539      -            180 3216at3041           -            243   1.6e-12   44.9   0.0   1   2       2.7        69    0.3   0.0   139   163     2    26     1    43 0.81 -
TRINITY_DN8592_c0_g1_i1:0-539      -            180 3216at3041           -            243   1.6e-12   44.9   0.0   2   2   3.7e-13   9.5e-12   42.4   0.0   151   208   121   178   116   180 0.91 -
TRINITY_DN1317_c0_g1_i1:337-867    -            177 3216at3041           -            243   2.2e-12   44.5   0.0   1   1   1.3e-13   3.4e-12   43.9   0.0   109   203    12   113     7   132 0.84 -
TRINITY_DN2281_c0_g1_i1:1-462      -            154 3216at3041           -            243   3.6e-12   43.8   0.0   1   2       2.3        59    0.6   0.0    15    41     1    25     1    32 0.79 -
TRINITY_DN2281_c0_g1_i1:1-462      -            154 3216at3041           -            243   3.6e-12   43.8   0.0   2   2   8.4e-13   2.1e-11   41.3   0.0    48   149    48   152    40   154 0.88 -
TRINITY_DN8247_c0_g1_i1:108-593    -            162 3216at3041           -            243   4.1e-12   43.6   0.0   1   1     2e-13   5.1e-12   43.3   0.0   112   214     4   118     1   143 0.79 -
TRINITY_DN3662_c1_g1_i2:2-439      -            146 3216at3041           -            243   4.3e-12   43.6   0.0   1   1   2.2e-13   5.5e-12   43.2   0.0   116   210     2   108     1   131 0.81 -
TRINITY_DN1786_c2_g1_i2:41-574     -            178 3216at3041           -            243   5.4e-12   43.3   0.0   1   1   2.7e-13   6.9e-12   42.9   0.0   109   204    29   131    17   142 0.82 -
TRINITY_DN5568_c0_g2_i2:20-856     -            279 3216at3041           -            243   6.3e-12   43.0   0.0   1   2       7.7   1.9e+02   -1.1   0.0    14    72     1    55     1    57 0.54 -
TRINITY_DN5568_c0_g2_i2:20-856     -            279 3216at3041           -            243   6.3e-12   43.0   0.0   2   2   8.8e-13   2.2e-11   41.2   0.0   111   198   140   236   130   243 0.84 -
TRINITY_DN16218_c1_g1_i2:11-595    -            195 3216at3041           -            243   6.6e-12   43.0   0.0   1   1   6.6e-13   1.7e-11   41.6   0.0    53   201    29   194    21   195 0.72 -
TRINITY_DN5568_c0_g2_i1:20-874     -            285 3216at3041           -            243   6.8e-12   42.9   0.0   1   2       9.7   2.5e+02   -1.5   0.0    14    25     7    18     4    62 0.56 -
TRINITY_DN5568_c0_g2_i1:20-874     -            285 3216at3041           -            243   6.8e-12   42.9   0.0   2   2   9.2e-13   2.3e-11   41.2   0.0   111   198   146   242   136   249 0.84 -
TRINITY_DN8867_c0_g2_i1:741-1625   -            295 3216at3041           -            243   1.1e-11   42.3   0.0   1   1   6.1e-13   1.6e-11   41.7   0.0    99   222    84   222     1   228 0.79 -
TRINITY_DN8898_c0_g1_i1:2-328      -            109 3216at3041           -            243   1.2e-11   42.1   0.0   1   1   5.2e-13   1.3e-11   42.0   0.0    70   155     2    95     1   107 0.84 -
TRINITY_DN99058_c0_g1_i1:76-480    -            135 3216at3041           -            243   1.4e-11   41.9   0.0   1   1   6.8e-13   1.7e-11   41.6   0.0   110   197    38   134    28   135 0.84 -
TRINITY_DN94351_c0_g1_i1:1-408     -            136 3216at3041           -            243   2.1e-11   41.3   0.0   1   1   9.9e-13   2.5e-11   41.1   0.0    10   134     1   135     1   136 0.81 -
TRINITY_DN84749_c0_g1_i1:174-668   -            165 3216at3041           -            243   2.2e-11   41.2   0.0   1   1   1.2e-12   2.9e-11   40.8   0.0   156   234     8    87     4    96 0.86 -
TRINITY_DN898_c2_g2_i1:1176-1976   -            267 3216at3041           -            243   4.9e-11   40.1   0.0   1   1   2.7e-12   6.8e-11   39.6   0.0    14   202     1   203     1   212 0.79 -
TRINITY_DN11331_c0_g1_i1:80-607    -            176 3216at3041           -            243   5.3e-11   40.0   0.0   1   1   2.5e-12   6.3e-11   39.8   0.0   111   202    19   116     6   145 0.83 -
TRINITY_DN2775_c0_g1_i1:143-574    -            144 3216at3041           -            243   6.1e-11   39.8   0.0   1   1   2.4e-12   6.2e-11   39.8   0.0   117   203     6    96     1   127 0.87 -
TRINITY_DN1786_c1_g1_i2:56-643     -            196 3216at3041           -            243   6.2e-11   39.8   0.0   1   1   3.1e-12   7.9e-11   39.4   0.0   106   219    35   163    27   188 0.76 -
TRINITY_DN5902_c0_g1_i2:2-421      -            140 3216at3041           -            243   8.9e-11   39.3   0.0   1   1   4.1e-12     1e-10   39.1   0.0     6   133     5   139     2   140 0.79 -
TRINITY_DN119797_c0_g1_i1:136-522  -            129 3216at3041           -            243   9.1e-11   39.2   0.0   1   1   4.1e-12   1.1e-10   39.0   0.0   110   203     8   108     2   128 0.76 -
TRINITY_DN16218_c0_g1_i13:1-543    -            181 3216at3041           -            243   9.7e-11   39.1   0.0   1   1   4.4e-12   1.1e-10   39.0   0.0   110   223    29   149    23   168 0.79 -
TRINITY_DN35034_c0_g1_i1:35-310    -             92 3216at3041           -            243   1.4e-10   38.7   0.0   1   1   5.9e-12   1.5e-10   38.5   0.0   115   197     1    92     1    92 0.78 -
TRINITY_DN26008_c0_g1_i4:381-794   -            138 3216at3041           -            243   1.8e-10   38.2   0.1   1   1   8.3e-12   2.1e-10   38.0   0.1    13   136     6   135     1   138 0.79 -
TRINITY_DN19839_c0_g1_i1:2-370     -            123 3216at3041           -            243   5.5e-10   36.7   1.0   1   1   2.4e-11     6e-10   36.5   1.0     8   127     3   123     1   123 0.86 -
TRINITY_DN65771_c0_g1_i1:5-241     -             79 3216at3041           -            243   7.6e-10   36.2   0.0   1   1   3.5e-11     9e-10   36.0   0.0   128   197     1    79     1    79 0.81 -
TRINITY_DN7479_c0_g1_i2:4-240      -             79 3216at3041           -            243   8.5e-10   36.1   0.0   1   1   3.6e-11   9.2e-10   35.9   0.0    79   150     4    78     2    79 0.77 -
TRINITY_DN29541_c0_g2_i1:2-361     -            120 3216at3041           -            243   8.8e-10   36.0   0.0   1   1   3.9e-11   9.9e-10   35.8   0.0   126   206     1    87     1   101 0.80 -
TRINITY_DN1317_c0_g2_i1:5-439      -            145 3216at3041           -            243   1.9e-09   34.9   0.0   1   1     9e-11   2.3e-09   34.6   0.0   109   201    41   144    26   145 0.82 -
TRINITY_DN8867_c0_g2_i2:116-703    -            196 3216at3041           -            243   2.3e-09   34.6   0.0   1   1   9.3e-11   2.4e-09   34.6   0.0    99   197    84   194     1   196 0.76 -
TRINITY_DN4205_c0_g1_i2:151-420    -             90 3216at3041           -            243   3.1e-09   34.2   0.0   1   1   1.3e-10   3.4e-09   34.1   0.0   119   197     4    90     1    90 0.75 -
TRINITY_DN4205_c0_g1_i3:213-482    -             90 3216at3041           -            243   3.1e-09   34.2   0.0   1   1   1.3e-10   3.4e-09   34.1   0.0   119   197     4    90     1    90 0.75 -
TRINITY_DN56216_c0_g1_i1:5-280     -             92 3216at3041           -            243   4.6e-09   33.7   0.0   1   1     2e-10   5.2e-09   33.5   0.0   136   215     2    85     1    88 0.85 -
TRINITY_DN16218_c0_g1_i11:2-592    -            197 3216at3041           -            243   7.5e-09   33.0   0.0   1   1   2.1e-09   5.2e-08   30.2   0.0   116   202    40   145    11   159 0.74 -
TRINITY_DN114004_c0_g1_i1:3-362    -            120 3216at3041           -            243   1.1e-08   32.4   0.9   1   1   4.6e-10   1.2e-08   32.3   0.9    20   135     2   120     1   120 0.75 -
TRINITY_DN1739_c0_g2_i1:1-489      -            163 3216at3041           -            243   1.3e-08   32.2   0.0   1   2   1.2e-09   3.1e-08   30.9   0.0   133   228     2   106     1   118 0.80 -
TRINITY_DN1739_c0_g2_i1:1-489      -            163 3216at3041           -            243   1.3e-08   32.2   0.0   2   2       9.4   2.4e+02   -1.4   0.0    45    71   134   160   129   162 0.75 -
TRINITY_DN8433_c0_g1_i1:13-441     -            143 3216at3041           -            243   1.4e-08   32.1   0.0   1   1   7.2e-10   1.8e-08   31.7   0.0   125   204     3    97     1   110 0.72 -
TRINITY_DN18070_c0_g1_i1:2-313     -            104 3216at3041           -            243   1.5e-08   32.0   0.0   1   1   6.6e-10   1.7e-08   31.8   0.0   128   213     1    90     1    96 0.86 -
TRINITY_DN1314_c0_g1_i2:168-680    -            171 3216at3041           -            243   1.5e-08   32.0   0.0   1   1     1e-09   2.6e-08   31.2   0.0   111   221     6   131     2   140 0.77 -
TRINITY_DN26008_c0_g1_i1:345-722   -            126 3216at3041           -            243     2e-08   31.6   0.0   1   1   9.3e-10   2.4e-08   31.3   0.0    17   135     1   125     1   126 0.77 -
TRINITY_DN112887_c0_g1_i1:100-288  -             63 3216at3041           -            243   2.9e-08   31.1   0.0   1   1   1.1e-09   2.9e-08   31.0   0.0   182   224     3    45     1    61 0.78 -
TRINITY_DN23956_c0_g1_i17:576-1484 -            303 3216at3041           -            243   9.4e-08   29.4   0.0   1   1   5.1e-09   1.3e-07   28.9   0.0   159   241    21   111     3   113 0.79 -
TRINITY_DN95797_c0_g1_i1:5-370     -            122 3216at3041           -            243   3.2e-07   27.6   0.1   1   1   4.7e-08   1.2e-06   25.7   0.1    63   149     5   116     2   119 0.58 -
TRINITY_DN8549_c0_g1_i1:34-543     -            170 3216at3041           -            243   6.9e-07   26.5   0.0   1   1   3.6e-08   9.2e-07   26.1   0.0    10   149    18   164    12   167 0.79 -
TRINITY_DN99850_c0_g1_i1:5-343     -            113 3216at3041           -            243   1.3e-06   25.6   0.0   1   1   5.4e-08   1.4e-06   25.5   0.0    65   172     1   112     1   113 0.78 -
TRINITY_DN4053_c0_g2_i1:1-429      -            143 3216at3041           -            243   2.7e-06   24.6   0.0   1   1   1.4e-07   3.6e-06   24.2   0.0   161   206     3    51     1    71 0.84 -
TRINITY_DN958_c0_g1_i2:62-793      -            244 3216at3041           -            243   2.8e-06   24.5   0.0   1   2       4.8   1.2e+02   -0.5   0.0    15    72    15    67     7    82 0.71 -
TRINITY_DN958_c0_g1_i2:62-793      -            244 3216at3041           -            243   2.8e-06   24.5   0.0   2   2   5.1e-07   1.3e-05   22.4   0.0    83   171   137   244   120   244 0.70 -
TRINITY_DN958_c0_g1_i4:62-793      -            244 3216at3041           -            243   2.8e-06   24.5   0.0   1   2       4.8   1.2e+02   -0.5   0.0    15    72    15    67     7    82 0.71 -
TRINITY_DN958_c0_g1_i4:62-793      -            244 3216at3041           -            243   2.8e-06   24.5   0.0   2   2   5.1e-07   1.3e-05   22.4   0.0    83   171   137   244   120   244 0.70 -
TRINITY_DN79932_c0_g1_i1:423-797   -            125 3216at3041           -            243   3.4e-06   24.3   0.0   1   1   1.4e-07   3.6e-06   24.2   0.0    34   132    18   125     1   125 0.79 -
TRINITY_DN95155_c0_g1_i1:8-346     -            113 3216at3041           -            243     8e-06   23.0   0.0   1   1   4.3e-07   1.1e-05   22.6   0.0    81   149    24   107    18   111 0.66 -
TRINITY_DN18325_c0_g1_i1:8-292     -             95 3216at3041           -            243   1.1e-05   22.6   0.0   1   1   4.7e-07   1.2e-05   22.5   0.0   130   215     1    92     1    94 0.84 -
TRINITY_DN2287_c0_g1_i3:26-628     -            201 3216at3041           -            243   1.5e-05   22.2   0.0   1   1   7.3e-07   1.8e-05   21.9   0.0     6   136    53   194    48   197 0.73 -
TRINITY_DN55322_c0_g1_i1:27-389    -            121 3216at3041           -            243   0.00017   18.7   0.0   1   2   2.8e-05    0.0007   16.7   0.0   164   204     6    47     2    59 0.87 -
TRINITY_DN55322_c0_g1_i1:27-389    -            121 3216at3041           -            243   0.00017   18.7   0.0   2   2       3.6        92   -0.1   0.0   198   236    74   114    67   121 0.71 -
TRINITY_DN32233_c0_g1_i2:351-869   -            173 3216at3041           -            243   0.00017   18.7   0.0   1   1   9.4e-06   0.00024   18.2   0.0   142   206     3    70     2    83 0.79 -
TRINITY_DN7285_c0_g1_i1:72-476     -            135 3216at3041           -            243    0.0035   14.4   0.0   1   1   0.00016    0.0041   14.2   0.0   142   204     2    68     1    79 0.78 -
TRINITY_DN114522_c0_g1_i1:10-228   -             73 3216at3041           -            243    0.0041   14.2   0.0   1   1   0.00016    0.0041   14.2   0.0   178   217    13    52     1    64 0.75 -
TRINITY_DN33066_c0_g1_i1:425-862   -            146 3216at3041           -            243    0.0089   13.1   0.0   1   1   0.00047     0.012   12.7   0.0   167   203     9    47     3    61 0.76 -
TRINITY_DN16218_c0_g1_i10:316-540  -             75 3216at3041           -            243     0.011   12.8   0.0   1   1   0.00042     0.011   12.8   0.0   179   223    14    58     1    68 0.74 -
TRINITY_DN7955_c0_g3_i1:261-479    -             73 3216at3041           -            243      0.02   11.9   0.0   1   1    0.0008      0.02   11.9   0.0   170   207     3    42     1    65 0.77 -
#
# Program:         hmmsearch
# Version:         3.2.1 (June 2018)
# Pipeline mode:   SEARCH
# Query file:      /sw/bioinfo/BUSCO/v5_lineage_sets/lineages/chlorophyta_odb10/hmms/3216at3041.hmm
# Target file:     /crex/proj/snic2022-23-81/expression_algae/code/busco/trinity_VA-3180-Osg10Mul/run_chlorophyta_odb10/metaeuk_output/initial_results/trinity_VA-3180-Osg10Mul.Trinity.fasta.modified.fas
# Option settings: hmmsearch --domtblout /crex/proj/snic2022-23-81/expression_algae/code/busco/trinity_VA-3180-Osg10Mul/run_chlorophyta_odb10/hmmer_output/initial_run_results/3216at3041.out --cpu 1 /sw/bioinfo/BUSCO/v5_lineage_sets/lineages/chlorophyta_odb10/hmms/3216at3041.hmm /crex/proj/snic2022-23-81/expression_algae/code/busco/trinity_VA-3180-Osg10Mul/run_chlorophyta_odb10/metaeuk_output/initial_results/trinity_VA-3180-Osg10Mul.Trinity.fasta.modified.fas 
# Current dir:     /crex/proj/snic2022-23-81/expression_algae/code/busco
# Date:            Fri Sep 23 10:11:49 2022
# [ok]
