#                                                                                         --- full sequence --- -------------- this domain -------------   hmm coord   ali coord   env coord
# target name                     accession   tlen query name           accession   qlen   E-value  score  bias   #  of  c-Evalue  i-Evalue  score  bias  from    to  from    to  from    to  acc description of target
#             ------------------- ---------- ----- -------------------- ---------- ----- --------- ------ ----- --- --- --------- --------- ------ ----- ----- ----- ----- ----- ----- ----- ---- ---------------------
TRINITY_DN18955_c0_g2_i1:100-996  -            299 3456at3041           -            246   3.3e-42  142.5   1.0   1   1   7.1e-44   1.5e-41  140.3   1.0     5   236    21   283    17   295 0.82 -
TRINITY_DN17000_c0_g1_i2:80-469   -            130 3456at3041           -            246     8e-40  134.7   0.2   1   1     1e-41   2.1e-39  133.3   0.2   138   245     1   127     1   128 0.90 -
TRINITY_DN242_c0_g1_i2:561-1478   -            306 3456at3041           -            246   2.5e-27   93.7   6.0   1   3   2.1e-07   4.3e-05   20.9   0.0    88   172    12    98     4   149 0.80 -
TRINITY_DN242_c0_g1_i2:561-1478   -            306 3456at3041           -            246   2.5e-27   93.7   6.0   2   3   2.9e-09   6.1e-07   27.0   0.1    84   202   112   240   102   242 0.83 -
TRINITY_DN242_c0_g1_i2:561-1478   -            306 3456at3041           -            246   2.5e-27   93.7   6.0   3   3   5.8e-20   1.2e-17   62.0   0.5    29   176   153   300   150   305 0.89 -
TRINITY_DN454_c0_g1_i1:236-1129   -            298 3456at3041           -            246   4.2e-21   73.4   1.9   1   3    0.0025      0.51    7.6   0.1    88   116     4    32     1    44 0.66 -
TRINITY_DN454_c0_g1_i1:236-1129   -            298 3456at3041           -            246   4.2e-21   73.4   1.9   2   3   1.5e-13     3e-11   41.1   0.0    30   153    45   183    42   189 0.82 -
TRINITY_DN454_c0_g1_i1:236-1129   -            298 3456at3041           -            246   4.2e-21   73.4   1.9   3   3   5.3e-08   1.1e-05   22.8   0.0   100   159   236   291   211   297 0.73 -
TRINITY_DN454_c0_g1_i2:511-1404   -            298 3456at3041           -            246   4.2e-21   73.4   1.9   1   3    0.0025      0.51    7.6   0.1    88   116     4    32     1    44 0.66 -
TRINITY_DN454_c0_g1_i2:511-1404   -            298 3456at3041           -            246   4.2e-21   73.4   1.9   2   3   1.5e-13     3e-11   41.1   0.0    30   153    45   183    42   189 0.82 -
TRINITY_DN454_c0_g1_i2:511-1404   -            298 3456at3041           -            246   4.2e-21   73.4   1.9   3   3   5.3e-08   1.1e-05   22.8   0.0   100   159   236   291   211   297 0.73 -
TRINITY_DN454_c0_g1_i3:236-1129   -            298 3456at3041           -            246   4.2e-21   73.4   1.9   1   3    0.0025      0.51    7.6   0.1    88   116     4    32     1    44 0.66 -
TRINITY_DN454_c0_g1_i3:236-1129   -            298 3456at3041           -            246   4.2e-21   73.4   1.9   2   3   1.5e-13     3e-11   41.1   0.0    30   153    45   183    42   189 0.82 -
TRINITY_DN454_c0_g1_i3:236-1129   -            298 3456at3041           -            246   4.2e-21   73.4   1.9   3   3   5.3e-08   1.1e-05   22.8   0.0   100   159   236   291   211   297 0.73 -
TRINITY_DN454_c0_g1_i4:236-1129   -            298 3456at3041           -            246   4.2e-21   73.4   1.9   1   3    0.0025      0.51    7.6   0.1    88   116     4    32     1    44 0.66 -
TRINITY_DN454_c0_g1_i4:236-1129   -            298 3456at3041           -            246   4.2e-21   73.4   1.9   2   3   1.5e-13     3e-11   41.1   0.0    30   153    45   183    42   189 0.82 -
TRINITY_DN454_c0_g1_i4:236-1129   -            298 3456at3041           -            246   4.2e-21   73.4   1.9   3   3   5.3e-08   1.1e-05   22.8   0.0   100   159   236   291   211   297 0.73 -
TRINITY_DN825_c0_g1_i1:42-1148    -            369 3456at3041           -            246   6.2e-21   72.8   0.7   1   1     1e-22   2.1e-20   71.0   0.7     1   245   106   364   106   365 0.81 -
TRINITY_DN27089_c0_g1_i1:6-707    -            234 3456at3041           -            246   4.9e-17   60.0   0.0   1   2   7.6e-14   1.6e-11   42.0   0.0     4   114     5   124     2   140 0.84 -
TRINITY_DN27089_c0_g1_i1:6-707    -            234 3456at3041           -            246   4.9e-17   60.0   0.0   2   2   5.4e-06    0.0011   16.3   0.0   122   155   187   220   175   234 0.61 -
TRINITY_DN63841_c0_g1_i1:392-1426 -            345 3456at3041           -            246   1.1e-16   58.9   0.9   1   3   6.7e-09   1.4e-06   25.8   0.0     7    80    65   141    60   151 0.86 -
TRINITY_DN63841_c0_g1_i1:392-1426 -            345 3456at3041           -            246   1.1e-16   58.9   0.9   2   3   4.3e-09   8.9e-07   26.4   0.0     2    78   158   237   157   286 0.75 -
TRINITY_DN63841_c0_g1_i1:392-1426 -            345 3456at3041           -            246   1.1e-16   58.9   0.9   3   3     0.033       6.8    3.9   0.2     2    75   259   329   258   334 0.74 -
TRINITY_DN53235_c0_g1_i1:2-484    -            161 3456at3041           -            246   2.1e-16   57.9   0.0   1   1   1.1e-18   2.4e-16   57.8   0.0    22   171     3   158     1   161 0.84 -
TRINITY_DN52027_c0_g1_i1:58-798   -            247 3456at3041           -            246   9.1e-13   46.0   0.1   1   2       2.5   5.2e+02   -2.3   0.0   121   121    49    49    13    83 0.56 -
TRINITY_DN52027_c0_g1_i1:58-798   -            247 3456at3041           -            246   9.1e-13   46.0   0.1   2   2   1.9e-14   3.9e-12   44.0   0.0     3   153    96   246    94   247 0.87 -
TRINITY_DN12831_c0_g1_i1:20-514   -            165 3456at3041           -            246   3.3e-12   44.2   0.2   1   1     2e-14   4.1e-12   43.9   0.2    86   195    43   165    15   165 0.81 -
TRINITY_DN102257_c0_g1_i1:0-422   -            141 3456at3041           -            246   3.7e-12   44.0   0.1   1   2   4.1e-10   8.4e-08   29.8   0.0    10    82     6    80     1    84 0.92 -
TRINITY_DN102257_c0_g1_i1:0-422   -            141 3456at3041           -            246   3.7e-12   44.0   0.1   2   2   6.6e-05     0.014   12.7   0.0     1    44    94   139    94   141 0.74 -
TRINITY_DN36214_c0_g1_i1:2-487    -            162 3456at3041           -            246   2.3e-09   34.9   0.0   1   1   1.4e-11     3e-09   34.5   0.0    81   203    31   159    12   161 0.84 -
TRINITY_DN9143_c0_g1_i1:130-369   -             80 3456at3041           -            246    0.0014   15.9   0.3   1   1   1.2e-05    0.0025   15.1   0.3   136   201     2    79     1    80 0.67 -
TRINITY_DN52414_c0_g1_i1:187-330  -             48 3456at3041           -            246    0.0019   15.5   0.1   1   1   9.1e-06    0.0019   15.5   0.1   123   167     3    47     1    48 0.92 -
TRINITY_DN33917_c0_g1_i1:44-178   -             45 3456at3041           -            246    0.0033   14.7   0.0   1   1   1.6e-05    0.0033   14.7   0.0   128   152     7    31     1    45 0.48 -
#
# Program:         hmmsearch
# Version:         3.2.1 (June 2018)
# Pipeline mode:   SEARCH
# Query file:      /sw/bioinfo/BUSCO/v5_lineage_sets/lineages/chlorophyta_odb10/hmms/3456at3041.hmm
# Target file:     /crex/proj/snic2022-23-81/expression_algae/code/busco/trinity_VA-3180-Osg10Mul/run_chlorophyta_odb10/metaeuk_output/initial_results/trinity_VA-3180-Osg10Mul.Trinity.fasta.modified.fas
# Option settings: hmmsearch --domtblout /crex/proj/snic2022-23-81/expression_algae/code/busco/trinity_VA-3180-Osg10Mul/run_chlorophyta_odb10/hmmer_output/initial_run_results/3456at3041.out --cpu 1 /sw/bioinfo/BUSCO/v5_lineage_sets/lineages/chlorophyta_odb10/hmms/3456at3041.hmm /crex/proj/snic2022-23-81/expression_algae/code/busco/trinity_VA-3180-Osg10Mul/run_chlorophyta_odb10/metaeuk_output/initial_results/trinity_VA-3180-Osg10Mul.Trinity.fasta.modified.fas 
# Current dir:     /crex/proj/snic2022-23-81/expression_algae/code/busco
# Date:            Fri Sep 23 10:11:52 2022
# [ok]
