#                                                                                         --- full sequence --- -------------- this domain -------------   hmm coord   ali coord   env coord
# target name                     accession   tlen query name           accession   qlen   E-value  score  bias   #  of  c-Evalue  i-Evalue  score  bias  from    to  from    to  from    to  acc description of target
#             ------------------- ---------- ----- -------------------- ---------- ----- --------- ------ ----- --- --- --------- --------- ------ ----- ----- ----- ----- ----- ----- ----- ---- ---------------------
TRINITY_DN4326_c0_g1_i1:339-1115  -            259 3624at3041           -            226  2.4e-129  427.3  11.9   1   1  2.1e-131    3e-129  427.0  11.9     1   226     1   248     1   248 0.95 -
TRINITY_DN64246_c0_g1_i1:18-749   -            244 3624at3041           -            226  1.9e-105  349.2   8.8   1   1  1.6e-107  2.3e-105  348.9   8.8    13   226     1   236     1   236 0.92 -
TRINITY_DN4319_c0_g1_i1:0-749     -            250 3624at3041           -            226   1.1e-98  327.0  14.4   1   1  9.3e-101   1.3e-98  326.8  14.4     1   226     1   248     1   248 0.92 -
TRINITY_DN439_c0_g1_i1:1831-2394  -            188 3624at3041           -            226   7.4e-33  111.7   1.3   1   1   5.8e-35   8.3e-33  111.6   1.3    28   199     5   178     1   186 0.91 -
TRINITY_DN42_c0_g1_i1:2447-3016   -            190 3624at3041           -            226   6.8e-31  105.3   1.0   1   1     5e-33   7.2e-31  105.2   1.0    28   205     5   184     1   190 0.89 -
TRINITY_DN42_c0_g1_i2:11061-11630 -            190 3624at3041           -            226   6.8e-31  105.3   1.0   1   1     5e-33   7.2e-31  105.2   1.0    28   205     5   184     1   190 0.89 -
TRINITY_DN42_c0_g1_i4:11061-11630 -            190 3624at3041           -            226   6.8e-31  105.3   1.0   1   1     5e-33   7.2e-31  105.2   1.0    28   205     5   184     1   190 0.89 -
TRINITY_DN42_c0_g1_i6:11061-11630 -            190 3624at3041           -            226   6.8e-31  105.3   1.0   1   1     5e-33   7.2e-31  105.2   1.0    28   205     5   184     1   190 0.89 -
TRINITY_DN479_c0_g2_i2:2887-3549  -            221 3624at3041           -            226   6.9e-31  105.3   5.7   1   1   6.1e-33   8.7e-31  104.9   5.7    21   202    23   211     4   220 0.86 -
TRINITY_DN962_c0_g2_i1:254-703    -            150 3624at3041           -            226   2.4e-30  103.5   2.4   1   1   1.9e-32   2.7e-30  103.3   2.4    60   201     2   142     1   148 0.93 -
TRINITY_DN2_c0_g1_i1:4026-4595    -            190 3624at3041           -            226   6.1e-30  102.2   0.3   1   1   4.4e-32   6.3e-30  102.1   0.3    28   201     5   180     1   190 0.88 -
TRINITY_DN2_c0_g2_i1:11010-11546  -            179 3624at3041           -            226   1.1e-29  101.4   0.9   1   1   8.4e-32   1.2e-29  101.2   0.9    39   201     4   168     1   177 0.91 -
TRINITY_DN2_c0_g2_i4:11003-11566  -            188 3624at3041           -            226   3.1e-28   96.6   3.8   1   1   2.7e-30   3.9e-28   96.3   3.8    29   197     6   176     2   184 0.90 -
TRINITY_DN2_c0_g2_i3:11003-11593  -            197 3624at3041           -            226   6.2e-27   92.3   4.2   1   1   5.2e-29   7.4e-27   92.1   4.2    25   197    11   185     1   193 0.89 -
TRINITY_DN4_c0_g1_i16:758-1360    -            201 3624at3041           -            226   1.4e-26   91.2   0.4   1   1   1.1e-28   1.6e-26   91.0   0.4    32   206    18   195     1   200 0.86 -
TRINITY_DN4_c0_g1_i6:572-1174     -            201 3624at3041           -            226   1.4e-26   91.2   0.4   1   1   1.1e-28   1.6e-26   91.0   0.4    32   206    18   195     1   200 0.86 -
TRINITY_DN204_c2_g1_i1:26-472     -            149 3624at3041           -            226   1.5e-26   91.1   1.7   1   1   1.1e-28   1.6e-26   91.0   1.7    51   195     3   149     1   149 0.90 -
TRINITY_DN1664_c2_g1_i1:2480-2953 -            158 3624at3041           -            226   3.3e-26   90.0   1.0   1   1   2.5e-28   3.7e-26   89.8   1.0    40   195     1   158     1   158 0.94 -
TRINITY_DN748_c0_g1_i1:39-512     -            158 3624at3041           -            226   5.7e-26   89.2   1.1   1   1   4.4e-28   6.3e-26   89.1   1.1    40   195     1   158     1   158 0.93 -
TRINITY_DN235_c0_g1_i2:6-464      -            153 3624at3041           -            226   7.3e-23   79.0   0.8   1   1     6e-25   8.6e-23   78.8   0.8    60   197     2   138     1   148 0.91 -
TRINITY_DN235_c0_g1_i3:6-464      -            153 3624at3041           -            226   7.3e-23   79.0   0.8   1   1     6e-25   8.6e-23   78.8   0.8    60   197     2   138     1   148 0.91 -
TRINITY_DN235_c0_g1_i4:6-464      -            153 3624at3041           -            226   7.3e-23   79.0   0.8   1   1     6e-25   8.6e-23   78.8   0.8    60   197     2   138     1   148 0.91 -
TRINITY_DN235_c0_g1_i6:6-464      -            153 3624at3041           -            226   7.3e-23   79.0   0.8   1   1     6e-25   8.6e-23   78.8   0.8    60   197     2   138     1   148 0.91 -
TRINITY_DN235_c0_g1_i7:6-464      -            153 3624at3041           -            226   7.3e-23   79.0   0.8   1   1     6e-25   8.6e-23   78.8   0.8    60   197     2   138     1   148 0.91 -
TRINITY_DN2_c0_g2_i2:0-530        -            177 3624at3041           -            226     9e-22   75.5   1.7   1   1     7e-24     1e-21   75.3   1.7    25   189    11   177     1   177 0.89 -
TRINITY_DN19366_c0_g1_i2:33-374   -            114 3624at3041           -            226   8.6e-17   59.2   0.2   1   1   6.9e-19     1e-16   59.0   0.2    61   155    21   114    13   114 0.92 -
#
# Program:         hmmsearch
# Version:         3.2.1 (June 2018)
# Pipeline mode:   SEARCH
# Query file:      /sw/bioinfo/BUSCO/v5_lineage_sets/lineages/chlorophyta_odb10/hmms/3624at3041.hmm
# Target file:     /crex/proj/snic2022-23-81/expression_algae/code/busco/trinity_VA-3180-Osg10Mul/run_chlorophyta_odb10/metaeuk_output/initial_results/trinity_VA-3180-Osg10Mul.Trinity.fasta.modified.fas
# Option settings: hmmsearch --domtblout /crex/proj/snic2022-23-81/expression_algae/code/busco/trinity_VA-3180-Osg10Mul/run_chlorophyta_odb10/hmmer_output/initial_run_results/3624at3041.out --cpu 1 /sw/bioinfo/BUSCO/v5_lineage_sets/lineages/chlorophyta_odb10/hmms/3624at3041.hmm /crex/proj/snic2022-23-81/expression_algae/code/busco/trinity_VA-3180-Osg10Mul/run_chlorophyta_odb10/metaeuk_output/initial_results/trinity_VA-3180-Osg10Mul.Trinity.fasta.modified.fas 
# Current dir:     /crex/proj/snic2022-23-81/expression_algae/code/busco
# Date:            Fri Sep 23 10:11:50 2022
# [ok]
