#                                                                                          --- full sequence --- -------------- this domain -------------   hmm coord   ali coord   env coord
# target name                      accession   tlen query name           accession   qlen   E-value  score  bias   #  of  c-Evalue  i-Evalue  score  bias  from    to  from    to  from    to  acc description of target
#              ------------------- ---------- ----- -------------------- ---------- ----- --------- ------ ----- --- --- --------- --------- ------ ----- ----- ----- ----- ----- ----- ----- ---- ---------------------
TRINITY_DN64675_c0_g1_i1:36-599    -            188 3709at3041           -            217   2.9e-53  178.2   0.3   1   1   7.6e-56   4.1e-53  177.7   0.3     6   124    49   188    44   188 0.88 -
TRINITY_DN93234_c0_g1_i1:277-606   -            110 3709at3041           -            217   5.5e-46  154.4   0.8   1   1   1.2e-48   6.5e-46  154.2   0.8   124   210     1    91     1    98 0.94 -
TRINITY_DN35988_c0_g1_i3:2939-3697 -            253 3709at3041           -            217   8.2e-45  150.6   2.6   1   1   2.1e-47   1.1e-44  150.2   2.6    20   207    35   235     7   244 0.81 -
TRINITY_DN1056_c0_g1_i2:2497-3231  -            245 3709at3041           -            217     3e-40  135.6   0.6   1   1   7.6e-43   4.1e-40  135.2   0.6    20   207    39   239    10   244 0.82 -
TRINITY_DN1056_c0_g1_i3:628-1362   -            245 3709at3041           -            217     3e-40  135.6   0.6   1   1   7.6e-43   4.1e-40  135.2   0.6    20   207    39   239    10   244 0.82 -
TRINITY_DN98248_c0_g1_i1:7-561     -            185 3709at3041           -            217   6.9e-37  124.7   0.1   1   1   1.6e-39   8.4e-37  124.4   0.1    39   206     1   180     1   184 0.87 -
TRINITY_DN11222_c0_g1_i1:342-1004  -            221 3709at3041           -            217     0.011   12.9   0.2   1   1   4.8e-05     0.026   11.7   0.2   127   204   126   209    98   215 0.65 -
#
# Program:         hmmsearch
# Version:         3.2.1 (June 2018)
# Pipeline mode:   SEARCH
# Query file:      /sw/bioinfo/BUSCO/v5_lineage_sets/lineages/chlorophyta_odb10/hmms/3709at3041.hmm
# Target file:     /crex/proj/snic2022-23-81/expression_algae/code/busco/trinity_VA-3180-Osg10Mul/run_chlorophyta_odb10/metaeuk_output/initial_results/trinity_VA-3180-Osg10Mul.Trinity.fasta.modified.fas
# Option settings: hmmsearch --domtblout /crex/proj/snic2022-23-81/expression_algae/code/busco/trinity_VA-3180-Osg10Mul/run_chlorophyta_odb10/hmmer_output/initial_run_results/3709at3041.out --cpu 1 /sw/bioinfo/BUSCO/v5_lineage_sets/lineages/chlorophyta_odb10/hmms/3709at3041.hmm /crex/proj/snic2022-23-81/expression_algae/code/busco/trinity_VA-3180-Osg10Mul/run_chlorophyta_odb10/metaeuk_output/initial_results/trinity_VA-3180-Osg10Mul.Trinity.fasta.modified.fas 
# Current dir:     /crex/proj/snic2022-23-81/expression_algae/code/busco
# Date:            Fri Sep 23 10:11:50 2022
# [ok]
