#                                                                                          --- full sequence --- -------------- this domain -------------   hmm coord   ali coord   env coord
# target name                      accession   tlen query name           accession   qlen   E-value  score  bias   #  of  c-Evalue  i-Evalue  score  bias  from    to  from    to  from    to  acc description of target
#              ------------------- ---------- ----- -------------------- ---------- ----- --------- ------ ----- --- --- --------- --------- ------ ----- ----- ----- ----- ----- ----- ----- ---- ---------------------
TRINITY_DN41694_c0_g1_i2:3-389     -            129 3892at3041           -            212     9e-41  137.6   0.1   1   1   4.5e-42   1.1e-40  137.3   0.1     1   104    10   129    10   129 0.91 -
TRINITY_DN23956_c0_g1_i4:102-1418  -            439 3892at3041           -            212   2.9e-33  113.0   0.0   1   1   1.7e-34   4.2e-33  112.5   0.0    13   210    19   235     1   237 0.80 -
TRINITY_DN23956_c0_g1_i13:102-1304 -            401 3892at3041           -            212   9.2e-32  108.1   0.0   1   1   5.6e-33   1.4e-31  107.6   0.0    33   210     2   197     1   199 0.81 -
TRINITY_DN3309_c0_g1_i1:29-685     -            219 3892at3041           -            212   1.1e-31  107.9   0.0   1   1   5.6e-33   1.4e-31  107.6   0.0     2   178    14   209    13   217 0.79 -
TRINITY_DN23956_c0_g1_i3:120-1145  -            342 3892at3041           -            212     7e-31  105.3   0.0   1   1   3.6e-32   8.9e-31  104.9   0.0    11   187    18   212     1   238 0.77 -
TRINITY_DN23956_c0_g1_i6:576-1883  -            436 3892at3041           -            212   1.1e-30  104.6   0.0   1   1   7.1e-32   1.7e-30  104.0   0.0    11   187    18   212     1   238 0.77 -
TRINITY_DN23956_c0_g1_i2:0-1106    -            369 3892at3041           -            212   5.9e-30  102.2   0.0   1   1   3.4e-31   8.2e-30  101.8   0.0    11   192    18   217     1   238 0.77 -
TRINITY_DN49637_c0_g1_i1:18-719    -            234 3892at3041           -            212   1.7e-29  100.7   0.0   1   1   8.1e-31     2e-29  100.5   0.0    15   186     3   190     1   211 0.88 -
TRINITY_DN49988_c0_g1_i1:667-1458  -            264 3892at3041           -            212   2.2e-29  100.4   0.0   1   1   1.2e-30     3e-29   99.9   0.0    25   211    42   247    31   248 0.85 -
TRINITY_DN97274_c0_g1_i1:0-560     -            187 3892at3041           -            212   5.7e-27   92.5   0.0   1   1   2.9e-28   7.1e-27   92.2   0.0    53   205    10   177     2   184 0.79 -
TRINITY_DN1436_c0_g1_i1:4-825      -            274 3892at3041           -            212   8.9e-27   91.9   0.0   1   1   4.6e-28   1.1e-26   91.5   0.0    29   208    56   256    31   259 0.84 -
TRINITY_DN1837_c0_g1_i1:7-618      -            204 3892at3041           -            212   7.7e-25   85.5   0.0   1   1   3.9e-26   9.5e-25   85.2   0.0    35   198     1   183     1   194 0.80 -
TRINITY_DN2775_c0_g1_i2:38-679     -            214 3892at3041           -            212   3.9e-24   83.2   0.0   1   1   1.9e-25   4.6e-24   83.0   0.0    28   193     4   189     1   200 0.80 -
TRINITY_DN26613_c0_g1_i1:5-616     -            204 3892at3041           -            212   1.4e-23   81.4   0.0   1   1   7.6e-25   1.8e-23   81.0   0.0    34   183    34   203    17   204 0.82 -
TRINITY_DN6222_c0_g1_i1:2-604      -            201 3892at3041           -            212   1.9e-23   81.0   0.0   1   1   9.8e-25   2.4e-23   80.6   0.0    96   202     9   124     3   133 0.83 -
TRINITY_DN51941_c0_g1_i1:3-668     -            222 3892at3041           -            212   2.8e-23   80.4   0.0   1   1   1.4e-24   3.5e-23   80.1   0.0    55   204    11   176     1   184 0.77 -
TRINITY_DN10620_c0_g2_i2:121-951   -            277 3892at3041           -            212   5.4e-23   79.5   0.1   1   2     5e-16   1.2e-14   52.2   0.0     4   147    13   178    10   186 0.75 -
TRINITY_DN10620_c0_g2_i2:121-951   -            277 3892at3041           -            212   5.4e-23   79.5   0.1   2   2   7.1e-08   1.7e-06   25.5   0.0   141   175   193   227   183   258 0.79 -
TRINITY_DN64319_c0_g1_i1:66-908    -            281 3892at3041           -            212   7.1e-23   79.1   0.1   1   1   3.4e-24   8.3e-23   78.9   0.1     1   188    10   221    10   254 0.74 -
TRINITY_DN7903_c0_g1_i1:1307-2164  -            286 3892at3041           -            212   9.2e-23   78.7   0.1   1   2   9.7e-17   2.4e-15   54.5   0.2    31   147    49   177    15   182 0.79 -
TRINITY_DN7903_c0_g1_i1:1307-2164  -            286 3892at3041           -            212   9.2e-23   78.7   0.1   2   2   7.8e-07   1.9e-05   22.1   0.0   143   185   190   232   187   254 0.80 -
TRINITY_DN7903_c0_g1_i2:1056-1913  -            286 3892at3041           -            212   9.2e-23   78.7   0.1   1   2   9.7e-17   2.4e-15   54.5   0.2    31   147    49   177    15   182 0.79 -
TRINITY_DN7903_c0_g1_i2:1056-1913  -            286 3892at3041           -            212   9.2e-23   78.7   0.1   2   2   7.8e-07   1.9e-05   22.1   0.0   143   185   190   232   187   254 0.80 -
TRINITY_DN1712_c0_g1_i3:2-640      -            213 3892at3041           -            212   7.5e-22   75.8   0.0   1   1   3.5e-23   8.6e-22   75.6   0.0     1   178     4   209     4   213 0.82 -
TRINITY_DN532_c0_g1_i2:88-1149     -            354 3892at3041           -            212   8.6e-22   75.6   0.0   1   1   5.2e-23   1.3e-21   75.0   0.0     1   182    64   270    64   284 0.72 -
TRINITY_DN532_c0_g1_i11:860-2017   -            386 3892at3041           -            212   1.1e-21   75.2   0.0   1   1   6.6e-23   1.6e-21   74.7   0.0     1   182    64   270    64   284 0.72 -
TRINITY_DN532_c0_g1_i16:860-2017   -            386 3892at3041           -            212   1.1e-21   75.2   0.0   1   1   6.6e-23   1.6e-21   74.7   0.0     1   182    64   270    64   284 0.72 -
TRINITY_DN532_c0_g1_i1:860-2017    -            386 3892at3041           -            212   1.1e-21   75.2   0.0   1   1   6.6e-23   1.6e-21   74.7   0.0     1   182    64   270    64   284 0.72 -
TRINITY_DN532_c0_g1_i20:860-2017   -            386 3892at3041           -            212   1.1e-21   75.2   0.0   1   1   6.6e-23   1.6e-21   74.7   0.0     1   182    64   270    64   284 0.72 -
TRINITY_DN1712_c0_g1_i9:1-774      -            258 3892at3041           -            212   1.1e-21   75.1   0.0   1   1   5.8e-23   1.4e-21   74.9   0.0     1   183     4   214     4   236 0.83 -
TRINITY_DN742_c0_g1_i3:217-1152    -            312 3892at3041           -            212   1.3e-21   75.0   0.0   1   2   1.3e-16   3.2e-15   54.1   0.0    14   122    31   149    22   161 0.83 -
TRINITY_DN742_c0_g1_i3:217-1152    -            312 3892at3041           -            212   1.3e-21   75.0   0.0   2   2   9.6e-06   0.00023   18.6   0.0   127   210   192   286   185   288 0.68 -
TRINITY_DN1712_c0_g1_i1:7-825      -            273 3892at3041           -            212   1.4e-21   74.9   0.0   1   1     7e-23   1.7e-21   74.6   0.0     1   183    21   231    21   253 0.83 -
TRINITY_DN36203_c0_g1_i1:60-866    -            269 3892at3041           -            212   2.9e-21   73.8   0.0   1   1   2.3e-22   5.5e-21   72.9   0.0    12   182    53   248    35   253 0.78 -
TRINITY_DN7955_c0_g1_i1:24-308     -             95 3892at3041           -            212   7.6e-21   72.5   0.0   1   1   3.5e-22   8.6e-21   72.3   0.0    96   175     8    94     2    95 0.87 -
TRINITY_DN1715_c0_g1_i1:1217-2101  -            295 3892at3041           -            212   8.3e-21   72.3   0.1   1   2   1.4e-17   3.3e-16   57.3   0.0    13   151    39   190    21   193 0.81 -
TRINITY_DN1715_c0_g1_i1:1217-2101  -            295 3892at3041           -            212   8.3e-21   72.3   0.1   2   2   0.00048     0.012   13.0   0.0   146   170   202   226   198   237 0.89 -
TRINITY_DN98128_c0_g1_i1:18-470    -            151 3892at3041           -            212   1.7e-20   71.3   0.0   1   1   7.8e-22   1.9e-20   71.2   0.0    46   170    11   151     1   151 0.75 -
TRINITY_DN2007_c0_g2_i1:44-580     -            179 3892at3041           -            212   2.1e-20   71.0   0.1   1   1   7.6e-21   1.8e-19   67.9   0.1    45   172    16   175     1   178 0.73 -
TRINITY_DN3309_c0_g1_i2:71-409     -            113 3892at3041           -            212   3.2e-20   70.4   0.0   1   1   1.5e-21   3.6e-20   70.3   0.0    85   172    16   111     6   113 0.83 -
TRINITY_DN33066_c0_g2_i1:1-693     -            231 3892at3041           -            212   3.3e-20   70.4   0.0   1   1   1.6e-21     4e-20   70.1   0.0     1   175    25   230    25   231 0.75 -
TRINITY_DN10620_c0_g2_i3:82-756    -            225 3892at3041           -            212   3.4e-20   70.4   0.2   1   2   4.2e-13     1e-11   42.6   0.1    55   146    11   112     1   120 0.75 -
TRINITY_DN10620_c0_g2_i3:82-756    -            225 3892at3041           -            212   3.4e-20   70.4   0.2   2   2   5.4e-08   1.3e-06   25.9   0.0   141   175   128   162   121   192 0.78 -
TRINITY_DN1242_c0_g1_i1:7-549      -            181 3892at3041           -            212   1.5e-19   68.2   0.0   1   1   7.6e-21   1.8e-19   67.9   0.0     1   147     7   176     7   180 0.77 -
TRINITY_DN1242_c0_g1_i2:7-549      -            181 3892at3041           -            212   1.5e-19   68.2   0.0   1   1   7.6e-21   1.8e-19   67.9   0.0     1   147     7   176     7   180 0.77 -
TRINITY_DN532_c0_g1_i17:860-1810   -            317 3892at3041           -            212   3.7e-19   67.0   0.1   1   1   2.3e-20   5.5e-19   66.4   0.1    32   182    27   201    13   216 0.72 -
TRINITY_DN2775_c0_g1_i1:143-574    -            144 3892at3041           -            212   5.1e-19   66.5   0.0   1   1   2.3e-20   5.6e-19   66.4   0.0    97   193    15   119     1   130 0.82 -
TRINITY_DN5006_c0_g1_i1:1858-2715  -            286 3892at3041           -            212   2.6e-18   64.2   0.0   1   1   1.2e-17   2.9e-16   57.5   0.0     2   172    14   223    13   270 0.72 -
TRINITY_DN16218_c1_g1_i2:11-595    -            195 3892at3041           -            212   3.4e-18   63.8   0.0   1   1   5.8e-19   1.4e-17   61.8   0.0    33   170    30   194    25   195 0.70 -
TRINITY_DN1712_c0_g1_i6:7-846      -            239 3892at3041           -            212     4e-18   63.6   0.0   1   1   5.5e-19   1.3e-17   61.8   0.0     1   183     1   197     1   212 0.82 -
TRINITY_DN24669_c0_g1_i1:187-936   -            250 3892at3041           -            212   4.6e-18   63.4   0.0   1   1   2.6e-19   6.5e-18   62.9   0.0    35   184     4   176     2   195 0.77 -
TRINITY_DN16218_c0_g1_i2:10-711    -            234 3892at3041           -            212   1.3e-17   61.8   0.0   1   2   4.7e-09   1.1e-07   29.4   0.0    30   110    55   149    43   156 0.78 -
TRINITY_DN16218_c0_g1_i2:10-711    -            234 3892at3041           -            212   1.3e-17   61.8   0.0   2   2   3.5e-09   8.5e-08   29.8   0.0   111   170   168   233   158   234 0.79 -
TRINITY_DN21041_c0_g1_i1:2-496     -            165 3892at3041           -            212   1.5e-17   61.7   0.0   1   1   7.2e-19   1.7e-17   61.5   0.0    74   204     2   148     1   152 0.79 -
TRINITY_DN26613_c0_g1_i2:5-526     -            174 3892at3041           -            212   2.1e-17   61.2   0.0   1   1   1.2e-18   2.8e-17   60.8   0.0    34   155    34   174    17   174 0.79 -
TRINITY_DN16218_c0_g1_i13:1-543    -            181 3892at3041           -            212   2.1e-17   61.2   0.0   1   1   1.1e-18   2.7e-17   60.9   0.0    84   192    27   149    22   168 0.79 -
TRINITY_DN38860_c0_g1_i1:12-566    -            185 3892at3041           -            212   2.7e-17   60.8   0.0   1   2   2.3e-05   0.00055   17.4   0.0    92   129    26    65     7    77 0.78 -
TRINITY_DN38860_c0_g1_i1:12-566    -            185 3892at3041           -            212   2.7e-17   60.8   0.0   2   2   7.2e-13   1.8e-11   41.9   0.0   127   201   100   177    84   185 0.81 -
TRINITY_DN4417_c0_g2_i3:7-495      -            163 3892at3041           -            212   3.7e-17   60.4   0.0   1   1   1.7e-18   4.1e-17   60.3   0.0    80   191     9   127     4   148 0.82 -
TRINITY_DN62175_c0_g1_i1:47-517    -            157 3892at3041           -            212   4.2e-17   60.2   0.0   1   1     2e-18   4.8e-17   60.0   0.0    77   170     4   107     2   138 0.85 -
TRINITY_DN10963_c0_g2_i1:2-706     -            235 3892at3041           -            212   4.6e-17   60.1   0.0   1   2      0.99        24    2.2   0.0    34    79    40    87     1    96 0.72 -
TRINITY_DN10963_c0_g2_i1:2-706     -            235 3892at3041           -            212   4.6e-17   60.1   0.0   2   2   3.2e-17   7.8e-16   56.1   0.0    92   174   133   220   101   234 0.78 -
TRINITY_DN4053_c0_g1_i1:327-1001   -            225 3892at3041           -            212   6.2e-17   59.7   0.0   1   1   3.1e-18   7.6e-17   59.4   0.0    81   208     3   150     1   154 0.76 -
TRINITY_DN996_c0_g1_i1:28-504      -            159 3892at3041           -            212     7e-17   59.5   0.0   1   1   3.7e-18     9e-17   59.2   0.0    92   184     7   106     2   114 0.84 -
TRINITY_DN76290_c0_g1_i1:3-461     -            153 3892at3041           -            212   7.9e-17   59.3   0.0   1   1   3.8e-18   9.4e-17   59.1   0.0    34   157    10   153     2   153 0.76 -
TRINITY_DN28327_c0_g1_i1:19-474    -            152 3892at3041           -            212   1.4e-16   58.5   0.1   1   1   6.6e-18   1.6e-16   58.3   0.1    35   164     2   152     1   152 0.81 -
TRINITY_DN898_c2_g2_i1:1176-1976   -            267 3892at3041           -            212   2.9e-16   57.5   0.0   1   1   2.6e-17   6.3e-16   56.4   0.0     1   172     1   204     1   228 0.76 -
TRINITY_DN79732_c0_g1_i1:2-505     -            168 3892at3041           -            212   1.3e-15   55.4   0.0   1   1   6.5e-17   1.6e-15   55.1   0.0    96   174     5    93     2   141 0.75 -
TRINITY_DN1786_c2_g1_i2:41-574     -            178 3892at3041           -            212   1.5e-15   55.1   0.0   1   1   7.4e-17   1.8e-15   54.9   0.0    85   181    29   139    19   165 0.82 -
TRINITY_DN4417_c0_g2_i1:60-512     -            151 3892at3041           -            212   3.8e-15   53.8   0.0   1   1   1.7e-16   4.1e-15   53.7   0.0    94   191    11   115     2   136 0.80 -
TRINITY_DN30173_c0_g1_i1:15-539    -            175 3892at3041           -            212     4e-15   53.8   0.0   1   1   2.1e-16   5.1e-15   53.4   0.0    84   180    51   151    34   166 0.81 -
TRINITY_DN4053_c0_g1_i2:312-1001   -            230 3892at3041           -            212   4.1e-15   53.7   0.0   1   1   2.1e-16   5.2e-15   53.4   0.0    81   208     3   150     1   154 0.72 -
TRINITY_DN64830_c0_g1_i1:2-430     -            143 3892at3041           -            212   8.5e-15   52.7   0.1   1   1   4.1e-16     1e-14   52.5   0.1    39   162     3   143     1   143 0.81 -
TRINITY_DN736_c0_g2_i1:101-646     -            182 3892at3041           -            212   1.1e-14   52.3   0.0   1   1   1.7e-15   4.1e-14   50.5   0.0    10   170     9   182     2   182 0.73 -
TRINITY_DN1095_c0_g1_i2:317-1174   -            286 3892at3041           -            212   1.2e-14   52.3   0.0   1   1   6.1e-16   1.5e-14   51.9   0.0     1   183     9   210     9   217 0.80 -
TRINITY_DN16218_c0_g1_i25:9-461    -            151 3892at3041           -            212     2e-14   51.5   0.0   1   1   9.6e-16   2.3e-14   51.3   0.0     1   122     8   151     8   151 0.72 -
TRINITY_DN55007_c0_g1_i1:60-473    -            138 3892at3041           -            212   3.3e-14   50.8   0.0   1   1   1.7e-15   4.2e-14   50.4   0.0     1   111     7   134     7   136 0.82 -
TRINITY_DN84749_c0_g1_i1:174-668   -            165 3892at3041           -            212   6.4e-14   49.8   0.0   1   1   3.4e-15   8.4e-14   49.4   0.0   131   196    11    80     4    93 0.85 -
TRINITY_DN4817_c0_g1_i1:73-423     -            117 3892at3041           -            212   1.3e-13   48.8   0.0   1   1   6.5e-15   1.6e-13   48.5   0.0    43   145     2   116     1   117 0.78 -
TRINITY_DN1095_c0_g2_i1:298-912    -            205 3892at3041           -            212   1.8e-13   48.4   0.0   1   1   8.3e-15     2e-13   48.2   0.0    22   170    34   198     9   204 0.80 -
TRINITY_DN53694_c0_g1_i1:86-838    -            251 3892at3041           -            212   2.1e-13   48.2   0.2   1   1   2.9e-14   7.1e-13   46.4   0.2    35   183    59   226    33   239 0.68 -
TRINITY_DN1786_c0_g2_i1:23-976     -            318 3892at3041           -            212     5e-13   46.9   0.1   1   2      0.38       9.2    3.6   0.0     1    49    26    82    26    89 0.74 -
TRINITY_DN1786_c0_g2_i1:23-976     -            318 3892at3041           -            212     5e-13   46.9   0.1   2   2   1.8e-12   4.4e-11   40.6   0.0    52   166   120   261   114   269 0.69 -
TRINITY_DN16850_c0_g1_i1:11-514    -            168 3892at3041           -            212   6.6e-13   46.5   0.0   1   1   3.9e-14   9.4e-13   46.0   0.0    34   164    12   167     5   168 0.73 -
TRINITY_DN56216_c0_g1_i1:5-280     -             92 3892at3041           -            212   6.9e-13   46.5   0.0   1   1   3.4e-14   8.2e-13   46.2   0.0   112   179     7    80     2    89 0.81 -
TRINITY_DN1715_c0_g1_i4:1217-1726  -            170 3892at3041           -            212   7.5e-13   46.3   0.0   1   2   2.7e-09   6.7e-08   30.2   0.0    96   151     9    65     2    68 0.84 -
TRINITY_DN1715_c0_g1_i4:1217-1726  -            170 3892at3041           -            212   7.5e-13   46.3   0.0   2   2    0.0002     0.005   14.2   0.0   146   171    77   102    73   116 0.89 -
TRINITY_DN5134_c0_g1_i2:37-564     -            176 3892at3041           -            212     9e-13   46.1   0.0   1   1   2.1e-12   5.1e-11   40.3   0.0    92   171    11   108     4   113 0.76 -
TRINITY_DN23956_c0_g1_i17:576-1484 -            303 3892at3041           -            212     1e-12   45.9   0.0   1   1   8.1e-14     2e-12   45.0   0.0   124   187    14    79     2   105 0.78 -
TRINITY_DN29541_c0_g2_i1:2-361     -            120 3892at3041           -            212     1e-12   45.9   0.0   1   1   4.5e-14   1.1e-12   45.8   0.0    99   180     1    93     1   117 0.77 -
TRINITY_DN1838_c0_g1_i2:1-681      -            227 3892at3041           -            212     1e-12   45.9   0.3   1   1   6.6e-14   1.6e-12   45.3   0.3    13   127    93   220    88   224 0.80 -
TRINITY_DN11331_c0_g1_i1:80-607    -            176 3892at3041           -            212   1.4e-12   45.5   0.0   1   1   6.9e-14   1.7e-12   45.2   0.0    81   189    17   134     5   156 0.75 -
TRINITY_DN12332_c0_g1_i2:12-416    -            135 3892at3041           -            212   2.1e-12   44.9   0.1   1   1   9.9e-14   2.4e-12   44.7   0.1     2   109    10   135     9   135 0.70 -
TRINITY_DN16218_c0_g1_i11:2-592    -            197 3892at3041           -            212   2.2e-12   44.8   0.1   1   2   0.00014    0.0034   14.8   0.0    68   110    10    60     1    67 0.68 -
TRINITY_DN16218_c0_g1_i11:2-592    -            197 3892at3041           -            212   2.2e-12   44.8   0.1   2   2   9.6e-09   2.3e-07   28.4   0.0   111   172    79   146    69   173 0.80 -
TRINITY_DN12303_c0_g1_i1:2-451     -            150 3892at3041           -            212   2.9e-12   44.4   0.0   1   1   1.3e-13   3.3e-12   44.2   0.0     2   126     1   144     1   150 0.73 -
TRINITY_DN6856_c0_g1_i2:469-1275   -            269 3892at3041           -            212   4.1e-12   43.9   0.0   1   1   2.3e-13   5.7e-12   43.5   0.0    43   177    66   215    24   228 0.70 -
TRINITY_DN119797_c0_g1_i1:136-522  -            129 3892at3041           -            212   4.7e-12   43.7   0.0   1   1   2.3e-13   5.6e-12   43.5   0.0    86   173     8   109     3   128 0.74 -
TRINITY_DN1739_c0_g2_i1:1-489      -            163 3892at3041           -            212   8.1e-12   43.0   0.0   1   1   4.7e-13   1.1e-11   42.5   0.0   106   183     2    85     1    90 0.82 -
TRINITY_DN89957_c0_g1_i1:1-255     -             85 3892at3041           -            212   1.1e-11   42.5   0.0   1   1   5.6e-13   1.4e-11   42.2   0.0    92   159     5    83     2    85 0.74 -
TRINITY_DN14416_c0_g1_i1:1-354     -            118 3892at3041           -            212   1.2e-11   42.4   0.0   1   1   5.1e-13   1.3e-11   42.3   0.0    71   161    16   117     1   118 0.76 -
TRINITY_DN6129_c0_g1_i1:70-585     -            172 3892at3041           -            212   1.3e-11   42.3   0.1   1   1   8.1e-13     2e-11   41.7   0.1    13   145    26   172    22   172 0.79 -
TRINITY_DN5568_c0_g2_i2:20-856     -            279 3892at3041           -            212   1.9e-11   41.7   0.0   1   2     0.028      0.68    7.3   0.0     1    49     1    53     1    59 0.85 -
TRINITY_DN5568_c0_g2_i2:20-856     -            279 3892at3041           -            212   1.9e-11   41.7   0.0   2   2   1.3e-09   3.2e-08   31.2   0.0    52   167    95   236    86   242 0.71 -
TRINITY_DN114004_c0_g1_i1:3-362    -            120 3892at3041           -            212   2.5e-11   41.4   0.6   1   1   1.2e-12   2.9e-11   41.2   0.6    14   108    16   120     5   120 0.80 -
TRINITY_DN28429_c0_g1_i1:9-473     -            155 3892at3041           -            212   2.7e-11   41.3   0.1   1   1   1.2e-12   2.9e-11   41.1   0.1    11   103    53   155    36   155 0.82 -
TRINITY_DN5568_c0_g2_i1:20-874     -            285 3892at3041           -            212   2.7e-11   41.2   0.0   1   2     0.038      0.91    6.8   0.0     1    49     7    59     7    65 0.84 -
TRINITY_DN5568_c0_g2_i1:20-874     -            285 3892at3041           -            212   2.7e-11   41.2   0.0   2   2   1.4e-09   3.4e-08   31.1   0.0    52   167   101   242    92   248 0.71 -
TRINITY_DN2281_c0_g1_i1:1-462      -            154 3892at3041           -            212   5.3e-11   40.3   0.0   1   1   3.1e-12   7.5e-11   39.8   0.0    29   122    50   154    42   154 0.83 -
TRINITY_DN6358_c0_g1_i1:10-435     -            142 3892at3041           -            212   7.2e-11   39.9   0.0   1   1   3.5e-12   8.6e-11   39.6   0.0    32   146     4   131     1   136 0.78 -
TRINITY_DN18325_c0_g1_i1:8-292     -             95 3892at3041           -            212   1.4e-10   38.9   0.0   1   1   6.5e-12   1.6e-10   38.7   0.0   103   184     1    92     1    94 0.81 -
TRINITY_DN47276_c0_g1_i1:2-340     -            113 3892at3041           -            212   1.5e-10   38.9   0.2   1   1   6.6e-12   1.6e-10   38.7   0.2    42   141     2   113     1   113 0.75 -
TRINITY_DN43457_c0_g1_i1:5-313     -            103 3892at3041           -            212   1.5e-10   38.8   0.0   1   1   8.7e-12   2.1e-10   38.3   0.0    55   143     5   103     3   103 0.77 -
TRINITY_DN81586_c0_g1_i1:14-424    -            137 3892at3041           -            212   1.7e-10   38.7   0.0   1   2   0.00013    0.0031   14.9   0.0   113   146     2    34     1    43 0.87 -
TRINITY_DN81586_c0_g1_i1:14-424    -            137 3892at3041           -            212   1.7e-10   38.7   0.0   2   2   8.2e-07     2e-05   22.1   0.0   145   175    50    80    44   100 0.92 -
TRINITY_DN4205_c0_g1_i2:151-420    -             90 3892at3041           -            212   1.9e-10   38.5   0.0   1   1   8.8e-12   2.1e-10   38.3   0.0    93   166     5    90     1    90 0.80 -
TRINITY_DN4205_c0_g1_i3:213-482    -             90 3892at3041           -            212   1.9e-10   38.5   0.0   1   1   8.8e-12   2.1e-10   38.3   0.0    93   166     5    90     1    90 0.80 -
TRINITY_DN8433_c0_g1_i1:13-441     -            143 3892at3041           -            212   2.1e-10   38.4   0.0   1   1     1e-11   2.5e-10   38.1   0.0    97   173     2    97     1   122 0.78 -
TRINITY_DN3662_c1_g1_i2:2-439      -            146 3892at3041           -            212   7.7e-10   36.5   0.0   1   1   7.7e-11   1.9e-09   35.2   0.0    92   174     5   102     2   118 0.81 -
TRINITY_DN8247_c0_g1_i1:108-593    -            162 3892at3041           -            212   1.4e-09   35.7   0.0   1   1     1e-10   2.5e-09   34.8   0.0    93   189    12   124     1   143 0.75 -
TRINITY_DN65771_c0_g1_i1:5-241     -             79 3892at3041           -            212   2.5e-09   34.9   0.0   1   1   1.2e-10   2.9e-09   34.6   0.0   101   166     1    79     1    79 0.77 -
TRINITY_DN1317_c0_g2_i1:5-439      -            145 3892at3041           -            212     3e-09   34.6   0.0   1   1   1.4e-10   3.5e-09   34.3   0.0    84   170    44   144     1   145 0.75 -
TRINITY_DN5902_c0_g1_i2:2-421      -            140 3892at3041           -            212   5.1e-09   33.8   0.2   1   1   2.5e-10     6e-09   33.6   0.2     2   106    14   139    13   140 0.79 -
TRINITY_DN1314_c0_g1_i2:168-680    -            171 3892at3041           -            212   6.7e-09   33.4   0.0   1   1   3.5e-10   8.5e-09   33.1   0.0   113   190    48   131     6   155 0.78 -
TRINITY_DN97667_c0_g1_i1:0-302     -            101 3892at3041           -            212   7.1e-09   33.3   0.0   1   1   3.1e-10   7.6e-09   33.2   0.0    36   117     8   100     2   101 0.75 -
TRINITY_DN1786_c1_g1_i2:56-643     -            196 3892at3041           -            212   7.3e-09   33.3   0.0   1   1   1.1e-09   2.7e-08   31.5   0.0    86   180    39   155     1   163 0.69 -
TRINITY_DN18070_c0_g1_i1:2-313     -            104 3892at3041           -            212   1.2e-08   32.6   0.0   1   1   5.4e-10   1.3e-08   32.5   0.0   101   186     1    94     1   101 0.82 -
TRINITY_DN99058_c0_g1_i1:76-480    -            135 3892at3041           -            212   1.9e-08   31.9   0.0   1   1     1e-09   2.5e-08   31.5   0.0    82   167    34   135     1   135 0.67 -
TRINITY_DN8592_c0_g1_i1:0-539      -            180 3892at3041           -            212   2.9e-08   31.4   0.0   1   1   1.7e-09   4.1e-08   30.9   0.0   122   172   120   173   116   179 0.85 -
TRINITY_DN114001_c0_g1_i1:3-290    -             96 3892at3041           -            212   3.8e-08   30.9   0.0   1   1   1.8e-09   4.3e-08   30.8   0.0    35   112     3    91     1    96 0.77 -
TRINITY_DN49611_c0_g1_i1:23-325    -            101 3892at3041           -            212   4.5e-08   30.7   0.0   1   1   2.1e-09     5e-08   30.6   0.0    35   120     1   100     1   101 0.82 -
TRINITY_DN26008_c0_g1_i4:381-794   -            138 3892at3041           -            212   5.6e-08   30.4   0.0   1   1   2.7e-09   6.6e-08   30.2   0.0     1   109     7   135     7   138 0.75 -
TRINITY_DN1317_c0_g1_i1:337-867    -            177 3892at3041           -            212   8.4e-08   29.8   0.0   1   1   4.4e-09   1.1e-07   29.5   0.0    86   172    13   113     6   139 0.73 -
TRINITY_DN958_c0_g1_i2:62-793      -            244 3892at3041           -            212   8.6e-08   29.8   0.0   1   2    0.0054      0.13    9.6   0.0     1    33    14    54    14    72 0.72 -
TRINITY_DN958_c0_g1_i2:62-793      -            244 3892at3041           -            212   8.6e-08   29.8   0.0   2   2   1.3e-05   0.00033   18.1   0.0    78   143   166   244   116   244 0.66 -
TRINITY_DN958_c0_g1_i4:62-793      -            244 3892at3041           -            212   8.6e-08   29.8   0.0   1   2    0.0054      0.13    9.6   0.0     1    33    14    54    14    72 0.72 -
TRINITY_DN958_c0_g1_i4:62-793      -            244 3892at3041           -            212   8.6e-08   29.8   0.0   2   2   1.3e-05   0.00033   18.1   0.0    78   143   166   244   116   244 0.66 -
TRINITY_DN79958_c0_g1_i1:344-787   -            148 3892at3041           -            212   8.9e-08   29.8   0.1   1   1   4.4e-09   1.1e-07   29.5   0.1    31   114    45   139    24   148 0.71 -
TRINITY_DN8898_c0_g1_i1:2-328      -            109 3892at3041           -            212     1e-07   29.6   0.0   1   1   4.4e-09   1.1e-07   29.5   0.0    50   128     3    96     1   108 0.76 -
TRINITY_DN79932_c0_g1_i1:423-797   -            125 3892at3041           -            212   1.1e-07   29.5   0.0   1   1   9.4e-09   2.3e-07   28.4   0.0    14   104    18   124     1   125 0.69 -
TRINITY_DN16218_c0_g1_i10:316-540  -             75 3892at3041           -            212   2.3e-07   28.4   0.0   1   1   9.4e-09   2.3e-07   28.4   0.0   148   192    14    58     1    75 0.81 -
TRINITY_DN7545_c0_g1_i1:265-711    -            149 3892at3041           -            212   2.5e-07   28.3   0.0   1   1   1.2e-08     3e-07   28.0   0.0     1   120    10   148    10   149 0.79 -
TRINITY_DN4053_c0_g2_i1:1-429      -            143 3892at3041           -            212   4.4e-07   27.5   0.1   1   1   2.8e-08   6.8e-07   26.9   0.1   135   171     5    47     2    81 0.88 -
TRINITY_DN95155_c0_g1_i1:8-346     -            113 3892at3041           -            212   4.4e-07   27.5   0.1   1   1   3.1e-08   7.6e-07   26.7   0.1    56   124    22   111    16   113 0.73 -
TRINITY_DN19839_c0_g1_i1:2-370     -            123 3892at3041           -            212   5.2e-07   27.2   0.0   1   1   2.5e-08   6.1e-07   27.0   0.0     1    94     9   114     9   120 0.70 -
TRINITY_DN32233_c0_g1_i2:351-869   -            173 3892at3041           -            212   5.9e-07   27.1   0.0   1   1   3.3e-08   8.2e-07   26.6   0.0   113   182     3    77     1    82 0.81 -
TRINITY_DN8549_c0_g1_i1:34-543     -            170 3892at3041           -            212   6.6e-07   26.9   0.0   1   1   3.3e-08   8.1e-07   26.6   0.0     1   123    22   167    22   170 0.73 -
TRINITY_DN95797_c0_g1_i1:5-370     -            122 3892at3041           -            212   7.4e-07   26.7   0.0   1   1   6.5e-07   1.6e-05   22.4   0.0    77   125    59   121     1   122 0.63 -
TRINITY_DN7285_c0_g1_i1:72-476     -            135 3892at3041           -            212   7.7e-07   26.7   0.0   1   1   3.9e-08   9.4e-07   26.4   0.0   113   183     2    78     1    90 0.80 -
TRINITY_DN26008_c0_g1_i1:345-722   -            126 3892at3041           -            212     1e-06   26.3   0.1   1   1   4.6e-08   1.1e-06   26.2   0.1    13   108    17   125     1   126 0.77 -
TRINITY_DN99850_c0_g1_i1:5-343     -            113 3892at3041           -            212   1.6e-06   25.6   0.0   1   1   7.6e-08   1.8e-06   25.5   0.0    44   145     1   113     1   113 0.69 -
TRINITY_DN7955_c0_g3_i1:261-479    -             73 3892at3041           -            212     2e-06   25.4   0.0   1   1     8e-08     2e-06   25.4   0.0   148   188    14    54     1    70 0.79 -
TRINITY_DN33066_c0_g1_i1:425-862   -            146 3892at3041           -            212   2.1e-06   25.3   0.0   1   1   1.1e-07   2.6e-06   24.9   0.0   139   183     9    58     4    85 0.78 -
TRINITY_DN4031_c0_g1_i2:220-597    -            126 3892at3041           -            212   2.3e-06   25.2   0.0   1   1   1.2e-07   2.8e-06   24.8   0.0     1    77    16   102    16   125 0.76 -
TRINITY_DN7479_c0_g1_i2:4-240      -             79 3892at3041           -            212   2.4e-06   25.1   0.0   1   1   1.2e-07     3e-06   24.8   0.0    57   122     5    79     2    79 0.60 -
TRINITY_DN35034_c0_g1_i1:35-310    -             92 3892at3041           -            212   4.1e-06   24.3   0.0   1   1   2.1e-07   5.1e-06   24.0   0.0    92   166     5    92     2    92 0.78 -
TRINITY_DN112887_c0_g1_i1:100-288  -             63 3892at3041           -            212   9.5e-06   23.1   0.0   1   1     4e-07   9.7e-06   23.1   0.0   151   207     3    61     1    63 0.85 -
TRINITY_DN8867_c0_g2_i1:741-1625   -            295 3892at3041           -            212   0.00011   19.7   0.0   1   1   8.4e-06    0.0002   18.8   0.0    90   191   102   222    76   241 0.71 -
TRINITY_DN32233_c0_g1_i1:429-797   -            123 3892at3041           -            212   0.00011   19.7   0.0   1   1   5.8e-06   0.00014   19.3   0.0   139   182     6    53     2    59 0.84 -
TRINITY_DN7955_c0_g4_i1:261-482    -             74 3892at3041           -            212   0.00023   18.6   0.0   1   1   9.5e-06   0.00023   18.6   0.0   150   193    16    59     1    73 0.83 -
TRINITY_DN65294_c0_g1_i2:236-1234  -            333 3892at3041           -            212    0.0014   16.1   0.0   1   1   0.00012    0.0029   15.0   0.0    93   180   122   225    93   245 0.69 -
TRINITY_DN16218_c2_g2_i1:163-384   -             74 3892at3041           -            212    0.0015   15.9   0.0   1   1   6.3e-05    0.0015   15.9   0.0   142   181     8    47     1    67 0.80 -
TRINITY_DN55322_c0_g1_i1:27-389    -            121 3892at3041           -            212    0.0017   15.7   0.0   1   1   0.00014    0.0034   14.8   0.0   141   184    11    58     6    62 0.82 -
TRINITY_DN47668_c0_g1_i1:95-322    -             76 3892at3041           -            212     0.002   15.6   0.0   1   1   8.1e-05     0.002   15.6   0.0   140   179     6    45     1    67 0.83 -
TRINITY_DN17988_c0_g2_i1:71-298    -             76 3892at3041           -            212    0.0023   15.3   0.0   1   1   9.4e-05    0.0023   15.3   0.0   144   174    10    40     1    67 0.80 -
TRINITY_DN94351_c0_g1_i1:1-408     -            136 3892at3041           -            212     0.003   14.9   0.0   1   1   0.00019    0.0045   14.4   0.0     1   107     5   135     5   136 0.74 -
TRINITY_DN2287_c0_g1_i3:26-628     -            201 3892at3041           -            212    0.0037   14.7   0.0   1   1    0.0005     0.012   13.0   0.0     1   113    61   198    61   200 0.61 -
TRINITY_DN8867_c0_g2_i2:116-703    -            196 3892at3041           -            212    0.0056   14.1   0.0   1   1   0.00026    0.0064   13.9   0.0    90   125   102   142    66   192 0.84 -
TRINITY_DN114522_c0_g1_i1:10-228   -             73 3892at3041           -            212      0.01   13.2   0.0   1   1   0.00042      0.01   13.2   0.0   140   179     1    45     1    65 0.77 -
TRINITY_DN2573_c0_g1_i1:87-308     -             74 3892at3041           -            212     0.012   13.0   0.0   1   1   0.00048     0.012   13.0   0.0   143   173    10    40     1    62 0.82 -
#
# Program:         hmmsearch
# Version:         3.2.1 (June 2018)
# Pipeline mode:   SEARCH
# Query file:      /sw/bioinfo/BUSCO/v5_lineage_sets/lineages/chlorophyta_odb10/hmms/3892at3041.hmm
# Target file:     /crex/proj/snic2022-23-81/expression_algae/code/busco/trinity_VA-3180-Osg10Mul/run_chlorophyta_odb10/metaeuk_output/initial_results/trinity_VA-3180-Osg10Mul.Trinity.fasta.modified.fas
# Option settings: hmmsearch --domtblout /crex/proj/snic2022-23-81/expression_algae/code/busco/trinity_VA-3180-Osg10Mul/run_chlorophyta_odb10/hmmer_output/initial_run_results/3892at3041.out --cpu 1 /sw/bioinfo/BUSCO/v5_lineage_sets/lineages/chlorophyta_odb10/hmms/3892at3041.hmm /crex/proj/snic2022-23-81/expression_algae/code/busco/trinity_VA-3180-Osg10Mul/run_chlorophyta_odb10/metaeuk_output/initial_results/trinity_VA-3180-Osg10Mul.Trinity.fasta.modified.fas 
# Current dir:     /crex/proj/snic2022-23-81/expression_algae/code/busco
# Date:            Fri Sep 23 10:11:50 2022
# [ok]
