#                                                                                         --- full sequence --- -------------- this domain -------------   hmm coord   ali coord   env coord
# target name                     accession   tlen query name           accession   qlen   E-value  score  bias   #  of  c-Evalue  i-Evalue  score  bias  from    to  from    to  from    to  acc description of target
#             ------------------- ---------- ----- -------------------- ---------- ----- --------- ------ ----- --- --- --------- --------- ------ ----- ----- ----- ----- ----- ----- ----- ---- ---------------------
TRINITY_DN71001_c0_g1_i1:0-887    -            296 4294at3041           -            248   2.3e-53  179.1   0.5   1   1   1.2e-55   3.1e-53  178.7   0.5     4   179    96   293    93   296 0.86 -
TRINITY_DN1022_c0_g2_i1:1079-2029 -            317 4294at3041           -            248   4.1e-36  122.6   0.1   1   2   3.6e-38     9e-36  121.5   0.1    18   219    38   259    25   284 0.84 -
TRINITY_DN1022_c0_g2_i1:1079-2029 -            317 4294at3041           -            248   4.1e-36  122.6   0.1   2   2       1.3   3.2e+02   -1.5   0.0   210   248   278   316   264   316 0.77 -
TRINITY_DN1022_c0_g2_i5:1076-2026 -            317 4294at3041           -            248   4.1e-36  122.6   0.1   1   2   3.6e-38     9e-36  121.5   0.1    18   219    38   259    25   284 0.84 -
TRINITY_DN1022_c0_g2_i5:1076-2026 -            317 4294at3041           -            248   4.1e-36  122.6   0.1   2   2       1.3   3.2e+02   -1.5   0.0   210   248   278   316   264   316 0.77 -
TRINITY_DN1022_c0_g2_i3:1079-2029 -            317 4294at3041           -            248   4.3e-36  122.6   0.1   1   2   3.8e-38   9.5e-36  121.4   0.1    18   219    38   259    25   283 0.84 -
TRINITY_DN1022_c0_g2_i3:1079-2029 -            317 4294at3041           -            248   4.3e-36  122.6   0.1   2   2       1.3   3.2e+02   -1.5   0.0   210   248   278   316   264   316 0.77 -
TRINITY_DN1022_c0_g2_i6:1080-2030 -            317 4294at3041           -            248   4.3e-36  122.6   0.1   1   2   3.8e-38   9.5e-36  121.4   0.1    18   219    38   259    25   283 0.84 -
TRINITY_DN1022_c0_g2_i6:1080-2030 -            317 4294at3041           -            248   4.3e-36  122.6   0.1   2   2       1.3   3.2e+02   -1.5   0.0   210   248   278   316   264   316 0.77 -
TRINITY_DN8460_c0_g1_i4:79-813    -            245 4294at3041           -            248   2.9e-33  113.3   0.0   1   1   1.5e-35   3.7e-33  113.0   0.0    17   201    41   244    29   245 0.84 -
TRINITY_DN8460_c0_g1_i2:29-553    -            175 4294at3041           -            248   4.1e-29   99.7   0.0   1   1   1.9e-31   4.8e-29   99.5   0.0    46   200     2   174     1   175 0.85 -
TRINITY_DN1869_c0_g2_i1:17-538    -            174 4294at3041           -            248   1.6e-23   81.4   0.6   1   1   7.2e-26   1.8e-23   81.2   0.6     3   150    20   173    18   174 0.88 -
TRINITY_DN1869_c0_g2_i2:17-538    -            174 4294at3041           -            248   1.6e-23   81.4   0.6   1   1   7.2e-26   1.8e-23   81.2   0.6     3   150    20   173    18   174 0.88 -
TRINITY_DN2486_c0_g1_i2:698-1306  -            203 4294at3041           -            248   1.4e-13   48.8   0.5   1   1   2.1e-15   5.1e-13   47.0   0.5    50   203     1   181     1   194 0.70 -
TRINITY_DN1869_c0_g1_i1:161-349   -             63 4294at3041           -            248   3.1e-11   41.2   0.0   1   1   1.4e-13   3.6e-11   40.9   0.0   156   204     8    57     5    62 0.90 -
TRINITY_DN64152_c0_g1_i1:113-286  -             58 4294at3041           -            248   4.9e-11   40.5   0.1   1   1   2.1e-13   5.2e-11   40.4   0.1   157   204     1    49     1    55 0.90 -
TRINITY_DN111316_c0_g1_i1:46-285  -             80 4294at3041           -            248   1.5e-08   32.3   0.1   1   1   7.3e-11   1.8e-08   32.1   0.1   156   215     9    69     4    73 0.90 -
TRINITY_DN9805_c0_g1_i1:162-998   -            279 4294at3041           -            248   0.00092   16.7   0.0   1   1   6.3e-05     0.016   12.6   0.0    56   204    26   208    11   232 0.58 -
TRINITY_DN9805_c0_g1_i2:162-1079  -            306 4294at3041           -            248    0.0012   16.3   0.0   1   1   7.1e-05     0.018   12.5   0.0    55   204    52   235    29   258 0.58 -
#
# Program:         hmmsearch
# Version:         3.2.1 (June 2018)
# Pipeline mode:   SEARCH
# Query file:      /sw/bioinfo/BUSCO/v5_lineage_sets/lineages/chlorophyta_odb10/hmms/4294at3041.hmm
# Target file:     /crex/proj/snic2022-23-81/expression_algae/code/busco/trinity_VA-3180-Osg10Mul/run_chlorophyta_odb10/metaeuk_output/initial_results/trinity_VA-3180-Osg10Mul.Trinity.fasta.modified.fas
# Option settings: hmmsearch --domtblout /crex/proj/snic2022-23-81/expression_algae/code/busco/trinity_VA-3180-Osg10Mul/run_chlorophyta_odb10/hmmer_output/initial_run_results/4294at3041.out --cpu 1 /sw/bioinfo/BUSCO/v5_lineage_sets/lineages/chlorophyta_odb10/hmms/4294at3041.hmm /crex/proj/snic2022-23-81/expression_algae/code/busco/trinity_VA-3180-Osg10Mul/run_chlorophyta_odb10/metaeuk_output/initial_results/trinity_VA-3180-Osg10Mul.Trinity.fasta.modified.fas 
# Current dir:     /crex/proj/snic2022-23-81/expression_algae/code/busco
# Date:            Fri Sep 23 10:11:51 2022
# [ok]
