#                                                                                         --- full sequence --- -------------- this domain -------------   hmm coord   ali coord   env coord
# target name                     accession   tlen query name           accession   qlen   E-value  score  bias   #  of  c-Evalue  i-Evalue  score  bias  from    to  from    to  from    to  acc description of target
#             ------------------- ---------- ----- -------------------- ---------- ----- --------- ------ ----- --- --- --------- --------- ------ ----- ----- ----- ----- ----- ----- ----- ---- ---------------------
TRINITY_DN4388_c0_g1_i1:4-657     -            218 5240at3041           -            236     4e-74  247.0   8.4   1   1   2.7e-75   1.7e-72  241.7   8.4     2   177     7   218     6   218 0.92 -
TRINITY_DN4388_c0_g1_i2:4-618     -            205 5240at3041           -            236   4.2e-70  233.8   8.1   1   1     3e-71   1.8e-68  228.4   8.1     9   177     1   205     1   205 0.92 -
TRINITY_DN1640_c0_g1_i4:1015-1797 -            261 5240at3041           -            236   5.6e-42  141.8   4.5   1   1   1.2e-43   7.3e-41  138.1   4.5     2   163     9   205     8   226 0.79 -
TRINITY_DN1640_c0_g1_i6:758-1540  -            261 5240at3041           -            236   5.6e-42  141.8   4.5   1   1   1.2e-43   7.3e-41  138.1   4.5     2   163     9   205     8   226 0.79 -
TRINITY_DN4719_c0_g1_i1:15-779    -            255 5240at3041           -            236   1.1e-14   52.4   0.1   1   2   1.3e-13   7.8e-11   39.8   0.1   120   180     1    63     1    74 0.92 -
TRINITY_DN4719_c0_g1_i1:15-779    -            255 5240at3041           -            236   1.1e-14   52.4   0.1   2   2   8.6e-05     0.053   10.9   0.0   179   223   184   232   174   254 0.76 -
TRINITY_DN10547_c0_g1_i1:490-837  -            116 5240at3041           -            236    0.0097   13.3   0.1   1   1   2.1e-05     0.013   12.9   0.1     2    32    14    44    13    50 0.87 -
#
# Program:         hmmsearch
# Version:         3.2.1 (June 2018)
# Pipeline mode:   SEARCH
# Query file:      /sw/bioinfo/BUSCO/v5_lineage_sets/lineages/chlorophyta_odb10/hmms/5240at3041.hmm
# Target file:     /crex/proj/snic2022-23-81/expression_algae/code/busco/trinity_VA-3180-Osg10Mul/run_chlorophyta_odb10/metaeuk_output/initial_results/trinity_VA-3180-Osg10Mul.Trinity.fasta.modified.fas
# Option settings: hmmsearch --domtblout /crex/proj/snic2022-23-81/expression_algae/code/busco/trinity_VA-3180-Osg10Mul/run_chlorophyta_odb10/hmmer_output/initial_run_results/5240at3041.out --cpu 1 /sw/bioinfo/BUSCO/v5_lineage_sets/lineages/chlorophyta_odb10/hmms/5240at3041.hmm /crex/proj/snic2022-23-81/expression_algae/code/busco/trinity_VA-3180-Osg10Mul/run_chlorophyta_odb10/metaeuk_output/initial_results/trinity_VA-3180-Osg10Mul.Trinity.fasta.modified.fas 
# Current dir:     /crex/proj/snic2022-23-81/expression_algae/code/busco
# Date:            Fri Sep 23 10:11:53 2022
# [ok]
