#                                                                                         --- full sequence --- -------------- this domain -------------   hmm coord   ali coord   env coord
# target name                     accession   tlen query name           accession   qlen   E-value  score  bias   #  of  c-Evalue  i-Evalue  score  bias  from    to  from    to  from    to  acc description of target
#             ------------------- ---------- ----- -------------------- ---------- ----- --------- ------ ----- --- --- --------- --------- ------ ----- ----- ----- ----- ----- ----- ----- ---- ---------------------
TRINITY_DN12030_c0_g1_i1:129-680  -            184 6268at3041           -            234   6.7e-41  138.2   2.8   1   1   1.5e-43   7.8e-41  138.0   2.8    10   175     2   184     1   184 0.81 -
TRINITY_DN4462_c0_g1_i1:26-580    -            185 6268at3041           -            234   6.2e-38  128.5   2.3   1   1   1.5e-40     8e-38  128.1   2.3    26   175    21   185     4   185 0.81 -
TRINITY_DN30_c0_g1_i1:4216-4968   -            251 6268at3041           -            234   2.7e-09   34.8   3.5   1   2     5e-12   2.7e-09   34.8   3.5    30   149    25   156    14   180 0.71 -
TRINITY_DN30_c0_g1_i1:4216-4968   -            251 6268at3041           -            234   2.7e-09   34.8   3.5   2   2      0.49   2.6e+02   -1.2   0.2   115   140   196   221   187   231 0.80 -
TRINITY_DN30_c0_g1_i2:4216-4968   -            251 6268at3041           -            234   2.7e-09   34.8   3.5   1   2     5e-12   2.7e-09   34.8   3.5    30   149    25   156    14   180 0.71 -
TRINITY_DN30_c0_g1_i2:4216-4968   -            251 6268at3041           -            234   2.7e-09   34.8   3.5   2   2      0.49   2.6e+02   -1.2   0.2   115   140   196   221   187   231 0.80 -
TRINITY_DN29555_c0_g1_i1:31-891   -            287 6268at3041           -            234   9.1e-09   33.1   3.7   1   2   1.7e-11   9.1e-09   33.1   3.7    29    91    42   107    32   173 0.69 -
TRINITY_DN29555_c0_g1_i1:31-891   -            287 6268at3041           -            234   9.1e-09   33.1   3.7   2   2       0.8   4.3e+02   -1.9   0.2   109   129   209   228   159   246 0.55 -
TRINITY_DN2567_c0_g1_i1:4300-5088 -            263 6268at3041           -            234   3.3e-08   31.2   1.2   1   2   6.2e-11   3.3e-08   31.2   1.2    28   137    24   142     6   164 0.69 -
TRINITY_DN2567_c0_g1_i1:4300-5088 -            263 6268at3041           -            234   3.3e-08   31.2   1.2   2   2       1.4   7.4e+02   -2.7   2.1   113   137   200   224   177   233 0.67 -
TRINITY_DN111918_c0_g1_i1:2-889   -            296 6268at3041           -            234   1.5e-05   22.5   3.6   1   1   4.6e-08   2.4e-05   21.8   3.6    30   136   123   237    91   276 0.70 -
#
# Program:         hmmsearch
# Version:         3.2.1 (June 2018)
# Pipeline mode:   SEARCH
# Query file:      /sw/bioinfo/BUSCO/v5_lineage_sets/lineages/chlorophyta_odb10/hmms/6268at3041.hmm
# Target file:     /crex/proj/snic2022-23-81/expression_algae/code/busco/trinity_VA-3180-Osg10Mul/run_chlorophyta_odb10/metaeuk_output/initial_results/trinity_VA-3180-Osg10Mul.Trinity.fasta.modified.fas
# Option settings: hmmsearch --domtblout /crex/proj/snic2022-23-81/expression_algae/code/busco/trinity_VA-3180-Osg10Mul/run_chlorophyta_odb10/hmmer_output/initial_run_results/6268at3041.out --cpu 1 /sw/bioinfo/BUSCO/v5_lineage_sets/lineages/chlorophyta_odb10/hmms/6268at3041.hmm /crex/proj/snic2022-23-81/expression_algae/code/busco/trinity_VA-3180-Osg10Mul/run_chlorophyta_odb10/metaeuk_output/initial_results/trinity_VA-3180-Osg10Mul.Trinity.fasta.modified.fas 
# Current dir:     /crex/proj/snic2022-23-81/expression_algae/code/busco
# Date:            Fri Sep 23 10:11:53 2022
# [ok]
