#                                                                                         --- full sequence --- -------------- this domain -------------   hmm coord   ali coord   env coord
# target name                     accession   tlen query name           accession   qlen   E-value  score  bias   #  of  c-Evalue  i-Evalue  score  bias  from    to  from    to  from    to  acc description of target
#             ------------------- ---------- ----- -------------------- ---------- ----- --------- ------ ----- --- --- --------- --------- ------ ----- ----- ----- ----- ----- ----- ----- ---- ---------------------
TRINITY_DN8094_c0_g1_i1:2-499     -            166 6593at3041           -            220   1.1e-44  150.6   0.3   1   1     3e-47   1.9e-44  149.8   0.3    42   189     1   166     1   166 0.88 -
TRINITY_DN7525_c0_g1_i1:0-413     -            138 6593at3041           -            220   7.4e-38  128.3   0.1   1   1   1.4e-40   8.5e-38  128.1   0.1    60   174     3   117     1   137 0.92 -
TRINITY_DN19983_c1_g2_i1:505-1314 -            270 6593at3041           -            220   4.6e-05   21.0   0.6   1   3      0.17   1.1e+02    0.2   0.0    32    53     9    30     4    60 0.69 -
TRINITY_DN19983_c1_g2_i1:505-1314 -            270 6593at3041           -            220   4.6e-05   21.0   0.6   2   3   9.6e-07    0.0006   17.4   0.1     5    55    78   129    75   140 0.85 -
TRINITY_DN19983_c1_g2_i1:505-1314 -            270 6593at3041           -            220   4.6e-05   21.0   0.6   3   3      0.46   2.9e+02   -1.2   0.0   109   140   196   229   177   255 0.67 -
TRINITY_DN19983_c1_g1_i2:548-1357 -            270 6593at3041           -            220    0.0002   18.9   0.3   1   3       0.2   1.2e+02    0.0   0.0    32    53     9    30     4    55 0.64 -
TRINITY_DN19983_c1_g1_i2:548-1357 -            270 6593at3041           -            220    0.0002   18.9   0.3   2   3   3.1e-06    0.0019   15.8   0.0     7    59    80   132    76   147 0.78 -
TRINITY_DN19983_c1_g1_i2:548-1357 -            270 6593at3041           -            220    0.0002   18.9   0.3   3   3      0.82   5.1e+02   -2.0   0.0   110   139   197   228   176   239 0.66 -
TRINITY_DN19983_c1_g1_i3:548-1357 -            270 6593at3041           -            220    0.0002   18.9   0.3   1   3       0.2   1.2e+02    0.0   0.0    32    53     9    30     4    55 0.64 -
TRINITY_DN19983_c1_g1_i3:548-1357 -            270 6593at3041           -            220    0.0002   18.9   0.3   2   3   3.1e-06    0.0019   15.8   0.0     7    59    80   132    76   147 0.78 -
TRINITY_DN19983_c1_g1_i3:548-1357 -            270 6593at3041           -            220    0.0002   18.9   0.3   3   3      0.82   5.1e+02   -2.0   0.0   110   139   197   228   176   239 0.66 -
TRINITY_DN7727_c0_g1_i1:350-1159  -            270 6593at3041           -            220   0.00095   16.8   1.5   1   3     0.043        27    2.2   0.0    32    59     9    36     4    55 0.81 -
TRINITY_DN7727_c0_g1_i1:350-1159  -            270 6593at3041           -            220   0.00095   16.8   1.5   2   3   2.7e-05     0.017   12.7   0.1     7    57    80   131    76   166 0.88 -
TRINITY_DN7727_c0_g1_i1:350-1159  -            270 6593at3041           -            220   0.00095   16.8   1.5   3   3      0.53   3.3e+02   -1.4   0.1   100   135   186   224   173   237 0.68 -
#
# Program:         hmmsearch
# Version:         3.2.1 (June 2018)
# Pipeline mode:   SEARCH
# Query file:      /sw/bioinfo/BUSCO/v5_lineage_sets/lineages/chlorophyta_odb10/hmms/6593at3041.hmm
# Target file:     /crex/proj/snic2022-23-81/expression_algae/code/busco/trinity_VA-3180-Osg10Mul/run_chlorophyta_odb10/metaeuk_output/initial_results/trinity_VA-3180-Osg10Mul.Trinity.fasta.modified.fas
# Option settings: hmmsearch --domtblout /crex/proj/snic2022-23-81/expression_algae/code/busco/trinity_VA-3180-Osg10Mul/run_chlorophyta_odb10/hmmer_output/initial_run_results/6593at3041.out --cpu 1 /sw/bioinfo/BUSCO/v5_lineage_sets/lineages/chlorophyta_odb10/hmms/6593at3041.hmm /crex/proj/snic2022-23-81/expression_algae/code/busco/trinity_VA-3180-Osg10Mul/run_chlorophyta_odb10/metaeuk_output/initial_results/trinity_VA-3180-Osg10Mul.Trinity.fasta.modified.fas 
# Current dir:     /crex/proj/snic2022-23-81/expression_algae/code/busco
# Date:            Fri Sep 23 10:11:54 2022
# [ok]
