#                                                                                        --- full sequence --- -------------- this domain -------------   hmm coord   ali coord   env coord
# target name                    accession   tlen query name           accession   qlen   E-value  score  bias   #  of  c-Evalue  i-Evalue  score  bias  from    to  from    to  from    to  acc description of target
#            ------------------- ---------- ----- -------------------- ---------- ----- --------- ------ ----- --- --- --------- --------- ------ ----- ----- ----- ----- ----- ----- ----- ---- ---------------------
TRINITY_DN43253_c0_g1_i1:64-618  -            185 7101at3041           -            150   6.1e-83  273.8   2.0   1   1     6e-85   7.2e-83  273.6   2.0     1   150     3   163     3   163 0.96 -
TRINITY_DN11626_c0_g1_i1:3-494   -            164 7101at3041           -            150   3.6e-66  219.4   1.7   1   1   3.4e-68   4.1e-66  219.2   1.7     2   150     2   161     1   161 0.95 -
TRINITY_DN100047_c0_g1_i1:3-428  -            142 7101at3041           -            150   2.9e-62  206.7   0.6   1   1   2.6e-64   3.2e-62  206.6   0.6     2   137     1   142     1   142 0.96 -
TRINITY_DN11626_c0_g1_i2:3-353   -            117 7101at3041           -            150     9e-45  149.9   2.1   1   1   8.4e-47     1e-44  149.8   2.1    48   150     2   114     1   114 0.94 -
TRINITY_DN86_c0_g1_i11:415-816   -            134 7101at3041           -            150   1.9e-09   35.3   0.1   1   1   1.1e-10   1.4e-08   32.5   0.1     4   105    13   128    10   132 0.77 -
TRINITY_DN86_c0_g1_i1:415-816    -            134 7101at3041           -            150   1.9e-09   35.3   0.1   1   1   1.1e-10   1.4e-08   32.5   0.1     4   105    13   128    10   132 0.77 -
TRINITY_DN86_c0_g1_i2:415-816    -            134 7101at3041           -            150   1.9e-09   35.3   0.1   1   1   1.1e-10   1.4e-08   32.5   0.1     4   105    13   128    10   132 0.77 -
TRINITY_DN86_c0_g1_i3:415-816    -            134 7101at3041           -            150   1.9e-09   35.3   0.1   1   1   1.1e-10   1.4e-08   32.5   0.1     4   105    13   128    10   132 0.77 -
TRINITY_DN82131_c0_g1_i1:446-847 -            134 7101at3041           -            150   1.1e-08   32.8   0.2   1   1   7.7e-10   9.3e-08   29.8   0.2     3   105    12   128    10   132 0.77 -
TRINITY_DN10205_c0_g1_i1:422-859 -            146 7101at3041           -            150   4.6e-08   30.8   0.8   1   1   2.4e-09   2.9e-07   28.2   0.8     3   113    16   140    14   145 0.75 -
TRINITY_DN10205_c0_g1_i2:413-847 -            145 7101at3041           -            150   4.9e-08   30.7   0.9   1   1   2.6e-09   3.2e-07   28.1   0.9     3   113    12   136    10   142 0.73 -
TRINITY_DN10205_c0_g1_i4:455-853 -            133 7101at3041           -            150   7.3e-08   30.2   0.6   1   1   3.9e-09   4.7e-07   27.5   0.6     3   108    12   131    10   133 0.71 -
TRINITY_DN10205_c0_g1_i5:455-865 -            137 7101at3041           -            150   7.3e-08   30.1   0.5   1   1   3.8e-09   4.6e-07   27.5   0.5     3   108    16   135    14   137 0.74 -
TRINITY_DN26339_c0_g3_i1:363-749 -            129 7101at3041           -            150   8.7e-08   29.9   0.3   1   1   7.9e-09   9.5e-07   26.5   0.3     3   105     8   124     6   128 0.75 -
TRINITY_DN601_c0_g1_i1:169-573   -            135 7101at3041           -            150   2.3e-07   28.5   0.3   1   1   1.3e-08   1.6e-06   25.8   0.3     3   106    11   128     9   132 0.80 -
TRINITY_DN601_c0_g1_i2:188-595   -            136 7101at3041           -            150   4.3e-07   27.7   0.2   1   1   3.2e-08   3.8e-06   24.6   0.2     3   106    12   129    10   133 0.79 -
TRINITY_DN2297_c0_g2_i1:534-941  -            136 7101at3041           -            150   8.3e-07   26.7   0.2   1   1     8e-08   9.6e-06   23.3   0.2     3   105    15   131    13   135 0.62 -
TRINITY_DN2297_c0_g1_i1:553-957  -            135 7101at3041           -            150   1.6e-06   25.8   0.2   1   1   1.3e-07   1.5e-05   22.6   0.2     4   105    15   130    12   134 0.71 -
TRINITY_DN292_c0_g1_i4:90-500    -            137 7101at3041           -            150   5.9e-06   24.0   0.5   1   1   3.2e-07   3.9e-05   21.3   0.5     3   102    12   125    10   134 0.72 -
TRINITY_DN292_c0_g1_i7:90-500    -            137 7101at3041           -            150     7e-06   23.7   0.5   1   1   3.8e-07   4.6e-05   21.1   0.5     3   102    12   125    10   134 0.72 -
TRINITY_DN292_c0_g1_i2:91-501    -            137 7101at3041           -            150   7.4e-06   23.6   0.5   1   1   3.8e-07   4.6e-05   21.1   0.5     3   102    12   125    10   135 0.72 -
TRINITY_DN292_c0_g1_i3:91-489    -            133 7101at3041           -            150   7.6e-06   23.6   0.5   1   1   3.9e-07   4.6e-05   21.0   0.5     3   101    12   124    10   132 0.72 -
TRINITY_DN716_c0_g1_i1:103-501   -            133 7101at3041           -            150     2e-05   22.2   0.7   1   1   2.5e-06    0.0003   18.4   0.7     2   107     5   125     4   132 0.71 -
TRINITY_DN716_c0_g1_i2:103-501   -            133 7101at3041           -            150     2e-05   22.2   0.7   1   1   2.5e-06    0.0003   18.4   0.7     2   107     5   125     4   132 0.71 -
TRINITY_DN94158_c0_g1_i1:88-768  -            227 7101at3041           -            150   2.5e-05   21.9   0.2   1   1   1.8e-06   0.00022   18.9   0.2     3   107    79   198    77   210 0.60 -
TRINITY_DN94158_c0_g1_i2:88-768  -            227 7101at3041           -            150   2.5e-05   21.9   0.2   1   1   1.8e-06   0.00022   18.9   0.2     3   107    79   198    77   210 0.60 -
TRINITY_DN56954_c0_g1_i1:128-553 -            142 7101at3041           -            150   2.6e-05   21.9   0.3   1   1     3e-06   0.00036   18.1   0.3     3   108     8   129     6   137 0.62 -
TRINITY_DN49615_c0_g1_i1:2-229   -             76 7101at3041           -            150   0.00076   17.1   0.0   1   1   6.6e-06    0.0008   17.0   0.0    67   105    28    65     3    71 0.82 -
TRINITY_DN12383_c1_g1_i1:24-269  -             82 7101at3041           -            150    0.0015   16.2   0.0   1   1   1.3e-05    0.0015   16.1   0.0    36   105     7    77     1    81 0.78 -
TRINITY_DN105210_c0_g1_i1:62-301 -             80 7101at3041           -            150    0.0061   14.2   0.0   1   1   6.2e-05    0.0074   13.9   0.0    26   101     1    78     1    80 0.75 -
TRINITY_DN102048_c0_g1_i1:3-278  -             92 7101at3041           -            150     0.018   12.6   0.0   1   1   0.00022     0.026   12.1   0.0     3    31    11    38     9    83 0.82 -
#
# Program:         hmmsearch
# Version:         3.2.1 (June 2018)
# Pipeline mode:   SEARCH
# Query file:      /sw/bioinfo/BUSCO/v5_lineage_sets/lineages/chlorophyta_odb10/hmms/7101at3041.hmm
# Target file:     /crex/proj/snic2022-23-81/expression_algae/code/busco/trinity_VA-3180-Osg10Mul/run_chlorophyta_odb10/metaeuk_output/initial_results/trinity_VA-3180-Osg10Mul.Trinity.fasta.modified.fas
# Option settings: hmmsearch --domtblout /crex/proj/snic2022-23-81/expression_algae/code/busco/trinity_VA-3180-Osg10Mul/run_chlorophyta_odb10/hmmer_output/initial_run_results/7101at3041.out --cpu 1 /sw/bioinfo/BUSCO/v5_lineage_sets/lineages/chlorophyta_odb10/hmms/7101at3041.hmm /crex/proj/snic2022-23-81/expression_algae/code/busco/trinity_VA-3180-Osg10Mul/run_chlorophyta_odb10/metaeuk_output/initial_results/trinity_VA-3180-Osg10Mul.Trinity.fasta.modified.fas 
# Current dir:     /crex/proj/snic2022-23-81/expression_algae/code/busco
# Date:            Fri Sep 23 10:11:54 2022
# [ok]
