#                                                                                         --- full sequence --- -------------- this domain -------------   hmm coord   ali coord   env coord
# target name                     accession   tlen query name           accession   qlen   E-value  score  bias   #  of  c-Evalue  i-Evalue  score  bias  from    to  from    to  from    to  acc description of target
#             ------------------- ---------- ----- -------------------- ---------- ----- --------- ------ ----- --- --- --------- --------- ------ ----- ----- ----- ----- ----- ----- ----- ---- ---------------------
TRINITY_DN588_c0_g2_i1:1-999      -            333 879at3041            -            439  1.4e-127  424.0   1.6   1   1  1.5e-129    6e-127  421.9   1.6     1   268     2   333     2   333 0.88 -
TRINITY_DN588_c0_g2_i4:1-1290     -            430 879at3041            -            439  3.1e-127  422.9   1.3   1   1  2.9e-129  1.2e-126  420.9   1.3     1   268    99   430    99   430 0.88 -
TRINITY_DN3930_c0_g1_i1:20-1579   -            520 879at3041            -            439  1.5e-111  371.2  12.3   1   1  2.2e-112    9e-110  365.3  12.3     2   439    19   520    18   520 0.79 -
TRINITY_DN2928_c0_g1_i5:1-1170    -            390 879at3041            -            439   6.7e-73  243.8   3.1   1   1   1.7e-74     7e-72  240.4   3.1   121   439    33   390     3   390 0.77 -
TRINITY_DN2928_c0_g1_i3:52-1110   -            353 879at3041            -            439   7.7e-65  217.3   3.0   1   1   2.7e-66   1.1e-63  213.4   3.0     1   283    16   353    16   353 0.76 -
TRINITY_DN905_c0_g1_i1:0-905      -            302 879at3041            -            439   9.2e-55  184.0   1.2   1   2   2.4e-41   9.8e-39  131.2   0.0     2   141    19   184    18   202 0.82 -
TRINITY_DN905_c0_g1_i1:0-905      -            302 879at3041            -            439   9.2e-55  184.0   1.2   2   2   3.9e-17   1.6e-14   51.4   0.5   151   220   219   302   211   302 0.80 -
TRINITY_DN2928_c0_g1_i2:27-665    -            213 879at3041            -            439   3.1e-30  103.2   0.2   1   1   9.7e-33     4e-30  102.8   0.2   151   308    43   213    23   213 0.77 -
TRINITY_DN2928_c0_g1_i1:1076-1624 -            183 879at3041            -            439   1.7e-28   97.5   0.3   1   1   5.5e-31   2.3e-28   97.1   0.3   151   283    43   183    22   183 0.80 -
TRINITY_DN905_c0_g2_i1:0-389      -            130 879at3041            -            439   1.8e-14   51.3   0.5   1   1   6.7e-17   2.8e-14   50.6   0.5   150   220    42   130    18   130 0.74 -
#
# Program:         hmmsearch
# Version:         3.2.1 (June 2018)
# Pipeline mode:   SEARCH
# Query file:      /sw/bioinfo/BUSCO/v5_lineage_sets/lineages/chlorophyta_odb10/hmms/879at3041.hmm
# Target file:     /crex/proj/snic2022-23-81/expression_algae/code/busco/trinity_VA-3180-Osg10Mul/run_chlorophyta_odb10/metaeuk_output/initial_results/trinity_VA-3180-Osg10Mul.Trinity.fasta.modified.fas
# Option settings: hmmsearch --domtblout /crex/proj/snic2022-23-81/expression_algae/code/busco/trinity_VA-3180-Osg10Mul/run_chlorophyta_odb10/hmmer_output/initial_run_results/879at3041.out --cpu 1 /sw/bioinfo/BUSCO/v5_lineage_sets/lineages/chlorophyta_odb10/hmms/879at3041.hmm /crex/proj/snic2022-23-81/expression_algae/code/busco/trinity_VA-3180-Osg10Mul/run_chlorophyta_odb10/metaeuk_output/initial_results/trinity_VA-3180-Osg10Mul.Trinity.fasta.modified.fas 
# Current dir:     /crex/proj/snic2022-23-81/expression_algae/code/busco
# Date:            Fri Sep 23 10:11:55 2022
# [ok]
