#                                                                                        --- full sequence --- -------------- this domain -------------   hmm coord   ali coord   env coord
# target name                    accession   tlen query name           accession   qlen   E-value  score  bias   #  of  c-Evalue  i-Evalue  score  bias  from    to  from    to  from    to  acc description of target
#            ------------------- ---------- ----- -------------------- ---------- ----- --------- ------ ----- --- --- --------- --------- ------ ----- ----- ----- ----- ----- ----- ----- ---- ---------------------
TRINITY_DN585_c0_g1_i4:2652-4271 -            540 897at3041            -            482    2e-141  469.7   0.4   1   1  1.1e-143  5.1e-141  468.3   0.4     2   481     2   537     1   538 0.86 -
TRINITY_DN585_c0_g1_i5:2652-4271 -            540 897at3041            -            482    2e-141  469.7   0.4   1   1  1.1e-143  5.1e-141  468.3   0.4     2   481     2   537     1   538 0.86 -
TRINITY_DN585_c0_g1_i6:2652-4271 -            540 897at3041            -            482    2e-141  469.7   0.4   1   1  1.1e-143  5.1e-141  468.3   0.4     2   481     2   537     1   538 0.86 -
TRINITY_DN4378_c0_g1_i2:52-1308  -            419 897at3041            -            482  5.5e-127  422.1   0.1   1   1  2.2e-129    1e-126  421.2   0.1     2   371     3   406     2   410 0.89 -
TRINITY_DN8366_c0_g1_i2:2-733    -            244 897at3041            -            482  2.9e-100  333.9   2.5   1   1  1.4e-102  6.6e-100  332.8   2.5    92   305     1   244     1   244 0.92 -
TRINITY_DN8366_c0_g1_i1:2-818    -            244 897at3041            -            482   1.5e-99  331.6   2.2   1   1  7.1e-102   3.3e-99  330.4   2.2    92   305     1   244     1   244 0.92 -
TRINITY_DN13190_c0_g1_i1:3-659   -            219 897at3041            -            482   1.2e-81  272.5   0.0   1   1   2.8e-84   1.3e-81  272.4   0.0    30   245     1   218     1   219 0.96 -
TRINITY_DN25489_c0_g1_i1:83-829  -            249 897at3041            -            482   2.5e-59  198.9   0.0   1   1   6.7e-62   3.1e-59  198.6   0.0   264   465    16   249     1   249 0.84 -
#
# Program:         hmmsearch
# Version:         3.2.1 (June 2018)
# Pipeline mode:   SEARCH
# Query file:      /sw/bioinfo/BUSCO/v5_lineage_sets/lineages/chlorophyta_odb10/hmms/897at3041.hmm
# Target file:     /crex/proj/snic2022-23-81/expression_algae/code/busco/trinity_VA-3180-Osg10Mul/run_chlorophyta_odb10/metaeuk_output/initial_results/trinity_VA-3180-Osg10Mul.Trinity.fasta.modified.fas
# Option settings: hmmsearch --domtblout /crex/proj/snic2022-23-81/expression_algae/code/busco/trinity_VA-3180-Osg10Mul/run_chlorophyta_odb10/hmmer_output/initial_run_results/897at3041.out --cpu 1 /sw/bioinfo/BUSCO/v5_lineage_sets/lineages/chlorophyta_odb10/hmms/897at3041.hmm /crex/proj/snic2022-23-81/expression_algae/code/busco/trinity_VA-3180-Osg10Mul/run_chlorophyta_odb10/metaeuk_output/initial_results/trinity_VA-3180-Osg10Mul.Trinity.fasta.modified.fas 
# Current dir:     /crex/proj/snic2022-23-81/expression_algae/code/busco
# Date:            Fri Sep 23 10:11:55 2022
# [ok]
