#                                                                                         --- full sequence --- -------------- this domain -------------   hmm coord   ali coord   env coord
# target name                     accession   tlen query name           accession   qlen   E-value  score  bias   #  of  c-Evalue  i-Evalue  score  bias  from    to  from    to  from    to  acc description of target
#             ------------------- ---------- ----- -------------------- ---------- ----- --------- ------ ----- --- --- --------- --------- ------ ----- ----- ----- ----- ----- ----- ----- ---- ---------------------
TRINITY_DN18122_c0_g2_i1:1-510    -            170 91at3041             -            820     4e-78  260.8   0.0   1   1   1.7e-80   4.3e-78  260.7   0.0   142   293     1   159     1   170 0.94 -
TRINITY_DN5027_c0_g1_i2:203-1531  -            443 91at3041             -            820   5.4e-13   45.4   0.0   1   2   0.00015     0.037    9.5   0.0   223   287   174   239   160   246 0.89 -
TRINITY_DN5027_c0_g1_i2:203-1531  -            443 91at3041             -            820   5.4e-13   45.4   0.0   2   2   7.4e-12   1.8e-09   33.7   0.0   344   462   323   443   314   443 0.78 -
TRINITY_DN99553_c0_g1_i1:207-512  -            102 91at3041             -            820   0.00013   17.7   0.5   1   2     0.023       5.7    2.3   1.8   482   503    19    40    13    57 0.79 -
TRINITY_DN99553_c0_g1_i1:207-512  -            102 91at3041             -            820   0.00013   17.7   0.5   2   2   5.1e-07   0.00013   17.7   0.5   482   511    58    87    50    97 0.89 -
TRINITY_DN8627_c0_g1_i1:6-287     -             94 91at3041             -            820   0.00077   15.1   9.3   1   1     1e-05    0.0026   13.4   9.3   482   540    36    90    32    93 0.91 -
TRINITY_DN419_c0_g1_i2:4082-4468  -            129 91at3041             -            820    0.0013   14.4   0.7   1   2     0.008         2    3.8   1.1   482   516    46    82    39    85 0.78 -
TRINITY_DN419_c0_g1_i2:4082-4468  -            129 91at3041             -            820    0.0013   14.4   0.7   2   2   5.1e-06    0.0013   14.4   0.7   482   510    85   113    82   125 0.87 -
TRINITY_DN419_c0_g1_i5:4082-4468  -            129 91at3041             -            820    0.0013   14.4   0.7   1   2     0.008         2    3.8   1.1   482   516    46    82    39    85 0.78 -
TRINITY_DN419_c0_g1_i5:4082-4468  -            129 91at3041             -            820    0.0013   14.4   0.7   2   2   5.1e-06    0.0013   14.4   0.7   482   510    85   113    82   125 0.87 -
TRINITY_DN419_c0_g1_i6:4082-4468  -            129 91at3041             -            820    0.0013   14.4   0.7   1   2     0.008         2    3.8   1.1   482   516    46    82    39    85 0.78 -
TRINITY_DN419_c0_g1_i6:4082-4468  -            129 91at3041             -            820    0.0013   14.4   0.7   2   2   5.1e-06    0.0013   14.4   0.7   482   510    85   113    82   125 0.87 -
TRINITY_DN419_c0_g1_i7:4082-4468  -            129 91at3041             -            820    0.0013   14.4   0.7   1   2     0.008         2    3.8   1.1   482   516    46    82    39    85 0.78 -
TRINITY_DN419_c0_g1_i7:4082-4468  -            129 91at3041             -            820    0.0013   14.4   0.7   2   2   5.1e-06    0.0013   14.4   0.7   482   510    85   113    82   125 0.87 -
TRINITY_DN5676_c0_g1_i2:1-546     -            182 91at3041             -            820    0.0015   14.2   2.8   1   1   7.1e-06    0.0018   13.9   2.8   482   539   129   182   101   182 0.89 -
TRINITY_DN5676_c0_g1_i1:216-905   -            230 91at3041             -            820    0.0017   14.0   6.3   1   1   1.2e-05    0.0031   13.1   6.3   482   540   129   183   118   202 0.88 -
TRINITY_DN186_c0_g1_i1:4304-4696  -            131 91at3041             -            820    0.0025   13.4   1.1   1   2    0.0089       2.2    3.6   1.2   482   516    48    84    42    87 0.77 -
TRINITY_DN186_c0_g1_i1:4304-4696  -            131 91at3041             -            820    0.0025   13.4   1.1   2   2   9.9e-06    0.0025   13.4   1.1   482   508    87   113    83   124 0.87 -
TRINITY_DN186_c0_g1_i2:6538-6930  -            131 91at3041             -            820    0.0025   13.4   1.1   1   2    0.0089       2.2    3.6   1.2   482   516    48    84    42    87 0.77 -
TRINITY_DN186_c0_g1_i2:6538-6930  -            131 91at3041             -            820    0.0025   13.4   1.1   2   2   9.9e-06    0.0025   13.4   1.1   482   508    87   113    83   124 0.87 -
TRINITY_DN186_c0_g1_i3:6538-6930  -            131 91at3041             -            820    0.0025   13.4   1.1   1   2    0.0089       2.2    3.6   1.2   482   516    48    84    42    87 0.77 -
TRINITY_DN186_c0_g1_i3:6538-6930  -            131 91at3041             -            820    0.0025   13.4   1.1   2   2   9.9e-06    0.0025   13.4   1.1   482   508    87   113    83   124 0.87 -
TRINITY_DN186_c0_g1_i5:6538-6930  -            131 91at3041             -            820    0.0025   13.4   1.1   1   2    0.0089       2.2    3.6   1.2   482   516    48    84    42    87 0.77 -
TRINITY_DN186_c0_g1_i5:6538-6930  -            131 91at3041             -            820    0.0025   13.4   1.1   2   2   9.9e-06    0.0025   13.4   1.1   482   508    87   113    83   124 0.87 -
TRINITY_DN64989_c0_g1_i1:201-1328 -            376 91at3041             -            820    0.0033   13.0   0.1   1   3    0.0026      0.64    5.4   0.1    15   138    24   143    10   173 0.76 -
TRINITY_DN64989_c0_g1_i1:201-1328 -            376 91at3041             -            820    0.0033   13.0   0.1   2   3    0.0029      0.72    5.3   0.0   222   283   180   242   166   252 0.74 -
TRINITY_DN64989_c0_g1_i1:201-1328 -            376 91at3041             -            820    0.0033   13.0   0.1   3   3       1.2   2.9e+02   -3.4   0.0   371   384   358   371   334   373 0.74 -
#
# Program:         hmmsearch
# Version:         3.2.1 (June 2018)
# Pipeline mode:   SEARCH
# Query file:      /sw/bioinfo/BUSCO/v5_lineage_sets/lineages/chlorophyta_odb10/hmms/91at3041.hmm
# Target file:     /crex/proj/snic2022-23-81/expression_algae/code/busco/trinity_VA-3180-Osg10Mul/run_chlorophyta_odb10/metaeuk_output/initial_results/trinity_VA-3180-Osg10Mul.Trinity.fasta.modified.fas
# Option settings: hmmsearch --domtblout /crex/proj/snic2022-23-81/expression_algae/code/busco/trinity_VA-3180-Osg10Mul/run_chlorophyta_odb10/hmmer_output/initial_run_results/91at3041.out --cpu 1 /sw/bioinfo/BUSCO/v5_lineage_sets/lineages/chlorophyta_odb10/hmms/91at3041.hmm /crex/proj/snic2022-23-81/expression_algae/code/busco/trinity_VA-3180-Osg10Mul/run_chlorophyta_odb10/metaeuk_output/initial_results/trinity_VA-3180-Osg10Mul.Trinity.fasta.modified.fas 
# Current dir:     /crex/proj/snic2022-23-81/expression_algae/code/busco
# Date:            Fri Sep 23 10:11:54 2022
# [ok]
