#                                                                                        --- full sequence --- -------------- this domain -------------   hmm coord   ali coord   env coord
# target name                    accession   tlen query name           accession   qlen   E-value  score  bias   #  of  c-Evalue  i-Evalue  score  bias  from    to  from    to  from    to  acc description of target
#            ------------------- ---------- ----- -------------------- ---------- ----- --------- ------ ----- --- --- --------- --------- ------ ----- ----- ----- ----- ----- ----- ----- ---- ---------------------
TRINITY_DN2714_c0_g2_i2:12-1739  -            576 11103at3041          -            369   9.7e-07   24.4   0.1   1   2   0.00064     0.044    9.1   0.0    31    56   251   276   246   303 0.81 -
TRINITY_DN2714_c0_g2_i2:12-1739  -            576 11103at3041          -            369   9.7e-07   24.4   0.1   2   2   4.5e-05    0.0031   12.9   0.0    30    67   523   561   511   570 0.84 -
TRINITY_DN776_c0_g2_i2:32-655    -            208 11103at3041          -            369   1.1e-06   24.2   0.0   1   1   2.2e-08   1.5e-06   23.8   0.0    19    82     5    69     2    86 0.77 -
TRINITY_DN2499_c0_g1_i2:25-432   -            136 11103at3041          -            369   8.9e-06   21.2   0.0   1   1   1.6e-07   1.1e-05   21.0   0.0    15    62    25    73    15    94 0.80 -
TRINITY_DN2714_c0_g2_i3:24-317   -             98 11103at3041          -            369   0.00012   17.5   0.0   1   1   2.1e-06   0.00015   17.2   0.0    30    68    49    88    35    96 0.83 -
TRINITY_DN2714_c0_g2_i4:24-317   -             98 11103at3041          -            369   0.00012   17.5   0.0   1   1   2.1e-06   0.00015   17.2   0.0    30    68    49    88    35    96 0.83 -
TRINITY_DN15606_c0_g2_i1:0-296   -             99 11103at3041          -            369    0.0004   15.8   0.2   1   2   2.4e-05    0.0017   13.8   0.1    23    59    28    64    24    76 0.82 -
TRINITY_DN15606_c0_g2_i1:0-296   -             99 11103at3041          -            369    0.0004   15.8   0.2   2   2      0.29        20    0.3   0.0   113   135    75    97    70    99 0.87 -
TRINITY_DN2714_c0_g1_i2:163-954  -            264 11103at3041          -            369   0.00059   15.2   0.2   1   2   2.7e-05    0.0018   13.6   0.1    30    61    78   109    73   117 0.87 -
TRINITY_DN2714_c0_g1_i2:163-954  -            264 11103at3041          -            369   0.00059   15.2   0.2   2   2      0.87        60   -1.2   0.0   113   140   118   145   110   172 0.70 -
TRINITY_DN35688_c0_g1_i1:5-343   -            113 11103at3041          -            369   0.00068   15.1   0.1   1   2   0.00061     0.042    9.1   0.1    31    52     6    27     3    35 0.86 -
TRINITY_DN35688_c0_g1_i1:5-343   -            113 11103at3041          -            369   0.00068   15.1   0.1   2   2     0.018       1.2    4.3   0.0   105   140    37    72    33   108 0.68 -
TRINITY_DN776_c0_g1_i2:369-848   -            160 11103at3041          -            369   0.00077   14.9   0.1   1   1   2.1e-05    0.0014   14.0   0.1    30    81     4    57     1   135 0.67 -
TRINITY_DN714_c0_g1_i1:2658-3626 -            323 11103at3041          -            369   0.00088   14.7   0.1   1   1   2.5e-05    0.0018   13.7   0.1    29    56    13    40     8    53 0.83 -
TRINITY_DN714_c0_g1_i2:3343-4311 -            323 11103at3041          -            369   0.00088   14.7   0.1   1   1   2.5e-05    0.0018   13.7   0.1    29    56    13    40     8    53 0.83 -
TRINITY_DN714_c0_g1_i3:4087-5055 -            323 11103at3041          -            369   0.00088   14.7   0.1   1   1   2.5e-05    0.0018   13.7   0.1    29    56    13    40     8    53 0.83 -
TRINITY_DN714_c0_g1_i4:2294-3262 -            323 11103at3041          -            369   0.00088   14.7   0.1   1   1   2.5e-05    0.0018   13.7   0.1    29    56    13    40     8    53 0.83 -
TRINITY_DN714_c0_g1_i6:2422-3390 -            323 11103at3041          -            369   0.00088   14.7   0.1   1   1   2.5e-05    0.0018   13.7   0.1    29    56    13    40     8    53 0.83 -
TRINITY_DN714_c0_g1_i7:3820-4788 -            323 11103at3041          -            369   0.00088   14.7   0.1   1   1   2.5e-05    0.0018   13.7   0.1    29    56    13    40     8    53 0.83 -
TRINITY_DN144_c1_g3_i1:158-655   -            166 11103at3041          -            369    0.0013   14.1   0.1   1   2   3.8e-05    0.0026   13.1   0.0    32    49    17    34     9    37 0.87 -
TRINITY_DN144_c1_g3_i1:158-655   -            166 11103at3041          -            369    0.0013   14.1   0.1   2   2       2.9     2e+02   -3.0   0.0   283   309    88   114    81   128 0.68 -
TRINITY_DN10859_c0_g2_i1:136-741 -            202 11103at3041          -            369    0.0023   13.3   0.0   1   1   4.8e-05    0.0034   12.8   0.0    27    74    19    66    16    87 0.85 -
TRINITY_DN10728_c0_g1_i4:2-355   -            118 11103at3041          -            369    0.0097   11.2   0.0   1   1   0.00024     0.017   10.5   0.0    31    61     4    34     1    42 0.86 -
TRINITY_DN1_c0_g1_i23:420-1751   -            444 11103at3041          -            369     0.015   10.7   0.5   1   2   0.00042     0.029    9.7   0.0    30    51    32    53    13    63 0.86 -
TRINITY_DN1_c0_g1_i23:420-1751   -            444 11103at3041          -            369     0.015   10.7   0.5   2   2       2.5   1.7e+02   -2.7   0.1   105   135   168   200   154   207 0.70 -
TRINITY_DN1_c0_g1_i30:664-1995   -            444 11103at3041          -            369     0.015   10.7   0.5   1   2   0.00042     0.029    9.7   0.0    30    51    32    53    13    63 0.86 -
TRINITY_DN1_c0_g1_i30:664-1995   -            444 11103at3041          -            369     0.015   10.7   0.5   2   2       2.5   1.7e+02   -2.7   0.1   105   135   168   200   154   207 0.70 -
TRINITY_DN1_c0_g1_i27:637-2363   -            514 11103at3041          -            369     0.016   10.5   0.4   1   2    0.0005     0.035    9.4   0.0    30    51    41    62    21    72 0.86 -
TRINITY_DN1_c0_g1_i27:637-2363   -            514 11103at3041          -            369     0.016   10.5   0.4   2   2       3.1   2.2e+02   -3.1   0.1   105   135   177   209   165   216 0.69 -
#
# Program:         hmmsearch
# Version:         3.2.1 (June 2018)
# Pipeline mode:   SEARCH
# Query file:      /sw/bioinfo/BUSCO/v5_lineage_sets/lineages/chlorophyta_odb10/hmms/11103at3041.hmm
# Target file:     /crex/proj/snic2022-23-81/expression_algae/code/busco/trinity_VA-3180-Osg12Sin/run_chlorophyta_odb10/metaeuk_output/rerun_results/trinity_VA-3180-Osg12Sin.Trinity.fasta.modified.fas
# Option settings: hmmsearch --domtblout /crex/proj/snic2022-23-81/expression_algae/code/busco/trinity_VA-3180-Osg12Sin/run_chlorophyta_odb10/hmmer_output/rerun_results/11103at3041.out --cpu 1 /sw/bioinfo/BUSCO/v5_lineage_sets/lineages/chlorophyta_odb10/hmms/11103at3041.hmm /crex/proj/snic2022-23-81/expression_algae/code/busco/trinity_VA-3180-Osg12Sin/run_chlorophyta_odb10/metaeuk_output/rerun_results/trinity_VA-3180-Osg12Sin.Trinity.fasta.modified.fas 
# Current dir:     /crex/proj/snic2022-23-81/expression_algae/code/busco
# Date:            Fri Sep 23 10:13:11 2022
# [ok]
