#                                                                                         --- full sequence --- -------------- this domain -------------   hmm coord   ali coord   env coord
# target name                     accession   tlen query name           accession   qlen   E-value  score  bias   #  of  c-Evalue  i-Evalue  score  bias  from    to  from    to  from    to  acc description of target
#             ------------------- ---------- ----- -------------------- ---------- ----- --------- ------ ----- --- --- --------- --------- ------ ----- ----- ----- ----- ----- ----- ----- ---- ---------------------
TRINITY_DN7223_c0_g2_i1:24-554    -            177 11724at3041          -            418   4.9e-18   61.6   1.0   1   4    0.0014     0.033    9.5   0.0    31    66    25    60    19    64 0.91 -
TRINITY_DN7223_c0_g2_i1:24-554    -            177 11724at3041          -            418   4.9e-18   61.6   1.0   2   4   1.6e-05   0.00038   15.9   0.0    30    60    66    96    61   104 0.83 -
TRINITY_DN7223_c0_g2_i1:24-554    -            177 11724at3041          -            418   4.9e-18   61.6   1.0   3   4   4.6e-05    0.0011   14.3   0.0    30    65   108   143   102   149 0.91 -
TRINITY_DN7223_c0_g2_i1:24-554    -            177 11724at3041          -            418   4.9e-18   61.6   1.0   4   4   2.5e-06     6e-05   18.5   0.0    31    56   151   176   144   177 0.90 -
TRINITY_DN4860_c1_g1_i1:96-680    -            195 11724at3041          -            418   1.4e-13   46.9   2.1   1   4    0.0013     0.032    9.5   0.0    32    59     4    31     2    40 0.87 -
TRINITY_DN4860_c1_g1_i1:96-680    -            195 11724at3041          -            418   1.4e-13   46.9   2.1   2   4   5.1e-08   1.2e-06   24.1   0.0    30    66    44    80    38    83 0.92 -
TRINITY_DN4860_c1_g1_i1:96-680    -            195 11724at3041          -            418   1.4e-13   46.9   2.1   3   4      0.67        16    0.6   0.0    30    58    86   114    82   123 0.87 -
TRINITY_DN4860_c1_g1_i1:96-680    -            195 11724at3041          -            418   1.4e-13   46.9   2.1   4   4   0.00083      0.02   10.2   0.2    16    66   113   164    98   169 0.78 -
TRINITY_DN4860_c1_g1_i2:142-744   -            201 11724at3041          -            418   1.8e-13   46.6   3.0   1   5    0.0014     0.033    9.5   0.0    32    59     4    31     2    40 0.87 -
TRINITY_DN4860_c1_g1_i2:142-744   -            201 11724at3041          -            418   1.8e-13   46.6   3.0   2   5   5.5e-08   1.3e-06   24.0   0.0    30    66    44    80    39    83 0.92 -
TRINITY_DN4860_c1_g1_i2:142-744   -            201 11724at3041          -            418   1.8e-13   46.6   3.0   3   5      0.67        16    0.6   0.0    30    58    86   114    81   123 0.87 -
TRINITY_DN4860_c1_g1_i2:142-744   -            201 11724at3041          -            418   1.8e-13   46.6   3.0   4   5   0.00089     0.022   10.1   0.2    16    66   113   164    98   169 0.78 -
TRINITY_DN4860_c1_g1_i2:142-744   -            201 11724at3041          -            418   1.8e-13   46.6   3.0   5   5       2.1        52   -1.0   0.0    32    56   172   197   165   198 0.78 -
TRINITY_DN1795_c0_g4_i1:64-516    -            151 11724at3041          -            418   2.1e-11   39.8   0.2   1   4     0.042         1    4.6   0.0    35    66     1    32     1    36 0.91 -
TRINITY_DN1795_c0_g4_i1:64-516    -            151 11724at3041          -            418   2.1e-11   39.8   0.2   2   4   0.00011    0.0028   13.0   0.0    31    66    39    74    32    78 0.91 -
TRINITY_DN1795_c0_g4_i1:64-516    -            151 11724at3041          -            418   2.1e-11   39.8   0.2   3   4   0.00085     0.021   10.2   0.0    31    66    81   116    75   121 0.91 -
TRINITY_DN1795_c0_g4_i1:64-516    -            151 11724at3041          -            418   2.1e-11   39.8   0.2   4   4    0.0042       0.1    7.9   0.0    32    57   124   149   118   151 0.89 -
TRINITY_DN2573_c0_g1_i1:3-242     -             80 11724at3041          -            418     3e-11   39.3   0.0   1   2   3.3e-07   8.1e-06   21.4   0.0    31    67     9    45     4    49 0.92 -
TRINITY_DN2573_c0_g1_i1:3-242     -             80 11724at3041          -            418     3e-11   39.3   0.0   2   2     1e-05   0.00025   16.5   0.0    31    58    51    78    46    80 0.89 -
TRINITY_DN1175_c0_g1_i4:764-2551  -            596 11724at3041          -            418   3.2e-11   39.2   3.1   1   5     0.016      0.38    6.0   0.0    31    62     4    35     1    44 0.89 -
TRINITY_DN1175_c0_g1_i4:764-2551  -            596 11724at3041          -            418   3.2e-11   39.2   3.1   2   5       2.5        60   -1.3   0.0    31    65   132   166   127   171 0.87 -
TRINITY_DN1175_c0_g1_i4:764-2551  -            596 11724at3041          -            418   3.2e-11   39.2   3.1   3   5     0.012      0.29    6.4   0.0    30    64   173   207   167   211 0.90 -
TRINITY_DN1175_c0_g1_i4:764-2551  -            596 11724at3041          -            418   3.2e-11   39.2   3.1   4   5   0.00024    0.0058   12.0   0.1    29    68   337   376   333   379 0.90 -
TRINITY_DN1175_c0_g1_i4:764-2551  -            596 11724at3041          -            418   3.2e-11   39.2   3.1   5   5   0.00069     0.017   10.5   0.1    26    62   505   541   466   583 0.93 -
TRINITY_DN1795_c0_g1_i1:3-404     -            134 11724at3041          -            418   8.3e-11   37.8   0.1   1   4      0.23       5.5    2.2   0.0    44    65     1    22     1    31 0.87 -
TRINITY_DN1795_c0_g1_i1:3-404     -            134 11724at3041          -            418   8.3e-11   37.8   0.1   2   4   0.00024    0.0058   12.0   0.0    31    66    30    65    24    70 0.90 -
TRINITY_DN1795_c0_g1_i1:3-404     -            134 11724at3041          -            418   8.3e-11   37.8   0.1   3   4   4.8e-05    0.0012   14.3   0.0    32    66    73   107    67   112 0.92 -
TRINITY_DN1795_c0_g1_i1:3-404     -            134 11724at3041          -            418   8.3e-11   37.8   0.1   4   4     0.027      0.64    5.2   0.0    32    50   115   133   107   133 0.89 -
TRINITY_DN528_c0_g1_i2:17-475     -            153 11724at3041          -            418   6.9e-10   34.8   0.1   1   4    0.0024     0.059    8.7   0.0    32    66     2    36     1    41 0.92 -
TRINITY_DN528_c0_g1_i2:17-475     -            153 11724at3041          -            418   6.9e-10   34.8   0.1   2   4   0.00064     0.016   10.6   0.0    30    66    42    78    37    83 0.91 -
TRINITY_DN528_c0_g1_i2:17-475     -            153 11724at3041          -            418   6.9e-10   34.8   0.1   3   4    0.0014     0.033    9.5   0.0    32    66    86   120    81   123 0.91 -
TRINITY_DN528_c0_g1_i2:17-475     -            153 11724at3041          -            418   6.9e-10   34.8   0.1   4   4      0.34       8.3    1.6   0.0    30    56   126   152   122   153 0.88 -
TRINITY_DN1067_c0_g1_i2:202-972   -            257 11724at3041          -            418   8.5e-09   31.2   0.2   1   4     0.042         1    4.6   0.0    31    63    43    75    11    81 0.89 -
TRINITY_DN1067_c0_g1_i2:202-972   -            257 11724at3041          -            418   8.5e-09   31.2   0.2   2   4     0.017      0.42    5.9   0.0    31    58    85   112    76   123 0.87 -
TRINITY_DN1067_c0_g1_i2:202-972   -            257 11724at3041          -            418   8.5e-09   31.2   0.2   3   4       4.9   1.2e+02   -2.2   0.0    29    58   169   198   149   203 0.75 -
TRINITY_DN1067_c0_g1_i2:202-972   -            257 11724at3041          -            418   8.5e-09   31.2   0.2   4   4   8.9e-06   0.00021   16.7   0.0    30    65   214   249   208   252 0.88 -
TRINITY_DN2811_c0_g1_i1:2-376     -            125 11724at3041          -            418   1.1e-08   30.8   0.9   1   3       2.2        54   -1.1   0.0    39    58     1    20     1    29 0.86 -
TRINITY_DN2811_c0_g1_i1:2-376     -            125 11724at3041          -            418   1.1e-08   30.8   0.9   2   3   0.00093     0.023   10.0   0.0    30    61    33    64    27    70 0.87 -
TRINITY_DN2811_c0_g1_i1:2-376     -            125 11724at3041          -            418   1.1e-08   30.8   0.9   3   3   2.1e-06   5.1e-05   18.8   0.1    31    66    76   111    71   124 0.83 -
TRINITY_DN1031_c0_g1_i1:59-421    -            121 11724at3041          -            418   2.3e-08   29.8   0.4   1   3      0.28       6.7    1.9   0.0    36    68     2    34     1    37 0.89 -
TRINITY_DN1031_c0_g1_i1:59-421    -            121 11724at3041          -            418   2.3e-08   29.8   0.4   2   3   1.3e-05   0.00032   16.1   0.1    31    72    39    83    33    84 0.82 -
TRINITY_DN1031_c0_g1_i1:59-421    -            121 11724at3041          -            418   2.3e-08   29.8   0.4   3   3   0.00099     0.024   10.0   0.0    32    66    82   116    75   118 0.86 -
TRINITY_DN1067_c0_g1_i1:192-920   -            243 11724at3041          -            418   3.4e-08   29.2   0.2   1   4     0.022      0.54    5.5   0.0    31    58     4    31     2    43 0.88 -
TRINITY_DN1067_c0_g1_i1:192-920   -            243 11724at3041          -            418   3.4e-08   29.2   0.2   2   4       4.2     1e+02   -2.0   0.0    29    58    88   117    67   123 0.75 -
TRINITY_DN1067_c0_g1_i1:192-920   -            243 11724at3041          -            418   3.4e-08   29.2   0.2   3   4   8.2e-06    0.0002   16.8   0.0    30    65   133   168   127   171 0.88 -
TRINITY_DN1067_c0_g1_i1:192-920   -            243 11724at3041          -            418   3.4e-08   29.2   0.2   4   4       0.2       4.9    2.4   0.0    29    58   194   223   188   229 0.88 -
TRINITY_DN23427_c0_g1_i1:2-358    -            119 11724at3041          -            418   5.2e-08   28.6   1.0   1   3     0.014      0.35    6.1   0.0    32    60     6    34     2    42 0.85 -
TRINITY_DN23427_c0_g1_i1:2-358    -            119 11724at3041          -            418   5.2e-08   28.6   1.0   2   3    0.0006     0.014   10.7   0.1    32    65    48    81    41    85 0.90 -
TRINITY_DN23427_c0_g1_i1:2-358    -            119 11724at3041          -            418   5.2e-08   28.6   1.0   3   3    0.0011     0.026    9.9   0.0    32    58    90   116    81   119 0.89 -
TRINITY_DN2811_c0_g1_i3:161-391   -             77 11724at3041          -            418   8.7e-08   27.9   0.1   1   2   0.00036    0.0086   11.4   0.0    30    62     5    37     2    45 0.87 -
TRINITY_DN2811_c0_g1_i3:161-391   -             77 11724at3041          -            418   8.7e-08   27.9   0.1   2   2   2.7e-05   0.00066   15.1   0.0    31    57    48    74    42    76 0.89 -
TRINITY_DN1031_c0_g1_i2:203-508   -            102 11724at3041          -            418   9.2e-08   27.8   0.1   1   2   9.1e-06   0.00022   16.7   0.0    31    72    21    65    15    66 0.82 -
TRINITY_DN1031_c0_g1_i2:203-508   -            102 11724at3041          -            418   9.2e-08   27.8   0.1   2   2   0.00074     0.018   10.4   0.0    32    66    64    98    59   100 0.86 -
TRINITY_DN1795_c0_g3_i2:3-338     -            112 11724at3041          -            418   1.2e-07   27.4   0.1   1   3       2.8        69   -1.4   0.0    39    67     1    29     1    34 0.80 -
TRINITY_DN1795_c0_g3_i2:3-338     -            112 11724at3041          -            418   1.2e-07   27.4   0.1   2   3   0.00053     0.013   10.9   0.0    30    64    34    68    15    74 0.91 -
TRINITY_DN1795_c0_g3_i2:3-338     -            112 11724at3041          -            418   1.2e-07   27.4   0.1   3   3   3.8e-05   0.00092   14.6   0.0    31    58    77   104    71   112 0.85 -
TRINITY_DN1074_c0_g2_i13:622-1203 -            194 11724at3041          -            418   4.6e-07   25.5   0.0   1   2     0.062       1.5    4.0   0.0    18    57     6    48     2    63 0.75 -
TRINITY_DN1074_c0_g2_i13:622-1203 -            194 11724at3041          -            418   4.6e-07   25.5   0.0   2   2   1.9e-06   4.5e-05   18.9   0.0    15    58   138   183   135   185 0.85 -
TRINITY_DN1074_c0_g2_i3:622-1203  -            194 11724at3041          -            418   4.6e-07   25.5   0.0   1   2     0.062       1.5    4.0   0.0    18    57     6    48     2    63 0.75 -
TRINITY_DN1074_c0_g2_i3:622-1203  -            194 11724at3041          -            418   4.6e-07   25.5   0.0   2   2   1.9e-06   4.5e-05   18.9   0.0    15    58   138   183   135   185 0.85 -
TRINITY_DN1074_c0_g2_i9:622-1203  -            194 11724at3041          -            418   4.6e-07   25.5   0.0   1   2     0.062       1.5    4.0   0.0    18    57     6    48     2    63 0.75 -
TRINITY_DN1074_c0_g2_i9:622-1203  -            194 11724at3041          -            418   4.6e-07   25.5   0.0   2   2   1.9e-06   4.5e-05   18.9   0.0    15    58   138   183   135   185 0.85 -
TRINITY_DN1795_c0_g1_i2:6-278     -             91 11724at3041          -            418   7.6e-07   24.8   0.0   1   3      0.12       2.8    3.1   0.0    44    65     1    22     1    31 0.87 -
TRINITY_DN1795_c0_g1_i2:6-278     -             91 11724at3041          -            418   7.6e-07   24.8   0.0   2   3   0.00011    0.0026   13.1   0.0    31    66    30    65    24    70 0.90 -
TRINITY_DN1795_c0_g1_i2:6-278     -             91 11724at3041          -            418   7.6e-07   24.8   0.0   3   3     0.014      0.33    6.2   0.0    32    50    73    91    64    91 0.89 -
TRINITY_DN33670_c0_g1_i1:10-225   -             72 11724at3041          -            418   7.9e-07   24.7   0.7   1   2   1.4e-06   3.3e-05   19.4   0.1    31    65     5    39     2    45 0.90 -
TRINITY_DN33670_c0_g1_i1:10-225   -             72 11724at3041          -            418   7.9e-07   24.7   0.7   2   2     0.045       1.1    4.5   0.0    31    54    47    70    44    72 0.89 -
TRINITY_DN4860_c0_g2_i1:5-304     -            100 11724at3041          -            418   2.4e-06   23.1   0.3   1   3       4.8   1.2e+02   -2.2   0.0    44    65     2    23     1    27 0.80 -
TRINITY_DN4860_c0_g2_i1:5-304     -            100 11724at3041          -            418   2.4e-06   23.1   0.3   2   3   0.00014    0.0034   12.8   0.1    30    65    30    65    11    70 0.91 -
TRINITY_DN4860_c0_g2_i1:5-304     -            100 11724at3041          -            418   2.4e-06   23.1   0.3   3   3    0.0022     0.053    8.8   0.0    30    58    72   100    67   100 0.91 -
TRINITY_DN3003_c1_g1_i1:35-337    -            101 11724at3041          -            418     5e-06   22.1   0.1   1   1   2.6e-07   6.4e-06   21.7   0.1    31    64     6    39     2    44 0.90 -
TRINITY_DN180_c0_g1_i1:0-404      -            135 11724at3041          -            418   1.5e-05   20.5   0.3   1   2   1.9e-05   0.00046   15.6   0.1    30    66    21    57    17    61 0.90 -
TRINITY_DN180_c0_g1_i1:0-404      -            135 11724at3041          -            418   1.5e-05   20.5   0.3   2   2       0.1       2.4    3.3   0.0    30    66    63    99    58   102 0.89 -
TRINITY_DN2811_c0_g1_i2:2-220     -             73 11724at3041          -            418   2.1e-05   20.0   0.0   1   1   8.8e-07   2.1e-05   20.0   0.0    31    66    34    69     5    71 0.91 -
TRINITY_DN1175_c0_g1_i6:612-2342  -            577 11724at3041          -            418   2.3e-05   19.9   4.9   1   6     0.043       1.1    4.5   0.0    39    77     4    44     1    53 0.83 -
TRINITY_DN1175_c0_g1_i6:612-2342  -            577 11724at3041          -            418   2.3e-05   19.9   4.9   2   6       2.3        55   -1.1   0.0    20    56   287   323   269   328 0.76 -
TRINITY_DN1175_c0_g1_i6:612-2342  -            577 11724at3041          -            418   2.3e-05   19.9   4.9   3   6     0.013      0.31    6.3   0.0    30    62   339   371   334   381 0.89 -
TRINITY_DN1175_c0_g1_i6:612-2342  -            577 11724at3041          -            418   2.3e-05   19.9   4.9   4   6       8.8   2.1e+02   -3.1   0.0    29    58   422   451   393   457 0.77 -
TRINITY_DN1175_c0_g1_i6:612-2342  -            577 11724at3041          -            418   2.3e-05   19.9   4.9   5   6       2.4        58   -1.2   0.0    31    65   468   502   463   507 0.87 -
TRINITY_DN1175_c0_g1_i6:612-2342  -            577 11724at3041          -            418   2.3e-05   19.9   4.9   6   6     0.012      0.28    6.4   0.0    30    64   509   543   503   547 0.90 -
TRINITY_DN775_c0_g1_i2:9-815      -            269 11724at3041          -            418   2.5e-05   19.8   0.1   1   3     0.025       0.6    5.3   0.0    30    61     2    33     1    41 0.88 -
TRINITY_DN775_c0_g1_i2:9-815      -            269 11724at3041          -            418   2.5e-05   19.8   0.1   2   3    0.0019     0.045    9.0   0.0    30    72    44    84    39   128 0.74 -
TRINITY_DN775_c0_g1_i2:9-815      -            269 11724at3041          -            418   2.5e-05   19.8   0.1   3   3      0.31       7.5    1.7   0.0    31    57   239   265   235   268 0.87 -
TRINITY_DN775_c0_g1_i1:9-1010     -            334 11724at3041          -            418     3e-05   19.5   0.1   1   3     0.017      0.41    5.9   0.0    29    61    66    98    62   106 0.89 -
TRINITY_DN775_c0_g1_i1:9-1010     -            334 11724at3041          -            418     3e-05   19.5   0.1   2   3    0.0027     0.066    8.5   0.0    30    71   109   148   104   192 0.74 -
TRINITY_DN775_c0_g1_i1:9-1010     -            334 11724at3041          -            418     3e-05   19.5   0.1   3   3      0.41       9.9    1.3   0.0    31    57   304   330   300   333 0.87 -
TRINITY_DN1795_c0_g2_i1:15-482    -            156 11724at3041          -            418     4e-05   19.1   0.8   1   4      0.12       2.9    3.1   0.0    33    64     2    33     1    38 0.89 -
TRINITY_DN1795_c0_g2_i1:15-482    -            156 11724at3041          -            418     4e-05   19.1   0.8   2   4       0.1       2.5    3.3   0.0    31    64    42    77    35    82 0.83 -
TRINITY_DN1795_c0_g2_i1:15-482    -            156 11724at3041          -            418     4e-05   19.1   0.8   3   4     0.035      0.84    4.9   0.0    32    64    87   119    80   124 0.90 -
TRINITY_DN1795_c0_g2_i1:15-482    -            156 11724at3041          -            418     4e-05   19.1   0.8   4   4     0.062       1.5    4.0   0.0    31    57   128   154   124   156 0.90 -
TRINITY_DN38465_c0_g1_i1:148-573  -            142 11724at3041          -            418     4e-05   19.1   0.1   1   2   0.00013    0.0031   12.9   0.0     3    48    39    85    38    92 0.88 -
TRINITY_DN38465_c0_g1_i1:148-573  -            142 11724at3041          -            418     4e-05   19.1   0.1   2   2     0.051       1.2    4.3   0.0    30    50   115   135   109   142 0.84 -
TRINITY_DN16795_c0_g1_i1:74-286   -             71 11724at3041          -            418   4.9e-05   18.8   0.3   1   2   1.8e-05   0.00044   15.7   0.0    29    60     5    36     1    57 0.86 -
TRINITY_DN16795_c0_g1_i1:74-286   -             71 11724at3041          -            418   4.9e-05   18.8   0.3   2   2      0.14       3.3    2.9   0.0    30    50    48    68    34    71 0.80 -
TRINITY_DN4860_c0_g3_i1:10-195    -             62 11724at3041          -            418   8.9e-05   18.0   0.0   1   2   0.00015    0.0037   12.6   0.0    35    66     1    32     1    36 0.92 -
TRINITY_DN4860_c0_g3_i1:10-195    -             62 11724at3041          -            418   8.9e-05   18.0   0.0   2   2     0.063       1.5    4.0   0.0    31    49    39    57    33    61 0.87 -
TRINITY_DN180_c0_g1_i2:0-296      -             99 11724at3041          -            418   0.00013   17.4   0.3   1   2   9.6e-06   0.00023   16.6   0.1    30    66    21    57    17    62 0.90 -
TRINITY_DN180_c0_g1_i2:0-296      -             99 11724at3041          -            418   0.00013   17.4   0.3   2   2         5   1.2e+02   -2.3   0.0    30    51    63    84    58    85 0.82 -
TRINITY_DN1996_c0_g1_i2:226-981   -            252 11724at3041          -            418   0.00018   16.9   1.6   1   4       3.4        82   -1.7   0.0    38    64    11    37     6    44 0.85 -
TRINITY_DN1996_c0_g1_i2:226-981   -            252 11724at3041          -            418   0.00018   16.9   1.6   2   4      0.36       8.7    1.5   0.1    30    63    45    77    21   103 0.78 -
TRINITY_DN1996_c0_g1_i2:226-981   -            252 11724at3041          -            418   0.00018   16.9   1.6   3   4      0.27       6.5    1.9   0.0    33    62   136   165   131   171 0.86 -
TRINITY_DN1996_c0_g1_i2:226-981   -            252 11724at3041          -            418   0.00018   16.9   1.6   4   4   0.00071     0.017   10.4   0.0    31    58   225   252   218   252 0.89 -
TRINITY_DN17402_c3_g1_i1:6-182    -             59 11724at3041          -            418   0.00021   16.7   0.0   1   2   0.00063     0.015   10.6   0.0    35    66     2    33     1    38 0.92 -
TRINITY_DN17402_c3_g1_i1:6-182    -             59 11724at3041          -            418   0.00021   16.7   0.0   2   2     0.033       0.8    4.9   0.0    31    50    40    59    33    59 0.90 -
TRINITY_DN1795_c2_g1_i2:4-363     -            120 11724at3041          -            418   0.00033   16.1   0.1   1   2   0.00017    0.0041   12.5   0.1    32    75    23    67    13    69 0.87 -
TRINITY_DN1795_c2_g1_i2:4-363     -            120 11724at3041          -            418   0.00033   16.1   0.1   2   2     0.095       2.3    3.4   0.0    31    65    64    98    59   102 0.87 -
TRINITY_DN5113_c0_g1_i1:188-661   -            158 11724at3041          -            418   0.00034   16.0   0.0   1   1     2e-05   0.00049   15.5   0.0    36    59     6    29     2    37 0.88 -
TRINITY_DN1996_c0_g1_i1:801-1163  -            121 11724at3041          -            418   0.00036   16.0   0.2   1   2     0.087       2.1    3.6   0.0    33    62     6    35     3    42 0.86 -
TRINITY_DN1996_c0_g1_i1:801-1163  -            121 11724at3041          -            418   0.00036   16.0   0.2   2   2    0.0006     0.015   10.7   0.0    31    56    95   120    87   121 0.88 -
TRINITY_DN12596_c0_g1_i1:85-309   -             75 11724at3041          -            418   0.00043   15.7   0.1   1   2   0.00017    0.0042   12.4   0.0    32    69     5    42     2    54 0.84 -
TRINITY_DN12596_c0_g1_i1:85-309   -             75 11724at3041          -            418   0.00043   15.7   0.1   2   2      0.17       4.2    2.6   0.0    34    57    49    72    45    74 0.90 -
TRINITY_DN13958_c0_g1_i2:67-390   -            108 11724at3041          -            418    0.0005   15.5   0.0   1   1   2.5e-05   0.00061   15.2   0.0    30    65    65   100    36   105 0.85 -
TRINITY_DN7223_c0_g1_i1:85-321    -             79 11724at3041          -            418   0.00056   15.3   0.0   1   1   2.6e-05   0.00062   15.2   0.0    30    64     4    38     2    57 0.90 -
TRINITY_DN180_c0_g2_i3:577-816    -             80 11724at3041          -            418    0.0008   14.8   0.0   1   1   3.4e-05   0.00083   14.8   0.0    29    64    17    52     4    63 0.91 -
TRINITY_DN13578_c0_g1_i1:101-820  -            240 11724at3041          -            418   0.00093   14.6   0.1   1   1   9.9e-05    0.0024   13.3   0.1    31    63    73   105    68   110 0.89 -
TRINITY_DN1175_c0_g1_i7:168-920   -            251 11724at3041          -            418    0.0016   13.9   0.0   1   3       4.1        98   -1.9   0.0    30    64    91   125    87   132 0.81 -
TRINITY_DN1175_c0_g1_i7:168-920   -            251 11724at3041          -            418    0.0016   13.9   0.0   2   3   0.00029    0.0071   11.7   0.0    26    61   130   165   126   174 0.88 -
TRINITY_DN1175_c0_g1_i7:168-920   -            251 11724at3041          -            418    0.0016   13.9   0.0   3   3       5.8   1.4e+02   -2.5   0.0    29    62   176   209   167   211 0.84 -
TRINITY_DN1175_c0_g1_i3:35-646    -            204 11724at3041          -            418    0.0021   13.5   0.0   1   2   0.00021    0.0051   12.2   0.0    26    62    19    55    17    64 0.87 -
TRINITY_DN1175_c0_g1_i3:35-646    -            204 11724at3041          -            418    0.0021   13.5   0.0   2   2       4.1     1e+02   -2.0   0.0    29    62    65    98    55   100 0.85 -
TRINITY_DN180_c0_g2_i1:129-524    -            132 11724at3041          -            418    0.0024   13.3   0.0   1   2   0.00017    0.0042   12.4   0.0    30    64     4    38     2    53 0.93 -
TRINITY_DN180_c0_g2_i1:129-524    -            132 11724at3041          -            418    0.0024   13.3   0.0   2   2       8.8   2.1e+02   -3.1   0.0   119   142    92   115    76   126 0.56 -
TRINITY_DN1795_c2_g2_i1:35-256    -             74 11724at3041          -            418    0.0024   13.2   0.1   1   1    0.0001    0.0025   13.2   0.1    32    66    29    63     7    67 0.92 -
TRINITY_DN1175_c0_g1_i6:1497-2126 -            210 11724at3041          -            418     0.003   12.9   0.0   1   3    0.0032     0.079    8.3   0.0    30    62    44    76    39    85 0.89 -
TRINITY_DN1175_c0_g1_i6:1497-2126 -            210 11724at3041          -            418     0.003   12.9   0.0   2   3       1.5        36   -0.5   0.0    28    58   126   156    97   168 0.76 -
TRINITY_DN1175_c0_g1_i6:1497-2126 -            210 11724at3041          -            418     0.003   12.9   0.0   3   3      0.63        15    0.7   0.0    31    65   173   207   165   209 0.87 -
TRINITY_DN8566_c0_g1_i1:497-1114  -            206 11724at3041          -            418    0.0031   12.9   0.5   1   2    0.0076      0.19    7.0   0.0    30    57   136   163   121   172 0.83 -
TRINITY_DN8566_c0_g1_i1:497-1114  -            206 11724at3041          -            418    0.0031   12.9   0.5   2   2     0.054       1.3    4.2   0.1    33    56   183   206   180   206 0.91 -
TRINITY_DN1661_c0_g1_i1:52-618    -            189 11724at3041          -            418    0.0041   12.5   2.9   1   5     0.073       1.8    3.8   0.0    39    65     2    28     1    32 0.91 -
TRINITY_DN1661_c0_g1_i1:52-618    -            189 11724at3041          -            418    0.0041   12.5   2.9   2   5     0.036      0.87    4.8   0.1    32    66    37    71    33    76 0.90 -
TRINITY_DN1661_c0_g1_i1:52-618    -            189 11724at3041          -            418    0.0041   12.5   2.9   3   5       1.4        35   -0.5   0.0    31    65    78   112    74   116 0.85 -
TRINITY_DN1661_c0_g1_i1:52-618    -            189 11724at3041          -            418    0.0041   12.5   2.9   4   5       0.8        19    0.4   0.0    32    65   123   156   120   160 0.88 -
TRINITY_DN1661_c0_g1_i1:52-618    -            189 11724at3041          -            418    0.0041   12.5   2.9   5   5       3.2        79   -1.6   0.0    32    55   165   188   161   189 0.85 -
TRINITY_DN1175_c0_g1_i9:291-851   -            187 11724at3041          -            418    0.0053   12.1   0.1   1   2      0.47        11    1.1   0.0    31    65    42    76    35    81 0.87 -
TRINITY_DN1175_c0_g1_i9:291-851   -            187 11724at3041          -            418    0.0053   12.1   0.1   2   2    0.0026     0.063    8.6   0.0    30    64    83   117    79   121 0.90 -
TRINITY_DN1133_c0_g1_i4:2-1711    -            570 11724at3041          -            418    0.0068   11.8   0.0   1   3       1.3        31   -0.3   0.0    29    65    51    89    39    91 0.83 -
TRINITY_DN1133_c0_g1_i4:2-1711    -            570 11724at3041          -            418    0.0068   11.8   0.0   2   3    0.0045      0.11    7.8   0.0    25    65   326   366   319   400 0.91 -
TRINITY_DN1133_c0_g1_i4:2-1711    -            570 11724at3041          -            418    0.0068   11.8   0.0   3   3       5.8   1.4e+02   -2.5   0.0    33    64   462   493   458   496 0.88 -
TRINITY_DN6803_c0_g1_i1:398-850   -            151 11724at3041          -            418     0.008   11.5   0.5   1   4     0.029       0.7    5.1   0.0    32    64     1    33     1    38 0.91 -
TRINITY_DN6803_c0_g1_i1:398-850   -            151 11724at3041          -            418     0.008   11.5   0.5   2   4      0.81        20    0.3   0.0    27    65    38    76    32   102 0.82 -
TRINITY_DN6803_c0_g1_i1:398-850   -            151 11724at3041          -            418     0.008   11.5   0.5   3   4       1.1        26   -0.0   0.0    32    57    85   110    78   118 0.87 -
TRINITY_DN6803_c0_g1_i1:398-850   -            151 11724at3041          -            418     0.008   11.5   0.5   4   4      0.36       8.6    1.5   0.0    30    53   125   148   122   151 0.86 -
TRINITY_DN10109_c0_g2_i1:23-394   -            124 11724at3041          -            418    0.0082   11.5   0.1   1   1   0.00056     0.014   10.8   0.1    27    56    51    80    49   104 0.83 -
TRINITY_DN849_c0_g1_i5:429-1148   -            240 11724at3041          -            418    0.0091   11.3   0.0   1   3     0.091       2.2    3.5   0.0    36    63     7    34     4    38 0.90 -
TRINITY_DN849_c0_g1_i5:429-1148   -            240 11724at3041          -            418    0.0091   11.3   0.0   2   3     0.032      0.79    5.0   0.0    44    64    85   105    82   113 0.89 -
TRINITY_DN849_c0_g1_i5:429-1148   -            240 11724at3041          -            418    0.0091   11.3   0.0   3   3       9.5   2.3e+02   -3.2   0.0    31    47   157   173   153   177 0.82 -
TRINITY_DN1074_c0_g2_i17:162-665  -            168 11724at3041          -            418     0.011   11.0   0.0   1   3       4.8   1.2e+02   -2.2   0.0    32    64     1    32     1    35 0.74 -
TRINITY_DN1074_c0_g2_i17:162-665  -            168 11724at3041          -            418     0.011   11.0   0.0   2   3       1.1        26   -0.0   0.0    32    57    50    75    42    90 0.82 -
TRINITY_DN1074_c0_g2_i17:162-665  -            168 11724at3041          -            418     0.011   11.0   0.0   3   3    0.0038     0.092    8.0   0.0     8    57   115   167   111   168 0.85 -
TRINITY_DN5993_c0_g1_i1:216-635   -            140 11724at3041          -            418     0.012   11.0   0.0   1   1    0.0006     0.015   10.7   0.0    28    59    39    70    35   102 0.90 -
TRINITY_DN9611_c0_g1_i1:10-723    -            238 11724at3041          -            418     0.013   10.8   0.2   1   2      0.19       4.5    2.5   0.0   375   398   101   123    32   130 0.86 -
TRINITY_DN9611_c0_g1_i1:10-723    -            238 11724at3041          -            418     0.013   10.8   0.2   2   2     0.016      0.39    6.0   0.1    30    53   212   235   207   238 0.87 -
TRINITY_DN12406_c0_g1_i1:6-428    -            141 11724at3041          -            418     0.014   10.7   0.9   1   1    0.0007     0.017   10.4   0.9    32    66    28    62    21   135 0.78 -
TRINITY_DN25062_c0_g1_i1:104-436  -            111 11724at3041          -            418     0.015   10.6   0.3   1   3    0.0021      0.05    8.9   0.1    34    63     1    30     1    34 0.89 -
TRINITY_DN25062_c0_g1_i1:104-436  -            111 11724at3041          -            418     0.015   10.6   0.3   2   3       8.7   2.1e+02   -3.0   0.0    44    66    53    75    51    80 0.73 -
TRINITY_DN25062_c0_g1_i1:104-436  -            111 11724at3041          -            418     0.015   10.6   0.3   3   3       2.6        63   -1.3   0.0    31    57    82   108    76   110 0.82 -
#
# Program:         hmmsearch
# Version:         3.2.1 (June 2018)
# Pipeline mode:   SEARCH
# Query file:      /sw/bioinfo/BUSCO/v5_lineage_sets/lineages/chlorophyta_odb10/hmms/11724at3041.hmm
# Target file:     /crex/proj/snic2022-23-81/expression_algae/code/busco/trinity_VA-3180-Osg12Sin/run_chlorophyta_odb10/metaeuk_output/rerun_results/trinity_VA-3180-Osg12Sin.Trinity.fasta.modified.fas
# Option settings: hmmsearch --domtblout /crex/proj/snic2022-23-81/expression_algae/code/busco/trinity_VA-3180-Osg12Sin/run_chlorophyta_odb10/hmmer_output/rerun_results/11724at3041.out --cpu 1 /sw/bioinfo/BUSCO/v5_lineage_sets/lineages/chlorophyta_odb10/hmms/11724at3041.hmm /crex/proj/snic2022-23-81/expression_algae/code/busco/trinity_VA-3180-Osg12Sin/run_chlorophyta_odb10/metaeuk_output/rerun_results/trinity_VA-3180-Osg12Sin.Trinity.fasta.modified.fas 
# Current dir:     /crex/proj/snic2022-23-81/expression_algae/code/busco
# Date:            Fri Sep 23 10:13:13 2022
# [ok]
