#                                                                                         --- full sequence --- -------------- this domain -------------   hmm coord   ali coord   env coord
# target name                     accession   tlen query name           accession   qlen   E-value  score  bias   #  of  c-Evalue  i-Evalue  score  bias  from    to  from    to  from    to  acc description of target
#             ------------------- ---------- ----- -------------------- ---------- ----- --------- ------ ----- --- --- --------- --------- ------ ----- ----- ----- ----- ----- ----- ----- ---- ---------------------
TRINITY_DN19190_c0_g1_i1:8-541    -            178 1535at3041           -            275   2.8e-63  210.1   0.5   1   1     6e-64     9e-63  208.4   0.5   145   275    12   171     7   171 0.86 -
TRINITY_DN1661_c0_g1_i1:52-618    -            189 1535at3041           -            275   8.1e-17   57.7   2.4   1   3    0.0014     0.022   10.3   0.0    94   115     5    26     2    32 0.83 -
TRINITY_DN1661_c0_g1_i1:52-618    -            189 1535at3041           -            275   8.1e-17   57.7   2.4   2   3   4.3e-08   6.5e-07   25.2   0.1    50   112    39   107    30   117 0.76 -
TRINITY_DN1661_c0_g1_i1:52-618    -            189 1535at3041           -            275   8.1e-17   57.7   2.4   3   3   3.6e-06   5.4e-05   18.9   0.1    44    79   119   154   112   189 0.72 -
TRINITY_DN528_c0_g1_i2:17-475     -            153 1535at3041           -            275     4e-16   55.4  11.3   1   2   5.7e-12   8.5e-11   37.9   3.9    12   118     2   120     1   122 0.80 -
TRINITY_DN528_c0_g1_i2:17-475     -            153 1535at3041           -            275     4e-16   55.4  11.3   2   2   4.1e-09   6.2e-08   28.5   0.8     9    73    83   153    79   153 0.83 -
TRINITY_DN2811_c0_g1_i1:2-376     -            125 1535at3041           -            275   6.1e-15   51.5   2.2   1   2   1.4e-09   2.1e-08   30.1   0.7    19    82     1    69     1    76 0.83 -
TRINITY_DN2811_c0_g1_i1:2-376     -            125 1535at3041           -            275   6.1e-15   51.5   2.2   2   2   4.3e-07   6.5e-06   21.9   0.0    45    85    74   115    70   121 0.83 -
TRINITY_DN1996_c0_g1_i2:226-981   -            252 1535at3041           -            275   9.2e-15   50.9  11.6   1   4   0.00049    0.0073   11.9   0.1    88   113     9    34     4    39 0.79 -
TRINITY_DN1996_c0_g1_i2:226-981   -            252 1535at3041           -            275   9.2e-15   50.9  11.6   2   4   6.5e-06   9.7e-05   18.0   0.4    43   112    42   121    35   128 0.77 -
TRINITY_DN1996_c0_g1_i2:226-981   -            252 1535at3041           -            275   9.2e-15   50.9  11.6   3   4   3.1e-05   0.00047   15.8   0.9    12    78    91   165    87   169 0.78 -
TRINITY_DN1996_c0_g1_i2:226-981   -            252 1535at3041           -            275   9.2e-15   50.9  11.6   4   4     5e-06   7.5e-05   18.4   0.7     8    73   172   251   168   252 0.75 -
TRINITY_DN7223_c0_g2_i1:24-554    -            177 1535at3041           -            275   1.3e-13   47.1  14.5   1   3   3.4e-05   0.00052   15.7   0.3    36    80    14    58     1    69 0.73 -
TRINITY_DN7223_c0_g2_i1:24-554    -            177 1535at3041           -            275   1.3e-13   47.1  14.5   2   3   1.1e-11   1.7e-10   36.9   2.9    10   114    24   140    23   146 0.77 -
TRINITY_DN7223_c0_g2_i1:24-554    -            177 1535at3041           -            275   1.3e-13   47.1  14.5   3   3   6.5e-05   0.00097   14.8   0.3    45   108   107   176   100   177 0.78 -
TRINITY_DN4860_c1_g1_i2:142-744   -            201 1535at3041           -            275   2.2e-13   46.4   5.2   1   3    0.0028     0.043    9.4   0.1    50    80     6    36     2    44 0.75 -
TRINITY_DN4860_c1_g1_i2:142-744   -            201 1535at3041           -            275   2.2e-13   46.4   5.2   2   3   2.7e-06     4e-05   19.3   0.3    10    78    44   118    40   130 0.79 -
TRINITY_DN4860_c1_g1_i2:142-744   -            201 1535at3041           -            275   2.2e-13   46.4   5.2   3   3   2.3e-06   3.4e-05   19.5   0.2    47   109   129   198   113   201 0.78 -
TRINITY_DN21349_c0_g1_i1:1-489    -            163 1535at3041           -            275   2.6e-13   46.2   2.5   1   3    0.0093      0.14    7.7   0.0    96   114    11    29     3    49 0.67 -
TRINITY_DN21349_c0_g1_i1:1-489    -            163 1535at3041           -            275   2.6e-13   46.2   2.5   2   3   2.7e-08     4e-07   25.9   0.3    59   117    52   116    39   130 0.78 -
TRINITY_DN21349_c0_g1_i1:1-489    -            163 1535at3041           -            275   2.6e-13   46.2   2.5   3   3   1.2e-08   1.9e-07   27.0   0.1    56   116    91   157    78   162 0.76 -
TRINITY_DN1795_c0_g2_i1:15-482    -            156 1535at3041           -            275   4.8e-13   45.3   6.4   1   3   0.00081     0.012   11.2   0.1    48    80     1    33     1    40 0.89 -
TRINITY_DN1795_c0_g2_i1:15-482    -            156 1535at3041           -            275   4.8e-13   45.3   6.4   2   3   3.4e-09   5.2e-08   28.8   1.0    38   114    33   117    31   123 0.75 -
TRINITY_DN1795_c0_g2_i1:15-482    -            156 1535at3041           -            275   4.8e-13   45.3   6.4   3   3    0.0044     0.066    8.8   0.0    43    74   124   155   115   156 0.81 -
TRINITY_DN1175_c0_g1_i4:764-2551  -            596 1535at3041           -            275     2e-12   43.3  23.4   1   6    0.0026     0.039    9.5   0.0   159   225     9    75     4    85 0.88 -
TRINITY_DN1175_c0_g1_i4:764-2551  -            596 1535at3041           -            275     2e-12   43.3  23.4   2   6     0.029      0.44    6.1   0.2     8    82    85   167    78   179 0.67 -
TRINITY_DN1175_c0_g1_i4:764-2551  -            596 1535at3041           -            275     2e-12   43.3  23.4   3   6      0.43       6.4    2.2   0.0    42    82   211   250   180   258 0.79 -
TRINITY_DN1175_c0_g1_i4:764-2551  -            596 1535at3041           -            275     2e-12   43.3  23.4   4   6   5.5e-05   0.00083   15.0   0.1     4    77   332   412   328   425 0.80 -
TRINITY_DN1175_c0_g1_i4:764-2551  -            596 1535at3041           -            275     2e-12   43.3  23.4   5   6   0.00038    0.0057   12.2   0.2    26    75   446   495   433   506 0.86 -
TRINITY_DN1175_c0_g1_i4:764-2551  -            596 1535at3041           -            275     2e-12   43.3  23.4   6   6    0.0037     0.055    9.0   3.4    16    77   515   583   509   587 0.79 -
TRINITY_DN10493_c0_g1_i1:11-379   -            123 1535at3041           -            275   3.2e-12   42.6   0.3   1   3   0.00094     0.014   11.0   0.0    96   118     3    25     1    38 0.83 -
TRINITY_DN10493_c0_g1_i1:11-379   -            123 1535at3041           -            275   3.2e-12   42.6   0.3   2   3   1.1e-05   0.00017   17.2   0.0    93   132    43    81    34    87 0.79 -
TRINITY_DN10493_c0_g1_i1:11-379   -            123 1535at3041           -            275   3.2e-12   42.6   0.3   3   3   0.00045    0.0067   12.0   0.0    92   118    86   112    73   119 0.85 -
TRINITY_DN1795_c0_g4_i1:64-516    -            151 1535at3041           -            275   3.8e-12   42.4   0.7   1   2   9.7e-06   0.00015   17.5   0.1    53   115     3    71     1    76 0.78 -
TRINITY_DN1795_c0_g4_i1:64-516    -            151 1535at3041           -            275   3.8e-12   42.4   0.7   2   2   1.6e-09   2.4e-08   29.9   0.1    11   110    39   150    36   151 0.81 -
TRINITY_DN2811_c0_g1_i3:161-391   -             77 1535at3041           -            275   4.9e-12   42.0   1.0   1   1   9.6e-13   1.4e-11   40.4   1.0    11    76     6    77     2    77 0.87 -
TRINITY_DN34762_c0_g1_i1:79-567   -            163 1535at3041           -            275   1.3e-11   40.6   0.2   1   2   2.3e-07   3.5e-06   22.8   0.0    48   115     1    79     1    86 0.73 -
TRINITY_DN34762_c0_g1_i1:79-567   -            163 1535at3041           -            275   1.3e-11   40.6   0.2   2   2   8.3e-06   0.00013   17.7   0.0    10    90    46   141    45   162 0.63 -
TRINITY_DN4860_c1_g1_i1:96-680    -            195 1535at3041           -            275     2e-11   40.0   5.5   1   3   1.2e-05   0.00018   17.1   0.5    49   114     5    76     2    82 0.69 -
TRINITY_DN4860_c1_g1_i1:96-680    -            195 1535at3041           -            275     2e-11   40.0   5.5   2   3   2.4e-06   3.6e-05   19.5   0.4    10    78    44   118    38   130 0.80 -
TRINITY_DN4860_c1_g1_i1:96-680    -            195 1535at3041           -            275     2e-11   40.0   5.5   3   3   0.00019    0.0028   13.3   0.2    47    91   129   174   113   195 0.71 -
TRINITY_DN1795_c0_g3_i2:3-338     -            112 1535at3041           -            275   9.7e-11   37.7   3.4   1   2     4e-07     6e-06   22.0   0.5    56   127     2    80     1    81 0.78 -
TRINITY_DN1795_c0_g3_i2:3-338     -            112 1535at3041           -            275   9.7e-11   37.7   3.4   2   2   2.9e-07   4.4e-06   22.5   0.1    11    79    35   109    33   112 0.79 -
TRINITY_DN1795_c0_g1_i1:3-404     -            134 1535at3041           -            275     1e-10   37.6   3.0   1   3      0.76        11    1.4   0.0    98   112     3    17     1    27 0.59 -
TRINITY_DN1795_c0_g1_i1:3-404     -            134 1535at3041           -            275     1e-10   37.6   3.0   2   3   1.3e-10     2e-09   33.4   0.4    46   117    29   106    19   112 0.77 -
TRINITY_DN1795_c0_g1_i1:3-404     -            134 1535at3041           -            275     1e-10   37.6   3.0   3   3       1.2        18    0.8   0.0     9    28   112   131   107   134 0.83 -
TRINITY_DN29416_c0_g1_i1:40-381   -            114 1535at3041           -            275   1.1e-10   37.5   0.7   1   2   4.2e-08   6.3e-07   25.2   0.0    52   114    10    78     3    85 0.76 -
TRINITY_DN29416_c0_g1_i1:40-381   -            114 1535at3041           -            275   1.1e-10   37.5   0.7   2   2   0.00074     0.011   11.3   0.1    45    72    87   114    79   114 0.91 -
TRINITY_DN30718_c0_g1_i1:129-521  -            131 1535at3041           -            275   1.1e-10   37.5   0.7   1   2   3.8e-09   5.7e-08   28.6   0.1    59   115    17    77    10    95 0.83 -
TRINITY_DN30718_c0_g1_i1:129-521  -            131 1535at3041           -            275   1.1e-10   37.5   0.7   2   2    0.0075      0.11    8.0   0.1    57    90    95   129    76   130 0.82 -
TRINITY_DN1175_c0_g1_i6:612-2342  -            577 1535at3041           -            275   1.2e-10   37.4  11.6   1   4     0.054      0.82    5.2   0.1    54   124     3    74     1    88 0.75 -
TRINITY_DN1175_c0_g1_i6:612-2342  -            577 1535at3041           -            275   1.2e-10   37.4  11.6   2   4      0.12       1.7    4.1   0.0    50   123    80   164    75   176 0.70 -
TRINITY_DN1175_c0_g1_i6:612-2342  -            577 1535at3041           -            275   1.2e-10   37.4  11.6   3   4   3.6e-08   5.4e-07   25.4   1.9    51   225   218   411   194   420 0.71 -
TRINITY_DN1175_c0_g1_i6:612-2342  -            577 1535at3041           -            275   1.2e-10   37.4  11.6   4   4     0.027      0.41    6.2   0.1     8    82   421   503   414   514 0.66 -
TRINITY_DN895_c0_g1_i3:189-860    -            224 1535at3041           -            275   3.8e-10   35.8   2.5   1   3     0.046      0.68    5.4   0.0    46    75    20    49    10    58 0.87 -
TRINITY_DN895_c0_g1_i3:189-860    -            224 1535at3041           -            275   3.8e-10   35.8   2.5   2   3   4.8e-06   7.2e-05   18.5   0.4     9    83    59   136    55   143 0.81 -
TRINITY_DN895_c0_g1_i3:189-860    -            224 1535at3041           -            275   3.8e-10   35.8   2.5   3   3    0.0012     0.018   10.6   0.0    12    86   142   222   138   223 0.81 -
TRINITY_DN1133_c0_g1_i4:2-1711    -            570 1535at3041           -            275   5.7e-10   35.2   3.2   1   6       1.5        22    0.5   0.0    69    90    33    55     7    96 0.56 -
TRINITY_DN1133_c0_g1_i4:2-1711    -            570 1535at3041           -            275   5.7e-10   35.2   3.2   2   6       5.3        80   -1.4   0.0   133   203   202   272   199   278 0.74 -
TRINITY_DN1133_c0_g1_i4:2-1711    -            570 1535at3041           -            275   5.7e-10   35.2   3.2   3   6     0.073       1.1    4.8   0.0    28    73   314   358   283   376 0.68 -
TRINITY_DN1133_c0_g1_i4:2-1711    -            570 1535at3041           -            275   5.7e-10   35.2   3.2   4   6    0.0019     0.029    9.9   0.1    41   111   371   447   360   453 0.67 -
TRINITY_DN1133_c0_g1_i4:2-1711    -            570 1535at3041           -            275   5.7e-10   35.2   3.2   5   6      0.02       0.3    6.6   0.1   187   228   448   492   445   501 0.70 -
TRINITY_DN1133_c0_g1_i4:2-1711    -            570 1535at3041           -            275   5.7e-10   35.2   3.2   6   6   0.00055    0.0083   11.7   0.2    14    82   463   538   462   549 0.72 -
TRINITY_DN10109_c0_g2_i1:23-394   -            124 1535at3041           -            275   8.8e-10   34.6   1.3   1   2      0.41       6.1    2.3   0.0    56    75     5    24     1    33 0.52 -
TRINITY_DN10109_c0_g2_i1:23-394   -            124 1535at3041           -            275   8.8e-10   34.6   1.3   2   2     5e-10   7.5e-09   31.5   0.4    30   110    38   123    32   124 0.88 -
TRINITY_DN1067_c0_g1_i2:202-972   -            257 1535at3041           -            275   1.4e-09   33.9   0.3   1   2    0.0096      0.14    7.6   0.1    13   110     2   112     1   116 0.55 -
TRINITY_DN1067_c0_g1_i2:202-972   -            257 1535at3041           -            275   1.4e-09   33.9   0.3   2   2   5.8e-09   8.6e-08   28.1   0.0    12   117    86   205    81   244 0.75 -
TRINITY_DN180_c0_g2_i1:129-524    -            132 1535at3041           -            275   1.7e-09   33.7   0.2   1   2     2e-06   2.9e-05   19.8   0.0    44   110     2    74     1    82 0.78 -
TRINITY_DN180_c0_g2_i1:129-524    -            132 1535at3041           -            275   1.7e-09   33.7   0.2   2   2   0.00035    0.0053   12.4   0.1    43    88    85   131    79   132 0.85 -
TRINITY_DN4860_c0_g2_i1:5-304     -            100 1535at3041           -            275   1.7e-09   33.6   0.5   1   2     0.022      0.32    6.5   0.0    95   118     1    24     1    30 0.80 -
TRINITY_DN4860_c0_g2_i1:5-304     -            100 1535at3041           -            275   1.7e-09   33.6   0.5   2   2   1.7e-08   2.6e-07   26.5   0.2    44   110    28   100    20   100 0.79 -
TRINITY_DN23427_c0_g1_i1:2-358    -            119 1535at3041           -            275   1.8e-09   33.6   3.5   1   2   2.2e-07   3.3e-06   22.9   2.1    47   116     5    80     1    87 0.74 -
TRINITY_DN23427_c0_g1_i1:2-358    -            119 1535at3041           -            275   1.8e-09   33.6   3.5   2   2    0.0016     0.024   10.2   0.0    46    76    88   118    78   119 0.80 -
TRINITY_DN1031_c0_g1_i1:59-421    -            121 1535at3041           -            275   1.9e-09   33.5   1.9   1   2   3.6e-06   5.4e-05   18.9   0.2    53   113     3    69     1    76 0.71 -
TRINITY_DN1031_c0_g1_i1:59-421    -            121 1535at3041           -            275   1.9e-09   33.5   1.9   2   2   5.5e-05   0.00083   15.0   0.2    38    79    72   113    65   120 0.84 -
TRINITY_DN34983_c0_g1_i1:103-687  -            195 1535at3041           -            275   2.7e-09   33.0   0.4   1   2       1.9        28    0.1   0.0    98   110     2    14     1    25 0.59 -
TRINITY_DN34983_c0_g1_i1:103-687  -            195 1535at3041           -            275   2.7e-09   33.0   0.4   2   2   4.4e-09   6.6e-08   28.4   0.1     6   112    42   160    38   195 0.75 -
TRINITY_DN1067_c0_g1_i1:192-920   -            243 1535at3041           -            275   5.2e-09   32.0   0.1   1   2   5.1e-09   7.7e-08   28.2   0.0    12   118     5   125     2   174 0.76 -
TRINITY_DN1067_c0_g1_i1:192-920   -            243 1535at3041           -            275   5.2e-09   32.0   0.1   2   2      0.93        14    1.1   0.0    13    75   198   224   186   230 0.61 -
TRINITY_DN180_c0_g1_i1:0-404      -            135 1535at3041           -            275   1.6e-08   30.4   0.2   1   1   2.7e-09     4e-08   29.1   0.2    11    77    22    94    12   102 0.82 -
TRINITY_DN1996_c0_g1_i1:76-480    -            135 1535at3041           -            275     3e-08   29.6   0.8   1   3     0.086       1.3    4.5   0.0    82   114     6    38     2    49 0.76 -
TRINITY_DN1996_c0_g1_i1:76-480    -            135 1535at3041           -            275     3e-08   29.6   0.8   2   3   0.00014    0.0021   13.7   0.1    86   114    57    85    49    91 0.81 -
TRINITY_DN1996_c0_g1_i1:76-480    -            135 1535at3041           -            275     3e-08   29.6   0.8   3   3    0.0037     0.056    9.0   0.0    43    75    92   124    84   133 0.85 -
TRINITY_DN2811_c0_g1_i2:2-220     -             73 1535at3041           -            275     3e-08   29.6   0.1   1   1     9e-09   1.3e-07   27.4   0.1    22    78     4    65     1    73 0.75 -
TRINITY_DN5365_c0_g1_i1:830-1567  -            246 1535at3041           -            275   3.1e-08   29.5   1.0   1   2   0.00089     0.013   11.0   0.1    58   120    46   116    15   128 0.69 -
TRINITY_DN5365_c0_g1_i1:830-1567  -            246 1535at3041           -            275   3.1e-08   29.5   1.0   2   2   3.8e-05   0.00057   15.5   0.0    59   113   135   195   117   215 0.67 -
TRINITY_DN13578_c0_g1_i1:101-820  -            240 1535at3041           -            275   6.9e-08   28.4   3.0   1   3     0.052      0.79    5.2   0.0    96   123     1    28     1    60 0.69 -
TRINITY_DN13578_c0_g1_i1:101-820  -            240 1535at3041           -            275   6.9e-08   28.4   3.0   2   3   9.1e-06   0.00014   17.6   0.3    44   128    70   158    30   188 0.65 -
TRINITY_DN13578_c0_g1_i1:101-820  -            240 1535at3041           -            275   6.9e-08   28.4   3.0   3   3     0.049      0.73    5.3   0.1    46    75   205   234   151   238 0.68 -
TRINITY_DN1031_c0_g1_i2:203-508   -            102 1535at3041           -            275   6.9e-08   28.4   1.2   1   1   1.8e-08   2.8e-07   26.4   1.2    38   116    12    96     1   100 0.73 -
TRINITY_DN1996_c0_g1_i1:801-1163  -            121 1535at3041           -            275   8.7e-08   28.0   3.3   1   2     0.012      0.18    7.3   0.1    52    77     9    34     3    38 0.86 -
TRINITY_DN1996_c0_g1_i1:801-1163  -            121 1535at3041           -            275   8.7e-08   28.0   3.3   2   2   1.4e-06     2e-05   20.3   0.7     8    72    42   120    38   121 0.75 -
TRINITY_DN12596_c0_g1_i1:85-309   -             75 1535at3041           -            275   1.2e-07   27.6   1.1   1   2   9.9e-05    0.0015   14.2   0.1    51    80     8    37     3    46 0.85 -
TRINITY_DN12596_c0_g1_i1:85-309   -             75 1535at3041           -            275   1.2e-07   27.6   1.1   2   2   0.00022    0.0033   13.0   0.2    51    76    50    75    38    75 0.89 -
TRINITY_DN1795_c2_g1_i2:4-363     -            120 1535at3041           -            275   1.6e-07   27.2   0.5   1   1   1.2e-08   1.9e-07   27.0   0.5    48   118    23    99     4   118 0.76 -
TRINITY_DN2573_c0_g1_i1:3-242     -             80 1535at3041           -            275   1.9e-07   26.9   0.3   1   1   1.7e-08   2.5e-07   26.5   0.3    10    75     8    79     2    80 0.53 -
TRINITY_DN19397_c0_g1_i1:2-412    -            137 1535at3041           -            275   2.3e-07   26.7   0.1   1   2   0.00041    0.0061   12.1   0.0    48    81    22    55     2    63 0.83 -
TRINITY_DN19397_c0_g1_i1:2-412    -            137 1535at3041           -            275   2.3e-07   26.7   0.1   2   2    0.0002    0.0029   13.2   0.0    55   110    72   134    55   137 0.78 -
TRINITY_DN8181_c0_g2_i1:76-585    -            170 1535at3041           -            275   2.5e-07   26.6   0.1   1   2     0.009      0.13    7.7   0.0    94   128    19    53    10    56 0.90 -
TRINITY_DN8181_c0_g2_i1:76-585    -            170 1535at3041           -            275   2.5e-07   26.6   0.1   2   2   2.2e-05   0.00033   16.3   0.0    11    77    93   166    84   169 0.79 -
TRINITY_DN10109_c0_g1_i1:8-529    -            174 1535at3041           -            275   5.1e-07   25.5   1.3   1   2   0.00045    0.0067   12.0   0.2    44   124    10    95     3   102 0.75 -
TRINITY_DN10109_c0_g1_i1:8-529    -            174 1535at3041           -            275   5.1e-07   25.5   1.3   2   2    0.0004    0.0059   12.2   0.0    63   109   121   173   114   174 0.74 -
TRINITY_DN11663_c0_g1_i1:32-394   -            121 1535at3041           -            275   5.8e-07   25.3   0.2   1   2    0.0022     0.034    9.7   0.0    96   115     2    21     1    28 0.84 -
TRINITY_DN11663_c0_g1_i1:32-394   -            121 1535at3041           -            275   5.8e-07   25.3   0.2   2   2      0.21       3.2    3.2   0.0    12    38    75   102    69   112 0.72 -
TRINITY_DN15052_c0_g1_i1:402-872  -            157 1535at3041           -            275   6.4e-07   25.2   0.7   1   3   0.00069      0.01   11.4   0.1    60   117     1    70     1    80 0.74 -
TRINITY_DN15052_c0_g1_i1:402-872  -            157 1535at3041           -            275   6.4e-07   25.2   0.7   2   3   0.00077     0.012   11.2   0.0    94   118    95   119    76   139 0.81 -
TRINITY_DN15052_c0_g1_i1:402-872  -            157 1535at3041           -            275   6.4e-07   25.2   0.7   3   3       2.5        37   -0.3   0.0    51    74   131   154   119   157 0.69 -
TRINITY_DN15052_c0_g1_i2:402-872  -            157 1535at3041           -            275   6.4e-07   25.2   0.7   1   3   0.00069      0.01   11.4   0.1    60   117     1    70     1    80 0.74 -
TRINITY_DN15052_c0_g1_i2:402-872  -            157 1535at3041           -            275   6.4e-07   25.2   0.7   2   3   0.00077     0.012   11.2   0.0    94   118    95   119    76   139 0.81 -
TRINITY_DN15052_c0_g1_i2:402-872  -            157 1535at3041           -            275   6.4e-07   25.2   0.7   3   3       2.5        37   -0.3   0.0    51    74   131   154   119   157 0.69 -
TRINITY_DN5113_c0_g1_i1:188-661   -            158 1535at3041           -            275   6.9e-07   25.1   0.2   1   2   1.3e-05    0.0002   17.0   0.0    51   117     5    77     2    84 0.79 -
TRINITY_DN5113_c0_g1_i1:188-661   -            158 1535at3041           -            275   6.9e-07   25.1   0.2   2   2     0.025      0.37    6.3   0.0    96   113    99   116    75   124 0.83 -
TRINITY_DN1175_c0_g1_i7:168-920   -            251 1535at3041           -            275   8.2e-07   24.8  13.5   1   3     0.055      0.82    5.2   0.1    46    77     6    37     2    51 0.86 -
TRINITY_DN1175_c0_g1_i7:168-920   -            251 1535at3041           -            275   8.2e-07   24.8  13.5   2   3   9.6e-05    0.0014   14.2   0.2    26    75    71   120    58   136 0.86 -
TRINITY_DN1175_c0_g1_i7:168-920   -            251 1535at3041           -            275   8.2e-07   24.8  13.5   3   3   0.00064    0.0095   11.5   3.0    16    77   140   208   136   222 0.80 -
TRINITY_DN379_c0_g1_i4:169-579    -            137 1535at3041           -            275   8.8e-07   24.7   0.8   1   2     0.057      0.85    5.1   0.1    88   110    12    34     1    45 0.72 -
TRINITY_DN379_c0_g1_i4:169-579    -            137 1535at3041           -            275   8.8e-07   24.7   0.8   2   2   6.1e-06   9.2e-05   18.1   0.1    11    80    49   124    44   135 0.79 -
TRINITY_DN3003_c1_g1_i1:35-337    -            101 1535at3041           -            275   1.3e-06   24.2   0.1   1   2   8.2e-06   0.00012   17.7   0.0    44    80     3    39     1    51 0.81 -
TRINITY_DN3003_c1_g1_i1:35-337    -            101 1535at3041           -            275   1.3e-06   24.2   0.1   2   2     0.046      0.69    5.4   0.0   197   217    49    69    45    72 0.90 -
TRINITY_DN1795_c0_g1_i2:6-278     -             91 1535at3041           -            275   1.6e-06   23.9   1.7   1   3      0.39       5.9    2.4   0.0    98   112     3    17     1    28 0.58 -
TRINITY_DN1795_c0_g1_i2:6-278     -             91 1535at3041           -            275   1.6e-06   23.9   1.7   2   3   2.3e-06   3.5e-05   19.5   0.7    45    81    28    64     9    75 0.79 -
TRINITY_DN1795_c0_g1_i2:6-278     -             91 1535at3041           -            275   1.6e-06   23.9   1.7   3   3      0.82        12    1.3   0.0     9    28    70    89    66    91 0.83 -
TRINITY_DN25062_c0_g1_i1:104-436  -            111 1535at3041           -            275   2.4e-06   23.3   1.8   1   2   7.3e-06   0.00011   17.9   0.4    51   110     2    67     1    77 0.82 -
TRINITY_DN25062_c0_g1_i1:104-436  -            111 1535at3041           -            275   2.4e-06   23.3   1.8   2   2    0.0024     0.036    9.6   0.2     9    73    39   108    36   111 0.77 -
TRINITY_DN40744_c0_g1_i1:172-471  -            100 1535at3041           -            275   2.8e-06   23.1   0.6   1   2   3.1e-06   4.7e-05   19.1   0.1    60   117     3    66     1    75 0.77 -
TRINITY_DN40744_c0_g1_i1:172-471  -            100 1535at3041           -            275   2.8e-06   23.1   0.6   2   2      0.22       3.3    3.2   0.1   196   222    74   100    64   100 0.80 -
TRINITY_DN849_c0_g1_i5:429-1148   -            240 1535at3041           -            275   4.4e-06   22.5   0.0   1   1   6.2e-07   9.4e-06   21.4   0.1     8   110   112   225    86   237 0.78 -
TRINITY_DN1795_c2_g2_i1:35-256    -             74 1535at3041           -            275   7.2e-06   21.8   0.9   1   2     0.024      0.36    6.4   0.1    99   117     2    20     1    25 0.78 -
TRINITY_DN1795_c2_g2_i1:35-256    -             74 1535at3041           -            275   7.2e-06   21.8   0.9   2   2   6.8e-05     0.001   14.7   0.1    48    89    29    71    21    74 0.79 -
TRINITY_DN1175_c0_g1_i6:1497-2126 -            210 1535at3041           -            275   7.6e-06   21.7   1.4   1   2   0.00025    0.0037   12.8   0.1   157   226    48   117    27   126 0.85 -
TRINITY_DN1175_c0_g1_i6:1497-2126 -            210 1535at3041           -            275   7.6e-06   21.7   1.4   2   2    0.0078      0.12    7.9   0.1     8    77   126   203   119   209 0.65 -
TRINITY_DN13972_c0_g1_i2:31-735   -            235 1535at3041           -            275   8.2e-06   21.6   0.3   1   2   4.4e-05   0.00067   15.3   0.1    62   229    13   198     5   199 0.64 -
TRINITY_DN13972_c0_g1_i2:31-735   -            235 1535at3041           -            275   8.2e-06   21.6   0.3   2   2     0.015      0.23    7.0   0.2     9   108   123   232   115   234 0.72 -
TRINITY_DN13972_c0_g1_i3:31-708   -            226 1535at3041           -            275   8.9e-06   21.4   0.3   1   2   3.3e-05   0.00049   15.7   0.1    62   229     4   189     1   193 0.66 -
TRINITY_DN13972_c0_g1_i3:31-708   -            226 1535at3041           -            275   8.9e-06   21.4   0.3   2   2     0.014      0.21    7.1   0.2     9   108   114   223   106   225 0.72 -
TRINITY_DN10159_c0_g1_i1:15-251   -             79 1535at3041           -            275   1.1e-05   21.1   0.1   1   1   8.2e-07   1.2e-05   21.0   0.1    55   115     5    71     1    76 0.78 -
TRINITY_DN17312_c0_g1_i1:84-881   -            266 1535at3041           -            275   2.1e-05   20.2   3.3   1   4      0.29       4.4    2.8   0.0    94   111    28    45    12    55 0.79 -
TRINITY_DN17312_c0_g1_i1:84-881   -            266 1535at3041           -            275   2.1e-05   20.2   3.3   2   4     0.051      0.76    5.3   0.0    12    42    65    96    52   101 0.84 -
TRINITY_DN17312_c0_g1_i1:84-881   -            266 1535at3041           -            275   2.1e-05   20.2   3.3   3   4      0.17       2.6    3.5   0.5    42    75   161   194   123   220 0.56 -
TRINITY_DN17312_c0_g1_i1:84-881   -            266 1535at3041           -            275   2.1e-05   20.2   3.3   4   4     0.049      0.73    5.3   0.0    48    74   239   265   204   266 0.69 -
TRINITY_DN3382_c0_g1_i1:50-274    -             75 1535at3041           -            275   2.2e-05   20.1   0.1   1   1   4.7e-06   7.1e-05   18.5   0.1    47   109     6    75     2    75 0.75 -
TRINITY_DN17312_c0_g1_i2:84-857   -            258 1535at3041           -            275   2.6e-05   19.9   3.7   1   4      0.29       4.3    2.8   0.0    95   111    21    37     6    48 0.79 -
TRINITY_DN17312_c0_g1_i2:84-857   -            258 1535at3041           -            275   2.6e-05   19.9   3.7   2   4     0.048      0.72    5.3   0.0    12    42    57    88    44    93 0.84 -
TRINITY_DN17312_c0_g1_i2:84-857   -            258 1535at3041           -            275   2.6e-05   19.9   3.7   3   4      0.17       2.5    3.6   0.6    42    75   153   186   115   213 0.57 -
TRINITY_DN17312_c0_g1_i2:84-857   -            258 1535at3041           -            275   2.6e-05   19.9   3.7   4   4     0.047      0.71    5.4   0.0    48    74   231   257   198   258 0.68 -
TRINITY_DN16795_c0_g1_i1:74-286   -             71 1535at3041           -            275   2.9e-05   19.8   0.4   1   1   2.1e-06   3.2e-05   19.6   0.4    44   105     4    71     1    71 0.76 -
TRINITY_DN7223_c0_g1_i1:85-321    -             79 1535at3041           -            275     3e-05   19.7   0.2   1   1   3.6e-06   5.3e-05   18.9   0.2    45   108     3    78     1    79 0.73 -
TRINITY_DN5993_c0_g1_i1:216-635   -            140 1535at3041           -            275   5.2e-05   18.9   0.1   1   1   1.7e-05   0.00025   16.7   0.1    32   114    27   114     1   121 0.79 -
TRINITY_DN6803_c0_g1_i1:398-850   -            151 1535at3041           -            275     8e-05   18.3   0.9   1   2    0.0011     0.017   10.7   0.1    13    76     2    71     1    85 0.65 -
TRINITY_DN6803_c0_g1_i1:398-850   -            151 1535at3041           -            275     8e-05   18.3   0.9   2   2     0.052      0.78    5.2   0.0   199   226    87   114    75   138 0.76 -
TRINITY_DN1814_c0_g1_i1:776-1459  -            228 1535at3041           -            275   8.9e-05   18.2   1.5   1   3     0.052      0.78    5.2   0.4    59   121     3    70     1    89 0.72 -
TRINITY_DN1814_c0_g1_i1:776-1459  -            228 1535at3041           -            275   8.9e-05   18.2   1.5   2   3      0.87        13    1.2   0.0    59   111    86   146    77   162 0.58 -
TRINITY_DN1814_c0_g1_i1:776-1459  -            228 1535at3041           -            275   8.9e-05   18.2   1.5   3   3    0.0017     0.026   10.1   0.0    43   108   158   227   141   228 0.70 -
TRINITY_DN18519_c0_g1_i1:4-339    -            112 1535at3041           -            275   0.00011   17.8   0.3   1   2    0.0089      0.13    7.8   0.0    89   115    11    37     5    57 0.68 -
TRINITY_DN18519_c0_g1_i1:4-339    -            112 1535at3041           -            275   0.00011   17.8   0.3   2   2    0.0047      0.07    8.7   0.1    59   108    58   111    46   112 0.75 -
TRINITY_DN33670_c0_g1_i1:10-225   -             72 1535at3041           -            275   0.00012   17.7   1.6   1   1   1.4e-05    0.0002   17.0   1.6    11    72     5    72     2    72 0.73 -
TRINITY_DN180_c0_g2_i3:577-816    -             80 1535at3041           -            275   0.00013   17.6   0.0   1   1   9.9e-06   0.00015   17.4   0.0    42    95    14    67     4    74 0.78 -
TRINITY_DN34529_c0_g1_i1:71-328   -             86 1535at3041           -            275   0.00017   17.2   0.0   1   1   2.3e-05   0.00035   16.2   0.0    10    79     4    79     2    84 0.79 -
TRINITY_DN180_c0_g1_i2:0-296      -             99 1535at3041           -            275   0.00018   17.2   0.2   1   1   3.1e-05   0.00047   15.8   0.1    38    79    13    54     1    76 0.74 -
TRINITY_DN7407_c0_g1_i1:8-544     -            179 1535at3041           -            275   0.00024   16.8   0.5   1   1     6e-05   0.00091   14.9   0.3    10    78    96   175    90   178 0.70 -
TRINITY_DN1133_c0_g1_i2:374-706   -            111 1535at3041           -            275   0.00027   16.6   0.2   1   2         1        15    1.0   0.0    52    73     2    23     1    32 0.83 -
TRINITY_DN1133_c0_g1_i2:374-706   -            111 1535at3041           -            275   0.00027   16.6   0.2   2   2   0.00017    0.0026   13.4   0.1    41   109    36   110    25   111 0.62 -
TRINITY_DN1133_c0_g1_i3:374-706   -            111 1535at3041           -            275   0.00027   16.6   0.2   1   2         1        15    1.0   0.0    52    73     2    23     1    32 0.83 -
TRINITY_DN1133_c0_g1_i3:374-706   -            111 1535at3041           -            275   0.00027   16.6   0.2   2   2   0.00017    0.0026   13.4   0.1    41   109    36   110    25   111 0.62 -
TRINITY_DN1133_c0_g1_i7:374-706   -            111 1535at3041           -            275   0.00027   16.6   0.2   1   2         1        15    1.0   0.0    52    73     2    23     1    32 0.83 -
TRINITY_DN1133_c0_g1_i7:374-706   -            111 1535at3041           -            275   0.00027   16.6   0.2   2   2   0.00017    0.0026   13.4   0.1    41   109    36   110    25   111 0.62 -
TRINITY_DN13424_c0_g1_i1:58-234   -             59 1535at3041           -            275   0.00058   15.5   0.4   1   2      0.57       8.5    1.8   0.0    57    79     1    23     1    38 0.69 -
TRINITY_DN13424_c0_g1_i1:58-234   -             59 1535at3041           -            275   0.00058   15.5   0.4   2   2   0.00024    0.0036   12.9   0.2    48    73    34    59    25    59 0.87 -
TRINITY_DN30952_c0_g1_i1:100-369  -             90 1535at3041           -            275   0.00071   15.2   0.5   1   1       0.1       1.5    4.3   0.0    99   114     6    21     1    35 0.78 -
TRINITY_DN8566_c0_g1_i1:497-1114  -            206 1535at3041           -            275   0.00089   14.9   0.0   1   1   0.00014     0.002   13.7   0.0    48    88   138   177   131   196 0.80 -
TRINITY_DN2582_c0_g1_i2:102-365   -             88 1535at3041           -            275   0.00096   14.8   0.1   1   1   0.00011    0.0016   14.0   0.1    48   112     3    74     1    85 0.71 -
TRINITY_DN1795_c2_g1_i1:16-234    -             73 1535at3041           -            275    0.0011   14.6   0.1   1   1   7.2e-05    0.0011   14.6   0.1    70   118     2    56     1    72 0.62 -
TRINITY_DN6803_c0_g1_i2:102-371   -             90 1535at3041           -            275    0.0013   14.4   0.1   1   1    0.0007      0.01   11.4   0.1    16    75    24    89    20    90 0.50 -
TRINITY_DN9611_c0_g1_i1:10-723    -            238 1535at3041           -            275    0.0015   14.1   0.1   1   2    0.0035     0.052    9.1   0.0    93   129    32    68     9    96 0.79 -
TRINITY_DN9611_c0_g1_i1:10-723    -            238 1535at3041           -            275    0.0015   14.1   0.1   2   2      0.34       5.1    2.6   0.0    44    72   210   238   205   238 0.86 -
TRINITY_DN28455_c0_g1_i1:6-245    -             80 1535at3041           -            275    0.0017   14.0   0.2   1   1    0.0014     0.021   10.4   0.2    48    79     2    34     1    79 0.66 -
TRINITY_DN550_c0_g1_i2:9-701      -            231 1535at3041           -            275    0.0021   13.7   0.0   1   2    0.0015     0.023   10.3   0.0    59   111   121   180   115   194 0.81 -
TRINITY_DN550_c0_g1_i2:9-701      -            231 1535at3041           -            275    0.0021   13.7   0.0   2   2       0.8        12    1.3   0.0     9    36   198   226   193   231 0.82 -
TRINITY_DN4860_c0_g3_i1:10-195    -             62 1535at3041           -            275    0.0023   13.5   0.7   1   2    0.0034     0.051    9.1   0.0    52    78     2    28     1    41 0.85 -
TRINITY_DN4860_c0_g3_i1:10-195    -             62 1535at3041           -            275    0.0023   13.5   0.7   2   2      0.14       2.2    3.8   0.1    50    68    42    60    33    62 0.78 -
TRINITY_DN3100_c0_g1_i1:283-762   -            160 1535at3041           -            275    0.0024   13.5   0.0   1   2    0.0056     0.083    8.4   0.0    12    80     5    79     2    96 0.54 -
TRINITY_DN3100_c0_g1_i1:283-762   -            160 1535at3041           -            275    0.0024   13.5   0.0   2   2      0.22       3.2    3.2   0.0    40    73   126   159    87   160 0.73 -
TRINITY_DN643_c0_g1_i4:23-502     -            160 1535at3041           -            275    0.0025   13.4   0.1   1   2   0.00039    0.0058   12.2   0.0    88   128    39    79    25    88 0.77 -
TRINITY_DN643_c0_g1_i4:23-502     -            160 1535at3041           -            275    0.0025   13.4   0.1   2   2       5.4        82   -1.4   0.0    45    67   116   139    74   158 0.55 -
TRINITY_DN643_c0_g1_i3:232-735    -            168 1535at3041           -            275    0.0025   13.4   0.1   1   2   0.00036    0.0054   12.3   0.0    88   128    47    87    31   104 0.79 -
TRINITY_DN643_c0_g1_i3:232-735    -            168 1535at3041           -            275    0.0025   13.4   0.1   2   2       6.6        99   -1.7   0.0    45    67   124   147    86   166 0.55 -
TRINITY_DN643_c0_g1_i5:232-735    -            168 1535at3041           -            275    0.0025   13.4   0.1   1   2   0.00036    0.0054   12.3   0.0    88   128    47    87    31   104 0.79 -
TRINITY_DN643_c0_g1_i5:232-735    -            168 1535at3041           -            275    0.0025   13.4   0.1   2   2       6.6        99   -1.7   0.0    45    67   124   147    86   166 0.55 -
TRINITY_DN35760_c0_g1_i1:2-238    -             79 1535at3041           -            275    0.0027   13.3   0.5   1   2      0.17       2.6    3.5   0.0    57    73     3    19     1    31 0.63 -
TRINITY_DN35760_c0_g1_i1:2-238    -             79 1535at3041           -            275    0.0027   13.3   0.5   2   2    0.0045     0.067    8.7   0.2    45    74    37    66    24    78 0.58 -
TRINITY_DN2265_c0_g1_i2:298-1362  -            355 1535at3041           -            275     0.003   13.2   2.1   1   2    0.0013      0.02   10.5   0.2    51   111   218   289   167   301 0.72 -
TRINITY_DN2265_c0_g1_i2:298-1362  -            355 1535at3041           -            275     0.003   13.2   2.1   2   2      0.97        14    1.1   0.1    11    40   317   348   314   355 0.66 -
TRINITY_DN17402_c3_g1_i1:6-182    -             59 1535at3041           -            275    0.0054   12.3   0.1   1   1   0.00059    0.0088   11.6   0.1    96   118    11    33     1    44 0.76 -
TRINITY_DN1175_c0_g1_i3:35-646    -            204 1535at3041           -            275    0.0058   12.2   4.0   1   1   0.00054    0.0082   11.7   3.3    16    77    29    97    23   106 0.80 -
TRINITY_DN8181_c0_g1_i1:150-371   -             74 1535at3041           -            275    0.0075   11.9   0.1   1   1   0.00077     0.011   11.2   0.1    58   109    16    73     2    74 0.50 -
TRINITY_DN15739_c0_g1_i1:55-330   -             92 1535at3041           -            275    0.0075   11.9   0.1   1   2     0.023      0.35    6.4   0.0    69   111     4    52     1    65 0.64 -
TRINITY_DN15739_c0_g1_i1:55-330   -             92 1535at3041           -            275    0.0075   11.9   0.1   2   2      0.11       1.6    4.2   0.0   197   221    67    91    56    92 0.75 -
TRINITY_DN26135_c0_g1_i1:3-341    -            113 1535at3041           -            275    0.0078   11.8   0.0   1   1   0.00077     0.012   11.2   0.0    66   114     1    56     1    72 0.75 -
#
# Program:         hmmsearch
# Version:         3.2.1 (June 2018)
# Pipeline mode:   SEARCH
# Query file:      /sw/bioinfo/BUSCO/v5_lineage_sets/lineages/chlorophyta_odb10/hmms/1535at3041.hmm
# Target file:     /crex/proj/snic2022-23-81/expression_algae/code/busco/trinity_VA-3180-Osg12Sin/run_chlorophyta_odb10/metaeuk_output/rerun_results/trinity_VA-3180-Osg12Sin.Trinity.fasta.modified.fas
# Option settings: hmmsearch --domtblout /crex/proj/snic2022-23-81/expression_algae/code/busco/trinity_VA-3180-Osg12Sin/run_chlorophyta_odb10/hmmer_output/rerun_results/1535at3041.out --cpu 1 /sw/bioinfo/BUSCO/v5_lineage_sets/lineages/chlorophyta_odb10/hmms/1535at3041.hmm /crex/proj/snic2022-23-81/expression_algae/code/busco/trinity_VA-3180-Osg12Sin/run_chlorophyta_odb10/metaeuk_output/rerun_results/trinity_VA-3180-Osg12Sin.Trinity.fasta.modified.fas 
# Current dir:     /crex/proj/snic2022-23-81/expression_algae/code/busco
# Date:            Fri Sep 23 10:13:16 2022
# [ok]
