#                                                                                         --- full sequence --- -------------- this domain -------------   hmm coord   ali coord   env coord
# target name                     accession   tlen query name           accession   qlen   E-value  score  bias   #  of  c-Evalue  i-Evalue  score  bias  from    to  from    to  from    to  acc description of target
#             ------------------- ---------- ----- -------------------- ---------- ----- --------- ------ ----- --- --- --------- --------- ------ ----- ----- ----- ----- ----- ----- ----- ---- ---------------------
TRINITY_DN26135_c0_g1_i1:3-341    -            113 3254at3041           -            397   3.5e-54  180.5   0.5   1   1   2.9e-55   3.8e-54  180.3   0.5   220   326     1   113     1   113 0.96 -
TRINITY_DN528_c0_g1_i2:17-475     -            153 3254at3041           -            397   6.1e-33  110.5   1.9   1   3   9.7e-11   1.3e-09   33.7   0.0   214   253    14    53    10    56 0.94 -
TRINITY_DN528_c0_g1_i2:17-475     -            153 3254at3041           -            397   6.1e-33  110.5   1.9   2   3   3.8e-11     5e-10   35.1   0.0   214   253    56    95    53    98 0.94 -
TRINITY_DN528_c0_g1_i2:17-475     -            153 3254at3041           -            397   6.1e-33  110.5   1.9   3   3   6.4e-13   8.4e-12   40.9   0.2   214   270    98   153    95   153 0.94 -
TRINITY_DN7223_c0_g2_i1:24-554    -            177 3254at3041           -            397   1.7e-30  102.5   6.6   1   4   3.9e-08   5.2e-07   25.1   0.1   220   255     2    37     1    38 0.94 -
TRINITY_DN7223_c0_g2_i1:24-554    -            177 3254at3041           -            397   1.7e-30  102.5   6.6   2   4   8.8e-10   1.2e-08   30.6   0.0   214   252    38    76    35    78 0.95 -
TRINITY_DN7223_c0_g2_i1:24-554    -            177 3254at3041           -            397   1.7e-30  102.5   6.6   3   4   1.9e-11   2.5e-10   36.1   0.2   213   269    79   134    77   136 0.93 -
TRINITY_DN7223_c0_g2_i1:24-554    -            177 3254at3041           -            397   1.7e-30  102.5   6.6   4   4   1.3e-06   1.7e-05   20.1   0.0   213   266   121   173   118   177 0.87 -
TRINITY_DN4860_c1_g1_i2:142-744   -            201 3254at3041           -            397   1.8e-30  102.4   3.5   1   4   9.1e-09   1.2e-07   27.2   0.0   213   253    15    55     8    58 0.93 -
TRINITY_DN4860_c1_g1_i2:142-744   -            201 3254at3041           -            397   1.8e-30  102.4   3.5   2   4     1e-06   1.4e-05   20.5   0.0   213   256    57   100    55   104 0.93 -
TRINITY_DN4860_c1_g1_i2:142-744   -            201 3254at3041           -            397   1.8e-30  102.4   3.5   3   4   8.3e-05    0.0011   14.2   0.0   214   251   100   137    97   140 0.94 -
TRINITY_DN4860_c1_g1_i2:142-744   -            201 3254at3041           -            397   1.8e-30  102.4   3.5   4   4   3.8e-13     5e-12   41.7   0.0   212   268   140   196   137   199 0.96 -
TRINITY_DN4860_c1_g1_i1:96-680    -            195 3254at3041           -            397   5.4e-30  100.8   3.3   1   4   8.6e-09   1.1e-07   27.3   0.0   213   253    15    55     8    58 0.93 -
TRINITY_DN4860_c1_g1_i1:96-680    -            195 3254at3041           -            397   5.4e-30  100.8   3.3   2   4   9.5e-07   1.3e-05   20.6   0.0   213   256    57   100    54   104 0.93 -
TRINITY_DN4860_c1_g1_i1:96-680    -            195 3254at3041           -            397   5.4e-30  100.8   3.3   3   4   7.1e-05   0.00094   14.4   0.0   214   251   100   137    97   141 0.94 -
TRINITY_DN4860_c1_g1_i1:96-680    -            195 3254at3041           -            397   5.4e-30  100.8   3.3   4   4   1.4e-12   1.8e-11   39.8   0.1   212   266   140   194   137   195 0.97 -
TRINITY_DN1795_c0_g1_i1:3-404     -            134 3254at3041           -            397   1.7e-26   89.3   1.3   1   3   4.1e-07   5.4e-06   21.8   0.0   214   252     1    39     1    42 0.95 -
TRINITY_DN1795_c0_g1_i1:3-404     -            134 3254at3041           -            397   1.7e-26   89.3   1.3   2   3   4.9e-10   6.5e-09   31.4   0.0   213   252    42    81    40    84 0.94 -
TRINITY_DN1795_c0_g1_i1:3-404     -            134 3254at3041           -            397   1.7e-26   89.3   1.3   3   3   4.8e-11   6.4e-10   34.7   0.1   213   264    84   134    82   134 0.91 -
TRINITY_DN1661_c0_g1_i1:52-618    -            189 3254at3041           -            397   4.3e-26   88.0   0.5   1   2   1.6e-09   2.1e-08   29.7   0.0   214   259     7    52     4    53 0.93 -
TRINITY_DN1661_c0_g1_i1:52-618    -            189 3254at3041           -            397   4.3e-26   88.0   0.5   2   2   1.7e-18   2.3e-17   59.2   0.3   215   352    50   189    47   189 0.87 -
TRINITY_DN1795_c0_g4_i1:64-516    -            151 3254at3041           -            397     3e-24   81.9   0.8   1   3     6e-09   7.9e-08   27.8   0.0   213   255     9    51     7    54 0.93 -
TRINITY_DN1795_c0_g4_i1:64-516    -            151 3254at3041           -            397     3e-24   81.9   0.8   2   3   4.4e-07   5.8e-06   21.7   0.0   214   254    52    92    49    94 0.93 -
TRINITY_DN1795_c0_g4_i1:64-516    -            151 3254at3041           -            397     3e-24   81.9   0.8   3   3   4.1e-10   5.5e-09   31.7   0.0   213   270    93   149    91   151 0.91 -
TRINITY_DN2265_c0_g1_i1:304-1479  -            392 3254at3041           -            397     7e-23   77.4   8.9   1   5      0.15       1.9    3.5   0.0     6   103    30   128    27   143 0.68 -
TRINITY_DN2265_c0_g1_i1:304-1479  -            392 3254at3041           -            397     7e-23   77.4   8.9   2   5    0.0011     0.014   10.6   0.0   237   276   156   195   150   205 0.76 -
TRINITY_DN2265_c0_g1_i1:304-1479  -            392 3254at3041           -            397     7e-23   77.4   8.9   3   5   7.4e-12   9.8e-11   37.4   0.3   189   279   201   294   191   296 0.84 -
TRINITY_DN2265_c0_g1_i1:304-1479  -            392 3254at3041           -            397     7e-23   77.4   8.9   4   5   1.4e-06   1.8e-05   20.1   0.0   195   235   297   337   290   345 0.88 -
TRINITY_DN2265_c0_g1_i1:304-1479  -            392 3254at3041           -            397     7e-23   77.4   8.9   5   5     0.007     0.093    7.8   1.0   194   230   353   389   348   391 0.92 -
TRINITY_DN5365_c0_g1_i1:830-1567  -            246 3254at3041           -            397     7e-22   74.1   0.2   1   4    0.0013     0.017   10.3   0.0   299   354     8    62     2    67 0.79 -
TRINITY_DN5365_c0_g1_i1:830-1567  -            246 3254at3041           -            397     7e-22   74.1   0.2   2   4   1.1e-12   1.5e-11   40.1   0.0   195   265    73   144    63   145 0.93 -
TRINITY_DN5365_c0_g1_i1:830-1567  -            246 3254at3041           -            397     7e-22   74.1   0.2   3   4   1.1e-06   1.5e-05   20.3   0.2   218   267   140   188   139   189 0.91 -
TRINITY_DN5365_c0_g1_i1:830-1567  -            246 3254at3041           -            397     7e-22   74.1   0.2   4   4    0.0037     0.049    8.8   0.0   214   249   178   213   175   237 0.80 -
TRINITY_DN6803_c0_g1_i1:398-850   -            151 3254at3041           -            397   4.2e-21   71.5   3.1   1   3   1.1e-08   1.5e-07   26.9   0.1   295   360    11    75     1    79 0.85 -
TRINITY_DN6803_c0_g1_i1:398-850   -            151 3254at3041           -            397   4.2e-21   71.5   3.1   2   3   5.8e-09   7.7e-08   27.9   0.0   214   254    55    95    52    97 0.94 -
TRINITY_DN6803_c0_g1_i1:398-850   -            151 3254at3041           -            397   4.2e-21   71.5   3.1   3   3   3.9e-09   5.2e-08   28.4   0.1   196   267    80   149    77   151 0.90 -
TRINITY_DN10109_c0_g1_i1:8-529    -            174 3254at3041           -            397   1.2e-20   70.0   1.9   1   3      0.59       7.8    1.5   0.0   323   352    10    37     2    47 0.73 -
TRINITY_DN10109_c0_g1_i1:8-529    -            174 3254at3041           -            397   1.2e-20   70.0   1.9   2   3   9.2e-09   1.2e-07   27.2   0.1   195   253    49   106    38   111 0.91 -
TRINITY_DN10109_c0_g1_i1:8-529    -            174 3254at3041           -            397   1.2e-20   70.0   1.9   3   3   1.7e-12   2.3e-11   39.5   0.0   213   269   117   172   108   174 0.91 -
TRINITY_DN1031_c0_g1_i1:59-421    -            121 3254at3041           -            397   6.6e-20   67.6   1.6   1   3   5.2e-09   6.9e-08   28.0   0.0   213   253     9    49     6    52 0.93 -
TRINITY_DN1031_c0_g1_i1:59-421    -            121 3254at3041           -            397   6.6e-20   67.6   1.6   2   3     2e-10   2.7e-09   32.7   0.1   213   270    51   107    49   107 0.94 -
TRINITY_DN1031_c0_g1_i1:59-421    -            121 3254at3041           -            397   6.6e-20   67.6   1.6   3   3   4.7e-05   0.00063   15.0   0.1   214   241    94   121    91   121 0.93 -
TRINITY_DN1795_c0_g2_i1:15-482    -            156 3254at3041           -            397   7.5e-20   67.4   2.7   1   3   1.7e-07   2.2e-06   23.1   0.0   213   252    12    51     2    59 0.87 -
TRINITY_DN1795_c0_g2_i1:15-482    -            156 3254at3041           -            397   7.5e-20   67.4   2.7   2   3   7.6e-06    0.0001   17.6   0.1   216   249    59    92    52    98 0.85 -
TRINITY_DN1795_c0_g2_i1:15-482    -            156 3254at3041           -            397   7.5e-20   67.4   2.7   3   3   2.4e-08   3.2e-07   25.8   0.3   213   269    98   153    95   156 0.90 -
TRINITY_DN1795_c2_g1_i2:4-363     -            120 3254at3041           -            397   1.9e-19   66.1   0.6   1   3      0.03       0.4    5.8   0.0   222   254     1    33     1    35 0.90 -
TRINITY_DN1795_c2_g1_i2:4-363     -            120 3254at3041           -            397   1.9e-19   66.1   0.6   2   3     2e-10   2.7e-09   32.7   0.1   213   255    34    76    32    77 0.94 -
TRINITY_DN1795_c2_g1_i2:4-363     -            120 3254at3041           -            397   1.9e-19   66.1   0.6   3   3   1.5e-08   1.9e-07   26.6   0.1   213   251    76   114    74   119 0.91 -
TRINITY_DN2811_c0_g1_i1:2-376     -            125 3254at3041           -            397   2.5e-19   65.7   0.9   1   1   2.8e-20   3.7e-19   65.2   0.9   214   333     6   125     4   125 0.89 -
TRINITY_DN30718_c0_g1_i1:129-521  -            131 3254at3041           -            397   3.3e-19   65.3   1.1   1   3   6.1e-07   8.1e-06   21.2   0.0   196   246     3    50     1    54 0.86 -
TRINITY_DN30718_c0_g1_i1:129-521  -            131 3254at3041           -            397   3.3e-19   65.3   1.1   2   3   9.3e-08   1.2e-06   23.9   0.0   211   247    55    91    52    97 0.91 -
TRINITY_DN30718_c0_g1_i1:129-521  -            131 3254at3041           -            397   3.3e-19   65.3   1.1   3   3   4.7e-06   6.2e-05   18.3   0.2   215   245    99   129    93   131 0.92 -
TRINITY_DN23427_c0_g1_i1:2-358    -            119 3254at3041           -            397   5.9e-19   64.5   1.5   1   2   4.5e-10     6e-09   31.5   0.2   212   255    16    59     1    60 0.85 -
TRINITY_DN23427_c0_g1_i1:2-358    -            119 3254at3041           -            397   5.9e-19   64.5   1.5   2   2   1.4e-10   1.9e-09   33.2   0.1   213   270    59   115    57   119 0.92 -
TRINITY_DN4860_c0_g2_i1:5-304     -            100 3254at3041           -            397   6.2e-19   64.4   0.4   1   2   1.3e-09   1.7e-08   30.0   0.0   213   252     1    40     1    44 0.94 -
TRINITY_DN4860_c0_g2_i1:5-304     -            100 3254at3041           -            397   6.2e-19   64.4   0.4   2   2     1e-10   1.4e-09   33.6   0.1   214   271    44   100    41   100 0.95 -
TRINITY_DN10493_c0_g1_i1:11-379   -            123 3254at3041           -            397   2.1e-17   59.3   0.1   1   2   9.6e-13   1.3e-11   40.3   0.0   213   280     2    69     1    71 0.95 -
TRINITY_DN10493_c0_g1_i1:11-379   -            123 3254at3041           -            397   2.1e-17   59.3   0.1   2   2   3.1e-06   4.1e-05   18.9   0.0   316   359    66   109    64   116 0.86 -
TRINITY_DN21349_c0_g1_i1:1-489    -            163 3254at3041           -            397   2.5e-17   59.1   1.0   1   1   1.3e-17   1.7e-16   56.4   0.5   214   356    11   153     7   158 0.83 -
TRINITY_DN2265_c0_g1_i2:298-1362  -            355 3254at3041           -            397   2.8e-17   59.0   4.8   1   3      0.12       1.6    3.8   0.0     6   103    32   130    29   145 0.68 -
TRINITY_DN2265_c0_g1_i2:298-1362  -            355 3254at3041           -            397   2.8e-17   59.0   4.8   2   3   1.1e-13   1.5e-12   43.4   0.1   237   357   158   291   152   300 0.83 -
TRINITY_DN2265_c0_g1_i2:298-1362  -            355 3254at3041           -            397   2.8e-17   59.0   4.8   3   3    0.0026     0.034    9.3   0.7   194   232   311   349   300   353 0.91 -
TRINITY_DN1795_c0_g1_i2:6-278     -             91 3254at3041           -            397   2.9e-17   58.9   0.3   1   2   1.8e-07   2.4e-06   23.0   0.0   214   252     1    39     1    42 0.95 -
TRINITY_DN1795_c0_g1_i2:6-278     -             91 3254at3041           -            397   2.9e-17   58.9   0.3   2   2   4.5e-11   5.9e-10   34.8   0.1   213   261    42    89    40    91 0.89 -
TRINITY_DN8181_c0_g2_i1:76-585    -            170 3254at3041           -            397     6e-17   57.9   0.1   1   1   5.6e-18   7.4e-17   57.6   0.1   241   393     5   161     2   165 0.79 -
TRINITY_DN13578_c0_g1_i1:101-820  -            240 3254at3041           -            397   9.3e-16   53.9   7.2   1   2     4e-10   5.2e-09   31.7   0.4   214   396     1   185     1   186 0.75 -
TRINITY_DN13578_c0_g1_i1:101-820  -            240 3254at3041           -            397   9.3e-16   53.9   7.2   2   2   2.3e-10     3e-09   32.5   1.6   215   354    87   233    64   238 0.78 -
TRINITY_DN40744_c0_g1_i1:172-471  -            100 3254at3041           -            397   1.3e-15   53.5   5.1   1   2   1.8e-09   2.4e-08   29.6   0.0   213   253     2    42     1    45 0.94 -
TRINITY_DN40744_c0_g1_i1:172-471  -            100 3254at3041           -            397   1.3e-15   53.5   5.1   2   2     1e-07   1.3e-06   23.8   1.5   211   255    42    86    39   100 0.84 -
TRINITY_DN1133_c0_g1_i4:2-1711    -            570 3254at3041           -            397   1.3e-15   53.4   0.5   1   4   9.4e-06   0.00012   17.3   0.0   221   275    31    86     1   117 0.77 -
TRINITY_DN1133_c0_g1_i4:2-1711    -            570 3254at3041           -            397   1.3e-15   53.4   0.5   2   4    0.0094      0.12    7.4   0.0   186   230   276   319   267   328 0.85 -
TRINITY_DN1133_c0_g1_i4:2-1711    -            570 3254at3041           -            397   1.3e-15   53.4   0.5   3   4     0.011      0.14    7.2   0.0   294   353   342   401   325   405 0.75 -
TRINITY_DN1133_c0_g1_i4:2-1711    -            570 3254at3041           -            397   1.3e-15   53.4   0.5   4   4     7e-07   9.2e-06   21.0   0.6   195   391   370   568   369   570 0.81 -
TRINITY_DN379_c0_g1_i4:169-579    -            137 3254at3041           -            397   1.6e-15   53.2   0.6   1   3     1e-05   0.00014   17.2   0.1   321   361     2    41     1    58 0.74 -
TRINITY_DN379_c0_g1_i4:169-579    -            137 3254at3041           -            397   1.6e-15   53.2   0.6   2   3   3.4e-06   4.5e-05   18.8   0.0   213   260    61   108    44   109 0.80 -
TRINITY_DN379_c0_g1_i4:169-579    -            137 3254at3041           -            397   1.6e-15   53.2   0.6   3   3   1.5e-05    0.0002   16.6   0.0   215   246   105   136   100   137 0.93 -
TRINITY_DN1031_c0_g1_i2:203-508   -            102 3254at3041           -            397   3.7e-15   52.0   1.0   1   3   0.00035    0.0046   12.2   0.0   225   253     3    31     1    34 0.91 -
TRINITY_DN1031_c0_g1_i2:203-508   -            102 3254at3041           -            397   3.7e-15   52.0   1.0   2   3   2.6e-11   3.4e-10   35.6   0.3   213   273    33    92    31    94 0.93 -
TRINITY_DN1031_c0_g1_i2:203-508   -            102 3254at3041           -            397   3.7e-15   52.0   1.0   3   3   7.7e-05     0.001   14.3   0.1   214   240    76   102    73   102 0.93 -
TRINITY_DN1996_c0_g1_i2:226-981   -            252 3254at3041           -            397   1.1e-14   50.4   1.6   1   2     0.029      0.38    5.8   0.1   216   252    19    55    14    60 0.84 -
TRINITY_DN1996_c0_g1_i2:226-981   -            252 3254at3041           -            397   1.1e-14   50.4   1.6   2   2   4.7e-15   6.2e-14   47.9   0.8   196   378    42   236    36   252 0.71 -
TRINITY_DN180_c0_g1_i1:0-404      -            135 3254at3041           -            397   1.6e-14   49.9   2.5   1   3   0.00016    0.0021   13.3   0.0   222   260     1    39     1    40 0.93 -
TRINITY_DN180_c0_g1_i1:0-404      -            135 3254at3041           -            397   1.6e-14   49.9   2.5   2   3   3.4e-10   4.5e-09   31.9   0.1   214   274    35    94    32   104 0.86 -
TRINITY_DN180_c0_g1_i1:0-404      -            135 3254at3041           -            397   1.6e-14   49.9   2.5   3   3     0.032      0.42    5.7   0.1   192   222   105   134   102   135 0.87 -
TRINITY_DN1795_c0_g3_i2:3-338     -            112 3254at3041           -            397   1.8e-14   49.7   0.9   1   3   1.6e-06   2.1e-05   19.9   0.1   214   254     6    46     4    48 0.93 -
TRINITY_DN1795_c0_g3_i2:3-338     -            112 3254at3041           -            397   1.8e-14   49.7   0.9   2   3   1.9e-06   2.6e-05   19.6   0.0   214   253    48    87    46    89 0.94 -
TRINITY_DN1795_c0_g3_i2:3-338     -            112 3254at3041           -            397   1.8e-14   49.7   0.9   3   3    0.0036     0.048    8.8   0.0   213   236    89   112    87   112 0.93 -
TRINITY_DN13972_c0_g1_i3:31-708   -            226 3254at3041           -            397   4.4e-14   48.4   1.3   1   2   2.9e-13   3.9e-12   42.0   0.2   215   385     3   174     1   185 0.80 -
TRINITY_DN13972_c0_g1_i3:31-708   -            226 3254at3041           -            397   4.4e-14   48.4   1.3   2   2   0.00029    0.0038   12.4   0.1   277   352   150   223   146   225 0.91 -
TRINITY_DN7461_c0_g1_i2:158-958   -            267 3254at3041           -            397   5.2e-14   48.2   2.0   1   3    0.0028     0.038    9.1   0.0   199   229     4    34     1    41 0.75 -
TRINITY_DN7461_c0_g1_i2:158-958   -            267 3254at3041           -            397   5.2e-14   48.2   2.0   2   3     0.034      0.45    5.6   0.4   189   231    43    88    35    99 0.79 -
TRINITY_DN7461_c0_g1_i2:158-958   -            267 3254at3041           -            397   5.2e-14   48.2   2.0   3   3   4.1e-10   5.4e-09   31.7   0.1   235   314   156   238   133   265 0.87 -
TRINITY_DN13972_c0_g1_i2:31-735   -            235 3254at3041           -            397   5.2e-14   48.2   0.3   1   2   3.2e-13   4.2e-12   41.9   0.2   215   385    12   183     9   194 0.80 -
TRINITY_DN13972_c0_g1_i2:31-735   -            235 3254at3041           -            397   5.2e-14   48.2   0.3   2   2   0.00035    0.0046   12.1   0.1   277   352   159   232   156   234 0.91 -
TRINITY_DN29416_c0_g1_i1:40-381   -            114 3254at3041           -            397   9.1e-14   47.4   0.0   1   2   5.2e-06   6.9e-05   18.2   0.0   212   251    17    55     2    61 0.87 -
TRINITY_DN29416_c0_g1_i1:40-381   -            114 3254at3041           -            397   9.1e-14   47.4   0.0   2   2   1.2e-09   1.6e-08   30.2   0.1   205   267    52   112    51   114 0.88 -
TRINITY_DN2638_c0_g1_i2:58-516    -            153 3254at3041           -            397   9.5e-14   47.3   0.7   1   3    0.0002    0.0026   13.0   0.0   201   231     1    31     1    37 0.90 -
TRINITY_DN2638_c0_g1_i2:58-516    -            153 3254at3041           -            397   9.5e-14   47.3   0.7   2   3   2.8e-10   3.7e-09   32.2   0.3   200   272    54   131    41   139 0.79 -
TRINITY_DN2638_c0_g1_i2:58-516    -            153 3254at3041           -            397   9.5e-14   47.3   0.7   3   3       4.9        65   -1.5   0.0   196   206   142   152   130   153 0.81 -
TRINITY_DN2638_c0_g1_i1:58-637    -            145 3254at3041           -            397   1.1e-13   47.1   0.9   1   3   0.00018    0.0024   13.1   0.0   201   231     1    31     1    37 0.90 -
TRINITY_DN2638_c0_g1_i1:58-637    -            145 3254at3041           -            397   1.1e-13   47.1   0.9   2   3   3.2e-10   4.2e-09   32.0   0.3   201   272    47   123    39   132 0.80 -
TRINITY_DN2638_c0_g1_i1:58-637    -            145 3254at3041           -            397   1.1e-13   47.1   0.9   3   3       4.4        59   -1.4   0.0   196   206   134   144   121   145 0.81 -
TRINITY_DN7461_c0_g1_i1:151-861   -            237 3254at3041           -            397   1.7e-13   46.5   3.0   1   3    0.0024     0.032    9.4   0.0   199   229     4    34     1    41 0.75 -
TRINITY_DN7461_c0_g1_i1:151-861   -            237 3254at3041           -            397   1.7e-13   46.5   3.0   2   3      0.03      0.39    5.8   0.4   189   231    43    88    35    97 0.79 -
TRINITY_DN7461_c0_g1_i1:151-861   -            237 3254at3041           -            397   1.7e-13   46.5   3.0   3   3   9.7e-10   1.3e-08   30.4   0.3   235   310   156   234   132   237 0.88 -
TRINITY_DN180_c0_g2_i1:129-524    -            132 3254at3041           -            397   2.2e-13   46.1   0.5   1   3   1.3e-08   1.7e-07   26.7   0.0   213   267    17    70     1    76 0.85 -
TRINITY_DN180_c0_g2_i1:129-524    -            132 3254at3041           -            397   2.2e-13   46.1   0.5   2   3      0.01      0.14    7.3   0.0   213   247    59    93    56   106 0.86 -
TRINITY_DN180_c0_g2_i1:129-524    -            132 3254at3041           -            397   2.2e-13   46.1   0.5   3   3   1.4e-05   0.00018   16.8   0.1   195   244    84   132    79   132 0.87 -
TRINITY_DN1795_c2_g1_i1:16-234    -             73 3254at3041           -            397   3.1e-13   45.6   0.7   1   2     5e-06   6.6e-05   18.2   0.0   223   255     1    33     1    34 0.94 -
TRINITY_DN1795_c2_g1_i1:16-234    -             73 3254at3041           -            397   3.1e-13   45.6   0.7   2   2   8.7e-09   1.1e-07   27.3   0.1   213   249    33    69    31    72 0.94 -
TRINITY_DN1795_c2_g2_i1:35-256    -             74 3254at3041           -            397   5.3e-13   44.9   1.2   1   2   6.2e-06   8.2e-05   17.9   0.3   216   249     1    34     1    39 0.90 -
TRINITY_DN1795_c2_g2_i1:35-256    -             74 3254at3041           -            397   5.3e-13   44.9   1.2   2   2   1.3e-08   1.8e-07   26.7   0.0   213   247    40    74    32    74 0.93 -
TRINITY_DN12406_c0_g1_i1:6-428    -            141 3254at3041           -            397   5.7e-13   44.8   8.5   1   3   3.6e-05   0.00048   15.4   0.4   217   253     1    37     1    41 0.93 -
TRINITY_DN12406_c0_g1_i1:6-428    -            141 3254at3041           -            397   5.7e-13   44.8   8.5   2   3    0.0018     0.024    9.8   0.0   214   254    40    80    37    85 0.93 -
TRINITY_DN12406_c0_g1_i1:6-428    -            141 3254at3041           -            397   5.7e-13   44.8   8.5   3   3   2.1e-07   2.8e-06   22.8   1.6   215   251    88   124    84   141 0.91 -
TRINITY_DN1175_c0_g1_i4:764-2551  -            596 3254at3041           -            397   9.8e-13   44.0  12.6   1   4   0.00014    0.0019   13.4   0.7   220   388    23   194     3   203 0.57 -
TRINITY_DN1175_c0_g1_i4:764-2551  -            596 3254at3041           -            397   9.8e-13   44.0  12.6   2   4       1.8        24   -0.1   0.1   289   395   138   242   117   244 0.54 -
TRINITY_DN1175_c0_g1_i4:764-2551  -            596 3254at3041           -            397   9.8e-13   44.0  12.6   3   4   7.4e-10   9.8e-09   30.8   2.7   199   396   338   538   323   539 0.76 -
TRINITY_DN1175_c0_g1_i4:764-2551  -            596 3254at3041           -            397   9.8e-13   44.0  12.6   4   4      0.14       1.8    3.6   0.0   195   229   548   581   540   589 0.78 -
TRINITY_DN33670_c0_g1_i1:10-225   -             72 3254at3041           -            397   1.5e-12   43.4   0.9   1   1   2.4e-13   3.2e-12   42.3   0.9   197   268     2    71     1    72 0.93 -
TRINITY_DN10159_c0_g1_i1:15-251   -             79 3254at3041           -            397   3.6e-12   42.2   1.2   1   2   7.8e-10     1e-08   30.8   0.1   213   254     9    50     6    53 0.95 -
TRINITY_DN10159_c0_g1_i1:15-251   -             79 3254at3041           -            397   3.6e-12   42.2   1.2   2   2   0.00075      0.01   11.0   0.1   214   241    52    79    51    79 0.92 -
TRINITY_DN895_c0_g1_i3:189-860    -            224 3254at3041           -            397   3.9e-12   42.0   0.1   1   1   4.3e-12   5.7e-11   38.2   0.2   195   366    16   181     5   209 0.80 -
TRINITY_DN1067_c0_g1_i2:202-972   -            257 3254at3041           -            397   9.8e-12   40.7   0.0   1   2   1.2e-11   1.5e-10   36.8   0.1   193   356    36   200    27   242 0.74 -
TRINITY_DN1067_c0_g1_i2:202-972   -            257 3254at3041           -            397   9.8e-12   40.7   0.0   2   2      0.23         3    2.9   0.0   197   238   212   252   204   256 0.84 -
TRINITY_DN2811_c0_g1_i3:161-391   -             77 3254at3041           -            397   1.1e-11   40.6   0.2   1   1   8.7e-13   1.1e-11   40.5   0.2   196   263     2    67     1    76 0.87 -
TRINITY_DN6803_c0_g1_i2:102-371   -             90 3254at3041           -            397   1.5e-11   40.1   0.2   1   2    0.0065     0.086    8.0   0.0   225   254     1    30     1    32 0.94 -
TRINITY_DN6803_c0_g1_i2:102-371   -             90 3254at3041           -            397   1.5e-11   40.1   0.2   2   2   2.1e-11   2.8e-10   35.9   0.1   195   273    14    90    12    90 0.93 -
TRINITY_DN10109_c0_g2_i1:23-394   -            124 3254at3041           -            397   1.5e-11   40.1   2.4   1   2     0.019      0.25    6.4   0.0   211   230     6    25     1    30 0.83 -
TRINITY_DN10109_c0_g2_i1:23-394   -            124 3254at3041           -            397   1.5e-11   40.1   2.4   2   2     1e-10   1.3e-09   33.7   0.8   188   271    43   123    27   124 0.85 -
TRINITY_DN5113_c0_g1_i1:188-661   -            158 3254at3041           -            397   1.8e-11   39.8   0.3   1   2     0.048      0.63    5.1   0.0   301   332    18    49     8    57 0.73 -
TRINITY_DN5113_c0_g1_i1:188-661   -            158 3254at3041           -            397   1.8e-11   39.8   0.3   2   2   1.5e-10     2e-09   33.1   0.2   215   276    57   118    53   125 0.95 -
TRINITY_DN7407_c0_g1_i1:8-544     -            179 3254at3041           -            397   1.9e-11   39.7   0.3   1   1   5.9e-12   7.8e-11   37.7   0.4   182   313    33   173     8   177 0.80 -
TRINITY_DN180_c0_g1_i2:0-296      -             99 3254at3041           -            397     3e-11   39.1   0.3   1   2   0.00011    0.0014   13.8   0.0   222   260     1    39     1    39 0.93 -
TRINITY_DN180_c0_g1_i2:0-296      -             99 3254at3041           -            397     3e-11   39.1   0.3   2   2   2.1e-08   2.8e-07   26.0   0.1   214   254    35    75    32    82 0.88 -
TRINITY_DN1175_c0_g1_i6:612-2342  -            577 3254at3041           -            397     3e-11   39.1   9.9   1   4    0.0038     0.051    8.7   0.4   252   395    43   151     4   153 0.38 -
TRINITY_DN1175_c0_g1_i6:612-2342  -            577 3254at3041           -            397     3e-11   39.1   9.9   2   4   1.4e-05   0.00018   16.8   0.4   215   393   228   323   201   347 0.51 -
TRINITY_DN1175_c0_g1_i6:612-2342  -            577 3254at3041           -            397     3e-11   39.1   9.9   3   4   5.7e-06   7.6e-05   18.0   0.5   221   395   318   495   310   497 0.74 -
TRINITY_DN1175_c0_g1_i6:612-2342  -            577 3254at3041           -            397     3e-11   39.1   9.9   4   4   0.00013    0.0017   13.5   0.2   221   390   360   532   349   539 0.61 -
TRINITY_DN25062_c0_g1_i1:104-436  -            111 3254at3041           -            397   3.3e-11   39.0   0.2   1   2   2.7e-05   0.00035   15.8   0.0   205   250     3    48     1    52 0.82 -
TRINITY_DN25062_c0_g1_i1:104-436  -            111 3254at3041           -            397   3.3e-11   39.0   0.2   2   2   3.2e-07   4.2e-06   22.2   0.1   197   267    38   105    37   109 0.84 -
TRINITY_DN34762_c0_g1_i1:79-567   -            163 3254at3041           -            397   2.5e-10   36.1   0.0   1   2   3.6e-06   4.8e-05   18.7   0.0   215   272    14    75     1    88 0.80 -
TRINITY_DN34762_c0_g1_i1:79-567   -            163 3254at3041           -            397   2.5e-10   36.1   0.0   2   2   2.8e-05   0.00037   15.8   0.0   215   266   111   161    98   163 0.88 -
TRINITY_DN30952_c0_g1_i1:100-369  -             90 3254at3041           -            397   5.5e-10   35.0   1.0   1   2    0.0054     0.072    8.2   0.3   214   254     3    48     1    51 0.81 -
TRINITY_DN30952_c0_g1_i1:100-369  -             90 3254at3041           -            397   5.5e-10   35.0   1.0   2   2   1.3e-10   1.7e-09   33.4   0.9   193   252    30    89    16    90 0.91 -
TRINITY_DN2582_c0_g1_i2:102-365   -             88 3254at3041           -            397   7.3e-10   34.5   0.0   1   1   6.1e-11     8e-10   34.4   0.0   214   271    15    72     5    82 0.93 -
TRINITY_DN2573_c0_g1_i1:3-242     -             80 3254at3041           -            397   7.3e-10   34.5   0.1   1   1   7.1e-10   9.3e-09   30.9   0.1   195   271     4    78     1    78 0.89 -
TRINITY_DN4860_c0_g3_i1:10-195    -             62 3254at3041           -            397   1.4e-09   33.6   0.0   1   1   1.2e-10   1.6e-09   33.4   0.0   213   265     9    60     7    62 0.91 -
TRINITY_DN8181_c0_g1_i1:150-371   -             74 3254at3041           -            397   1.4e-09   33.6   0.2   1   1   3.5e-10   4.6e-09   31.9   0.2   197   268     1    71     1    74 0.92 -
TRINITY_DN18519_c0_g1_i1:4-339    -            112 3254at3041           -            397   2.4e-09   32.8   0.1   1   1   2.1e-10   2.8e-09   32.6   0.1   196   271     1    73     1   112 0.82 -
TRINITY_DN11663_c0_g1_i1:32-394   -            121 3254at3041           -            397   3.3e-09   32.4   0.0   1   1   5.5e-06   7.3e-05   18.1   0.0   214   249     2    37     1    42 0.94 -
TRINITY_DN19397_c0_g1_i1:2-412    -            137 3254at3041           -            397   4.9e-09   31.8   0.0   1   1   4.2e-10   5.6e-09   31.6   0.0   224   353     1   133     1   136 0.86 -
TRINITY_DN1996_c0_g1_i1:76-480    -            135 3254at3041           -            397   4.9e-09   31.8   0.2   1   2   3.6e-07   4.8e-06   22.0   0.0   212   275    18    85    12    91 0.84 -
TRINITY_DN1996_c0_g1_i1:76-480    -            135 3254at3041           -            397   4.9e-09   31.8   0.2   2   2    0.0052     0.069    8.3   0.0   196   237    92   131    83   133 0.77 -
TRINITY_DN17402_c3_g1_i1:6-182    -             59 3254at3041           -            397   8.7e-09   31.0   0.1   1   1   7.2e-10   9.6e-09   30.9   0.1   214   261    11    57     8    59 0.89 -
TRINITY_DN7223_c0_g1_i1:85-321    -             79 3254at3041           -            397     1e-08   30.8   0.1   1   1   1.4e-09   1.9e-08   29.9   0.1   212   265    16    74     1    79 0.77 -
TRINITY_DN16795_c0_g1_i1:74-286   -             71 3254at3041           -            397   1.3e-08   30.4   0.4   1   1     1e-09   1.4e-08   30.4   0.4   196   266     3    71     1    71 0.94 -
TRINITY_DN17312_c0_g1_i1:84-881   -            266 3254at3041           -            397   1.9e-08   29.9   0.4   1   2   1.1e-07   1.5e-06   23.6   0.1   235   395     9   193     5   195 0.65 -
TRINITY_DN17312_c0_g1_i1:84-881   -            266 3254at3041           -            397   1.9e-08   29.9   0.4   2   2      0.26       3.4    2.7   0.0   368   395   239   265   219   266 0.48 -
TRINITY_DN1175_c0_g1_i7:168-920   -            251 3254at3041           -            397   2.1e-08   29.7   7.2   1   2   2.2e-07   2.9e-06   22.7   1.0   244   396     8   163     1   164 0.74 -
TRINITY_DN1175_c0_g1_i7:168-920   -            251 3254at3041           -            397   2.1e-08   29.7   7.2   2   2   1.3e-05   0.00017   16.9   1.8   297   396   148   248   146   249 0.86 -
TRINITY_DN3382_c0_g1_i1:50-274    -             75 3254at3041           -            397   2.1e-08   29.7   0.0   1   1   1.7e-09   2.2e-08   29.6   0.0   216   270    21    75     8    75 0.92 -
TRINITY_DN17312_c0_g1_i2:84-857   -            258 3254at3041           -            397   3.5e-08   29.0   0.4   1   2   2.1e-07   2.7e-06   22.8   0.1   237   395     3   185     1   187 0.64 -
TRINITY_DN17312_c0_g1_i2:84-857   -            258 3254at3041           -            397   3.5e-08   29.0   0.4   2   2      0.25       3.3    2.8   0.0   368   395   231   257   211   258 0.48 -
TRINITY_DN1067_c0_g1_i1:192-920   -            243 3254at3041           -            397   6.9e-08   28.0   1.0   1   3     8e-06   0.00011   17.5   0.1   240   356     1   119     1   160 0.56 -
TRINITY_DN1067_c0_g1_i1:192-920   -            243 3254at3041           -            397   6.9e-08   28.0   1.0   2   3      0.19       2.5    3.1   0.0   197   239   131   172   124   177 0.84 -
TRINITY_DN1067_c0_g1_i1:192-920   -            243 3254at3041           -            397   6.9e-08   28.0   1.0   3   3      0.17       2.2    3.3   0.2   363   396   191   224   185   225 0.74 -
TRINITY_DN180_c0_g2_i3:577-816    -             80 3254at3041           -            397   1.2e-07   27.3   0.0   1   1   1.1e-08   1.5e-07   27.0   0.0   195   251    14    69     3    80 0.80 -
TRINITY_DN34983_c0_g1_i1:103-687  -            195 3254at3041           -            397   1.2e-07   27.2   0.6   1   2       2.6        34   -0.6   0.0   216   228     2    14     1    24 0.74 -
TRINITY_DN34983_c0_g1_i1:103-687  -            195 3254at3041           -            397   1.2e-07   27.2   0.6   2   2    0.0018     0.024    9.8   0.0   196   265   127   194   123   195 0.87 -
TRINITY_DN26660_c0_g1_i1:35-214   -             60 3254at3041           -            397   2.5e-07   26.2   0.1   1   1   4.6e-07   6.1e-06   21.6   0.1   214   352     4    58     1    59 0.52 -
TRINITY_DN15052_c0_g1_i1:402-872  -            157 3254at3041           -            397   2.5e-07   26.2   0.1   1   2       0.1       1.3    4.1   0.0   216   269     3    61     1    80 0.62 -
TRINITY_DN15052_c0_g1_i1:402-872  -            157 3254at3041           -            397   2.5e-07   26.2   0.1   2   2   9.1e-07   1.2e-05   20.7   0.0   197   274    82   157    74   157 0.81 -
TRINITY_DN15052_c0_g1_i2:402-872  -            157 3254at3041           -            397   2.5e-07   26.2   0.1   1   2       0.1       1.3    4.1   0.0   216   269     3    61     1    80 0.62 -
TRINITY_DN15052_c0_g1_i2:402-872  -            157 3254at3041           -            397   2.5e-07   26.2   0.1   2   2   9.1e-07   1.2e-05   20.7   0.0   197   274    82   157    74   157 0.81 -
TRINITY_DN12596_c0_g1_i1:85-309   -             75 3254at3041           -            397   2.7e-07   26.1   0.0   1   1   2.4e-08   3.2e-07   25.8   0.0   214   271    17    73    14    75 0.92 -
TRINITY_DN3003_c1_g1_i1:35-337    -            101 3254at3041           -            397   3.3e-07   25.8   0.0   1   1   4.6e-08   6.1e-07   24.9   0.0   195   266     1    70     1    90 0.84 -
TRINITY_DN2811_c0_g1_i2:2-220     -             73 3254at3041           -            397   5.7e-07   25.0   0.0   1   2     5e-07   6.6e-06   21.5   0.0   214   263     6    53     3    64 0.83 -
TRINITY_DN2811_c0_g1_i2:2-220     -             73 3254at3041           -            397   5.7e-07   25.0   0.0   2   2     0.014      0.18    6.9   0.0   284   323    35    73    32    73 0.87 -
TRINITY_DN379_c0_g1_i1:169-375    -             69 3254at3041           -            397   1.5e-06   23.6   0.0   1   1   1.2e-07   1.6e-06   23.6   0.0   322   385     3    67     1    69 0.68 -
TRINITY_DN1795_c2_g3_i1:2-241     -             80 3254at3041           -            397   1.7e-06   23.5   0.0   1   2       1.3        17    0.4   0.0   220   251     2    33     1    36 0.75 -
TRINITY_DN1795_c2_g3_i1:2-241     -             80 3254at3041           -            397   1.7e-06   23.5   0.0   2   2   6.7e-07   8.8e-06   21.1   0.0   213   254    37    78    35    80 0.94 -
TRINITY_DN1175_c0_g1_i6:1497-2126 -            210 3254at3041           -            397   3.7e-06   22.3   0.5   1   1   3.6e-07   4.8e-06   22.0   0.5   221   395    23   200    11   202 0.75 -
TRINITY_DN28455_c0_g1_i1:6-245    -             80 3254at3041           -            397   3.8e-06   22.3   0.6   1   2   0.00022    0.0029   12.8   0.1   244   271     2    29     1    40 0.82 -
TRINITY_DN28455_c0_g1_i1:6-245    -             80 3254at3041           -            397   3.8e-06   22.3   0.6   2   2     0.003     0.039    9.1   0.1   311   354    37    79    29    80 0.71 -
TRINITY_DN15739_c0_g1_i1:55-330   -             92 3254at3041           -            397   6.2e-06   21.6   0.0   1   1   7.4e-07   9.8e-06   20.9   0.0   304   393     2    91     1    92 0.83 -
TRINITY_DN9611_c0_g1_i1:10-723    -            238 3254at3041           -            397   1.1e-05   20.8   0.0   1   2   7.6e-06    0.0001   17.6   0.0   225   394     3   175     1   178 0.71 -
TRINITY_DN9611_c0_g1_i1:10-723    -            238 3254at3041           -            397   1.1e-05   20.8   0.0   2   2      0.78        10    1.1   0.0   236   389   206   234   188   238 0.62 -
TRINITY_DN1175_c0_g1_i3:35-646    -            204 3254at3041           -            397   1.6e-05   20.3   0.8   1   1   1.7e-06   2.2e-05   19.8   0.8   295   396    35   137    12   138 0.86 -
TRINITY_DN35760_c0_g1_i1:2-238    -             79 3254at3041           -            397   2.6e-05   19.5   1.2   1   2   3.8e-05    0.0005   15.3   1.5   213   268     5    63     3    65 0.74 -
TRINITY_DN35760_c0_g1_i1:2-238    -             79 3254at3041           -            397   2.6e-05   19.5   1.2   2   2    0.0038      0.05    8.7   0.2   197   240    36    78    33    79 0.77 -
TRINITY_DN849_c0_g1_i5:429-1148   -            240 3254at3041           -            397   3.1e-05   19.3   0.2   1   1   6.4e-06   8.5e-05   17.9   0.1   269   395    97   225    85   227 0.79 -
TRINITY_DN5993_c0_g1_i1:216-635   -            140 3254at3041           -            397   6.3e-05   18.3   0.0   1   2   1.4e-05   0.00018   16.8   0.1   296   396     9   111     2   112 0.75 -
TRINITY_DN5993_c0_g1_i1:216-635   -            140 3254at3041           -            397   6.3e-05   18.3   0.0   2   2    0.0037     0.049    8.8   0.0   195   241    79   123    71   134 0.70 -
TRINITY_DN30716_c0_g1_i1:11-337   -            109 3254at3041           -            397   7.9e-05   18.0   1.2   1   2       0.4       5.3    2.1   0.0   215   249    13    48     9    54 0.71 -
TRINITY_DN30716_c0_g1_i1:11-337   -            109 3254at3041           -            397   7.9e-05   18.0   1.2   2   2   3.6e-05   0.00047   15.4   0.3   214   250    55    91    28   109 0.76 -
TRINITY_DN5993_c0_g2_i1:40-270    -             77 3254at3041           -            397   0.00018   16.8   0.7   1   1   2.7e-05   0.00036   15.8   0.5   216   269     3    54     1    70 0.81 -
TRINITY_DN34529_c0_g1_i1:71-328   -             86 3254at3041           -            397   0.00027   16.2   0.0   1   1   2.4e-05   0.00031   16.0   0.0   214   274    18    77     2    84 0.81 -
TRINITY_DN1187_c0_g1_i3:80-592    -            171 3254at3041           -            397   0.00033   15.9   3.8   1   2      0.48       6.4    1.8   0.0   213   255     3    48     2    56 0.76 -
TRINITY_DN1187_c0_g1_i3:80-592    -            171 3254at3041           -            397   0.00033   15.9   3.8   2   2   0.00012    0.0015   13.7   2.0   214   304    65   163    62   170 0.79 -
TRINITY_DN1996_c0_g1_i1:801-1163  -            121 3254at3041           -            397   0.00064   15.0   0.0   1   1   6.2e-05   0.00082   14.6   0.0   301   388    21   104     5   121 0.66 -
TRINITY_DN1133_c0_g1_i2:374-706   -            111 3254at3041           -            397   0.00067   14.9   0.0   1   1   6.9e-05   0.00091   14.5   0.0   297   394    10   110     3   111 0.75 -
TRINITY_DN1133_c0_g1_i3:374-706   -            111 3254at3041           -            397   0.00067   14.9   0.0   1   1   6.9e-05   0.00091   14.5   0.0   297   394    10   110     3   111 0.75 -
TRINITY_DN1133_c0_g1_i7:374-706   -            111 3254at3041           -            397   0.00067   14.9   0.0   1   1   6.9e-05   0.00091   14.5   0.0   297   394    10   110     3   111 0.75 -
TRINITY_DN13424_c0_g1_i1:58-234   -             59 3254at3041           -            397    0.0011   14.2   0.2   1   1    0.0004    0.0053   12.0   0.2   216   270     6    59     2    59 0.68 -
TRINITY_DN550_c0_g1_i2:9-701      -            231 3254at3041           -            397    0.0011   14.2   0.0   1   1   0.00011    0.0015   13.7   0.0   294   355   119   180    95   227 0.63 -
TRINITY_DN1814_c0_g1_i1:776-1459  -            228 3254at3041           -            397    0.0019   13.4   0.1   1   2      0.05      0.66    5.1   0.1   329   357   120   148    81   168 0.82 -
TRINITY_DN1814_c0_g1_i1:776-1459  -            228 3254at3041           -            397    0.0019   13.4   0.1   2   2      0.02      0.26    6.4   0.0   335   393   169   227   156   228 0.68 -
TRINITY_DN18612_c0_g1_i1:0-554    -            185 3254at3041           -            397    0.0049   12.1   0.1   1   1    0.0004    0.0053   12.0   0.1   306   393    96   183     3   185 0.87 -
TRINITY_DN8293_c0_g1_i3:71-277    -             69 3254at3041           -            397     0.005   12.0   0.0   1   1   0.00038     0.005   12.0   0.0   222   266    21    66     2    69 0.84 -
TRINITY_DN643_c0_g1_i4:23-502     -            160 3254at3041           -            397    0.0054   11.9   0.1   1   2   0.00076      0.01   11.0   0.0   205   248    41    80    13    97 0.70 -
TRINITY_DN643_c0_g1_i4:23-502     -            160 3254at3041           -            397    0.0054   11.9   0.1   2   2       7.8     1e+02   -2.2   0.0   289   313   134   157   112   159 0.58 -
TRINITY_DN643_c0_g1_i3:232-735    -            168 3254at3041           -            397    0.0061   11.7   0.1   1   2   0.00081     0.011   10.9   0.0   205   248    49    88    15   105 0.71 -
TRINITY_DN643_c0_g1_i3:232-735    -            168 3254at3041           -            397    0.0061   11.7   0.1   2   2       8.4   1.1e+02   -2.3   0.0   294   313   146   165   120   167 0.58 -
TRINITY_DN643_c0_g1_i5:232-735    -            168 3254at3041           -            397    0.0061   11.7   0.1   1   2   0.00081     0.011   10.9   0.0   205   248    49    88    15   105 0.71 -
TRINITY_DN643_c0_g1_i5:232-735    -            168 3254at3041           -            397    0.0061   11.7   0.1   2   2       8.4   1.1e+02   -2.3   0.0   294   313   146   165   120   167 0.58 -
TRINITY_DN3100_c0_g1_i1:283-762   -            160 3254at3041           -            397    0.0061   11.7   0.7   1   2    0.0038     0.051    8.7   0.1   283   353     4    72     1   115 0.70 -
TRINITY_DN3100_c0_g1_i1:283-762   -            160 3254at3041           -            397    0.0061   11.7   0.7   2   2      0.66       8.7    1.4   0.1   196   228   129   160   106   160 0.74 -
TRINITY_DN26199_c0_g1_i1:2-298    -             99 3254at3041           -            397    0.0062   11.7   0.0   1   1   0.00053     0.007   11.6   0.0   212   254    34    76    18    84 0.85 -
#
# Program:         hmmsearch
# Version:         3.2.1 (June 2018)
# Pipeline mode:   SEARCH
# Query file:      /sw/bioinfo/BUSCO/v5_lineage_sets/lineages/chlorophyta_odb10/hmms/3254at3041.hmm
# Target file:     /crex/proj/snic2022-23-81/expression_algae/code/busco/trinity_VA-3180-Osg12Sin/run_chlorophyta_odb10/metaeuk_output/rerun_results/trinity_VA-3180-Osg12Sin.Trinity.fasta.modified.fas
# Option settings: hmmsearch --domtblout /crex/proj/snic2022-23-81/expression_algae/code/busco/trinity_VA-3180-Osg12Sin/run_chlorophyta_odb10/hmmer_output/rerun_results/3254at3041.out --cpu 1 /sw/bioinfo/BUSCO/v5_lineage_sets/lineages/chlorophyta_odb10/hmms/3254at3041.hmm /crex/proj/snic2022-23-81/expression_algae/code/busco/trinity_VA-3180-Osg12Sin/run_chlorophyta_odb10/metaeuk_output/rerun_results/trinity_VA-3180-Osg12Sin.Trinity.fasta.modified.fas 
# Current dir:     /crex/proj/snic2022-23-81/expression_algae/code/busco
# Date:            Fri Sep 23 10:13:14 2022
# [ok]
