#                                                                                        --- full sequence --- -------------- this domain -------------   hmm coord   ali coord   env coord
# target name                    accession   tlen query name           accession   qlen   E-value  score  bias   #  of  c-Evalue  i-Evalue  score  bias  from    to  from    to  from    to  acc description of target
#            ------------------- ---------- ----- -------------------- ---------- ----- --------- ------ ----- --- --- --------- --------- ------ ----- ----- ----- ----- ----- ----- ----- ---- ---------------------
TRINITY_DN1643_c0_g1_i1:120-416  -             99 5744at3041           -            232   3.1e-06   23.3   7.2   1   2     2e-05    0.0015   14.4   0.5    21    60     9    49     3    50 0.90 -
TRINITY_DN1643_c0_g1_i1:120-416  -             99 5744at3041           -            232   3.1e-06   23.3   7.2   2   2   1.5e-06   0.00012   18.1   1.2    16    69    37    91    33    96 0.85 -
TRINITY_DN1643_c0_g1_i2:4-342    -            113 5744at3041           -            232   3.7e-06   23.0   4.6   1   2   0.00077     0.059    9.3   0.3    21    54    23    57     7    58 0.84 -
TRINITY_DN1643_c0_g1_i2:4-342    -            113 5744at3041           -            232   3.7e-06   23.0   4.6   2   2   1.7e-06   0.00013   18.0   1.2    15    69    50   105    45   110 0.85 -
TRINITY_DN1643_c0_g3_i1:9-338    -            110 5744at3041           -            232   6.3e-06   22.3   1.9   1   2    0.0004     0.031   10.2   0.1    18    62    20    65    14    66 0.84 -
TRINITY_DN1643_c0_g3_i1:9-338    -            110 5744at3041           -            232   6.3e-06   22.3   1.9   2   2   5.9e-07   4.5e-05   19.5   0.7    20    68    55   104    44   109 0.84 -
TRINITY_DN1643_c0_g2_i3:15-362   -            116 5744at3041           -            232   3.9e-05   19.7   4.6   1   2   0.00018     0.014   11.3   0.4    20    61    22    64     5    65 0.84 -
TRINITY_DN1643_c0_g2_i3:15-362   -            116 5744at3041           -            232   3.9e-05   19.7   4.6   2   2   6.5e-06    0.0005   16.1   1.5    21    69    56   105    51   111 0.90 -
TRINITY_DN5624_c0_g1_i1:416-820  -            135 5744at3041           -            232   0.00041   16.3   0.2   1   2   0.00025     0.019   10.9   0.0    21    63    41    84    27    93 0.82 -
TRINITY_DN5624_c0_g1_i1:416-820  -            135 5744at3041           -            232   0.00041   16.3   0.2   2   2     0.031       2.4    4.0   0.0    37    72    94   129    86   132 0.88 -
TRINITY_DN5624_c0_g1_i2:323-727  -            135 5744at3041           -            232   0.00041   16.3   0.2   1   2   0.00025     0.019   10.9   0.0    21    63    41    84    27    93 0.82 -
TRINITY_DN5624_c0_g1_i2:323-727  -            135 5744at3041           -            232   0.00041   16.3   0.2   2   2     0.031       2.4    4.0   0.0    37    72    94   129    86   132 0.88 -
TRINITY_DN10282_c0_g1_i1:8-370   -            121 5744at3041           -            232    0.0005   16.1   0.9   1   2   0.00045     0.035   10.0   0.2    30    70     2    43     1    61 0.83 -
TRINITY_DN10282_c0_g1_i1:8-370   -            121 5744at3041           -            232    0.0005   16.1   0.9   2   2     0.014       1.1    5.2   0.0    25    68    64   108    51   114 0.83 -
TRINITY_DN1643_c0_g2_i2:15-302   -             96 5744at3041           -            232   0.00066   15.7   1.0   1   2     2e-05    0.0015   14.4   0.3    20    70    22    73     5    79 0.85 -
TRINITY_DN1643_c0_g2_i2:15-302   -             96 5744at3041           -            232   0.00066   15.7   1.0   2   2   0.00028     0.021   10.7   0.2    21    60    56    96    45    96 0.82 -
TRINITY_DN12898_c0_g1_i1:102-431 -            110 5744at3041           -            232     0.001   15.1   0.4   1   2   2.1e-05    0.0016   14.4   0.3    11    70    15    76     6    87 0.83 -
TRINITY_DN12898_c0_g1_i1:102-431 -            110 5744at3041           -            232     0.001   15.1   0.4   2   2      0.17        13    1.6   0.0    27    65    65   104    63   107 0.80 -
TRINITY_DN1546_c0_g1_i3:53-391   -            113 5744at3041           -            232    0.0011   15.0   0.5   1   2      0.53        40   -0.0   0.0    47    69    17    39     5    57 0.70 -
TRINITY_DN1546_c0_g1_i3:53-391   -            113 5744at3041           -            232    0.0011   15.0   0.5   2   2   5.4e-05    0.0041   13.1   0.4    24    69    59   105    45   110 0.84 -
TRINITY_DN36697_c0_g1_i1:37-267  -             77 5744at3041           -            232    0.0011   14.9   0.1   1   1   1.7e-05    0.0013   14.7   0.1    24    70    19    66     1    72 0.80 -
TRINITY_DN714_c0_g2_i3:619-1032  -            138 5744at3041           -            232    0.0013   14.7   0.8   1   2    0.0031      0.24    7.3   0.1    25    64     6    47     3    56 0.81 -
TRINITY_DN714_c0_g2_i3:619-1032  -            138 5744at3041           -            232    0.0013   14.7   0.8   2   2     0.006      0.46    6.4   0.1    20    68    68   118    50   127 0.73 -
TRINITY_DN714_c0_g2_i5:619-1032  -            138 5744at3041           -            232    0.0013   14.7   0.8   1   2    0.0031      0.24    7.3   0.1    25    64     6    47     3    56 0.81 -
TRINITY_DN714_c0_g2_i5:619-1032  -            138 5744at3041           -            232    0.0013   14.7   0.8   2   2     0.006      0.46    6.4   0.1    20    68    68   118    50   127 0.73 -
TRINITY_DN12898_c0_g1_i2:218-592 -            125 5744at3041           -            232    0.0014   14.6   0.4   1   1   3.2e-05    0.0025   13.8   0.3    11    70    30    91    21    99 0.83 -
TRINITY_DN12576_c0_g1_i1:32-322  -             97 5744at3041           -            232    0.0017   14.3   0.5   1   2   0.00034     0.026   10.4   0.2    25    73     6    55     2    64 0.83 -
TRINITY_DN12576_c0_g1_i1:32-322  -             97 5744at3041           -            232    0.0017   14.3   0.5   2   2    0.0083      0.64    5.9   0.1    28    66    42    81    40    93 0.81 -
TRINITY_DN4214_c0_g1_i1:260-652  -            131 5744at3041           -            232    0.0017   14.3   0.1   1   2    0.0028      0.21    7.4   0.1    24    65     8    50     3    68 0.87 -
TRINITY_DN4214_c0_g1_i1:260-652  -            131 5744at3041           -            232    0.0017   14.3   0.1   2   2     0.013      0.96    5.3   0.0    23    64    73   115    56   123 0.81 -
TRINITY_DN1643_c0_g2_i4:56-328   -             91 5744at3041           -            232    0.0023   13.9   0.3   1   2      0.38        29    0.4   0.0    44    65     4    25     1    37 0.55 -
TRINITY_DN1643_c0_g2_i4:56-328   -             91 5744at3041           -            232    0.0023   13.9   0.3   2   2   0.00015     0.012   11.6   0.1    21    63    46    89    34    91 0.86 -
TRINITY_DN14072_c0_g1_i1:119-361 -             81 5744at3041           -            232     0.011   11.7   0.1   1   1   0.00016     0.012   11.5   0.1    24    63    39    79    28    81 0.87 -
TRINITY_DN1546_c0_g2_i2:29-403   -            125 5744at3041           -            232     0.023   10.6   0.7   1   3    0.0052       0.4    6.6   0.0    27    73     9    56     4    63 0.81 -
TRINITY_DN1546_c0_g2_i2:29-403   -            125 5744at3041           -            232     0.023   10.6   0.7   2   3    0.0031      0.23    7.3   0.3    23    70    38    86    25    96 0.82 -
TRINITY_DN1546_c0_g2_i2:29-403   -            125 5744at3041           -            232     0.023   10.6   0.7   3   3      0.07       5.4    2.9   0.1    20    48    68    97    57   122 0.63 -
#
# Program:         hmmsearch
# Version:         3.2.1 (June 2018)
# Pipeline mode:   SEARCH
# Query file:      /sw/bioinfo/BUSCO/v5_lineage_sets/lineages/chlorophyta_odb10/hmms/5744at3041.hmm
# Target file:     /crex/proj/snic2022-23-81/expression_algae/code/busco/trinity_VA-3180-Osg12Sin/run_chlorophyta_odb10/metaeuk_output/rerun_results/trinity_VA-3180-Osg12Sin.Trinity.fasta.modified.fas
# Option settings: hmmsearch --domtblout /crex/proj/snic2022-23-81/expression_algae/code/busco/trinity_VA-3180-Osg12Sin/run_chlorophyta_odb10/hmmer_output/rerun_results/5744at3041.out --cpu 1 /sw/bioinfo/BUSCO/v5_lineage_sets/lineages/chlorophyta_odb10/hmms/5744at3041.hmm /crex/proj/snic2022-23-81/expression_algae/code/busco/trinity_VA-3180-Osg12Sin/run_chlorophyta_odb10/metaeuk_output/rerun_results/trinity_VA-3180-Osg12Sin.Trinity.fasta.modified.fas 
# Current dir:     /crex/proj/snic2022-23-81/expression_algae/code/busco
# Date:            Fri Sep 23 10:13:14 2022
# [ok]
