#                                                                                         --- full sequence --- -------------- this domain -------------   hmm coord   ali coord   env coord
# target name                     accession   tlen query name           accession   qlen   E-value  score  bias   #  of  c-Evalue  i-Evalue  score  bias  from    to  from    to  from    to  acc description of target
#             ------------------- ---------- ----- -------------------- ---------- ----- --------- ------ ----- --- --- --------- --------- ------ ----- ----- ----- ----- ----- ----- ----- ---- ---------------------
TRINITY_DN17156_c0_g1_i1:83-313   -             77 7672at3041           -            320   1.3e-09   34.4   0.0   1   1   2.9e-11   1.9e-09   33.8   0.0   122   172     3    65     1    73 0.72 -
TRINITY_DN27578_c0_g1_i1:77-256   -             60 7672at3041           -            320   3.8e-09   32.8   0.1   1   1   5.9e-11   3.9e-09   32.8   0.1   122   176     1    56     1    60 0.90 -
TRINITY_DN34854_c0_g1_i1:421-543  -             41 7672at3041           -            320   8.4e-09   31.7   0.0   1   1   1.3e-10   8.7e-09   31.6   0.0   122   160     1    40     1    41 0.92 -
TRINITY_DN2223_c0_g1_i1:927-1169  -             81 7672at3041           -            320   8.6e-09   31.7   0.0   1   1   1.4e-10   9.5e-09   31.5   0.0   122   176     2    58     1    68 0.89 -
TRINITY_DN2223_c0_g1_i4:927-1169  -             81 7672at3041           -            320   8.6e-09   31.7   0.0   1   1   1.4e-10   9.5e-09   31.5   0.0   122   176     2    58     1    68 0.89 -
TRINITY_DN2621_c0_g1_i1:1028-1183 -             52 7672at3041           -            320   8.8e-09   31.6   0.1   1   1   1.4e-10   9.2e-09   31.6   0.1   121   170     2    52     1    52 0.93 -
TRINITY_DN2621_c0_g1_i2:275-430   -             52 7672at3041           -            320   8.8e-09   31.6   0.1   1   1   1.4e-10   9.2e-09   31.6   0.1   121   170     2    52     1    52 0.93 -
TRINITY_DN7652_c0_g1_i2:367-546   -             60 7672at3041           -            320   1.2e-08   31.1   0.1   1   1   1.9e-10   1.2e-08   31.1   0.1   122   171     1    51     1    60 0.88 -
TRINITY_DN37627_c0_g1_i1:92-244   -             51 7672at3041           -            320   2.2e-08   30.3   0.3   1   1   3.5e-10   2.3e-08   30.2   0.3   120   170     2    51     1    51 0.89 -
TRINITY_DN37652_c0_g1_i1:62-202   -             47 7672at3041           -            320   6.4e-08   28.8   0.1   1   1   9.6e-10   6.4e-08   28.8   0.1   135   175     1    44     1    47 0.85 -
TRINITY_DN40123_c0_g1_i1:2-283    -             94 7672at3041           -            320   9.3e-08   28.3   0.1   1   1   1.5e-09     1e-07   28.1   0.1   124   179     1    61     1    74 0.85 -
TRINITY_DN28432_c0_g1_i1:65-232   -             56 7672at3041           -            320   1.5e-07   27.6   0.0   1   1   2.4e-09   1.6e-07   27.5   0.0   120   170     2    54     1    56 0.84 -
TRINITY_DN1534_c0_g1_i1:442-588   -             49 7672at3041           -            320   1.6e-07   27.5   0.1   1   1   2.6e-09   1.7e-07   27.4   0.1   122   171     1    48     1    49 0.81 -
TRINITY_DN28162_c0_g1_i1:28-180   -             51 7672at3041           -            320   5.9e-07   25.6   0.1   1   1   8.9e-09   5.9e-07   25.6   0.1   132   172     9    50     1    51 0.84 -
TRINITY_DN30673_c0_g1_i1:127-438  -            104 7672at3041           -            320   7.1e-07   25.4   0.0   1   1   1.1e-08   7.3e-07   25.3   0.0   121   177     9    71     5   102 0.77 -
TRINITY_DN2223_c0_g1_i2:984-1139  -             52 7672at3041           -            320   1.5e-06   24.3   0.1   1   1   2.3e-08   1.5e-06   24.3   0.1   131   176     2    48     1    52 0.89 -
TRINITY_DN27033_c0_g1_i1:13-201   -             63 7672at3041           -            320   3.1e-06   23.3   0.1   1   1   4.9e-08   3.2e-06   23.2   0.1   122   175     1    58     1    63 0.80 -
TRINITY_DN36056_c0_g1_i1:179-382  -             68 7672at3041           -            320   6.2e-06   22.3   0.1   1   1   9.4e-08   6.2e-06   22.3   0.1   122   180     1    62     1    68 0.86 -
TRINITY_DN30677_c0_g1_i1:16-198   -             61 7672at3041           -            320   9.8e-06   21.6   0.2   1   1   1.5e-07   9.8e-06   21.6   0.2   122   172     1    53     1    61 0.83 -
TRINITY_DN1534_c0_g1_i2:1301-1633 -            111 7672at3041           -            320   3.1e-05   20.0   0.1   1   2   6.2e-07   4.1e-05   19.6   0.0   122   151     2    32     1    65 0.90 -
TRINITY_DN1534_c0_g1_i2:1301-1633 -            111 7672at3041           -            320   3.1e-05   20.0   0.1   2   2       6.4   4.2e+02   -3.5   0.0   164   171    84    91    77   102 0.50 -
TRINITY_DN27525_c0_g1_i1:0-101    -             34 7672at3041           -            320   0.00014   17.8   0.0   1   1   2.1e-06   0.00014   17.8   0.0   119   149     3    34     1    34 0.91 -
TRINITY_DN12356_c0_g1_i1:3-284    -             94 7672at3041           -            320    0.0066   12.3   0.0   1   1   0.00011    0.0076   12.1   0.0   122   183     1    64     1    74 0.76 -
#
# Program:         hmmsearch
# Version:         3.2.1 (June 2018)
# Pipeline mode:   SEARCH
# Query file:      /sw/bioinfo/BUSCO/v5_lineage_sets/lineages/chlorophyta_odb10/hmms/7672at3041.hmm
# Target file:     /crex/proj/snic2022-23-81/expression_algae/code/busco/trinity_VA-3180-Osg12Sin/run_chlorophyta_odb10/metaeuk_output/rerun_results/trinity_VA-3180-Osg12Sin.Trinity.fasta.modified.fas
# Option settings: hmmsearch --domtblout /crex/proj/snic2022-23-81/expression_algae/code/busco/trinity_VA-3180-Osg12Sin/run_chlorophyta_odb10/hmmer_output/rerun_results/7672at3041.out --cpu 1 /sw/bioinfo/BUSCO/v5_lineage_sets/lineages/chlorophyta_odb10/hmms/7672at3041.hmm /crex/proj/snic2022-23-81/expression_algae/code/busco/trinity_VA-3180-Osg12Sin/run_chlorophyta_odb10/metaeuk_output/rerun_results/trinity_VA-3180-Osg12Sin.Trinity.fasta.modified.fas 
# Current dir:     /crex/proj/snic2022-23-81/expression_algae/code/busco
# Date:            Fri Sep 23 10:13:14 2022
# [ok]
