#                                                                                        --- full sequence --- -------------- this domain -------------   hmm coord   ali coord   env coord
# target name                    accession   tlen query name           accession   qlen   E-value  score  bias   #  of  c-Evalue  i-Evalue  score  bias  from    to  from    to  from    to  acc description of target
#            ------------------- ---------- ----- -------------------- ---------- ----- --------- ------ ----- --- --- --------- --------- ------ ----- ----- ----- ----- ----- ----- ----- ---- ---------------------
TRINITY_DN906_c0_g1_i1:391-1662  -            424 2729at3041           -            441   6.3e-79  262.0   0.2   1   1     3e-79   8.9e-78  258.2   0.2     8   361     3   419     1   424 0.80 -
TRINITY_DN9059_c0_g1_i1:0-602    -            201 2729at3041           -            441   4.8e-69  229.4   0.2   1   1     2e-70   5.9e-69  229.1   0.2     1   156    25   201    25   201 0.93 -
TRINITY_DN975_c0_g1_i3:613-1734  -            374 2729at3041           -            441   7.3e-53  176.1   0.8   1   1   6.2e-54   1.8e-52  174.8   0.8     6   305     2   356     1   362 0.72 -
TRINITY_DN975_c0_g1_i9:613-1734  -            374 2729at3041           -            441   7.3e-53  176.1   0.8   1   1   6.2e-54   1.8e-52  174.8   0.8     6   305     2   356     1   362 0.72 -
TRINITY_DN107_c0_g3_i1:1-1131    -            377 2729at3041           -            441   2.5e-51  171.0   0.1   1   1   2.3e-52   6.9e-51  169.6   0.1     2   300    18   361    17   374 0.75 -
TRINITY_DN1312_c0_g1_i1:0-1460   -            487 2729at3041           -            441   2.8e-51  170.9   2.9   1   3   4.4e-24   1.3e-22   76.4   0.2     3   147    13   176    11   201 0.75 -
TRINITY_DN1312_c0_g1_i1:0-1460   -            487 2729at3041           -            441   2.8e-51  170.9   2.9   2   3      0.23       6.8    1.6   0.0   148   204   214   269   208   278 0.86 -
TRINITY_DN1312_c0_g1_i1:0-1460   -            487 2729at3041           -            441   2.8e-51  170.9   2.9   3   3   8.3e-29   2.5e-27   92.0   0.1   221   309   312   405   287   428 0.86 -
TRINITY_DN1312_c0_g1_i3:0-1460   -            487 2729at3041           -            441   2.8e-51  170.9   2.9   1   3   4.4e-24   1.3e-22   76.4   0.2     3   147    13   176    11   201 0.75 -
TRINITY_DN1312_c0_g1_i3:0-1460   -            487 2729at3041           -            441   2.8e-51  170.9   2.9   2   3      0.23       6.8    1.6   0.0   148   204   214   269   208   278 0.86 -
TRINITY_DN1312_c0_g1_i3:0-1460   -            487 2729at3041           -            441   2.8e-51  170.9   2.9   3   3   8.3e-29   2.5e-27   92.0   0.1   221   309   312   405   287   428 0.86 -
TRINITY_DN107_c0_g4_i2:1201-2418 -            406 2729at3041           -            441   6.2e-51  169.7   0.8   1   2   1.3e-32   3.8e-31  104.5   0.1     3   192    22   231    20   246 0.82 -
TRINITY_DN107_c0_g4_i2:1201-2418 -            406 2729at3041           -            441   6.2e-51  169.7   0.8   2   2   2.7e-20   8.1e-19   63.9   0.1   221   297   288   368   283   384 0.89 -
TRINITY_DN107_c0_g3_i2:82-1353   -            424 2729at3041           -            441     2e-46  154.9   0.0   1   1   1.2e-46   3.6e-45  150.8   0.0     2   299    60   401    59   413 0.74 -
TRINITY_DN107_c0_g3_i3:82-1161   -            360 2729at3041           -            441   1.8e-45  151.7   0.1   1   1   1.1e-45   3.4e-44  147.6   0.1     7   299     1   337     1   350 0.74 -
TRINITY_DN6553_c0_g1_i1:95-1147  -            351 2729at3041           -            441   7.4e-44  146.4   0.3   1   2   9.5e-28   2.8e-26   88.5   0.0    19   182     2   198     1   221 0.76 -
TRINITY_DN6553_c0_g1_i1:95-1147  -            351 2729at3041           -            441   7.4e-44  146.4   0.3   2   2   6.8e-18     2e-16   56.0   0.0   222   296   255   333   247   347 0.90 -
TRINITY_DN107_c0_g1_i3:557-1675  -            373 2729at3041           -            441   4.5e-43  143.8   0.3   1   1   8.1e-44   2.4e-42  141.4   0.3     5   301    18   351    15   364 0.79 -
TRINITY_DN107_c0_g1_i7:557-1675  -            373 2729at3041           -            441   4.5e-43  143.8   0.3   1   1   8.1e-44   2.4e-42  141.4   0.3     5   301    18   351    15   364 0.79 -
TRINITY_DN87_c0_g1_i4:2888-3997  -            370 2729at3041           -            441   4.7e-41  137.2   0.3   1   1   1.1e-41   3.3e-40  134.4   0.3     4   296    18   345    15   355 0.77 -
TRINITY_DN87_c0_g1_i3:63-1309    -            345 2729at3041           -            441   1.4e-40  135.6   0.3   1   1     3e-41     9e-40  133.0   0.3     4   294    18   342    15   345 0.77 -
TRINITY_DN107_c0_g1_i10:557-1612 -            352 2729at3041           -            441   1.6e-36  122.2   0.2   1   1   4.5e-37   1.3e-35  119.2   0.2     5   300    20   329    17   340 0.77 -
TRINITY_DN11478_c0_g1_i1:49-597  -            183 2729at3041           -            441   2.1e-35  118.6   0.0   1   2      0.24       7.1    1.5   0.0   205   226    36    57    17    65 0.87 -
TRINITY_DN11478_c0_g1_i1:49-597  -            183 2729at3041           -            441   2.1e-35  118.6   0.0   2   2   8.5e-36   2.5e-34  115.0   0.0   222   311    77   170    73   177 0.94 -
TRINITY_DN975_c0_g1_i4:667-1473  -            269 2729at3041           -            441   9.7e-33  109.8   0.1   1   1   9.4e-34   2.8e-32  108.3   0.1    99   305    16   269     4   269 0.72 -
TRINITY_DN1350_c0_g1_i3:429-1589 -            387 2729at3041           -            441   2.4e-30  101.9   0.0   1   1   4.1e-30   1.2e-28   96.3   0.0     3   301    17   368    15   373 0.72 -
TRINITY_DN3193_c0_g1_i1:163-1206 -            348 2729at3041           -            441   1.4e-29   99.4   0.0   1   2   7.8e-27   2.3e-25   85.5   0.0     4   179    56   249    53   289 0.79 -
TRINITY_DN3193_c0_g1_i1:163-1206 -            348 2729at3041           -            441   1.4e-29   99.4   0.0   2   2   0.00014    0.0042   12.1   0.0   222   253   313   348   304   348 0.88 -
TRINITY_DN3193_c0_g1_i2:163-1206 -            348 2729at3041           -            441   1.4e-29   99.4   0.0   1   2   7.8e-27   2.3e-25   85.5   0.0     4   179    56   249    53   289 0.79 -
TRINITY_DN3193_c0_g1_i2:163-1206 -            348 2729at3041           -            441   1.4e-29   99.4   0.0   2   2   0.00014    0.0042   12.1   0.0   222   253   313   348   304   348 0.88 -
TRINITY_DN975_c0_g1_i11:691-1392 -            234 2729at3041           -            441   3.3e-29   98.2   0.2   1   1   2.2e-30   6.5e-29   97.2   0.2   113   295    15   232     9   234 0.73 -
TRINITY_DN975_c0_g1_i13:100-609  -            170 2729at3041           -            441   3.9e-28   94.6   0.1   1   1   2.6e-29   7.9e-28   93.6   0.1    26   169     1   169     1   170 0.73 -
TRINITY_DN975_c0_g1_i5:100-609   -            170 2729at3041           -            441   3.9e-28   94.6   0.1   1   1   2.6e-29   7.9e-28   93.6   0.1    26   169     1   169     1   170 0.73 -
TRINITY_DN975_c0_g1_i7:100-609   -            170 2729at3041           -            441   3.9e-28   94.6   0.1   1   1   2.6e-29   7.9e-28   93.6   0.1    26   169     1   169     1   170 0.73 -
TRINITY_DN3793_c0_g3_i1:1-615    -            205 2729at3041           -            441   1.4e-27   92.7   0.2   1   1   5.5e-29   1.7e-27   92.6   0.2    62   200     9   162     2   188 0.78 -
TRINITY_DN29483_c0_g1_i1:3-527   -            175 2729at3041           -            441   4.4e-26   87.9   0.2   1   2    0.0004     0.012   10.6   0.0   148   207     5    60     1    67 0.88 -
TRINITY_DN29483_c0_g1_i1:3-527   -            175 2729at3041           -            441   4.4e-26   87.9   0.2   2   2   8.1e-24   2.4e-22   75.5   0.2   209   292    88   174    65   175 0.85 -
TRINITY_DN87_c0_g1_i1:2841-3658  -            202 2729at3041           -            441   1.6e-25   86.0   0.1   1   1   6.4e-27   1.9e-25   85.8   0.1     4   172    18   198    15   201 0.84 -
TRINITY_DN333_c0_g1_i1:2-742     -            247 2729at3041           -            441   9.4e-25   83.5   0.2   1   1   1.9e-24   5.7e-23   77.6   0.2   141   295     2   185     1   202 0.73 -
TRINITY_DN4320_c0_g1_i1:5-649    -            215 2729at3041           -            441     6e-24   80.8   0.1   1   1   2.6e-25   7.8e-24   80.5   0.1    13   186     4   205     1   213 0.76 -
TRINITY_DN1312_c0_g1_i4:87-716   -            210 2729at3041           -            441   7.4e-23   77.2   0.2   1   1     3e-24     9e-23   77.0   0.2    12   147     1   155     1   182 0.75 -
TRINITY_DN4028_c0_g1_i1:9-614    -            202 2729at3041           -            441     1e-22   76.8   1.2   1   1   1.1e-23   3.3e-22   75.1   1.2   143   293    29   202    22   202 0.75 -
TRINITY_DN1374_c0_g1_i1:38-985   -            316 2729at3041           -            441   1.1e-22   76.6   0.3   1   2   9.2e-21   2.7e-19   65.5   0.0     5   184    13   217     9   232 0.65 -
TRINITY_DN1374_c0_g1_i1:38-985   -            316 2729at3041           -            441   1.1e-22   76.6   0.3   2   2   0.00082     0.024    9.6   0.1   151   208   238   293   228   300 0.77 -
TRINITY_DN10636_c1_g3_i2:33-467  -            145 2729at3041           -            441   6.5e-22   74.1   0.2   1   1   3.8e-23   1.1e-21   73.3   0.2   122   222     2   115     1   145 0.79 -
TRINITY_DN107_c0_g2_i1:6-458     -            151 2729at3041           -            441   1.4e-21   73.1   0.0   1   1   5.1e-23   1.5e-21   72.9   0.0     9   136     2   150     1   151 0.75 -
TRINITY_DN107_c0_g4_i4:77-691    -            205 2729at3041           -            441   5.6e-20   67.7   0.0   1   1   2.4e-21   7.2e-20   67.4   0.0     3   136    52   202    50   204 0.78 -
TRINITY_DN89_c0_g1_i3:0-929      -            310 2729at3041           -            441   8.1e-19   63.9   4.4   1   1   8.8e-20   2.6e-18   62.2   4.4     7   182    47   235    42   310 0.68 -
TRINITY_DN31715_c0_g1_i1:27-704  -            226 2729at3041           -            441   3.2e-18   61.9   0.2   1   2   5.3e-10   1.6e-08   30.0   0.0   103   173    28   111     7   149 0.70 -
TRINITY_DN31715_c0_g1_i1:27-704  -            226 2729at3041           -            441   3.2e-18   61.9   0.2   2   2   4.2e-10   1.2e-08   30.4   0.0   221   261   181   225   169   226 0.87 -
TRINITY_DN3325_c0_g3_i1:3-716    -            238 2729at3041           -            441   1.3e-15   53.4   0.1   1   1   5.2e-17   1.5e-15   53.1   0.1     2   166    23   212    22   229 0.72 -
TRINITY_DN6099_c0_g1_i1:7-354    -            116 2729at3041           -            441   2.7e-15   52.3   0.0   1   1   9.8e-17   2.9e-15   52.2   0.0     9   113     3   116     1   116 0.75 -
TRINITY_DN107_c0_g5_i1:30-638    -            203 2729at3041           -            441   1.6e-14   49.8   0.0   1   1   7.6e-16   2.3e-14   49.3   0.0   222   297    32   118     3   128 0.80 -
TRINITY_DN8594_c0_g1_i1:8-301    -             98 2729at3041           -            441   3.7e-14   48.6   0.0   1   1   1.3e-15     4e-14   48.4   0.0    11    94     2    85     1    97 0.82 -
TRINITY_DN5552_c0_g2_i1:119-409  -             97 2729at3041           -            441   5.7e-14   47.9   0.1   1   1   2.1e-15   6.2e-14   47.8   0.1    65   140     2    93     1    97 0.72 -
TRINITY_DN16642_c0_g1_i1:295-897 -            201 2729at3041           -            441   9.4e-12   40.6   0.0   1   1   5.6e-13   1.7e-11   39.8   0.0   222   296    99   184    93   193 0.81 -
TRINITY_DN27570_c0_g1_i1:3-329   -            109 2729at3041           -            441   6.8e-11   37.8   0.0   1   1   2.4e-12   7.1e-11   37.7   0.0    11    81     3    75     1    92 0.91 -
TRINITY_DN1350_c0_g1_i2:510-989  -            160 2729at3041           -            441   1.6e-10   36.6   0.0   1   1   1.2e-11   3.5e-10   35.4   0.0   221   293    71   160    45   160 0.80 -
TRINITY_DN1350_c0_g1_i4:510-989  -            160 2729at3041           -            441   1.6e-10   36.6   0.0   1   1   1.2e-11   3.5e-10   35.4   0.0   221   293    71   160    45   160 0.80 -
TRINITY_DN1350_c0_g1_i1:510-995  -            162 2729at3041           -            441   1.7e-10   36.5   0.0   1   1   1.1e-11   3.4e-10   35.5   0.0   221   293    73   162    42   162 0.80 -
TRINITY_DN9306_c0_g1_i1:1-456    -            152 2729at3041           -            441   9.8e-06   20.8   0.0   1   1   4.1e-07   1.2e-05   20.5   0.0     2    45   107   150   106   152 0.94 -
#
# Program:         hmmsearch
# Version:         3.2.1 (June 2018)
# Pipeline mode:   SEARCH
# Query file:      /sw/bioinfo/BUSCO/v5_lineage_sets/lineages/chlorophyta_odb10/hmms/2729at3041.hmm
# Target file:     /crex/proj/snic2022-23-81/expression_algae/code/busco/trinity_VA-3180-Osg11Sin/run_chlorophyta_odb10/metaeuk_output/rerun_results/trinity_VA-3180-Osg11Sin.Trinity.fasta.modified.fas
# Option settings: hmmsearch --domtblout /crex/proj/snic2022-23-81/expression_algae/code/busco/trinity_VA-3180-Osg11Sin/run_chlorophyta_odb10/hmmer_output/rerun_results/2729at3041.out --cpu 1 /sw/bioinfo/BUSCO/v5_lineage_sets/lineages/chlorophyta_odb10/hmms/2729at3041.hmm /crex/proj/snic2022-23-81/expression_algae/code/busco/trinity_VA-3180-Osg11Sin/run_chlorophyta_odb10/metaeuk_output/rerun_results/trinity_VA-3180-Osg11Sin.Trinity.fasta.modified.fas 
# Current dir:     /crex/proj/snic2022-23-81/expression_algae/code/busco
# Date:            Fri Sep 23 10:13:14 2022
# [ok]
