#                                                                                         --- full sequence --- -------------- this domain -------------   hmm coord   ali coord   env coord
# target name                     accession   tlen query name           accession   qlen   E-value  score  bias   #  of  c-Evalue  i-Evalue  score  bias  from    to  from    to  from    to  acc description of target
#             ------------------- ---------- ----- -------------------- ---------- ----- --------- ------ ----- --- --- --------- --------- ------ ----- ----- ----- ----- ----- ----- ----- ---- ---------------------
TRINITY_DN10162_c0_g1_i1:158-610  -            151 2959at3041           -            583   6.5e-51  169.7   2.5   1   1   5.5e-52   7.3e-51  169.5   2.5    20   151     1   151     1   151 0.93 -
TRINITY_DN9417_c0_g1_i1:61-1251   -            397 2959at3041           -            583   7.4e-48  159.6  14.8   1   2   5.4e-25   7.2e-24   80.4  10.4   265   454    32   235    31   255 0.89 -
TRINITY_DN9417_c0_g1_i1:61-1251   -            397 2959at3041           -            583   7.4e-48  159.6  14.8   2   2   5.2e-24   6.9e-23   77.2   0.1   323   452   262   397   254   397 0.89 -
TRINITY_DN2438_c0_g1_i1:168-731   -            188 2959at3041           -            583   4.7e-45  150.4  11.1   1   2   2.4e-27   3.2e-26   88.2   3.5   359   459     2   104     1   105 0.95 -
TRINITY_DN2438_c0_g1_i1:168-731   -            188 2959at3041           -            583   4.7e-45  150.4  11.1   2   2     6e-23     8e-22   73.6   0.9   346   457    73   188    73   188 0.71 -
TRINITY_DN2326_c0_g1_i1:202-1068  -            289 2959at3041           -            583   4.2e-42  140.6   0.1   1   3   1.1e-06   1.5e-05   19.9   0.0   354   439     3    89     1    92 0.85 -
TRINITY_DN2326_c0_g1_i1:202-1068  -            289 2959at3041           -            583   4.2e-42  140.6   0.1   2   3   2.7e-13   3.7e-12   41.8   0.1   321   399    51   134    45   140 0.68 -
TRINITY_DN2326_c0_g1_i1:202-1068  -            289 2959at3041           -            583   4.2e-42  140.6   0.1   3   3   9.2e-28   1.2e-26   89.5   0.0   322   453   138   275   134   285 0.86 -
TRINITY_DN2326_c0_g1_i4:202-1068  -            289 2959at3041           -            583   4.2e-42  140.6   0.1   1   3   1.1e-06   1.5e-05   19.9   0.0   354   439     3    89     1    92 0.85 -
TRINITY_DN2326_c0_g1_i4:202-1068  -            289 2959at3041           -            583   4.2e-42  140.6   0.1   2   3   2.7e-13   3.7e-12   41.8   0.1   321   399    51   134    45   140 0.68 -
TRINITY_DN2326_c0_g1_i4:202-1068  -            289 2959at3041           -            583   4.2e-42  140.6   0.1   3   3   9.2e-28   1.2e-26   89.5   0.0   322   453   138   275   134   285 0.86 -
TRINITY_DN2326_c0_g1_i5:202-1068  -            289 2959at3041           -            583   4.2e-42  140.6   0.1   1   3   1.1e-06   1.5e-05   19.9   0.0   354   439     3    89     1    92 0.85 -
TRINITY_DN2326_c0_g1_i5:202-1068  -            289 2959at3041           -            583   4.2e-42  140.6   0.1   2   3   2.7e-13   3.7e-12   41.8   0.1   321   399    51   134    45   140 0.68 -
TRINITY_DN2326_c0_g1_i5:202-1068  -            289 2959at3041           -            583   4.2e-42  140.6   0.1   3   3   9.2e-28   1.2e-26   89.5   0.0   322   453   138   275   134   285 0.86 -
TRINITY_DN36349_c0_g1_i1:211-966  -            252 2959at3041           -            583   4.8e-38  127.2   9.5   1   2   5.5e-24   7.4e-23   77.1   2.1   309   427     1   127     1   128 0.89 -
TRINITY_DN36349_c0_g1_i1:211-966  -            252 2959at3041           -            583   4.8e-38  127.2   9.5   2   2   2.3e-19   3.1e-18   61.8   0.9   267   419    81   252    78   252 0.82 -
TRINITY_DN13421_c0_g1_i1:145-945  -            267 2959at3041           -            583   5.2e-37  123.8   9.9   1   4   9.2e-14   1.2e-12   43.3   1.8   351   459     2   110     1   119 0.96 -
TRINITY_DN13421_c0_g1_i1:145-945  -            267 2959at3041           -            583   5.2e-37  123.8   9.9   2   4   9.7e-12   1.3e-10   36.6   0.0   304   361   118   178   112   187 0.87 -
TRINITY_DN13421_c0_g1_i1:145-945  -            267 2959at3041           -            583   5.2e-37  123.8   9.9   3   4     4e-07   5.4e-06   21.4   0.1    63    91   188   216   179   217 0.89 -
TRINITY_DN13421_c0_g1_i1:145-945  -            267 2959at3041           -            583   5.2e-37  123.8   9.9   4   4     5e-09   6.7e-08   27.7   0.0    48    90   215   257   212   264 0.67 -
TRINITY_DN26869_c0_g1_i1:206-1015 -            270 2959at3041           -            583   1.3e-36  122.5  12.0   1   2   1.4e-20   1.9e-19   65.8   1.5   325   438     3   120     1   120 0.90 -
TRINITY_DN26869_c0_g1_i1:206-1015 -            270 2959at3041           -            583   1.3e-36  122.5  12.0   2   2   1.4e-21   1.9e-20   69.1   3.3   269   429    67   236    61   270 0.80 -
TRINITY_DN376_c0_g1_i1:178-1017   -            280 2959at3041           -            583   1.6e-36  122.2   1.4   1   3   2.3e-08   3.1e-07   25.5   0.0   383   459     4    81     2    84 0.91 -
TRINITY_DN376_c0_g1_i1:178-1017   -            280 2959at3041           -            583   1.6e-36  122.2   1.4   2   3   1.2e-18   1.6e-17   59.5   0.1   284   380    66   168    55   189 0.59 -
TRINITY_DN376_c0_g1_i1:178-1017   -            280 2959at3041           -            583   1.6e-36  122.2   1.4   3   3   4.3e-15   5.8e-14   47.7   0.1   304   377   202   280   192   280 0.89 -
TRINITY_DN376_c0_g1_i5:127-954    -            276 2959at3041           -            583   5.4e-36  120.4   1.5   1   3   7.1e-08   9.5e-07   23.9   0.0   386   459     3    77     1    79 0.88 -
TRINITY_DN376_c0_g1_i5:127-954    -            276 2959at3041           -            583   5.4e-36  120.4   1.5   2   3     1e-18   1.4e-17   59.7   0.1   284   380    62   164    50   182 0.60 -
TRINITY_DN376_c0_g1_i5:127-954    -            276 2959at3041           -            583   5.4e-36  120.4   1.5   3   3   4.2e-15   5.6e-14   47.7   0.1   304   377   198   276   188   276 0.89 -
TRINITY_DN27270_c0_g1_i1:199-603  -            135 2959at3041           -            583   1.6e-34  115.6   2.8   1   1   1.3e-35   1.8e-34  115.4   2.8   308   438     1   135     1   135 0.95 -
TRINITY_DN2268_c0_g1_i3:199-876   -            226 2959at3041           -            583   6.8e-34  113.5   5.0   1   2   9.4e-28   1.3e-26   89.5   5.0   273   427     5   170     2   173 0.87 -
TRINITY_DN2268_c0_g1_i3:199-876   -            226 2959at3041           -            583   6.8e-34  113.5   5.0   2   2   2.1e-07   2.8e-06   22.3   0.0   349   383   176   211   171   226 0.71 -
TRINITY_DN28514_c0_g1_i1:20-517   -            166 2959at3041           -            583   1.4e-33  112.5   0.1   1   2     3e-15     4e-14   48.2   0.0   327   398     2    78     1    78 0.88 -
TRINITY_DN28514_c0_g1_i1:20-517   -            166 2959at3041           -            583   1.4e-33  112.5   0.1   2   2   1.7e-21   2.3e-20   68.8   0.1   305   402    65   166    61   166 0.89 -
TRINITY_DN376_c0_g1_i2:221-916    -            232 2959at3041           -            583   2.3e-33  111.7   0.6   1   2   2.3e-19     3e-18   61.8   0.0   274   380     5   120     2   141 0.62 -
TRINITY_DN376_c0_g1_i2:221-916    -            232 2959at3041           -            583   2.3e-33  111.7   0.6   2   2   3.1e-15   4.1e-14   48.2   0.2   304   377   154   232   145   232 0.89 -
TRINITY_DN3955_c1_g1_i2:0-386     -            129 2959at3041           -            583   2.6e-33  111.6   6.4   1   1   1.5e-33     2e-32  108.6   6.4   286   402     4   127     2   129 0.52 -
TRINITY_DN17476_c0_g1_i1:123-665  -            181 2959at3041           -            583   1.6e-31  105.6   2.9   1   1   2.7e-32   3.6e-31  104.5   2.9   289   458     2   181     1   181 0.89 -
TRINITY_DN44313_c0_g1_i2:0-458    -            153 2959at3041           -            583   1.1e-30  103.0   8.0   1   1   6.6e-31   8.8e-30   99.9   8.0   315   455     1   153     1   153 0.90 -
TRINITY_DN834_c0_g1_i3:1172-1906  -            245 2959at3041           -            583   8.4e-28   93.4   3.0   1   2     2e-15   2.7e-14   48.8   0.1   337   424    28   117     1   125 0.82 -
TRINITY_DN834_c0_g1_i3:1172-1906  -            245 2959at3041           -            583   8.4e-28   93.4   3.0   2   2     4e-14   5.3e-13   44.5   0.8   315   418   131   241   126   245 0.82 -
TRINITY_DN13130_c0_g1_i1:192-845  -            218 2959at3041           -            583   3.5e-27   91.3   0.1   1   2   3.3e-21   4.4e-20   67.9   0.1   344   430    55   144    49   148 0.92 -
TRINITY_DN13130_c0_g1_i1:192-845  -            218 2959at3041           -            583   3.5e-27   91.3   0.1   2   2   3.4e-07   4.6e-06   21.6   0.0   284   417   161   217   145   218 0.52 -
TRINITY_DN21836_c0_g1_i1:191-1201 -            337 2959at3041           -            583   4.3e-26   87.7   4.7   1   3      0.58       7.7    1.1   0.0    57    87    24    53    15    62 0.81 -
TRINITY_DN21836_c0_g1_i1:191-1201 -            337 2959at3041           -            583   4.3e-26   87.7   4.7   2   3   2.8e-08   3.8e-07   25.2   0.9   395   458    75   151    64   152 0.68 -
TRINITY_DN21836_c0_g1_i1:191-1201 -            337 2959at3041           -            583   4.3e-26   87.7   4.7   3   3   1.7e-20   2.2e-19   65.6   0.3   282   379   135   238   115   241 0.81 -
TRINITY_DN19852_c0_g1_i1:5-346    -            114 2959at3041           -            583   1.2e-25   86.3   4.1   1   1     1e-26   1.3e-25   86.1   4.1   309   418     1   114     1   114 0.93 -
TRINITY_DN28514_c0_g1_i2:20-424   -            135 2959at3041           -            583   2.3e-25   85.4   0.0   1   1   1.9e-26   2.5e-25   85.2   0.0   285   402    11   135     1   135 0.72 -
TRINITY_DN44313_c0_g1_i1:80-409   -            110 2959at3041           -            583   6.6e-25   83.8   2.1   1   1   5.5e-26   7.3e-25   83.7   2.1   344   439     9   105     3   110 0.90 -
TRINITY_DN8899_c0_g1_i1:227-730   -            168 2959at3041           -            583   1.8e-24   82.4   4.0   1   2   7.3e-12   9.8e-11   37.0   0.0   356   433     2    88     1    89 0.86 -
TRINITY_DN8899_c0_g1_i1:227-730   -            168 2959at3041           -            583   1.8e-24   82.4   4.0   2   2   5.6e-15   7.5e-14   47.3   2.5   346   428    85   168    84   168 0.94 -
TRINITY_DN3028_c0_g1_i2:51-305    -             85 2959at3041           -            583   3.8e-24   81.3   0.5   1   1   3.1e-25   4.2e-24   81.2   0.5   345   428     1    85     1    85 0.96 -
TRINITY_DN11793_c0_g1_i1:4-756    -            251 2959at3041           -            583   6.4e-24   80.6  16.2   1   2   1.2e-16   1.6e-15   52.8   1.9   347   459     2   118     1   122 0.91 -
TRINITY_DN11793_c0_g1_i1:4-756    -            251 2959at3041           -            583   6.4e-24   80.6  16.2   2   2     7e-13   9.4e-12   40.4   6.7   308   463    88   250    87   251 0.87 -
TRINITY_DN31293_c0_g1_i1:211-864  -            218 2959at3041           -            583   9.6e-24   80.0   3.4   1   2   5.1e-15   6.8e-14   47.5   0.6   345   468     2   125     1   133 0.82 -
TRINITY_DN31293_c0_g1_i1:211-864  -            218 2959at3041           -            583   9.6e-24   80.0   3.4   2   2   9.6e-11   1.3e-09   33.4   0.2   295   377   137   218   124   218 0.83 -
TRINITY_DN23159_c0_g1_i1:68-916   -            283 2959at3041           -            583   2.6e-23   78.5   7.9   1   2   1.1e-11   1.5e-10   36.5   4.9   285   385     7   118     3   124 0.83 -
TRINITY_DN23159_c0_g1_i1:68-916   -            283 2959at3041           -            583   2.6e-23   78.5   7.9   2   2   5.5e-17   7.3e-16   54.0   1.7   265   458    72   278    70   282 0.83 -
TRINITY_DN1635_c0_g1_i2:4-351     -            116 2959at3041           -            583   1.9e-22   75.7   0.3   1   2   2.7e-17   3.6e-16   55.0   0.1   347   431     1    86     1    87 0.91 -
TRINITY_DN1635_c0_g1_i2:4-351     -            116 2959at3041           -            583   1.9e-22   75.7   0.3   2   2   1.2e-07   1.6e-06   23.1   0.0    45    79    82   116    78   116 0.79 -
TRINITY_DN39418_c0_g1_i1:1-309    -            103 2959at3041           -            583   5.1e-22   74.3   0.5   1   2   1.9e-07   2.6e-06   22.4   0.1    49    88     1    40     1    41 0.73 -
TRINITY_DN39418_c0_g1_i1:1-309    -            103 2959at3041           -            583   5.1e-22   74.3   0.5   2   2   1.1e-16   1.5e-15   52.9   0.0   344   406    39   102    37   103 0.94 -
TRINITY_DN26071_c0_g1_i2:56-838   -            261 2959at3041           -            583   1.6e-21   72.6  12.4   1   1   2.3e-22   3.1e-21   71.7  12.4   219   418     1   224     1   243 0.80 -
TRINITY_DN21742_c0_g1_i2:304-1479 -            392 2959at3041           -            583   1.8e-21   72.5   3.4   1   3    0.0017     0.023    9.4   0.0   343   381   154   193   150   199 0.87 -
TRINITY_DN21742_c0_g1_i2:304-1479 -            392 2959at3041           -            583   1.8e-21   72.5   3.4   2   3   4.9e-19   6.6e-18   60.7   1.8   250   379   176   331   174   333 0.78 -
TRINITY_DN21742_c0_g1_i2:304-1479 -            392 2959at3041           -            583   1.8e-21   72.5   3.4   3   3    0.0059     0.079    7.6   0.0   346   379   354   388   346   391 0.69 -
TRINITY_DN3955_c1_g3_i1:1-273     -             91 2959at3041           -            583   2.1e-21   72.3   1.4   1   1   1.7e-22   2.3e-21   72.1   1.4   325   409     1    89     1    91 0.63 -
TRINITY_DN27330_c0_g1_i1:14-391   -            126 2959at3041           -            583   4.1e-21   71.3   8.1   1   1   1.1e-21   1.4e-20   69.5   8.1   316   435     3   126     1   126 0.91 -
TRINITY_DN3955_c1_g2_i2:0-239     -             80 2959at3041           -            583   1.4e-20   69.5   2.0   1   1   1.9e-21   2.5e-20   68.7   2.0   355   431     1    78     1    80 0.67 -
TRINITY_DN8642_c0_g2_i1:1-330     -            110 2959at3041           -            583   2.1e-20   68.9   5.1   1   1   2.5e-21   3.3e-20   68.3   5.1   326   433     2   110     1   110 0.80 -
TRINITY_DN10356_c0_g1_i2:441-1313 -            291 2959at3041           -            583   1.1e-19   66.6   3.2   1   3   1.9e-11   2.5e-10   35.7   0.0   286   340     3    60     1    68 0.64 -
TRINITY_DN10356_c0_g1_i2:441-1313 -            291 2959at3041           -            583   1.1e-19   66.6   3.2   2   3    0.0028     0.037    8.7   0.1   108   166   102   165    91   208 0.55 -
TRINITY_DN10356_c0_g1_i2:441-1313 -            291 2959at3041           -            583   1.1e-19   66.6   3.2   3   3   2.7e-07   3.6e-06   21.9   0.2    43   116   201   281   176   286 0.70 -
TRINITY_DN376_c0_g1_i4:17-520     -            168 2959at3041           -            583   2.2e-19   65.6   0.8   1   1   1.7e-20   2.2e-19   65.6   0.8   316   455    22   167     2   168 0.84 -
TRINITY_DN38638_c0_g1_i1:27-377   -            117 2959at3041           -            583   5.4e-19   64.3   3.7   1   1   6.4e-19   8.6e-18   60.3   3.7   305   451     7   116     2   117 0.47 -
TRINITY_DN8681_c0_g1_i2:3-1049    -            349 2959at3041           -            583   1.1e-18   63.2   0.5   1   2   1.1e-06   1.4e-05   20.0   0.1   290   384    11   120     3   127 0.72 -
TRINITY_DN8681_c0_g1_i2:3-1049    -            349 2959at3041           -            583   1.1e-18   63.2   0.5   2   2     5e-13   6.6e-12   40.9   0.1   268   416   189   346   181   349 0.76 -
TRINITY_DN5460_c0_g1_i1:15-335    -            107 2959at3041           -            583   1.6e-18   62.8   0.9   1   1   1.4e-19   1.9e-18   62.5   0.9   316   418     1   106     1   107 0.91 -
TRINITY_DN16365_c0_g1_i1:85-642   -            186 2959at3041           -            583   1.7e-18   62.7   2.2   1   2     0.079       1.1    3.9   0.0   142   191     1    48     1    52 0.66 -
TRINITY_DN16365_c0_g1_i1:85-642   -            186 2959at3041           -            583   1.7e-18   62.7   2.2   2   2   2.8e-18   3.7e-17   58.2   0.9   304   418    67   185    55   186 0.90 -
TRINITY_DN21838_c0_g1_i1:69-566   -            166 2959at3041           -            583   2.1e-18   62.4   0.1   1   1   3.8e-18     5e-17   57.8   0.1   314   456     5   165     4   166 0.85 -
TRINITY_DN10356_c0_g1_i1:444-1172 -            243 2959at3041           -            583   2.7e-18   62.0   1.0   1   2   4.2e-12   5.6e-11   37.8   0.1   283   340    13    73     2    80 0.61 -
TRINITY_DN10356_c0_g1_i1:444-1172 -            243 2959at3041           -            583   2.7e-18   62.0   1.0   2   2   1.4e-07   1.8e-06   22.9   0.1    37   116   148   234   115   239 0.70 -
TRINITY_DN40593_c0_g1_i1:85-447   -            121 2959at3041           -            583   9.8e-18   60.1   1.3   1   1     9e-19   1.2e-17   59.9   1.3   346   458     2   121     1   121 0.88 -
TRINITY_DN7875_c0_g1_i2:174-917   -            248 2959at3041           -            583   1.2e-17   59.9   1.9   1   2   1.2e-11   1.5e-10   36.4   0.5    48   192     1   159     1   162 0.78 -
TRINITY_DN7875_c0_g1_i2:174-917   -            248 2959at3041           -            583   1.2e-17   59.9   1.9   2   2   1.4e-09   1.9e-08   29.5   0.1    63   195   102   245    84   248 0.47 -
TRINITY_DN19503_c0_g1_i1:107-331  -             75 2959at3041           -            583   1.4e-17   59.6   0.7   1   1   1.2e-18   1.6e-17   59.5   0.7   345   418     1    75     1    75 0.96 -
TRINITY_DN3955_c1_g3_i2:1-243     -             81 2959at3041           -            583   1.6e-17   59.4   0.7   1   1   1.4e-18   1.8e-17   59.2   0.7   375   452     2    81     1    81 0.49 -
TRINITY_DN2586_c0_g1_i2:2-610     -            203 2959at3041           -            583   4.6e-16   54.6   0.2   1   1   4.3e-17   5.8e-16   54.3   0.2   362   470    74   191    69   203 0.83 -
TRINITY_DN3744_c0_g1_i1:25-225    -             67 2959at3041           -            583   7.1e-16   54.0   1.2   1   1   5.9e-17   7.8e-16   53.9   1.2   314   376     2    67     1    67 0.73 -
TRINITY_DN2586_c0_g1_i3:2-748     -            249 2959at3041           -            583   7.9e-16   53.8   0.2   1   1   7.5e-17     1e-15   53.5   0.2   362   470   120   237   115   249 0.83 -
TRINITY_DN29754_c0_g1_i1:152-469  -            106 2959at3041           -            583   2.3e-15   52.3   0.0   1   1   1.9e-16   2.5e-15   52.2   0.0   354   453     2   104     1   106 0.91 -
TRINITY_DN21742_c0_g1_i1:304-1347 -            348 2959at3041           -            583   5.3e-15   51.1   3.1   1   2    0.0014     0.018    9.7   0.0   343   381   154   193   150   204 0.87 -
TRINITY_DN21742_c0_g1_i1:304-1347 -            348 2959at3041           -            583   5.3e-15   51.1   3.1   2   2   6.6e-14   8.8e-13   43.8   4.1   250   379   176   344   175   347 0.74 -
TRINITY_DN21374_c0_g1_i1:116-448  -            111 2959at3041           -            583     1e-14   50.1   0.1   1   1   6.2e-15   8.3e-14   47.2   0.1   325   428     2   110     1   111 0.82 -
TRINITY_DN2586_c0_g1_i4:2-760     -            253 2959at3041           -            583   1.4e-14   49.7   0.2   1   1   3.3e-15   4.4e-14   48.1   0.2   362   470   120   241   116   253 0.79 -
TRINITY_DN376_c0_g1_i1:820-1611   -            264 2959at3041           -            583   4.1e-14   48.2   0.0   1   1   3.8e-15   5.1e-14   47.9   0.0   356   459     1   107     1   136 0.91 -
TRINITY_DN376_c0_g1_i5:757-1548   -            264 2959at3041           -            583   4.1e-14   48.2   0.0   1   1   3.8e-15   5.1e-14   47.9   0.0   356   459     1   107     1   136 0.91 -
TRINITY_DN5085_c0_g1_i1:30-530    -            167 2959at3041           -            583   6.4e-14   47.6   0.4   1   1   5.1e-15   6.8e-14   47.5   0.4   309   462     1   157     1   167 0.84 -
TRINITY_DN3581_c0_g1_i1:134-721   -            196 2959at3041           -            583     1e-13   46.9   0.1   1   1   1.2e-14   1.6e-13   46.3   0.1   283   380    72   180    55   195 0.74 -
TRINITY_DN18405_c0_g1_i1:3-269    -             89 2959at3041           -            583   1.2e-13   46.7   4.4   1   1   1.9e-14   2.6e-13   45.5   4.4   375   459     1    89     1    89 0.87 -
TRINITY_DN30875_c0_g1_i1:30-800   -            257 2959at3041           -            583   3.9e-13   45.0   0.9   1   3      0.26       3.4    2.2   0.0   348   392     4    48     1    53 0.77 -
TRINITY_DN30875_c0_g1_i1:30-800   -            257 2959at3041           -            583   3.9e-13   45.0   0.9   2   3   1.8e-09   2.4e-08   29.1   0.0    47   190    54   125    47   132 0.55 -
TRINITY_DN30875_c0_g1_i1:30-800   -            257 2959at3041           -            583   3.9e-13   45.0   0.9   3   3   0.00043    0.0058   11.4   0.0   133   170   199   236   152   257 0.60 -
TRINITY_DN8681_c0_g1_i1:6-536     -            177 2959at3041           -            583   4.6e-13   44.7   0.1   1   1     1e-13   1.4e-12   43.1   0.1   269   413    19   172    13   177 0.75 -
TRINITY_DN833_c0_g1_i2:193-888    -            232 2959at3041           -            583   5.1e-13   44.6   0.9   1   2   0.00053    0.0071   11.1   0.0   126   154     4    32     1    67 0.60 -
TRINITY_DN833_c0_g1_i2:193-888    -            232 2959at3041           -            583   5.1e-13   44.6   0.9   2   2   6.3e-10   8.4e-09   30.7   0.2   315   379   155   230   100   232 0.76 -
TRINITY_DN833_c0_g1_i3:193-888    -            232 2959at3041           -            583   5.1e-13   44.6   0.9   1   2   0.00053    0.0071   11.1   0.0   126   154     4    32     1    67 0.60 -
TRINITY_DN833_c0_g1_i3:193-888    -            232 2959at3041           -            583   5.1e-13   44.6   0.9   2   2   6.3e-10   8.4e-09   30.7   0.2   315   379   155   230   100   232 0.76 -
TRINITY_DN1103_c0_g1_i1:95-328    -             78 2959at3041           -            583   5.9e-13   44.4   0.8   1   1   6.8e-14   9.2e-13   43.7   0.8   325   394     1    78     1    78 0.80 -
TRINITY_DN3551_c0_g1_i1:87-425    -            113 2959at3041           -            583   6.1e-13   44.3   0.4   1   1   9.9e-14   1.3e-12   43.2   0.4   310   417     2   113     1   113 0.48 -
TRINITY_DN9768_c0_g1_i1:314-658   -            115 2959at3041           -            583   8.9e-13   43.8   1.0   1   1   1.7e-13   2.3e-12   42.4   1.0   273   377     2   114     1   115 0.59 -
TRINITY_DN12332_c0_g1_i1:20-391   -            124 2959at3041           -            583   1.4e-12   43.2   0.1   1   1   1.3e-13   1.8e-12   42.8   0.1   345   418    44   118    33   123 0.54 -
TRINITY_DN933_c0_g1_i4:250-852    -            201 2959at3041           -            583   1.4e-12   43.2   0.0   1   2      0.86        12    0.5   0.0   368   424     3    58     1    75 0.75 -
TRINITY_DN933_c0_g1_i4:250-852    -            201 2959at3041           -            583   1.4e-12   43.2   0.0   2   2   4.3e-13   5.7e-12   41.1   0.1    38   116    79   160    53   181 0.76 -
TRINITY_DN46749_c0_g1_i1:71-328   -             86 2959at3041           -            583   1.7e-12   42.8   0.8   1   1   1.7e-13   2.2e-12   42.5   0.8   346   419     2    85     1    86 0.83 -
TRINITY_DN933_c0_g1_i3:70-792     -            241 2959at3041           -            583   2.9e-12   42.1   0.1   1   2         1        14    0.2   0.0   286   337     2    56     1    64 0.71 -
TRINITY_DN933_c0_g1_i3:70-792     -            241 2959at3041           -            583   2.9e-12   42.1   0.1   2   2   6.6e-13   8.8e-12   40.5   0.1    38   116    59   140    33   162 0.76 -
TRINITY_DN4293_c0_g2_i1:208-780   -            191 2959at3041           -            583   9.9e-12   40.3   5.6   1   2   1.4e-09   1.9e-08   29.5   1.6   327   435     6   124     2   141 0.69 -
TRINITY_DN4293_c0_g2_i1:208-780   -            191 2959at3041           -            583   9.9e-12   40.3   5.6   2   2   0.00015     0.002   12.9   0.2    29    78   141   190   114   191 0.76 -
TRINITY_DN24753_c0_g1_i1:12-263   -             84 2959at3041           -            583   1.5e-11   39.7   3.8   1   2   8.7e-09   1.2e-07   26.9   0.2    46    90     3    47     1    55 0.59 -
TRINITY_DN24753_c0_g1_i1:12-263   -             84 2959at3041           -            583   1.5e-11   39.7   3.8   2   2   4.4e-05   0.00058   14.7   0.4    51    79    56    84    50    84 0.91 -
TRINITY_DN39348_c0_g1_i1:55-396   -            114 2959at3041           -            583   1.9e-11   39.4   0.3   1   1   3.1e-12   4.1e-11   38.3   0.3   304   377    39   114    33   114 0.78 -
TRINITY_DN37426_c0_g1_i1:296-970  -            225 2959at3041           -            583     4e-11   38.3   7.0   1   2     1e-08   1.4e-07   26.7   1.6   325   421     1   113     1   121 0.78 -
TRINITY_DN37426_c0_g1_i1:296-970  -            225 2959at3041           -            583     4e-11   38.3   7.0   2   2     5e-06   6.6e-05   17.8   1.4   304   421    74   222    66   225 0.68 -
TRINITY_DN2028_c0_g1_i1:33-635    -            201 2959at3041           -            583   5.9e-11   37.8   1.6   1   2     5e-08   6.7e-07   24.4   0.3   344   419    46   128    40   145 0.79 -
TRINITY_DN2028_c0_g1_i1:33-635    -            201 2959at3041           -            583   5.9e-11   37.8   1.6   2   2   0.00021    0.0029   12.4   0.1   352   378   174   200   149   201 0.63 -
TRINITY_DN33735_c0_g1_i1:114-446  -            111 2959at3041           -            583     6e-11   37.7   1.2   1   2   0.00049    0.0066   11.2   0.1   401   433     5    37     1    43 0.85 -
TRINITY_DN33735_c0_g1_i1:114-446  -            111 2959at3041           -            583     6e-11   37.7   1.2   2   2   2.1e-08   2.8e-07   25.6   0.1   354   420    42   109    39   111 0.76 -
TRINITY_DN6926_c0_g1_i1:235-738   -            168 2959at3041           -            583     8e-11   37.3   0.2   1   3   2.3e-08   3.1e-07   25.5   0.0   394   462     2    71     1    74 0.86 -
TRINITY_DN6926_c0_g1_i1:235-738   -            168 2959at3041           -            583     8e-11   37.3   0.2   2   3   1.2e-05   0.00016   16.5   0.0   322   368    52   100    45   106 0.75 -
TRINITY_DN6926_c0_g1_i1:235-738   -            168 2959at3041           -            583     8e-11   37.3   0.2   3   3      0.27       3.6    2.1   0.1   281   302   144   165   117   168 0.46 -
TRINITY_DN32032_c0_g1_i1:10-492   -            161 2959at3041           -            583   1.2e-10   36.7   0.1   1   2   1.5e-08     2e-07   26.1   0.0   350   420     4    82     1   111 0.81 -
TRINITY_DN32032_c0_g1_i1:10-492   -            161 2959at3041           -            583   1.2e-10   36.7   0.1   2   2    0.0024     0.032    8.9   0.1    44    80   123   159   118   161 0.86 -
TRINITY_DN1841_c0_g1_i1:128-745   -            206 2959at3041           -            583   2.5e-10   35.7   0.2   1   2      0.13       1.7    3.2   0.0   359   380     2    23     1    48 0.90 -
TRINITY_DN1841_c0_g1_i1:128-745   -            206 2959at3041           -            583   2.5e-10   35.7   0.2   2   2   6.7e-10     9e-09   30.6   0.3   391   457   136   205   133   206 0.85 -
TRINITY_DN38679_c0_g1_i1:319-597  -             93 2959at3041           -            583   3.9e-10   35.0   0.3   1   1   3.1e-11   4.2e-10   35.0   0.3   356   427     2    79     1    91 0.79 -
TRINITY_DN6009_c3_g1_i1:417-1004  -            196 2959at3041           -            583   5.7e-10   34.5   1.1   1   1     7e-10   9.4e-09   30.5   1.1   267   419    13   196     9   196 0.69 -
TRINITY_DN6009_c3_g1_i2:417-1004  -            196 2959at3041           -            583   5.7e-10   34.5   1.1   1   1     7e-10   9.4e-09   30.5   1.1   267   419    13   196     9   196 0.69 -
TRINITY_DN6009_c3_g1_i3:417-1004  -            196 2959at3041           -            583   5.7e-10   34.5   1.1   1   1     7e-10   9.4e-09   30.5   1.1   267   419    13   196     9   196 0.69 -
TRINITY_DN43641_c0_g1_i1:316-1041 -            242 2959at3041           -            583   7.8e-10   34.1   4.8   1   1   5.2e-09     7e-08   27.6   4.8   250   418    51   237     4   242 0.50 -
TRINITY_DN43746_c0_g1_i1:1-276    -             92 2959at3041           -            583   1.3e-09   33.4   3.4   1   1   1.2e-10   1.6e-09   33.0   3.4   325   402     3    90     1    92 0.52 -
TRINITY_DN2974_c0_g1_i1:352-891   -            180 2959at3041           -            583   2.4e-09   32.4   2.8   1   1   4.3e-10   5.8e-09   31.2   2.8   345   460    29   157    24   177 0.74 -
TRINITY_DN833_c0_g1_i1:202-480    -             93 2959at3041           -            583   2.5e-09   32.4   0.2   1   2     0.012      0.16    6.6   0.0    52    80    16    44     5    48 0.74 -
TRINITY_DN833_c0_g1_i1:202-480    -             93 2959at3041           -            583   2.5e-09   32.4   0.2   2   2   9.5e-10   1.3e-08   30.1   0.2   316   377    20    92    14    93 0.82 -
TRINITY_DN13052_c0_g1_i1:4-354    -            117 2959at3041           -            583   2.7e-09   32.3   1.3   1   1     4e-10   5.3e-09   31.3   1.3   359   458    13   117     1   117 0.78 -
TRINITY_DN22351_c0_g1_i1:4-219    -             72 2959at3041           -            583   2.8e-09   32.2   0.1   1   1   2.2e-10   2.9e-09   32.2   0.1   313   377     5    71     1    72 0.80 -
TRINITY_DN14413_c0_g1_i1:109-1029 -            307 2959at3041           -            583   3.9e-09   31.8   1.2   1   2   2.6e-07   3.5e-06   22.0   0.9    47   117   107   188    62   198 0.52 -
TRINITY_DN14413_c0_g1_i1:109-1029 -            307 2959at3041           -            583   3.9e-09   31.8   1.2   2   2     0.011      0.15    6.7   0.0    48    80   220   253   212   287 0.67 -
TRINITY_DN2268_c0_g1_i1:193-432   -             80 2959at3041           -            583   4.9e-08   28.1   0.1   1   1   3.8e-09   5.1e-08   28.1   0.1   307   377     5    79     1    80 0.77 -
TRINITY_DN10918_c1_g1_i1:124-942  -            273 2959at3041           -            583   6.7e-08   27.7   8.7   1   3     0.065      0.87    4.2   0.0   319   338    19    38     2    48 0.52 -
TRINITY_DN10918_c1_g1_i1:124-942  -            273 2959at3041           -            583   6.7e-08   27.7   8.7   2   3   2.2e-07     3e-06   22.2   2.8   339   469   109   240   107   257 0.76 -
TRINITY_DN10918_c1_g1_i1:124-942  -            273 2959at3041           -            583   6.7e-08   27.7   8.7   3   3      0.15       2.1    3.0   0.0   283   299   257   273   242   273 0.73 -
TRINITY_DN1981_c0_g1_i1:62-259    -             66 2959at3041           -            583   1.6e-06   23.1   0.4   1   1   1.3e-07   1.8e-06   23.0   0.4   355   419     1    65     1    66 0.68 -
TRINITY_DN41981_c0_g1_i1:372-875  -            168 2959at3041           -            583   2.1e-06   22.7   0.0   1   2   2.1e-06   2.9e-05   19.0   0.0   121   180    13    73     5   101 0.79 -
TRINITY_DN41981_c0_g1_i1:372-875  -            168 2959at3041           -            583   2.1e-06   22.7   0.0   2   2       0.4       5.3    1.6   0.1   307   328   141   162   108   166 0.75 -
TRINITY_DN9480_c0_g1_i1:18-401    -            128 2959at3041           -            583   3.6e-06   22.0   0.0   1   1   3.2e-07   4.3e-06   21.7   0.0   315   422     3   116     1   126 0.78 -
TRINITY_DN9480_c0_g1_i3:18-401    -            128 2959at3041           -            583   3.6e-06   22.0   0.0   1   1   3.2e-07   4.3e-06   21.7   0.0   315   422     3   116     1   126 0.78 -
TRINITY_DN11709_c0_g1_i1:3-428    -            142 2959at3041           -            583   4.5e-05   18.3   0.1   1   1   4.2e-06   5.6e-05   18.0   0.1   112   159    79   128    44   136 0.63 -
TRINITY_DN2133_c0_g1_i1:539-1003  -            155 2959at3041           -            583   6.1e-05   17.9   0.6   1   2     0.024      0.32    5.6   0.2   104   151     3    52     1    65 0.81 -
TRINITY_DN2133_c0_g1_i1:539-1003  -            155 2959at3041           -            583   6.1e-05   17.9   0.6   2   2   0.00046    0.0062   11.3   0.0   352   437    69   154    57   155 0.87 -
TRINITY_DN26044_c0_g1_i1:53-271   -             73 2959at3041           -            583   0.00014   16.7   0.1   1   1     6e-05    0.0008   14.2   0.1    42    76    38    72     1    73 0.81 -
TRINITY_DN28242_c0_g1_i1:13-210   -             66 2959at3041           -            583   0.00059   14.7   0.2   1   1   4.7e-05   0.00063   14.6   0.2   355   417     1    66     1    66 0.76 -
TRINITY_DN7572_c0_g1_i3:524-1027  -            168 2959at3041           -            583     0.001   13.9   0.0   1   1      0.26       3.5    2.2   0.0   127   157     1    31     1    44 0.81 -
TRINITY_DN3695_c0_g1_i2:5-304     -            100 2959at3041           -            583    0.0015   13.3   0.2   1   1   0.00012    0.0017   13.2   0.2   393   460    24    93     4    97 0.70 -
TRINITY_DN34147_c0_g1_i1:25-282   -             86 2959at3041           -            583    0.0017   13.1   0.0   1   1   0.00013    0.0018   13.1   0.0   352   423     3    78     1    85 0.56 -
TRINITY_DN709_c0_g2_i1:0-971      -            324 2959at3041           -            583    0.0027   12.5   0.1   1   2      0.12       1.6    3.3   0.0   381   418    26    63    19    69 0.89 -
TRINITY_DN709_c0_g2_i1:0-971      -            324 2959at3041           -            583    0.0027   12.5   0.1   2   2    0.0086      0.11    7.1   0.1    28    79    71   121    64   134 0.67 -
TRINITY_DN7572_c0_g1_i2:368-1000  -            211 2959at3041           -            583    0.0059   11.4   0.0   1   1    0.0017     0.023    9.4   0.0   351   455    40   154    34   210 0.59 -
TRINITY_DN5662_c0_g1_i2:42-278    -             79 2959at3041           -            583     0.011   10.4   0.1   1   1    0.0011     0.014   10.1   0.1   272   302     4    35     1    79 0.72 -
TRINITY_DN7572_c0_g1_i1:89-670    -            194 2959at3041           -            583     0.011   10.4   0.0   1   2      0.25       3.4    2.2   0.0   120   159    14    55     6    94 0.67 -
TRINITY_DN7572_c0_g1_i1:89-670    -            194 2959at3041           -            583     0.011   10.4   0.0   2   2     0.029      0.38    5.4   0.0    92   153   122   183   106   190 0.76 -
#
# Program:         hmmsearch
# Version:         3.2.1 (June 2018)
# Pipeline mode:   SEARCH
# Query file:      /sw/bioinfo/BUSCO/v5_lineage_sets/lineages/chlorophyta_odb10/hmms/2959at3041.hmm
# Target file:     /crex/proj/snic2022-23-81/expression_algae/code/busco/trinity_VA-3180-Osg11Sin/run_chlorophyta_odb10/metaeuk_output/rerun_results/trinity_VA-3180-Osg11Sin.Trinity.fasta.modified.fas
# Option settings: hmmsearch --domtblout /crex/proj/snic2022-23-81/expression_algae/code/busco/trinity_VA-3180-Osg11Sin/run_chlorophyta_odb10/hmmer_output/rerun_results/2959at3041.out --cpu 1 /sw/bioinfo/BUSCO/v5_lineage_sets/lineages/chlorophyta_odb10/hmms/2959at3041.hmm /crex/proj/snic2022-23-81/expression_algae/code/busco/trinity_VA-3180-Osg11Sin/run_chlorophyta_odb10/metaeuk_output/rerun_results/trinity_VA-3180-Osg11Sin.Trinity.fasta.modified.fas 
# Current dir:     /crex/proj/snic2022-23-81/expression_algae/code/busco
# Date:            Fri Sep 23 10:13:16 2022
# [ok]
