#                                                                                         --- full sequence --- -------------- this domain -------------   hmm coord   ali coord   env coord
# target name                     accession   tlen query name           accession   qlen   E-value  score  bias   #  of  c-Evalue  i-Evalue  score  bias  from    to  from    to  from    to  acc description of target
#             ------------------- ---------- ----- -------------------- ---------- ----- --------- ------ ----- --- --- --------- --------- ------ ----- ----- ----- ----- ----- ----- ----- ---- ---------------------
TRINITY_DN45344_c0_g1_i1:26-322   -             99 7128at3041           -            153   1.9e-31  105.3   0.1   1   1   6.5e-33     3e-31  104.7   0.1    74   153     1    98     1    98 0.89 -
TRINITY_DN285_c0_g1_i3:188-616    -            143 7128at3041           -            153   6.7e-31  103.6   0.0   1   1   1.7e-32   8.1e-31  103.3   0.0     6   128     3   133     1   140 0.92 -
TRINITY_DN285_c0_g1_i2:188-691    -            168 7128at3041           -            153   8.8e-31  103.2   0.0   1   1   2.3e-32   1.1e-30  102.9   0.0     6   128     3   133     1   152 0.91 -
TRINITY_DN15939_c0_g1_i1:60-491   -            144 7128at3041           -            153   4.3e-30  100.9   0.0   1   1   1.1e-31   5.2e-30  100.7   0.0    11   132     1   130     1   144 0.85 -
TRINITY_DN8717_c0_g1_i1:14-544    -            177 7128at3041           -            153     2e-29   98.8   0.0   1   1   5.6e-31   2.6e-29   98.4   0.0     8   132    13   150     6   158 0.89 -
TRINITY_DN11540_c0_g1_i2:35-472   -            146 7128at3041           -            153   1.3e-28   96.1   0.2   1   1   3.3e-30   1.6e-28   95.9   0.2     6   128     5   135     1   143 0.89 -
TRINITY_DN14922_c0_g1_i1:5-427    -            141 7128at3041           -            153   3.3e-25   85.1   0.0   1   1   9.4e-27   4.4e-25   84.7   0.0     8   126     9   135     3   139 0.92 -
TRINITY_DN2515_c0_g1_i1:118-438   -            107 7128at3041           -            153     6e-25   84.2   0.0   1   1   1.5e-26   6.9e-25   84.0   0.0    15   110     4   107     1   107 0.89 -
TRINITY_DN2515_c0_g1_i2:278-598   -            107 7128at3041           -            153   6.9e-25   84.0   0.0   1   1   1.7e-26   7.9e-25   83.9   0.0    15   110     4   107     1   107 0.89 -
TRINITY_DN26162_c0_g1_i1:171-731  -            187 7128at3041           -            153   3.6e-23   78.5   0.0   1   1   1.1e-24     5e-23   78.0   0.0     9   126    12   137     6   145 0.89 -
TRINITY_DN285_c0_g1_i1:188-502    -            105 7128at3041           -            153   3.9e-22   75.1   0.0   1   1     9e-24   4.3e-22   75.0   0.0     6    99     3   104     1   105 0.89 -
TRINITY_DN285_c0_g1_i4:188-562    -            103 7128at3041           -            153   7.9e-22   74.1   0.0   1   1   1.8e-23   8.6e-22   74.0   0.0     6    97     3   102     1   103 0.88 -
TRINITY_DN9264_c0_g1_i1:121-423   -            101 7128at3041           -            153   3.4e-17   59.1   0.0   1   1     1e-18   4.7e-17   58.6   0.0     5    90     3    97     1   101 0.85 -
TRINITY_DN29390_c0_g1_i1:1-246    -             82 7128at3041           -            153   1.2e-14   50.8   0.0   1   1   2.7e-16   1.3e-14   50.7   0.0    25    91     1    69     1    81 0.91 -
TRINITY_DN2163_c0_g1_i2:151-844   -            203 7128at3041           -            153   2.4e-12   43.3   0.0   1   1   7.2e-14   3.4e-12   42.8   0.0    14   121    10   129     5   148 0.76 -
TRINITY_DN2163_c0_g1_i3:151-759   -            203 7128at3041           -            153   2.4e-12   43.3   0.0   1   1   7.2e-14   3.4e-12   42.8   0.0    14   121    10   129     5   148 0.76 -
TRINITY_DN21726_c0_g1_i1:270-866  -            199 7128at3041           -            153   7.9e-11   38.4   0.0   1   1     4e-12   1.9e-10   37.2   0.0    16   120     5   125     2   136 0.69 -
TRINITY_DN41794_c0_g1_i1:632-1111 -            160 7128at3041           -            153   8.6e-11   38.3   0.0   1   1   2.3e-12   1.1e-10   37.9   0.0    15   145     2   142     1   148 0.77 -
TRINITY_DN41750_c0_g1_i1:200-556  -            119 7128at3041           -            153   1.3e-10   37.7   0.0   1   1   3.9e-12   1.8e-10   37.2   0.0    17   117     1   119     1   119 0.77 -
TRINITY_DN42804_c0_g1_i2:258-881  -            208 7128at3041           -            153     3e-10   36.5   0.0   1   1   9.3e-12   4.4e-10   36.0   0.0    14   135     7   140     3   152 0.75 -
TRINITY_DN14161_c0_g1_i3:370-840  -            157 7128at3041           -            153   5.4e-10   35.7   0.0   1   1   1.5e-11     7e-10   35.3   0.0    15   124     2   123     1   146 0.73 -
TRINITY_DN2163_c0_g1_i1:151-929   -            203 7128at3041           -            153   1.1e-09   34.7   0.0   1   1   3.3e-11   1.6e-09   34.2   0.0    14   121    10   129     5   148 0.73 -
TRINITY_DN31729_c0_g1_i1:2-445    -            148 7128at3041           -            153   3.5e-09   33.1   0.0   1   1   8.9e-11   4.2e-09   32.8   0.0    15   123     2   120     1   132 0.75 -
TRINITY_DN1605_c0_g1_i2:149-601   -            151 7128at3041           -            153   6.4e-08   29.0   0.0   1   1   1.6e-09   7.3e-08   28.8   0.0    42   122    38   122     1   141 0.79 -
TRINITY_DN2658_c0_g1_i2:167-643   -            159 7128at3041           -            153   7.9e-08   28.7   0.0   1   1   2.1e-09   9.8e-08   28.3   0.0    40   123    39   129     7   140 0.69 -
TRINITY_DN1568_c0_g1_i1:3-449     -            149 7128at3041           -            153   9.8e-08   28.3   0.0   1   1   2.9e-09   1.4e-07   27.9   0.0    58   124     2    73     1    83 0.82 -
TRINITY_DN2658_c0_g1_i1:173-805   -            211 7128at3041           -            153   1.7e-07   27.6   0.0   1   1   5.1e-09   2.4e-07   27.1   0.0    41   123    38   127     6   137 0.70 -
TRINITY_DN1605_c0_g1_i1:149-442   -             98 7128at3041           -            153   2.6e-06   23.7   0.0   1   1   6.3e-08   2.9e-06   23.5   0.0    58   122     1    69     1    88 0.81 -
TRINITY_DN33466_c0_g1_i1:19-342   -            108 7128at3041           -            153   0.00012   18.3   0.0   1   1   3.2e-06   0.00015   18.0   0.0    62   123     1    69     1    87 0.78 -
TRINITY_DN3922_c0_g1_i1:710-880   -             57 7128at3041           -            153    0.0021   14.3   0.0   1   1   4.6e-05    0.0022   14.2   0.0    15    43     1    29     1    44 0.79 -
TRINITY_DN4025_c0_g2_i1:282-1118  -            279 7128at3041           -            153     0.008   12.4   0.3   1   2    0.0007     0.033   10.4   0.1     9    36   132   159   124   189 0.75 -
TRINITY_DN4025_c0_g2_i1:282-1118  -            279 7128at3041           -            153     0.008   12.4   0.3   2   2       1.4        67   -0.3   0.0    80   108   189   216   175   239 0.79 -
#
# Program:         hmmsearch
# Version:         3.2.1 (June 2018)
# Pipeline mode:   SEARCH
# Query file:      /sw/bioinfo/BUSCO/v5_lineage_sets/lineages/chlorophyta_odb10/hmms/7128at3041.hmm
# Target file:     /crex/proj/snic2022-23-81/expression_algae/code/busco/trinity_VA-3180-Osg11Sin/run_chlorophyta_odb10/metaeuk_output/rerun_results/trinity_VA-3180-Osg11Sin.Trinity.fasta.modified.fas
# Option settings: hmmsearch --domtblout /crex/proj/snic2022-23-81/expression_algae/code/busco/trinity_VA-3180-Osg11Sin/run_chlorophyta_odb10/hmmer_output/rerun_results/7128at3041.out --cpu 1 /sw/bioinfo/BUSCO/v5_lineage_sets/lineages/chlorophyta_odb10/hmms/7128at3041.hmm /crex/proj/snic2022-23-81/expression_algae/code/busco/trinity_VA-3180-Osg11Sin/run_chlorophyta_odb10/metaeuk_output/rerun_results/trinity_VA-3180-Osg11Sin.Trinity.fasta.modified.fas 
# Current dir:     /crex/proj/snic2022-23-81/expression_algae/code/busco
# Date:            Fri Sep 23 10:13:15 2022
# [ok]
