#                                                                                        --- full sequence --- -------------- this domain -------------   hmm coord   ali coord   env coord
# target name                    accession   tlen query name           accession   qlen   E-value  score  bias   #  of  c-Evalue  i-Evalue  score  bias  from    to  from    to  from    to  acc description of target
#            ------------------- ---------- ----- -------------------- ---------- ----- --------- ------ ----- --- --- --------- --------- ------ ----- ----- ----- ----- ----- ----- ----- ---- ---------------------
TRINITY_DN6805_c0_g1_i2:207-635  -            143 926at3041            -            478   1.3e-53  178.7   1.2   1   2   2.7e-26     3e-24   81.9   0.1    68   138     6    75     2    82 0.87 -
TRINITY_DN6805_c0_g1_i2:207-635  -            143 926at3041            -            478   1.3e-53  178.7   1.2   2   2   6.7e-31   7.5e-29   97.1   0.1   117   178    82   143    62   143 0.88 -
TRINITY_DN4268_c0_g1_i2:0-357    -            117 926at3041            -            478   9.3e-11   37.4   2.0   1   2   1.7e-06   0.00019   16.6   0.1    86   128     1    41     1    47 0.92 -
TRINITY_DN4268_c0_g1_i2:0-357    -            117 926at3041            -            478   9.3e-11   37.4   2.0   2   2     8e-08   8.9e-06   21.0   0.3   122   162    56    96    41   113 0.55 -
TRINITY_DN4268_c0_g1_i1:0-357    -            117 926at3041            -            478   7.3e-10   34.5   1.9   1   2   1.2e-05    0.0013   13.8   0.1    86   128     1    41     1    48 0.91 -
TRINITY_DN4268_c0_g1_i1:0-357    -            117 926at3041            -            478   7.3e-10   34.5   1.9   2   2   9.5e-08   1.1e-05   20.7   0.3   123   162    57    96    41   112 0.56 -
TRINITY_DN480_c0_g1_i1:57-200    -             48 926at3041            -            478   9.2e-06   20.9   4.7   1   1   8.5e-08   9.5e-06   20.9   4.7   382   424     1    45     1    48 0.85 -
TRINITY_DN38660_c0_g1_i1:71-199  -             43 926at3041            -            478   2.9e-05   19.3   5.5   1   1   2.7e-07     3e-05   19.2   5.5   382   423     3    43     1    43 0.93 -
TRINITY_DN18480_c0_g1_i1:25-222  -             66 926at3041            -            478   6.2e-05   18.2   1.8   1   1   1.3e-06   0.00015   16.9   1.8   400   425    36    61     1    64 0.87 -
TRINITY_DN983_c0_g1_i1:2330-2413 -             28 926at3041            -            478   0.00011   17.4   0.3   1   1   9.7e-07   0.00011   17.4   0.3   401   427     1    27     1    28 0.96 -
TRINITY_DN983_c0_g1_i2:2101-2184 -             28 926at3041            -            478   0.00011   17.4   0.3   1   1   9.7e-07   0.00011   17.4   0.3   401   427     1    27     1    28 0.96 -
TRINITY_DN983_c0_g1_i3:1193-1276 -             28 926at3041            -            478   0.00011   17.4   0.3   1   1   9.7e-07   0.00011   17.4   0.3   401   427     1    27     1    28 0.96 -
TRINITY_DN983_c0_g1_i9:1524-1607 -             28 926at3041            -            478   0.00011   17.4   0.3   1   1   9.7e-07   0.00011   17.4   0.3   401   427     1    27     1    28 0.96 -
TRINITY_DN37023_c0_g1_i1:77-202  -             42 926at3041            -            478   0.00011   17.3   3.3   1   1   1.1e-06   0.00012   17.2   3.3   382   423     1    42     1    42 0.87 -
TRINITY_DN4132_c0_g1_i1:452-580  -             43 926at3041            -            478   0.00022   16.4   4.1   1   1   2.1e-06   0.00023   16.3   4.1   382   423     1    43     1    43 0.76 -
TRINITY_DN17779_c0_g1_i1:156-290 -             45 926at3041            -            478   0.00053   15.1  10.8   1   1   4.8e-06   0.00054   15.1  10.8   383   423     3    45     1    45 0.80 -
#
# Program:         hmmsearch
# Version:         3.2.1 (June 2018)
# Pipeline mode:   SEARCH
# Query file:      /sw/bioinfo/BUSCO/v5_lineage_sets/lineages/chlorophyta_odb10/hmms/926at3041.hmm
# Target file:     /crex/proj/snic2022-23-81/expression_algae/code/busco/trinity_VA-3180-Osg11Sin/run_chlorophyta_odb10/metaeuk_output/rerun_results/trinity_VA-3180-Osg11Sin.Trinity.fasta.modified.fas
# Option settings: hmmsearch --domtblout /crex/proj/snic2022-23-81/expression_algae/code/busco/trinity_VA-3180-Osg11Sin/run_chlorophyta_odb10/hmmer_output/rerun_results/926at3041.out --cpu 1 /sw/bioinfo/BUSCO/v5_lineage_sets/lineages/chlorophyta_odb10/hmms/926at3041.hmm /crex/proj/snic2022-23-81/expression_algae/code/busco/trinity_VA-3180-Osg11Sin/run_chlorophyta_odb10/metaeuk_output/rerun_results/trinity_VA-3180-Osg11Sin.Trinity.fasta.modified.fas 
# Current dir:     /crex/proj/snic2022-23-81/expression_algae/code/busco
# Date:            Fri Sep 23 10:13:16 2022
# [ok]
